./bin/meerkat -i 1 -c /home/syzretrospector/meerkat/wd-meerkat-1/meerkat.cfg -a 7ebfc85e2cd7b08f518b526173e9a33b56b3913b -F ff-test,poc-test,poc-all-pocs,ff-no-find-backup,stateful-corpus
Bisecting:          WARNING in ar5523_cmd/usb_submit_urb
Syzbot Link:        https://syzkaller.appspot.com/bug?extid=1bc2c2afd44f820a669f
Working Name:       bug0715

No aliases given.

Anchor Commit:      7ebfc85e2cd7b08f518b526173e9a33b56b3913b
Repository:         https://git.kernel.org/pub/scm/linux/kernel/git/torvalds/linux.git
Branch:             master
Arch:               amd64

Meerkat:            /home/syzretrospector/meerkat/
Version:            1.1.1
Kernel:             /home/syzretrospector/meerkat/wd-meerkat-1/kernel/
Syzkaller:          /home/syzretrospector/meerkat/syzkaller/
Compilers:          /home/syzretrospector/meerkat/compilers/
Compiler:           gcc (Ubuntu 11.4.0-1ubuntu1~22.04.2) 11.4.0
Linker:             GNU ld (GNU Binutils for Ubuntu) 2.38
Ccache:             ccache version 4.5.1
Image:              /home/syzretrospector/images/stretch/stretch.img
Image Key:          /home/syzretrospector/images/stretch/stretch.id_rsa

Workdir:            /home/syzretrospector/meerkat/wd-meerkat-1/
Kconfig:            /home/syzretrospector/meerkat/wd-meerkat-1/config-bug0715.txt
Reproducers: (6)    /home/syzretrospector/meerkat/wd-meerkat-1/reproducers/
Syzkaller Workdir:  /home/syzretrospector/meerkat/wd-meerkat-1/wd-kaller/
Log Directory:      /home/syzretrospector/meerkat/wd-meerkat-1/log/

Syscalls: (2)       ["syz_usb_connect", "syz_usb_control_io"]
VM Count:           8
CPU Count:          2
Procs:              16
Memory:             4096
Make Procs:         16
Max Time:           10
Max Attempts:       1

==== Anchor Commit ====

2025-10-04 12:06:18
Session:   1
Kernel:    2022-08-11 - 7ebfc85e2cd7b08f518b526173e9a33b56b3913b
Compiler:  ccache gcc
Attempt 1:
    Time  Bug Name
***    2  WARNING in ar5523_cmd/usb_submit_urb
***    2  WARNING in ar5523_cmd/usb_submit_urb
***    2  WARNING in ar5523_cmd/usb_submit_urb
***    2  WARNING in ar5523_cmd/usb_submit_urb
***    2  WARNING in ar5523_cmd/usb_submit_urb
***    2  WARNING in ar5523_cmd/usb_submit_urb
***    2  WARNING in ar5523_cmd/usb_submit_urb
Attempt 2: (RETRY)
    Time  Bug Name
***    1  WARNING in ar5523_cmd/usb_submit_urb
Attempt 3: (RETRY)
    Time  Bug Name
       2  INFO: rcu detected stall in corrupted
***    2  WARNING in ar5523_cmd/usb_submit_urb
***    2  WARNING in ar5523_cmd/usb_submit_urb
The bug was found.

New Max Time: 10

==== Major Release Search ====
12 Releases

2025-10-04 12:23:36
Session:   2
Kernel:    2022-07-31 - 3d7cb6b04c3f3115719235cc6866b10326de34cd (v5.19)
Compiler:  ccache gcc
Attempt 1:
    Time  Bug Name
***    2  WARNING in ar5523_cmd/usb_submit_urb
***    2  WARNING in ar5523_cmd/usb_submit_urb
***    2  WARNING in ar5523_cmd/usb_submit_urb
***    2  WARNING in ar5523_cmd/usb_submit_urb
***    2  WARNING in ar5523_cmd/usb_submit_urb
Running syz-repro.
New PoC saved at /home/syzretrospector/meerkat/wd-meerkat-1/reproducers/repro-bug0715-0.prog
Primary PoC:     /home/syzretrospector/meerkat/wd-meerkat-1/reproducers/repro-bug0715-0.prog
Run Time:        0h3m0s
The bug was found.
About 11 releases remaining

2025-10-04 12:39:53
Session:   3
Kernel:    2022-05-22 - 4b0986a3613c92f4ec1bdc7f60ec66fea135991f (v5.18)
Compiler:  ccache gcc
Attempt 1:
    Time  Bug Name
***    2  WARNING in ar5523_cmd/usb_submit_urb
***    2  WARNING in ar5523_cmd/usb_submit_urb
***    2  WARNING in ar5523_cmd/usb_submit_urb
***    2  WARNING in ar5523_cmd/usb_submit_urb
***    2  WARNING in ar5523_cmd/usb_submit_urb
***    2  WARNING in ar5523_cmd/usb_submit_urb
The bug was found.
About 10 releases remaining

2025-10-04 12:52:24
Session:   4
Kernel:    2022-03-20 - f443e374ae131c168a065ea1748feac6b2e76613 (v5.17)
Compiler:  ccache gcc
Attempt 1:
    Time  Bug Name
***    2  WARNING in ar5523_cmd/usb_submit_urb
***    2  WARNING in ar5523_cmd/usb_submit_urb
***    2  WARNING in ar5523_cmd/usb_submit_urb
***    2  WARNING in ar5523_cmd/usb_submit_urb
The bug was found.
About 9 releases remaining

2025-10-04 13:04:50
Session:   5
Kernel:    2021-10-31 - 8bb7eca972ad531c9b149c0a51ab43a417385813 (v5.15)
Compiler:  ccache /home/syzretrospector/meerkat/compilers/gcc-10.1.0/bin/gcc
Attempt 1:
    Time  Bug Name
***    2  WARNING in ar5523_cmd/usb_submit_urb
***    2  WARNING in ar5523_cmd/usb_submit_urb
***    2  WARNING in ar5523_cmd/usb_submit_urb
***    2  WARNING in ar5523_cmd/usb_submit_urb
Running syz-repro.
New PoC saved at /home/syzretrospector/meerkat/wd-meerkat-1/reproducers/repro-bug0715-4.prog
Primary PoC:     /home/syzretrospector/meerkat/wd-meerkat-1/reproducers/repro-bug0715-4.prog
Run Time:        0h4m0s
The bug was found.
About 8 releases remaining

2025-10-04 13:21:25
Session:   6
Kernel:    2021-06-27 - 62fb9874f5da54fdb243003b386128037319b219 (v5.13)
Compiler:  ccache /home/syzretrospector/meerkat/compilers/gcc-10.1.0/bin/gcc
Attempt 1:
    Time  Bug Name
***    2  WARNING in ar5523_cmd/usb_submit_urb
***    2  WARNING in ar5523_cmd/usb_submit_urb
The bug was found.
About 7 releases remaining

2025-10-04 13:33:35
Session:   7
Kernel:    2021-02-14 - f40ddce88593482919761f74910f42f4b84c004b (v5.11)
Compiler:  ccache /home/syzretrospector/meerkat/compilers/gcc-10.1.0/bin/gcc
Attempt 1:
    Time  Bug Name
***    2  WARNING in ar5523_cmd/usb_submit_urb
***    2  WARNING in ar5523_cmd/usb_submit_urb
The bug was found.
About 6 releases remaining

2025-10-04 13:45:21
Session:   8
Kernel:    2020-10-11 - bbf5c979011a099af5dc76498918ed7df445635b (v5.9)
Compiler:  ccache /home/syzretrospector/meerkat/compilers/gcc-10.1.0/bin/gcc
Attempt 1:
    Time  Bug Name
       2  UBSAN: shift-out-of-bounds in option_probe
       2  UBSAN: shift-out-of-bounds in option_probe
***    2  WARNING in ar5523_cmd/usb_submit_urb
***    2  WARNING in ar5523_cmd/usb_submit_urb
***    2  WARNING in ar5523_cmd/usb_submit_urb
***    2  WARNING in ar5523_cmd/usb_submit_urb
***    2  WARNING in ar5523_cmd/usb_submit_urb
       2  UBSAN: shift-out-of-bounds in parse_audio_format_i
Running syz-repro.
New PoC saved at /home/syzretrospector/meerkat/wd-meerkat-1/reproducers/repro-bug0715-5.prog
Primary PoC:     /home/syzretrospector/meerkat/wd-meerkat-1/reproducers/repro-bug0715-4.prog
Run Time:        0h4m0s
The bug was found.
About 5 releases remaining

2025-10-04 14:00:34
Session:   9
Kernel:    2020-05-31 - 3d77e6a8804abcc0504c904bd6e5cdf3a5cf8162 (v5.7)
Compiler:  ccache /home/syzretrospector/meerkat/compilers/gcc-8.1.0/bin/gcc
Attempt 1:
    Time  Bug Name
       2  UBSAN: shift-out-of-bounds in option_probe
       2  UBSAN: shift-out-of-bounds in option_probe
       2  UBSAN: shift-out-of-bounds in option_probe
***    2  WARNING in ar5523_cmd/usb_submit_urb
***    2  WARNING in ar5523_cmd/usb_submit_urb
***    2  WARNING in ar5523_cmd/usb_submit_urb
       2  WARNING in r871xu_dev_remove
       2  WARNING in r871xu_dev_remove
The bug was found.
About 4 releases remaining

2025-10-04 14:11:50
Session:   10
Kernel:    2020-01-26 - d5226fa6dbae0569ee43ecfc08bdcd6770fc4755 (v5.5)
Compiler:  ccache /home/syzretrospector/meerkat/compilers/gcc-8.1.0/bin/gcc
Error: Waitpid on pid 221255 failed.
Error: Syzkaller has experienced a crash.
Warning: Child process exited with error status 32765.
Attempt 1:
    No crashes found.
The bug was not found.
About 3 releases remaining

==== Kernel Bisection ====
28717 Linux commits

2025-10-04 14:22:40
Session:   11
Kernel:    2020-03-20 - 042539396ab95a06f8733501ea013fae0d8c726d
Compiler:  ccache /home/syzretrospector/meerkat/compilers/gcc-8.1.0/bin/gcc
Error: Waitpid on pid 373232 failed.
Error: Syzkaller has experienced a crash.
Warning: Child process exited with error status 32765.
Attempt 1:
    No crashes found.
The bug was not found.
About 14351 commits remaining

2025-10-04 14:33:21
Session:   12
Kernel:    2020-04-02 - 7be97138e7276c71cc9ad1752dcb502d28f4400d
Compiler:  ccache /home/syzretrospector/meerkat/compilers/gcc-8.1.0/bin/gcc
Warning: Child process make exited with error status 2.
Warning: make exited with error status 0x2
Error: The kernel failed to make.
Error: The kernel failed to make.
Attempting to recover.

2025-10-04 14:39:07
Session:   13
Kernel:    2020-03-03 - 29e59fd4fb488cdafde587c2dca6e8fc4123b6e8
Compiler:  ccache /home/syzretrospector/meerkat/compilers/gcc-8.1.0/bin/gcc
Error: Waitpid on pid 636798 failed.
Error: Syzkaller has experienced a crash.
Warning: Child process exited with error status 32765.
Attempt 1:
    No crashes found.
The bug was not found.
About 15558 commits remaining

2025-10-04 14:49:49
Session:   14
Kernel:    2020-04-02 - 8c1b724ddb218f221612d4c649bc9c7819d8d7a6
Compiler:  ccache /home/syzretrospector/meerkat/compilers/gcc-8.1.0/bin/gcc
Warning: Child process make exited with error status 2.
Warning: make exited with error status 0x2
Error: The kernel failed to make.
Error: The kernel failed to make.
Attempting to recover.

2025-10-04 14:55:44
Session:   15
Kernel:    2020-03-13 - f9bf8adb55cd5a357b247a16aafddf8c97b276e0
Compiler:  ccache /home/syzretrospector/meerkat/compilers/gcc-8.1.0/bin/gcc
Error: Waitpid on pid 903187 failed.
Error: Syzkaller has experienced a crash.
Warning: Child process exited with error status 32765.
Attempt 1:
    No crashes found.
The bug was not found.
About 15624 commits remaining

2025-10-04 15:06:29
Session:   16
Kernel:    2020-04-07 - dbef2808af6c594922fe32833b30f55f35e9da6d
Compiler:  ccache /home/syzretrospector/meerkat/compilers/gcc-8.1.0/bin/gcc
Warning: Child process make exited with error status 2.
Warning: make exited with error status 0x2
Error: The kernel failed to make.
Error: The kernel failed to make.
Attempting to recover.

2025-10-04 15:08:30
Session:   17
Kernel:    2020-03-27 - 2f227bb99934a4faa6dfe2cda2594bce8897a323
Compiler:  ccache /home/syzretrospector/meerkat/compilers/gcc-8.1.0/bin/gcc
Error: Waitpid on pid 1146081 failed.
Error: Syzkaller has experienced a crash.
Warning: Child process exited with error status 32765.
Attempt 1:
    No crashes found.
The bug was not found.
About 15765 commits remaining

2025-10-04 15:19:09
Session:   18
Kernel:    2020-04-02 - 11786191e2d946410cf5fde482b10cdd5356e76c
Compiler:  ccache /home/syzretrospector/meerkat/compilers/gcc-8.1.0/bin/gcc
Warning: Child process make exited with error status 2.
Warning: make exited with error status 0x2
Error: The kernel failed to make.
Error: The kernel failed to make.
Attempting to recover.

2025-10-04 15:22:33
Session:   19
Kernel:    2020-05-09 - d51cfc53ade3189455a1b88ec7a2ff0c24597cf8
Compiler:  ccache /home/syzretrospector/meerkat/compilers/gcc-8.1.0/bin/gcc
Warning: Child process make exited with error status 2.
Warning: make exited with error status 0x2
Error: The kernel failed to make.
Error: The kernel failed to make.
Attempting to recover.

2025-10-04 15:28:26
Session:   20
Kernel:    2020-03-06 - ba4f7bc1dee318a0fd9c0e3bd46227aca21ac2f2
Compiler:  ccache /home/syzretrospector/meerkat/compilers/gcc-8.1.0/bin/gcc
Error: Waitpid on pid 1467968 failed.
Error: Syzkaller has experienced a crash.
Warning: Child process exited with error status 32765.
Attempt 1:
    No crashes found.
The bug was not found.
About 16104 commits remaining

2025-10-04 15:39:09
Session:   21
Kernel:    2020-04-10 - cb8d9937e85559ea0ad1f4f83df8ad1288fed47d
Compiler:  ccache /home/syzretrospector/meerkat/compilers/gcc-8.1.0/bin/gcc
Warning: Child process make exited with error status 2.
Warning: make exited with error status 0x2
Error: The kernel failed to make.
Error: The kernel failed to make.
Attempting to recover.

2025-10-04 15:42:25
Session:   22
Kernel:    2020-02-27 - 7cbeb2e1bf0c0972d7ff09af1f37e77bfac680ce
Compiler:  ccache /home/syzretrospector/meerkat/compilers/gcc-8.1.0/bin/gcc
Error: Waitpid on pid 1670179 failed.
Error: Syzkaller has experienced a crash.
Warning: Child process exited with error status 32765.
Attempt 1:
    No crashes found.
The bug was not found.
About 17159 commits remaining

2025-10-04 15:53:10
Session:   23
Kernel:    2020-04-02 - bc3b3f4bfbded031a11c4284106adddbfacd05bb
Compiler:  ccache /home/syzretrospector/meerkat/compilers/gcc-8.1.0/bin/gcc
Warning: Child process make exited with error status 2.
Warning: make exited with error status 0x2
Error: The kernel failed to make.
Error: The kernel failed to make.
Attempting to recover.

2025-10-04 15:57:16
Session:   24
Kernel:    2020-03-14 - fc191af1bb0d069dc7e981076e8b80af21f1e61d
Compiler:  ccache /home/syzretrospector/meerkat/compilers/gcc-8.1.0/bin/gcc
Error: Waitpid on pid 1926452 failed.
Error: Syzkaller has experienced a crash.
Warning: Child process exited with error status 32765.
Attempt 1:
    No crashes found.
The bug was not found.
About 15596 commits remaining

2025-10-04 16:07:49
Session:   25
Kernel:    2020-02-25 - 632c99084052aef1c9dcfe43d2720306026d6d21
Compiler:  ccache /home/syzretrospector/meerkat/compilers/gcc-8.1.0/bin/gcc
Error: Waitpid on pid 2047940 failed.
Error: Syzkaller has experienced a crash.
Warning: Child process exited with error status 32765.
Attempt 1:
    No crashes found.
The bug was not found.
About 17247 commits remaining

2025-10-04 16:13:21
Session:   26
Kernel:    2020-03-11 - bef18d308a2215eff8c3411a23d7f34604ce56c3
Compiler:  ccache /home/syzretrospector/meerkat/compilers/gcc-8.1.0/bin/gcc
Error: Waitpid on pid 2168207 failed.
Error: Syzkaller has experienced a crash.
Warning: Child process exited with error status 32765.
Attempt 1:
    No crashes found.
The bug was not found.
About 17147 commits remaining

2025-10-04 16:18:39
Session:   27
Kernel:    2020-04-07 - 5c8beb474665220374abcafa79e40d78778606d1
Compiler:  ccache /home/syzretrospector/meerkat/compilers/gcc-8.1.0/bin/gcc
Warning: Child process make exited with error status 2.
Warning: make exited with error status 0x2
Error: The kernel failed to make.
Error: The kernel failed to make.
Attempting to recover.

2025-10-04 16:24:25
Session:   28
Kernel:    2020-03-23 - b6660e80f1c658fa6b886e213d72f18a9dd32ee0
Compiler:  ccache /home/syzretrospector/meerkat/compilers/gcc-8.1.0/bin/gcc
Error: Waitpid on pid 2431154 failed.
Error: Syzkaller has experienced a crash.
Warning: Child process exited with error status 32765.
Attempt 1:
    No crashes found.
The bug was not found.
About 15296 commits remaining

2025-10-04 16:35:07
Session:   29
Kernel:    2020-05-20 - 0550cfe8c2c6f8e7a4c348b6603a794576db12dd
Compiler:  ccache /home/syzretrospector/meerkat/compilers/gcc-8.1.0/bin/gcc
Attempt 1:
    Time  Bug Name
       2  UBSAN: shift-out-of-bounds in option_probe
       2  UBSAN: shift-out-of-bounds in option_probe
       2  UBSAN: shift-out-of-bounds in option_probe
       2  UBSAN: shift-out-of-bounds in option_probe
***    2  WARNING in ar5523_cmd/usb_submit_urb
***    2  WARNING in ar5523_cmd/usb_submit_urb
***    2  WARNING in ar5523_cmd/usb_submit_urb
The bug was found.
About 14659 commits remaining

2025-10-04 16:47:01
Session:   30
Kernel:    2020-04-02 - 0b4f33def7bbde1ce2fea05f116639270e7acdc7
Compiler:  ccache /home/syzretrospector/meerkat/compilers/gcc-8.1.0/bin/gcc
Warning: Child process make exited with error status 2.
Warning: make exited with error status 0x2
Error: The kernel failed to make.
Error: The kernel failed to make.
Attempting to recover.

2025-10-04 16:50:27
Session:   31
Kernel:    2020-03-27 - 968339fad422a58312f67718691b717dac45c399
Compiler:  ccache /home/syzretrospector/meerkat/compilers/gcc-8.1.0/bin/gcc
Error: Waitpid on pid 2783762 failed.
Error: Syzkaller has experienced a crash.
Warning: Child process exited with error status 32765.
Attempt 1:
    No crashes found.
The bug was not found.
About 16101 commits remaining

2025-10-04 17:01:46
Session:   32
Kernel:    2020-03-21 - 5340e873576ee04186eca3c70844c576d714cc6a
Compiler:  ccache /home/syzretrospector/meerkat/compilers/gcc-8.1.0/bin/gcc
Error: Waitpid on pid 2935509 failed.
Error: Syzkaller has experienced a crash.
Warning: Child process exited with error status 32765.
Attempt 1:
    No crashes found.
The bug was not found.
About 16146 commits remaining

2025-10-04 17:12:54
Session:   33
Kernel:    2020-02-14 - cd736c474712be9155f2309772f55b09817673da
Compiler:  ccache /home/syzretrospector/meerkat/compilers/gcc-8.1.0/bin/gcc
Error: Waitpid on pid 3085165 failed.
Error: Syzkaller has experienced a crash.
Warning: Child process exited with error status 32765.
Attempt 1:
    No crashes found.
The bug was not found.
About 16536 commits remaining

2025-10-04 17:23:47
Session:   34
Kernel:    2020-05-04 - bd4af432cc71b5fbfe4833510359a6ad3ada250d
Compiler:  ccache /home/syzretrospector/meerkat/compilers/gcc-8.1.0/bin/gcc
Warning: Syzkaller never completed machine check.
Saved log at /home/syzretrospector/meerkat/wd-meerkat-1/log/bug0715-boot_failure.log.
Attempt 1:
    Time  Bug Name
      10  boot failure
The bug was not found.
This commit is flagged as unstable.
About 16536 commits remaining

2025-10-04 17:43:34
Session:   35
Kernel:    2020-02-10 - 49d9e43f36fd4b71a4c1888f86c09cf73be73d0b
Compiler:  ccache /home/syzretrospector/meerkat/compilers/gcc-8.1.0/bin/gcc
Error: Waitpid on pid 3358603 failed.
Error: Syzkaller has experienced a crash.
Warning: Child process exited with error status 32765.
Attempt 1:
    No crashes found.
The bug was not found.
About 16611 commits remaining

2025-10-04 17:49:14
Session:   36
Kernel:    2020-04-07 - ed7f9fec8c8f8227ebd1fb69feda60ce4a7df61f
Compiler:  ccache /home/syzretrospector/meerkat/compilers/gcc-8.1.0/bin/gcc
Warning: Child process make exited with error status 2.
Warning: make exited with error status 0x2
Error: The kernel failed to make.
Error: The kernel failed to make.
Attempting to recover.

2025-10-04 17:55:16
Session:   37
Kernel:    2020-03-23 - ea544149a49f3aad4b6f164507608e59c12bbc11
Compiler:  ccache /home/syzretrospector/meerkat/compilers/gcc-8.1.0/bin/gcc
Error: Waitpid on pid 3622580 failed.
Error: Syzkaller has experienced a crash.
Warning: Child process exited with error status 32765.
Attempt 1:
    No crashes found.
The bug was not found.
About 14580 commits remaining

2025-10-04 18:06:22
Session:   38
Kernel:    2020-04-07 - 4d4cee96fb7a3cc53702a9be8299bf525be4ee98
Compiler:  ccache /home/syzretrospector/meerkat/compilers/gcc-8.1.0/bin/gcc
Warning: Child process make exited with error status 2.
Warning: make exited with error status 0x2
Error: The kernel failed to make.
Error: The kernel failed to make.
Attempting to recover.

2025-10-04 18:09:44
Session:   39
Kernel:    2020-05-14 - f492de9dcf04fde2b3671b9e188180fc684aa4e2
Compiler:  ccache /home/syzretrospector/meerkat/compilers/gcc-8.1.0/bin/gcc
Attempt 1:
    Time  Bug Name
       2  UBSAN: shift-out-of-bounds in option_probe
       2  UBSAN: shift-out-of-bounds in option_probe
       2  UBSAN: shift-out-of-bounds in option_probe
       2  UBSAN: shift-out-of-bounds in option_probe
***    2  WARNING in ar5523_cmd/usb_submit_urb
***    2  WARNING in ar5523_cmd/usb_submit_urb
***    2  WARNING in ar5523_cmd/usb_submit_urb
***    2  WARNING in ar5523_cmd/usb_submit_urb
Running syz-repro.
New PoC saved at /home/syzretrospector/meerkat/wd-meerkat-1/reproducers/repro-bug0715-5.prog
Primary PoC:     /home/syzretrospector/meerkat/wd-meerkat-1/reproducers/repro-bug0715-5.prog
Run Time:        0h9m0s
The bug was found.
About 14381 commits remaining

2025-10-04 18:30:18
Session:   40
Kernel:    2020-04-20 - 81fdd7bfeb8e8f76bcdfef9174ec580707c37d38
Compiler:  ccache /home/syzretrospector/meerkat/compilers/gcc-8.1.0/bin/gcc
Warning: Child process make exited with error status 2.
Warning: make exited with error status 0x2
Error: The kernel failed to make.
Error: The kernel failed to make.
Attempting to recover.

2025-10-04 18:33:56
Session:   41
Kernel:    2020-03-24 - 7b8c4c0b2acbdf355f0b78557d6f7290955d726d
Compiler:  ccache /home/syzretrospector/meerkat/compilers/gcc-8.1.0/bin/gcc
Error: Waitpid on pid 4031403 failed.
Error: Syzkaller has experienced a crash.
Warning: Child process exited with error status 32765.
Attempt 1:
    No crashes found.
The bug was not found.
About 15566 commits remaining

2025-10-04 18:44:59
Session:   42
Kernel:    2020-04-20 - a019b36123aec9700b21ae0724710f62928a8bc1
Compiler:  ccache /home/syzretrospector/meerkat/compilers/gcc-8.1.0/bin/gcc
Warning: Child process make exited with error status 2.
Warning: make exited with error status 0x2
Error: The kernel failed to make.
Error: The kernel failed to make.
Attempting to recover.

2025-10-04 18:49:26
Session:   43
Kernel:    2020-04-06 - 721017cf4bd8ea5e5d6295f90ea6d30bab577851
Compiler:  ccache /home/syzretrospector/meerkat/compilers/gcc-8.1.0/bin/gcc
Error: Waitpid on pid 95238 failed.
Error: Syzkaller has experienced a crash.
Warning: Child process exited with error status 32765.
Attempt 1:
    No crashes found.
The bug was not found.
About 13491 commits remaining

2025-10-04 19:00:26
Session:   44
Kernel:    2020-03-12 - 16f6c2518f9e0347eb54d368473ebd0904ac4298
Compiler:  ccache /home/syzretrospector/meerkat/compilers/gcc-8.1.0/bin/gcc
Error: Waitpid on pid 246861 failed.
Error: Syzkaller has experienced a crash.
Warning: Child process exited with error status 32765.
Attempt 1:
    No crashes found.
The bug was not found.
About 14261 commits remaining

2025-10-04 19:11:28
Session:   45
Kernel:    2020-02-17 - 5062d46e2698e720f866c06563419bff09dcacb4
Compiler:  ccache /home/syzretrospector/meerkat/compilers/gcc-8.1.0/bin/gcc
Error: Waitpid on pid 398600 failed.
Error: Syzkaller has experienced a crash.
Warning: Child process exited with error status 32765.
Attempt 1:
    No crashes found.
The bug was not found.
About 16408 commits remaining

2025-10-04 19:22:33
Session:   46
Kernel:    2020-04-02 - c6570114316fbbce4ac5f970578adaf3cbf07ec3
Compiler:  ccache /home/syzretrospector/meerkat/compilers/gcc-8.1.0/bin/gcc
Warning: Child process make exited with error status 2.
Warning: make exited with error status 0x2
Error: The kernel failed to make.
Error: The kernel failed to make.
Attempting to recover.

2025-10-04 19:25:54
Session:   47
Kernel:    2020-03-20 - af72bc8cd6ab32be2105129f05eb4502f45577df
Compiler:  ccache /home/syzretrospector/meerkat/compilers/gcc-8.1.0/bin/gcc
Error: Waitpid on pid 568626 failed.
Error: Syzkaller has experienced a crash.
Warning: Child process exited with error status 32765.
Attempt 1:
    No crashes found.
The bug was not found.
About 16194 commits remaining

2025-10-04 19:31:36
Session:   48
Kernel:    2020-05-05 - 3bd12da7f50b8bc191fcb3bab1f55c582234df59
Compiler:  ccache /home/syzretrospector/meerkat/compilers/gcc-8.1.0/bin/gcc
Warning: Child process make exited with error status 2.
Warning: make exited with error status 0x2
Error: The kernel failed to make.
Error: The kernel failed to make.
Attempting to recover.

2025-10-04 19:34:29
Session:   49
Kernel:    2020-03-25 - c2556238120bce8be37670e145226c12870a9e5a
Compiler:  ccache /home/syzretrospector/meerkat/compilers/gcc-8.1.0/bin/gcc
Error: Waitpid on pid 740136 failed.
Error: Syzkaller has experienced a crash.
Warning: Child process exited with error status 32765.
Attempt 1:
    No crashes found.
The bug was not found.
About 13477 commits remaining

2025-10-04 19:39:53
Session:   50
Kernel:    2020-04-14 - b8fc22803e594dee6597de4c81ccab5b37abecbb
Compiler:  ccache /home/syzretrospector/meerkat/compilers/gcc-8.1.0/bin/gcc
Warning: Child process make exited with error status 2.
Warning: make exited with error status 0x2
Error: The kernel failed to make.
Error: The kernel failed to make.
Attempting to recover.

2025-10-04 19:45:32
Session:   51
Kernel:    2020-03-19 - 1032504f22acb92671cfbd06c0dc419b9f0c7976
Compiler:  ccache /home/syzretrospector/meerkat/compilers/gcc-8.1.0/bin/gcc
Error: Waitpid on pid 991214 failed.
Error: Syzkaller has experienced a crash.
Warning: Child process exited with error status 32765.
Attempt 1:
    No crashes found.
The bug was not found.
About 16397 commits remaining

2025-10-04 19:50:51
Session:   52
Kernel:    2020-05-06 - 2673cb6849722a4ffd74c27a9200a9ec43f64be3
Compiler:  ccache /home/syzretrospector/meerkat/compilers/gcc-8.1.0/bin/gcc
Warning: Syzkaller never completed machine check.
Saved log at /home/syzretrospector/meerkat/wd-meerkat-1/log/bug0715-boot_failure.log.
Attempt 1:
    Time  Bug Name
      10  boot failure
The bug was not found.
This commit is flagged as unstable.
About 16397 commits remaining

2025-10-04 20:10:27
Session:   53
Kernel:    2020-02-24 - 14af1df3b03309f6204661e12c40cdf71bc8f773
Compiler:  ccache /home/syzretrospector/meerkat/compilers/gcc-8.1.0/bin/gcc
Error: Waitpid on pid 1263885 failed.
Error: Syzkaller has experienced a crash.
Warning: Child process exited with error status 32765.
Attempt 1:
    No crashes found.
The bug was not found.
About 16409 commits remaining

2025-10-04 20:15:51
Session:   54
Kernel:    2020-03-26 - 5885539f0af371024d07afd14974bfdc3fff84c5
Compiler:  ccache /home/syzretrospector/meerkat/compilers/gcc-8.1.0/bin/gcc
Error: Waitpid on pid 1415570 failed.
Error: Syzkaller has experienced a crash.
Warning: Child process exited with error status 32765.
Attempt 1:
    No crashes found.
The bug was not found.
About 15249 commits remaining

2025-10-04 20:26:55
Session:   55
Kernel:    2020-04-06 - 9c159bbc14ba196d590dc1a2fe7931ccfe73db98
Compiler:  ccache /home/syzretrospector/meerkat/compilers/gcc-8.1.0/bin/gcc
Warning: Child process make exited with error status 2.
Warning: make exited with error status 0x2
Error: The kernel failed to make.
Error: The kernel failed to make.
Attempting to recover.

2025-10-04 20:33:07
Session:   56
Kernel:    2020-03-13 - bfea9a8574f34597581f74f792d044d38497b775
Compiler:  ccache /home/syzretrospector/meerkat/compilers/gcc-8.1.0/bin/gcc
Error: Waitpid on pid 1682374 failed.
Error: Syzkaller has experienced a crash.
Warning: Child process exited with error status 32765.
Attempt 1:
    No crashes found.
The bug was not found.
About 14697 commits remaining

2025-10-04 20:43:41
Session:   57
Kernel:    2020-04-02 - d888fb2b189be07df1656a31930b11a62ae88e58
Compiler:  ccache /home/syzretrospector/meerkat/compilers/gcc-8.1.0/bin/gcc
Warning: Child process make exited with error status 2.
Warning: make exited with error status 0x2
Error: The kernel failed to make.
Error: The kernel failed to make.
Attempting to recover.

2025-10-04 20:49:48
Session:   58
Kernel:    2020-03-16 - 66a6950f99950c77e2898e48d668eca1dac10a1e
Compiler:  ccache /home/syzretrospector/meerkat/compilers/gcc-8.1.0/bin/gcc
Error: Waitpid on pid 1948140 failed.
Error: Syzkaller has experienced a crash.
Warning: Child process exited with error status 32765.
Attempt 1:
    No crashes found.
The bug was not found.
About 16251 commits remaining

2025-10-04 21:00:36
Session:   59
Kernel:    2020-03-23 - c9b24312040edaa89acb6fb91a9a53fb4775309e
Compiler:  ccache /home/syzretrospector/meerkat/compilers/gcc-8.1.0/bin/gcc
Error: Waitpid on pid 2099874 failed.
Error: Syzkaller has experienced a crash.
Warning: Child process exited with error status 32765.
Attempt 1:
    No crashes found.
The bug was not found.
About 13365 commits remaining

2025-10-04 21:11:08
Session:   60
Kernel:    2020-04-02 - 848960e576dafc8ed54c691b2f70b92e1fdea9ba
Compiler:  ccache /home/syzretrospector/meerkat/compilers/gcc-8.1.0/bin/gcc
Warning: Child process make exited with error status 2.
Warning: make exited with error status 0x2
Error: The kernel failed to make.
Error: The kernel failed to make.
Attempting to recover.

2025-10-04 21:17:19
Session:   61
Kernel:    2020-03-03 - 9d5a09c6f3b5fb85af20e3a34827b5d27d152b34
Compiler:  ccache /home/syzretrospector/meerkat/compilers/gcc-8.1.0/bin/gcc
Error: Waitpid on pid 2366316 failed.
Error: Syzkaller has experienced a crash.
Warning: Child process exited with error status 32765.
Attempt 1:
    No crashes found.
The bug was not found.
About 15351 commits remaining

2025-10-04 21:28:23
Session:   62
Kernel:    2020-02-27 - 214d9bbcd3a67230b932f6cea83c078ab34d9e70
Compiler:  ccache /home/syzretrospector/meerkat/compilers/gcc-8.1.0/bin/gcc
Error: Waitpid on pid 2512922 failed.
Error: Syzkaller has experienced a crash.
Warning: Child process exited with error status 32765.
Attempt 1:
    No crashes found.
The bug was not found.
About 16018 commits remaining

2025-10-04 21:38:40
Session:   63
Kernel:    2020-03-31 - 2ebbe7c9d11d7fea296c4997b80d2590a0928424
Compiler:  ccache /home/syzretrospector/meerkat/compilers/gcc-8.1.0/bin/gcc
Error: Waitpid on pid 2664533 failed.
Error: Syzkaller has experienced a crash.
Warning: Child process exited with error status 32765.
Attempt 1:
    No crashes found.
The bug was not found.
About 12609 commits remaining

2025-10-04 21:49:46
Session:   64
Kernel:    2020-03-26 - 8c061865f5ff66adca8056327accff1bf7d09d35
Compiler:  ccache /home/syzretrospector/meerkat/compilers/gcc-8.1.0/bin/gcc
Error: Waitpid on pid 2816070 failed.
Error: Syzkaller has experienced a crash.
Warning: Child process exited with error status 32765.
Attempt 1:
    No crashes found.
The bug was not found.
About 13362 commits remaining

2025-10-04 22:00:18
Session:   65
Kernel:    2020-03-27 - e42b2047cd56236d3811f900db3fbaf7f88c7065
Compiler:  ccache /home/syzretrospector/meerkat/compilers/gcc-8.1.0/bin/gcc
Error: Waitpid on pid 2967458 failed.
Error: Syzkaller has experienced a crash.
Warning: Child process exited with error status 32765.
Attempt 1:
    No crashes found.
The bug was not found.
About 14656 commits remaining

2025-10-04 22:11:22
Session:   66
Kernel:    2020-04-02 - e964f1e04a1ce562f0d748b29326244d3cb35ba4
Compiler:  ccache /home/syzretrospector/meerkat/compilers/gcc-8.1.0/bin/gcc
Warning: Child process make exited with error status 2.
Warning: make exited with error status 0x2
Error: The kernel failed to make.
Error: The kernel failed to make.
Attempting to recover.

2025-10-04 22:14:44
Session:   67
Kernel:    2020-03-20 - 6b3586d45bba14f6912f37488090c37a3710e7b4
Compiler:  ccache /home/syzretrospector/meerkat/compilers/gcc-8.1.0/bin/gcc
Error: Waitpid on pid 3168047 failed.
Error: Syzkaller has experienced a crash.
Warning: Child process exited with error status 32765.
Attempt 1:
    No crashes found.
The bug was not found.
About 16398 commits remaining

2025-10-04 22:25:43
Session:   68
Kernel:    2020-03-27 - 07b8b10ec94f852502db739047a2803ed36ccf46
Compiler:  ccache /home/syzretrospector/meerkat/compilers/gcc-8.1.0/bin/gcc
Error: Waitpid on pid 3319224 failed.
Error: Syzkaller has experienced a crash.
Warning: Child process exited with error status 32765.
Attempt 1:
    No crashes found.
The bug was not found.
About 15338 commits remaining

2025-10-04 22:36:49
Session:   69
Kernel:    2020-04-02 - faffdfa04fa11ccf048cebdde73db41ede0679e0
Compiler:  ccache /home/syzretrospector/meerkat/compilers/gcc-8.1.0/bin/gcc
Warning: Child process make exited with error status 2.
Warning: make exited with error status 0x2
Error: The kernel failed to make.
Error: The kernel failed to make.
Attempting to recover.

2025-10-04 22:44:48
Session:   70
Kernel:    2020-03-04 - ef441dd6af91e1f4265e890021ac3ad631b2b10e
Compiler:  ccache /home/syzretrospector/meerkat/compilers/gcc-8.1.0/bin/gcc
Error: Waitpid on pid 3603314 failed.
Error: Syzkaller has experienced a crash.
Warning: Child process exited with error status 32765.
Attempt 1:
    No crashes found.
The bug was not found.
About 15536 commits remaining

2025-10-04 22:53:09
Session:   71
Kernel:    2020-04-02 - e109f506074152b7241bcbd3949a099e776cb802
Compiler:  ccache /home/syzretrospector/meerkat/compilers/gcc-8.1.0/bin/gcc
Warning: Child process make exited with error status 2.
Warning: make exited with error status 0x2
Error: The kernel failed to make.
Error: The kernel failed to make.
Attempting to recover.

2025-10-04 22:58:18
Session:   72
Kernel:    2020-04-10 - e6383b185a998861cadb2f95d97cfe29945b9c32
Compiler:  ccache /home/syzretrospector/meerkat/compilers/gcc-8.1.0/bin/gcc
Warning: Child process make exited with error status 2.
Warning: make exited with error status 0x2
Error: The kernel failed to make.
Error: The kernel failed to make.
Attempting to recover.

2025-10-04 23:04:15
Session:   73
Kernel:    2020-02-24 - bffe02ccca5b0c276956b07e166d302d09b5e890
Compiler:  ccache /home/syzretrospector/meerkat/compilers/gcc-8.1.0/bin/gcc
Error: Waitpid on pid 3978736 failed.
Error: Syzkaller has experienced a crash.
Warning: Child process exited with error status 32765.
Attempt 1:
    No crashes found.
The bug was not found.
About 16396 commits remaining

2025-10-04 23:14:55
Session:   74
Kernel:    2020-02-20 - aa24f93753e256c4b14fe46f7261f150cff2a50c
Compiler:  ccache /home/syzretrospector/meerkat/compilers/gcc-8.1.0/bin/gcc
Error: Waitpid on pid 4129711 failed.
Error: Syzkaller has experienced a crash.
Warning: Child process exited with error status 32765.
Attempt 1:
    No crashes found.
The bug was not found.
About 16407 commits remaining

2025-10-04 23:25:37
Session:   75
Kernel:    2020-03-24 - 5cce51464c61b868157e578261d45fe389e81e54
Compiler:  ccache /home/syzretrospector/meerkat/compilers/gcc-8.1.0/bin/gcc
Error: Waitpid on pid 87717 failed.
Error: Syzkaller has experienced a crash.
Warning: Child process exited with error status 32765.
Attempt 1:
    No crashes found.
The bug was not found.
About 14377 commits remaining

2025-10-04 23:36:14
Session:   76
Kernel:    2020-03-27 - a1c7a536e01893ba2e8422f97b88cc165f25258f
Compiler:  ccache /home/syzretrospector/meerkat/compilers/gcc-8.1.0/bin/gcc
Error: Waitpid on pid 239651 failed.
Error: Syzkaller has experienced a crash.
Warning: Child process exited with error status 32765.
Attempt 1:
    No crashes found.
The bug was not found.
About 12352 commits remaining

2025-10-04 23:46:29
Session:   77
Kernel:    2020-04-02 - bef7b2a7be28638770972ab2709adf11d601c11a
Compiler:  ccache /home/syzretrospector/meerkat/compilers/gcc-8.1.0/bin/gcc
Warning: Child process make exited with error status 2.
Warning: make exited with error status 0x2
Error: The kernel failed to make.
Error: The kernel failed to make.
Attempting to recover.

2025-10-04 23:52:24
Session:   78
Kernel:    2020-03-28 - e2042d2936dfc84e9c600fe9b9d0039ca0e54b7d
Compiler:  ccache /home/syzretrospector/meerkat/compilers/gcc-8.1.0/bin/gcc
Error: Waitpid on pid 494095 failed.
Error: Syzkaller has experienced a crash.
Warning: Child process exited with error status 32765.
Attempt 1:
    No crashes found.
The bug was not found.
About 14105 commits remaining

2025-10-05 00:00:03
Session:   79
Kernel:    2020-04-03 - 86f26a77cb0cf532a92be18d2c065f5158e1a545
Compiler:  ccache /home/syzretrospector/meerkat/compilers/gcc-8.1.0/bin/gcc
Warning: Child process make exited with error status 2.
Warning: make exited with error status 0x2
Error: The kernel failed to make.
Error: The kernel failed to make.
Attempting to recover.

2025-10-05 00:05:52
Session:   80
Kernel:    2020-04-03 - 883b0a91f41ab705daa04c24e59d708e457a0bed
Compiler:  ccache /home/syzretrospector/meerkat/compilers/gcc-8.1.0/bin/gcc
Warning: Child process make exited with error status 2.
Warning: make exited with error status 0x2
Error: The kernel failed to make.
Error: The kernel failed to make.
Attempting to recover.

2025-10-05 00:11:40
Session:   81
Kernel:    2020-03-31 - 3bbbb7728fc853d71dbce4073fef9f281fbfb4dd
Compiler:  ccache /home/syzretrospector/meerkat/compilers/gcc-8.1.0/bin/gcc
Error: Waitpid on pid 868617 failed.
Error: Syzkaller has experienced a crash.
Warning: Child process exited with error status 32765.
Attempt 1:
    No crashes found.
The bug was not found.
About 14589 commits remaining

2025-10-05 00:22:22
Session:   82
Kernel:    2020-04-03 - de3c913c6e9d8bbf8b2d3caaed55ff3e40a62e56
Compiler:  ccache /home/syzretrospector/meerkat/compilers/gcc-8.1.0/bin/gcc
Warning: Child process make exited with error status 2.
Warning: make exited with error status 0x2
Error: The kernel failed to make.
Error: The kernel failed to make.
Attempting to recover.

2025-10-05 00:24:28
Session:   83
Kernel:    2020-03-16 - 041bc42ce2d0efac3b85bbb81dea8c74b81f4ef9
Compiler:  ccache /home/syzretrospector/meerkat/compilers/gcc-8.1.0/bin/gcc
Error: Waitpid on pid 1112228 failed.
Error: Syzkaller has experienced a crash.
Warning: Child process exited with error status 32765.
Attempt 1:
    No crashes found.
The bug was not found.
About 16206 commits remaining

2025-10-05 00:35:13
Session:   84
Kernel:    2020-03-10 - 76136e028d3bc94a84f5404ba0a9afae38db1b8a
Compiler:  ccache /home/syzretrospector/meerkat/compilers/gcc-8.1.0/bin/gcc
Error: Waitpid on pid 1244599 failed.
Error: Syzkaller has experienced a crash.
Warning: Child process exited with error status 32765.
Attempt 1:
    No crashes found.
The bug was not found.
About 16324 commits remaining

2025-10-05 00:41:36
Session:   85
Kernel:    2020-04-03 - 0e8fb69f287bcf61fb93990f6bb1496ef0122499
Compiler:  ccache /home/syzretrospector/meerkat/compilers/gcc-8.1.0/bin/gcc
Warning: Child process make exited with error status 2.
Warning: make exited with error status 0x2
Error: The kernel failed to make.
Error: The kernel failed to make.
Attempting to recover.

2025-10-05 00:43:35
Session:   86
Kernel:    2020-04-03 - ef0f64960d012cbab8f55f305ef36bb6de4e1a9b
Compiler:  ccache /home/syzretrospector/meerkat/compilers/gcc-8.1.0/bin/gcc
Warning: Child process make exited with error status 2.
Warning: make exited with error status 0x2
Error: The kernel failed to make.
Error: The kernel failed to make.
Attempting to recover.

2025-10-05 00:45:40
Session:   87
Kernel:    2020-03-24 - ea21e9b2b33fd06c131415cc66ca5499ab2aef5f
Compiler:  ccache /home/syzretrospector/meerkat/compilers/gcc-8.1.0/bin/gcc
Error: Waitpid on pid 1579479 failed.
Error: Syzkaller has experienced a crash.
Warning: Child process exited with error status 32765.
Attempt 1:
    No crashes found.
The bug was not found.
About 14463 commits remaining

2025-10-05 00:56:17
Session:   88
Kernel:    2020-02-25 - 129ff51d8edc4db7df821b36343f6a29580ccd26
Compiler:  ccache /home/syzretrospector/meerkat/compilers/gcc-8.1.0/bin/gcc
Error: Waitpid on pid 1699651 failed.
Error: Syzkaller has experienced a crash.
Warning: Child process exited with error status 32765.
Attempt 1:
    No crashes found.
The bug was not found.
About 16401 commits remaining

2025-10-05 01:01:24
Session:   89
Kernel:    2020-04-17 - 5a32fe48bcc7956f55a1bd2a2799f37020f5a208
Compiler:  ccache /home/syzretrospector/meerkat/compilers/gcc-8.1.0/bin/gcc
Warning: Child process make exited with error status 2.
Warning: make exited with error status 0x2
Error: The kernel failed to make.
Error: The kernel failed to make.
Attempting to recover.

2025-10-05 01:04:52
Session:   90
Kernel:    2020-03-30 - e96c0ff4b1e013a4e9174344b0fcda0d566d3689
Compiler:  ccache /home/syzretrospector/meerkat/compilers/gcc-8.1.0/bin/gcc
Error: Waitpid on pid 1874307 failed.
Error: Syzkaller has experienced a crash.
Warning: Child process exited with error status 32765.
Attempt 1:
    No crashes found.
The bug was not found.
About 16408 commits remaining

2025-10-05 01:10:12
Session:   91
Kernel:    2020-04-01 - c101e9bbce4ae2947b35a660f17d617fc3827595
Compiler:  ccache /home/syzretrospector/meerkat/compilers/gcc-8.1.0/bin/gcc
Warning: Child process make exited with error status 2.
Warning: make exited with error status 0x2
Error: The kernel failed to make.
Error: The kernel failed to make.
Attempting to recover.

2025-10-05 01:15:57
Session:   92
Kernel:    2020-03-27 - 6815e3d0bbee886dfd13bba485066ff830ed7f14
Compiler:  ccache /home/syzretrospector/meerkat/compilers/gcc-8.1.0/bin/gcc
Error: Waitpid on pid 2137549 failed.
Error: Syzkaller has experienced a crash.
Warning: Child process exited with error status 32765.
Attempt 1:
    No crashes found.
The bug was not found.
About 12882 commits remaining

2025-10-05 01:26:11
Session:   93
Kernel:    2020-02-23 - 5d288dbd88606d8f215c7138b10649115d79cadd
Compiler:  ccache /home/syzretrospector/meerkat/compilers/gcc-8.1.0/bin/gcc
Error: Waitpid on pid 2257369 failed.
Error: Syzkaller has experienced a crash.
Warning: Child process exited with error status 32765.
Attempt 1:
    No crashes found.
The bug was not found.
About 16377 commits remaining

2025-10-05 01:31:25
Session:   94
Kernel:    2020-04-03 - d18292dc07dbaaacef040a23a5e5e65c6ea61803
Compiler:  ccache /home/syzretrospector/meerkat/compilers/gcc-8.1.0/bin/gcc
Warning: Child process make exited with error status 2.
Warning: make exited with error status 0x2
Error: The kernel failed to make.
Error: The kernel failed to make.
Attempting to recover.

2025-10-05 01:37:18
Session:   95
Kernel:    2020-04-24 - 88412a4e00f6baab2752e99ffdbdb0ee661cac30
Compiler:  ccache /home/syzretrospector/meerkat/compilers/gcc-8.1.0/bin/gcc
Warning: Syzkaller never completed machine check.
Saved log at /home/syzretrospector/meerkat/wd-meerkat-1/log/bug0715-boot_failure.log.
Attempt 1:
    Time  Bug Name
      10  boot failure
The bug was not found.
This commit is flagged as unstable.
About 16377 commits remaining

2025-10-05 01:56:37
Session:   96
Kernel:    2020-02-24 - c69def88987995f5d3ea28f12febd1b2c567f511
Compiler:  ccache /home/syzretrospector/meerkat/compilers/gcc-8.1.0/bin/gcc
Error: Waitpid on pid 2645297 failed.
Error: Syzkaller has experienced a crash.
Warning: Child process exited with error status 32765.
Attempt 1:
    No crashes found.
The bug was not found.
About 16399 commits remaining

2025-10-05 02:01:57
Session:   97
Kernel:    2020-04-07 - d4e5160d1a0bf089af41c21f273a507e6ace45cd
Compiler:  ccache /home/syzretrospector/meerkat/compilers/gcc-8.1.0/bin/gcc
Warning: Child process make exited with error status 2.
Warning: make exited with error status 0x2
Error: The kernel failed to make.
Error: The kernel failed to make.
Attempting to recover.

2025-10-05 02:07:42
Session:   98
Kernel:    2020-03-02 - a2100672f3b2afdd55ccc2e640d1a8bd99ff6338
Compiler:  ccache /home/syzretrospector/meerkat/compilers/gcc-8.1.0/bin/gcc
Error: Waitpid on pid 2908692 failed.
Error: Syzkaller has experienced a crash.
Warning: Child process exited with error status 32765.
Attempt 1:
    No crashes found.
The bug was not found.
About 15329 commits remaining

2025-10-05 02:18:22
Session:   99
Kernel:    2020-03-30 - db34c5ffee649e2c4c870d1031a996398a187cf5
Compiler:  ccache /home/syzretrospector/meerkat/compilers/gcc-8.1.0/bin/gcc
Attempt 1:
    Time  Bug Name
       2  UBSAN: undefined-behaviour in parse_audio_format_i
       2  UBSAN: undefined-behaviour in parse_audio_format_i
       2  UBSAN: undefined-behaviour in option_probe
       2  UBSAN: undefined-behaviour in option_probe
***    2  WARNING in ar5523_cmd/usb_submit_urb
***    2  WARNING in ar5523_cmd/usb_submit_urb
***    2  WARNING in ar5523_cmd/usb_submit_urb
***    2  WARNING in ar5523_cmd/usb_submit_urb
The bug was found.
About 2088 commits remaining

2025-10-05 02:29:59
Session:   100
Kernel:    2020-03-30 - aaf985e21a4abb471df2a10ad7163367cbcd4088
Compiler:  ccache /home/syzretrospector/meerkat/compilers/gcc-8.1.0/bin/gcc
Error: Waitpid on pid 3196493 failed.
Error: Syzkaller has experienced a crash.
Warning: Child process exited with error status 32765.
Attempt 1:
    No crashes found.
The bug was not found.
About 522 commits remaining

2025-10-05 02:36:54
Session:   101
Kernel:    2020-03-19 - f62c1930674913b18daaa608c348000ff124a481
Compiler:  ccache /home/syzretrospector/meerkat/compilers/gcc-8.1.0/bin/gcc
Attempt 1:
    Time  Bug Name
       2  UBSAN: undefined-behaviour in option_probe
       2  UBSAN: undefined-behaviour in option_probe
       2  UBSAN: undefined-behaviour in option_probe
       2  UBSAN: undefined-behaviour in option_probe
***    2  WARNING in ar5523_cmd/usb_submit_urb
***    2  WARNING in ar5523_cmd/usb_submit_urb
***    2  WARNING in ar5523_cmd/usb_submit_urb
***    2  WARNING in ar5523_cmd/usb_submit_urb
The bug was found.
About 170 commits remaining

2025-10-05 02:48:31
Session:   102
Kernel:    2020-03-15 - 4a5dbd9009570d3b23fd1392c4d178bfe3538d2c
Compiler:  ccache /home/syzretrospector/meerkat/compilers/gcc-8.1.0/bin/gcc
Attempt 1:
    Time  Bug Name
       2  UBSAN: undefined-behaviour in option_probe
       2  UBSAN: undefined-behaviour in option_probe
       2  UBSAN: undefined-behaviour in option_probe
       2  UBSAN: undefined-behaviour in option_probe
***    2  WARNING in ar5523_cmd/usb_submit_urb
***    2  WARNING in ar5523_cmd/usb_submit_urb
***    2  WARNING in ar5523_cmd/usb_submit_urb
Running syz-repro.
New PoC saved at /home/syzretrospector/meerkat/wd-meerkat-1/reproducers/repro-bug0715-9.prog
Primary PoC:     /home/syzretrospector/meerkat/wd-meerkat-1/reproducers/repro-bug0715-5.prog
Run Time:        0h6m0s
The bug was found.
About 42 commits remaining

2025-10-05 03:02:17
Session:   103
Kernel:    2020-03-15 - 98ed256a4dbad8f20226a4f414c1a60a4a558aec
Compiler:  ccache /home/syzretrospector/meerkat/compilers/gcc-8.1.0/bin/gcc
Error: Waitpid on pid 3605334 failed.
Error: Syzkaller has experienced a crash.
Warning: Child process exited with error status 32765.
Attempt 1:
    No crashes found.
The bug was not found.
About 22 commits remaining

2025-10-05 03:07:34
Session:   104
Kernel:    2020-03-15 - 8e11a977c8eb02aa06604b11cfb4e43eb8287537
Compiler:  ccache /home/syzretrospector/meerkat/compilers/gcc-8.1.0/bin/gcc
Attempt 1:
    Time  Bug Name
       2  UBSAN: undefined-behaviour in parse_audio_format_i
       2  UBSAN: undefined-behaviour in parse_audio_format_i
       2  UBSAN: undefined-behaviour in option_probe
       2  UBSAN: undefined-behaviour in option_probe
***    2  WARNING in ar5523_cmd/usb_submit_urb
***    2  WARNING in ar5523_cmd/usb_submit_urb
***    2  WARNING in ar5523_cmd/usb_submit_urb
***    2  WARNING in ar5523_cmd/usb_submit_urb
The bug was found.
About 11 commits remaining

2025-10-05 03:13:44
Session:   105
Kernel:    2020-03-15 - 201c26c08db4bafde361ace54d74eac5d69fb66a
Compiler:  ccache /home/syzretrospector/meerkat/compilers/gcc-8.1.0/bin/gcc
Error: Waitpid on pid 3845056 failed.
Error: Syzkaller has experienced a crash.
Warning: Child process exited with error status 32765.
Attempt 1:
    No crashes found.
The bug was not found.
About 6 commits remaining

2025-10-05 03:18:54
Session:   106
Kernel:    2020-03-15 - 95b18f28979e12539cc02f6ec4e2c776e8551f39
Compiler:  ccache /home/syzretrospector/meerkat/compilers/gcc-8.1.0/bin/gcc
Attempt 1:
    Time  Bug Name
       2  UBSAN: undefined-behaviour in option_probe
       2  UBSAN: undefined-behaviour in option_probe
***    2  WARNING in ar5523_cmd/usb_submit_urb
***    2  WARNING in ar5523_cmd/usb_submit_urb
***    2  WARNING in ar5523_cmd/usb_submit_urb
***    2  WARNING in ar5523_cmd/usb_submit_urb
***    2  WARNING in ar5523_cmd/usb_submit_urb
***    2  WARNING in ar5523_cmd/usb_submit_urb
The bug was found.
About 4 commits remaining

2025-10-05 03:25:07
Session:   107
Kernel:    2020-03-15 - 1a0808cb9e417170ed6ab97254cf319dc3e3c310
Compiler:  ccache /home/syzretrospector/meerkat/compilers/gcc-8.1.0/bin/gcc
Error: Waitpid on pid 4084740 failed.
Error: Syzkaller has experienced a crash.
Warning: Child process exited with error status 32765.
Attempt 1:
    No crashes found.
The bug was not found.
About 3 commits remaining

2025-10-05 03:30:06
Session:   108
Kernel:    2020-03-15 - f2c2e717642c66f7fe7e5dd69b2e8ff5849f4d10
Compiler:  ccache /home/syzretrospector/meerkat/compilers/gcc-8.1.0/bin/gcc
Attempt 1:
    Time  Bug Name
       2  UBSAN: undefined-behaviour in parse_audio_format_i
       2  UBSAN: undefined-behaviour in option_probe
       2  UBSAN: undefined-behaviour in option_probe
***    2  WARNING in ar5523_cmd/usb_submit_urb
***    2  WARNING in ar5523_cmd/usb_submit_urb
***    2  WARNING in ar5523_cmd/usb_submit_urb
***    2  WARNING in ar5523_cmd/usb_submit_urb
***    2  WARNING in ar5523_cmd/usb_submit_urb
Running syz-repro.
New PoC saved at /home/syzretrospector/meerkat/wd-meerkat-1/reproducers/repro-bug0715-9.prog
Primary PoC:     /home/syzretrospector/meerkat/wd-meerkat-1/reproducers/repro-bug0715-0.prog
Run Time:        0h5m0s
The bug was found.
About 2 commits remaining

==== Partial Result: Focused Fuzzing ====
Reproducer:           /home/syzretrospector/meerkat/wd-meerkat-1/reproducers/repro-bug0715-0.prog
Bisection Result:     2020-03-15 - f2c2e717642c66f7fe7e5dd69b2e8ff5849f4d10
Bisected Commit Name: usb: gadget: add raw-gadget interface
Stage Time:           15h34m48s
Run Time:             15h34m49s
=========================================

==== Anchor Commit ====

2025-10-05 03:41:06
Session:   109
Kernel:    2020-03-15 - 1a0808cb9e417170ed6ab97254cf319dc3e3c310
Compiler:  ccache /home/syzretrospector/meerkat/compilers/gcc-8.1.0/bin/gcc
PoC:       /home/syzretrospector/meerkat/wd-meerkat-1/reproducers/repro-bug0715-0.prog
Attempt 0:
    No crashes found.
Attempt 1:
    No crashes found.
Attempt 2:
    No crashes found.
Attempt 3:
    No crashes found.
Attempt 4:
    No crashes found.
Attempt 5:
    No crashes found.
Attempt 6:
    No crashes found.
Attempt 7:
    No crashes found.
The bug was not found.

Failure: This bug cannot be found at the anchor commit.

==== Partial Result: Primary PoC Test ====
Reproducer:           /home/syzretrospector/meerkat/wd-meerkat-1/reproducers/repro-bug0715-0.prog
Bisection Result:     Failed to reproduce at the anchor commit.
Stage Time:           0h11m20s
Run Time:             15h46m10s
==========================================

==== Anchor Commit ====

2025-10-05 03:52:29
Session:   110
Kernel:    2020-03-15 - 1a0808cb9e417170ed6ab97254cf319dc3e3c310
Compiler:  ccache /home/syzretrospector/meerkat/compilers/gcc-8.1.0/bin/gcc
PoC:       /home/syzretrospector/meerkat/wd-meerkat-1/reproducers/repro-bug0715-3.prog
Attempt 0:
    No crashes found.
Attempt 1:
    No crashes found.
Attempt 2:
    No crashes found.
Attempt 3:
    No crashes found.
Attempt 4:
    No crashes found.
Attempt 5:
    No crashes found.
Attempt 6:
    No crashes found.
Attempt 7:
    No crashes found.
The bug was not found.

Failure: This bug cannot be found at the anchor commit.

==== Partial Result: Subsequent PoC Test ====
Reproducer:           /home/syzretrospector/meerkat/wd-meerkat-1/reproducers/repro-bug0715-3.prog
Bisection Result:     Failed to reproduce at the anchor commit.
Stage Time:           0h11m29s
Run Time:             15h57m39s
=============================================

==== Anchor Commit ====

2025-10-05 04:03:58
Session:   111
Kernel:    2020-03-15 - 1a0808cb9e417170ed6ab97254cf319dc3e3c310
Compiler:  ccache /home/syzretrospector/meerkat/compilers/gcc-8.1.0/bin/gcc
PoC:       /home/syzretrospector/meerkat/wd-meerkat-1/reproducers/repro-bug0715-7.prog
Attempt 0:
    No crashes found.
Attempt 1:
    No crashes found.
Attempt 2:
    No crashes found.
Attempt 3:
    No crashes found.
Attempt 4:
    No crashes found.
Attempt 5:
    No crashes found.
Attempt 6:
    No crashes found.
Attempt 7:
    No crashes found.
The bug was not found.

Failure: This bug cannot be found at the anchor commit.

==== Partial Result: Subsequent PoC Test ====
Reproducer:           /home/syzretrospector/meerkat/wd-meerkat-1/reproducers/repro-bug0715-7.prog
Bisection Result:     Failed to reproduce at the anchor commit.
Stage Time:           0h11m28s
Run Time:             16h9m7s
=============================================

==== Anchor Commit ====

2025-10-05 04:15:27
Session:   112
Kernel:    2020-03-15 - 1a0808cb9e417170ed6ab97254cf319dc3e3c310
Compiler:  ccache /home/syzretrospector/meerkat/compilers/gcc-8.1.0/bin/gcc
PoC:       /home/syzretrospector/meerkat/wd-meerkat-1/reproducers/repro-bug0715-8.prog
Attempt 0:
    No crashes found.
Attempt 1:
    No crashes found.
Attempt 2:
    No crashes found.
Attempt 3:
    No crashes found.
Attempt 4:
    No crashes found.
Attempt 5:
    No crashes found.
Attempt 6:
    No crashes found.
Attempt 7:
    No crashes found.
The bug was not found.

Failure: This bug cannot be found at the anchor commit.

==== Partial Result: Subsequent PoC Test ====
Reproducer:           /home/syzretrospector/meerkat/wd-meerkat-1/reproducers/repro-bug0715-8.prog
Bisection Result:     Failed to reproduce at the anchor commit.
Stage Time:           0h11m28s
Run Time:             16h20m35s
=============================================

==== Anchor Commit ====

2025-10-05 04:26:55
Session:   113
Kernel:    2020-03-15 - 1a0808cb9e417170ed6ab97254cf319dc3e3c310
Compiler:  ccache /home/syzretrospector/meerkat/compilers/gcc-8.1.0/bin/gcc
PoC:       /home/syzretrospector/meerkat/wd-meerkat-1/reproducers/repro-bug0715-5.prog
Attempt 0:
    No crashes found.
Attempt 1:
    No crashes found.
Attempt 2:
    No crashes found.
Attempt 3:
    No crashes found.
Attempt 4:
    No crashes found.
Attempt 5:
    No crashes found.
Attempt 6:
    No crashes found.
Attempt 7:
    No crashes found.
The bug was not found.

Failure: This bug cannot be found at the anchor commit.

==== Partial Result: Subsequent PoC Test ====
Reproducer:           /home/syzretrospector/meerkat/wd-meerkat-1/reproducers/repro-bug0715-5.prog
Bisection Result:     Failed to reproduce at the anchor commit.
Stage Time:           0h11m27s
Run Time:             16h32m2s
=============================================

==== Anchor Commit ====

2025-10-05 04:38:22
Session:   114
Kernel:    2020-03-15 - 1a0808cb9e417170ed6ab97254cf319dc3e3c310
Compiler:  ccache /home/syzretrospector/meerkat/compilers/gcc-8.1.0/bin/gcc
PoC:       /home/syzretrospector/meerkat/wd-meerkat-1/reproducers/repro-bug0715-4.prog
Attempt 0:
    No crashes found.
Attempt 1:
    No crashes found.
Attempt 2:
    No crashes found.
Attempt 3:
    No crashes found.
Attempt 4:
    No crashes found.
Attempt 5:
    No crashes found.
Attempt 6:
    No crashes found.
Attempt 7:
    No crashes found.
The bug was not found.

Failure: This bug cannot be found at the anchor commit.

==== Partial Result: Subsequent PoC Test ====
Reproducer:           /home/syzretrospector/meerkat/wd-meerkat-1/reproducers/repro-bug0715-4.prog
Bisection Result:     Failed to reproduce at the anchor commit.
Stage Time:           0h11m24s
Run Time:             16h43m27s
=============================================

==== Anchor Commit ====

2025-10-05 04:49:47
Session:   115
Kernel:    2020-03-15 - 1a0808cb9e417170ed6ab97254cf319dc3e3c310
Compiler:  ccache /home/syzretrospector/meerkat/compilers/gcc-8.1.0/bin/gcc
PoC:       /home/syzretrospector/meerkat/wd-meerkat-1/reproducers/repro-bug0715-2.prog
Attempt 0:
    No crashes found.
Attempt 1:
    No crashes found.
Attempt 2:
    No crashes found.
Attempt 3:
    No crashes found.
Attempt 4:
    No crashes found.
Attempt 5:
    No crashes found.
Attempt 6:
    No crashes found.
Attempt 7:
    No crashes found.
The bug was not found.

Failure: This bug cannot be found at the anchor commit.

==== Partial Result: Subsequent PoC Test ====
Reproducer:           /home/syzretrospector/meerkat/wd-meerkat-1/reproducers/repro-bug0715-2.prog
Bisection Result:     Failed to reproduce at the anchor commit.
Stage Time:           0h11m30s
Run Time:             16h54m58s
=============================================

==== Anchor Commit ====

2025-10-05 05:01:17
Session:   116
Kernel:    2020-03-15 - 1a0808cb9e417170ed6ab97254cf319dc3e3c310
Compiler:  ccache /home/syzretrospector/meerkat/compilers/gcc-8.1.0/bin/gcc
PoC:       /home/syzretrospector/meerkat/wd-meerkat-1/reproducers/repro-bug0715-6.prog
Attempt 0:
    No crashes found.
Attempt 1:
    No crashes found.
Attempt 2:
    No crashes found.
Attempt 3:
    No crashes found.
Attempt 4:
    No crashes found.
Attempt 5:
    No crashes found.
Attempt 6:
    No crashes found.
Attempt 7:
    No crashes found.
The bug was not found.

Failure: This bug cannot be found at the anchor commit.

==== Partial Result: Subsequent PoC Test ====
Reproducer:           /home/syzretrospector/meerkat/wd-meerkat-1/reproducers/repro-bug0715-6.prog
Bisection Result:     Failed to reproduce at the anchor commit.
Stage Time:           0h11m29s
Run Time:             17h6m27s
=============================================

==== Anchor Commit ====

2025-10-05 05:12:46
Session:   117
Kernel:    2020-03-15 - 1a0808cb9e417170ed6ab97254cf319dc3e3c310
Compiler:  ccache /home/syzretrospector/meerkat/compilers/gcc-8.1.0/bin/gcc
PoC:       /home/syzretrospector/meerkat/wd-meerkat-1/reproducers/repro-bug0715-1.prog
Attempt 0:
    No crashes found.
Attempt 1:
    No crashes found.
Attempt 2:
    No crashes found.
Attempt 3:
    No crashes found.
Attempt 4:
    No crashes found.
Attempt 5:
    No crashes found.
Attempt 6:
    No crashes found.
Attempt 7:
    No crashes found.
The bug was not found.

Failure: This bug cannot be found at the anchor commit.

==== Partial Result: Subsequent PoC Test ====
Reproducer:           /home/syzretrospector/meerkat/wd-meerkat-1/reproducers/repro-bug0715-1.prog
Bisection Result:     Failed to reproduce at the anchor commit.
Stage Time:           0h11m29s
Run Time:             17h17m56s
=============================================

====================================================================================================================================================
Bug Name:             WARNING in ar5523_cmd/usb_submit_urb
Big ID:               bug0715
Bug Link:             https://syzkaller.appspot.com/bug?extid=1bc2c2afd44f820a669f
Bisection Result:     2020-03-15 - f2c2e717642c66f7fe7e5dd69b2e8ff5849f4d10
Bisected Commit Name: usb: gadget: add raw-gadget interface
Run Time:             17h17m56s

Anchor Commit:        2022-08-11 - 7ebfc85e2cd7b08f518b526173e9a33b56b3913b
Bisection Result:     2020-03-15 - f2c2e717642c66f7fe7e5dd69b2e8ff5849f4d10
