./bin/bisector -i 5 -c /home/syzretrospector/syzinspector/wd-bisector-5/bisector.cfg -a 92901222f83d988617aee37680cb29e1a743b5e4 -F ff-test,poc-test,stateful-corpus,ff-no-find-backup
Bisecting:          general protection fault in hci_register_dev
Syzbot Link:        https://syzkaller.appspot.com/bug?extid=410a8e33c6a740b40d51
Working Name:       bug0806

No aliases given.

Anchor Commit:      92901222f83d988617aee37680cb29e1a743b5e4
Repository:         https://git.kernel.org/pub/scm/linux/kernel/git/torvalds/linux.git
Branch:             master
Arch:               amd64

Bisector:           /home/syzretrospector/syzinspector/
Version:            1.0.4
Kernel:             /home/syzretrospector/syzinspector/wd-bisector-5/kernel/
Syzkaller:          /home/syzretrospector/syzinspector/syzkaller/
Compilers:          /home/syzretrospector/compilers/
Ccache:             ccache
Image:              /home/syzretrospector/images/stretch/stretch.img
Image Key:          /home/syzretrospector/images/stretch/stretch.id_rsa

Workdir:            /home/syzretrospector/syzinspector/wd-bisector-5/
Kconfig:            /home/syzretrospector/syzinspector/wd-bisector-5/config-bug0806.txt
Reproducers: (1)    /home/syzretrospector/syzinspector/wd-bisector-5/reproducers/
Primary PoC:        /home/syzretrospector/syzinspector/wd-bisector-5/reproducers/repro-bug0806-1.prog
Syzkaller Workdir:  /home/syzretrospector/syzinspector/wd-bisector-5/wd-kaller/
Log Directory:      /home/syzretrospector/syzinspector/wd-bisector-5/log/

Syscalls: (5)       ["ioctl$KDADDIO", "ioctl$TIOCSETD", "openat$ptmx", "ioctl$F2FS_IOC_START_ATOMIC_WRITE", "openat$selinux_enforce"]
VM Count:           8
CPU Count:          2
Procs:              16
Memory:             4096
Make Procs:         16
Max Time:           10
Max Attempts:       1

==== Anchor Commit ====

2025-03-20 17:12:01
Session:   1
Kernel:    2023-09-02 - 92901222f83d988617aee37680cb29e1a743b5e4
Compiler:  ccache /home/syzretrospector/compilers/gcc-10.2.1-20210110/bin/gcc
Attempt 1:
    Time  Bug Name
       3  general protection fault in netdev_register_kobject
       3  general protection fault in netdev_register_kobject
       3  general protection fault in netdev_register_kobject
       3  general protection fault in netdev_register_kobject
       3  general protection fault in netdev_register_kobject
       4  general protection fault in netdev_register_kobject
       4  general protection fault in netdev_register_kobject
       4  general protection fault in netdev_register_kobject
       4  general protection fault in netdev_register_kobject
       5  general protection fault in netdev_register_kobject
***    5  general protection fault in hci_register_dev
Attempt 2: (RETRY)
    Time  Bug Name
       3  general protection fault in tty_register_device_attr
       4  general protection fault in netdev_register_kobject
       6  general protection fault in netdev_register_kobject
       7  general protection fault in tty_register_device_attr
       7  general protection fault in netdev_register_kobject
Attempt 3: (RETRY)
    Time  Bug Name
       3  general protection fault in netdev_register_kobject
       4  general protection fault in netdev_register_kobject
       4  general protection fault in netdev_register_kobject
       4  general protection fault in netdev_register_kobject
       4  general protection fault in netdev_register_kobject
       4  general protection fault in netdev_register_kobject
       4  general protection fault in netdev_register_kobject
***    7  general protection fault in hci_register_dev
The bug was found.

New Max Time: 12

==== Major Release Search ====
19 Releases

2025-03-20 17:46:55
Session:   2
Kernel:    2023-06-25 - 6995e2de6891c724bfeb2db33d7b87775f913ad1 (v6.4)
Compiler:  ccache /home/syzretrospector/compilers/gcc-10.2.1-20210110/bin/gcc
Attempt 1:
    No crashes found.
The bug was not found.
About 18 releases remaining

==== Kernel Bisection ====
25750 Linux commits

2025-03-20 18:12:21
Session:   3
Kernel:    2023-07-19 - 09c4a16d020f0d8ad9160e6d4db47fb890e2e487
Compiler:  ccache /home/syzretrospector/compilers/gcc-10.2.1-20210110/bin/gcc
Attempt 1:
    No crashes found.
The bug was not found.
About 12882 commits remaining

2025-03-20 18:36:17
Session:   4
Kernel:    2023-08-29 - adfd671676c922bada16477eb68b5eb5f065addc
Compiler:  ccache /home/syzretrospector/compilers/gcc-10.2.1-20210110/bin/gcc
Attempt 1:
    No crashes found.
The bug was not found.
About 6452 commits remaining

2025-03-20 19:00:13
Session:   5
Kernel:    2023-08-30 - 0e72db77672ff4758a31fb5259c754a7bb229751
Compiler:  ccache /home/syzretrospector/compilers/gcc-10.2.1-20210110/bin/gcc
Attempt 1:
    No crashes found.
The bug was not found.
About 2893 commits remaining

2025-03-20 19:24:23
Session:   6
Kernel:    2023-09-01 - 51e7accbe8ab51476fbe55fbb5616c12fb3a0beb
Compiler:  ccache /home/syzretrospector/compilers/gcc-10.2.1-20210110/bin/gcc
Attempt 1:
    No crashes found.
The bug was not found.
About 1472 commits remaining

2025-03-20 19:48:33
Session:   7
Kernel:    2023-09-01 - b84acc11b1c9552c9ca3a099b1610a6018619332
Compiler:  ccache /home/syzretrospector/compilers/gcc-10.2.1-20210110/bin/gcc
Attempt 1:
    Time  Bug Name
       4  general protection fault in netdev_register_kobject
       4  general protection fault in netdev_register_kobject
       4  general protection fault in netdev_register_kobject
       4  general protection fault in netdev_register_kobject
       4  general protection fault in netdev_register_kobject
       4  general protection fault in netdev_register_kobject
       5  general protection fault in netdev_register_kobject
       6  general protection fault in netdev_register_kobject
       6  general protection fault in netdev_register_kobject
***    7  general protection fault in hci_register_dev
***    7  general protection fault in hci_register_dev
***    7  general protection fault in hci_register_dev
Running syz-repro.
New PoC saved at /home/syzretrospector/syzinspector/wd-bisector-5/reproducers/repro-bug0806-0.prog
Primary PoC:     /home/syzretrospector/syzinspector/wd-bisector-5/reproducers/repro-bug0806-0.prog
Run Time:        0h12m0s
The bug was found.
About 601 commits remaining

2025-03-20 20:19:41
Session:   8
Kernel:    2023-09-01 - 28a4f91f5f251689c69155bc6a0b1afc9916c874
Compiler:  ccache /home/syzretrospector/compilers/gcc-10.2.1-20210110/bin/gcc
Attempt 1:
    Time  Bug Name
       4  general protection fault in tty_register_device_attr
       4  general protection fault in netdev_register_kobject
       4  general protection fault in netdev_register_kobject
       4  general protection fault in netdev_register_kobject
       4  general protection fault in netdev_register_kobject
       4  general protection fault in netdev_register_kobject
       5  general protection fault in netdev_register_kobject
       5  general protection fault in netdev_register_kobject
       6  general protection fault in netdev_register_kobject
       7  general protection fault in tty_register_device_attr
***    7  general protection fault in hci_register_dev
The bug was found.
About 309 commits remaining

2025-03-20 20:38:34
Session:   9
Kernel:    2023-08-22 - ebee41c8490aeb3ef2e7d25f5e97ce45c996da4d
Compiler:  ccache /home/syzretrospector/compilers/gcc-10.2.1-20210110/bin/gcc
Attempt 1:
    No crashes found.
The bug was not found.
About 9951 commits remaining

2025-03-20 21:02:41
Session:   10
Kernel:    2023-09-01 - e925992671907314b7db6793a28eb39b36bc21a4
Compiler:  ccache /home/syzretrospector/compilers/gcc-10.2.1-20210110/bin/gcc
Attempt 1:
    No crashes found.
The bug was not found.
About 236 commits remaining

2025-03-20 21:24:25
Session:   11
Kernel:    2023-08-27 - 008304079da79ab8dd122fe9e581494d10c0a3cc
Compiler:  ccache /home/syzretrospector/compilers/gcc-10.2.1-20210110/bin/gcc
Attempt 1:
    Time  Bug Name
      11  KASAN: slab-use-after-free Read in __dev_queue_xmit
The bug was not found.
About 9911 commits remaining

2025-03-20 21:41:06
Session:   12
Kernel:    2023-08-12 - 189057a1b61b7ee14fe40911eabc0a74da3cdf88
Compiler:  ccache /home/syzretrospector/compilers/gcc-10.2.1-20210110/bin/gcc
Attempt 1:
    No crashes found.
The bug was not found.
About 11000 commits remaining

2025-03-20 22:04:56
Session:   13
Kernel:    2023-08-19 - 1b28cb81dab7c1eedc6034206f4e8d644046ad31
Compiler:  ccache /home/syzretrospector/compilers/gcc-10.2.1-20210110/bin/gcc
Attempt 1:
    No crashes found.
The bug was not found.
About 10990 commits remaining

2025-03-20 22:21:18
Session:   14
Kernel:    2023-08-27 - 2aa91851ffa7cdfc0a63330d273115d38324b585
Compiler:  ccache /home/syzretrospector/compilers/gcc-10.2.1-20210110/bin/gcc
Attempt 1:
    No crashes found.
The bug was not found.
About 9906 commits remaining

2025-03-20 22:38:03
Session:   15
Kernel:    2023-09-01 - 8e1e49550dc85694abd04d86a8ee36bc98bd8b9e
Compiler:  ccache /home/syzretrospector/compilers/gcc-10.2.1-20210110/bin/gcc
Attempt 1:
    No crashes found.
The bug was not found.
About 34 commits remaining

2025-03-20 22:55:11
Session:   16
Kernel:    2023-08-22 - 29c8ab79e91d35b93cfab87bf67a11516f7b2051
Compiler:  ccache /home/syzretrospector/compilers/gcc-10.2.1-20210110/bin/gcc
Attempt 1:
    Time  Bug Name
       3  general protection fault in netdev_register_kobject
***    4  general protection fault in hci_register_dev
The bug was found.
About 33 commits remaining

2025-03-20 23:03:30
Session:   17
Kernel:    2023-08-22 - d21fdd07cea418c0d98c8a15fc95b8b8970801e7
Compiler:  ccache /home/syzretrospector/compilers/gcc-10.2.1-20210110/bin/gcc
Attempt 1:
    Time  Bug Name
       3  general protection fault in netdev_register_kobject
       3  general protection fault in netdev_register_kobject
       4  general protection fault in netdev_register_kobject
       4  general protection fault in netdev_register_kobject
The bug was not found.
About 2 commits remaining

==== Partial Result: Focused Fuzzing ====
Reproducer:           /home/syzretrospector/syzinspector/wd-bisector-5/reproducers/repro-bug0806-0.prog
Bisection Result:     2023-08-22 - 29c8ab79e91d35b93cfab87bf67a11516f7b2051
Bisected Commit Name: driver core: Call in reversed order in device_platform_notify_remove()
Stage Time:           6h7m30s
Run Time:             6h7m31s
=========================================

==== Anchor Commit ====

2025-03-20 23:19:31
Session:   18
Kernel:    2023-08-22 - d21fdd07cea418c0d98c8a15fc95b8b8970801e7
Compiler:  ccache /home/syzretrospector/compilers/gcc-10.2.1-20210110/bin/gcc
Attempt 0:
    No crashes found.
Attempt 1:
    No crashes found.
Attempt 2:
    No crashes found.
Attempt 3:
    No crashes found.
Attempt 4:
    No crashes found.
Attempt 5:
    No crashes found.
Attempt 6:
    No crashes found.
Attempt 7:
    No crashes found.
The bug was not found.

Failure: This bug cannot be found at the anchor commit.

====================================================================================================================================================
Bug Name:             general protection fault in hci_register_dev
Bug Link:             https://syzkaller.appspot.com/bug?extid=410a8e33c6a740b40d51
Bisection Result:     2023-08-22 - 29c8ab79e91d35b93cfab87bf67a11516f7b2051
Bisected Commit Name: driver core: Call in reversed order in device_platform_notify_remove()
Run Time:             6h13m38s

Anchor Commit:        2023-09-02 - 92901222f83d988617aee37680cb29e1a743b5e4
Bisection Result:     2023-08-22 - 29c8ab79e91d35b93cfab87bf67a11516f7b2051
