./bin/bisector -i 1 -c /mnt/sdd/jtbursey/SyzInspector/wd-bisector-1/bisector.cfg -a 7f50d4dfe816dd916a7cbf39039674825c2b388b -F ff-test,poc-test,stateful-corpus,ff-no-find-backup
Bisecting:          KASAN: use-after-free Read in nf_confirm
Warning: No syscall found that produces fd_block_trace.
Warning: No syscall found that uses tcp_seq_num.
Syzbot Link:        https://syzkaller.appspot.com/bug?id=8d094d6bc5fba75ff8d065959e44152c39e58690
Working Name:       bug0096

No aliases given.

Anchor Commit:      7f50d4dfe816dd916a7cbf39039674825c2b388b
Repository:         https://git.kernel.org/pub/scm/linux/kernel/git/torvalds/linux.git
Branch:             master
Arch:               amd64

Bisector:           /mnt/sdd/jtbursey/SyzInspector/
Version:            1.0.4
Kernel:             /mnt/sdd/jtbursey/SyzInspector/wd-bisector-1/kernel/
Syzkaller:          /mnt/sdd/jtbursey/SyzInspector/syzkaller/
Compilers:          /mnt/sda/jtbursey/SyzInspector/compilers/
Ccache:             ccache
Image:              /mnt/sda/jtbursey/SyzInspector/image/stretch/stretch.img
Image Key:          /mnt/sda/jtbursey/SyzInspector/image/stretch/stretch.id_rsa

Workdir:            /mnt/sdd/jtbursey/SyzInspector/wd-bisector-1/
Kconfig:            /mnt/sdd/jtbursey/SyzInspector/wd-bisector-1/config-bug0096.txt
Reproducers: (10)   /mnt/sdd/jtbursey/SyzInspector/wd-bisector-1/reproducers/
Primary PoC:        /mnt/sdd/jtbursey/SyzInspector/wd-bisector-1/reproducers/repro-bug0096-1.prog
Syzkaller Workdir:  /mnt/sdd/jtbursey/SyzInspector/wd-bisector-1/wd-kaller/
Log Directory:      /mnt/sdd/jtbursey/SyzInspector/wd-bisector-1/log/

Syscalls: (47)      ["connect$inet", "connect$rxrpc", "ioctl$EXT4_IOC_PRECACHE_EXTENTS", "ioctl$FS_IOC_RESVSP", "ioctl$NBD_DO_IT", "ioctl$NBD_SET_SIZE_BLOCKS", "ioctl$NBD_SET_SOCK", "openat$cgroup_ro", "recvmmsg", "sendmmsg", "sendmsg", "sendmsg$kcm", "sendmsg$nl_route", "socket", "socket$inet_udp", "socket$kcm", "socket$nl_route", "socketpair$nbd", "syz_80211_inject_frame", "syz_emit_ethernet", "syz_open_dev$ndb", "syz_open_procfs$namespace", "write$binfmt_elf32", "write$binfmt_script", "socket$inet", "socket$rxrpc", "openat$cgroup_root", "syz_clone", "openat$binfmt", "openat$nullb", "getrusage", "clock_gettime", "socket$netlink", "ioctl$sock_SIOCGIFINDEX", "mount$9p_tcp", "getuid", "ioctl$ifreq_SIOCGIFINDEX_vcan", "syz_create_resource$binfmt", "ioctl$IOCTL_GET_NCIDEV_IDX", "bpf$OBJ_GET_PROG", "utimes", "openat$nci", "socket$inet6_udp", "socket$inet6", "setgid", "getgid", "syz_extract_tcp_res"]
VM Count:           4
CPU Count:          4
Procs:              24
Memory:             4096
Make Procs:         16
Max Time:           10
Max Attempts:       1

==== Anchor Commit ====

2025-03-07 02:57:48
Session:   1
Kernel:    2022-05-26 - 7f50d4dfe816dd916a7cbf39039674825c2b388b
Compiler:  ccache /mnt/sda/jtbursey/SyzInspector/compilers/gcc-10.2.1-20210110/bin/gcc
Attempt 1:
    Time  Bug Name
***    2  KASAN: use-after-free Read in nf_confirm
Attempt 2: (RETRY)
    Time  Bug Name
***    4  KASAN: use-after-free Read in nf_confirm
***    4  KASAN: use-after-free Read in nf_confirm
Attempt 3: (RETRY)
    Time  Bug Name
       6  KASAN: slab-out-of-bounds Read in cttimeout_net_exit
       6  WARNING: ODEBUG bug in netdev_run_todo
***    6  KASAN: use-after-free Read in nf_confirm
The bug was found.

New Max Time: 10

==== Major Release Search ====
17 Releases

2025-03-07 03:24:05
Session:   2
Kernel:    2022-03-20 - f443e374ae131c168a065ea1748feac6b2e76613 (v5.17)
Compiler:  ccache /mnt/sda/jtbursey/SyzInspector/compilers/gcc-10.2.1-20210110/bin/gcc
Attempt 1:
    Time  Bug Name
       6  INFO: task hung in blkdev_put
      10  INFO: task hung in read_part_sector
The bug was not found.
About 16 releases remaining

==== Kernel Bisection ====
26107 Linux commits

2025-03-07 03:49:15
Session:   3
Kernel:    2022-03-30 - ee96dd9614f1c139e719dd2f296acbed7f1ab4b8
Compiler:  ccache /mnt/sda/jtbursey/SyzInspector/compilers/gcc-10.2.1-20210110/bin/gcc
Attempt 1:
    Time  Bug Name
       6  INFO: task hung in read_part_sector
       6  INFO: task hung in blkdev_put
       7  INFO: task hung in read_part_sector
       7  suppressed report
The bug was not found.
About 13058 commits remaining

2025-03-07 04:14:22
Session:   4
Kernel:    2022-05-25 - 5d1772b1739b085721431eef0c0400f3aff01abf
Compiler:  ccache /mnt/sda/jtbursey/SyzInspector/compilers/gcc-10.2.1-20210110/bin/gcc
Attempt 1:
    Time  Bug Name
       5  INFO: task hung in blkdev_put
       5  INFO: task hung in blkdev_put
       7  SYZFAIL: tun: ioctl(TUNSETIFF) failed
       7  SYZFAIL: tun: ioctl(TUNSETIFF) failed
The bug was not found.
This commit is flagged as unstable.
About 13058 commits remaining

2025-03-07 04:39:56
Session:   5
Kernel:    2022-05-24 - 827060261cf3c7b79ee7185d5aa61c851beb9403
Compiler:  ccache /mnt/sda/jtbursey/SyzInspector/compilers/gcc-10.2.1-20210110/bin/gcc
Attempt 1:
    Time  Bug Name
       4  WARNING in process_one_work
      10  INFO: task hung in read_part_sector
The bug was not found.
About 7539 commits remaining

2025-03-07 05:03:24
Session:   6
Kernel:    2022-05-25 - 2518f226c60d8e04d18ba4295500a5b0b8ac7659
Compiler:  ccache /mnt/sda/jtbursey/SyzInspector/compilers/gcc-10.2.1-20210110/bin/gcc
Attempt 1:
    Time  Bug Name
***    4  KASAN: use-after-free Read in nf_confirm
***    4  KASAN: use-after-free Read in nf_confirm
Running syz-repro.
New PoC saved at /mnt/sdd/jtbursey/SyzInspector/wd-bisector-1/reproducers/repro-bug0096-0.prog
Primary PoC:     /mnt/sdd/jtbursey/SyzInspector/wd-bisector-1/reproducers/repro-bug0096-0.prog
Run Time:        0h11m0s
The bug was found.
About 4580 commits remaining

2025-03-07 05:31:41
Session:   7
Kernel:    2022-05-24 - 57d7becda9c9e612e6b00676f2eecfac3e719e88
Compiler:  ccache /mnt/sda/jtbursey/SyzInspector/compilers/gcc-10.2.1-20210110/bin/gcc
Attempt 1:
    Time  Bug Name
***    4  KASAN: use-after-free Read in nf_confirm
***    4  KASAN: use-after-free Read in nf_confirm
The bug was found.
About 2000 commits remaining

2025-03-07 05:50:31
Session:   8
Kernel:    2022-05-03 - f43f0cd2d9b07caf38d744701b0b54d4244da8cc
Compiler:  ccache /mnt/sda/jtbursey/SyzInspector/compilers/gcc-10.2.1-20210110/bin/gcc
Attempt 1:
    Time  Bug Name
       6  INFO: task hung in read_part_sector
       6  INFO: task hung in blkdev_put
       6  INFO: task hung in blkdev_put
       6  suppressed report
The bug was not found.
About 1730 commits remaining

2025-03-07 06:13:59
Session:   9
Kernel:    2022-05-19 - 1a6dd9996699889313327be03981716a8337656b
Compiler:  ccache /mnt/sda/jtbursey/SyzInspector/compilers/gcc-10.2.1-20210110/bin/gcc
Attempt 1:
    Time  Bug Name
***    4  KASAN: use-after-free Read in nf_confirm
The bug was found.
About 1260 commits remaining

2025-03-07 06:31:30
Session:   10
Kernel:    2022-05-11 - 11ecf3412bdc583defd9c79584dd64ff82aa796d
Compiler:  ccache /mnt/sda/jtbursey/SyzInspector/compilers/gcc-10.2.1-20210110/bin/gcc
Attempt 1:
    Time  Bug Name
       7  SYZFAIL: tun: ioctl(TUNSETIFF) failed
       8  suppressed report
       9  SYZFAIL: tun: ioctl(TUNSETIFF) failed
The bug was not found.
This commit is flagged as unstable.
About 1260 commits remaining

2025-03-07 06:56:00
Session:   11
Kernel:    2022-05-04 - 6a9b3de82516551543d153aefa8fe3577cea7271
Compiler:  ccache /mnt/sda/jtbursey/SyzInspector/compilers/gcc-10.2.1-20210110/bin/gcc
Attempt 1:
    Time  Bug Name
       9  INFO: task hung in read_part_sector
The bug was not found.
About 1246 commits remaining

2025-03-07 07:19:30
Session:   12
Kernel:    2022-05-12 - 43213daed6d6cb60e8cf69058a6db8648a556d9d
Compiler:  ccache /mnt/sda/jtbursey/SyzInspector/compilers/gcc-10.2.1-20210110/bin/gcc
Attempt 1:
    Time  Bug Name
       8  suppressed report
The bug was not found.
About 662 commits remaining

2025-03-07 07:45:36
Session:   13
Kernel:    2022-05-16 - 36f7cec4f3af352d7f2c646461afba4cf7fd77b0
Compiler:  ccache /mnt/sda/jtbursey/SyzInspector/compilers/gcc-10.2.1-20210110/bin/gcc
Attempt 1:
    Time  Bug Name
***    4  KASAN: use-after-free Read in nf_confirm
Running syz-repro.
New PoC saved at /mnt/sdd/jtbursey/SyzInspector/wd-bisector-1/reproducers/repro-bug0096-11.prog
Primary PoC:     /mnt/sdd/jtbursey/SyzInspector/wd-bisector-1/reproducers/repro-bug0096-11.prog
Run Time:        0h12m0s
The bug was found.
About 334 commits remaining

2025-03-07 08:14:47
Session:   14
Kernel:    2022-05-13 - f9a210c72d70c9a59cf989fb23fb01ff10d18136
Compiler:  ccache /mnt/sda/jtbursey/SyzInspector/compilers/gcc-10.2.1-20210110/bin/gcc
Attempt 1:
    Time  Bug Name
       9  SYZFAIL: tun: ioctl(TUNSETIFF) failed
The bug was not found.
This commit is flagged as unstable.
About 334 commits remaining

2025-03-07 08:33:25
Session:   15
Kernel:    2022-05-13 - a65cc84355407d1b149d4fd6843ac5cd18168bcc
Compiler:  ccache /mnt/sda/jtbursey/SyzInspector/compilers/gcc-10.2.1-20210110/bin/gcc
Attempt 1:
    Time  Bug Name
       9  SYZFAIL: tun: ioctl(TUNSETIFF) failed
The bug was not found.
This commit is flagged as unstable.
About 334 commits remaining

2025-03-07 08:58:20
Session:   16
Kernel:    2022-05-12 - 6d0be600477089026c76fe529bd96fad4cf69c3b
Compiler:  ccache /mnt/sda/jtbursey/SyzInspector/compilers/gcc-10.2.1-20210110/bin/gcc
Attempt 1:
    Time  Bug Name
       9  SYZFAIL: tun: ioctl(TUNSETIFF) failed
      10  SYZFAIL: tun: ioctl(TUNSETIFF) failed
The bug was not found.
This commit is flagged as unstable.
About 334 commits remaining

2025-03-07 09:17:41
Session:   17
Kernel:    2022-05-13 - ab0bed4bf6fae8a42cf3b08b38e1fffb1a79193a
Compiler:  ccache /mnt/sda/jtbursey/SyzInspector/compilers/gcc-10.2.1-20210110/bin/gcc
Attempt 1:
    No crashes found.
The bug was not found.
About 59 commits remaining

2025-03-07 09:35:30
Session:   18
Kernel:    2022-05-16 - 1a01a0751731c807c04e81d3c19c5b782d205af7
Compiler:  ccache /mnt/sda/jtbursey/SyzInspector/compilers/gcc-10.2.1-20210110/bin/gcc
Attempt 1:
    Time  Bug Name
***    4  KASAN: use-after-free Read in nf_confirm
The bug was found.
About 34 commits remaining

2025-03-07 09:52:57
Session:   19
Kernel:    2022-05-13 - 3412e16418286bdc12561827cbd22f94cb8af5e1
Compiler:  ccache /mnt/sda/jtbursey/SyzInspector/compilers/gcc-10.2.1-20210110/bin/gcc
Attempt 1:
    Time  Bug Name
***    3  KASAN: use-after-free Read in nf_confirm
The bug was found.
About 17 commits remaining

2025-03-07 10:09:04
Session:   20
Kernel:    2022-05-13 - ace53fdc262fa6751acd3d61f3236f84ae3340f1
Compiler:  ccache /mnt/sda/jtbursey/SyzInspector/compilers/gcc-10.2.1-20210110/bin/gcc
Attempt 1:
    Time  Bug Name
       4  KASAN: use-after-free Read in nf_ct_deliver_cached_events
       6  KASAN: use-after-free Read in nf_ct_deliver_cached_events
       7  KASAN: use-after-free Read in nf_ct_deliver_cached_events
       7  KASAN: use-after-free Read in nf_ct_deliver_cached_events
       8  KASAN: slab-out-of-bounds Read in cttimeout_net_exit
The bug was not found.
About 9 commits remaining

2025-03-07 10:27:10
Session:   21
Kernel:    2022-05-13 - 2794cdb0b97bfe62d25c996c8afe4832207e78bc
Compiler:  ccache /mnt/sda/jtbursey/SyzInspector/compilers/gcc-10.2.1-20210110/bin/gcc
Attempt 1:
    Time  Bug Name
       7  KASAN: slab-out-of-bounds Read in cttimeout_net_exit
       7  KASAN: slab-out-of-bounds Read in cttimeout_net_exit
       7  KASAN: slab-out-of-bounds Read in cttimeout_net_exit
       8  SYZFAIL: tun: ioctl(TUNSETIFF) failed
      10  KASAN: use-after-free Read in nf_ct_deliver_cached_events
The bug was not found.
This commit is flagged as unstable.
About 9 commits remaining

2025-03-07 10:52:03
Session:   22
Kernel:    2022-05-13 - 90d1daa45849f272b701f29d6ca88b24743c7553
Compiler:  ccache /mnt/sda/jtbursey/SyzInspector/compilers/gcc-10.2.1-20210110/bin/gcc
Attempt 1:
    Time  Bug Name
       7  KASAN: slab-out-of-bounds Read in cttimeout_net_exit
       8  KASAN: use-after-free Read in nf_ct_deliver_cached_events
       8  KASAN: slab-out-of-bounds Read in cttimeout_net_exit
       9  SYZFAIL: tun: ioctl(TUNSETIFF) failed
      10  KASAN: use-after-free Read in nf_ct_deliver_cached_events
The bug was not found.
This commit is flagged as unstable.
About 9 commits remaining

2025-03-07 11:12:22
Session:   23
Kernel:    2022-05-13 - 8169ff584003c871a226719e998bb034231954d6
Compiler:  ccache /mnt/sda/jtbursey/SyzInspector/compilers/gcc-10.2.1-20210110/bin/gcc
Attempt 1:
    Time  Bug Name
       5  KASAN: use-after-free Read in nf_ct_deliver_cached_events
       6  KASAN: use-after-free Read in nf_ct_deliver_cached_events
       8  KASAN: slab-out-of-bounds Read in cttimeout_net_exit
       9  KASAN: slab-out-of-bounds Read in cttimeout_net_exit
      10  KASAN: slab-out-of-bounds Read in cttimeout_net_exit
The bug was not found.
About 6 commits remaining

2025-03-07 11:30:58
Session:   24
Kernel:    2022-05-13 - b0a7ab4a776583b4344e8313638dc795f7589209
Compiler:  ccache /mnt/sda/jtbursey/SyzInspector/compilers/gcc-10.2.1-20210110/bin/gcc
Attempt 1:
    Time  Bug Name
       7  KASAN: slab-out-of-bounds Read in cttimeout_net_exit
       7  KASAN: slab-out-of-bounds Read in cttimeout_net_exit
       8  KASAN: use-after-free Read in nf_ct_deliver_cached_events
       9  KASAN: slab-out-of-bounds Read in cttimeout_net_exit
      10  KASAN: use-after-free Read in nf_ct_deliver_cached_events
The bug was not found.
About 4 commits remaining

2025-03-07 11:55:34
Session:   25
Kernel:    2022-05-13 - 8edc813111001e9be3cce066d3d4091d2ef04a1d
Compiler:  ccache /mnt/sda/jtbursey/SyzInspector/compilers/gcc-10.2.1-20210110/bin/gcc
Attempt 1:
    Time  Bug Name
***    6  KASAN: use-after-free Read in nf_confirm
Running syz-repro.
New PoC saved at /mnt/sdd/jtbursey/SyzInspector/wd-bisector-1/reproducers/repro-bug0096-12.prog
Primary PoC:     /mnt/sdd/jtbursey/SyzInspector/wd-bisector-1/reproducers/repro-bug0096-12.prog
Run Time:        0h22m0s
The bug was found.
Warning: Child process git exited with error status 2.
About 3 commits remaining
Git bisect reported multiple guilty commits
fatal: ambiguous argument '90d1daa45849f272b701f29d6ca88b24743c7553
': unknown revision or path not in the working tree.
Use '--' to separate paths from revisions, like this:
'git <command> [<revision>...] -- [<file>...]'
Warning: Child process git exited with error status 128.
Failed to read commit date: 90d1daa45849f272b701f29d6ca88b24743c7553


==== Partial Result: Focused Fuzzing ====
Reproducer:           /mnt/sdd/jtbursey/SyzInspector/wd-bisector-1/reproducers/repro-bug0096-12.prog
Bisection Result:     2022-05-13 - 8edc813111001e9be3cce066d3d4091d2ef04a1d
Bisected Commit Name: netfilter: prefer extension check to pointer check
Stage Time:           9h30m12s
Run Time:             9h30m17s
=========================================

==== Anchor Commit ====

2025-03-07 12:28:01
Session:   26
Kernel:    2022-05-13 - 90d1daa45849f272b701f29d6ca88b24743c7553

Compiler:  ccache /mnt/sda/jtbursey/SyzInspector/compilers/gcc-10.2.1-20210110/bin/gcc
Warning: Child process git exited with error status 128.
Warning: git exited with error status 0x80
Error: Failed to fetch 90d1daa45849f272b701f29d6ca88b24743c7553
 from https://git.kernel.org/pub/scm/linux/kernel/git/torvalds/linux.git
Error: Failed to fetch/checkout linux finding commit
Error: The kernel failed to make.
Error: Failed to go to anchor commit

====================================================================================================================================================
Bug Name:             KASAN: use-after-free Read in nf_confirm
Bug Link:             https://syzkaller.appspot.com/bug?id=8d094d6bc5fba75ff8d065959e44152c39e58690
Bisection Result:     2022-05-13 - 8edc813111001e9be3cce066d3d4091d2ef04a1d
Bisected Commit Name: netfilter: prefer extension check to pointer check
Run Time:             9h30m23s

Anchor Commit:        2022-05-26 - 7f50d4dfe816dd916a7cbf39039674825c2b388b
Bisection Result:     2022-05-13 - 8edc813111001e9be3cce066d3d4091d2ef04a1d
