./bin/bisector -i 5 -c /home/syzretrospector/syzinspector/wd-bisector-5/bisector.cfg -a 56e337f2cf1326323844927a04e9dbce9a244835 -F ff-test,poc-test,stateful-corpus,ff-no-find-backup
Bisecting:          possible deadlock in pipe_write
Syzbot Link:        https://syzkaller.appspot.com/bug?extid=011e4ea1da6692cf881c
Working Name:       bug0759

No aliases given.

Anchor Commit:      56e337f2cf1326323844927a04e9dbce9a244835
Repository:         https://git.kernel.org/pub/scm/linux/kernel/git/torvalds/linux.git
Branch:             master
Arch:               amd64

Bisector:           /home/syzretrospector/syzinspector/
Version:            1.0.4
Kernel:             /home/syzretrospector/syzinspector/wd-bisector-5/kernel/
Syzkaller:          /home/syzretrospector/syzinspector/syzkaller/
Compilers:          /home/syzretrospector/compilers/
Ccache:             ccache
Image:              /home/syzretrospector/images/stretch/stretch.img
Image Key:          /home/syzretrospector/images/stretch/stretch.id_rsa

Workdir:            /home/syzretrospector/syzinspector/wd-bisector-5/
Kconfig:            /home/syzretrospector/syzinspector/wd-bisector-5/config-bug0759.txt
Reproducers: (14)   /home/syzretrospector/syzinspector/wd-bisector-5/reproducers/
Primary PoC:        /home/syzretrospector/syzinspector/wd-bisector-5/reproducers/repro-bug0759-7.prog
Syzkaller Workdir:  /home/syzretrospector/syzinspector/wd-bisector-5/wd-kaller/
Log Directory:      /home/syzretrospector/syzinspector/wd-bisector-5/log/

Syscalls: (27)      ["dup", "pipe", "pipe2", "pipe2$9p", "pipe2$watch_queue", "splice", "syz_open_procfs", "vmsplice", "write", "write$FUSE_BMAP", "write$P9_RSTATu", "write$P9_RVERSION", "write$binfmt_elf64", "write$binfmt_misc", "write$cgroup_pid", "write$input_event", "syz_clone", "openat$fuse", "openat$binfmt", "openat$cgroup_procs", "openat$uinput", "read$FUSE", "getuid", "getgid", "syz_create_resource$binfmt", "openat$cgroup_root", "getrusage"]
VM Count:           8
CPU Count:          2
Procs:              16
Memory:             4096
Make Procs:         16
Max Time:           10
Max Attempts:       1

==== Anchor Commit ====

2025-03-16 16:44:42
Session:   1
Kernel:    2022-03-15 - 56e337f2cf1326323844927a04e9dbce9a244835
Compiler:  ccache /home/syzretrospector/compilers/gcc-10.2.1-20210110/bin/gcc
Warning: write$input_event was disabled by Syzkaller.
Attempt 1:
    Time  Bug Name
***    2  possible deadlock in pipe_write
***    2  possible deadlock in pipe_write
***    2  possible deadlock in pipe_write
***    2  possible deadlock in pipe_write
***    2  possible deadlock in pipe_write
***    2  possible deadlock in pipe_write
***    2  possible deadlock in pipe_write
***    2  possible deadlock in pipe_write
Warning: write$input_event was disabled by Syzkaller.
Attempt 2: (RETRY)
    Time  Bug Name
***    2  possible deadlock in pipe_write
***    2  possible deadlock in pipe_write
***    2  possible deadlock in pipe_write
***    2  possible deadlock in pipe_write
***    2  possible deadlock in pipe_write
***    2  possible deadlock in pipe_write
***    2  possible deadlock in pipe_write
***    2  possible deadlock in pipe_write
Warning: write$input_event was disabled by Syzkaller.
Attempt 3: (RETRY)
    Time  Bug Name
***    2  possible deadlock in pipe_write
***    2  possible deadlock in pipe_write
***    2  possible deadlock in pipe_write
***    2  possible deadlock in pipe_write
***    2  possible deadlock in pipe_write
***    2  possible deadlock in pipe_write
***    2  possible deadlock in pipe_write
***    2  possible deadlock in pipe_write
The bug was found.

New Max Time: 10

==== Major Release Search ====
17 Releases

2025-03-16 17:00:59
Session:   2
Kernel:    2021-10-31 - 8bb7eca972ad531c9b149c0a51ab43a417385813 (v5.15)
Compiler:  ccache /home/syzretrospector/compilers/gcc-10.2.1-20210110/bin/gcc
Warning: write$input_event was disabled by Syzkaller.
Attempt 1:
    Time  Bug Name
***    2  possible deadlock in pipe_write
***    2  possible deadlock in pipe_write
***    2  possible deadlock in pipe_write
***    2  possible deadlock in pipe_write
***    2  possible deadlock in pipe_write
***    2  possible deadlock in pipe_write
***    2  possible deadlock in pipe_write
***    2  possible deadlock in pipe_write
Running syz-repro.
New PoC saved at /home/syzretrospector/syzinspector/wd-bisector-5/reproducers/repro-bug0759-0.prog
Primary PoC:     /home/syzretrospector/syzinspector/wd-bisector-5/reproducers/repro-bug0759-0.prog
Run Time:        0h7m0s
The bug was found.
About 16 releases remaining

2025-03-16 17:19:53
Session:   3
Kernel:    2021-08-29 - 7d2a07b769330c34b4deabeed939325c77a7ec2f (v5.14)
Compiler:  ccache /home/syzretrospector/compilers/gcc-10.2.1-20210110/bin/gcc
Warning: write$input_event was disabled by Syzkaller.
Attempt 1:
    Time  Bug Name
***    2  possible deadlock in pipe_write
***    2  possible deadlock in pipe_write
***    2  possible deadlock in pipe_write
***    2  possible deadlock in pipe_write
***    2  possible deadlock in pipe_write
***    2  possible deadlock in pipe_write
***    2  possible deadlock in pipe_write
***    2  possible deadlock in pipe_write
The bug was found.
About 15 releases remaining

2025-03-16 17:31:43
Session:   4
Kernel:    2021-06-27 - 62fb9874f5da54fdb243003b386128037319b219 (v5.13)
Compiler:  ccache /home/syzretrospector/compilers/gcc-10.2.1-20210110/bin/gcc
Warning: write$input_event was disabled by Syzkaller.
Attempt 1:
    Time  Bug Name
***    2  possible deadlock in pipe_write
***    2  possible deadlock in pipe_write
***    2  possible deadlock in pipe_write
***    2  possible deadlock in pipe_write
***    2  possible deadlock in pipe_write
***    2  possible deadlock in pipe_write
***    2  possible deadlock in pipe_write
***    2  possible deadlock in pipe_write
The bug was found.
About 14 releases remaining

2025-03-16 17:43:22
Session:   5
Kernel:    2021-02-14 - f40ddce88593482919761f74910f42f4b84c004b (v5.11)
Compiler:  ccache /home/syzretrospector/compilers/gcc-10.2.1-20210110/bin/gcc
Warning: write$input_event was disabled by Syzkaller.
Attempt 1:
    Time  Bug Name
***    2  possible deadlock in pipe_write
***    2  possible deadlock in pipe_write
***    2  possible deadlock in pipe_write
***    2  possible deadlock in pipe_write
***    2  possible deadlock in pipe_write
***    2  possible deadlock in pipe_write
***    2  possible deadlock in pipe_write
***    2  possible deadlock in pipe_write
Running syz-repro.
New PoC saved at /home/syzretrospector/syzinspector/wd-bisector-5/reproducers/repro-bug0759-1.prog
Primary PoC:     /home/syzretrospector/syzinspector/wd-bisector-5/reproducers/repro-bug0759-0.prog
Run Time:        0h6m0s
The bug was found.
About 13 releases remaining

2025-03-16 18:00:52
Session:   6
Kernel:    2020-10-11 - bbf5c979011a099af5dc76498918ed7df445635b (v5.9)
Compiler:  ccache /home/syzretrospector/compilers/gcc-10.1.0-syz/bin/gcc
Warning: write$input_event was disabled by Syzkaller.
Attempt 1:
    Time  Bug Name
***    2  possible deadlock in pipe_write
***    2  possible deadlock in pipe_write
***    2  possible deadlock in pipe_write
***    2  possible deadlock in pipe_write
***    2  possible deadlock in pipe_write
***    2  possible deadlock in pipe_write
***    2  possible deadlock in pipe_write
***    2  possible deadlock in pipe_write
The bug was found.
About 12 releases remaining

2025-03-16 18:11:51
Session:   7
Kernel:    2020-05-31 - 3d77e6a8804abcc0504c904bd6e5cdf3a5cf8162 (v5.7)
Compiler:  ccache /home/syzretrospector/compilers/gcc-10.1.0-syz/bin/gcc
Warning: write$input_event was disabled by Syzkaller.
Attempt 1:
    Time  Bug Name
       5  BUG: MAX_LOCKDEP_ENTRIES too low!
       5  BUG: MAX_LOCKDEP_ENTRIES too low!
       5  BUG: MAX_LOCKDEP_ENTRIES too low!
       5  BUG: MAX_LOCKDEP_ENTRIES too low!
       5  BUG: MAX_LOCKDEP_ENTRIES too low!
       6  BUG: MAX_LOCKDEP_ENTRIES too low!
       6  BUG: MAX_LOCKDEP_ENTRIES too low!
       6  BUG: MAX_LOCKDEP_ENTRIES too low!
      10  BUG: MAX_LOCKDEP_ENTRIES too low!
      10  BUG: MAX_LOCKDEP_ENTRIES too low!
      10  BUG: MAX_LOCKDEP_ENTRIES too low!
      10  BUG: MAX_LOCKDEP_ENTRIES too low!
      10  BUG: MAX_LOCKDEP_ENTRIES too low!
The bug was not found.
About 11 releases remaining

==== Kernel Bisection ====
33658 Linux commits

2025-03-16 18:30:56
Session:   8
Kernel:    2020-07-16 - 3e543a4d30014d45b6bb5d2095554be02153cefc
Compiler:  ccache /home/syzretrospector/compilers/gcc-10.1.0-syz/bin/gcc
Warning: write$input_event was disabled by Syzkaller.
Attempt 1:
    Time  Bug Name
***    2  possible deadlock in pipe_write
***    2  possible deadlock in pipe_write
***    2  possible deadlock in pipe_write
***    2  possible deadlock in pipe_write
***    2  possible deadlock in pipe_write
***    2  possible deadlock in pipe_write
***    2  possible deadlock in pipe_write
***    2  possible deadlock in pipe_write
The bug was found.
About 16820 commits remaining

2025-03-16 18:41:52
Session:   9
Kernel:    2020-06-04 - 631d6914085b4eea8d68a84f800974a6ad8fb5c0
Compiler:  ccache /home/syzretrospector/compilers/gcc-10.1.0-syz/bin/gcc
Warning: write$input_event was disabled by Syzkaller.
Attempt 1:
    Time  Bug Name
       5  WARNING in dev_mc_add
       6  BUG: MAX_LOCKDEP_ENTRIES too low!
       7  BUG: MAX_LOCKDEP_ENTRIES too low!
       7  BUG: MAX_LOCKDEP_ENTRIES too low!
       8  BUG: MAX_LOCKDEP_ENTRIES too low!
       8  BUG: MAX_LOCKDEP_ENTRIES too low!
       8  BUG: MAX_LOCKDEP_ENTRIES too low!
       8  BUG: MAX_LOCKDEP_ENTRIES too low!
The bug was not found.
About 8325 commits remaining

2025-03-16 19:00:25
Session:   10
Kernel:    2020-06-07 - 52e0ad262cd76696e8cd8510944b0bfdc0c140a9
Compiler:  ccache /home/syzretrospector/compilers/gcc-10.1.0-syz/bin/gcc
Attempt 1:
    Time  Bug Name
       1  BUG: using smp_processor_id() in preemptible code in ext4_mb_new_blocks
       1  BUG: using smp_processor_id() in preemptible code in ext4_mb_new_blocks
       1  BUG: using smp_processor_id() in preemptible code in ext4_mb_new_blocks
       1  BUG: using smp_processor_id() in preemptible code in ext4_mb_new_blocks
       1  BUG: using smp_processor_id() in preemptible code in ext4_mb_new_blocks
       1  BUG: using smp_processor_id() in preemptible code in ext4_mb_new_blocks
       1  BUG: using smp_processor_id() in preemptible code in ext4_mb_new_blocks
       2  BUG: using smp_processor_id() in preemptible code in ext4_mb_new_blocks
       2  BUG: using smp_processor_id() in preemptible code in ext4_mb_new_blocks
       2  BUG: using smp_processor_id() in preemptible code in ext4_mb_new_blocks
       2  BUG: using smp_processor_id() in preemptible code in ext4_mb_new_blocks
       2  BUG: using smp_processor_id() in preemptible code in ext4_mb_new_blocks
       2  BUG: using smp_processor_id() in preemptible code in ext4_mb_new_blocks
       2  BUG: using smp_processor_id() in preemptible code in ext4_mb_new_blocks
       2  BUG: using smp_processor_id() in preemptible code in ext4_mb_new_blocks
       2  BUG: using smp_processor_id() in preemptible code in ext4_mb_new_blocks
       3  BUG: using smp_processor_id() in preemptible code in ext4_mb_new_blocks
       3  BUG: using smp_processor_id() in preemptible code in ext4_mb_new_blocks
       3  BUG: using smp_processor_id() in preemptible code in ext4_mb_new_blocks
       3  BUG: using smp_processor_id() in preemptible code in ext4_mb_new_blocks
       3  BUG: using smp_processor_id() in preemptible code in ext4_mb_new_blocks
       3  BUG: using smp_processor_id() in preemptible code in ext4_mb_new_blocks
       3  BUG: using smp_processor_id() in preemptible code in ext4_mb_new_blocks
       3  BUG: using smp_processor_id() in preemptible code in ext4_mb_new_blocks
       4  BUG: using smp_processor_id() in preemptible code in ext4_mb_new_blocks
       4  BUG: using smp_processor_id() in preemptible code in ext4_mb_new_blocks
       4  BUG: using smp_processor_id() in preemptible code in ext4_mb_new_blocks
       4  BUG: using smp_processor_id() in preemptible code in ext4_mb_new_blocks
       4  BUG: using smp_processor_id() in preemptible code in ext4_mb_new_blocks
       4  BUG: using smp_processor_id() in preemptible code in ext4_mb_new_blocks
       4  BUG: using smp_processor_id() in preemptible code in ext4_mb_new_blocks
       4  BUG: using smp_processor_id() in preemptible code in ext4_mb_new_blocks
       5  BUG: using smp_processor_id() in preemptible code in ext4_mb_new_blocks
       5  BUG: using smp_processor_id() in preemptible code in ext4_mb_new_blocks
       5  BUG: using smp_processor_id() in preemptible code in ext4_mb_new_blocks
       5  BUG: using smp_processor_id() in preemptible code in ext4_mb_new_blocks
       5  BUG: using smp_processor_id() in preemptible code in ext4_mb_new_blocks
       5  BUG: using smp_processor_id() in preemptible code in ext4_mb_new_blocks
       5  BUG: using smp_processor_id() in preemptible code in ext4_mb_new_blocks
       5  BUG: using smp_processor_id() in preemptible code in ext4_mb_new_blocks
       6  BUG: using smp_processor_id() in preemptible code in ext4_mb_new_blocks
       6  BUG: using smp_processor_id() in preemptible code in ext4_mb_new_blocks
       6  BUG: using smp_processor_id() in preemptible code in ext4_mb_new_blocks
       6  BUG: using smp_processor_id() in preemptible code in ext4_mb_new_blocks
       6  BUG: using smp_processor_id() in preemptible code in ext4_mb_new_blocks
       6  BUG: using smp_processor_id() in preemptible code in ext4_mb_new_blocks
       6  BUG: using smp_processor_id() in preemptible code in ext4_mb_new_blocks
       6  BUG: using smp_processor_id() in preemptible code in ext4_mb_new_blocks
       6  BUG: using smp_processor_id() in preemptible code in ext4_mb_new_blocks
       6  BUG: using smp_processor_id() in preemptible code in ext4_mb_new_blocks
       6  BUG: using smp_processor_id() in preemptible code in ext4_mb_new_blocks
       6  BUG: using smp_processor_id() in preemptible code in ext4_mb_new_blocks
       6  BUG: using smp_processor_id() in preemptible code in ext4_mb_new_blocks
       6  BUG: using smp_processor_id() in preemptible code in ext4_mb_new_blocks
       6  BUG: using smp_processor_id() in preemptible code in ext4_mb_new_blocks
       6  BUG: using smp_processor_id() in preemptible code in ext4_mb_new_blocks
       7  BUG: using smp_processor_id() in preemptible code in ext4_mb_new_blocks
       7  BUG: using smp_processor_id() in preemptible code in ext4_mb_new_blocks
       7  BUG: using smp_processor_id() in preemptible code in ext4_mb_new_blocks
       7  BUG: using smp_processor_id() in preemptible code in ext4_mb_new_blocks
       7  BUG: using smp_processor_id() in preemptible code in ext4_mb_new_blocks
       7  BUG: using smp_processor_id() in preemptible code in ext4_mb_new_blocks
       7  BUG: using smp_processor_id() in preemptible code in ext4_mb_new_blocks
       7  BUG: using smp_processor_id() in preemptible code in ext4_mb_new_blocks
       8  BUG: using smp_processor_id() in preemptible code in ext4_mb_new_blocks
       8  BUG: using smp_processor_id() in preemptible code in ext4_mb_new_blocks
       8  BUG: using smp_processor_id() in preemptible code in ext4_mb_new_blocks
       8  BUG: using smp_processor_id() in preemptible code in ext4_mb_new_blocks
       8  BUG: using smp_processor_id() in preemptible code in ext4_mb_new_blocks
       8  BUG: using smp_processor_id() in preemptible code in ext4_mb_new_blocks
       8  BUG: using smp_processor_id() in preemptible code in ext4_mb_new_blocks
       8  BUG: using smp_processor_id() in preemptible code in ext4_mb_new_blocks
       9  BUG: using smp_processor_id() in preemptible code in ext4_mb_new_blocks
       9  BUG: using smp_processor_id() in preemptible code in ext4_mb_new_blocks
       9  BUG: using smp_processor_id() in preemptible code in ext4_mb_new_blocks
       9  BUG: using smp_processor_id() in preemptible code in ext4_mb_new_blocks
       9  BUG: using smp_processor_id() in preemptible code in ext4_mb_new_blocks
       9  BUG: using smp_processor_id() in preemptible code in ext4_mb_new_blocks
       9  BUG: using smp_processor_id() in preemptible code in ext4_mb_new_blocks
       9  BUG: using smp_processor_id() in preemptible code in ext4_mb_new_blocks
      10  BUG: using smp_processor_id() in preemptible code in ext4_mb_new_blocks
      10  BUG: using smp_processor_id() in preemptible code in ext4_mb_new_blocks
      10  BUG: using smp_processor_id() in preemptible code in ext4_mb_new_blocks
      10  BUG: using smp_processor_id() in preemptible code in ext4_mb_new_blocks
      10  BUG: using smp_processor_id() in preemptible code in ext4_mb_new_blocks
      10  BUG: using smp_processor_id() in preemptible code in ext4_mb_new_blocks
      10  BUG: using smp_processor_id() in preemptible code in ext4_mb_new_blocks
      10  BUG: using smp_processor_id() in preemptible code in ext4_mb_new_blocks
      10  BUG: using smp_processor_id() in preemptible code in ext4_mb_new_blocks
      10  BUG: using smp_processor_id() in preemptible code in ext4_mb_new_blocks
      10  BUG: using smp_processor_id() in preemptible code in ext4_mb_new_blocks
      10  BUG: using smp_processor_id() in preemptible code in ext4_mb_new_blocks
The bug was not found.
About 4155 commits remaining

2025-03-16 19:19:04
Session:   11
Kernel:    2020-06-13 - d74b15dbbbd2741f3580d7c884cd285144ae0cab
Compiler:  ccache /home/syzretrospector/compilers/gcc-10.1.0-syz/bin/gcc
Attempt 1:
    Time  Bug Name
       1  BUG: using smp_processor_id() in preemptible code in ext4_mb_new_blocks
       1  BUG: using smp_processor_id() in preemptible code in ext4_mb_new_blocks
       1  BUG: using smp_processor_id() in preemptible code in ext4_mb_new_blocks
       1  BUG: using smp_processor_id() in preemptible code in ext4_mb_new_blocks
       1  BUG: using smp_processor_id() in preemptible code in ext4_mb_new_blocks
       1  BUG: using smp_processor_id() in preemptible code in ext4_mb_new_blocks
       1  BUG: using smp_processor_id() in preemptible code in ext4_mb_new_blocks
       1  BUG: using smp_processor_id() in preemptible code in ext4_mb_new_blocks
       2  BUG: using smp_processor_id() in preemptible code in ext4_mb_new_blocks
       2  BUG: using smp_processor_id() in preemptible code in ext4_mb_new_blocks
       2  BUG: using smp_processor_id() in preemptible code in ext4_mb_new_blocks
       2  BUG: using smp_processor_id() in preemptible code in ext4_mb_new_blocks
       2  BUG: using smp_processor_id() in preemptible code in ext4_mb_new_blocks
       2  BUG: using smp_processor_id() in preemptible code in ext4_mb_new_blocks
       2  BUG: using smp_processor_id() in preemptible code in ext4_mb_new_blocks
       2  BUG: using smp_processor_id() in preemptible code in ext4_mb_new_blocks
       3  BUG: using smp_processor_id() in preemptible code in ext4_mb_new_blocks
       3  BUG: using smp_processor_id() in preemptible code in ext4_mb_new_blocks
       3  BUG: using smp_processor_id() in preemptible code in ext4_mb_new_blocks
       3  BUG: using smp_processor_id() in preemptible code in ext4_mb_new_blocks
       3  BUG: using smp_processor_id() in preemptible code in ext4_mb_new_blocks
       3  BUG: using smp_processor_id() in preemptible code in ext4_mb_new_blocks
       3  BUG: using smp_processor_id() in preemptible code in ext4_mb_new_blocks
       3  BUG: using smp_processor_id() in preemptible code in ext4_mb_new_blocks
       4  BUG: using smp_processor_id() in preemptible code in ext4_mb_new_blocks
       4  BUG: using smp_processor_id() in preemptible code in ext4_mb_new_blocks
       4  BUG: using smp_processor_id() in preemptible code in ext4_mb_new_blocks
       4  BUG: using smp_processor_id() in preemptible code in ext4_mb_new_blocks
       4  BUG: using smp_processor_id() in preemptible code in ext4_mb_new_blocks
       4  BUG: using smp_processor_id() in preemptible code in ext4_mb_new_blocks
       4  BUG: using smp_processor_id() in preemptible code in ext4_mb_new_blocks
       4  BUG: using smp_processor_id() in preemptible code in ext4_mb_new_blocks
       5  BUG: using smp_processor_id() in preemptible code in ext4_mb_new_blocks
       5  BUG: using smp_processor_id() in preemptible code in ext4_mb_new_blocks
       5  BUG: using smp_processor_id() in preemptible code in ext4_mb_new_blocks
       5  BUG: using smp_processor_id() in preemptible code in ext4_mb_new_blocks
       5  BUG: using smp_processor_id() in preemptible code in ext4_mb_new_blocks
       5  BUG: using smp_processor_id() in preemptible code in ext4_mb_new_blocks
       5  BUG: using smp_processor_id() in preemptible code in ext4_mb_new_blocks
       5  BUG: using smp_processor_id() in preemptible code in ext4_mb_new_blocks
       6  BUG: using smp_processor_id() in preemptible code in ext4_mb_new_blocks
       6  BUG: using smp_processor_id() in preemptible code in ext4_mb_new_blocks
       6  BUG: using smp_processor_id() in preemptible code in ext4_mb_new_blocks
       6  BUG: using smp_processor_id() in preemptible code in ext4_mb_new_blocks
       6  BUG: using smp_processor_id() in preemptible code in ext4_mb_new_blocks
       6  BUG: using smp_processor_id() in preemptible code in ext4_mb_new_blocks
       6  BUG: using smp_processor_id() in preemptible code in ext4_mb_new_blocks
       6  BUG: using smp_processor_id() in preemptible code in ext4_mb_new_blocks
       6  BUG: using smp_processor_id() in preemptible code in ext4_mb_new_blocks
       6  BUG: using smp_processor_id() in preemptible code in ext4_mb_new_blocks
       6  BUG: using smp_processor_id() in preemptible code in ext4_mb_new_blocks
       6  BUG: using smp_processor_id() in preemptible code in ext4_mb_new_blocks
       6  BUG: using smp_processor_id() in preemptible code in ext4_mb_new_blocks
       6  BUG: using smp_processor_id() in preemptible code in ext4_mb_new_blocks
       6  BUG: using smp_processor_id() in preemptible code in ext4_mb_new_blocks
       6  BUG: using smp_processor_id() in preemptible code in ext4_mb_new_blocks
       7  BUG: using smp_processor_id() in preemptible code in ext4_mb_new_blocks
       7  BUG: using smp_processor_id() in preemptible code in ext4_mb_new_blocks
       7  BUG: using smp_processor_id() in preemptible code in ext4_mb_new_blocks
       7  BUG: using smp_processor_id() in preemptible code in ext4_mb_new_blocks
       7  BUG: using smp_processor_id() in preemptible code in ext4_mb_new_blocks
       7  BUG: using smp_processor_id() in preemptible code in ext4_mb_new_blocks
       7  BUG: using smp_processor_id() in preemptible code in ext4_mb_new_blocks
       7  BUG: using smp_processor_id() in preemptible code in ext4_mb_new_blocks
       8  BUG: using smp_processor_id() in preemptible code in ext4_mb_new_blocks
       8  BUG: using smp_processor_id() in preemptible code in ext4_mb_new_blocks
       8  BUG: using smp_processor_id() in preemptible code in ext4_mb_new_blocks
       8  BUG: using smp_processor_id() in preemptible code in ext4_mb_new_blocks
       8  BUG: using smp_processor_id() in preemptible code in ext4_mb_new_blocks
       8  BUG: using smp_processor_id() in preemptible code in ext4_mb_new_blocks
       8  BUG: using smp_processor_id() in preemptible code in ext4_mb_new_blocks
       8  BUG: using smp_processor_id() in preemptible code in ext4_mb_new_blocks
       9  BUG: using smp_processor_id() in preemptible code in ext4_mb_new_blocks
       9  BUG: using smp_processor_id() in preemptible code in ext4_mb_new_blocks
       9  BUG: using smp_processor_id() in preemptible code in ext4_mb_new_blocks
       9  BUG: using smp_processor_id() in preemptible code in ext4_mb_new_blocks
       9  BUG: using smp_processor_id() in preemptible code in ext4_mb_new_blocks
       9  BUG: using smp_processor_id() in preemptible code in ext4_mb_new_blocks
       9  BUG: using smp_processor_id() in preemptible code in ext4_mb_new_blocks
       9  BUG: using smp_processor_id() in preemptible code in ext4_mb_new_blocks
      10  BUG: using smp_processor_id() in preemptible code in ext4_mb_new_blocks
      10  BUG: using smp_processor_id() in preemptible code in ext4_mb_new_blocks
      10  BUG: using smp_processor_id() in preemptible code in ext4_mb_new_blocks
      10  BUG: using smp_processor_id() in preemptible code in ext4_mb_new_blocks
      10  BUG: using smp_processor_id() in preemptible code in ext4_mb_new_blocks
      10  BUG: using smp_processor_id() in preemptible code in ext4_mb_new_blocks
      10  BUG: using smp_processor_id() in preemptible code in ext4_mb_new_blocks
      10  BUG: using smp_processor_id() in preemptible code in ext4_mb_new_blocks
      10  BUG: using smp_processor_id() in preemptible code in ext4_mb_new_blocks
      10  BUG: using smp_processor_id() in preemptible code in ext4_mb_new_blocks
      10  BUG: using smp_processor_id() in preemptible code in ext4_mb_new_blocks
      10  BUG: using smp_processor_id() in preemptible code in ext4_mb_new_blocks
      10  BUG: using smp_processor_id() in preemptible code in ext4_mb_new_blocks
      10  BUG: using smp_processor_id() in preemptible code in ext4_mb_new_blocks
The bug was not found.
About 2082 commits remaining

2025-03-16 19:37:58
Session:   12
Kernel:    2020-06-26 - 7c902e273019ce60c1cb4d195e3cfd803969fd04
Compiler:  ccache /home/syzretrospector/compilers/gcc-10.1.0-syz/bin/gcc
Warning: write$input_event was disabled by Syzkaller.
Attempt 1:
    Time  Bug Name
***    2  possible deadlock in pipe_write
***    2  possible deadlock in pipe_write
***    2  possible deadlock in pipe_write
***    2  possible deadlock in pipe_write
***    2  possible deadlock in pipe_write
***    2  possible deadlock in pipe_write
***    2  possible deadlock in pipe_write
***    2  possible deadlock in pipe_write
Running syz-repro.
New PoC saved at /home/syzretrospector/syzinspector/wd-bisector-5/reproducers/repro-bug0759-1.prog
Primary PoC:     /home/syzretrospector/syzinspector/wd-bisector-5/reproducers/repro-bug0759-0.prog
Run Time:        0h7m0s
The bug was found.
About 1029 commits remaining

2025-03-16 19:55:53
Session:   13
Kernel:    2020-06-19 - 84bc1993e28b2d3cf6110bab0b625e8119825403
Compiler:  ccache /home/syzretrospector/compilers/gcc-10.1.0-syz/bin/gcc
Warning: write$input_event was disabled by Syzkaller.
Attempt 1:
    Time  Bug Name
***    2  possible deadlock in pipe_write
***    2  possible deadlock in pipe_write
***    2  possible deadlock in pipe_write
***    2  possible deadlock in pipe_write
***    2  possible deadlock in pipe_write
***    2  possible deadlock in pipe_write
       2  KASAN: use-after-free Write in afs_wake_up_async_call
       2  KASAN: use-after-free Write in afs_wake_up_async_call
The bug was found.
About 514 commits remaining

2025-03-16 20:06:45
Session:   14
Kernel:    2020-06-13 - f82e7b57b5fc48199e2f26ffafe2f96f7338ad3d
Compiler:  ccache /home/syzretrospector/compilers/gcc-10.1.0-syz/bin/gcc
Attempt 1:
    Time  Bug Name
       1  BUG: using smp_processor_id() in preemptible code in ext4_mb_new_blocks
       1  BUG: using smp_processor_id() in preemptible code in ext4_mb_new_blocks
       1  BUG: using smp_processor_id() in preemptible code in ext4_mb_new_blocks
       1  BUG: using smp_processor_id() in preemptible code in ext4_mb_new_blocks
       1  BUG: using smp_processor_id() in preemptible code in ext4_mb_new_blocks
       1  BUG: using smp_processor_id() in preemptible code in ext4_mb_new_blocks
       1  BUG: using smp_processor_id() in preemptible code in ext4_mb_new_blocks
       1  BUG: using smp_processor_id() in preemptible code in ext4_mb_new_blocks
       2  BUG: using smp_processor_id() in preemptible code in ext4_mb_new_blocks
       2  BUG: using smp_processor_id() in preemptible code in ext4_mb_new_blocks
       2  BUG: using smp_processor_id() in preemptible code in ext4_mb_new_blocks
       2  BUG: using smp_processor_id() in preemptible code in ext4_mb_new_blocks
       2  BUG: using smp_processor_id() in preemptible code in ext4_mb_new_blocks
       2  BUG: using smp_processor_id() in preemptible code in ext4_mb_new_blocks
       2  BUG: using smp_processor_id() in preemptible code in ext4_mb_new_blocks
       2  BUG: using smp_processor_id() in preemptible code in ext4_mb_new_blocks
       3  BUG: using smp_processor_id() in preemptible code in ext4_mb_new_blocks
       3  BUG: using smp_processor_id() in preemptible code in ext4_mb_new_blocks
       3  BUG: using smp_processor_id() in preemptible code in ext4_mb_new_blocks
       3  BUG: using smp_processor_id() in preemptible code in ext4_mb_new_blocks
       3  BUG: using smp_processor_id() in preemptible code in ext4_mb_new_blocks
       3  BUG: using smp_processor_id() in preemptible code in ext4_mb_new_blocks
       3  BUG: using smp_processor_id() in preemptible code in ext4_mb_new_blocks
       3  BUG: using smp_processor_id() in preemptible code in ext4_mb_new_blocks
       4  BUG: using smp_processor_id() in preemptible code in ext4_mb_new_blocks
       4  BUG: using smp_processor_id() in preemptible code in ext4_mb_new_blocks
       4  BUG: using smp_processor_id() in preemptible code in ext4_mb_new_blocks
       4  BUG: using smp_processor_id() in preemptible code in ext4_mb_new_blocks
       4  BUG: using smp_processor_id() in preemptible code in ext4_mb_new_blocks
       4  BUG: using smp_processor_id() in preemptible code in ext4_mb_new_blocks
       4  BUG: using smp_processor_id() in preemptible code in ext4_mb_new_blocks
       4  BUG: using smp_processor_id() in preemptible code in ext4_mb_new_blocks
       5  BUG: using smp_processor_id() in preemptible code in ext4_mb_new_blocks
       5  BUG: using smp_processor_id() in preemptible code in ext4_mb_new_blocks
       5  BUG: using smp_processor_id() in preemptible code in ext4_mb_new_blocks
       5  BUG: using smp_processor_id() in preemptible code in ext4_mb_new_blocks
       5  BUG: using smp_processor_id() in preemptible code in ext4_mb_new_blocks
       5  BUG: using smp_processor_id() in preemptible code in ext4_mb_new_blocks
       5  BUG: using smp_processor_id() in preemptible code in ext4_mb_new_blocks
       5  BUG: using smp_processor_id() in preemptible code in ext4_mb_new_blocks
       6  BUG: using smp_processor_id() in preemptible code in ext4_mb_new_blocks
       6  BUG: using smp_processor_id() in preemptible code in ext4_mb_new_blocks
       6  BUG: using smp_processor_id() in preemptible code in ext4_mb_new_blocks
       6  BUG: using smp_processor_id() in preemptible code in ext4_mb_new_blocks
       6  BUG: using smp_processor_id() in preemptible code in ext4_mb_new_blocks
       6  BUG: using smp_processor_id() in preemptible code in ext4_mb_new_blocks
       6  BUG: using smp_processor_id() in preemptible code in ext4_mb_new_blocks
       6  BUG: using smp_processor_id() in preemptible code in ext4_mb_new_blocks
       6  BUG: using smp_processor_id() in preemptible code in ext4_mb_new_blocks
       6  BUG: using smp_processor_id() in preemptible code in ext4_mb_new_blocks
       6  BUG: using smp_processor_id() in preemptible code in ext4_mb_new_blocks
       6  BUG: using smp_processor_id() in preemptible code in ext4_mb_new_blocks
       6  BUG: using smp_processor_id() in preemptible code in ext4_mb_new_blocks
       6  BUG: using smp_processor_id() in preemptible code in ext4_mb_new_blocks
       6  BUG: using smp_processor_id() in preemptible code in ext4_mb_new_blocks
       6  BUG: using smp_processor_id() in preemptible code in ext4_mb_new_blocks
       7  BUG: using smp_processor_id() in preemptible code in ext4_mb_new_blocks
       7  BUG: using smp_processor_id() in preemptible code in ext4_mb_new_blocks
       7  BUG: using smp_processor_id() in preemptible code in ext4_mb_new_blocks
       7  BUG: using smp_processor_id() in preemptible code in ext4_mb_new_blocks
       7  BUG: using smp_processor_id() in preemptible code in ext4_mb_new_blocks
       7  BUG: using smp_processor_id() in preemptible code in ext4_mb_new_blocks
       7  BUG: using smp_processor_id() in preemptible code in ext4_mb_new_blocks
       7  BUG: using smp_processor_id() in preemptible code in ext4_mb_new_blocks
       8  BUG: using smp_processor_id() in preemptible code in ext4_mb_new_blocks
       8  BUG: using smp_processor_id() in preemptible code in ext4_mb_new_blocks
       8  BUG: using smp_processor_id() in preemptible code in ext4_mb_new_blocks
       8  BUG: using smp_processor_id() in preemptible code in ext4_mb_new_blocks
       8  BUG: using smp_processor_id() in preemptible code in ext4_mb_new_blocks
       8  BUG: using smp_processor_id() in preemptible code in ext4_mb_new_blocks
       8  BUG: using smp_processor_id() in preemptible code in ext4_mb_new_blocks
       8  BUG: using smp_processor_id() in preemptible code in ext4_mb_new_blocks
       9  BUG: using smp_processor_id() in preemptible code in ext4_mb_new_blocks
       9  BUG: using smp_processor_id() in preemptible code in ext4_mb_new_blocks
       9  BUG: using smp_processor_id() in preemptible code in ext4_mb_new_blocks
       9  BUG: using smp_processor_id() in preemptible code in ext4_mb_new_blocks
       9  BUG: using smp_processor_id() in preemptible code in ext4_mb_new_blocks
       9  BUG: using smp_processor_id() in preemptible code in ext4_mb_new_blocks
       9  BUG: using smp_processor_id() in preemptible code in ext4_mb_new_blocks
       9  BUG: using smp_processor_id() in preemptible code in ext4_mb_new_blocks
      10  BUG: using smp_processor_id() in preemptible code in ext4_mb_new_blocks
      10  BUG: using smp_processor_id() in preemptible code in ext4_mb_new_blocks
      10  BUG: using smp_processor_id() in preemptible code in ext4_mb_new_blocks
      10  BUG: using smp_processor_id() in preemptible code in ext4_mb_new_blocks
      10  BUG: using smp_processor_id() in preemptible code in ext4_mb_new_blocks
      10  BUG: using smp_processor_id() in preemptible code in ext4_mb_new_blocks
      10  BUG: using smp_processor_id() in preemptible code in ext4_mb_new_blocks
      10  BUG: using smp_processor_id() in preemptible code in ext4_mb_new_blocks
      10  BUG: using smp_processor_id() in preemptible code in ext4_mb_new_blocks
      10  BUG: using smp_processor_id() in preemptible code in ext4_mb_new_blocks
      10  BUG: using smp_processor_id() in preemptible code in ext4_mb_new_blocks
      10  BUG: using smp_processor_id() in preemptible code in ext4_mb_new_blocks
      10  BUG: using smp_processor_id() in preemptible code in ext4_mb_new_blocks
The bug was not found.
About 265 commits remaining

2025-03-16 20:20:08
Session:   15
Kernel:    2020-06-15 - eb492c627a61b5630d5e6d9f6cfecbcd60611e05
Compiler:  ccache /home/syzretrospector/compilers/gcc-10.1.0-syz/bin/gcc
Attempt 1:
    Time  Bug Name
       1  BUG: using smp_processor_id() in preemptible code in ext4_mb_new_blocks
       1  BUG: using smp_processor_id() in preemptible code in ext4_mb_new_blocks
       1  BUG: using smp_processor_id() in preemptible code in ext4_mb_new_blocks
       1  BUG: using smp_processor_id() in preemptible code in ext4_mb_new_blocks
       1  BUG: using smp_processor_id() in preemptible code in ext4_mb_new_blocks
       1  BUG: using smp_processor_id() in preemptible code in ext4_mb_new_blocks
       1  BUG: using smp_processor_id() in preemptible code in ext4_mb_new_blocks
       1  BUG: using smp_processor_id() in preemptible code in ext4_mb_new_blocks
       2  BUG: using smp_processor_id() in preemptible code in ext4_mb_new_blocks
       2  BUG: using smp_processor_id() in preemptible code in ext4_mb_new_blocks
       2  BUG: using smp_processor_id() in preemptible code in ext4_mb_new_blocks
       2  BUG: using smp_processor_id() in preemptible code in ext4_mb_new_blocks
       2  BUG: using smp_processor_id() in preemptible code in ext4_mb_new_blocks
       2  BUG: using smp_processor_id() in preemptible code in ext4_mb_new_blocks
       2  BUG: using smp_processor_id() in preemptible code in ext4_mb_new_blocks
       2  BUG: using smp_processor_id() in preemptible code in ext4_mb_new_blocks
       3  BUG: using smp_processor_id() in preemptible code in ext4_mb_new_blocks
       3  BUG: using smp_processor_id() in preemptible code in ext4_mb_new_blocks
       3  BUG: using smp_processor_id() in preemptible code in ext4_mb_new_blocks
       3  BUG: using smp_processor_id() in preemptible code in ext4_mb_new_blocks
       3  BUG: using smp_processor_id() in preemptible code in ext4_mb_new_blocks
       3  BUG: using smp_processor_id() in preemptible code in ext4_mb_new_blocks
       3  BUG: using smp_processor_id() in preemptible code in ext4_mb_new_blocks
       3  BUG: using smp_processor_id() in preemptible code in ext4_mb_new_blocks
       4  BUG: using smp_processor_id() in preemptible code in ext4_mb_new_blocks
       4  BUG: using smp_processor_id() in preemptible code in ext4_mb_new_blocks
       4  BUG: using smp_processor_id() in preemptible code in ext4_mb_new_blocks
       4  BUG: using smp_processor_id() in preemptible code in ext4_mb_new_blocks
       4  BUG: using smp_processor_id() in preemptible code in ext4_mb_new_blocks
       4  BUG: using smp_processor_id() in preemptible code in ext4_mb_new_blocks
       4  BUG: using smp_processor_id() in preemptible code in ext4_mb_new_blocks
       4  BUG: using smp_processor_id() in preemptible code in ext4_mb_new_blocks
       5  BUG: using smp_processor_id() in preemptible code in ext4_mb_new_blocks
       5  BUG: using smp_processor_id() in preemptible code in ext4_mb_new_blocks
       5  BUG: using smp_processor_id() in preemptible code in ext4_mb_new_blocks
       5  BUG: using smp_processor_id() in preemptible code in ext4_mb_new_blocks
       5  BUG: using smp_processor_id() in preemptible code in ext4_mb_new_blocks
       5  BUG: using smp_processor_id() in preemptible code in ext4_mb_new_blocks
       5  BUG: using smp_processor_id() in preemptible code in ext4_mb_new_blocks
       5  BUG: using smp_processor_id() in preemptible code in ext4_mb_new_blocks
       6  BUG: using smp_processor_id() in preemptible code in ext4_mb_new_blocks
       6  BUG: using smp_processor_id() in preemptible code in ext4_mb_new_blocks
       6  BUG: using smp_processor_id() in preemptible code in ext4_mb_new_blocks
       6  BUG: using smp_processor_id() in preemptible code in ext4_mb_new_blocks
       6  BUG: using smp_processor_id() in preemptible code in ext4_mb_new_blocks
       6  BUG: using smp_processor_id() in preemptible code in ext4_mb_new_blocks
       6  BUG: using smp_processor_id() in preemptible code in ext4_mb_new_blocks
       6  BUG: using smp_processor_id() in preemptible code in ext4_mb_new_blocks
       6  BUG: using smp_processor_id() in preemptible code in ext4_mb_new_blocks
       6  BUG: using smp_processor_id() in preemptible code in ext4_mb_new_blocks
       6  BUG: using smp_processor_id() in preemptible code in ext4_mb_new_blocks
       6  BUG: using smp_processor_id() in preemptible code in ext4_mb_new_blocks
       6  BUG: using smp_processor_id() in preemptible code in ext4_mb_new_blocks
       6  BUG: using smp_processor_id() in preemptible code in ext4_mb_new_blocks
       6  BUG: using smp_processor_id() in preemptible code in ext4_mb_new_blocks
       6  BUG: using smp_processor_id() in preemptible code in ext4_mb_new_blocks
       7  BUG: using smp_processor_id() in preemptible code in ext4_mb_new_blocks
       7  BUG: using smp_processor_id() in preemptible code in ext4_mb_new_blocks
       7  BUG: using smp_processor_id() in preemptible code in ext4_mb_new_blocks
       7  BUG: using smp_processor_id() in preemptible code in ext4_mb_new_blocks
       7  BUG: using smp_processor_id() in preemptible code in ext4_mb_new_blocks
       7  BUG: using smp_processor_id() in preemptible code in ext4_mb_new_blocks
       7  BUG: using smp_processor_id() in preemptible code in ext4_mb_new_blocks
       7  BUG: using smp_processor_id() in preemptible code in ext4_mb_new_blocks
       8  BUG: using smp_processor_id() in preemptible code in ext4_mb_new_blocks
       8  BUG: using smp_processor_id() in preemptible code in ext4_mb_new_blocks
       8  BUG: using smp_processor_id() in preemptible code in ext4_mb_new_blocks
       8  BUG: using smp_processor_id() in preemptible code in ext4_mb_new_blocks
       8  BUG: using smp_processor_id() in preemptible code in ext4_mb_new_blocks
       8  BUG: using smp_processor_id() in preemptible code in ext4_mb_new_blocks
       8  BUG: using smp_processor_id() in preemptible code in ext4_mb_new_blocks
       8  BUG: using smp_processor_id() in preemptible code in ext4_mb_new_blocks
       9  BUG: using smp_processor_id() in preemptible code in ext4_mb_new_blocks
       9  BUG: using smp_processor_id() in preemptible code in ext4_mb_new_blocks
       9  BUG: using smp_processor_id() in preemptible code in ext4_mb_new_blocks
       9  BUG: using smp_processor_id() in preemptible code in ext4_mb_new_blocks
       9  BUG: using smp_processor_id() in preemptible code in ext4_mb_new_blocks
       9  BUG: using smp_processor_id() in preemptible code in ext4_mb_new_blocks
       9  BUG: using smp_processor_id() in preemptible code in ext4_mb_new_blocks
       9  BUG: using smp_processor_id() in preemptible code in ext4_mb_new_blocks
      10  BUG: using smp_processor_id() in preemptible code in ext4_mb_new_blocks
      10  BUG: using smp_processor_id() in preemptible code in ext4_mb_new_blocks
      10  BUG: using smp_processor_id() in preemptible code in ext4_mb_new_blocks
      10  BUG: using smp_processor_id() in preemptible code in ext4_mb_new_blocks
      10  BUG: using smp_processor_id() in preemptible code in ext4_mb_new_blocks
      10  BUG: using smp_processor_id() in preemptible code in ext4_mb_new_blocks
      10  BUG: using smp_processor_id() in preemptible code in ext4_mb_new_blocks
      10  BUG: using smp_processor_id() in preemptible code in ext4_mb_new_blocks
      10  BUG: using smp_processor_id() in preemptible code in ext4_mb_new_blocks
      10  BUG: using smp_processor_id() in preemptible code in ext4_mb_new_blocks
      10  BUG: using smp_processor_id() in preemptible code in ext4_mb_new_blocks
      10  BUG: using smp_processor_id() in preemptible code in ext4_mb_new_blocks
      10  BUG: using smp_processor_id() in preemptible code in ext4_mb_new_blocks
      10  BUG: using smp_processor_id() in preemptible code in ext4_mb_new_blocks
      10  BUG: using smp_processor_id() in preemptible code in ext4_mb_new_blocks
      10  BUG: using smp_processor_id() in preemptible code in ext4_mb_new_blocks
The bug was not found.
About 133 commits remaining

2025-03-16 20:38:46
Session:   16
Kernel:    2020-06-16 - 69119673bd50b176ded34032fadd41530fb5af21
Compiler:  ccache /home/syzretrospector/compilers/gcc-10.1.0-syz/bin/gcc
Warning: write$input_event was disabled by Syzkaller.
Attempt 1:
    Time  Bug Name
***    2  possible deadlock in pipe_write
***    2  possible deadlock in pipe_write
***    2  possible deadlock in pipe_write
***    2  possible deadlock in pipe_write
***    2  possible deadlock in pipe_write
***    2  possible deadlock in pipe_write
       2  KASAN: use-after-free Write in afs_wake_up_async_call
       2  KASAN: use-after-free Write in afs_wake_up_async_call
The bug was found.
About 86 commits remaining

2025-03-16 20:49:27
Session:   17
Kernel:    2020-06-16 - 26c20ffcb5c86eb6a052e0d528396de5600c9710
Compiler:  ccache /home/syzretrospector/compilers/gcc-10.1.0-syz/bin/gcc
Warning: write$input_event was disabled by Syzkaller.
Attempt 1:
    Time  Bug Name
***    2  possible deadlock in pipe_write
***    2  possible deadlock in pipe_write
***    2  possible deadlock in pipe_write
***    2  possible deadlock in pipe_write
***    2  possible deadlock in pipe_write
       2  KASAN: use-after-free Write in afs_wake_up_async_call
       2  KASAN: use-after-free Write in afs_wake_up_async_call
       2  KASAN: use-after-free Write in afs_wake_up_async_call
Running syz-repro.
Run Time:        0h4m0s
The bug was found.
About 46 commits remaining

2025-03-16 20:58:25
Session:   18
Kernel:    2020-06-16 - ff58155ca4fa7e931f34d948fa09fe14c6a66116
Compiler:  ccache /home/syzretrospector/compilers/gcc-10.1.0-syz/bin/gcc
Warning: write$input_event was disabled by Syzkaller.
Attempt 1:
    Time  Bug Name
***    2  possible deadlock in pipe_write
***    2  possible deadlock in pipe_write
***    2  possible deadlock in pipe_write
***    2  possible deadlock in pipe_write
***    2  possible deadlock in pipe_write
***    2  possible deadlock in pipe_write
       2  KASAN: use-after-free Write in afs_wake_up_async_call
       2  KASAN: use-after-free Write in afs_wake_up_async_call
Running syz-repro.
Run Time:        0h3m0s
The bug was found.
About 23 commits remaining

2025-03-16 21:06:49
Session:   19
Kernel:    2020-06-11 - 829b37b8cddb1db75c1b7905505b90e593b15db1
Compiler:  ccache /home/syzretrospector/compilers/gcc-10.1.0-syz/bin/gcc
Attempt 1:
    No crashes found.
The bug was not found.
About 16255 commits remaining

2025-03-16 21:25:29
Session:   20
Kernel:    2020-06-12 - 88ee9d571b6d8ed345f877e05f685814412e359b
Compiler:  ccache /home/syzretrospector/compilers/gcc-10.1.0-syz/bin/gcc
Attempt 1:
    No crashes found.
The bug was not found.
About 16250 commits remaining

2025-03-16 21:38:55
Session:   21
Kernel:    2020-06-15 - a5dc8300df75e8b8384b4c82225f1e4a0b4d9b55
Compiler:  ccache /home/syzretrospector/compilers/gcc-10.1.0-syz/bin/gcc
Warning: write$input_event was disabled by Syzkaller.
Attempt 1:
    Time  Bug Name
***    2  possible deadlock in pipe_write
***    2  possible deadlock in pipe_write
***    2  possible deadlock in pipe_write
       2  KASAN: use-after-free Write in afs_wake_up_async_call
       2  KASAN: use-after-free Write in afs_wake_up_async_call
       2  KASAN: use-after-free Write in afs_wake_up_async_call
       2  KASAN: use-after-free Write in afs_wake_up_async_call
       2  KASAN: use-after-free Write in afs_wake_up_async_call
Running syz-repro.
Run Time:        0h3m0s
The bug was found.
About 16247 commits remaining

2025-03-16 21:46:42
Session:   22
Kernel:    2020-06-15 - 3be20b6fc13abff843901fcd7cd9c7a3a7f95b90
Compiler:  ccache /home/syzretrospector/compilers/gcc-10.1.0-syz/bin/gcc
Warning: write$input_event was disabled by Syzkaller.
Error: Waitpid on pid 1362166 failed.
Error: Syzkaller has experienced a crash.
Warning: Child process exited with error status 32765.
Attempt 1:
    No crashes found.
The bug was not found.
About 2 commits remaining

==== Partial Result: Focused Fuzzing ====
Reproducer:           /home/syzretrospector/syzinspector/wd-bisector-5/reproducers/repro-bug0759-0.prog
Bisection Result:     2020-06-15 - a5dc8300df75e8b8384b4c82225f1e4a0b4d9b55
Bisected Commit Name: scripts/decode_stacktrace: warn when modpath is needed but is unset
Stage Time:           5h6m43s
Run Time:             5h6m45s
=========================================

==== Anchor Commit ====

2025-03-16 21:51:26
Session:   23
Kernel:    2020-06-15 - 3be20b6fc13abff843901fcd7cd9c7a3a7f95b90
Compiler:  ccache /home/syzretrospector/compilers/gcc-10.1.0-syz/bin/gcc
Attempt 0:
    No crashes found.
Attempt 1:
    No crashes found.
Attempt 2:
    No crashes found.
Attempt 3:
    No crashes found.
Attempt 4:
    No crashes found.
Attempt 5:
    No crashes found.
Attempt 6:
    No crashes found.
Attempt 7:
    No crashes found.
The bug was not found.

Failure: This bug cannot be found at the anchor commit.

====================================================================================================================================================
Bug Name:             possible deadlock in pipe_write
Bug Link:             https://syzkaller.appspot.com/bug?extid=011e4ea1da6692cf881c
Bisection Result:     2020-06-15 - a5dc8300df75e8b8384b4c82225f1e4a0b4d9b55
Bisected Commit Name: scripts/decode_stacktrace: warn when modpath is needed but is unset
Run Time:             5h11m26s

Anchor Commit:        2022-03-15 - 56e337f2cf1326323844927a04e9dbce9a244835
Bisection Result:     2020-06-15 - a5dc8300df75e8b8384b4c82225f1e4a0b4d9b55
