./bin/bisector -i 5 -c /home/syzretrospector/syzinspector/wd-bisector-5/bisector.cfg -a f291209eca5eba0b4704fa0832af57b12dbc1a02 -F ff-test,poc-test,stateful-corpus,ff-no-find-backup
Bisecting:          KASAN: slab-out-of-bounds Read in create_monitor_event
Warning: No syscall found that produces sock_bt.
Syzbot Link:        https://syzkaller.appspot.com/bug?extid=c90849c50ed209d77689
Working Name:       bug0793

No aliases given.

Anchor Commit:      f291209eca5eba0b4704fa0832af57b12dbc1a02
Repository:         https://git.kernel.org/pub/scm/linux/kernel/git/torvalds/linux.git
Branch:             master
Arch:               amd64

Bisector:           /home/syzretrospector/syzinspector/
Version:            1.0.4
Kernel:             /home/syzretrospector/syzinspector/wd-bisector-5/kernel/
Syzkaller:          /home/syzretrospector/syzinspector/syzkaller/
Compilers:          /home/syzretrospector/compilers/
Ccache:             ccache
Image:              /home/syzretrospector/images/stretch/stretch.img
Image Key:          /home/syzretrospector/images/stretch/stretch.id_rsa

Workdir:            /home/syzretrospector/syzinspector/wd-bisector-5/
Kconfig:            /home/syzretrospector/syzinspector/wd-bisector-5/config-bug0793.txt
Reproducers: (1)    /home/syzretrospector/syzinspector/wd-bisector-5/reproducers/
Primary PoC:        /home/syzretrospector/syzinspector/wd-bisector-5/reproducers/repro-bug0793-1.prog
Syzkaller Workdir:  /home/syzretrospector/syzinspector/wd-bisector-5/wd-kaller/
Log Directory:      /home/syzretrospector/syzinspector/wd-bisector-5/log/

Syscalls: (5)       ["bind$bt_hci", "syz_init_net_socket$bt_hci", "socket", "ioctl$F2FS_IOC_START_ATOMIC_WRITE", "openat$selinux_enforce"]
VM Count:           8
CPU Count:          2
Procs:              16
Memory:             4096
Make Procs:         16
Max Time:           10
Max Attempts:       1

==== Anchor Commit ====

2025-03-19 22:23:41
Session:   1
Kernel:    2023-10-05 - f291209eca5eba0b4704fa0832af57b12dbc1a02
Compiler:  ccache /home/syzretrospector/compilers/gcc-10.2.1-20210110/bin/gcc
Attempt 1:
    Time  Bug Name
***    2  KASAN: slab-out-of-bounds Read in create_monitor_event
***    2  KASAN: slab-out-of-bounds Read in create_monitor_event
***    2  KASAN: slab-out-of-bounds Read in create_monitor_event
***    2  KASAN: slab-out-of-bounds Read in create_monitor_event
***    2  KASAN: slab-out-of-bounds Read in create_monitor_event
***    2  KASAN: slab-out-of-bounds Read in create_monitor_event
***    2  KASAN: slab-out-of-bounds Read in create_monitor_event
***    2  KASAN: slab-out-of-bounds Read in create_monitor_event
Attempt 2: (RETRY)
    Time  Bug Name
***    2  KASAN: slab-out-of-bounds Read in create_monitor_event
***    2  KASAN: slab-out-of-bounds Read in create_monitor_event
***    2  KASAN: slab-out-of-bounds Read in create_monitor_event
***    2  KASAN: slab-out-of-bounds Read in create_monitor_event
***    2  KASAN: slab-out-of-bounds Read in create_monitor_event
***    2  KASAN: slab-out-of-bounds Read in create_monitor_event
***    2  KASAN: slab-out-of-bounds Read in create_monitor_event
***    2  KASAN: slab-out-of-bounds Read in create_monitor_event
Attempt 3: (RETRY)
    Time  Bug Name
***    2  KASAN: slab-out-of-bounds Read in create_monitor_event
***    2  KASAN: slab-out-of-bounds Read in create_monitor_event
***    2  KASAN: slab-out-of-bounds Read in create_monitor_event
***    2  KASAN: slab-out-of-bounds Read in create_monitor_event
***    2  KASAN: slab-out-of-bounds Read in create_monitor_event
***    2  KASAN: slab-out-of-bounds Read in create_monitor_event
The bug was found.

New Max Time: 10

==== Major Release Search ====
19 Releases

2025-03-19 22:42:26
Session:   2
Kernel:    2023-06-25 - 6995e2de6891c724bfeb2db33d7b87775f913ad1 (v6.4)
Compiler:  ccache /home/syzretrospector/compilers/gcc-10.2.1-20210110/bin/gcc
Attempt 1:
    No crashes found.
The bug was not found.
About 18 releases remaining

==== Kernel Bisection ====
28932 Linux commits

2025-03-19 23:05:47
Session:   3
Kernel:    2023-08-19 - 12e6ccedb311b32b16f767fdd606cc84630e45ae
Compiler:  ccache /home/syzretrospector/compilers/gcc-10.2.1-20210110/bin/gcc
Attempt 1:
    No crashes found.
The bug was not found.
About 14477 commits remaining

2025-03-19 23:27:54
Session:   4
Kernel:    2023-08-30 - 4fb0dacb78c6a041bbd38ddd998df806af5c2c69
Compiler:  ccache /home/syzretrospector/compilers/gcc-10.2.1-20210110/bin/gcc
Attempt 1:
    No crashes found.
The bug was not found.
About 7134 commits remaining

2025-03-19 23:50:00
Session:   5
Kernel:    2023-09-01 - bd30fe6a7d9b72e73c5ac9109cbc3066dde08034
Compiler:  ccache /home/syzretrospector/compilers/gcc-10.2.1-20210110/bin/gcc
Attempt 1:
    No crashes found.
The bug was not found.
About 3564 commits remaining

2025-03-20 00:12:07
Session:   6
Kernel:    2023-09-07 - e59a698b2d89b95471769c901d12392134c56eab
Compiler:  ccache /home/syzretrospector/compilers/gcc-10.2.1-20210110/bin/gcc
Attempt 1:
    No crashes found.
The bug was not found.
About 1802 commits remaining

2025-03-20 00:34:08
Session:   7
Kernel:    2023-09-15 - 57d88e8a5974644039fbc47806bac7bb12025636
Compiler:  ccache /home/syzretrospector/compilers/gcc-10.2.1-20210110/bin/gcc
Attempt 1:
    No crashes found.
The bug was not found.
About 901 commits remaining

2025-03-20 00:56:08
Session:   8
Kernel:    2023-09-23 - 85eba5f1759f9eb89273225027254ced57bd18a2
Compiler:  ccache /home/syzretrospector/compilers/gcc-10.2.1-20210110/bin/gcc
Attempt 1:
    No crashes found.
The bug was not found.
About 445 commits remaining

2025-03-20 01:18:13
Session:   9
Kernel:    2023-09-30 - 3b347e403210c63d0ba01adf7530da08bc2929f9
Compiler:  ccache /home/syzretrospector/compilers/gcc-10.2.1-20210110/bin/gcc
Attempt 1:
    No crashes found.
The bug was not found.
About 242 commits remaining

2025-03-20 01:34:49
Session:   10
Kernel:    2023-10-04 - 3006adf3be79cde4d14b1800b963b82b6e5572e0
Compiler:  ccache /home/syzretrospector/compilers/gcc-10.2.1-20210110/bin/gcc
Attempt 1:
    No crashes found.
The bug was not found.
About 122 commits remaining

2025-03-20 01:56:57
Session:   11
Kernel:    2023-10-04 - 1eb3dee16a52b1a40a0cccbe79f87b453ddbc1a8
Compiler:  ccache /home/syzretrospector/compilers/gcc-10.2.1-20210110/bin/gcc
Attempt 1:
    Time  Bug Name
***    2  KASAN: slab-out-of-bounds Read in create_monitor_event
***    2  KASAN: slab-out-of-bounds Read in create_monitor_event
***    2  KASAN: slab-out-of-bounds Read in create_monitor_event
***    2  KASAN: slab-out-of-bounds Read in create_monitor_event
***    2  KASAN: slab-out-of-bounds Read in create_monitor_event
***    2  KASAN: slab-out-of-bounds Read in create_monitor_event
***    2  KASAN: slab-out-of-bounds Read in create_monitor_event
***    2  KASAN: slab-out-of-bounds Read in create_monitor_event
Running syz-repro.
New PoC saved at /home/syzretrospector/syzinspector/wd-bisector-5/reproducers/repro-bug0793-0.prog
Primary PoC:     /home/syzretrospector/syzinspector/wd-bisector-5/reproducers/repro-bug0793-0.prog
Run Time:        0h5m0s
The bug was found.
About 47 commits remaining

2025-03-20 02:15:54
Session:   12
Kernel:    2023-10-03 - 9593c7cb6cf670ef724d17f7f9affd7a8d2ad0c5
Compiler:  ccache /home/syzretrospector/compilers/gcc-10.2.1-20210110/bin/gcc
Attempt 1:
    Time  Bug Name
***    2  KASAN: slab-out-of-bounds Read in create_monitor_event
***    2  KASAN: slab-out-of-bounds Read in create_monitor_event
***    2  KASAN: slab-out-of-bounds Read in create_monitor_event
***    2  KASAN: slab-out-of-bounds Read in create_monitor_event
***    2  KASAN: slab-out-of-bounds Read in create_monitor_event
***    2  KASAN: slab-out-of-bounds Read in create_monitor_event
***    2  KASAN: slab-out-of-bounds Read in create_monitor_event
The bug was found.
About 24 commits remaining

2025-03-20 02:22:41
Session:   13
Kernel:    2023-10-01 - c15cd642d437c9f64d397c14ce734e0554d3977b
Compiler:  ccache /home/syzretrospector/compilers/gcc-10.2.1-20210110/bin/gcc
Attempt 1:
    Time  Bug Name
***    2  KASAN: slab-out-of-bounds Read in create_monitor_event
***    2  KASAN: slab-out-of-bounds Read in create_monitor_event
***    2  KASAN: slab-out-of-bounds Read in create_monitor_event
***    2  KASAN: slab-out-of-bounds Read in create_monitor_event
***    2  KASAN: slab-out-of-bounds Read in create_monitor_event
***    2  KASAN: slab-out-of-bounds Read in create_monitor_event
***    2  KASAN: slab-out-of-bounds Read in create_monitor_event
***    2  KASAN: slab-out-of-bounds Read in create_monitor_event
The bug was found.
About 13 commits remaining

2025-03-20 02:31:33
Session:   14
Kernel:    2023-09-20 - 1d8e801422d66e4b8c7b187c52196bef94eed887
Compiler:  ccache /home/syzretrospector/compilers/gcc-10.2.1-20210110/bin/gcc
Attempt 1:
    No crashes found.
The bug was not found.
About 316 commits remaining

2025-03-20 02:53:31
Session:   15
Kernel:    2023-10-01 - 6b09edc1b31762af58d3d95754354ca6a92d39c0
Compiler:  ccache /home/syzretrospector/compilers/gcc-10.2.1-20210110/bin/gcc
Attempt 1:
    Time  Bug Name
       9  no output from test machine
The bug was not found.
About 10 commits remaining

2025-03-20 03:08:10
Session:   16
Kernel:    2023-09-20 - b938790e70540bf4f2e653dcd74b232494d06c8f
Compiler:  ccache /home/syzretrospector/compilers/gcc-10.2.1-20210110/bin/gcc
Attempt 1:
    Time  Bug Name
***    2  KASAN: slab-out-of-bounds Read in create_monitor_event
***    2  KASAN: slab-out-of-bounds Read in create_monitor_event
***    2  KASAN: slab-out-of-bounds Read in create_monitor_event
***    2  KASAN: slab-out-of-bounds Read in create_monitor_event
***    2  KASAN: slab-out-of-bounds Read in create_monitor_event
***    2  KASAN: slab-out-of-bounds Read in create_monitor_event
***    2  KASAN: slab-out-of-bounds Read in create_monitor_event
***    2  KASAN: slab-out-of-bounds Read in create_monitor_event
Running syz-repro.
New PoC saved at /home/syzretrospector/syzinspector/wd-bisector-5/reproducers/repro-bug0793-2.prog
Primary PoC:     /home/syzretrospector/syzinspector/wd-bisector-5/reproducers/repro-bug0793-2.prog
Run Time:        0h4m0s
The bug was found.
About 9 commits remaining

2025-03-20 03:18:50
Session:   17
Kernel:    2023-09-20 - dcda165706b9fbfd685898d46a6749d7d397e0c0
Compiler:  ccache /home/syzretrospector/compilers/gcc-10.2.1-20210110/bin/gcc
Attempt 1:
    Time  Bug Name
***    2  KASAN: slab-out-of-bounds Read in create_monitor_event
***    2  KASAN: slab-out-of-bounds Read in create_monitor_event
***    2  KASAN: slab-out-of-bounds Read in create_monitor_event
***    2  KASAN: slab-out-of-bounds Read in create_monitor_event
***    2  KASAN: slab-out-of-bounds Read in create_monitor_event
***    2  KASAN: slab-out-of-bounds Read in create_monitor_event
***    2  KASAN: slab-out-of-bounds Read in create_monitor_event
***    2  KASAN: slab-out-of-bounds Read in create_monitor_event
The bug was found.
About 8 commits remaining

==== Partial Result: Focused Fuzzing ====
Reproducer:           /home/syzretrospector/syzinspector/wd-bisector-5/reproducers/repro-bug0793-2.prog
Bisection Result:     2023-09-20 - dcda165706b9fbfd685898d46a6749d7d397e0c0
Bisected Commit Name: Bluetooth: hci_core: Fix build warnings
Stage Time:           5h1m41s
Run Time:             5h1m42s
=========================================

==== Anchor Commit ====

2025-03-20 03:25:22
Session:   18
Kernel:    2023-09-20 - 1d8e801422d66e4b8c7b187c52196bef94eed887
Compiler:  ccache /home/syzretrospector/compilers/gcc-10.2.1-20210110/bin/gcc
Attempt 0:
    WARNING: bad unlock balance in vkms_vblank_simulate
Attempt 1:
    WARNING: bad unlock balance in vkms_vblank_simulate
Attempt 2:
    WARNING: bad unlock balance in vkms_vblank_simulate
Attempt 3:
    WARNING: bad unlock balance in vkms_vblank_simulate
Attempt 4:
    WARNING: bad unlock balance in vkms_vblank_simulate
Attempt 5:
    WARNING: bad unlock balance in vkms_vblank_simulate
Attempt 6:
    WARNING: bad unlock balance in vkms_vblank_simulate
Attempt 7:
    WARNING: bad unlock balance in vkms_vblank_simulate
The bug was not found.

Failure: This bug cannot be found at the anchor commit.

====================================================================================================================================================
Bug Name:             KASAN: slab-out-of-bounds Read in create_monitor_event
Bug Link:             https://syzkaller.appspot.com/bug?extid=c90849c50ed209d77689
Bisection Result:     2023-09-20 - dcda165706b9fbfd685898d46a6749d7d397e0c0
Bisected Commit Name: Bluetooth: hci_core: Fix build warnings
Run Time:             5h8m48s

Anchor Commit:        2023-10-05 - f291209eca5eba0b4704fa0832af57b12dbc1a02
Bisection Result:     2023-09-20 - dcda165706b9fbfd685898d46a6749d7d397e0c0
