./bin/bisector -i 4 -c /home/syzretrospector/syzinspector/wd-bisector-4/bisector.cfg -a d2980d8d826554fa6981d621e569a453787472f8 -F ff-test,poc-test,stateful-corpus,ff-no-find-backup
Bisecting:          WARNING: suspicious RCU usage in mas_start
Syzbot Link:        https://syzkaller.appspot.com/bug?extid=d79e205d463e603f47ff
Working Name:       bug0906

No aliases given.

Anchor Commit:      d2980d8d826554fa6981d621e569a453787472f8
Repository:         https://git.kernel.org/pub/scm/linux/kernel/git/torvalds/linux.git
Branch:             master
Arch:               amd64

Bisector:           /home/syzretrospector/syzinspector/
Version:            1.0.4
Kernel:             /home/syzretrospector/syzinspector/wd-bisector-4/kernel/
Syzkaller:          /home/syzretrospector/syzinspector/syzkaller/
Compilers:          /home/syzretrospector/compilers/
Ccache:             ccache
Image:              /home/syzretrospector/images/stretch/stretch.img
Image Key:          /home/syzretrospector/images/stretch/stretch.id_rsa

Workdir:            /home/syzretrospector/syzinspector/wd-bisector-4/
Kconfig:            /home/syzretrospector/syzinspector/wd-bisector-4/config-bug0906.txt
Reproducers: (1)    /home/syzretrospector/syzinspector/wd-bisector-4/reproducers/
Syzkaller Workdir:  /home/syzretrospector/syzinspector/wd-bisector-4/wd-kaller/
Log Directory:      /home/syzretrospector/syzinspector/wd-bisector-4/log/

Syscalls: (5)       ["madvise", "openat$sysctl", "write$sysctl", "ioctl$F2FS_IOC_START_ATOMIC_WRITE", "openat$selinux_enforce"]
VM Count:           4
CPU Count:          4
Procs:              24
Memory:             4096
Make Procs:         16
Max Time:           10
Max Attempts:       1

==== Anchor Commit ====

2025-03-18 00:12:31
Session:   1
Kernel:    2023-02-23 - d2980d8d826554fa6981d621e569a453787472f8
Compiler:  ccache /home/syzretrospector/compilers/gcc-10.2.1-20210110/bin/gcc
Attempt 1:
    Time  Bug Name
       3  WARNING: suspicious RCU usage in mas_walk
       3  WARNING: suspicious RCU usage in mas_walk
       4  WARNING: suspicious RCU usage in mas_walk
       4  WARNING: suspicious RCU usage in mas_walk
       5  WARNING: suspicious RCU usage in mas_walk
       5  WARNING: suspicious RCU usage in mas_walk
       6  WARNING: suspicious RCU usage in mas_walk
       7  WARNING: suspicious RCU usage in mas_walk
       7  WARNING: suspicious RCU usage in mas_walk
       8  WARNING: suspicious RCU usage in mas_walk
       8  WARNING: suspicious RCU usage in mas_walk
       9  WARNING: suspicious RCU usage in mas_walk
       9  WARNING: suspicious RCU usage in mas_walk
      10  WARNING: suspicious RCU usage in mas_walk
Attempt 2: (RETRY)
    Time  Bug Name
       3  WARNING: suspicious RCU usage in mas_walk
       4  WARNING: suspicious RCU usage in mas_walk
       4  WARNING: suspicious RCU usage in mas_walk
       6  WARNING: suspicious RCU usage in mas_walk
       7  INFO: task hung in do_swap_page
       7  WARNING: suspicious RCU usage in mas_walk
       7  WARNING: suspicious RCU usage in mas_walk
       9  WARNING: suspicious RCU usage in mas_walk
       9  WARNING: suspicious RCU usage in mas_walk
       9  WARNING: suspicious RCU usage in mas_walk
      10  WARNING: suspicious RCU usage in mas_walk
Attempt 3: (RETRY)
    Time  Bug Name
       3  WARNING: suspicious RCU usage in mas_walk
       3  WARNING: suspicious RCU usage in mas_walk
       3  WARNING: suspicious RCU usage in mas_walk
       5  WARNING: suspicious RCU usage in mas_walk
       5  WARNING: suspicious RCU usage in mas_walk
       5  WARNING: suspicious RCU usage in mas_walk
       6  WARNING: suspicious RCU usage in mas_walk
       7  WARNING: suspicious RCU usage in mas_walk
       8  WARNING: suspicious RCU usage in mas_walk
       8  WARNING: suspicious RCU usage in mas_walk
       9  WARNING: suspicious RCU usage in mas_walk
       9  WARNING: suspicious RCU usage in mas_walk
      10  WARNING: suspicious RCU usage in mas_walk
      10  WARNING: suspicious RCU usage in mas_walk
The bug was not found.

Failure: This bug cannot be found at the anchor commit.
