./bin/bisector -i 5 -c /home/syzretrospector/syzinspector/wd-bisector-5/bisector.cfg -a b81b1829e7e39f6cebdf6e4d5484eacbceda8554 -F ff-test,poc-test,stateful-corpus,ff-no-find-backup
Bisecting:          general protection fault in sock_reserve_memory
Warning: No syscall found that produces tail_call_map.
Warning: No syscall found that produces fd_bpf_const_str.
Syzbot Link:        https://syzkaller.appspot.com/bug?id=df33000f01fc8cd31a9b7555db19bf583548ed04
Working Name:       bug0188

No aliases given.

Anchor Commit:      b81b1829e7e39f6cebdf6e4d5484eacbceda8554
Repository:         https://git.kernel.org/pub/scm/linux/kernel/git/torvalds/linux.git
Branch:             master
Arch:               amd64

Bisector:           /home/syzretrospector/syzinspector/
Version:            1.0.4
Kernel:             /home/syzretrospector/syzinspector/wd-bisector-5/kernel/
Syzkaller:          /home/syzretrospector/syzinspector/syzkaller/
Compilers:          /home/syzretrospector/compilers/
Ccache:             ccache
Image:              /home/syzretrospector/images/stretch/stretch.img
Image Key:          /home/syzretrospector/images/stretch/stretch.id_rsa

Workdir:            /home/syzretrospector/syzinspector/wd-bisector-5/
Kconfig:            /home/syzretrospector/syzinspector/wd-bisector-5/config-bug0188.txt
Reproducers: (1)    /home/syzretrospector/syzinspector/wd-bisector-5/reproducers/
Primary PoC:        /home/syzretrospector/syzinspector/wd-bisector-5/reproducers/repro-bug0188-1.prog
Syzkaller Workdir:  /home/syzretrospector/syzinspector/wd-bisector-5/wd-kaller/
Log Directory:      /home/syzretrospector/syzinspector/wd-bisector-5/log/

Syscalls: (16)      ["bpf$BPF_PROG_WITH_BTFID_LOAD", "setsockopt$sock_attach_bpf", "socket$alg", "socket", "bpf$OBJ_GET_PROG", "openat$selinux_enforce", "syz_btf_id_by_name$bpf_lsm", "ioctl$sock_SIOCGIFINDEX", "bpf$BPF_BTF_LOAD", "bpf$OBJ_GET_MAP", "bpf$BPF_BTF_GET_FD_BY_ID", "bpf$BPF_BTF_GET_NEXT_ID", "bpf$BPF_MAP_CONST_STR_FREEZE", "bpf$MAP_CREATE_RINGBUF", "bpf$MAP_CREATE_TAIL_CALL", "bpf$MAP_CREATE_CONST_STR"]
VM Count:           8
CPU Count:          2
Procs:              16
Memory:             4096
Make Procs:         16
Max Time:           10
Max Attempts:       1

==== Anchor Commit ====

2025-03-13 01:59:54
Session:   1
Kernel:    2022-02-12 - b81b1829e7e39f6cebdf6e4d5484eacbceda8554
Compiler:  ccache /home/syzretrospector/compilers/gcc-10.2.1-20210110/bin/gcc
Warning: bpf$BPF_PROG_WITH_BTFID_LOAD was disabled by Syzkaller.
Attempt 1:
    No crashes found.
Warning: bpf$BPF_PROG_WITH_BTFID_LOAD was disabled by Syzkaller.
Attempt 2: (RETRY)
    No crashes found.
Warning: bpf$BPF_PROG_WITH_BTFID_LOAD was disabled by Syzkaller.
Attempt 3: (RETRY)
    Time  Bug Name
       6  possible deadlock in kthread_is_per_cpu
The bug was not found.

Failure: This bug cannot be found at the anchor commit.
