./bin/meerkat -i 1 -c /home/meerkat/meerkat/wd-meerkat-1/meerkat.cfg -a 55be6084c8e0e0ada9278c2ab60b7a584378efda -F ff-test,poc-test,poc-all-pocs,ff-no-find-backup,stateful-corpus
Bisecting:          BUG: sleeping function called from invalid context in sk_psock_skb_ingress_self
Error: Failed to open file /home/meerkat/meerkat/wd-meerkat-1/reproducers/repro-bug0078-1.prog.
Syzbot Link:        https://syzkaller.appspot.com/bug?id=f6df022ea41f34236a5681182603ccb1b0e95c84
Working Name:       bug0078

Aliases:
    BUG: sleeping function called from invalid context in sk_psock_skb_ingress_self (has report)

Anchor Commit:      55be6084c8e0e0ada9278c2ab60b7a584378efda
Repository:         https://git.kernel.org/pub/scm/linux/kernel/git/torvalds/linux.git
Branch:             master
Arch:               amd64

Meerkat:            /home/meerkat/meerkat/
Version:            1.2.0
Kernel:             /home/meerkat/meerkat/wd-meerkat-1/kernel/
Syzkaller:          /home/meerkat/meerkat/syzkaller/
Compilers:          /home/meerkat/meerkat/compilers/
Compiler:           gcc (Ubuntu 11.4.0-1ubuntu1~22.04.2) 11.4.0
Linker:             GNU ld (GNU Binutils for Ubuntu) 2.38
Ccache:             ccache version 4.5.1
Image:              /home/meerkat/meerkat/image/stretch/stretch.img
Image Key:          /home/meerkat/meerkat/image/stretch/stretch.id_rsa

Workdir:            /home/meerkat/meerkat/wd-meerkat-1/
Kconfig:            /home/meerkat/meerkat/wd-meerkat-1/config-bug0078.txt
Reproducers: (5)    /home/meerkat/meerkat/wd-meerkat-1/reproducers/
Primary PoC:        /home/meerkat/meerkat/wd-meerkat-1/reproducers/repro-bug0078-1.prog
Syzkaller Workdir:  /home/meerkat/meerkat/wd-meerkat-1/wd-kaller/
Log Directory:      /home/meerkat/meerkat/wd-meerkat-1/log/

Syscalls: (30)      ["bind$inet", "bpf$BPF_PROG_DETACH", "bpf$MAP_CREATE", "bpf$MAP_UPDATE_ELEM", "bpf$PROG_LOAD", "sendto$inet", "socket$inet_tcp", "socket$inet", "openat$cgroup_root", "bpf$LINK_GET_FD_BY_ID", "bpf$BPF_PROG_GET_FD_BY_ID", "socket", "bpf$BPF_PROG_QUERY", "openat$selinux_enforce", "bpf$BPF_BTF_GET_NEXT_ID", "bpf$LINK_GET_NEXT_ID", "socket$inet_udp", "socket$inet6_udp", "socket$inet6_tcp", "ioctl$sock_SIOCGIFINDEX", "bpf$BPF_BTF_LOAD", "socket$inet6", "bpf$TOKEN_CREATE", "bpf$BPF_PROG_GET_NEXT_ID", "bpf$BPF_MAP_CONST_STR_FREEZE", "bpf$MAP_UPDATE_ELEM_TAIL_CALL", "bpf$MAP_CREATE_RINGBUF", "bpf$MAP_UPDATE_CONST_STR", "bpf$MAP_CREATE_TAIL_CALL", "bpf$MAP_CREATE_CONST_STR"]
VM Count:           8
CPU Count:          2
Procs:              16
Memory:             4096
Make Procs:         16
Max Time:           10
Max Attempts:       1

==== Anchor Commit ====

2025-11-13 16:16:55
Session:   1
Kernel:    2022-10-10 - 55be6084c8e0e0ada9278c2ab60b7a584378efda
Compiler:  ccache gcc
Attempt 1:
    Time  Bug Name
***    1  BUG: sleeping function called from invalid context in alloc_sk_msg (has report)
Attempt 2: (RETRY)
    Time  Bug Name
***    1  BUG: sleeping function called from invalid context in alloc_sk_msg (4) (has report)
Attempt 3: (RETRY)
    Time  Bug Name
***    1  BUG: sleeping function called from invalid context in alloc_sk_msg (4) (has report)
The bug was found.

New Max Time: 10

==== Major Release Search ====
12 Releases

2025-11-13 16:24:33
Session:   2
Kernel:    2022-10-02 - 4fe89d07dcc2804c8b562f6c7896a45643d34b2f (v6.0)
Compiler:  ccache gcc
Attempt 1:
    Time  Bug Name
***    2  BUG: sleeping function called from invalid context in alloc_sk_msg (7) (has report)
       2  INFO: rcu detected stall in corrupted
Running syz-repro.
New PoC saved at /home/meerkat/meerkat/wd-meerkat-1/reproducers/repro-bug0078-0.prog
Primary PoC:     /home/meerkat/meerkat/wd-meerkat-1/reproducers/repro-bug0078-0.prog
Run Time:        0h21m0s
The bug was found.
About 11 releases remaining

2025-11-13 16:52:00
Session:   3
Kernel:    2022-07-31 - 3d7cb6b04c3f3115719235cc6866b10326de34cd (v5.19)
Compiler:  ccache gcc
Error: index error in parse_kasan_stack()
Attempt 1:
    Time  Bug Name
       6  suppressed report (2) (has report)
The bug was not found.
About 10 releases remaining

==== Kernel Bisection ====
16585 Linux commits

2025-11-13 17:06:36
Session:   4
Kernel:    2022-08-04 - 78acd4ca433425e6dd4032cfc2156c60e34931f2
Compiler:  ccache gcc
Attempt 1:
    Time  Bug Name
       1  WARNING: ODEBUG bug in mgmt_index_removed (has report)
***    2  BUG: sleeping function called from invalid context in alloc_sk_msg (7) (has report)
       2  INFO: rcu detected stall in corrupted
The bug was found.
About 8200 commits remaining

2025-11-13 17:17:43
Session:   5
Kernel:    2022-08-03 - 526942b8134cc34d25d27f95dfff98b8ce2f6fcd
Compiler:  ccache gcc
Attempt 1:
    Time  Bug Name
       7  suppressed report
The bug was not found.
About 4992 commits remaining

2025-11-13 17:38:32
Session:   6
Kernel:    2022-08-03 - 12b68040a5e468068fd7f4af1150eab8f6e96235
Compiler:  ccache gcc
Attempt 1:
    Time  Bug Name
       1  WARNING: ODEBUG bug in mgmt_index_removed (has report)
***    2  BUG: sleeping function called from invalid context in alloc_sk_msg (7) (has report)
       2  INFO: rcu detected stall in corrupted
The bug was found.
About 2564 commits remaining

2025-11-13 17:51:27
Session:   7
Kernel:    2022-07-21 - b945804d993072e24138741ab67e28f6b09b2502
Compiler:  ccache gcc
Attempt 1:
    Time  Bug Name
***    2  BUG: sleeping function called from invalid context in alloc_sk_msg (8) (has report)
       2  INFO: trying to register non-static key in ieee80211_do_stop
Running syz-repro.
New PoC saved at /home/meerkat/meerkat/wd-meerkat-1/reproducers/repro-bug0078-1.prog
Primary PoC:     /home/meerkat/meerkat/wd-meerkat-1/reproducers/repro-bug0078-1.prog
Run Time:        0h12m0s
The bug was found.
About 1282 commits remaining

2025-11-13 18:16:17
Session:   8
Kernel:    2022-07-01 - 7fa2d1707d4102a5b3dcd3f49b235015f4d66955
Compiler:  ccache gcc
Error: index error in parse_kasan_stack()
Attempt 1:
    Time  Bug Name
       4  suppressed report (has report)
       4  BUG: sleeping function called from invalid context in sk_psock_stop (2) (has report)
       5  suppressed report (has report)
       5  BUG: sleeping function called from invalid context in sk_psock_stop (3) (has report)
       6  suppressed report (has report)
       6  BUG: sleeping function called from invalid context in sk_psock_stop (has report)
       7  BUG: sleeping function called from invalid context in sk_psock_stop (has report)
       8  BUG: sleeping function called from invalid context in sk_psock_stop (6) (has report)
       9  BUG: sleeping function called from invalid context in sk_psock_stop (3) (has report)
      10  BUG: sleeping function called from invalid context in sk_psock_stop (4) (has report)
The bug was not found.
About 1627 commits remaining

2025-11-13 18:37:06
Session:   9
Kernel:    2022-07-12 - 3ad14f54bd7448384458e69f0183843f683ecce8
Compiler:  ccache gcc
Attempt 1:
    Time  Bug Name
***    2  BUG: sleeping function called from invalid context in alloc_sk_msg (8) (has report)
The bug was found.
About 620 commits remaining

2025-11-13 18:49:48
Session:   10
Kernel:    2022-07-09 - d0d9c8f2df60c6d1495201981f4b424628601113
Compiler:  ccache gcc
Attempt 1:
    Time  Bug Name
       3  BUG: sleeping function called from invalid context in sk_psock_stop (has report)
       4  BUG: sleeping function called from invalid context in sk_psock_stop (has report)
       5  BUG: sleeping function called from invalid context in sk_psock_stop (3) (has report)
       6  BUG: sleeping function called from invalid context in sk_psock_stop (2) (has report)
       7  BUG: sleeping function called from invalid context in sk_psock_stop (3) (has report)
       8  BUG: sleeping function called from invalid context in sk_psock_stop (has report)
       9  BUG: sleeping function called from invalid context in sk_psock_stop (3) (has report)
      10  BUG: sleeping function called from invalid context in sk_psock_stop (4) (has report)
The bug was not found.
About 161 commits remaining

2025-11-13 19:08:54
Session:   11
Kernel:    2022-07-05 - 537905c4b68fe3a32c4925122fe792eb2f594b73
Compiler:  ccache gcc
Attempt 1:
    Time  Bug Name
***    3  BUG: sleeping function called from invalid context in alloc_sk_msg (has report)
The bug was found.
About 81 commits remaining

2025-11-13 19:22:43
Session:   12
Kernel:    2022-06-28 - 146bf811f5ac133e619fcf4e77bc7a97a9e401e7
Compiler:  ccache gcc
Error: index error in parse_kasan_stack()
Attempt 1:
    Time  Bug Name
***    3  BUG: sleeping function called from invalid context in alloc_sk_msg (3) (has report)
       3  BUG: sleeping function called from invalid context in corrupted
Running syz-repro.
syz-repro was terminated after 60 minutes
Run Time:        1h0m0s
The bug was found.
About 41 commits remaining

2025-11-13 20:34:45
Session:   13
Kernel:    2022-06-23 - 6e945d57cc9f6e27893d57a419434a2859ba6f3f
Compiler:  ccache gcc
Attempt 1:
    Time  Bug Name
***    3  BUG: sleeping function called from invalid context in alloc_sk_msg (3) (has report)
The bug was found.
About 21 commits remaining

2025-11-13 20:42:13
Session:   14
Kernel:    2022-06-20 - f8acfdd04410d26b096a7082444cdc402df10f89
Compiler:  ccache gcc
Error: index error in parse_kasan_stack()
Attempt 1:
    Time  Bug Name
       3  BUG: sleeping function called from invalid context in corrupted
***    4  BUG: sleeping function called from invalid context in alloc_sk_msg (6) (has report)
       4  BUG: sleeping function called from invalid context in corrupted
The bug was found.
About 11 commits remaining

2025-11-13 20:51:25
Session:   15
Kernel:    2022-06-20 - e068c0776b0bbd3fc5a283b0e0eaa1cbb9ef0e3d
Compiler:  ccache gcc
Attempt 1:
    Time  Bug Name
***    3  BUG: sleeping function called from invalid context in alloc_sk_msg (5) (has report)
Running syz-repro.
syz-repro was terminated after 60 minutes
Run Time:        1h0m0s
The bug was found.
About 6 commits remaining

2025-11-13 21:59:32
Session:   16
Kernel:    2022-06-20 - 965b57b469a589d64d81b1688b38dcb537011bb0
Compiler:  ccache gcc
Attempt 1:
    Time  Bug Name
       3  BUG: sleeping function called from invalid context in sk_psock_stop (has report)
       5  WARNING in sk_stream_kill_queues (4) (has report)
       5  BUG: sleeping function called from invalid context in sk_psock_stop (has report)
       7  BUG: sleeping function called from invalid context in sk_psock_stop (has report)
       9  BUG: sleeping function called from invalid context in sk_psock_stop (has report)
      10  suppressed report
      10  BUG: sleeping function called from invalid context in sk_psock_stop (3) (has report)
The bug was not found.
About 4 commits remaining

2025-11-13 22:14:05
Session:   17
Kernel:    2022-06-20 - 43312915b5ba20741617dd2119e835205fa8580c
Compiler:  ccache gcc
Attempt 1:
    Time  Bug Name
***    3  BUG: sleeping function called from invalid context in alloc_sk_msg (7) (has report)
       3  BUG: sleeping function called from invalid context in sk_psock_stop (has report)
The bug was found.
About 3 commits remaining

2025-11-13 22:21:30
Session:   18
Kernel:    2022-06-20 - 57452d767feaeab405de3bff0d240c3ac84bfe0d
Compiler:  ccache gcc
Attempt 1:
    Time  Bug Name
       4  suppressed report
       7  BUG: sleeping function called from invalid context in sk_psock_stop (has report)
       9  suppressed report
      10  BUG: sleeping function called from invalid context in sk_psock_stop (has report)
The bug was not found.
About 2 commits remaining

==== Partial Result: Focused Fuzzing ====
Reproducer:           /home/meerkat/meerkat/wd-meerkat-1/reproducers/repro-bug0078-1.prog
Bisection Result:     2022-06-20 - 43312915b5ba20741617dd2119e835205fa8580c
Bisected Commit Name: skmsg: Get rid of unncessary memset()
Stage Time:           6h19m13s
Run Time:             6h19m15s
=========================================

==== Anchor Commit ====

2025-11-13 22:36:08
Session:   19
Kernel:    2022-06-20 - 57452d767feaeab405de3bff0d240c3ac84bfe0d
Compiler:  ccache gcc
PoC:       /home/meerkat/meerkat/wd-meerkat-1/reproducers/repro-bug0078-1.prog
Attempt 0:
    No crashes found.
Attempt 1:
    No crashes found.
Attempt 2:
    No crashes found.
Attempt 3:
    No crashes found.
Attempt 4:
    No crashes found.
Attempt 5:
    No crashes found.
Attempt 6:
    No crashes found.
Attempt 7:
    No crashes found.
The bug was not found.

Failure: This bug cannot be found at the anchor commit.

==== Partial Result: Primary PoC Test ====
Reproducer:           /home/meerkat/meerkat/wd-meerkat-1/reproducers/repro-bug0078-1.prog
Bisection Result:     Failed to reproduce at the anchor commit.
Stage Time:           0h12m7s
Run Time:             6h31m22s
==========================================

==== Anchor Commit ====

2025-11-13 22:48:18
Session:   20
Kernel:    2022-06-20 - 57452d767feaeab405de3bff0d240c3ac84bfe0d
Compiler:  ccache gcc
PoC:       /home/meerkat/meerkat/wd-meerkat-1/reproducers/repro-bug0078-4.prog
Attempt 0:
    No crashes found.
Attempt 1:
    No crashes found.
Attempt 2:
    No crashes found.
Attempt 3:
    No crashes found.
Attempt 4:
    No crashes found.
Attempt 5:
    No crashes found.
Attempt 6:
    No crashes found.
Attempt 7:
    No crashes found.
The bug was not found.

Failure: This bug cannot be found at the anchor commit.

==== Partial Result: Subsequent PoC Test ====
Reproducer:           /home/meerkat/meerkat/wd-meerkat-1/reproducers/repro-bug0078-4.prog
Bisection Result:     Failed to reproduce at the anchor commit.
Stage Time:           0h11m50s
Run Time:             6h43m13s
=============================================

==== Anchor Commit ====

2025-11-13 23:00:08
Session:   21
Kernel:    2022-06-20 - 57452d767feaeab405de3bff0d240c3ac84bfe0d
Compiler:  ccache gcc
PoC:       /home/meerkat/meerkat/wd-meerkat-1/reproducers/repro-bug0078-6.prog
Attempt 0:
    No crashes found.
Attempt 1:
    No crashes found.
Attempt 2:
    No crashes found.
Attempt 3:
    No crashes found.
Attempt 4:
    No crashes found.
Attempt 5:
    No crashes found.
Attempt 6:
    No crashes found.
Attempt 7:
    No crashes found.
The bug was not found.

Failure: This bug cannot be found at the anchor commit.

==== Partial Result: Subsequent PoC Test ====
Reproducer:           /home/meerkat/meerkat/wd-meerkat-1/reproducers/repro-bug0078-6.prog
Bisection Result:     Failed to reproduce at the anchor commit.
Stage Time:           0h11m46s
Run Time:             6h54m59s
=============================================

==== Anchor Commit ====

2025-11-13 23:11:55
Session:   22
Kernel:    2022-06-20 - 57452d767feaeab405de3bff0d240c3ac84bfe0d
Compiler:  ccache gcc
PoC:       /home/meerkat/meerkat/wd-meerkat-1/reproducers/repro-bug0078-0.prog
Attempt 0:
    No crashes found.
Attempt 1:
    No crashes found.
Attempt 2:
    No crashes found.
Attempt 3:
    No crashes found.
Attempt 4:
    No crashes found.
Attempt 5:
    No crashes found.
Attempt 6:
    No crashes found.
Attempt 7:
    No crashes found.
The bug was not found.

Failure: This bug cannot be found at the anchor commit.

==== Partial Result: Subsequent PoC Test ====
Reproducer:           /home/meerkat/meerkat/wd-meerkat-1/reproducers/repro-bug0078-0.prog
Bisection Result:     Failed to reproduce at the anchor commit.
Stage Time:           0h12m11s
Run Time:             7h7m11s
=============================================

==== Anchor Commit ====

2025-11-13 23:24:06
Session:   23
Kernel:    2022-06-20 - 57452d767feaeab405de3bff0d240c3ac84bfe0d
Compiler:  ccache gcc
PoC:       /home/meerkat/meerkat/wd-meerkat-1/reproducers/repro-bug0078-7.prog
Attempt 0:
    No crashes found.
Attempt 1:
    No crashes found.
Attempt 2:
    No crashes found.
Attempt 3:
    No crashes found.
Attempt 4:
    No crashes found.
Attempt 5:
    No crashes found.
Attempt 6:
    No crashes found.
Attempt 7:
    No crashes found.
The bug was not found.

Failure: This bug cannot be found at the anchor commit.

==== Partial Result: Subsequent PoC Test ====
Reproducer:           /home/meerkat/meerkat/wd-meerkat-1/reproducers/repro-bug0078-7.prog
Bisection Result:     Failed to reproduce at the anchor commit.
Stage Time:           0h11m44s
Run Time:             7h18m55s
=============================================

==== Anchor Commit ====

2025-11-13 23:35:50
Session:   24
Kernel:    2022-06-20 - 57452d767feaeab405de3bff0d240c3ac84bfe0d
Compiler:  ccache gcc
PoC:       /home/meerkat/meerkat/wd-meerkat-1/reproducers/repro-bug0078-5.prog
Attempt 0:
    No crashes found.
Attempt 1:
    No crashes found.
Attempt 2:
    No crashes found.
Attempt 3:
    No crashes found.
Attempt 4:
    No crashes found.
Attempt 5:
    No crashes found.
Attempt 6:
    No crashes found.
Attempt 7:
    No crashes found.
The bug was not found.

Failure: This bug cannot be found at the anchor commit.

==== Partial Result: Subsequent PoC Test ====
Reproducer:           /home/meerkat/meerkat/wd-meerkat-1/reproducers/repro-bug0078-5.prog
Bisection Result:     Failed to reproduce at the anchor commit.
Stage Time:           0h11m42s
Run Time:             7h30m38s
=============================================

==== Anchor Commit ====

2025-11-13 23:47:33
Session:   25
Kernel:    2022-06-20 - 57452d767feaeab405de3bff0d240c3ac84bfe0d
Compiler:  ccache gcc
PoC:       /home/meerkat/meerkat/wd-meerkat-1/reproducers/repro-bug0078-2.prog
Attempt 0:
    No crashes found.
Attempt 1:
    No crashes found.
Attempt 2:
    No crashes found.
Attempt 3:
    No crashes found.
Attempt 4:
    No crashes found.
Attempt 5:
    No crashes found.
Attempt 6:
    No crashes found.
Attempt 7:
    No crashes found.
The bug was not found.

Failure: This bug cannot be found at the anchor commit.

==== Partial Result: Subsequent PoC Test ====
Reproducer:           /home/meerkat/meerkat/wd-meerkat-1/reproducers/repro-bug0078-2.prog
Bisection Result:     Failed to reproduce at the anchor commit.
Stage Time:           0h11m45s
Run Time:             7h42m24s
=============================================

====================================================================================================================================================
Bug Name:             BUG: sleeping function called from invalid context in sk_psock_skb_ingress_self
Bug ID:               bug0078
Bug Link:             https://syzkaller.appspot.com/bug?id=f6df022ea41f34236a5681182603ccb1b0e95c84
Bisection Result:     2022-06-20 - 43312915b5ba20741617dd2119e835205fa8580c
Bisected Commit Name: skmsg: Get rid of unncessary memset()
Run Time:             7h42m24s

Anchor Commit:        2022-10-10 - 55be6084c8e0e0ada9278c2ab60b7a584378efda
Bisection Result:     2022-06-20 - 43312915b5ba20741617dd2119e835205fa8580c
