./bin/bisector -i 1 -c /mnt/sdd/author/SyzInspector/wd-bisector-1/bisector.cfg -a feb9c5e19e913b53cb536a7aa7c9f20107bb51ec -F ff-test,poc-test,stateful-corpus,ff-no-find-backup
Bisecting:          WARNING: suspicious RCU usage in bond_ethtool_get_ts_info
Syzbot Link:        https://syzkaller.appspot.com/bug?id=7a32cd0d4c48cc55062b10b16055b5b095ce614d
Working Name:       bug0006

No aliases given.

Anchor Commit:      feb9c5e19e913b53cb536a7aa7c9f20107bb51ec
Repository:         https://git.kernel.org/pub/scm/linux/kernel/git/torvalds/linux.git
Branch:             master
Arch:               amd64

Bisector:           /mnt/sdd/author/SyzInspector/
Version:            1.0.3
Kernel:             /mnt/sdd/author/SyzInspector/wd-bisector-1/kernel/
Syzkaller:          /mnt/sdd/author/SyzInspector/syzkaller/
Compilers:          /mnt/sda/author/SyzInspector/compilers/
Ccache:             ccache
Image:              /mnt/sda/author/SyzInspector/image/stretch/stretch.img
Image Key:          /mnt/sda/author/SyzInspector/image/stretch/stretch.id_rsa

Workdir:            /mnt/sdd/author/SyzInspector/wd-bisector-1/
Kconfig:            /mnt/sdd/author/SyzInspector/wd-bisector-1/config-bug0006.txt
Reproducers: (1)    /mnt/sdd/author/SyzInspector/wd-bisector-1/reproducers/
Primary PoC:        /mnt/sdd/author/SyzInspector/wd-bisector-1/reproducers/repro-bug0006-3.prog
Syzkaller Workdir:  /mnt/sdd/author/SyzInspector/wd-bisector-1/wd-kaller/
Log Directory:      /mnt/sdd/author/SyzInspector/wd-bisector-1/log/

Syscalls: (5)       ["setsockopt$SO_BINDTODEVICE", "setsockopt$SO_TIMESTAMPING", "socket", "ioctl$EXT4_IOC_GROUP_EXTEND", "openat$sw_sync_info"]
VM Count:           8
CPU Count:          2
Procs:              16
Memory:             4096
Make Procs:         16
Max Time:           30
Max Attempts:       3

==== Anchor Commit ====

2025-02-26 02:46:09
Session:   1
Kernel:    2022-05-10 - feb9c5e19e913b53cb536a7aa7c9f20107bb51ec
Compiler:  ccache /mnt/sda/author/SyzInspector/compilers/gcc-10.2.1-20210110/bin/gcc
Attempt 1:
    Time  Bug Name
***    2  WARNING: suspicious RCU usage in bond_ethtool_get_ts_info
***    2  WARNING: suspicious RCU usage in bond_ethtool_get_ts_info
***    2  WARNING: suspicious RCU usage in bond_ethtool_get_ts_info
Attempt 2:
    Time  Bug Name
***    2  WARNING: suspicious RCU usage in bond_ethtool_get_ts_info
***    2  WARNING: suspicious RCU usage in bond_ethtool_get_ts_info
***    2  WARNING: suspicious RCU usage in bond_ethtool_get_ts_info
Attempt 3:
    Time  Bug Name
***    2  WARNING: suspicious RCU usage in bond_ethtool_get_ts_info
***    2  WARNING: suspicious RCU usage in bond_ethtool_get_ts_info
***    2  WARNING: suspicious RCU usage in bond_ethtool_get_ts_info
***    2  WARNING: suspicious RCU usage in bond_ethtool_get_ts_info
The bug was found.

New Max Time: 10

==== Major Release Search ====
17 Releases

2025-02-26 03:07:37
Session:   2
Kernel:    2022-03-20 - f443e374ae131c168a065ea1748feac6b2e76613 (v5.17)
Compiler:  ccache /mnt/sda/author/SyzInspector/compilers/gcc-10.2.1-20210110/bin/gcc
Attempt 1:
    Time  Bug Name
***    2  WARNING: suspicious RCU usage in bond_ethtool_get_ts_info
***    2  WARNING: suspicious RCU usage in bond_ethtool_get_ts_info
***    2  WARNING: suspicious RCU usage in bond_ethtool_get_ts_info
Running syz-repro.
New PoC saved at /mnt/sdd/author/SyzInspector/wd-bisector-1/reproducers/repro-bug0006-0.prog
Primary PoC:     /mnt/sdd/author/SyzInspector/wd-bisector-1/reproducers/repro-bug0006-0.prog
Run Time:        0h6m0s
The bug was found.
About 16 releases remaining

2025-02-26 03:30:35
Session:   3
Kernel:    2022-01-09 - df0cc57e057f18e44dac8e6c18aba47ab53202f9 (v5.16)
Compiler:  ccache /mnt/sda/author/SyzInspector/compilers/gcc-10.2.1-20210110/bin/gcc
Attempt 1:
    Time  Bug Name
       7  unregister_netdevice: waiting for DEV to become free
       7  unregister_netdevice: waiting for DEV to become free
       7  unregister_netdevice: waiting for DEV to become free
       7  unregister_netdevice: waiting for DEV to become free
       7  unregister_netdevice: waiting for DEV to become free
       7  unregister_netdevice: waiting for DEV to become free
       7  unregister_netdevice: waiting for DEV to become free
       7  unregister_netdevice: waiting for DEV to become free
Attempt 2:
    Time  Bug Name
       7  unregister_netdevice: waiting for DEV to become free
       7  unregister_netdevice: waiting for DEV to become free
       7  unregister_netdevice: waiting for DEV to become free
       7  unregister_netdevice: waiting for DEV to become free
       7  unregister_netdevice: waiting for DEV to become free
       7  unregister_netdevice: waiting for DEV to become free
       7  unregister_netdevice: waiting for DEV to become free
       7  unregister_netdevice: waiting for DEV to become free
Attempt 3:
    Time  Bug Name
       6  unregister_netdevice: waiting for DEV to become free
       7  unregister_netdevice: waiting for DEV to become free
       7  unregister_netdevice: waiting for DEV to become free
       7  unregister_netdevice: waiting for DEV to become free
       7  unregister_netdevice: waiting for DEV to become free
       7  unregister_netdevice: waiting for DEV to become free
       7  unregister_netdevice: waiting for DEV to become free
       7  unregister_netdevice: waiting for DEV to become free
The bug was not found.
About 15 releases remaining

==== Kernel Bisection ====
14200 Linux commits

2025-02-26 04:16:29
Session:   4
Kernel:    2022-01-12 - 22ef12195e13c5ec58320dbf99ef85059a2c0820
Compiler:  ccache /mnt/sda/author/SyzInspector/compilers/gcc-10.2.1-20210110/bin/gcc
Attempt 1:
    Time  Bug Name
       6  unregister_netdevice: waiting for DEV to become free
       6  unregister_netdevice: waiting for DEV to become free
       6  unregister_netdevice: waiting for DEV to become free
       6  unregister_netdevice: waiting for DEV to become free
       6  unregister_netdevice: waiting for DEV to become free
       6  unregister_netdevice: waiting for DEV to become free
       6  unregister_netdevice: waiting for DEV to become free
       7  unregister_netdevice: waiting for DEV to become free
Attempt 2:
    Time  Bug Name
       6  unregister_netdevice: waiting for DEV to become free
       6  unregister_netdevice: waiting for DEV to become free
       6  unregister_netdevice: waiting for DEV to become free
       6  unregister_netdevice: waiting for DEV to become free
       6  unregister_netdevice: waiting for DEV to become free
       6  unregister_netdevice: waiting for DEV to become free
       6  unregister_netdevice: waiting for DEV to become free
       6  unregister_netdevice: waiting for DEV to become free
Attempt 3:
    Time  Bug Name
       6  unregister_netdevice: waiting for DEV to become free
       6  unregister_netdevice: waiting for DEV to become free
       7  unregister_netdevice: waiting for DEV to become free
       7  unregister_netdevice: waiting for DEV to become free
       7  unregister_netdevice: waiting for DEV to become free
       7  unregister_netdevice: waiting for DEV to become free
       7  unregister_netdevice: waiting for DEV to become free
       7  unregister_netdevice: waiting for DEV to become free
The bug was not found.
About 6997 commits remaining

2025-02-26 05:00:32
Session:   5
Kernel:    2022-01-19 - 51620150ca2df62f8ea472ab8962be590c957288
Compiler:  ccache /mnt/sda/author/SyzInspector/compilers/gcc-10.2.1-20210110/bin/gcc
Attempt 1:
    Time  Bug Name
       7  unregister_netdevice: waiting for DEV to become free
       7  unregister_netdevice: waiting for DEV to become free
       7  unregister_netdevice: waiting for DEV to become free
       7  unregister_netdevice: waiting for DEV to become free
       7  unregister_netdevice: waiting for DEV to become free
       7  unregister_netdevice: waiting for DEV to become free
       7  unregister_netdevice: waiting for DEV to become free
       7  unregister_netdevice: waiting for DEV to become free
Attempt 2:
    Time  Bug Name
       2  WARNING in dev_watchdog
       6  unregister_netdevice: waiting for DEV to become free
       6  unregister_netdevice: waiting for DEV to become free
       6  unregister_netdevice: waiting for DEV to become free
       6  unregister_netdevice: waiting for DEV to become free
       6  unregister_netdevice: waiting for DEV to become free
       7  unregister_netdevice: waiting for DEV to become free
       7  unregister_netdevice: waiting for DEV to become free
       9  unregister_netdevice: waiting for DEV to become free
Attempt 3:
    Time  Bug Name
       6  unregister_netdevice: waiting for DEV to become free
       6  unregister_netdevice: waiting for DEV to become free
       7  unregister_netdevice: waiting for DEV to become free
       7  unregister_netdevice: waiting for DEV to become free
       7  unregister_netdevice: waiting for DEV to become free
       7  unregister_netdevice: waiting for DEV to become free
       7  unregister_netdevice: waiting for DEV to become free
       7  unregister_netdevice: waiting for DEV to become free
The bug was not found.
About 3522 commits remaining

2025-02-26 05:44:37
Session:   6
Kernel:    2022-02-04 - d1ca60efc53d665cf89ed847a14a510a81770b81
Compiler:  ccache /mnt/sda/author/SyzInspector/compilers/gcc-10.2.1-20210110/bin/gcc
Attempt 1:
    Time  Bug Name
***    2  WARNING: suspicious RCU usage in bond_ethtool_get_ts_info
***    2  WARNING: suspicious RCU usage in bond_ethtool_get_ts_info
***    2  WARNING: suspicious RCU usage in bond_ethtool_get_ts_info
***    2  WARNING: suspicious RCU usage in bond_ethtool_get_ts_info
The bug was found.
About 1761 commits remaining

2025-02-26 06:00:26
Session:   7
Kernel:    2022-01-22 - 5475e8f03c80bbce7b43a57d861f5acc44a60b22
Compiler:  ccache /mnt/sda/author/SyzInspector/compilers/gcc-10.2.1-20210110/bin/gcc
Attempt 1:
    No crashes found.
Attempt 2:
    No crashes found.
Attempt 3:
    Time  Bug Name
       6  WARNING: ODEBUG bug in netdev_run_todo
The bug was not found.
About 899 commits remaining

2025-02-26 06:44:18
Session:   8
Kernel:    2022-01-27 - 23a46422c56144939c091c76cf389aa863ce9c18
Compiler:  ccache /mnt/sda/author/SyzInspector/compilers/gcc-10.2.1-20210110/bin/gcc
Attempt 1:
    Time  Bug Name
***    2  WARNING: suspicious RCU usage in bond_ethtool_get_ts_info
***    2  WARNING: suspicious RCU usage in bond_ethtool_get_ts_info
***    2  WARNING: suspicious RCU usage in bond_ethtool_get_ts_info
The bug was found.
About 459 commits remaining

2025-02-26 07:01:42
Session:   9
Kernel:    2022-01-23 - e6340b6526eeec5a00fe26a6ff515afe7d0affa4
Compiler:  ccache /mnt/sda/author/SyzInspector/compilers/gcc-10.2.1-20210110/bin/gcc
Attempt 1:
    No crashes found.
Attempt 2:
    No crashes found.
Attempt 3:
    No crashes found.
The bug was not found.
About 226 commits remaining

2025-02-26 07:46:38
Session:   10
Kernel:    2022-01-25 - 0280e3c58f92b2fe0e8fbbdf8d386449168de4a8
Compiler:  ccache /mnt/sda/author/SyzInspector/compilers/gcc-10.2.1-20210110/bin/gcc
Attempt 1:
    No crashes found.
Attempt 2:
    No crashes found.
Attempt 3:
    Time  Bug Name
       8  WARNING: ODEBUG bug in netdev_run_todo
      10  WARNING: ODEBUG bug in netdev_run_todo
The bug was not found.
About 106 commits remaining

2025-02-26 08:30:52
Session:   11
Kernel:    2022-01-24 - 3a5d9db7fbdfc8207ddf70d92668ced0ab330701
Compiler:  ccache /mnt/sda/author/SyzInspector/compilers/gcc-10.2.1-20210110/bin/gcc
Attempt 1:
    Time  Bug Name
***    2  WARNING: suspicious RCU usage in bond_ethtool_get_ts_info
***    2  WARNING: suspicious RCU usage in bond_ethtool_get_ts_info
***    2  WARNING: suspicious RCU usage in bond_ethtool_get_ts_info
Running syz-repro.
New PoC saved at /mnt/sdd/author/SyzInspector/wd-bisector-1/reproducers/repro-bug0006-1.prog
Primary PoC:     /mnt/sdd/author/SyzInspector/wd-bisector-1/reproducers/repro-bug0006-1.prog
Run Time:        0h6m0s
The bug was found.
About 53 commits remaining

2025-02-26 08:53:41
Session:   12
Kernel:    2022-01-21 - 0b6d8cf2ecb98a842eaf523f31939ba362eb2235
Compiler:  ccache /mnt/sda/author/SyzInspector/compilers/gcc-10.2.1-20210110/bin/gcc
Attempt 1:
    No crashes found.
Attempt 2:
    No crashes found.
Attempt 3:
    Time  Bug Name
       7  WARNING: ODEBUG bug in netdev_run_todo
The bug was not found.
About 25 commits remaining

2025-02-26 09:38:36
Session:   13
Kernel:    2022-01-21 - 745166fcf01cecc4f5ff3defc6586868349a43f9
Compiler:  ccache /mnt/sda/author/SyzInspector/compilers/gcc-10.2.1-20210110/bin/gcc
Attempt 1:
    No crashes found.
Attempt 2:
    Time  Bug Name
       5  WARNING: ODEBUG bug in netdev_run_todo
Attempt 3:
    Time  Bug Name
       7  WARNING: ODEBUG bug in netdev_run_todo
The bug was not found.
About 13 commits remaining

2025-02-26 10:23:22
Session:   14
Kernel:    2022-01-24 - aa6034678e873db8bd5c5a4b73f8b88c469374d6
Compiler:  ccache /mnt/sda/author/SyzInspector/compilers/gcc-10.2.1-20210110/bin/gcc
Attempt 1:
    Time  Bug Name
***    4  WARNING: suspicious RCU usage in bond_ethtool_get_ts_info
***    4  WARNING: suspicious RCU usage in bond_ethtool_get_ts_info
The bug was found.
About 7 commits remaining

2025-02-26 10:40:58
Session:   15
Kernel:    2022-01-21 - 63ec72bd58487935a2e40d2cdffe5c9498f1275e
Compiler:  ccache /mnt/sda/author/SyzInspector/compilers/gcc-10.2.1-20210110/bin/gcc
Attempt 1:
    No crashes found.
Attempt 2:
    No crashes found.
Attempt 3:
    No crashes found.
The bug was not found.
About 4 commits remaining

2025-02-26 11:25:03
Session:   16
Kernel:    2022-01-24 - 2148927e6ed43a1667baf7c2ae3e0e05a44b51a0
Compiler:  ccache /mnt/sda/author/SyzInspector/compilers/gcc-10.2.1-20210110/bin/gcc
Attempt 1:
    Time  Bug Name
      10  WARNING: ODEBUG bug in netdev_run_todo
Attempt 2:
    No crashes found.
Attempt 3:
    Time  Bug Name
       7  WARNING: ODEBUG bug in netdev_run_todo
      10  WARNING: ODEBUG bug in netdev_run_todo
The bug was not found.
About 2 commits remaining

==== Partial Result: Focused Fuzzing ====
Reproducer:           /mnt/sdd/author/SyzInspector/wd-bisector-1/reproducers/repro-bug0006-1.prog
Bisection Result:     2022-01-24 - aa6034678e873db8bd5c5a4b73f8b88c469374d6
Bisected Commit Name: bonding: use rcu_dereference_rtnl when get bonding active slave
Stage Time:           9h22m48s
Run Time:             9h22m50s
=========================================

==== Anchor Commit ====

2025-02-26 12:08:57
Session:   17
Kernel:    2022-01-24 - 2148927e6ed43a1667baf7c2ae3e0e05a44b51a0
Compiler:  ccache /mnt/sda/author/SyzInspector/compilers/gcc-10.2.1-20210110/bin/gcc
Attempt 0:
    No crashes found.
Attempt 1:
    No crashes found.
Attempt 2:
    No crashes found.
Attempt 3:
    No crashes found.
Attempt 4:
    No crashes found.
Attempt 5:
    No crashes found.
Attempt 6:
    No crashes found.
Attempt 7:
    No crashes found.
The bug was not found.

Failure: This bug cannot be found at the anchor commit.

====================================================================================================================================================
Bug Name:             WARNING: suspicious RCU usage in bond_ethtool_get_ts_info
Bug Link:             https://syzkaller.appspot.com/bug?id=7a32cd0d4c48cc55062b10b16055b5b095ce614d
Bisection Result:     2022-01-24 - aa6034678e873db8bd5c5a4b73f8b88c469374d6
Bisected Commit Name: bonding: use rcu_dereference_rtnl when get bonding active slave
Run Time:             9h38m37s

Anchor Commit:        2022-05-10 - feb9c5e19e913b53cb536a7aa7c9f20107bb51ec
Bisection Result:     2022-01-24 - aa6034678e873db8bd5c5a4b73f8b88c469374d6
