./bin/bisector -i 5 -c /home/syzretrospector/syzinspector/wd-bisector-5/bisector.cfg -a ac347a0655dbc7d885e217c89dddd16e2800bd58 -F ff-test,poc-test,stateful-corpus,ff-no-find-backup
Bisecting:          WARNING in unmap_page_range
Syzbot Link:        https://syzkaller.appspot.com/bug?extid=7ca4b2719dc742b8d0a4
Working Name:       bug0777

No aliases given.

Anchor Commit:      ac347a0655dbc7d885e217c89dddd16e2800bd58
Repository:         https://git.kernel.org/pub/scm/linux/kernel/git/torvalds/linux.git
Branch:             master
Arch:               amd64

Bisector:           /home/syzretrospector/syzinspector/
Version:            1.0.4
Kernel:             /home/syzretrospector/syzinspector/wd-bisector-5/kernel/
Syzkaller:          /home/syzretrospector/syzinspector/syzkaller/
Compilers:          /home/syzretrospector/compilers/
Ccache:             ccache
Image:              /home/syzretrospector/images/stretch/stretch.img
Image Key:          /home/syzretrospector/images/stretch/stretch.id_rsa

Workdir:            /home/syzretrospector/syzinspector/wd-bisector-5/
Kconfig:            /home/syzretrospector/syzinspector/wd-bisector-5/config-bug0777.txt
Reproducers: (3)    /home/syzretrospector/syzinspector/wd-bisector-5/reproducers/
Primary PoC:        /home/syzretrospector/syzinspector/wd-bisector-5/reproducers/repro-bug0777-23.prog
Syzkaller Workdir:  /home/syzretrospector/syzinspector/wd-bisector-5/wd-kaller/
Log Directory:      /home/syzretrospector/syzinspector/wd-bisector-5/log/

Syscalls: (5)       ["ioctl$PAGEMAP_SCAN", "syz_open_procfs$pagemap", "syz_clone", "ioctl$F2FS_IOC_START_ATOMIC_WRITE", "openat$selinux_enforce"]
VM Count:           8
CPU Count:          2
Procs:              16
Memory:             4096
Make Procs:         16
Max Time:           10
Max Attempts:       1

==== Anchor Commit ====

2025-03-18 11:00:11
Session:   1
Kernel:    2023-11-10 - ac347a0655dbc7d885e217c89dddd16e2800bd58
Compiler:  ccache /home/syzretrospector/compilers/gcc-10.2.1-20210110/bin/gcc
Attempt 1:
    Time  Bug Name
***    2  WARNING in unmap_page_range
Attempt 2: (RETRY)
    Time  Bug Name
***    2  WARNING in unmap_page_range
***    2  WARNING in unmap_page_range
Attempt 3: (RETRY)
    Time  Bug Name
***    2  WARNING in unmap_page_range
The bug was found.

New Max Time: 10

==== Major Release Search ====
19 Releases

2025-03-18 11:19:54
Session:   2
Kernel:    2023-10-29 - ffc253263a1375a65fa6c9f62a893e9767fbebfa (v6.6)
Compiler:  ccache /home/syzretrospector/compilers/gcc-10.2.1-20210110/bin/gcc
Attempt 1:
    No crashes found.
The bug was not found.
About 18 releases remaining

==== Kernel Bisection ====
16040 Linux commits

2025-03-18 11:42:40
Session:   3
Kernel:    2023-11-01 - 7d461b291e65938f15f56fe58da2303b07578a76
Compiler:  ccache /home/syzretrospector/compilers/gcc-10.2.1-20210110/bin/gcc
Attempt 1:
    No crashes found.
The bug was not found.
About 7391 commits remaining

2025-03-18 12:05:26
Session:   4
Kernel:    2023-11-02 - ecae0bd5173b1014f95a14a8dfbe40ec10367dcf
Compiler:  ccache /home/syzretrospector/compilers/gcc-10.2.1-20210110/bin/gcc
Attempt 1:
    Time  Bug Name
***    2  WARNING in unmap_page_range
***    2  WARNING in unmap_page_range
***    2  WARNING in unmap_page_range
Running syz-repro.
New PoC saved at /home/syzretrospector/syzinspector/wd-bisector-5/reproducers/repro-bug0777-0.prog
Primary PoC:     /home/syzretrospector/syzinspector/wd-bisector-5/reproducers/repro-bug0777-0.prog
Run Time:        0h6m0s
The bug was found.
About 3688 commits remaining

2025-03-18 12:26:08
Session:   5
Kernel:    2023-11-02 - 27beb3ca347fa29fef5c23b351120239b8cf0612
Compiler:  ccache /home/syzretrospector/compilers/gcc-10.2.1-20210110/bin/gcc
Attempt 1:
    No crashes found.
The bug was not found.
About 1815 commits remaining

2025-03-18 12:48:27
Session:   6
Kernel:    2023-11-02 - 43468456c95b9e13c0592de51a9a530caa525c1f
Compiler:  ccache /home/syzretrospector/compilers/gcc-10.2.1-20210110/bin/gcc
Attempt 1:
    No crashes found.
The bug was not found.
About 905 commits remaining

2025-03-18 13:03:45
Session:   7
Kernel:    2023-11-02 - bc3012f4e3a9765de81f454cb8f9bb16aafc6ff5
Compiler:  ccache /home/syzretrospector/compilers/gcc-10.2.1-20210110/bin/gcc
Attempt 1:
    No crashes found.
The bug was not found.
About 409 commits remaining

2025-03-18 13:21:10
Session:   8
Kernel:    2023-10-18 - 18825b8ae9a3d8abd869811aa2a4ea617da5a59e
Compiler:  ccache /home/syzretrospector/compilers/gcc-10.2.1-20210110/bin/gcc
Attempt 1:
    Time  Bug Name
***    2  WARNING in unmap_page_range
***    2  WARNING in unmap_page_range
***    2  WARNING in unmap_page_range
***    2  WARNING in unmap_page_range
***    2  WARNING in unmap_page_range
The bug was found.
About 205 commits remaining

2025-03-18 13:35:25
Session:   9
Kernel:    2023-10-04 - c5c540034747dfe450f64d1151081a6080daa8f9
Compiler:  ccache /home/syzretrospector/compilers/gcc-10.2.1-20210110/bin/gcc
Attempt 1:
    No crashes found.
The bug was not found.
About 123 commits remaining

2025-03-18 13:58:13
Session:   10
Kernel:    2023-10-04 - 65ded14e2818bdd9b9bdc128cf47122533f46778
Compiler:  ccache /home/syzretrospector/compilers/gcc-10.2.1-20210110/bin/gcc
Attempt 1:
    No crashes found.
The bug was not found.
About 72 commits remaining

2025-03-18 14:20:25
Session:   11
Kernel:    2023-10-16 - cda6d93672ac5dd8af778a3f3e6082e12233b65b
Compiler:  ccache /home/syzretrospector/compilers/gcc-10.2.1-20210110/bin/gcc
Attempt 1:
    No crashes found.
The bug was not found.
About 47 commits remaining

2025-03-18 14:42:27
Session:   12
Kernel:    2023-10-16 - e5a68991268906a6989f1bf273580c2218662ad6
Compiler:  ccache /home/syzretrospector/compilers/gcc-10.2.1-20210110/bin/gcc
Attempt 1:
    Time  Bug Name
       8  kernel BUG in folio_flags
The bug was not found.
About 34 commits remaining

2025-03-18 15:04:32
Session:   13
Kernel:    2023-10-18 - b7c67206594a56be2407ae4da54a114c90609e53
Compiler:  ccache /home/syzretrospector/compilers/gcc-10.2.1-20210110/bin/gcc
Attempt 1:
    No crashes found.
The bug was not found.
About 8 commits remaining

2025-03-18 15:24:11
Session:   14
Kernel:    2023-10-18 - d61ea1cb009532dcbd77a9d44b812704cec60146
Compiler:  ccache /home/syzretrospector/compilers/gcc-10.2.1-20210110/bin/gcc
Warning: Child process make exited with error status 2.
Warning: make exited with error status 0x2
Error: The kernel failed to make.
Error: The kernel failed to make.
Attempting to recover.

2025-03-18 15:26:11
Session:   15
Kernel:    2023-10-18 - 52526ca7fdb905a768a93f8faa418e9b988fc34b
Compiler:  ccache /home/syzretrospector/compilers/gcc-10.2.1-20210110/bin/gcc
Attempt 1:
    Time  Bug Name
       8  WARNING in pagemap_scan_pmd_entry
       8  WARNING in pagemap_scan_pmd_entry
       8  WARNING in pagemap_scan_pmd_entry
       9  WARNING in pagemap_scan_pmd_entry
      10  WARNING in pagemap_scan_pmd_entry
      10  WARNING in pagemap_scan_pmd_entry
      10  WARNING in pagemap_scan_pmd_entry
The bug was not found.
About 4 commits remaining

2025-03-18 15:49:16
Session:   16
Kernel:    2023-10-18 - 12f6b01a0bcbeeab8cc9305673314adb3adf80f7
Compiler:  ccache /home/syzretrospector/compilers/gcc-10.2.1-20210110/bin/gcc
Attempt 1:
    Time  Bug Name
***    2  WARNING in unmap_page_range
***    2  WARNING in unmap_page_range
***    2  WARNING in unmap_page_range
***    2  WARNING in unmap_page_range
***    2  WARNING in unmap_page_range
***    2  WARNING in unmap_page_range
***    2  WARNING in unmap_page_range
The bug was found.
About 2 commits remaining

==== Partial Result: Focused Fuzzing ====
Reproducer:           /home/syzretrospector/syzinspector/wd-bisector-5/reproducers/repro-bug0777-0.prog
Bisection Result:     2023-10-18 - 12f6b01a0bcbeeab8cc9305673314adb3adf80f7
Bisected Commit Name: fs/proc/task_mmu: add fast paths to get/clear PAGE_IS_WRITTEN flag
Stage Time:           4h56m3s
Run Time:             4h56m5s
=========================================

==== Anchor Commit ====

2025-03-18 15:56:15
Session:   17
Kernel:    2023-10-18 - 52526ca7fdb905a768a93f8faa418e9b988fc34b
Compiler:  ccache /home/syzretrospector/compilers/gcc-10.2.1-20210110/bin/gcc
Attempt 0:
    No crashes found.
Attempt 1:
    No crashes found.
Attempt 2:
    No crashes found.
Attempt 3:
    No crashes found.
Attempt 4:
    No crashes found.
Attempt 5:
    No crashes found.
Attempt 6:
    No crashes found.
Attempt 7:
    No crashes found.
The bug was not found.

Failure: This bug cannot be found at the anchor commit.

====================================================================================================================================================
Bug Name:             WARNING in unmap_page_range
Bug Link:             https://syzkaller.appspot.com/bug?extid=7ca4b2719dc742b8d0a4
Bisection Result:     2023-10-18 - 12f6b01a0bcbeeab8cc9305673314adb3adf80f7
Bisected Commit Name: fs/proc/task_mmu: add fast paths to get/clear PAGE_IS_WRITTEN flag
Run Time:             5h3m38s

Anchor Commit:        2023-11-10 - ac347a0655dbc7d885e217c89dddd16e2800bd58
Bisection Result:     2023-10-18 - 12f6b01a0bcbeeab8cc9305673314adb3adf80f7
