./bin/bisector -i 4 -c /home/meerkat/meerkat/wd-bisector-4/bisector.cfg -a 9c1bec9c0b08abeac72ed6214b723adc224013bf -F ff-test,poc-test,stateful-corpus,ff-no-find-backup
Bisecting:          WARNING: refcount bug in qrtr_recvmsg
Syzbot Link:        https://syzkaller.appspot.com/bug?extid=a7492efaa5d61b51db23
Working Name:       bug0888

No aliases given.

Anchor Commit:      9c1bec9c0b08abeac72ed6214b723adc224013bf
Repository:         https://git.kernel.org/pub/scm/linux/kernel/git/torvalds/linux.git
Branch:             master
Arch:               amd64

Bisector:           /home/meerkat/meerkat/
Version:            1.0.4
Kernel:             /home/meerkat/meerkat/wd-bisector-4/kernel/
Syzkaller:          /home/meerkat/meerkat/syzkaller/
Compilers:          /home/meerkat/compilers/
Ccache:             ccache
Image:              /home/meerkat/images/stretch/stretch.img
Image Key:          /home/meerkat/images/stretch/stretch.id_rsa

Workdir:            /home/meerkat/meerkat/wd-bisector-4/
Kconfig:            /home/meerkat/meerkat/wd-bisector-4/config-bug0888.txt
Reproducers: (1)    /home/meerkat/meerkat/wd-bisector-4/reproducers/
Syzkaller Workdir:  /home/meerkat/meerkat/wd-bisector-4/wd-kaller/
Log Directory:      /home/meerkat/meerkat/wd-bisector-4/log/

Syscalls: (5)       ["io_setup", "io_submit", "openat$qrtrtun", "openat$selinux_enforce", "eventfd"]
VM Count:           8
CPU Count:          2
Procs:              16
Memory:             4096
Make Procs:         16
Max Time:           10
Max Attempts:       1

==== Anchor Commit ====

2025-03-14 06:00:24
Session:   1
Kernel:    2023-03-15 - 9c1bec9c0b08abeac72ed6214b723adc224013bf
Compiler:  ccache /home/meerkat/compilers/gcc-10.2.1-20210110/bin/gcc
Attempt 1:
    No crashes found.
Attempt 2: (RETRY)
    No crashes found.
Attempt 3: (RETRY)
    No crashes found.
The bug was not found.

Failure: This bug cannot be found at the anchor commit.
