./bin/bisector -i 5 -c /home/syzretrospector/syzinspector/wd-bisector-5/bisector.cfg -a f2e8a57ee9036c7d5443382b6c3c09b51a92ec7e -F ff-test,poc-test,stateful-corpus,ff-no-find-backup
Bisecting:          WARNING in kvm_mmu_notifier_change_pte
Syzbot Link:        https://syzkaller.appspot.com/bug?extid=81227d2bd69e9dedb802
Working Name:       bug0762

No aliases given.

Anchor Commit:      f2e8a57ee9036c7d5443382b6c3c09b51a92ec7e
Repository:         https://git.kernel.org/pub/scm/linux/kernel/git/torvalds/linux.git
Branch:             master
Arch:               amd64

Bisector:           /home/syzretrospector/syzinspector/
Version:            1.0.4
Kernel:             /home/syzretrospector/syzinspector/wd-bisector-5/kernel/
Syzkaller:          /home/syzretrospector/syzinspector/syzkaller/
Compilers:          /home/syzretrospector/compilers/
Ccache:             ccache
Image:              /home/syzretrospector/images/stretch/stretch.img
Image Key:          /home/syzretrospector/images/stretch/stretch.id_rsa

Workdir:            /home/syzretrospector/syzinspector/wd-bisector-5/
Kconfig:            /home/syzretrospector/syzinspector/wd-bisector-5/config-bug0762.txt
Reproducers: (1)    /home/syzretrospector/syzinspector/wd-bisector-5/reproducers/
Syzkaller Workdir:  /home/syzretrospector/syzinspector/wd-bisector-5/wd-kaller/
Log Directory:      /home/syzretrospector/syzinspector/wd-bisector-5/log/

Syscalls: (8)       ["getpid", "ioctl$KVM_CREATE_VM", "ioctl$PAGEMAP_SCAN", "openat$kvm", "process_vm_readv", "syz_open_procfs$pagemap", "ioctl$F2FS_IOC_START_ATOMIC_WRITE", "openat$selinux_enforce"]
VM Count:           8
CPU Count:          2
Procs:              16
Memory:             4096
Make Procs:         16
Max Time:           10
Max Attempts:       1

==== Anchor Commit ====

2025-03-16 22:42:22
Session:   1
Kernel:    2023-12-08 - f2e8a57ee9036c7d5443382b6c3c09b51a92ec7e
Compiler:  ccache /home/syzretrospector/compilers/gcc-10.2.1-20210110/bin/gcc
Attempt 1:
    Time  Bug Name
       2  WARNING in kvm_mmu_notifier_invalidate_range_start
       2  WARNING in kvm_mmu_notifier_invalidate_range_start
       2  WARNING in kvm_mmu_notifier_invalidate_range_start
       2  WARNING in kvm_mmu_notifier_invalidate_range_start
       2  WARNING in kvm_mmu_notifier_invalidate_range_start
       2  WARNING in kvm_mmu_notifier_invalidate_range_start
       2  WARNING in kvm_mmu_notifier_invalidate_range_start
       2  WARNING in kvm_mmu_notifier_invalidate_range_start
       3  WARNING in kvm_mmu_notifier_invalidate_range_start
       3  WARNING in kvm_mmu_notifier_invalidate_range_start
       3  WARNING in kvm_mmu_notifier_invalidate_range_start
       3  WARNING in kvm_mmu_notifier_invalidate_range_start
       3  WARNING in kvm_mmu_notifier_invalidate_range_start
       3  WARNING in kvm_mmu_notifier_invalidate_range_start
       3  WARNING in kvm_mmu_notifier_invalidate_range_start
       3  WARNING in kvm_mmu_notifier_invalidate_range_start
       5  WARNING in kvm_mmu_notifier_invalidate_range_start
       5  WARNING in kvm_mmu_notifier_invalidate_range_start
       5  WARNING in kvm_mmu_notifier_invalidate_range_start
       5  WARNING in kvm_mmu_notifier_invalidate_range_start
       5  WARNING in kvm_mmu_notifier_invalidate_range_start
       5  WARNING in kvm_mmu_notifier_invalidate_range_start
       5  WARNING in kvm_mmu_notifier_invalidate_range_start
       5  WARNING in kvm_mmu_notifier_invalidate_range_start
***    6  WARNING in kvm_mmu_notifier_change_pte
       6  WARNING in kvm_mmu_notifier_invalidate_range_start
       6  WARNING in kvm_mmu_notifier_invalidate_range_start
       6  WARNING in kvm_mmu_notifier_invalidate_range_start
       6  WARNING in kvm_mmu_notifier_invalidate_range_start
       6  WARNING in kvm_mmu_notifier_invalidate_range_start
       6  WARNING in kvm_mmu_notifier_invalidate_range_start
       6  WARNING in kvm_mmu_notifier_invalidate_range_start
Attempt 2: (RETRY)
    Time  Bug Name
       2  WARNING in kvm_mmu_notifier_invalidate_range_start
       2  WARNING in kvm_mmu_notifier_invalidate_range_start
       2  WARNING in kvm_mmu_notifier_invalidate_range_start
       2  WARNING in kvm_mmu_notifier_invalidate_range_start
       2  WARNING in kvm_mmu_notifier_invalidate_range_start
       2  WARNING in kvm_mmu_notifier_invalidate_range_start
       2  WARNING in kvm_mmu_notifier_invalidate_range_start
       2  WARNING in kvm_mmu_notifier_invalidate_range_start
***    3  WARNING in kvm_mmu_notifier_change_pte
       3  WARNING in kvm_mmu_notifier_invalidate_range_start
       3  WARNING in kvm_mmu_notifier_invalidate_range_start
       3  WARNING in kvm_mmu_notifier_invalidate_range_start
       3  WARNING in kvm_mmu_notifier_invalidate_range_start
       3  WARNING in kvm_mmu_notifier_invalidate_range_start
       3  WARNING in kvm_mmu_notifier_invalidate_range_start
Attempt 3: (RETRY)
    Time  Bug Name
       2  WARNING in kvm_mmu_notifier_invalidate_range_start
       2  WARNING in kvm_mmu_notifier_invalidate_range_start
       2  WARNING in kvm_mmu_notifier_invalidate_range_start
       2  WARNING in kvm_mmu_notifier_invalidate_range_start
       2  WARNING in kvm_mmu_notifier_invalidate_range_start
       2  WARNING in kvm_mmu_notifier_invalidate_range_start
       2  WARNING in kvm_mmu_notifier_invalidate_range_start
       2  WARNING in kvm_mmu_notifier_invalidate_range_start
       3  WARNING in kvm_mmu_notifier_invalidate_range_start
       3  WARNING in kvm_mmu_notifier_invalidate_range_start
       3  WARNING in kvm_mmu_notifier_invalidate_range_start
       3  WARNING in kvm_mmu_notifier_invalidate_range_start
       3  WARNING in kvm_mmu_notifier_invalidate_range_start
       3  WARNING in kvm_mmu_notifier_invalidate_range_start
       3  WARNING in kvm_mmu_notifier_invalidate_range_start
       3  WARNING in kvm_mmu_notifier_invalidate_range_start
       5  WARNING in kvm_mmu_notifier_invalidate_range_start
       5  WARNING in kvm_mmu_notifier_invalidate_range_start
       5  WARNING in kvm_mmu_notifier_invalidate_range_start
       5  WARNING in kvm_mmu_notifier_invalidate_range_start
       5  WARNING in kvm_mmu_notifier_invalidate_range_start
       5  WARNING in kvm_mmu_notifier_invalidate_range_start
       5  WARNING in kvm_mmu_notifier_invalidate_range_start
       5  WARNING in kvm_mmu_notifier_invalidate_range_start
       6  WARNING in kvm_mmu_notifier_invalidate_range_start
       6  WARNING in kvm_mmu_notifier_invalidate_range_start
       6  WARNING in kvm_mmu_notifier_invalidate_range_start
       6  WARNING in kvm_mmu_notifier_invalidate_range_start
       6  WARNING in kvm_mmu_notifier_invalidate_range_start
       6  WARNING in kvm_mmu_notifier_invalidate_range_start
       6  WARNING in kvm_mmu_notifier_invalidate_range_start
       6  WARNING in kvm_mmu_notifier_invalidate_range_start
***    7  WARNING in kvm_mmu_notifier_change_pte
       7  WARNING in kvm_mmu_notifier_invalidate_range_start
       7  WARNING in kvm_mmu_notifier_invalidate_range_start
The bug was found.

New Max Time: 10

==== Major Release Search ====
19 Releases

2025-03-16 23:12:44
Session:   2
Kernel:    2023-10-29 - ffc253263a1375a65fa6c9f62a893e9767fbebfa (v6.6)
Compiler:  ccache /home/syzretrospector/compilers/gcc-10.2.1-20210110/bin/gcc
Attempt 1:
    No crashes found.
The bug was not found.
About 18 releases remaining

==== Kernel Bisection ====
17510 Linux commits

2025-03-16 23:36:11
Session:   3
Kernel:    2023-11-01 - 56ec8e4cd8cbff3c96c53cd8303bba924613b5ce
Compiler:  ccache /home/syzretrospector/compilers/gcc-10.2.1-20210110/bin/gcc
Attempt 1:
    No crashes found.
The bug was not found.
About 8772 commits remaining

2025-03-16 23:59:46
Session:   4
Kernel:    2023-11-03 - d99b91a99be430be45413052bb428107c435918b
Compiler:  ccache /home/syzretrospector/compilers/gcc-10.2.1-20210110/bin/gcc
Attempt 1:
    Time  Bug Name
       2  WARNING in unmap_page_range
       2  WARNING in kvm_mmu_notifier_invalidate_range_start
       2  WARNING in kvm_mmu_notifier_invalidate_range_start
       2  WARNING in kvm_mmu_notifier_invalidate_range_start
       2  WARNING in kvm_mmu_notifier_invalidate_range_start
       2  WARNING in kvm_mmu_notifier_invalidate_range_start
       2  WARNING in kvm_mmu_notifier_invalidate_range_start
       2  WARNING in kvm_mmu_notifier_invalidate_range_start
       3  WARNING in kvm_mmu_notifier_invalidate_range_start
       3  WARNING in kvm_mmu_notifier_invalidate_range_start
       3  WARNING in kvm_mmu_notifier_invalidate_range_start
       4  WARNING in kvm_mmu_notifier_invalidate_range_start
       4  WARNING in kvm_mmu_notifier_invalidate_range_start
       4  WARNING in kvm_mmu_notifier_invalidate_range_start
       4  WARNING in kvm_mmu_notifier_invalidate_range_start
       4  WARNING in kvm_mmu_notifier_invalidate_range_start
       5  WARNING in kvm_mmu_notifier_invalidate_range_start
       5  WARNING in kvm_mmu_notifier_invalidate_range_start
       5  WARNING in kvm_mmu_notifier_invalidate_range_start
       5  WARNING in kvm_mmu_notifier_invalidate_range_start
       5  WARNING in kvm_mmu_notifier_invalidate_range_start
       5  WARNING in kvm_mmu_notifier_invalidate_range_start
       5  WARNING in kvm_mmu_notifier_invalidate_range_start
       5  WARNING in kvm_mmu_notifier_invalidate_range_start
       6  WARNING in kvm_mmu_notifier_invalidate_range_start
       7  WARNING in kvm_mmu_notifier_invalidate_range_start
       7  WARNING in kvm_mmu_notifier_invalidate_range_start
       7  WARNING in kvm_mmu_notifier_invalidate_range_start
       7  WARNING in kvm_mmu_notifier_invalidate_range_start
       7  WARNING in kvm_mmu_notifier_invalidate_range_start
       7  WARNING in kvm_mmu_notifier_invalidate_range_start
       7  WARNING in kvm_mmu_notifier_invalidate_range_start
       8  WARNING in kvm_mmu_notifier_invalidate_range_start
       8  WARNING in kvm_mmu_notifier_invalidate_range_start
       8  WARNING in kvm_mmu_notifier_invalidate_range_start
       8  WARNING in kvm_mmu_notifier_invalidate_range_start
       8  WARNING in kvm_mmu_notifier_invalidate_range_start
       8  WARNING in kvm_mmu_notifier_invalidate_range_start
       8  WARNING in kvm_mmu_notifier_invalidate_range_start
       9  WARNING in kvm_mmu_notifier_invalidate_range_start
       9  WARNING in kvm_mmu_notifier_invalidate_range_start
       9  WARNING in kvm_mmu_notifier_invalidate_range_start
      10  WARNING in kvm_mmu_notifier_invalidate_range_start
      10  WARNING in kvm_mmu_notifier_invalidate_range_start
      10  WARNING in kvm_mmu_notifier_invalidate_range_start
      10  WARNING in kvm_mmu_notifier_invalidate_range_start
      10  WARNING in kvm_mmu_notifier_invalidate_range_start
      10  WARNING in kvm_mmu_notifier_invalidate_range_start
The bug was not found.
About 4277 commits remaining

2025-03-17 00:23:22
Session:   5
Kernel:    2023-11-08 - bdba49cbba41f0bea54fc93529bbef4d6ceaa3cd
Compiler:  ccache /home/syzretrospector/compilers/gcc-10.2.1-20210110/bin/gcc
Attempt 1:
    Time  Bug Name
***    2  WARNING in kvm_mmu_notifier_change_pte
       2  WARNING in kvm_mmu_notifier_invalidate_range_start
       2  WARNING in kvm_mmu_notifier_invalidate_range_start
       2  WARNING in kvm_mmu_notifier_invalidate_range_start
       2  WARNING in kvm_mmu_notifier_invalidate_range_start
       2  WARNING in kvm_mmu_notifier_invalidate_range_start
       2  WARNING in kvm_mmu_notifier_invalidate_range_start
       2  WARNING in kvm_mmu_notifier_invalidate_range_start
Running syz-repro.
New PoC saved at /home/syzretrospector/syzinspector/wd-bisector-5/reproducers/repro-bug0762-0.prog
Primary PoC:     /home/syzretrospector/syzinspector/wd-bisector-5/reproducers/repro-bug0762-0.prog
Run Time:        0h17m0s
The bug was found.
About 2137 commits remaining

2025-03-17 00:55:40
Session:   6
Kernel:    2023-11-04 - e70703890b2586bc3567365d391c260d23fb7a94
Compiler:  ccache /home/syzretrospector/compilers/gcc-10.2.1-20210110/bin/gcc
Attempt 1:
    Time  Bug Name
       2  WARNING in kvm_mmu_notifier_invalidate_range_start
       2  WARNING in kvm_mmu_notifier_invalidate_range_start
       2  WARNING in kvm_mmu_notifier_invalidate_range_start
       2  WARNING in kvm_mmu_notifier_invalidate_range_start
       2  WARNING in kvm_mmu_notifier_invalidate_range_start
       2  WARNING in kvm_mmu_notifier_invalidate_range_start
       2  WARNING in kvm_mmu_notifier_invalidate_range_start
       2  WARNING in kvm_mmu_notifier_invalidate_range_start
       3  WARNING in kvm_mmu_notifier_invalidate_range_start
       3  WARNING in kvm_mmu_notifier_invalidate_range_start
       4  WARNING in kvm_mmu_notifier_invalidate_range_start
       4  WARNING in kvm_mmu_notifier_invalidate_range_start
       4  WARNING in kvm_mmu_notifier_invalidate_range_start
       4  WARNING in kvm_mmu_notifier_invalidate_range_start
       4  WARNING in kvm_mmu_notifier_invalidate_range_start
       4  WARNING in kvm_mmu_notifier_invalidate_range_start
       5  WARNING in kvm_mmu_notifier_invalidate_range_start
       5  WARNING in kvm_mmu_notifier_invalidate_range_start
       5  WARNING in kvm_mmu_notifier_invalidate_range_start
       5  WARNING in kvm_mmu_notifier_invalidate_range_start
       5  WARNING in kvm_mmu_notifier_invalidate_range_start
       5  WARNING in kvm_mmu_notifier_invalidate_range_start
       5  WARNING in kvm_mmu_notifier_invalidate_range_start
       5  WARNING in kvm_mmu_notifier_invalidate_range_start
       6  WARNING in kvm_mmu_notifier_invalidate_range_start
       6  WARNING in kvm_mmu_notifier_invalidate_range_start
       7  WARNING in kvm_mmu_notifier_invalidate_range_start
       7  WARNING in kvm_mmu_notifier_invalidate_range_start
       7  WARNING in kvm_mmu_notifier_invalidate_range_start
       7  WARNING in kvm_mmu_notifier_invalidate_range_start
       7  WARNING in kvm_mmu_notifier_invalidate_range_start
       7  WARNING in kvm_mmu_notifier_invalidate_range_start
       8  WARNING in kvm_mmu_notifier_invalidate_range_start
       8  WARNING in kvm_mmu_notifier_invalidate_range_start
       8  WARNING in kvm_mmu_notifier_invalidate_range_start
       8  WARNING in kvm_mmu_notifier_invalidate_range_start
       8  WARNING in kvm_mmu_notifier_invalidate_range_start
       8  WARNING in kvm_mmu_notifier_invalidate_range_start
       8  WARNING in kvm_mmu_notifier_invalidate_range_start
       9  WARNING in kvm_mmu_notifier_invalidate_range_start
       9  WARNING in kvm_mmu_notifier_invalidate_range_start
       9  WARNING in kvm_mmu_notifier_invalidate_range_start
      10  WARNING in kvm_mmu_notifier_invalidate_range_start
      10  WARNING in kvm_mmu_notifier_invalidate_range_start
      10  WARNING in kvm_mmu_notifier_invalidate_range_start
      10  WARNING in kvm_mmu_notifier_invalidate_range_start
      10  WARNING in kvm_mmu_notifier_invalidate_range_start
      10  WARNING in kvm_mmu_notifier_invalidate_range_start
The bug was not found.
About 1057 commits remaining

2025-03-17 01:19:07
Session:   7
Kernel:    2023-10-27 - 3e238417254bfdcc23fe207780b59cbb08656762
Compiler:  ccache /home/syzretrospector/compilers/gcc-10.2.1-20210110/bin/gcc
Attempt 1:
    No crashes found.
The bug was not found.
About 16436 commits remaining

2025-03-17 01:41:51
Session:   8
Kernel:    2023-11-06 - be3ca57cfb777ad820c6659d52e60bbdd36bf5ff
Compiler:  ccache /home/syzretrospector/compilers/gcc-10.2.1-20210110/bin/gcc
Attempt 1:
    Time  Bug Name
       2  WARNING in kvm_mmu_notifier_invalidate_range_start
       2  WARNING in kvm_mmu_notifier_invalidate_range_start
       2  WARNING in kvm_mmu_notifier_invalidate_range_start
       2  WARNING in kvm_mmu_notifier_invalidate_range_start
       2  WARNING in kvm_mmu_notifier_invalidate_range_start
       2  WARNING in kvm_mmu_notifier_invalidate_range_start
       3  WARNING in kvm_mmu_notifier_invalidate_range_start
       3  WARNING in kvm_mmu_notifier_invalidate_range_start
       4  WARNING in kvm_mmu_notifier_invalidate_range_start
       4  WARNING in kvm_mmu_notifier_invalidate_range_start
       4  WARNING in kvm_mmu_notifier_invalidate_range_start
       4  WARNING in kvm_mmu_notifier_invalidate_range_start
       4  WARNING in kvm_mmu_notifier_invalidate_range_start
       4  WARNING in kvm_mmu_notifier_invalidate_range_start
       4  WARNING in kvm_mmu_notifier_invalidate_range_start
       4  WARNING in kvm_mmu_notifier_invalidate_range_start
       5  WARNING in unmap_page_range
       5  WARNING in unmap_page_range
       5  WARNING in kvm_mmu_notifier_invalidate_range_start
       6  WARNING in kvm_mmu_notifier_invalidate_range_start
       6  WARNING in kvm_mmu_notifier_invalidate_range_start
       6  WARNING in kvm_mmu_notifier_invalidate_range_start
       6  WARNING in kvm_mmu_notifier_invalidate_range_start
       7  WARNING in kvm_mmu_notifier_invalidate_range_start
       7  WARNING in kvm_mmu_notifier_invalidate_range_start
       7  WARNING in kvm_mmu_notifier_invalidate_range_start
       7  WARNING in kvm_mmu_notifier_invalidate_range_start
       7  WARNING in kvm_mmu_notifier_invalidate_range_start
       8  WARNING in kvm_mmu_notifier_invalidate_range_start
       8  WARNING in kvm_mmu_notifier_invalidate_range_start
       8  WARNING in kvm_mmu_notifier_invalidate_range_start
       8  WARNING in kvm_mmu_notifier_invalidate_range_start
       9  WARNING in pagemap_scan_pmd_entry
       9  WARNING in kvm_mmu_notifier_invalidate_range_start
       9  WARNING in kvm_mmu_notifier_invalidate_range_start
       9  WARNING in kvm_mmu_notifier_invalidate_range_start
       9  WARNING in kvm_mmu_notifier_invalidate_range_start
       9  WARNING in kvm_mmu_notifier_invalidate_range_start
      10  WARNING in kvm_mmu_notifier_invalidate_range_start
      10  WARNING in kvm_mmu_notifier_invalidate_range_start
      10  WARNING in kvm_mmu_notifier_invalidate_range_start
      10  WARNING in kvm_mmu_notifier_invalidate_range_start
      10  WARNING in kvm_mmu_notifier_invalidate_range_start
The bug was not found.
About 341 commits remaining

2025-03-17 01:57:28
Session:   9
Kernel:    2023-11-07 - dc1434801d2ee8b57286f587877e67d2f9b699d6
Compiler:  ccache /home/syzretrospector/compilers/gcc-10.2.1-20210110/bin/gcc
Attempt 1:
    Time  Bug Name
***    2  WARNING in kvm_mmu_notifier_change_pte
       2  WARNING in kvm_mmu_notifier_invalidate_range_start
       2  WARNING in kvm_mmu_notifier_invalidate_range_start
       2  WARNING in kvm_mmu_notifier_invalidate_range_start
       2  WARNING in kvm_mmu_notifier_invalidate_range_start
       2  WARNING in kvm_mmu_notifier_invalidate_range_start
       2  WARNING in kvm_mmu_notifier_invalidate_range_start
       2  WARNING in kvm_mmu_notifier_invalidate_range_start
The bug was found.
About 199 commits remaining

2025-03-17 02:04:06
Session:   10
Kernel:    2023-11-07 - 7f851936a0ca4b231224ee296cba28f9b1bc555e
Compiler:  ccache /home/syzretrospector/compilers/gcc-10.2.1-20210110/bin/gcc
Attempt 1:
    Time  Bug Name
       2  WARNING in kvm_mmu_notifier_invalidate_range_start
       2  WARNING in kvm_mmu_notifier_invalidate_range_start
       2  WARNING in kvm_mmu_notifier_invalidate_range_start
       2  WARNING in kvm_mmu_notifier_invalidate_range_start
       2  WARNING in kvm_mmu_notifier_invalidate_range_start
       2  WARNING in kvm_mmu_notifier_invalidate_range_start
       3  WARNING in kvm_mmu_notifier_invalidate_range_start
       3  WARNING in kvm_mmu_notifier_invalidate_range_start
       4  WARNING in kvm_mmu_notifier_invalidate_range_start
       4  WARNING in kvm_mmu_notifier_invalidate_range_start
       4  WARNING in kvm_mmu_notifier_invalidate_range_start
       4  WARNING in kvm_mmu_notifier_invalidate_range_start
       4  WARNING in kvm_mmu_notifier_invalidate_range_start
       4  WARNING in kvm_mmu_notifier_invalidate_range_start
       4  WARNING in kvm_mmu_notifier_invalidate_range_start
       4  WARNING in kvm_mmu_notifier_invalidate_range_start
       5  WARNING in pagemap_scan_pmd_entry
       5  WARNING in kvm_mmu_notifier_invalidate_range_start
       5  WARNING in kvm_mmu_notifier_invalidate_range_start
       5  WARNING in kvm_mmu_notifier_invalidate_range_start
       5  WARNING in kvm_mmu_notifier_invalidate_range_start
       5  WARNING in kvm_mmu_notifier_invalidate_range_start
       5  WARNING in kvm_mmu_notifier_invalidate_range_start
       6  WARNING in kvm_mmu_notifier_invalidate_range_start
       7  WARNING in kvm_mmu_notifier_invalidate_range_start
       7  WARNING in kvm_mmu_notifier_invalidate_range_start
       7  WARNING in kvm_mmu_notifier_invalidate_range_start
       7  WARNING in kvm_mmu_notifier_invalidate_range_start
       7  WARNING in kvm_mmu_notifier_invalidate_range_start
       7  WARNING in kvm_mmu_notifier_invalidate_range_start
       7  WARNING in kvm_mmu_notifier_invalidate_range_start
       7  WARNING in kvm_mmu_notifier_invalidate_range_start
       8  WARNING in kvm_mmu_notifier_invalidate_range_start
       8  WARNING in kvm_mmu_notifier_invalidate_range_start
       8  WARNING in kvm_mmu_notifier_invalidate_range_start
       9  WARNING in unmap_page_range
       9  WARNING in kvm_mmu_notifier_invalidate_range_start
       9  WARNING in kvm_mmu_notifier_invalidate_range_start
       9  WARNING in kvm_mmu_notifier_invalidate_range_start
       9  WARNING in kvm_mmu_notifier_invalidate_range_start
      10  WARNING in unmap_page_range
      10  WARNING in unmap_page_range
      10  WARNING in pagemap_scan_pmd_entry
      10  WARNING in kvm_mmu_notifier_invalidate_range_start
      10  WARNING in kvm_mmu_notifier_invalidate_range_start
      10  WARNING in kvm_mmu_notifier_invalidate_range_start
      10  WARNING in kvm_mmu_notifier_invalidate_range_start
      10  WARNING in kvm_mmu_notifier_invalidate_range_start
The bug was not found.
About 109 commits remaining

2025-03-17 02:18:43
Session:   11
Kernel:    2023-11-04 - b6d83d010db67bff883240116ee84ebdffe6711b
Compiler:  ccache /home/syzretrospector/compilers/gcc-10.2.1-20210110/bin/gcc
Attempt 1:
    Time  Bug Name
       2  WARNING in kvm_mmu_notifier_invalidate_range_start
       2  WARNING in kvm_mmu_notifier_invalidate_range_start
       2  WARNING in kvm_mmu_notifier_invalidate_range_start
       2  WARNING in kvm_mmu_notifier_invalidate_range_start
       2  WARNING in kvm_mmu_notifier_invalidate_range_start
       2  WARNING in kvm_mmu_notifier_invalidate_range_start
       3  WARNING in kvm_mmu_notifier_invalidate_range_start
       3  WARNING in kvm_mmu_notifier_invalidate_range_start
       4  WARNING in unmap_page_range
       4  WARNING in kvm_mmu_notifier_invalidate_range_start
       4  WARNING in kvm_mmu_notifier_invalidate_range_start
       4  WARNING in kvm_mmu_notifier_invalidate_range_start
       4  WARNING in kvm_mmu_notifier_invalidate_range_start
       4  WARNING in kvm_mmu_notifier_invalidate_range_start
       4  WARNING in kvm_mmu_notifier_invalidate_range_start
       4  WARNING in kvm_mmu_notifier_invalidate_range_start
       5  WARNING in kvm_mmu_notifier_invalidate_range_start
       5  WARNING in kvm_mmu_notifier_invalidate_range_start
       5  WARNING in kvm_mmu_notifier_invalidate_range_start
       5  WARNING in kvm_mmu_notifier_invalidate_range_start
       5  WARNING in kvm_mmu_notifier_invalidate_range_start
       6  WARNING in kvm_mmu_notifier_invalidate_range_start
       6  WARNING in kvm_mmu_notifier_invalidate_range_start
       6  WARNING in kvm_mmu_notifier_invalidate_range_start
       6  WARNING in kvm_mmu_notifier_invalidate_range_start
       7  WARNING in kvm_mmu_notifier_invalidate_range_start
       7  WARNING in kvm_mmu_notifier_invalidate_range_start
       7  WARNING in kvm_mmu_notifier_invalidate_range_start
       7  WARNING in kvm_mmu_notifier_invalidate_range_start
       7  WARNING in kvm_mmu_notifier_invalidate_range_start
       7  WARNING in kvm_mmu_notifier_invalidate_range_start
       7  WARNING in kvm_mmu_notifier_invalidate_range_start
       8  WARNING in unmap_page_range
       8  WARNING in kvm_mmu_notifier_invalidate_range_start
       8  WARNING in kvm_mmu_notifier_invalidate_range_start
       8  WARNING in kvm_mmu_notifier_invalidate_range_start
       8  WARNING in kvm_mmu_notifier_invalidate_range_start
       8  WARNING in kvm_mmu_notifier_invalidate_range_start
       9  WARNING in kvm_mmu_notifier_invalidate_range_start
       9  WARNING in kvm_mmu_notifier_invalidate_range_start
       9  WARNING in kvm_mmu_notifier_invalidate_range_start
      10  WARNING in kvm_mmu_notifier_invalidate_range_start
      10  WARNING in kvm_mmu_notifier_invalidate_range_start
      10  WARNING in kvm_mmu_notifier_invalidate_range_start
      10  WARNING in kvm_mmu_notifier_invalidate_range_start
      10  WARNING in kvm_mmu_notifier_invalidate_range_start
      10  WARNING in kvm_mmu_notifier_invalidate_range_start
      10  WARNING in kvm_mmu_notifier_invalidate_range_start
The bug was not found.
About 1032 commits remaining

2025-03-17 02:42:14
Session:   12
Kernel:    2023-11-07 - 062cca8915cad56aabb11206a4a5082856167fc0
Compiler:  ccache /home/syzretrospector/compilers/gcc-10.2.1-20210110/bin/gcc
Attempt 1:
    Time  Bug Name
       2  WARNING in kvm_mmu_notifier_invalidate_range_start
       2  WARNING in kvm_mmu_notifier_invalidate_range_start
       2  WARNING in kvm_mmu_notifier_invalidate_range_start
       3  WARNING in kvm_mmu_notifier_invalidate_range_start
       3  WARNING in kvm_mmu_notifier_invalidate_range_start
       3  WARNING in kvm_mmu_notifier_invalidate_range_start
       3  WARNING in kvm_mmu_notifier_invalidate_range_start
       3  WARNING in kvm_mmu_notifier_invalidate_range_start
       4  WARNING in pagemap_scan_pmd_entry
       4  WARNING in kvm_mmu_notifier_invalidate_range_start
       4  WARNING in kvm_mmu_notifier_invalidate_range_start
       4  WARNING in kvm_mmu_notifier_invalidate_range_start
       4  WARNING in kvm_mmu_notifier_invalidate_range_start
       4  WARNING in kvm_mmu_notifier_invalidate_range_start
       4  WARNING in kvm_mmu_notifier_invalidate_range_start
       4  WARNING in kvm_mmu_notifier_invalidate_range_start
       5  WARNING in kvm_mmu_notifier_invalidate_range_start
       6  WARNING in kvm_mmu_notifier_invalidate_range_start
       6  WARNING in kvm_mmu_notifier_invalidate_range_start
       6  WARNING in kvm_mmu_notifier_invalidate_range_start
       6  WARNING in kvm_mmu_notifier_invalidate_range_start
       6  WARNING in kvm_mmu_notifier_invalidate_range_start
       6  WARNING in kvm_mmu_notifier_invalidate_range_start
       6  WARNING in kvm_mmu_notifier_invalidate_range_start
       7  WARNING in unmap_page_range
       7  WARNING in pagemap_scan_pmd_entry
       7  WARNING in kvm_mmu_notifier_invalidate_range_start
       7  WARNING in kvm_mmu_notifier_invalidate_range_start
       7  WARNING in kvm_mmu_notifier_invalidate_range_start
       8  WARNING in kvm_mmu_notifier_invalidate_range_start
       8  WARNING in kvm_mmu_notifier_invalidate_range_start
       8  WARNING in kvm_mmu_notifier_invalidate_range_start
       9  WARNING in kvm_mmu_notifier_invalidate_range_start
       9  WARNING in kvm_mmu_notifier_invalidate_range_start
       9  WARNING in kvm_mmu_notifier_invalidate_range_start
       9  WARNING in kvm_mmu_notifier_invalidate_range_start
       9  WARNING in kvm_mmu_notifier_invalidate_range_start
       9  WARNING in kvm_mmu_notifier_invalidate_range_start
       9  WARNING in kvm_mmu_notifier_invalidate_range_start
      10  WARNING in pagemap_scan_pmd_entry
      10  WARNING in kvm_mmu_notifier_invalidate_range_start
      10  WARNING in kvm_mmu_notifier_invalidate_range_start
      10  WARNING in kvm_mmu_notifier_invalidate_range_start
      10  WARNING in kvm_mmu_notifier_invalidate_range_start
The bug was not found.
About 81 commits remaining

2025-03-17 02:56:54
Session:   13
Kernel:    2023-11-04 - de38bdbe011b3102e673add59c58c44bd162c86f
Compiler:  ccache /home/syzretrospector/compilers/gcc-10.2.1-20210110/bin/gcc
Attempt 1:
    Time  Bug Name
       2  WARNING in kvm_mmu_notifier_invalidate_range_start
       2  WARNING in kvm_mmu_notifier_invalidate_range_start
       2  WARNING in kvm_mmu_notifier_invalidate_range_start
       2  WARNING in kvm_mmu_notifier_invalidate_range_start
       2  WARNING in kvm_mmu_notifier_invalidate_range_start
       3  WARNING in kvm_mmu_notifier_invalidate_range_start
       3  WARNING in kvm_mmu_notifier_invalidate_range_start
       3  WARNING in kvm_mmu_notifier_invalidate_range_start
       4  WARNING in kvm_mmu_notifier_invalidate_range_start
       4  WARNING in kvm_mmu_notifier_invalidate_range_start
       4  WARNING in kvm_mmu_notifier_invalidate_range_start
       4  WARNING in kvm_mmu_notifier_invalidate_range_start
       4  WARNING in kvm_mmu_notifier_invalidate_range_start
       4  WARNING in kvm_mmu_notifier_invalidate_range_start
       4  WARNING in kvm_mmu_notifier_invalidate_range_start
       5  WARNING in kvm_mmu_notifier_invalidate_range_start
       6  WARNING in kvm_mmu_notifier_invalidate_range_start
       6  WARNING in kvm_mmu_notifier_invalidate_range_start
       6  WARNING in kvm_mmu_notifier_invalidate_range_start
       6  WARNING in kvm_mmu_notifier_invalidate_range_start
       6  WARNING in kvm_mmu_notifier_invalidate_range_start
       6  WARNING in kvm_mmu_notifier_invalidate_range_start
       6  WARNING in kvm_mmu_notifier_invalidate_range_start
       7  WARNING in kvm_mmu_notifier_invalidate_range_start
       7  WARNING in kvm_mmu_notifier_invalidate_range_start
       7  WARNING in kvm_mmu_notifier_invalidate_range_start
       7  WARNING in kvm_mmu_notifier_invalidate_range_start
       7  WARNING in kvm_mmu_notifier_invalidate_range_start
       7  WARNING in kvm_mmu_notifier_invalidate_range_start
       7  WARNING in kvm_mmu_notifier_invalidate_range_start
       8  WARNING in kvm_mmu_notifier_invalidate_range_start
       8  WARNING in kvm_mmu_notifier_invalidate_range_start
***    9  WARNING in kvm_mmu_notifier_change_pte
       9  WARNING in pagemap_scan_pmd_entry
       9  WARNING in pagemap_scan_pmd_entry
       9  WARNING in kvm_mmu_notifier_invalidate_range_start
       9  WARNING in kvm_mmu_notifier_invalidate_range_start
       9  WARNING in kvm_mmu_notifier_invalidate_range_start
The bug was found.
Switching to Safe Mode: Fuzzing 3 times at 10 minutes
About 68 commits remaining

2025-03-17 03:10:25
Session:   14
Kernel:    2023-11-04 - f00f921fd3f49e3a8f2303719e3c5945805fd5aa
Compiler:  ccache /home/syzretrospector/compilers/gcc-10.2.1-20210110/bin/gcc
Attempt 1:
    Time  Bug Name
       2  WARNING in kvm_mmu_notifier_invalidate_range_start
       2  WARNING in kvm_mmu_notifier_invalidate_range_start
       2  WARNING in kvm_mmu_notifier_invalidate_range_start
       2  WARNING in kvm_mmu_notifier_invalidate_range_start
       2  WARNING in kvm_mmu_notifier_invalidate_range_start
       3  WARNING in kvm_mmu_notifier_invalidate_range_start
       3  WARNING in kvm_mmu_notifier_invalidate_range_start
       3  WARNING in kvm_mmu_notifier_invalidate_range_start
       4  WARNING in pagemap_scan_pmd_entry
       4  WARNING in kvm_mmu_notifier_invalidate_range_start
       4  WARNING in kvm_mmu_notifier_invalidate_range_start
       4  WARNING in kvm_mmu_notifier_invalidate_range_start
       4  WARNING in kvm_mmu_notifier_invalidate_range_start
       4  WARNING in kvm_mmu_notifier_invalidate_range_start
       4  WARNING in kvm_mmu_notifier_invalidate_range_start
       4  WARNING in kvm_mmu_notifier_invalidate_range_start
       5  WARNING in unmap_page_range
       5  WARNING in kvm_mmu_notifier_invalidate_range_start
       5  WARNING in kvm_mmu_notifier_invalidate_range_start
       5  WARNING in kvm_mmu_notifier_invalidate_range_start
       6  WARNING in pagemap_scan_pmd_entry
       6  WARNING in kvm_mmu_notifier_invalidate_range_start
       6  WARNING in kvm_mmu_notifier_invalidate_range_start
       6  WARNING in kvm_mmu_notifier_invalidate_range_start
       7  WARNING in pagemap_scan_pmd_entry
       7  WARNING in pagemap_scan_pmd_entry
       7  WARNING in kvm_mmu_notifier_invalidate_range_start
       7  WARNING in kvm_mmu_notifier_invalidate_range_start
       7  WARNING in kvm_mmu_notifier_invalidate_range_start
       8  WARNING in kvm_mmu_notifier_invalidate_range_start
       8  WARNING in kvm_mmu_notifier_invalidate_range_start
       8  WARNING in kvm_mmu_notifier_invalidate_range_start
       9  WARNING in kvm_mmu_notifier_invalidate_range_start
       9  WARNING in kvm_mmu_notifier_invalidate_range_start
       9  WARNING in kvm_mmu_notifier_invalidate_range_start
       9  WARNING in kvm_mmu_notifier_invalidate_range_start
       9  WARNING in kvm_mmu_notifier_invalidate_range_start
***   10  WARNING in kvm_mmu_notifier_change_pte
      10  WARNING in kvm_mmu_notifier_invalidate_range_start
      10  WARNING in kvm_mmu_notifier_invalidate_range_start
      10  WARNING in kvm_mmu_notifier_invalidate_range_start
      10  WARNING in kvm_mmu_notifier_invalidate_range_start
      10  WARNING in kvm_mmu_notifier_invalidate_range_start
Running syz-repro.
New PoC saved at /home/syzretrospector/syzinspector/wd-bisector-5/reproducers/repro-bug0762-2.prog
Primary PoC:     /home/syzretrospector/syzinspector/wd-bisector-5/reproducers/repro-bug0762-2.prog
Run Time:        0h40m0s
The bug was found.
About 61 commits remaining

2025-03-17 04:05:04
Session:   15
Kernel:    2023-11-04 - ffed728761214d705bddcb611956cfbb74549465
Compiler:  ccache /home/syzretrospector/compilers/gcc-10.2.1-20210110/bin/gcc
Attempt 1:
    Time  Bug Name
       2  WARNING in kvm_mmu_notifier_invalidate_range_start
       2  WARNING in kvm_mmu_notifier_invalidate_range_start
       2  WARNING in kvm_mmu_notifier_invalidate_range_start
       3  WARNING in kvm_mmu_notifier_invalidate_range_start
       3  WARNING in kvm_mmu_notifier_invalidate_range_start
       3  WARNING in kvm_mmu_notifier_invalidate_range_start
       3  WARNING in kvm_mmu_notifier_invalidate_range_start
       3  WARNING in kvm_mmu_notifier_invalidate_range_start
       4  WARNING in kvm_mmu_notifier_invalidate_range_start
       4  WARNING in kvm_mmu_notifier_invalidate_range_start
       4  WARNING in kvm_mmu_notifier_invalidate_range_start
       4  WARNING in kvm_mmu_notifier_invalidate_range_start
       4  WARNING in kvm_mmu_notifier_invalidate_range_start
       4  WARNING in kvm_mmu_notifier_invalidate_range_start
       4  WARNING in kvm_mmu_notifier_invalidate_range_start
       4  WARNING in kvm_mmu_notifier_invalidate_range_start
       5  WARNING in pagemap_scan_pmd_entry
       6  WARNING in kvm_mmu_notifier_invalidate_range_start
       6  WARNING in kvm_mmu_notifier_invalidate_range_start
       6  WARNING in kvm_mmu_notifier_invalidate_range_start
       6  WARNING in kvm_mmu_notifier_invalidate_range_start
       6  WARNING in kvm_mmu_notifier_invalidate_range_start
       6  WARNING in kvm_mmu_notifier_invalidate_range_start
       6  WARNING in kvm_mmu_notifier_invalidate_range_start
       7  WARNING in kvm_mmu_notifier_invalidate_range_start
       7  WARNING in kvm_mmu_notifier_invalidate_range_start
       7  WARNING in kvm_mmu_notifier_invalidate_range_start
       7  WARNING in kvm_mmu_notifier_invalidate_range_start
       7  WARNING in kvm_mmu_notifier_invalidate_range_start
       7  WARNING in kvm_mmu_notifier_invalidate_range_start
       8  WARNING in unmap_page_range
       8  WARNING in kvm_mmu_notifier_invalidate_range_start
       8  WARNING in kvm_mmu_notifier_invalidate_range_start
       9  WARNING in unmap_page_range
       9  WARNING in unmap_page_range
       9  WARNING in kvm_mmu_notifier_invalidate_range_start
       9  WARNING in kvm_mmu_notifier_invalidate_range_start
       9  WARNING in kvm_mmu_notifier_invalidate_range_start
       9  WARNING in kvm_mmu_notifier_invalidate_range_start
       9  WARNING in kvm_mmu_notifier_invalidate_range_start
      10  WARNING in unmap_page_range
      10  WARNING in kvm_mmu_notifier_invalidate_range_start
      10  WARNING in kvm_mmu_notifier_invalidate_range_start
      10  WARNING in kvm_mmu_notifier_invalidate_range_start
      10  WARNING in kvm_mmu_notifier_invalidate_range_start
Attempt 2:
    Time  Bug Name
       2  WARNING in kvm_mmu_notifier_invalidate_range_start
       2  WARNING in kvm_mmu_notifier_invalidate_range_start
       2  WARNING in kvm_mmu_notifier_invalidate_range_start
       2  WARNING in kvm_mmu_notifier_invalidate_range_start
       3  WARNING in kvm_mmu_notifier_invalidate_range_start
       3  WARNING in kvm_mmu_notifier_invalidate_range_start
       3  WARNING in kvm_mmu_notifier_invalidate_range_start
       4  WARNING in kvm_mmu_notifier_invalidate_range_start
       4  WARNING in kvm_mmu_notifier_invalidate_range_start
       4  WARNING in kvm_mmu_notifier_invalidate_range_start
       4  WARNING in kvm_mmu_notifier_invalidate_range_start
       4  WARNING in kvm_mmu_notifier_invalidate_range_start
       4  WARNING in kvm_mmu_notifier_invalidate_range_start
       4  WARNING in kvm_mmu_notifier_invalidate_range_start
       5  WARNING in kvm_mmu_notifier_invalidate_range_start
       5  WARNING in kvm_mmu_notifier_invalidate_range_start
       6  WARNING in unmap_page_range
       6  WARNING in pagemap_scan_pmd_entry
       6  WARNING in kvm_mmu_notifier_invalidate_range_start
       6  WARNING in kvm_mmu_notifier_invalidate_range_start
       6  WARNING in kvm_mmu_notifier_invalidate_range_start
       6  WARNING in kvm_mmu_notifier_invalidate_range_start
       7  WARNING in pagemap_scan_pmd_entry
       7  WARNING in kvm_mmu_notifier_invalidate_range_start
       7  WARNING in kvm_mmu_notifier_invalidate_range_start
       7  WARNING in kvm_mmu_notifier_invalidate_range_start
       7  WARNING in kvm_mmu_notifier_invalidate_range_start
       7  WARNING in kvm_mmu_notifier_invalidate_range_start
       8  WARNING in kvm_mmu_notifier_invalidate_range_start
       8  WARNING in kvm_mmu_notifier_invalidate_range_start
       8  WARNING in kvm_mmu_notifier_invalidate_range_start
       9  WARNING in unmap_page_range
       9  WARNING in unmap_page_range
       9  WARNING in kvm_mmu_notifier_invalidate_range_start
       9  WARNING in kvm_mmu_notifier_invalidate_range_start
       9  WARNING in kvm_mmu_notifier_invalidate_range_start
       9  WARNING in kvm_mmu_notifier_invalidate_range_start
      10  WARNING in unmap_page_range
      10  WARNING in kvm_mmu_notifier_invalidate_range_start
      10  WARNING in kvm_mmu_notifier_invalidate_range_start
      10  WARNING in kvm_mmu_notifier_invalidate_range_start
      10  WARNING in kvm_mmu_notifier_invalidate_range_start
      10  WARNING in kvm_mmu_notifier_invalidate_range_start
Attempt 3:
    Time  Bug Name
       2  WARNING in kvm_mmu_notifier_invalidate_range_start
       2  WARNING in kvm_mmu_notifier_invalidate_range_start
       2  WARNING in kvm_mmu_notifier_invalidate_range_start
       2  WARNING in kvm_mmu_notifier_invalidate_range_start
       2  WARNING in kvm_mmu_notifier_invalidate_range_start
       3  WARNING in kvm_mmu_notifier_invalidate_range_start
       3  WARNING in kvm_mmu_notifier_invalidate_range_start
       3  WARNING in kvm_mmu_notifier_invalidate_range_start
       4  WARNING in kvm_mmu_notifier_invalidate_range_start
       4  WARNING in kvm_mmu_notifier_invalidate_range_start
       4  WARNING in kvm_mmu_notifier_invalidate_range_start
       4  WARNING in kvm_mmu_notifier_invalidate_range_start
       4  WARNING in kvm_mmu_notifier_invalidate_range_start
       4  WARNING in kvm_mmu_notifier_invalidate_range_start
       5  WARNING in pagemap_scan_pmd_entry
       5  WARNING in kvm_mmu_notifier_invalidate_range_start
       5  WARNING in kvm_mmu_notifier_invalidate_range_start
       5  WARNING in kvm_mmu_notifier_invalidate_range_start
       6  WARNING in unmap_page_range
       6  WARNING in pagemap_scan_pmd_entry
       6  WARNING in kvm_mmu_notifier_invalidate_range_start
       6  WARNING in kvm_mmu_notifier_invalidate_range_start
       6  WARNING in kvm_mmu_notifier_invalidate_range_start
       6  WARNING in kvm_mmu_notifier_invalidate_range_start
       7  WARNING in pagemap_scan_pmd_entry
       7  WARNING in kvm_mmu_notifier_invalidate_range_start
       7  WARNING in kvm_mmu_notifier_invalidate_range_start
       7  WARNING in kvm_mmu_notifier_invalidate_range_start
       7  WARNING in kvm_mmu_notifier_invalidate_range_start
       7  WARNING in kvm_mmu_notifier_invalidate_range_start
       7  WARNING in kvm_mmu_notifier_invalidate_range_start
       8  WARNING in pagemap_scan_pmd_entry
       8  WARNING in pagemap_scan_pmd_entry
       8  WARNING in kvm_mmu_notifier_invalidate_range_start
       9  WARNING in unmap_page_range
       9  WARNING in unmap_page_range
       9  WARNING in pagemap_scan_pmd_entry
       9  WARNING in pagemap_scan_pmd_entry
       9  WARNING in kvm_mmu_notifier_invalidate_range_start
      10  WARNING in unmap_page_range
      10  WARNING in unmap_page_range
      10  WARNING in unmap_page_range
      10  WARNING in kvm_mmu_notifier_invalidate_range_start
      10  WARNING in kvm_mmu_notifier_invalidate_range_start
      10  WARNING in kvm_mmu_notifier_invalidate_range_start
      10  WARNING in kvm_mmu_notifier_invalidate_range_start
The bug was not found.
About 4 commits remaining

2025-03-17 04:40:14
Session:   16
Kernel:    2023-11-04 - 5835b3f2a2cb6fff443e46192e6aa8e2a92a3347
Compiler:  ccache /home/syzretrospector/compilers/gcc-10.2.1-20210110/bin/gcc
Attempt 1:
    Time  Bug Name
       2  WARNING in kvm_mmu_notifier_invalidate_range_start
       2  WARNING in kvm_mmu_notifier_invalidate_range_start
       2  WARNING in kvm_mmu_notifier_invalidate_range_start
       2  WARNING in kvm_mmu_notifier_invalidate_range_start
       2  WARNING in kvm_mmu_notifier_invalidate_range_start
       2  WARNING in kvm_mmu_notifier_invalidate_range_start
       3  WARNING in pagemap_scan_pmd_entry
       3  WARNING in kvm_mmu_notifier_invalidate_range_start
       4  WARNING in kvm_mmu_notifier_invalidate_range_start
       4  WARNING in kvm_mmu_notifier_invalidate_range_start
       4  WARNING in kvm_mmu_notifier_invalidate_range_start
       4  WARNING in kvm_mmu_notifier_invalidate_range_start
       4  WARNING in kvm_mmu_notifier_invalidate_range_start
       4  WARNING in kvm_mmu_notifier_invalidate_range_start
       4  WARNING in kvm_mmu_notifier_invalidate_range_start
       4  WARNING in kvm_mmu_notifier_invalidate_range_start
       5  WARNING in kvm_mmu_notifier_invalidate_range_start
       5  WARNING in kvm_mmu_notifier_invalidate_range_start
       5  WARNING in kvm_mmu_notifier_invalidate_range_start
       5  WARNING in kvm_mmu_notifier_invalidate_range_start
       5  WARNING in kvm_mmu_notifier_invalidate_range_start
       5  WARNING in kvm_mmu_notifier_invalidate_range_start
       6  WARNING in pagemap_scan_pmd_entry
       6  WARNING in kvm_mmu_notifier_invalidate_range_start
       6  WARNING in kvm_mmu_notifier_invalidate_range_start
       7  WARNING in pagemap_scan_pmd_entry
       7  WARNING in kvm_mmu_notifier_invalidate_range_start
       7  WARNING in kvm_mmu_notifier_invalidate_range_start
       7  WARNING in kvm_mmu_notifier_invalidate_range_start
       7  WARNING in kvm_mmu_notifier_invalidate_range_start
       7  WARNING in kvm_mmu_notifier_invalidate_range_start
       8  WARNING in unmap_page_range
       8  WARNING in kvm_mmu_notifier_invalidate_range_start
       8  WARNING in kvm_mmu_notifier_invalidate_range_start
       8  WARNING in kvm_mmu_notifier_invalidate_range_start
       9  WARNING in unmap_page_range
       9  WARNING in kvm_mmu_notifier_invalidate_range_start
       9  WARNING in kvm_mmu_notifier_invalidate_range_start
       9  WARNING in kvm_mmu_notifier_invalidate_range_start
       9  WARNING in kvm_mmu_notifier_invalidate_range_start
      10  WARNING in pagemap_scan_pmd_entry
      10  WARNING in pagemap_scan_pmd_entry
      10  WARNING in pagemap_scan_pmd_entry
      10  WARNING in kvm_mmu_notifier_invalidate_range_start
      10  WARNING in kvm_mmu_notifier_invalidate_range_start
      10  WARNING in kvm_mmu_notifier_invalidate_range_start
      10  WARNING in kvm_mmu_notifier_invalidate_range_start
Attempt 2:
    Time  Bug Name
       2  WARNING in kvm_mmu_notifier_invalidate_range_start
       2  WARNING in kvm_mmu_notifier_invalidate_range_start
       2  WARNING in kvm_mmu_notifier_invalidate_range_start
       2  WARNING in kvm_mmu_notifier_invalidate_range_start
       2  WARNING in kvm_mmu_notifier_invalidate_range_start
***    3  WARNING in kvm_mmu_notifier_change_pte
       3  WARNING in kvm_mmu_notifier_invalidate_range_start
       3  WARNING in kvm_mmu_notifier_invalidate_range_start
The bug was found.
About 3 commits remaining

2025-03-17 04:58:09
Session:   17
Kernel:    2023-11-04 - 36077c86fee25c24de749c8f4e483f76920c659c
Compiler:  ccache /home/syzretrospector/compilers/gcc-10.2.1-20210110/bin/gcc
Attempt 1:
    Time  Bug Name
       2  WARNING in kvm_mmu_notifier_invalidate_range_start
       2  WARNING in kvm_mmu_notifier_invalidate_range_start
       2  WARNING in kvm_mmu_notifier_invalidate_range_start
       2  WARNING in kvm_mmu_notifier_invalidate_range_start
       2  WARNING in kvm_mmu_notifier_invalidate_range_start
       3  WARNING in kvm_mmu_notifier_invalidate_range_start
       3  WARNING in kvm_mmu_notifier_invalidate_range_start
       3  WARNING in kvm_mmu_notifier_invalidate_range_start
       4  WARNING in kvm_mmu_notifier_invalidate_range_start
       4  WARNING in kvm_mmu_notifier_invalidate_range_start
       4  WARNING in kvm_mmu_notifier_invalidate_range_start
       4  WARNING in kvm_mmu_notifier_invalidate_range_start
       4  WARNING in kvm_mmu_notifier_invalidate_range_start
       4  WARNING in kvm_mmu_notifier_invalidate_range_start
       4  WARNING in kvm_mmu_notifier_invalidate_range_start
       4  WARNING in kvm_mmu_notifier_invalidate_range_start
       5  WARNING in pagemap_scan_pmd_entry
       5  WARNING in kvm_mmu_notifier_invalidate_range_start
       5  WARNING in kvm_mmu_notifier_invalidate_range_start
       5  WARNING in kvm_mmu_notifier_invalidate_range_start
       6  WARNING in kvm_mmu_notifier_invalidate_range_start
       6  WARNING in kvm_mmu_notifier_invalidate_range_start
       6  WARNING in kvm_mmu_notifier_invalidate_range_start
       7  WARNING in pagemap_scan_pmd_entry
       7  WARNING in kvm_mmu_notifier_invalidate_range_start
       7  WARNING in kvm_mmu_notifier_invalidate_range_start
       7  WARNING in kvm_mmu_notifier_invalidate_range_start
       7  WARNING in kvm_mmu_notifier_invalidate_range_start
       7  WARNING in kvm_mmu_notifier_invalidate_range_start
       8  WARNING in pagemap_scan_pmd_entry
       8  WARNING in kvm_mmu_notifier_invalidate_range_start
       9  WARNING in unmap_page_range
       9  WARNING in pagemap_scan_pmd_entry
       9  WARNING in kvm_mmu_notifier_invalidate_range_start
       9  WARNING in kvm_mmu_notifier_invalidate_range_start
       9  WARNING in kvm_mmu_notifier_invalidate_range_start
       9  WARNING in kvm_mmu_notifier_invalidate_range_start
       9  WARNING in kvm_mmu_notifier_invalidate_range_start
       9  WARNING in kvm_mmu_notifier_invalidate_range_start
      10  WARNING in kvm_mmu_notifier_invalidate_range_start
      10  WARNING in kvm_mmu_notifier_invalidate_range_start
      10  WARNING in kvm_mmu_notifier_invalidate_range_start
      10  WARNING in kvm_mmu_notifier_invalidate_range_start
      10  WARNING in kvm_mmu_notifier_invalidate_range_start
      10  WARNING in kvm_mmu_notifier_invalidate_range_start
Attempt 2:
    Time  Bug Name
       2  WARNING in kvm_mmu_notifier_invalidate_range_start
       2  WARNING in kvm_mmu_notifier_invalidate_range_start
       2  WARNING in kvm_mmu_notifier_invalidate_range_start
       2  WARNING in kvm_mmu_notifier_invalidate_range_start
       2  WARNING in kvm_mmu_notifier_invalidate_range_start
       2  WARNING in kvm_mmu_notifier_invalidate_range_start
       2  WARNING in kvm_mmu_notifier_invalidate_range_start
       3  WARNING in kvm_mmu_notifier_invalidate_range_start
***    4  WARNING in kvm_mmu_notifier_change_pte
       4  WARNING in kvm_mmu_notifier_invalidate_range_start
       4  WARNING in kvm_mmu_notifier_invalidate_range_start
       4  WARNING in kvm_mmu_notifier_invalidate_range_start
       4  WARNING in kvm_mmu_notifier_invalidate_range_start
       4  WARNING in kvm_mmu_notifier_invalidate_range_start
       4  WARNING in kvm_mmu_notifier_invalidate_range_start
The bug was found.
About 2 commits remaining

==== Partial Result: Focused Fuzzing ====
Reproducer:           /home/syzretrospector/syzinspector/wd-bisector-5/reproducers/repro-bug0762-2.prog
Bisection Result:     2023-11-04 - 36077c86fee25c24de749c8f4e483f76920c659c
Bisected Commit Name: pinctrl: axp209: drop the wrapper around pinctrl_gpio_direction_input()
Stage Time:           6h34m41s
Run Time:             6h34m42s
=========================================

==== Anchor Commit ====

2025-03-17 05:17:03
Session:   18
Kernel:    2023-11-04 - ffed728761214d705bddcb611956cfbb74549465
Compiler:  ccache /home/syzretrospector/compilers/gcc-10.2.1-20210110/bin/gcc
Attempt 0:
    No crashes found.
Attempt 1:
    No crashes found.
Attempt 2:
    No crashes found.
Attempt 3:
    No crashes found.
Attempt 4:
    No crashes found.
Attempt 5:
    No crashes found.
Attempt 6:
    No crashes found.
Attempt 7:
    No crashes found.
The bug was not found.

Failure: This bug cannot be found at the anchor commit.

====================================================================================================================================================
Bug Name:             WARNING in kvm_mmu_notifier_change_pte
Bug Link:             https://syzkaller.appspot.com/bug?extid=81227d2bd69e9dedb802
Bisection Result:     2023-11-04 - 36077c86fee25c24de749c8f4e483f76920c659c
Bisected Commit Name: pinctrl: axp209: drop the wrapper around pinctrl_gpio_direction_input()
Run Time:             6h41m32s

Anchor Commit:        2023-12-08 - f2e8a57ee9036c7d5443382b6c3c09b51a92ec7e
Bisection Result:     2023-11-04 - 36077c86fee25c24de749c8f4e483f76920c659c
