./bin/meerkat -i 1 -c /home/meerkat/meerkat/wd-meerkat-1/meerkat.cfg -a a6afa4199d3d038fbfdff5511f7523b0e30cb774 -F ff-test,poc-test,poc-all-pocs,ff-no-find-backup,stateful-corpus
Bisecting:          KASAN: slab-out-of-bounds Read in io_uring_show_fdinfo
Syzbot Link:        https://syzkaller.appspot.com/bug?id=e2fdad19640cdf94dec600b3c67260b6095e5f7d
Working Name:       bug0152

Aliases:
    KASAN: slab-out-of-bounds Read in io_uring_show_fdinfo

Anchor Commit:      a6afa4199d3d038fbfdff5511f7523b0e30cb774
Repository:         https://git.kernel.org/pub/scm/linux/kernel/git/torvalds/linux.git
Branch:             master
Arch:               amd64

Meerkat:            /home/meerkat/meerkat/
Version:            1.2.0
Kernel:             /home/meerkat/meerkat/wd-meerkat-1/kernel/
Syzkaller:          /home/meerkat/meerkat/syzkaller/
Compilers:          /home/meerkat/meerkat/compilers/
Compiler:           gcc (Ubuntu 11.4.0-1ubuntu1~22.04.2) 11.4.0
Linker:             GNU ld (GNU Binutils for Ubuntu) 2.38
Ccache:             ccache version 4.5.1
Image:              /home/meerkat/meerkat/image/stretch/stretch.img
Image Key:          /home/meerkat/meerkat/image/stretch/stretch.id_rsa

Workdir:            /home/meerkat/meerkat/wd-meerkat-1/
Kconfig:            /home/meerkat/meerkat/wd-meerkat-1/config-bug0152.txt
Reproducers: (2)    /home/meerkat/meerkat/wd-meerkat-1/reproducers/
Primary PoC:        /home/meerkat/meerkat/wd-meerkat-1/reproducers/repro-bug0152-2.prog
Syzkaller Workdir:  /home/meerkat/meerkat/wd-meerkat-1/wd-kaller/
Log Directory:      /home/meerkat/meerkat/wd-meerkat-1/log/

Syscalls: (27)      ["pread64", "syz_io_uring_setup", "syz_io_uring_submit", "syz_open_procfs", "syz_clone", "statx", "socket", "open$dir", "io_uring_register$IORING_UNREGISTER_PERSONALITY", "io_uring_register$IORING_REGISTER_PERSONALITY", "futex", "getrusage", "clock_gettime", "mount$bpf", "getuid", "setgid", "getgid", "epoll_create", "setsockopt$inet_mreqn", "ioctl$sock_SIOCGIFINDEX", "ioctl$ifreq_SIOCGIFINDEX_vcan", "bind$nfc_llcp", "ioctl$IOCTL_GET_NCIDEV_IDX", "socket$inet", "syz_init_net_socket$nfc_llcp", "openat$nci", "utimes"]
VM Count:           8
CPU Count:          2
Procs:              16
Memory:             4096
Make Procs:         16
Max Time:           10
Max Attempts:       1

==== Anchor Commit ====

2025-11-21 16:03:39
Session:   1
Kernel:    2022-10-08 - a6afa4199d3d038fbfdff5511f7523b0e30cb774
Compiler:  ccache gcc
Attempt 1:
    Time  Bug Name
       1  WARNING in wireless_send_event (2) (has report)
       2  WARNING in wireless_send_event (6) (has report)
       3  WARNING in wireless_send_event (6) (has report)
       4  WARNING in wireless_send_event (6) (has report)
       5  WARNING in wireless_send_event (5) (has report)
       6  WARNING in wireless_send_event (has report)
      10  INFO: rcu detected stall in corrupted
Error: Waitpid on pid 1085314 failed.
Error: Syzkaller has experienced a crash.
Warning: Child process exited with error status 32764.
Attempt 2: (RETRY)
    Time  Bug Name
       1  WARNING in wireless_send_event (2) (has report)
       2  WARNING in wireless_send_event (6) (has report)
       3  WARNING in wireless_send_event (6) (has report)
       4  WARNING in wireless_send_event (6) (has report)
Attempt 3: (RETRY)
    Time  Bug Name
       1  WARNING in wireless_send_event (2) (has report)
       2  WARNING in wireless_send_event (6) (has report)
       3  WARNING in wireless_send_event (2) (has report)
       5  INFO: rcu detected stall in corrupted
       6  INFO: rcu detected stall in corrupted (2)
       7  INFO: rcu detected stall in corrupted
       8  WARNING in untrack_pfn (2) (has report)
       8  INFO: rcu detected stall in corrupted
      10  INFO: rcu detected stall in corrupted (3)
The bug was not found.

Failure: This bug cannot be found at the anchor commit.
