./bin/bisector -i 5 -c /home/syzretrospector/syzinspector/wd-bisector-5/bisector.cfg -a fe8152b38d3a994c4c6fdbc0cd6551d569a5715a -F ff-test,poc-test,stateful-corpus,ff-no-find-backup
Bisecting:          WARNING in ref_tracker_dir_exit
Warning: No syscall found that produces sock_bt.
Warning: No syscall found that produces tail_call_map.
Warning: No syscall found that produces fd_bpf_const_str.
Syzbot Link:        https://syzkaller.appspot.com/bug?id=f9c716f55f8a9fad5210d442edb0834d09ce25b8
Working Name:       bug0221

No aliases given.

Anchor Commit:      fe8152b38d3a994c4c6fdbc0cd6551d569a5715a
Repository:         https://git.kernel.org/pub/scm/linux/kernel/git/torvalds/linux.git
Branch:             master
Arch:               amd64

Bisector:           /home/syzretrospector/syzinspector/
Version:            1.0.4
Kernel:             /home/syzretrospector/syzinspector/wd-bisector-5/kernel/
Syzkaller:          /home/syzretrospector/syzinspector/syzkaller/
Compilers:          /home/syzretrospector/compilers/
Ccache:             ccache
Image:              /home/syzretrospector/images/stretch/stretch.img
Image Key:          /home/syzretrospector/images/stretch/stretch.id_rsa

Workdir:            /home/syzretrospector/syzinspector/wd-bisector-5/
Kconfig:            /home/syzretrospector/syzinspector/wd-bisector-5/config-bug0221.txt
Reproducers: (36)   /home/syzretrospector/syzinspector/wd-bisector-5/reproducers/
Primary PoC:        /home/syzretrospector/syzinspector/wd-bisector-5/reproducers/repro-bug0221-1.prog
Syzkaller Workdir:  /home/syzretrospector/syzinspector/wd-bisector-5/wd-kaller/
Log Directory:      /home/syzretrospector/syzinspector/wd-bisector-5/log/

Syscalls: (99)      ["bpf$BPF_BTF_LOAD", "bpf$BPF_TASK_FD_QUERY", "bpf$PROG_LOAD", "clone", "close_range", "creat", "fallocate", "getdents64", "getpid", "getresuid", "getsockname$packet", "getsockopt$inet6_IPV6_XFRM_POLICY", "getsockopt$sock_cred", "gettid", "ioctl$FITRIM", "ioctl$FS_IOC_RESVSP", "ioctl$PERF_EVENT_IOC_PERIOD", "ioctl$ifreq_SIOCGIFINDEX_batadv_hard", "lseek", "mkdir", "mount", "mount$bpf", "mount$overlay", "nanosleep", "open", "openat", "openat$adsp1", "openat$cgroup_ro", "openat$rfkill", "perf_event_open", "pivot_root", "prctl$PR_SET_PTRACER", "prlimit64", "ptrace$setopts", "ptrace$setregs", "pwritev", "rt_sigqueueinfo", "sched_setattr", "sched_setscheduler", "sendmsg$GTP_CMD_GETPDP", "sendmsg$nl_route", "sendmsg$nl_route_sched", "socket", "socket$netlink", "socket$nl_generic", "socket$nl_route", "socketpair$unix", "syz_80211_inject_frame", "syz_genetlink_get_family_id$ipvs", "syz_genetlink_get_family_id$nl80211", "syz_genetlink_get_family_id$nl802154", "syz_genetlink_get_family_id$tipc2", "syz_init_net_socket$bt_hci", "timer_settime", "tkill", "vmsplice", "wait4", "write$cgroup_int", "write$rfkill", "syz_mount_image$bfs", "getuid", "socket$packet", "socket$inet6", "openat$cgroup_root", "sendmsg$IPVS_CMD_NEW_SERVICE", "sendmsg$NL80211_CMD_GET_WIPHY", "syz_init_net_socket$nl_generic", "sendmsg$NL802154_CMD_GET_WPAN_PHY", "sendmsg$TIPC_NL_BEARER_DISABLE", "timer_create", "openat$cgroup_int", "bpf$BPF_RAW_TRACEPOINT_OPEN_UNNAMED", "bpf$BPF_PROG_GET_FD_BY_ID", "bpf$BPF_BTF_GET_NEXT_ID", "setgid", "getgid", "openat$mixer", "syz_genetlink_get_family_id$gtp", "bpf$OBJ_GET_MAP", "ioctl$TUNGETDEVNETNS", "ioctl$ifreq_SIOCGIFINDEX_vcan", "utimes", "sendmsg$NL802154_CMD_GET_INTERFACE", "ioctl$sock_SIOCGIFINDEX_802154", "bpf$BPF_PROG_WITH_BTFID_LOAD", "openat$tun", "sendmsg$NL80211_CMD_GET_INTERFACE", "ioctl$sock_SIOCGIFINDEX_80211", "socket$inet_udp", "socket$inet6_udp", "bpf$BPF_MAP_CONST_STR_FREEZE", "bpf$MAP_CREATE_RINGBUF", "socket$inet", "keyctl$get_keyring_id", "add_key", "bpf$MAP_CREATE_TAIL_CALL", "syz_btf_id_by_name$bpf_lsm", "bpf$MAP_CREATE_CONST_STR", "add_key$keyring"]
VM Count:           4
CPU Count:          4
Procs:              24
Memory:             4096
Make Procs:         16
Max Time:           10
Max Attempts:       1

==== Anchor Commit ====

2025-03-14 18:06:14
Session:   1
Kernel:    2022-01-10 - fe8152b38d3a994c4c6fdbc0cd6551d569a5715a
Compiler:  ccache /home/syzretrospector/compilers/gcc-10.2.1-20210110/bin/gcc
Warning: Child process /home/syzretrospector/syzinspector/syzkaller/bin/syz-db exited with error status 1.
Warning: bpf$BPF_BTF_LOAD was disabled by Syzkaller.
Warning: bpf$PROG_LOAD was disabled by Syzkaller.
Warning: nanosleep was disabled by Syzkaller.
Warning: timer_settime was disabled by Syzkaller.
Attempt 1:
    Time  Bug Name
       5  suppressed report
Warning: Child process /home/syzretrospector/syzinspector/syzkaller/bin/syz-db exited with error status 1.
Warning: bpf$BPF_BTF_LOAD was disabled by Syzkaller.
Warning: bpf$PROG_LOAD was disabled by Syzkaller.
Warning: nanosleep was disabled by Syzkaller.
Warning: timer_settime was disabled by Syzkaller.
Attempt 2: (RETRY)
    Time  Bug Name
       7  suppressed report
       7  suppressed report
       8  suppressed report
       9  WARNING in reserve_ds_buffers
Warning: Child process /home/syzretrospector/syzinspector/syzkaller/bin/syz-db exited with error status 1.
Warning: bpf$BPF_BTF_LOAD was disabled by Syzkaller.
Warning: bpf$PROG_LOAD was disabled by Syzkaller.
Warning: nanosleep was disabled by Syzkaller.
Warning: timer_settime was disabled by Syzkaller.
Attempt 3: (RETRY)
    Time  Bug Name
       6  suppressed report
       7  suppressed report
The bug was not found.

Failure: This bug cannot be found at the anchor commit.
