./bin/bisector -i 1 -c /mnt/sdd/jtbursey/SyzInspector/wd-bisector-1/bisector.cfg -a 81ac25651a62c958bb0e074e0d4e25060ea557dd -F ff-test,poc-test,stateful-corpus,ff-no-find-backup
Bisecting:          BUG: sleeping function called from invalid context in static_key_slow_inc
Syzbot Link:        https://syzkaller.appspot.com/bug?id=6f32d3bb387424036a0ce937607c7697038beaac
Working Name:       bug0138

No aliases given.

Anchor Commit:      81ac25651a62c958bb0e074e0d4e25060ea557dd
Repository:         https://git.kernel.org/pub/scm/linux/kernel/git/torvalds/linux.git
Branch:             master
Arch:               amd64

Bisector:           /mnt/sdd/jtbursey/SyzInspector/
Version:            1.0.4
Kernel:             /mnt/sdd/jtbursey/SyzInspector/wd-bisector-1/kernel/
Syzkaller:          /mnt/sdd/jtbursey/SyzInspector/syzkaller/
Compilers:          /mnt/sda/jtbursey/SyzInspector/compilers/
Ccache:             ccache
Image:              /mnt/sda/jtbursey/SyzInspector/image/stretch/stretch.img
Image Key:          /mnt/sda/jtbursey/SyzInspector/image/stretch/stretch.id_rsa

Workdir:            /mnt/sdd/jtbursey/SyzInspector/wd-bisector-1/
Kconfig:            /mnt/sdd/jtbursey/SyzInspector/wd-bisector-1/config-bug0138.txt
Reproducers: (4)    /mnt/sdd/jtbursey/SyzInspector/wd-bisector-1/reproducers/
Primary PoC:        /mnt/sdd/jtbursey/SyzInspector/wd-bisector-1/reproducers/repro-bug0138-1.prog
Syzkaller Workdir:  /mnt/sdd/jtbursey/SyzInspector/wd-bisector-1/wd-kaller/
Log Directory:      /mnt/sdd/jtbursey/SyzInspector/wd-bisector-1/log/

Syscalls: (18)      ["mmap", "openat$cgroup_ro", "sendfile", "sendmsg$L2TP_CMD_TUNNEL_CREATE", "socket$nl_generic", "syz_genetlink_get_family_id$l2tp", "write$binfmt_script", "openat$cgroup_root", "openat$binfmt", "socket$netlink", "socket", "syz_create_resource$binfmt", "socket$inet_udp", "socket$inet6_udp", "socket$l2tp", "socket$l2tp6", "socket$inet", "socket$inet6"]
VM Count:           8
CPU Count:          2
Procs:              16
Memory:             4096
Make Procs:         16
Max Time:           10
Max Attempts:       1

==== Anchor Commit ====

2025-03-13 19:22:37
Session:   1
Kernel:    2022-11-17 - 81ac25651a62c958bb0e074e0d4e25060ea557dd
Compiler:  ccache /mnt/sda/jtbursey/SyzInspector/compilers/gcc-10.2.1-20210110/bin/gcc
Attempt 1:
    Time  Bug Name
***    2  BUG: sleeping function called from invalid context in static_key_slow_inc
***    2  BUG: sleeping function called from invalid context in static_key_slow_inc
***    2  BUG: sleeping function called from invalid context in static_key_slow_inc
***    2  BUG: sleeping function called from invalid context in static_key_slow_inc
***    2  BUG: sleeping function called from invalid context in static_key_slow_inc
***    2  BUG: sleeping function called from invalid context in static_key_slow_inc
Attempt 2: (RETRY)
    Time  Bug Name
***    2  BUG: sleeping function called from invalid context in static_key_slow_inc
***    2  BUG: sleeping function called from invalid context in static_key_slow_inc
***    2  BUG: sleeping function called from invalid context in static_key_slow_inc
***    2  BUG: sleeping function called from invalid context in static_key_slow_inc
***    2  BUG: sleeping function called from invalid context in static_key_slow_inc
***    2  BUG: sleeping function called from invalid context in static_key_slow_inc
***    2  BUG: sleeping function called from invalid context in static_key_slow_inc
***    2  BUG: sleeping function called from invalid context in static_key_slow_inc
Attempt 3: (RETRY)
    Time  Bug Name
       2  INFO: rcu detected stall in corrupted
***    2  BUG: sleeping function called from invalid context in static_key_slow_inc
***    2  BUG: sleeping function called from invalid context in static_key_slow_inc
***    2  BUG: sleeping function called from invalid context in static_key_slow_inc
***    2  BUG: sleeping function called from invalid context in static_key_slow_inc
***    2  BUG: sleeping function called from invalid context in static_key_slow_inc
***    2  BUG: sleeping function called from invalid context in static_key_slow_inc
***    2  BUG: sleeping function called from invalid context in static_key_slow_inc
The bug was found.

New Max Time: 10

==== Major Release Search ====
18 Releases

2025-03-13 19:46:36
Session:   2
Kernel:    2022-10-02 - 4fe89d07dcc2804c8b562f6c7896a45643d34b2f (v6.0)
Compiler:  ccache /mnt/sda/jtbursey/SyzInspector/compilers/gcc-10.2.1-20210110/bin/gcc
Attempt 1:
    Time  Bug Name
       2  INFO: rcu detected stall in corrupted
The bug was not found.
About 17 releases remaining

==== Kernel Bisection ====
14094 Linux commits

2025-03-13 20:14:09
Session:   3
Kernel:    2022-10-07 - 83da5ec6b7fccd37547477effa6a4b1162c1acf1
Compiler:  ccache /mnt/sda/jtbursey/SyzInspector/compilers/gcc-10.2.1-20210110/bin/gcc
Attempt 1:
    Time  Bug Name
       1  WARNING in wireless_send_event
       2  WARNING in wireless_send_event
       2  WARNING in wireless_send_event
       2  WARNING in wireless_send_event
       2  WARNING in wireless_send_event
       2  WARNING in wireless_send_event
       2  WARNING in wireless_send_event
       3  WARNING in wireless_send_event
       3  WARNING in wireless_send_event
       3  WARNING in wireless_send_event
       3  WARNING in wireless_send_event
       3  WARNING in wireless_send_event
       3  WARNING in wireless_send_event
       4  WARNING in wireless_send_event
       4  WARNING in wireless_send_event
       4  WARNING in wireless_send_event
       4  WARNING in wireless_send_event
       4  WARNING in wireless_send_event
       4  WARNING in wireless_send_event
       5  WARNING in wireless_send_event
       5  WARNING in wireless_send_event
       5  WARNING in wireless_send_event
       5  WARNING in wireless_send_event
       5  WARNING in wireless_send_event
       5  WARNING in wireless_send_event
       6  WARNING in wireless_send_event
       6  WARNING in wireless_send_event
       6  WARNING in wireless_send_event
       6  WARNING in wireless_send_event
       6  WARNING in wireless_send_event
       6  WARNING in wireless_send_event
       7  WARNING in wireless_send_event
       7  WARNING in wireless_send_event
       7  WARNING in wireless_send_event
       7  WARNING in wireless_send_event
       7  WARNING in wireless_send_event
       7  WARNING in wireless_send_event
       8  WARNING in wireless_send_event
       8  WARNING in wireless_send_event
       8  WARNING in wireless_send_event
       8  WARNING in wireless_send_event
       8  WARNING in wireless_send_event
       8  WARNING in wireless_send_event
       9  WARNING in wireless_send_event
       9  WARNING in wireless_send_event
       9  WARNING in wireless_send_event
       9  WARNING in wireless_send_event
       9  WARNING in wireless_send_event
       9  WARNING in wireless_send_event
      10  WARNING in wireless_send_event
      10  WARNING in wireless_send_event
      10  WARNING in wireless_send_event
      10  WARNING in wireless_send_event
      10  WARNING in wireless_send_event
      10  WARNING in wireless_send_event
The bug was not found.
About 7046 commits remaining

2025-03-13 20:41:10
Session:   4
Kernel:    2022-10-10 - 27bc50fc90647bbf7b734c3fc306a5e61350da53
Compiler:  ccache /mnt/sda/jtbursey/SyzInspector/compilers/gcc-10.2.1-20210110/bin/gcc
Attempt 1:
    Time  Bug Name
       1  WARNING in c_start
       1  WARNING in c_start
       1  WARNING in c_start
       1  WARNING in c_start
       1  WARNING in c_start
       1  WARNING in c_start
       1  WARNING in c_start
       1  WARNING in c_start
       2  WARNING in c_start
       2  WARNING in c_start
       2  WARNING in c_start
       2  WARNING in c_start
       2  WARNING in c_start
       2  WARNING in c_start
       2  WARNING in c_start
       2  WARNING in c_start
       3  WARNING in c_start
       3  WARNING in c_start
       3  WARNING in c_start
       3  WARNING in c_start
       3  WARNING in c_start
       3  WARNING in c_start
       3  WARNING in c_start
       3  WARNING in c_start
       3  WARNING in c_start
       3  WARNING in c_start
       3  WARNING in c_start
       3  WARNING in c_start
       3  WARNING in c_start
       3  WARNING in c_start
       3  WARNING in c_start
       3  WARNING in c_start
       4  WARNING in c_start
       4  WARNING in c_start
       4  WARNING in c_start
       4  WARNING in c_start
       4  WARNING in c_start
       4  WARNING in c_start
       4  WARNING in c_start
       4  WARNING in c_start
       5  WARNING in c_start
       5  WARNING in c_start
       5  WARNING in c_start
       5  WARNING in c_start
       5  WARNING in c_start
       5  WARNING in c_start
       5  WARNING in c_start
       5  WARNING in c_start
       5  WARNING in c_start
       5  WARNING in c_start
       5  WARNING in c_start
       5  WARNING in c_start
       5  WARNING in c_start
       5  WARNING in c_start
       5  WARNING in c_start
       5  WARNING in c_start
       6  WARNING in c_start
       6  WARNING in c_start
       6  WARNING in c_start
       6  WARNING in c_start
       6  WARNING in c_start
       6  WARNING in c_start
       6  WARNING in c_start
       6  WARNING in c_start
       7  WARNING in c_start
       7  WARNING in c_start
       7  WARNING in c_start
       7  WARNING in c_start
       7  WARNING in c_start
       7  WARNING in c_start
       7  WARNING in c_start
       7  WARNING in c_start
       7  WARNING in c_start
       7  WARNING in c_start
       7  WARNING in c_start
       8  WARNING in c_start
       8  WARNING in c_start
       8  WARNING in c_start
       8  WARNING in c_start
       8  WARNING in c_start
       8  WARNING in c_start
       8  WARNING in c_start
       8  WARNING in c_start
       8  WARNING in c_start
       8  WARNING in c_start
       8  WARNING in c_start
       8  WARNING in c_start
       8  WARNING in c_start
       9  WARNING in c_start
       9  WARNING in c_start
       9  WARNING in c_start
       9  WARNING in c_start
       9  WARNING in c_start
       9  WARNING in c_start
       9  WARNING in c_start
       9  WARNING in c_start
       9  WARNING in c_start
      10  WARNING in c_start
      10  WARNING in c_start
      10  WARNING in c_start
The bug was not found.
About 3382 commits remaining

2025-03-13 21:08:15
Session:   5
Kernel:    2022-10-21 - 0a09f01f11e7c5493ec87a1f9c8824c3fc010751
Compiler:  ccache /mnt/sda/jtbursey/SyzInspector/compilers/gcc-10.2.1-20210110/bin/gcc
Attempt 1:
    Time  Bug Name
       2  INFO: rcu detected stall in corrupted
The bug was not found.
About 1692 commits remaining

2025-03-13 21:35:39
Session:   6
Kernel:    2022-10-30 - b72018ab8236c3ae427068adeb94bdd3f20454ec
Compiler:  ccache /mnt/sda/jtbursey/SyzInspector/compilers/gcc-10.2.1-20210110/bin/gcc
Attempt 1:
    No crashes found.
The bug was not found.
About 845 commits remaining

2025-03-13 22:02:38
Session:   7
Kernel:    2022-11-10 - 1767a722a708f1fa3b9af39eb091d79101f8c086
Compiler:  ccache /mnt/sda/jtbursey/SyzInspector/compilers/gcc-10.2.1-20210110/bin/gcc
Attempt 1:
    Time  Bug Name
       2  INFO: rcu detected stall in corrupted
       7  WARNING: ODEBUG bug in netdev_run_todo
      10  INFO: rcu detected stall in corrupted
The bug was not found.
About 432 commits remaining

2025-03-13 22:29:49
Session:   8
Kernel:    2022-11-11 - 5be07b3fb53d14581f470745d129141b97d15614
Compiler:  ccache /mnt/sda/jtbursey/SyzInspector/compilers/gcc-10.2.1-20210110/bin/gcc
Attempt 1:
    No crashes found.
The bug was not found.
About 216 commits remaining

2025-03-13 22:56:56
Session:   9
Kernel:    2022-11-13 - ab57bc6f027c761d5411fae9492756b5fbb91108
Compiler:  ccache /mnt/sda/jtbursey/SyzInspector/compilers/gcc-10.2.1-20210110/bin/gcc
Attempt 1:
    Time  Bug Name
       2  INFO: rcu detected stall in corrupted
       9  INFO: rcu detected stall in corrupted
The bug was not found.
About 112 commits remaining

2025-03-13 23:24:20
Session:   10
Kernel:    2022-11-17 - 809ff97a677ff85dfb7ce2b63be261d1633dcf29
Compiler:  ccache /mnt/sda/jtbursey/SyzInspector/compilers/gcc-10.2.1-20210110/bin/gcc
Attempt 1:
    Time  Bug Name
       2  possible deadlock in l2tp_tunnel_register
       2  possible deadlock in l2tp_tunnel_register
***    2  BUG: sleeping function called from invalid context in static_key_slow_inc
***    2  BUG: sleeping function called from invalid context in static_key_slow_inc
***    2  BUG: sleeping function called from invalid context in static_key_slow_inc
***    2  BUG: sleeping function called from invalid context in static_key_slow_inc
***    2  BUG: sleeping function called from invalid context in static_key_slow_inc
***    2  BUG: sleeping function called from invalid context in static_key_slow_inc
Running syz-repro.
syz-repro was terminated after 60 minutes
Warning: Child process exited with error status 32767.
Run Time:        1h0m0s
The bug was found.
About 56 commits remaining

2025-03-14 00:43:44
Session:   11
Kernel:    2022-11-14 - 298b83e180d53a310f9b47e3bf13b7b583e75e9c
Compiler:  ccache /mnt/sda/jtbursey/SyzInspector/compilers/gcc-10.2.1-20210110/bin/gcc
Attempt 1:
    No crashes found.
The bug was not found.
About 29 commits remaining

2025-03-14 01:10:57
Session:   12
Kernel:    2022-11-15 - 510d7b6ae842e59ee00d57e5f07ac15131b6d899
Compiler:  ccache /mnt/sda/jtbursey/SyzInspector/compilers/gcc-10.2.1-20210110/bin/gcc
Attempt 1:
    No crashes found.
The bug was not found.
About 15 commits remaining

2025-03-14 01:37:41
Session:   13
Kernel:    2022-11-16 - 639f5d006e36bb303f525d9479448c412b720c39
Compiler:  ccache /mnt/sda/jtbursey/SyzInspector/compilers/gcc-10.2.1-20210110/bin/gcc
Attempt 1:
    Time  Bug Name
       2  INFO: rcu detected stall in corrupted
The bug was not found.
About 8 commits remaining

2025-03-14 02:04:38
Session:   14
Kernel:    2022-11-16 - b68777d54fac21fc833ec26ea1a2a84f975ab035
Compiler:  ccache /mnt/sda/jtbursey/SyzInspector/compilers/gcc-10.2.1-20210110/bin/gcc
Attempt 1:
    Time  Bug Name
       2  INFO: rcu detected stall in corrupted
***    2  BUG: sleeping function called from invalid context in static_key_slow_inc
***    2  BUG: sleeping function called from invalid context in static_key_slow_inc
***    2  BUG: sleeping function called from invalid context in static_key_slow_inc
***    2  BUG: sleeping function called from invalid context in static_key_slow_inc
***    2  BUG: sleeping function called from invalid context in static_key_slow_inc
***    2  BUG: sleeping function called from invalid context in static_key_slow_inc
***    2  BUG: sleeping function called from invalid context in static_key_slow_inc
Running syz-repro.
New PoC saved at /mnt/sdd/jtbursey/SyzInspector/wd-bisector-1/reproducers/repro-bug0138-0.prog
Primary PoC:     /mnt/sdd/jtbursey/SyzInspector/wd-bisector-1/reproducers/repro-bug0138-0.prog
Run Time:        0h8m0s
The bug was found.
About 4 commits remaining

2025-03-14 02:31:49
Session:   15
Kernel:    2022-11-16 - f524b7289bbb0c8ffaa2ba3c34c146e43da54fb2
Compiler:  ccache /mnt/sda/jtbursey/SyzInspector/compilers/gcc-10.2.1-20210110/bin/gcc
Attempt 1:
    Time  Bug Name
       2  INFO: rcu detected stall in corrupted
       9  WARNING: ODEBUG bug in netdev_run_todo
The bug was not found.
About 2 commits remaining

==== Partial Result: Focused Fuzzing ====
Reproducer:           /mnt/sdd/jtbursey/SyzInspector/wd-bisector-1/reproducers/repro-bug0138-0.prog
Bisection Result:     2022-11-16 - b68777d54fac21fc833ec26ea1a2a84f975ab035
Bisected Commit Name: l2tp: Serialize access to sk_user_data with sk_callback_lock
Stage Time:           7h36m25s
Run Time:             7h36m28s
=========================================

==== Anchor Commit ====

2025-03-14 02:59:03
Session:   16
Kernel:    2022-11-16 - f524b7289bbb0c8ffaa2ba3c34c146e43da54fb2
Compiler:  ccache /mnt/sda/jtbursey/SyzInspector/compilers/gcc-10.2.1-20210110/bin/gcc
Attempt 0:
    No crashes found.
Attempt 1:
    No crashes found.
Attempt 2:
    No crashes found.
Attempt 3:
    No crashes found.
Attempt 4:
    No crashes found.
Attempt 5:
    No crashes found.
Attempt 6:
    No crashes found.
Attempt 7:
    No crashes found.
The bug was not found.

Failure: This bug cannot be found at the anchor commit.

====================================================================================================================================================
Bug Name:             BUG: sleeping function called from invalid context in static_key_slow_inc
Bug Link:             https://syzkaller.appspot.com/bug?id=6f32d3bb387424036a0ce937607c7697038beaac
Bisection Result:     2022-11-16 - b68777d54fac21fc833ec26ea1a2a84f975ab035
Bisected Commit Name: l2tp: Serialize access to sk_user_data with sk_callback_lock
Run Time:             7h55m33s

Anchor Commit:        2022-11-17 - 81ac25651a62c958bb0e074e0d4e25060ea557dd
Bisection Result:     2022-11-16 - b68777d54fac21fc833ec26ea1a2a84f975ab035
