./bin/bisector -i 4 -c /home/meerkat/meerkat/wd-bisector-4/bisector.cfg -a f8566aa4f1766bb0267b7a0ed89c1d2c4a82ee1a -F ff-test,poc-test,stateful-corpus,ff-no-find-backup
Bisecting:          kernel BUG in validate_mm
Syzbot Link:        https://syzkaller.appspot.com/bug?extid=70b97abe3e253d1c3f8e
Working Name:       bug0839

No aliases given.

Anchor Commit:      f8566aa4f1766bb0267b7a0ed89c1d2c4a82ee1a
Repository:         https://git.kernel.org/pub/scm/linux/kernel/git/torvalds/linux.git
Branch:             master
Arch:               amd64

Bisector:           /home/meerkat/meerkat/
Version:            1.0.3
Kernel:             /home/meerkat/meerkat/wd-bisector-4/kernel/
Syzkaller:          /home/meerkat/meerkat/syzkaller/
Compilers:          /home/meerkat/compilers/
Ccache:             ccache
Image:              /home/meerkat/images/stretch/stretch.img
Image Key:          /home/meerkat/images/stretch/stretch.id_rsa

Workdir:            /home/meerkat/meerkat/wd-bisector-4/
Kconfig:            /home/meerkat/meerkat/wd-bisector-4/config-bug0839.txt
Reproducers: (11)   /home/meerkat/meerkat/wd-bisector-4/reproducers/
Primary PoC:        /home/meerkat/meerkat/wd-bisector-4/reproducers/repro-bug0839-8.prog
Syzkaller Workdir:  /home/meerkat/meerkat/wd-bisector-4/wd-kaller/
Log Directory:      /home/meerkat/meerkat/wd-bisector-4/log/

Syscalls: (59)      ["bpf$MAP_GET_NEXT_KEY", "bpf$MAP_LOOKUP_ELEM", "creat", "epoll_ctl$EPOLL_CTL_ADD", "getsockname$packet", "ioctl$FS_IOC_RESVSP", "ioctl$KVM_CREATE_VM", "ioctl$sock_SIOCGIFINDEX_80211", "landlock_create_ruleset", "landlock_restrict_self", "madvise", "mkdir", "mlock", "mmap", "mremap", "munmap", "openat", "openat$cgroup_ro", "openat$hwrng", "openat$kvm", "sendmsg$NL80211_CMD_DEL_STATION", "sendmsg$NL80211_CMD_NEW_INTERFACE", "sendmsg$TIPC_NL_MON_GET", "sendto", "socket", "socketpair$unix", "syz_genetlink_get_family_id$nl80211", "syz_kvm_setup_cpu$x86", "syz_mount_image$efs", "syz_mount_image$ext4", "syz_mount_image$hfs", "syz_mount_image$msdos", "syz_mount_image$vfat", "syz_open_procfs", "truncate", "unlink", "write", "write$binfmt_script", "epoll_create", "socket$packet", "sendmsg$NL80211_CMD_GET_INTERFACE", "openat$cgroup_root", "socket$nl_generic", "ioctl$KVM_CREATE_VCPU", "syz_clone", "openat$binfmt", "bpf$OBJ_GET_MAP", "socket$netlink", "syz_genetlink_get_family_id$tipc2", "setgid", "getgid", "getuid", "ioctl$ifreq_SIOCGIFINDEX_vcan", "ioctl$IOCTL_GET_NCIDEV_IDX", "syz_create_resource$binfmt", "keyctl$get_keyring_id", "add_key", "openat$nci", "add_key$keyring"]
VM Count:           8
CPU Count:          2
Procs:              16
Memory:             4096
Make Procs:         16
Max Time:           30
Max Attempts:       3

==== Anchor Commit ====

2025-03-03 11:17:09
Session:   1
Kernel:    2023-07-01 - f8566aa4f1766bb0267b7a0ed89c1d2c4a82ee1a
Compiler:  ccache /home/meerkat/compilers/gcc-10.2.1-20210110/bin/gcc
Attempt 1:
    Time  Bug Name
***    3  kernel BUG in validate_mm
Attempt 2:
    Time  Bug Name
***    3  kernel BUG in validate_mm
***    3  kernel BUG in validate_mm
Attempt 3:
    Time  Bug Name
***    4  kernel BUG in validate_mm
The bug was found.

New Max Time: 10

==== Major Release Search ====
19 Releases

2025-03-03 11:46:28
Session:   2
Kernel:    2023-06-25 - 6995e2de6891c724bfeb2db33d7b87775f913ad1 (v6.4)
Compiler:  ccache /home/meerkat/compilers/gcc-10.2.1-20210110/bin/gcc
Attempt 1:
    Time  Bug Name
       6  suppressed report
Attempt 2:
    No crashes found.
Attempt 3:
    Time  Bug Name
       9  INFO: task hung in rfkill_unregister
      10  suppressed report
Attempt 4: (RETRY)
    Time  Bug Name
       6  suppressed report
The bug was not found.
This commit is flagged as unstable.
About 18 releases remaining

2025-03-03 12:47:10
Session:   3
Kernel:    2023-04-23 - 457391b0380335d5e9a5babdec90ac53928b23b4 (v6.3)
Compiler:  ccache /home/meerkat/compilers/gcc-10.2.1-20210110/bin/gcc
Attempt 1:
    Time  Bug Name
       6  suppressed report
Attempt 2:
    Time  Bug Name
       6  INFO: task hung in del_device_store
       6  INFO: task hung in del_device_store
       6  INFO: task hung in del_device_store
       8  INFO: task hung in del_device_store
Attempt 3:
    Time  Bug Name
       6  INFO: task hung in new_device_store
       6  INFO: task hung in del_device_store
Attempt 4: (RETRY)
    Time  Bug Name
      10  WARNING: ODEBUG bug in netdev_run_todo
The bug was not found.
About 17 releases remaining

==== Kernel Bisection ====
26074 Linux commits

2025-03-03 13:47:54
Session:   4
Kernel:    2023-05-03 - 1a5304fecee523060f26e2778d9d8e33c0562df3
Compiler:  ccache /home/meerkat/compilers/gcc-10.2.1-20210110/bin/gcc
Attempt 1:
    Time  Bug Name
       6  INFO: task hung in del_device_store
       7  INFO: task hung in del_device_store
       7  WARNING in ieee80211_bss_info_change_notify
       7  WARNING in ieee80211_bss_info_change_notify
       7  WARNING in ieee80211_bss_info_change_notify
       7  WARNING in ieee80211_bss_info_change_notify
       7  WARNING in ieee80211_bss_info_change_notify
       8  WARNING in ieee80211_bss_info_change_notify
       9  WARNING in ieee80211_bss_info_change_notify
      10  WARNING in ieee80211_bss_info_change_notify
      10  WARNING in ieee80211_bss_info_change_notify
      10  WARNING in ieee80211_bss_info_change_notify
      10  WARNING in ieee80211_bss_info_change_notify
      10  WARNING in ieee80211_bss_info_change_notify
      10  WARNING in ieee80211_bss_info_change_notify
      10  WARNING in ieee80211_bss_info_change_notify
Attempt 2:
    Time  Bug Name
       6  INFO: task hung in new_device_store
       6  INFO: task hung in del_device_store
Attempt 3:
    Time  Bug Name
       8  INFO: task hung in del_device_store
The bug was not found.
About 13049 commits remaining

2025-03-03 14:38:34
Session:   5
Kernel:    2023-06-28 - 3a8a670eeeaa40d87bd38a587438952741980c18
Compiler:  ccache /home/meerkat/compilers/gcc-10.2.1-20210110/bin/gcc
Attempt 1:
    Time  Bug Name
       2  UBSAN: array-index-out-of-bounds in corrupted
       2  UBSAN: array-index-out-of-bounds in corrupted
       2  UBSAN: array-index-out-of-bounds in corrupted
       2  UBSAN: array-index-out-of-bounds in corrupted
       2  UBSAN: array-index-out-of-bounds in copy_process
       2  UBSAN: array-index-out-of-bounds in copy_process
       2  UBSAN: array-index-out-of-bounds in copy_process
       2  UBSAN: array-index-out-of-bounds in copy_process
       3  UBSAN: array-index-out-of-bounds in corrupted
       3  UBSAN: array-index-out-of-bounds in copy_process
       3  UBSAN: array-index-out-of-bounds in copy_process
       3  UBSAN: array-index-out-of-bounds in copy_process
       3  UBSAN: array-index-out-of-bounds in copy_process
       3  UBSAN: array-index-out-of-bounds in copy_process
       3  UBSAN: array-index-out-of-bounds in copy_process
       3  UBSAN: array-index-out-of-bounds in copy_process
       4  UBSAN: array-index-out-of-bounds in corrupted
       4  UBSAN: array-index-out-of-bounds in corrupted
       4  UBSAN: array-index-out-of-bounds in copy_process
       4  UBSAN: array-index-out-of-bounds in copy_process
       4  UBSAN: array-index-out-of-bounds in copy_process
       4  UBSAN: array-index-out-of-bounds in copy_process
       4  UBSAN: array-index-out-of-bounds in copy_process
       4  UBSAN: array-index-out-of-bounds in copy_process
       5  UBSAN: array-index-out-of-bounds in copy_process
       5  UBSAN: array-index-out-of-bounds in copy_process
       5  UBSAN: array-index-out-of-bounds in copy_process
       5  UBSAN: array-index-out-of-bounds in copy_process
       5  UBSAN: array-index-out-of-bounds in copy_process
       5  UBSAN: array-index-out-of-bounds in copy_process
       5  UBSAN: array-index-out-of-bounds in copy_process
       5  UBSAN: array-index-out-of-bounds in copy_process
       7  UBSAN: array-index-out-of-bounds in corrupted
       7  UBSAN: array-index-out-of-bounds in corrupted
       7  UBSAN: array-index-out-of-bounds in corrupted
       7  UBSAN: array-index-out-of-bounds in corrupted
       7  UBSAN: array-index-out-of-bounds in copy_process
       7  UBSAN: array-index-out-of-bounds in copy_process
       7  UBSAN: array-index-out-of-bounds in copy_process
       7  UBSAN: array-index-out-of-bounds in copy_process
       8  UBSAN: array-index-out-of-bounds in corrupted
       8  UBSAN: array-index-out-of-bounds in alloc_pid
       8  UBSAN: array-index-out-of-bounds in copy_process
       8  UBSAN: array-index-out-of-bounds in copy_process
       8  UBSAN: array-index-out-of-bounds in copy_process
       8  UBSAN: array-index-out-of-bounds in copy_process
       8  UBSAN: array-index-out-of-bounds in copy_process
       8  UBSAN: array-index-out-of-bounds in copy_process
       9  UBSAN: array-index-out-of-bounds in corrupted
       9  UBSAN: array-index-out-of-bounds in corrupted
       9  UBSAN: array-index-out-of-bounds in copy_process
       9  UBSAN: array-index-out-of-bounds in copy_process
       9  UBSAN: array-index-out-of-bounds in copy_process
       9  UBSAN: array-index-out-of-bounds in copy_process
       9  UBSAN: array-index-out-of-bounds in copy_process
       9  UBSAN: array-index-out-of-bounds in copy_process
      10  UBSAN: array-index-out-of-bounds in corrupted
      10  UBSAN: array-index-out-of-bounds in corrupted
      10  UBSAN: array-index-out-of-bounds in copy_process
      10  UBSAN: array-index-out-of-bounds in copy_process
      10  UBSAN: array-index-out-of-bounds in copy_process
      10  UBSAN: array-index-out-of-bounds in copy_process
      10  UBSAN: array-index-out-of-bounds in copy_process
      10  UBSAN: array-index-out-of-bounds in copy_process
Attempt 2:
    Time  Bug Name
       2  UBSAN: array-index-out-of-bounds in corrupted
       2  UBSAN: array-index-out-of-bounds in corrupted
       2  UBSAN: array-index-out-of-bounds in copy_process
       2  UBSAN: array-index-out-of-bounds in copy_process
       2  UBSAN: array-index-out-of-bounds in copy_process
       2  UBSAN: array-index-out-of-bounds in copy_process
       2  UBSAN: array-index-out-of-bounds in copy_process
       2  UBSAN: array-index-out-of-bounds in copy_process
       3  UBSAN: array-index-out-of-bounds in corrupted
       3  UBSAN: array-index-out-of-bounds in corrupted
       3  UBSAN: array-index-out-of-bounds in corrupted
       3  UBSAN: array-index-out-of-bounds in corrupted
       3  UBSAN: array-index-out-of-bounds in corrupted
       3  UBSAN: array-index-out-of-bounds in copy_process
       3  UBSAN: array-index-out-of-bounds in copy_process
       3  UBSAN: array-index-out-of-bounds in copy_process
       4  UBSAN: array-index-out-of-bounds in corrupted
       4  UBSAN: array-index-out-of-bounds in corrupted
       4  UBSAN: array-index-out-of-bounds in alloc_pid
       4  UBSAN: array-index-out-of-bounds in copy_process
       4  UBSAN: array-index-out-of-bounds in copy_process
       4  UBSAN: array-index-out-of-bounds in copy_process
       4  UBSAN: array-index-out-of-bounds in copy_process
       4  UBSAN: array-index-out-of-bounds in copy_process
       5  UBSAN: array-index-out-of-bounds in corrupted
       5  UBSAN: array-index-out-of-bounds in corrupted
       5  UBSAN: array-index-out-of-bounds in copy_process
       5  UBSAN: array-index-out-of-bounds in copy_process
       5  UBSAN: array-index-out-of-bounds in copy_process
       5  UBSAN: array-index-out-of-bounds in copy_process
       5  UBSAN: array-index-out-of-bounds in copy_process
       6  UBSAN: array-index-out-of-bounds in copy_process
       6  UBSAN: array-index-out-of-bounds in copy_process
       7  UBSAN: array-index-out-of-bounds in corrupted
       7  UBSAN: array-index-out-of-bounds in corrupted
       7  UBSAN: array-index-out-of-bounds in corrupted
       7  UBSAN: array-index-out-of-bounds in copy_process
       7  UBSAN: array-index-out-of-bounds in copy_process
       7  UBSAN: array-index-out-of-bounds in copy_process
       7  UBSAN: array-index-out-of-bounds in copy_process
       8  UBSAN: array-index-out-of-bounds in corrupted
       8  UBSAN: array-index-out-of-bounds in corrupted
       8  UBSAN: array-index-out-of-bounds in copy_process
       8  UBSAN: array-index-out-of-bounds in copy_process
       8  UBSAN: array-index-out-of-bounds in copy_process
       8  UBSAN: array-index-out-of-bounds in copy_process
       8  UBSAN: array-index-out-of-bounds in copy_process
       8  UBSAN: array-index-out-of-bounds in copy_process
       9  UBSAN: array-index-out-of-bounds in alloc_pid
       9  UBSAN: array-index-out-of-bounds in copy_process
       9  UBSAN: array-index-out-of-bounds in copy_process
       9  UBSAN: array-index-out-of-bounds in copy_process
       9  UBSAN: array-index-out-of-bounds in copy_process
       9  UBSAN: array-index-out-of-bounds in copy_process
       9  UBSAN: array-index-out-of-bounds in copy_process
       9  UBSAN: array-index-out-of-bounds in copy_process
      10  UBSAN: array-index-out-of-bounds in corrupted
      10  UBSAN: array-index-out-of-bounds in alloc_pid
      10  UBSAN: array-index-out-of-bounds in copy_process
      10  UBSAN: array-index-out-of-bounds in copy_process
      10  UBSAN: array-index-out-of-bounds in copy_process
      10  UBSAN: array-index-out-of-bounds in copy_process
      10  UBSAN: array-index-out-of-bounds in copy_process
      10  UBSAN: array-index-out-of-bounds in copy_process
Attempt 3:
    Time  Bug Name
       2  UBSAN: array-index-out-of-bounds in corrupted
       2  UBSAN: array-index-out-of-bounds in corrupted
       2  UBSAN: array-index-out-of-bounds in copy_process
       2  UBSAN: array-index-out-of-bounds in copy_process
       2  UBSAN: array-index-out-of-bounds in copy_process
       2  UBSAN: array-index-out-of-bounds in copy_process
       2  UBSAN: array-index-out-of-bounds in copy_process
       2  UBSAN: array-index-out-of-bounds in copy_process
       3  UBSAN: array-index-out-of-bounds in corrupted
       3  UBSAN: array-index-out-of-bounds in corrupted
       3  UBSAN: array-index-out-of-bounds in corrupted
       3  UBSAN: array-index-out-of-bounds in alloc_pid
       3  UBSAN: array-index-out-of-bounds in copy_process
       3  UBSAN: array-index-out-of-bounds in copy_process
       3  UBSAN: array-index-out-of-bounds in copy_process
       3  UBSAN: array-index-out-of-bounds in copy_process
       4  UBSAN: array-index-out-of-bounds in corrupted
       4  UBSAN: array-index-out-of-bounds in corrupted
       4  UBSAN: array-index-out-of-bounds in copy_process
       4  UBSAN: array-index-out-of-bounds in copy_process
       4  UBSAN: array-index-out-of-bounds in copy_process
       4  UBSAN: array-index-out-of-bounds in copy_process
       4  UBSAN: array-index-out-of-bounds in copy_process
       4  UBSAN: array-index-out-of-bounds in copy_process
       5  UBSAN: array-index-out-of-bounds in corrupted
       5  UBSAN: array-index-out-of-bounds in corrupted
       5  UBSAN: array-index-out-of-bounds in copy_process
       5  UBSAN: array-index-out-of-bounds in copy_process
       5  UBSAN: array-index-out-of-bounds in copy_process
       5  UBSAN: array-index-out-of-bounds in copy_process
       5  UBSAN: array-index-out-of-bounds in copy_process
       5  UBSAN: array-index-out-of-bounds in copy_process
       7  UBSAN: array-index-out-of-bounds in corrupted
       7  UBSAN: array-index-out-of-bounds in corrupted
       7  UBSAN: array-index-out-of-bounds in corrupted
       7  UBSAN: array-index-out-of-bounds in copy_process
       7  UBSAN: array-index-out-of-bounds in copy_process
       7  UBSAN: array-index-out-of-bounds in copy_process
       7  UBSAN: array-index-out-of-bounds in copy_process
       7  UBSAN: array-index-out-of-bounds in copy_process
       8  UBSAN: array-index-out-of-bounds in corrupted
       8  UBSAN: array-index-out-of-bounds in corrupted
       8  UBSAN: array-index-out-of-bounds in corrupted
       8  UBSAN: array-index-out-of-bounds in copy_process
       8  UBSAN: array-index-out-of-bounds in copy_process
       8  UBSAN: array-index-out-of-bounds in copy_process
       8  UBSAN: array-index-out-of-bounds in copy_process
       8  UBSAN: array-index-out-of-bounds in copy_process
       9  UBSAN: array-index-out-of-bounds in corrupted
       9  UBSAN: array-index-out-of-bounds in corrupted
       9  UBSAN: array-index-out-of-bounds in alloc_pid
       9  UBSAN: array-index-out-of-bounds in copy_process
       9  UBSAN: array-index-out-of-bounds in copy_process
       9  UBSAN: array-index-out-of-bounds in copy_process
       9  UBSAN: array-index-out-of-bounds in copy_process
       9  UBSAN: array-index-out-of-bounds in copy_process
      10  UBSAN: array-index-out-of-bounds in corrupted
      10  UBSAN: array-index-out-of-bounds in corrupted
      10  UBSAN: array-index-out-of-bounds in corrupted
      10  UBSAN: array-index-out-of-bounds in corrupted
      10  UBSAN: array-index-out-of-bounds in corrupted
      10  UBSAN: array-index-out-of-bounds in copy_process
      10  UBSAN: array-index-out-of-bounds in copy_process
      10  UBSAN: array-index-out-of-bounds in copy_process
The bug was not found.
About 5816 commits remaining

2025-03-03 15:28:24
Session:   6
Kernel:    2023-06-29 - 53ea167b212f675e40420498e46fa31553b406ac
Compiler:  ccache /home/meerkat/compilers/gcc-10.2.1-20210110/bin/gcc
Attempt 1:
    Time  Bug Name
       2  UBSAN: array-index-out-of-bounds in corrupted
       2  UBSAN: array-index-out-of-bounds in copy_process
       2  UBSAN: array-index-out-of-bounds in copy_process
       2  UBSAN: array-index-out-of-bounds in copy_process
       2  UBSAN: array-index-out-of-bounds in copy_process
       2  UBSAN: array-index-out-of-bounds in copy_process
       2  UBSAN: array-index-out-of-bounds in copy_process
       2  UBSAN: array-index-out-of-bounds in copy_process
       3  UBSAN: array-index-out-of-bounds in corrupted
       3  UBSAN: array-index-out-of-bounds in corrupted
       3  UBSAN: array-index-out-of-bounds in corrupted
       3  UBSAN: array-index-out-of-bounds in corrupted
       3  UBSAN: array-index-out-of-bounds in corrupted
       3  UBSAN: array-index-out-of-bounds in corrupted
       3  UBSAN: array-index-out-of-bounds in copy_process
       3  UBSAN: array-index-out-of-bounds in copy_process
       4  UBSAN: array-index-out-of-bounds in corrupted
       4  UBSAN: array-index-out-of-bounds in copy_process
       4  UBSAN: array-index-out-of-bounds in copy_process
       4  UBSAN: array-index-out-of-bounds in copy_process
       4  UBSAN: array-index-out-of-bounds in copy_process
       4  UBSAN: array-index-out-of-bounds in copy_process
       4  UBSAN: array-index-out-of-bounds in copy_process
       4  UBSAN: array-index-out-of-bounds in copy_process
       5  UBSAN: array-index-out-of-bounds in corrupted
       5  UBSAN: array-index-out-of-bounds in corrupted
       5  UBSAN: array-index-out-of-bounds in corrupted
       5  UBSAN: array-index-out-of-bounds in corrupted
       5  UBSAN: array-index-out-of-bounds in copy_process
       5  UBSAN: array-index-out-of-bounds in copy_process
       5  UBSAN: array-index-out-of-bounds in copy_process
       6  UBSAN: array-index-out-of-bounds in alloc_pid
       7  UBSAN: array-index-out-of-bounds in corrupted
       7  UBSAN: array-index-out-of-bounds in corrupted
       7  UBSAN: array-index-out-of-bounds in corrupted
       7  UBSAN: array-index-out-of-bounds in copy_process
       7  UBSAN: array-index-out-of-bounds in copy_process
       7  UBSAN: array-index-out-of-bounds in copy_process
       7  UBSAN: array-index-out-of-bounds in copy_process
       7  UBSAN: array-index-out-of-bounds in copy_process
       8  UBSAN: array-index-out-of-bounds in corrupted
       8  UBSAN: array-index-out-of-bounds in corrupted
       8  UBSAN: array-index-out-of-bounds in corrupted
       8  UBSAN: array-index-out-of-bounds in copy_process
       8  UBSAN: array-index-out-of-bounds in copy_process
       8  UBSAN: array-index-out-of-bounds in copy_process
       8  UBSAN: array-index-out-of-bounds in copy_process
       8  UBSAN: array-index-out-of-bounds in copy_process
       9  UBSAN: array-index-out-of-bounds in corrupted
       9  UBSAN: array-index-out-of-bounds in corrupted
       9  UBSAN: array-index-out-of-bounds in corrupted
       9  UBSAN: array-index-out-of-bounds in copy_process
       9  UBSAN: array-index-out-of-bounds in copy_process
       9  UBSAN: array-index-out-of-bounds in copy_process
       9  UBSAN: array-index-out-of-bounds in copy_process
       9  UBSAN: array-index-out-of-bounds in copy_process
      10  UBSAN: array-index-out-of-bounds in corrupted
      10  UBSAN: array-index-out-of-bounds in copy_process
      10  UBSAN: array-index-out-of-bounds in copy_process
      10  UBSAN: array-index-out-of-bounds in copy_process
      10  UBSAN: array-index-out-of-bounds in copy_process
      10  UBSAN: array-index-out-of-bounds in copy_process
      10  UBSAN: array-index-out-of-bounds in copy_process
      10  UBSAN: array-index-out-of-bounds in copy_process
Attempt 2:
    Time  Bug Name
       2  UBSAN: array-index-out-of-bounds in corrupted
       2  UBSAN: array-index-out-of-bounds in corrupted
       2  UBSAN: array-index-out-of-bounds in copy_process
       2  UBSAN: array-index-out-of-bounds in copy_process
       2  UBSAN: array-index-out-of-bounds in copy_process
       2  UBSAN: array-index-out-of-bounds in copy_process
       2  UBSAN: array-index-out-of-bounds in copy_process
       2  UBSAN: array-index-out-of-bounds in copy_process
       3  UBSAN: array-index-out-of-bounds in corrupted
       3  UBSAN: array-index-out-of-bounds in corrupted
       3  UBSAN: array-index-out-of-bounds in corrupted
       3  UBSAN: array-index-out-of-bounds in corrupted
       3  UBSAN: array-index-out-of-bounds in copy_process
       3  UBSAN: array-index-out-of-bounds in copy_process
       3  UBSAN: array-index-out-of-bounds in copy_process
       3  UBSAN: array-index-out-of-bounds in copy_process
       4  UBSAN: array-index-out-of-bounds in corrupted
       4  UBSAN: array-index-out-of-bounds in copy_process
       4  UBSAN: array-index-out-of-bounds in copy_process
       4  UBSAN: array-index-out-of-bounds in copy_process
       4  UBSAN: array-index-out-of-bounds in copy_process
       4  UBSAN: array-index-out-of-bounds in copy_process
       4  UBSAN: array-index-out-of-bounds in copy_process
       4  UBSAN: array-index-out-of-bounds in copy_process
       5  UBSAN: array-index-out-of-bounds in corrupted
       5  UBSAN: array-index-out-of-bounds in copy_process
       5  UBSAN: array-index-out-of-bounds in copy_process
       5  UBSAN: array-index-out-of-bounds in copy_process
       5  UBSAN: array-index-out-of-bounds in copy_process
       5  UBSAN: array-index-out-of-bounds in copy_process
       5  UBSAN: array-index-out-of-bounds in copy_process
       5  UBSAN: array-index-out-of-bounds in copy_process
       7  UBSAN: array-index-out-of-bounds in corrupted
       7  UBSAN: array-index-out-of-bounds in corrupted
       7  UBSAN: array-index-out-of-bounds in corrupted
       7  UBSAN: array-index-out-of-bounds in corrupted
       7  UBSAN: array-index-out-of-bounds in corrupted
       7  UBSAN: array-index-out-of-bounds in copy_process
       7  UBSAN: array-index-out-of-bounds in copy_process
       7  UBSAN: array-index-out-of-bounds in copy_process
       8  UBSAN: array-index-out-of-bounds in corrupted
       8  UBSAN: array-index-out-of-bounds in corrupted
       8  UBSAN: array-index-out-of-bounds in corrupted
       8  UBSAN: array-index-out-of-bounds in copy_process
       8  UBSAN: array-index-out-of-bounds in copy_process
       8  UBSAN: array-index-out-of-bounds in copy_process
       8  UBSAN: array-index-out-of-bounds in copy_process
       8  UBSAN: array-index-out-of-bounds in copy_process
       9  UBSAN: array-index-out-of-bounds in corrupted
       9  UBSAN: array-index-out-of-bounds in corrupted
       9  UBSAN: array-index-out-of-bounds in corrupted
       9  UBSAN: array-index-out-of-bounds in alloc_pid
       9  UBSAN: array-index-out-of-bounds in copy_process
       9  UBSAN: array-index-out-of-bounds in copy_process
       9  UBSAN: array-index-out-of-bounds in copy_process
       9  UBSAN: array-index-out-of-bounds in copy_process
      10  UBSAN: array-index-out-of-bounds in copy_process
      10  UBSAN: array-index-out-of-bounds in copy_process
      10  UBSAN: array-index-out-of-bounds in copy_process
      10  UBSAN: array-index-out-of-bounds in copy_process
      10  UBSAN: array-index-out-of-bounds in copy_process
      10  UBSAN: array-index-out-of-bounds in copy_process
      10  UBSAN: array-index-out-of-bounds in copy_process
      10  UBSAN: array-index-out-of-bounds in copy_process
Attempt 3:
    Time  Bug Name
       2  UBSAN: array-index-out-of-bounds in copy_process
       2  UBSAN: array-index-out-of-bounds in copy_process
       2  UBSAN: array-index-out-of-bounds in copy_process
       2  UBSAN: array-index-out-of-bounds in copy_process
       2  UBSAN: array-index-out-of-bounds in copy_process
       2  UBSAN: array-index-out-of-bounds in copy_process
       2  UBSAN: array-index-out-of-bounds in copy_process
       2  UBSAN: array-index-out-of-bounds in copy_process
       3  UBSAN: array-index-out-of-bounds in corrupted
       3  UBSAN: array-index-out-of-bounds in copy_process
       3  UBSAN: array-index-out-of-bounds in copy_process
       3  UBSAN: array-index-out-of-bounds in copy_process
       3  UBSAN: array-index-out-of-bounds in copy_process
       3  UBSAN: array-index-out-of-bounds in copy_process
       3  UBSAN: array-index-out-of-bounds in copy_process
       3  UBSAN: array-index-out-of-bounds in copy_process
       4  UBSAN: array-index-out-of-bounds in corrupted
       4  UBSAN: array-index-out-of-bounds in copy_process
       4  UBSAN: array-index-out-of-bounds in copy_process
       4  UBSAN: array-index-out-of-bounds in copy_process
       4  UBSAN: array-index-out-of-bounds in copy_process
       4  UBSAN: array-index-out-of-bounds in copy_process
       4  UBSAN: array-index-out-of-bounds in copy_process
       4  UBSAN: array-index-out-of-bounds in copy_process
       5  UBSAN: array-index-out-of-bounds in corrupted
       5  UBSAN: array-index-out-of-bounds in corrupted
       5  UBSAN: array-index-out-of-bounds in corrupted
       5  UBSAN: array-index-out-of-bounds in copy_process
       5  UBSAN: array-index-out-of-bounds in copy_process
       5  UBSAN: array-index-out-of-bounds in copy_process
       5  UBSAN: array-index-out-of-bounds in copy_process
       5  UBSAN: array-index-out-of-bounds in copy_process
       7  UBSAN: array-index-out-of-bounds in corrupted
       7  UBSAN: array-index-out-of-bounds in corrupted
       7  UBSAN: array-index-out-of-bounds in copy_process
       7  UBSAN: array-index-out-of-bounds in copy_process
       7  UBSAN: array-index-out-of-bounds in copy_process
       7  UBSAN: array-index-out-of-bounds in copy_process
       7  UBSAN: array-index-out-of-bounds in copy_process
       7  UBSAN: array-index-out-of-bounds in copy_process
       8  UBSAN: array-index-out-of-bounds in corrupted
       8  UBSAN: array-index-out-of-bounds in alloc_pid
       8  UBSAN: array-index-out-of-bounds in copy_process
       8  UBSAN: array-index-out-of-bounds in copy_process
       8  UBSAN: array-index-out-of-bounds in copy_process
       8  UBSAN: array-index-out-of-bounds in copy_process
       8  UBSAN: array-index-out-of-bounds in copy_process
       8  UBSAN: array-index-out-of-bounds in copy_process
       9  UBSAN: array-index-out-of-bounds in corrupted
       9  UBSAN: array-index-out-of-bounds in corrupted
       9  UBSAN: array-index-out-of-bounds in copy_process
       9  UBSAN: array-index-out-of-bounds in copy_process
       9  UBSAN: array-index-out-of-bounds in copy_process
       9  UBSAN: array-index-out-of-bounds in copy_process
       9  UBSAN: array-index-out-of-bounds in copy_process
       9  UBSAN: array-index-out-of-bounds in copy_process
      10  UBSAN: array-index-out-of-bounds in corrupted
      10  UBSAN: array-index-out-of-bounds in corrupted
      10  UBSAN: array-index-out-of-bounds in corrupted
      10  UBSAN: array-index-out-of-bounds in copy_process
      10  UBSAN: array-index-out-of-bounds in copy_process
      10  UBSAN: array-index-out-of-bounds in copy_process
      10  UBSAN: array-index-out-of-bounds in copy_process
      10  UBSAN: array-index-out-of-bounds in copy_process
The bug was not found.
About 2907 commits remaining

2025-03-03 16:17:33
Session:   7
Kernel:    2023-06-29 - 31929ae00890d921618b0b449722dcdf4a4416cc
Compiler:  ccache /home/meerkat/compilers/gcc-10.2.1-20210110/bin/gcc
Attempt 1:
    Time  Bug Name
       2  UBSAN: array-index-out-of-bounds in corrupted
       2  UBSAN: array-index-out-of-bounds in corrupted
       2  UBSAN: array-index-out-of-bounds in corrupted
       2  UBSAN: array-index-out-of-bounds in corrupted
       2  UBSAN: array-index-out-of-bounds in copy_process
       2  UBSAN: array-index-out-of-bounds in copy_process
       2  UBSAN: array-index-out-of-bounds in copy_process
       2  UBSAN: array-index-out-of-bounds in copy_process
       3  UBSAN: array-index-out-of-bounds in copy_process
       3  UBSAN: array-index-out-of-bounds in copy_process
       3  UBSAN: array-index-out-of-bounds in copy_process
       3  UBSAN: array-index-out-of-bounds in copy_process
       3  UBSAN: array-index-out-of-bounds in copy_process
       3  UBSAN: array-index-out-of-bounds in copy_process
       3  UBSAN: array-index-out-of-bounds in copy_process
       3  UBSAN: array-index-out-of-bounds in copy_process
       4  UBSAN: array-index-out-of-bounds in corrupted
       4  UBSAN: array-index-out-of-bounds in copy_process
       4  UBSAN: array-index-out-of-bounds in copy_process
       4  UBSAN: array-index-out-of-bounds in copy_process
       4  UBSAN: array-index-out-of-bounds in copy_process
       4  UBSAN: array-index-out-of-bounds in copy_process
       4  UBSAN: array-index-out-of-bounds in copy_process
       4  UBSAN: array-index-out-of-bounds in copy_process
       5  UBSAN: array-index-out-of-bounds in corrupted
       5  UBSAN: array-index-out-of-bounds in corrupted
       5  UBSAN: array-index-out-of-bounds in corrupted
       5  UBSAN: array-index-out-of-bounds in corrupted
       5  UBSAN: array-index-out-of-bounds in corrupted
       5  UBSAN: array-index-out-of-bounds in copy_process
       5  UBSAN: array-index-out-of-bounds in copy_process
       5  UBSAN: array-index-out-of-bounds in copy_process
       7  UBSAN: array-index-out-of-bounds in corrupted
       7  UBSAN: array-index-out-of-bounds in copy_process
       7  UBSAN: array-index-out-of-bounds in copy_process
       7  UBSAN: array-index-out-of-bounds in copy_process
       7  UBSAN: array-index-out-of-bounds in copy_process
       7  UBSAN: array-index-out-of-bounds in copy_process
       7  UBSAN: array-index-out-of-bounds in copy_process
       7  UBSAN: array-index-out-of-bounds in copy_process
       8  UBSAN: array-index-out-of-bounds in corrupted
       8  UBSAN: array-index-out-of-bounds in corrupted
       8  UBSAN: array-index-out-of-bounds in corrupted
       8  UBSAN: array-index-out-of-bounds in corrupted
       8  UBSAN: array-index-out-of-bounds in copy_process
       8  UBSAN: array-index-out-of-bounds in copy_process
       8  UBSAN: array-index-out-of-bounds in copy_process
       8  UBSAN: array-index-out-of-bounds in copy_process
       9  UBSAN: array-index-out-of-bounds in corrupted
       9  UBSAN: array-index-out-of-bounds in corrupted
       9  UBSAN: array-index-out-of-bounds in copy_process
       9  UBSAN: array-index-out-of-bounds in copy_process
       9  UBSAN: array-index-out-of-bounds in copy_process
       9  UBSAN: array-index-out-of-bounds in copy_process
       9  UBSAN: array-index-out-of-bounds in copy_process
       9  UBSAN: array-index-out-of-bounds in copy_process
      10  UBSAN: array-index-out-of-bounds in corrupted
      10  UBSAN: array-index-out-of-bounds in corrupted
      10  UBSAN: array-index-out-of-bounds in copy_process
      10  UBSAN: array-index-out-of-bounds in copy_process
      10  UBSAN: array-index-out-of-bounds in copy_process
      10  UBSAN: array-index-out-of-bounds in copy_process
      10  UBSAN: array-index-out-of-bounds in copy_process
      10  UBSAN: array-index-out-of-bounds in copy_process
Attempt 2:
    Time  Bug Name
       2  UBSAN: array-index-out-of-bounds in corrupted
       2  UBSAN: array-index-out-of-bounds in corrupted
       2  UBSAN: array-index-out-of-bounds in corrupted
       2  UBSAN: array-index-out-of-bounds in alloc_pid
       2  UBSAN: array-index-out-of-bounds in copy_process
       2  UBSAN: array-index-out-of-bounds in copy_process
       2  UBSAN: array-index-out-of-bounds in copy_process
       2  UBSAN: array-index-out-of-bounds in copy_process
       3  UBSAN: array-index-out-of-bounds in corrupted
       3  UBSAN: array-index-out-of-bounds in corrupted
       3  UBSAN: array-index-out-of-bounds in corrupted
       3  UBSAN: array-index-out-of-bounds in corrupted
       3  UBSAN: array-index-out-of-bounds in corrupted
       3  UBSAN: array-index-out-of-bounds in copy_process
       3  UBSAN: array-index-out-of-bounds in copy_process
       3  UBSAN: array-index-out-of-bounds in copy_process
       4  UBSAN: array-index-out-of-bounds in corrupted
       4  UBSAN: array-index-out-of-bounds in corrupted
       4  UBSAN: array-index-out-of-bounds in corrupted
       4  UBSAN: array-index-out-of-bounds in corrupted
       4  UBSAN: array-index-out-of-bounds in alloc_pid
       4  UBSAN: array-index-out-of-bounds in copy_process
       4  UBSAN: array-index-out-of-bounds in copy_process
       4  UBSAN: array-index-out-of-bounds in copy_process
       5  UBSAN: array-index-out-of-bounds in corrupted
       5  UBSAN: array-index-out-of-bounds in corrupted
       5  UBSAN: array-index-out-of-bounds in corrupted
       5  UBSAN: array-index-out-of-bounds in corrupted
       5  UBSAN: array-index-out-of-bounds in copy_process
       5  UBSAN: array-index-out-of-bounds in copy_process
       5  UBSAN: array-index-out-of-bounds in copy_process
       5  UBSAN: array-index-out-of-bounds in copy_process
       7  UBSAN: array-index-out-of-bounds in corrupted
       7  UBSAN: array-index-out-of-bounds in corrupted
       7  UBSAN: array-index-out-of-bounds in alloc_pid
       7  UBSAN: array-index-out-of-bounds in copy_process
       7  UBSAN: array-index-out-of-bounds in copy_process
       7  UBSAN: array-index-out-of-bounds in copy_process
       7  UBSAN: array-index-out-of-bounds in copy_process
       7  UBSAN: array-index-out-of-bounds in copy_process
       8  UBSAN: array-index-out-of-bounds in corrupted
       8  UBSAN: array-index-out-of-bounds in corrupted
       8  UBSAN: array-index-out-of-bounds in corrupted
       8  UBSAN: array-index-out-of-bounds in corrupted
       8  UBSAN: array-index-out-of-bounds in corrupted
       8  UBSAN: array-index-out-of-bounds in copy_process
       8  UBSAN: array-index-out-of-bounds in copy_process
       8  UBSAN: array-index-out-of-bounds in copy_process
       9  UBSAN: array-index-out-of-bounds in corrupted
       9  UBSAN: array-index-out-of-bounds in corrupted
       9  UBSAN: array-index-out-of-bounds in alloc_pid
       9  UBSAN: array-index-out-of-bounds in copy_process
       9  UBSAN: array-index-out-of-bounds in copy_process
       9  UBSAN: array-index-out-of-bounds in copy_process
       9  UBSAN: array-index-out-of-bounds in copy_process
       9  UBSAN: array-index-out-of-bounds in copy_process
      10  UBSAN: array-index-out-of-bounds in corrupted
      10  UBSAN: array-index-out-of-bounds in corrupted
      10  UBSAN: array-index-out-of-bounds in copy_process
      10  UBSAN: array-index-out-of-bounds in copy_process
      10  UBSAN: array-index-out-of-bounds in copy_process
      10  UBSAN: array-index-out-of-bounds in copy_process
      10  UBSAN: array-index-out-of-bounds in copy_process
      10  UBSAN: array-index-out-of-bounds in copy_process
Attempt 3:
    Time  Bug Name
       2  UBSAN: array-index-out-of-bounds in corrupted
       2  UBSAN: array-index-out-of-bounds in copy_process
       2  UBSAN: array-index-out-of-bounds in copy_process
       2  UBSAN: array-index-out-of-bounds in copy_process
       2  UBSAN: array-index-out-of-bounds in copy_process
       2  UBSAN: array-index-out-of-bounds in copy_process
       2  UBSAN: array-index-out-of-bounds in copy_process
       2  UBSAN: array-index-out-of-bounds in copy_process
       3  UBSAN: array-index-out-of-bounds in corrupted
       3  UBSAN: array-index-out-of-bounds in corrupted
       3  UBSAN: array-index-out-of-bounds in corrupted
       3  UBSAN: array-index-out-of-bounds in copy_process
       3  UBSAN: array-index-out-of-bounds in copy_process
       3  UBSAN: array-index-out-of-bounds in copy_process
       3  UBSAN: array-index-out-of-bounds in copy_process
       3  UBSAN: array-index-out-of-bounds in copy_process
       4  UBSAN: array-index-out-of-bounds in corrupted
       4  UBSAN: array-index-out-of-bounds in copy_process
       4  UBSAN: array-index-out-of-bounds in copy_process
       4  UBSAN: array-index-out-of-bounds in copy_process
       4  UBSAN: array-index-out-of-bounds in copy_process
       4  UBSAN: array-index-out-of-bounds in copy_process
       4  UBSAN: array-index-out-of-bounds in copy_process
       4  UBSAN: array-index-out-of-bounds in copy_process
       5  UBSAN: array-index-out-of-bounds in corrupted
       5  UBSAN: array-index-out-of-bounds in corrupted
       5  UBSAN: array-index-out-of-bounds in corrupted
       5  UBSAN: array-index-out-of-bounds in copy_process
       5  UBSAN: array-index-out-of-bounds in copy_process
       5  UBSAN: array-index-out-of-bounds in copy_process
       5  UBSAN: array-index-out-of-bounds in copy_process
       5  UBSAN: array-index-out-of-bounds in copy_process
       6  UBSAN: array-index-out-of-bounds in copy_process
       7  UBSAN: array-index-out-of-bounds in corrupted
       7  UBSAN: array-index-out-of-bounds in corrupted
       7  UBSAN: array-index-out-of-bounds in corrupted
       7  UBSAN: array-index-out-of-bounds in copy_process
       7  UBSAN: array-index-out-of-bounds in copy_process
       7  UBSAN: array-index-out-of-bounds in copy_process
       7  UBSAN: array-index-out-of-bounds in copy_process
       8  UBSAN: array-index-out-of-bounds in corrupted
       8  UBSAN: array-index-out-of-bounds in copy_process
       8  UBSAN: array-index-out-of-bounds in copy_process
       8  UBSAN: array-index-out-of-bounds in copy_process
       8  UBSAN: array-index-out-of-bounds in copy_process
       8  UBSAN: array-index-out-of-bounds in copy_process
       8  UBSAN: array-index-out-of-bounds in copy_process
       8  UBSAN: array-index-out-of-bounds in copy_process
       9  UBSAN: array-index-out-of-bounds in corrupted
       9  UBSAN: array-index-out-of-bounds in corrupted
       9  UBSAN: array-index-out-of-bounds in alloc_pid
       9  UBSAN: array-index-out-of-bounds in copy_process
       9  UBSAN: array-index-out-of-bounds in copy_process
       9  UBSAN: array-index-out-of-bounds in copy_process
       9  UBSAN: array-index-out-of-bounds in copy_process
       9  UBSAN: array-index-out-of-bounds in copy_process
      10  UBSAN: array-index-out-of-bounds in corrupted
      10  UBSAN: array-index-out-of-bounds in corrupted
      10  UBSAN: array-index-out-of-bounds in corrupted
      10  UBSAN: array-index-out-of-bounds in copy_process
      10  UBSAN: array-index-out-of-bounds in copy_process
      10  UBSAN: array-index-out-of-bounds in copy_process
      10  UBSAN: array-index-out-of-bounds in copy_process
      10  UBSAN: array-index-out-of-bounds in copy_process
The bug was not found.
About 1463 commits remaining

2025-03-03 17:07:08
Session:   8
Kernel:    2023-06-30 - ca7ce08d6a063e0ccb91dc57f9bc213120d0d1a7
Compiler:  ccache /home/meerkat/compilers/gcc-10.2.1-20210110/bin/gcc
Attempt 1:
    Time  Bug Name
       9  suppressed report
      10  general protection fault in hfs_find_init
Attempt 2:
    No crashes found.
Attempt 3:
    No crashes found.
Attempt 4: (RETRY)
    No crashes found.
The bug was not found.
About 645 commits remaining

2025-03-03 18:07:17
Session:   9
Kernel:    2023-06-30 - 9070577ae9d6065e447d422bdf85a09f89eaa9e8
Compiler:  ccache /home/meerkat/compilers/gcc-10.2.1-20210110/bin/gcc
Attempt 1:
    No crashes found.
Attempt 2:
    No crashes found.
Attempt 3:
    No crashes found.
The bug was not found.
About 309 commits remaining

2025-03-03 18:55:08
Session:   10
Kernel:    2023-07-01 - dd546618ba704be4f3724a11e5a194052c551f08
Compiler:  ccache /home/meerkat/compilers/gcc-10.2.1-20210110/bin/gcc
Attempt 1:
    Time  Bug Name
       5  INFO: rcu detected stall in corrupted
***    5  kernel BUG in validate_mm
***    5  kernel BUG in validate_mm
Running syz-repro.
New PoC saved at /home/meerkat/meerkat/wd-bisector-4/reproducers/repro-bug0839-0.prog
Primary PoC:     /home/meerkat/meerkat/wd-bisector-4/reproducers/repro-bug0839-0.prog
Run Time:        0h6m0s
The bug was found.
About 155 commits remaining

2025-03-03 19:24:43
Session:   11
Kernel:    2023-06-23 - 63ba4d67594ad05b2c899b5a3a8cc7581052dd13
Compiler:  ccache /home/meerkat/compilers/gcc-10.2.1-20210110/bin/gcc
Attempt 1:
    No crashes found.
Attempt 2:
    No crashes found.
Attempt 3:
    No crashes found.
The bug was not found.
About 11972 commits remaining

2025-03-03 20:15:15
Session:   12
Kernel:    2023-06-30 - f4ce392b03722b62804909aadbce6ff4f9c50b91
Compiler:  ccache /home/meerkat/compilers/gcc-10.2.1-20210110/bin/gcc
Attempt 1:
    Time  Bug Name
      10  KASAN: stack-out-of-bounds Read in profile_pc
Attempt 2:
    Time  Bug Name
       4  KASAN: stack-out-of-bounds Read in profile_pc
       4  KASAN: stack-out-of-bounds Read in profile_pc
       4  KASAN: stack-out-of-bounds Read in profile_pc
       5  KASAN: stack-out-of-bounds Read in profile_pc
      10  lost connection to test machine
Attempt 3:
    Time  Bug Name
       5  KASAN: stack-out-of-bounds Read in profile_pc
       9  KASAN: stack-out-of-bounds Read in profile_pc
       9  KASAN: stack-out-of-bounds Read in profile_pc
Attempt 4: (RETRY)
    Time  Bug Name
       4  KASAN: stack-out-of-bounds Read in profile_pc
       4  KASAN: stack-out-of-bounds Read in profile_pc
       4  KASAN: stack-out-of-bounds Read in profile_pc
       5  KASAN: stack-out-of-bounds Read in profile_pc
       5  KASAN: stack-out-of-bounds Read in profile_pc
       5  KASAN: stack-out-of-bounds Read in profile_pc
       5  KASAN: stack-out-of-bounds Read in profile_pc
       5  KASAN: stack-out-of-bounds Read in profile_pc
The bug was not found.
About 40 commits remaining

2025-03-03 21:14:44
Session:   13
Kernel:    2023-06-29 - ac615db03ba508d42d240612262f21f2e5836b67
Compiler:  ccache /home/meerkat/compilers/gcc-10.2.1-20210110/bin/gcc
Attempt 1:
    Time  Bug Name
       3  KASAN: stack-out-of-bounds Read in profile_pc
       3  KASAN: stack-out-of-bounds Read in profile_pc
       4  KASAN: stack-out-of-bounds Read in profile_pc
       4  KASAN: stack-out-of-bounds Read in profile_pc
       4  KASAN: stack-out-of-bounds Read in profile_pc
Attempt 2:
    Time  Bug Name
       4  KASAN: stack-out-of-bounds Read in profile_pc
       4  KASAN: stack-out-of-bounds Read in profile_pc
       6  KASAN: stack-out-of-bounds Read in profile_pc
       9  KASAN: stack-out-of-bounds Read in profile_pc
       9  KASAN: stack-out-of-bounds Read in profile_pc
Attempt 3:
    Time  Bug Name
       4  KASAN: stack-out-of-bounds Read in profile_pc
       4  KASAN: stack-out-of-bounds Read in profile_pc
       7  KASAN: stack-out-of-bounds Read in profile_pc
       7  KASAN: stack-out-of-bounds Read in profile_pc
       8  KASAN: stack-out-of-bounds Read in profile_pc
       8  KASAN: stack-out-of-bounds Read in profile_pc
The bug was not found.
About 10129 commits remaining

2025-03-03 22:05:12
Session:   14
Kernel:    2023-06-26 - 11d5e2061e973a8d4ff2b95a114b4b8ef8652633
Compiler:  ccache /home/meerkat/compilers/gcc-10.2.1-20210110/bin/gcc
Attempt 1:
    Time  Bug Name
       7  KASAN: stack-out-of-bounds Read in profile_pc
       8  KASAN: stack-out-of-bounds Read in profile_pc
       9  KASAN: stack-out-of-bounds Read in profile_pc
Attempt 2:
    Time  Bug Name
       4  KASAN: stack-out-of-bounds Read in profile_pc
       4  KASAN: stack-out-of-bounds Read in profile_pc
       5  KASAN: stack-out-of-bounds Read in profile_pc
       5  KASAN: stack-out-of-bounds Read in profile_pc
       9  KASAN: stack-out-of-bounds Read in profile_pc
Attempt 3:
    Time  Bug Name
       4  KASAN: stack-out-of-bounds Read in profile_pc
       4  KASAN: stack-out-of-bounds Read in profile_pc
       4  KASAN: stack-out-of-bounds Read in profile_pc
       5  KASAN: stack-out-of-bounds Read in profile_pc
       7  KASAN: stack-out-of-bounds Read in profile_pc
       9  KASAN: stack-out-of-bounds Read in profile_pc
The bug was not found.
About 9899 commits remaining

2025-03-03 22:55:42
Session:   15
Kernel:    2023-06-30 - 8976e9d0039574b2336044fa5e3adb717f3ba54b
Compiler:  ccache /home/meerkat/compilers/gcc-10.2.1-20210110/bin/gcc
Attempt 1:
    Time  Bug Name
       3  KASAN: stack-out-of-bounds Read in profile_pc
       4  KASAN: stack-out-of-bounds Read in profile_pc
       5  KASAN: stack-out-of-bounds Read in profile_pc
       5  KASAN: stack-out-of-bounds Read in profile_pc
       9  KASAN: stack-out-of-bounds Read in profile_pc
      10  KASAN: stack-out-of-bounds Read in profile_pc
Attempt 2:
    Time  Bug Name
       3  KASAN: stack-out-of-bounds Read in profile_pc
       6  KASAN: stack-out-of-bounds Read in profile_pc
       7  KASAN: stack-out-of-bounds Read in profile_pc
       7  KASAN: stack-out-of-bounds Read in profile_pc
       7  KASAN: stack-out-of-bounds Read in profile_pc
Attempt 3:
    Time  Bug Name
       4  KASAN: stack-out-of-bounds Read in profile_pc
       4  lost connection to test machine
Attempt 4: (RETRY)
    Time  Bug Name
       4  KASAN: stack-out-of-bounds Read in profile_pc
       4  KASAN: stack-out-of-bounds Read in profile_pc
       8  KASAN: stack-out-of-bounds Read in profile_pc
       9  KASAN: stack-out-of-bounds Read in profile_pc
The bug was not found.
About 26 commits remaining

2025-03-03 23:43:35
Session:   16
Kernel:    2023-07-01 - 03f889378f33aa9a9d8e5f49ba94134cf6158090
Compiler:  ccache /home/meerkat/compilers/gcc-10.2.1-20210110/bin/gcc
Attempt 1:
    Time  Bug Name
       3  KASAN: stack-out-of-bounds Read in profile_pc
       4  KASAN: stack-out-of-bounds Read in profile_pc
       4  KASAN: stack-out-of-bounds Read in profile_pc
       4  KASAN: stack-out-of-bounds Read in profile_pc
       7  KASAN: stack-out-of-bounds Read in profile_pc
       8  KASAN: stack-out-of-bounds Read in profile_pc
Attempt 2:
    Time  Bug Name
       4  KASAN: stack-out-of-bounds Read in profile_pc
       4  KASAN: stack-out-of-bounds Read in profile_pc
       4  KASAN: stack-out-of-bounds Read in profile_pc
       5  KASAN: stack-out-of-bounds Read in profile_pc
       5  KASAN: stack-out-of-bounds Read in profile_pc
      10  KASAN: stack-out-of-bounds Read in profile_pc
Attempt 3:
    Time  Bug Name
       3  KASAN: stack-out-of-bounds Read in profile_pc
       5  KASAN: stack-out-of-bounds Read in profile_pc
       5  KASAN: stack-out-of-bounds Read in profile_pc
       7  KASAN: stack-out-of-bounds Read in profile_pc
       7  KASAN: stack-out-of-bounds Read in profile_pc
      10  lost connection to test machine
Attempt 4: (RETRY)
    Time  Bug Name
       3  KASAN: stack-out-of-bounds Read in profile_pc
       3  KASAN: stack-out-of-bounds Read in profile_pc
       3  KASAN: stack-out-of-bounds Read in profile_pc
       4  KASAN: stack-out-of-bounds Read in profile_pc
       4  KASAN: stack-out-of-bounds Read in profile_pc
       4  KASAN: stack-out-of-bounds Read in profile_pc
       4  KASAN: stack-out-of-bounds Read in profile_pc
The bug was not found.
About 4 commits remaining

2025-03-04 00:31:40
Session:   17
Kernel:    2023-07-01 - 408579cd627a15bd703fe3eeb8485fd02726e9d3
Compiler:  ccache /home/meerkat/compilers/gcc-10.2.1-20210110/bin/gcc
Attempt 1:
    Time  Bug Name
***    3  kernel BUG in validate_mm
***    3  kernel BUG in validate_mm
The bug was found.
About 3 commits remaining

2025-03-04 00:52:54
Session:   18
Kernel:    2023-07-01 - e4bd84c069f212c01258e405f86e91f327888e41
Compiler:  ccache /home/meerkat/compilers/gcc-10.2.1-20210110/bin/gcc
Attempt 1:
    Time  Bug Name
       4  KASAN: stack-out-of-bounds Read in profile_pc
       4  KASAN: stack-out-of-bounds Read in profile_pc
       6  KASAN: stack-out-of-bounds Read in profile_pc
       7  KASAN: stack-out-of-bounds Read in profile_pc
Attempt 2:
    Time  Bug Name
       4  KASAN: stack-out-of-bounds Read in profile_pc
       5  KASAN: stack-out-of-bounds Read in profile_pc
       7  KASAN: stack-out-of-bounds Read in profile_pc
       8  KASAN: stack-out-of-bounds Read in profile_pc
      10  KASAN: stack-out-of-bounds Read in profile_pc
Attempt 3:
    Time  Bug Name
       9  KASAN: stack-out-of-bounds Read in profile_pc
      10  KASAN: stack-out-of-bounds Read in profile_pc
The bug was not found.
About 2 commits remaining

==== Partial Result: Focused Fuzzing ====
Reproducer:           /home/meerkat/meerkat/wd-bisector-4/reproducers/repro-bug0839-0.prog
Bisection Result:     2023-07-01 - 408579cd627a15bd703fe3eeb8485fd02726e9d3
Bisected Commit Name: mm: Update do_vmi_align_munmap() return semantics
Stage Time:           14h13m13s
Run Time:             14h13m18s
=========================================

==== Anchor Commit ====

2025-03-04 01:30:22
Session:   19
Kernel:    2023-07-01 - e4bd84c069f212c01258e405f86e91f327888e41
Compiler:  ccache /home/meerkat/compilers/gcc-10.2.1-20210110/bin/gcc
Attempt 0:
    No crashes found.
Attempt 1:
    No crashes found.
Attempt 2:
    No crashes found.
Attempt 3:
    No crashes found.
Attempt 4:
    No crashes found.
Attempt 5:
    No crashes found.
Attempt 6:
    No crashes found.
Attempt 7:
    No crashes found.
The bug was not found.

Failure: This bug cannot be found at the anchor commit.

====================================================================================================================================================
Bug Name:             kernel BUG in validate_mm
Bug Link:             https://syzkaller.appspot.com/bug?extid=70b97abe3e253d1c3f8e
Bisection Result:     2023-07-01 - 408579cd627a15bd703fe3eeb8485fd02726e9d3
Bisected Commit Name: mm: Update do_vmi_align_munmap() return semantics
Run Time:             14h22m40s

Anchor Commit:        2023-07-01 - f8566aa4f1766bb0267b7a0ed89c1d2c4a82ee1a
Bisection Result:     2023-07-01 - 408579cd627a15bd703fe3eeb8485fd02726e9d3
