./bin/meerkat -i 1 -c /home/syzretrospector/meerkat/wd-meerkat-1/meerkat.cfg -a 9b59ec8d50a1f28747ceff9a4f39af5deba9540e -F ff-test,poc-test,poc-all-pocs,ff-no-find-backup,stateful-corpus
Bisecting:          KASAN: use-after-free Write in sctp_auth_shkey_hold
Syzbot Link:        https://syzkaller.appspot.com/bug?id=4b0830ac666c3cae350904be00dca27f8be86715
Working Name:       bug0079

Aliases:
    KASAN: use-after-free Write in sctp_auth_shkey_hold

Anchor Commit:      9b59ec8d50a1f28747ceff9a4f39af5deba9540e
Repository:         https://git.kernel.org/pub/scm/linux/kernel/git/torvalds/linux.git
Branch:             master
Arch:               amd64

Meerkat:            /home/syzretrospector/meerkat/
Version:            1.2.0
Kernel:             /home/syzretrospector/meerkat/wd-meerkat-1/kernel/
Syzkaller:          /home/syzretrospector/meerkat/syzkaller/
Compilers:          /home/syzretrospector/meerkat/compilers/
Compiler:           gcc (Ubuntu 11.4.0-1ubuntu1~22.04.2) 11.4.0
Linker:             GNU ld (GNU Binutils for Ubuntu) 2.38
Ccache:             ccache version 4.5.1
Image:              /home/syzretrospector/meerkat/image/stretch/stretch.img
Image Key:          /home/syzretrospector/meerkat/image/stretch/stretch.id_rsa

Workdir:            /home/syzretrospector/meerkat/wd-meerkat-1/
Kconfig:            /home/syzretrospector/meerkat/wd-meerkat-1/config-bug0079.txt
Reproducers: (4)    /home/syzretrospector/meerkat/wd-meerkat-1/reproducers/
Primary PoC:        /home/syzretrospector/meerkat/wd-meerkat-1/reproducers/repro-bug0079-4.prog
Syzkaller Workdir:  /home/syzretrospector/meerkat/wd-meerkat-1/wd-kaller/
Log Directory:      /home/syzretrospector/meerkat/wd-meerkat-1/log/

Syscalls: (13)      ["sendto$inet6", "setsockopt", "setsockopt$inet_sctp6_SCTP_AUTH_CHUNK", "setsockopt$inet_sctp6_SCTP_AUTH_KEY", "setsockopt$inet_sctp_SCTP_SOCKOPT_BINDX_ADD", "socket$inet6_sctp", "socket$inet6", "socket", "getsockopt", "socket$inet_sctp", "ioctl$F2FS_IOC_START_ATOMIC_WRITE", "openat$selinux_enforce", "socket$inet"]
VM Count:           4
CPU Count:          4
Procs:              24
Memory:             4096
Make Procs:         16
Max Time:           10
Max Attempts:       1

==== Anchor Commit ====

2025-11-17 16:56:07
Session:   1
Kernel:    2022-07-15 - 9b59ec8d50a1f28747ceff9a4f39af5deba9540e
Compiler:  ccache gcc
Attempt 1:
    Time  Bug Name
       2  INFO: trying to register non-static key in ieee80211_do_stop
***    2  KASAN: use-after-free Write in sctp_auth_shkey_hold (has report)
Attempt 2: (RETRY)
    Time  Bug Name
       1  INFO: trying to register non-static key in ieee80211_do_stop
       3  INFO: trying to register non-static key in ieee80211_do_stop (3)
***    4  KASAN: use-after-free Write in sctp_auth_shkey_hold (2) (has report)
Attempt 3: (RETRY)
    Time  Bug Name
       2  INFO: trying to register non-static key in ieee80211_do_stop
       3  INFO: trying to register non-static key in ieee80211_do_stop
       4  INFO: trying to register non-static key in ieee80211_do_stop
***    4  KASAN: use-after-free Write in sctp_auth_shkey_hold (has report)
The bug was found.

New Max Time: 10

==== Major Release Search ====
11 Releases

2025-11-17 17:18:13
Session:   2
Kernel:    2022-05-22 - 4b0986a3613c92f4ec1bdc7f60ec66fea135991f (v5.18)
Compiler:  ccache gcc
Attempt 1:
    Time  Bug Name
***    2  KASAN: use-after-free Write in sctp_auth_shkey_hold (has report)
       2  WARNING: refcount bug in sctp_auth_shkey_hold (has report)
Running syz-repro.
New PoC saved at /home/syzretrospector/meerkat/wd-meerkat-1/reproducers/repro-bug0079-0.prog
Primary PoC:     /home/syzretrospector/meerkat/wd-meerkat-1/reproducers/repro-bug0079-0.prog
Run Time:        0h18m0s
The bug was found.
About 10 releases remaining

2025-11-17 17:49:13
Session:   3
Kernel:    2022-03-20 - f443e374ae131c168a065ea1748feac6b2e76613 (v5.17)
Compiler:  ccache gcc
Attempt 1:
    Time  Bug Name
***    2  KASAN: use-after-free Write in sctp_auth_shkey_hold (has report)
The bug was found.
About 9 releases remaining

2025-11-17 18:02:12
Session:   4
Kernel:    2022-01-09 - df0cc57e057f18e44dac8e6c18aba47ab53202f9 (v5.16)
Compiler:  ccache gcc
Attempt 1:
    Time  Bug Name
***    3  KASAN: use-after-free Write in sctp_auth_shkey_hold (2) (has report)
The bug was found.
About 8 releases remaining

2025-11-17 18:16:15
Session:   5
Kernel:    2021-08-29 - 7d2a07b769330c34b4deabeed939325c77a7ec2f (v5.14)
Compiler:  ccache /home/syzretrospector/meerkat/compilers/gcc-10.1.0/bin/gcc
Attempt 1:
    Time  Bug Name
***    5  KASAN: use-after-free Write in sctp_auth_shkey_hold (has report)
Running syz-repro.
New PoC saved at /home/syzretrospector/meerkat/wd-meerkat-1/reproducers/repro-bug0079-1.prog
Primary PoC:     /home/syzretrospector/meerkat/wd-meerkat-1/reproducers/repro-bug0079-0.prog
Run Time:        0h18m0s
The bug was found.
About 7 releases remaining

2025-11-17 18:50:04
Session:   6
Kernel:    2021-04-25 - 9f4ad9e425a1d3b6a34617b8ea226d56a119a717 (v5.12)
Compiler:  ccache /home/syzretrospector/meerkat/compilers/gcc-10.1.0/bin/gcc
Attempt 1:
    Time  Bug Name
***    6  KASAN: use-after-free Write in sctp_auth_shkey_hold (has report)
The bug was found.
About 6 releases remaining

2025-11-17 19:06:25
Session:   7
Kernel:    2020-12-13 - 2c85ebc57b3e1817b6ce1a6b703928e113a90442 (v5.10)
Compiler:  ccache /home/syzretrospector/meerkat/compilers/gcc-10.1.0/bin/gcc
Attempt 1:
    No crashes found.
The bug was not found.
About 5 releases remaining

==== Kernel Bisection ====
29645 Linux commits

2025-11-17 19:27:04
Session:   8
Kernel:    2021-01-22 - 5225d5f57b3574c0954f03d8d21dfac92ea7e729
Compiler:  ccache /home/syzretrospector/meerkat/compilers/gcc-10.1.0/bin/gcc
Attempt 1:
    Time  Bug Name
       2  unregister_netdevice: waiting for DEV to become free
***    3  KASAN: use-after-free Write in sctp_auth_shkey_hold (has report)
The bug was found.
About 14825 commits remaining

2025-11-17 19:40:07
Session:   9
Kernel:    2020-12-15 - 61f914256c56a39a96dc14eae9f394d35b934812
Compiler:  ccache /home/syzretrospector/meerkat/compilers/gcc-10.1.0/bin/gcc
Attempt 1:
    Time  Bug Name
       5  unregister_netdevice: waiting for DEV to become free (2)
***    5  KASAN: use-after-free Write in sctp_auth_shkey_hold (has report)
Running syz-repro.
New PoC saved at /home/syzretrospector/meerkat/wd-meerkat-1/reproducers/repro-bug0079-1.prog
Primary PoC:     /home/syzretrospector/meerkat/wd-meerkat-1/reproducers/repro-bug0079-1.prog
Run Time:        0h21m0s
The bug was found.
About 7425 commits remaining

2025-11-17 20:16:24
Session:   10
Kernel:    2020-12-15 - 15b447361794271f4d03c04d82276a841fe06328
Compiler:  ccache /home/syzretrospector/meerkat/compilers/gcc-10.1.0/bin/gcc
Attempt 1:
    Time  Bug Name
***    7  KASAN: use-after-free Write in sctp_auth_shkey_hold (has report)
The bug was found.
About 3407 commits remaining

2025-11-17 20:33:33
Session:   11
Kernel:    2020-12-10 - b10733527bfd864605c33ab2e9a886eec317ec39
Compiler:  ccache /home/syzretrospector/meerkat/compilers/gcc-10.1.0/bin/gcc
Attempt 1:
    Time  Bug Name
       2  BUG: sleeping function called from invalid context in sta_info_move_state (2) (has report)
***    3  KASAN: use-after-free Write in sctp_auth_shkey_hold (has report)
The bug was found.
About 1775 commits remaining

2025-11-17 20:46:42
Session:   12
Kernel:    2020-11-10 - 9713158cb2a918c3f6f5522eed23cdeb61f22e75
Compiler:  ccache /home/syzretrospector/meerkat/compilers/gcc-10.1.0/bin/gcc
Attempt 1:
    Time  Bug Name
       1  BUG: sleeping function called from invalid context in sta_info_move_state (has report)
       5  BUG: sleeping function called from invalid context in sta_info_move_state (has report)
       6  BUG: sleeping function called from invalid context in sta_info_move_state (has report)
***    6  KASAN: use-after-free Write in sctp_auth_shkey_hold (has report)
Running syz-repro.
New PoC saved at /home/syzretrospector/meerkat/wd-meerkat-1/reproducers/repro-bug0079-6.prog
Primary PoC:     /home/syzretrospector/meerkat/wd-meerkat-1/reproducers/repro-bug0079-6.prog
Run Time:        0h40m0s
The bug was found.
About 888 commits remaining

2025-11-17 21:36:40
Session:   13
Kernel:    2020-11-06 - c0f98d2f8b076bf3e3183aa547395f919c943a14
Compiler:  ccache /home/syzretrospector/meerkat/compilers/gcc-10.1.0/bin/gcc
Attempt 1:
    Time  Bug Name
***    3  KASAN: use-after-free Write in sctp_auth_shkey_hold (2) (has report)
The bug was found.
About 449 commits remaining

2025-11-17 21:49:54
Session:   14
Kernel:    2020-10-22 - 6a6e5988a2657cd0c91f6f1a3e7d194599248b6d
Compiler:  ccache /home/syzretrospector/meerkat/compilers/gcc-10.1.0/bin/gcc
Attempt 1:
    Time  Bug Name
***    4  KASAN: use-after-free Write in sctp_auth_shkey_hold (has report)
The bug was found.
About 225 commits remaining

2025-11-17 22:03:16
Session:   15
Kernel:    2020-09-30 - 291e8cdd6bc57658035239315d27f3f971ec062b
Compiler:  ccache /home/syzretrospector/meerkat/compilers/gcc-10.1.0/bin/gcc
Attempt 1:
    Time  Bug Name
***    4  KASAN: use-after-free Write in sctp_auth_shkey_hold (2) (has report)
Running syz-repro.
New PoC saved at /home/syzretrospector/meerkat/wd-meerkat-1/reproducers/repro-bug0079-7.prog
Primary PoC:     /home/syzretrospector/meerkat/wd-meerkat-1/reproducers/repro-bug0079-7.prog
Run Time:        0h17m0s
The bug was found.
About 113 commits remaining

2025-11-17 22:27:59
Session:   16
Kernel:    2020-09-25 - dd60202237a021d6c076546e79a08fcac863327b
Compiler:  ccache /home/syzretrospector/meerkat/compilers/gcc-10.1.0/bin/gcc
Error: index error in parse_kasan_stack()
Attempt 1:
    Time  Bug Name
       7  WARNING in call_timer_fn (has report)
***    8  KASAN: use-after-free Write in sctp_auth_shkey_hold (has report)
The bug was found.
About 57 commits remaining

2025-11-17 22:39:41
Session:   17
Kernel:    2020-09-24 - 4671078eb8e390bd44c458e2f482fbb61f5bc612
Compiler:  ccache /home/syzretrospector/meerkat/compilers/gcc-10.1.0/bin/gcc
Attempt 1:
    Time  Bug Name
***    3  KASAN: use-after-free Write in sctp_auth_shkey_hold (3) (has report)
The bug was found.
About 29 commits remaining

2025-11-17 22:45:57
Session:   18
Kernel:    2020-09-24 - 0ef1ed813e6b13d29331088070c7f554b350a266
Compiler:  ccache /home/syzretrospector/meerkat/compilers/gcc-10.1.0/bin/gcc
Attempt 1:
    Time  Bug Name
***    3  KASAN: use-after-free Write in sctp_auth_shkey_hold (3) (has report)
Running syz-repro.
New PoC saved at /home/syzretrospector/meerkat/wd-meerkat-1/reproducers/repro-bug0079-8.prog
Primary PoC:     /home/syzretrospector/meerkat/wd-meerkat-1/reproducers/repro-bug0079-6.prog
Run Time:        0h19m0s
The bug was found.
About 15 commits remaining

2025-11-17 23:11:18
Session:   19
Kernel:    2020-09-23 - 4127a6204970b3d7cb140117472eb3dd99bd1a0d
Compiler:  ccache /home/syzretrospector/meerkat/compilers/gcc-10.1.0/bin/gcc
Attempt 1:
    Time  Bug Name
***    3  KASAN: use-after-free Write in sctp_auth_shkey_hold (has report)
The bug was found.
About 8 commits remaining

2025-11-17 23:17:43
Session:   20
Kernel:    2020-09-22 - b8f8dbf6495850b0babc551377bde754b7bc0eea
Compiler:  ccache /home/syzretrospector/meerkat/compilers/gcc-10.1.0/bin/gcc
Attempt 1:
    Time  Bug Name
***    3  KASAN: use-after-free Write in sctp_auth_shkey_hold (2) (has report)
The bug was found.
About 4 commits remaining

2025-11-17 23:23:57
Session:   21
Kernel:    2020-09-21 - d7b1c018140fb4b513c4e05685d74ef8178ef179
Compiler:  ccache /home/syzretrospector/meerkat/compilers/gcc-10.1.0/bin/gcc
Attempt 1:
    Time  Bug Name
***    3  KASAN: use-after-free Write in sctp_auth_shkey_hold (has report)
Running syz-repro.
New PoC saved at /home/syzretrospector/meerkat/wd-meerkat-1/reproducers/repro-bug0079-8.prog
Primary PoC:     /home/syzretrospector/meerkat/wd-meerkat-1/reproducers/repro-bug0079-6.prog
Run Time:        0h20m0s
The bug was found.
About 3 commits remaining

2025-11-17 23:50:17
Session:   22
Kernel:    2020-09-21 - 523be44c334bc4e4c014032738dc277b8909d009
Compiler:  ccache /home/syzretrospector/meerkat/compilers/gcc-10.1.0/bin/gcc
Attempt 1:
    Time  Bug Name
***    3  KASAN: use-after-free Write in sctp_auth_shkey_hold (2) (has report)
The bug was found.
About 2 commits remaining

==== Partial Result: Focused Fuzzing ====
Reproducer:           /home/syzretrospector/meerkat/wd-meerkat-1/reproducers/repro-bug0079-6.prog
Bisection Result:     2020-09-21 - 523be44c334bc4e4c014032738dc277b8909d009
Bisected Commit Name: drm/imx/dcss: fix unused but set variable warnings
Stage Time:           7h0m17s
Run Time:             7h0m18s
=========================================

==== Anchor Commit ====

2025-11-17 23:56:22
Session:   23
Kernel:    2020-09-21 - 089d83418914abd4d908db117d9a3eca7f51a68c
Compiler:  ccache /home/syzretrospector/meerkat/compilers/gcc-10.1.0/bin/gcc
PoC:       /home/syzretrospector/meerkat/wd-meerkat-1/reproducers/repro-bug0079-6.prog
Error: index error in parse_kasan_stack()
Attempt 0:
    WARNING: refcount bug in corrupted (has report)
*** KASAN: use-after-free Write in sctp_auth_shkey_hold (has report)
Attempt 1:
*** KASAN: use-after-free Write in sctp_auth_shkey_hold (has report)
Attempt 2:
*** KASAN: use-after-free Write in sctp_auth_shkey_hold (has report)
Attempt 3:
*** KASAN: use-after-free Write in sctp_auth_shkey_hold (has report)
Attempt 4:
*** KASAN: use-after-free Write in sctp_auth_shkey_hold (has report)
Attempt 5:
*** KASAN: use-after-free Write in sctp_auth_shkey_hold (has report)
Attempt 6:
*** KASAN: use-after-free Write in sctp_auth_shkey_hold (has report)
Attempt 7:
*** KASAN: use-after-free Write in sctp_auth_shkey_hold (has report)
The bug was found.

==== Major Release Search ====
7 Releases

2025-11-18 00:01:49
Session:   24
Kernel:    2020-08-02 - bcf876870b95592b52519ed4aafcf9d95999bc9c (v5.8)
Compiler:  ccache /home/syzretrospector/meerkat/compilers/gcc-10.1.0/bin/gcc
Attempt 0:
*** KASAN: use-after-free Write in sctp_auth_shkey_hold (has report)
Attempt 1:
*** KASAN: use-after-free Write in sctp_auth_shkey_hold (has report)
Attempt 2:
*** KASAN: use-after-free Write in sctp_auth_shkey_hold (has report)
Attempt 3:
*** KASAN: use-after-free Write in sctp_auth_shkey_hold (has report)
Error: index error in parse_kasan_stack()
Error: index error in parse_kasan_stack()
Attempt 4:
    WARNING: refcount bug in corrupted (has report)
*** KASAN: use-after-free Write in sctp_auth_shkey_hold (has report)
    WARNING: refcount bug in sctp_auth_shkey_hold (has report)
Error: index error in parse_kasan_stack()
Error: index error in parse_kasan_stack()
Attempt 5:
    WARNING: refcount bug in corrupted
*** KASAN: use-after-free Write in sctp_auth_shkey_hold (has report)
    WARNING: refcount bug in sctp_auth_shkey_hold (has report)
Attempt 6:
*** KASAN: use-after-free Write in sctp_auth_shkey_hold (has report)
Attempt 7:
*** KASAN: use-after-free Write in sctp_auth_shkey_hold (has report)
The bug was found.
About 6 releases remaining

2025-11-18 00:13:51
Session:   25
Kernel:    2020-05-31 - 3d77e6a8804abcc0504c904bd6e5cdf3a5cf8162 (v5.7)
Compiler:  ccache /home/syzretrospector/meerkat/compilers/gcc-8.1.0/bin/gcc
Attempt 0:
*** KASAN: use-after-free Write in sctp_auth_shkey_hold (has report)
Error: index error in parse_kasan_stack()
Attempt 1:
*** KASAN: use-after-free Write in sctp_auth_shkey_hold (has report)
    WARNING: refcount bug in sctp_auth_shkey_hold (has report)
Attempt 2:
*** KASAN: use-after-free Write in sctp_auth_shkey_hold (has report)
    WARNING: refcount bug in sctp_auth_shkey_hold (has report)
Attempt 3:
*** KASAN: use-after-free Write in sctp_auth_shkey_hold (has report)
    WARNING: refcount bug in sctp_auth_shkey_hold (has report)
Attempt 4:
*** KASAN: use-after-free Write in sctp_auth_shkey_hold (has report)
Attempt 5:
*** KASAN: use-after-free Write in sctp_auth_shkey_hold (has report)
Attempt 6:
*** KASAN: use-after-free Write in sctp_auth_shkey_hold (has report)
Attempt 7:
*** KASAN: use-after-free Write in sctp_auth_shkey_hold (has report)
The bug was found.
About 5 releases remaining

2025-11-18 00:26:07
Session:   26
Kernel:    2020-03-29 - 7111951b8d4973bda27ff663f2cf18b663d15b48 (v5.6)
Compiler:  ccache /home/syzretrospector/meerkat/compilers/gcc-8.1.0/bin/gcc
Attempt 0:
*** KASAN: use-after-free Write in sctp_auth_shkey_hold (has report)
    WARNING: refcount bug in sctp_auth_shkey_hold (has report)
Attempt 1:
*** KASAN: use-after-free Write in sctp_auth_shkey_hold (has report)
Attempt 2:
*** KASAN: use-after-free Write in sctp_auth_shkey_hold (has report)
Attempt 3:
*** KASAN: use-after-free Write in sctp_auth_shkey_hold (has report)
Attempt 4:
*** KASAN: use-after-free Write in sctp_auth_shkey_hold (has report)
Attempt 5:
*** KASAN: use-after-free Write in sctp_auth_shkey_hold (has report)
Attempt 6:
*** KASAN: use-after-free Write in sctp_auth_shkey_hold (has report)
Attempt 7:
*** KASAN: use-after-free Write in sctp_auth_shkey_hold (has report)
    WARNING: refcount bug in sctp_auth_shkey_hold (has report)
The bug was found.
About 4 releases remaining

2025-11-18 00:38:42
Session:   27
Kernel:    2019-11-24 - 219d54332a09e8d8741c1e1982f5eae56099de85 (v5.4)
Compiler:  ccache /home/syzretrospector/meerkat/compilers/gcc-8.1.0/bin/gcc
Attempt 0:
    KASAN: use-after-free Read in sctp_packet_append_chunk (has report)
Attempt 1:
    KASAN: use-after-free Read in sctp_packet_append_chunk (has report)
Attempt 2:
    KASAN: use-after-free Read in sctp_packet_append_chunk (has report)
    kernel BUG in sctp_auth_shkey_release
    invalid opcode in sctp_auth_shkey_release
Attempt 3:
    KASAN: use-after-free Read in sctp_packet_append_chunk (has report)
    kernel BUG in sctp_auth_shkey_release
    invalid opcode in sctp_auth_shkey_release
Attempt 4:
    KASAN: use-after-free Read in sctp_packet_append_chunk (has report)
    kernel BUG in sctp_auth_shkey_release
    invalid opcode in sctp_auth_shkey_release
Attempt 5:
    KASAN: use-after-free Read in sctp_packet_append_chunk (has report)
Attempt 6:
    KASAN: use-after-free Read in sctp_packet_append_chunk (has report)
    kernel BUG in sctp_auth_shkey_release
    invalid opcode in sctp_auth_shkey_release
Attempt 7:
    KASAN: use-after-free Read in sctp_packet_append_chunk (has report)
The bug was not found.
About 3 releases remaining

==== Kernel Bisection ====
29189 Linux commits

2025-11-18 00:51:38
Session:   28
Kernel:    2020-01-03 - 3a562aee727a7bfbb3a37b1aa934118397dad701
Compiler:  ccache /home/syzretrospector/meerkat/compilers/gcc-8.1.0/bin/gcc
Attempt 0:
*** KASAN: use-after-free Write in sctp_auth_shkey_hold (has report)
    WARNING: refcount bug in sctp_auth_shkey_hold (has report)
Error: index error in parse_kasan_stack()
Attempt 1:
    WARNING: refcount bug in corrupted
*** KASAN: use-after-free Write in sctp_auth_shkey_hold (has report)
Error: index error in parse_kasan_stack()
Attempt 2:
    WARNING: refcount bug in sctp_auth_shkey_release (has report)
*** KASAN: use-after-free Write in sctp_auth_shkey_hold (has report)
Attempt 3:
*** KASAN: use-after-free Write in sctp_auth_shkey_hold (has report)
Error: index error in parse_kasan_stack()
Attempt 4:
    WARNING: refcount bug in corrupted
*** KASAN: use-after-free Write in sctp_auth_shkey_hold (has report)
Attempt 5:
*** KASAN: use-after-free Write in sctp_auth_shkey_hold (has report)
Error: index error in parse_kasan_stack()
Attempt 6:
    WARNING: refcount bug in corrupted
*** KASAN: use-after-free Write in sctp_auth_shkey_hold (has report)
Attempt 7:
*** KASAN: use-after-free Write in sctp_auth_shkey_hold (has report)
The bug was found.
About 14582 commits remaining

2025-11-18 01:04:21
Session:   29
Kernel:    2019-11-27 - 8c39f71ee2019e77ee14f88b1321b2348db51820
Compiler:  ccache /home/syzretrospector/meerkat/compilers/gcc-8.1.0/bin/gcc
Error: index error in parse_kasan_stack()
Attempt 0:
    WARNING: refcount bug in corrupted
*** KASAN: use-after-free Write in sctp_auth_shkey_hold (has report)
Attempt 1:
*** KASAN: use-after-free Write in sctp_auth_shkey_hold (has report)
Error: index error in parse_kasan_stack()
Attempt 2:
*** KASAN: use-after-free Write in sctp_auth_shkey_hold (has report)
    WARNING: refcount bug in sctp_auth_shkey_hold (has report)
Attempt 3:
*** KASAN: use-after-free Write in sctp_auth_shkey_hold (has report)
Attempt 4:
*** KASAN: use-after-free Write in sctp_auth_shkey_hold (has report)
Attempt 5:
*** KASAN: use-after-free Write in sctp_auth_shkey_hold (has report)
Error: index error in parse_kasan_stack()
Attempt 6:
*** KASAN: use-after-free Write in sctp_auth_shkey_hold (has report)
    WARNING: refcount bug in sctp_auth_shkey_hold (has report)
Attempt 7:
*** KASAN: use-after-free Write in sctp_auth_shkey_hold (has report)
The bug was found.
About 6858 commits remaining

2025-11-18 01:18:54
Session:   30
Kernel:    2019-11-25 - 3b397c7ccafe0624018cb09fc96729f8f6165573
Compiler:  ccache /home/syzretrospector/meerkat/compilers/gcc-8.1.0/bin/gcc
Attempt 0:
    KASAN: use-after-free Read in sctp_packet_append_chunk (has report)
Attempt 1:
    KASAN: use-after-free Read in sctp_packet_append_chunk (has report)
Attempt 2:
    KASAN: use-after-free Read in sctp_packet_append_chunk (has report)
Attempt 3:
    KASAN: use-after-free Read in sctp_packet_append_chunk (has report)
Attempt 4:
    KASAN: use-after-free Read in sctp_packet_append_chunk (has report)
    kernel BUG in sctp_auth_shkey_release
    invalid opcode in sctp_auth_shkey_release
Attempt 5:
    KASAN: use-after-free Read in sctp_packet_append_chunk (has report)
    kernel BUG in sctp_auth_shkey_release
    invalid opcode in sctp_auth_shkey_release
Attempt 6:
    KASAN: use-after-free Read in sctp_packet_append_chunk (has report)
Attempt 7:
    KASAN: use-after-free Read in sctp_packet_append_chunk (has report)
The bug was not found.
About 3437 commits remaining

2025-11-18 01:33:13
Session:   31
Kernel:    2019-11-26 - 89d57dddd7d319ded00415790a0bb3c954b7e386
Compiler:  ccache /home/syzretrospector/meerkat/compilers/gcc-8.1.0/bin/gcc
Attempt 0:
*** KASAN: use-after-free Write in sctp_auth_shkey_hold (has report)
Error: index error in parse_kasan_stack()
Attempt 1:
*** KASAN: use-after-free Write in sctp_auth_shkey_hold (has report)
    WARNING: refcount bug in sctp_auth_shkey_hold (has report)
Attempt 2:
*** KASAN: use-after-free Write in sctp_auth_shkey_hold (has report)
Attempt 3:
*** KASAN: use-after-free Write in sctp_auth_shkey_hold (has report)
Error: index error in parse_kasan_stack()
Attempt 4:
*** KASAN: use-after-free Write in sctp_auth_shkey_hold (has report)
    WARNING: refcount bug in sctp_auth_shkey_hold (has report)
Attempt 5:
*** KASAN: use-after-free Write in sctp_auth_shkey_hold (has report)
Attempt 6:
*** KASAN: use-after-free Write in sctp_auth_shkey_hold (has report)
Attempt 7:
*** KASAN: use-after-free Write in sctp_auth_shkey_hold (has report)
The bug was found.
About 1860 commits remaining

2025-11-18 01:47:44
Session:   32
Kernel:    2019-11-26 - 9e7a03233e02afd3ee061e373355f34d7254f1e6
Compiler:  ccache /home/syzretrospector/meerkat/compilers/gcc-8.1.0/bin/gcc
Attempt 0:
*** KASAN: use-after-free Write in sctp_auth_shkey_hold (has report)
Error: index error in parse_kasan_stack()
Attempt 1:
*** KASAN: use-after-free Write in sctp_auth_shkey_hold (has report)
    WARNING: refcount bug in sctp_auth_shkey_hold (has report)
Attempt 2:
*** KASAN: use-after-free Write in sctp_auth_shkey_hold (has report)
Attempt 3:
*** KASAN: use-after-free Write in sctp_auth_shkey_hold (has report)
Attempt 4:
*** KASAN: use-after-free Write in sctp_auth_shkey_hold (has report)
Attempt 5:
*** KASAN: use-after-free Write in sctp_auth_shkey_hold (has report)
Error: index error in parse_kasan_stack()
Attempt 6:
*** KASAN: use-after-free Write in sctp_auth_shkey_hold (has report)
    WARNING: refcount bug in sctp_auth_shkey_hold (has report)
Attempt 7:
*** KASAN: use-after-free Write in sctp_auth_shkey_hold (has report)
The bug was found.
About 910 commits remaining

2025-11-18 02:02:00
Session:   33
Kernel:    2019-11-26 - df28204bb0f29cc475c0a8893c99b46a11a4903f
Compiler:  ccache /home/syzretrospector/meerkat/compilers/gcc-8.1.0/bin/gcc
Attempt 0:
    KASAN: use-after-free Read in sctp_packet_append_chunk (has report)
Attempt 1:
    KASAN: use-after-free Read in sctp_packet_append_chunk (has report)
Attempt 2:
    KASAN: use-after-free Read in sctp_packet_append_chunk (has report)
Attempt 3:
    KASAN: use-after-free Read in sctp_packet_append_chunk (has report)
    kernel BUG in sctp_auth_shkey_release
    invalid opcode in sctp_auth_shkey_release
Attempt 4:
    KASAN: use-after-free Read in sctp_packet_append_chunk (has report)
Attempt 5:
    KASAN: use-after-free Read in sctp_packet_append_chunk (has report)
Attempt 6:
    KASAN: use-after-free Read in sctp_packet_append_chunk (has report)
    kernel BUG in sctp_auth_shkey_release
    invalid opcode in sctp_auth_shkey_release
Attempt 7:
    KASAN: use-after-free Read in sctp_packet_append_chunk (has report)
The bug was not found.
About 523 commits remaining

2025-11-18 02:16:25
Session:   34
Kernel:    2019-11-19 - 0e3149f86b99ddabde8c5029eea0a9267e34f1a0
Compiler:  ccache /home/syzretrospector/meerkat/compilers/gcc-8.1.0/bin/gcc
Attempt 0:
    KASAN: use-after-free Read in sctp_packet_append_chunk (has report)
    kernel BUG in sctp_auth_shkey_release
    invalid opcode in sctp_auth_shkey_release
Attempt 1:
    KASAN: use-after-free Read in sctp_packet_append_chunk (has report)
    kernel BUG in sctp_auth_shkey_release
    invalid opcode in sctp_auth_shkey_release
Attempt 2:
    KASAN: use-after-free Read in sctp_packet_append_chunk (has report)
    kernel BUG in sctp_auth_shkey_release
    invalid opcode in sctp_auth_shkey_release
Attempt 3:
    KASAN: use-after-free Read in sctp_packet_append_chunk (has report)
Attempt 4:
    KASAN: use-after-free Read in sctp_packet_append_chunk (has report)
Attempt 5:
    KASAN: use-after-free Read in sctp_packet_append_chunk (has report)
    kernel BUG in sctp_auth_shkey_release
    invalid opcode in sctp_auth_shkey_release
Attempt 6:
    KASAN: use-after-free Read in sctp_packet_append_chunk (has report)
    kernel BUG in sctp_auth_shkey_release
    invalid opcode in sctp_auth_shkey_release
Attempt 7:
    KASAN: use-after-free Read in sctp_packet_append_chunk (has report)
The bug was not found.
About 4404 commits remaining

2025-11-18 02:28:11
Session:   35
Kernel:    2019-11-26 - 1ae78780eda54023a0fb49ee743dbba39da148e0
Compiler:  ccache /home/syzretrospector/meerkat/compilers/gcc-8.1.0/bin/gcc
Attempt 0:
    KASAN: use-after-free Read in sctp_packet_append_chunk (has report)
    kernel BUG in sctp_auth_shkey_release
    invalid opcode in sctp_auth_shkey_release
Attempt 1:
    KASAN: use-after-free Read in sctp_packet_append_chunk (has report)
Attempt 2:
    KASAN: use-after-free Read in sctp_packet_append_chunk (has report)
Attempt 3:
    KASAN: use-after-free Read in sctp_packet_append_chunk (has report)
Attempt 4:
    KASAN: use-after-free Read in sctp_packet_append_chunk (has report)
Attempt 5:
    KASAN: use-after-free Read in sctp_packet_append_chunk (has report)
Attempt 6:
    KASAN: use-after-free Read in sctp_packet_append_chunk (has report)
Attempt 7:
    KASAN: use-after-free Read in sctp_packet_append_chunk (has report)
    kernel BUG in sctp_auth_shkey_release
    invalid opcode in sctp_auth_shkey_release
The bug was not found.
About 127 commits remaining

2025-11-18 02:42:32
Session:   36
Kernel:    2019-11-26 - fa6a599eb34dec23aadccda6e374cc3ec3e9b7ee
Compiler:  ccache /home/syzretrospector/meerkat/compilers/gcc-8.1.0/bin/gcc
Attempt 0:
    KASAN: use-after-free Read in sctp_packet_append_chunk (has report)
    kernel BUG in sctp_auth_shkey_release
    kernel BUG in corrupted
    invalid opcode in sctp_auth_shkey_release
Attempt 1:
    KASAN: use-after-free Read in sctp_packet_append_chunk (has report)
    kernel BUG in sctp_auth_shkey_release
    invalid opcode in sctp_auth_shkey_release
Attempt 2:
    KASAN: use-after-free Read in sctp_packet_append_chunk (has report)
Attempt 3:
    KASAN: use-after-free Read in sctp_packet_append_chunk (has report)
Attempt 4:
    KASAN: use-after-free Read in sctp_packet_append_chunk (has report)
    kernel BUG in sctp_auth_shkey_release
    kernel BUG in corrupted
    invalid opcode in sctp_auth_shkey_release
Attempt 5:
    KASAN: use-after-free Read in sctp_packet_append_chunk (has report)
    kernel BUG in sctp_auth_shkey_release
    kernel BUG in corrupted
    invalid opcode in sctp_auth_shkey_release
Attempt 6:
    KASAN: use-after-free Read in sctp_packet_append_chunk (has report)
Attempt 7:
    KASAN: use-after-free Read in sctp_packet_append_chunk (has report)
The bug was not found.
About 4370 commits remaining

2025-11-18 02:54:21
Session:   37
Kernel:    2019-11-25 - 500543c53a54134ced386aed85cd93cf1363f981
Compiler:  ccache /home/syzretrospector/meerkat/compilers/gcc-8.1.0/bin/gcc
Attempt 0:
    No crashes found.
Attempt 1:
    No crashes found.
Attempt 2:
    No crashes found.
Attempt 3:
    No crashes found.
Attempt 4:
    No crashes found.
Attempt 5:
    No crashes found.
Attempt 6:
    No crashes found.
Attempt 7:
    No crashes found.
The bug was not found.
About 6427 commits remaining

2025-11-18 03:04:49
Session:   38
Kernel:    2019-11-26 - 5a97aa5bbcc1249df2a6fd5d32a477f6981ccba6
Compiler:  ccache /home/syzretrospector/meerkat/compilers/gcc-8.1.0/bin/gcc
Attempt 0:
    KASAN: use-after-free Read in sctp_packet_append_chunk (has report)
Attempt 1:
    KASAN: use-after-free Read in sctp_packet_append_chunk (has report)
Attempt 2:
    KASAN: use-after-free Read in sctp_packet_append_chunk (has report)
Attempt 3:
    KASAN: use-after-free Read in sctp_packet_append_chunk (has report)
Attempt 4:
    KASAN: use-after-free Read in sctp_packet_append_chunk (has report)
Attempt 5:
    KASAN: use-after-free Read in sctp_packet_append_chunk (has report)
    kernel BUG in sctp_auth_shkey_release
    invalid opcode in sctp_auth_shkey_release
Attempt 6:
    KASAN: use-after-free Read in sctp_packet_append_chunk (has report)
Attempt 7:
    KASAN: use-after-free Read in sctp_packet_append_chunk (has report)
The bug was not found.
About 4358 commits remaining

2025-11-18 03:16:05
Session:   39
Kernel:    2019-11-07 - 9581e24c3f006edcc515cd1b317876d37769166f
Compiler:  ccache /home/syzretrospector/meerkat/compilers/gcc-8.1.0/bin/gcc
Attempt 0:
    No crashes found.
Attempt 1:
    No crashes found.
Attempt 2:
    No crashes found.
Attempt 3:
    No crashes found.
Attempt 4:
    No crashes found.
Attempt 5:
    No crashes found.
Attempt 6:
    No crashes found.
Attempt 7:
    No crashes found.
The bug was not found.
About 6484 commits remaining

2025-11-18 03:26:24
Session:   40
Kernel:    2019-11-26 - e350b60f4e0f089f585d738e27213c8133fe9093
Compiler:  ccache /home/syzretrospector/meerkat/compilers/gcc-8.1.0/bin/gcc
Attempt 0:
    KASAN: use-after-free Read in sctp_packet_append_chunk (has report)
Attempt 1:
    KASAN: use-after-free Read in sctp_packet_append_chunk (has report)
Attempt 2:
    KASAN: use-after-free Read in sctp_packet_append_chunk (has report)
Attempt 3:
    KASAN: use-after-free Read in sctp_packet_append_chunk (has report)
Attempt 4:
    KASAN: use-after-free Read in sctp_packet_append_chunk (has report)
Attempt 5:
    KASAN: use-after-free Read in sctp_packet_append_chunk (has report)
Attempt 6:
    KASAN: use-after-free Read in sctp_packet_append_chunk (has report)
Attempt 7:
    KASAN: use-after-free Read in sctp_packet_append_chunk (has report)
    kernel BUG in sctp_auth_shkey_release
    invalid opcode in sctp_auth_shkey_release
The bug was not found.
About 4346 commits remaining

2025-11-18 03:32:13
Session:   41
Kernel:    2019-11-26 - 0bcd7762727dd8ba9b9b6f828e5a4cbd5da4f725
Compiler:  ccache /home/syzretrospector/meerkat/compilers/gcc-8.1.0/bin/gcc
Attempt 0:
    KASAN: use-after-free Read in sctp_packet_append_chunk (has report)
    kernel BUG in sctp_auth_shkey_release
    invalid opcode in sctp_auth_shkey_release
Attempt 1:
    KASAN: use-after-free Read in sctp_packet_append_chunk (has report)
Attempt 2:
    KASAN: use-after-free Read in sctp_packet_append_chunk (has report)
Attempt 3:
    KASAN: use-after-free Read in sctp_packet_append_chunk (has report)
    kernel BUG in sctp_auth_shkey_release
    invalid opcode in sctp_auth_shkey_release
Attempt 4:
    KASAN: use-after-free Read in sctp_packet_append_chunk (has report)
Attempt 5:
    KASAN: use-after-free Read in sctp_packet_append_chunk (has report)
    kernel BUG in sctp_auth_shkey_release
    kernel BUG in corrupted
    invalid opcode in sctp_auth_shkey_release
Attempt 6:
    KASAN: use-after-free Read in sctp_packet_append_chunk (has report)
Attempt 7:
    KASAN: use-after-free Read in sctp_packet_append_chunk (has report)
    kernel BUG in sctp_auth_shkey_release
    invalid opcode in sctp_auth_shkey_release
The bug was not found.
About 530 commits remaining

2025-11-18 03:46:37
Session:   42
Kernel:    2019-11-26 - c2da5bdc66a377f0b82ee959f19f5a6774706b83
Compiler:  ccache /home/syzretrospector/meerkat/compilers/gcc-8.1.0/bin/gcc
Attempt 0:
*** KASAN: use-after-free Write in sctp_auth_shkey_hold (has report)
Attempt 1:
*** KASAN: use-after-free Write in sctp_auth_shkey_hold (has report)
Attempt 2:
*** KASAN: use-after-free Write in sctp_auth_shkey_hold (has report)
Error: index error in parse_kasan_stack()
Attempt 3:
*** KASAN: use-after-free Write in sctp_auth_shkey_hold (has report)
    WARNING: refcount bug in sctp_auth_shkey_hold (has report)
Error: index error in parse_kasan_stack()
Attempt 4:
*** KASAN: use-after-free Write in sctp_auth_shkey_hold (has report)
    WARNING: refcount bug in sctp_auth_shkey_hold (has report)
Attempt 5:
*** KASAN: use-after-free Write in sctp_auth_shkey_hold (has report)
Attempt 6:
*** KASAN: use-after-free Write in sctp_auth_shkey_hold (has report)
Attempt 7:
*** KASAN: use-after-free Write in sctp_auth_shkey_hold (has report)
The bug was found.
About 434 commits remaining

2025-11-18 04:00:59
Session:   43
Kernel:    2019-11-26 - 168829ad09ca9cdfdc664b2110d0e3569932c12d
Compiler:  ccache /home/syzretrospector/meerkat/compilers/gcc-8.1.0/bin/gcc
Attempt 0:
*** KASAN: use-after-free Write in sctp_auth_shkey_hold (has report)
Attempt 1:
*** KASAN: use-after-free Write in sctp_auth_shkey_hold (has report)
Error: index error in parse_kasan_stack()
Attempt 2:
    WARNING: refcount bug in sctp_auth_shkey_release (has report)
*** KASAN: use-after-free Write in sctp_auth_shkey_hold (has report)
    WARNING: refcount bug in sctp_auth_shkey_hold (has report)
Error: index error in parse_kasan_stack()
Attempt 3:
*** KASAN: use-after-free Write in sctp_auth_shkey_hold (has report)
    WARNING: refcount bug in sctp_auth_shkey_hold (has report)
Error: index error in parse_kasan_stack()
Attempt 4:
    WARNING: refcount bug in sctp_auth_shkey_release (has report)
*** KASAN: use-after-free Write in sctp_auth_shkey_hold (has report)
    WARNING: refcount bug in sctp_auth_shkey_hold (has report)
Error: index error in parse_kasan_stack()
Attempt 5:
*** KASAN: use-after-free Write in sctp_auth_shkey_hold (has report)
    WARNING: refcount bug in sctp_auth_shkey_hold (has report)
Attempt 6:
*** KASAN: use-after-free Write in sctp_auth_shkey_hold (has report)
Error: index error in parse_kasan_stack()
Attempt 7:
*** KASAN: use-after-free Write in sctp_auth_shkey_hold (has report)
    WARNING: refcount bug in sctp_auth_shkey_hold (has report)
The bug was found.
About 433 commits remaining

==== Partial Result: Primary PoC Test ====
Reproducer:           /home/syzretrospector/meerkat/wd-meerkat-1/reproducers/repro-bug0079-6.prog
Bisection Result:     2019-11-26 - 168829ad09ca9cdfdc664b2110d0e3569932c12d
Bisected Commit Name: Merge branch 'locking-core-for-linus' of git://git.kernel.org/pub/scm/linux/kernel/git/tip/tip
Stage Time:           4h19m38s
Run Time:             11h19m56s
==========================================

==== Anchor Commit ====

2025-11-18 04:16:01
Session:   44
Kernel:    2019-11-26 - 1ae78780eda54023a0fb49ee743dbba39da148e0
Compiler:  ccache /home/syzretrospector/meerkat/compilers/gcc-8.1.0/bin/gcc
PoC:       /home/syzretrospector/meerkat/wd-meerkat-1/reproducers/repro-bug0079-1.prog
Attempt 0:
    KASAN: use-after-free Read in sctp_packet_append_chunk (has report)
Attempt 1:
    KASAN: use-after-free Read in sctp_packet_append_chunk (has report)
Attempt 2:
    KASAN: use-after-free Read in sctp_packet_append_chunk (has report)
Attempt 3:
    KASAN: use-after-free Read in sctp_packet_append_chunk (has report)
Attempt 4:
    KASAN: use-after-free Read in sctp_packet_append_chunk (has report)
Attempt 5:
    KASAN: use-after-free Read in sctp_packet_append_chunk (has report)
Attempt 6:
    KASAN: use-after-free Read in sctp_packet_append_chunk (has report)
Attempt 7:
    KASAN: use-after-free Read in sctp_packet_append_chunk (has report)
The bug was not found.

Failure: This bug cannot be found at the anchor commit.

==== Partial Result: Subsequent PoC Test ====
Reproducer:           /home/syzretrospector/meerkat/wd-meerkat-1/reproducers/repro-bug0079-1.prog
Bisection Result:     Failed to reproduce at the anchor commit.
Stage Time:           0h14m24s
Run Time:             11h34m20s
=============================================

==== Anchor Commit ====

2025-11-18 04:30:28
Session:   45
Kernel:    2019-11-26 - 1ae78780eda54023a0fb49ee743dbba39da148e0
Compiler:  ccache /home/syzretrospector/meerkat/compilers/gcc-8.1.0/bin/gcc
PoC:       /home/syzretrospector/meerkat/wd-meerkat-1/reproducers/repro-bug0079-3.prog
Attempt 0:
    KASAN: use-after-free Read in sctp_packet_append_chunk (has report)
    kernel BUG in sctp_auth_shkey_release
    invalid opcode in sctp_auth_shkey_release
Attempt 1:
    KASAN: use-after-free Read in sctp_packet_append_chunk (has report)
Attempt 2:
    KASAN: use-after-free Read in sctp_packet_append_chunk (has report)
Attempt 3:
    KASAN: use-after-free Read in sctp_packet_append_chunk (has report)
    kernel BUG in sctp_auth_shkey_release
    invalid opcode in sctp_auth_shkey_release
Attempt 4:
    KASAN: use-after-free Read in sctp_packet_append_chunk (has report)
    kernel BUG in sctp_auth_shkey_release
    invalid opcode in sctp_auth_shkey_release
Attempt 5:
    KASAN: use-after-free Read in sctp_packet_append_chunk (has report)
Attempt 6:
    KASAN: use-after-free Read in sctp_packet_append_chunk (has report)
Attempt 7:
    KASAN: use-after-free Read in sctp_packet_append_chunk (has report)
The bug was not found.

Failure: This bug cannot be found at the anchor commit.

==== Partial Result: Subsequent PoC Test ====
Reproducer:           /home/syzretrospector/meerkat/wd-meerkat-1/reproducers/repro-bug0079-3.prog
Bisection Result:     Failed to reproduce at the anchor commit.
Stage Time:           0h8m33s
Run Time:             11h42m54s
=============================================

==== Anchor Commit ====

2025-11-18 04:39:01
Session:   46
Kernel:    2019-11-26 - 1ae78780eda54023a0fb49ee743dbba39da148e0
Compiler:  ccache /home/syzretrospector/meerkat/compilers/gcc-8.1.0/bin/gcc
PoC:       /home/syzretrospector/meerkat/wd-meerkat-1/reproducers/repro-bug0079-7.prog
Attempt 0:
    KASAN: use-after-free Read in sctp_packet_append_chunk (has report)
Attempt 1:
    KASAN: use-after-free Read in sctp_packet_append_chunk (has report)
Attempt 2:
    KASAN: use-after-free Read in sctp_packet_append_chunk (has report)
    kernel BUG in sctp_auth_shkey_release
    invalid opcode in sctp_auth_shkey_release
Attempt 3:
    KASAN: use-after-free Read in sctp_packet_append_chunk (has report)
Attempt 4:
    KASAN: use-after-free Read in sctp_packet_append_chunk (has report)
Attempt 5:
    KASAN: use-after-free Read in sctp_packet_append_chunk (has report)
Attempt 6:
    KASAN: use-after-free Read in sctp_packet_append_chunk (has report)
Attempt 7:
    KASAN: use-after-free Read in sctp_packet_append_chunk (has report)
The bug was not found.

Failure: This bug cannot be found at the anchor commit.

==== Partial Result: Subsequent PoC Test ====
Reproducer:           /home/syzretrospector/meerkat/wd-meerkat-1/reproducers/repro-bug0079-7.prog
Bisection Result:     Failed to reproduce at the anchor commit.
Stage Time:           0h8m31s
Run Time:             11h51m26s
=============================================

==== Anchor Commit ====

2025-11-18 04:47:33
Session:   47
Kernel:    2019-11-26 - 1ae78780eda54023a0fb49ee743dbba39da148e0
Compiler:  ccache /home/syzretrospector/meerkat/compilers/gcc-8.1.0/bin/gcc
PoC:       /home/syzretrospector/meerkat/wd-meerkat-1/reproducers/repro-bug0079-0.prog
Attempt 0:
    KASAN: use-after-free Read in sctp_packet_append_chunk (has report)
Attempt 1:
    KASAN: use-after-free Read in sctp_packet_append_chunk (has report)
Attempt 2:
    KASAN: use-after-free Read in sctp_packet_append_chunk (has report)
    kernel BUG in sctp_auth_shkey_release
    invalid opcode in sctp_auth_shkey_release
Attempt 3:
    KASAN: use-after-free Read in sctp_packet_append_chunk (has report)
    kernel BUG in sctp_auth_shkey_release
    kernel BUG in corrupted
    invalid opcode in sctp_auth_shkey_release
Attempt 4:
    KASAN: use-after-free Read in sctp_packet_append_chunk (has report)
Attempt 5:
    KASAN: use-after-free Read in sctp_packet_append_chunk (has report)
Attempt 6:
    KASAN: use-after-free Read in sctp_packet_append_chunk (has report)
    kernel BUG in sctp_auth_shkey_release
    invalid opcode in sctp_auth_shkey_release
Attempt 7:
    KASAN: use-after-free Read in sctp_packet_append_chunk (has report)
The bug was not found.

Failure: This bug cannot be found at the anchor commit.

==== Partial Result: Subsequent PoC Test ====
Reproducer:           /home/syzretrospector/meerkat/wd-meerkat-1/reproducers/repro-bug0079-0.prog
Bisection Result:     Failed to reproduce at the anchor commit.
Stage Time:           0h8m41s
Run Time:             12h0m7s
=============================================

==== Anchor Commit ====

2025-11-18 04:56:14
Session:   48
Kernel:    2019-11-26 - 1ae78780eda54023a0fb49ee743dbba39da148e0
Compiler:  ccache /home/syzretrospector/meerkat/compilers/gcc-8.1.0/bin/gcc
PoC:       /home/syzretrospector/meerkat/wd-meerkat-1/reproducers/repro-bug0079-2.prog
Attempt 0:
    KASAN: use-after-free Read in sctp_packet_append_chunk (has report)
Attempt 1:
    KASAN: use-after-free Read in sctp_packet_append_chunk (has report)
Attempt 2:
    KASAN: use-after-free Read in sctp_packet_append_chunk (has report)
Attempt 3:
    KASAN: use-after-free Read in sctp_packet_append_chunk (has report)
Attempt 4:
    KASAN: use-after-free Read in sctp_packet_append_chunk (has report)
Attempt 5:
    KASAN: use-after-free Read in sctp_packet_append_chunk (has report)
Attempt 6:
    KASAN: use-after-free Read in sctp_packet_append_chunk (has report)
    kernel BUG in sctp_auth_shkey_release
    invalid opcode in sctp_auth_shkey_release
Attempt 7:
    KASAN: use-after-free Read in sctp_packet_append_chunk (has report)
The bug was not found.

Failure: This bug cannot be found at the anchor commit.

==== Partial Result: Subsequent PoC Test ====
Reproducer:           /home/syzretrospector/meerkat/wd-meerkat-1/reproducers/repro-bug0079-2.prog
Bisection Result:     Failed to reproduce at the anchor commit.
Stage Time:           0h8m24s
Run Time:             12h8m31s
=============================================

==== Anchor Commit ====

2025-11-18 05:04:38
Session:   49
Kernel:    2019-11-26 - 1ae78780eda54023a0fb49ee743dbba39da148e0
Compiler:  ccache /home/syzretrospector/meerkat/compilers/gcc-8.1.0/bin/gcc
PoC:       /home/syzretrospector/meerkat/wd-meerkat-1/reproducers/repro-bug0079-4.prog
Attempt 0:
    KASAN: use-after-free Read in sctp_packet_append_chunk (has report)
Attempt 1:
    KASAN: use-after-free Read in sctp_packet_append_chunk (has report)
    kernel BUG in sctp_auth_shkey_release
    invalid opcode in sctp_auth_shkey_release
Attempt 2:
    KASAN: use-after-free Read in sctp_packet_append_chunk (has report)
    kernel BUG in sctp_auth_shkey_release
    kernel BUG in corrupted
    invalid opcode in sctp_auth_shkey_release
Attempt 3:
    KASAN: use-after-free Read in sctp_packet_append_chunk (has report)
Attempt 4:
    KASAN: use-after-free Read in sctp_packet_append_chunk (has report)
Attempt 5:
    KASAN: use-after-free Read in sctp_packet_append_chunk (has report)
Attempt 6:
    KASAN: use-after-free Read in sctp_packet_append_chunk (has report)
    kernel BUG in sctp_auth_shkey_release
    invalid opcode in sctp_auth_shkey_release
Attempt 7:
    KASAN: use-after-free Read in sctp_packet_append_chunk (has report)
The bug was not found.

Failure: This bug cannot be found at the anchor commit.

==== Partial Result: Subsequent PoC Test ====
Reproducer:           /home/syzretrospector/meerkat/wd-meerkat-1/reproducers/repro-bug0079-4.prog
Bisection Result:     Failed to reproduce at the anchor commit.
Stage Time:           0h8m27s
Run Time:             12h16m58s
=============================================

==== Anchor Commit ====

2025-11-18 05:13:05
Session:   50
Kernel:    2019-11-26 - 1ae78780eda54023a0fb49ee743dbba39da148e0
Compiler:  ccache /home/syzretrospector/meerkat/compilers/gcc-8.1.0/bin/gcc
PoC:       /home/syzretrospector/meerkat/wd-meerkat-1/reproducers/repro-bug0079-5.prog
Attempt 0:
    KASAN: use-after-free Read in sctp_packet_append_chunk (has report)
Attempt 1:
    KASAN: use-after-free Read in sctp_packet_append_chunk (has report)
Attempt 2:
    KASAN: use-after-free Read in sctp_packet_append_chunk (has report)
Attempt 3:
    KASAN: use-after-free Read in sctp_packet_append_chunk (has report)
    kernel BUG in sctp_auth_shkey_release
    invalid opcode in sctp_auth_shkey_release
Attempt 4:
    KASAN: use-after-free Read in sctp_packet_append_chunk (has report)
    kernel BUG in sctp_auth_shkey_release
    invalid opcode in sctp_auth_shkey_release
Attempt 5:
    KASAN: use-after-free Read in sctp_packet_append_chunk (has report)
    kernel BUG in sctp_auth_shkey_release
    invalid opcode in sctp_auth_shkey_release
Attempt 6:
    KASAN: use-after-free Read in sctp_packet_append_chunk (has report)
Attempt 7:
    KASAN: use-after-free Read in sctp_packet_append_chunk (has report)
The bug was not found.

Failure: This bug cannot be found at the anchor commit.

==== Partial Result: Subsequent PoC Test ====
Reproducer:           /home/syzretrospector/meerkat/wd-meerkat-1/reproducers/repro-bug0079-5.prog
Bisection Result:     Failed to reproduce at the anchor commit.
Stage Time:           0h8m23s
Run Time:             12h25m22s
=============================================

====================================================================================================================================================
Bug Name:             KASAN: use-after-free Write in sctp_auth_shkey_hold
Bug ID:               bug0079
Bug Link:             https://syzkaller.appspot.com/bug?id=4b0830ac666c3cae350904be00dca27f8be86715
Bisection Result:     2019-11-26 - 168829ad09ca9cdfdc664b2110d0e3569932c12d
Bisected Commit Name: Merge branch 'locking-core-for-linus' of git://git.kernel.org/pub/scm/linux/kernel/git/tip/tip
Run Time:             12h25m22s

Anchor Commit:        2022-07-15 - 9b59ec8d50a1f28747ceff9a4f39af5deba9540e
Bisection Result:     2019-11-26 - 168829ad09ca9cdfdc664b2110d0e3569932c12d
