./bin/bisector -i 1 -c /mnt/sdd/author/meerkat/wd-bisector-1/bisector.cfg -a 52d543b5497cf31d6baeb0bcfe5a5474c3238578 -F ff-test,poc-test,stateful-corpus,ff-no-find-backup
Bisecting:          general protection fault in llc_ui_sendmsg
Syzbot Link:        https://syzkaller.appspot.com/bug?id=80458f3e962b3876359c7806af16c5fa0a5a41a6
Working Name:       bug0131

No aliases given.

Anchor Commit:      52d543b5497cf31d6baeb0bcfe5a5474c3238578
Repository:         https://git.kernel.org/pub/scm/linux/kernel/git/torvalds/linux.git
Branch:             master
Arch:               amd64

Bisector:           /mnt/sdd/author/meerkat/
Version:            1.0.4
Kernel:             /mnt/sdd/author/meerkat/wd-bisector-1/kernel/
Syzkaller:          /mnt/sdd/author/meerkat/syzkaller/
Compilers:          /mnt/sda/author/meerkat/compilers/
Ccache:             ccache
Image:              /mnt/sda/author/meerkat/image/stretch/stretch.img
Image Key:          /mnt/sda/author/meerkat/image/stretch/stretch.id_rsa

Workdir:            /mnt/sdd/author/meerkat/wd-bisector-1/
Kconfig:            /mnt/sdd/author/meerkat/wd-bisector-1/config-bug0131.txt
Reproducers: (2)    /mnt/sdd/author/meerkat/wd-bisector-1/reproducers/
Primary PoC:        /mnt/sdd/author/meerkat/wd-bisector-1/reproducers/repro-bug0131-1.prog
Syzkaller Workdir:  /mnt/sdd/author/meerkat/wd-bisector-1/wd-kaller/
Log Directory:      /mnt/sdd/author/meerkat/wd-bisector-1/log/

Syscalls: (11)      ["bind$llc", "connect$llc", "sendmmsg", "syz_init_net_socket$llc", "socket", "ioctl$EXT4_IOC_GROUP_EXTEND", "openat$sw_sync_info", "ioctl$sock_SIOCGIFINDEX", "ioctl$ifreq_SIOCGIFINDEX_vcan", "ioctl$IOCTL_GET_NCIDEV_IDX", "openat$nci"]
VM Count:           4
CPU Count:          4
Procs:              24
Memory:             4096
Make Procs:         16
Max Time:           10
Max Attempts:       1

==== Anchor Commit ====

2025-03-12 02:17:10
Session:   1
Kernel:    2022-03-25 - 52d543b5497cf31d6baeb0bcfe5a5474c3238578
Compiler:  ccache /mnt/sda/author/meerkat/compilers/gcc-10.2.1-20210110/bin/gcc
Attempt 1:
    Time  Bug Name
       2  general protection fault in llc_build_and_send_test_pkt
       2  general protection fault in llc_build_and_send_xid_pkt
***    2  general protection fault in llc_ui_sendmsg
Attempt 2: (RETRY)
    Time  Bug Name
       2  general protection fault in llc_build_and_send_test_pkt
       2  general protection fault in llc_build_and_send_xid_pkt
       2  general protection fault in llc_build_and_send_xid_pkt
***    6  general protection fault in llc_ui_sendmsg
Attempt 3: (RETRY)
    Time  Bug Name
       2  general protection fault in llc_build_and_send_xid_pkt
       2  general protection fault in llc_build_and_send_xid_pkt
***    2  general protection fault in llc_ui_sendmsg
***    2  general protection fault in llc_ui_sendmsg
The bug was found.

New Max Time: 10

==== Major Release Search ====
17 Releases

2025-03-12 02:43:53
Session:   2
Kernel:    2022-03-20 - f443e374ae131c168a065ea1748feac6b2e76613 (v5.17)
Compiler:  ccache /mnt/sda/author/meerkat/compilers/gcc-10.2.1-20210110/bin/gcc
Attempt 1:
    No crashes found.
The bug was not found.
About 16 releases remaining

==== Kernel Bisection ====
10753 Linux commits

2025-03-12 03:10:15
Session:   3
Kernel:    2022-03-24 - 7403e6d8263937dea206dd201fed1ceed190ca18
Compiler:  ccache /mnt/sda/author/meerkat/compilers/gcc-10.2.1-20210110/bin/gcc
Attempt 1:
    No crashes found.
The bug was not found.
About 5988 commits remaining

2025-03-12 03:36:22
Session:   4
Kernel:    2022-03-24 - 25fd2d41b505d0640bdfe67aa77c549de2d3c18a
Compiler:  ccache /mnt/sda/author/meerkat/compilers/gcc-10.2.1-20210110/bin/gcc
Attempt 1:
    Time  Bug Name
***    3  general protection fault in llc_ui_sendmsg
***    3  general protection fault in llc_ui_sendmsg
Running syz-repro.
New PoC saved at /mnt/sdd/author/meerkat/wd-bisector-1/reproducers/repro-bug0131-0.prog
Primary PoC:     /mnt/sdd/author/meerkat/wd-bisector-1/reproducers/repro-bug0131-0.prog
Run Time:        0h23m0s
The bug was found.
About 2942 commits remaining

2025-03-12 04:19:10
Session:   5
Kernel:    2022-03-01 - a505cce6f7cfaf2aa2385aab7286063c96444526
Compiler:  ccache /mnt/sda/author/meerkat/compilers/gcc-10.2.1-20210110/bin/gcc
Attempt 1:
    No crashes found.
The bug was not found.
About 7010 commits remaining

2025-03-12 04:43:11
Session:   6
Kernel:    2022-03-11 - 9ba1dc994ff56f273fa9697878c6d47ad945aa44
Compiler:  ccache /mnt/sda/author/meerkat/compilers/gcc-10.2.1-20210110/bin/gcc
Attempt 1:
    No crashes found.
The bug was not found.
About 5623 commits remaining

2025-03-12 05:07:01
Session:   7
Kernel:    2022-03-21 - 14e426bf1a4d77ac87d0fa2a964092a23f863e44
Compiler:  ccache /mnt/sda/author/meerkat/compilers/gcc-10.2.1-20210110/bin/gcc
Attempt 1:
    Time  Bug Name
       1  WARNING in __napi_schedule
       2  WARNING in __napi_schedule
       2  WARNING in __napi_schedule
       2  WARNING in __napi_schedule
       2  WARNING in __napi_schedule
       3  WARNING in __napi_schedule
       3  WARNING in __napi_schedule
       3  WARNING in __napi_schedule
       3  WARNING in __napi_schedule
       3  WARNING in __napi_schedule
       4  WARNING in __napi_schedule
       4  WARNING in __napi_schedule
       4  WARNING in __napi_schedule
       4  WARNING in __napi_schedule
       5  WARNING in __napi_schedule
       5  WARNING in __napi_schedule
       5  WARNING in __napi_schedule
       5  WARNING in __napi_schedule
       5  WARNING in __napi_schedule
       6  WARNING in __napi_schedule
       6  WARNING in __napi_schedule
       6  WARNING in __napi_schedule
       6  WARNING in __napi_schedule
       7  WARNING in __napi_schedule
       7  WARNING in __napi_schedule
       7  WARNING in __napi_schedule
       7  WARNING in __napi_schedule
       7  WARNING in __napi_schedule
       8  WARNING in __napi_schedule
       8  WARNING in __napi_schedule
       8  WARNING in __napi_schedule
       8  WARNING in __napi_schedule
       9  WARNING in __napi_schedule
       9  WARNING in __napi_schedule
       9  WARNING in __napi_schedule
       9  WARNING in __napi_schedule
      10  WARNING in __napi_schedule
      10  WARNING in __napi_schedule
      10  WARNING in __napi_schedule
      10  WARNING in __napi_schedule
      10  WARNING in __napi_schedule
The bug was not found.
About 5164 commits remaining

2025-03-12 05:31:21
Session:   8
Kernel:    2022-03-23 - 764f4eb6846f5475f1244767d24d25dd86528a4a
Compiler:  ccache /mnt/sda/author/meerkat/compilers/gcc-10.2.1-20210110/bin/gcc
Attempt 1:
    Time  Bug Name
       2  general protection fault in llc_build_and_send_xid_pkt
***    2  general protection fault in llc_ui_sendmsg
The bug was found.
About 184 commits remaining

2025-03-12 05:48:07
Session:   9
Kernel:    2022-03-17 - 6ee64cc3020b5b5537827c71d8eaac814ad4d346
Compiler:  ccache /mnt/sda/author/meerkat/compilers/gcc-10.2.1-20210110/bin/gcc
Attempt 1:
    No crashes found.
The bug was not found.
About 1314 commits remaining

2025-03-12 06:12:08
Session:   10
Kernel:    2022-03-21 - 583669ab3aed29994e50bde6c66b52d44e1bdb73
Compiler:  ccache /mnt/sda/author/meerkat/compilers/gcc-10.2.1-20210110/bin/gcc
Attempt 1:
    No crashes found.
The bug was not found.
About 1268 commits remaining

2025-03-12 06:37:05
Session:   11
Kernel:    2022-03-22 - 4a0cb83ba6e0cd73a50fa4f84736846bf0029f2b
Compiler:  ccache /mnt/sda/author/meerkat/compilers/gcc-10.2.1-20210110/bin/gcc
Attempt 1:
    No crashes found.
The bug was not found.
About 163 commits remaining

2025-03-12 07:01:04
Session:   12
Kernel:    2022-03-22 - 0f8f8030038ae37c32a233186caab2c381396784
Compiler:  ccache /mnt/sda/author/meerkat/compilers/gcc-10.2.1-20210110/bin/gcc
Attempt 1:
    No crashes found.
The bug was not found.
About 1256 commits remaining

2025-03-12 07:25:01
Session:   13
Kernel:    2022-03-22 - 5077e2c8cf4d6b22a95a6c54a917f764e8887978
Compiler:  ccache /mnt/sda/author/meerkat/compilers/gcc-10.2.1-20210110/bin/gcc
Attempt 1:
    No crashes found.
The bug was not found.
About 8 commits remaining

2025-03-12 07:49:00
Session:   14
Kernel:    2022-03-23 - 4a6806cfcbca2cd7bae94b2d4244dab3aaa1b333
Compiler:  ccache /mnt/sda/author/meerkat/compilers/gcc-10.2.1-20210110/bin/gcc
Attempt 1:
    No crashes found.
The bug was not found.
About 5 commits remaining

2025-03-12 08:14:27
Session:   15
Kernel:    2022-03-23 - 054d5575cd6ed2792611a7cbb8c88663cc873780
Compiler:  ccache /mnt/sda/author/meerkat/compilers/gcc-10.2.1-20210110/bin/gcc
Attempt 1:
    No crashes found.
The bug was not found.
About 3 commits remaining

2025-03-12 08:39:55
Session:   16
Kernel:    2022-03-23 - 2844e2434385819f674d1fb4130c308c50ba681e
Compiler:  ccache /mnt/sda/author/meerkat/compilers/gcc-10.2.1-20210110/bin/gcc
Attempt 1:
    No crashes found.
The bug was not found.
About 2 commits remaining

==== Partial Result: Focused Fuzzing ====
Reproducer:           /mnt/sdd/author/meerkat/wd-bisector-1/reproducers/repro-bug0131-0.prog
Bisection Result:     2022-03-23 - 764f4eb6846f5475f1244767d24d25dd86528a4a
Bisected Commit Name: llc: fix netdevice reference leaks in llc_ui_bind()
Stage Time:           6h45m52s
Run Time:             6h45m55s
=========================================

==== Anchor Commit ====

2025-03-12 09:03:03
Session:   17
Kernel:    2022-03-23 - 2844e2434385819f674d1fb4130c308c50ba681e
Compiler:  ccache /mnt/sda/author/meerkat/compilers/gcc-10.2.1-20210110/bin/gcc
Attempt 0:
    No crashes found.
Attempt 1:
    No crashes found.
Attempt 2:
    No crashes found.
Attempt 3:
    No crashes found.
Attempt 4:
    No crashes found.
Attempt 5:
    No crashes found.
Attempt 6:
    No crashes found.
Attempt 7:
    No crashes found.
The bug was not found.

Failure: This bug cannot be found at the anchor commit.

====================================================================================================================================================
Bug Name:             general protection fault in llc_ui_sendmsg
Bug Link:             https://syzkaller.appspot.com/bug?id=80458f3e962b3876359c7806af16c5fa0a5a41a6
Bisection Result:     2022-03-23 - 764f4eb6846f5475f1244767d24d25dd86528a4a
Bisected Commit Name: llc: fix netdevice reference leaks in llc_ui_bind()
Run Time:             7h2m56s

Anchor Commit:        2022-03-25 - 52d543b5497cf31d6baeb0bcfe5a5474c3238578
Bisection Result:     2022-03-23 - 764f4eb6846f5475f1244767d24d25dd86528a4a
