./bin/meerkat -i 1 -c /home/meerkat/meerkat/wd-meerkat-1/meerkat.cfg -a a6afa4199d3d038fbfdff5511f7523b0e30cb774 -F ff-test,poc-test,poc-all-pocs,ff-no-find-backup,stateful-corpus
Bisecting:          WARNING in __kernel_write_iter
Syzbot Link:        https://syzkaller.appspot.com/bug?extid=12e098239d20385264d3
Working Name:       bug0782

Aliases:
    WARNING in __kernel_write_iter (has report)

Anchor Commit:      a6afa4199d3d038fbfdff5511f7523b0e30cb774
Repository:         https://git.kernel.org/pub/scm/linux/kernel/git/torvalds/linux.git
Branch:             master
Arch:               amd64

Meerkat:            /home/meerkat/meerkat/
Version:            1.2.0
Kernel:             /home/meerkat/meerkat/wd-meerkat-1/kernel/
Syzkaller:          /home/meerkat/meerkat/syzkaller/
Compilers:          /home/meerkat/meerkat/compilers/
Compiler:           gcc (Ubuntu 11.4.0-1ubuntu1~22.04.2) 11.4.0
Linker:             GNU ld (GNU Binutils for Ubuntu) 2.38
Ccache:             ccache version 4.5.1
Image:              /home/meerkat/meerkat/image/stretch/stretch.img
Image Key:          /home/meerkat/meerkat/image/stretch/stretch.id_rsa

Workdir:            /home/meerkat/meerkat/wd-meerkat-1/
Kconfig:            /home/meerkat/meerkat/wd-meerkat-1/config-bug0782.txt
Reproducers: (9)    /home/meerkat/meerkat/wd-meerkat-1/reproducers/
Primary PoC:        /home/meerkat/meerkat/wd-meerkat-1/reproducers/repro-bug0782-1.prog
Syzkaller Workdir:  /home/meerkat/meerkat/wd-meerkat-1/wd-kaller/
Log Directory:      /home/meerkat/meerkat/wd-meerkat-1/log/

Syscalls: (14)      ["dup", "ioctl$BTRFS_IOC_BALANCE_V2", "ioctl$BTRFS_IOC_SEND", "ioctl$BTRFS_IOC_SUBVOL_SETFLAGS", "openat$mice", "openat$ppp", "syz_mount_image$btrfs", "open$dir", "ioctl$BTRFS_IOC_RESIZE", "ioctl$BTRFS_IOC_BALANCE_PROGRESS", "mount$bpf", "getuid", "setgid", "getgid"]
VM Count:           8
CPU Count:          2
Procs:              16
Memory:             4096
Make Procs:         16
Max Time:           10
Max Attempts:       1

==== Anchor Commit ====

2025-12-15 10:15:24
Session:   1
Kernel:    2022-10-08 - a6afa4199d3d038fbfdff5511f7523b0e30cb774
Compiler:  ccache gcc
Attempt 1:
    Time  Bug Name
       1  WARNING in wireless_send_event (has report)
       2  WARNING in wireless_send_event (5) (has report)
***    3  WARNING in __kernel_write_iter (10) (has report)
Attempt 2: (RETRY)
    Time  Bug Name
       1  WARNING in wireless_send_event (2) (has report)
       2  WARNING in wireless_send_event (10) (has report)
       3  WARNING in wireless_send_event (13) (has report)
       4  WARNING in wireless_send_event (9) (has report)
       5  WARNING in wireless_send_event (10) (has report)
       6  WARNING in wireless_send_event (13) (has report)
       7  WARNING in wireless_send_event (10) (has report)
       8  WARNING in wireless_send_event (9) (has report)
       9  WARNING in wireless_send_event (12) (has report)
      10  WARNING in wireless_send_event (11) (has report)
Attempt 3: (RETRY)
    Time  Bug Name
       1  WARNING in wireless_send_event (2) (has report)
       2  INFO: rcu detected stall in corrupted
       2  WARNING in wireless_send_event (9) (has report)
       3  WARNING in wireless_send_event (9) (has report)
       4  WARNING in wireless_send_event (12) (has report)
       5  WARNING in wireless_send_event (10) (has report)
       6  WARNING in wireless_send_event (10) (has report)
       7  WARNING in wireless_send_event (12) (has report)
       8  WARNING in wireless_send_event (9) (has report)
       9  WARNING in wireless_send_event (10) (has report)
      10  WARNING in wireless_send_event (13) (has report)
The bug was found.

New Max Time: 12

==== Major Release Search ====
12 Releases

2025-12-15 10:51:40
Session:   2
Kernel:    2022-10-02 - 4fe89d07dcc2804c8b562f6c7896a45643d34b2f (v6.0)
Compiler:  ccache gcc
Attempt 1:
    Time  Bug Name
       2  INFO: rcu detected stall in corrupted
***    2  WARNING in __kernel_write_iter (9) (has report)
Running syz-repro.
New PoC saved at /home/meerkat/meerkat/wd-meerkat-1/reproducers/repro-bug0782-2.prog
Primary PoC:     /home/meerkat/meerkat/wd-meerkat-1/reproducers/repro-bug0782-2.prog
Run Time:        0h21m0s
The bug was found.
About 11 releases remaining

2025-12-15 11:25:57
Session:   3
Kernel:    2022-07-31 - 3d7cb6b04c3f3115719235cc6866b10326de34cd (v5.19)
Compiler:  ccache gcc
Attempt 1:
    Time  Bug Name
***    2  WARNING in __kernel_write (10) (has report)
The bug was found.
About 10 releases remaining

2025-12-15 11:38:34
Session:   4
Kernel:    2022-05-22 - 4b0986a3613c92f4ec1bdc7f60ec66fea135991f (v5.18)
Compiler:  ccache gcc
Attempt 1:
    Time  Bug Name
***    2  WARNING in __kernel_write (8) (has report)
The bug was found.
About 9 releases remaining

2025-12-15 11:50:44
Session:   5
Kernel:    2022-01-09 - df0cc57e057f18e44dac8e6c18aba47ab53202f9 (v5.16)
Compiler:  ccache gcc
Attempt 1:
    Time  Bug Name
***    2  WARNING in __kernel_write (8) (has report)
Running syz-repro.
New PoC saved at /home/meerkat/meerkat/wd-meerkat-1/reproducers/repro-bug0782-0.prog
Primary PoC:     /home/meerkat/meerkat/wd-meerkat-1/reproducers/repro-bug0782-0.prog
Run Time:        0h6m0s
The bug was found.
About 8 releases remaining

2025-12-15 12:08:40
Session:   6
Kernel:    2021-08-29 - 7d2a07b769330c34b4deabeed939325c77a7ec2f (v5.14)
Compiler:  ccache /home/meerkat/meerkat/compilers/gcc-10.1.0/bin/gcc
Attempt 1:
    Time  Bug Name
***    2  WARNING in __kernel_write (8) (has report)
The bug was found.
About 7 releases remaining

2025-12-15 12:20:28
Session:   7
Kernel:    2021-04-25 - 9f4ad9e425a1d3b6a34617b8ea226d56a119a717 (v5.12)
Compiler:  ccache /home/meerkat/meerkat/compilers/gcc-10.1.0/bin/gcc
Attempt 1:
    Time  Bug Name
***    2  WARNING in __kernel_write (8) (has report)
The bug was found.
About 6 releases remaining

2025-12-15 12:32:05
Session:   8
Kernel:    2020-12-13 - 2c85ebc57b3e1817b6ce1a6b703928e113a90442 (v5.10)
Compiler:  ccache /home/meerkat/meerkat/compilers/gcc-10.1.0/bin/gcc
Attempt 1:
    Time  Bug Name
***    2  WARNING in __kernel_write (8) (has report)
Running syz-repro.
New PoC saved at /home/meerkat/meerkat/wd-meerkat-1/reproducers/repro-bug0782-2.prog
Primary PoC:     /home/meerkat/meerkat/wd-meerkat-1/reproducers/repro-bug0782-2.prog
Run Time:        0h5m0s
The bug was found.
About 5 releases remaining

2025-12-15 12:48:41
Session:   9
Kernel:    2020-08-02 - bcf876870b95592b52519ed4aafcf9d95999bc9c (v5.8)
Compiler:  ccache /home/meerkat/meerkat/compilers/gcc-10.1.0/bin/gcc
Attempt 1:
    Time  Bug Name
***    2  WARNING in __kernel_write (8) (has report)
The bug was found.
About 4 releases remaining

2025-12-15 12:59:45
Session:   10
Kernel:    2020-03-29 - 7111951b8d4973bda27ff663f2cf18b663d15b48 (v5.6)
Compiler:  ccache /home/meerkat/meerkat/compilers/gcc-8.1.0/bin/gcc
Attempt 1:
    Time  Bug Name
       4  kernel BUG in btree_readpage_end_io_hook (5)
       5  kernel BUG in btree_readpage_end_io_hook (3)
       6  kernel BUG in btree_readpage_end_io_hook (5)
       7  kernel BUG in btree_readpage_end_io_hook (4)
       7  WARNING in __dev_mc_add (has report)
       8  kernel BUG in btree_readpage_end_io_hook (4)
       9  kernel BUG in btree_readpage_end_io_hook (3)
      10  kernel BUG in btree_readpage_end_io_hook
      10  BUG: MAX_LOCKDEP_CHAIN_HLOCKS too low!
      11  kernel BUG in btree_readpage_end_io_hook (4)
      11  BUG: MAX_LOCKDEP_ENTRIES too low!
      11  KASAN: use-after-free Read in btrfs_scan_one_device (has report)
      12  kernel BUG in btree_readpage_end_io_hook (3)
      12  BUG: MAX_LOCKDEP_CHAIN_HLOCKS too low!
The bug was not found.
About 3 releases remaining

==== Kernel Bisection ====
32621 Linux commits

2025-12-15 13:24:23
Session:   11
Kernel:    2020-06-01 - e148a8f948afc0b1eeb5c157b23b3d0a4d4517a5
Compiler:  ccache /home/meerkat/meerkat/compilers/gcc-8.1.0/bin/gcc
Attempt 1:
    Time  Bug Name
       2  kernel BUG in btree_readpage_end_io_hook (3)
       2  KASAN: use-after-free Read in btrfs_scan_one_device (2) (has report)
       3  kernel BUG in btree_readpage_end_io_hook (2)
       3  KASAN: use-after-free Read in btrfs_scan_one_device (has report)
       4  kernel BUG in btree_readpage_end_io_hook (4)
       4  KASAN: slab-out-of-bounds Read in btrfs_scan_one_device (has report)
       5  kernel BUG in btree_readpage_end_io_hook (6)
       5  BUG: MAX_LOCKDEP_ENTRIES too low!
       6  kernel BUG in btree_readpage_end_io_hook (5)
       6  KASAN: use-after-free Read in btrfs_scan_one_device (has report)
       7  kernel BUG in btree_readpage_end_io_hook (4)
       7  WARNING in __dev_mc_add (has report)
       8  kernel BUG in btree_readpage_end_io_hook (3)
       9  kernel BUG in btree_readpage_end_io_hook (3)
       9  BUG: MAX_LOCKDEP_ENTRIES too low!
       9  WARNING in __dev_mc_add (has report)
      10  kernel BUG in btree_readpage_end_io_hook
      10  BUG: MAX_LOCKDEP_ENTRIES too low!
      10  KASAN: use-after-free Read in btrfs_scan_one_device (2) (has report)
      11  kernel BUG in btree_readpage_end_io_hook (5)
      11  BUG: MAX_LOCKDEP_ENTRIES too low! (2)
      11  KASAN: use-after-free Read in btrfs_scan_one_device (has report)
      12  kernel BUG in btree_readpage_end_io_hook (8)
The bug was not found.
About 16323 commits remaining

2025-12-15 13:45:17
Session:   12
Kernel:    2020-06-04 - 9d71d3cd9ef040c284506648285915e9ba4d08c4
Compiler:  ccache /home/meerkat/meerkat/compilers/gcc-8.1.0/bin/gcc
Attempt 1:
    Time  Bug Name
       2  kernel BUG in btree_readpage_end_io_hook (3)
       3  kernel BUG in btree_readpage_end_io_hook (2)
       3  KASAN: use-after-free Read in btrfs_scan_one_device (has report)
       4  kernel BUG in btree_readpage_end_io_hook (6)
       5  kernel BUG in btree_readpage_end_io_hook (6)
       6  kernel BUG in btree_readpage_end_io_hook (7)
       7  kernel BUG in btree_readpage_end_io_hook (6)
       8  kernel BUG in btree_readpage_end_io_hook (4)
       9  kernel BUG in btree_readpage_end_io_hook (3)
      10  kernel BUG in btree_readpage_end_io_hook (3)
      10  BUG: MAX_LOCKDEP_ENTRIES too low!
      10  KASAN: use-after-free Read in btrfs_scan_one_device (has report)
      11  kernel BUG in btree_readpage_end_io_hook (7)
      11  KASAN: slab-out-of-bounds Read in btrfs_scan_one_device (has report)
      12  kernel BUG in btree_readpage_end_io_hook (4)
The bug was not found.
About 7923 commits remaining

2025-12-15 14:06:26
Session:   13
Kernel:    2020-06-10 - 6f630784cc0d92fb58ea326e2bc01aa056279ecb
Compiler:  ccache /home/meerkat/meerkat/compilers/gcc-8.1.0/bin/gcc
Warning: Syzkaller never completed machine check.
Saved log at /home/meerkat/meerkat/wd-meerkat-1/log/bug0782-boot_failure.log.
Attempt 1:
    Time  Bug Name
       1  BUG: using smp_processor_id() in preemptible code in ext4_mb_new_blocks (8)
       2  BUG: using smp_processor_id() in preemptible code in ext4_mb_new_blocks (8)
       3  BUG: using smp_processor_id() in preemptible code in ext4_mb_new_blocks (8)
       4  BUG: using smp_processor_id() in preemptible code in ext4_mb_new_blocks (10)
       5  BUG: using smp_processor_id() in preemptible code in ext4_mb_new_blocks (14)
       6  BUG: using smp_processor_id() in preemptible code in ext4_mb_new_blocks (8)
       7  BUG: using smp_processor_id() in preemptible code in ext4_mb_new_blocks (9)
       8  BUG: using smp_processor_id() in preemptible code in ext4_mb_new_blocks (13)
       9  BUG: using smp_processor_id() in preemptible code in ext4_mb_new_blocks (10)
      10  BUG: using smp_processor_id() in preemptible code in ext4_mb_new_blocks (8)
      11  BUG: using smp_processor_id() in preemptible code in ext4_mb_new_blocks (4)
      12  boot failure
The bug was not found.
This commit is flagged as unstable.
About 7923 commits remaining

2025-12-15 14:27:22
Session:   14
Kernel:    2020-06-30 - 01c66c48d4f0825a202d4163800b706a1d2ec7ad
Compiler:  ccache /home/meerkat/meerkat/compilers/gcc-8.1.0/bin/gcc
Attempt 1:
    Time  Bug Name
       2  kernel BUG in corrupted (4)
       3  kernel BUG in corrupted (4)
       4  kernel BUG in corrupted (4)
       4  KASAN: use-after-free Read in btrfs_scan_one_device (2) (has report)
       5  kernel BUG in corrupted (6)
       6  kernel BUG in corrupted (3)
       7  kernel BUG in corrupted (7)
       8  kernel BUG in corrupted (6)
       8  KASAN: use-after-free Read in btrfs_scan_one_device (has report)
       9  kernel BUG in corrupted (2)
      10  kernel BUG in corrupted (5)
      10  KASAN: use-after-free Read in btrfs_scan_one_device (has report)
      11  kernel BUG in corrupted (6)
      12  kernel BUG in corrupted (4)
The bug was not found.
About 2283 commits remaining

2025-12-15 14:48:37
Session:   15
Kernel:    2020-07-09 - 42f82040ee66db13525dc6f14b8559890b2f4c1c
Compiler:  ccache /home/meerkat/meerkat/compilers/gcc-8.1.0/bin/gcc
Attempt 1:
    Time  Bug Name
       2  kernel BUG in btree_readpage_end_io_hook (5)
       3  kernel BUG in btree_readpage_end_io_hook (7)
       4  kernel BUG in btree_readpage_end_io_hook (2)
       5  kernel BUG in btree_readpage_end_io_hook (3)
       6  kernel BUG in btree_readpage_end_io_hook (4)
       7  kernel BUG in btree_readpage_end_io_hook (3)
       7  no output from test machine
       8  kernel BUG in btree_readpage_end_io_hook (2)
       9  kernel BUG in btree_readpage_end_io_hook (5)
      10  kernel BUG in btree_readpage_end_io_hook (6)
      11  kernel BUG in btree_readpage_end_io_hook (4)
      12  kernel BUG in btree_readpage_end_io_hook (6)
The bug was not found.
About 1165 commits remaining

2025-12-15 15:08:38
Session:   16
Kernel:    2020-07-24 - 5fdbe136ae19ab751daaa4d08d9a42f3e30d17f9
Compiler:  ccache /home/meerkat/meerkat/compilers/gcc-8.1.0/bin/gcc
Attempt 1:
    Time  Bug Name
***    1  WARNING in __kernel_write (4) (has report)
The bug was found.
About 598 commits remaining

2025-12-15 15:17:43
Session:   17
Kernel:    2020-07-15 - 0665a4e9a1d6a51b6a25d5a5de6c623d380d853b
Compiler:  ccache /home/meerkat/meerkat/compilers/gcc-8.1.0/bin/gcc
Attempt 1:
    Time  Bug Name
       2  kernel BUG in btree_readpage_end_io_hook (5)
***    2  WARNING in __kernel_write (4) (has report)
Running syz-repro.
New PoC saved at /home/meerkat/meerkat/wd-meerkat-1/reproducers/repro-bug0782-1.prog
Primary PoC:     /home/meerkat/meerkat/wd-meerkat-1/reproducers/repro-bug0782-1.prog
Run Time:        0h5m0s
The bug was found.
About 322 commits remaining

2025-12-15 15:32:41
Session:   18
Kernel:    2020-07-10 - 1195c7cebb95081d809f81a27b21829573cbd4a8
Compiler:  ccache /home/meerkat/meerkat/compilers/gcc-8.1.0/bin/gcc
Attempt 1:
    Time  Bug Name
       2  kernel BUG in corrupted (4)
       3  kernel BUG in corrupted (5)
       4  kernel BUG in corrupted (2)
       5  kernel BUG in corrupted (5)
       6  kernel BUG in corrupted (4)
       7  kernel BUG in corrupted (3)
       8  kernel BUG in corrupted (5)
       9  kernel BUG in corrupted (5)
      10  kernel BUG in corrupted (3)
      11  kernel BUG in corrupted (4)
      12  kernel BUG in corrupted (5)
The bug was not found.
About 855 commits remaining

2025-12-15 15:53:50
Session:   19
Kernel:    2020-07-10 - 5a764898afec0bc097003e8c3e727792289f76d6
Compiler:  ccache /home/meerkat/meerkat/compilers/gcc-8.1.0/bin/gcc
Attempt 1:
    Time  Bug Name
       2  kernel BUG in btree_readpage_end_io_hook
***    2  WARNING in __kernel_write (3) (has report)
The bug was found.
About 777 commits remaining

2025-12-15 16:01:43
Session:   20
Kernel:    2020-07-10 - 25aadbd2a8ad05ed0477cb94c7659075f540d158
Compiler:  ccache /home/meerkat/meerkat/compilers/gcc-8.1.0/bin/gcc
Attempt 1:
    Time  Bug Name
       2  kernel BUG in btree_readpage_end_io_hook (6)
       3  kernel BUG in btree_readpage_end_io_hook (4)
       4  kernel BUG in btree_readpage_end_io_hook (6)
       5  kernel BUG in btree_readpage_end_io_hook (3)
       6  kernel BUG in btree_readpage_end_io_hook (6)
       7  kernel BUG in btree_readpage_end_io_hook (4)
       8  kernel BUG in btree_readpage_end_io_hook (2)
       9  kernel BUG in btree_readpage_end_io_hook (3)
      10  kernel BUG in btree_readpage_end_io_hook (5)
      11  kernel BUG in btree_readpage_end_io_hook (4)
      12  kernel BUG in btree_readpage_end_io_hook (4)
The bug was not found.
About 203 commits remaining

2025-12-15 16:22:47
Session:   21
Kernel:    2020-07-10 - d33db702745b84fd553d9a5f5db85e122aa45020
Compiler:  ccache /home/meerkat/meerkat/compilers/gcc-8.1.0/bin/gcc
Attempt 1:
    Time  Bug Name
***    1  WARNING in __kernel_write (3) (has report)
The bug was found.
About 20 commits remaining

2025-12-15 16:30:42
Session:   22
Kernel:    2020-07-08 - 6209dd9132e8ea5545cffc84483841e88ea8cc5b
Compiler:  ccache /home/meerkat/meerkat/compilers/gcc-8.1.0/bin/gcc
Attempt 1:
    Time  Bug Name
       2  kernel BUG in btree_readpage_end_io_hook (3)
***    2  WARNING in __kernel_write (7) (has report)
Running syz-repro.
New PoC saved at /home/meerkat/meerkat/wd-meerkat-1/reproducers/repro-bug0782-3.prog
Primary PoC:     /home/meerkat/meerkat/wd-meerkat-1/reproducers/repro-bug0782-3.prog
Run Time:        0h5m0s
The bug was found.
About 11 commits remaining

2025-12-15 16:46:06
Session:   23
Kernel:    2020-07-08 - a01ac27be4729f80176a45c54611b768dfbdc840
Compiler:  ccache /home/meerkat/meerkat/compilers/gcc-8.1.0/bin/gcc
Attempt 1:
    Time  Bug Name
       2  kernel BUG in btree_readpage_end_io_hook (2)
       3  kernel BUG in btree_readpage_end_io_hook (4)
       3  general protection fault in btrfs_scan_one_device
       4  kernel BUG in btree_readpage_end_io_hook (4)
       5  kernel BUG in btree_readpage_end_io_hook (2)
       6  kernel BUG in btree_readpage_end_io_hook (5)
       7  kernel BUG in btree_readpage_end_io_hook (4)
       8  kernel BUG in btree_readpage_end_io_hook (3)
       9  kernel BUG in btree_readpage_end_io_hook (6)
      10  kernel BUG in btree_readpage_end_io_hook (3)
      11  kernel BUG in btree_readpage_end_io_hook (4)
      12  kernel BUG in btree_readpage_end_io_hook (2)
The bug was not found.
About 6 commits remaining

2025-12-15 17:06:08
Session:   24
Kernel:    2020-07-08 - 53ad86266bda973b526078227997ca3fcb92c9be
Compiler:  ccache /home/meerkat/meerkat/compilers/gcc-8.1.0/bin/gcc
Attempt 1:
    Time  Bug Name
       2  kernel BUG in btree_readpage_end_io_hook (2)
***    2  WARNING in __kernel_write (4) (has report)
The bug was found.
About 3 commits remaining

2025-12-15 17:11:25
Session:   25
Kernel:    2020-07-08 - 81238b2cff1469ff5b94390d026cd075105d6dcd
Compiler:  ccache /home/meerkat/meerkat/compilers/gcc-8.1.0/bin/gcc
Attempt 1:
    Time  Bug Name
***    1  WARNING in __kernel_write (2) (has report)
The bug was found.
About 2 commits remaining

==== Partial Result: Focused Fuzzing ====
Reproducer:           /home/meerkat/meerkat/wd-meerkat-1/reproducers/repro-bug0782-3.prog
Bisection Result:     2020-07-08 - 81238b2cff1469ff5b94390d026cd075105d6dcd
Bisected Commit Name: fs: implement kernel_write using __kernel_write
Stage Time:           7h0m6s
Run Time:             7h0m8s
=========================================

==== Anchor Commit ====

2025-12-15 17:15:30
Session:   26
Kernel:    2020-07-08 - a01ac27be4729f80176a45c54611b768dfbdc840
Compiler:  ccache /home/meerkat/meerkat/compilers/gcc-8.1.0/bin/gcc
PoC:       /home/meerkat/meerkat/wd-meerkat-1/reproducers/repro-bug0782-3.prog
Attempt 0:
    No crashes found.
Attempt 1:
    No crashes found.
Attempt 2:
    No crashes found.
Attempt 3:
    No crashes found.
Attempt 4:
    No crashes found.
Attempt 5:
    No crashes found.
Attempt 6:
    No crashes found.
Attempt 7:
    No crashes found.
The bug was not found.

Failure: This bug cannot be found at the anchor commit.

==== Partial Result: Primary PoC Test ====
Reproducer:           /home/meerkat/meerkat/wd-meerkat-1/reproducers/repro-bug0782-3.prog
Bisection Result:     Failed to reproduce at the anchor commit.
Stage Time:           0h10m5s
Run Time:             7h10m14s
==========================================

==== Anchor Commit ====

2025-12-15 17:25:38
Session:   27
Kernel:    2020-07-08 - a01ac27be4729f80176a45c54611b768dfbdc840
Compiler:  ccache /home/meerkat/meerkat/compilers/gcc-8.1.0/bin/gcc
PoC:       /home/meerkat/meerkat/wd-meerkat-1/reproducers/repro-bug0782-29.prog
Attempt 0:
    No crashes found.
Attempt 1:
    No crashes found.
Attempt 2:
    No crashes found.
Attempt 3:
    No crashes found.
Attempt 4:
    No crashes found.
Attempt 5:
    No crashes found.
Attempt 6:
    No crashes found.
Attempt 7:
    No crashes found.
The bug was not found.

Failure: This bug cannot be found at the anchor commit.

==== Partial Result: Subsequent PoC Test ====
Reproducer:           /home/meerkat/meerkat/wd-meerkat-1/reproducers/repro-bug0782-29.prog
Bisection Result:     Failed to reproduce at the anchor commit.
Stage Time:           0h10m13s
Run Time:             7h20m28s
=============================================

==== Anchor Commit ====

2025-12-15 17:35:51
Session:   28
Kernel:    2020-07-08 - a01ac27be4729f80176a45c54611b768dfbdc840
Compiler:  ccache /home/meerkat/meerkat/compilers/gcc-8.1.0/bin/gcc
PoC:       /home/meerkat/meerkat/wd-meerkat-1/reproducers/repro-bug0782-41.prog
Attempt 0:
    No crashes found.
Attempt 1:
    No crashes found.
Attempt 2:
    No crashes found.
Attempt 3:
    No crashes found.
Attempt 4:
    No crashes found.
Attempt 5:
    No crashes found.
Attempt 6:
    No crashes found.
Attempt 7:
    No crashes found.
The bug was not found.

Failure: This bug cannot be found at the anchor commit.

==== Partial Result: Subsequent PoC Test ====
Reproducer:           /home/meerkat/meerkat/wd-meerkat-1/reproducers/repro-bug0782-41.prog
Bisection Result:     Failed to reproduce at the anchor commit.
Stage Time:           0h10m18s
Run Time:             7h30m46s
=============================================

==== Anchor Commit ====

2025-12-15 17:46:10
Session:   29
Kernel:    2020-07-08 - a01ac27be4729f80176a45c54611b768dfbdc840
Compiler:  ccache /home/meerkat/meerkat/compilers/gcc-8.1.0/bin/gcc
PoC:       /home/meerkat/meerkat/wd-meerkat-1/reproducers/repro-bug0782-0.prog
Attempt 0:
    No crashes found.
Attempt 1:
    No crashes found.
Attempt 2:
    No crashes found.
Attempt 3:
    No crashes found.
Attempt 4:
    No crashes found.
Attempt 5:
    No crashes found.
Attempt 6:
    No crashes found.
Attempt 7:
    No crashes found.
The bug was not found.

Failure: This bug cannot be found at the anchor commit.

==== Partial Result: Subsequent PoC Test ====
Reproducer:           /home/meerkat/meerkat/wd-meerkat-1/reproducers/repro-bug0782-0.prog
Bisection Result:     Failed to reproduce at the anchor commit.
Stage Time:           0h10m35s
Run Time:             7h41m22s
=============================================

==== Anchor Commit ====

2025-12-15 17:56:45
Session:   30
Kernel:    2020-07-08 - a01ac27be4729f80176a45c54611b768dfbdc840
Compiler:  ccache /home/meerkat/meerkat/compilers/gcc-8.1.0/bin/gcc
PoC:       /home/meerkat/meerkat/wd-meerkat-1/reproducers/repro-bug0782-1.prog
Attempt 0:
    No crashes found.
Attempt 1:
    No crashes found.
Attempt 2:
    No crashes found.
Attempt 3:
    No crashes found.
Attempt 4:
    No crashes found.
Attempt 5:
    No crashes found.
Attempt 6:
    No crashes found.
Attempt 7:
    No crashes found.
The bug was not found.

Failure: This bug cannot be found at the anchor commit.

==== Partial Result: Subsequent PoC Test ====
Reproducer:           /home/meerkat/meerkat/wd-meerkat-1/reproducers/repro-bug0782-1.prog
Bisection Result:     Failed to reproduce at the anchor commit.
Stage Time:           0h10m14s
Run Time:             7h51m36s
=============================================

==== Anchor Commit ====

2025-12-15 18:07:00
Session:   31
Kernel:    2020-07-08 - a01ac27be4729f80176a45c54611b768dfbdc840
Compiler:  ccache /home/meerkat/meerkat/compilers/gcc-8.1.0/bin/gcc
PoC:       /home/meerkat/meerkat/wd-meerkat-1/reproducers/repro-bug0782-40.prog
Attempt 0:
    No crashes found.
Attempt 1:
    No crashes found.
Attempt 2:
    No crashes found.
Attempt 3:
    No crashes found.
Attempt 4:
    No crashes found.
Attempt 5:
    No crashes found.
Attempt 6:
    No crashes found.
Attempt 7:
    No crashes found.
The bug was not found.

Failure: This bug cannot be found at the anchor commit.

==== Partial Result: Subsequent PoC Test ====
Reproducer:           /home/meerkat/meerkat/wd-meerkat-1/reproducers/repro-bug0782-40.prog
Bisection Result:     Failed to reproduce at the anchor commit.
Stage Time:           0h10m14s
Run Time:             8h1m50s
=============================================

==== Anchor Commit ====

2025-12-15 18:17:14
Session:   32
Kernel:    2020-07-08 - a01ac27be4729f80176a45c54611b768dfbdc840
Compiler:  ccache /home/meerkat/meerkat/compilers/gcc-8.1.0/bin/gcc
PoC:       /home/meerkat/meerkat/wd-meerkat-1/reproducers/repro-bug0782-10.prog
Attempt 0:
    No crashes found.
Attempt 1:
    No crashes found.
Attempt 2:
    No crashes found.
Attempt 3:
    No crashes found.
Attempt 4:
    No crashes found.
Attempt 5:
    No crashes found.
Attempt 6:
    No crashes found.
Attempt 7:
    No crashes found.
The bug was not found.

Failure: This bug cannot be found at the anchor commit.

==== Partial Result: Subsequent PoC Test ====
Reproducer:           /home/meerkat/meerkat/wd-meerkat-1/reproducers/repro-bug0782-10.prog
Bisection Result:     Failed to reproduce at the anchor commit.
Stage Time:           0h10m10s
Run Time:             8h12m0s
=============================================

==== Anchor Commit ====

2025-12-15 18:27:24
Session:   33
Kernel:    2020-07-08 - a01ac27be4729f80176a45c54611b768dfbdc840
Compiler:  ccache /home/meerkat/meerkat/compilers/gcc-8.1.0/bin/gcc
PoC:       /home/meerkat/meerkat/wd-meerkat-1/reproducers/repro-bug0782-25.prog
Attempt 0:
    No crashes found.
Attempt 1:
    No crashes found.
Attempt 2:
    No crashes found.
Attempt 3:
    No crashes found.
Attempt 4:
    No crashes found.
Attempt 5:
    No crashes found.
Attempt 6:
    No crashes found.
Attempt 7:
    No crashes found.
The bug was not found.

Failure: This bug cannot be found at the anchor commit.

==== Partial Result: Subsequent PoC Test ====
Reproducer:           /home/meerkat/meerkat/wd-meerkat-1/reproducers/repro-bug0782-25.prog
Bisection Result:     Failed to reproduce at the anchor commit.
Stage Time:           0h10m6s
Run Time:             8h22m7s
=============================================

==== Anchor Commit ====

2025-12-15 18:37:31
Session:   34
Kernel:    2020-07-08 - a01ac27be4729f80176a45c54611b768dfbdc840
Compiler:  ccache /home/meerkat/meerkat/compilers/gcc-8.1.0/bin/gcc
PoC:       /home/meerkat/meerkat/wd-meerkat-1/reproducers/repro-bug0782-24.prog
Attempt 0:
    No crashes found.
Attempt 1:
    No crashes found.
Attempt 2:
    No crashes found.
Attempt 3:
    No crashes found.
Attempt 4:
    No crashes found.
Attempt 5:
    No crashes found.
Attempt 6:
    No crashes found.
Attempt 7:
    No crashes found.
The bug was not found.

Failure: This bug cannot be found at the anchor commit.

==== Partial Result: Subsequent PoC Test ====
Reproducer:           /home/meerkat/meerkat/wd-meerkat-1/reproducers/repro-bug0782-24.prog
Bisection Result:     Failed to reproduce at the anchor commit.
Stage Time:           0h10m17s
Run Time:             8h32m25s
=============================================

==== Anchor Commit ====

2025-12-15 18:47:48
Session:   35
Kernel:    2020-07-08 - a01ac27be4729f80176a45c54611b768dfbdc840
Compiler:  ccache /home/meerkat/meerkat/compilers/gcc-8.1.0/bin/gcc
PoC:       /home/meerkat/meerkat/wd-meerkat-1/reproducers/repro-bug0782-27.prog
Attempt 0:
    No crashes found.
Attempt 1:
    No crashes found.
Attempt 2:
    No crashes found.
Attempt 3:
    No crashes found.
Attempt 4:
    No crashes found.
Attempt 5:
    No crashes found.
Attempt 6:
    No crashes found.
Attempt 7:
    No crashes found.
The bug was not found.

Failure: This bug cannot be found at the anchor commit.

==== Partial Result: Subsequent PoC Test ====
Reproducer:           /home/meerkat/meerkat/wd-meerkat-1/reproducers/repro-bug0782-27.prog
Bisection Result:     Failed to reproduce at the anchor commit.
Stage Time:           0h10m7s
Run Time:             8h42m33s
=============================================

====================================================================================================================================================
Bug Name:             WARNING in __kernel_write_iter
Bug ID:               bug0782
Bug Link:             https://syzkaller.appspot.com/bug?extid=12e098239d20385264d3
Bisection Result:     2020-07-08 - 81238b2cff1469ff5b94390d026cd075105d6dcd
Bisected Commit Name: fs: implement kernel_write using __kernel_write
Run Time:             8h42m33s

Anchor Commit:        2022-10-08 - a6afa4199d3d038fbfdff5511f7523b0e30cb774
Bisection Result:     2020-07-08 - 81238b2cff1469ff5b94390d026cd075105d6dcd
