./bin/bisector -i 4 -c /home/syzretrospector/syzinspector/wd-bisector-4/bisector.cfg -a 4da34b7d175dc99b8befebd69e96546c960d526c -F ff-test,poc-test,stateful-corpus,ff-no-find-backup
Bisecting:          WARNING in split_huge_page_to_list
Syzbot Link:        https://syzkaller.appspot.com/bug?extid=07a218429c8d19b1fb25
Working Name:       bug0889

No aliases given.

Anchor Commit:      4da34b7d175dc99b8befebd69e96546c960d526c
Repository:         https://git.kernel.org/pub/scm/linux/kernel/git/torvalds/linux.git
Branch:             master
Arch:               amd64

Bisector:           /home/syzretrospector/syzinspector/
Version:            1.0.4
Kernel:             /home/syzretrospector/syzinspector/wd-bisector-4/kernel/
Syzkaller:          /home/syzretrospector/syzinspector/syzkaller/
Compilers:          /home/syzretrospector/compilers/
Ccache:             ccache
Image:              /home/syzretrospector/images/stretch/stretch.img
Image Key:          /home/syzretrospector/images/stretch/stretch.id_rsa

Workdir:            /home/syzretrospector/syzinspector/wd-bisector-4/
Kconfig:            /home/syzretrospector/syzinspector/wd-bisector-4/config-bug0889.txt
Reproducers: (3)    /home/syzretrospector/syzinspector/wd-bisector-4/reproducers/
Syzkaller Workdir:  /home/syzretrospector/syzinspector/wd-bisector-4/wd-kaller/
Log Directory:      /home/syzretrospector/syzinspector/wd-bisector-4/log/

Syscalls: (33)      ["gettid", "madvise", "mremap", "process_vm_writev", "setsockopt$sock_timeval", "socket$inet6_tcp", "syz_io_uring_setup", "socket", "syz_memcpy_off$IO_URING_METADATA_GENERIC", "syz_io_uring_submit", "ioctl$F2FS_IOC_START_ATOMIC_WRITE", "openat$selinux_enforce", "getrusage", "socket$inet6", "statx", "syz_mount_image$bfs", "io_uring_register$IORING_UNREGISTER_PERSONALITY", "io_uring_register$IORING_REGISTER_PERSONALITY", "futex", "clock_gettime", "mount$bpf", "getuid", "setgid", "getgid", "epoll_create", "setsockopt$inet_mreqn", "ioctl$sock_SIOCGIFINDEX", "ioctl$ifreq_SIOCGIFINDEX_vcan", "bind$nfc_llcp", "ioctl$IOCTL_GET_NCIDEV_IDX", "socket$inet", "syz_init_net_socket$nfc_llcp", "openat$nci"]
VM Count:           8
CPU Count:          2
Procs:              16
Memory:             4096
Make Procs:         16
Max Time:           10
Max Attempts:       1

==== Anchor Commit ====

2025-03-14 06:52:55
Session:   1
Kernel:    2022-10-21 - 4da34b7d175dc99b8befebd69e96546c960d526c
Compiler:  ccache /home/syzretrospector/compilers/gcc-10.2.1-20210110/bin/gcc
Attempt 1:
    Time  Bug Name
***    5  WARNING in split_huge_page_to_list
***    5  WARNING in split_huge_page_to_list
Attempt 2: (RETRY)
    Time  Bug Name
***    4  WARNING in split_huge_page_to_list
***    4  WARNING in split_huge_page_to_list
***    4  WARNING in split_huge_page_to_list
***    4  WARNING in split_huge_page_to_list
Attempt 3: (RETRY)
    Time  Bug Name
       2  INFO: rcu detected stall in corrupted
***    3  WARNING in split_huge_page_to_list
The bug was found.

New Max Time: 10

==== Major Release Search ====
18 Releases

2025-03-14 07:23:11
Session:   2
Kernel:    2022-10-02 - 4fe89d07dcc2804c8b562f6c7896a45643d34b2f (v6.0)
Compiler:  ccache /home/syzretrospector/compilers/gcc-10.2.1-20210110/bin/gcc
Attempt 1:
    Time  Bug Name
       6  INFO: rcu detected stall in corrupted
       7  INFO: task hung in d_alloc_parallel
       9  INFO: task hung in d_alloc_parallel
The bug was not found.
About 17 releases remaining

==== Kernel Bisection ====
12538 Linux commits

2025-03-14 07:50:38
Session:   3
Kernel:    2022-10-06 - 4c0ed7d8d6e3dc013c4599a837de84794baa5b62
Compiler:  ccache /home/syzretrospector/compilers/gcc-10.2.1-20210110/bin/gcc
Error: Waitpid on pid 1800137 failed.
Error: Syzkaller has experienced a crash.
Warning: Child process exited with error status 32765.
Attempt 1:
    No crashes found.
The bug was not found.
About 6300 commits remaining

2025-03-14 08:09:51
Session:   4
Kernel:    2022-10-09 - 4899a36f91a9f9b06878471096bd143e7253006d
Compiler:  ccache /home/syzretrospector/compilers/gcc-10.2.1-20210110/bin/gcc
Error: Waitpid on pid 1987385 failed.
Error: Syzkaller has experienced a crash.
Warning: Child process exited with error status 32765.
Attempt 1:
    Time  Bug Name
       2  WARNING in wireless_send_event
       2  WARNING in wireless_send_event
       2  WARNING in wireless_send_event
       2  WARNING in wireless_send_event
       2  WARNING in wireless_send_event
The bug was not found.
About 3125 commits remaining

2025-03-14 08:30:02
Session:   5
Kernel:    2022-10-11 - 694b37a5dd3c87235e02fabbe7b394f6ab1f444b
Compiler:  ccache /home/syzretrospector/compilers/gcc-10.2.1-20210110/bin/gcc
Attempt 1:
    No crashes found.
The bug was not found.
About 1596 commits remaining

2025-03-14 08:57:21
Session:   6
Kernel:    2022-10-13 - aa41478a576238995c8d414ab9e0d35d1200c9fb
Compiler:  ccache /home/syzretrospector/compilers/gcc-10.2.1-20210110/bin/gcc
Attempt 1:
    No crashes found.
The bug was not found.
About 797 commits remaining

2025-03-14 09:24:40
Session:   7
Kernel:    2022-10-14 - 91080ab38f3eaa2a0af4888220d007698a2e7b03
Compiler:  ccache /home/syzretrospector/compilers/gcc-10.2.1-20210110/bin/gcc
Attempt 1:
    No crashes found.
The bug was not found.
About 395 commits remaining

2025-03-14 09:51:53
Session:   8
Kernel:    2022-10-20 - c7b006525bb0673f2373f04b5b8263b022ff367b
Compiler:  ccache /home/syzretrospector/compilers/gcc-10.2.1-20210110/bin/gcc
Attempt 1:
    Time  Bug Name
       4  kernel BUG in mas_store_prealloc
       5  kernel BUG in mas_store_prealloc
       7  INFO: task hung in d_alloc_parallel
       9  INFO: task hung in d_alloc_parallel
The bug was not found.
About 206 commits remaining

2025-03-14 10:19:13
Session:   9
Kernel:    2022-10-21 - ce3d90a87776053ec367c0eb083d389e9979c7e9
Compiler:  ccache /home/syzretrospector/compilers/gcc-10.2.1-20210110/bin/gcc
Attempt 1:
    Time  Bug Name
       3  INFO: rcu detected stall in corrupted
       5  kernel BUG in mas_store_prealloc
       8  INFO: task hung in d_alloc_parallel
       8  INFO: task hung in d_alloc_parallel
       9  INFO: task hung in d_alloc_parallel
      10  INFO: task hung in d_alloc_parallel
The bug was not found.
About 112 commits remaining

2025-03-14 10:39:45
Session:   10
Kernel:    2022-10-21 - ed5377958cfd43a2291f25f5e88845b90b9aee3f
Compiler:  ccache /home/syzretrospector/compilers/gcc-10.2.1-20210110/bin/gcc
Attempt 1:
    Time  Bug Name
       3  INFO: rcu detected stall in corrupted
***    3  WARNING in split_huge_page_to_list
***    3  WARNING in split_huge_page_to_list
***    3  WARNING in split_huge_page_to_list
Running syz-repro.
syz-repro was terminated after 60 minutes
Run Time:        1h0m0s
The bug was found.
About 56 commits remaining

2025-03-14 11:48:17
Session:   11
Kernel:    2022-10-21 - 1d61754caa8c69f566504e63c8b3f3a2df0954c8
Compiler:  ccache /home/syzretrospector/compilers/gcc-10.2.1-20210110/bin/gcc
Attempt 1:
    Time  Bug Name
       2  INFO: rcu detected stall in corrupted
***    3  WARNING in split_huge_page_to_list
***    3  WARNING in split_huge_page_to_list
***    3  WARNING in split_huge_page_to_list
***    3  WARNING in split_huge_page_to_list
***    3  WARNING in split_huge_page_to_list
Running syz-repro.
New PoC saved at /home/syzretrospector/syzinspector/wd-bisector-4/reproducers/repro-bug0889-0.prog
Primary PoC:     /home/syzretrospector/syzinspector/wd-bisector-4/reproducers/repro-bug0889-0.prog
Run Time:        0h53m0s
The bug was found.
About 26 commits remaining

2025-03-14 12:49:37
Session:   12
Kernel:    2022-10-20 - 1cd916d0340d0f45b151599c24ec40b5b2fd8e4a
Compiler:  ccache /home/syzretrospector/compilers/gcc-10.2.1-20210110/bin/gcc
Attempt 1:
    Time  Bug Name
       3  INFO: rcu detected stall in corrupted
       5  kernel BUG in mas_store_prealloc
       6  INFO: task hung in d_alloc_parallel
       7  INFO: task hung in lock_mount
       7  INFO: task hung in d_alloc_parallel
       8  INFO: task hung in d_alloc_parallel
The bug was not found.
About 152 commits remaining

2025-03-14 13:13:27
Session:   13
Kernel:    2022-10-20 - 71e2d666ef85d51834d658830f823560c402b8b6
Compiler:  ccache /home/syzretrospector/compilers/gcc-10.2.1-20210110/bin/gcc
Attempt 1:
    Time  Bug Name
       3  INFO: rcu detected stall in corrupted
***    3  WARNING in split_huge_page_to_list
***    3  WARNING in split_huge_page_to_list
The bug was found.
About 7 commits remaining

2025-03-14 13:21:55
Session:   14
Kernel:    2022-10-20 - 08ac85521cb2e26f25b885492180815ce8eaf4b7
Compiler:  ccache /home/syzretrospector/compilers/gcc-10.2.1-20210110/bin/gcc
Attempt 1:
    Time  Bug Name
       5  kernel BUG in mas_store_prealloc
       6  INFO: task hung in d_alloc_parallel
       6  INFO: task hung in d_alloc_parallel
       7  INFO: task hung in d_alloc_parallel
       8  INFO: task hung in d_alloc_parallel
      10  INFO: rcu detected stall in corrupted
The bug was not found.
About 4 commits remaining

2025-03-14 13:37:18
Session:   15
Kernel:    2022-10-20 - 612b8a317023e1396965aacac43d80053c6e77db
Compiler:  ccache /home/syzretrospector/compilers/gcc-10.2.1-20210110/bin/gcc
Attempt 1:
    Time  Bug Name
       3  INFO: rcu detected stall in corrupted
       5  kernel BUG in mas_store_prealloc
       9  INFO: task hung in d_alloc_parallel
The bug was not found.
About 2 commits remaining

==== Partial Result: Focused Fuzzing ====
Reproducer:           /home/syzretrospector/syzinspector/wd-bisector-4/reproducers/repro-bug0889-0.prog
Bisection Result:     2022-10-20 - 71e2d666ef85d51834d658830f823560c402b8b6
Bisected Commit Name: mm/huge_memory: do not clobber swp_entry_t during THP split
Stage Time:           6h59m47s
Run Time:             6h59m55s
=========================================

==== Anchor Commit ====

2025-03-14 13:52:42
Session:   16
Kernel:    2022-10-20 - 612b8a317023e1396965aacac43d80053c6e77db
Compiler:  ccache /home/syzretrospector/compilers/gcc-10.2.1-20210110/bin/gcc
Attempt 0:
    possible deadlock in vivid_update_format_cap
Attempt 1:
    possible deadlock in vivid_update_format_cap
Attempt 2:
    possible deadlock in vivid_update_format_cap
Attempt 3:
    possible deadlock in vivid_update_format_cap
Attempt 4:
    possible deadlock in vivid_update_format_cap
Attempt 5:
    possible deadlock in vivid_update_format_cap
Attempt 6:
    possible deadlock in vivid_update_format_cap
Attempt 7:
    possible deadlock in vivid_update_format_cap
The bug was not found.

Failure: This bug cannot be found at the anchor commit.

====================================================================================================================================================
Bug Name:             WARNING in split_huge_page_to_list
Bug Link:             https://syzkaller.appspot.com/bug?extid=07a218429c8d19b1fb25
Bisection Result:     2022-10-20 - 71e2d666ef85d51834d658830f823560c402b8b6
Bisected Commit Name: mm/huge_memory: do not clobber swp_entry_t during THP split
Run Time:             7h7m59s

Anchor Commit:        2022-10-21 - 4da34b7d175dc99b8befebd69e96546c960d526c
Bisection Result:     2022-10-20 - 71e2d666ef85d51834d658830f823560c402b8b6
