./bin/bisector -i 5 -c /home/meerkat/meerkat/wd-bisector-5/bisector.cfg -a d192f5382581d972c4ae1b4d72e0b59b34cadeb9 -F ff-test,poc-test,stateful-corpus,ff-no-find-backup
Bisecting:          KASAN: stack-out-of-bounds Write in __nla_validate_parse
Syzbot Link:        https://syzkaller.appspot.com/bug?id=c8dd3b254fe77feaac61c01bd1de7e1b9a876703
Working Name:       bug0822

No aliases given.

Anchor Commit:      d192f5382581d972c4ae1b4d72e0b59b34cadeb9
Repository:         https://git.kernel.org/pub/scm/linux/kernel/git/torvalds/linux.git
Branch:             master
Arch:               amd64

Bisector:           /home/meerkat/meerkat/
Version:            1.0.4
Kernel:             /home/meerkat/meerkat/wd-bisector-5/kernel/
Syzkaller:          /home/meerkat/meerkat/syzkaller/
Compilers:          /home/meerkat/compilers/
Ccache:             ccache
Image:              /home/meerkat/images/stretch/stretch.img
Image Key:          /home/meerkat/images/stretch/stretch.id_rsa

Workdir:            /home/meerkat/meerkat/wd-bisector-5/
Kconfig:            /home/meerkat/meerkat/wd-bisector-5/config-bug0822.txt
Reproducers: (1)    /home/meerkat/meerkat/wd-bisector-5/reproducers/
Primary PoC:        /home/meerkat/meerkat/wd-bisector-5/reproducers/repro-bug0822-1.prog
Syzkaller Workdir:  /home/meerkat/meerkat/wd-bisector-5/wd-kaller/
Log Directory:      /home/meerkat/meerkat/wd-bisector-5/log/

Syscalls: (14)      ["getsockname$packet", "sendmsg$nl_route_sched", "socket", "socket$netlink", "socket$nl_route", "syz_genetlink_get_family_id$nl80211", "socket$packet", "socket$nl_generic", "sendmsg$NL80211_CMD_GET_WIPHY", "ioctl$F2FS_IOC_START_ATOMIC_WRITE", "openat$selinux_enforce", "bpf$OBJ_GET_PROG", "sendmsg$NL80211_CMD_GET_INTERFACE", "ioctl$sock_SIOCGIFINDEX_80211"]
VM Count:           8
CPU Count:          2
Procs:              16
Memory:             4096
Make Procs:         16
Max Time:           10
Max Attempts:       1

==== Anchor Commit ====

2025-03-22 08:16:24
Session:   1
Kernel:    2023-07-21 - d192f5382581d972c4ae1b4d72e0b59b34cadeb9
Compiler:  ccache /home/meerkat/compilers/gcc-10.2.1-20210110/bin/gcc
Attempt 1:
    No crashes found.
Attempt 2: (RETRY)
    No crashes found.
Attempt 3: (RETRY)
    No crashes found.
The bug was not found.

Failure: This bug cannot be found at the anchor commit.
