./bin/bisector -i 5 -c /home/meerkat/meerkat/wd-bisector-5/bisector.cfg -a 7d2f353b2682dcfe5f9bc71e5b61d5b61770d98e -F ff-test,poc-test,stateful-corpus,ff-no-find-backup
Bisecting:          general protection fault in tls_merge_open_record
Syzbot Link:        https://syzkaller.appspot.com/bug?extid=40d43509a099ea756317
Working Name:       bug0775

No aliases given.

Anchor Commit:      7d2f353b2682dcfe5f9bc71e5b61d5b61770d98e
Repository:         https://git.kernel.org/pub/scm/linux/kernel/git/torvalds/linux.git
Branch:             master
Arch:               amd64

Bisector:           /home/meerkat/meerkat/
Version:            1.0.4
Kernel:             /home/meerkat/meerkat/wd-bisector-5/kernel/
Syzkaller:          /home/meerkat/meerkat/syzkaller/
Compilers:          /home/meerkat/compilers/
Ccache:             ccache
Image:              /home/meerkat/images/stretch/stretch.img
Image Key:          /home/meerkat/images/stretch/stretch.id_rsa

Workdir:            /home/meerkat/meerkat/wd-bisector-5/
Kconfig:            /home/meerkat/meerkat/wd-bisector-5/config-bug0775.txt
Reproducers: (1)    /home/meerkat/meerkat/wd-bisector-5/reproducers/
Primary PoC:        /home/meerkat/meerkat/wd-bisector-5/reproducers/repro-bug0775-1.prog
Syzkaller Workdir:  /home/meerkat/meerkat/wd-bisector-5/wd-kaller/
Log Directory:      /home/meerkat/meerkat/wd-bisector-5/log/

Syscalls: (20)      ["connect$inet6", "ioctl$int_in", "mount$9p_fd", "openat$cgroup_ro", "sendfile", "setsockopt$inet6_tcp_TCP_REPAIR_QUEUE", "setsockopt$inet6_tcp_TCP_ULP", "setsockopt$inet6_tcp_TLS_TX", "setsockopt$inet6_tcp_int", "socket$inet6_tcp", "write$binfmt_script", "socket$inet6", "openat$cgroup_root", "openat$binfmt", "socket", "pipe2$9p", "getuid", "setgid", "getgid", "syz_create_resource$binfmt"]
VM Count:           4
CPU Count:          4
Procs:              24
Memory:             4096
Make Procs:         16
Max Time:           10
Max Attempts:       1

==== Anchor Commit ====

2025-03-18 10:16:46
Session:   1
Kernel:    2023-08-25 - 7d2f353b2682dcfe5f9bc71e5b61d5b61770d98e
Compiler:  ccache /home/meerkat/compilers/gcc-10.2.1-20210110/bin/gcc
Attempt 1:
    Time  Bug Name
       6  suppressed report
       7  suppressed report
       7  suppressed report
       9  WARNING in send_hsr_supervision_frame
      10  suppressed report
      10  suppressed report
Attempt 2: (RETRY)
    Time  Bug Name
       6  suppressed report
       7  WARNING in send_hsr_supervision_frame
       7  suppressed report
       7  suppressed report
Attempt 3: (RETRY)
    Time  Bug Name
       4  UBSAN: shift-out-of-bounds in v9fs_mount
       5  suppressed report
       5  suppressed report
       8  suppressed report
       8  suppressed report
       9  suppressed report
      10  suppressed report
The bug was not found.

Failure: This bug cannot be found at the anchor commit.
