./bin/bisector -i 5 -c /home/meerkat/meerkat/wd-bisector-5/bisector.cfg -a c40e8341e3b3bb27e3a65b06b5b454626234c4f0 -F ff-test,poc-test,stateful-corpus,ff-no-find-backup
Bisecting:          WARNING in cpuset_attach
Warning: No syscall found that produces fd_vhost.
Syzbot Link:        https://syzkaller.appspot.com/bug?id=ebc211955b45979316c29fa25589c49160fa48cc
Working Name:       bug0190

No aliases given.

Anchor Commit:      c40e8341e3b3bb27e3a65b06b5b454626234c4f0
Repository:         https://git.kernel.org/pub/scm/linux/kernel/git/torvalds/linux.git
Branch:             master
Arch:               amd64

Bisector:           /home/meerkat/meerkat/
Version:            1.0.4
Kernel:             /home/meerkat/meerkat/wd-bisector-5/kernel/
Syzkaller:          /home/meerkat/meerkat/syzkaller/
Compilers:          /home/meerkat/compilers/
Ccache:             ccache
Image:              /home/meerkat/images/stretch/stretch.img
Image Key:          /home/meerkat/images/stretch/stretch.id_rsa

Workdir:            /home/meerkat/meerkat/wd-bisector-5/
Kconfig:            /home/meerkat/meerkat/wd-bisector-5/config-bug0190.txt
Reproducers: (1)    /home/meerkat/meerkat/wd-bisector-5/reproducers/
Syzkaller Workdir:  /home/meerkat/meerkat/wd-bisector-5/wd-kaller/
Log Directory:      /home/meerkat/meerkat/wd-bisector-5/log/

Syscalls: (4)       ["ioctl$VHOST_SET_VRING_BASE", "openat$vhost_vsock", "ioctl$F2FS_IOC_START_ATOMIC_WRITE", "openat$selinux_enforce"]
VM Count:           8
CPU Count:          2
Procs:              16
Memory:             4096
Make Procs:         16
Max Time:           10
Max Attempts:       1

==== Anchor Commit ====

2025-03-13 02:40:17
Session:   1
Kernel:    2022-08-23 - c40e8341e3b3bb27e3a65b06b5b454626234c4f0
Compiler:  ccache /home/meerkat/compilers/gcc-10.2.1-20210110/bin/gcc
Attempt 1:
    No crashes found.
Attempt 2: (RETRY)
    Time  Bug Name
       2  INFO: rcu detected stall in corrupted
Attempt 3: (RETRY)
    Time  Bug Name
       2  INFO: rcu detected stall in corrupted
The bug was not found.

Failure: This bug cannot be found at the anchor commit.
