./bin/bisector -i 5 -c /home/syzretrospector/syzinspector/wd-bisector-5/bisector.cfg -a ce583d5fb9d3f4e20473b9d5619d51ea3cc92283 -F ff-test,poc-test,stateful-corpus,ff-no-find-backup
Bisecting:          WARNING in ieee80211_bss_info_change_notify
Syzbot Link:        https://syzkaller.appspot.com/bug?extid=dd4779978217b1973180
Working Name:       bug0746

No aliases given.

Anchor Commit:      ce583d5fb9d3f4e20473b9d5619d51ea3cc92283
Repository:         https://git.kernel.org/pub/scm/linux/kernel/git/torvalds/linux.git
Branch:             master
Arch:               amd64

Bisector:           /home/syzretrospector/syzinspector/
Version:            1.0.4
Kernel:             /home/syzretrospector/syzinspector/wd-bisector-5/kernel/
Syzkaller:          /home/syzretrospector/syzinspector/syzkaller/
Compilers:          /home/syzretrospector/compilers/
Ccache:             ccache
Image:              /home/syzretrospector/images/stretch/stretch.img
Image Key:          /home/syzretrospector/images/stretch/stretch.id_rsa

Workdir:            /home/syzretrospector/syzinspector/wd-bisector-5/
Kconfig:            /home/syzretrospector/syzinspector/wd-bisector-5/config-bug0746.txt
Reproducers: (7)    /home/syzretrospector/syzinspector/wd-bisector-5/reproducers/
Primary PoC:        /home/syzretrospector/syzinspector/wd-bisector-5/reproducers/repro-bug0746-1.prog
Syzkaller Workdir:  /home/syzretrospector/syzinspector/wd-bisector-5/wd-kaller/
Log Directory:      /home/syzretrospector/syzinspector/wd-bisector-5/log/

Syscalls: (17)      ["ioctl$sock_SIOCGIFINDEX_80211", "sendmsg$NL80211_CMD_NEW_INTERFACE", "sendmsg$NL80211_CMD_SET_INTERFACE", "sendmsg$netlink", "socket$inet6_icmp_raw", "socket$netlink", "socket$nl_generic", "socket$nl_route", "syz_genetlink_get_family_id$nl80211", "socket", "sendmsg$NL80211_CMD_GET_INTERFACE", "openat$selinux_enforce", "socket$inet6", "syz_clone", "getuid", "setgid", "getgid"]
VM Count:           8
CPU Count:          2
Procs:              16
Memory:             4096
Make Procs:         16
Max Time:           10
Max Attempts:       1

==== Anchor Commit ====

2025-03-15 20:39:51
Session:   1
Kernel:    2023-10-12 - ce583d5fb9d3f4e20473b9d5619d51ea3cc92283
Compiler:  ccache /home/syzretrospector/compilers/gcc-10.2.1-20210110/bin/gcc
Attempt 1:
    Time  Bug Name
***    2  WARNING in ieee80211_bss_info_change_notify
Attempt 2: (RETRY)
    Time  Bug Name
***    2  WARNING in ieee80211_bss_info_change_notify
Attempt 3: (RETRY)
    Time  Bug Name
***    2  WARNING in ieee80211_bss_info_change_notify
***    2  WARNING in ieee80211_bss_info_change_notify
***    2  WARNING in ieee80211_bss_info_change_notify
The bug was found.

New Max Time: 10

==== Major Release Search ====
19 Releases

2025-03-15 20:59:09
Session:   2
Kernel:    2023-06-25 - 6995e2de6891c724bfeb2db33d7b87775f913ad1 (v6.4)
Compiler:  ccache /home/syzretrospector/compilers/gcc-10.2.1-20210110/bin/gcc
Attempt 1:
    Time  Bug Name
***    2  WARNING in ieee80211_bss_info_change_notify
***    2  WARNING in ieee80211_bss_info_change_notify
***    2  WARNING in ieee80211_bss_info_change_notify
***    2  WARNING in ieee80211_bss_info_change_notify
***    2  WARNING in ieee80211_bss_info_change_notify
Running syz-repro.
New PoC saved at /home/syzretrospector/syzinspector/wd-bisector-5/reproducers/repro-bug0746-0.prog
Primary PoC:     /home/syzretrospector/syzinspector/wd-bisector-5/reproducers/repro-bug0746-0.prog
Run Time:        0h15m0s
The bug was found.
About 18 releases remaining

2025-03-15 21:29:42
Session:   3
Kernel:    2023-04-23 - 457391b0380335d5e9a5babdec90ac53928b23b4 (v6.3)
Compiler:  ccache /home/syzretrospector/compilers/gcc-10.2.1-20210110/bin/gcc
Attempt 1:
    Time  Bug Name
***    2  WARNING in ieee80211_bss_info_change_notify
***    2  WARNING in ieee80211_bss_info_change_notify
***    2  WARNING in ieee80211_bss_info_change_notify
***    2  WARNING in ieee80211_bss_info_change_notify
***    2  WARNING in ieee80211_bss_info_change_notify
***    2  WARNING in ieee80211_bss_info_change_notify
The bug was found.
About 17 releases remaining

2025-03-15 21:44:58
Session:   4
Kernel:    2023-02-19 - c9c3395d5e3dcc6daee66c6908354d47bf98cb0c (v6.2)
Compiler:  ccache /home/syzretrospector/compilers/gcc-10.2.1-20210110/bin/gcc
Attempt 1:
    Time  Bug Name
***    2  WARNING in ieee80211_bss_info_change_notify
***    2  WARNING in ieee80211_bss_info_change_notify
***    2  WARNING in ieee80211_bss_info_change_notify
***    2  WARNING in ieee80211_bss_info_change_notify
***    2  WARNING in ieee80211_bss_info_change_notify
***    2  WARNING in ieee80211_bss_info_change_notify
The bug was found.
About 16 releases remaining

2025-03-15 22:00:45
Session:   5
Kernel:    2022-10-02 - 4fe89d07dcc2804c8b562f6c7896a45643d34b2f (v6.0)
Compiler:  ccache /home/syzretrospector/compilers/gcc-10.2.1-20210110/bin/gcc
Attempt 1:
    Time  Bug Name
       2  INFO: rcu detected stall in corrupted
***    2  WARNING in ieee80211_bss_info_change_notify
***    2  WARNING in ieee80211_bss_info_change_notify
***    2  WARNING in ieee80211_bss_info_change_notify
***    2  WARNING in ieee80211_bss_info_change_notify
***    2  WARNING in ieee80211_bss_info_change_notify
Running syz-repro.
New PoC saved at /home/syzretrospector/syzinspector/wd-bisector-5/reproducers/repro-bug0746-3.prog
Primary PoC:     /home/syzretrospector/syzinspector/wd-bisector-5/reproducers/repro-bug0746-3.prog
Run Time:        0h16m0s
The bug was found.
About 15 releases remaining

2025-03-15 22:32:14
Session:   6
Kernel:    2022-05-22 - 4b0986a3613c92f4ec1bdc7f60ec66fea135991f (v5.18)
Compiler:  ccache /home/syzretrospector/compilers/gcc-10.2.1-20210110/bin/gcc
Attempt 1:
    Time  Bug Name
       4  WARNING: ODEBUG bug in netdev_run_todo
The bug was not found.
About 14 releases remaining

==== Kernel Bisection ====
32984 Linux commits

2025-03-15 22:54:49
Session:   7
Kernel:    2022-08-01 - 0fac198def2b41138850867b6aa92044c76ff802
Compiler:  ccache /home/syzretrospector/compilers/gcc-10.2.1-20210110/bin/gcc
Attempt 1:
    Time  Bug Name
       7  WARNING: ODEBUG bug in netdev_run_todo
The bug was not found.
About 16505 commits remaining

2025-03-15 23:17:50
Session:   8
Kernel:    2022-08-04 - 723c188d5cd42a07344f997b0b7e1d83b4173c8d
Compiler:  ccache /home/syzretrospector/compilers/gcc-10.2.1-20210110/bin/gcc
Attempt 1:
    Time  Bug Name
       2  INFO: rcu detected stall in corrupted
       2  WARNING: ODEBUG bug in mgmt_index_removed
***    2  WARNING in ieee80211_bss_info_change_notify
***    2  WARNING in ieee80211_bss_info_change_notify
***    2  WARNING in ieee80211_bss_info_change_notify
***    2  WARNING in ieee80211_bss_info_change_notify
***    2  WARNING in ieee80211_bss_info_change_notify
***    2  WARNING in ieee80211_bss_info_change_notify
The bug was found.
About 8315 commits remaining

2025-03-15 23:32:47
Session:   9
Kernel:    2022-08-03 - 526942b8134cc34d25d27f95dfff98b8ce2f6fcd
Compiler:  ccache /home/syzretrospector/compilers/gcc-10.2.1-20210110/bin/gcc
Attempt 1:
    Time  Bug Name
       5  WARNING in drv_bss_info_changed
       5  WARNING: ODEBUG bug in netdev_run_todo
The bug was not found.
About 5187 commits remaining

2025-03-15 23:55:28
Session:   10
Kernel:    2022-08-03 - 12b68040a5e468068fd7f4af1150eab8f6e96235
Compiler:  ccache /home/syzretrospector/compilers/gcc-10.2.1-20210110/bin/gcc
Attempt 1:
    Time  Bug Name
       1  WARNING: ODEBUG bug in mgmt_index_removed
       2  INFO: rcu detected stall in corrupted
***    2  WARNING in ieee80211_bss_info_change_notify
***    2  WARNING in ieee80211_bss_info_change_notify
***    2  WARNING in ieee80211_bss_info_change_notify
***    2  WARNING in ieee80211_bss_info_change_notify
***    2  WARNING in ieee80211_bss_info_change_notify
***    2  WARNING in ieee80211_bss_info_change_notify
The bug was found.
About 2564 commits remaining

2025-03-16 00:10:07
Session:   11
Kernel:    2022-07-21 - b945804d993072e24138741ab67e28f6b09b2502
Compiler:  ccache /home/syzretrospector/compilers/gcc-10.2.1-20210110/bin/gcc
Attempt 1:
    Time  Bug Name
       2  INFO: trying to register non-static key in ieee80211_do_stop
       2  INFO: trying to register non-static key in ieee80211_do_stop
       2  INFO: trying to register non-static key in ieee80211_do_stop
       2  INFO: trying to register non-static key in ieee80211_do_stop
       2  INFO: trying to register non-static key in ieee80211_do_stop
       2  INFO: trying to register non-static key in ieee80211_do_stop
       2  INFO: trying to register non-static key in ieee80211_do_stop
       2  INFO: trying to register non-static key in ieee80211_do_stop
       3  INFO: trying to register non-static key in ieee80211_do_stop
       3  INFO: trying to register non-static key in ieee80211_do_stop
       3  INFO: trying to register non-static key in ieee80211_do_stop
       3  INFO: trying to register non-static key in ieee80211_do_stop
       3  INFO: trying to register non-static key in ieee80211_do_stop
       3  INFO: trying to register non-static key in ieee80211_do_stop
       3  INFO: trying to register non-static key in ieee80211_do_stop
       3  INFO: trying to register non-static key in ieee80211_do_stop
       4  INFO: trying to register non-static key in ieee80211_do_stop
       4  INFO: trying to register non-static key in ieee80211_do_stop
       4  INFO: trying to register non-static key in ieee80211_do_stop
       4  INFO: trying to register non-static key in ieee80211_do_stop
       4  INFO: trying to register non-static key in ieee80211_do_stop
       4  INFO: trying to register non-static key in ieee80211_do_stop
       4  INFO: trying to register non-static key in ieee80211_do_stop
       4  INFO: trying to register non-static key in ieee80211_do_stop
       5  INFO: trying to register non-static key in ieee80211_do_stop
       5  INFO: trying to register non-static key in ieee80211_do_stop
       5  INFO: trying to register non-static key in ieee80211_do_stop
       5  INFO: trying to register non-static key in ieee80211_do_stop
       5  INFO: trying to register non-static key in ieee80211_do_stop
       5  INFO: trying to register non-static key in ieee80211_do_stop
       5  INFO: trying to register non-static key in ieee80211_do_stop
       6  INFO: trying to register non-static key in ieee80211_do_stop
       6  INFO: trying to register non-static key in ieee80211_do_stop
       6  INFO: trying to register non-static key in ieee80211_do_stop
       6  INFO: trying to register non-static key in ieee80211_do_stop
       7  INFO: trying to register non-static key in ieee80211_do_stop
       7  INFO: trying to register non-static key in ieee80211_do_stop
       7  INFO: trying to register non-static key in ieee80211_do_stop
       7  INFO: trying to register non-static key in ieee80211_do_stop
       7  INFO: trying to register non-static key in ieee80211_do_stop
       8  INFO: trying to register non-static key in ieee80211_do_stop
       8  INFO: trying to register non-static key in ieee80211_do_stop
       8  INFO: trying to register non-static key in ieee80211_do_stop
       9  INFO: trying to register non-static key in ieee80211_do_stop
       9  INFO: trying to register non-static key in ieee80211_do_stop
       9  INFO: trying to register non-static key in ieee80211_do_stop
       9  INFO: trying to register non-static key in ieee80211_do_stop
       9  INFO: trying to register non-static key in ieee80211_do_stop
      10  INFO: trying to register non-static key in ieee80211_do_stop
      10  INFO: trying to register non-static key in ieee80211_do_stop
      10  INFO: trying to register non-static key in ieee80211_do_stop
      10  INFO: trying to register non-static key in ieee80211_do_stop
The bug was not found.
About 4730 commits remaining

2025-03-16 00:32:37
Session:   12
Kernel:    2022-07-29 - ff4970b130e74af4f2fe5bc6a7a963bc977cae1a
Compiler:  ccache /home/syzretrospector/compilers/gcc-10.2.1-20210110/bin/gcc
Attempt 1:
    Time  Bug Name
       2  WARNING: ODEBUG bug in mgmt_index_removed
***    2  WARNING in ieee80211_bss_info_change_notify
***    2  WARNING in ieee80211_bss_info_change_notify
***    2  WARNING in ieee80211_bss_info_change_notify
***    2  WARNING in ieee80211_bss_info_change_notify
***    2  WARNING in ieee80211_bss_info_change_notify
***    2  WARNING in ieee80211_bss_info_change_notify
***    2  WARNING in ieee80211_bss_info_change_notify
Running syz-repro.
Run Time:        0h3m0s
The bug was found.
About 840 commits remaining

2025-03-16 00:50:14
Session:   13
Kernel:    2022-07-29 - 5cc8cc4406edee1bc22991c23d38efbbb797aa6d
Compiler:  ccache /home/syzretrospector/compilers/gcc-10.2.1-20210110/bin/gcc
Attempt 1:
    Time  Bug Name
***    2  WARNING in ieee80211_bss_info_change_notify
***    2  WARNING in ieee80211_bss_info_change_notify
***    2  WARNING in ieee80211_bss_info_change_notify
***    2  WARNING in ieee80211_bss_info_change_notify
***    2  WARNING in ieee80211_bss_info_change_notify
***    2  WARNING in ieee80211_bss_info_change_notify
***    2  WARNING in ieee80211_bss_info_change_notify
***    2  WARNING in ieee80211_bss_info_change_notify
Running syz-repro.
Run Time:        0h19m0s
The bug was found.
About 264 commits remaining

2025-03-16 01:21:38
Session:   14
Kernel:    2022-07-18 - ec65e0e9acf758585249e43a51abf082ba1af582
Compiler:  ccache /home/syzretrospector/compilers/gcc-10.2.1-20210110/bin/gcc
Attempt 1:
    Time  Bug Name
       2  INFO: trying to register non-static key in ieee80211_do_stop
       2  INFO: trying to register non-static key in ieee80211_do_stop
       2  INFO: trying to register non-static key in ieee80211_do_stop
       2  INFO: trying to register non-static key in ieee80211_do_stop
       2  INFO: trying to register non-static key in ieee80211_do_stop
       2  INFO: trying to register non-static key in ieee80211_do_stop
       2  INFO: trying to register non-static key in ieee80211_do_stop
       2  INFO: trying to register non-static key in ieee80211_do_stop
       3  INFO: trying to register non-static key in ieee80211_do_stop
       3  INFO: trying to register non-static key in ieee80211_do_stop
       3  INFO: trying to register non-static key in ieee80211_do_stop
       3  INFO: trying to register non-static key in ieee80211_do_stop
       3  INFO: trying to register non-static key in ieee80211_do_stop
       3  INFO: trying to register non-static key in ieee80211_do_stop
       3  INFO: trying to register non-static key in ieee80211_do_stop
       3  INFO: trying to register non-static key in ieee80211_do_stop
       4  INFO: trying to register non-static key in ieee80211_do_stop
       4  INFO: trying to register non-static key in ieee80211_do_stop
       4  INFO: trying to register non-static key in ieee80211_do_stop
       4  INFO: trying to register non-static key in ieee80211_do_stop
       4  INFO: trying to register non-static key in ieee80211_do_stop
       4  INFO: trying to register non-static key in ieee80211_do_stop
       4  INFO: trying to register non-static key in ieee80211_do_stop
       4  INFO: trying to register non-static key in ieee80211_do_stop
       5  INFO: trying to register non-static key in ieee80211_do_stop
       5  INFO: trying to register non-static key in ieee80211_do_stop
       5  INFO: trying to register non-static key in ieee80211_do_stop
       5  INFO: trying to register non-static key in ieee80211_do_stop
       6  INFO: trying to register non-static key in ieee80211_do_stop
       6  INFO: trying to register non-static key in ieee80211_do_stop
       6  INFO: trying to register non-static key in ieee80211_do_stop
       7  INFO: trying to register non-static key in ieee80211_do_stop
       7  INFO: trying to register non-static key in ieee80211_do_stop
       7  INFO: trying to register non-static key in ieee80211_do_stop
       7  INFO: trying to register non-static key in ieee80211_do_stop
       7  INFO: trying to register non-static key in ieee80211_do_stop
       8  INFO: trying to register non-static key in ieee80211_do_stop
       8  INFO: trying to register non-static key in ieee80211_do_stop
       8  INFO: trying to register non-static key in ieee80211_do_stop
       8  INFO: trying to register non-static key in ieee80211_do_stop
       9  INFO: trying to register non-static key in ieee80211_do_stop
       9  INFO: trying to register non-static key in ieee80211_do_stop
       9  INFO: trying to register non-static key in ieee80211_do_stop
       9  INFO: trying to register non-static key in ieee80211_do_stop
      10  INFO: trying to register non-static key in ieee80211_do_stop
      10  INFO: trying to register non-static key in ieee80211_do_stop
      10  INFO: trying to register non-static key in ieee80211_do_stop
      10  INFO: trying to register non-static key in ieee80211_do_stop
The bug was not found.
About 142 commits remaining

2025-03-16 01:38:08
Session:   15
Kernel:    2022-07-11 - fc8f841bacfc092d0ca0f3022dc9bdf8e570797b
Compiler:  ccache /home/syzretrospector/compilers/gcc-10.2.1-20210110/bin/gcc
Attempt 1:
    Time  Bug Name
***    2  WARNING in ieee80211_bss_info_change_notify
***    2  WARNING in ieee80211_bss_info_change_notify
***    2  WARNING in ieee80211_bss_info_change_notify
***    2  WARNING in ieee80211_bss_info_change_notify
***    2  WARNING in ieee80211_bss_info_change_notify
***    2  WARNING in ieee80211_bss_info_change_notify
Running syz-repro.
New PoC saved at /home/syzretrospector/syzinspector/wd-bisector-5/reproducers/repro-bug0746-4.prog
Primary PoC:     /home/syzretrospector/syzinspector/wd-bisector-5/reproducers/repro-bug0746-4.prog
Run Time:        0h13m0s
The bug was found.
About 71 commits remaining

2025-03-16 02:05:50
Session:   16
Kernel:    2022-07-11 - 364718c94ac2ea4e51958ac0aa15c9092c785a3a
Compiler:  ccache /home/syzretrospector/compilers/gcc-10.2.1-20210110/bin/gcc
Attempt 1:
    Time  Bug Name
***    2  WARNING in ieee80211_bss_info_change_notify
***    2  WARNING in ieee80211_bss_info_change_notify
***    2  WARNING in ieee80211_bss_info_change_notify
***    2  WARNING in ieee80211_bss_info_change_notify
***    2  WARNING in ieee80211_bss_info_change_notify
***    2  WARNING in ieee80211_bss_info_change_notify
The bug was found.
About 36 commits remaining

2025-03-16 02:13:07
Session:   17
Kernel:    2022-07-11 - c132fc7d83bb9f459ef10d7fe082bc301f63cd3b
Compiler:  ccache /home/syzretrospector/compilers/gcc-10.2.1-20210110/bin/gcc
Attempt 1:
    Time  Bug Name
***    2  WARNING in ieee80211_bss_info_change_notify
***    2  WARNING in ieee80211_bss_info_change_notify
***    2  WARNING in ieee80211_bss_info_change_notify
***    2  WARNING in ieee80211_bss_info_change_notify
***    2  WARNING in ieee80211_bss_info_change_notify
***    2  WARNING in ieee80211_bss_info_change_notify
***    2  WARNING in ieee80211_bss_info_change_notify
The bug was found.
About 18 commits remaining

2025-03-16 02:20:18
Session:   18
Kernel:    2022-07-11 - ef55564e2b173d459a4aaae962c84f05aeaf8e36
Compiler:  ccache /home/syzretrospector/compilers/gcc-10.2.1-20210110/bin/gcc
Attempt 1:
    Time  Bug Name
***    2  WARNING in ieee80211_bss_info_change_notify
***    2  WARNING in ieee80211_bss_info_change_notify
***    2  WARNING in ieee80211_bss_info_change_notify
***    2  WARNING in ieee80211_bss_info_change_notify
***    2  WARNING in ieee80211_bss_info_change_notify
***    2  WARNING in ieee80211_bss_info_change_notify
***    2  WARNING in ieee80211_bss_info_change_notify
***    2  WARNING in ieee80211_bss_info_change_notify
Running syz-repro.
New PoC saved at /home/syzretrospector/syzinspector/wd-bisector-5/reproducers/repro-bug0746-6.prog
Primary PoC:     /home/syzretrospector/syzinspector/wd-bisector-5/reproducers/repro-bug0746-3.prog
Run Time:        0h14m0s
The bug was found.
About 9 commits remaining

2025-03-16 02:41:31
Session:   19
Kernel:    2022-07-11 - 162d5c14ba482934334428b3be972571f0c007b0
Compiler:  ccache /home/syzretrospector/compilers/gcc-10.2.1-20210110/bin/gcc
Attempt 1:
    Time  Bug Name
***    2  WARNING in ieee80211_bss_info_change_notify
***    2  WARNING in ieee80211_bss_info_change_notify
***    2  WARNING in ieee80211_bss_info_change_notify
***    2  WARNING in ieee80211_bss_info_change_notify
***    2  WARNING in ieee80211_bss_info_change_notify
The bug was found.
About 5 commits remaining

2025-03-16 02:48:48
Session:   20
Kernel:    2022-07-11 - cffd93411575afd987788e2ec3cb8eaff70f0215
Compiler:  ccache /home/syzretrospector/compilers/gcc-10.2.1-20210110/bin/gcc
Attempt 1:
    Time  Bug Name
***    2  WARNING in ieee80211_bss_info_change_notify
***    2  WARNING in ieee80211_bss_info_change_notify
***    2  WARNING in ieee80211_bss_info_change_notify
***    2  WARNING in ieee80211_bss_info_change_notify
***    2  WARNING in ieee80211_bss_info_change_notify
***    2  WARNING in ieee80211_bss_info_change_notify
The bug was found.
About 3 commits remaining

2025-03-16 02:56:04
Session:   21
Kernel:    2022-07-11 - 63907290faa916ffab1c8455141c79ca8e3a79bb
Compiler:  ccache /home/syzretrospector/compilers/gcc-10.2.1-20210110/bin/gcc
Attempt 1:
    Time  Bug Name
***    2  WARNING in ieee80211_bss_info_change_notify
***    2  WARNING in ieee80211_bss_info_change_notify
***    2  WARNING in ieee80211_bss_info_change_notify
***    2  WARNING in ieee80211_bss_info_change_notify
***    2  WARNING in ieee80211_bss_info_change_notify
***    2  WARNING in ieee80211_bss_info_change_notify
***    2  WARNING in ieee80211_bss_info_change_notify
Running syz-repro.
New PoC saved at /home/syzretrospector/syzinspector/wd-bisector-5/reproducers/repro-bug0746-6.prog
Primary PoC:     /home/syzretrospector/syzinspector/wd-bisector-5/reproducers/repro-bug0746-6.prog
Run Time:        0h15m0s
The bug was found.
About 2 commits remaining

==== Partial Result: Focused Fuzzing ====
Reproducer:           /home/syzretrospector/syzinspector/wd-bisector-5/reproducers/repro-bug0746-6.prog
Bisection Result:     2022-07-11 - 63907290faa916ffab1c8455141c79ca8e3a79bb
Bisected Commit Name: mt76: mt7915: fix endianness in mt7915_rf_regval_get
Stage Time:           6h38m28s
Run Time:             6h38m30s
=========================================

==== Anchor Commit ====

2025-03-16 03:18:19
Session:   22
Kernel:    2022-07-11 - 58b6259d820d63c2adf1c7541b54cce5a2ae6073
Compiler:  ccache /home/syzretrospector/compilers/gcc-10.2.1-20210110/bin/gcc
Attempt 0:
    No crashes found.
Attempt 1:
    No crashes found.
Attempt 2:
    No crashes found.
Attempt 3:
    No crashes found.
Attempt 4:
    No crashes found.
Attempt 5:
    No crashes found.
Attempt 6:
    No crashes found.
Attempt 7:
    No crashes found.
The bug was not found.

Failure: This bug cannot be found at the anchor commit.

====================================================================================================================================================
Bug Name:             WARNING in ieee80211_bss_info_change_notify
Bug Link:             https://syzkaller.appspot.com/bug?extid=dd4779978217b1973180
Bisection Result:     2022-07-11 - 63907290faa916ffab1c8455141c79ca8e3a79bb
Bisected Commit Name: mt76: mt7915: fix endianness in mt7915_rf_regval_get
Run Time:             6h45m51s

Anchor Commit:        2023-10-12 - ce583d5fb9d3f4e20473b9d5619d51ea3cc92283
Bisection Result:     2022-07-11 - 63907290faa916ffab1c8455141c79ca8e3a79bb
