./bin/bisector -i 1 -c /home/syzretrospector/syzinspector/wd-bisector-1/bisector.cfg -a 700170bf6b4d773e328fa54ebb70ba444007c702 -F ff-test,poc-test,stateful-corpus,ff-no-find-backup,poc-all-pocs
Bisecting:          UBSAN: array-index-out-of-bounds in nfnetlink_unbind
Syzbot Link:        https://syzkaller.appspot.com/bug?id=bb7660e85693c73347a5043561f6bf41dc2fdbe5
Working Name:       bug0090

No aliases given.

Anchor Commit:      700170bf6b4d773e328fa54ebb70ba444007c702
Repository:         https://git.kernel.org/pub/scm/linux/kernel/git/torvalds/linux.git
Branch:             master
Arch:               amd64

Bisector:           /home/syzretrospector/syzinspector/
Version:            1.0.5
Kernel:             /home/syzretrospector/syzinspector/wd-bisector-1/kernel/
Syzkaller:          /home/syzretrospector/syzinspector/syzkaller/
Compilers:          /home/syzretrospector/compilers/
Ccache:             ccache
Image:              /home/syzretrospector/images/stretch/stretch.img
Image Key:          /home/syzretrospector/images/stretch/stretch.id_rsa

Workdir:            /home/syzretrospector/syzinspector/wd-bisector-1/
Kconfig:            /home/syzretrospector/syzinspector/wd-bisector-1/config-bug0090.txt
Reproducers: (2)    /home/syzretrospector/syzinspector/wd-bisector-1/reproducers/
Primary PoC:        /home/syzretrospector/syzinspector/wd-bisector-1/reproducers/repro-bug0090-1.prog
Syzkaller Workdir:  /home/syzretrospector/syzinspector/wd-bisector-1/wd-kaller/
Log Directory:      /home/syzretrospector/syzinspector/wd-bisector-1/log/

Syscalls: (6)       ["bind$netlink", "socket$nl_netfilter", "socket$netlink", "socket", "ioctl$F2FS_IOC_START_ATOMIC_WRITE", "openat$selinux_enforce"]
VM Count:           8
CPU Count:          2
Procs:              16
Memory:             4096
Make Procs:         16
Max Time:           10
Max Attempts:       1

==== Anchor Commit ====

2025-04-15 10:22:37
Session:   1
Kernel:    2022-05-31 - 700170bf6b4d773e328fa54ebb70ba444007c702
Compiler:  ccache /home/syzretrospector/compilers/gcc-10.2.1-20210110/bin/gcc
Attempt 1:
    Time  Bug Name
***    2  UBSAN: array-index-out-of-bounds in nfnetlink_unbind
***    2  UBSAN: array-index-out-of-bounds in nfnetlink_unbind
***    2  UBSAN: array-index-out-of-bounds in nfnetlink_unbind
***    2  UBSAN: array-index-out-of-bounds in nfnetlink_unbind
***    2  UBSAN: array-index-out-of-bounds in nfnetlink_unbind
***    2  UBSAN: array-index-out-of-bounds in nfnetlink_unbind
***    2  UBSAN: array-index-out-of-bounds in nfnetlink_unbind
***    2  UBSAN: array-index-out-of-bounds in nfnetlink_unbind
***    2  UBSAN: array-index-out-of-bounds in nfnetlink_unbind
***    2  UBSAN: array-index-out-of-bounds in nfnetlink_unbind
***    2  UBSAN: array-index-out-of-bounds in nfnetlink_unbind
***    2  UBSAN: array-index-out-of-bounds in nfnetlink_unbind
***    2  UBSAN: array-index-out-of-bounds in nfnetlink_unbind
***    2  UBSAN: array-index-out-of-bounds in nfnetlink_unbind
***    2  UBSAN: array-index-out-of-bounds in nfnetlink_unbind
***    2  UBSAN: array-index-out-of-bounds in nfnetlink_unbind
Attempt 2: (RETRY)
    Time  Bug Name
***    1  UBSAN: array-index-out-of-bounds in nfnetlink_unbind
***    1  UBSAN: array-index-out-of-bounds in nfnetlink_unbind
***    1  UBSAN: array-index-out-of-bounds in nfnetlink_unbind
***    1  UBSAN: array-index-out-of-bounds in nfnetlink_unbind
***    1  UBSAN: array-index-out-of-bounds in nfnetlink_unbind
***    1  UBSAN: array-index-out-of-bounds in nfnetlink_unbind
***    1  UBSAN: array-index-out-of-bounds in nfnetlink_unbind
Attempt 3: (RETRY)
    Time  Bug Name
***    1  UBSAN: array-index-out-of-bounds in nfnetlink_unbind
***    1  UBSAN: array-index-out-of-bounds in nfnetlink_unbind
***    1  UBSAN: array-index-out-of-bounds in nfnetlink_unbind
***    1  UBSAN: array-index-out-of-bounds in nfnetlink_unbind
***    1  UBSAN: array-index-out-of-bounds in nfnetlink_unbind
The bug was found.

New Max Time: 10

==== Major Release Search ====
17 Releases

2025-04-15 10:36:22
Session:   2
Kernel:    2022-05-22 - 4b0986a3613c92f4ec1bdc7f60ec66fea135991f (v5.18)
Compiler:  ccache /home/syzretrospector/compilers/gcc-10.2.1-20210110/bin/gcc
Attempt 1:
    No crashes found.
The bug was not found.
About 16 releases remaining

==== Kernel Bisection ====
11713 Linux commits

2025-04-15 10:55:25
Session:   3
Kernel:    2022-05-25 - 86c87bea6b42100c67418af690919c44de6ede6e
Compiler:  ccache /home/syzretrospector/compilers/gcc-10.2.1-20210110/bin/gcc
Attempt 1:
    Time  Bug Name
***    2  UBSAN: array-index-out-of-bounds in nfnetlink_unbind
***    2  UBSAN: array-index-out-of-bounds in nfnetlink_unbind
***    2  UBSAN: array-index-out-of-bounds in nfnetlink_unbind
***    2  UBSAN: array-index-out-of-bounds in nfnetlink_unbind
***    2  UBSAN: array-index-out-of-bounds in nfnetlink_unbind
***    2  UBSAN: array-index-out-of-bounds in nfnetlink_unbind
***    2  UBSAN: array-index-out-of-bounds in nfnetlink_unbind
***    2  UBSAN: array-index-out-of-bounds in nfnetlink_unbind
***    2  UBSAN: array-index-out-of-bounds in nfnetlink_unbind
***    2  UBSAN: array-index-out-of-bounds in nfnetlink_unbind
Running syz-repro.
New PoC saved at /home/syzretrospector/syzinspector/wd-bisector-1/reproducers/repro-bug0090-0.prog
Primary PoC:     /home/syzretrospector/syzinspector/wd-bisector-1/reproducers/repro-bug0090-0.prog
Run Time:        0h3m0s
The bug was found.
About 5170 commits remaining

2025-04-15 11:09:12
Session:   4
Kernel:    2022-05-24 - 7208c9842c50f97327aac20be62edc8ad230f05c
Compiler:  ccache /home/syzretrospector/compilers/gcc-10.2.1-20210110/bin/gcc
Attempt 1:
    No crashes found.
The bug was not found.
About 2585 commits remaining

2025-04-15 11:28:51
Session:   5
Kernel:    2022-05-11 - 01f4685797a5723b0046da03c30185ac9ff42b30
Compiler:  ccache /home/syzretrospector/compilers/gcc-10.2.1-20210110/bin/gcc
Attempt 1:
    No crashes found.
The bug was not found.
About 4394 commits remaining

2025-04-15 11:47:48
Session:   6
Kernel:    2022-05-23 - 1ef0736c0711e2633a59b540931406de626f2836
Compiler:  ccache /home/syzretrospector/compilers/gcc-10.2.1-20210110/bin/gcc
Attempt 1:
    Time  Bug Name
***    2  UBSAN: array-index-out-of-bounds in nfnetlink_unbind
***    2  UBSAN: array-index-out-of-bounds in nfnetlink_unbind
***    2  UBSAN: array-index-out-of-bounds in nfnetlink_unbind
***    2  UBSAN: array-index-out-of-bounds in nfnetlink_unbind
***    2  UBSAN: array-index-out-of-bounds in nfnetlink_unbind
***    2  UBSAN: array-index-out-of-bounds in nfnetlink_unbind
***    2  UBSAN: array-index-out-of-bounds in nfnetlink_unbind
***    2  UBSAN: array-index-out-of-bounds in nfnetlink_unbind
The bug was found.
About 1105 commits remaining

2025-04-15 11:58:36
Session:   7
Kernel:    2022-05-19 - d353e1a3bafd468941d42f6aa59bbd8ac42959b6
Compiler:  ccache /home/syzretrospector/compilers/gcc-10.2.1-20210110/bin/gcc
Attempt 1:
    Time  Bug Name
***    2  UBSAN: array-index-out-of-bounds in nfnetlink_unbind
***    2  UBSAN: array-index-out-of-bounds in nfnetlink_unbind
***    2  UBSAN: array-index-out-of-bounds in nfnetlink_unbind
***    2  UBSAN: array-index-out-of-bounds in nfnetlink_unbind
***    2  UBSAN: array-index-out-of-bounds in nfnetlink_unbind
***    2  UBSAN: array-index-out-of-bounds in nfnetlink_unbind
***    2  UBSAN: array-index-out-of-bounds in nfnetlink_unbind
***    2  UBSAN: array-index-out-of-bounds in nfnetlink_unbind
The bug was found.
About 809 commits remaining

2025-04-15 12:09:23
Session:   8
Kernel:    2022-05-17 - 6e144b47f560edc25744498f360835b1042b73dd
Compiler:  ccache /home/syzretrospector/compilers/gcc-10.2.1-20210110/bin/gcc
Attempt 1:
    Time  Bug Name
       2  KASAN: global-out-of-bounds Read in nfnetlink_unbind
***    2  UBSAN: array-index-out-of-bounds in nfnetlink_unbind
***    2  UBSAN: array-index-out-of-bounds in nfnetlink_unbind
***    2  UBSAN: array-index-out-of-bounds in nfnetlink_unbind
***    2  UBSAN: array-index-out-of-bounds in nfnetlink_unbind
***    2  UBSAN: array-index-out-of-bounds in nfnetlink_unbind
***    2  UBSAN: array-index-out-of-bounds in nfnetlink_unbind
***    2  UBSAN: array-index-out-of-bounds in nfnetlink_unbind
Running syz-repro.
New PoC saved at /home/syzretrospector/syzinspector/wd-bisector-1/reproducers/repro-bug0090-3.prog
Primary PoC:     /home/syzretrospector/syzinspector/wd-bisector-1/reproducers/repro-bug0090-3.prog
Run Time:        0h3m0s
The bug was found.
About 408 commits remaining

2025-04-15 12:20:35
Session:   9
Kernel:    2022-05-16 - 1a01a0751731c807c04e81d3c19c5b782d205af7
Compiler:  ccache /home/syzretrospector/compilers/gcc-10.2.1-20210110/bin/gcc
Attempt 1:
    Time  Bug Name
***    2  UBSAN: array-index-out-of-bounds in nfnetlink_unbind
***    2  UBSAN: array-index-out-of-bounds in nfnetlink_unbind
***    2  UBSAN: array-index-out-of-bounds in nfnetlink_unbind
***    2  UBSAN: array-index-out-of-bounds in nfnetlink_unbind
***    2  UBSAN: array-index-out-of-bounds in nfnetlink_unbind
***    2  UBSAN: array-index-out-of-bounds in nfnetlink_unbind
***    2  UBSAN: array-index-out-of-bounds in nfnetlink_unbind
***    2  UBSAN: array-index-out-of-bounds in nfnetlink_unbind
The bug was found.
About 322 commits remaining

2025-04-15 12:28:05
Session:   10
Kernel:    2022-05-13 - 0f6deac3a07958195173119627502350925dce78
Compiler:  ccache /home/syzretrospector/compilers/gcc-10.2.1-20210110/bin/gcc
Attempt 1:
    No crashes found.
The bug was not found.
About 51 commits remaining

2025-04-15 12:43:29
Session:   11
Kernel:    2022-05-13 - 2c5f1536473b7530adefd09a25cf3fef2cfe01f2
Compiler:  ccache /home/syzretrospector/compilers/gcc-10.2.1-20210110/bin/gcc
Attempt 1:
    No crashes found.
The bug was not found.
About 22 commits remaining

2025-04-15 12:58:12
Session:   12
Kernel:    2022-05-13 - 0bcfbafbcd345f285db0c3788e6359ceac6a008c
Compiler:  ccache /home/syzretrospector/compilers/gcc-10.2.1-20210110/bin/gcc
Attempt 1:
    Time  Bug Name
       5  WARNING: ODEBUG bug in netdev_run_todo
The bug was not found.
About 2164 commits remaining

2025-04-15 13:17:02
Session:   13
Kernel:    2022-05-13 - 8edc813111001e9be3cce066d3d4091d2ef04a1d
Compiler:  ccache /home/syzretrospector/compilers/gcc-10.2.1-20210110/bin/gcc
Attempt 1:
    Time  Bug Name
***    2  UBSAN: array-index-out-of-bounds in nfnetlink_unbind
***    2  UBSAN: array-index-out-of-bounds in nfnetlink_unbind
***    2  UBSAN: array-index-out-of-bounds in nfnetlink_unbind
***    2  UBSAN: array-index-out-of-bounds in nfnetlink_unbind
***    2  UBSAN: array-index-out-of-bounds in nfnetlink_unbind
***    2  UBSAN: array-index-out-of-bounds in nfnetlink_unbind
***    2  UBSAN: array-index-out-of-bounds in nfnetlink_unbind
The bug was found.
About 6 commits remaining

2025-04-15 13:25:06
Session:   14
Kernel:    2022-05-13 - 2794cdb0b97bfe62d25c996c8afe4832207e78bc
Compiler:  ccache /home/syzretrospector/compilers/gcc-10.2.1-20210110/bin/gcc
Attempt 1:
    Time  Bug Name
***    2  UBSAN: array-index-out-of-bounds in nfnetlink_unbind
***    2  UBSAN: array-index-out-of-bounds in nfnetlink_unbind
***    2  UBSAN: array-index-out-of-bounds in nfnetlink_unbind
***    2  UBSAN: array-index-out-of-bounds in nfnetlink_unbind
***    2  UBSAN: array-index-out-of-bounds in nfnetlink_unbind
***    2  UBSAN: array-index-out-of-bounds in nfnetlink_unbind
***    2  UBSAN: array-index-out-of-bounds in nfnetlink_unbind
Running syz-repro.
New PoC saved at /home/syzretrospector/syzinspector/wd-bisector-1/reproducers/repro-bug0090-4.prog
Primary PoC:     /home/syzretrospector/syzinspector/wd-bisector-1/reproducers/repro-bug0090-0.prog
Run Time:        0h3m0s
The bug was found.
About 3 commits remaining

2025-04-15 13:33:02
Session:   15
Kernel:    2022-05-13 - 8169ff584003c871a226719e998bb034231954d6
Compiler:  ccache /home/syzretrospector/compilers/gcc-10.2.1-20210110/bin/gcc
Attempt 1:
    Time  Bug Name
       6  suppressed report
       6  suppressed report
       8  suppressed report
       8  suppressed report
      10  suppressed report
      10  suppressed report
      10  suppressed report
The bug was not found.
About 2 commits remaining

==== Partial Result: Focused Fuzzing ====
Reproducer:           /home/syzretrospector/syzinspector/wd-bisector-1/reproducers/repro-bug0090-0.prog
Bisection Result:     2022-05-13 - 2794cdb0b97bfe62d25c996c8afe4832207e78bc
Bisected Commit Name: netfilter: nfnetlink: allow to detect if ctnetlink listeners exist
Stage Time:           3h23m22s
Run Time:             3h23m23s
=========================================

==== Anchor Commit ====

2025-04-15 13:45:59
Session:   16
Kernel:    2022-05-13 - 8169ff584003c871a226719e998bb034231954d6
Compiler:  ccache /home/syzretrospector/compilers/gcc-10.2.1-20210110/bin/gcc
Attempt 0:
    No crashes found.
Attempt 1:
    No crashes found.
Attempt 2:
    No crashes found.
Attempt 3:
    No crashes found.
Attempt 4:
    WARNING: ODEBUG bug in corrupted
Attempt 5:
    No crashes found.
Attempt 6:
    No crashes found.
Attempt 7:
    No crashes found.
The bug was not found.

Failure: This bug cannot be found at the anchor commit.

==== Partial Result: Primary PoC Test ====
Reproducer:           /home/syzretrospector/syzinspector/wd-bisector-1/reproducers/repro-bug0090-0.prog
Bisection Result:     Failed to reproduce at the anchor commit.
Stage Time:           0h11m2s
Run Time:             3h34m26s
==========================================

==== Anchor Commit ====

2025-04-15 13:57:04
Session:   17
Kernel:    2022-05-13 - 8169ff584003c871a226719e998bb034231954d6
Compiler:  ccache /home/syzretrospector/compilers/gcc-10.2.1-20210110/bin/gcc
Attempt 0:
    No crashes found.
Attempt 1:
    No crashes found.
Attempt 2:
    No crashes found.
Attempt 3:
    No crashes found.
Attempt 4:
    No crashes found.
Attempt 5:
    No crashes found.
Attempt 6:
    No crashes found.
Attempt 7:
    No crashes found.
The bug was not found.

Failure: This bug cannot be found at the anchor commit.

==== Partial Result: Subsequent PoC Test ====
Reproducer:           /home/syzretrospector/syzinspector/wd-bisector-1/reproducers/repro-bug0090-3.prog
Bisection Result:     Failed to reproduce at the anchor commit.
Stage Time:           0h10m57s
Run Time:             3h45m24s
=============================================

==== Anchor Commit ====

2025-04-15 14:08:02
Session:   18
Kernel:    2022-05-13 - 8169ff584003c871a226719e998bb034231954d6
Compiler:  ccache /home/syzretrospector/compilers/gcc-10.2.1-20210110/bin/gcc
Attempt 0:
    No crashes found.
Attempt 1:
    No crashes found.
Attempt 2:
    No crashes found.
Attempt 3:
    No crashes found.
Attempt 4:
    No crashes found.
Attempt 5:
    No crashes found.
Attempt 6:
    No crashes found.
Attempt 7:
    No crashes found.
The bug was not found.

Failure: This bug cannot be found at the anchor commit.

==== Partial Result: Subsequent PoC Test ====
Reproducer:           /home/syzretrospector/syzinspector/wd-bisector-1/reproducers/repro-bug0090-1.prog
Bisection Result:     Failed to reproduce at the anchor commit.
Stage Time:           0h10m49s
Run Time:             3h56m13s
=============================================

==== Anchor Commit ====

2025-04-15 14:18:50
Session:   19
Kernel:    2022-05-13 - 8169ff584003c871a226719e998bb034231954d6
Compiler:  ccache /home/syzretrospector/compilers/gcc-10.2.1-20210110/bin/gcc
Attempt 0:
    No crashes found.
Attempt 1:
    No crashes found.
Attempt 2:
    No crashes found.
Attempt 3:
    No crashes found.
Attempt 4:
    No crashes found.
Attempt 5:
    No crashes found.
Attempt 6:
    No crashes found.
Attempt 7:
    No crashes found.
The bug was not found.

Failure: This bug cannot be found at the anchor commit.

==== Partial Result: Subsequent PoC Test ====
Reproducer:           /home/syzretrospector/syzinspector/wd-bisector-1/reproducers/repro-bug0090-2.prog
Bisection Result:     Failed to reproduce at the anchor commit.
Stage Time:           0h10m30s
Run Time:             4h6m44s
=============================================

====================================================================================================================================================
Bug Name:             UBSAN: array-index-out-of-bounds in nfnetlink_unbind
Bug Link:             https://syzkaller.appspot.com/bug?id=bb7660e85693c73347a5043561f6bf41dc2fdbe5
Bisection Result:     2022-05-13 - 2794cdb0b97bfe62d25c996c8afe4832207e78bc
Bisected Commit Name: netfilter: nfnetlink: allow to detect if ctnetlink listeners exist
Run Time:             4h6m44s

Anchor Commit:        2022-05-31 - 700170bf6b4d773e328fa54ebb70ba444007c702
Bisection Result:     2022-05-13 - 2794cdb0b97bfe62d25c996c8afe4832207e78bc
