./bin/bisector -i 4 -c /home/syzretrospector/syzinspector/wd-bisector-4/bisector.cfg -a 98555239e4c3aab1810d84073166eef6d54eeb3d -F ff-test,poc-test,stateful-corpus,ff-no-find-backup
Bisecting:          general protection fault in skb_queue_tail
Syzbot Link:        https://syzkaller.appspot.com/bug?extid=160a7250e255d25725eb
Working Name:       bug0854

No aliases given.

Anchor Commit:      98555239e4c3aab1810d84073166eef6d54eeb3d
Repository:         https://git.kernel.org/pub/scm/linux/kernel/git/torvalds/linux.git
Branch:             master
Arch:               amd64

Bisector:           /home/syzretrospector/syzinspector/
Version:            1.0.4
Kernel:             /home/syzretrospector/syzinspector/wd-bisector-4/kernel/
Syzkaller:          /home/syzretrospector/syzinspector/syzkaller/
Compilers:          /home/syzretrospector/compilers/
Ccache:             ccache
Image:              /home/syzretrospector/images/stretch/stretch.img
Image Key:          /home/syzretrospector/images/stretch/stretch.id_rsa

Workdir:            /home/syzretrospector/syzinspector/wd-bisector-4/
Kconfig:            /home/syzretrospector/syzinspector/wd-bisector-4/config-bug0854.txt
Reproducers: (2)    /home/syzretrospector/syzinspector/wd-bisector-4/reproducers/
Primary PoC:        /home/syzretrospector/syzinspector/wd-bisector-4/reproducers/repro-bug0854-1.prog
Syzkaller Workdir:  /home/syzretrospector/syzinspector/wd-bisector-4/wd-kaller/
Log Directory:      /home/syzretrospector/syzinspector/wd-bisector-4/log/

Syscalls: (4)       ["syz_usb_connect_ath9k", "syz_usb_ep_write$ath9k_ep2", "syz_usb_control_io", "syz_usb_connect"]
VM Count:           8
CPU Count:          2
Procs:              16
Memory:             4096
Make Procs:         16
Max Time:           10
Max Attempts:       1

==== Anchor Commit ====

2025-03-06 23:29:54
Session:   1
Kernel:    2022-10-26 - 98555239e4c3aab1810d84073166eef6d54eeb3d
Compiler:  ccache /home/syzretrospector/compilers/gcc-10.2.1-20210110/bin/gcc
Attempt 1:
    Time  Bug Name
       2  KASAN: use-after-free Read in kernfs_next_descendant_post
Attempt 2: (RETRY)
    Time  Bug Name
       2  INFO: rcu detected stall in corrupted
***    2  general protection fault in skb_queue_tail
Attempt 3: (RETRY)
    Time  Bug Name
       2  INFO: rcu detected stall in corrupted
***    3  general protection fault in skb_queue_tail
***    3  general protection fault in skb_queue_tail
The bug was found.

New Max Time: 12

==== Major Release Search ====
18 Releases

2025-03-07 00:03:00
Session:   2
Kernel:    2022-10-02 - 4fe89d07dcc2804c8b562f6c7896a45643d34b2f (v6.0)
Compiler:  ccache /home/syzretrospector/compilers/gcc-10.2.1-20210110/bin/gcc
Attempt 1:
    Time  Bug Name
       3  INFO: trying to register non-static key in skb_queue_tail
       3  INFO: trying to register non-static key in skb_queue_tail
       3  INFO: trying to register non-static key in skb_queue_tail
       4  INFO: trying to register non-static key in skb_queue_tail
       4  INFO: trying to register non-static key in skb_queue_tail
The bug was not found.
About 17 releases remaining

==== Kernel Bisection ====
12841 Linux commits

2025-03-07 00:32:18
Session:   3
Kernel:    2022-10-06 - 76e45035348c247a70ed50eb29a9906657e4444f
Compiler:  ccache /home/syzretrospector/compilers/gcc-10.2.1-20210110/bin/gcc
Attempt 1:
    Time  Bug Name
       3  INFO: rcu detected stall in corrupted
      10  SYZFAIL: repeatedly failed to execute the program
The bug was not found.
This commit is flagged as unstable.
About 12841 commits remaining

2025-03-07 01:01:10
Session:   4
Kernel:    2022-10-06 - 7f198ba7ae9874c64ffe8cd3aa60cf5dab78ce3a
Compiler:  ccache /home/syzretrospector/compilers/gcc-10.2.1-20210110/bin/gcc
Attempt 1:
    Time  Bug Name
       3  INFO: rcu detected stall in corrupted
       3  INFO: trying to register non-static key in skb_queue_tail
       3  general protection fault in ath9k_htc_txep
       4  INFO: trying to register non-static key in skb_queue_tail
       7  INFO: trying to register non-static key in skb_queue_tail
       7  INFO: trying to register non-static key in skb_queue_tail
       7  INFO: trying to register non-static key in skb_queue_tail
       7  INFO: trying to register non-static key in skb_queue_tail
       7  INFO: trying to register non-static key in skb_queue_tail
       7  INFO: trying to register non-static key in skb_queue_tail
       8  INFO: trying to register non-static key in skb_queue_tail
       8  INFO: trying to register non-static key in skb_queue_tail
       9  INFO: trying to register non-static key in skb_queue_tail
       9  INFO: trying to register non-static key in skb_queue_tail
      10  INFO: trying to register non-static key in skb_queue_tail
      10  INFO: trying to register non-static key in skb_queue_tail
      10  INFO: trying to register non-static key in skb_queue_tail
      10  INFO: trying to register non-static key in skb_queue_tail
      10  general protection fault in ath9k_htc_txep
      11  INFO: trying to register non-static key in skb_queue_tail
      11  INFO: trying to register non-static key in skb_queue_tail
      12  INFO: trying to register non-static key in skb_queue_tail
      12  INFO: trying to register non-static key in skb_queue_tail
      12  INFO: trying to register non-static key in skb_queue_tail
The bug was not found.
About 6423 commits remaining

2025-03-07 01:18:17
Session:   5
Kernel:    2022-10-10 - 52abb27abfff8c5ddf44eef4d759f3d1e9f166c5
Compiler:  ccache /home/syzretrospector/compilers/gcc-10.2.1-20210110/bin/gcc
Attempt 1:
    No crashes found.
The bug was not found.
About 3214 commits remaining

2025-03-07 01:47:08
Session:   6
Kernel:    2022-10-13 - be8ddea9e75e65b05837f6d51dc5774b866d0bcf
Compiler:  ccache /home/syzretrospector/compilers/gcc-10.2.1-20210110/bin/gcc
Attempt 1:
    Time  Bug Name
      11  WARNING in clocksource_watchdog
      11  WARNING in clocksource_watchdog
      11  WARNING in clocksource_watchdog
      11  WARNING in clocksource_watchdog
      11  WARNING in clocksource_watchdog
      11  WARNING in clocksource_watchdog
      11  WARNING in clocksource_watchdog
      11  WARNING in clocksource_watchdog
The bug was not found.
About 1678 commits remaining

2025-03-07 02:16:08
Session:   7
Kernel:    2022-10-15 - 40053a4b7ebd227e923eb996f5e3e328a647db93
Compiler:  ccache /home/syzretrospector/compilers/gcc-10.2.1-20210110/bin/gcc
Attempt 1:
    Time  Bug Name
      11  WARNING in clocksource_watchdog
      11  WARNING in clocksource_watchdog
      11  WARNING in clocksource_watchdog
      11  WARNING in clocksource_watchdog
      11  WARNING in clocksource_watchdog
      11  WARNING in clocksource_watchdog
      11  WARNING in clocksource_watchdog
      11  WARNING in clocksource_watchdog
The bug was not found.
About 840 commits remaining

2025-03-07 02:45:11
Session:   8
Kernel:    2022-10-20 - e35184f321518acadb681928a016da21a9a20c13
Compiler:  ccache /home/syzretrospector/compilers/gcc-10.2.1-20210110/bin/gcc
Attempt 1:
    Time  Bug Name
***    3  general protection fault in skb_queue_tail
Running syz-repro.
New PoC saved at /home/syzretrospector/syzinspector/wd-bisector-4/reproducers/repro-bug0854-0.prog
Primary PoC:     /home/syzretrospector/syzinspector/wd-bisector-4/reproducers/repro-bug0854-0.prog
Run Time:        0h11m0s
The bug was found.
About 422 commits remaining

2025-03-07 03:16:13
Session:   9
Kernel:    2022-10-16 - 80493877d7d0ae0cbe62921d748682811c58026f
Compiler:  ccache /home/syzretrospector/compilers/gcc-10.2.1-20210110/bin/gcc
Attempt 1:
    Time  Bug Name
       3  INFO: rcu detected stall in corrupted
***    3  general protection fault in skb_queue_tail
***    3  general protection fault in skb_queue_tail
The bug was found.
About 208 commits remaining

2025-03-07 03:36:13
Session:   10
Kernel:    2022-10-14 - 1df046ab1c6520911774911f8c710ca8e981305c
Compiler:  ccache /home/syzretrospector/compilers/gcc-10.2.1-20210110/bin/gcc
Attempt 1:
    Time  Bug Name
      11  WARNING in clocksource_watchdog
      11  WARNING in clocksource_watchdog
      11  WARNING in clocksource_watchdog
      11  WARNING in clocksource_watchdog
      11  WARNING in clocksource_watchdog
      11  WARNING in clocksource_watchdog
      11  WARNING in clocksource_watchdog
      11  WARNING in clocksource_watchdog
The bug was not found.
About 107 commits remaining

2025-03-07 04:05:10
Session:   11
Kernel:    2022-10-14 - 91080ab38f3eaa2a0af4888220d007698a2e7b03
Compiler:  ccache /home/syzretrospector/compilers/gcc-10.2.1-20210110/bin/gcc
Attempt 1:
    Time  Bug Name
      11  WARNING in clocksource_watchdog
      11  WARNING in clocksource_watchdog
      11  WARNING in clocksource_watchdog
      11  WARNING in clocksource_watchdog
      11  WARNING in clocksource_watchdog
      11  WARNING in clocksource_watchdog
      11  WARNING in clocksource_watchdog
      11  WARNING in clocksource_watchdog
The bug was not found.
About 55 commits remaining

2025-03-07 04:30:52
Session:   12
Kernel:    2022-10-13 - e5f12a398371280649ccc9d6eb0b97fd42a5df98
Compiler:  ccache /home/syzretrospector/compilers/gcc-10.2.1-20210110/bin/gcc
Attempt 1:
    Time  Bug Name
       3  INFO: rcu detected stall in corrupted
       3  INFO: trying to register non-static key in skb_queue_tail
The bug was not found.
About 14384 commits remaining

2025-03-07 04:59:50
Session:   13
Kernel:    2022-10-14 - b7270c69a36efc61ed6ebd31a8a458f354a6edc0
Compiler:  ccache /home/syzretrospector/compilers/gcc-10.2.1-20210110/bin/gcc
Attempt 1:
    Time  Bug Name
      11  WARNING in clocksource_watchdog
      11  WARNING in clocksource_watchdog
      11  WARNING in clocksource_watchdog
      11  WARNING in clocksource_watchdog
      11  WARNING in clocksource_watchdog
      11  WARNING in clocksource_watchdog
      11  WARNING in clocksource_watchdog
      11  WARNING in clocksource_watchdog
The bug was not found.
About 19 commits remaining

2025-03-07 05:17:25
Session:   14
Kernel:    2022-10-01 - 305a72efa791c826fe84768ca55e31adc4113ea8
Compiler:  ccache /home/syzretrospector/compilers/gcc-10.2.1-20210110/bin/gcc
Attempt 1:
    Time  Bug Name
       6  INFO: trying to register non-static key in skb_queue_tail
       6  INFO: trying to register non-static key in skb_queue_tail
       6  SYZFAIL: repeatedly failed to execute the program
       6  SYZFAIL: repeatedly failed to execute the program
The bug was not found.
This commit is flagged as unstable.
About 19 commits remaining

2025-03-07 05:46:20
Session:   15
Kernel:    2022-10-15 - 1501278bb7ba0728b869d3399ea94b67853256a2
Compiler:  ccache /home/syzretrospector/compilers/gcc-10.2.1-20210110/bin/gcc
Attempt 1:
    Time  Bug Name
      11  WARNING in clocksource_watchdog
      11  WARNING in clocksource_watchdog
      11  WARNING in clocksource_watchdog
      11  WARNING in clocksource_watchdog
      11  WARNING in clocksource_watchdog
      11  WARNING in clocksource_watchdog
      11  WARNING in clocksource_watchdog
      11  WARNING in clocksource_watchdog
The bug was not found.
About 2 commits remaining
fatal: ambiguous argument '1501278bb7ba0728b869d3399ea94b67853256a2
': unknown revision or path not in the working tree.
Use '--' to separate paths from revisions, like this:
'git <command> [<revision>...] -- [<file>...]'
Warning: Child process git exited with error status 128.
Failed to read commit date: 1501278bb7ba0728b869d3399ea94b67853256a2


==== Partial Result: Focused Fuzzing ====
Reproducer:           /home/syzretrospector/syzinspector/wd-bisector-4/reproducers/repro-bug0854-0.prog
Bisection Result:     2022-10-16 - 80493877d7d0ae0cbe62921d748682811c58026f
Bisected Commit Name: Revert "cpumask: fix checking valid cpu range".
Stage Time:           6h33m48s
Run Time:             6h33m50s
=========================================

==== Anchor Commit ====

2025-03-07 06:03:43
Session:   16
Kernel:    2022-10-15 - 1501278bb7ba0728b869d3399ea94b67853256a2

Compiler:  ccache /home/syzretrospector/compilers/gcc-10.2.1-20210110/bin/gcc
Warning: Child process git exited with error status 128.
Warning: git exited with error status 0x80
Error: Failed to fetch 1501278bb7ba0728b869d3399ea94b67853256a2
 from https://git.kernel.org/pub/scm/linux/kernel/git/torvalds/linux.git
Error: Failed to fetch/checkout linux finding commit
Error: The kernel failed to make.
Error: Failed to go to anchor commit

====================================================================================================================================================
Bug Name:             general protection fault in skb_queue_tail
Bug Link:             https://syzkaller.appspot.com/bug?extid=160a7250e255d25725eb
Bisection Result:     2022-10-16 - 80493877d7d0ae0cbe62921d748682811c58026f
Bisected Commit Name: Revert "cpumask: fix checking valid cpu range".
Run Time:             6h34m0s

Anchor Commit:        2022-10-26 - 98555239e4c3aab1810d84073166eef6d54eeb3d
Bisection Result:     2022-10-16 - 80493877d7d0ae0cbe62921d748682811c58026f
