./bin/bisector -i 5 -c /home/meerkat/meerkat/wd-bisector-5/bisector.cfg -a 200e340f2196d7fd427a5810d06e893b932f145a -F ff-test,poc-test,stateful-corpus,ff-no-find-backup
Bisecting:          BUG: unable to handle kernel paging request in evict
Warning: No syscall found that uses dirid.
Syzbot Link:        https://syzkaller.appspot.com/bug?id=761cc4a2fc81d55f36b6bb4cb9a39cb6de0c34ce
Working Name:       bug0165

No aliases given.

Anchor Commit:      200e340f2196d7fd427a5810d06e893b932f145a
Repository:         https://git.kernel.org/pub/scm/linux/kernel/git/torvalds/linux.git
Branch:             master
Arch:               amd64

Bisector:           /home/meerkat/meerkat/
Version:            1.0.4
Kernel:             /home/meerkat/meerkat/wd-bisector-5/kernel/
Syzkaller:          /home/meerkat/meerkat/syzkaller/
Compilers:          /home/meerkat/compilers/
Ccache:             ccache
Image:              /home/meerkat/images/stretch/stretch.img
Image Key:          /home/meerkat/images/stretch/stretch.id_rsa

Workdir:            /home/meerkat/meerkat/wd-bisector-5/
Kconfig:            /home/meerkat/meerkat/wd-bisector-5/config-bug0165.txt
Reproducers: (4)    /home/meerkat/meerkat/wd-bisector-5/reproducers/
Syzkaller Workdir:  /home/meerkat/meerkat/wd-bisector-5/wd-kaller/
Log Directory:      /home/meerkat/meerkat/wd-bisector-5/log/

Syscalls: (17)      ["chdir", "creat", "ftruncate", "ioctl$BTRFS_IOC_INO_LOOKUP_USER", "openat$cgroup_devices", "syz_mount_image$ntfs3", "syz_mount_image$vfat", "unlink", "write$khugepaged_scan", "openat$cgroup_root", "openat$khugepaged_scan", "ioctl$BTRFS_IOC_GET_SUBVOL_INFO", "ioctl$BTRFS_IOC_INO_LOOKUP", "getuid", "setgid", "getgid", "ioctl$BTRFS_IOC_WAIT_SYNC"]
VM Count:           4
CPU Count:          4
Procs:              24
Memory:             4096
Make Procs:         16
Max Time:           10
Max Attempts:       1

==== Anchor Commit ====

2025-03-10 18:46:52
Session:   1
Kernel:    2022-08-03 - 200e340f2196d7fd427a5810d06e893b932f145a
Compiler:  ccache /home/meerkat/compilers/gcc-10.2.1-20210110/bin/gcc
Attempt 1:
    Time  Bug Name
       4  BUG: unable to handle kernel NULL pointer dereference in hdr_find_e
       4  BUG: unable to handle kernel NULL pointer dereference in hdr_find_e
       5  BUG: unable to handle kernel NULL pointer dereference in hdr_find_e
       6  BUG: unable to handle kernel NULL pointer dereference in hdr_find_e
       6  BUG: unable to handle kernel NULL pointer dereference in hdr_find_e
       7  BUG: unable to handle kernel NULL pointer dereference in hdr_find_e
       7  BUG: unable to handle kernel NULL pointer dereference in hdr_find_e
       7  BUG: unable to handle kernel NULL pointer dereference in hdr_find_e
       9  BUG: unable to handle kernel NULL pointer dereference in hdr_find_e
       9  BUG: unable to handle kernel NULL pointer dereference in hdr_find_e
      10  BUG: unable to handle kernel NULL pointer dereference in hdr_find_e
      10  BUG: unable to handle kernel NULL pointer dereference in hdr_find_e
Attempt 2: (RETRY)
    Time  Bug Name
       4  BUG: unable to handle kernel NULL pointer dereference in hdr_find_e
       5  BUG: unable to handle kernel NULL pointer dereference in hdr_find_e
       5  BUG: unable to handle kernel NULL pointer dereference in hdr_find_e
       6  BUG: unable to handle kernel NULL pointer dereference in hdr_find_e
       6  BUG: unable to handle kernel NULL pointer dereference in hdr_find_e
       8  BUG: unable to handle kernel NULL pointer dereference in hdr_find_e
       9  BUG: unable to handle kernel NULL pointer dereference in hdr_find_e
       9  BUG: unable to handle kernel NULL pointer dereference in hdr_find_e
      10  BUG: unable to handle kernel NULL pointer dereference in hdr_find_e
      10  BUG: unable to handle kernel NULL pointer dereference in hdr_find_e
Attempt 3: (RETRY)
    Time  Bug Name
       2  BUG: unable to handle kernel NULL pointer dereference in hdr_find_e
       4  BUG: unable to handle kernel NULL pointer dereference in hdr_find_e
       6  BUG: unable to handle kernel NULL pointer dereference in hdr_find_e
       6  BUG: unable to handle kernel NULL pointer dereference in hdr_find_e
       6  BUG: unable to handle kernel NULL pointer dereference in hdr_find_e
       8  KASAN: slab-out-of-bounds Read in run_unpack
       8  BUG: unable to handle kernel NULL pointer dereference in hdr_find_e
       9  general protection fault in ni_write_inode
      10  general protection fault in ni_write_inode
      10  BUG: unable to handle kernel NULL pointer dereference in hdr_find_e
The bug was not found.

Failure: This bug cannot be found at the anchor commit.
