./bin/bisector -i 1 -c /mnt/sdd/jtbursey/SyzInspector/wd-bisector-1/bisector.cfg -a 9f7fb8de5d9bac17b6392a14af40baf555d9129b -F ff-test,poc-test,stateful-corpus,ff-no-find-backup
Bisecting:          possible deadlock in ___neigh_create
Syzbot Link:        https://syzkaller.appspot.com/bug?id=46243cd4c222b2ec9f0885efe0142dd1e26a0e39
Working Name:       bug0117

No aliases given.

Anchor Commit:      9f7fb8de5d9bac17b6392a14af40baf555d9129b
Repository:         https://git.kernel.org/pub/scm/linux/kernel/git/torvalds/linux.git
Branch:             master
Arch:               amd64

Bisector:           /mnt/sdd/jtbursey/SyzInspector/
Version:            1.0.4
Kernel:             /mnt/sdd/jtbursey/SyzInspector/wd-bisector-1/kernel/
Syzkaller:          /mnt/sdd/jtbursey/SyzInspector/syzkaller/
Compilers:          /mnt/sda/jtbursey/SyzInspector/compilers/
Ccache:             ccache
Image:              /mnt/sda/jtbursey/SyzInspector/image/stretch/stretch.img
Image Key:          /mnt/sda/jtbursey/SyzInspector/image/stretch/stretch.id_rsa

Workdir:            /mnt/sdd/jtbursey/SyzInspector/wd-bisector-1/
Kconfig:            /mnt/sdd/jtbursey/SyzInspector/wd-bisector-1/config-bug0117.txt
Reproducers: (2)    /mnt/sdd/jtbursey/SyzInspector/wd-bisector-1/reproducers/
Syzkaller Workdir:  /mnt/sdd/jtbursey/SyzInspector/wd-bisector-1/wd-kaller/
Log Directory:      /mnt/sdd/jtbursey/SyzInspector/wd-bisector-1/log/

Syscalls: (26)      ["connect$inet", "ioctl$FITRIM", "ioctl$ifreq_SIOCGIFINDEX_team", "sendmmsg", "sendmsg$nl_route", "setsockopt$SO_BINDTODEVICE", "socket$inet_udp", "socket$netlink", "socket$inet", "openat$sw_sync_info", "socket", "socket$nl_route", "ioctl$sock_SIOCGIFINDEX", "move_pages", "syz_clone", "syz_open_procfs$namespace", "mount$9p_tcp", "getuid", "ioctl$ifreq_SIOCGIFINDEX_vcan", "bpf$OBJ_GET_PROG", "ioctl$IOCTL_GET_NCIDEV_IDX", "socket$inet6_udp", "openat$nci", "socket$inet6", "setgid", "getgid"]
VM Count:           4
CPU Count:          4
Procs:              24
Memory:             4096
Make Procs:         16
Max Time:           10
Max Attempts:       1

==== Anchor Commit ====

2025-03-10 13:19:01
Session:   1
Kernel:    2022-02-01 - 9f7fb8de5d9bac17b6392a14af40baf555d9129b
Compiler:  ccache /mnt/sda/jtbursey/SyzInspector/compilers/gcc-10.2.1-20210110/bin/gcc
Attempt 1:
    Time  Bug Name
***    2  possible deadlock in ___neigh_create
***    2  possible deadlock in ___neigh_create
Attempt 2: (RETRY)
    Time  Bug Name
***    2  possible deadlock in ___neigh_create
***    2  possible deadlock in ___neigh_create
***    2  possible deadlock in ___neigh_create
Attempt 3: (RETRY)
    Time  Bug Name
***    2  possible deadlock in ___neigh_create
***    2  possible deadlock in ___neigh_create
***    2  possible deadlock in ___neigh_create
***    2  possible deadlock in ___neigh_create
The bug was found.

New Max Time: 10

==== Major Release Search ====
17 Releases

2025-03-10 13:40:24
Session:   2
Kernel:    2021-10-31 - 8bb7eca972ad531c9b149c0a51ab43a417385813 (v5.15)
Compiler:  ccache /mnt/sda/jtbursey/SyzInspector/compilers/gcc-10.2.1-20210110/bin/gcc
Attempt 1:
    Time  Bug Name
       5  INFO: task hung in del_device_store
       5  INFO: task hung in new_device_store
The bug was not found.
About 16 releases remaining

==== Kernel Bisection ====
27688 Linux commits

2025-03-10 14:04:16
Session:   3
Kernel:    2021-12-20 - a5a44f4d509e9aa1341d4347bce6802f192fd5cf
Compiler:  ccache /mnt/sda/jtbursey/SyzInspector/compilers/gcc-10.2.1-20210110/bin/gcc
Attempt 1:
    Time  Bug Name
       3  possible deadlock in smc_switch_to_fallback
       3  possible deadlock in smc_switch_to_fallback
       3  possible deadlock in smc_switch_to_fallback
       4  possible deadlock in smc_switch_to_fallback
       4  WARNING: ODEBUG bug in netdev_run_todo
       5  possible deadlock in smc_switch_to_fallback
***    5  possible deadlock in ___neigh_create
***    5  possible deadlock in ___neigh_create
Running syz-repro.
syz-repro was terminated after 60 minutes
Warning: Child process exited with error status 32765.
Run Time:        1h0m0s
The bug was found.
About 13848 commits remaining

2025-03-10 15:22:42
Session:   4
Kernel:    2021-11-02 - dcd68326d29b62f3039e4f4d23d3e38f24d37360
Compiler:  ccache /mnt/sda/jtbursey/SyzInspector/compilers/gcc-10.2.1-20210110/bin/gcc
Attempt 1:
    Time  Bug Name
***    2  possible deadlock in ___neigh_create
***    2  possible deadlock in ___neigh_create
Running syz-repro.
syz-repro was terminated after 60 minutes
Warning: Child process exited with error status 32765.
Run Time:        1h0m0s
The bug was found.
About 6701 commits remaining

2025-03-10 16:39:59
Session:   5
Kernel:    2021-11-01 - 84882cf72cd774cf16fd338bdbf00f69ac9f9194
Compiler:  ccache /mnt/sda/jtbursey/SyzInspector/compilers/gcc-10.2.1-20210110/bin/gcc
Attempt 1:
    Time  Bug Name
***    2  possible deadlock in ___neigh_create
***    2  possible deadlock in ___neigh_create
***    2  possible deadlock in ___neigh_create
***    2  possible deadlock in ___neigh_create
Running syz-repro.
syz-repro was terminated after 60 minutes
Warning: Child process exited with error status 32765.
Run Time:        1h0m0s
The bug was found.
About 2337 commits remaining

2025-03-10 17:56:34
Session:   6
Kernel:    2021-10-18 - c87350ced118ef898ffcb7badacf0939010f2549
Compiler:  ccache /mnt/sda/jtbursey/SyzInspector/compilers/gcc-10.2.1-20210110/bin/gcc
Attempt 1:
    Time  Bug Name
***    2  possible deadlock in ___neigh_create
***    2  possible deadlock in ___neigh_create
Running syz-repro.
syz-repro was terminated after 60 minutes
Warning: Child process exited with error status 32765.
Run Time:        1h0m0s
The bug was found.
About 1169 commits remaining

2025-03-10 19:13:57
Session:   7
Kernel:    2021-10-02 - 1235568b6d2ec5ac514716bd821ec60a3cd6da9f
Compiler:  ccache /mnt/sda/jtbursey/SyzInspector/compilers/gcc-10.2.1-20210110/bin/gcc
Attempt 1:
    No crashes found.
The bug was not found.
About 1169 commits remaining

2025-03-10 19:39:25
Session:   8
Kernel:    2021-10-08 - d5ac07dfbd2b7f05d8ff43924dee2f09675dacb3
Compiler:  ccache /mnt/sda/jtbursey/SyzInspector/compilers/gcc-10.2.1-20210110/bin/gcc
Attempt 1:
    No crashes found.
The bug was not found.
About 565 commits remaining

2025-03-10 20:05:25
Session:   9
Kernel:    2021-10-13 - 15be36b8126b8f396cceb6fe7a87a1b911575abb
Compiler:  ccache /mnt/sda/jtbursey/SyzInspector/compilers/gcc-10.2.1-20210110/bin/gcc
Attempt 1:
    Time  Bug Name
***    3  possible deadlock in ___neigh_create
Running syz-repro.
New PoC saved at /mnt/sdd/jtbursey/SyzInspector/wd-bisector-1/reproducers/repro-bug0117-0.prog
Primary PoC:     /mnt/sdd/jtbursey/SyzInspector/wd-bisector-1/reproducers/repro-bug0117-0.prog
Run Time:        1h0m0s
The bug was found.
About 147 commits remaining

2025-03-10 21:24:29
Session:   10
Kernel:    2021-10-11 - 7fde6d8b445f3af9caa5f3c2be384c2f797e21c5
Compiler:  ccache /mnt/sda/jtbursey/SyzInspector/compilers/gcc-10.2.1-20210110/bin/gcc
Attempt 1:
    No crashes found.
The bug was not found.
About 78 commits remaining

2025-03-10 21:50:58
Session:   11
Kernel:    2021-10-12 - 96869f193cfd26c2b47db32e4d8bcad50461df7a
Compiler:  ccache /mnt/sda/jtbursey/SyzInspector/compilers/gcc-10.2.1-20210110/bin/gcc
Attempt 1:
    Time  Bug Name
***    3  possible deadlock in ___neigh_create
***    3  possible deadlock in ___neigh_create
The bug was found.
About 39 commits remaining

2025-03-10 22:09:21
Session:   12
Kernel:    2021-10-12 - 0908e42ad9a5965eb89028f286c1056bf56978b7
Compiler:  ccache /mnt/sda/jtbursey/SyzInspector/compilers/gcc-10.2.1-20210110/bin/gcc
Attempt 1:
    Time  Bug Name
       8  INFO: task hung in xfrmi_exit_batch_net
       8  INFO: task hung in tun_chr_close
The bug was not found.
About 20 commits remaining

2025-03-10 22:35:42
Session:   13
Kernel:    2021-10-12 - 2c611ad97a82b51221bb0920cc6cac0b1d4c0e52
Compiler:  ccache /mnt/sda/jtbursey/SyzInspector/compilers/gcc-10.2.1-20210110/bin/gcc
Attempt 1:
    Time  Bug Name
       8  WARNING: ODEBUG bug in netdev_run_todo
The bug was not found.
About 11 commits remaining

2025-03-10 23:00:35
Session:   14
Kernel:    2021-10-12 - 177c92353be935db555d0d08729e871145ec698c
Compiler:  ccache /mnt/sda/jtbursey/SyzInspector/compilers/gcc-10.2.1-20210110/bin/gcc
Attempt 1:
    Time  Bug Name
***    5  possible deadlock in ___neigh_create
The bug was found.
About 6 commits remaining

2025-03-10 23:21:00
Session:   15
Kernel:    2021-10-12 - 2ed08b5ead3cdef574f99ff5fbf09d3f969a53c4
Compiler:  ccache /mnt/sda/jtbursey/SyzInspector/compilers/gcc-10.2.1-20210110/bin/gcc
Attempt 1:
    Time  Bug Name
***    7  possible deadlock in ___neigh_create
***    7  possible deadlock in ___neigh_create
Running syz-repro.
syz-repro was terminated after 60 minutes
Warning: Child process exited with error status 32765.
Run Time:        1h0m0s
The bug was found.
About 3 commits remaining

2025-03-11 00:43:52
Session:   16
Kernel:    2021-10-12 - 7482e3841d520a368426ac196720601687e2dc47
Compiler:  ccache /mnt/sda/jtbursey/SyzInspector/compilers/gcc-10.2.1-20210110/bin/gcc
Attempt 1:
    No crashes found.
The bug was not found.
About 2 commits remaining

==== Partial Result: Focused Fuzzing ====
Reproducer:           /mnt/sdd/jtbursey/SyzInspector/wd-bisector-1/reproducers/repro-bug0117-0.prog
Bisection Result:     2021-10-12 - 2ed08b5ead3cdef574f99ff5fbf09d3f969a53c4
Bisected Commit Name: Merge branch 'Managed-Neighbor-Entries'
Stage Time:           11h50m42s
Run Time:             11h50m46s
=========================================

==== Anchor Commit ====

2025-03-11 01:09:43
Session:   17
Kernel:    2021-10-12 - 7bb39a394490c0690dc7304f2f0345539d590d2b
Compiler:  ccache /mnt/sda/jtbursey/SyzInspector/compilers/gcc-10.2.1-20210110/bin/gcc
Attempt 0:
    No crashes found.
Attempt 1:
    No crashes found.
Attempt 2:
    No crashes found.
Attempt 3:
    No crashes found.
Attempt 4:
    No crashes found.
Attempt 5:
    No crashes found.
Attempt 6:
    No crashes found.
Attempt 7:
    No crashes found.
The bug was not found.

Failure: This bug cannot be found at the anchor commit.

====================================================================================================================================================
Bug Name:             possible deadlock in ___neigh_create
Bug Link:             https://syzkaller.appspot.com/bug?id=46243cd4c222b2ec9f0885efe0142dd1e26a0e39
Bisection Result:     2021-10-12 - 2ed08b5ead3cdef574f99ff5fbf09d3f969a53c4
Bisected Commit Name: Merge branch 'Managed-Neighbor-Entries'
Run Time:             12h7m43s

Anchor Commit:        2022-02-01 - 9f7fb8de5d9bac17b6392a14af40baf555d9129b
Bisection Result:     2021-10-12 - 2ed08b5ead3cdef574f99ff5fbf09d3f969a53c4
