./bin/bisector -i 4 -c /home/meerkat/meerkat/wd-bisector-4/bisector.cfg -a 58390c8ce1bddb6c623f62e7ed36383e7fa5c02f -F ff-test,poc-test,stateful-corpus,ff-no-find-backup
Bisecting:          KASAN: slab-out-of-bounds Read in xfs_getbmap
Syzbot Link:        https://syzkaller.appspot.com/bug?extid=c103d3808a0de5faaf80
Working Name:       bug0862

No aliases given.

Anchor Commit:      58390c8ce1bddb6c623f62e7ed36383e7fa5c02f
Repository:         https://git.kernel.org/pub/scm/linux/kernel/git/torvalds/linux.git
Branch:             master
Arch:               amd64

Bisector:           /home/meerkat/meerkat/
Version:            1.0.4
Kernel:             /home/meerkat/meerkat/wd-bisector-4/kernel/
Syzkaller:          /home/meerkat/meerkat/syzkaller/
Compilers:          /home/meerkat/compilers/
Ccache:             ccache
Image:              /home/meerkat/images/stretch/stretch.img
Image Key:          /home/meerkat/images/stretch/stretch.id_rsa

Workdir:            /home/meerkat/meerkat/wd-bisector-4/
Kconfig:            /home/meerkat/meerkat/wd-bisector-4/config-bug0862.txt
Reproducers: (1)    /home/meerkat/meerkat/wd-bisector-4/reproducers/
Primary PoC:        /home/meerkat/meerkat/wd-bisector-4/reproducers/repro-bug0862-1.prog
Syzkaller Workdir:  /home/meerkat/meerkat/wd-bisector-4/wd-kaller/
Log Directory:      /home/meerkat/meerkat/wd-bisector-4/log/

Syscalls: (12)      ["ftruncate", "ioctl$EXT4_IOC_GROUP_ADD", "mmap", "openat$cgroup_ro", "syz_mount_image$xfs", "write$cgroup_int", "openat$cgroup_root", "openat$cgroup_int", "mount$bpf", "getuid", "setgid", "getgid"]
VM Count:           8
CPU Count:          2
Procs:              16
Memory:             4096
Make Procs:         16
Max Time:           10
Max Attempts:       1

==== Anchor Commit ====

2025-03-09 06:25:11
Session:   1
Kernel:    2023-04-30 - 58390c8ce1bddb6c623f62e7ed36383e7fa5c02f
Compiler:  ccache /home/meerkat/compilers/gcc-10.2.1-20210110/bin/gcc
Attempt 1:
    Time  Bug Name
       6  INFO: task hung in new_device_store
       6  INFO: task hung in del_device_store
Attempt 2: (RETRY)
    Time  Bug Name
***    3  KASAN: slab-out-of-bounds Read in xfs_getbmap
***    3  KASAN: slab-out-of-bounds Read in xfs_getbmap
Attempt 3: (RETRY)
    Time  Bug Name
***    3  KASAN: slab-out-of-bounds Read in xfs_getbmap
***    3  KASAN: slab-out-of-bounds Read in xfs_getbmap
***    3  KASAN: slab-out-of-bounds Read in xfs_getbmap
The bug was found.

New Max Time: 12

==== Major Release Search ====
18 Releases

2025-03-09 07:02:42
Session:   2
Kernel:    2023-02-19 - c9c3395d5e3dcc6daee66c6908354d47bf98cb0c (v6.2)
Compiler:  ccache /home/meerkat/compilers/gcc-10.2.1-20210110/bin/gcc
Attempt 1:
    Time  Bug Name
       6  INFO: task hung in new_device_store
       7  INFO: task hung in new_device_store
      12  INFO: task hung in new_device_store
The bug was not found.
About 17 releases remaining

==== Kernel Bisection ====
27685 Linux commits

2025-03-09 07:36:10
Session:   3
Kernel:    2023-03-09 - d0ddf5065ffef45f8fce4001abe0206081c7ff10
Compiler:  ccache /home/meerkat/compilers/gcc-10.2.1-20210110/bin/gcc
Attempt 1:
    Time  Bug Name
       2  WARNING in c_start
       2  WARNING in c_start
       2  WARNING in c_start
       2  WARNING in c_start
       2  WARNING in c_start
       2  WARNING in c_start
       2  WARNING in c_start
       2  WARNING in c_start
       3  WARNING in c_start
       3  WARNING in c_start
       3  WARNING in c_start
       3  WARNING in c_start
       3  WARNING in c_start
       3  WARNING in c_start
       3  WARNING in c_start
       3  WARNING in c_start
       4  WARNING in c_start
       4  WARNING in c_start
       4  WARNING in c_start
       4  WARNING in c_start
       4  WARNING in c_start
       4  WARNING in c_start
       4  WARNING in c_start
       4  WARNING in c_start
       5  WARNING in c_start
       5  WARNING in c_start
       5  WARNING in c_start
       5  WARNING in c_start
       5  WARNING in c_start
       5  WARNING in c_start
       5  WARNING in c_start
       6  WARNING in c_start
       7  WARNING in c_start
       7  WARNING in c_start
       7  WARNING in c_start
       7  WARNING in c_start
       7  WARNING in c_start
       7  WARNING in c_start
       7  WARNING in c_start
       7  WARNING in c_start
       8  WARNING in c_start
       8  WARNING in c_start
       8  WARNING in c_start
       8  WARNING in c_start
       8  WARNING in c_start
       8  WARNING in c_start
       8  WARNING in c_start
       8  WARNING in c_start
       9  WARNING in c_start
       9  WARNING in c_start
       9  WARNING in c_start
       9  WARNING in c_start
       9  WARNING in c_start
       9  WARNING in c_start
       9  WARNING in c_start
       9  WARNING in c_start
      10  WARNING in c_start
      10  WARNING in c_start
      10  WARNING in c_start
      10  WARNING in c_start
      10  WARNING in c_start
      10  WARNING in c_start
      10  WARNING in c_start
      10  WARNING in c_start
      11  WARNING in c_start
      11  WARNING in c_start
      11  WARNING in c_start
      11  WARNING in c_start
      11  WARNING in c_start
      11  WARNING in c_start
      11  WARNING in c_start
      11  WARNING in c_start
The bug was not found.
About 13831 commits remaining

2025-03-09 08:09:01
Session:   4
Kernel:    2023-04-26 - 94fc0792661a96d64a4bb79cf10d0793ecadf76e
Compiler:  ccache /home/meerkat/compilers/gcc-10.2.1-20210110/bin/gcc
Attempt 1:
    Time  Bug Name
       6  INFO: task hung in new_device_store
      12  INFO: task hung in new_device_store
The bug was not found.
About 7147 commits remaining

2025-03-09 08:41:19
Session:   5
Kernel:    2023-04-27 - 1c15ca4e4efaddb78f83eed31eeee34c522c3ae2
Compiler:  ccache /home/meerkat/compilers/gcc-10.2.1-20210110/bin/gcc
Attempt 1:
    Time  Bug Name
       6  INFO: task hung in new_device_store
The bug was not found.
About 3312 commits remaining

2025-03-09 09:13:43
Session:   6
Kernel:    2023-04-27 - 7fa8a8ee9400fe8ec188426e40e481717bc5e924
Compiler:  ccache /home/meerkat/compilers/gcc-10.2.1-20210110/bin/gcc
Attempt 1:
    Time  Bug Name
       6  INFO: task hung in new_device_store
       7  INFO: task hung in new_device_store
      12  INFO: task hung in new_device_store
      12  INFO: task hung in del_device_store
The bug was not found.
About 1479 commits remaining

2025-03-09 09:46:10
Session:   7
Kernel:    2023-04-29 - 1ae78a14516b9372e4c90a89ac21b259339a3a3a
Compiler:  ccache /home/meerkat/compilers/gcc-10.2.1-20210110/bin/gcc
Attempt 1:
    Time  Bug Name
       2  KASAN: slab-use-after-free Write in enqueue_timer
***    4  KASAN: slab-out-of-bounds Read in xfs_getbmap
***    4  KASAN: slab-out-of-bounds Read in xfs_getbmap
Running syz-repro.
New PoC saved at /home/meerkat/meerkat/wd-bisector-4/reproducers/repro-bug0862-0.prog
Primary PoC:     /home/meerkat/meerkat/wd-bisector-4/reproducers/repro-bug0862-0.prog
Run Time:        0h18m0s
The bug was found.
About 733 commits remaining

2025-03-09 10:28:39
Session:   8
Kernel:    2023-04-28 - 70cc1b5307e8ee3076fdf2ecbeb89eb973aa0ff7
Compiler:  ccache /home/meerkat/compilers/gcc-10.2.1-20210110/bin/gcc
Attempt 1:
    Time  Bug Name
       6  INFO: task hung in new_device_store
      12  INFO: task hung in del_device_store
The bug was not found.
About 348 commits remaining

2025-03-09 11:01:11
Session:   9
Kernel:    2023-04-27 - 9419092fb2630c30e4ffeb9ef61007ef0c61827a
Compiler:  ccache /home/meerkat/compilers/gcc-10.2.1-20210110/bin/gcc
Attempt 1:
    Time  Bug Name
***    4  KASAN: slab-out-of-bounds Read in xfs_getbmap
***    4  KASAN: slab-out-of-bounds Read in xfs_getbmap
***    4  KASAN: slab-out-of-bounds Read in xfs_getbmap
The bug was found.
About 129 commits remaining

2025-03-09 11:25:23
Session:   10
Kernel:    2023-04-11 - 46e0dd89659923dd02cfa45080675fc4f0926528
Compiler:  ccache /home/meerkat/compilers/gcc-10.2.1-20210110/bin/gcc
Attempt 1:
    Time  Bug Name
       6  INFO: task hung in new_device_store
       6  INFO: task hung in new_device_store
      12  INFO: task hung in new_device_store
The bug was not found.
About 65 commits remaining

2025-03-09 11:45:18
Session:   11
Kernel:    2023-04-11 - 4f5e304248ab4939e9aef58244041c194f01f0b5
Compiler:  ccache /home/meerkat/compilers/gcc-10.2.1-20210110/bin/gcc
Attempt 1:
    Time  Bug Name
       6  INFO: task hung in new_device_store
       6  INFO: task hung in del_device_store
       7  INFO: task hung in new_device_store
      12  INFO: task hung in del_device_store
The bug was not found.
About 33 commits remaining

2025-03-09 12:05:14
Session:   12
Kernel:    2023-04-14 - f1121b995c9825f3267ad4f586b2ac644d87d5a8
Compiler:  ccache /home/meerkat/compilers/gcc-10.2.1-20210110/bin/gcc
Attempt 1:
    Time  Bug Name
***    4  KASAN: slab-out-of-bounds Read in xfs_getbmap
***    4  KASAN: slab-out-of-bounds Read in xfs_getbmap
The bug was found.
About 17 commits remaining

2025-03-09 12:17:37
Session:   13
Kernel:    2023-04-14 - 1e5ffdc57d7e0b213219f9e6bb0fb0ba5ef13da8
Compiler:  ccache /home/meerkat/compilers/gcc-10.2.1-20210110/bin/gcc
Attempt 1:
    Time  Bug Name
***    4  KASAN: slab-out-of-bounds Read in xfs_getbmap
***    4  KASAN: slab-out-of-bounds Read in xfs_getbmap
Running syz-repro.
New PoC saved at /home/meerkat/meerkat/wd-bisector-4/reproducers/repro-bug0862-2.prog
Primary PoC:     /home/meerkat/meerkat/wd-bisector-4/reproducers/repro-bug0862-0.prog
Run Time:        0h18m0s
The bug was found.
About 9 commits remaining

2025-03-09 12:47:52
Session:   14
Kernel:    2023-04-12 - 22ed903eee23a5b174e240f1cdfa9acf393a5210
Compiler:  ccache /home/meerkat/compilers/gcc-10.2.1-20210110/bin/gcc
Attempt 1:
    Time  Bug Name
       6  INFO: task hung in new_device_store
       6  INFO: task hung in del_device_store
       7  INFO: task hung in new_device_store
The bug was not found.
About 25 commits remaining

2025-03-09 13:08:09
Session:   15
Kernel:    2023-04-14 - bed25d8010bcf48de626545a89ea58550fb5e95b
Compiler:  ccache /home/meerkat/compilers/gcc-10.2.1-20210110/bin/gcc
Attempt 1:
    Time  Bug Name
***    4  KASAN: slab-out-of-bounds Read in xfs_getbmap
***    4  KASAN: slab-out-of-bounds Read in xfs_getbmap
The bug was found.
About 17 commits remaining

2025-03-09 13:19:50
Session:   16
Kernel:    2023-04-12 - 8ee81ed581ff35882b006a5205100db0b57bf070
Compiler:  ccache /home/meerkat/compilers/gcc-10.2.1-20210110/bin/gcc
Attempt 1:
    Time  Bug Name
***    4  KASAN: slab-out-of-bounds Read in xfs_getbmap
***    4  KASAN: slab-out-of-bounds Read in xfs_getbmap
The bug was found.
About 2 commits remaining

==== Partial Result: Focused Fuzzing ====
Reproducer:           /home/meerkat/meerkat/wd-bisector-4/reproducers/repro-bug0862-0.prog
Bisection Result:     2023-04-12 - 8ee81ed581ff35882b006a5205100db0b57bf070
Bisected Commit Name: xfs: fix BUG_ON in xfs_getbmap()
Stage Time:           7h6m7s
Run Time:             7h6m10s
=========================================

==== Anchor Commit ====

2025-03-09 13:31:18
Session:   17
Kernel:    2023-04-12 - 22ed903eee23a5b174e240f1cdfa9acf393a5210
Compiler:  ccache /home/meerkat/compilers/gcc-10.2.1-20210110/bin/gcc
Attempt 0:
    No crashes found.
Attempt 1:
    No crashes found.
Attempt 2:
    No crashes found.
Attempt 3:
    No crashes found.
Attempt 4:
    No crashes found.
Attempt 5:
    No crashes found.
Attempt 6:
    No crashes found.
Attempt 7:
    No crashes found.
The bug was not found.

Failure: This bug cannot be found at the anchor commit.

====================================================================================================================================================
Bug Name:             KASAN: slab-out-of-bounds Read in xfs_getbmap
Bug Link:             https://syzkaller.appspot.com/bug?extid=c103d3808a0de5faaf80
Bisection Result:     2023-04-12 - 8ee81ed581ff35882b006a5205100db0b57bf070
Bisected Commit Name: xfs: fix BUG_ON in xfs_getbmap()
Run Time:             7h16m52s

Anchor Commit:        2023-04-30 - 58390c8ce1bddb6c623f62e7ed36383e7fa5c02f
Bisection Result:     2023-04-12 - 8ee81ed581ff35882b006a5205100db0b57bf070
