./bin/bisector -i 4 -c /home/syzretrospector/syzinspector/wd-bisector-4/bisector.cfg -a b7b275e60bcd5f89771e865a8239325f86d9927d -F ff-test,poc-test,stateful-corpus,ff-no-find-backup
Bisecting:          WARNING in rmqueue
Syzbot Link:        https://syzkaller.appspot.com/bug?extid=aafb3f37cfeb6534c4ac
Working Name:       bug0886

No aliases given.

Anchor Commit:      b7b275e60bcd5f89771e865a8239325f86d9927d
Repository:         https://git.kernel.org/pub/scm/linux/kernel/git/torvalds/linux.git
Branch:             master
Arch:               amd64

Bisector:           /home/syzretrospector/syzinspector/
Version:            1.0.4
Kernel:             /home/syzretrospector/syzinspector/wd-bisector-4/kernel/
Syzkaller:          /home/syzretrospector/syzinspector/syzkaller/
Compilers:          /home/syzretrospector/compilers/
Ccache:             ccache
Image:              /home/syzretrospector/images/stretch/stretch.img
Image Key:          /home/syzretrospector/images/stretch/stretch.id_rsa

Workdir:            /home/syzretrospector/syzinspector/wd-bisector-4/
Kconfig:            /home/syzretrospector/syzinspector/wd-bisector-4/config-bug0886.txt
Reproducers: (1)    /home/syzretrospector/syzinspector/wd-bisector-4/reproducers/
Syzkaller Workdir:  /home/syzretrospector/syzinspector/wd-bisector-4/wd-kaller/
Log Directory:      /home/syzretrospector/syzinspector/wd-bisector-4/log/

Syscalls: (7)       ["open", "syz_mount_image$erofs", "ioctl$F2FS_IOC_START_ATOMIC_WRITE", "mount$bpf", "getuid", "setgid", "getgid"]
VM Count:           8
CPU Count:          2
Procs:              16
Memory:             4096
Make Procs:         16
Max Time:           10
Max Attempts:       1

==== Anchor Commit ====

2025-03-14 05:10:40
Session:   1
Kernel:    2022-11-27 - b7b275e60bcd5f89771e865a8239325f86d9927d
Compiler:  ccache /home/syzretrospector/compilers/gcc-10.2.1-20210110/bin/gcc
Attempt 1:
    Time  Bug Name
       3  WARNING in get_page_from_freelist
       3  WARNING in get_page_from_freelist
       3  WARNING in get_page_from_freelist
       3  WARNING in get_page_from_freelist
Attempt 2: (RETRY)
    Time  Bug Name
       3  WARNING in get_page_from_freelist
       3  WARNING in get_page_from_freelist
       3  WARNING in get_page_from_freelist
       3  WARNING in get_page_from_freelist
       8  WARNING: ODEBUG bug in netdev_run_todo
Attempt 3: (RETRY)
    Time  Bug Name
       2  WARNING in get_page_from_freelist
       3  WARNING in get_page_from_freelist
       3  WARNING in get_page_from_freelist
       3  WARNING in get_page_from_freelist
The bug was not found.

Failure: This bug cannot be found at the anchor commit.
