./bin/bisector -i 1 -c /mnt/sdd/author/meerkat/wd-bisector-1/bisector.cfg -a 9de1f9c8ca5100a02a2e271bdbde36202e251b4b -F ff-test,poc-test,stateful-corpus,ff-no-find-backup
Bisecting:          INFO: task hung in addrconf_verify_work
Syzbot Link:        https://syzkaller.appspot.com/bug?id=f59b217517672034a665b9e33d49216a2dd3e6f5
Working Name:       bug0100

No aliases given.

Anchor Commit:      9de1f9c8ca5100a02a2e271bdbde36202e251b4b
Repository:         https://git.kernel.org/pub/scm/linux/kernel/git/torvalds/linux.git
Branch:             master
Arch:               amd64

Bisector:           /mnt/sdd/author/meerkat/
Version:            1.0.4
Kernel:             /mnt/sdd/author/meerkat/wd-bisector-1/kernel/
Syzkaller:          /mnt/sdd/author/meerkat/syzkaller/
Compilers:          /mnt/sda/author/meerkat/compilers/
Ccache:             ccache
Image:              /mnt/sda/author/meerkat/image/stretch/stretch.img
Image Key:          /mnt/sda/author/meerkat/image/stretch/stretch.id_rsa

Workdir:            /mnt/sdd/author/meerkat/wd-bisector-1/
Kconfig:            /mnt/sdd/author/meerkat/wd-bisector-1/config-bug0100.txt
Reproducers: (8)    /mnt/sdd/author/meerkat/wd-bisector-1/reproducers/
Primary PoC:        /mnt/sdd/author/meerkat/wd-bisector-1/reproducers/repro-bug0100-1.prog
Syzkaller Workdir:  /mnt/sdd/author/meerkat/wd-bisector-1/wd-kaller/
Log Directory:      /mnt/sdd/author/meerkat/wd-bisector-1/log/

Syscalls: (6)       ["ioctl$TUNATTACHFILTER", "ioctl$TUNSETIFF", "ioctl$TUNSETQUEUE", "openat$tun", "ioctl$EXT4_IOC_GROUP_EXTEND", "openat$sw_sync_info"]
VM Count:           8
CPU Count:          2
Procs:              16
Memory:             4096
Make Procs:         16
Max Time:           10
Max Attempts:       1

==== Anchor Commit ====

2025-03-07 13:19:01
Session:   1
Kernel:    2022-08-01 - 9de1f9c8ca5100a02a2e271bdbde36202e251b4b
Compiler:  ccache /mnt/sda/author/meerkat/compilers/gcc-10.2.1-20210110/bin/gcc
Attempt 1:
    No crashes found.
Attempt 2: (RETRY)
    No crashes found.
Attempt 3: (RETRY)
    No crashes found.
The bug was not found.

Failure: This bug cannot be found at the anchor commit.
