./bin/meerkat -i 1 -c /home/jtbursey/meerkat/wd-meerkat-1/meerkat.cfg -a babe393974de0351c0e6cca50f5f84edaf8d7fa1 -F ff-test,poc-test,poc-all-pocs,stateful-corpus,ff-no-find-backup
Bisecting:          BUG: corrupted list in ptp_open
Syzbot Link:        https://syzkaller.appspot.com/bug?extid=df3f3ef31f60781fa911
Working Name:       bug0800

Aliases:
    BUG: corrupted list in ptp_open

Anchor Commit:      babe393974de0351c0e6cca50f5f84edaf8d7fa1
Repository:         https://git.kernel.org/pub/scm/linux/kernel/git/torvalds/linux.git
Branch:             master
Arch:               amd64

Meerkat:            /home/jtbursey/meerkat/
Version:            1.2.0
Kernel:             /home/jtbursey/meerkat/wd-meerkat-1/kernel/
Syzkaller:          /home/jtbursey/meerkat/syzkaller/
Compilers:          /home/jtbursey/meerkat/compilers/
Compiler:           gcc (Ubuntu 10.5.0-1ubuntu1~20.04) 10.5.0
Linker:             GNU ld (GNU Binutils for Ubuntu) 2.34
Ccache:             ccache version 3.7.7
Image:              /home/jtbursey/meerkat/image/stretch/stretch.img
Image Key:          /home/jtbursey/meerkat/image/stretch/stretch.id_rsa

Workdir:            /home/jtbursey/meerkat/wd-meerkat-1/
Kconfig:            /home/jtbursey/meerkat/wd-meerkat-1/config-bug0800.txt
Reproducers: (2)    /home/jtbursey/meerkat/wd-meerkat-1/reproducers/
Primary PoC:        /home/jtbursey/meerkat/wd-meerkat-1/reproducers/repro-bug0800-1.prog
Syzkaller Workdir:  /home/jtbursey/meerkat/wd-meerkat-1/wd-kaller/
Log Directory:      /home/jtbursey/meerkat/wd-meerkat-1/log/

Syscalls: (3)       ["openat$ptp0", "ioctl$EXT4_IOC_GROUP_EXTEND", "openat$sw_sync_info"]
VM Count:           4
CPU Count:          4
Procs:              24
Memory:             4096
Make Procs:         16
Max Time:           10
Max Attempts:       1

==== Anchor Commit ====

2026-01-19 10:34:57
Session:   1
Kernel:    2023-11-01 - babe393974de0351c0e6cca50f5f84edaf8d7fa1
Compiler:  ccache gcc
Attempt 1:
    Time  Bug Name
       2  KASAN: slab-use-after-free Read in ptp_release (has report)
       3  BUG: corrupted list in ptp_release (has report)
       3  KASAN: slab-use-after-free Read in ptp_release (has report)
       4  BUG: corrupted list in ptp_release (has report)
***    4  BUG: corrupted list in ptp_open (has report)
Attempt 2: (RETRY)
    Time  Bug Name
       2  KASAN: slab-use-after-free Read in ptp_release (has report)
       3  BUG: corrupted list in ptp_release (has report)
       3  KASAN: slab-use-after-free Read in ptp_release (has report)
       4  KASAN: slab-use-after-free Read in ptp_release (has report)
       5  BUG: corrupted list in ptp_release (has report)
***    5  BUG: corrupted list in ptp_open (has report)
Attempt 3: (RETRY)
    Time  Bug Name
       3  BUG: corrupted list in ptp_release (has report)
       3  KASAN: slab-use-after-free Read in ptp_release (2) (has report)
       4  KASAN: slab-use-after-free Read in ptp_release (has report)
       5  BUG: corrupted list in ptp_release (has report)
***    6  BUG: corrupted list in ptp_open (has report)
The bug was found.

New Max Time: 10

==== Major Release Search ====
14 Releases

2026-01-19 10:57:49
Session:   2
Kernel:    2023-10-29 - ffc253263a1375a65fa6c9f62a893e9767fbebfa (v6.6)
Compiler:  ccache gcc
Attempt 1:
    No crashes found.
The bug was not found.
About 13 releases remaining

==== Kernel Bisection ====
10266 Linux commits

2026-01-19 11:26:19
Session:   3
Kernel:    2023-10-31 - 89ed67ef126c4160349c1b96fdb775ea6170ac90
Compiler:  ccache gcc
Attempt 1:
    Time  Bug Name
       2  BUG: corrupted list in ptp_release (has report)
       3  BUG: corrupted list in ptp_release (3) (has report)
       5  BUG: corrupted list in ptp_release (has report)
       6  BUG: corrupted list in ptp_release (2) (has report)
***    6  BUG: corrupted list in ptp_open (has report)
       6  KASAN: slab-use-after-free Read in ptp_release (has report)
Running syz-repro.
Run Time:        0h33m0s
The bug was found.
About 5844 commits remaining

2026-01-19 12:24:12
Session:   4
Kernel:    2023-10-26 - b827ac419721a106ae2fccaa40576b0594edad92
Compiler:  ccache gcc
Attempt 1:
    No crashes found.
The bug was not found.
About 5191 commits remaining

2026-01-19 12:53:11
Session:   5
Kernel:    2023-10-23 - d1a02ed66fe62aa2edd77bd54e270ebc33bd12ff
Compiler:  ccache gcc
Attempt 1:
    Time  Bug Name
***    3  BUG: corrupted list in ptp_open (has report)
The bug was found.
About 3290 commits remaining

2026-01-19 13:13:26
Session:   6
Kernel:    2023-10-06 - 3abbd0699b678fc48e0100704338cff9180fe4bb
Compiler:  ccache gcc
Attempt 1:
    No crashes found.
The bug was not found.
About 1532 commits remaining

2026-01-19 13:42:01
Session:   7
Kernel:    2023-10-15 - 5a423552e0d9bb882f22cb0bf85f520ca2692706
Compiler:  ccache gcc
Attempt 1:
    No crashes found.
The bug was not found.
About 800 commits remaining

2026-01-19 14:10:05
Session:   8
Kernel:    2023-10-17 - 56a7bb12c78ffa1b02e154b1d779ed2a1555fa3c
Compiler:  ccache gcc
Attempt 1:
    Time  Bug Name
       2  BUG: corrupted list in ptp_release (has report)
***    3  BUG: corrupted list in ptp_open (2) (has report)
The bug was found.
About 260 commits remaining

2026-01-19 14:31:18
Session:   9
Kernel:    2023-10-16 - a3c2dd96487f1dd734c9443a3472c8dafa689813
Compiler:  ccache gcc
Attempt 1:
    Time  Bug Name
       3  BUG: corrupted list in ptp_release (has report)
       4  BUG: corrupted list in ptp_release (2) (has report)
       5  KASAN: slab-use-after-free Read in ptp_release (has report)
       6  KASAN: slab-use-after-free Read in ptp_release (has report)
***    7  BUG: corrupted list in ptp_open (2) (has report)
       7  KASAN: slab-use-after-free Read in ptp_release (has report)
Running syz-repro.
Run Time:        0h53m0s
The bug was found.
About 141 commits remaining

2026-01-19 15:39:49
Session:   10
Kernel:    2023-10-06 - 84cb9cbd911a3e06c1ff31572706ba0ee3499b19
Compiler:  ccache gcc
Attempt 1:
    No crashes found.
The bug was not found.
About 1647 commits remaining

2026-01-19 16:08:00
Session:   11
Kernel:    2023-10-16 - c60991f8e187eb73dbea2375c08ccba8f544bd49
Compiler:  ccache gcc
Attempt 1:
    Time  Bug Name
***    3  BUG: corrupted list in ptp_open (2) (has report)
The bug was found.
About 1612 commits remaining

2026-01-19 16:29:15
Session:   12
Kernel:    2023-10-16 - 101c6032031f4dba72b91e6c766e958a5e429622
Compiler:  ccache gcc
Attempt 1:
    Time  Bug Name
***    3  BUG: corrupted list in ptp_open (has report)
The bug was found.
About 1594 commits remaining

2026-01-19 16:45:10
Session:   13
Kernel:    2023-10-15 - 99620ea03327c5e73407f48a6994578f71951a87
Compiler:  ccache gcc
Attempt 1:
    No crashes found.
The bug was not found.
About 9 commits remaining

2026-01-19 17:02:55
Session:   14
Kernel:    2023-10-15 - c5a445b1e9347b14752b01f1a304bd7a2f260acc
Compiler:  ccache gcc
Attempt 1:
    Time  Bug Name
       2  KASAN: slab-use-after-free Read in ptp_release (has report)
       3  BUG: corrupted list in ptp_release (3) (has report)
       5  BUG: corrupted list in ptp_release (has report)
***    5  BUG: corrupted list in ptp_open (2) (has report)
Running syz-repro.
New PoC saved at /home/jtbursey/meerkat/wd-meerkat-1/reproducers/repro-bug0800-0.prog
Primary PoC:     /home/jtbursey/meerkat/wd-meerkat-1/reproducers/repro-bug0800-0.prog
Run Time:        0h32m0s
The bug was found.
About 5 commits remaining

2026-01-19 17:48:26
Session:   15
Kernel:    2023-10-15 - d26ab5a35ad9920940a9e07665130d501b2ae1a3
Compiler:  ccache gcc
Attempt 1:
    No crashes found.
The bug was not found.
About 3 commits remaining

2026-01-19 18:05:34
Session:   16
Kernel:    2023-10-15 - 8f5de6fb245326704f37d91780b9a10253a8a100
Compiler:  ccache gcc
Attempt 1:
    Time  Bug Name
***    3  BUG: corrupted list in ptp_open (has report)
       3  KASAN: slab-use-after-free Read in ptp_release (has report)
The bug was found.
About 2 commits remaining

==== Partial Result: Focused Fuzzing ====
Reproducer:           /home/jtbursey/meerkat/wd-meerkat-1/reproducers/repro-bug0800-0.prog
Bisection Result:     2023-10-15 - 8f5de6fb245326704f37d91780b9a10253a8a100
Bisected Commit Name: ptp: support multiple timestamp event readers
Stage Time:           7h41m1s
Run Time:             7h41m2s
=========================================

==== Anchor Commit ====

2026-01-19 18:15:58
Session:   17
Kernel:    2023-10-15 - d26ab5a35ad9920940a9e07665130d501b2ae1a3
Compiler:  ccache gcc
PoC:       /home/jtbursey/meerkat/wd-meerkat-1/reproducers/repro-bug0800-0.prog
Attempt 0:
    No crashes found.
Attempt 1:
    No crashes found.
Attempt 2:
    No crashes found.
Attempt 3:
    No crashes found.
Attempt 4:
    No crashes found.
Attempt 5:
    No crashes found.
Attempt 6:
    No crashes found.
Attempt 7:
    No crashes found.
The bug was not found.

Failure: This bug cannot be found at the anchor commit.

==== Partial Result: Primary PoC Test ====
Reproducer:           /home/jtbursey/meerkat/wd-meerkat-1/reproducers/repro-bug0800-0.prog
Bisection Result:     Failed to reproduce at the anchor commit.
Stage Time:           0h14m26s
Run Time:             7h55m29s
==========================================

==== Anchor Commit ====

2026-01-19 18:30:27
Session:   18
Kernel:    2023-10-15 - d26ab5a35ad9920940a9e07665130d501b2ae1a3
Compiler:  ccache gcc
PoC:       /home/jtbursey/meerkat/wd-meerkat-1/reproducers/repro-bug0800-1.prog
Attempt 0:
    No crashes found.
Attempt 1:
    No crashes found.
Attempt 2:
    No crashes found.
Attempt 3:
    No crashes found.
Attempt 4:
    No crashes found.
Attempt 5:
    No crashes found.
Attempt 6:
    No crashes found.
Attempt 7:
    No crashes found.
The bug was not found.

Failure: This bug cannot be found at the anchor commit.

==== Partial Result: Subsequent PoC Test ====
Reproducer:           /home/jtbursey/meerkat/wd-meerkat-1/reproducers/repro-bug0800-1.prog
Bisection Result:     Failed to reproduce at the anchor commit.
Stage Time:           0h14m50s
Run Time:             8h10m19s
=============================================

==== Anchor Commit ====

2026-01-19 18:45:17
Session:   19
Kernel:    2023-10-15 - d26ab5a35ad9920940a9e07665130d501b2ae1a3
Compiler:  ccache gcc
PoC:       /home/jtbursey/meerkat/wd-meerkat-1/reproducers/repro-bug0800-3.prog
Attempt 0:
    No crashes found.
Attempt 1:
    No crashes found.
Attempt 2:
    No crashes found.
Attempt 3:
    No crashes found.
Attempt 4:
    No crashes found.
Attempt 5:
    No crashes found.
Attempt 6:
    No crashes found.
Attempt 7:
    No crashes found.
The bug was not found.

Failure: This bug cannot be found at the anchor commit.

==== Partial Result: Subsequent PoC Test ====
Reproducer:           /home/jtbursey/meerkat/wd-meerkat-1/reproducers/repro-bug0800-3.prog
Bisection Result:     Failed to reproduce at the anchor commit.
Stage Time:           0h14m21s
Run Time:             8h24m41s
=============================================

====================================================================================================================================================
Bug Name:             BUG: corrupted list in ptp_open
Bug ID:               bug0800
Bug Link:             https://syzkaller.appspot.com/bug?extid=df3f3ef31f60781fa911
Bisection Result:     2023-10-15 - 8f5de6fb245326704f37d91780b9a10253a8a100
Bisected Commit Name: ptp: support multiple timestamp event readers
Run Time:             8h24m41s

Anchor Commit:        2023-11-01 - babe393974de0351c0e6cca50f5f84edaf8d7fa1
Bisection Result:     2023-10-15 - 8f5de6fb245326704f37d91780b9a10253a8a100
