general protection fault in path_openat,https://syzkaller.appspot.com/bug?id=7f5d5cecb4c8f00b778620b2a8e6f3a0d806296a
Repository: linux
Arch: amd64
Finding: 2020-01-27 - b0be0eff1a5ab77d588b76bd8b1c92d5d17b3f73
Guilty:  2020-01-26 - d0cb50185ae942b03c4327be322055d622dc79f6
No Duplicates
Default Allocation.
VMs:4
CPUs:4
Procs:24
Max time:30
Max attempts:3
Testing the finding commit.

2023-03-21 00:37:28
Session:   1
Template:  2020-01-28 - c8e81ce4c7e3b59e7c83c6fab56c217916f3b3b6
Syzkaller: 2020-01-28 - c8e81ce4c7e3b59e7c83c6fab56c217916f3b3b6
Kernel:    2020-01-28 - b0be0eff1a5ab77d588b76bd8b1c92d5d17b3f73
Compiler:  gcc-9.0.0-20181231
Attempt 1:
    Time  Bug Name
***    3  general protection fault in path_openat
Attempt 2:
    No crashes found.
Attempt 3:
    Time  Bug Name
***    3  general protection fault in path_openat
The bug was found.

New Max Time: 24.
Merge Commit: 2020-01-26 - b1b298914f3ae226e99c98042c1648f740015724.
No template updates to inspect.

==== Kernel Retrospection ====
39 Linux commits in [2020-01-26, 2020-01-28].

2023-03-21 01:46:32
Session:   2
Template:  2020-01-27 - 56cd6c9b80ee424566e3ceaf8a4b042803a130ad
Syzkaller: 2020-01-27 - 56cd6c9b80ee424566e3ceaf8a4b042803a130ad
Kernel:    2020-01-27 - aae1464f46a2403565f75717438118691d31ccf1
Compiler:  gcc-9.0.0-20181231
Attempt 1:
    Time  Bug Name
      11  INFO: task hung in __rq_qos_throttle
      23  INFO: task hung in __rq_qos_throttle
Attempt 2:
    No crashes found.
Attempt 3:
    No crashes found.
The bug was not found.

2023-03-21 03:32:17
Session:   3
Template:  2020-01-27 - 56cd6c9b80ee424566e3ceaf8a4b042803a130ad
Syzkaller: 2020-01-27 - 56cd6c9b80ee424566e3ceaf8a4b042803a130ad
Kernel:    2020-01-27 - 03aa8c8cfaec1aab6b1ea7fde656bbc893f6cff8
Compiler:  gcc-9.0.0-20181231
Attempt 1:
    Time  Bug Name
***    3  general protection fault in path_openat
The bug was found.

2023-03-21 04:12:03
Session:   4
Template:  2020-01-27 - 56cd6c9b80ee424566e3ceaf8a4b042803a130ad
Syzkaller: 2020-01-27 - 56cd6c9b80ee424566e3ceaf8a4b042803a130ad
Kernel:    2020-01-27 - 48b4b4ff1ee044a977929bcf80e79f8212f756b4
Compiler:  gcc-9.0.0-20181231
Attempt 1:
    Time  Bug Name
***    3  general protection fault in path_openat
The bug was found.

2023-03-21 04:44:54
Session:   5
Template:  2020-01-27 - 56cd6c9b80ee424566e3ceaf8a4b042803a130ad
Syzkaller: 2020-01-27 - 56cd6c9b80ee424566e3ceaf8a4b042803a130ad
Kernel:    2020-01-27 - 85c009e8e5d2794e2efb1019e3648f3d8126f1b5
Compiler:  gcc-9.0.0-20181231
Attempt 1:
    Time  Bug Name
      11  BUG: MAX_LOCKDEP_ENTRIES too low!
      18  BUG: MAX_LOCKDEP_ENTRIES too low!
Attempt 2:
    Time  Bug Name
***    4  general protection fault in path_openat
The bug was found.

2023-03-21 05:42:46
Session:   6
Template:  2020-01-27 - 56cd6c9b80ee424566e3ceaf8a4b042803a130ad
Syzkaller: 2020-01-27 - 56cd6c9b80ee424566e3ceaf8a4b042803a130ad
Kernel:    2020-01-27 - 55816dc1a50463ec0ea45954e87ec3dff70e2863
Compiler:  gcc-9.0.0-20181231
Attempt 1:
    No crashes found.
Attempt 2:
    Time  Bug Name
      16  INFO: task hung in corrupted
***   17  general protection fault in path_openat
The bug was found.

2023-03-21 06:55:23
Session:   7
Template:  2020-01-27 - 56cd6c9b80ee424566e3ceaf8a4b042803a130ad
Syzkaller: 2020-01-27 - 56cd6c9b80ee424566e3ceaf8a4b042803a130ad
Kernel:    2020-01-27 - 6d277aca488fdf0a1e67cd14b5a58869f66197c9
Compiler:  gcc-9.0.0-20181231
Attempt 1:
    Time  Bug Name
***    7  general protection fault in path_openat
The bug was found.

== Confirming the bisected commit ==

2023-03-21 07:36:37
Session:   8
Template:  2020-01-27 - 56cd6c9b80ee424566e3ceaf8a4b042803a130ad
Syzkaller: 2020-01-27 - 56cd6c9b80ee424566e3ceaf8a4b042803a130ad
Kernel:    2020-01-27 - 6d277aca488fdf0a1e67cd14b5a58869f66197c9
The bug was found in a previous identical fuzzing session.

2023-03-21 07:36:37
Session:   9
Template:  2020-01-27 - 56cd6c9b80ee424566e3ceaf8a4b042803a130ad
Syzkaller: 2020-01-27 - 56cd6c9b80ee424566e3ceaf8a4b042803a130ad
Kernel:    2020-01-27 - aae1464f46a2403565f75717438118691d31ccf1
The bug was not found in a previous identical fuzzing session.

====================================================================================================================================================
Revealing Factor:   Kernel Commit
Version:            2020-01-27 - 6d277aca488fdf0a1e67cd14b5a58869f66197c9
Commit Name:        Merge tag 'pm-5.6-rc1' of git://git.kernel.org/pub/scm/linux/kernel/git/rafael/linux-pm

Bug Name:           general protection fault in path_openat
Bug Link:           https://syzkaller.appspot.com/bug?id=7f5d5cecb4c8f00b778620b2a8e6f3a0d806296a
Arch:               amd64
Finding Date:       2020-01-28
Finding Commit:     2020-01-28 - b0be0eff1a5ab77d588b76bd8b1c92d5d17b3f73
Guilty Merge:       2020-01-26 - b1b298914f3ae226e99c98042c1648f740015724
Guilty Commit:      2020-01-26 - d0cb50185ae942b03c4327be322055d622dc79f6

Possible Blocking Bugs:
