WARNING: bad unlock balance in sch_direct_xmit,https://syzkaller.appspot.com/bug?id=2f3bb444cf8f5e32469353a19ac6519d87b885dc
Repository: linux
Arch: amd64
Finding: 2019-11-28 - 81b6b96475ac7a4ebfceae9f16fb3758327adbfe
Guilty:  2019-10-24 - ab92d68fc22f9afab480153bd82a20f6e2533769
No Duplicates
Single Proc Allocation
VMs:8
CPUs:2
Procs:16
Max time:30
Max attempts:3
Testing the finding commit.

2023-03-25 08:31:31
Session:   1
Template:  2019-11-29 - 3a75be00f50996031dd301d44b009d56db3485f0
Syzkaller: 2019-11-29 - 3a75be00f50996031dd301d44b009d56db3485f0
Kernel:    2019-11-28 - 81b6b96475ac7a4ebfceae9f16fb3758327adbfe
Compiler:  gcc-9.0.0-20181231
Attempt 1:
    Time  Bug Name
       7  BUG: MAX_LOCKDEP_KEYS too low!
      13  BUG: MAX_LOCKDEP_KEYS too low!
      21  BUG: MAX_LOCKDEP_ENTRIES too low!
      21  WARNING in print_bfs_bug
      23  BUG: MAX_LOCKDEP_KEYS too low!
      24  BUG: MAX_LOCKDEP_ENTRIES too low!
Attempt 2:
    Time  Bug Name
       6  BUG: MAX_LOCKDEP_KEYS too low!
       9  BUG: MAX_LOCKDEP_KEYS too low!
      11  BUG: MAX_LOCKDEP_ENTRIES too low!
      20  BUG: MAX_LOCKDEP_ENTRIES too low!
      22  BUG: MAX_LOCKDEP_ENTRIES too low!
Attempt 3:
    Time  Bug Name
       3  WARNING in mark_lock
      28  possible deadlock in flush_workqueue
The bug was not found.

Failure: This bug cannot be found at the finding commit.
