KASAN: slab-out-of-bounds Read in nla_put_nohdr,https://syzkaller.appspot.com/bug?id=7fd1cbe3e1d2b3f0366d5026854ee5754d451405
Repository: linux
Arch: amd64
Finding: 2020-01-20 - d96d875ef5dd372f533059a44f98e92de9cf0d42
Guilty:  2005-04-16 - 1da177e4c3f41524e886b7f1b8a0c1fc7321cac2
Duplicate Names:
    KASAN: slab-out-of-bounds Read in nla_put_nohdr
    KASAN: slab-out-of-bounds Read in __nla_put_nohdr
Single Proc Allocation
VMs:8
CPUs:2
Procs:16
Max time:30
Max attempts:3
Testing the finding commit.

2023-03-20 15:32:18
Session:   1
Template:  2020-01-20 - 8eda0b957e5b39c0c525e74f51d6b39ab8c5b1ac
Syzkaller: 2020-01-20 - 8eda0b957e5b39c0c525e74f51d6b39ab8c5b1ac
Kernel:    2020-01-20 - d96d875ef5dd372f533059a44f98e92de9cf0d42
Compiler:  gcc-9.0.0-20181231
Attempt 1:
    Time  Bug Name
***    2  KASAN: slab-out-of-bounds Read in __nla_put_nohdr
Attempt 2:
    Time  Bug Name
***    2  KASAN: slab-out-of-bounds Read in __nla_put_nohdr
Attempt 3:
    Time  Bug Name
***    2  KASAN: slab-out-of-bounds Read in __nla_put_nohdr
The bug was found.

New Max Time: 10.
No Merge Commit.

==== Template Retrospection ====
70 template changes in [2017-07-22, 2020-01-21].

2023-03-20 17:45:01
Session:   2
Template:  2018-08-31 - a4718693a3d9fcabb02299b2ec07c19d8208c539
Syzkaller: 2018-08-31 - a4718693a3d9fcabb02299b2ec07c19d8208c539
Kernel:    2018-08-31 - 420f51f4ab6bce6e580390729fadb89c31123636
Compiler:  gcc-8.0.1-20180412
Attempt 1:
    Time  Bug Name
      10  lost connection to test machine
Attempt 2:
    Time  Bug Name
       4  lost connection to test machine
Attempt 3:
    Time  Bug Name
       4  lost connection to test machine
       6  lost connection to test machine
Attempt 4: (RETRY)
    No crashes found.
Attempt 5: (RETRY)
    No crashes found.
Attempt 6: (RETRY)
    Time  Bug Name
      10  WARNING in generic_make_request_checks
The bug was not found.
Warning: This session is unstable.

2023-03-20 19:31:53
Session:   3
Template:  2019-10-24 - c29eac91f19ed1ca1306329ff38ba70e8d665d6b
Syzkaller: 2019-10-24 - c29eac91f19ed1ca1306329ff38ba70e8d665d6b
Kernel:    2019-10-24 - 39a38bcba4ab6e5285b07675b0e42c96eec35e67
Compiler:  gcc-9.0.0-20181231
Attempt 1:
    No crashes found.
Attempt 2:
    No crashes found.
Attempt 3:
    No crashes found.
The bug was not found.

2023-03-20 20:32:01
Session:   4
Template:  2020-01-03 - 76d86b16e617e761300a6de97f41f36bf091ef65
Syzkaller: 2020-01-03 - 76d86b16e617e761300a6de97f41f36bf091ef65
Kernel:    2020-01-03 - 3a562aee727a7bfbb3a37b1aa934118397dad701
Compiler:  gcc-9.0.0-20181231
Attempt 1:
    No crashes found.
Attempt 2:
    No crashes found.
Attempt 3:
    No crashes found.
The bug was not found.

2023-03-20 21:52:35
Session:   5
Template:  2020-01-18 - 22535fecd5b37c6a14b92b17e548c8061ef77924
Syzkaller: 2020-01-18 - 22535fecd5b37c6a14b92b17e548c8061ef77924
Kernel:    2020-01-18 - 244dc2689085d7ff478f7b61841e62e59bea4557
Compiler:  gcc-9.0.0-20181231
Attempt 1:
    Time  Bug Name
***    2  KASAN: slab-out-of-bounds Read in __nla_put_nohdr
The bug was found.

2023-03-20 22:28:00
Session:   6
Template:  2020-01-07 - 1bcd407ecba1040897a39ee75c8d2da609313eb5
Syzkaller: 2020-01-07 - 1bcd407ecba1040897a39ee75c8d2da609313eb5
Kernel:    2020-01-06 - ae6088216ce4b99b3a4aaaccd2eb2dd40d473d42
Compiler:  gcc-9.0.0-20181231
Attempt 1:
    Time  Bug Name
***    2  KASAN: slab-out-of-bounds Read in __nla_put_nohdr
The bug was found.

2023-03-20 23:10:09
Session:   7
Template:  2020-01-07 - a0f466387dbca955f3681d7a163a5af174df0a4b
Syzkaller: 2020-01-07 - a0f466387dbca955f3681d7a163a5af174df0a4b
Kernel:    2020-01-06 - ae6088216ce4b99b3a4aaaccd2eb2dd40d473d42
Compiler:  gcc-9.0.0-20181231
Attempt 1:
    Time  Bug Name
***    2  KASAN: slab-out-of-bounds Read in __nla_put_nohdr
The bug was found.

2023-03-21 00:02:05
Session:   8
Template:  2020-01-03 - 76d86b16e617e761300a6de97f41f36bf091ef65
Syzkaller: 2020-01-07 - a0f466387dbca955f3681d7a163a5af174df0a4b
Kernel:    2020-01-06 - ae6088216ce4b99b3a4aaaccd2eb2dd40d473d42
Attempt 1:
    No crashes found.
Attempt 2:
    No crashes found.
Attempt 3:
    No crashes found.
The bug was not found.

====================================================================================================================================================
Revealing Factor:   Template Update
Version:            2020-01-07 - a0f466387dbca955f3681d7a163a5af174df0a4b
Commit Name:        sys/linux: fix 2 netlink data layout bugs

Bug Name:           KASAN: slab-out-of-bounds Read in nla_put_nohdr
Bug Link:           https://syzkaller.appspot.com/bug?id=7fd1cbe3e1d2b3f0366d5026854ee5754d451405
Arch:               amd64
Finding Date:       2020-01-21
Finding Commit:     2020-01-20 - d96d875ef5dd372f533059a44f98e92de9cf0d42
Guilty Merge:       None
Guilty Commit:      2005-04-16 - 1da177e4c3f41524e886b7f1b8a0c1fc7321cac2

Possible Blocking Bugs:
