WARNING: bad unlock balance in ovl_llseek,https://syzkaller.appspot.com/bug?id=26f3ca04ea5a2cabf390a85264ad25fe8474c1b6
Repository: linux
Arch: amd64
Finding: 2020-02-23 - f8788d86ab28f61f7b46eb6be375f8a726783636
Guilty:  2020-01-22 - b1f9d3858f724ed45b279b689fb5b400d91352e3
No Duplicates
Single Proc Allocation
VMs:8
CPUs:2
Procs:16
Max time:30
Max attempts:3
Testing the finding commit.

2023-03-11 22:40:50
Session:   1
Template:  2020-02-27 - c88c7b75a4e022b758f4b0f1bf3db8ebb2fb25e6
Syzkaller: 2020-02-27 - c88c7b75a4e022b758f4b0f1bf3db8ebb2fb25e6
Kernel:    2020-02-24 - f8788d86ab28f61f7b46eb6be375f8a726783636
Compiler:  gcc-9.0.0-20181231
Attempt 1:
    No crashes found.
Attempt 2:
    Time  Bug Name
      16  BUG: soft lockup in sys_umount
Attempt 3:
    No crashes found.
The bug was not found.

Failure: This bug cannot be found at the finding commit.
