general protection fault in sctp_stream_free,https://syzkaller.appspot.com/bug?id=627253b526277170cb95403a5754ee2e8b77f25a
Repository: linux
Arch: amd64
Finding: 2019-12-22 - 46cf053efec6a3a5f343fead837777efe8252a46
Guilty:  2019-12-17 - 951c6db954a1adefab492f6da805decacabbd1a7
Duplicate Names:
    general protection fault in sctp_stream_free
    BUG: unable to handle kernel NULL pointer dereference in sctp_stream_free
Single Proc Allocation
VMs:8
CPUs:2
Procs:16
Max time:30
Max attempts:3
Testing the finding commit.

2023-03-29 01:33:42
Session:   1
Template:  2019-12-23 - be5c2c81971442d623dd1b265dabf4644ceeb35b
Syzkaller: 2019-12-23 - be5c2c81971442d623dd1b265dabf4644ceeb35b
Kernel:    2019-12-23 - 46cf053efec6a3a5f343fead837777efe8252a46
Compiler:  gcc-9.0.0-20181231
Attempt 1:
    Time  Bug Name
***   30  general protection fault in sctp_stream_free
Attempt 2:
    Time  Bug Name
***    5  general protection fault in sctp_stream_free
Attempt 3:
    Time  Bug Name
***    3  general protection fault in sctp_stream_free
The bug was found.

New Max Time: 24.
Merge Commit: 2019-12-22 - 78bac77b521b032f96077c21241cc5d5668482c5.
No template updates to inspect.

==== Kernel Retrospection ====
7 Linux commits in [2019-12-22, 2019-12-24].

2023-03-29 02:46:41
Session:   2
Template:  2019-12-22 - 61f4e7ee54a1a1ae938c8ab2ee18bf16da1abab4
Syzkaller: 2019-12-22 - 61f4e7ee54a1a1ae938c8ab2ee18bf16da1abab4
Kernel:    2019-12-22 - a396560706d457058b9f54f184b6f5973c82032c
Compiler:  gcc-9.0.0-20181231
Attempt 1:
    No crashes found.
Attempt 2:
    Time  Bug Name
***    6  general protection fault in sctp_stream_free
The bug was found.

2023-03-29 04:03:29
Session:   3
Template:  2019-12-22 - 61f4e7ee54a1a1ae938c8ab2ee18bf16da1abab4
Syzkaller: 2019-12-22 - 61f4e7ee54a1a1ae938c8ab2ee18bf16da1abab4
Kernel:    2019-12-22 - a313c8e056f86d13ae95a4aef30715918efff20f
Compiler:  gcc-9.0.0-20181231
Attempt 1:
    No crashes found.
Attempt 2:
    Time  Bug Name
***    6  general protection fault in sctp_stream_free
The bug was found.

2023-03-29 05:12:05
Session:   4
Template:  2019-12-22 - 61f4e7ee54a1a1ae938c8ab2ee18bf16da1abab4
Syzkaller: 2019-12-22 - 61f4e7ee54a1a1ae938c8ab2ee18bf16da1abab4
Kernel:    2019-12-22 - 7214618c60e947b8cea12b47d8279bd4220f21bc
Compiler:  gcc-9.0.0-20181231
Attempt 1:
    Time  Bug Name
***    5  general protection fault in sctp_stream_free
The bug was found.

2023-03-29 05:45:20
Session:   5
Template:  2019-12-22 - 61f4e7ee54a1a1ae938c8ab2ee18bf16da1abab4
Syzkaller: 2019-12-22 - 61f4e7ee54a1a1ae938c8ab2ee18bf16da1abab4
Kernel:    2019-12-22 - 78bac77b521b032f96077c21241cc5d5668482c5
Compiler:  gcc-9.0.0-20181231
Attempt 1:
    No crashes found.
Attempt 2:
    No crashes found.
Attempt 3:
    No crashes found.
The bug was not found.

== Confirming the bisected commit ==

2023-03-29 07:36:06
Session:   6
Template:  2019-12-22 - 61f4e7ee54a1a1ae938c8ab2ee18bf16da1abab4
Syzkaller: 2019-12-22 - 61f4e7ee54a1a1ae938c8ab2ee18bf16da1abab4
Kernel:    2019-12-22 - 7214618c60e947b8cea12b47d8279bd4220f21bc
The bug was found in a previous identical fuzzing session.

2023-03-29 07:36:06
Session:   7
Template:  2019-12-22 - 61f4e7ee54a1a1ae938c8ab2ee18bf16da1abab4
Syzkaller: 2019-12-22 - 61f4e7ee54a1a1ae938c8ab2ee18bf16da1abab4
Kernel:    2019-12-22 - 78bac77b521b032f96077c21241cc5d5668482c5
The bug was not found in a previous identical fuzzing session.

====================================================================================================================================================
Revealing Factor:   Kernel Commit
Version:            2019-12-22 - 7214618c60e947b8cea12b47d8279bd4220f21bc
Commit Name:        Merge tag 'riscv/for-v5.5-rc3' of git://git.kernel.org/pub/scm/linux/kernel/git/riscv/linux

Bug Name:           general protection fault in sctp_stream_free
Bug Link:           https://syzkaller.appspot.com/bug?id=627253b526277170cb95403a5754ee2e8b77f25a
Arch:               amd64
Finding Date:       2019-12-24
Finding Commit:     2019-12-23 - 46cf053efec6a3a5f343fead837777efe8252a46
Guilty Merge:       2019-12-22 - 78bac77b521b032f96077c21241cc5d5668482c5
Guilty Commit:      2019-12-17 - 951c6db954a1adefab492f6da805decacabbd1a7

Possible Blocking Bugs:
Warning: Revealing factor may be faulty.
