general protection fault in tcf_ife_cleanup,https://syzkaller.appspot.com/bug?id=2c91a9ebeb17895972ec695b8349426d1904d7b3
Repository: linux
Arch: amd64
Finding: 2020-01-09 - e69ec487b2c7c82ef99b4b15122f58a2a99289a3
Guilty:  2019-03-21 - 11a94d7fd80f92325e7b8653290ad3d2cd67f119
No Duplicates
Single Proc Allocation
VMs:8
CPUs:2
Procs:16
Max time:30
Max attempts:3
Testing the finding commit.

2023-03-25 10:36:15
Session:   1
Template:  2020-01-10 - 4c04afaa19a16e90d8b495cc3795fd4ed21df4df
Syzkaller: 2020-01-10 - 4c04afaa19a16e90d8b495cc3795fd4ed21df4df
Kernel:    2020-01-09 - e69ec487b2c7c82ef99b4b15122f58a2a99289a3
Compiler:  gcc-9.0.0-20181231
Attempt 1:
    Time  Bug Name
***    3  general protection fault in tcf_ife_cleanup
Attempt 2:
    Time  Bug Name
***    3  general protection fault in tcf_ife_cleanup
Attempt 3:
    Time  Bug Name
***    3  general protection fault in tcf_ife_cleanup
The bug was found.

New Max Time: 10.
Merge Commit: 2019-03-21 - 1ea186e3aeead3d99f82fbda820d758d59947b41.

==== Template Retrospection ====
21 template changes in [2019-03-21, 2020-01-11].

2023-03-25 11:39:40
Session:   2
Template:  2019-10-25 - f2635abc2ab7c5581a369c7907278190e72520cc
Syzkaller: 2019-10-25 - f2635abc2ab7c5581a369c7907278190e72520cc
Kernel:    2019-10-25 - b4b61b224d12ef12ff21cc598acce0ee818903ab
Compiler:  gcc-9.0.0-20181231
Attempt 1:
    Time  Bug Name
***    2  general protection fault in tcf_ife_cleanup
The bug was found.

2023-03-25 12:16:50
Session:   3
Template:  2019-10-24 - 40b82bef55ced40729c897417ea766c028e7f56a
Syzkaller: 2019-10-24 - 40b82bef55ced40729c897417ea766c028e7f56a
Kernel:    2019-10-24 - 39a38bcba4ab6e5285b07675b0e42c96eec35e67
Compiler:  gcc-9.0.0-20181231
Attempt 1:
    Time  Bug Name
***    2  general protection fault in tcf_ife_cleanup
The bug was found.

2023-03-25 13:01:14
Session:   4
Template:  2019-09-18 - c2dcd7009f76ef614ef3f5cc7c11a89d6d83d08c
Syzkaller: 2019-09-18 - c2dcd7009f76ef614ef3f5cc7c11a89d6d83d08c
Kernel:    2019-09-18 - f60c55a94e1d127186566f06294f2dadd966e9b4
Compiler:  gcc-9.0.0-20181231
Attempt 1:
    Time  Bug Name
***    2  general protection fault in tcf_ife_cleanup
The bug was found.

2023-03-25 13:40:29
Session:   5
Template:  2019-07-22 - 6a786da97c822c3ad536290c412f472e58342c91
Syzkaller: 2019-07-22 - 6a786da97c822c3ad536290c412f472e58342c91
Kernel:    2019-07-22 - 7b5cf701ea9c395c792e2a7e3b7caf4c68b87721
Compiler:  gcc-9.0.0-20181231
Attempt 1:
    Time  Bug Name
***    2  general protection fault in tcf_ife_cleanup
The bug was found.

2023-03-25 14:13:09
Session:   6
Template:  2019-05-14 - c1caccc8334f39ba2bcae1dfe78e65c474af0160
Syzkaller: 2019-05-14 - c1caccc8334f39ba2bcae1dfe78e65c474af0160
Kernel:    2019-05-14 - 35c99ffa20edd3c24be352d28a63cd3a23121282
Compiler:  gcc-9.0.0-20181231
Attempt 1:
    Time  Bug Name
***    2  general protection fault in tcf_ife_cleanup
The bug was found.

2023-03-25 14:47:19
Session:   7
Template:  2019-03-20 - 427ea48700e7ca23f29a418f8d1998b55170c0aa
Syzkaller: 2019-05-14 - c1caccc8334f39ba2bcae1dfe78e65c474af0160
Kernel:    2019-05-14 - 35c99ffa20edd3c24be352d28a63cd3a23121282
Attempt 1:
    Time  Bug Name
***    2  general protection fault in tcf_ife_cleanup
The bug was found.

==== Kernel Retrospection ====
367 Linux commits in [2019-03-21, 2019-05-14].

2023-03-25 14:54:36
Session:   8
Template:  2019-04-25 - b617407b25b37a7a8efa47127005d1f20dd0abe1
Syzkaller: 2019-04-25 - b617407b25b37a7a8efa47127005d1f20dd0abe1
Kernel:    2019-04-29 - 37624b58542fb9f2d9a70e6ea006ef8a5f66c30b
Compiler:  gcc-9.0.0-20181231
Warning: Syzkaller log file exceeded 5000 lines.
Saved at /mnt/sda/jtbursey/SyzInspector/wd-inspector-3/log/bug671-boot_failure.log.
Attempt 1:
    Time  Bug Name
       1  boot failure
Warning: Syzkaller log file exceeded 5000 lines.
Saved at /mnt/sda/jtbursey/SyzInspector/wd-inspector-3/log/bug671-boot_failure.log.
Attempt 2:
    Time  Bug Name
       1  boot failure
Warning: Syzkaller log file exceeded 5000 lines.
Saved at /mnt/sda/jtbursey/SyzInspector/wd-inspector-3/log/bug671-boot_failure.log.
Attempt 3:
    Time  Bug Name
       1  boot failure
Warning: Syzkaller log file exceeded 5000 lines.
Saved at /mnt/sda/jtbursey/SyzInspector/wd-inspector-3/log/bug671-boot_failure.log.
Attempt 4: (RETRY)
    Time  Bug Name
       1  boot failure
Warning: Syzkaller log file exceeded 5000 lines.
Saved at /mnt/sda/jtbursey/SyzInspector/wd-inspector-3/log/bug671-boot_failure.log.
Attempt 5: (RETRY)
    Time  Bug Name
       1  boot failure
Warning: Syzkaller log file exceeded 5000 lines.
Saved at /mnt/sda/jtbursey/SyzInspector/wd-inspector-3/log/bug671-boot_failure.log.
Attempt 6: (RETRY)
    Time  Bug Name
       1  boot failure
The bug was not found.
Warning: This session is unstable.

2023-03-25 15:34:35
Session:   9
Template:  2019-04-17 - b0e8efcb4b0aac61f4647a76bbe54a5d38a370ba
Syzkaller: 2019-04-17 - b0e8efcb4b0aac61f4647a76bbe54a5d38a370ba
Kernel:    2019-04-18 - 738a7832d21e3d911fcddab98ce260b79010b461
Compiler:  gcc-9.0.0-20181231
Warning: Syzkaller log file exceeded 5000 lines.
Saved at /mnt/sda/jtbursey/SyzInspector/wd-inspector-3/log/bug671-boot_failure.log.
Attempt 1:
    Time  Bug Name
       1  boot failure
Warning: Syzkaller log file exceeded 5000 lines.
Saved at /mnt/sda/jtbursey/SyzInspector/wd-inspector-3/log/bug671-boot_failure.log.
Attempt 2:
    Time  Bug Name
       1  boot failure
Warning: Syzkaller log file exceeded 5000 lines.
Saved at /mnt/sda/jtbursey/SyzInspector/wd-inspector-3/log/bug671-boot_failure.log.
Attempt 3:
    Time  Bug Name
       1  boot failure
Warning: Syzkaller log file exceeded 5000 lines.
Saved at /mnt/sda/jtbursey/SyzInspector/wd-inspector-3/log/bug671-boot_failure.log.
Attempt 4: (RETRY)
    Time  Bug Name
       1  boot failure
Warning: Syzkaller log file exceeded 5000 lines.
Saved at /mnt/sda/jtbursey/SyzInspector/wd-inspector-3/log/bug671-boot_failure.log.
Attempt 5: (RETRY)
    Time  Bug Name
       1  boot failure
Warning: Syzkaller log file exceeded 5000 lines.
Saved at /mnt/sda/jtbursey/SyzInspector/wd-inspector-3/log/bug671-boot_failure.log.
Attempt 6: (RETRY)
    Time  Bug Name
       1  boot failure
The bug was not found.
Warning: This session is unstable.

2023-03-25 16:11:38
Session:   10
Template:  2019-04-08 - 995065ff4180c5a69912d9ced947b240b9e3ae4d
Syzkaller: 2019-04-08 - 995065ff4180c5a69912d9ced947b240b9e3ae4d
Kernel:    2019-04-08 - fd008d1a7a204695f0e5e003af16448bb9c34b7b
Compiler:  gcc-9.0.0-20181231
Warning: Syzkaller log file exceeded 5000 lines.
Saved at /mnt/sda/jtbursey/SyzInspector/wd-inspector-3/log/bug671-boot_failure.log.
Attempt 1:
    Time  Bug Name
       1  boot failure
Warning: Syzkaller log file exceeded 5000 lines.
Saved at /mnt/sda/jtbursey/SyzInspector/wd-inspector-3/log/bug671-boot_failure.log.
Attempt 2:
    Time  Bug Name
       1  boot failure
Warning: Syzkaller log file exceeded 5000 lines.
Saved at /mnt/sda/jtbursey/SyzInspector/wd-inspector-3/log/bug671-boot_failure.log.
Attempt 3:
    Time  Bug Name
       1  boot failure
Warning: Syzkaller log file exceeded 5000 lines.
Saved at /mnt/sda/jtbursey/SyzInspector/wd-inspector-3/log/bug671-boot_failure.log.
Attempt 4: (RETRY)
    Time  Bug Name
       1  boot failure
Warning: Syzkaller log file exceeded 5000 lines.
Saved at /mnt/sda/jtbursey/SyzInspector/wd-inspector-3/log/bug671-boot_failure.log.
Attempt 5: (RETRY)
    Time  Bug Name
       1  boot failure
Warning: Syzkaller log file exceeded 5000 lines.
Saved at /mnt/sda/jtbursey/SyzInspector/wd-inspector-3/log/bug671-boot_failure.log.
Attempt 6: (RETRY)
    Time  Bug Name
       1  boot failure
The bug was not found.
Warning: This session is unstable.

2023-03-25 17:00:09
Session:   11
Template:  2019-03-30 - 0c624d4d49d82be9fe37a94a691ea36f69c8ecc6
Syzkaller: 2019-03-30 - 0c624d4d49d82be9fe37a94a691ea36f69c8ecc6
Kernel:    2019-03-30 - 52afe190ff034f25546fb0a2cb7380dcb896d371
Compiler:  gcc-9.0.0-20181231
Warning: Syzkaller log file exceeded 5000 lines.
Saved at /mnt/sda/jtbursey/SyzInspector/wd-inspector-3/log/bug671-boot_failure.log.
Attempt 1:
    Time  Bug Name
       2  boot failure
Warning: Syzkaller log file exceeded 5000 lines.
Saved at /mnt/sda/jtbursey/SyzInspector/wd-inspector-3/log/bug671-boot_failure.log.
Attempt 2:
    Time  Bug Name
       1  boot failure
Warning: Syzkaller log file exceeded 5000 lines.
Saved at /mnt/sda/jtbursey/SyzInspector/wd-inspector-3/log/bug671-boot_failure.log.
Attempt 3:
    Time  Bug Name
       1  boot failure
Warning: Syzkaller log file exceeded 5000 lines.
Saved at /mnt/sda/jtbursey/SyzInspector/wd-inspector-3/log/bug671-boot_failure.log.
Attempt 4: (RETRY)
    Time  Bug Name
       1  boot failure
Warning: Syzkaller log file exceeded 5000 lines.
Saved at /mnt/sda/jtbursey/SyzInspector/wd-inspector-3/log/bug671-boot_failure.log.
Attempt 5: (RETRY)
    Time  Bug Name
       1  boot failure
Warning: Syzkaller log file exceeded 5000 lines.
Saved at /mnt/sda/jtbursey/SyzInspector/wd-inspector-3/log/bug671-boot_failure.log.
Attempt 6: (RETRY)
    Time  Bug Name
       1  boot failure
The bug was not found.
Warning: This session is unstable.

2023-03-25 17:43:06
Session:   12
Template:  2019-03-22 - 3361bde5773da39c293045c578c844ddc89291e6
Syzkaller: 2019-03-22 - 3361bde5773da39c293045c578c844ddc89291e6
Kernel:    2019-03-22 - c8248c6c1a3d5db944753dd8e1c143d92c2c74fc
Compiler:  gcc-9.0.0-20181231
Warning: Syzkaller log file exceeded 5000 lines.
Saved at /mnt/sda/jtbursey/SyzInspector/wd-inspector-3/log/bug671-boot_failure.log.
Attempt 1:
    Time  Bug Name
       1  boot failure
Warning: Syzkaller log file exceeded 5000 lines.
Saved at /mnt/sda/jtbursey/SyzInspector/wd-inspector-3/log/bug671-boot_failure.log.
Attempt 2:
    Time  Bug Name
       1  boot failure
Warning: Syzkaller log file exceeded 5000 lines.
Saved at /mnt/sda/jtbursey/SyzInspector/wd-inspector-3/log/bug671-boot_failure.log.
Attempt 3:
    Time  Bug Name
       1  boot failure
Warning: Syzkaller log file exceeded 5000 lines.
Saved at /mnt/sda/jtbursey/SyzInspector/wd-inspector-3/log/bug671-boot_failure.log.
Attempt 4: (RETRY)
    Time  Bug Name
       1  boot failure
Warning: Syzkaller log file exceeded 5000 lines.
Saved at /mnt/sda/jtbursey/SyzInspector/wd-inspector-3/log/bug671-boot_failure.log.
Attempt 5: (RETRY)
    Time  Bug Name
       1  boot failure
Warning: Syzkaller log file exceeded 5000 lines.
Saved at /mnt/sda/jtbursey/SyzInspector/wd-inspector-3/log/bug671-boot_failure.log.
Attempt 6: (RETRY)
    Time  Bug Name
       1  boot failure
The bug was not found.
Warning: This session is unstable.

2023-03-25 18:27:17
Session:   13
Template:  2019-05-06 - 148296f4787895d1b148d29a2f48140bcfd245a3
Syzkaller: 2019-05-06 - 148296f4787895d1b148d29a2f48140bcfd245a3
Kernel:    2019-05-06 - 80e77644efcc1ec1064edd4c66a989cdf2e7ec7e
Compiler:  gcc-9.0.0-20181231
Warning: Syzkaller log file exceeded 5000 lines.
Saved at /mnt/sda/jtbursey/SyzInspector/wd-inspector-3/log/bug671-boot_failure.log.
Attempt 1:
    Time  Bug Name
       1  boot failure
Warning: Syzkaller log file exceeded 5000 lines.
Saved at /mnt/sda/jtbursey/SyzInspector/wd-inspector-3/log/bug671-boot_failure.log.
Attempt 2:
    Time  Bug Name
       1  boot failure
Warning: Syzkaller log file exceeded 5000 lines.
Saved at /mnt/sda/jtbursey/SyzInspector/wd-inspector-3/log/bug671-boot_failure.log.
Attempt 3:
    Time  Bug Name
       1  boot failure
Warning: Syzkaller log file exceeded 5000 lines.
Saved at /mnt/sda/jtbursey/SyzInspector/wd-inspector-3/log/bug671-boot_failure.log.
Attempt 4: (RETRY)
    Time  Bug Name
       1  boot failure
Warning: Syzkaller log file exceeded 5000 lines.
Saved at /mnt/sda/jtbursey/SyzInspector/wd-inspector-3/log/bug671-boot_failure.log.
Attempt 5: (RETRY)
    Time  Bug Name
       1  boot failure
Warning: Syzkaller log file exceeded 5000 lines.
Saved at /mnt/sda/jtbursey/SyzInspector/wd-inspector-3/log/bug671-boot_failure.log.
Attempt 6: (RETRY)
    Time  Bug Name
       1  boot failure
The bug was not found.
Warning: This session is unstable.

2023-03-25 19:05:10
Session:   14
Template:  2019-05-07 - a7383bfac17332db9afdad436b6c06c48bfe4815
Syzkaller: 2019-05-07 - a7383bfac17332db9afdad436b6c06c48bfe4815
Kernel:    2019-05-07 - b4b52b881cf08e13d110eac811d4becc0775abbf
Compiler:  gcc-9.0.0-20181231
Warning: Syzkaller log file exceeded 5000 lines.
Saved at /mnt/sda/jtbursey/SyzInspector/wd-inspector-3/log/bug671-boot_failure.log.
Attempt 1:
    Time  Bug Name
       1  boot failure
Warning: Syzkaller log file exceeded 5000 lines.
Saved at /mnt/sda/jtbursey/SyzInspector/wd-inspector-3/log/bug671-boot_failure.log.
Attempt 2:
    Time  Bug Name
       1  boot failure
Warning: Syzkaller log file exceeded 5000 lines.
Saved at /mnt/sda/jtbursey/SyzInspector/wd-inspector-3/log/bug671-boot_failure.log.
Attempt 3:
    Time  Bug Name
       1  boot failure
Warning: Syzkaller log file exceeded 5000 lines.
Saved at /mnt/sda/jtbursey/SyzInspector/wd-inspector-3/log/bug671-boot_failure.log.
Attempt 4: (RETRY)
    Time  Bug Name
       1  boot failure
Warning: Syzkaller log file exceeded 5000 lines.
Saved at /mnt/sda/jtbursey/SyzInspector/wd-inspector-3/log/bug671-boot_failure.log.
Attempt 5: (RETRY)
    Time  Bug Name
       1  boot failure
Warning: Syzkaller log file exceeded 5000 lines.
Saved at /mnt/sda/jtbursey/SyzInspector/wd-inspector-3/log/bug671-boot_failure.log.
Attempt 6: (RETRY)
    Time  Bug Name
       1  boot failure
The bug was not found.
Warning: This session is unstable.

2023-03-25 19:50:19
Session:   15
Template:  2019-05-09 - 018207ef2f3cc02fc5e20bdc8c43bbe3c6acbf52
Syzkaller: 2019-05-09 - 018207ef2f3cc02fc5e20bdc8c43bbe3c6acbf52
Kernel:    2019-05-09 - 800c608c976c3f0a6d02ed7fbc600f1f6962ac73
Compiler:  gcc-9.0.0-20181231
Warning: Syzkaller log file exceeded 5000 lines.
Saved at /mnt/sda/jtbursey/SyzInspector/wd-inspector-3/log/bug671-boot_failure.log.
Attempt 1:
    Time  Bug Name
       1  boot failure
Warning: Syzkaller log file exceeded 5000 lines.
Saved at /mnt/sda/jtbursey/SyzInspector/wd-inspector-3/log/bug671-boot_failure.log.
Attempt 2:
    Time  Bug Name
       1  boot failure
Warning: Syzkaller log file exceeded 5000 lines.
Saved at /mnt/sda/jtbursey/SyzInspector/wd-inspector-3/log/bug671-boot_failure.log.
Attempt 3:
    Time  Bug Name
       1  boot failure
Warning: Syzkaller log file exceeded 5000 lines.
Saved at /mnt/sda/jtbursey/SyzInspector/wd-inspector-3/log/bug671-boot_failure.log.
Attempt 4: (RETRY)
    Time  Bug Name
       1  boot failure
Warning: Syzkaller log file exceeded 5000 lines.
Saved at /mnt/sda/jtbursey/SyzInspector/wd-inspector-3/log/bug671-boot_failure.log.
Attempt 5: (RETRY)
    Time  Bug Name
       1  boot failure
Warning: Syzkaller log file exceeded 5000 lines.
Saved at /mnt/sda/jtbursey/SyzInspector/wd-inspector-3/log/bug671-boot_failure.log.
Attempt 6: (RETRY)
    Time  Bug Name
       1  boot failure
The bug was not found.
Warning: This session is unstable.

2023-03-25 20:27:55
Session:   16
Template:  2019-05-14 - bd4e3ac77b56f644b6e5afc8c43c8a77848dbb52
Syzkaller: 2019-05-14 - bd4e3ac77b56f644b6e5afc8c43c8a77848dbb52
Kernel:    2019-05-14 - ca4b40629f4edd3a961bedcd118e3ad05439ec71
Compiler:  gcc-9.0.0-20181231
Attempt 1:
    Time  Bug Name
***    2  general protection fault in tcf_ife_cleanup
The bug was found.

2023-03-25 21:03:34
Session:   17
Template:  2019-04-25 - b617407b25b37a7a8efa47127005d1f20dd0abe1
Syzkaller: 2019-04-25 - b617407b25b37a7a8efa47127005d1f20dd0abe1
Kernel:    2019-04-28 - 0d82044e1b7e5497c2177abd39b31e9ba27be8b7
Compiler:  gcc-9.0.0-20181231
Warning: Syzkaller log file exceeded 5000 lines.
Saved at /mnt/sda/jtbursey/SyzInspector/wd-inspector-3/log/bug671-boot_failure.log.
Attempt 1:
    Time  Bug Name
       1  boot failure
Warning: Syzkaller log file exceeded 5000 lines.
Saved at /mnt/sda/jtbursey/SyzInspector/wd-inspector-3/log/bug671-boot_failure.log.
Attempt 2:
    Time  Bug Name
       1  boot failure
Warning: Syzkaller log file exceeded 5000 lines.
Saved at /mnt/sda/jtbursey/SyzInspector/wd-inspector-3/log/bug671-boot_failure.log.
Attempt 3:
    Time  Bug Name
       1  boot failure
Warning: Syzkaller log file exceeded 5000 lines.
Saved at /mnt/sda/jtbursey/SyzInspector/wd-inspector-3/log/bug671-boot_failure.log.
Attempt 4: (RETRY)
    Time  Bug Name
       1  boot failure
Warning: Syzkaller log file exceeded 5000 lines.
Saved at /mnt/sda/jtbursey/SyzInspector/wd-inspector-3/log/bug671-boot_failure.log.
Attempt 5: (RETRY)
    Time  Bug Name
       1  boot failure
Warning: Syzkaller log file exceeded 5000 lines.
Saved at /mnt/sda/jtbursey/SyzInspector/wd-inspector-3/log/bug671-boot_failure.log.
Attempt 6: (RETRY)
    Time  Bug Name
       1  boot failure
The bug was not found.
Warning: This session is unstable.

2023-03-25 21:37:44
Session:   18
Template:  2019-04-17 - b0e8efcb4b0aac61f4647a76bbe54a5d38a370ba
Syzkaller: 2019-04-17 - b0e8efcb4b0aac61f4647a76bbe54a5d38a370ba
Kernel:    2019-04-18 - 2a852fd1ac893d75879923025306f146b7e0747e
Compiler:  gcc-9.0.0-20181231
Warning: Syzkaller log file exceeded 5000 lines.
Saved at /mnt/sda/jtbursey/SyzInspector/wd-inspector-3/log/bug671-boot_failure.log.
Attempt 1:
    Time  Bug Name
       1  boot failure
Warning: Syzkaller log file exceeded 5000 lines.
Saved at /mnt/sda/jtbursey/SyzInspector/wd-inspector-3/log/bug671-boot_failure.log.
Attempt 2:
    Time  Bug Name
       1  boot failure
Warning: Syzkaller log file exceeded 5000 lines.
Saved at /mnt/sda/jtbursey/SyzInspector/wd-inspector-3/log/bug671-boot_failure.log.
Attempt 3:
    Time  Bug Name
       1  boot failure
Warning: Syzkaller log file exceeded 5000 lines.
Saved at /mnt/sda/jtbursey/SyzInspector/wd-inspector-3/log/bug671-boot_failure.log.
Attempt 4: (RETRY)
    Time  Bug Name
       1  boot failure
Warning: Syzkaller log file exceeded 5000 lines.
Saved at /mnt/sda/jtbursey/SyzInspector/wd-inspector-3/log/bug671-boot_failure.log.
Attempt 5: (RETRY)
    Time  Bug Name
       1  boot failure
Warning: Syzkaller log file exceeded 5000 lines.
Saved at /mnt/sda/jtbursey/SyzInspector/wd-inspector-3/log/bug671-boot_failure.log.
Attempt 6: (RETRY)
    Time  Bug Name
       1  boot failure
The bug was not found.
Warning: This session is unstable.

2023-03-25 22:10:11
Session:   19
Template:  2019-04-08 - 995065ff4180c5a69912d9ced947b240b9e3ae4d
Syzkaller: 2019-04-08 - 995065ff4180c5a69912d9ced947b240b9e3ae4d
Kernel:    2019-04-08 - 15ade5d2e7775667cf191cf2f94327a4889f8b9d
Compiler:  gcc-9.0.0-20181231
Warning: Syzkaller log file exceeded 5000 lines.
Saved at /mnt/sda/jtbursey/SyzInspector/wd-inspector-3/log/bug671-boot_failure.log.
Attempt 1:
    Time  Bug Name
       1  boot failure
Warning: Syzkaller log file exceeded 5000 lines.
Saved at /mnt/sda/jtbursey/SyzInspector/wd-inspector-3/log/bug671-boot_failure.log.
Attempt 2:
    Time  Bug Name
       1  boot failure
Warning: Syzkaller log file exceeded 5000 lines.
Saved at /mnt/sda/jtbursey/SyzInspector/wd-inspector-3/log/bug671-boot_failure.log.
Attempt 3:
    Time  Bug Name
       1  boot failure
Warning: Syzkaller log file exceeded 5000 lines.
Saved at /mnt/sda/jtbursey/SyzInspector/wd-inspector-3/log/bug671-boot_failure.log.
Attempt 4: (RETRY)
    Time  Bug Name
       1  boot failure
Warning: Syzkaller log file exceeded 5000 lines.
Saved at /mnt/sda/jtbursey/SyzInspector/wd-inspector-3/log/bug671-boot_failure.log.
Attempt 5: (RETRY)
    Time  Bug Name
       1  boot failure
Warning: Syzkaller log file exceeded 5000 lines.
Saved at /mnt/sda/jtbursey/SyzInspector/wd-inspector-3/log/bug671-boot_failure.log.
Attempt 6: (RETRY)
    Time  Bug Name
       1  boot failure
The bug was not found.
Warning: This session is unstable.

2023-03-25 22:46:00
Session:   20
Template:  2019-03-30 - 0c624d4d49d82be9fe37a94a691ea36f69c8ecc6
Syzkaller: 2019-03-30 - 0c624d4d49d82be9fe37a94a691ea36f69c8ecc6
Kernel:    2019-03-30 - 782492a7a4807317319a0b1832594d07ba79747d
Compiler:  gcc-9.0.0-20181231
Warning: Syzkaller log file exceeded 5000 lines.
Saved at /mnt/sda/jtbursey/SyzInspector/wd-inspector-3/log/bug671-boot_failure.log.
Attempt 1:
    Time  Bug Name
       1  boot failure
Warning: Syzkaller log file exceeded 5000 lines.
Saved at /mnt/sda/jtbursey/SyzInspector/wd-inspector-3/log/bug671-boot_failure.log.
Attempt 2:
    Time  Bug Name
       1  boot failure
Warning: Syzkaller log file exceeded 5000 lines.
Saved at /mnt/sda/jtbursey/SyzInspector/wd-inspector-3/log/bug671-boot_failure.log.
Attempt 3:
    Time  Bug Name
       1  boot failure
Warning: Syzkaller log file exceeded 5000 lines.
Saved at /mnt/sda/jtbursey/SyzInspector/wd-inspector-3/log/bug671-boot_failure.log.
Attempt 4: (RETRY)
    Time  Bug Name
       1  boot failure
Warning: Syzkaller log file exceeded 5000 lines.
Saved at /mnt/sda/jtbursey/SyzInspector/wd-inspector-3/log/bug671-boot_failure.log.
Attempt 5: (RETRY)
    Time  Bug Name
       1  boot failure
Warning: Syzkaller log file exceeded 5000 lines.
Saved at /mnt/sda/jtbursey/SyzInspector/wd-inspector-3/log/bug671-boot_failure.log.
Attempt 6: (RETRY)
    Time  Bug Name
       1  boot failure
The bug was not found.
Warning: This session is unstable.

2023-03-25 23:22:35
Session:   21
Template:  2019-03-21 - dce6e62ffce4b315ab41407813f0257ced29903f
Syzkaller: 2019-03-21 - dce6e62ffce4b315ab41407813f0257ced29903f
Kernel:    2019-03-21 - 408f13ef358aa5ad56dc6230c2c7deb92cf462b1
Compiler:  gcc-9.0.0-20181231
Warning: Syzkaller log file exceeded 5000 lines.
Saved at /mnt/sda/jtbursey/SyzInspector/wd-inspector-3/log/bug671-boot_failure.log.
Attempt 1:
    Time  Bug Name
       1  boot failure
Warning: Syzkaller log file exceeded 5000 lines.
Saved at /mnt/sda/jtbursey/SyzInspector/wd-inspector-3/log/bug671-boot_failure.log.
Attempt 2:
    Time  Bug Name
       2  boot failure
Warning: Syzkaller log file exceeded 5000 lines.
Saved at /mnt/sda/jtbursey/SyzInspector/wd-inspector-3/log/bug671-boot_failure.log.
Attempt 3:
    Time  Bug Name
       1  boot failure
Warning: Syzkaller log file exceeded 5000 lines.
Saved at /mnt/sda/jtbursey/SyzInspector/wd-inspector-3/log/bug671-boot_failure.log.
Attempt 4: (RETRY)
    Time  Bug Name
       1  boot failure
Warning: Syzkaller log file exceeded 5000 lines.
Saved at /mnt/sda/jtbursey/SyzInspector/wd-inspector-3/log/bug671-boot_failure.log.
Attempt 5: (RETRY)
    Time  Bug Name
       1  boot failure
Warning: Syzkaller log file exceeded 5000 lines.
Saved at /mnt/sda/jtbursey/SyzInspector/wd-inspector-3/log/bug671-boot_failure.log.
Attempt 6: (RETRY)
    Time  Bug Name
       1  boot failure
The bug was not found.
Warning: This session is unstable.

2023-03-26 00:08:52
Session:   22
Template:  2019-05-06 - 148296f4787895d1b148d29a2f48140bcfd245a3
Syzkaller: 2019-05-06 - 148296f4787895d1b148d29a2f48140bcfd245a3
Kernel:    2019-05-06 - 5a2bf1abbf96fca02b9785c252e569ef8e004851
Compiler:  gcc-9.0.0-20181231
Warning: Syzkaller log file exceeded 5000 lines.
Saved at /mnt/sda/jtbursey/SyzInspector/wd-inspector-3/log/bug671-boot_failure.log.
Attempt 1:
    Time  Bug Name
       1  boot failure
Warning: Syzkaller log file exceeded 5000 lines.
Saved at /mnt/sda/jtbursey/SyzInspector/wd-inspector-3/log/bug671-boot_failure.log.
Attempt 2:
    Time  Bug Name
       1  boot failure
Warning: Syzkaller log file exceeded 5000 lines.
Saved at /mnt/sda/jtbursey/SyzInspector/wd-inspector-3/log/bug671-boot_failure.log.
Attempt 3:
    Time  Bug Name
       1  boot failure
Warning: Syzkaller log file exceeded 5000 lines.
Saved at /mnt/sda/jtbursey/SyzInspector/wd-inspector-3/log/bug671-boot_failure.log.
Attempt 4: (RETRY)
    Time  Bug Name
       1  boot failure
Warning: Syzkaller log file exceeded 5000 lines.
Saved at /mnt/sda/jtbursey/SyzInspector/wd-inspector-3/log/bug671-boot_failure.log.
Attempt 5: (RETRY)
    Time  Bug Name
       1  boot failure
Warning: Syzkaller log file exceeded 5000 lines.
Saved at /mnt/sda/jtbursey/SyzInspector/wd-inspector-3/log/bug671-boot_failure.log.
Attempt 6: (RETRY)
    Time  Bug Name
       1  boot failure
The bug was not found.
Warning: This session is unstable.

2023-03-26 00:57:34
Session:   23
Template:  2019-05-07 - a7383bfac17332db9afdad436b6c06c48bfe4815
Syzkaller: 2019-05-07 - a7383bfac17332db9afdad436b6c06c48bfe4815
Kernel:    2019-05-07 - eac7078a0fff1e72cf2b641721e3f55ec7e5e21e
Compiler:  gcc-9.0.0-20181231
Warning: Syzkaller log file exceeded 5000 lines.
Saved at /mnt/sda/jtbursey/SyzInspector/wd-inspector-3/log/bug671-boot_failure.log.
Attempt 1:
    Time  Bug Name
       3  boot failure
Warning: Syzkaller log file exceeded 5000 lines.
Saved at /mnt/sda/jtbursey/SyzInspector/wd-inspector-3/log/bug671-boot_failure.log.
Attempt 2:
    Time  Bug Name
       1  boot failure
Warning: Syzkaller log file exceeded 5000 lines.
Saved at /mnt/sda/jtbursey/SyzInspector/wd-inspector-3/log/bug671-boot_failure.log.
Attempt 3:
    Time  Bug Name
       1  boot failure
Warning: Syzkaller log file exceeded 5000 lines.
Saved at /mnt/sda/jtbursey/SyzInspector/wd-inspector-3/log/bug671-boot_failure.log.
Attempt 4: (RETRY)
    Time  Bug Name
       1  boot failure
Warning: Syzkaller log file exceeded 5000 lines.
Saved at /mnt/sda/jtbursey/SyzInspector/wd-inspector-3/log/bug671-boot_failure.log.
Attempt 5: (RETRY)
    Time  Bug Name
       1  boot failure
Warning: Syzkaller log file exceeded 5000 lines.
Saved at /mnt/sda/jtbursey/SyzInspector/wd-inspector-3/log/bug671-boot_failure.log.
Attempt 6: (RETRY)
    Time  Bug Name
       1  boot failure
The bug was not found.
Warning: This session is unstable.

2023-03-26 01:38:46
Session:   24
Template:  2019-05-09 - 018207ef2f3cc02fc5e20bdc8c43bbe3c6acbf52
Syzkaller: 2019-05-09 - 018207ef2f3cc02fc5e20bdc8c43bbe3c6acbf52
Kernel:    2019-05-09 - 882388056194d2d4c3f589b194b6bdcc47e677e8
Compiler:  gcc-9.0.0-20181231
Warning: Syzkaller log file exceeded 5000 lines.
Saved at /mnt/sda/jtbursey/SyzInspector/wd-inspector-3/log/bug671-boot_failure.log.
Attempt 1:
    Time  Bug Name
       1  boot failure
Warning: Syzkaller log file exceeded 5000 lines.
Saved at /mnt/sda/jtbursey/SyzInspector/wd-inspector-3/log/bug671-boot_failure.log.
Attempt 2:
    Time  Bug Name
       1  boot failure
Warning: Syzkaller log file exceeded 5000 lines.
Saved at /mnt/sda/jtbursey/SyzInspector/wd-inspector-3/log/bug671-boot_failure.log.
Attempt 3:
    Time  Bug Name
       1  boot failure
Warning: Syzkaller log file exceeded 5000 lines.
Saved at /mnt/sda/jtbursey/SyzInspector/wd-inspector-3/log/bug671-boot_failure.log.
Attempt 4: (RETRY)
    Time  Bug Name
       1  boot failure
Warning: Syzkaller log file exceeded 5000 lines.
Saved at /mnt/sda/jtbursey/SyzInspector/wd-inspector-3/log/bug671-boot_failure.log.
Attempt 5: (RETRY)
    Time  Bug Name
       1  boot failure
Warning: Syzkaller log file exceeded 5000 lines.
Saved at /mnt/sda/jtbursey/SyzInspector/wd-inspector-3/log/bug671-boot_failure.log.
Attempt 6: (RETRY)
    Time  Bug Name
       1  boot failure
The bug was not found.
Warning: This session is unstable.

2023-03-26 02:41:41
Session:   25
Template:  2019-05-14 - bd4e3ac77b56f644b6e5afc8c43c8a77848dbb52
Syzkaller: 2019-05-14 - bd4e3ac77b56f644b6e5afc8c43c8a77848dbb52
Kernel:    2019-05-14 - e0654264c4806dc436b291294a0fbf9be7571ab6
Compiler:  gcc-9.0.0-20181231
Attempt 1:
    Time  Bug Name
***    2  general protection fault in tcf_ife_cleanup
The bug was found.

2023-03-26 03:28:00
Session:   26
Template:  2019-04-25 - b617407b25b37a7a8efa47127005d1f20dd0abe1
Syzkaller: 2019-04-25 - b617407b25b37a7a8efa47127005d1f20dd0abe1
Kernel:    2019-04-28 - 975a0f400f2e1b5f585fec0b8b4c5942c3b05792
Compiler:  gcc-9.0.0-20181231
Warning: Syzkaller log file exceeded 5000 lines.
Saved at /mnt/sda/jtbursey/SyzInspector/wd-inspector-3/log/bug671-boot_failure.log.
Attempt 1:
    Time  Bug Name
       1  boot failure
Warning: Syzkaller log file exceeded 5000 lines.
Saved at /mnt/sda/jtbursey/SyzInspector/wd-inspector-3/log/bug671-boot_failure.log.
Attempt 2:
    Time  Bug Name
       1  boot failure
Warning: Syzkaller log file exceeded 5000 lines.
Saved at /mnt/sda/jtbursey/SyzInspector/wd-inspector-3/log/bug671-boot_failure.log.
Attempt 3:
    Time  Bug Name
       1  boot failure
Warning: Syzkaller log file exceeded 5000 lines.
Saved at /mnt/sda/jtbursey/SyzInspector/wd-inspector-3/log/bug671-boot_failure.log.
Attempt 4: (RETRY)
    Time  Bug Name
       1  boot failure
Warning: Syzkaller log file exceeded 5000 lines.
Saved at /mnt/sda/jtbursey/SyzInspector/wd-inspector-3/log/bug671-boot_failure.log.
Attempt 5: (RETRY)
    Time  Bug Name
       1  boot failure
Warning: Syzkaller log file exceeded 5000 lines.
Saved at /mnt/sda/jtbursey/SyzInspector/wd-inspector-3/log/bug671-boot_failure.log.
Attempt 6: (RETRY)
    Time  Bug Name
       1  boot failure
The bug was not found.
Warning: This session is unstable.

2023-03-26 04:07:14
Session:   27
Template:  2019-04-17 - b0e8efcb4b0aac61f4647a76bbe54a5d38a370ba
Syzkaller: 2019-04-17 - b0e8efcb4b0aac61f4647a76bbe54a5d38a370ba
Kernel:    2019-04-18 - d3ce3b1879ffb991d3894b57cda8610827fbdef3
Compiler:  gcc-9.0.0-20181231
Warning: Syzkaller log file exceeded 5000 lines.
Saved at /mnt/sda/jtbursey/SyzInspector/wd-inspector-3/log/bug671-boot_failure.log.
Attempt 1:
    Time  Bug Name
       1  boot failure
Warning: Syzkaller log file exceeded 5000 lines.
Saved at /mnt/sda/jtbursey/SyzInspector/wd-inspector-3/log/bug671-boot_failure.log.
Attempt 2:
    Time  Bug Name
       1  boot failure
Warning: Syzkaller log file exceeded 5000 lines.
Saved at /mnt/sda/jtbursey/SyzInspector/wd-inspector-3/log/bug671-boot_failure.log.
Attempt 3:
    Time  Bug Name
       1  boot failure
Warning: Syzkaller log file exceeded 5000 lines.
Saved at /mnt/sda/jtbursey/SyzInspector/wd-inspector-3/log/bug671-boot_failure.log.
Attempt 4: (RETRY)
    Time  Bug Name
       1  boot failure
Warning: Syzkaller log file exceeded 5000 lines.
Saved at /mnt/sda/jtbursey/SyzInspector/wd-inspector-3/log/bug671-boot_failure.log.
Attempt 5: (RETRY)
    Time  Bug Name
       1  boot failure
Warning: Syzkaller log file exceeded 5000 lines.
Saved at /mnt/sda/jtbursey/SyzInspector/wd-inspector-3/log/bug671-boot_failure.log.
Attempt 6: (RETRY)
    Time  Bug Name
       2  boot failure
The bug was not found.
Warning: This session is unstable.

2023-03-26 04:52:49
Session:   28
Template:  2019-04-05 - c34fde03ec2b778c7cb3f4463dac2e6b9c7934c9
Syzkaller: 2019-04-05 - c34fde03ec2b778c7cb3f4463dac2e6b9c7934c9
Kernel:    2019-04-07 - d8491223bc243b960ee1c4a8aa5219eca0d69acf
Compiler:  gcc-9.0.0-20181231
Warning: Syzkaller log file exceeded 5000 lines.
Saved at /mnt/sda/jtbursey/SyzInspector/wd-inspector-3/log/bug671-boot_failure.log.
Attempt 1:
    Time  Bug Name
       1  boot failure
Warning: Syzkaller log file exceeded 5000 lines.
Saved at /mnt/sda/jtbursey/SyzInspector/wd-inspector-3/log/bug671-boot_failure.log.
Attempt 2:
    Time  Bug Name
       1  boot failure
Warning: Syzkaller log file exceeded 5000 lines.
Saved at /mnt/sda/jtbursey/SyzInspector/wd-inspector-3/log/bug671-boot_failure.log.
Attempt 3:
    Time  Bug Name
       1  boot failure
Warning: Syzkaller log file exceeded 5000 lines.
Saved at /mnt/sda/jtbursey/SyzInspector/wd-inspector-3/log/bug671-boot_failure.log.
Attempt 4: (RETRY)
    Time  Bug Name
       1  boot failure
Warning: Syzkaller log file exceeded 5000 lines.
Saved at /mnt/sda/jtbursey/SyzInspector/wd-inspector-3/log/bug671-boot_failure.log.
Attempt 5: (RETRY)
    Time  Bug Name
       1  boot failure
Warning: Syzkaller log file exceeded 5000 lines.
Saved at /mnt/sda/jtbursey/SyzInspector/wd-inspector-3/log/bug671-boot_failure.log.
Attempt 6: (RETRY)
    Time  Bug Name
       1  boot failure
The bug was not found.
Warning: This session is unstable.

2023-03-26 05:45:29
Session:   29
Template:  2019-03-30 - 0c624d4d49d82be9fe37a94a691ea36f69c8ecc6
Syzkaller: 2019-03-30 - 0c624d4d49d82be9fe37a94a691ea36f69c8ecc6
Kernel:    2019-03-30 - 8e377a1c7e2465831b39dbe24ec04c0a8b36fc76
Compiler:  gcc-9.0.0-20181231
Warning: Syzkaller log file exceeded 5000 lines.
Saved at /mnt/sda/jtbursey/SyzInspector/wd-inspector-3/log/bug671-boot_failure.log.
Attempt 1:
    Time  Bug Name
       1  boot failure
Warning: Syzkaller log file exceeded 5000 lines.
Saved at /mnt/sda/jtbursey/SyzInspector/wd-inspector-3/log/bug671-boot_failure.log.
Attempt 2:
    Time  Bug Name
       1  boot failure
Warning: Syzkaller log file exceeded 5000 lines.
Saved at /mnt/sda/jtbursey/SyzInspector/wd-inspector-3/log/bug671-boot_failure.log.
Attempt 3:
    Time  Bug Name
       1  boot failure
Warning: Syzkaller log file exceeded 5000 lines.
Saved at /mnt/sda/jtbursey/SyzInspector/wd-inspector-3/log/bug671-boot_failure.log.
Attempt 4: (RETRY)
    Time  Bug Name
       1  boot failure
Warning: Syzkaller log file exceeded 5000 lines.
Saved at /mnt/sda/jtbursey/SyzInspector/wd-inspector-3/log/bug671-boot_failure.log.
Attempt 5: (RETRY)
    Time  Bug Name
       1  boot failure
Warning: Syzkaller log file exceeded 5000 lines.
Saved at /mnt/sda/jtbursey/SyzInspector/wd-inspector-3/log/bug671-boot_failure.log.
Attempt 6: (RETRY)
    Time  Bug Name
       1  boot failure
The bug was not found.
Warning: This session is unstable.

2023-03-26 06:34:14
Session:   30
Template:  2019-03-21 - dce6e62ffce4b315ab41407813f0257ced29903f
Syzkaller: 2019-03-21 - dce6e62ffce4b315ab41407813f0257ced29903f
Kernel:    2019-03-21 - 6b70fc94afd165342876e53fc4b2f7d085009945
Compiler:  gcc-9.0.0-20181231
Warning: Syzkaller log file exceeded 5000 lines.
Saved at /mnt/sda/jtbursey/SyzInspector/wd-inspector-3/log/bug671-boot_failure.log.
Attempt 1:
    Time  Bug Name
       1  boot failure
Warning: Syzkaller log file exceeded 5000 lines.
Saved at /mnt/sda/jtbursey/SyzInspector/wd-inspector-3/log/bug671-boot_failure.log.
Attempt 2:
    Time  Bug Name
       1  boot failure
Warning: Syzkaller log file exceeded 5000 lines.
Saved at /mnt/sda/jtbursey/SyzInspector/wd-inspector-3/log/bug671-boot_failure.log.
Attempt 3:
    Time  Bug Name
       1  boot failure
Warning: Syzkaller log file exceeded 5000 lines.
Saved at /mnt/sda/jtbursey/SyzInspector/wd-inspector-3/log/bug671-boot_failure.log.
Attempt 4: (RETRY)
    Time  Bug Name
       1  boot failure
Warning: Syzkaller log file exceeded 5000 lines.
Saved at /mnt/sda/jtbursey/SyzInspector/wd-inspector-3/log/bug671-boot_failure.log.
Attempt 5: (RETRY)
    Time  Bug Name
       1  boot failure
Warning: Syzkaller log file exceeded 5000 lines.
Saved at /mnt/sda/jtbursey/SyzInspector/wd-inspector-3/log/bug671-boot_failure.log.
Attempt 6: (RETRY)
    Time  Bug Name
       1  boot failure
The bug was not found.
Warning: This session is unstable.

2023-03-26 07:11:35
Session:   31
Template:  2019-05-06 - 148296f4787895d1b148d29a2f48140bcfd245a3
Syzkaller: 2019-05-06 - 148296f4787895d1b148d29a2f48140bcfd245a3
Kernel:    2019-05-06 - e00d4135751bfe786a9e26b5560b185ce3f9f963
Compiler:  gcc-9.0.0-20181231
Warning: Syzkaller log file exceeded 5000 lines.
Saved at /mnt/sda/jtbursey/SyzInspector/wd-inspector-3/log/bug671-boot_failure.log.
Attempt 1:
    Time  Bug Name
       1  boot failure
Warning: Syzkaller log file exceeded 5000 lines.
Saved at /mnt/sda/jtbursey/SyzInspector/wd-inspector-3/log/bug671-boot_failure.log.
Attempt 2:
    Time  Bug Name
       1  boot failure
Warning: Syzkaller log file exceeded 5000 lines.
Saved at /mnt/sda/jtbursey/SyzInspector/wd-inspector-3/log/bug671-boot_failure.log.
Attempt 3:
    Time  Bug Name
       1  boot failure
Warning: Syzkaller log file exceeded 5000 lines.
Saved at /mnt/sda/jtbursey/SyzInspector/wd-inspector-3/log/bug671-boot_failure.log.
Attempt 4: (RETRY)
    Time  Bug Name
       1  boot failure
Warning: Syzkaller log file exceeded 5000 lines.
Saved at /mnt/sda/jtbursey/SyzInspector/wd-inspector-3/log/bug671-boot_failure.log.
Attempt 5: (RETRY)
    Time  Bug Name
       1  boot failure
Warning: Syzkaller log file exceeded 5000 lines.
Saved at /mnt/sda/jtbursey/SyzInspector/wd-inspector-3/log/bug671-boot_failure.log.
Attempt 6: (RETRY)
    Time  Bug Name
       1  boot failure
The bug was not found.
Warning: This session is unstable.

2023-03-26 07:49:17
Session:   32
Template:  2019-05-07 - a7383bfac17332db9afdad436b6c06c48bfe4815
Syzkaller: 2019-05-07 - a7383bfac17332db9afdad436b6c06c48bfe4815
Kernel:    2019-05-07 - 41bc10cabe96bbd0ff3e2813d15f9070bff57a03
Compiler:  gcc-9.0.0-20181231
Warning: Syzkaller log file exceeded 5000 lines.
Saved at /mnt/sda/jtbursey/SyzInspector/wd-inspector-3/log/bug671-boot_failure.log.
Attempt 1:
    Time  Bug Name
       1  boot failure
Warning: Syzkaller log file exceeded 5000 lines.
Saved at /mnt/sda/jtbursey/SyzInspector/wd-inspector-3/log/bug671-boot_failure.log.
Attempt 2:
    Time  Bug Name
       1  boot failure
Warning: Syzkaller log file exceeded 5000 lines.
Saved at /mnt/sda/jtbursey/SyzInspector/wd-inspector-3/log/bug671-boot_failure.log.
Attempt 3:
    Time  Bug Name
       1  boot failure
Warning: Syzkaller log file exceeded 5000 lines.
Saved at /mnt/sda/jtbursey/SyzInspector/wd-inspector-3/log/bug671-boot_failure.log.
Attempt 4: (RETRY)
    Time  Bug Name
       1  boot failure
Warning: Syzkaller log file exceeded 5000 lines.
Saved at /mnt/sda/jtbursey/SyzInspector/wd-inspector-3/log/bug671-boot_failure.log.
Attempt 5: (RETRY)
    Time  Bug Name
       1  boot failure
Warning: Syzkaller log file exceeded 5000 lines.
Saved at /mnt/sda/jtbursey/SyzInspector/wd-inspector-3/log/bug671-boot_failure.log.
Attempt 6: (RETRY)
    Time  Bug Name
       1  boot failure
The bug was not found.
Warning: This session is unstable.

2023-03-26 08:34:19
Session:   33
Template:  2019-05-09 - 018207ef2f3cc02fc5e20bdc8c43bbe3c6acbf52
Syzkaller: 2019-05-09 - 018207ef2f3cc02fc5e20bdc8c43bbe3c6acbf52
Kernel:    2019-05-09 - dce45af5c2e9e85f22578f2f8065f225f5d11764
Compiler:  gcc-9.0.0-20181231
Warning: Syzkaller log file exceeded 5000 lines.
Saved at /mnt/sda/jtbursey/SyzInspector/wd-inspector-3/log/bug671-boot_failure.log.
Attempt 1:
    Time  Bug Name
       1  boot failure
Warning: Syzkaller log file exceeded 5000 lines.
Saved at /mnt/sda/jtbursey/SyzInspector/wd-inspector-3/log/bug671-boot_failure.log.
Attempt 2:
    Time  Bug Name
       1  boot failure
Warning: Syzkaller log file exceeded 5000 lines.
Saved at /mnt/sda/jtbursey/SyzInspector/wd-inspector-3/log/bug671-boot_failure.log.
Attempt 3:
    Time  Bug Name
       1  boot failure
Warning: Syzkaller log file exceeded 5000 lines.
Saved at /mnt/sda/jtbursey/SyzInspector/wd-inspector-3/log/bug671-boot_failure.log.
Attempt 4: (RETRY)
    Time  Bug Name
       1  boot failure
Warning: Syzkaller log file exceeded 5000 lines.
Saved at /mnt/sda/jtbursey/SyzInspector/wd-inspector-3/log/bug671-boot_failure.log.
Attempt 5: (RETRY)
    Time  Bug Name
       1  boot failure
Warning: Syzkaller log file exceeded 5000 lines.
Saved at /mnt/sda/jtbursey/SyzInspector/wd-inspector-3/log/bug671-boot_failure.log.
Attempt 6: (RETRY)
    Time  Bug Name
       1  boot failure
The bug was not found.
Warning: This session is unstable.

====================================================================================================================================================
Revealing Factor:   Unstable Commits
Unstable Range:     [2019-03-21, 2019-05-14]
Version:            2019-05-14 - ebcf5bb28241fe3ddc9e786e3816848a10f688b8
Commit Name:        Merge tag 'mfd-next-5.2' of git://git.kernel.org/pub/scm/linux/kernel/git/lee/mfd

Bug Name:           general protection fault in tcf_ife_cleanup
Bug Link:           https://syzkaller.appspot.com/bug?id=2c91a9ebeb17895972ec695b8349426d1904d7b3
Arch:               amd64
Finding Date:       2020-01-11
Finding Commit:     2020-01-09 - e69ec487b2c7c82ef99b4b15122f58a2a99289a3
Guilty Merge:       2019-03-21 - 1ea186e3aeead3d99f82fbda820d758d59947b41
Guilty Commit:      2019-03-21 - 11a94d7fd80f92325e7b8653290ad3d2cd67f119

Possible Blocking Bugs:
