possible deadlock in htab_lru_map_delete_node,https://syzkaller.appspot.com/bug?id=9f37c28779d1a95432dba39f4a55c11fd140dff4
Repository: linux
Arch: amd64
Finding: 2020-02-17 - b1da3acc781ce445445d959b41064d209a27bc2d
Guilty:  2020-01-15 - 057996380a42bb64ccc04383cfa9c0ace4ea11f0
Duplicate Names:
    possible deadlock in htab_lru_map_delete_node
    possible deadlock in bpf_lru_push_free
Single Proc Allocation
VMs:8
CPUs:2
Procs:16
Max time:30
Max attempts:3
Testing the finding commit.

2023-03-11 07:02:31
Session:   1
Template:  2020-02-18 - 135c18aadb0147f93d3e2658e42fc7a479b9ad04
Syzkaller: 2020-02-18 - 135c18aadb0147f93d3e2658e42fc7a479b9ad04
Kernel:    2020-02-18 - b1da3acc781ce445445d959b41064d209a27bc2d
Compiler:  gcc-9.0.0-20181231
Attempt 1:
    Time  Bug Name
***    3  possible deadlock in htab_lru_map_delete_node
Attempt 2:
    Time  Bug Name
***    2  possible deadlock in htab_lru_map_delete_node
Attempt 3:
    Time  Bug Name
***    2  possible deadlock in htab_lru_map_delete_node
The bug was found.

New Max Time: 10.
Merge Commit: 2020-01-15 - 990bca1fc8ad48f7f8b0786b739a9408017b7a74.

==== Template Retrospection ====
10 template changes in [2020-01-15, 2020-02-18].

2023-03-11 07:44:44
Session:   2
Template:  2020-01-31 - 96ce537b15c550775cd9ca09002992d9254095c7
Syzkaller: 2020-01-31 - 96ce537b15c550775cd9ca09002992d9254095c7
Kernel:    2020-01-31 - 26dca6dbd62d74a5012cafab6b2d6d65a01ea69c
Compiler:  gcc-9.0.0-20181231
Warning: Syzkaller log file exceeded 5000 lines.
Saved at /mnt/sda/jtbursey/SyzInspector/wd-inspector-3/log/bug617-boot_failure.log.
Attempt 1:
    Time  Bug Name
       1  boot failure
Warning: Syzkaller log file exceeded 5000 lines.
Saved at /mnt/sda/jtbursey/SyzInspector/wd-inspector-3/log/bug617-boot_failure.log.
Attempt 2:
    Time  Bug Name
       1  boot failure
Warning: Syzkaller log file exceeded 5000 lines.
Saved at /mnt/sda/jtbursey/SyzInspector/wd-inspector-3/log/bug617-boot_failure.log.
Attempt 3:
    Time  Bug Name
       1  boot failure
Warning: Syzkaller log file exceeded 5000 lines.
Saved at /mnt/sda/jtbursey/SyzInspector/wd-inspector-3/log/bug617-boot_failure.log.
Attempt 4: (RETRY)
    Time  Bug Name
       1  boot failure
Warning: Syzkaller log file exceeded 5000 lines.
Saved at /mnt/sda/jtbursey/SyzInspector/wd-inspector-3/log/bug617-boot_failure.log.
Attempt 5: (RETRY)
    Time  Bug Name
       1  boot failure
Warning: Syzkaller log file exceeded 5000 lines.
Saved at /mnt/sda/jtbursey/SyzInspector/wd-inspector-3/log/bug617-boot_failure.log.
Attempt 6: (RETRY)
    Time  Bug Name
       1  boot failure
The bug was not found.
Warning: This session is unstable.

2023-03-11 08:27:13
Session:   3
Template:  2020-02-16 - cf9142006bfa242d2bbf5916749e42327103f803
Syzkaller: 2020-02-16 - cf9142006bfa242d2bbf5916749e42327103f803
Kernel:    2020-02-16 - 11a48a5a18c63fd7621bb050228cebf13566e4d8
Compiler:  gcc-9.0.0-20181231
Attempt 1:
    Time  Bug Name
***    2  possible deadlock in htab_lru_map_delete_node
The bug was found.

2023-03-11 08:56:51
Session:   4
Template:  2020-02-16 - 88f115c9699ca2f4fe25e29c5f97691be179a8a3
Syzkaller: 2020-02-16 - 88f115c9699ca2f4fe25e29c5f97691be179a8a3
Kernel:    2020-02-16 - 11a48a5a18c63fd7621bb050228cebf13566e4d8
Compiler:  gcc-9.0.0-20181231
Attempt 1:
    No crashes found.
Attempt 2:
    No crashes found.
Attempt 3:
    No crashes found.
The bug was not found.

2023-03-11 09:58:11
Session:   5
Template:  2020-02-16 - 88f115c9699ca2f4fe25e29c5f97691be179a8a3
Syzkaller: 2020-02-16 - cf9142006bfa242d2bbf5916749e42327103f803
Kernel:    2020-02-16 - 11a48a5a18c63fd7621bb050228cebf13566e4d8
Compiler:  gcc-9.0.0-20181231
Attempt 1:
    No crashes found.
Attempt 2:
    No crashes found.
Attempt 3:
    No crashes found.
The bug was not found.

====================================================================================================================================================
Revealing Factor:   Template Update
Version:            2020-02-16 - cf9142006bfa242d2bbf5916749e42327103f803
Commit Name:        sys/linux: add map batch operations

Bug Name:           possible deadlock in htab_lru_map_delete_node
Bug Link:           https://syzkaller.appspot.com/bug?id=9f37c28779d1a95432dba39f4a55c11fd140dff4
Arch:               amd64
Finding Date:       2020-02-18
Finding Commit:     2020-02-18 - b1da3acc781ce445445d959b41064d209a27bc2d
Guilty Merge:       2020-01-15 - 990bca1fc8ad48f7f8b0786b739a9408017b7a74
Guilty Commit:      2020-01-15 - 057996380a42bb64ccc04383cfa9c0ace4ea11f0

Possible Blocking Bugs:
