possible deadlock in bpf_lru_push_free,https://syzkaller.appspot.com/bug?id=033798263dc264e8df440efc73c0fb17c541d19a
Repository: linux
Arch: amd64
Finding: 2020-02-16 - 11a48a5a18c63fd7621bb050228cebf13566e4d8
Guilty:  2020-01-15 - 057996380a42bb64ccc04383cfa9c0ace4ea11f0
Duplicate Names:
    possible deadlock in htab_lru_map_delete_node
    possible deadlock in bpf_lru_push_free
Single Proc Allocation
VMs:8
CPUs:2
Procs:16
Max time:30
Max attempts:3
Testing the finding commit.

2023-03-13 08:38:02
Session:   1
Template:  2020-02-17 - 1ce142dcc7e25341405592c66bcb7cb0d60d2b3a
Syzkaller: 2020-02-17 - 1ce142dcc7e25341405592c66bcb7cb0d60d2b3a
Kernel:    2020-02-16 - 11a48a5a18c63fd7621bb050228cebf13566e4d8
Compiler:  gcc-9.0.0-20181231
Attempt 1:
    Time  Bug Name
***    2  possible deadlock in bpf_lru_push_free
Attempt 2:
    Time  Bug Name
***    2  possible deadlock in bpf_lru_push_free
Attempt 3:
    Time  Bug Name
***    2  possible deadlock in bpf_lru_push_free
The bug was found.

New Max Time: 10.
Merge Commit: 2020-01-15 - 990bca1fc8ad48f7f8b0786b739a9408017b7a74.

==== Template Retrospection ====
9 template changes in [2020-01-15, 2020-02-17].

2023-03-13 09:31:46
Session:   2
Template:  2020-01-22 - 2bdcee05b50579be92a767376eaf874c0c70233c
Syzkaller: 2020-01-22 - 2bdcee05b50579be92a767376eaf874c0c70233c
Kernel:    2020-01-22 - 1b2fd38de9fcc73d6994f8f6c7c23ee3435b6a12
Compiler:  gcc-9.0.0-20181231
Attempt 1:
    No crashes found.
Attempt 2:
    No crashes found.
Attempt 3:
    No crashes found.
The bug was not found.

2023-03-13 10:33:50
Session:   3
Template:  2020-02-16 - 88f115c9699ca2f4fe25e29c5f97691be179a8a3
Syzkaller: 2020-02-16 - 88f115c9699ca2f4fe25e29c5f97691be179a8a3
Kernel:    2020-02-16 - 11a48a5a18c63fd7621bb050228cebf13566e4d8
Compiler:  gcc-9.0.0-20181231
Attempt 1:
    No crashes found.
Attempt 2:
    No crashes found.
Attempt 3:
    No crashes found.
The bug was not found.

2023-03-13 11:37:15
Session:   4
Template:  2020-02-16 - cf9142006bfa242d2bbf5916749e42327103f803
Syzkaller: 2020-02-16 - cf9142006bfa242d2bbf5916749e42327103f803
Kernel:    2020-02-16 - 11a48a5a18c63fd7621bb050228cebf13566e4d8
Compiler:  gcc-9.0.0-20181231
Attempt 1:
    Time  Bug Name
***    3  possible deadlock in bpf_lru_push_free
The bug was found.

2023-03-13 12:17:40
Session:   5
Template:  2020-02-16 - 88f115c9699ca2f4fe25e29c5f97691be179a8a3
Syzkaller: 2020-02-16 - cf9142006bfa242d2bbf5916749e42327103f803
Kernel:    2020-02-16 - 11a48a5a18c63fd7621bb050228cebf13566e4d8
Attempt 1:
    No crashes found.
Attempt 2:
    No crashes found.
Attempt 3:
    No crashes found.
The bug was not found.

====================================================================================================================================================
Revealing Factor:   Template Update
Version:            2020-02-16 - cf9142006bfa242d2bbf5916749e42327103f803
Commit Name:        sys/linux: add map batch operations

Bug Name:           possible deadlock in bpf_lru_push_free
Bug Link:           https://syzkaller.appspot.com/bug?id=033798263dc264e8df440efc73c0fb17c541d19a
Arch:               amd64
Finding Date:       2020-02-17
Finding Commit:     2020-02-16 - 11a48a5a18c63fd7621bb050228cebf13566e4d8
Guilty Merge:       2020-01-15 - 990bca1fc8ad48f7f8b0786b739a9408017b7a74
Guilty Commit:      2020-01-15 - 057996380a42bb64ccc04383cfa9c0ace4ea11f0

Possible Blocking Bugs:
