WARNING: ODEBUG bug in io_sqe_files_unregister,https://syzkaller.appspot.com/bug?id=460cc948740aa1e715156c0edf5d5d397401d557
Repository: linux
Arch: amd64
Finding: 2020-01-29 - 39bed42de2e7d74686a2d5a45638d6a5d7e7d473
Guilty:  2020-01-20 - 05f3fb3c5397524feae2e73ee8e150a9090a7da2
Duplicate Names:
    WARNING: ODEBUG bug in io_sqe_files_unregister
    KASAN: use-after-free Write in percpu_ref_switch_to_percpu
Default Allocation.
VMs:4
CPUs:4
Procs:24
Max time:30
Max attempts:3
Testing the finding commit.

2023-03-14 19:37:22
Session:   1
Template:  2020-01-29 - 5ed23f9aa677d71bc60f61df8e05046151868541
Syzkaller: 2020-01-29 - 5ed23f9aa677d71bc60f61df8e05046151868541
Kernel:    2020-01-30 - 39bed42de2e7d74686a2d5a45638d6a5d7e7d473
Compiler:  gcc-9.0.0-20181231
Warning: Syzkaller log file exceeded 5000 lines.
Saved at /mnt/sda/jtbursey/SyzInspector/wd-inspector-3/log/bug635-boot_failure.log.
Attempt 1:
    Time  Bug Name
       1  boot failure
Warning: Syzkaller log file exceeded 5000 lines.
Saved at /mnt/sda/jtbursey/SyzInspector/wd-inspector-3/log/bug635-boot_failure.log.
Attempt 2:
    Time  Bug Name
       2  boot failure
Warning: Syzkaller log file exceeded 5000 lines.
Saved at /mnt/sda/jtbursey/SyzInspector/wd-inspector-3/log/bug635-boot_failure.log.
Attempt 3:
    Time  Bug Name
       1  boot failure
Warning: Syzkaller log file exceeded 5000 lines.
Saved at /mnt/sda/jtbursey/SyzInspector/wd-inspector-3/log/bug635-boot_failure.log.
Attempt 4: (RETRY)
    Time  Bug Name
       1  boot failure
Warning: Syzkaller log file exceeded 5000 lines.
Saved at /mnt/sda/jtbursey/SyzInspector/wd-inspector-3/log/bug635-boot_failure.log.
Attempt 5: (RETRY)
    Time  Bug Name
       2  boot failure
Warning: Syzkaller log file exceeded 5000 lines.
Saved at /mnt/sda/jtbursey/SyzInspector/wd-inspector-3/log/bug635-boot_failure.log.
Attempt 6: (RETRY)
    Time  Bug Name
       1  boot failure
The bug was not found.
Warning: This session is unstable.

Failure: This bug cannot be found at the finding commit.
