kernel BUG at include/linux/mm.h:LINE!,https://syzkaller.appspot.com/bug?id=c14d620a28ea77843c2632f5b05b315c44a2dd06
Repository: linux
Arch: amd64
Finding: 2019-03-06 - afe6fe7036c6efdcb46cabc64bec9b6e4a005210
Guilty:  2019-03-03 - 94850257cf0f88b20db7644f28bfedc7d284de15
No Duplicates
Single Proc Allocation
VMs:8
CPUs:2
Procs:16
Max time:30
Max attempts:3
Testing the finding commit.

2023-04-01 06:42:32
Session:   1
Template:  2019-03-06 - 18215b8d64c9bf653619b9eb9907445e225adf11
Syzkaller: 2019-03-06 - 18215b8d64c9bf653619b9eb9907445e225adf11
Kernel:    2019-03-06 - afe6fe7036c6efdcb46cabc64bec9b6e4a005210
Compiler:  gcc-9.0.0-20181231
Attempt 1:
    No crashes found.
Attempt 2:
    No crashes found.
Attempt 3:
    No crashes found.
The bug was not found.

Failure: This bug cannot be found at the finding commit.
