KASAN: use-after-free Read in do_mount,https://syzkaller.appspot.com/bug?id=e2d97e0a8de4f6cb278ef1899d1370a8065f137d
Repository: linux
Arch: amd64
Finding: 2019-10-02 - 0f1a7b3fac0583083ca19d4de47403511ced3521
Guilty:  2019-08-30 - f8b92ba67c5d3a9e9468320078a97d950a3e748b
No Duplicates
Default Allocation.
VMs:4
CPUs:4
Procs:24
Max time:30
Max attempts:3
Testing the finding commit.

2023-04-03 01:37:24
Session:   1
Template:  2019-10-03 - fc17ba4941e5e2cae9663b84e13627981c29d381
Syzkaller: 2019-10-03 - fc17ba4941e5e2cae9663b84e13627981c29d381
Kernel:    2019-10-02 - 0f1a7b3fac0583083ca19d4de47403511ced3521
Compiler:  gcc-9.0.0-20181231
Attempt 1:
    No crashes found.
Attempt 2:
    Time  Bug Name
       3  BUG: soft lockup in addrconf_rs_timer
      12  no output from test machine
      28  no output from test machine
Attempt 3:
    Time  Bug Name
***    7  KASAN: use-after-free Read in do_mount
The bug was found.

New Max Time: 33.
Merge Commit: 2019-08-30 - 9d14545b05f9eed69fbd4af14b927a462324ea19.

==== Template Retrospection ====
1 template change in [2019-08-30, 2019-10-03].

2023-04-03 03:26:38
Session:   2
Template:  2019-09-27 - d8074e0bb985b9be6611e16b45b8657f20157a4b
Syzkaller: 2019-09-27 - d8074e0bb985b9be6611e16b45b8657f20157a4b
Kernel:    2019-09-27 - 8f744bdee4fefb17fac052c7418b830de2b59ac8
Compiler:  gcc-9.0.0-20181231
Attempt 1:
    No crashes found.
Attempt 2:
    Time  Bug Name
       8  no output from test machine
      20  no output from test machine
Attempt 3:
    Time  Bug Name
***    6  KASAN: use-after-free Read in do_mount
The bug was found.

2023-04-03 05:20:58
Session:   3
Template:  2019-08-28 - cd626f3ba9f85027426d4fbed73e79e523e8e138
Syzkaller: 2019-09-27 - d8074e0bb985b9be6611e16b45b8657f20157a4b
Kernel:    2019-09-27 - 8f744bdee4fefb17fac052c7418b830de2b59ac8
Attempt 1:
    Time  Bug Name
      24  no output from test machine
      33  no output from test machine
Attempt 2:
    Time  Bug Name
       3  BUG: soft lockup in addrconf_rs_timer
      11  no output from test machine
      24  no output from test machine
      28  no output from test machine
      30  no output from test machine
      31  no output from test machine
Attempt 3:
    Time  Bug Name
       3  BUG: soft lockup in addrconf_rs_timer
      19  no output from test machine
      22  no output from test machine
      29  no output from test machine
The bug was not found.

====================================================================================================================================================
Revealing Factor:   Template Update
Version:            2019-09-27 - d8074e0bb985b9be6611e16b45b8657f20157a4b
Commit Name:        sys/linux: add new pidfd syscalls

Bug Name:           KASAN: use-after-free Read in do_mount
Bug Link:           https://syzkaller.appspot.com/bug?id=e2d97e0a8de4f6cb278ef1899d1370a8065f137d
Arch:               amd64
Finding Date:       2019-10-03
Finding Commit:     2019-10-02 - 0f1a7b3fac0583083ca19d4de47403511ced3521
Guilty Merge:       2019-08-30 - 9d14545b05f9eed69fbd4af14b927a462324ea19
Guilty Commit:      2019-08-30 - f8b92ba67c5d3a9e9468320078a97d950a3e748b

Possible Blocking Bugs:
    BUG: soft lockup in addrconf_rs_timer
    no output from test machine
