general protection fault in rxrpc_error_report,https://syzkaller.appspot.com/bug?id=1a3e4b36d2e34667890530b2de6c55ef2ef2bf92
Repository: linux
Arch: amd64
Finding: 2019-09-04 - 3b47fd5ca9ead91156bcdf6435279ad0b14a650c
Guilty:  2007-04-26 - 17926a79320afa9b95df6b977b40cca6d8713cea
No Duplicates
Single Proc Allocation
VMs:8
CPUs:2
Procs:16
Max time:30
Max attempts:3
Testing the finding commit.

2023-04-16 11:10:42
Session:   1
Template:  2019-09-05 - c16be727a677b0393ea36c67c3c96b1e87c772fd
Syzkaller: 2019-09-05 - c16be727a677b0393ea36c67c3c96b1e87c772fd
Kernel:    2019-09-04 - 3b47fd5ca9ead91156bcdf6435279ad0b14a650c
Compiler:  gcc-9.0.0-20181231
Attempt 1:
    Time  Bug Name
       7  no output from test machine
      16  INFO: task hung in switchdev_deferred_process_work
      18  INFO: task hung in addrconf_verify_work
      23  no output from test machine
      24  no output from test machine
      29  no output from test machine
Attempt 2:
    Time  Bug Name
       7  no output from test machine
       7  no output from test machine
       7  no output from test machine
       7  no output from test machine
       7  no output from test machine
       8  no output from test machine
       8  no output from test machine
      14  no output from test machine
      14  no output from test machine
      14  no output from test machine
      17  INFO: task hung in switchdev_deferred_process_work
      17  INFO: task hung in switchdev_deferred_process_work
      17  INFO: task hung in switchdev_deferred_process_work
      18  INFO: task hung in addrconf_verify_work
      20  no output from test machine
      20  no output from test machine
      20  no output from test machine
      23  no output from test machine
      24  no output from test machine
      24  no output from test machine
      27  no output from test machine
      28  no output from test machine
      29  no output from test machine
      30  no output from test machine
      30  no output from test machine
      30  no output from test machine
Attempt 3:
    Time  Bug Name
       7  no output from test machine
      11  no output from test machine
      11  INFO: task hung in switchdev_deferred_process_work
      11  INFO: task hung in switchdev_deferred_process_work
      13  no output from test machine
      17  no output from test machine
      17  no output from test machine
      18  no output from test machine
      20  no output from test machine
      23  no output from test machine
      24  no output from test machine
      24  no output from test machine
      26  no output from test machine
      30  no output from test machine
      30  no output from test machine
The bug was not found.

Failure: This bug cannot be found at the finding commit.
