KASAN: use-after-free Read in rxrpc_release_call,https://syzkaller.appspot.com/bug?id=d53e9523b662e55aae32105864f6973e5afb6730
Repository: linux
Arch: amd64
Finding: 2019-09-18 - b41dae061bbd722b9d7fa828f35d22035b218e18
Guilty:  2019-07-30 - 1db88c5343712e411a2dd45375f27c477e33dc07
Duplicate Names:
    KMSAN: use-after-free in rxrpc_put_peer
    KASAN: use-after-free Read in rxrpc_release_call
Default Allocation.
VMs:4
CPUs:4
Procs:24
Max time:30
Max attempts:3
Testing the finding commit.

2023-04-09 20:54:54
Session:   1
Template:  2019-09-19 - 4d3ae0b784e183141c5ffcc7dd9e709b6b4f0d86
Syzkaller: 2019-09-19 - 4d3ae0b784e183141c5ffcc7dd9e709b6b4f0d86
Kernel:    2019-09-19 - b41dae061bbd722b9d7fa828f35d22035b218e18
Compiler:  gcc-9.0.0-20181231
Attempt 1:
    Time  Bug Name
       3  general protection fault in selinux_socket_sendmsg
Attempt 2:
    Time  Bug Name
       2  general protection fault in selinux_socket_sendmsg
Attempt 3:
    Time  Bug Name
       3  general protection fault in selinux_socket_sendmsg
The bug was not found.

Failure: This bug cannot be found at the finding commit.
