memory leak in fdb_create,https://syzkaller.appspot.com/bug?id=7ca7d71ade3608a7f92ac4b8c9c499cf130e68a9
Repository: linux
Arch: amd64
Finding: 2019-06-19 - abf02e2964b3aaf1d5197c5d7c671e771b0e109e
Guilty:  2014-10-05 - 5be5a2df40f005ea7fb7e280e87bbbcfcf1c2fc0
No Duplicates
Single Proc Allocation
VMs:8
CPUs:2
Procs:16
Max time:30
Max attempts:5
Testing the finding commit.

2023-05-13 17:41:33
Session:   1
Template:  2019-06-18 - 34bf9440bd06034f86b5d9ac8afbf078129cbdae
Syzkaller: 2019-06-18 - 34bf9440bd06034f86b5d9ac8afbf078129cbdae
Kernel:    2019-06-19 - abf02e2964b3aaf1d5197c5d7c671e771b0e109e
Compiler:  gcc-9.0.0-20181231
Attempt 1:
    No crashes found.
Attempt 2:
    No crashes found.
Attempt 3:
    No crashes found.
Attempt 4:
    No crashes found.
Attempt 5:
    No crashes found.
The bug was not found.

Failure: This bug cannot be found at the finding commit.
Warning: Revealing factor may be faulty.
