WARNING: suspicious RCU usage in trace_call_bpf,https://syzkaller.appspot.com/bug?id=b4ec822cd97ffa2800cd27429997e0c8ea82331d
Repository: linux
Arch: amd64
Finding: 2018-09-04 - 28619527b8a712590c93d0a9e24b4425b9376a8c
Guilty:  2018-07-30 - e6753f23d961d601dbae50a2fc2a3975c9715b14
Duplicate Names:
    WARNING: suspicious RCU usage
    WARNING: suspicious RCU usage in trace_call_bpf
Single Proc Allocation
VMs:8
CPUs:2
Procs:16
Max time:30
Max attempts:3
Testing the finding commit.

2023-05-07 06:00:20
Session:   1
Template:  2018-09-05 - 873745f2ff183dcbc303a504683ccaa3a472a635
Syzkaller: 2018-09-05 - 873745f2ff183dcbc303a504683ccaa3a472a635
Kernel:    2018-09-04 - 28619527b8a712590c93d0a9e24b4425b9376a8c
Compiler:  gcc-8.0.1-20180412
Attempt 1:
    Time  Bug Name
       5  lost connection to test machine
Attempt 2:
    Time  Bug Name
       2  WARNING in dev_watchdog
       8  lost connection to test machine
      30  lost connection to test machine
Attempt 3:
    Time  Bug Name
***    2  WARNING: suspicious RCU usage in trace_call_bpf
Attempt 4: (RETRY)
    Time  Bug Name
       9  lost connection to test machine
***   11  WARNING: suspicious RCU usage in trace_call_bpf
Attempt 5: (RETRY)
    Time  Bug Name
***    2  WARNING: suspicious RCU usage in trace_call_bpf
Attempt 6: (RETRY)
    Time  Bug Name
***    2  WARNING: suspicious RCU usage in trace_call_bpf
The bug was found.

New Max Time: 25.
Merge Commit: 2018-08-21 - 7140ad3898dd119d993aff76a8752570c4f23871.

==== Template Retrospection ====
1 template change in [2018-08-21, 2018-09-05].

2023-05-07 08:09:02
Session:   2
Template:  2018-08-31 - a4718693a3d9fcabb02299b2ec07c19d8208c539
Syzkaller: 2018-08-31 - a4718693a3d9fcabb02299b2ec07c19d8208c539
Kernel:    2018-08-31 - 420f51f4ab6bce6e580390729fadb89c31123636
Compiler:  gcc-8.0.1-20180412
Attempt 1:
    Time  Bug Name
***    2  WARNING: suspicious RCU usage in trace_call_bpf
The bug was found.

2023-05-07 08:51:55
Session:   3
Template:  2018-08-20 - 95b5c82b28c3107383df2cd38d9af8c7984bd31c
Syzkaller: 2018-08-31 - a4718693a3d9fcabb02299b2ec07c19d8208c539
Kernel:    2018-08-31 - 420f51f4ab6bce6e580390729fadb89c31123636
Attempt 1:
    Time  Bug Name
***    2  WARNING: suspicious RCU usage in trace_call_bpf
The bug was found.

==== Kernel Retrospection ====
94 Linux commits in [2018-08-21, 2018-08-31].

2023-05-07 09:00:24
Session:   4
Template:  2018-08-24 - 307deaee5e23e4585d4b408ebcf329b9dc8ebdb4
Syzkaller: 2018-08-24 - 307deaee5e23e4585d4b408ebcf329b9dc8ebdb4
Kernel:    2018-08-24 - 5e8704ac1cfa9fceef94fcc457e18613b1589b34
Compiler:  gcc-8.0.1-20180412
Attempt 1:
    Time  Bug Name
***    2  WARNING: suspicious RCU usage in trace_call_bpf
The bug was found.

2023-05-07 09:45:41
Session:   5
Template:  2018-08-20 - 95b5c82b28c3107383df2cd38d9af8c7984bd31c
Syzkaller: 2018-08-20 - 95b5c82b28c3107383df2cd38d9af8c7984bd31c
Kernel:    2018-08-22 - 2edd73a42e0ec847770c8f7ae511d43c26e59b74
Compiler:  gcc-8.0.1-20180412
Attempt 1:
    Time  Bug Name
       2  WARNING: suspicious RCU usage in corrupted
Attempt 2:
    Time  Bug Name
***    2  WARNING: suspicious RCU usage in trace_call_bpf
The bug was found.

2023-05-07 11:05:04
Session:   6
Template:  2018-08-20 - 95b5c82b28c3107383df2cd38d9af8c7984bd31c
Syzkaller: 2018-08-20 - 95b5c82b28c3107383df2cd38d9af8c7984bd31c
Kernel:    2018-08-22 - 20a9e57a09d32c9149e065b73b714b9681349619
Compiler:  gcc-8.0.1-20180412
Attempt 1:
    Time  Bug Name
***    2  WARNING: suspicious RCU usage in trace_call_bpf
The bug was found.

2023-05-07 12:00:39
Session:   7
Template:  2018-08-20 - 95b5c82b28c3107383df2cd38d9af8c7984bd31c
Syzkaller: 2018-08-20 - 95b5c82b28c3107383df2cd38d9af8c7984bd31c
Kernel:    2018-08-21 - 0214f46b3a0383d6e33c297e7706216b6a550e4b
Compiler:  gcc-8.0.1-20180412
Attempt 1:
    Time  Bug Name
***    2  WARNING: suspicious RCU usage in trace_call_bpf
The bug was found.

2023-05-07 12:52:27
Session:   8
Template:  2018-08-20 - 95b5c82b28c3107383df2cd38d9af8c7984bd31c
Syzkaller: 2018-08-20 - 95b5c82b28c3107383df2cd38d9af8c7984bd31c
Kernel:    2018-08-21 - 778a33959a8ad4cb1ea2f4c5119f9e1e8b9f9d9b
Compiler:  gcc-8.0.1-20180412
Attempt 1:
    Time  Bug Name
***    2  WARNING: suspicious RCU usage in trace_call_bpf
The bug was found.

2023-05-07 13:31:00
Session:   9
Template:  2018-08-20 - 95b5c82b28c3107383df2cd38d9af8c7984bd31c
Syzkaller: 2018-08-20 - 95b5c82b28c3107383df2cd38d9af8c7984bd31c
Kernel:    2018-08-21 - 6b2edf27fe26c73cd67b6bf5ffb23dce882e1455
Compiler:  gcc-8.0.1-20180412
Attempt 1:
    Time  Bug Name
***    2  WARNING: suspicious RCU usage in trace_call_bpf
The bug was found.

2023-05-07 14:22:44
Session:   10
Template:  2018-08-20 - 95b5c82b28c3107383df2cd38d9af8c7984bd31c
Syzkaller: 2018-08-20 - 95b5c82b28c3107383df2cd38d9af8c7984bd31c
Kernel:    2018-08-21 - 7140ad3898dd119d993aff76a8752570c4f23871
Compiler:  gcc-8.0.1-20180412
Attempt 1:
    Time  Bug Name
***    2  WARNING: suspicious RCU usage in trace_call_bpf
The bug was found.

== Confirming the bisected commit ==

2023-05-07 15:06:56
Session:   11
Template:  2018-08-20 - 95b5c82b28c3107383df2cd38d9af8c7984bd31c
Syzkaller: 2018-08-20 - 95b5c82b28c3107383df2cd38d9af8c7984bd31c
Kernel:    2018-08-21 - 7140ad3898dd119d993aff76a8752570c4f23871
The bug was found in a previous identical fuzzing session.

====================================================================================================================================================
Revealing Factor:   Guilty Merge
Version:            2018-08-21 - 7140ad3898dd119d993aff76a8752570c4f23871
Commit Name:        Merge tag 'trace-v4.19' of git://git.kernel.org/pub/scm/linux/kernel/git/rostedt/linux-trace

Bug Name:           WARNING: suspicious RCU usage in trace_call_bpf
Bug Link:           https://syzkaller.appspot.com/bug?id=b4ec822cd97ffa2800cd27429997e0c8ea82331d
Arch:               amd64
Finding Date:       2018-09-05
Finding Commit:     2018-09-04 - 28619527b8a712590c93d0a9e24b4425b9376a8c
Guilty Merge:       2018-08-21 - 7140ad3898dd119d993aff76a8752570c4f23871
Guilty Commit:      2018-07-30 - e6753f23d961d601dbae50a2fc2a3975c9715b14

Possible Blocking Bugs:
