INFO: rcu detected stall in igmp_ifc_timer_expire,https://syzkaller.appspot.com/bug?id=330ce4f7626354cc6444c457c9a5e82d8a8c5055
Repository: linux
Arch: amd64
Finding: 2019-01-05 - f1c2f8857c5aa6c92aa903bc06437503422e5925
Guilty:  2013-12-19 - 10239edf86f137ce4c39b62ea9575e8053c549a0
Duplicate Names:
    INFO: rcu detected stall in rt6_probe_deferred
    INFO: rcu detected stall in addrconf_rs_timer
    INFO: rcu detected stall in sys_exit_group
    INFO: rcu detected stall in sys_sendmmsg
    INFO: rcu detected stall in pppoe_sendmsg
    INFO: rcu detected stall in sys_sendmsg
    INFO: rcu detected stall in br_hello_timer_expired
    INFO: rcu detected stall in addrconf_dad_work
    INFO: rcu detected stall in inet_release
    INFO: rcu detected stall in packet_sendmsg
    INFO: rcu detected stall in sys_clone
    INFO: rcu detected stall in dccp_write_timer
    INFO: rcu detected stall in br_handle_frame
    INFO: rcu detected stall in mld_ifc_timer_expire
    INFO: rcu detected stall in neigh_timer_handler
    BUG: soft lockup in addrconf_dad_work
    INFO: rcu detected stall in igmp_ifc_timer_expire
    INFO: rcu detected stall in mld_dad_timer_expire
    INFO: rcu detected stall in netlink_sendmsg
Single Proc Allocation
VMs:8
CPUs:2
Procs:16
Max time:30
Max attempts:3
Testing the finding commit.

2023-05-03 22:39:57
Session:   1
Template:  2019-01-04 - 53be0a378fb4c5b60751659423b98bef7d502025
Syzkaller: 2019-01-04 - 53be0a378fb4c5b60751659423b98bef7d502025
Kernel:    2019-01-05 - f1c2f8857c5aa6c92aa903bc06437503422e5925
Compiler:  gcc-9.0.0-20181231
Attempt 1:
    Time  Bug Name
       2  BUG: soft lockup in mld_dad_timer_expire
       3  BUG: soft lockup in br_handle_frame
Attempt 2:
    Time  Bug Name
***    3  BUG: soft lockup in addrconf_dad_work
       3  BUG: soft lockup in addrconf_rs_timer
Attempt 3:
    Time  Bug Name
***    2  BUG: soft lockup in addrconf_dad_work
The bug was found.

New Max Time: 24.
No Merge Commit.

==== Template Retrospection ====
46 template changes in [2017-07-22, 2019-01-05].

2023-05-04 01:54:51
Session:   2
Template:  2018-03-27 - bf5e585c5e1b12fe80ee486fdd48eeb71a13fa21
Syzkaller: 2018-03-27 - bf5e585c5e1b12fe80ee486fdd48eeb71a13fa21
Kernel:    2018-03-25 - 3eb2ce825ea1ad89d20f7a3b5780df850e4be274
Compiler:  gcc-8.0.1-20180301
Attempt 1:
    No crashes found.
Attempt 2:
    No crashes found.
Attempt 3:
    No crashes found.
The bug was not found.

2023-05-04 05:05:34
Session:   3
Template:  2018-06-23 - 2064fc5c9114c170841328aaa4b124a4062becf6
Syzkaller: 2018-06-23 - 2064fc5c9114c170841328aaa4b124a4062becf6
Kernel:    2018-06-23 - 77072ca59fddcb8cefd2cbf5382cfa39c5a10442
Compiler:  gcc-8.0.1-20180412
Attempt 1:
    Time  Bug Name
       5  WARNING in smc_unhash_sk
       6  WARNING in smc_unhash_sk
Attempt 2:
    No crashes found.
Attempt 3:
    Time  Bug Name
       7  no output from test machine
      14  WARNING in smc_unhash_sk
The bug was not found.

2023-05-04 07:26:50
Session:   4
Template:  2018-12-09 - 82f11ef0c50d938173b46e102df1eeef3bce46ae
Syzkaller: 2018-12-09 - 82f11ef0c50d938173b46e102df1eeef3bce46ae
Kernel:    2018-12-09 - 40e020c129cfc991e8ab4736d2665351ffd1468d
Compiler:  gcc-8.0.1-20180412
Attempt 1:
    Time  Bug Name
       2  BUG: soft lockup in corrupted
       2  BUG: soft lockup in addrconf_rs_timer
      16  WARNING in vmap_page_range_noflush
Attempt 2:
    Time  Bug Name
       2  BUG: soft lockup in corrupted
       3  BUG: soft lockup in netlink_sendmsg
      11  kernel panic: corrupted stack end detected inside scheduler
Attempt 3:
    Time  Bug Name
       2  BUG: soft lockup in br_handle_frame
       2  BUG: soft lockup in br_handle_frame
      17  kernel panic: corrupted stack end detected inside scheduler
The bug was not found.

2023-05-04 09:53:19
Session:   5
Template:  2018-12-24 - 57541e29d9d7fba916a77292d80e8f35a132bcb4
Syzkaller: 2018-12-24 - 57541e29d9d7fba916a77292d80e8f35a132bcb4
Kernel:    2018-12-23 - 8fe28cb58bcb235034b64cbbb7550a8a43fd88be
Compiler:  gcc-8.0.1-20180412
Attempt 1:
    Time  Bug Name
       3  BUG: soft lockup in addrconf_rs_timer
       3  BUG: soft lockup in addrconf_rs_timer
      15  kernel panic: corrupted stack end detected inside scheduler
      23  WARNING: kobject bug in kobj_kset_leave
Attempt 2:
    Time  Bug Name
       3  BUG: soft lockup in corrupted
       3  BUG: soft lockup in corrupted
      16  kernel panic: corrupted stack end detected inside scheduler
Attempt 3:
    Time  Bug Name
       3  BUG: soft lockup in netlink_sendmsg
       3  BUG: soft lockup in addrconf_rs_timer
The bug was not found.

2023-05-04 12:29:13
Session:   6
Template:  2018-12-26 - 586a19e7ece21850ff9347ce78245bf19fe1cdcd
Syzkaller: 2018-12-26 - 586a19e7ece21850ff9347ce78245bf19fe1cdcd
Kernel:    2018-12-26 - 17bf423a1f2d134187191f0ceb4b395173cc98a7
Compiler:  gcc-8.0.1-20180412
Attempt 1:
    Time  Bug Name
       3  BUG: soft lockup in corrupted
       3  BUG: soft lockup in corrupted
Attempt 2:
    Time  Bug Name
       3  BUG: soft lockup in corrupted
       3  BUG: soft lockup in corrupted
       3  BUG: soft lockup in addrconf_rs_timer
Attempt 3:
    Time  Bug Name
       3  BUG: soft lockup in corrupted
       3  BUG: soft lockup in addrconf_rs_timer
The bug was not found.

==== Kernel Retrospection ====
136 Linux commits in [2018-12-26, 2019-01-05].

2023-05-04 14:48:13
Session:   7
Template:  2018-12-29 - 35e3f847cfd8b50b97ed3172577d884b0869b18e
Syzkaller: 2018-12-29 - 35e3f847cfd8b50b97ed3172577d884b0869b18e
Kernel:    2018-12-29 - c0ea81b4d37837409d0dfd2036098a7babb312ed
Compiler:  gcc-8.0.1-20180412
Attempt 1:
    Time  Bug Name
***    3  BUG: soft lockup in addrconf_dad_work
       3  BUG: soft lockup in br_handle_frame
The bug was found.

2023-05-04 15:47:05
Session:   8
Template:  2018-12-27 - af3175049a06f26750711b554a8fbd69527efca7
Syzkaller: 2018-12-27 - af3175049a06f26750711b554a8fbd69527efca7
Kernel:    2018-12-27 - 047ce6d380e8e66cfb6cbc22e873af89dd0c216c
Compiler:  gcc-8.0.1-20180412
Attempt 1:
    Time  Bug Name
       3  BUG: soft lockup in corrupted
       3  BUG: soft lockup in addrconf_rs_timer
Attempt 2:
    Time  Bug Name
       3  BUG: soft lockup in br_handle_frame
       3  BUG: soft lockup in corrupted
Attempt 3:
    Time  Bug Name
       3  BUG: soft lockup in corrupted
       3  BUG: soft lockup in corrupted
       3  BUG: soft lockup in corrupted
The bug was not found.

2023-05-04 18:01:39
Session:   9
Template:  2018-12-28 - e33ad0f1875349ef73a89aad2473594de21ad9c0
Syzkaller: 2018-12-28 - e33ad0f1875349ef73a89aad2473594de21ad9c0
Kernel:    2018-12-28 - 0e9da3fbf7d81f0f913b491c8de1ba7883d4f217
Compiler:  gcc-8.0.1-20180412
Attempt 1:
    Time  Bug Name
       3  BUG: soft lockup in addrconf_rs_timer
       3  BUG: soft lockup in addrconf_rs_timer
Attempt 2:
    Time  Bug Name
       3  BUG: soft lockup in corrupted
       3  BUG: soft lockup in addrconf_rs_timer
Attempt 3:
    Time  Bug Name
       3  BUG: soft lockup in corrupted
       3  BUG: soft lockup in corrupted
The bug was not found.

2023-05-04 20:04:23
Session:   10
Template:  2018-12-29 - 35e3f847cfd8b50b97ed3172577d884b0869b18e
Syzkaller: 2018-12-29 - 35e3f847cfd8b50b97ed3172577d884b0869b18e
Kernel:    2018-12-29 - f346b0becb1bc62e45495f9cdbae3eef35d0b635
Compiler:  gcc-8.0.1-20180412
Attempt 1:
    Time  Bug Name
       2  BUG: soft lockup in mld_dad_timer_expire
       3  BUG: soft lockup in corrupted
      16  kernel panic: corrupted stack end detected inside scheduler
Attempt 2:
    Time  Bug Name
***    2  BUG: soft lockup in addrconf_dad_work
***    2  BUG: soft lockup in addrconf_dad_work
The bug was found.

2023-05-04 21:58:21
Session:   11
Template:  2018-12-28 - e33ad0f1875349ef73a89aad2473594de21ad9c0
Syzkaller: 2018-12-28 - e33ad0f1875349ef73a89aad2473594de21ad9c0
Kernel:    2018-12-28 - 5d24ae67a961c51beb255a28c9c417d9710247c2
Compiler:  gcc-8.0.1-20180412
Attempt 1:
    Time  Bug Name
       4  BUG: soft lockup in corrupted
       4  BUG: soft lockup in addrconf_rs_timer
Attempt 2:
    Time  Bug Name
       2  BUG: soft lockup in addrconf_rs_timer
       2  BUG: soft lockup in addrconf_rs_timer
Attempt 3:
    Time  Bug Name
       3  BUG: soft lockup in br_handle_frame
       3  BUG: soft lockup in corrupted
      10  kernel panic: corrupted stack end detected inside scheduler
The bug was not found.

2023-05-05 00:13:09
Session:   12
Template:  2018-12-28 - e33ad0f1875349ef73a89aad2473594de21ad9c0
Syzkaller: 2018-12-28 - e33ad0f1875349ef73a89aad2473594de21ad9c0
Kernel:    2018-12-28 - 75f95da078b2891cd186f074ffc15a8e7c3f082d
Compiler:  gcc-8.0.1-20180412
Attempt 1:
    Time  Bug Name
       2  BUG: soft lockup in corrupted
       2  BUG: soft lockup in addrconf_rs_timer
       3  BUG: soft lockup in addrconf_rs_timer
Attempt 2:
    Time  Bug Name
       3  BUG: soft lockup in corrupted
       3  BUG: soft lockup in corrupted
       9  kernel BUG at arch/x86/mm/physaddr.c:LINE!
Attempt 3:
    Time  Bug Name
       3  BUG: soft lockup in addrconf_rs_timer
       4  BUG: soft lockup in corrupted
      20  kernel panic: corrupted stack end detected inside scheduler
The bug was not found.

2023-05-05 02:14:49
Session:   13
Template:  2018-12-29 - 35e3f847cfd8b50b97ed3172577d884b0869b18e
Syzkaller: 2018-12-29 - 35e3f847cfd8b50b97ed3172577d884b0869b18e
Kernel:    2018-12-29 - 00d59fde8532b2d42e80909d2e58678755e04da9
Compiler:  gcc-8.0.1-20180412
Attempt 1:
    Time  Bug Name
***    3  BUG: soft lockup in addrconf_dad_work
***    3  BUG: soft lockup in addrconf_dad_work
       3  BUG: soft lockup in mld_ifc_timer_expire
The bug was found.

== Confirming the bisected commit ==

2023-05-05 03:44:55
Session:   14
Template:  2018-12-29 - 35e3f847cfd8b50b97ed3172577d884b0869b18e
Syzkaller: 2018-12-29 - 35e3f847cfd8b50b97ed3172577d884b0869b18e
Kernel:    2018-12-29 - 00d59fde8532b2d42e80909d2e58678755e04da9
The bug was found in a previous identical fuzzing session.

2023-05-05 03:44:55
Session:   15
Template:  2018-12-29 - 35e3f847cfd8b50b97ed3172577d884b0869b18e
Syzkaller: 2018-12-29 - 35e3f847cfd8b50b97ed3172577d884b0869b18e
Kernel:    2018-12-28 - 75f95da078b2891cd186f074ffc15a8e7c3f082d
Compiler:  gcc-8.0.1-20180412
Attempt 1:
    Time  Bug Name
***    3  BUG: soft lockup in addrconf_dad_work
       3  BUG: soft lockup in br_handle_frame
       3  BUG: soft lockup in mld_ifc_timer_expire
The bug was found.

==== Syzkaller Retrospection ====
14 Syzkaller commits from [2018-12-29].

2023-05-05 05:57:26
Session:   16
Template:  2018-12-29 - 35e3f847cfd8b50b97ed3172577d884b0869b18e
Syzkaller: 2018-12-29 - 35e3f847cfd8b50b97ed3172577d884b0869b18e
Kernel:    2018-12-29 - 00d59fde8532b2d42e80909d2e58678755e04da9
Compiler:  gcc-8.0.1-20180412
The bug was found in a previous identical fuzzing session.

2023-05-05 05:57:26
Session:   17
Template:  2018-12-29 - 204cb1446fa9aee09a506bc33f8fe605dbf709d2
Syzkaller: 2018-12-29 - 204cb1446fa9aee09a506bc33f8fe605dbf709d2
Kernel:    2018-12-29 - 00d59fde8532b2d42e80909d2e58678755e04da9
Compiler:  gcc-8.0.1-20180412
Attempt 1:
    Time  Bug Name
      12  kernel panic: corrupted stack end detected inside scheduler
      14  kernel panic: corrupted stack end detected inside scheduler
      46  kernel panic: corrupted stack end detected inside scheduler
Attempt 2:
    Time  Bug Name
       2  WARNING in batadv_mcast_mla_update
Attempt 3:
    Time  Bug Name
      50  kernel panic: corrupted stack end detected inside scheduler
The bug was not found.

====================================================================================================================================================
Revealing Factor:   Syzkaller Update
Version:            2018-12-29 - 35e3f847cfd8b50b97ed3172577d884b0869b18e
Commit Name:        executor: fix linux includes

Bug Name:           INFO: rcu detected stall in igmp_ifc_timer_expire
Bug Link:           https://syzkaller.appspot.com/bug?id=330ce4f7626354cc6444c457c9a5e82d8a8c5055
Arch:               amd64
Finding Date:       2019-01-05
Finding Commit:     2019-01-05 - f1c2f8857c5aa6c92aa903bc06437503422e5925
Guilty Merge:       None
Guilty Commit:      2013-12-19 - 10239edf86f137ce4c39b62ea9575e8053c549a0

Possible Blocking Bugs:
    BUG: soft lockup in corrupted
    BUG: soft lockup in addrconf_rs_timer
    kernel panic: corrupted stack end detected inside scheduler
