general protection fault in packet_lookup_frame,https://syzkaller.appspot.com/bug?id=def39b541a4d5fdd258ec710d2a159010c8601f3
Repository: linux
Arch: amd64
Finding: 2019-08-13 - ee1c7bd33e66376067fd6306b730789ee2ae53e4
Guilty:  2009-05-18 - 69e3c75f4d541a6eb151b3ef91f34033cb3ad6e1
No Duplicates
Default Allocation.
VMs:4
CPUs:4
Procs:24
Max time:30
Max attempts:3
Testing the finding commit.

2023-05-08 09:27:05
Session:   1
Template:  2019-08-13 - ef801a3eab3f5c84fa7f61fd739c9fcb45925caa
Syzkaller: 2019-08-13 - ef801a3eab3f5c84fa7f61fd739c9fcb45925caa
Kernel:    2019-08-13 - ee1c7bd33e66376067fd6306b730789ee2ae53e4
Compiler:  gcc-9.0.0-20181231
Attempt 1:
    Time  Bug Name
       7  no output from test machine
       7  no output from test machine
       7  no output from test machine
       7  no output from test machine
      13  no output from test machine
      13  no output from test machine
      13  no output from test machine
      14  no output from test machine
      20  no output from test machine
      20  no output from test machine
      20  no output from test machine
      21  no output from test machine
      26  no output from test machine
      26  no output from test machine
      27  no output from test machine
      27  no output from test machine
Attempt 2:
    Time  Bug Name
       7  no output from test machine
       7  no output from test machine
       7  no output from test machine
       7  no output from test machine
      13  no output from test machine
      13  no output from test machine
      13  no output from test machine
      19  no output from test machine
      19  no output from test machine
      20  no output from test machine
      25  no output from test machine
      26  no output from test machine
      26  no output from test machine
Attempt 3:
    Time  Bug Name
       7  no output from test machine
       7  no output from test machine
       7  no output from test machine
       7  no output from test machine
      13  no output from test machine
      14  no output from test machine
      14  no output from test machine
      14  no output from test machine
      19  no output from test machine
      20  no output from test machine
      20  no output from test machine
      20  no output from test machine
      25  no output from test machine
      26  no output from test machine
      26  no output from test machine
      26  no output from test machine
The bug was not found.

Failure: This bug cannot be found at the finding commit.
