KASAN: slab-out-of-bounds Read in bpf_int_jit_compile,https://syzkaller.appspot.com/bug?id=694d503a33041716e87909e7ead90cb3f9795865
Repository: linux
Arch: amd64
Finding: 2019-07-20 - c6dd78fcb8eefa15dd861889e0f59d301cb5230c
Guilty:  2011-04-27 - 0a14842f5a3c0e88a1e59fac5c3025db39721f74
Duplicate Names:
    KASAN: slab-out-of-bounds Read in bpf_int_jit_compile
    KASAN: slab-out-of-bounds Read in do_jit
Single Proc Allocation
VMs:8
CPUs:2
Procs:16
Max time:30
Max attempts:3
Testing the finding commit.

2023-05-09 00:08:10
Session:   1
Template:  2019-07-19 - 1656845f45f284c574eb4f8bfe85dd7916a47a3a
Syzkaller: 2019-07-19 - 1656845f45f284c574eb4f8bfe85dd7916a47a3a
Kernel:    2019-07-20 - c6dd78fcb8eefa15dd861889e0f59d301cb5230c
Compiler:  gcc-9.0.0-20181231
Attempt 1:
    No crashes found.
Attempt 2:
    No crashes found.
Attempt 3:
    No crashes found.
The bug was not found.

Failure: This bug cannot be found at the finding commit.
