WARNING: ODEBUG bug in netdev_freemem,https://syzkaller.appspot.com/bug?id=91cbd2d4963aa0a7fe7b94d1a5c2ec1e36fa67a1
Repository: linux
Arch: amd64
Finding: 2018-12-26 - fc2fd5f0f1aa85925be2322275ee2dc5ac3acdf4
Guilty:  2016-10-30 - cbebd363b2e92841e2e5ffc52c2d618e7b1003f0
Duplicate Names:
    WARNING in batadv_mcast_mla_update
    WARNING: ODEBUG bug in netdev_freemem
    kernel BUG at drivers/android/binder_alloc.c:LINE!
    WARNING in batadv_mcast_mla_tt_retract
Default Allocation.
VMs:4
CPUs:4
Procs:24
Max time:30
Max attempts:3
Testing the finding commit.

2023-06-15 23:34:14
Session:   1
Template:  2018-12-27 - af3175049a06f26750711b554a8fbd69527efca7
Syzkaller: 2018-12-27 - af3175049a06f26750711b554a8fbd69527efca7
Kernel:    2018-12-27 - fc2fd5f0f1aa85925be2322275ee2dc5ac3acdf4
Compiler:  gcc-8.0.1-20180412
Attempt 1:
    Time  Bug Name
      11  kernel panic: corrupted stack end detected inside scheduler
      20  kernel panic: corrupted stack end detected inside scheduler
      27  unregister_netdevice: waiting for DEV to become free
Attempt 2:
    Time  Bug Name
       8  BUG: unable to handle kernel NULL pointer dereference in qlist_free_all
      12  unregister_netdevice: waiting for DEV to become free
      16  kernel panic: corrupted stack end detected inside scheduler
Attempt 3:
    Time  Bug Name
      17  kernel panic: corrupted stack end detected inside scheduler
      23  general protection fault in __bfs
The bug was not found.

Failure: This bug cannot be found at the finding commit.
