INFO: rcu detected stall in snd_seq_write,https://syzkaller.appspot.com/bug?id=33501520944e11adedf1c454eec4cb818bee16c8
Repository: linux
Arch: amd64
Finding: 2018-12-17 - 1a9430db2835c0c00acc87d915b573496998c1bf
Guilty:  2018-03-08 - 7bd80091567789f1c0cb70eb4737aac8bcd2b6b9
Duplicate Names:
    INFO: task hung in snd_seq_write
    INFO: rcu detected stall in snd_seq_write
Multi-Proc Allocation.
VMs:4
CPUs:4
Procs:24
Max time:30
Max attempts:3
Testing the finding commit.

2023-05-16 22:09:48
Session:   1
Template:  2018-12-18 - 4edaba9329e6f5c61daa591ee8922c1bbc3b3e11
Syzkaller: 2018-12-18 - 4edaba9329e6f5c61daa591ee8922c1bbc3b3e11
Kernel:    2018-12-18 - 1a9430db2835c0c00acc87d915b573496998c1bf
Compiler:  gcc-8.0.1-20180412
Attempt 1:
    No crashes found.
Attempt 2:
    Time  Bug Name
       2  lost connection to test machine
Attempt 3:
    No crashes found.
Attempt 4: (RETRY)
    Time  Bug Name
       2  BUG: soft lockup in addrconf_rs_timer
The bug was not found.

Failure: This bug cannot be found at the finding commit.
