possible deadlock in io_submit_one,https://syzkaller.appspot.com/bug?id=9f86fabfdd07b7257ccd37a8c105a58b162fa356
Repository: linux
Arch: amd64
Finding: 2019-02-01 - 5eeb63359b1ec4914d9898e24aa357ff930e6ee1
Guilty:  2018-08-06 - bfe4037e722ec672c9dafd5730d9132afeeb76e9
Duplicate Names:
    possible deadlock in io_submit_one
    possible deadlock in userfaultfd_release
    possible deadlock in userfaultfd_read
Default Allocation.
VMs:4
CPUs:4
Procs:24
Max time:30
Max attempts:3
Testing the finding commit.

2023-05-30 07:30:36
Session:   1
Template:  2019-02-01 - 564f9a4f57d270b5076288135de6d037f9aace40
Syzkaller: 2019-02-01 - 564f9a4f57d270b5076288135de6d037f9aace40
Kernel:    2019-02-01 - 5eeb63359b1ec4914d9898e24aa357ff930e6ee1
Compiler:  gcc-9.0.0-20181231
Attempt 1:
    Time  Bug Name
***    2  possible deadlock in io_submit_one
***    2  possible deadlock in io_submit_one
Attempt 2:
    Time  Bug Name
***    2  possible deadlock in io_submit_one
Attempt 3:
    Time  Bug Name
***    2  possible deadlock in io_submit_one
The bug was found.

New Max Time: 10.
Merge Commit: 2018-08-14 - f2be269897708700ed9b2a96f695348a10a003e8.

==== Template Retrospection ====
4 template changes in [2018-08-14, 2019-02-01].

2023-05-30 09:08:54
Session:   2
Template:  2018-12-09 - 82f11ef0c50d938173b46e102df1eeef3bce46ae
Syzkaller: 2018-12-09 - 82f11ef0c50d938173b46e102df1eeef3bce46ae
Kernel:    2018-12-09 - 40e020c129cfc991e8ab4736d2665351ffd1468d
Compiler:  gcc-8.0.1-20180412
Attempt 1:
    Time  Bug Name
       2  WARNING: SOFTIRQ-safe -> SOFTIRQ-unsafe lock order detected
Attempt 2:
    Time  Bug Name
       2  WARNING: SOFTIRQ-safe -> SOFTIRQ-unsafe lock order detected
***    6  possible deadlock in io_submit_one
The bug was found.

2023-05-30 10:29:24
Session:   3
Template:  2018-08-31 - a4718693a3d9fcabb02299b2ec07c19d8208c539
Syzkaller: 2018-08-31 - a4718693a3d9fcabb02299b2ec07c19d8208c539
Kernel:    2018-08-31 - 420f51f4ab6bce6e580390729fadb89c31123636
Compiler:  gcc-8.0.1-20180412
Attempt 1:
    Time  Bug Name
***    2  possible deadlock in io_submit_one
The bug was found.

2023-05-30 11:51:53
Session:   4
Template:  2018-08-26 - ce0eccdea6538570bf9d664824cca607012b2f5c
Syzkaller: 2018-08-26 - ce0eccdea6538570bf9d664824cca607012b2f5c
Kernel:    2018-08-26 - 5b394b2ddf0347bef56e50c69a58773c94343ff3
Compiler:  gcc-8.0.1-20180412
Attempt 1:
    No crashes found.
Attempt 2:
    No crashes found.
Attempt 3:
    No crashes found.
The bug was not found.

2023-05-30 13:24:29
Session:   5
Template:  2018-08-26 - ce0eccdea6538570bf9d664824cca607012b2f5c
Syzkaller: 2018-08-31 - a4718693a3d9fcabb02299b2ec07c19d8208c539
Kernel:    2018-08-31 - 420f51f4ab6bce6e580390729fadb89c31123636
Compiler:  gcc-8.0.1-20180412
Attempt 1:
    Time  Bug Name
***    2  possible deadlock in io_submit_one
The bug was found.

==== Kernel Retrospection ====
28 Linux commits in [2018-08-26, 2018-08-31].

2023-05-30 14:46:47
Session:   6
Template:  2018-08-29 - e766b07a54b5ad857651e2c4abf46b059014e9b5
Syzkaller: 2018-08-29 - e766b07a54b5ad857651e2c4abf46b059014e9b5
Kernel:    2018-08-29 - ff81a521b888728e7ece69a437ac4d9ea810b6c6
Compiler:  gcc-8.0.1-20180412
Attempt 1:
    Time  Bug Name
      10  lost connection to test machine
Attempt 2:
    No crashes found.
Attempt 3:
    No crashes found.
Attempt 4: (RETRY)
    Time  Bug Name
       8  lost connection to test machine
Attempt 5: (RETRY)
    No crashes found.
The bug was not found.
Warning: This session is unstable.

2023-05-30 16:53:43
Session:   7
Template:  2018-08-27 - 7ef1de9ea4b02a8799b3a7f4b1d7b06a586b3f37
Syzkaller: 2018-08-27 - 7ef1de9ea4b02a8799b3a7f4b1d7b06a586b3f37
Kernel:    2018-08-27 - 050cdc6c9501abcd64720b8cc3e7941efee9547d
Compiler:  gcc-8.0.1-20180412
Attempt 1:
    No crashes found.
Attempt 2:
    Time  Bug Name
       9  lost connection to test machine
Attempt 3:
    No crashes found.
Attempt 4: (RETRY)
    No crashes found.
The bug was not found.

2023-05-30 18:30:25
Session:   8
Template:  2018-08-30 - 938220fdbbf294b00b3c62efa06e82aa63fca33c
Syzkaller: 2018-08-30 - 938220fdbbf294b00b3c62efa06e82aa63fca33c
Kernel:    2018-08-30 - 9f8f16c86e4d9e2afcbdcd6045981c4d9129450e
Compiler:  gcc-8.0.1-20180412
Attempt 1:
    No crashes found.
Attempt 2:
    No crashes found.
Attempt 3:
    No crashes found.
The bug was not found.

2023-05-30 20:33:03
Session:   9
Template:  2018-08-31 - 19cfcead69273559ae293a84ce108d00416a3e55
Syzkaller: 2018-08-31 - 19cfcead69273559ae293a84ce108d00416a3e55
Kernel:    2018-08-31 - 754cf4b2432dfea0f925a0b760506a9c97c8f00b
Compiler:  gcc-8.0.1-20180412
Attempt 1:
    Time  Bug Name
***    2  possible deadlock in io_submit_one
       2  possible deadlock in free_ioctx_users
The bug was found.

2023-05-30 21:26:51
Session:   10
Template:  2018-08-31 - 19cfcead69273559ae293a84ce108d00416a3e55
Syzkaller: 2018-08-31 - 19cfcead69273559ae293a84ce108d00416a3e55
Kernel:    2018-08-31 - 217c3e0196758662aa0429863b09d1c13da1c5d6
Compiler:  gcc-8.0.1-20180412
Attempt 1:
    Time  Bug Name
***    2  possible deadlock in io_submit_one
The bug was found.

2023-05-30 22:33:57
Session:   11
Template:  2018-08-31 - 19cfcead69273559ae293a84ce108d00416a3e55
Syzkaller: 2018-08-31 - 19cfcead69273559ae293a84ce108d00416a3e55
Kernel:    2018-08-31 - b6935d2aa49dabff296680a6f349b32e5a16afe0
Compiler:  gcc-8.0.1-20180412
Attempt 1:
    Time  Bug Name
***    2  possible deadlock in io_submit_one
The bug was found.

2023-05-30 23:35:20
Session:   12
Template:  2018-08-30 - 938220fdbbf294b00b3c62efa06e82aa63fca33c
Syzkaller: 2018-08-30 - 938220fdbbf294b00b3c62efa06e82aa63fca33c
Kernel:    2018-08-30 - fb64638566588392e4a544760b649fd7f857e33a
Compiler:  gcc-8.0.1-20180412
Attempt 1:
    No crashes found.
Attempt 2:
    Time  Bug Name
       5  lost connection to test machine
Attempt 3:
    No crashes found.
Attempt 4: (RETRY)
    No crashes found.
The bug was not found.

== Confirming the bisected commit ==

2023-05-31 01:53:56
Session:   13
Template:  2018-08-31 - 19cfcead69273559ae293a84ce108d00416a3e55
Syzkaller: 2018-08-31 - 19cfcead69273559ae293a84ce108d00416a3e55
Kernel:    2018-08-31 - b6935d2aa49dabff296680a6f349b32e5a16afe0
The bug was found in a previous identical fuzzing session.

2023-05-31 01:53:56
Session:   14
Template:  2018-08-31 - 19cfcead69273559ae293a84ce108d00416a3e55
Syzkaller: 2018-08-31 - 19cfcead69273559ae293a84ce108d00416a3e55
Kernel:    2018-08-30 - fb64638566588392e4a544760b649fd7f857e33a
Compiler:  gcc-8.0.1-20180412
Attempt 1:
    No crashes found.
Attempt 2:
    No crashes found.
Attempt 3:
    Time  Bug Name
       8  lost connection to test machine
Attempt 4: (RETRY)
    No crashes found.
The bug was not found.

====================================================================================================================================================
Revealing Factor:   Kernel Commit
Version:            2018-08-31 - b6935d2aa49dabff296680a6f349b32e5a16afe0
Commit Name:        Merge tag 'pm-4.19-rc2' of git://git.kernel.org/pub/scm/linux/kernel/git/rafael/linux-pm

Bug Name:           possible deadlock in io_submit_one
Bug Link:           https://syzkaller.appspot.com/bug?id=9f86fabfdd07b7257ccd37a8c105a58b162fa356
Arch:               amd64
Finding Date:       2019-02-01
Finding Commit:     2019-02-01 - 5eeb63359b1ec4914d9898e24aa357ff930e6ee1
Guilty Merge:       2018-08-14 - f2be269897708700ed9b2a96f695348a10a003e8
Guilty Commit:      2018-08-06 - bfe4037e722ec672c9dafd5730d9132afeeb76e9

Possible Blocking Bugs:
