WARNING in blk_mq_sched_free_requests,https://syzkaller.appspot.com/bug?id=1b73a9b2d76a4c2cde070ec4bea310222ae42450
Repository: linux
Arch: amd64
Finding: 2019-06-08 - d1fdb6d8f6a4109a4263176c84b899076a5f8008
Guilty:  2019-06-06 - c3e2219216c92919a6bd1711f340f5faa98695e6
No Duplicates
Single Proc Allocation
VMs:8
CPUs:2
Procs:16
Max time:30
Max attempts:3
Testing the finding commit.

2023-06-10 09:09:48
Session:   1
Template:  2019-06-08 - 0159583c3bcfe4ece6b839712327cd955aabee66
Syzkaller: 2019-06-08 - 0159583c3bcfe4ece6b839712327cd955aabee66
Kernel:    2019-06-09 - d1fdb6d8f6a4109a4263176c84b899076a5f8008
Compiler:  gcc-9.0.0-20181231
Attempt 1:
    No crashes found.
Attempt 2:
    No crashes found.
Attempt 3:
    No crashes found.
The bug was not found.

Failure: This bug cannot be found at the finding commit.
Warning: Revealing factor may be faulty.
