general protection fault in fib6_purge_rt,https://syzkaller.appspot.com/bug?id=be0232f1d0792f426874fc0cf149fb1721a62d42
Repository: linux
Arch: amd64
Finding: 2019-01-05 - f1c2f8857c5aa6c92aa903bc06437503422e5925
Guilty:  2018-03-23 - 52dfae5c85a4c1078e9f1d5e8947d4a25f73dd81
Duplicate Names:
    WARNING: locking bug in icmp_send
    general protection fault in fib6_purge_rt
Single Proc Allocation
VMs:8
CPUs:2
Procs:16
Max time:30
Max attempts:3
Testing the finding commit.

2023-06-15 10:36:45
Session:   1
Template:  2019-01-04 - 53be0a378fb4c5b60751659423b98bef7d502025
Syzkaller: 2019-01-04 - 53be0a378fb4c5b60751659423b98bef7d502025
Kernel:    2019-01-05 - f1c2f8857c5aa6c92aa903bc06437503422e5925
Compiler:  gcc-9.0.0-20181231
Attempt 1:
    No crashes found.
Attempt 2:
    No crashes found.
Attempt 3:
    No crashes found.
The bug was not found.

Failure: This bug cannot be found at the finding commit.
