memory leak in packet_setsockopt,https://syzkaller.appspot.com/bug?id=260595bf0080d5f97931cbb505594b41fd74f044
Repository: linux
Arch: amd64
Finding: 2019-05-20 - f49aa1de98363b6c5fba4637678d6b0ba3d18065
Guilty:  2017-11-28 - 57f015f5eccf25fd4a3336fe3cbbee920a8fba6f
No Duplicates
Single Proc Allocation
VMs:8
CPUs:2
Procs:16
Max time:30
Max attempts:5
Testing the finding commit.

2023-06-10 22:57:42
Session:   1
Template:  2019-05-21 - 0625bb5c4c7e39db5b6b5174cee612e3654e5d43
Syzkaller: 2019-05-21 - 0625bb5c4c7e39db5b6b5174cee612e3654e5d43
Kernel:    2019-05-20 - f49aa1de98363b6c5fba4637678d6b0ba3d18065
Compiler:  gcc-9.0.0-20181231
Attempt 1:
    Time  Bug Name
***    2  memory leak in packet_setsockopt
Attempt 2:
    Time  Bug Name
***    2  memory leak in packet_setsockopt
Attempt 3:
    Time  Bug Name
***    2  memory leak in packet_setsockopt
Attempt 4:
    Time  Bug Name
***    1  memory leak in packet_setsockopt
Attempt 5:
    Time  Bug Name
***    2  memory leak in packet_setsockopt
The bug was found.

New Max Time: 30.
Merge Commit: 2017-11-29 - 96c22a49ac125bc4ceddc0817dfb9ff3de8aea7d.

==== Template Retrospection ====
66 template changes in [2017-11-29, 2019-05-21].

2023-06-10 23:49:42
Session:   2
Template:  2018-06-18 - dde158e0af7bc1acf328d393a1fcb4eca60a5dfe
Syzkaller: 2018-06-18 - dde158e0af7bc1acf328d393a1fcb4eca60a5dfe
Kernel:    2018-06-18 - ba4dbdedd3edc2798659bcd8b1a184ea8bdd04dc
Compiler:  gcc-8.0.1-20180412
Attempt 1:
    Time  Bug Name
***    2  memory leak in packet_setsockopt
The bug was found.

2023-06-11 00:03:08
Session:   3
Template:  2018-02-22 - 6153a72ee16f1e7a1b1400bf4d89bb39e52343ce
Syzkaller: 2018-02-22 - 6153a72ee16f1e7a1b1400bf4d89bb39e52343ce
Kernel:    2018-02-22 - a638af00b27266c09ab7ac69141e6f4ac6c00eff
Compiler:  gcc-8.0.1-20180301
Attempt 1:
    No crashes found.
Attempt 2:
    No crashes found.
Attempt 3:
    Time  Bug Name
      20  lost connection to test machine
      22  lost connection to test machine
Attempt 4:
    No crashes found.
Attempt 5:
    No crashes found.
Attempt 6: (RETRY)
    No crashes found.
The bug was not found.

2023-06-11 03:13:20
Session:   4
Template:  2018-04-06 - 8e4c2e24cb05daf27a600b570d3a774083a1210b
Syzkaller: 2018-04-06 - 8e4c2e24cb05daf27a600b570d3a774083a1210b
Kernel:    2018-04-06 - 9eda2d2dca830f0f8923b1f377d0fb70f576af1d
Compiler:  gcc-8.0.1-20180301
Attempt 1:
    No crashes found.
Attempt 2:
    No crashes found.
Attempt 3:
    No crashes found.
Attempt 4:
    No crashes found.
Attempt 5:
    No crashes found.
The bug was not found.

2023-06-11 05:53:30
Session:   5
Template:  2018-04-25 - 73417389cebae4a6ddceb2e8684101f347cc3695
Syzkaller: 2018-04-25 - 73417389cebae4a6ddceb2e8684101f347cc3695
Kernel:    2018-04-25 - 26ed24e429d89e045e5eb2d2b75215244347b7f2
Compiler:  gcc-8.0.1-20180412
Attempt 1:
    No crashes found.
Attempt 2:
    No crashes found.
Attempt 3:
    No crashes found.
Attempt 4:
    No crashes found.
Attempt 5:
    No crashes found.
The bug was not found.

2023-06-11 08:35:12
Session:   6
Template:  2018-05-18 - d302e8164182e77b558e471c712839fda3ed7779
Syzkaller: 2018-05-18 - d302e8164182e77b558e471c712839fda3ed7779
Kernel:    2018-05-18 - 2c71d338bef2cc8a2e5f8ebe70788eeff246fcd8
Compiler:  gcc-8.0.1-20180412
Attempt 1:
    No crashes found.
Attempt 2:
    No crashes found.
Attempt 3:
    No crashes found.
Attempt 4:
    No crashes found.
Attempt 5:
    No crashes found.
The bug was not found.

2023-06-11 11:15:24
Session:   7
Template:  2018-06-07 - 85e7c1404ffb155db3fd40b21467402b308f2a7c
Syzkaller: 2018-06-07 - 85e7c1404ffb155db3fd40b21467402b308f2a7c
Kernel:    2018-06-07 - ba1b7309fc2e909a5828c36a7cd187e5d7df6f53
Compiler:  gcc-8.0.1-20180412
Attempt 1:
    Time  Bug Name
       7  WARNING in smc_unhash_sk
      15  WARNING in smc_unhash_sk
      15  WARNING in smc_unhash_sk
      25  WARNING in smc_unhash_sk
      26  WARNING in smc_unhash_sk
      28  WARNING in smc_unhash_sk
      28  WARNING in smc_unhash_sk
      29  WARNING in smc_unhash_sk
      29  WARNING in smc_unhash_sk
      30  WARNING in smc_unhash_sk
Attempt 2:
    Time  Bug Name
       9  WARNING in smc_unhash_sk
      10  WARNING in smc_unhash_sk
      11  WARNING in smc_unhash_sk
      21  WARNING in smc_unhash_sk
      21  WARNING in smc_unhash_sk
      23  WARNING in smc_unhash_sk
      24  WARNING in smc_unhash_sk
      24  WARNING in smc_unhash_sk
      25  WARNING in smc_unhash_sk
      26  WARNING in smc_unhash_sk
Attempt 3:
    Time  Bug Name
      19  WARNING in smc_unhash_sk
      20  WARNING in smc_unhash_sk
      22  WARNING in smc_unhash_sk
      24  WARNING in smc_unhash_sk
      25  WARNING in smc_unhash_sk
      26  WARNING in smc_unhash_sk
      27  WARNING in smc_unhash_sk
      28  WARNING in smc_unhash_sk
      29  WARNING in smc_unhash_sk
      30  WARNING in smc_unhash_sk
Attempt 4:
    Time  Bug Name
      12  WARNING in smc_unhash_sk
      22  WARNING in smc_unhash_sk
      24  WARNING in smc_unhash_sk
      25  WARNING in smc_unhash_sk
      27  WARNING in smc_unhash_sk
      27  WARNING in smc_unhash_sk
      27  WARNING in smc_unhash_sk
      28  WARNING in smc_unhash_sk
      29  WARNING in smc_unhash_sk
      29  WARNING in smc_unhash_sk
      30  WARNING in smc_unhash_sk
Attempt 5:
    Time  Bug Name
       7  WARNING in smc_unhash_sk
       8  WARNING in smc_unhash_sk
      17  WARNING in smc_unhash_sk
      20  WARNING in smc_unhash_sk
      20  WARNING in smc_unhash_sk
      23  WARNING in smc_unhash_sk
      24  WARNING in smc_unhash_sk
      24  WARNING in smc_unhash_sk
      24  WARNING in smc_unhash_sk
      27  WARNING in smc_unhash_sk
      28  WARNING in smc_unhash_sk
      28  WARNING in smc_unhash_sk
The bug was not found.

2023-06-11 13:57:08
Session:   8
Template:  2018-06-07 - 85e7c1404ffb155db3fd40b21467402b308f2a7c
Syzkaller: 2018-06-18 - dde158e0af7bc1acf328d393a1fcb4eca60a5dfe
Kernel:    2018-06-18 - ba4dbdedd3edc2798659bcd8b1a184ea8bdd04dc
Compiler:  gcc-8.0.1-20180412
Attempt 1:
    Time  Bug Name
       4  lost connection to test machine
***   30  memory leak in packet_setsockopt
The bug was found.

==== Kernel Retrospection ====
122 Linux commits in [2018-06-07, 2018-06-18].

2023-06-11 14:39:28
Session:   9
Template:  2018-06-11 - 62d1af2467768d46623d446efaaf2f2cb6e8350e
Syzkaller: 2018-06-11 - 62d1af2467768d46623d446efaaf2f2cb6e8350e
Kernel:    2018-06-11 - f7cca14bcec49989bcfe7cf2135ac719352d7022
Compiler:  gcc-8.0.1-20180412
Attempt 1:
    Time  Bug Name
       8  WARNING in smc_unhash_sk
       9  WARNING in smc_unhash_sk
      21  WARNING in smc_unhash_sk
      22  WARNING in smc_unhash_sk
      22  WARNING in smc_unhash_sk
      26  WARNING in smc_unhash_sk
      27  WARNING in smc_unhash_sk
      28  WARNING in smc_unhash_sk
      30  WARNING in smc_unhash_sk
Attempt 2:
    Time  Bug Name
       8  WARNING in smc_unhash_sk
      12  WARNING in smc_unhash_sk
      16  WARNING in smc_unhash_sk
      18  WARNING in smc_unhash_sk
      22  WARNING in smc_unhash_sk
      25  WARNING in smc_unhash_sk
      26  WARNING in smc_unhash_sk
      27  WARNING in smc_unhash_sk
      28  WARNING in smc_unhash_sk
      30  WARNING in smc_unhash_sk
Attempt 3:
    Time  Bug Name
      23  WARNING in fib6_add
      28  WARNING in smc_unhash_sk
      29  WARNING in smc_unhash_sk
      30  WARNING in smc_unhash_sk
      30  WARNING in smc_unhash_sk
Attempt 4:
    Time  Bug Name
      16  WARNING in smc_unhash_sk
      20  WARNING in smc_unhash_sk
      20  WARNING in smc_unhash_sk
      24  WARNING in smc_unhash_sk
      25  WARNING in smc_unhash_sk
Attempt 5:
    Time  Bug Name
      14  WARNING in smc_unhash_sk
      15  WARNING in smc_unhash_sk
      16  WARNING in smc_unhash_sk
      16  WARNING in smc_unhash_sk
      21  WARNING in smc_unhash_sk
      22  WARNING in smc_unhash_sk
      22  WARNING in smc_unhash_sk
      22  WARNING in smc_unhash_sk
      23  WARNING in smc_unhash_sk
      23  WARNING in smc_unhash_sk
      25  WARNING in smc_unhash_sk
      25  WARNING in smc_unhash_sk
      28  WARNING in smc_unhash_sk
      28  WARNING in smc_unhash_sk
      29  WARNING in smc_unhash_sk
      29  WARNING in smc_unhash_sk
      29  WARNING in smc_unhash_sk
      30  WARNING in smc_unhash_sk
The bug was not found.

2023-06-11 17:20:53
Session:   10
Template:  2018-06-12 - 27c5f59f504f562333e3cd5e715fea5cb69c396e
Syzkaller: 2018-06-12 - 27c5f59f504f562333e3cd5e715fea5cb69c396e
Kernel:    2018-06-14 - 8458f8c2d4e1f7362c65c37ccf2d1d5c00f77fa5
Compiler:  gcc-8.0.1-20180412
Attempt 1:
    Time  Bug Name
***    2  memory leak in packet_setsockopt
The bug was found.

2023-06-11 17:35:50
Session:   11
Template:  2018-06-12 - 27c5f59f504f562333e3cd5e715fea5cb69c396e
Syzkaller: 2018-06-12 - 27c5f59f504f562333e3cd5e715fea5cb69c396e
Kernel:    2018-06-12 - 38da0d6888a6bccd3ae93227aa9f29537f8bd5f9
Compiler:  gcc-8.0.1-20180412
Attempt 1:
    Time  Bug Name
***    2  memory leak in packet_setsockopt
The bug was found.

2023-06-11 17:49:30
Session:   12
Template:  2018-06-12 - 27c5f59f504f562333e3cd5e715fea5cb69c396e
Syzkaller: 2018-06-12 - 27c5f59f504f562333e3cd5e715fea5cb69c396e
Kernel:    2018-06-12 - 0725d4e1b8b08a60838db3a6e65c23ea8824a048
Compiler:  gcc-8.0.1-20180412
Attempt 1:
    Time  Bug Name
***    2  memory leak in packet_setsockopt
The bug was found.

2023-06-11 18:01:09
Session:   13
Template:  2018-06-12 - 27c5f59f504f562333e3cd5e715fea5cb69c396e
Syzkaller: 2018-06-12 - 27c5f59f504f562333e3cd5e715fea5cb69c396e
Kernel:    2018-06-12 - 721afaa2aeb860067decdddadc84ed16f42f2048
Compiler:  gcc-8.0.1-20180412
Attempt 1:
    Time  Bug Name
***    2  memory leak in packet_setsockopt
The bug was found.

2023-06-11 18:15:34
Session:   14
Template:  2018-06-11 - 62d1af2467768d46623d446efaaf2f2cb6e8350e
Syzkaller: 2018-06-11 - 62d1af2467768d46623d446efaaf2f2cb6e8350e
Kernel:    2018-06-11 - a2b7ab45b8905b9c1813b0212e82a39d5c081c8a
Compiler:  gcc-8.0.1-20180412
Attempt 1:
    Time  Bug Name
      11  WARNING in smc_unhash_sk
      15  WARNING in smc_unhash_sk
      22  WARNING in smc_unhash_sk
      22  WARNING in smc_unhash_sk
      22  WARNING in smc_unhash_sk
      24  WARNING in smc_unhash_sk
      24  WARNING in smc_unhash_sk
      26  WARNING in fib6_add
      28  WARNING in smc_unhash_sk
      29  WARNING in smc_unhash_sk
Attempt 2:
    Time  Bug Name
      18  WARNING in smc_unhash_sk
      21  WARNING in smc_unhash_sk
      22  WARNING in smc_unhash_sk
      25  WARNING in smc_unhash_sk
      26  WARNING in smc_unhash_sk
      28  WARNING in smc_unhash_sk
      28  WARNING in smc_unhash_sk
      29  WARNING in smc_unhash_sk
Attempt 3:
    Time  Bug Name
      16  WARNING in smc_unhash_sk
      19  WARNING in smc_unhash_sk
      21  WARNING in smc_unhash_sk
      21  WARNING in smc_unhash_sk
      22  WARNING in smc_unhash_sk
      23  WARNING in smc_unhash_sk
      24  WARNING in smc_unhash_sk
      25  WARNING in smc_unhash_sk
      26  WARNING in smc_unhash_sk
      27  WARNING in smc_unhash_sk
      28  WARNING in smc_unhash_sk
      28  WARNING in smc_unhash_sk
      29  WARNING in smc_unhash_sk
      30  WARNING in smc_unhash_sk
Attempt 4:
    Time  Bug Name
      12  WARNING in smc_unhash_sk
      16  WARNING in smc_unhash_sk
      20  WARNING in smc_unhash_sk
      22  WARNING in smc_unhash_sk
      22  WARNING in smc_unhash_sk
      24  WARNING in smc_unhash_sk
      27  WARNING in smc_unhash_sk
      29  WARNING in smc_unhash_sk
      30  WARNING in smc_unhash_sk
Attempt 5:
    Time  Bug Name
       5  WARNING in smc_unhash_sk
       9  WARNING in smc_unhash_sk
      11  WARNING in smc_unhash_sk
      13  WARNING in smc_unhash_sk
      14  WARNING in smc_unhash_sk
      21  WARNING in smc_unhash_sk
      23  WARNING in smc_unhash_sk
      24  WARNING in smc_unhash_sk
      26  WARNING in smc_unhash_sk
      27  WARNING in smc_unhash_sk
      29  WARNING in smc_unhash_sk
      30  WARNING in smc_unhash_sk
The bug was not found.

2023-06-11 20:56:53
Session:   15
Template:  2018-06-12 - 27c5f59f504f562333e3cd5e715fea5cb69c396e
Syzkaller: 2018-06-12 - 27c5f59f504f562333e3cd5e715fea5cb69c396e
Kernel:    2018-06-12 - 7c00e8ae041b349992047769af741b67379ce19a
Compiler:  gcc-8.0.1-20180412
Attempt 1:
    Time  Bug Name
***    2  memory leak in packet_setsockopt
The bug was found.

== Confirming the bisected commit ==

2023-06-11 21:13:11
Session:   16
Template:  2018-06-12 - 27c5f59f504f562333e3cd5e715fea5cb69c396e
Syzkaller: 2018-06-12 - 27c5f59f504f562333e3cd5e715fea5cb69c396e
Kernel:    2018-06-12 - 7c00e8ae041b349992047769af741b67379ce19a
The bug was found in a previous identical fuzzing session.

2023-06-11 21:13:11
Session:   17
Template:  2018-06-12 - 27c5f59f504f562333e3cd5e715fea5cb69c396e
Syzkaller: 2018-06-12 - 27c5f59f504f562333e3cd5e715fea5cb69c396e
Kernel:    2018-06-11 - a2b7ab45b8905b9c1813b0212e82a39d5c081c8a
Compiler:  gcc-8.0.1-20180412
Attempt 1:
    Time  Bug Name
***    4  memory leak in packet_setsockopt
The bug was found.

==== Syzkaller Retrospection ====
8 Syzkaller commits from [2018-06-12].

2023-06-11 21:39:39
Session:   18
Template:  2018-06-12 - 27c5f59f504f562333e3cd5e715fea5cb69c396e
Syzkaller: 2018-06-12 - 27c5f59f504f562333e3cd5e715fea5cb69c396e
Kernel:    2018-06-12 - 7c00e8ae041b349992047769af741b67379ce19a
Compiler:  gcc-8.0.1-20180412
The bug was found in a previous identical fuzzing session.

2023-06-11 21:39:39
Session:   19
Template:  2018-06-12 - 6dcbc4355bc1023f95f7dbdc4b2f38af7c0647b9
Syzkaller: 2018-06-12 - 6dcbc4355bc1023f95f7dbdc4b2f38af7c0647b9
Kernel:    2018-06-12 - 7c00e8ae041b349992047769af741b67379ce19a
Compiler:  gcc-8.0.1-20180412
Attempt 1:
    Time  Bug Name
      12  memory leak in dccp_feat_clone_sp_val
Attempt 2:
    Time  Bug Name
***   20  memory leak in packet_setsockopt
The bug was found.

2023-06-11 23:00:13
Session:   20
Template:  2018-06-12 - b29d507d73faa0935d7d9bef7ff76652ad47cf4c
Syzkaller: 2018-06-12 - b29d507d73faa0935d7d9bef7ff76652ad47cf4c
Kernel:    2018-06-12 - 7c00e8ae041b349992047769af741b67379ce19a
Compiler:  gcc-8.0.1-20180412
Attempt 1:
    Time  Bug Name
      41  memory leak in ip_tun_build_state
