general protection fault in icmp6_send,https://syzkaller.appspot.com/bug?id=7dea539392a3b8b09248c3abe88d899529ffb6f4
Repository: linux
Arch: amd64
Finding: 2019-01-02 - 645ff1e8e704c4f33ab1fcd3c87f95cb9b6d7144
Guilty:  2018-07-23 - d66a8acbda926fa2398ae930f50787e8663bce96
No Duplicates
Default Allocation.
VMs:4
CPUs:4
Procs:24
Max time:30
Max attempts:3
Testing the finding commit.

2023-06-18 01:19:14
Session:   1
Template:  2019-01-04 - 53be0a378fb4c5b60751659423b98bef7d502025
Syzkaller: 2019-01-04 - 53be0a378fb4c5b60751659423b98bef7d502025
Kernel:    2019-01-03 - 645ff1e8e704c4f33ab1fcd3c87f95cb9b6d7144
Compiler:  gcc-9.0.0-20181231
Attempt 1:
    No crashes found.
Attempt 2:
    No crashes found.
Attempt 3:
    No crashes found.
The bug was not found.

Failure: This bug cannot be found at the finding commit.
