KASAN: use-after-free Read in task_is_descendant,https://syzkaller.appspot.com/bug?id=eae45503aa4bd43326e4244f5f4921e72f6da056
Repository: linux
Arch: amd64
Finding: 2018-10-20 - 270b77a0f30e7bc61a9081b86d74dbb62fa6a69d
Guilty:  2012-02-10 - 2d514487faf188938a4ee4fb3464eeecfbdcf8eb
No Duplicates
Default Allocation.
VMs:4
CPUs:4
Procs:24
Max time:30
Max attempts:3
Testing the finding commit.

2023-06-16 15:51:41
Session:   1
Template:  2018-10-19 - ecb386fe6f6849c451955e16556d04b388b1fde1
Syzkaller: 2018-10-19 - ecb386fe6f6849c451955e16556d04b388b1fde1
Kernel:    2018-10-20 - 270b77a0f30e7bc61a9081b86d74dbb62fa6a69d
Compiler:  gcc-8.0.1-20180412
Attempt 1:
    No crashes found.
Attempt 2:
    No crashes found.
Attempt 3:
    No crashes found.
The bug was not found.

Failure: This bug cannot be found at the finding commit.
