general protection fault in binder_alloc_new_buf,https://syzkaller.appspot.com/bug?id=4b73439fd182fc6932d0a596d5d81b0a64847b33
Repository: linux
Arch: amd64
Finding: 2022-08-29 - dcf8e5633e2e69ad60b730ab5905608b756a032f
Guilty:  2022-08-28 - 44e602b4e52f70f04620bbbf4fe46ecb40170bde
Duplicate Names:
    general protection fault in binder_alloc_new_buf
    general protection fault in binder_alloc_print_pages
Single Proc Allocation
VMs:8
CPUs:2
Procs:16
Max time:30
Max attempts:3
Testing the finding commit.

2023-05-10 17:00:09
Session:   1
Template:  2022-06-17 - 8f633d840e3eb6454f036e9da3285bcf27345616
Syzkaller: 2022-06-17 - 8f633d840e3eb6454f036e9da3285bcf27345616
Kernel:    2022-08-29 - dcf8e5633e2e69ad60b730ab5905608b756a032f
Compiler:  gcc-10.2.1-20210110
Error: Syzkaller failed to make.
