INFO: task hung in add_early_randomness,https://syzkaller.appspot.com/bug?id=256d08cc261a3c38832064a33df4c928b3cd0ef0
Repository: linux
Arch: amd64
Finding: 2022-02-10 - f1baf68e1383f6ed93eb9cff2866d46562607a43
Guilty:  2008-05-30 - f7f510ec195781c857ab76366a3e1c59e1caae42
Duplicate Names:
    net boot error: INFO: task hung in add_early_randomness
    usb-testing boot error: INFO: task hung in add_early_randomness
    net-next boot error: INFO: task hung in add_early_randomness
    upstream boot error: INFO: task hung in hwrng_register
    bpf boot error: INFO: task hung in add_early_randomness
    riscv/fixes boot error: INFO: task hung in add_early_randomness
    linux-next boot error: INFO: task hung in add_early_randomness
    INFO: task hung in add_early_randomness
    upstream boot error: INFO: task hung in add_early_randomness
Single Proc Allocation
VMs:8
CPUs:2
Procs:16
Max time:30
Max attempts:3
Testing the finding commit.

2023-03-10 04:54:27
Session:   1
Template:  2022-02-11 - 8b9ca619df135211a89cc19719f2705d0016045d
Syzkaller: 2022-02-11 - 8b9ca619df135211a89cc19719f2705d0016045d
Kernel:    2022-02-11 - f1baf68e1383f6ed93eb9cff2866d46562607a43
Compiler:  gcc-10.2.1-20210110
Attempt 1:
    Time  Bug Name
       7  WARNING in firmware_fallback_sysfs
      28  WARNING in firmware_fallback_sysfs
Attempt 2:
    No crashes found.
Attempt 3:
    No crashes found.
The bug was not found.

Failure: This bug cannot be found at the finding commit.
