KASAN: slab-out-of-bounds Read in ntfs_trim_fs,https://syzkaller.appspot.com/bug?id=45a4efa3f29d05eff1e3e56c440194d641505e61
Repository: linux
Arch: amd64
Finding: 2022-09-25 - f76349cf41451c5c42a99f18a9163377e4b364ff
Guilty:  2021-08-13 - 3f3b442b5ad2455507c9bfdacf39a3792eb3a6d0
No Duplicates
Single Proc Allocation
VMs:8
CPUs:2
Procs:16
Max time:30
Max attempts:3
Testing the finding commit.

2023-04-28 07:03:25
Session:   1
Template:  2022-09-26 - 10323ddf71b1e5ea30453d7bf17f0815d9e0514a
Syzkaller: 2022-09-26 - 10323ddf71b1e5ea30453d7bf17f0815d9e0514a
Kernel:    2022-09-25 - f76349cf41451c5c42a99f18a9163377e4b364ff
Compiler:  gcc-10.2.1-20210110
Attempt 1:
    Time  Bug Name
       3  INFO: rcu detected stall in corrupted
      13  possible deadlock in jbd2_journal_lock_updates
      15  possible deadlock in jbd2_journal_lock_updates
      17  possible deadlock in jbd2_journal_lock_updates
      19  possible deadlock in ext4_bmap
      19  possible deadlock in jbd2_journal_lock_updates
      20  possible deadlock in jbd2_journal_lock_updates
      21  possible deadlock in jbd2_journal_lock_updates
      21  possible deadlock in jbd2_journal_lock_updates
      21  possible deadlock in jbd2_journal_lock_updates
      23  possible deadlock in jbd2_journal_lock_updates
      23  possible deadlock in jbd2_journal_lock_updates
      25  possible deadlock in jbd2_journal_lock_updates
      26  possible deadlock in jbd2_journal_lock_updates
      27  possible deadlock in jbd2_journal_lock_updates
      29  possible deadlock in jbd2_journal_lock_updates
Attempt 2:
    Time  Bug Name
       2  INFO: rcu detected stall in corrupted
       6  possible deadlock in jbd2_journal_lock_updates
      10  INFO: rcu detected stall in corrupted
      14  possible deadlock in __jbd2_log_wait_for_space
Attempt 3:
    Time  Bug Name
      11  possible deadlock in __jbd2_log_wait_for_space
      15  possible deadlock in ext4_bmap
      15  possible deadlock in jbd2_journal_lock_updates
      20  INFO: rcu detected stall in corrupted
      24  INFO: rcu detected stall in corrupted
      28  possible deadlock in jbd2_journal_lock_updates
The bug was not found.

Failure: This bug cannot be found at the finding commit.
