UBSAN: array-index-out-of-bounds in pvr2_i2c_core_init,https://syzkaller.appspot.com/bug?id=7914433f5ec88866e46212c7c7a12514c8f25b5a
Repository: linux
Arch: amd64
Finding: 2022-04-10 - 4ea3c6425269d33da53c79d539ce9554117cf4d4
Guilty:  2006-06-27 - d855497edbfbf9e19a17f4a1154bca69cb4bd9ba
No Duplicates
Default Allocation.
VMs:4
CPUs:4
Procs:24
Max time:30
Max attempts:3
Testing the finding commit.

2023-04-16 00:55:27
Session:   1
Template:  2022-04-08 - e22c3da3b05600c6c0f62142160839b4b7f82a62
Syzkaller: 2022-04-08 - e22c3da3b05600c6c0f62142160839b4b7f82a62
Kernel:    2022-04-10 - 4ea3c6425269d33da53c79d539ce9554117cf4d4
Compiler:  gcc-10.2.1-20210110
Attempt 1:
    Time  Bug Name
***    7  UBSAN: array-index-out-of-bounds in pvr2_i2c_core_init
Attempt 2:
    No crashes found.
Attempt 3:
    Time  Bug Name
***   10  UBSAN: array-index-out-of-bounds in pvr2_i2c_core_init
The bug was found.

New Max Time: 25.
Merge Commit: 2006-06-28 - 12e56b601f66a415f88e7d60f6b6707a19c430c9.

==== Template Retrospection ====
56 template changes in [2017-07-22, 2022-04-10].

2023-04-16 04:33:53
Session:   2
Template:  2019-12-30 - 7f117e28b86fbcd044980c4d2c8baa07548bf0cb
Syzkaller: 2019-12-30 - 7f117e28b86fbcd044980c4d2c8baa07548bf0cb
Kernel:    2019-12-29 - fd6988496e79a6a4bdb514a4655d2920209eb85d
Compiler:  gcc-9.0.0-20181231
Attempt 1:
    No crashes found.
Attempt 2:
    No crashes found.
Attempt 3:
    No crashes found.
The bug was not found.

2023-04-16 06:33:43
Session:   3
Template:  2021-04-13 - 8ba8079b119fc956671eed6c7e8cb6efd355ae61
Syzkaller: 2021-04-13 - 8ba8079b119fc956671eed6c7e8cb6efd355ae61
Kernel:    2021-04-13 - eebe426d32e1a10ac7c35f8ffab5f818c32a2454
Compiler:  gcc-10.2.1-20210110
Attempt 1:
    Time  Bug Name
       2  WARNING in pvr2_i2c_core_done
Attempt 2:
    Time  Bug Name
       2  WARNING in put_i2c_dev
      21  WARNING in sk_stream_kill_queues
Attempt 3:
    Time  Bug Name
       2  WARNING in pvr2_i2c_core_done
The bug was not found.

2023-04-16 08:38:51
Session:   4
Template:  2021-10-29 - c40503e1fa86f3027e003118aaf91646a82f2b5d
Syzkaller: 2021-10-29 - c40503e1fa86f3027e003118aaf91646a82f2b5d
Kernel:    2021-10-29 - a379fbbcb88bcf43d886977c6fb91fb43f330b84
Compiler:  gcc-10.2.1-20210110
Attempt 1:
    Time  Bug Name
***    3  UBSAN: array-index-out-of-bounds in pvr2_i2c_core_init
The bug was found.

2023-04-16 09:30:28
Session:   5
Template:  2021-10-13 - 169113bb626eb213f34ad27dcc5988928998cbf4
Syzkaller: 2021-10-13 - 169113bb626eb213f34ad27dcc5988928998cbf4
Kernel:    2021-10-13 - 348949d9a4440abdab3b1dc99a9bb660e8c7da7c
Compiler:  gcc-10.2.1-20210110
Attempt 1:
    Time  Bug Name
***    7  UBSAN: array-index-out-of-bounds in pvr2_i2c_core_init
The bug was found.

2023-04-16 10:24:59
Session:   6
Template:  2021-09-28 - 6b6e15b0ff6d7ddfc1c029250f1fb8fcc2d4a204
Syzkaller: 2021-09-28 - 6b6e15b0ff6d7ddfc1c029250f1fb8fcc2d4a204
Kernel:    2021-09-28 - a4e6f95a891ac08bd09d62e3e6dae239b150f4c1
Compiler:  gcc-10.2.1-20210110
Attempt 1:
    Time  Bug Name
***   14  UBSAN: array-index-out-of-bounds in pvr2_i2c_core_init
The bug was found.

2023-04-16 11:24:29
Session:   7
Template:  2021-04-22 - 33c28d0389a6b0dd17a5de7c093a011cdadb33b1
Syzkaller: 2021-04-22 - 33c28d0389a6b0dd17a5de7c093a011cdadb33b1
Kernel:    2021-04-22 - 18a3c5f7abfdf97f88536d35338ebbee119c355c
Compiler:  gcc-10.2.1-20210110
Attempt 1:
    Time  Bug Name
       3  WARNING in pvr2_i2c_core_done
Attempt 2:
    Time  Bug Name
       2  WARNING in pvr2_i2c_core_done
      24  no output from test machine
Attempt 3:
    Time  Bug Name
       3  WARNING in pvr2_i2c_core_done
The bug was not found.

2023-04-16 13:20:09
Session:   8
Template:  2021-04-22 - 33c28d0389a6b0dd17a5de7c093a011cdadb33b1
Syzkaller: 2021-09-28 - 6b6e15b0ff6d7ddfc1c029250f1fb8fcc2d4a204
Kernel:    2021-09-28 - a4e6f95a891ac08bd09d62e3e6dae239b150f4c1
Compiler:  gcc-10.2.1-20210110
Attempt 1:
    Time  Bug Name
***    4  UBSAN: array-index-out-of-bounds in pvr2_i2c_core_init
The bug was found.

==== Kernel Retrospection ====
1203 Linux commits in [2021-04-22, 2021-09-28].

2023-04-16 14:09:31
Session:   9
Template:  2021-07-09 - 8f5a7b8cde529e0a19a53f79bdf9c6cad306827b
Syzkaller: 2021-07-09 - 8f5a7b8cde529e0a19a53f79bdf9c6cad306827b
Kernel:    2021-07-09 - e49d68ce7cc5a865ce14c1e57938438ab01c3ce3
Compiler:  gcc-10.2.1-20210110
Attempt 1:
    Time  Bug Name
       2  BUG: sleeping function called from invalid context in lock_sock_nested
Attempt 2:
    Time  Bug Name
***    7  UBSAN: array-index-out-of-bounds in pvr2_i2c_core_init
The bug was found.

2023-04-16 15:23:56
Session:   10
Template:  2021-05-26 - 858ea628800647d5e5b68b11441e42b8ef5652c1
Syzkaller: 2021-05-26 - 858ea628800647d5e5b68b11441e42b8ef5652c1
Kernel:    2021-05-27 - 3224374f7eb08fbb36d3963895da20ff274b8e6a
Compiler:  gcc-10.2.1-20210110
Attempt 1:
    Time  Bug Name
       2  WARNING in pvr2_i2c_core_done
Attempt 2:
    Time  Bug Name
       3  WARNING in pvr2_i2c_core_done
      24  no output from test machine
Attempt 3:
    Time  Bug Name
       2  WARNING in pvr2_i2c_core_done
       8  WARNING in mxl111sf_ctrl_msg
      12  WARNING in firmware_fallback_sysfs
The bug was not found.

2023-04-16 17:17:47
Session:   11
Template:  2021-06-26 - 9d2ab5dfe7727dfea4b9b279f4edf731acb386ef
Syzkaller: 2021-06-26 - 9d2ab5dfe7727dfea4b9b279f4edf731acb386ef
Kernel:    2021-06-28 - 2a5c61843e31cefd099f085764c2df2dac9fcd65
Compiler:  gcc-10.2.1-20210110
Attempt 1:
    Time  Bug Name
       2  WARNING in pvr2_i2c_core_done
       2  BUG: sleeping function called from invalid context in lock_sock_nested
Attempt 2:
    Time  Bug Name
       2  WARNING in pvr2_i2c_core_done
Attempt 3:
    Time  Bug Name
       2  WARNING in put_i2c_dev
The bug was not found.

2023-04-16 19:12:04
Session:   12
Template:  2021-07-01 - 658ebc66ddf4b2d7ebaf8ecf291da16a1528eeef
Syzkaller: 2021-07-01 - 658ebc66ddf4b2d7ebaf8ecf291da16a1528eeef
Kernel:    2021-07-01 - a32b344e6f4375c5bdc3e89d0997b7eae187a3b1
Compiler:  gcc-10.2.1-20210110
Attempt 1:
    Time  Bug Name
      13  BUG: sleeping function called from invalid context in stack_depot_save
Attempt 2:
    Time  Bug Name
       2  BUG: sleeping function called from invalid context in stack_depot_save
Attempt 3:
    Time  Bug Name
      21  WARNING in sisusb_send_bulk_msg/usb_submit_urb
The bug was not found.

2023-04-16 21:01:21
Session:   13
Template:  2021-07-02 - 55aa55c24fe77aae07d530662f91b4d50c4990f0
Syzkaller: 2021-07-02 - 55aa55c24fe77aae07d530662f91b4d50c4990f0
Kernel:    2021-07-05 - b8052599420cd94505baec1f22b4e7c9e5ae5fce
Compiler:  gcc-10.2.1-20210110
Attempt 1:
    Time  Bug Name
      18  suppressed report
Attempt 2:
    No crashes found.
Attempt 3:
    Time  Bug Name
***    4  UBSAN: array-index-out-of-bounds in pvr2_i2c_core_init
The bug was found.

2023-04-16 22:31:20
Session:   14
Template:  2021-07-02 - 55aa55c24fe77aae07d530662f91b4d50c4990f0
Syzkaller: 2021-07-02 - 55aa55c24fe77aae07d530662f91b4d50c4990f0
Kernel:    2021-07-03 - 757fa80f4edca010769f3f8d116c19c85f27e817
Compiler:  gcc-10.2.1-20210110
Attempt 1:
    Time  Bug Name
       2  BUG: sleeping function called from invalid context in stack_depot_save
       3  possible deadlock in fs_reclaim_acquire
Attempt 2:
    Time  Bug Name
       2  possible deadlock in fs_reclaim_acquire
***    4  UBSAN: array-index-out-of-bounds in pvr2_i2c_core_init
The bug was found.

2023-04-16 23:44:28
Session:   15
Template:  2021-07-02 - 55aa55c24fe77aae07d530662f91b4d50c4990f0
Syzkaller: 2021-07-02 - 55aa55c24fe77aae07d530662f91b4d50c4990f0
Kernel:    2021-07-02 - cd3eb7efaa995db00db0ba64893814f9831be842
Compiler:  gcc-10.2.1-20210110
Attempt 1:
    Time  Bug Name
***    4  UBSAN: array-index-out-of-bounds in pvr2_i2c_core_init
The bug was found.

2023-04-17 00:35:06
Session:   16
Template:  2021-07-02 - 55aa55c24fe77aae07d530662f91b4d50c4990f0
Syzkaller: 2021-07-02 - 55aa55c24fe77aae07d530662f91b4d50c4990f0
Kernel:    2021-07-02 - 406254918b232db198ed60f5bf1f8b84d96bca00
Compiler:  gcc-10.2.1-20210110
Attempt 1:
    Time  Bug Name
       2  BUG: sleeping function called from invalid context in stack_depot_save
Attempt 2:
    Time  Bug Name
***    8  UBSAN: array-index-out-of-bounds in pvr2_i2c_core_init
The bug was found.

2023-04-17 02:02:35
Session:   17
Template:  2021-07-02 - 55aa55c24fe77aae07d530662f91b4d50c4990f0
Syzkaller: 2021-07-02 - 55aa55c24fe77aae07d530662f91b4d50c4990f0
Kernel:    2021-07-02 - 3dbdb38e286903ec220aaf1fb29a8d94297da246
Compiler:  gcc-10.2.1-20210110
Attempt 1:
    No crashes found.
Attempt 2:
    Time  Bug Name
***    7  UBSAN: array-index-out-of-bounds in pvr2_i2c_core_init
The bug was found.

2023-04-17 03:16:45
Session:   18
Template:  2021-07-02 - 55aa55c24fe77aae07d530662f91b4d50c4990f0
Syzkaller: 2021-07-02 - 55aa55c24fe77aae07d530662f91b4d50c4990f0
Kernel:    2021-07-02 - e267992f9ef0bf717d70a9ee18049782f77e4b3a
Compiler:  gcc-10.2.1-20210110
Attempt 1:
    No crashes found.
Attempt 2:
    Time  Bug Name
***    6  UBSAN: array-index-out-of-bounds in pvr2_i2c_core_init
The bug was found.

2023-04-17 04:34:42
Session:   19
Template:  2021-07-02 - 55aa55c24fe77aae07d530662f91b4d50c4990f0
Syzkaller: 2021-07-02 - 55aa55c24fe77aae07d530662f91b4d50c4990f0
Kernel:    2021-07-02 - 19b438592238b3b40c3f945bb5f9c4ca971c0c45
Compiler:  gcc-10.2.1-20210110
Attempt 1:
    No crashes found.
Attempt 2:
    Time  Bug Name
      22  possible deadlock in fs_reclaim_acquire
Attempt 3:
    Time  Bug Name
       3  BUG: sleeping function called from invalid context in lock_sock_nested
       4  BUG: sleeping function called from invalid context in lock_sock_nested
The bug was not found.

== Confirming the bisected commit ==

2023-04-17 06:30:49
Session:   20
Template:  2021-07-02 - 55aa55c24fe77aae07d530662f91b4d50c4990f0
Syzkaller: 2021-07-02 - 55aa55c24fe77aae07d530662f91b4d50c4990f0
Kernel:    2021-07-02 - e267992f9ef0bf717d70a9ee18049782f77e4b3a
The bug was found in a previous identical fuzzing session.

2023-04-17 06:30:49
Session:   21
Template:  2021-07-02 - 55aa55c24fe77aae07d530662f91b4d50c4990f0
Syzkaller: 2021-07-02 - 55aa55c24fe77aae07d530662f91b4d50c4990f0
Kernel:    2021-07-02 - 19b438592238b3b40c3f945bb5f9c4ca971c0c45
The bug was not found in a previous identical fuzzing session.

====================================================================================================================================================
Revealing Factor:   Kernel Commit
Version:            2021-07-02 - e267992f9ef0bf717d70a9ee18049782f77e4b3a
Commit Name:        Merge branch 'for-5.14' of git://git.kernel.org/pub/scm/linux/kernel/git/dennis/percpu

Bug Name:           UBSAN: array-index-out-of-bounds in pvr2_i2c_core_init
Bug Link:           https://syzkaller.appspot.com/bug?id=7914433f5ec88866e46212c7c7a12514c8f25b5a
Arch:               amd64
Finding Date:       2022-04-10
Finding Commit:     2022-04-10 - 4ea3c6425269d33da53c79d539ce9554117cf4d4
Guilty Merge:       2006-06-28 - 12e56b601f66a415f88e7d60f6b6707a19c430c9
Guilty Commit:      2006-06-27 - d855497edbfbf9e19a17f4a1154bca69cb4bd9ba

Possible Blocking Bugs:
    WARNING in pvr2_i2c_core_done
