KASAN: slab-out-of-bounds Write in copy_verifier_state,https://syzkaller.appspot.com/bug?id=7988319f1caa70d683b9cb540b8b656f534caef7
Repository: linux
Arch: amd64
Finding: 2022-12-14 - 041fae9c105ae342a4245cf1e0dc56a23fbb9d3c
Guilty:  2022-11-21 - ceb35b666d42c2e91b1f94aeca95bb5eb0943268
No Duplicates
Single Proc Allocation
VMs:8
CPUs:2
Procs:16
Max time:30
Max attempts:3
Testing the finding commit.

2023-05-10 07:08:01
Session:   1
Template:  2022-06-17 - 8f633d840e3eb6454f036e9da3285bcf27345616
Syzkaller: 2022-06-17 - 8f633d840e3eb6454f036e9da3285bcf27345616
Kernel:    2022-12-14 - 041fae9c105ae342a4245cf1e0dc56a23fbb9d3c
Compiler:  gcc-10.2.1-20210110
Attempt 1:
    Time  Bug Name
       2  KASAN: slab-out-of-bounds Write in copy_array
      11  no output from test machine
Attempt 2:
    Time  Bug Name
       3  KASAN: slab-out-of-bounds Write in copy_array
Attempt 3:
    Time  Bug Name
       3  KASAN: slab-out-of-bounds Write in copy_array
      13  no output from test machine
The bug was not found.

Failure: This bug cannot be found at the finding commit.
