WARNING in notify_change,https://syzkaller.appspot.com/bug?id=8dc7a6aed7b8ead4c982ecdf2cd1ea5a4c3b57bb
Repository: linux
Arch: amd64
Finding: 2022-11-20 - eb7081409f94a9a8608593d0fb63a1aa3d6f95d8
Guilty:  2022-10-28 - 4a6f278d4827b59ba26ceae0ff4529ee826aa258
No Duplicates
Single Proc Allocation
VMs:8
CPUs:2
Procs:16
Max time:30
Max attempts:3
Testing the finding commit.

2023-04-25 21:37:56
Session:   1
Template:  2022-06-17 - 8f633d840e3eb6454f036e9da3285bcf27345616
Syzkaller: 2022-06-17 - 8f633d840e3eb6454f036e9da3285bcf27345616
Kernel:    2022-11-21 - eb7081409f94a9a8608593d0fb63a1aa3d6f95d8
Compiler:  gcc-10.2.1-20210110
Attempt 1:
    Time  Bug Name
***    2  WARNING in notify_change
Attempt 2:
    Time  Bug Name
***    2  WARNING in notify_change
Attempt 3:
    Time  Bug Name
***    2  WARNING in notify_change
The bug was found.

New Max Time: 10.
Merge Commit: 2022-11-03 - 7f7bac08d9e31cd6e2c0ea1685c86ec6f1e7e03c.
No template updates to inspect.

==== Kernel Retrospection ====
96 Linux commits in [2022-11-03, 2022-11-22].

2023-04-25 23:02:13
Session:   2
Template:  2022-06-17 - 8f633d840e3eb6454f036e9da3285bcf27345616
Syzkaller: 2022-06-17 - 8f633d840e3eb6454f036e9da3285bcf27345616
Kernel:    2022-11-11 - 4e6b2b2e4f30c29caf89ecfa9ed4d9f97d151102
Compiler:  gcc-10.2.1-20210110
Attempt 1:
    Time  Bug Name
***    2  WARNING in notify_change
The bug was found.

2023-04-26 00:38:45
Session:   3
Template:  2022-06-17 - 8f633d840e3eb6454f036e9da3285bcf27345616
Syzkaller: 2022-06-17 - 8f633d840e3eb6454f036e9da3285bcf27345616
Kernel:    2022-11-07 - a1de832bd3243577de365222d8bc92708005ebf3
Compiler:  gcc-10.2.1-20210110
Attempt 1:
    Time  Bug Name
***    3  WARNING in notify_change
The bug was found.

2023-04-26 02:00:56
Session:   4
Template:  2022-06-17 - 8f633d840e3eb6454f036e9da3285bcf27345616
Syzkaller: 2022-06-17 - 8f633d840e3eb6454f036e9da3285bcf27345616
Kernel:    2022-11-05 - 2f5065a0bc9d0afb45f2ae284bd525d55ce82c33
Compiler:  gcc-10.2.1-20210110
Attempt 1:
    Time  Bug Name
***    2  WARNING in notify_change
The bug was found.

2023-04-26 03:24:28
Session:   5
Template:  2022-06-17 - 8f633d840e3eb6454f036e9da3285bcf27345616
Syzkaller: 2022-06-17 - 8f633d840e3eb6454f036e9da3285bcf27345616
Kernel:    2022-11-04 - bd745027438a854e2d7c124032e9ad4aa389e153
Compiler:  gcc-10.2.1-20210110
Attempt 1:
    Time  Bug Name
***    2  WARNING in notify_change
The bug was found.

2023-04-26 04:51:50
Session:   6
Template:  2022-06-17 - 8f633d840e3eb6454f036e9da3285bcf27345616
Syzkaller: 2022-06-17 - 8f633d840e3eb6454f036e9da3285bcf27345616
Kernel:    2022-11-04 - fde25beb382b7dd6f2eab8022ab017cbdfaa3ff6
Compiler:  gcc-10.2.1-20210110
Attempt 1:
    Time  Bug Name
***    2  WARNING in notify_change
The bug was found.

2023-04-26 06:02:18
Session:   7
Template:  2022-06-17 - 8f633d840e3eb6454f036e9da3285bcf27345616
Syzkaller: 2022-06-17 - 8f633d840e3eb6454f036e9da3285bcf27345616
Kernel:    2022-11-03 - ee6050c8af96bba2f81e8b0793a1fc2f998fcd20
Compiler:  gcc-10.2.1-20210110
Attempt 1:
    Time  Bug Name
***    2  WARNING in notify_change
The bug was found.

2023-04-26 07:16:22
Session:   8
Template:  2022-06-17 - 8f633d840e3eb6454f036e9da3285bcf27345616
Syzkaller: 2022-06-17 - 8f633d840e3eb6454f036e9da3285bcf27345616
Kernel:    2022-11-03 - 7f7bac08d9e31cd6e2c0ea1685c86ec6f1e7e03c
Compiler:  gcc-10.2.1-20210110
Attempt 1:
    Time  Bug Name
***    3  WARNING in notify_change
The bug was found.

== Confirming the bisected commit ==

2023-04-26 09:01:56
Session:   9
Template:  2022-06-17 - 8f633d840e3eb6454f036e9da3285bcf27345616
Syzkaller: 2022-06-17 - 8f633d840e3eb6454f036e9da3285bcf27345616
Kernel:    2022-11-03 - 7f7bac08d9e31cd6e2c0ea1685c86ec6f1e7e03c
The bug was found in a previous identical fuzzing session.

====================================================================================================================================================
Revealing Factor:   Guilty Merge
Version:            2022-11-03 - 7f7bac08d9e31cd6e2c0ea1685c86ec6f1e7e03c
Commit Name:        Merge tag 'fuse-fixes-6.1-rc4' of git://git.kernel.org/pub/scm/linux/kernel/git/mszeredi/fuse

Bug Name:           WARNING in notify_change
Bug Link:           https://syzkaller.appspot.com/bug?id=8dc7a6aed7b8ead4c982ecdf2cd1ea5a4c3b57bb
Arch:               amd64
Finding Date:       2022-11-22
Finding Commit:     2022-11-21 - eb7081409f94a9a8608593d0fb63a1aa3d6f95d8
Guilty Merge:       2022-11-03 - 7f7bac08d9e31cd6e2c0ea1685c86ec6f1e7e03c
Guilty Commit:      2022-10-28 - 4a6f278d4827b59ba26ceae0ff4529ee826aa258

Possible Blocking Bugs:
