WARNING in dlfb_submit_urb/usb_submit_urb,https://syzkaller.appspot.com/bug?id=9c2df342be9d102da75f9532e168a95b9c379ae4
Repository: linux
Arch: amd64
Finding: 2020-05-21 - 051143e1602d90ea71887d92363edd539d411de5
Guilty:  2009-06-19 - 88e58b1a42f8c1e9ac8ecda23374cc241045d309
No Duplicates
Single Proc Allocation
VMs:8
CPUs:2
Procs:16
Max time:30
Max attempts:3
Testing the finding commit.

2023-03-10 07:20:17
Session:   1
Template:  2020-05-22 - 9682898d6f14dd27f95c419d059fd867bb91b22b
Syzkaller: 2020-05-22 - 9682898d6f14dd27f95c419d059fd867bb91b22b
Kernel:    2020-05-21 - 051143e1602d90ea71887d92363edd539d411de5
Compiler:  gcc-10.1.0-syz
Attempt 1:
    Time  Bug Name
***    2  WARNING in dlfb_submit_urb/usb_submit_urb
Attempt 2:
    Time  Bug Name
***    3  WARNING in dlfb_submit_urb/usb_submit_urb
***    3  WARNING in dlfb_submit_urb/usb_submit_urb
Attempt 3:
    Time  Bug Name
***    3  WARNING in dlfb_submit_urb/usb_submit_urb
***    3  WARNING in dlfb_submit_urb/usb_submit_urb
The bug was found.

New Max Time: 10.
Merge Commit: 2009-06-20 - fb20871a54961b82d35303b43452928186c1361d.

==== Template Retrospection ====
40 template changes in [2017-07-22, 2020-05-22].

2023-03-10 09:17:10
Session:   2
Template:  2019-08-23 - 78ded1969a3882c1a5dc9cf32ed2ffc23119a4ca
Syzkaller: 2019-08-23 - 78ded1969a3882c1a5dc9cf32ed2ffc23119a4ca
Kernel:    2019-08-23 - 9140d8bdd4c5a04abe181bb300378355d56990a4
Compiler:  gcc-9.0.0-20181231
Attempt 1:
    No crashes found.
Attempt 2:
    No crashes found.
Attempt 3:
    No crashes found.
The bug was not found.

2023-03-10 10:13:28
Session:   3
Template:  2020-01-18 - 22535fecd5b37c6a14b92b17e548c8061ef77924
Syzkaller: 2020-01-18 - 22535fecd5b37c6a14b92b17e548c8061ef77924
Kernel:    2020-01-18 - 244dc2689085d7ff478f7b61841e62e59bea4557
Compiler:  gcc-9.0.0-20181231
Attempt 1:
    No crashes found.
Attempt 2:
    No crashes found.
Attempt 3:
    No crashes found.
The bug was not found.

2023-03-10 11:17:28
Session:   4
Template:  2020-02-10 - d0da558cb16f3fb7cf26f20d24ee89eeb49a6f30
Syzkaller: 2020-02-10 - d0da558cb16f3fb7cf26f20d24ee89eeb49a6f30
Kernel:    2020-02-10 - bb6d3fb354c5ee8d6bde2d576eb7220ea09862b9
Compiler:  gcc-9.0.0-20181231
Attempt 1:
    No crashes found.
Attempt 2:
    No crashes found.
Attempt 3:
    No crashes found.
The bug was not found.

2023-03-10 12:16:11
Session:   5
Template:  2020-03-17 - 924f7606047a430a9b313c135b782e1e8f852bec
Syzkaller: 2020-03-17 - 924f7606047a430a9b313c135b782e1e8f852bec
Kernel:    2020-03-17 - ac309e7744bee222df6de0122facaf2d9706fa70
Compiler:  gcc-9.0.0-20181231
Attempt 1:
    No crashes found.
Attempt 2:
    No crashes found.
Attempt 3:
    No crashes found.
The bug was not found.

2023-03-10 13:23:31
Session:   6
Template:  2020-04-19 - cc8708904da08f9c884253477fc003cc6f6d5945
Syzkaller: 2020-04-19 - cc8708904da08f9c884253477fc003cc6f6d5945
Kernel:    2020-04-19 - ae83d0b416db002fe95601e7f97f64b59514d936
Compiler:  gcc-9.0.0-20181231
Attempt 1:
    Time  Bug Name
***    3  WARNING in dlfb_submit_urb/usb_submit_urb
***    3  WARNING in dlfb_submit_urb/usb_submit_urb
The bug was found.

2023-03-10 13:59:45
Session:   7
Template:  2020-03-17 - 924f7606047a430a9b313c135b782e1e8f852bec
Syzkaller: 2020-04-19 - cc8708904da08f9c884253477fc003cc6f6d5945
Kernel:    2020-04-19 - ae83d0b416db002fe95601e7f97f64b59514d936
Attempt 1:
    Time  Bug Name
***    3  WARNING in dlfb_submit_urb/usb_submit_urb
***    3  WARNING in dlfb_submit_urb/usb_submit_urb
The bug was found.

==== Kernel Retrospection ====
299 Linux commits in [2020-03-17, 2020-04-19].

2023-03-10 14:07:20
Session:   8
Template:  2020-04-03 - d9ed075d1a287f63cfa1dc84cbf609e624b26bc7
Syzkaller: 2020-04-03 - d9ed075d1a287f63cfa1dc84cbf609e624b26bc7
Kernel:    2020-04-03 - 0adb8bc0391f1fa7820529c0200fb0c4912fe365
Compiler:  gcc-9.0.0-20181231
Attempt 1:
    Time  Bug Name
***    2  WARNING in dlfb_submit_urb/usb_submit_urb
***    2  WARNING in dlfb_submit_urb/usb_submit_urb
The bug was found.

2023-03-10 14:41:56
Session:   9
Template:  2020-03-30 - c8d1cc20df5ca5d9ea437054720fa3cfdfa1f578
Syzkaller: 2020-03-30 - c8d1cc20df5ca5d9ea437054720fa3cfdfa1f578
Kernel:    2020-03-30 - 4b9fd8a829a1eec7442e38afff21d610604de56a
Compiler:  gcc-9.0.0-20181231
Attempt 1:
    Time  Bug Name
***    3  WARNING in dlfb_submit_urb/usb_submit_urb
***    3  WARNING in dlfb_submit_urb/usb_submit_urb
The bug was found.

2023-03-10 15:18:30
Session:   10
Template:  2020-03-27 - 831e9a81a60573f12c44f35c7b04072f41854bdf
Syzkaller: 2020-03-27 - 831e9a81a60573f12c44f35c7b04072f41854bdf
Kernel:    2020-03-27 - 527630fbf4f194c5d71e75b2d3cb3d2f406bc5d0
Compiler:  gcc-9.0.0-20181231
Attempt 1:
    No crashes found.
Attempt 2:
    No crashes found.
Attempt 3:
    No crashes found.
The bug was not found.

2023-03-10 16:28:41
Session:   11
Template:  2020-03-30 - c8d1cc20df5ca5d9ea437054720fa3cfdfa1f578
Syzkaller: 2020-03-30 - c8d1cc20df5ca5d9ea437054720fa3cfdfa1f578
Kernel:    2020-03-30 - 481ed297d900af0ce395f6ca8975903b76a5a59e
Compiler:  gcc-9.0.0-20181231
Attempt 1:
    No crashes found.
Attempt 2:
    No crashes found.
Attempt 3:
    No crashes found.
The bug was not found.

2023-03-10 17:37:50
Session:   12
Template:  2020-03-30 - c8d1cc20df5ca5d9ea437054720fa3cfdfa1f578
Syzkaller: 2020-03-30 - c8d1cc20df5ca5d9ea437054720fa3cfdfa1f578
Kernel:    2020-03-30 - 4c6ef3b156c67e8867e04668cb2af902d44e4086
Compiler:  gcc-9.0.0-20181231
Attempt 1:
    Time  Bug Name
***    2  WARNING in dlfb_submit_urb/usb_submit_urb
***    2  WARNING in dlfb_submit_urb/usb_submit_urb
The bug was found.

2023-03-10 18:05:13
Session:   13
Template:  2020-03-30 - c8d1cc20df5ca5d9ea437054720fa3cfdfa1f578
Syzkaller: 2020-03-30 - c8d1cc20df5ca5d9ea437054720fa3cfdfa1f578
Kernel:    2020-03-30 - ff7b862a4c354793580545afa64c56fafa18952b
Compiler:  gcc-9.0.0-20181231
Attempt 1:
    No crashes found.
Attempt 2:
    No crashes found.
Attempt 3:
    No crashes found.
The bug was not found.

2023-03-10 19:17:50
Session:   14
Template:  2020-03-30 - c8d1cc20df5ca5d9ea437054720fa3cfdfa1f578
Syzkaller: 2020-03-30 - c8d1cc20df5ca5d9ea437054720fa3cfdfa1f578
Kernel:    2020-03-30 - db34c5ffee649e2c4c870d1031a996398a187cf5
Compiler:  gcc-9.0.0-20181231
Attempt 1:
    Time  Bug Name
***    2  WARNING in dlfb_submit_urb/usb_submit_urb
***    2  WARNING in dlfb_submit_urb/usb_submit_urb
The bug was found.

2023-03-10 19:57:19
Session:   15
Template:  2020-03-30 - c8d1cc20df5ca5d9ea437054720fa3cfdfa1f578
Syzkaller: 2020-03-30 - c8d1cc20df5ca5d9ea437054720fa3cfdfa1f578
Kernel:    2020-03-30 - 063d1942247668eb0bb800aef5afbbef337344be
Compiler:  gcc-9.0.0-20181231
Attempt 1:
    No crashes found.
Attempt 2:
    No crashes found.
Attempt 3:
    No crashes found.
The bug was not found.

== Confirming the bisected commit ==

2023-03-10 21:05:35
Session:   16
Template:  2020-03-30 - c8d1cc20df5ca5d9ea437054720fa3cfdfa1f578
Syzkaller: 2020-03-30 - c8d1cc20df5ca5d9ea437054720fa3cfdfa1f578
Kernel:    2020-03-30 - db34c5ffee649e2c4c870d1031a996398a187cf5
The bug was found in a previous identical fuzzing session.

2023-03-10 21:05:35
Session:   17
Template:  2020-03-30 - c8d1cc20df5ca5d9ea437054720fa3cfdfa1f578
Syzkaller: 2020-03-30 - c8d1cc20df5ca5d9ea437054720fa3cfdfa1f578
Kernel:    2020-03-30 - 063d1942247668eb0bb800aef5afbbef337344be
The bug was not found in a previous identical fuzzing session.

====================================================================================================================================================
Revealing Factor:   Kernel Commit
Version:            2020-03-30 - db34c5ffee649e2c4c870d1031a996398a187cf5
Commit Name:        Merge tag 'usb-5.7-rc1' of git://git.kernel.org/pub/scm/linux/kernel/git/gregkh/usb

Bug Name:           WARNING in dlfb_submit_urb/usb_submit_urb
Bug Link:           https://syzkaller.appspot.com/bug?id=9c2df342be9d102da75f9532e168a95b9c379ae4
Arch:               amd64
Finding Date:       2020-05-22
Finding Commit:     2020-05-21 - 051143e1602d90ea71887d92363edd539d411de5
Guilty Merge:       2009-06-20 - fb20871a54961b82d35303b43452928186c1361d
Guilty Commit:      2009-06-19 - 88e58b1a42f8c1e9ac8ecda23374cc241045d309

Possible Blocking Bugs:
