INFO: task hung in vhost_work_dev_flush,https://syzkaller.appspot.com/bug?id=7b2aea1ce02f87c175f94492d21d04a34bc99b5e
Repository: linux
Arch: amd64
Finding: 2022-02-08 - e6251ab4551f51fa4cee03523e08051898c3ce82
Guilty:  2020-04-01 - 0bbe30668d89ec8a309f28ced6d092c90fb23e8c
No Duplicates
Single Proc Allocation
VMs:8
CPUs:2
Procs:16
Max time:30
Max attempts:3
Testing the finding commit.

2023-03-10 21:05:53
Session:   1
Template:  2022-02-08 - 0b33604d8e2793b82ec89abecf82d92b82e3d410
Syzkaller: 2022-02-08 - 0b33604d8e2793b82ec89abecf82d92b82e3d410
Kernel:    2022-02-08 - e6251ab4551f51fa4cee03523e08051898c3ce82
Compiler:  gcc-10.2.1-20210110
Attempt 1:
    Time  Bug Name
       5  INFO: task hung in vhost_vsock_stop
Attempt 2:
    Time  Bug Name
       5  INFO: task hung in vhost_vsock_stop
Attempt 3:
    Time  Bug Name
       4  INFO: task hung in vhost_vsock_stop
      23  KASAN: use-after-free Read in jbd2_journal_wait_updates
The bug was not found.

Failure: This bug cannot be found at the finding commit.
