KASAN: use-after-free Read in mas_next_nentry,https://syzkaller.appspot.com/bug?id=fe7ea2725b76f83128dd9b424a27d8952d275890
Repository: linux
Arch: amd64
Finding: 2022-10-16 - 2df76606db9de579bc96725981db4e8daa281993
Guilty:  2022-09-26 - 69dbe6daf1041e32e003f966d71f70f20c63af53
Duplicate Names:
    KASAN: use-after-free Read in mas_next_nentry
    KASAN: use-after-free Read in mas_next_entry
Single Proc Allocation
VMs:8
CPUs:2
Procs:16
Max time:30
Max attempts:3
Testing the finding commit.

2023-04-26 21:21:02
Session:   1
Template:  2022-06-17 - 8f633d840e3eb6454f036e9da3285bcf27345616
Syzkaller: 2022-06-17 - 8f633d840e3eb6454f036e9da3285bcf27345616
Kernel:    2022-10-16 - 2df76606db9de579bc96725981db4e8daa281993
Compiler:  gcc-10.2.1-20210110
Attempt 1:
    Time  Bug Name
***    2  KASAN: use-after-free Read in mas_next_nentry
Attempt 2:
    Time  Bug Name
***    2  KASAN: use-after-free Read in mas_next_nentry
Attempt 3:
    Time  Bug Name
***    2  KASAN: use-after-free Read in mas_next_nentry
The bug was found.

New Max Time: 10.
No Merge Commit.
No template updates to inspect.

==== Kernel Retrospection ====
388 Linux commits in [2022-09-26, 2022-10-16].

2023-04-26 22:48:21
Session:   2
Template:  2022-06-17 - 8f633d840e3eb6454f036e9da3285bcf27345616
Syzkaller: 2022-06-17 - 8f633d840e3eb6454f036e9da3285bcf27345616
Kernel:    2022-10-03 - 528ef2d996408d4b9cccf4b23a9976ab5e75cf39
Compiler:  gcc-10.2.1-20210110
Attempt 1:
    Time  Bug Name
***    3  KASAN: use-after-free Read in mas_next_nentry
The bug was found.

2023-04-27 00:34:17
Session:   3
Template:  2022-06-17 - 8f633d840e3eb6454f036e9da3285bcf27345616
Syzkaller: 2022-06-17 - 8f633d840e3eb6454f036e9da3285bcf27345616
Kernel:    2022-10-03 - c33db29231ad242b0c381c60b1603f5e1dec7e46
Compiler:  gcc-10.2.1-20210110
Attempt 1:
    Time  Bug Name
***    2  KASAN: use-after-free Read in mas_next_nentry
The bug was found.

2023-04-27 02:02:37
Session:   4
Template:  2022-06-17 - 8f633d840e3eb6454f036e9da3285bcf27345616
Syzkaller: 2022-06-17 - 8f633d840e3eb6454f036e9da3285bcf27345616
Kernel:    2022-10-03 - 379708ffde1b049bc41084e0a0572c44c8a1d2c4
Compiler:  gcc-10.2.1-20210110
Attempt 1:
    Time  Bug Name
***    3  KASAN: use-after-free Read in mas_next_nentry
The bug was found.

2023-04-27 03:45:34
Session:   5
Template:  2022-06-17 - 8f633d840e3eb6454f036e9da3285bcf27345616
Syzkaller: 2022-06-17 - 8f633d840e3eb6454f036e9da3285bcf27345616
Kernel:    2022-09-27 - 763ecb035029f500d7e6dc99acd1ad299b7726a1
Compiler:  gcc-10.2.1-20210110
Attempt 1:
    Time  Bug Name
***    3  KASAN: use-after-free Read in mas_next_nentry
The bug was found.

2023-04-27 05:46:07
Session:   6
Template:  2022-06-17 - 8f633d840e3eb6454f036e9da3285bcf27345616
Syzkaller: 2022-06-17 - 8f633d840e3eb6454f036e9da3285bcf27345616
Kernel:    2022-09-27 - 66850be55e8e5f371db2c091751a932a656c5f4d
Compiler:  gcc-10.2.1-20210110
Attempt 1:
    Time  Bug Name
***    3  KASAN: use-after-free Read in mas_next_nentry
The bug was found.

2023-04-27 07:18:29
Session:   7
Template:  2022-06-17 - 8f633d840e3eb6454f036e9da3285bcf27345616
Syzkaller: 2022-06-17 - 8f633d840e3eb6454f036e9da3285bcf27345616
Kernel:    2022-09-27 - becc8cdb6cb28d9fd3ecf890d1d6e59118a6a53d
Compiler:  gcc-10.2.1-20210110
Attempt 1:
    Time  Bug Name
***    3  KASAN: use-after-free Read in mas_next_nentry
The bug was found.

2023-04-27 08:52:31
Session:   8
Template:  2022-06-17 - 8f633d840e3eb6454f036e9da3285bcf27345616
Syzkaller: 2022-06-17 - 8f633d840e3eb6454f036e9da3285bcf27345616
Kernel:    2022-09-27 - fcb72a585aaa4caced555e98f8444e6162912cb7
Compiler:  gcc-10.2.1-20210110
Attempt 1:
    Time  Bug Name
***    3  KASAN: use-after-free Read in mas_next_nentry
The bug was found.

2023-04-27 10:15:48
Session:   9
Template:  2022-06-17 - 8f633d840e3eb6454f036e9da3285bcf27345616
Syzkaller: 2022-06-17 - 8f633d840e3eb6454f036e9da3285bcf27345616
Kernel:    2022-09-27 - 01293a62bae2fa55c09cebf5a771eab7219171c3
Compiler:  gcc-10.2.1-20210110
Attempt 1:
    Time  Bug Name
***    2  KASAN: use-after-free Read in mas_next_nentry
The bug was found.

2023-04-27 11:42:28
Session:   10
Template:  2022-06-17 - 8f633d840e3eb6454f036e9da3285bcf27345616
Syzkaller: 2022-06-17 - 8f633d840e3eb6454f036e9da3285bcf27345616
Kernel:    2022-09-26 - 69dbe6daf1041e32e003f966d71f70f20c63af53
Compiler:  gcc-10.2.1-20210110
Attempt 1:
    Time  Bug Name
***    2  KASAN: use-after-free Read in mas_next_nentry
The bug was found.

== Confirming the bisected commit ==

2023-04-27 13:01:50
Session:   11
Template:  2022-06-17 - 8f633d840e3eb6454f036e9da3285bcf27345616
Syzkaller: 2022-06-17 - 8f633d840e3eb6454f036e9da3285bcf27345616
Kernel:    2022-09-26 - 69dbe6daf1041e32e003f966d71f70f20c63af53
The bug was found in a previous identical fuzzing session.

====================================================================================================================================================
Revealing Factor:   Guilty Commit
Version:            2022-09-26 - 69dbe6daf1041e32e003f966d71f70f20c63af53
Commit Name:        userfaultfd: use maple tree iterator to iterate VMAs

Bug Name:           KASAN: use-after-free Read in mas_next_nentry
Bug Link:           https://syzkaller.appspot.com/bug?id=fe7ea2725b76f83128dd9b424a27d8952d275890
Arch:               amd64
Finding Date:       2022-10-16
Finding Commit:     2022-10-16 - 2df76606db9de579bc96725981db4e8daa281993
Guilty Merge:       None
Guilty Commit:      2022-09-26 - 69dbe6daf1041e32e003f966d71f70f20c63af53

Possible Blocking Bugs:
