WARNING: locking bug in inet_autobind,https://syzkaller.appspot.com/bug?id=a7d678fba80c34b5770cc1b5638b8a2709ae9f3f
Repository: linux
Arch: amd64
Finding: 2019-06-05 - 156c05917e0920ef5643eb54c0ea71aae5d60c3d
Guilty:  2012-09-04 - 37159ef2c1ae1e696b24b260b241209a19f92c60
Duplicate Names:
    WARNING: locking bug in inet_autobind
    possible deadlock in l2tp_tunnel_register
Default Allocation.
VMs:4
CPUs:4
Procs:24
Max time:30
Max attempts:3
Testing the finding commit.

2023-04-19 09:00:45
Session:   1
Template:  2019-06-06 - 698773cb4fbe8873ee0a2c37b86caef01e2c6159
Syzkaller: 2019-06-06 - 698773cb4fbe8873ee0a2c37b86caef01e2c6159
Kernel:    2019-06-05 - 156c05917e0920ef5643eb54c0ea71aae5d60c3d
Compiler:  gcc-9.0.0-20181231
Attempt 1:
    No crashes found.
Attempt 2:
    No crashes found.
Attempt 3:
    No crashes found.
The bug was not found.

Failure: This bug cannot be found at the finding commit.
