WARNING in page_counter_uncharge,https://syzkaller.appspot.com/bug?id=62245b7c97414065b7df9b33e6c584b19dc02b6d
Repository: linux
Arch: amd64
Finding: 2021-12-28 - e7c124bd04631973a3cc0df19ab881b56d8a2d50
Guilty:  2021-10-27 - 6511882cdd82d6cf2178932fa9b78647d130b860
Duplicate Names:
    WARNING in page_counter_cancel
    WARNING in page_counter_uncharge
Single Proc Allocation
VMs:8
CPUs:2
Procs:16
Max time:30
Max attempts:3
Testing the finding commit.

2023-05-30 22:27:04
Session:   1
Template:  2021-12-29 - 6cc879d4712dbaf6e97f01250e2f4906c07b24b8
Syzkaller: 2021-12-29 - 6cc879d4712dbaf6e97f01250e2f4906c07b24b8
Kernel:    2021-12-28 - e7c124bd04631973a3cc0df19ab881b56d8a2d50
Compiler:  gcc-10.2.1-20210110
Attempt 1:
    Time  Bug Name
       9  SYZFAIL: both fault injection and rerun are enabled for the same call
Attempt 2:
    Time  Bug Name
      12  SYZFAIL: both fault injection and rerun are enabled for the same call
      14  SYZFAIL: both fault injection and rerun are enabled for the same call
      19  SYZFAIL: both fault injection and rerun are enabled for the same call
      21  SYZFAIL: both fault injection and rerun are enabled for the same call
      23  SYZFAIL: both fault injection and rerun are enabled for the same call
      28  SYZFAIL: both fault injection and rerun are enabled for the same call
Attempt 3:
    Time  Bug Name
       9  SYZFAIL: both fault injection and rerun are enabled for the same call
The bug was not found.
Warning: This session is unstable.

Failure: This bug cannot be found at the finding commit.
