general protection fault in nfc_alloc_send_skb,https://syzkaller.appspot.com/bug?id=36d6a96ec654d05f67fae60852aece19119c4772
Repository: linux
Arch: amd64
Finding: 2021-12-29 - eec4df26e24e978e49ccf9bcf49ca0f2ccdaeffe
Guilty:  2012-10-26 - b874dec21d1cb7a08fcbe4e442a789419dd1d51f
No Duplicates
Default Allocation.
VMs:4
CPUs:4
Procs:24
Max time:30
Max attempts:3
Testing the finding commit.

2023-06-05 05:22:45
Session:   1
Template:  2021-12-30 - 36bd2e4865254b8f17e4ab00a89d976d6f71d04b
Syzkaller: 2021-12-30 - 36bd2e4865254b8f17e4ab00a89d976d6f71d04b
Kernel:    2021-12-29 - eec4df26e24e978e49ccf9bcf49ca0f2ccdaeffe
Compiler:  gcc-10.2.1-20210110
Attempt 1:
    Time  Bug Name
       8  suppressed report
      10  no output from test machine
      10  suppressed report
      12  lost connection to test machine
      13  KASAN: stack-out-of-bounds Read in __show_regs
      14  lost connection to test machine
      20  SYZFAIL: wrong response packet
      23  no output from test machine
      25  lost connection to test machine
      25  INFO: rcu detected stall in corrupted
      25  INFO: rcu detected stall in corrupted
Attempt 2:
    Time  Bug Name
       4  suppressed report
       4  suppressed report
       4  lost connection to test machine
       7  lost connection to test machine
       8  INFO: task hung in jbd2_journal_commit_transaction
      10  lost connection to test machine
      11  lost connection to test machine
      14  lost connection to test machine
      15  lost connection to test machine
      16  no output from test machine
      17  suppressed report
      20  lost connection to test machine
      21  INFO: task hung in switchdev_deferred_process_work
      21  lost connection to test machine
      23  no output from test machine
      25  suppressed report
      27  lost connection to test machine
Attempt 3:
    Time  Bug Name
       4  lost connection to test machine
       5  suppressed report
      11  INFO: rcu detected stall in corrupted
      12  INFO: task hung in devlink_compat_running_version
      20  no output from test machine
      23  lost connection to test machine
      24  suppressed report
      25  lost connection to test machine
      25  lost connection to test machine
      29  lost connection to test machine
      29  lost connection to test machine
      30  lost connection to test machine
The bug was not found.
Warning: This session is unstable.

Failure: This bug cannot be found at the finding commit.
