INFO: rcu detected stall in ieee80211_tasklet_handler,https://syzkaller.appspot.com/bug?id=3c0c374bb76d7a7002737447e4d752b30ff56468
Repository: linux
Arch: amd64
Finding: 2020-12-06 - 0477e92881850d44910a7e94fc2c46f96faa131f
Guilty:  2013-01-04 - 01e59e467ecf976c782eecd4dc99644802cc60e2
Duplicate Names:
    WARNING in hrtimer_forward
    INFO: rcu detected stall in ieee80211_tasklet_handler
    INFO: rcu detected stall in syscall_exit_to_user_mode
Default Allocation.
VMs:4
CPUs:4
Procs:24
Max time:30
Max attempts:3
Testing the finding commit.

2023-06-03 21:28:50
Session:   1
Template:  2020-12-07 - 51a9082e064119316893e12187cab2843283ed4d
Syzkaller: 2020-12-07 - 51a9082e064119316893e12187cab2843283ed4d
Kernel:    2020-12-06 - 0477e92881850d44910a7e94fc2c46f96faa131f
Compiler:  gcc-10.1.0-syz
Attempt 1:
    Time  Bug Name
       7  panic: disabled syscall
Attempt 2:
    Time  Bug Name
      17  panic: disabled syscall
Attempt 3:
    Time  Bug Name
       7  panic: disabled syscall
The bug was not found.
Warning: This session is unstable.

Failure: This bug cannot be found at the finding commit.
