general protection fault in ieee80211_assign_vif_chanctx,https://syzkaller.appspot.com/bug?id=2d08de6cbeceee7f4e7281025630ec004a924496
Repository: linux
Arch: amd64
Finding: 2021-01-31 - 1048ba83fb1c00cd24172e23e8263972f6b5d9ac
Guilty:  2012-06-29 - ac800140c20e7ae51117e71289065bedd4930fc2
Duplicate Names:
    INFO: task hung in linkwatch_event
    general protection fault in ieee80211_chanctx_num_assigned
    INFO: task hung in disconnect_work
    general protection fault in ieee80211_assign_vif_chanctx
Single Proc Allocation
VMs:8
CPUs:2
Procs:16
Max time:30
Max attempts:3
Testing the finding commit.

2023-06-07 13:35:31
Session:   1
Template:  2021-02-01 - e6b95f320e195f8f4ddab87c7442dae4b7ac4c8e
Syzkaller: 2021-02-01 - e6b95f320e195f8f4ddab87c7442dae4b7ac4c8e
Kernel:    2021-01-31 - 1048ba83fb1c00cd24172e23e8263972f6b5d9ac
Compiler:  gcc-10.2.1-20210110
Attempt 1:
    Time  Bug Name
***    2  general protection fault in ieee80211_chanctx_num_assigned
Attempt 2:
    Time  Bug Name
***    2  general protection fault in ieee80211_chanctx_num_assigned
Attempt 3:
    Time  Bug Name
***    2  general protection fault in ieee80211_chanctx_num_assigned
The bug was found.

New Max Time: 10.
Merge Commit: 2012-07-09 - 0af5491c2f6069bb6cff4260619749a90a208c98.

==== Template Retrospection ====
139 template changes in [2017-07-22, 2021-02-01].

2023-06-07 15:41:54
Session:   2
Template:  2019-05-14 - cd3454ba97cb695ff923f4d7def0e25e85e5298c
Syzkaller: 2019-05-14 - cd3454ba97cb695ff923f4d7def0e25e85e5298c
Kernel:    2019-05-14 - 35c99ffa20edd3c24be352d28a63cd3a23121282
Compiler:  gcc-9.0.0-20181231
Attempt 1:
    No crashes found.
Attempt 2:
    No crashes found.
Attempt 3:
    No crashes found.
The bug was not found.

2023-06-07 16:22:12
Session:   3
Template:  2020-01-05 - d83499aa568e869fc4bea4e278a0f2229214b29d
Syzkaller: 2020-01-05 - d83499aa568e869fc4bea4e278a0f2229214b29d
Kernel:    2020-01-05 - c79f46a282390e0f5b306007bf7b11a46d529538
Compiler:  gcc-9.0.0-20181231
Attempt 1:
    No crashes found.
Attempt 2:
    No crashes found.
Attempt 3:
    No crashes found.
The bug was not found.

2023-06-07 17:03:12
Session:   4
Template:  2020-01-31 - 96ce537b15c550775cd9ca09002992d9254095c7
Syzkaller: 2020-01-31 - 96ce537b15c550775cd9ca09002992d9254095c7
Kernel:    2020-01-31 - 26dca6dbd62d74a5012cafab6b2d6d65a01ea69c
Compiler:  gcc-9.0.0-20181231
Warning: Syzkaller log file exceeded 5000 lines.
Saved at /mnt/sdd/jtbursey/SyzInspector/wd-inspector-1/log/bug275-boot_failure.log.
Attempt 1:
    Time  Bug Name
       1  boot failure
Warning: Syzkaller log file exceeded 5000 lines.
Saved at /mnt/sdd/jtbursey/SyzInspector/wd-inspector-1/log/bug275-boot_failure.log.
Attempt 2:
    Time  Bug Name
       1  boot failure
Warning: Syzkaller log file exceeded 5000 lines.
Saved at /mnt/sdd/jtbursey/SyzInspector/wd-inspector-1/log/bug275-boot_failure.log.
Attempt 3:
    Time  Bug Name
       1  boot failure
The bug was not found.
Warning: This session is unstable.

2023-06-07 17:20:05
Session:   5
Template:  2020-04-19 - 0781895e0f8359843b9215ac6ad16925a46b2703
Syzkaller: 2020-04-19 - 0781895e0f8359843b9215ac6ad16925a46b2703
Kernel:    2020-04-19 - ae83d0b416db002fe95601e7f97f64b59514d936
Compiler:  gcc-9.0.0-20181231
Attempt 1:
    No crashes found.
Attempt 2:
    No crashes found.
Attempt 3:
    No crashes found.
The bug was not found.

2023-06-07 18:00:08
Session:   6
Template:  2020-09-22 - 85685b5d630bd5a08b951c0f091501544ece8982
Syzkaller: 2020-09-22 - 85685b5d630bd5a08b951c0f091501544ece8982
Kernel:    2020-09-22 - 805c6d3c19210c90c109107d189744e960eae025
Compiler:  gcc-10.1.0-syz
Attempt 1:
    Time  Bug Name
       6  lost connection to test machine
Attempt 2:
    No crashes found.
Attempt 3:
    Time  Bug Name
       6  lost connection to test machine
       9  lost connection to test machine
Attempt 4: (RETRY)
    No crashes found.
Attempt 5: (RETRY)
    Time  Bug Name
       9  lost connection to test machine
The bug was not found.
Warning: This session is unstable.

2023-06-07 19:01:47
Session:   7
Template:  2020-10-01 - 03d10b2b77cd1d4dde5b0028a6849c9d10427386
Syzkaller: 2020-10-01 - 03d10b2b77cd1d4dde5b0028a6849c9d10427386
Kernel:    2020-10-01 - 44b6e23be32be4470b1b8bf27380c2e9cca98e2b
Compiler:  gcc-10.1.0-syz
Attempt 1:
    Time  Bug Name
***    2  general protection fault in ieee80211_chanctx_num_assigned
The bug was found.

2023-06-07 19:15:51
Session:   8
Template:  2020-09-22 - 2450c42f1be626b601353c1e039f8fcbadfaffb1
Syzkaller: 2020-09-22 - 2450c42f1be626b601353c1e039f8fcbadfaffb1
Kernel:    2020-09-22 - 805c6d3c19210c90c109107d189744e960eae025
Compiler:  gcc-10.1.0-syz
Attempt 1:
    Time  Bug Name
***    6  general protection fault in ieee80211_chanctx_num_assigned
The bug was found.

2023-06-07 19:34:02
Session:   9
Template:  2020-09-22 - 85685b5d630bd5a08b951c0f091501544ece8982
Syzkaller: 2020-09-22 - 2450c42f1be626b601353c1e039f8fcbadfaffb1
Kernel:    2020-09-22 - 805c6d3c19210c90c109107d189744e960eae025
Attempt 1:
    No crashes found.
Attempt 2:
    No crashes found.
Attempt 3:
    Time  Bug Name
       7  lost connection to test machine
       9  BUG: using smp_processor_id() in preemptible code in radix_tree_node_alloc
Attempt 4: (RETRY)
    No crashes found.
The bug was not found.

====================================================================================================================================================
Revealing Factor:   Template Update
Version:            2020-09-22 - 2450c42f1be626b601353c1e039f8fcbadfaffb1
Commit Name:        sys/linux: enhance ifreq_dev_t definition by setting attribute directions

Bug Name:           general protection fault in ieee80211_assign_vif_chanctx
Bug Link:           https://syzkaller.appspot.com/bug?id=2d08de6cbeceee7f4e7281025630ec004a924496
Arch:               amd64
Finding Date:       2021-02-01
Finding Commit:     2021-01-31 - 1048ba83fb1c00cd24172e23e8263972f6b5d9ac
Guilty Merge:       2012-07-09 - 0af5491c2f6069bb6cff4260619749a90a208c98
Guilty Commit:      2012-06-29 - ac800140c20e7ae51117e71289065bedd4930fc2

Possible Blocking Bugs:
