WARNING in hrtimer_forward,https://syzkaller.appspot.com/bug?id=48fc416d2c2a7abd27090c32a1673fb5beb1b73c
Repository: linux
Arch: amd64
Finding: 2020-11-07 - 4429f14aeea979b63bcafdcf9f09677fcf8fd475
Guilty:  2013-01-04 - 01e59e467ecf976c782eecd4dc99644802cc60e2
Duplicate Names:
    WARNING in hrtimer_forward
    INFO: rcu detected stall in ieee80211_tasklet_handler
    INFO: rcu detected stall in syscall_exit_to_user_mode
Single Proc Allocation
VMs:8
CPUs:2
Procs:16
Max time:30
Max attempts:3
Testing the finding commit.

2023-06-03 18:17:17
Session:   1
Template:  2020-11-04 - 64069d48f293e0be98d4a78a6f7be23861cc1e06
Syzkaller: 2020-11-04 - 64069d48f293e0be98d4a78a6f7be23861cc1e06
Kernel:    2020-11-07 - 4429f14aeea979b63bcafdcf9f09677fcf8fd475
Compiler:  gcc-10.1.0-syz
Attempt 1:
    Time  Bug Name
       3  BUG: sleeping function called from invalid context in sta_info_move_state
       4  BUG: sleeping function called from invalid context in sta_info_move_state
Attempt 2:
    Time  Bug Name
       5  BUG: sleeping function called from invalid context in sta_info_move_state
      11  panic: disabled syscall
Attempt 3:
    No crashes found.
Attempt 4: (RETRY)
    Time  Bug Name
       3  BUG: sleeping function called from invalid context in sta_info_move_state
       5  INFO: rcu detected stall in mac80211_hwsim_beacon
The bug was not found.

Failure: This bug cannot be found at the finding commit.
