memory leak in virtual_ncidev_write,https://syzkaller.appspot.com/bug?id=cdc284a3166b0aa5c8797071e971fd0606769e61
Repository: linux
Arch: amd64
Finding: 2022-11-16 - cc675d22e422442f6d230654a55a5fc5682ea018
Guilty:  2015-02-02 - 4aeee6871e8c3b043ef02996db8ac70a1af8be92
No Duplicates
Single Proc Allocation
VMs:8
CPUs:2
Procs:16
Max time:30
Max attempts:5
Testing the finding commit.

2023-05-14 15:07:20
Session:   1
Template:  2022-06-17 - 8f633d840e3eb6454f036e9da3285bcf27345616
Syzkaller: 2022-06-17 - 8f633d840e3eb6454f036e9da3285bcf27345616
Kernel:    2022-11-16 - cc675d22e422442f6d230654a55a5fc5682ea018
Compiler:  gcc-10.2.1-20210110
Attempt 1:
    Time  Bug Name
       2  SYZFATAL: Manager.Check call failed: machine check failed: program execution failed: executor NUM: exit status NUM
Attempt 2:
    No crashes found.
Attempt 3:
    No crashes found.
Attempt 4:
    No crashes found.
Attempt 5:
    No crashes found.
Attempt 6: (RETRY)
    No crashes found.
The bug was not found.

Failure: This bug cannot be found at the finding commit.
