KASAN: use-after-free Read in unregister_shrinker,https://syzkaller.appspot.com/bug?id=f3ddd7724674ca780476e946287afab776e7c590
Repository: linux
Arch: amd64
Finding: 2022-10-10 - 55be6084c8e0e0ada9278c2ab60b7a584378efda
Guilty:  2022-09-26 - 7746b32f467b3813fb61faaab3258de35806a7ac
No Duplicates
Default Allocation.
VMs:4
CPUs:4
Procs:24
Max time:30
Max attempts:3
Testing the finding commit.

2023-05-12 01:51:26
Session:   1
Template:  2022-06-17 - 8f633d840e3eb6454f036e9da3285bcf27345616
Syzkaller: 2022-06-17 - 8f633d840e3eb6454f036e9da3285bcf27345616
Kernel:    2022-10-10 - 55be6084c8e0e0ada9278c2ab60b7a584378efda
Compiler:  gcc-10.2.1-20210110
Error: Syzkaller failed to make.
