KASAN: null-ptr-deref Write in sock_setsockopt,https://syzkaller.appspot.com/bug?id=d478fd47cfd164c386b9fd20191f6a5106ce5273
Repository: linux
Arch: amd64
Finding: 2021-11-02 - 56d33754481fe0dc7436dc4ee4fbd44b3039361d
Guilty:  2021-09-30 - 2bb2f5fb21b0486ff69b7b4a1fe03a760527d133
No Duplicates
Single Proc Allocation
VMs:8
CPUs:2
Procs:16
Max time:30
Max attempts:3
Testing the finding commit.

2023-05-19 06:43:36
Session:   1
Template:  2021-11-03 - 4c1be0be7c848f25f44beb25e6987206211daa81
Syzkaller: 2021-11-03 - 4c1be0be7c848f25f44beb25e6987206211daa81
Kernel:    2021-11-02 - 56d33754481fe0dc7436dc4ee4fbd44b3039361d
Compiler:  gcc-10.2.1-20210110
Attempt 1:
    Time  Bug Name
       8  suppressed report
      11  suppressed report
      13  suppressed report
      14  suppressed report
      17  suppressed report
      21  suppressed report
      22  suppressed report
      25  suppressed report
      26  suppressed report
      28  suppressed report
      30  suppressed report
Attempt 2:
    Time  Bug Name
       8  suppressed report
       9  suppressed report
      10  suppressed report
      11  suppressed report
      16  suppressed report
      19  suppressed report
      24  suppressed report
      26  suppressed report
      27  suppressed report
      28  suppressed report
      29  suppressed report
      30  suppressed report
Attempt 3:
    Time  Bug Name
       8  suppressed report
      10  suppressed report
      12  suppressed report
      18  suppressed report
      19  suppressed report
The bug was not found.
Warning: This session is unstable.

Failure: This bug cannot be found at the finding commit.
