WARNING in scsi_alloc_sgtables,https://syzkaller.appspot.com/bug?id=7efa1237953fd0a21bcddf575562ab0f856d45a1
Repository: linux
Arch: amd64
Finding: 2021-07-13 - 40226a3d96ef8ab8980f032681c8bfd46d63874e
Guilty:  2009-04-22 - 25636e282fe95508cae96bb27f86407aef935817
No Duplicates
Single Proc Allocation
VMs:8
CPUs:2
Procs:16
Max time:30
Max attempts:3
Testing the finding commit.

2023-03-16 19:17:17
Session:   1
Template:  2021-07-14 - b9a2f64e4081e5f8f66f00ebb376068d4064daee
Syzkaller: 2021-07-14 - b9a2f64e4081e5f8f66f00ebb376068d4064daee
Kernel:    2021-07-13 - 40226a3d96ef8ab8980f032681c8bfd46d63874e
Compiler:  gcc-10.2.1-20210110
Attempt 1:
    Time  Bug Name
***    2  WARNING in scsi_alloc_sgtables
Attempt 2:
    Time  Bug Name
***    3  WARNING in scsi_alloc_sgtables
Attempt 3:
    Time  Bug Name
***    3  WARNING in scsi_alloc_sgtables
The bug was found.

New Max Time: 10.
Merge Commit: 2009-04-24 - 97c68d00dbb2decda4b3dce79ce55df04246a834.

==== Template Retrospection ====
27 template changes in [2017-07-22, 2021-07-14].

2023-03-16 20:47:16
Session:   2
Template:  2018-09-26 - 58fca249ef46c67eeb8e5f495bd3c289d19974f8
Syzkaller: 2018-09-26 - 58fca249ef46c67eeb8e5f495bd3c289d19974f8
Kernel:    2018-09-26 - c307aaf3eb47969105887e4e8991ec00960a7ce8
Compiler:  gcc-8.0.1-20180412
Attempt 1:
    No crashes found.
Attempt 2:
    No crashes found.
Attempt 3:
    No crashes found.
The bug was not found.

2023-03-16 21:55:40
Session:   3
Template:  2020-03-17 - 924f7606047a430a9b313c135b782e1e8f852bec
Syzkaller: 2020-03-17 - 924f7606047a430a9b313c135b782e1e8f852bec
Kernel:    2020-03-17 - ac309e7744bee222df6de0122facaf2d9706fa70
Compiler:  gcc-9.0.0-20181231
Attempt 1:
    No crashes found.
Attempt 2:
    No crashes found.
Attempt 3:
    No crashes found.
The bug was not found.

2023-03-16 23:02:26
Session:   4
Template:  2021-03-02 - e1b9a5704d15b1f26f7cae9142c34544768175b2
Syzkaller: 2021-03-02 - e1b9a5704d15b1f26f7cae9142c34544768175b2
Kernel:    2021-03-01 - 7a7fd0de4a9804299793e564a555a49c1fc924cb
Compiler:  gcc-10.2.1-20210110
Warning: Syzkaller log file exceeded 5000 lines.
Saved at /mnt/sda/jtbursey/SyzInspector/wd-inspector-1/log/bug30-boot_failure.log.
Attempt 1:
    Time  Bug Name
       3  boot failure
Warning: Syzkaller log file exceeded 5000 lines.
Saved at /mnt/sda/jtbursey/SyzInspector/wd-inspector-1/log/bug30-boot_failure.log.
Attempt 2:
    Time  Bug Name
       3  boot failure
Warning: Syzkaller log file exceeded 5000 lines.
Saved at /mnt/sda/jtbursey/SyzInspector/wd-inspector-1/log/bug30-boot_failure.log.
Attempt 3:
    Time  Bug Name
       3  WARNING in warn_bogus_irq_restore
       3  WARNING in warn_bogus_irq_restore
       3  WARNING in warn_bogus_irq_restore
       3  WARNING in warn_bogus_irq_restore
       4  WARNING in warn_bogus_irq_restore
       4  WARNING in warn_bogus_irq_restore
       5  WARNING in warn_bogus_irq_restore
       5  boot failure
Warning: Syzkaller log file exceeded 5000 lines.
Saved at /mnt/sda/jtbursey/SyzInspector/wd-inspector-1/log/bug30-boot_failure.log.
Attempt 4: (RETRY)
    Time  Bug Name
       2  boot failure
Warning: Syzkaller log file exceeded 5000 lines.
Saved at /mnt/sda/jtbursey/SyzInspector/wd-inspector-1/log/bug30-boot_failure.log.
Attempt 5: (RETRY)
    Time  Bug Name
       3  WARNING in warn_bogus_irq_restore
       3  WARNING in warn_bogus_irq_restore
       3  boot failure
Warning: Syzkaller log file exceeded 5000 lines.
Saved at /mnt/sda/jtbursey/SyzInspector/wd-inspector-1/log/bug30-boot_failure.log.
Attempt 6: (RETRY)
    Time  Bug Name
       3  WARNING in warn_bogus_irq_restore
       3  WARNING in warn_bogus_irq_restore
       4  WARNING in warn_bogus_irq_restore
       4  boot failure
The bug was not found.
Warning: This session is unstable.

2023-03-16 23:57:12
Session:   5
Template:  2021-04-22 - 33c28d0389a6b0dd17a5de7c093a011cdadb33b1
Syzkaller: 2021-04-22 - 33c28d0389a6b0dd17a5de7c093a011cdadb33b1
Kernel:    2021-04-22 - 18a3c5f7abfdf97f88536d35338ebbee119c355c
Compiler:  gcc-10.2.1-20210110
Attempt 1:
    Time  Bug Name
       8  general protection fault in scsi_queue_rq
Attempt 2:
    Time  Bug Name
       9  general protection fault in scsi_queue_rq
Attempt 3:
    Time  Bug Name
       9  general protection fault in scsi_queue_rq
The bug was not found.

==== Kernel Retrospection ====
643 Linux commits in [2021-04-22, 2021-07-14].

2023-03-17 01:01:43
Session:   6
Template:  2021-05-29 - 325a8dab43fe8af46c179dcb4e2426613440fe85
Syzkaller: 2021-05-29 - 325a8dab43fe8af46c179dcb4e2426613440fe85
Kernel:    2021-05-29 - df8c66c4cfb91f2372d138b9b714f6df6f506966
Compiler:  gcc-10.2.1-20210110
Attempt 1:
    Time  Bug Name
       6  general protection fault in scsi_queue_rq
Attempt 2:
    Time  Bug Name
       6  general protection fault in scsi_queue_rq
Attempt 3:
    Time  Bug Name
       8  general protection fault in scsi_queue_rq
The bug was not found.

2023-03-17 02:07:02
Session:   7
Template:  2021-06-29 - a4fccb01b582ae08ca1ff64c8e5730c138f5e8ed
Syzkaller: 2021-06-29 - a4fccb01b582ae08ca1ff64c8e5730c138f5e8ed
Kernel:    2021-06-29 - 8ec035ac4a1391c16c3cf328e6e8d9531d7a229f
Compiler:  gcc-10.2.1-20210110
Attempt 1:
    Time  Bug Name
       9  general protection fault in scsi_queue_rq
Attempt 2:
    Time  Bug Name
       9  general protection fault in scsi_queue_rq
Attempt 3:
    Time  Bug Name
       9  general protection fault in scsi_queue_rq
The bug was not found.

2023-03-17 03:18:52
Session:   8
Template:  2021-07-02 - 55aa55c24fe77aae07d530662f91b4d50c4990f0
Syzkaller: 2021-07-02 - 55aa55c24fe77aae07d530662f91b4d50c4990f0
Kernel:    2021-07-05 - 1f89a590b26e34ec7c32fbafaed446e52c3d0c3f
Compiler:  gcc-10.2.1-20210110
Attempt 1:
    Time  Bug Name
***    3  WARNING in scsi_alloc_sgtables
The bug was found.

2023-03-17 04:02:12
Session:   9
Template:  2021-07-01 - 658ebc66ddf4b2d7ebaf8ecf291da16a1528eeef
Syzkaller: 2021-07-01 - 658ebc66ddf4b2d7ebaf8ecf291da16a1528eeef
Kernel:    2021-07-01 - e058a84bfddc42ba356a2316f2cf1141974625c9
Compiler:  gcc-10.2.1-20210110
Attempt 1:
    Time  Bug Name
       3  BUG: sleeping function called from invalid context in lock_sock_nested
       6  general protection fault in scsi_queue_rq
Attempt 2:
    Time  Bug Name
       5  general protection fault in scsi_queue_rq
Attempt 3:
    Time  Bug Name
       5  general protection fault in scsi_queue_rq
The bug was not found.

2023-03-17 05:03:05
Session:   10
Template:  2021-07-02 - 55aa55c24fe77aae07d530662f91b4d50c4990f0
Syzkaller: 2021-07-02 - 55aa55c24fe77aae07d530662f91b4d50c4990f0
Kernel:    2021-07-03 - 4b820e167bf6f410ace479d8df5b15a574000e75
Compiler:  gcc-10.2.1-20210110
Attempt 1:
    Time  Bug Name
       3  BUG: sleeping function called from invalid context in lock_sock_nested
       4  BUG: sleeping function called from invalid context in stack_depot_save
       7  possible deadlock in fs_reclaim_acquire
       9  general protection fault in scsi_queue_rq
      10  possible deadlock in fs_reclaim_acquire
Attempt 2:
    Time  Bug Name
       6  general protection fault in scsi_queue_rq
Attempt 3:
    Time  Bug Name
       6  general protection fault in scsi_queue_rq
The bug was not found.

2023-03-17 06:11:02
Session:   11
Template:  2021-07-02 - 55aa55c24fe77aae07d530662f91b4d50c4990f0
Syzkaller: 2021-07-02 - 55aa55c24fe77aae07d530662f91b4d50c4990f0
Kernel:    2021-07-04 - 0c66a95c7e014abc3489e69dd3972d9225027d49
Compiler:  gcc-10.2.1-20210110
Attempt 1:
    Time  Bug Name
***    3  WARNING in scsi_alloc_sgtables
The bug was found.

2023-03-17 06:53:21
Session:   12
Template:  2021-07-02 - 55aa55c24fe77aae07d530662f91b4d50c4990f0
Syzkaller: 2021-07-02 - 55aa55c24fe77aae07d530662f91b4d50c4990f0
Kernel:    2021-07-03 - 58ec9059b396a570b208239b4edc45eeb68b14c4
Compiler:  gcc-10.2.1-20210110
Attempt 1:
    Time  Bug Name
***    2  WARNING in scsi_alloc_sgtables
The bug was found.

2023-03-17 07:35:48
Session:   13
Template:  2021-07-02 - 55aa55c24fe77aae07d530662f91b4d50c4990f0
Syzkaller: 2021-07-02 - 55aa55c24fe77aae07d530662f91b4d50c4990f0
Kernel:    2021-07-03 - f92a322a63517a798f2da57d56b483a6ae8f45a1
Compiler:  gcc-10.2.1-20210110
Attempt 1:
    Time  Bug Name
       4  possible deadlock in fs_reclaim_acquire
       5  BUG: sleeping function called from invalid context in stack_depot_save
      10  general protection fault in scsi_queue_rq
Attempt 2:
    Time  Bug Name
       3  BUG: sleeping function called from invalid context in stack_depot_save
       6  general protection fault in scsi_queue_rq
Attempt 3:
    Time  Bug Name
       7  general protection fault in scsi_queue_rq
The bug was not found.

2023-03-17 08:42:14
Session:   14
Template:  2021-07-02 - 55aa55c24fe77aae07d530662f91b4d50c4990f0
Syzkaller: 2021-07-02 - 55aa55c24fe77aae07d530662f91b4d50c4990f0
Kernel:    2021-07-03 - d3acb15a3a1b841dc709c3853ec900170b2478e5
Compiler:  gcc-10.2.1-20210110
Attempt 1:
    Time  Bug Name
***    3  WARNING in scsi_alloc_sgtables
The bug was found.

== Confirming the bisected commit ==

2023-03-17 09:18:22
Session:   15
Template:  2021-07-02 - 55aa55c24fe77aae07d530662f91b4d50c4990f0
Syzkaller: 2021-07-02 - 55aa55c24fe77aae07d530662f91b4d50c4990f0
Kernel:    2021-07-03 - d3acb15a3a1b841dc709c3853ec900170b2478e5
The bug was found in a previous identical fuzzing session.

2023-03-17 09:18:22
Session:   16
Template:  2021-07-02 - 55aa55c24fe77aae07d530662f91b4d50c4990f0
Syzkaller: 2021-07-02 - 55aa55c24fe77aae07d530662f91b4d50c4990f0
Kernel:    2021-07-03 - f92a322a63517a798f2da57d56b483a6ae8f45a1
The bug was not found in a previous identical fuzzing session.

====================================================================================================================================================
Revealing Factor:   Kernel Commit
Version:            2021-07-03 - d3acb15a3a1b841dc709c3853ec900170b2478e5
Commit Name:        Merge branch 'work.iov_iter' of git://git.kernel.org/pub/scm/linux/kernel/git/viro/vfs

Bug Name:           WARNING in scsi_alloc_sgtables
Bug Link:           https://syzkaller.appspot.com/bug?id=7efa1237953fd0a21bcddf575562ab0f856d45a1
Arch:               amd64
Finding Date:       2021-07-14
Finding Commit:     2021-07-13 - 40226a3d96ef8ab8980f032681c8bfd46d63874e
Guilty Merge:       2009-04-24 - 97c68d00dbb2decda4b3dce79ce55df04246a834
Guilty Commit:      2009-04-22 - 25636e282fe95508cae96bb27f86407aef935817

Possible Blocking Bugs:
    WARNING in warn_bogus_irq_restore
    general protection fault in scsi_queue_rq
