KASAN: slab-out-of-bounds Read in cttimeout_net_exit,https://syzkaller.appspot.com/bug?id=e4a2b1fbe4632fd75d29704e045868108dacf2fd
Repository: linux
Arch: amd64
Finding: 2022-05-30 - 2c5ca23f7414eb2c782f945aa417cfab7b5c88dd
Guilty:  2022-05-13 - 78222bacfca97cb18505df1ba5f3591864498a7e
No Duplicates
Single Proc Allocation
VMs:8
CPUs:2
Procs:16
Max time:30
Max attempts:3
Testing the finding commit.

2023-03-27 05:55:23
Session:   1
Template:  2022-05-31 - 3666edfeb55080ebe138d77417fa96fe2555d6bb
Syzkaller: 2022-05-31 - 3666edfeb55080ebe138d77417fa96fe2555d6bb
Kernel:    2022-05-30 - 2c5ca23f7414eb2c782f945aa417cfab7b5c88dd
Compiler:  gcc-10.2.1-20210110
Warning: Syzkaller log file exceeded 5000 lines.
Saved at /mnt/sda/jtbursey/SyzInspector/wd-inspector-1/log/bug58-boot_failure.log.
Attempt 1:
    Time  Bug Name
      11  boot failure
Warning: Syzkaller log file exceeded 5000 lines.
Saved at /mnt/sda/jtbursey/SyzInspector/wd-inspector-1/log/bug58-boot_failure.log.
Attempt 2:
    Time  Bug Name
      12  boot failure
Warning: Syzkaller log file exceeded 5000 lines.
Saved at /mnt/sda/jtbursey/SyzInspector/wd-inspector-1/log/bug58-boot_failure.log.
Attempt 3:
    Time  Bug Name
      11  boot failure
Warning: Syzkaller log file exceeded 5000 lines.
Saved at /mnt/sda/jtbursey/SyzInspector/wd-inspector-1/log/bug58-boot_failure.log.
Attempt 4: (RETRY)
    Time  Bug Name
      11  boot failure
Warning: Syzkaller log file exceeded 5000 lines.
Saved at /mnt/sda/jtbursey/SyzInspector/wd-inspector-1/log/bug58-boot_failure.log.
Attempt 5: (RETRY)
    Time  Bug Name
      11  boot failure
Warning: Syzkaller log file exceeded 5000 lines.
Saved at /mnt/sda/jtbursey/SyzInspector/wd-inspector-1/log/bug58-boot_failure.log.
Attempt 6: (RETRY)
    Time  Bug Name
      11  boot failure
The bug was not found.
Warning: This session is unstable.

Failure: This bug cannot be found at the finding commit.
