KASAN: use-after-free Read in free_netdev,https://syzkaller.appspot.com/bug?id=e67f2fc09051eb9468668787bdd8b5b793ece606
Repository: linux
Arch: amd64
Finding: 2022-06-19 - a111daf0c53ae91e71fd2bfe7497862d14132e3e
Guilty:  2017-09-25 - 943170998b200190f99d3fe7e771437e2c51f319
Duplicate Names:
    KASAN: use-after-free Read in free_netdev
    general protection fault in hrtimer_active
Single Proc Allocation
VMs:8
CPUs:2
Procs:16
Max time:30
Max attempts:3
Testing the finding commit.

2023-03-28 02:40:40
Session:   1
Template:  2022-06-17 - 8f633d840e3eb6454f036e9da3285bcf27345616
Syzkaller: 2022-06-17 - 8f633d840e3eb6454f036e9da3285bcf27345616
Kernel:    2022-06-19 - a111daf0c53ae91e71fd2bfe7497862d14132e3e
Compiler:  gcc-10.2.1-20210110
Attempt 1:
    No crashes found.
Attempt 2:
    Time  Bug Name
      17  suppressed report
Attempt 3:
    No crashes found.
Attempt 4: (RETRY)
    No crashes found.
The bug was not found.

Failure: This bug cannot be found at the finding commit.
