memory leak in regulatory_hint_core,https://syzkaller.appspot.com/bug?id=36a409539269df8733aaba8c3b36cf2fc7091cf7
Repository: linux
Arch: amd64
Finding: 2022-10-18 - aae703b02f92bde9264366c545e87cec451de471
Guilty:  2016-08-22 - b9a24bb76bf611a5268ceffe04219e6ad264559b
No Duplicates
Single Proc Allocation
VMs:8
CPUs:2
Procs:16
Max time:30
Max attempts:5
Testing the finding commit.

2023-03-31 04:45:35
Session:   1
Template:  2022-10-20 - a0fd4dab4eac71d7b3237bb1000352206a6a82f5
Syzkaller: 2022-10-20 - a0fd4dab4eac71d7b3237bb1000352206a6a82f5
Kernel:    2022-10-18 - aae703b02f92bde9264366c545e87cec451de471
Compiler:  gcc-10.2.1-20210110
Attempt 1:
    Time  Bug Name
       2  SYZFATAL: executor NUM failed NUM times: executor NUM: failed to write control pipe: write |NUM: broken pipe
Attempt 2:
    Time  Bug Name
       2  memory leak in tcindex_set_parms
Attempt 3:
    Time  Bug Name
       2  memory leak in tcindex_set_parms
Attempt 4:
    Time  Bug Name
       2  memory leak in tcindex_set_parms
Attempt 5:
    Time  Bug Name
       2  memory leak in tcindex_set_parms
Attempt 6: (RETRY)
    Time  Bug Name
       2  memory leak in tcindex_set_parms
The bug was not found.

Failure: This bug cannot be found at the finding commit.
