kernel BUG in __skb_gso_segment,https://syzkaller.appspot.com/bug?id=bf7780df648105d40e1fdbb0566defda3605ed93
Repository: linux
Arch: amd64
Finding: 2022-05-30 - 2c5ca23f7414eb2c782f945aa417cfab7b5c88dd
Guilty:  2022-04-26 - dfed913e8b55a0c2c4906f1242fd38fd9a116e49
No Duplicates
Single Proc Allocation
VMs:8
CPUs:2
Procs:16
Max time:30
Max attempts:3
Testing the finding commit.

2023-04-11 15:29:53
Session:   1
Template:  2022-05-31 - 3666edfeb55080ebe138d77417fa96fe2555d6bb
Syzkaller: 2022-05-31 - 3666edfeb55080ebe138d77417fa96fe2555d6bb
Kernel:    2022-05-30 - 2c5ca23f7414eb2c782f945aa417cfab7b5c88dd
Compiler:  gcc-10.2.1-20210110
Attempt 1:
    Time  Bug Name
      13  UBSAN: array-index-out-of-bounds in nfnetlink_unbind
      18  UBSAN: array-index-out-of-bounds in nfnetlink_unbind
      24  UBSAN: array-index-out-of-bounds in nfnetlink_unbind
      24  UBSAN: array-index-out-of-bounds in nfnetlink_unbind
      30  UBSAN: array-index-out-of-bounds in nfnetlink_unbind
Attempt 2:
    No crashes found.
Attempt 3:
    Time  Bug Name
      25  UBSAN: array-index-out-of-bounds in nfnetlink_unbind
The bug was not found.

Failure: This bug cannot be found at the finding commit.
