KASAN: use-after-free Read in hugetlb_handle_userfault,https://syzkaller.appspot.com/bug?id=2fe2a1f3c649292cb5f07387bc91a5c13444f7d2
Repository: linux
Arch: amd64
Finding: 2022-09-03 - 7726d4c3e60bfe206738894267414a5f10510f1a
Guilty:  2017-02-22 - 1a1aad8a9b7bd34f60cdf98cd7915f00ae892c45
Duplicate Names:
    KASAN: use-after-free Read in hugetlb_handle_userfault
    KASAN: use-after-free Write in hugetlb_handle_userfault
Single Proc Allocation
VMs:8
CPUs:2
Procs:16
Max time:30
Max attempts:3
Testing the finding commit.

2023-06-20 23:57:38
Session:   1
Template:  2022-09-05 - 9dcd38fcfa9aea7d06b00dfef84c00eecb9a4a40
Syzkaller: 2022-09-05 - 9dcd38fcfa9aea7d06b00dfef84c00eecb9a4a40
Kernel:    2022-09-04 - 7726d4c3e60bfe206738894267414a5f10510f1a
Compiler:  gcc-10.2.1-20210110
Attempt 1:
    Time  Bug Name
***    2  KASAN: use-after-free Read in hugetlb_handle_userfault
Attempt 2:
    Time  Bug Name
***    2  KASAN: use-after-free Read in hugetlb_handle_userfault
Attempt 3:
    Time  Bug Name
***    2  KASAN: use-after-free Read in hugetlb_handle_userfault
The bug was found.

New Max Time: 10.
Merge Commit: 2017-02-23 - bc49a7831b1137ce1c2dda1c57e3631655f5d2ae.

==== Template Retrospection ====
35 template changes in [2017-07-22, 2022-09-05].

2023-06-21 01:16:15
Session:   2
Template:  2021-07-28 - 9a4781d43abfb86fe8521cb6fb084519e237454c
Syzkaller: 2021-07-28 - 9a4781d43abfb86fe8521cb6fb084519e237454c
Kernel:    2021-07-28 - 4010a528219e01dd02e768b22168f7f0e78365ce
Compiler:  gcc-10.2.1-20210110
Attempt 1:
    Time  Bug Name
***    2  KASAN: use-after-free Read in hugetlb_handle_userfault
The bug was found.

2023-06-21 02:01:15
Session:   3
Template:  2019-07-22 - 6a786da97c822c3ad536290c412f472e58342c91
Syzkaller: 2019-07-22 - 6a786da97c822c3ad536290c412f472e58342c91
Kernel:    2019-07-22 - 7b5cf701ea9c395c792e2a7e3b7caf4c68b87721
Compiler:  gcc-9.0.0-20181231
Attempt 1:
    No crashes found.
Attempt 2:
    No crashes found.
Attempt 3:
    No crashes found.
The bug was not found.

2023-06-21 03:08:47
Session:   4
Template:  2021-03-02 - e1b9a5704d15b1f26f7cae9142c34544768175b2
Syzkaller: 2021-03-02 - e1b9a5704d15b1f26f7cae9142c34544768175b2
Kernel:    2021-03-01 - 7a7fd0de4a9804299793e564a555a49c1fc924cb
Compiler:  gcc-10.2.1-20210110
Warning: Syzkaller log file exceeded 5000 lines.
Saved at /mnt/sdd/jtbursey/SyzInspector/wd-inspector-7/log/bug93-boot_failure.log.
Attempt 1:
    Time  Bug Name
       2  boot failure
Warning: Syzkaller log file exceeded 5000 lines.
Saved at /mnt/sdd/jtbursey/SyzInspector/wd-inspector-7/log/bug93-boot_failure.log.
Attempt 2:
    Time  Bug Name
       3  WARNING in warn_bogus_irq_restore
       3  boot failure
Warning: Syzkaller log file exceeded 5000 lines.
Saved at /mnt/sdd/jtbursey/SyzInspector/wd-inspector-7/log/bug93-boot_failure.log.
Attempt 3:
    Time  Bug Name
       2  boot failure
The bug was not found.
Warning: This session is unstable.

2023-06-21 03:51:21
Session:   5
Template:  2021-04-13 - 8ba8079b119fc956671eed6c7e8cb6efd355ae61
Syzkaller: 2021-04-13 - 8ba8079b119fc956671eed6c7e8cb6efd355ae61
Kernel:    2021-04-13 - eebe426d32e1a10ac7c35f8ffab5f818c32a2454
Compiler:  gcc-10.2.1-20210110
Attempt 1:
    Time  Bug Name
       6  BUG: spinlock bad magic in synchronize_srcu
       9  BUG: spinlock bad magic in synchronize_srcu
      10  BUG: spinlock bad magic in synchronize_srcu
Attempt 2:
    Time  Bug Name
       9  BUG: spinlock bad magic in synchronize_srcu
Attempt 3:
    Time  Bug Name
       8  BUG: spinlock bad magic in synchronize_srcu
       9  BUG: spinlock bad magic in synchronize_srcu
The bug was not found.

2023-06-21 04:58:35
Session:   6
Template:  2021-04-22 - 33c28d0389a6b0dd17a5de7c093a011cdadb33b1
Syzkaller: 2021-04-22 - 33c28d0389a6b0dd17a5de7c093a011cdadb33b1
Kernel:    2021-04-22 - 18a3c5f7abfdf97f88536d35338ebbee119c355c
Compiler:  gcc-10.2.1-20210110
Attempt 1:
    Time  Bug Name
       6  BUG: spinlock bad magic in synchronize_srcu
       8  BUG: spinlock bad magic in synchronize_srcu
       8  BUG: spinlock bad magic in synchronize_srcu
       9  BUG: spinlock bad magic in synchronize_srcu
Attempt 2:
    Time  Bug Name
       5  BUG: spinlock bad magic in synchronize_srcu
       7  BUG: spinlock bad magic in synchronize_srcu
       8  BUG: spinlock bad magic in synchronize_srcu
      10  BUG: spinlock bad magic in synchronize_srcu
Attempt 3:
    Time  Bug Name
       6  BUG: spinlock bad magic in synchronize_srcu
      10  BUG: spinlock bad magic in synchronize_srcu
The bug was not found.

2023-06-21 06:03:22
Session:   7
Template:  2021-04-22 - 33c28d0389a6b0dd17a5de7c093a011cdadb33b1
Syzkaller: 2021-07-28 - 9a4781d43abfb86fe8521cb6fb084519e237454c
Kernel:    2021-07-28 - 4010a528219e01dd02e768b22168f7f0e78365ce
Compiler:  gcc-10.2.1-20210110
Attempt 1:
    Time  Bug Name
       2  BUG: sleeping function called from invalid context in lock_sock_nested
***    2  KASAN: use-after-free Read in hugetlb_handle_userfault
The bug was found.

==== Kernel Retrospection ====
718 Linux commits in [2021-04-22, 2021-07-28].

2023-06-21 06:33:51
Session:   8
Template:  2021-06-08 - 5c2fe34603646834e7fdb710c1b128aac772f772
Syzkaller: 2021-06-08 - 5c2fe34603646834e7fdb710c1b128aac772f772
Kernel:    2021-06-08 - 368094df48e680fa51cedb68537408cfa64b788e
Compiler:  gcc-10.2.1-20210110
Attempt 1:
    Time  Bug Name
***    2  KASAN: use-after-free Read in hugetlb_handle_userfault
The bug was found.

2023-06-21 07:00:46
Session:   9
Template:  2021-05-04 - 06c27ff56b460864b5195bc0668d1d582df3cbf8
Syzkaller: 2021-05-04 - 06c27ff56b460864b5195bc0668d1d582df3cbf8
Kernel:    2021-05-05 - 7c9e41e0ef7d44a0818a3beec30634f3f588a23d
Compiler:  gcc-10.2.1-20210110
Attempt 1:
    Time  Bug Name
       3  WARNING in __nf_unregister_net_hook
       3  WARNING in __nf_unregister_net_hook
       3  WARNING in __nf_unregister_net_hook
       3  WARNING in __nf_unregister_net_hook
       3  WARNING in __nf_unregister_net_hook
       4  WARNING in __nf_unregister_net_hook
       4  WARNING in __nf_unregister_net_hook
       4  WARNING in __nf_unregister_net_hook
       4  WARNING in __nf_unregister_net_hook
       4  WARNING in __nf_unregister_net_hook
       4  WARNING in __nf_unregister_net_hook
       4  WARNING in __nf_unregister_net_hook
       9  BUG: spinlock bad magic in synchronize_srcu
Attempt 2:
    Time  Bug Name
       2  WARNING in __nf_unregister_net_hook
       2  WARNING in __nf_unregister_net_hook
       3  WARNING in __nf_unregister_net_hook
       8  BUG: spinlock bad magic in synchronize_srcu
      10  BUG: spinlock bad magic in synchronize_srcu
      10  BUG: spinlock bad magic in synchronize_srcu
      10  BUG: spinlock bad magic in synchronize_srcu
Attempt 3:
    Time  Bug Name
       2  WARNING in __nf_unregister_net_hook
       2  WARNING in __nf_unregister_net_hook
       2  WARNING in __nf_unregister_net_hook
       2  WARNING in __nf_unregister_net_hook
       2  WARNING in __nf_unregister_net_hook
       2  WARNING in __nf_unregister_net_hook
       2  WARNING in __nf_unregister_net_hook
       3  WARNING in __nf_unregister_net_hook
       3  WARNING in __nf_unregister_net_hook
       3  WARNING in __nf_unregister_net_hook
       3  WARNING in __nf_unregister_net_hook
       3  WARNING in __nf_unregister_net_hook
       3  WARNING in __nf_unregister_net_hook
       4  WARNING in __nf_unregister_net_hook
       4  WARNING in __nf_unregister_net_hook
       4  WARNING in __nf_unregister_net_hook
       4  WARNING in __nf_unregister_net_hook
       4  WARNING in __nf_unregister_net_hook
       4  WARNING in __nf_unregister_net_hook
       4  WARNING in __nf_unregister_net_hook
       4  WARNING in __nf_unregister_net_hook
       5  WARNING in __nf_unregister_net_hook
       5  WARNING in __nf_unregister_net_hook
       5  WARNING in __nf_unregister_net_hook
       5  WARNING in __nf_unregister_net_hook
       5  WARNING in __nf_unregister_net_hook
       5  WARNING in __nf_unregister_net_hook
       5  WARNING in __nf_unregister_net_hook
       6  WARNING in __nf_unregister_net_hook
       6  WARNING in __nf_unregister_net_hook
       6  WARNING in __nf_unregister_net_hook
       6  WARNING in __nf_unregister_net_hook
       6  WARNING in __nf_unregister_net_hook
       6  WARNING in __nf_unregister_net_hook
       6  WARNING in __nf_unregister_net_hook
       6  WARNING in __nf_unregister_net_hook
       7  WARNING in __nf_unregister_net_hook
       7  WARNING in __nf_unregister_net_hook
       7  WARNING in __nf_unregister_net_hook
       7  WARNING in __nf_unregister_net_hook
       7  WARNING in __nf_unregister_net_hook
       7  WARNING in __nf_unregister_net_hook
       7  WARNING in __nf_unregister_net_hook
       8  WARNING in __nf_unregister_net_hook
       8  WARNING in __nf_unregister_net_hook
       8  WARNING in __nf_unregister_net_hook
       8  WARNING in __nf_unregister_net_hook
       8  WARNING in __nf_unregister_net_hook
The bug was not found.

2023-06-21 08:01:33
Session:   10
Template:  2021-05-20 - 3c7fef3361a6007112b26adc1c5a550189ef43fe
Syzkaller: 2021-05-20 - 3c7fef3361a6007112b26adc1c5a550189ef43fe
Kernel:    2021-05-21 - 79a106fc6585979022012e65a1e45e3d2d28b77b
Compiler:  gcc-10.2.1-20210110
Attempt 1:
    Time  Bug Name
***    2  KASAN: use-after-free Read in hugetlb_handle_userfault
The bug was found.

2023-06-21 08:32:21
Session:   11
Template:  2021-05-11 - 8629442785bdc83b9700dab748954d905f39539c
Syzkaller: 2021-05-11 - 8629442785bdc83b9700dab748954d905f39539c
Kernel:    2021-05-11 - 88b06399c9c766c283e070b022b5ceafa4f63f19
Compiler:  gcc-10.2.1-20210110
Attempt 1:
    Time  Bug Name
***    2  KASAN: use-after-free Read in hugetlb_handle_userfault
The bug was found.

2023-06-21 08:59:31
Session:   12
Template:  2021-05-07 - bc5434be1a615eca6d901c20b026712bd9697fd4
Syzkaller: 2021-05-07 - bc5434be1a615eca6d901c20b026712bd9697fd4
Kernel:    2021-05-07 - 2059c40aded724b3af139abb55cabeab5e0f5878
Compiler:  gcc-10.2.1-20210110
Attempt 1:
    Time  Bug Name
       2  WARNING in __nf_unregister_net_hook
       2  WARNING in __nf_unregister_net_hook
       2  WARNING in __nf_unregister_net_hook
       2  WARNING in __nf_unregister_net_hook
       2  WARNING in __nf_unregister_net_hook
       3  WARNING in __nf_unregister_net_hook
Attempt 2:
    Time  Bug Name
       1  WARNING in __nf_unregister_net_hook
       2  WARNING in __nf_unregister_net_hook
       2  WARNING in __nf_unregister_net_hook
       2  WARNING in __nf_unregister_net_hook
       2  WARNING in __nf_unregister_net_hook
       6  BUG: spinlock bad magic in synchronize_srcu
       7  BUG: spinlock bad magic in synchronize_srcu
       8  BUG: spinlock bad magic in synchronize_srcu
       9  BUG: spinlock bad magic in synchronize_srcu
Attempt 3:
    Time  Bug Name
       2  WARNING in __nf_unregister_net_hook
       2  WARNING in __nf_unregister_net_hook
       2  WARNING in __nf_unregister_net_hook
       2  WARNING in __nf_unregister_net_hook
       2  WARNING in __nf_unregister_net_hook
       3  WARNING in __nf_unregister_net_hook
       3  WARNING in __nf_unregister_net_hook
       3  WARNING in __nf_unregister_net_hook
       3  WARNING in __nf_unregister_net_hook
       4  WARNING in __nf_unregister_net_hook
       4  WARNING in __nf_unregister_net_hook
       4  WARNING in __nf_unregister_net_hook
       4  WARNING in __nf_unregister_net_hook
       4  WARNING in __nf_unregister_net_hook
       5  WARNING in __nf_unregister_net_hook
       5  WARNING in __nf_unregister_net_hook
       5  WARNING in __nf_unregister_net_hook
      10  BUG: spinlock bad magic in synchronize_srcu
The bug was not found.

2023-06-21 09:53:46
Session:   13
Template:  2021-05-07 - bc5434be1a615eca6d901c20b026712bd9697fd4
Syzkaller: 2021-05-07 - bc5434be1a615eca6d901c20b026712bd9697fd4
Kernel:    2021-05-09 - 85bbba1c077848e76ab77682e9e56c41113f5770
Compiler:  gcc-10.2.1-20210110
Attempt 1:
    Time  Bug Name
***    2  KASAN: use-after-free Read in hugetlb_handle_userfault
The bug was found.

2023-06-21 10:22:25
Session:   14
Template:  2021-05-07 - bc5434be1a615eca6d901c20b026712bd9697fd4
Syzkaller: 2021-05-07 - bc5434be1a615eca6d901c20b026712bd9697fd4
Kernel:    2021-05-08 - 0f979d815cd52084b99e9f6b367e79488850df2e
Compiler:  gcc-10.2.1-20210110
Attempt 1:
    Time  Bug Name
***    2  KASAN: use-after-free Read in hugetlb_handle_userfault
The bug was found.

2023-06-21 10:47:44
Session:   15
Template:  2021-05-07 - bc5434be1a615eca6d901c20b026712bd9697fd4
Syzkaller: 2021-05-07 - bc5434be1a615eca6d901c20b026712bd9697fd4
Kernel:    2021-05-07 - dd860052c99b1e088352bdd4fb7aef46f8d2ef47
Compiler:  gcc-10.2.1-20210110
Attempt 1:
    Time  Bug Name
       1  WARNING in __nf_unregister_net_hook
       2  WARNING in __nf_unregister_net_hook
       2  WARNING in __nf_unregister_net_hook
       2  WARNING in __nf_unregister_net_hook
       2  WARNING in __nf_unregister_net_hook
       2  WARNING in __nf_unregister_net_hook
       2  WARNING in __nf_unregister_net_hook
       3  WARNING in __nf_unregister_net_hook
       3  WARNING in __nf_unregister_net_hook
       3  WARNING in __nf_unregister_net_hook
       3  WARNING in __nf_unregister_net_hook
       3  WARNING in __nf_unregister_net_hook
       3  WARNING in __nf_unregister_net_hook
       4  WARNING in __nf_unregister_net_hook
       4  WARNING in __nf_unregister_net_hook
       4  WARNING in __nf_unregister_net_hook
       4  WARNING in __nf_unregister_net_hook
       4  WARNING in __nf_unregister_net_hook
       4  WARNING in __nf_unregister_net_hook
       4  WARNING in __nf_unregister_net_hook
      10  BUG: spinlock bad magic in synchronize_srcu
Attempt 2:
    Time  Bug Name
       2  WARNING in __nf_unregister_net_hook
       2  WARNING in __nf_unregister_net_hook
       3  WARNING in __nf_unregister_net_hook
       3  WARNING in __nf_unregister_net_hook
       3  WARNING in __nf_unregister_net_hook
       3  WARNING in __nf_unregister_net_hook
       3  WARNING in __nf_unregister_net_hook
       3  WARNING in __nf_unregister_net_hook
       7  panic: disabled syscall
       9  panic: disabled syscall
Attempt 3:
    Time  Bug Name
       2  WARNING in __nf_unregister_net_hook
       2  WARNING in __nf_unregister_net_hook
       2  WARNING in __nf_unregister_net_hook
       2  WARNING in __nf_unregister_net_hook
       2  WARNING in __nf_unregister_net_hook
       3  WARNING in __nf_unregister_net_hook
       3  WARNING in __nf_unregister_net_hook
       3  WARNING in __nf_unregister_net_hook
       3  WARNING in __nf_unregister_net_hook
       3  WARNING in __nf_unregister_net_hook
       3  WARNING in __nf_unregister_net_hook
       3  WARNING in __nf_unregister_net_hook
       4  WARNING in __nf_unregister_net_hook
       4  WARNING in __nf_unregister_net_hook
       4  WARNING in __nf_unregister_net_hook
       4  WARNING in __nf_unregister_net_hook
       4  WARNING in __nf_unregister_net_hook
       5  WARNING in __nf_unregister_net_hook
       5  WARNING in __nf_unregister_net_hook
Attempt 4: (RETRY)
    Time  Bug Name
       2  WARNING in __nf_unregister_net_hook
       2  WARNING in __nf_unregister_net_hook
       2  WARNING in __nf_unregister_net_hook
       2  WARNING in __nf_unregister_net_hook
       7  BUG: spinlock bad magic in synchronize_srcu
       9  BUG: spinlock bad magic in synchronize_srcu
The bug was not found.

2023-06-21 11:53:04
Session:   16
Template:  2021-05-07 - bc5434be1a615eca6d901c20b026712bd9697fd4
Syzkaller: 2021-05-07 - bc5434be1a615eca6d901c20b026712bd9697fd4
Kernel:    2021-05-08 - ab159ac569fddf812c0a217d6dbffaa5d93ef88f
Compiler:  gcc-10.2.1-20210110
Attempt 1:
    Time  Bug Name
***    2  KASAN: use-after-free Read in hugetlb_handle_userfault
The bug was found.

2023-06-21 12:21:28
Session:   17
Template:  2021-05-07 - bc5434be1a615eca6d901c20b026712bd9697fd4
Syzkaller: 2021-05-07 - bc5434be1a615eca6d901c20b026712bd9697fd4
Kernel:    2021-05-08 - fc858a5231089b972076642a86cf62481d95d82e
Compiler:  gcc-10.2.1-20210110
Attempt 1:
    Time  Bug Name
***    2  KASAN: use-after-free Read in hugetlb_handle_userfault
The bug was found.

== Confirming the bisected commit ==

2023-06-21 12:54:31
Session:   18
Template:  2021-05-07 - bc5434be1a615eca6d901c20b026712bd9697fd4
Syzkaller: 2021-05-07 - bc5434be1a615eca6d901c20b026712bd9697fd4
Kernel:    2021-05-08 - fc858a5231089b972076642a86cf62481d95d82e
The bug was found in a previous identical fuzzing session.

2023-06-21 12:54:31
Session:   19
Template:  2021-05-07 - bc5434be1a615eca6d901c20b026712bd9697fd4
Syzkaller: 2021-05-07 - bc5434be1a615eca6d901c20b026712bd9697fd4
Kernel:    2021-05-07 - dd860052c99b1e088352bdd4fb7aef46f8d2ef47
The bug was not found in a previous identical fuzzing session.

====================================================================================================================================================
Revealing Factor:   Kernel Commit
Version:            2021-05-08 - fc858a5231089b972076642a86cf62481d95d82e
Commit Name:        Merge tag 'net-5.13-rc1' of git://git.kernel.org/pub/scm/linux/kernel/git/netdev/net

Bug Name:           KASAN: use-after-free Read in hugetlb_handle_userfault
Bug Link:           https://syzkaller.appspot.com/bug?id=2fe2a1f3c649292cb5f07387bc91a5c13444f7d2
Arch:               amd64
Finding Date:       2022-09-05
Finding Commit:     2022-09-04 - 7726d4c3e60bfe206738894267414a5f10510f1a
Guilty Merge:       2017-02-23 - bc49a7831b1137ce1c2dda1c57e3631655f5d2ae
Guilty Commit:      2017-02-22 - 1a1aad8a9b7bd34f60cdf98cd7915f00ae892c45

Possible Blocking Bugs:
    BUG: spinlock bad magic in synchronize_srcu
    WARNING in __nf_unregister_net_hook
