WARNING in __split_huge_page_tail,https://syzkaller.appspot.com/bug?id=7154376cc15634099151d53fc60c1ef4109db798
Repository: linux
Arch: amd64
Finding: 2022-10-21 - 4da34b7d175dc99b8befebd69e96546c960d526c
Guilty:  2022-10-20 - 71e2d666ef85d51834d658830f823560c402b8b6
No Duplicates
Single Proc Allocation
VMs:8
CPUs:2
Procs:16
Max time:30
Max attempts:3
Testing the finding commit.

2023-04-12 08:37:41
Session:   1
Template:  2022-10-21 - c0b80a55c9c8cfe75e77c555ed0d4ae7aa373cc2
Syzkaller: 2022-10-21 - c0b80a55c9c8cfe75e77c555ed0d4ae7aa373cc2
Kernel:    2022-10-22 - 4da34b7d175dc99b8befebd69e96546c960d526c
Compiler:  gcc-10.2.1-20210110
Attempt 1:
    Time  Bug Name
      12  WARNING in split_huge_page_to_list
      25  KASAN: use-after-free Read in hugetlb_fault
Attempt 2:
    Time  Bug Name
       9  KASAN: use-after-free Read in mas_leaf_max_gap
      12  WARNING in split_huge_page_to_list
      17  WARNING in split_huge_page_to_list
      22  WARNING in split_huge_page_to_list
Attempt 3:
    Time  Bug Name
      29  KASAN: use-after-free Read in mas_leaf_max_gap
The bug was not found.

Failure: This bug cannot be found at the finding commit.
