./bin/meerkat -i 1 -c /home/syzretrospector/meerkat/wd-meerkat-1/meerkat.cfg -a 4652b8e4f3ffa48c706ec334f048c217a7d9750d -F ff-test,find-only -m 20
Bisecting:          INFO: task hung in hwrng_fillfn
Warning: No syscall found that produces fd_block_trace.
Syzbot Link:        https://syzkaller.appspot.com/bug?extid=c52ab18308964d248092
Working Name:       bug0763

Aliases:
    INFO: task hung in hwrng_fillfn

Anchor Commit:      4652b8e4f3ffa48c706ec334f048c217a7d9750d
Repository:         https://git.kernel.org/pub/scm/linux/kernel/git/torvalds/linux.git
Branch:             master
Arch:               amd64

Meerkat:            /home/syzretrospector/meerkat/
Version:            1.2.0
Kernel:             /home/syzretrospector/meerkat/wd-meerkat-1/kernel/
Syzkaller:          /home/syzretrospector/meerkat/syzkaller/
Compilers:          /home/syzretrospector/meerkat/compilers/
Compiler:           gcc (Ubuntu 12.3.0-1ubuntu1~22.04.3) 12.3.0
Linker:             GNU ld (GNU Binutils for Ubuntu) 2.38
Ccache:             ccache version 4.5.1
Image:              /home/syzretrospector/meerkat/image/stretch/stretch.img
Image Key:          /home/syzretrospector/meerkat/image/stretch/stretch.id_rsa

Workdir:            /home/syzretrospector/meerkat/wd-meerkat-1/
Kconfig:            /home/syzretrospector/meerkat/wd-meerkat-1/config-bug0763.txt
Reproducers: (1)    /home/syzretrospector/meerkat/wd-meerkat-1/reproducers/
Syzkaller Workdir:  /home/syzretrospector/meerkat/wd-meerkat-1/wd-kaller/
Log Directory:      /home/syzretrospector/meerkat/wd-meerkat-1/log/

Syscalls: (6)       ["dup", "ioctl$BLKFRASET", "mmap", "openat$hwrng", "openat$nullb", "preadv"]
VM Count:           8
CPU Count:          2
Procs:              16
Memory:             4096
Make Procs:         16
Max Time:           20
Max Attempts:       1

==== Anchor Commit ====

2026-04-18 02:08:58
Session:   1
Kernel:    2023-11-02 - 4652b8e4f3ffa48c706ec334f048c217a7d9750d
Compiler:  ccache gcc
Attempt 1:
    No crashes found.
Attempt 2: (RETRY)
    Time  Bug Name
      15  INFO: task hung in corrupted
Attempt 3: (RETRY)
    Time  Bug Name
       3  WARNING in blk_mq_start_request (has report)
      14  suppressed report
The bug was not found.
Find-only complete.
