./bin/meerkat -i 1 -c /home/syzretrospector/meerkat/wd-meerkat-1/meerkat.cfg -a 55be6084c8e0e0ada9278c2ab60b7a584378efda -F ff-test,find-only -m 20
Bisecting:          INFO: rcu detected stall in ext4_file_write_iter
Syzbot Link:        https://syzkaller.appspot.com/bug?extid=b9564ba6e8e00694511b
Working Name:       bug0872

Aliases:
    INFO: rcu detected stall in ext4_file_write_iter

Anchor Commit:      55be6084c8e0e0ada9278c2ab60b7a584378efda
Repository:         https://git.kernel.org/pub/scm/linux/kernel/git/torvalds/linux.git
Branch:             master
Arch:               amd64

Meerkat:            /home/syzretrospector/meerkat/
Version:            1.2.0
Kernel:             /home/syzretrospector/meerkat/wd-meerkat-1/kernel/
Syzkaller:          /home/syzretrospector/meerkat/syzkaller/
Compilers:          /home/syzretrospector/meerkat/compilers/
Compiler:           gcc (Ubuntu 12.3.0-1ubuntu1~22.04.3) 12.3.0
Linker:             GNU ld (GNU Binutils for Ubuntu) 2.38
Ccache:             ccache version 4.5.1
Image:              /home/syzretrospector/meerkat/image/stretch/stretch.img
Image Key:          /home/syzretrospector/meerkat/image/stretch/stretch.id_rsa

Workdir:            /home/syzretrospector/meerkat/wd-meerkat-1/
Kconfig:            /home/syzretrospector/meerkat/wd-meerkat-1/config-bug0872.txt
Reproducers: (1)    /home/syzretrospector/meerkat/wd-meerkat-1/reproducers/
Syzkaller Workdir:  /home/syzretrospector/meerkat/wd-meerkat-1/wd-kaller/
Log Directory:      /home/syzretrospector/meerkat/wd-meerkat-1/log/

Syscalls: (10)      ["open", "prlimit64", "sched_setscheduler", "sendfile", "timer_create", "timer_settime", "write$P9_RGETLOCK", "clock_gettime", "syz_clone", "pipe2$9p"]
VM Count:           4
CPU Count:          4
Procs:              24
Memory:             4096
Make Procs:         16
Max Time:           20
Max Attempts:       1

==== Anchor Commit ====

2026-04-18 19:02:58
Session:   1
Kernel:    2022-10-10 - 55be6084c8e0e0ada9278c2ab60b7a584378efda
Compiler:  ccache gcc
Warning: Syzkaller never completed machine check.
Saved log at /home/syzretrospector/meerkat/wd-meerkat-1/log/bug0872-boot_failure.log.
Attempt 1:
    Time  Bug Name
       1  WARNING in wireless_send_event (2) (has report)
       2  WARNING in wireless_send_event (6) (has report)
       3  WARNING in wireless_send_event (5) (has report)
       4  WARNING in wireless_send_event (6) (has report)
       5  WARNING in wireless_send_event (6) (has report)
       6  WARNING in wireless_send_event (6) (has report)
       7  WARNING in wireless_send_event (6) (has report)
       8  WARNING in wireless_send_event (6) (has report)
       9  WARNING in wireless_send_event (5) (has report)
      10  WARNING in wireless_send_event (5) (has report)
      11  WARNING in wireless_send_event (6) (has report)
      12  WARNING in wireless_send_event (6) (has report)
      13  WARNING in wireless_send_event (6) (has report)
      14  WARNING in wireless_send_event (6) (has report)
      15  WARNING in wireless_send_event (6) (has report)
      16  WARNING in wireless_send_event (6) (has report)
      17  WARNING in wireless_send_event (6) (has report)
      18  WARNING in wireless_send_event (5) (has report)
      20  boot failure
Warning: Syzkaller never completed machine check.
Saved log at /home/syzretrospector/meerkat/wd-meerkat-1/log/bug0872-boot_failure.log.
Attempt 2: (RETRY)
    Time  Bug Name
       1  WARNING in wireless_send_event (2) (has report)
       2  WARNING in wireless_send_event (5) (has report)
       3  WARNING in wireless_send_event (6) (has report)
       4  WARNING in wireless_send_event (6) (has report)
       5  WARNING in wireless_send_event (6) (has report)
       6  WARNING in wireless_send_event (5) (has report)
       7  WARNING in wireless_send_event (6) (has report)
       8  WARNING in wireless_send_event (6) (has report)
       9  WARNING in wireless_send_event (6) (has report)
      10  WARNING in wireless_send_event (6) (has report)
      11  WARNING in wireless_send_event (6) (has report)
      12  WARNING in wireless_send_event (6) (has report)
      13  WARNING in wireless_send_event (6) (has report)
      14  WARNING in wireless_send_event (5) (has report)
      15  WARNING in wireless_send_event (6) (has report)
      16  WARNING in wireless_send_event (6) (has report)
      17  WARNING in wireless_send_event (6) (has report)
      18  WARNING in wireless_send_event (5) (has report)
      20  boot failure
Warning: Syzkaller never completed machine check.
Saved log at /home/syzretrospector/meerkat/wd-meerkat-1/log/bug0872-boot_failure.log.
Attempt 3: (RETRY)
    Time  Bug Name
       1  WARNING in wireless_send_event (2) (has report)
       2  WARNING in wireless_send_event (6) (has report)
       3  WARNING in wireless_send_event (6) (has report)
       4  WARNING in wireless_send_event (6) (has report)
       5  WARNING in wireless_send_event (6) (has report)
       6  WARNING in wireless_send_event (6) (has report)
       7  WARNING in wireless_send_event (6) (has report)
       8  WARNING in wireless_send_event (6) (has report)
       9  WARNING in wireless_send_event (5) (has report)
      10  WARNING in wireless_send_event (6) (has report)
      11  WARNING in wireless_send_event (5) (has report)
      12  WARNING in wireless_send_event (6) (has report)
      13  WARNING in wireless_send_event (6) (has report)
      14  WARNING in wireless_send_event (6) (has report)
      15  WARNING in wireless_send_event (6) (has report)
      16  WARNING in wireless_send_event (5) (has report)
      17  WARNING in wireless_send_event (6) (has report)
      18  WARNING in wireless_send_event (5) (has report)
      20  boot failure
The bug was not found.
Find-only complete.
