./bin/meerkat -i 1 -c /home/author/meerkat/wd-meerkat-1/meerkat.cfg -a a48fa7efaf1161c1c898931fe4c7f0070964233a -F ff-test,find-only -m 20
Bisecting:          WARNING in dev_index_reserve
Syzbot Link:        https://syzkaller.appspot.com/bug?extid=5ba06978f34abb058571
Working Name:       bug0833

Aliases:
    WARNING in dev_index_reserve

Anchor Commit:      a48fa7efaf1161c1c898931fe4c7f0070964233a
Repository:         https://git.kernel.org/pub/scm/linux/kernel/git/torvalds/linux.git
Branch:             master
Arch:               amd64

Meerkat:            /home/author/meerkat/
Version:            1.2.0
Kernel:             /home/author/meerkat/wd-meerkat-1/kernel/
Syzkaller:          /home/author/meerkat/syzkaller/
Compilers:          /home/author/meerkat/compilers/
Compiler:           gcc (Ubuntu 12.3.0-1ubuntu1~22.04.3) 12.3.0
Linker:             GNU ld (GNU Binutils for Ubuntu) 2.38
Ccache:             ccache version 4.5.1
Image:              /home/author/meerkat/image/stretch/stretch.img
Image Key:          /home/author/meerkat/image/stretch/stretch.id_rsa

Workdir:            /home/author/meerkat/wd-meerkat-1/
Kconfig:            /home/author/meerkat/wd-meerkat-1/config-bug0833.txt
Reproducers: (5)    /home/author/meerkat/wd-meerkat-1/reproducers/
Primary PoC:        /home/author/meerkat/wd-meerkat-1/reproducers/repro-bug0833-1.prog
Syzkaller Workdir:  /home/author/meerkat/wd-meerkat-1/wd-kaller/
Log Directory:      /home/author/meerkat/wd-meerkat-1/log/

Syscalls: (23)      ["getsockname$packet", "sendmsg$nl_route", "socket", "socket$netlink", "socket$nl_route", "socket$packet", "ioctl$F2FS_IOC_START_ATOMIC_WRITE", "openat$selinux_enforce", "get_robust_list", "syz_clone", "ioctl$TUNGETDEVNETNS", "mount$bpf", "getuid", "ioctl$ifreq_SIOCGIFINDEX_vcan", "bpf$BPF_PROG_GET_FD_BY_ID", "openat$tun", "socket$inet_udp", "socket$inet6_udp", "setgid", "getgid", "socket$inet", "socket$inet6", "bpf$BPF_PROG_GET_NEXT_ID"]
VM Count:           8
CPU Count:          2
Procs:              16
Memory:             4096
Make Procs:         16
Max Time:           20
Max Attempts:       1

==== Anchor Commit ====

2026-04-18 11:13:35
Session:   1
Kernel:    2023-09-07 - a48fa7efaf1161c1c898931fe4c7f0070964233a
Compiler:  ccache gcc
Attempt 1:
    Time  Bug Name
      15  general protection fault in netdev_register_kobject (has report)
Attempt 2: (RETRY)
    No crashes found.
Attempt 3: (RETRY)
    No crashes found.
The bug was not found.
Find-only complete.
