./bin/meerkat -i 1 -c /home/syzretrospector/meerkat/wd-meerkat-1/meerkat.cfg -a a6afa4199d3d038fbfdff5511f7523b0e30cb774 -F ff-test,find-only -m 20
Bisecting:          KASAN: slab-out-of-bounds Read in io_uring_show_fdinfo
Syzbot Link:        https://syzkaller.appspot.com/bug?id=e2fdad19640cdf94dec600b3c67260b6095e5f7d
Working Name:       bug0152

Aliases:
    KASAN: slab-out-of-bounds Read in io_uring_show_fdinfo

Anchor Commit:      a6afa4199d3d038fbfdff5511f7523b0e30cb774
Repository:         https://git.kernel.org/pub/scm/linux/kernel/git/torvalds/linux.git
Branch:             master
Arch:               amd64

Meerkat:            /home/syzretrospector/meerkat/
Version:            1.2.0
Kernel:             /home/syzretrospector/meerkat/wd-meerkat-1/kernel/
Syzkaller:          /home/syzretrospector/meerkat/syzkaller/
Compilers:          /home/syzretrospector/meerkat/compilers/
Compiler:           gcc (Ubuntu 12.3.0-1ubuntu1~22.04.3) 12.3.0
Linker:             GNU ld (GNU Binutils for Ubuntu) 2.38
Ccache:             ccache version 4.5.1
Image:              /home/syzretrospector/meerkat/image/stretch/stretch.img
Image Key:          /home/syzretrospector/meerkat/image/stretch/stretch.id_rsa

Workdir:            /home/syzretrospector/meerkat/wd-meerkat-1/
Kconfig:            /home/syzretrospector/meerkat/wd-meerkat-1/config-bug0152.txt
Reproducers: (2)    /home/syzretrospector/meerkat/wd-meerkat-1/reproducers/
Primary PoC:        /home/syzretrospector/meerkat/wd-meerkat-1/reproducers/repro-bug0152-2.prog
Syzkaller Workdir:  /home/syzretrospector/meerkat/wd-meerkat-1/wd-kaller/
Log Directory:      /home/syzretrospector/meerkat/wd-meerkat-1/log/

Syscalls: (27)      ["pread64", "syz_io_uring_setup", "syz_io_uring_submit", "syz_open_procfs", "ioctl$sock_SIOCGIFINDEX", "ioctl$IOCTL_GET_NCIDEV_IDX", "syz_clone", "statx", "socket", "setsockopt$inet_mreqn", "openat$nci", "bind$nfc_llcp", "open$dir", "io_uring_register$IORING_UNREGISTER_PERSONALITY", "io_uring_register$IORING_REGISTER_PERSONALITY", "futex", "getrusage", "clock_gettime", "mount$bpf", "getuid", "setgid", "getgid", "epoll_create", "socket$inet", "syz_init_net_socket$nfc_llcp", "ioctl$ifreq_SIOCGIFINDEX_vcan", "utimes"]
VM Count:           8
CPU Count:          2
Procs:              16
Memory:             4096
Make Procs:         16
Max Time:           20
Max Attempts:       1

==== Anchor Commit ====

2026-04-17 04:41:06
Session:   1
Kernel:    2022-10-08 - a6afa4199d3d038fbfdff5511f7523b0e30cb774
Compiler:  ccache gcc
Attempt 1:
    Time  Bug Name
       1  WARNING in wireless_send_event (has report)
       2  WARNING in wireless_send_event (6) (has report)
       3  WARNING in wireless_send_event (6) (has report)
       4  WARNING in wireless_send_event (6) (has report)
       5  WARNING in wireless_send_event (6) (has report)
       6  WARNING in wireless_send_event (6) (has report)
       7  WARNING in wireless_send_event (6) (has report)
       8  WARNING in wireless_send_event (6) (has report)
       9  WARNING in wireless_send_event (6) (has report)
      10  WARNING in wireless_send_event (has report)
      11  INFO: rcu detected stall in corrupted
      14  INFO: rcu detected stall in corrupted (2)
      15  INFO: rcu detected stall in corrupted
      17  INFO: rcu detected stall in corrupted (3)
      18  INFO: rcu detected stall in corrupted
      20  INFO: rcu detected stall in corrupted
Attempt 2: (RETRY)
    Time  Bug Name
       1  WARNING in wireless_send_event (has report)
       2  WARNING in wireless_send_event (6) (has report)
       3  WARNING in wireless_send_event (6) (has report)
       4  WARNING in wireless_send_event (6) (has report)
       5  WARNING in wireless_send_event (6) (has report)
       6  WARNING in wireless_send_event (9) (has report)
       7  WARNING in wireless_send_event (9) (has report)
       8  WARNING in wireless_send_event (9) (has report)
       9  WARNING in wireless_send_event (8) (has report)
      10  WARNING in wireless_send_event (12) (has report)
      11  WARNING in wireless_send_event (9) (has report)
      12  WARNING in wireless_send_event (9) (has report)
      13  WARNING in wireless_send_event (9) (has report)
      14  WARNING in wireless_send_event (has report)
Attempt 3: (RETRY)
    Time  Bug Name
       1  WARNING in wireless_send_event (has report)
       2  WARNING in wireless_send_event (6) (has report)
       3  WARNING in wireless_send_event (6) (has report)
       4  WARNING in wireless_send_event (6) (has report)
       5  WARNING in wireless_send_event (6) (has report)
       6  WARNING in wireless_send_event (6) (has report)
       7  WARNING in wireless_send_event (6) (has report)
       8  WARNING in wireless_send_event (6) (has report)
       9  WARNING in wireless_send_event (6) (has report)
      10  WARNING in wireless_send_event (6) (has report)
      11  WARNING in wireless_send_event (3) (has report)
      12  INFO: rcu detected stall in corrupted
      13  INFO: rcu detected stall in corrupted (2)
      16  KASAN: use-after-free Read in register_shrinker (has report)
      16  INFO: rcu detected stall in corrupted
      16  KASAN: use-after-free Read in register_shrinker_prepared (has report)
      18  INFO: rcu detected stall in corrupted
      19  KASAN: use-after-free Read in unregister_shrinker (has report)
The bug was not found.
Find-only complete.
