./bin/meerkat -i 1 -c /home/author/meerkat/wd-meerkat-1/meerkat.cfg -a 952923ddc01120190dcf671e7b354364ce1d1362 -F ff-test,find-only -m 20
Bisecting:          KASAN: use-after-free Read in filp_close
Syzbot Link:        https://syzkaller.appspot.com/bug?extid=47dd250f527cb7bebf24
Working Name:       bug0919

Aliases:
    KASAN: use-after-free Read in filp_close

Anchor Commit:      952923ddc01120190dcf671e7b354364ce1d1362
Repository:         https://git.kernel.org/pub/scm/linux/kernel/git/torvalds/linux.git
Branch:             master
Arch:               amd64

Meerkat:            /home/author/meerkat/
Version:            1.2.0
Kernel:             /home/author/meerkat/wd-meerkat-1/kernel/
Syzkaller:          /home/author/meerkat/syzkaller/
Compilers:          /home/author/meerkat/compilers/
Compiler:           gcc (Ubuntu 12.3.0-1ubuntu1~22.04.3) 12.3.0
Linker:             GNU ld (GNU Binutils for Ubuntu) 2.38
Ccache:             ccache version 4.5.1
Image:              /home/author/meerkat/image/stretch/stretch.img
Image Key:          /home/author/meerkat/image/stretch/stretch.id_rsa

Workdir:            /home/author/meerkat/wd-meerkat-1/
Kconfig:            /home/author/meerkat/wd-meerkat-1/config-bug0919.txt
Reproducers: (3)    /home/author/meerkat/wd-meerkat-1/reproducers/
Primary PoC:        /home/author/meerkat/wd-meerkat-1/reproducers/repro-bug0919-2.prog
Syzkaller Workdir:  /home/author/meerkat/wd-meerkat-1/wd-kaller/
Log Directory:      /home/author/meerkat/wd-meerkat-1/log/

Syscalls: (24)      ["dup", "io_uring_enter", "sendmmsg", "syz_io_uring_setup", "syz_io_uring_submit", "syz_open_dev$sndmidi", "ioctl$sock_SIOCGIFINDEX", "ioctl$IOCTL_GET_NCIDEV_IDX", "socket", "statx", "openat$nci", "open$dir", "io_uring_register$IORING_UNREGISTER_PERSONALITY", "io_uring_register$IORING_REGISTER_PERSONALITY", "futex", "getrusage", "clock_gettime", "mount$bpf", "getuid", "setgid", "getgid", "epoll_create", "ioctl$ifreq_SIOCGIFINDEX_vcan", "utimes"]
VM Count:           4
CPU Count:          4
Procs:              24
Memory:             4096
Make Procs:         16
Max Time:           20
Max Attempts:       1

==== Anchor Commit ====

2026-04-19 01:36:02
Session:   1
Kernel:    2022-06-04 - 952923ddc01120190dcf671e7b354364ce1d1362
Compiler:  ccache gcc
Attempt 1:
    Time  Bug Name
       4  WARNING in ipgre_xmit (2) (has report)
       6  WARNING in ipgre_xmit (has report)
       6  KASAN: null-ptr-deref Write in io_file_get_normal (3) (has report)
       8  WARNING in ipgre_xmit (2) (has report)
       9  WARNING in ipgre_xmit (has report)
      10  VFS: Close: file count is zero (use-after-free) (3)
      11  KASAN: null-ptr-deref Write in io_file_get_normal (3) (has report)
      12  KASAN: null-ptr-deref Write in io_file_get_normal (has report)
      13  KASAN: null-ptr-deref Write in io_file_get_normal (2) (has report)
      14  KASAN: null-ptr-deref Write in io_file_get_normal (3) (has report)
      15  KASAN: null-ptr-deref Write in io_file_get_normal (3) (has report)
***   16  KASAN: use-after-free Read in filp_close (has report)
      16  WARNING in ipgre_xmit (2) (has report)
Attempt 2: (RETRY)
    Time  Bug Name
       2  WARNING in ipgre_xmit (has report)
       3  WARNING in ipgre_xmit (has report)
       4  WARNING in ipgre_xmit (2) (has report)
       7  WARNING in ipgre_xmit (3) (has report)
       8  WARNING in ipgre_xmit (3) (has report)
       9  WARNING in ipgre_xmit (2) (has report)
      10  KASAN: null-ptr-deref Write in io_file_get_normal (has report)
      11  WARNING in ipgre_xmit (has report)
      11  KASAN: null-ptr-deref Write in io_file_get_normal (2) (has report)
      12  WARNING in ipgre_xmit (has report)
      12  KASAN: null-ptr-deref Write in io_file_get_normal (2) (has report)
      13  WARNING in ipgre_xmit (has report)
      13  INFO: task hung in add_early_randomness
      14  WARNING in ipgre_xmit (3) (has report)
      14  KASAN: null-ptr-deref Write in io_file_get_normal (has report)
      15  KASAN: null-ptr-deref Write in io_file_get_normal (has report)
      16  WARNING in ipgre_xmit (2) (has report)
      16  KASAN: null-ptr-deref Write in io_file_get_normal (has report)
      17  WARNING in ipgre_xmit (has report)
      17  KASAN: null-ptr-deref Write in io_file_get_normal (has report)
      18  WARNING in ipgre_xmit (has report)
      18  KASAN: null-ptr-deref Write in io_file_get_normal (has report)
      19  KASAN: null-ptr-deref Write in io_file_get_normal (has report)
      19  VFS: Close: file count is zero (use-after-free)
      20  WARNING in ipgre_xmit (has report)
      20  KASAN: null-ptr-deref Write in io_file_get_normal (2) (has report)
Attempt 3: (RETRY)
    Time  Bug Name
       4  WARNING in ipgre_xmit (2) (has report)
       5  WARNING in ipgre_xmit (has report)
       6  WARNING in ipgre_xmit (has report)
       7  KASAN: use-after-free Write in fput (2) (has report)
       8  KASAN: use-after-free Write in fput (has report)
       8  WARNING in ipgre_xmit (has report)
       9  KASAN: use-after-free Write in fput (3) (has report)
      10  KASAN: use-after-free Write in fput (4) (has report)
      11  KASAN: use-after-free Write in fput (has report)
      11  KASAN: null-ptr-deref Write in sock_kfree_s (has report)
      12  WARNING in ipgre_xmit (has report)
      12  VFS: Close: file count is zero (use-after-free)
      13  KASAN: use-after-free Write in fput (3) (has report)
      14  KASAN: use-after-free Write in fput (2) (has report)
      14  WARNING in ipgre_xmit (has report)
      15  KASAN: use-after-free Write in fput (2) (has report)
***   16  KASAN: use-after-free Read in filp_close (has report)
      16  WARNING in ipgre_xmit (has report)
      16  KASAN: null-ptr-deref Write in io_file_get_normal (has report)
The bug was found.
Find-only complete.
