./bin/meerkat -i 1 -c /home/author/meerkat/wd-meerkat-1/meerkat.cfg -a ba0ad6ed89fd5dada3b7b65ef2b08e95d449d4ab -F ff-test,find-only -m 20
Bisecting:          possible deadlock in static_key_slow_inc
Syzbot Link:        https://syzkaller.appspot.com/bug?extid=c39682e86c9d84152f93
Working Name:       bug0870

Aliases:
    possible deadlock in static_key_slow_inc

Anchor Commit:      ba0ad6ed89fd5dada3b7b65ef2b08e95d449d4ab
Repository:         https://git.kernel.org/pub/scm/linux/kernel/git/torvalds/linux.git
Branch:             master
Arch:               amd64

Meerkat:            /home/author/meerkat/
Version:            1.2.0
Kernel:             /home/author/meerkat/wd-meerkat-1/kernel/
Syzkaller:          /home/author/meerkat/syzkaller/
Compilers:          /home/author/meerkat/compilers/
Compiler:           gcc (Ubuntu 12.3.0-1ubuntu1~22.04.3) 12.3.0
Linker:             GNU ld (GNU Binutils for Ubuntu) 2.38
Ccache:             ccache version 4.5.1
Image:              /home/author/meerkat/image/stretch/stretch.img
Image Key:          /home/author/meerkat/image/stretch/stretch.id_rsa

Workdir:            /home/author/meerkat/wd-meerkat-1/
Kconfig:            /home/author/meerkat/wd-meerkat-1/config-bug0870.txt
Reproducers: (3)    /home/author/meerkat/wd-meerkat-1/reproducers/
Syzkaller Workdir:  /home/author/meerkat/wd-meerkat-1/wd-kaller/
Log Directory:      /home/author/meerkat/wd-meerkat-1/log/

Syscalls: (7)       ["mkdirat$cgroup", "mkdirat$cgroup_root", "openat$cgroup_freezer_state", "openat$cgroup_root", "write$cgroup_freezer_state", "ioctl$F2FS_IOC_START_ATOMIC_WRITE", "openat$selinux_enforce"]
VM Count:           8
CPU Count:          2
Procs:              16
Memory:             4096
Make Procs:         16
Max Time:           20
Max Attempts:       1

==== Anchor Commit ====

2026-04-18 17:44:54
Session:   1
Kernel:    2023-05-08 - ba0ad6ed89fd5dada3b7b65ef2b08e95d449d4ab
Compiler:  ccache gcc
Attempt 1:
    Time  Bug Name
       5  WARNING: ODEBUG bug in netdev_run_todo (has report)
Attempt 2: (RETRY)
    No crashes found.
Attempt 3: (RETRY)
    No crashes found.
The bug was not found.
Find-only complete.
