./bin/meerkat -i 1 -c /home/syzretrospector/meerkat/wd-meerkat-1/meerkat.cfg -a 98b1cc82c4affc16f5598d4fa14b1858671b2263 -F ff-test,find-only -m 20
Bisecting:          WARNING in ext4_dio_write_end_io
Syzbot Link:        https://syzkaller.appspot.com/bug?extid=47479b71cdfc78f56d30
Working Name:       bug0783

Aliases:
    WARNING in ext4_dio_write_end_io

Anchor Commit:      98b1cc82c4affc16f5598d4fa14b1858671b2263
Repository:         https://git.kernel.org/pub/scm/linux/kernel/git/torvalds/linux.git
Branch:             master
Arch:               amd64

Meerkat:            /home/syzretrospector/meerkat/
Version:            1.2.0
Kernel:             /home/syzretrospector/meerkat/wd-meerkat-1/kernel/
Syzkaller:          /home/syzretrospector/meerkat/syzkaller/
Compilers:          /home/syzretrospector/meerkat/compilers/
Compiler:           gcc (Ubuntu 12.3.0-1ubuntu1~22.04.3) 12.3.0
Linker:             GNU ld (GNU Binutils for Ubuntu) 2.38
Ccache:             ccache version 4.5.1
Image:              /home/syzretrospector/meerkat/image/stretch/stretch.img
Image Key:          /home/syzretrospector/meerkat/image/stretch/stretch.id_rsa

Workdir:            /home/syzretrospector/meerkat/wd-meerkat-1/
Kconfig:            /home/syzretrospector/meerkat/wd-meerkat-1/config-bug0783.txt
Reproducers: (1)    /home/syzretrospector/meerkat/wd-meerkat-1/reproducers/
Primary PoC:        /home/syzretrospector/meerkat/wd-meerkat-1/reproducers/repro-bug0783-1.prog
Syzkaller Workdir:  /home/syzretrospector/meerkat/wd-meerkat-1/wd-kaller/
Log Directory:      /home/syzretrospector/meerkat/wd-meerkat-1/log/

Syscalls: (7)       ["creat", "fcntl$setstatus", "ftruncate", "io_setup", "io_submit", "syncfs", "eventfd"]
VM Count:           4
CPU Count:          4
Procs:              24
Memory:             4096
Make Procs:         16
Max Time:           20
Max Attempts:       1

==== Anchor Commit ====

2026-04-18 04:45:15
Session:   1
Kernel:    2023-11-19 - 98b1cc82c4affc16f5598d4fa14b1858671b2263
Compiler:  ccache gcc
Attempt 1:
    No crashes found.
Attempt 2: (RETRY)
    No crashes found.
Attempt 3: (RETRY)
    No crashes found.
The bug was not found.
Find-only complete.
