WARNING in change_protection,https://syzkaller.appspot.com/bug?extid=2b9b4f0895be09a6dec3
Repository: linux
Arch: amd64
Finding: 2022-09-29 - 987a926c1d8a40e4256953b04771fbdb63bc7938
Guilty:  2022-05-13 - b1f9e876862d8f7176299ec4fb2108bc1045cbc8
No Duplicates
Single Proc Allocation
VMs:8
CPUs:2
Procs:16
Max time:30
Max attempts:3
Testing the finding commit.

2024-06-07 11:44:57
Session:   1
Template:  2022-09-30 - feb5635181eb12a6e3516172a3f5af06a3bc93e1
Syzkaller: 2022-09-30 - feb5635181eb12a6e3516172a3f5af06a3bc93e1
Kernel:    2022-09-29 - 987a926c1d8a40e4256953b04771fbdb63bc7938
Compiler:  gcc-10.2.1-20210110
Attempt 1:
    Time  Bug Name
***    2  WARNING in change_protection
Attempt 2:
    Time  Bug Name
***    2  WARNING in change_protection
Attempt 3:
    Time  Bug Name
***    2  WARNING in change_protection
The bug was found.

New Max Time: 10.
No Merge Commit.

==== Template Retrospection ====
6 template changes in [2022-05-13, 2022-09-30].

2024-06-07 12:07:34
Session:   2
Template:  2022-07-13 - 5d921b0849eb1958da5e91793b7795131d28b54c
Syzkaller: 2022-07-13 - 5d921b0849eb1958da5e91793b7795131d28b54c
Kernel:    2022-07-13 - 4a57a8400075bc5287c5c877702c68aeae2a033d
Compiler:  gcc-10.2.1-20210110
Attempt 1:
    Time  Bug Name
***    2  WARNING in change_protection
The bug was found.

2024-06-07 12:22:09
Session:   3
Template:  2022-06-02 - 9305d4f6a615844e1e610074e97c8ade3b138e06
Syzkaller: 2022-06-02 - 9305d4f6a615844e1e610074e97c8ade3b138e06
Kernel:    2022-06-02 - 50fd82b3a9a9335df5d50c7ddcb81c81d358c4fc
Compiler:  gcc-10.2.1-20210110
Attempt 1:
    Time  Bug Name
***    1  WARNING in change_protection
The bug was found.

2024-06-07 12:35:29
Session:   4
Template:  2022-06-02 - ff1f215e653ff17702cc30338944a018bf976486
Syzkaller: 2022-06-02 - ff1f215e653ff17702cc30338944a018bf976486
Kernel:    2022-06-02 - 50fd82b3a9a9335df5d50c7ddcb81c81d358c4fc
Compiler:  gcc-10.2.1-20210110
Attempt 1:
    Time  Bug Name
***    2  WARNING in change_protection
The bug was found.

2024-06-07 12:49:22
Session:   5
Template:  2022-05-12 - 9ad6612a0a3b4ab403e6db3bafc65dc098e83fc3
Syzkaller: 2022-06-02 - ff1f215e653ff17702cc30338944a018bf976486
Kernel:    2022-06-02 - 50fd82b3a9a9335df5d50c7ddcb81c81d358c4fc
Attempt 1:
    Time  Bug Name
***    2  WARNING in change_protection
The bug was found.

==== Kernel Retrospection ====
230 Linux commits in [2022-05-13, 2022-06-02].

2024-06-07 12:51:45
Session:   6
Template:  2022-05-19 - cb1ac2e75516d296f0ed6884292eeb72916a6271
Syzkaller: 2022-05-19 - cb1ac2e75516d296f0ed6884292eeb72916a6271
Kernel:    2022-05-19 - 133d2743ef93ea8a979832d2ac72fb9d331045f3
Compiler:  gcc-10.2.1-20210110
Attempt 1:
    Time  Bug Name
***    2  WARNING in change_protection
The bug was found.

2024-06-07 13:06:50
Session:   7
Template:  2022-05-13 - 107f6434d376c0f6f108e7b1dccfedea7f0fcfa0
Syzkaller: 2022-05-13 - 107f6434d376c0f6f108e7b1dccfedea7f0fcfa0
Kernel:    2022-05-13 - 2e7dc2b632a324c670ff11dd6c84d711043c683f
Compiler:  gcc-10.2.1-20210110
Attempt 1:
    Time  Bug Name
***    2  WARNING in change_protection
The bug was found.

2024-06-07 13:22:06
Session:   8
Template:  2022-05-13 - 107f6434d376c0f6f108e7b1dccfedea7f0fcfa0
Syzkaller: 2022-05-13 - 107f6434d376c0f6f108e7b1dccfedea7f0fcfa0
Kernel:    2022-05-13 - dfe98499ef288ac730662a70110bcadaa67c0ee0
Compiler:  gcc-10.2.1-20210110
Attempt 1:
    Time  Bug Name
***    2  WARNING in change_protection
The bug was found.

2024-06-07 13:37:33
Session:   9
Template:  2022-05-13 - 107f6434d376c0f6f108e7b1dccfedea7f0fcfa0
Syzkaller: 2022-05-13 - 107f6434d376c0f6f108e7b1dccfedea7f0fcfa0
Kernel:    2022-05-13 - 11ac3e87ce09c27f4587a8c4fe0829d814021a82
Compiler:  gcc-10.2.1-20210110
Attempt 1:
    Time  Bug Name
***    2  WARNING in change_protection
The bug was found.

2024-06-07 13:53:37
Session:   10
Template:  2022-05-13 - 107f6434d376c0f6f108e7b1dccfedea7f0fcfa0
Syzkaller: 2022-05-13 - 107f6434d376c0f6f108e7b1dccfedea7f0fcfa0
Kernel:    2022-05-13 - 72b1e03aa7255094d15752952a7e56c5f39b6e37
Compiler:  gcc-10.2.1-20210110
Attempt 1:
    Time  Bug Name
***    2  WARNING in change_protection
The bug was found.

2024-06-07 14:09:20
Session:   11
Template:  2022-05-13 - 107f6434d376c0f6f108e7b1dccfedea7f0fcfa0
Syzkaller: 2022-05-13 - 107f6434d376c0f6f108e7b1dccfedea7f0fcfa0
Kernel:    2022-05-13 - 1bf0831383c6b372ff870d061ee62156635035c2
Compiler:  gcc-10.2.1-20210110
Attempt 1:
    Time  Bug Name
***    2  WARNING in change_protection
The bug was found.

2024-06-07 14:23:08
Session:   12
Template:  2022-05-13 - 107f6434d376c0f6f108e7b1dccfedea7f0fcfa0
Syzkaller: 2022-05-13 - 107f6434d376c0f6f108e7b1dccfedea7f0fcfa0
Kernel:    2022-05-13 - 81e0f15f2ef6dad7ccb9c03d8e61ef7ded836b38
Compiler:  gcc-10.2.1-20210110
Attempt 1:
    Time  Bug Name
***    2  WARNING in change_protection
The bug was found.

2024-06-07 14:36:54
Session:   13
Template:  2022-05-13 - 107f6434d376c0f6f108e7b1dccfedea7f0fcfa0
Syzkaller: 2022-05-13 - 107f6434d376c0f6f108e7b1dccfedea7f0fcfa0
Kernel:    2022-05-13 - b1f9e876862d8f7176299ec4fb2108bc1045cbc8
Compiler:  gcc-10.2.1-20210110
Attempt 1:
    Time  Bug Name
***    2  WARNING in change_protection
The bug was found.

== Confirming the bisected commit ==

2024-06-07 14:51:49
Session:   14
Template:  2022-05-13 - 107f6434d376c0f6f108e7b1dccfedea7f0fcfa0
Syzkaller: 2022-05-13 - 107f6434d376c0f6f108e7b1dccfedea7f0fcfa0
Kernel:    2022-05-13 - b1f9e876862d8f7176299ec4fb2108bc1045cbc8
The bug was found in a previous identical fuzzing session.

====================================================================================================================================================
Revealing Factor:   Guilty Commit
Version:            2022-05-13 - b1f9e876862d8f7176299ec4fb2108bc1045cbc8
Commit Name:        mm/uffd: enable write protection for shmem & hugetlbfs

Bug Name:           WARNING in change_protection
Bug Link:           https://syzkaller.appspot.com/bug?extid=2b9b4f0895be09a6dec3
Arch:               amd64
Finding Date:       2022-09-30
Finding Commit:     2022-09-29 - 987a926c1d8a40e4256953b04771fbdb63bc7938
Guilty Merge:       None
Guilty Commit:      2022-05-13 - b1f9e876862d8f7176299ec4fb2108bc1045cbc8

Possible Blocking Bugs:
