WARNING: bad unlock balance in ucma_event_handler,https://syzkaller.appspot.com/bug?extid=e5579222b6a3edd96522
Repository: linux
Arch: amd64
Finding: 2018-05-18 - 73fcb1a370c76b202d406e95d9dabb76eaccf484
Guilty:  2006-12-12 - 75216638572f53612304c05a374f0246fe1d16da
Duplicate Names:
    WARNING: bad unlock balance in ucma_event_handler
    WARNING: bad unlock balance in ucma_destroy_id
    KASAN: use-after-free Read in addr_handler
    KASAN: use-after-free Read in cma_cancel_operation
    KASAN: use-after-free Read in rdma_listen
    KASAN: use-after-free Read in __list_del_entry_valid
    general protection fault in rdma_listen
    BUG: corrupted list in rdma_listen
Single Proc Allocation
VMs:8
CPUs:2
Procs:16
Max time:30
Max attempts:3
Testing the finding commit.

2024-06-21 22:04:33
Session:   1
Template:  2018-05-19 - f48c20b8f9b2a6c26629f11cc15e1c9c316572c8
Syzkaller: 2018-05-19 - f48c20b8f9b2a6c26629f11cc15e1c9c316572c8
Kernel:    2018-05-19 - 73fcb1a370c76b202d406e95d9dabb76eaccf484
Compiler:  gcc-8.0.1-20180412
Attempt 1:
    No crashes found.
Attempt 2:
    Time  Bug Name
       6  lost connection to test machine
      29  lost connection to test machine
Attempt 3:
    Time  Bug Name
      12  lost connection to test machine
***   19  KASAN: use-after-free Read in rdma_listen
Attempt 4: (RETRY)
    Time  Bug Name
***   15  KASAN: use-after-free Read in rdma_listen
Attempt 5: (RETRY)
    Time  Bug Name
***    1  WARNING: bad unlock balance in ucma_event_handler
The bug was found.

New Max Time: 29.
Merge Commit: 2006-12-13 - b1ef951e8199d1c59f14dbe0fa22974ed57a3b48.

==== Template Retrospection ====
44 template changes in [2017-07-22, 2018-05-19].

2024-06-21 23:58:39
Session:   2
Template:  2018-02-19 - 4b696a5daf040e6930be366eb66ab28401788932
Syzkaller: 2018-02-19 - 4b696a5daf040e6930be366eb66ab28401788932
Kernel:    2018-02-19 - 79c0ef3e85c015b0921a8fd5dd539d1480e9cd6c
Compiler:  gcc-8.0.1-20180301
Attempt 1:
    Time  Bug Name
       4  WARNING in tracepoint_probe_register_prio
       5  INFO: task hung in lock_sock_nested
       5  INFO: task hung in lock_sock_nested
       5  INFO: task hung in lock_sock_nested
       6  WARNING in tracepoint_probe_register_prio
       6  no output from test machine
       9  INFO: task hung in lock_sock_nested
      19  lost connection to test machine
      19  lost connection to test machine
      20  lost connection to test machine
      20  lost connection to test machine
      20  lost connection to test machine
      20  lost connection to test machine
      21  lost connection to test machine
      21  lost connection to test machine
Attempt 2:
    Time  Bug Name
       2  WARNING in tracepoint_probe_register_prio
       5  INFO: task hung in lock_sock_nested
       5  INFO: task hung in lock_sock_nested
       5  INFO: task hung in lock_sock_nested
       5  INFO: task hung in lock_sock_nested
       8  no output from test machine
      12  no output from test machine
      12  no output from test machine
      12  no output from test machine
      25  INFO: task hung in lock_sock_nested
Attempt 3:
    Time  Bug Name
       3  WARNING in tracepoint_probe_register_prio
       3  WARNING in tracepoint_probe_register_prio
       3  WARNING in tracepoint_probe_register_prio
       5  no output from test machine
       7  INFO: task hung in lock_sock_nested
      11  no output from test machine
      19  INFO: task hung in lock_sock_nested
Attempt 4: (RETRY)
    Time  Bug Name
       3  WARNING in tracepoint_probe_register_prio
       4  WARNING in tracepoint_probe_register_prio
       5  INFO: task hung in lock_sock_nested
       7  INFO: task hung in lock_sock_nested
The bug was not found.

2024-06-22 02:03:16
Session:   3
Template:  2018-03-25 - 2675f920652cc9218b4b3dc513c76b0546a5a5ae
Syzkaller: 2018-03-25 - 2675f920652cc9218b4b3dc513c76b0546a5a5ae
Kernel:    2018-03-25 - 3eb2ce825ea1ad89d20f7a3b5780df850e4be274
Compiler:  gcc-8.0.1-20180301
Attempt 1:
    Time  Bug Name
       2  general protection fault in rdma_init_qp_attr
       2  general protection fault in rdma_init_qp_attr
       2  general protection fault in rdma_init_qp_attr
       2  general protection fault in rdma_init_qp_attr
       3  general protection fault in rdma_init_qp_attr
       3  general protection fault in rdma_init_qp_attr
       3  general protection fault in rdma_init_qp_attr
       5  general protection fault in rdma_init_qp_attr
       6  general protection fault in rdma_init_qp_attr
       6  general protection fault in rdma_init_qp_attr
       6  general protection fault in rdma_init_qp_attr
       6  general protection fault in rdma_init_qp_attr
       6  general protection fault in rdma_init_qp_attr
       7  general protection fault in rdma_init_qp_attr
       7  WARNING in tracepoint_probe_register_prio
       7  KASAN: stack-out-of-bounds Read in rdma_bind_addr
       8  general protection fault in rdma_init_qp_attr
       8  general protection fault in rdma_init_qp_attr
       8  WARNING in tracepoint_probe_register_prio
       9  general protection fault in rdma_init_qp_attr
       9  general protection fault in rdma_init_qp_attr
       9  general protection fault in rdma_init_qp_attr
       9  general protection fault in rdma_init_qp_attr
       9  general protection fault in rdma_init_qp_attr
      10  general protection fault in rdma_init_qp_attr
      10  general protection fault in rdma_init_qp_attr
      10  general protection fault in rdma_init_qp_attr
      11  general protection fault in rdma_init_qp_attr
      11  general protection fault in rdma_init_qp_attr
      11  general protection fault in rdma_init_qp_attr
      12  general protection fault in rdma_init_qp_attr
      12  general protection fault in rdma_init_qp_attr
      12  general protection fault in rdma_init_qp_attr
      12  general protection fault in rdma_init_qp_attr
      13  general protection fault in rdma_init_qp_attr
      13  general protection fault in rdma_init_qp_attr
      14  general protection fault in rdma_init_qp_attr
      14  general protection fault in rdma_init_qp_attr
      14  general protection fault in rdma_init_qp_attr
      14  general protection fault in rdma_init_qp_attr
      14  general protection fault in rdma_init_qp_attr
      14  general protection fault in rdma_init_qp_attr
      15  general protection fault in rdma_init_qp_attr
      15  general protection fault in rdma_init_qp_attr
      16  general protection fault in rdma_init_qp_attr
      16  general protection fault in rdma_init_qp_attr
      16  general protection fault in rdma_init_qp_attr
      16  general protection fault in rdma_init_qp_attr
      17  general protection fault in rdma_init_qp_attr
      17  general protection fault in rdma_init_qp_attr
      17  general protection fault in rdma_init_qp_attr
      18  general protection fault in rdma_init_qp_attr
      18  general protection fault in rdma_init_qp_attr
      18  general protection fault in rdma_init_qp_attr
      18  general protection fault in rdma_init_qp_attr
      18  general protection fault in rdma_init_qp_attr
      18  general protection fault in rdma_init_qp_attr
      19  general protection fault in rdma_init_qp_attr
      19  general protection fault in rdma_init_qp_attr
      19  general protection fault in rdma_init_qp_attr
      19  general protection fault in rdma_init_qp_attr
      20  general protection fault in rdma_init_qp_attr
      20  general protection fault in rdma_init_qp_attr
      21  general protection fault in rdma_init_qp_attr
      21  general protection fault in rdma_init_qp_attr
      21  general protection fault in rdma_init_qp_attr
      22  general protection fault in rdma_init_qp_attr
      22  general protection fault in rdma_init_qp_attr
      22  general protection fault in rdma_init_qp_attr
      23  general protection fault in rdma_init_qp_attr
      23  general protection fault in rdma_init_qp_attr
      24  general protection fault in rdma_init_qp_attr
      24  general protection fault in rdma_init_qp_attr
      24  general protection fault in rdma_init_qp_attr
      25  general protection fault in rdma_init_qp_attr
      25  general protection fault in rdma_init_qp_attr
      25  general protection fault in rdma_init_qp_attr
      26  general protection fault in rdma_init_qp_attr
      26  general protection fault in rdma_init_qp_attr
      26  general protection fault in rdma_init_qp_attr
      26  general protection fault in rdma_init_qp_attr
      26  general protection fault in rdma_init_qp_attr
      27  general protection fault in rdma_init_qp_attr
      27  general protection fault in rdma_init_qp_attr
      28  general protection fault in rdma_init_qp_attr
      28  general protection fault in rdma_init_qp_attr
      28  general protection fault in rdma_init_qp_attr
      28  general protection fault in rdma_init_qp_attr
      29  general protection fault in rdma_init_qp_attr
      29  general protection fault in rdma_init_qp_attr
Attempt 2:
    Time  Bug Name
       2  general protection fault in rdma_init_qp_attr
       3  general protection fault in rdma_init_qp_attr
       3  WARNING in tracepoint_probe_register_prio
       4  general protection fault in rdma_init_qp_attr
       6  general protection fault in rdma_init_qp_attr
       7  general protection fault in rdma_init_qp_attr
       9  general protection fault in rdma_init_qp_attr
       9  general protection fault in rdma_init_qp_attr
       9  kernel BUG at lib/string.c:LINE!
      10  general protection fault in rdma_init_qp_attr
      10  general protection fault in rdma_init_qp_attr
      10  general protection fault in rdma_init_qp_attr
      11  general protection fault in rdma_init_qp_attr
      11  general protection fault in rdma_init_qp_attr
      11  general protection fault in rdma_init_qp_attr
      12  general protection fault in rdma_init_qp_attr
      13  general protection fault in rdma_init_qp_attr
      14  general protection fault in rdma_init_qp_attr
      14  general protection fault in rdma_init_qp_attr
      14  general protection fault in rdma_init_qp_attr
      15  general protection fault in rdma_init_qp_attr
      16  general protection fault in rdma_init_qp_attr
      16  general protection fault in rdma_init_qp_attr
      16  general protection fault in rdma_init_qp_attr
      16  general protection fault in rdma_init_qp_attr
      16  general protection fault in rdma_init_qp_attr
      16  general protection fault in rdma_init_qp_attr
      17  general protection fault in rdma_init_qp_attr
      17  general protection fault in rdma_init_qp_attr
      18  KASAN: use-after-free Read in __list_add_valid
      18  general protection fault in rdma_init_qp_attr
      18  general protection fault in rdma_init_qp_attr
      19  general protection fault in rdma_init_qp_attr
      19  general protection fault in rdma_init_qp_attr
      19  general protection fault in rdma_init_qp_attr
      19  general protection fault in rdma_init_qp_attr
      20  general protection fault in rdma_init_qp_attr
      20  general protection fault in rdma_init_qp_attr
      20  general protection fault in rdma_init_qp_attr
      21  general protection fault in rdma_init_qp_attr
      21  general protection fault in rdma_init_qp_attr
      21  general protection fault in rdma_init_qp_attr
      22  general protection fault in rdma_init_qp_attr
      22  general protection fault in rdma_init_qp_attr
      22  general protection fault in rdma_init_qp_attr
      23  general protection fault in rdma_init_qp_attr
      23  general protection fault in rdma_init_qp_attr
      23  general protection fault in rdma_init_qp_attr
      24  general protection fault in rdma_init_qp_attr
      24  general protection fault in rdma_init_qp_attr
      25  general protection fault in rdma_init_qp_attr
      25  general protection fault in rdma_init_qp_attr
      25  general protection fault in rdma_init_qp_attr
      26  general protection fault in rdma_init_qp_attr
      26  general protection fault in rdma_init_qp_attr
      26  general protection fault in rdma_init_qp_attr
      26  general protection fault in rdma_init_qp_attr
      26  general protection fault in rdma_init_qp_attr
      27  general protection fault in rdma_init_qp_attr
      27  general protection fault in rdma_init_qp_attr
      27  general protection fault in rdma_init_qp_attr
      28  general protection fault in rdma_init_qp_attr
      28  general protection fault in rdma_init_qp_attr
      28  general protection fault in rdma_init_qp_attr
      28  general protection fault in rdma_init_qp_attr
      28  general protection fault in rdma_init_qp_attr
      29  general protection fault in rdma_init_qp_attr
Attempt 3:
    Time  Bug Name
       3  KASAN: stack-out-of-bounds Read in rdma_resolve_addr
       4  WARNING in tracepoint_probe_register_prio
       5  KASAN: stack-out-of-bounds Read in rdma_resolve_addr
       5  general protection fault in rdma_init_qp_attr
       6  general protection fault in rdma_init_qp_attr
       6  general protection fault in rdma_init_qp_attr
       6  kernel BUG at lib/string.c:LINE!
       6  WARNING in tracepoint_probe_register_prio
       7  general protection fault in rdma_init_qp_attr
       7  general protection fault in rdma_init_qp_attr
       7  general protection fault in rdma_init_qp_attr
       8  general protection fault in rdma_init_qp_attr
       8  general protection fault in rdma_init_qp_attr
       8  general protection fault in rdma_init_qp_attr
       9  general protection fault in rdma_init_qp_attr
       9  general protection fault in rdma_init_qp_attr
      10  general protection fault in rdma_init_qp_attr
      10  general protection fault in rdma_init_qp_attr
      10  general protection fault in rdma_init_qp_attr
      10  general protection fault in rdma_init_qp_attr
      11  general protection fault in rdma_init_qp_attr
      11  general protection fault in rdma_init_qp_attr
      11  general protection fault in rdma_init_qp_attr
      11  general protection fault in rdma_init_qp_attr
      11  general protection fault in rdma_init_qp_attr
      11  general protection fault in rdma_init_qp_attr
      11  general protection fault in rdma_init_qp_attr
      12  general protection fault in rdma_init_qp_attr
      13  general protection fault in rdma_init_qp_attr
      13  general protection fault in rdma_init_qp_attr
      14  general protection fault in rdma_init_qp_attr
      14  general protection fault in rdma_init_qp_attr
      15  general protection fault in rdma_init_qp_attr
      15  general protection fault in rdma_init_qp_attr
      15  general protection fault in rdma_init_qp_attr
      15  general protection fault in rdma_init_qp_attr
      15  no output from test machine
      16  general protection fault in rdma_init_qp_attr
      16  general protection fault in rdma_init_qp_attr
      16  general protection fault in rdma_init_qp_attr
      17  general protection fault in rdma_init_qp_attr
      17  general protection fault in rdma_init_qp_attr
      18  general protection fault in rdma_init_qp_attr
      18  general protection fault in rdma_init_qp_attr
      18  general protection fault in rdma_init_qp_attr
      18  general protection fault in rdma_init_qp_attr
      19  general protection fault in rdma_init_qp_attr
      19  general protection fault in rdma_init_qp_attr
      19  general protection fault in rdma_init_qp_attr
      19  general protection fault in rdma_init_qp_attr
      20  general protection fault in rdma_init_qp_attr
      20  general protection fault in rdma_init_qp_attr
      20  general protection fault in rdma_init_qp_attr
      21  general protection fault in rdma_init_qp_attr
      21  general protection fault in rdma_init_qp_attr
      21  general protection fault in rdma_init_qp_attr
      22  general protection fault in rdma_init_qp_attr
      22  general protection fault in rdma_init_qp_attr
      22  general protection fault in rdma_init_qp_attr
      23  general protection fault in rdma_init_qp_attr
      23  general protection fault in rdma_init_qp_attr
      23  general protection fault in rdma_init_qp_attr
      24  KASAN: use-after-free Read in __list_add_valid
      24  general protection fault in rdma_init_qp_attr
      24  general protection fault in rdma_init_qp_attr
      25  general protection fault in rdma_init_qp_attr
      25  general protection fault in rdma_init_qp_attr
      26  KASAN: stack-out-of-bounds Read in rdma_resolve_addr
      26  general protection fault in rdma_init_qp_attr
      26  general protection fault in rdma_init_qp_attr
      26  general protection fault in rdma_init_qp_attr
      26  general protection fault in rdma_init_qp_attr
      27  general protection fault in rdma_init_qp_attr
      27  general protection fault in rdma_init_qp_attr
      27  general protection fault in rdma_init_qp_attr
      27  general protection fault in rdma_init_qp_attr
      28  general protection fault in rdma_init_qp_attr
      28  general protection fault in rdma_init_qp_attr
      28  general protection fault in rdma_init_qp_attr
      29  general protection fault in rdma_init_qp_attr
      29  general protection fault in rdma_init_qp_attr
      29  general protection fault in rdma_init_qp_attr
The bug was not found.

2024-06-22 03:39:32
Session:   4
Template:  2018-04-19 - d1b2ef6921ec6c47d2e8b856a6558023cc1c930e
Syzkaller: 2018-04-19 - d1b2ef6921ec6c47d2e8b856a6558023cc1c930e
Kernel:    2018-04-18 - 87ef12027b9b1dd0e0b12cf311fbcb19f9d92539
Compiler:  gcc-8.0.1-20180412
Attempt 1:
    Time  Bug Name
       7  no output from test machine
***    9  KASAN: use-after-free Read in rdma_listen
The bug was found.

2024-06-22 03:57:43
Session:   5
Template:  2018-04-11 - 9cd56d71a84c470aa92422144a76d42c8ff6d11d
Syzkaller: 2018-04-11 - 9cd56d71a84c470aa92422144a76d42c8ff6d11d
Kernel:    2018-04-11 - 96973767594fe9c5d8a7e8fc594c9e565ab0374e
Compiler:  gcc-8.0.1-20180301
Attempt 1:
    Time  Bug Name
       5  WARNING in tracepoint_probe_register_prio
       8  WARNING in tracepoint_probe_register_prio
       9  WARNING in tracepoint_probe_register_prio
      10  WARNING in tracepoint_probe_register_prio
      12  WARNING in tracepoint_probe_register_prio
      25  KASAN: stack-out-of-bounds Read in __free_filter
      28  WARNING in tracepoint_probe_register_prio
      29  WARNING in tracepoint_probe_register_prio
      29  WARNING in tracepoint_probe_register_prio
Attempt 2:
    Time  Bug Name
       8  lost connection to test machine
Attempt 3:
    Time  Bug Name
       7  KASAN: use-after-free Read in uprobe_perf_close
      18  WARNING in tracepoint_probe_register_prio
Attempt 4: (RETRY)
    Time  Bug Name
       6  WARNING in tracepoint_probe_register_prio
      11  WARNING in tracepoint_probe_register_prio
      14  lost connection to test machine
      15  KASAN: use-after-free Read in tipc_sub_unsubscribe
      15  WARNING in tracepoint_probe_register_prio
      15  WARNING in tracepoint_probe_register_prio
      16  WARNING in tracepoint_probe_register_prio
      18  KASAN: use-after-free Read in tipc_sub_unsubscribe
      29  WARNING in tracepoint_probe_register_prio
Attempt 5: (RETRY)
    Time  Bug Name
       4  WARNING in tracepoint_probe_register_prio
      12  WARNING in tracepoint_probe_register_prio
      13  WARNING in tracepoint_probe_register_prio
      14  WARNING in tracepoint_probe_register_prio
      27  WARNING in tracepoint_probe_register_prio
The bug was not found.
Warning: This session is unstable.

2024-06-22 06:31:05
Session:   6
Template:  2018-04-13 - 0a0c5db668972ea332ee720d81f9c67616340845
Syzkaller: 2018-04-13 - 0a0c5db668972ea332ee720d81f9c67616340845
Kernel:    2018-04-13 - 48023102b7078a6674516b1fe0d639669336049d
Compiler:  gcc-8.0.1-20180412
Attempt 1:
    Time  Bug Name
       5  WARNING in tracepoint_probe_register_prio
       6  WARNING in tracepoint_probe_register_prio
      20  WARNING in tracepoint_probe_register_prio
      20  WARNING in tracepoint_probe_register_prio
      24  WARNING in tracepoint_probe_register_prio
Attempt 2:
    Time  Bug Name
       5  WARNING in tracepoint_probe_register_prio
       5  WARNING in tracepoint_probe_register_prio
       7  INFO: task hung in ucma_destroy_id
      18  lost connection to test machine
Attempt 3:
    Time  Bug Name
       5  WARNING in tracepoint_probe_register_prio
       6  WARNING in tracepoint_probe_register_prio
       6  WARNING in tracepoint_probe_register_prio
      16  WARNING in tracepoint_probe_register_prio
      19  WARNING in tracepoint_probe_register_prio
      20  WARNING in tracepoint_probe_register_prio
      24  lost connection to test machine
      26  lost connection to test machine
      27  lost connection to test machine
Attempt 4: (RETRY)
    Time  Bug Name
      23  WARNING in tracepoint_probe_register_prio
      24  WARNING in tracepoint_probe_register_prio
      28  WARNING in tracepoint_probe_register_prio
Attempt 5: (RETRY)
    Time  Bug Name
       6  WARNING in tracepoint_probe_register_prio
       8  WARNING in tracepoint_probe_register_prio
       9  WARNING in tracepoint_probe_register_prio
      16  WARNING in tracepoint_probe_register_prio
      19  WARNING in tracepoint_probe_register_prio
The bug was not found.
Warning: This session is unstable.

2024-06-22 09:05:29
Session:   7
Template:  2018-04-13 - 0a0c5db668972ea332ee720d81f9c67616340845
Syzkaller: 2018-04-19 - d1b2ef6921ec6c47d2e8b856a6558023cc1c930e
Kernel:    2018-04-18 - 87ef12027b9b1dd0e0b12cf311fbcb19f9d92539
Compiler:  gcc-8.0.1-20180412
Attempt 1:
    Time  Bug Name
***    3  KASAN: use-after-free Read in cma_cancel_operation
The bug was found.

==== Kernel Retrospection ====
36 Linux commits in [2018-04-13, 2018-04-18].

2024-06-22 09:17:59
Session:   8
Template:  2018-04-13 - 7a67784ca8bdc3b26cce2f0ec9a40d2dd9ec9396
Syzkaller: 2018-04-13 - 7a67784ca8bdc3b26cce2f0ec9a40d2dd9ec9396
Kernel:    2018-04-14 - 18b7fd1c93e5204355ddbf2608a097d64df81b88
Compiler:  gcc-8.0.1-20180412
Attempt 1:
    Time  Bug Name
       5  WARNING in tracepoint_probe_register_prio
      10  WARNING in tracepoint_probe_register_prio
      13  WARNING in tracepoint_probe_register_prio
      26  no output from test machine
      27  WARNING in tracepoint_probe_register_prio
      27  lost connection to test machine
      29  WARNING in tracepoint_probe_register_prio
Attempt 2:
    Time  Bug Name
       4  lost connection to test machine
       6  WARNING in tracepoint_probe_register_prio
       6  WARNING in tracepoint_probe_register_prio
       9  WARNING in tracepoint_probe_register_prio
      10  lost connection to test machine
      15  WARNING in tracepoint_probe_register_prio
      16  WARNING in tracepoint_probe_register_prio
      20  lost connection to test machine
      22  WARNING in tracepoint_probe_register_prio
      22  lost connection to test machine
      23  KASAN: use-after-free Read in tipc_sub_unsubscribe
      26  lost connection to test machine
Attempt 3:
    Time  Bug Name
       9  WARNING in tracepoint_probe_register_prio
      11  WARNING in tracepoint_probe_register_prio
      15  WARNING in tracepoint_probe_register_prio
      18  WARNING in tracepoint_probe_register_prio
Attempt 4: (RETRY)
    Time  Bug Name
      10  WARNING in tracepoint_probe_register_prio
      11  WARNING in tracepoint_probe_register_prio
      13  WARNING in tracepoint_probe_register_prio
      15  WARNING in tracepoint_probe_register_prio
      28  WARNING in tracepoint_probe_register_prio
Attempt 5: (RETRY)
    Time  Bug Name
       5  WARNING in tracepoint_probe_register_prio
       8  WARNING in tracepoint_probe_register_prio
       8  WARNING in tracepoint_probe_register_prio
      12  WARNING in tracepoint_probe_register_prio
      13  KASAN: use-after-free Read in tipc_sub_unsubscribe
      21  WARNING in tracepoint_probe_register_prio
The bug was not found.
Warning: This session is unstable.

2024-06-22 11:51:08
Session:   9
Template:  2018-04-13 - 7a67784ca8bdc3b26cce2f0ec9a40d2dd9ec9396
Syzkaller: 2018-04-13 - 7a67784ca8bdc3b26cce2f0ec9a40d2dd9ec9396
Kernel:    2018-04-13 - f6811370b9266a3d8a21e27cb5f46751f97df2fb
Compiler:  gcc-8.0.1-20180412
Attempt 1:
    Time  Bug Name
***    3  KASAN: use-after-free Read in cma_cancel_operation
The bug was found.

2024-06-22 12:03:25
Session:   10
Template:  2018-04-13 - 7a67784ca8bdc3b26cce2f0ec9a40d2dd9ec9396
Syzkaller: 2018-04-13 - 7a67784ca8bdc3b26cce2f0ec9a40d2dd9ec9396
Kernel:    2018-04-13 - 1bad9ce155a7c010a9a5f3261ad12a6a8eccfb2c
Compiler:  gcc-8.0.1-20180412
Attempt 1:
    Time  Bug Name
       9  KASAN: use-after-free Read in tipc_sub_unsubscribe
      11  WARNING in tracepoint_probe_register_prio
Attempt 2:
    Time  Bug Name
***    4  KASAN: use-after-free Read in cma_cancel_operation
The bug was found.

2024-06-22 12:44:48
Session:   11
Template:  2018-04-13 - 7a67784ca8bdc3b26cce2f0ec9a40d2dd9ec9396
Syzkaller: 2018-04-13 - 7a67784ca8bdc3b26cce2f0ec9a40d2dd9ec9396
Kernel:    2018-04-13 - affb028071492048ce1d8fa37e5e4236152b02cc
Compiler:  gcc-8.0.1-20180412
Attempt 1:
    Time  Bug Name
       8  lost connection to test machine
       9  WARNING in tracepoint_probe_register_prio
***   17  KASAN: use-after-free Read in rdma_listen
The bug was found.

2024-06-22 13:11:40
Session:   12
Template:  2018-04-13 - 7a67784ca8bdc3b26cce2f0ec9a40d2dd9ec9396
Syzkaller: 2018-04-13 - 7a67784ca8bdc3b26cce2f0ec9a40d2dd9ec9396
Kernel:    2018-04-13 - 0c314a95150dce58953ca366c1c66791e424367c
Compiler:  gcc-8.0.1-20180412
Attempt 1:
    Time  Bug Name
       5  WARNING in tracepoint_probe_register_prio
      12  WARNING in tracepoint_probe_register_prio
      15  WARNING in tracepoint_probe_register_prio
      16  WARNING in tracepoint_probe_register_prio
      18  WARNING in tracepoint_probe_register_prio
      22  KASAN: use-after-free Read in tipc_sub_unsubscribe
      23  WARNING in tracepoint_probe_register_prio
Attempt 2:
    Time  Bug Name
       4  WARNING in tracepoint_probe_register_prio
      12  WARNING in tracepoint_probe_register_prio
      14  WARNING in tracepoint_probe_register_prio
      15  WARNING in tracepoint_probe_register_prio
      20  lost connection to test machine
      21  WARNING in tracepoint_probe_register_prio
      21  lost connection to test machine
      28  WARNING in tracepoint_probe_register_prio
      29  WARNING in tracepoint_probe_register_prio
      29  WARNING in tracepoint_probe_register_prio
Attempt 3:
    Time  Bug Name
       5  WARNING in tracepoint_probe_register_prio
      10  KASAN: use-after-free Read in tipc_sub_unsubscribe
      11  WARNING in tracepoint_probe_register_prio
Attempt 4: (RETRY)
    Time  Bug Name
       7  WARNING in tracepoint_probe_register_prio
      16  WARNING in tracepoint_probe_register_prio
      19  WARNING in tracepoint_probe_register_prio
      23  WARNING in tracepoint_probe_register_prio
The bug was not found.

2024-06-22 15:17:27
Session:   13
Template:  2018-04-13 - 7a67784ca8bdc3b26cce2f0ec9a40d2dd9ec9396
Syzkaller: 2018-04-13 - 7a67784ca8bdc3b26cce2f0ec9a40d2dd9ec9396
Kernel:    2018-04-13 - ee9294d6ddbd418807ae49f4ab4e6441c9da2a18
Compiler:  gcc-8.0.1-20180412
Attempt 1:
    Time  Bug Name
       6  WARNING in tracepoint_probe_register_prio
      10  WARNING in tracepoint_probe_register_prio
      24  WARNING in tracepoint_probe_register_prio
      26  WARNING in tracepoint_probe_register_prio
Attempt 2:
    Time  Bug Name
       5  WARNING in tracepoint_probe_register_prio
       8  KASAN: use-after-free Read in tipc_sub_unsubscribe
       8  lost connection to test machine
      10  WARNING in tracepoint_probe_register_prio
***   11  KASAN: use-after-free Read in cma_cancel_operation
The bug was found.

== Confirming the bisected commit ==

2024-06-22 16:06:59
Session:   14
Template:  2018-04-13 - 7a67784ca8bdc3b26cce2f0ec9a40d2dd9ec9396
Syzkaller: 2018-04-13 - 7a67784ca8bdc3b26cce2f0ec9a40d2dd9ec9396
Kernel:    2018-04-13 - ee9294d6ddbd418807ae49f4ab4e6441c9da2a18
The bug was found in a previous identical fuzzing session.

2024-06-22 16:07:00
Session:   15
Template:  2018-04-13 - 7a67784ca8bdc3b26cce2f0ec9a40d2dd9ec9396
Syzkaller: 2018-04-13 - 7a67784ca8bdc3b26cce2f0ec9a40d2dd9ec9396
Kernel:    2018-04-13 - 0c314a95150dce58953ca366c1c66791e424367c
The bug was not found in a previous identical fuzzing session.

====================================================================================================================================================
Revealing Factor:   Kernel Commit
Version:            2018-04-13 - ee9294d6ddbd418807ae49f4ab4e6441c9da2a18
Commit Name:        proc: fixup copyright sign

Bug Name:           WARNING: bad unlock balance in ucma_event_handler
Bug Link:           https://syzkaller.appspot.com/bug?extid=e5579222b6a3edd96522
Arch:               amd64
Finding Date:       2018-05-19
Finding Commit:     2018-05-19 - 73fcb1a370c76b202d406e95d9dabb76eaccf484
Guilty Merge:       2006-12-13 - b1ef951e8199d1c59f14dbe0fa22974ed57a3b48
Guilty Commit:      2006-12-12 - 75216638572f53612304c05a374f0246fe1d16da

Possible Blocking Bugs:
    WARNING in tracepoint_probe_register_prio
    INFO: task hung in lock_sock_nested
    general protection fault in rdma_init_qp_attr
