WARNING in __nf_unregister_net_hook,https://syzkaller.appspot.com/bug?extid=de4025c006ec68ac56fc
Repository: linux
Arch: amd64
Finding: 2023-09-24 - 6465e260f48790807eef06b583b38ca9789b6072
Guilty:  2021-05-24 - 179d9ba5559a756f4322583388b3213fe4e391b0
No Duplicates
Default Allocation.
VMs:4
CPUs:4
Procs:24
Max time:30
Max attempts:3
Testing the finding commit.

2024-06-04 00:02:55
Session:   1
Template:  2023-09-13 - 0b6a67ac4b0dc26f43030c5edd01c9175f13b784
Syzkaller: 2023-09-13 - 0b6a67ac4b0dc26f43030c5edd01c9175f13b784
Kernel:    2023-09-24 - 6465e260f48790807eef06b583b38ca9789b6072
Compiler:  gcc-10.2.1-20210110
Attempt 1:
    Time  Bug Name
***    3  WARNING in __nf_unregister_net_hook
Attempt 2:
    Time  Bug Name
***    3  WARNING in __nf_unregister_net_hook
Attempt 3:
    Time  Bug Name
***    3  WARNING in __nf_unregister_net_hook
The bug was found.

New Max Time: 10.
Merge Commit: 2021-05-27 - 44991d61aa120ed3e12f75bb0e0fbd2a84df930d.

==== Template Retrospection ====
30 template changes in [2021-05-27, 2023-09-26].

2024-06-04 01:00:21
Session:   2
Template:  2022-06-02 - 9305d4f6a615844e1e610074e97c8ade3b138e06
Syzkaller: 2022-06-02 - 9305d4f6a615844e1e610074e97c8ade3b138e06
Kernel:    2022-06-02 - 50fd82b3a9a9335df5d50c7ddcb81c81d358c4fc
Compiler:  gcc-10.2.1-20210110
Attempt 1:
    Time  Bug Name
       2  general protection fault in nft_trans_destroy
Attempt 2:
    Time  Bug Name
       2  general protection fault in nft_trans_destroy
Attempt 3:
    Time  Bug Name
       2  general protection fault in nft_trans_destroy
The bug was not found.

2024-06-04 01:48:30
Session:   3
Template:  2022-11-13 - 4b3d9bad621a06070332b473aa34d5b2924c6272
Syzkaller: 2022-11-13 - 4b3d9bad621a06070332b473aa34d5b2924c6272
Kernel:    2022-11-13 - 094226ad94f471a9f19e8f8e7140a09c2625abaa
Compiler:  gcc-10.2.1-20210110
Attempt 1:
    Time  Bug Name
***    3  WARNING in __nf_unregister_net_hook
The bug was found.

2024-06-04 02:07:49
Session:   4
Template:  2022-08-29 - 727ac763d13e356f3721f6d2078ef37be8954dad
Syzkaller: 2022-08-29 - 727ac763d13e356f3721f6d2078ef37be8954dad
Kernel:    2022-08-29 - dcf8e5633e2e69ad60b730ab5905608b756a032f
Compiler:  gcc-10.2.1-20210110
Attempt 1:
    Time  Bug Name
       4  SYZFATAL: executor NUM failed NUM times: executor NUM: exit status NUM
       6  SYZFATAL: executor NUM failed NUM times: executor NUM: exit status NUM
Attempt 2:
    Time  Bug Name
***    2  WARNING in __nf_unregister_net_hook
The bug was found.

2024-06-04 02:35:57
Session:   5
Template:  2022-07-13 - 5d921b0849eb1958da5e91793b7795131d28b54c
Syzkaller: 2022-07-13 - 5d921b0849eb1958da5e91793b7795131d28b54c
Kernel:    2022-07-13 - 4a57a8400075bc5287c5c877702c68aeae2a033d
Compiler:  gcc-10.2.1-20210110
Attempt 1:
    Time  Bug Name
       2  general protection fault in nft_trans_destroy
Attempt 2:
    Time  Bug Name
       2  general protection fault in nft_trans_destroy
Attempt 3:
    Time  Bug Name
       2  general protection fault in nft_trans_destroy
The bug was not found.

2024-06-04 03:21:47
Session:   6
Template:  2022-08-10 - 8fad22bf840fc968171bee6cf294f026eb1e0d3a
Syzkaller: 2022-08-10 - 8fad22bf840fc968171bee6cf294f026eb1e0d3a
Kernel:    2022-08-10 - aeb6e6ac18c73ec287b3b1e2c913520699358c13
Compiler:  gcc-10.2.1-20210110
Attempt 1:
    Time  Bug Name
       1  WARNING: ODEBUG bug in mgmt_index_removed
       2  WARNING: ODEBUG bug in mgmt_index_removed
       2  WARNING: ODEBUG bug in mgmt_index_removed
       2  WARNING: ODEBUG bug in mgmt_index_removed
       2  WARNING: ODEBUG bug in mgmt_index_removed
       3  SYZFATAL: Manager.Check call failed: machine check failed: program execution failed: executor NUM: exit status NUM
       3  WARNING: ODEBUG bug in mgmt_index_removed
       3  WARNING: ODEBUG bug in mgmt_index_removed
       3  WARNING: ODEBUG bug in mgmt_index_removed
       3  WARNING: ODEBUG bug in mgmt_index_removed
       4  WARNING: ODEBUG bug in mgmt_index_removed
       4  WARNING: ODEBUG bug in mgmt_index_removed
       4  WARNING: ODEBUG bug in mgmt_index_removed
       4  WARNING: ODEBUG bug in mgmt_index_removed
       5  WARNING: ODEBUG bug in mgmt_index_removed
       5  WARNING: ODEBUG bug in mgmt_index_removed
       5  WARNING: ODEBUG bug in mgmt_index_removed
       5  WARNING: ODEBUG bug in mgmt_index_removed
       6  WARNING: ODEBUG bug in mgmt_index_removed
       6  WARNING: ODEBUG bug in mgmt_index_removed
       6  WARNING: ODEBUG bug in mgmt_index_removed
       6  WARNING: ODEBUG bug in mgmt_index_removed
       6  WARNING: ODEBUG bug in mgmt_index_removed
       6  WARNING: ODEBUG bug in mgmt_index_removed
       7  WARNING: ODEBUG bug in mgmt_index_removed
       7  WARNING: ODEBUG bug in mgmt_index_removed
       7  WARNING: ODEBUG bug in mgmt_index_removed
       7  WARNING: ODEBUG bug in mgmt_index_removed
       8  WARNING: ODEBUG bug in mgmt_index_removed
       8  WARNING: ODEBUG bug in mgmt_index_removed
       8  WARNING: ODEBUG bug in mgmt_index_removed
       8  WARNING: ODEBUG bug in mgmt_index_removed
       8  WARNING: ODEBUG bug in mgmt_index_removed
       9  WARNING: ODEBUG bug in mgmt_index_removed
       9  WARNING: ODEBUG bug in mgmt_index_removed
       9  WARNING: ODEBUG bug in mgmt_index_removed
       9  WARNING: ODEBUG bug in mgmt_index_removed
       9  WARNING: ODEBUG bug in mgmt_index_removed
       9  WARNING: ODEBUG bug in mgmt_index_removed
      10  WARNING: ODEBUG bug in mgmt_index_removed
      10  WARNING: ODEBUG bug in mgmt_index_removed
      10  WARNING: ODEBUG bug in mgmt_index_removed
      10  WARNING: ODEBUG bug in mgmt_index_removed
      10  WARNING: ODEBUG bug in mgmt_index_removed
Attempt 2:
    Time  Bug Name
       1  WARNING: ODEBUG bug in mgmt_index_removed
       2  WARNING: ODEBUG bug in mgmt_index_removed
       2  WARNING: ODEBUG bug in mgmt_index_removed
       2  WARNING: ODEBUG bug in mgmt_index_removed
       2  WARNING: ODEBUG bug in mgmt_index_removed
       2  WARNING: ODEBUG bug in mgmt_index_removed
       3  WARNING: ODEBUG bug in mgmt_index_removed
       3  WARNING: ODEBUG bug in mgmt_index_removed
       3  WARNING: ODEBUG bug in mgmt_index_removed
       3  WARNING: ODEBUG bug in mgmt_index_removed
       3  WARNING: ODEBUG bug in mgmt_index_removed
       4  WARNING: ODEBUG bug in mgmt_index_removed
       4  WARNING: ODEBUG bug in mgmt_index_removed
       4  WARNING: ODEBUG bug in mgmt_index_removed
       4  WARNING: ODEBUG bug in mgmt_index_removed
       5  SYZFATAL: Manager.Check call failed: machine check failed: program execution failed: executor NUM: exit status NUM
       5  WARNING: ODEBUG bug in mgmt_index_removed
       5  WARNING: ODEBUG bug in mgmt_index_removed
       5  WARNING: ODEBUG bug in mgmt_index_removed
       5  WARNING: ODEBUG bug in mgmt_index_removed
       6  WARNING: ODEBUG bug in mgmt_index_removed
       6  WARNING: ODEBUG bug in mgmt_index_removed
       6  WARNING: ODEBUG bug in mgmt_index_removed
       6  WARNING: ODEBUG bug in mgmt_index_removed
       7  WARNING: ODEBUG bug in mgmt_index_removed
       7  WARNING: ODEBUG bug in mgmt_index_removed
       7  WARNING: ODEBUG bug in mgmt_index_removed
       7  WARNING: ODEBUG bug in mgmt_index_removed
       7  WARNING: ODEBUG bug in mgmt_index_removed
       8  WARNING: ODEBUG bug in mgmt_index_removed
       8  WARNING: ODEBUG bug in mgmt_index_removed
       8  WARNING: ODEBUG bug in mgmt_index_removed
       8  WARNING: ODEBUG bug in mgmt_index_removed
       9  WARNING: ODEBUG bug in mgmt_index_removed
       9  WARNING: ODEBUG bug in mgmt_index_removed
       9  WARNING: ODEBUG bug in mgmt_index_removed
       9  WARNING: ODEBUG bug in mgmt_index_removed
       9  WARNING: ODEBUG bug in mgmt_index_removed
      10  WARNING: ODEBUG bug in mgmt_index_removed
      10  WARNING: ODEBUG bug in mgmt_index_removed
      10  WARNING: ODEBUG bug in mgmt_index_removed
      10  WARNING: ODEBUG bug in mgmt_index_removed
      10  WARNING: ODEBUG bug in mgmt_index_removed
Attempt 3:
    Time  Bug Name
       1  WARNING: ODEBUG bug in mgmt_index_removed
       1  WARNING: ODEBUG bug in mgmt_index_removed
       2  WARNING: ODEBUG bug in mgmt_index_removed
       2  WARNING: ODEBUG bug in mgmt_index_removed
       2  WARNING: ODEBUG bug in mgmt_index_removed
       2  WARNING: ODEBUG bug in mgmt_index_removed
       3  WARNING: ODEBUG bug in mgmt_index_removed
       3  WARNING: ODEBUG bug in mgmt_index_removed
       3  WARNING: ODEBUG bug in mgmt_index_removed
       3  WARNING: ODEBUG bug in mgmt_index_removed
       3  WARNING: ODEBUG bug in mgmt_index_removed
       4  WARNING: ODEBUG bug in mgmt_index_removed
       4  WARNING: ODEBUG bug in mgmt_index_removed
       4  WARNING: ODEBUG bug in mgmt_index_removed
       4  WARNING: ODEBUG bug in mgmt_index_removed
       5  SYZFATAL: Manager.Check call failed: machine check failed: program execution failed: executor NUM: exit status NUM
       5  WARNING: ODEBUG bug in mgmt_index_removed
       5  WARNING: ODEBUG bug in mgmt_index_removed
       5  WARNING: ODEBUG bug in mgmt_index_removed
       5  WARNING: ODEBUG bug in mgmt_index_removed
       6  WARNING: ODEBUG bug in mgmt_index_removed
       6  WARNING: ODEBUG bug in mgmt_index_removed
       6  WARNING: ODEBUG bug in mgmt_index_removed
       6  WARNING: ODEBUG bug in mgmt_index_removed
       6  WARNING: ODEBUG bug in mgmt_index_removed
       7  WARNING: ODEBUG bug in mgmt_index_removed
       7  WARNING: ODEBUG bug in mgmt_index_removed
       7  WARNING: ODEBUG bug in mgmt_index_removed
       7  WARNING: ODEBUG bug in mgmt_index_removed
       7  WARNING: ODEBUG bug in mgmt_index_removed
       8  WARNING: ODEBUG bug in mgmt_index_removed
       8  WARNING: ODEBUG bug in mgmt_index_removed
       8  WARNING: ODEBUG bug in mgmt_index_removed
       8  WARNING: ODEBUG bug in mgmt_index_removed
       8  WARNING: ODEBUG bug in mgmt_index_removed
       8  WARNING: ODEBUG bug in mgmt_index_removed
       9  WARNING: ODEBUG bug in mgmt_index_removed
       9  WARNING: ODEBUG bug in mgmt_index_removed
       9  WARNING: ODEBUG bug in mgmt_index_removed
       9  WARNING: ODEBUG bug in mgmt_index_removed
       9  WARNING: ODEBUG bug in mgmt_index_removed
      10  WARNING: ODEBUG bug in mgmt_index_removed
      10  WARNING: ODEBUG bug in mgmt_index_removed
      10  WARNING: ODEBUG bug in mgmt_index_removed
      10  WARNING: ODEBUG bug in mgmt_index_removed
      10  WARNING: ODEBUG bug in mgmt_index_removed
The bug was not found.
Warning: This session is unstable.

2024-06-04 04:09:35
Session:   7
Template:  2022-08-10 - 8fad22bf840fc968171bee6cf294f026eb1e0d3a
Syzkaller: 2022-08-29 - 727ac763d13e356f3721f6d2078ef37be8954dad
Kernel:    2022-08-29 - dcf8e5633e2e69ad60b730ab5905608b756a032f
Compiler:  gcc-10.2.1-20210110
Attempt 1:
    Time  Bug Name
***    2  WARNING in __nf_unregister_net_hook
The bug was found.

==== Kernel Retrospection ====
124 Linux commits in [2022-08-10, 2022-08-29].

2024-06-04 04:29:38
Session:   8
Template:  2022-08-18 - 26a13b3872cf54f3e68ec48a93c9866423fc3304
Syzkaller: 2022-08-18 - 26a13b3872cf54f3e68ec48a93c9866423fc3304
Kernel:    2022-08-19 - a3a78b6332ba8e1949541150efcc8051ceeb2762
Compiler:  gcc-10.2.1-20210110
Attempt 1:
    Time  Bug Name
***    2  WARNING in __nf_unregister_net_hook
The bug was found.

2024-06-04 04:49:20
Session:   9
Template:  2022-08-12 - 8dfcaa3d2828a113ae780da01f5f73ad64710e31
Syzkaller: 2022-08-12 - 8dfcaa3d2828a113ae780da01f5f73ad64710e31
Kernel:    2022-08-13 - e140f731f9807035e967c401198171f316744696
Compiler:  gcc-10.2.1-20210110
Attempt 1:
    Time  Bug Name
***    2  WARNING in __nf_unregister_net_hook
The bug was found.

2024-06-04 05:08:46
Session:   10
Template:  2022-08-11 - 402cd70d5792ac0fd0d4eb2ec81963ce378bf5a5
Syzkaller: 2022-08-11 - 402cd70d5792ac0fd0d4eb2ec81963ce378bf5a5
Kernel:    2022-08-11 - 8745889a7fd04d14f461f6536c45f70cbaf3ee02
Compiler:  gcc-10.2.1-20210110
Attempt 1:
    Time  Bug Name
       1  WARNING: ODEBUG bug in mgmt_index_removed
       2  WARNING: ODEBUG bug in mgmt_index_removed
       2  WARNING: ODEBUG bug in mgmt_index_removed
       2  WARNING: ODEBUG bug in mgmt_index_removed
       2  WARNING: ODEBUG bug in mgmt_index_removed
       2  WARNING: ODEBUG bug in mgmt_index_removed
       3  WARNING: ODEBUG bug in mgmt_index_removed
       3  WARNING: ODEBUG bug in mgmt_index_removed
       3  WARNING: ODEBUG bug in mgmt_index_removed
       3  WARNING: ODEBUG bug in mgmt_index_removed
       3  WARNING: ODEBUG bug in mgmt_index_removed
       4  WARNING: ODEBUG bug in mgmt_index_removed
       4  WARNING: ODEBUG bug in mgmt_index_removed
       4  WARNING: ODEBUG bug in mgmt_index_removed
       4  WARNING: ODEBUG bug in mgmt_index_removed
       5  WARNING: ODEBUG bug in mgmt_index_removed
       5  WARNING: ODEBUG bug in mgmt_index_removed
       5  WARNING: ODEBUG bug in mgmt_index_removed
       5  WARNING: ODEBUG bug in mgmt_index_removed
       5  WARNING: ODEBUG bug in mgmt_index_removed
       6  WARNING: ODEBUG bug in mgmt_index_removed
       6  WARNING: ODEBUG bug in mgmt_index_removed
       6  WARNING: ODEBUG bug in mgmt_index_removed
       6  WARNING: ODEBUG bug in mgmt_index_removed
       6  WARNING: ODEBUG bug in mgmt_index_removed
       7  WARNING: ODEBUG bug in mgmt_index_removed
       7  WARNING: ODEBUG bug in mgmt_index_removed
       7  WARNING: ODEBUG bug in mgmt_index_removed
       7  WARNING: ODEBUG bug in mgmt_index_removed
       7  WARNING: ODEBUG bug in mgmt_index_removed
       8  WARNING: ODEBUG bug in mgmt_index_removed
       8  WARNING: ODEBUG bug in mgmt_index_removed
       8  WARNING: ODEBUG bug in mgmt_index_removed
       8  WARNING: ODEBUG bug in mgmt_index_removed
       9  WARNING: ODEBUG bug in mgmt_index_removed
       9  WARNING: ODEBUG bug in mgmt_index_removed
       9  WARNING: ODEBUG bug in mgmt_index_removed
       9  WARNING: ODEBUG bug in mgmt_index_removed
       9  WARNING: ODEBUG bug in mgmt_index_removed
       9  WARNING: ODEBUG bug in mgmt_index_removed
      10  WARNING: ODEBUG bug in mgmt_index_removed
      10  WARNING: ODEBUG bug in mgmt_index_removed
      10  WARNING: ODEBUG bug in mgmt_index_removed
      10  WARNING: ODEBUG bug in mgmt_index_removed
Attempt 2:
    Time  Bug Name
       1  WARNING: ODEBUG bug in mgmt_index_removed
       2  WARNING: ODEBUG bug in mgmt_index_removed
       2  WARNING: ODEBUG bug in mgmt_index_removed
       2  WARNING: ODEBUG bug in mgmt_index_removed
       2  WARNING: ODEBUG bug in mgmt_index_removed
       2  WARNING: ODEBUG bug in mgmt_index_removed
       3  WARNING: ODEBUG bug in mgmt_index_removed
       3  WARNING: ODEBUG bug in mgmt_index_removed
       3  WARNING: ODEBUG bug in mgmt_index_removed
       3  WARNING: ODEBUG bug in mgmt_index_removed
       4  WARNING: ODEBUG bug in mgmt_index_removed
       4  WARNING: ODEBUG bug in mgmt_index_removed
       4  WARNING: ODEBUG bug in mgmt_index_removed
       4  WARNING: ODEBUG bug in mgmt_index_removed
       4  WARNING: ODEBUG bug in mgmt_index_removed
       5  WARNING: ODEBUG bug in mgmt_index_removed
       5  WARNING: ODEBUG bug in mgmt_index_removed
       5  WARNING: ODEBUG bug in mgmt_index_removed
       5  WARNING: ODEBUG bug in mgmt_index_removed
       5  WARNING: ODEBUG bug in mgmt_index_removed
       6  WARNING: ODEBUG bug in mgmt_index_removed
       6  WARNING: ODEBUG bug in mgmt_index_removed
       6  WARNING: ODEBUG bug in mgmt_index_removed
       6  WARNING: ODEBUG bug in mgmt_index_removed
       7  SYZFATAL: Manager.Check call failed: machine check failed: program execution failed: executor NUM: exit status NUM
       7  WARNING: ODEBUG bug in mgmt_index_removed
       7  WARNING: ODEBUG bug in mgmt_index_removed
       7  WARNING: ODEBUG bug in mgmt_index_removed
       7  WARNING: ODEBUG bug in mgmt_index_removed
       8  WARNING: ODEBUG bug in mgmt_index_removed
       8  WARNING: ODEBUG bug in mgmt_index_removed
       8  WARNING: ODEBUG bug in mgmt_index_removed
       8  WARNING: ODEBUG bug in mgmt_index_removed
       8  WARNING: ODEBUG bug in mgmt_index_removed
       9  WARNING: ODEBUG bug in mgmt_index_removed
       9  WARNING: ODEBUG bug in mgmt_index_removed
       9  WARNING: ODEBUG bug in mgmt_index_removed
       9  WARNING: ODEBUG bug in mgmt_index_removed
       9  WARNING: ODEBUG bug in mgmt_index_removed
      10  SYZFATAL: Manager.Check call failed: machine check failed: program execution failed: executor NUM: exit status NUM
      10  WARNING: ODEBUG bug in mgmt_index_removed
      10  WARNING: ODEBUG bug in mgmt_index_removed
      10  WARNING: ODEBUG bug in mgmt_index_removed
      10  WARNING: ODEBUG bug in mgmt_index_removed
Attempt 3:
    Time  Bug Name
       1  WARNING: ODEBUG bug in mgmt_index_removed
       2  WARNING: ODEBUG bug in mgmt_index_removed
       2  WARNING: ODEBUG bug in mgmt_index_removed
       2  WARNING: ODEBUG bug in mgmt_index_removed
       2  WARNING: ODEBUG bug in mgmt_index_removed
       2  WARNING: ODEBUG bug in mgmt_index_removed
       3  WARNING: ODEBUG bug in mgmt_index_removed
       3  WARNING: ODEBUG bug in mgmt_index_removed
       3  WARNING: ODEBUG bug in mgmt_index_removed
       3  WARNING: ODEBUG bug in mgmt_index_removed
       3  WARNING: ODEBUG bug in mgmt_index_removed
       4  WARNING: ODEBUG bug in mgmt_index_removed
       4  WARNING: ODEBUG bug in mgmt_index_removed
       4  WARNING: ODEBUG bug in mgmt_index_removed
       4  WARNING: ODEBUG bug in mgmt_index_removed
       5  WARNING: ODEBUG bug in mgmt_index_removed
       5  WARNING: ODEBUG bug in mgmt_index_removed
       5  WARNING: ODEBUG bug in mgmt_index_removed
       5  WARNING: ODEBUG bug in mgmt_index_removed
       5  WARNING: ODEBUG bug in mgmt_index_removed
       6  WARNING: ODEBUG bug in mgmt_index_removed
       6  WARNING: ODEBUG bug in mgmt_index_removed
       6  WARNING: ODEBUG bug in mgmt_index_removed
       6  WARNING: ODEBUG bug in mgmt_index_removed
       7  WARNING: ODEBUG bug in mgmt_index_removed
       7  WARNING: ODEBUG bug in mgmt_index_removed
       7  WARNING: ODEBUG bug in mgmt_index_removed
       7  WARNING: ODEBUG bug in mgmt_index_removed
       7  WARNING: ODEBUG bug in mgmt_index_removed
       8  WARNING: ODEBUG bug in mgmt_index_removed
       8  WARNING: ODEBUG bug in mgmt_index_removed
       8  WARNING: ODEBUG bug in mgmt_index_removed
       8  WARNING: ODEBUG bug in mgmt_index_removed
       8  WARNING: ODEBUG bug in mgmt_index_removed
       9  WARNING: ODEBUG bug in mgmt_index_removed
       9  WARNING: ODEBUG bug in mgmt_index_removed
       9  WARNING: ODEBUG bug in mgmt_index_removed
       9  WARNING: ODEBUG bug in mgmt_index_removed
       9  WARNING: ODEBUG bug in mgmt_index_removed
      10  WARNING: ODEBUG bug in mgmt_index_removed
      10  WARNING: ODEBUG bug in mgmt_index_removed
      10  WARNING: ODEBUG bug in mgmt_index_removed
      10  WARNING: ODEBUG bug in mgmt_index_removed
      10  WARNING: ODEBUG bug in mgmt_index_removed
Attempt 4: (RETRY)
    Time  Bug Name
       1  WARNING: ODEBUG bug in mgmt_index_removed
       1  WARNING: ODEBUG bug in mgmt_index_removed
       2  WARNING: ODEBUG bug in mgmt_index_removed
       2  WARNING: ODEBUG bug in mgmt_index_removed
       2  WARNING: ODEBUG bug in mgmt_index_removed
       2  WARNING: ODEBUG bug in mgmt_index_removed
       2  WARNING: ODEBUG bug in mgmt_index_removed
       3  WARNING: ODEBUG bug in mgmt_index_removed
       3  WARNING: ODEBUG bug in mgmt_index_removed
       3  WARNING: ODEBUG bug in mgmt_index_removed
       3  WARNING: ODEBUG bug in mgmt_index_removed
       3  WARNING: ODEBUG bug in mgmt_index_removed
       4  WARNING: ODEBUG bug in mgmt_index_removed
       4  WARNING: ODEBUG bug in mgmt_index_removed
       4  WARNING: ODEBUG bug in mgmt_index_removed
       4  WARNING: ODEBUG bug in mgmt_index_removed
       5  WARNING: ODEBUG bug in mgmt_index_removed
       5  WARNING: ODEBUG bug in mgmt_index_removed
       5  WARNING: ODEBUG bug in mgmt_index_removed
       5  WARNING: ODEBUG bug in mgmt_index_removed
       5  WARNING: ODEBUG bug in mgmt_index_removed
       6  SYZFATAL: Manager.Check call failed: machine check failed: program execution failed: executor NUM: exit status NUM
       6  WARNING: ODEBUG bug in mgmt_index_removed
       6  WARNING: ODEBUG bug in mgmt_index_removed
       6  WARNING: ODEBUG bug in mgmt_index_removed
       7  WARNING: ODEBUG bug in mgmt_index_removed
       7  WARNING: ODEBUG bug in mgmt_index_removed
       7  WARNING: ODEBUG bug in mgmt_index_removed
       7  WARNING: ODEBUG bug in mgmt_index_removed
       7  WARNING: ODEBUG bug in mgmt_index_removed
       7  WARNING: ODEBUG bug in mgmt_index_removed
       8  WARNING: ODEBUG bug in mgmt_index_removed
       8  WARNING: ODEBUG bug in mgmt_index_removed
       8  WARNING: ODEBUG bug in mgmt_index_removed
       8  WARNING: ODEBUG bug in mgmt_index_removed
       8  WARNING: ODEBUG bug in mgmt_index_removed
       9  WARNING: ODEBUG bug in mgmt_index_removed
       9  WARNING: ODEBUG bug in mgmt_index_removed
       9  WARNING: ODEBUG bug in mgmt_index_removed
       9  WARNING: ODEBUG bug in mgmt_index_removed
       9  WARNING: ODEBUG bug in mgmt_index_removed
      10  WARNING: ODEBUG bug in mgmt_index_removed
      10  WARNING: ODEBUG bug in mgmt_index_removed
      10  WARNING: ODEBUG bug in mgmt_index_removed
      10  WARNING: ODEBUG bug in mgmt_index_removed
      10  WARNING: ODEBUG bug in mgmt_index_removed
Attempt 5: (RETRY)
    Time  Bug Name
       1  WARNING: ODEBUG bug in mgmt_index_removed
       1  WARNING: ODEBUG bug in mgmt_index_removed
       2  WARNING: ODEBUG bug in mgmt_index_removed
       2  WARNING: ODEBUG bug in mgmt_index_removed
       2  WARNING: ODEBUG bug in mgmt_index_removed
       2  WARNING: ODEBUG bug in mgmt_index_removed
       3  WARNING: ODEBUG bug in mgmt_index_removed
       3  WARNING: ODEBUG bug in mgmt_index_removed
       3  WARNING: ODEBUG bug in mgmt_index_removed
       3  WARNING: ODEBUG bug in mgmt_index_removed
       3  WARNING: ODEBUG bug in mgmt_index_removed
       4  WARNING: ODEBUG bug in mgmt_index_removed
       4  WARNING: ODEBUG bug in mgmt_index_removed
       4  WARNING: ODEBUG bug in mgmt_index_removed
       4  WARNING: ODEBUG bug in mgmt_index_removed
       4  WARNING: ODEBUG bug in mgmt_index_removed
       5  WARNING: ODEBUG bug in mgmt_index_removed
       5  WARNING: ODEBUG bug in mgmt_index_removed
       5  WARNING: ODEBUG bug in mgmt_index_removed
       5  WARNING: ODEBUG bug in mgmt_index_removed
       6  WARNING: ODEBUG bug in mgmt_index_removed
       6  WARNING: ODEBUG bug in mgmt_index_removed
       6  WARNING: ODEBUG bug in mgmt_index_removed
       6  WARNING: ODEBUG bug in mgmt_index_removed
       6  WARNING: ODEBUG bug in mgmt_index_removed
       6  WARNING: ODEBUG bug in mgmt_index_removed
       7  WARNING: ODEBUG bug in mgmt_index_removed
       7  WARNING: ODEBUG bug in mgmt_index_removed
       7  WARNING: ODEBUG bug in mgmt_index_removed
       7  WARNING: ODEBUG bug in mgmt_index_removed
       7  WARNING: ODEBUG bug in mgmt_index_removed
       8  WARNING: ODEBUG bug in mgmt_index_removed
       8  WARNING: ODEBUG bug in mgmt_index_removed
       8  WARNING: ODEBUG bug in mgmt_index_removed
       8  WARNING: ODEBUG bug in mgmt_index_removed
       8  WARNING: ODEBUG bug in mgmt_index_removed
       9  WARNING: ODEBUG bug in mgmt_index_removed
       9  WARNING: ODEBUG bug in mgmt_index_removed
       9  WARNING: ODEBUG bug in mgmt_index_removed
       9  WARNING: ODEBUG bug in mgmt_index_removed
       9  WARNING: ODEBUG bug in mgmt_index_removed
      10  WARNING: ODEBUG bug in mgmt_index_removed
      10  WARNING: ODEBUG bug in mgmt_index_removed
      10  WARNING: ODEBUG bug in mgmt_index_removed
      10  WARNING: ODEBUG bug in mgmt_index_removed
      10  WARNING: ODEBUG bug in mgmt_index_removed
The bug was not found.
Warning: This session is unstable.

2024-06-04 06:15:44
Session:   11
Template:  2022-08-11 - 402cd70d5792ac0fd0d4eb2ec81963ce378bf5a5
Syzkaller: 2022-08-11 - 402cd70d5792ac0fd0d4eb2ec81963ce378bf5a5
Kernel:    2022-08-11 - 2ae08b36c06ea8df73a79f6b80ff7964e006e9e3
Compiler:  gcc-10.2.1-20210110
Attempt 1:
    Time  Bug Name
       1  WARNING: ODEBUG bug in mgmt_index_removed
       2  WARNING: ODEBUG bug in mgmt_index_removed
       2  WARNING: ODEBUG bug in mgmt_index_removed
       2  WARNING: ODEBUG bug in mgmt_index_removed
       2  WARNING: ODEBUG bug in mgmt_index_removed
       2  WARNING: ODEBUG bug in mgmt_index_removed
       3  WARNING: ODEBUG bug in mgmt_index_removed
       3  WARNING: ODEBUG bug in mgmt_index_removed
       3  WARNING: ODEBUG bug in mgmt_index_removed
       3  WARNING: ODEBUG bug in mgmt_index_removed
       3  WARNING: ODEBUG bug in mgmt_index_removed
       3  WARNING: ODEBUG bug in mgmt_index_removed
       4  WARNING: ODEBUG bug in mgmt_index_removed
       4  WARNING: ODEBUG bug in mgmt_index_removed
       4  WARNING: ODEBUG bug in mgmt_index_removed
       4  WARNING: ODEBUG bug in mgmt_index_removed
       5  WARNING: ODEBUG bug in mgmt_index_removed
       5  WARNING: ODEBUG bug in mgmt_index_removed
       5  WARNING: ODEBUG bug in mgmt_index_removed
       5  WARNING: ODEBUG bug in mgmt_index_removed
       5  WARNING: ODEBUG bug in mgmt_index_removed
       6  WARNING: ODEBUG bug in mgmt_index_removed
       6  WARNING: ODEBUG bug in mgmt_index_removed
       6  WARNING: ODEBUG bug in mgmt_index_removed
       6  WARNING: ODEBUG bug in mgmt_index_removed
       7  WARNING: ODEBUG bug in mgmt_index_removed
       7  WARNING: ODEBUG bug in mgmt_index_removed
       7  WARNING: ODEBUG bug in mgmt_index_removed
       7  WARNING: ODEBUG bug in mgmt_index_removed
       8  SYZFATAL: Manager.Check call failed: machine check failed: program execution failed: executor NUM: exit status NUM
       8  WARNING: ODEBUG bug in mgmt_index_removed
       8  WARNING: ODEBUG bug in mgmt_index_removed
       8  WARNING: ODEBUG bug in mgmt_index_removed
       9  WARNING: ODEBUG bug in mgmt_index_removed
       9  WARNING: ODEBUG bug in mgmt_index_removed
       9  WARNING: ODEBUG bug in mgmt_index_removed
       9  WARNING: ODEBUG bug in mgmt_index_removed
       9  WARNING: ODEBUG bug in mgmt_index_removed
      10  WARNING: ODEBUG bug in mgmt_index_removed
      10  WARNING: ODEBUG bug in mgmt_index_removed
      10  WARNING: ODEBUG bug in mgmt_index_removed
      10  WARNING: ODEBUG bug in mgmt_index_removed
      10  WARNING: ODEBUG bug in mgmt_index_removed
Attempt 2:
    Time  Bug Name
       1  WARNING: ODEBUG bug in mgmt_index_removed
       2  WARNING: ODEBUG bug in mgmt_index_removed
       2  WARNING: ODEBUG bug in mgmt_index_removed
       2  WARNING: ODEBUG bug in mgmt_index_removed
       2  WARNING: ODEBUG bug in mgmt_index_removed
       2  WARNING: ODEBUG bug in mgmt_index_removed
       2  WARNING: ODEBUG bug in mgmt_index_removed
       3  WARNING: ODEBUG bug in mgmt_index_removed
       3  WARNING: ODEBUG bug in mgmt_index_removed
       3  WARNING: ODEBUG bug in mgmt_index_removed
       3  WARNING: ODEBUG bug in mgmt_index_removed
       3  WARNING: ODEBUG bug in mgmt_index_removed
       4  WARNING: ODEBUG bug in mgmt_index_removed
       4  WARNING: ODEBUG bug in mgmt_index_removed
       4  WARNING: ODEBUG bug in mgmt_index_removed
       4  WARNING: ODEBUG bug in mgmt_index_removed
       5  WARNING: ODEBUG bug in mgmt_index_removed
       5  WARNING: ODEBUG bug in mgmt_index_removed
       5  WARNING: ODEBUG bug in mgmt_index_removed
       5  WARNING: ODEBUG bug in mgmt_index_removed
       6  WARNING: ODEBUG bug in mgmt_index_removed
       6  WARNING: ODEBUG bug in mgmt_index_removed
       6  WARNING: ODEBUG bug in mgmt_index_removed
       6  WARNING: ODEBUG bug in mgmt_index_removed
       6  WARNING: ODEBUG bug in mgmt_index_removed
       6  WARNING: ODEBUG bug in mgmt_index_removed
       7  WARNING: ODEBUG bug in mgmt_index_removed
       7  WARNING: ODEBUG bug in mgmt_index_removed
       7  WARNING: ODEBUG bug in mgmt_index_removed
       7  WARNING: ODEBUG bug in mgmt_index_removed
       7  WARNING: ODEBUG bug in mgmt_index_removed
       7  WARNING: ODEBUG bug in mgmt_index_removed
       8  SYZFATAL: Manager.Check call failed: machine check failed: program execution failed: executor NUM: exit status NUM
       8  WARNING: ODEBUG bug in mgmt_index_removed
       8  WARNING: ODEBUG bug in mgmt_index_removed
       8  WARNING: ODEBUG bug in mgmt_index_removed
       9  WARNING: ODEBUG bug in mgmt_index_removed
       9  WARNING: ODEBUG bug in mgmt_index_removed
       9  WARNING: ODEBUG bug in mgmt_index_removed
       9  WARNING: ODEBUG bug in mgmt_index_removed
       9  WARNING: ODEBUG bug in mgmt_index_removed
      10  WARNING: ODEBUG bug in mgmt_index_removed
      10  WARNING: ODEBUG bug in mgmt_index_removed
      10  WARNING: ODEBUG bug in mgmt_index_removed
      10  WARNING: ODEBUG bug in mgmt_index_removed
      10  WARNING: ODEBUG bug in mgmt_index_removed
Attempt 3:
    Time  Bug Name
       1  WARNING: ODEBUG bug in mgmt_index_removed
       2  WARNING: ODEBUG bug in mgmt_index_removed
       2  WARNING: ODEBUG bug in mgmt_index_removed
       2  WARNING: ODEBUG bug in mgmt_index_removed
       2  WARNING: ODEBUG bug in mgmt_index_removed
       2  WARNING: ODEBUG bug in mgmt_index_removed
       3  WARNING: ODEBUG bug in mgmt_index_removed
       3  WARNING: ODEBUG bug in mgmt_index_removed
       3  WARNING: ODEBUG bug in mgmt_index_removed
       3  WARNING: ODEBUG bug in mgmt_index_removed
       3  WARNING: ODEBUG bug in mgmt_index_removed
       4  WARNING: ODEBUG bug in mgmt_index_removed
       4  WARNING: ODEBUG bug in mgmt_index_removed
       4  WARNING: ODEBUG bug in mgmt_index_removed
       4  WARNING: ODEBUG bug in mgmt_index_removed
       4  WARNING: ODEBUG bug in mgmt_index_removed
       5  WARNING: ODEBUG bug in mgmt_index_removed
       5  WARNING: ODEBUG bug in mgmt_index_removed
       5  WARNING: ODEBUG bug in mgmt_index_removed
       5  WARNING: ODEBUG bug in mgmt_index_removed
       5  WARNING: ODEBUG bug in mgmt_index_removed
       6  SYZFATAL: Manager.Check call failed: machine check failed: program execution failed: executor NUM: exit status NUM
       6  WARNING: ODEBUG bug in mgmt_index_removed
       6  WARNING: ODEBUG bug in mgmt_index_removed
       6  WARNING: ODEBUG bug in mgmt_index_removed
       6  WARNING: ODEBUG bug in mgmt_index_removed
       7  WARNING: ODEBUG bug in mgmt_index_removed
       7  WARNING: ODEBUG bug in mgmt_index_removed
       7  WARNING: ODEBUG bug in mgmt_index_removed
       7  WARNING: ODEBUG bug in mgmt_index_removed
       7  WARNING: ODEBUG bug in mgmt_index_removed
       8  WARNING: ODEBUG bug in mgmt_index_removed
       8  WARNING: ODEBUG bug in mgmt_index_removed
       8  WARNING: ODEBUG bug in mgmt_index_removed
       8  WARNING: ODEBUG bug in mgmt_index_removed
       8  WARNING: ODEBUG bug in mgmt_index_removed
       9  WARNING: ODEBUG bug in mgmt_index_removed
       9  WARNING: ODEBUG bug in mgmt_index_removed
       9  WARNING: ODEBUG bug in mgmt_index_removed
       9  WARNING: ODEBUG bug in mgmt_index_removed
       9  WARNING: ODEBUG bug in mgmt_index_removed
      10  WARNING: ODEBUG bug in mgmt_index_removed
      10  WARNING: ODEBUG bug in mgmt_index_removed
      10  WARNING: ODEBUG bug in mgmt_index_removed
      10  WARNING: ODEBUG bug in mgmt_index_removed
The bug was not found.
Warning: This session is unstable.

2024-06-04 07:04:00
Session:   12
Template:  2022-08-11 - 402cd70d5792ac0fd0d4eb2ec81963ce378bf5a5
Syzkaller: 2022-08-11 - 402cd70d5792ac0fd0d4eb2ec81963ce378bf5a5
Kernel:    2022-08-11 - 0d362be5b14200b77ecc2127936a5ff82fbffe41
Compiler:  gcc-10.2.1-20210110
Attempt 1:
    Time  Bug Name
       1  WARNING: ODEBUG bug in mgmt_index_removed
       2  WARNING: ODEBUG bug in mgmt_index_removed
       2  WARNING: ODEBUG bug in mgmt_index_removed
       2  WARNING: ODEBUG bug in mgmt_index_removed
       2  WARNING: ODEBUG bug in mgmt_index_removed
       2  WARNING: ODEBUG bug in mgmt_index_removed
       3  WARNING: ODEBUG bug in mgmt_index_removed
       3  WARNING: ODEBUG bug in mgmt_index_removed
       3  WARNING: ODEBUG bug in mgmt_index_removed
       3  WARNING: ODEBUG bug in mgmt_index_removed
       3  WARNING: ODEBUG bug in mgmt_index_removed
       4  WARNING: ODEBUG bug in mgmt_index_removed
       4  WARNING: ODEBUG bug in mgmt_index_removed
       4  WARNING: ODEBUG bug in mgmt_index_removed
       4  WARNING: ODEBUG bug in mgmt_index_removed
       5  WARNING: ODEBUG bug in mgmt_index_removed
       5  WARNING: ODEBUG bug in mgmt_index_removed
       5  WARNING: ODEBUG bug in mgmt_index_removed
       5  WARNING: ODEBUG bug in mgmt_index_removed
       5  WARNING: ODEBUG bug in mgmt_index_removed
       6  SYZFATAL: Manager.Check call failed: machine check failed: program execution failed: executor NUM: exit status NUM
       6  WARNING: ODEBUG bug in mgmt_index_removed
       6  WARNING: ODEBUG bug in mgmt_index_removed
       6  WARNING: ODEBUG bug in mgmt_index_removed
       7  WARNING: ODEBUG bug in mgmt_index_removed
       7  WARNING: ODEBUG bug in mgmt_index_removed
       7  WARNING: ODEBUG bug in mgmt_index_removed
       7  WARNING: ODEBUG bug in mgmt_index_removed
       7  WARNING: ODEBUG bug in mgmt_index_removed
       8  WARNING: ODEBUG bug in mgmt_index_removed
       8  WARNING: ODEBUG bug in mgmt_index_removed
       8  WARNING: ODEBUG bug in mgmt_index_removed
       8  WARNING: ODEBUG bug in mgmt_index_removed
       8  WARNING: ODEBUG bug in mgmt_index_removed
       9  WARNING: ODEBUG bug in mgmt_index_removed
       9  WARNING: ODEBUG bug in mgmt_index_removed
       9  WARNING: ODEBUG bug in mgmt_index_removed
       9  WARNING: ODEBUG bug in mgmt_index_removed
       9  WARNING: ODEBUG bug in mgmt_index_removed
      10  WARNING: ODEBUG bug in mgmt_index_removed
      10  WARNING: ODEBUG bug in mgmt_index_removed
      10  WARNING: ODEBUG bug in mgmt_index_removed
      10  WARNING: ODEBUG bug in mgmt_index_removed
      10  WARNING: ODEBUG bug in mgmt_index_removed
Attempt 2:
    Time  Bug Name
       1  WARNING: ODEBUG bug in mgmt_index_removed
       2  WARNING: ODEBUG bug in mgmt_index_removed
       2  WARNING: ODEBUG bug in mgmt_index_removed
       2  WARNING: ODEBUG bug in mgmt_index_removed
       2  WARNING: ODEBUG bug in mgmt_index_removed
       2  WARNING: ODEBUG bug in mgmt_index_removed
       3  WARNING: ODEBUG bug in mgmt_index_removed
       3  WARNING: ODEBUG bug in mgmt_index_removed
       3  WARNING: ODEBUG bug in mgmt_index_removed
       3  WARNING: ODEBUG bug in mgmt_index_removed
       3  WARNING: ODEBUG bug in mgmt_index_removed
       4  WARNING: ODEBUG bug in mgmt_index_removed
       4  WARNING: ODEBUG bug in mgmt_index_removed
       4  WARNING: ODEBUG bug in mgmt_index_removed
       4  WARNING: ODEBUG bug in mgmt_index_removed
       4  WARNING: ODEBUG bug in mgmt_index_removed
       5  WARNING: ODEBUG bug in mgmt_index_removed
       5  WARNING: ODEBUG bug in mgmt_index_removed
       5  WARNING: ODEBUG bug in mgmt_index_removed
       5  WARNING: ODEBUG bug in mgmt_index_removed
       5  WARNING: ODEBUG bug in mgmt_index_removed
       6  WARNING: ODEBUG bug in mgmt_index_removed
       6  WARNING: ODEBUG bug in mgmt_index_removed
       6  WARNING: ODEBUG bug in mgmt_index_removed
       6  WARNING: ODEBUG bug in mgmt_index_removed
       6  WARNING: ODEBUG bug in mgmt_index_removed
       6  WARNING: ODEBUG bug in mgmt_index_removed
       7  WARNING: ODEBUG bug in mgmt_index_removed
       7  WARNING: ODEBUG bug in mgmt_index_removed
       7  WARNING: ODEBUG bug in mgmt_index_removed
       7  WARNING: ODEBUG bug in mgmt_index_removed
       7  WARNING: ODEBUG bug in mgmt_index_removed
       8  WARNING: ODEBUG bug in mgmt_index_removed
       8  WARNING: ODEBUG bug in mgmt_index_removed
       8  WARNING: ODEBUG bug in mgmt_index_removed
       8  WARNING: ODEBUG bug in mgmt_index_removed
       9  WARNING: ODEBUG bug in mgmt_index_removed
       9  WARNING: ODEBUG bug in mgmt_index_removed
       9  WARNING: ODEBUG bug in mgmt_index_removed
       9  WARNING: ODEBUG bug in mgmt_index_removed
       9  WARNING: ODEBUG bug in mgmt_index_removed
      10  WARNING: ODEBUG bug in mgmt_index_removed
      10  WARNING: ODEBUG bug in mgmt_index_removed
      10  WARNING: ODEBUG bug in mgmt_index_removed
      10  WARNING: ODEBUG bug in mgmt_index_removed
      10  WARNING: ODEBUG bug in mgmt_index_removed
      10  WARNING: ODEBUG bug in mgmt_index_removed
Attempt 3:
    Time  Bug Name
       1  WARNING: ODEBUG bug in mgmt_index_removed
       1  WARNING: ODEBUG bug in mgmt_index_removed
       2  WARNING: ODEBUG bug in mgmt_index_removed
       2  WARNING: ODEBUG bug in mgmt_index_removed
       2  WARNING: ODEBUG bug in mgmt_index_removed
       2  WARNING: ODEBUG bug in mgmt_index_removed
       3  WARNING: ODEBUG bug in mgmt_index_removed
       3  WARNING: ODEBUG bug in mgmt_index_removed
       3  WARNING: ODEBUG bug in mgmt_index_removed
       3  WARNING: ODEBUG bug in mgmt_index_removed
       3  WARNING: ODEBUG bug in mgmt_index_removed
       4  WARNING: ODEBUG bug in mgmt_index_removed
       4  WARNING: ODEBUG bug in mgmt_index_removed
       4  WARNING: ODEBUG bug in mgmt_index_removed
       4  WARNING: ODEBUG bug in mgmt_index_removed
       4  WARNING: ODEBUG bug in mgmt_index_removed
       5  WARNING: ODEBUG bug in mgmt_index_removed
       5  WARNING: ODEBUG bug in mgmt_index_removed
       5  WARNING: ODEBUG bug in mgmt_index_removed
       5  WARNING: ODEBUG bug in mgmt_index_removed
       6  WARNING: ODEBUG bug in mgmt_index_removed
       6  WARNING: ODEBUG bug in mgmt_index_removed
       6  WARNING: ODEBUG bug in mgmt_index_removed
       6  WARNING: ODEBUG bug in mgmt_index_removed
       7  WARNING: ODEBUG bug in mgmt_index_removed
       7  WARNING: ODEBUG bug in mgmt_index_removed
       7  WARNING: ODEBUG bug in mgmt_index_removed
       7  WARNING: ODEBUG bug in mgmt_index_removed
       7  WARNING: ODEBUG bug in mgmt_index_removed
       8  WARNING: ODEBUG bug in mgmt_index_removed
       8  WARNING: ODEBUG bug in mgmt_index_removed
       8  WARNING: ODEBUG bug in mgmt_index_removed
       8  WARNING: ODEBUG bug in mgmt_index_removed
       8  WARNING: ODEBUG bug in mgmt_index_removed
       9  WARNING: ODEBUG bug in mgmt_index_removed
       9  WARNING: ODEBUG bug in mgmt_index_removed
       9  WARNING: ODEBUG bug in mgmt_index_removed
       9  WARNING: ODEBUG bug in mgmt_index_removed
      10  SYZFATAL: Manager.Check call failed: machine check failed: program execution failed: executor NUM: exit status NUM
      10  WARNING: ODEBUG bug in mgmt_index_removed
      10  WARNING: ODEBUG bug in mgmt_index_removed
      10  WARNING: ODEBUG bug in mgmt_index_removed
      10  WARNING: ODEBUG bug in mgmt_index_removed
Attempt 4: (RETRY)
    Time  Bug Name
       1  WARNING: ODEBUG bug in mgmt_index_removed
       2  WARNING: ODEBUG bug in mgmt_index_removed
       2  WARNING: ODEBUG bug in mgmt_index_removed
       2  WARNING: ODEBUG bug in mgmt_index_removed
       2  WARNING: ODEBUG bug in mgmt_index_removed
       2  WARNING: ODEBUG bug in mgmt_index_removed
       3  WARNING: ODEBUG bug in mgmt_index_removed
       3  WARNING: ODEBUG bug in mgmt_index_removed
       3  WARNING: ODEBUG bug in mgmt_index_removed
       3  WARNING: ODEBUG bug in mgmt_index_removed
       3  WARNING: ODEBUG bug in mgmt_index_removed
       4  WARNING: ODEBUG bug in mgmt_index_removed
       4  WARNING: ODEBUG bug in mgmt_index_removed
       4  WARNING: ODEBUG bug in mgmt_index_removed
       4  WARNING: ODEBUG bug in mgmt_index_removed
       4  WARNING: ODEBUG bug in mgmt_index_removed
       5  WARNING: ODEBUG bug in mgmt_index_removed
       5  WARNING: ODEBUG bug in mgmt_index_removed
       5  WARNING: ODEBUG bug in mgmt_index_removed
       5  WARNING: ODEBUG bug in mgmt_index_removed
       5  WARNING: ODEBUG bug in mgmt_index_removed
       6  WARNING: ODEBUG bug in mgmt_index_removed
       6  WARNING: ODEBUG bug in mgmt_index_removed
       6  WARNING: ODEBUG bug in mgmt_index_removed
       6  WARNING: ODEBUG bug in mgmt_index_removed
       6  WARNING: ODEBUG bug in mgmt_index_removed
       7  WARNING: ODEBUG bug in mgmt_index_removed
       7  WARNING: ODEBUG bug in mgmt_index_removed
       7  WARNING: ODEBUG bug in mgmt_index_removed
       7  WARNING: ODEBUG bug in mgmt_index_removed
       7  WARNING: ODEBUG bug in mgmt_index_removed
       8  WARNING: ODEBUG bug in mgmt_index_removed
       8  WARNING: ODEBUG bug in mgmt_index_removed
       8  WARNING: ODEBUG bug in mgmt_index_removed
       8  WARNING: ODEBUG bug in mgmt_index_removed
       8  WARNING: ODEBUG bug in mgmt_index_removed
       9  WARNING: ODEBUG bug in mgmt_index_removed
       9  WARNING: ODEBUG bug in mgmt_index_removed
       9  WARNING: ODEBUG bug in mgmt_index_removed
       9  WARNING: ODEBUG bug in mgmt_index_removed
       9  WARNING: ODEBUG bug in mgmt_index_removed
      10  WARNING: ODEBUG bug in mgmt_index_removed
      10  WARNING: ODEBUG bug in mgmt_index_removed
      10  WARNING: ODEBUG bug in mgmt_index_removed
      10  WARNING: ODEBUG bug in mgmt_index_removed
      10  WARNING: ODEBUG bug in mgmt_index_removed
Attempt 5: (RETRY)
    Time  Bug Name
       1  WARNING: ODEBUG bug in mgmt_index_removed
       2  WARNING: ODEBUG bug in mgmt_index_removed
       2  WARNING: ODEBUG bug in mgmt_index_removed
       2  WARNING: ODEBUG bug in mgmt_index_removed
       2  WARNING: ODEBUG bug in mgmt_index_removed
       2  WARNING: ODEBUG bug in mgmt_index_removed
       3  WARNING: ODEBUG bug in mgmt_index_removed
       3  WARNING: ODEBUG bug in mgmt_index_removed
       3  WARNING: ODEBUG bug in mgmt_index_removed
       3  WARNING: ODEBUG bug in mgmt_index_removed
       4  WARNING: ODEBUG bug in mgmt_index_removed
       4  WARNING: ODEBUG bug in mgmt_index_removed
       4  WARNING: ODEBUG bug in mgmt_index_removed
       4  WARNING: ODEBUG bug in mgmt_index_removed
       4  WARNING: ODEBUG bug in mgmt_index_removed
       5  WARNING: ODEBUG bug in mgmt_index_removed
       5  WARNING: ODEBUG bug in mgmt_index_removed
       5  WARNING: ODEBUG bug in mgmt_index_removed
       5  WARNING: ODEBUG bug in mgmt_index_removed
       5  WARNING: ODEBUG bug in mgmt_index_removed
       6  WARNING: ODEBUG bug in mgmt_index_removed
       6  WARNING: ODEBUG bug in mgmt_index_removed
       6  WARNING: ODEBUG bug in mgmt_index_removed
       6  WARNING: ODEBUG bug in mgmt_index_removed
       7  SYZFATAL: Manager.Check call failed: machine check failed: program execution failed: executor NUM: exit status NUM
       7  WARNING: ODEBUG bug in mgmt_index_removed
       7  WARNING: ODEBUG bug in mgmt_index_removed
       7  WARNING: ODEBUG bug in mgmt_index_removed
       8  SYZFATAL: Manager.Check call failed: machine check failed: program execution failed: executor NUM: exit status NUM
       8  WARNING: ODEBUG bug in mgmt_index_removed
       8  WARNING: ODEBUG bug in mgmt_index_removed
       8  WARNING: ODEBUG bug in mgmt_index_removed
       8  WARNING: ODEBUG bug in mgmt_index_removed
       8  WARNING: ODEBUG bug in mgmt_index_removed
       9  WARNING: ODEBUG bug in mgmt_index_removed
       9  WARNING: ODEBUG bug in mgmt_index_removed
       9  WARNING: ODEBUG bug in mgmt_index_removed
       9  WARNING: ODEBUG bug in mgmt_index_removed
      10  WARNING: ODEBUG bug in mgmt_index_removed
      10  WARNING: ODEBUG bug in mgmt_index_removed
      10  WARNING: ODEBUG bug in mgmt_index_removed
      10  WARNING: ODEBUG bug in mgmt_index_removed
The bug was not found.
Warning: This session is unstable.

2024-06-04 08:11:58
Session:   13
Template:  2022-08-10 - a6201f1167d158d5a0538c3d29bc3b2bebb0a4fd
Syzkaller: 2022-08-10 - a6201f1167d158d5a0538c3d29bc3b2bebb0a4fd
Kernel:    2022-08-10 - f41445645ab5d172e6090d00c332c335d8dba337
Compiler:  gcc-10.2.1-20210110
Attempt 1:
    Time  Bug Name
       1  WARNING: ODEBUG bug in mgmt_index_removed
       1  WARNING: ODEBUG bug in mgmt_index_removed
       2  WARNING: ODEBUG bug in mgmt_index_removed
       2  WARNING: ODEBUG bug in mgmt_index_removed
       2  WARNING: ODEBUG bug in mgmt_index_removed
       2  WARNING: ODEBUG bug in mgmt_index_removed
       3  WARNING: ODEBUG bug in mgmt_index_removed
       3  WARNING: ODEBUG bug in mgmt_index_removed
       3  WARNING: ODEBUG bug in mgmt_index_removed
       3  WARNING: ODEBUG bug in mgmt_index_removed
       3  WARNING: ODEBUG bug in mgmt_index_removed
       4  WARNING: ODEBUG bug in mgmt_index_removed
       4  WARNING: ODEBUG bug in mgmt_index_removed
       4  WARNING: ODEBUG bug in mgmt_index_removed
       4  WARNING: ODEBUG bug in mgmt_index_removed
       5  SYZFATAL: Manager.Check call failed: machine check failed: program execution failed: executor NUM: exit status NUM
       5  WARNING: ODEBUG bug in mgmt_index_removed
       5  WARNING: ODEBUG bug in mgmt_index_removed
       5  WARNING: ODEBUG bug in mgmt_index_removed
       5  WARNING: ODEBUG bug in mgmt_index_removed
       6  WARNING: ODEBUG bug in mgmt_index_removed
       6  WARNING: ODEBUG bug in mgmt_index_removed
       6  WARNING: ODEBUG bug in mgmt_index_removed
       6  WARNING: ODEBUG bug in mgmt_index_removed
       7  WARNING: ODEBUG bug in mgmt_index_removed
       7  WARNING: ODEBUG bug in mgmt_index_removed
       7  WARNING: ODEBUG bug in mgmt_index_removed
       7  WARNING: ODEBUG bug in mgmt_index_removed
       7  WARNING: ODEBUG bug in mgmt_index_removed
       8  WARNING: ODEBUG bug in mgmt_index_removed
       8  WARNING: ODEBUG bug in mgmt_index_removed
       8  WARNING: ODEBUG bug in mgmt_index_removed
       8  WARNING: ODEBUG bug in mgmt_index_removed
       8  WARNING: ODEBUG bug in mgmt_index_removed
       8  WARNING: ODEBUG bug in mgmt_index_removed
       9  WARNING: ODEBUG bug in mgmt_index_removed
       9  WARNING: ODEBUG bug in mgmt_index_removed
       9  WARNING: ODEBUG bug in mgmt_index_removed
       9  WARNING: ODEBUG bug in mgmt_index_removed
      10  WARNING: ODEBUG bug in mgmt_index_removed
      10  WARNING: ODEBUG bug in mgmt_index_removed
      10  WARNING: ODEBUG bug in mgmt_index_removed
      10  WARNING: ODEBUG bug in mgmt_index_removed
      10  WARNING: ODEBUG bug in mgmt_index_removed
Attempt 2:
    Time  Bug Name
       1  WARNING: ODEBUG bug in mgmt_index_removed
       2  WARNING: ODEBUG bug in mgmt_index_removed
       2  WARNING: ODEBUG bug in mgmt_index_removed
       2  WARNING: ODEBUG bug in mgmt_index_removed
       2  WARNING: ODEBUG bug in mgmt_index_removed
       3  WARNING: ODEBUG bug in mgmt_index_removed
       3  WARNING: ODEBUG bug in mgmt_index_removed
       3  WARNING: ODEBUG bug in mgmt_index_removed
       3  WARNING: ODEBUG bug in mgmt_index_removed
       3  WARNING: ODEBUG bug in mgmt_index_removed
       3  WARNING: ODEBUG bug in mgmt_index_removed
       4  WARNING: ODEBUG bug in mgmt_index_removed
       4  WARNING: ODEBUG bug in mgmt_index_removed
       4  WARNING: ODEBUG bug in mgmt_index_removed
       4  WARNING: ODEBUG bug in mgmt_index_removed
       4  WARNING: ODEBUG bug in mgmt_index_removed
       5  WARNING: ODEBUG bug in mgmt_index_removed
       5  WARNING: ODEBUG bug in mgmt_index_removed
       5  WARNING: ODEBUG bug in mgmt_index_removed
       5  WARNING: ODEBUG bug in mgmt_index_removed
       5  WARNING: ODEBUG bug in mgmt_index_removed
       6  WARNING: ODEBUG bug in mgmt_index_removed
       6  WARNING: ODEBUG bug in mgmt_index_removed
       6  WARNING: ODEBUG bug in mgmt_index_removed
       6  WARNING: ODEBUG bug in mgmt_index_removed
       6  WARNING: ODEBUG bug in mgmt_index_removed
       7  WARNING: ODEBUG bug in mgmt_index_removed
       7  WARNING: ODEBUG bug in mgmt_index_removed
       7  WARNING: ODEBUG bug in mgmt_index_removed
       7  WARNING: ODEBUG bug in mgmt_index_removed
       7  WARNING: ODEBUG bug in mgmt_index_removed
       8  WARNING: ODEBUG bug in mgmt_index_removed
       8  WARNING: ODEBUG bug in mgmt_index_removed
       8  WARNING: ODEBUG bug in mgmt_index_removed
       8  WARNING: ODEBUG bug in mgmt_index_removed
       8  WARNING: ODEBUG bug in mgmt_index_removed
       9  WARNING: ODEBUG bug in mgmt_index_removed
       9  WARNING: ODEBUG bug in mgmt_index_removed
       9  WARNING: ODEBUG bug in mgmt_index_removed
       9  WARNING: ODEBUG bug in mgmt_index_removed
       9  WARNING: ODEBUG bug in mgmt_index_removed
      10  WARNING: ODEBUG bug in mgmt_index_removed
      10  WARNING: ODEBUG bug in mgmt_index_removed
      10  WARNING: ODEBUG bug in mgmt_index_removed
      10  WARNING: ODEBUG bug in mgmt_index_removed
      10  WARNING: ODEBUG bug in mgmt_index_removed
Attempt 3:
    Time  Bug Name
       1  WARNING: ODEBUG bug in mgmt_index_removed
       2  WARNING: ODEBUG bug in mgmt_index_removed
       2  WARNING: ODEBUG bug in mgmt_index_removed
       2  WARNING: ODEBUG bug in mgmt_index_removed
       2  WARNING: ODEBUG bug in mgmt_index_removed
       2  WARNING: ODEBUG bug in mgmt_index_removed
       3  WARNING: ODEBUG bug in mgmt_index_removed
       3  WARNING: ODEBUG bug in mgmt_index_removed
       3  WARNING: ODEBUG bug in mgmt_index_removed
       3  WARNING: ODEBUG bug in mgmt_index_removed
       3  WARNING: ODEBUG bug in mgmt_index_removed
       4  WARNING: ODEBUG bug in mgmt_index_removed
       4  WARNING: ODEBUG bug in mgmt_index_removed
       4  WARNING: ODEBUG bug in mgmt_index_removed
       4  WARNING: ODEBUG bug in mgmt_index_removed
       5  WARNING: ODEBUG bug in mgmt_index_removed
       5  WARNING: ODEBUG bug in mgmt_index_removed
       5  WARNING: ODEBUG bug in mgmt_index_removed
       5  WARNING: ODEBUG bug in mgmt_index_removed
       5  WARNING: ODEBUG bug in mgmt_index_removed
       6  WARNING: ODEBUG bug in mgmt_index_removed
       6  WARNING: ODEBUG bug in mgmt_index_removed
       6  WARNING: ODEBUG bug in mgmt_index_removed
       6  WARNING: ODEBUG bug in mgmt_index_removed
       7  WARNING: ODEBUG bug in mgmt_index_removed
       7  WARNING: ODEBUG bug in mgmt_index_removed
       7  WARNING: ODEBUG bug in mgmt_index_removed
       7  WARNING: ODEBUG bug in mgmt_index_removed
       7  WARNING: ODEBUG bug in mgmt_index_removed
       8  WARNING: ODEBUG bug in mgmt_index_removed
       8  WARNING: ODEBUG bug in mgmt_index_removed
       8  WARNING: ODEBUG bug in mgmt_index_removed
       8  WARNING: ODEBUG bug in mgmt_index_removed
       9  WARNING: ODEBUG bug in mgmt_index_removed
       9  WARNING: ODEBUG bug in mgmt_index_removed
       9  WARNING: ODEBUG bug in mgmt_index_removed
       9  WARNING: ODEBUG bug in mgmt_index_removed
       9  WARNING: ODEBUG bug in mgmt_index_removed
      10  WARNING: ODEBUG bug in mgmt_index_removed
      10  WARNING: ODEBUG bug in mgmt_index_removed
      10  WARNING: ODEBUG bug in mgmt_index_removed
      10  WARNING: ODEBUG bug in mgmt_index_removed
      10  WARNING: ODEBUG bug in mgmt_index_removed
Attempt 4: (RETRY)
    Time  Bug Name
       1  WARNING: ODEBUG bug in mgmt_index_removed
       1  WARNING: ODEBUG bug in mgmt_index_removed
       2  WARNING: ODEBUG bug in mgmt_index_removed
       2  WARNING: ODEBUG bug in mgmt_index_removed
       2  WARNING: ODEBUG bug in mgmt_index_removed
       2  WARNING: ODEBUG bug in mgmt_index_removed
       2  WARNING: ODEBUG bug in mgmt_index_removed
       3  WARNING: ODEBUG bug in mgmt_index_removed
       3  WARNING: ODEBUG bug in mgmt_index_removed
       3  WARNING: ODEBUG bug in mgmt_index_removed
       3  WARNING: ODEBUG bug in mgmt_index_removed
       3  WARNING: ODEBUG bug in mgmt_index_removed
       4  WARNING: ODEBUG bug in mgmt_index_removed
       4  WARNING: ODEBUG bug in mgmt_index_removed
       4  WARNING: ODEBUG bug in mgmt_index_removed
       4  WARNING: ODEBUG bug in mgmt_index_removed
       4  WARNING: ODEBUG bug in mgmt_index_removed
       5  WARNING: ODEBUG bug in mgmt_index_removed
       5  WARNING: ODEBUG bug in mgmt_index_removed
       5  WARNING: ODEBUG bug in mgmt_index_removed
       5  WARNING: ODEBUG bug in mgmt_index_removed
       5  WARNING: ODEBUG bug in mgmt_index_removed
       6  WARNING: ODEBUG bug in mgmt_index_removed
       6  WARNING: ODEBUG bug in mgmt_index_removed
       6  WARNING: ODEBUG bug in mgmt_index_removed
       6  WARNING: ODEBUG bug in mgmt_index_removed
       7  WARNING: ODEBUG bug in mgmt_index_removed
       7  WARNING: ODEBUG bug in mgmt_index_removed
       7  WARNING: ODEBUG bug in mgmt_index_removed
       7  WARNING: ODEBUG bug in mgmt_index_removed
       7  WARNING: ODEBUG bug in mgmt_index_removed
       8  WARNING: ODEBUG bug in mgmt_index_removed
       8  WARNING: ODEBUG bug in mgmt_index_removed
       8  WARNING: ODEBUG bug in mgmt_index_removed
       8  WARNING: ODEBUG bug in mgmt_index_removed
       9  WARNING: ODEBUG bug in mgmt_index_removed
       9  WARNING: ODEBUG bug in mgmt_index_removed
       9  WARNING: ODEBUG bug in mgmt_index_removed
       9  WARNING: ODEBUG bug in mgmt_index_removed
       9  WARNING: ODEBUG bug in mgmt_index_removed
      10  WARNING: ODEBUG bug in mgmt_index_removed
      10  WARNING: ODEBUG bug in mgmt_index_removed
      10  WARNING: ODEBUG bug in mgmt_index_removed
      10  WARNING: ODEBUG bug in mgmt_index_removed
The bug was not found.

2024-06-04 09:08:58
Session:   14
Template:  2022-08-12 - 8dfcaa3d2828a113ae780da01f5f73ad64710e31
Syzkaller: 2022-08-12 - 8dfcaa3d2828a113ae780da01f5f73ad64710e31
Kernel:    2022-08-12 - c3adefb5baf377868f45de78eb9f72f87eb498b0
Compiler:  gcc-10.2.1-20210110
Attempt 1:
    Time  Bug Name
***    2  WARNING in __nf_unregister_net_hook
The bug was found.

2024-06-04 09:29:01
Session:   15
Template:  2022-08-11 - 402cd70d5792ac0fd0d4eb2ec81963ce378bf5a5
Syzkaller: 2022-08-11 - 402cd70d5792ac0fd0d4eb2ec81963ce378bf5a5
Kernel:    2022-08-11 - e18a90427c4ef26e9208a8710b7d10eaf02bed48
Compiler:  gcc-10.2.1-20210110
Attempt 1:
    Time  Bug Name
       1  WARNING: ODEBUG bug in mgmt_index_removed
       1  WARNING: ODEBUG bug in mgmt_index_removed
       2  WARNING: ODEBUG bug in mgmt_index_removed
       2  WARNING: ODEBUG bug in mgmt_index_removed
       2  WARNING: ODEBUG bug in mgmt_index_removed
       2  WARNING: ODEBUG bug in mgmt_index_removed
       2  WARNING: ODEBUG bug in mgmt_index_removed
       3  WARNING: ODEBUG bug in mgmt_index_removed
       3  WARNING: ODEBUG bug in mgmt_index_removed
       3  WARNING: ODEBUG bug in mgmt_index_removed
       3  WARNING: ODEBUG bug in mgmt_index_removed
       3  WARNING: ODEBUG bug in mgmt_index_removed
       4  WARNING: ODEBUG bug in mgmt_index_removed
       4  WARNING: ODEBUG bug in mgmt_index_removed
       4  WARNING: ODEBUG bug in mgmt_index_removed
       4  WARNING: ODEBUG bug in mgmt_index_removed
       5  WARNING: ODEBUG bug in mgmt_index_removed
       5  WARNING: ODEBUG bug in mgmt_index_removed
       5  WARNING: ODEBUG bug in mgmt_index_removed
       5  WARNING: ODEBUG bug in mgmt_index_removed
       5  WARNING: ODEBUG bug in mgmt_index_removed
       6  WARNING: ODEBUG bug in mgmt_index_removed
       6  WARNING: ODEBUG bug in mgmt_index_removed
       6  WARNING: ODEBUG bug in mgmt_index_removed
       6  WARNING: ODEBUG bug in mgmt_index_removed
       6  WARNING: ODEBUG bug in mgmt_index_removed
       7  WARNING: ODEBUG bug in mgmt_index_removed
       7  WARNING: ODEBUG bug in mgmt_index_removed
       7  WARNING: ODEBUG bug in mgmt_index_removed
       7  WARNING: ODEBUG bug in mgmt_index_removed
       8  SYZFATAL: Manager.Check call failed: machine check failed: program execution failed: executor NUM: exit status NUM
       8  WARNING: ODEBUG bug in mgmt_index_removed
       8  WARNING: ODEBUG bug in mgmt_index_removed
       8  WARNING: ODEBUG bug in mgmt_index_removed
       8  WARNING: ODEBUG bug in mgmt_index_removed
       8  WARNING: ODEBUG bug in mgmt_index_removed
       9  WARNING: ODEBUG bug in mgmt_index_removed
       9  WARNING: ODEBUG bug in mgmt_index_removed
       9  WARNING: ODEBUG bug in mgmt_index_removed
       9  WARNING: ODEBUG bug in mgmt_index_removed
      10  WARNING: ODEBUG bug in mgmt_index_removed
      10  WARNING: ODEBUG bug in mgmt_index_removed
      10  WARNING: ODEBUG bug in mgmt_index_removed
      10  WARNING: ODEBUG bug in mgmt_index_removed
      10  WARNING: ODEBUG bug in mgmt_index_removed
Attempt 2:
    Time  Bug Name
       1  WARNING: ODEBUG bug in mgmt_index_removed
       2  WARNING: ODEBUG bug in mgmt_index_removed
       2  WARNING: ODEBUG bug in mgmt_index_removed
       2  WARNING: ODEBUG bug in mgmt_index_removed
       2  WARNING: ODEBUG bug in mgmt_index_removed
       2  WARNING: ODEBUG bug in mgmt_index_removed
       3  WARNING: ODEBUG bug in mgmt_index_removed
       3  WARNING: ODEBUG bug in mgmt_index_removed
       3  WARNING: ODEBUG bug in mgmt_index_removed
       3  WARNING: ODEBUG bug in mgmt_index_removed
       3  WARNING: ODEBUG bug in mgmt_index_removed
       4  WARNING: ODEBUG bug in mgmt_index_removed
       4  WARNING: ODEBUG bug in mgmt_index_removed
       4  WARNING: ODEBUG bug in mgmt_index_removed
       4  WARNING: ODEBUG bug in mgmt_index_removed
       4  WARNING: ODEBUG bug in mgmt_index_removed
       5  WARNING: ODEBUG bug in mgmt_index_removed
       5  WARNING: ODEBUG bug in mgmt_index_removed
       5  WARNING: ODEBUG bug in mgmt_index_removed
       5  WARNING: ODEBUG bug in mgmt_index_removed
       6  WARNING: ODEBUG bug in mgmt_index_removed
       6  WARNING: ODEBUG bug in mgmt_index_removed
       6  WARNING: ODEBUG bug in mgmt_index_removed
       6  WARNING: ODEBUG bug in mgmt_index_removed
       7  WARNING: ODEBUG bug in mgmt_index_removed
       7  WARNING: ODEBUG bug in mgmt_index_removed
       7  WARNING: ODEBUG bug in mgmt_index_removed
       7  WARNING: ODEBUG bug in mgmt_index_removed
       7  WARNING: ODEBUG bug in mgmt_index_removed
       8  WARNING: ODEBUG bug in mgmt_index_removed
       8  WARNING: ODEBUG bug in mgmt_index_removed
       8  WARNING: ODEBUG bug in mgmt_index_removed
       8  WARNING: ODEBUG bug in mgmt_index_removed
       8  WARNING: ODEBUG bug in mgmt_index_removed
       9  WARNING: ODEBUG bug in mgmt_index_removed
       9  WARNING: ODEBUG bug in mgmt_index_removed
       9  WARNING: ODEBUG bug in mgmt_index_removed
       9  WARNING: ODEBUG bug in mgmt_index_removed
       9  WARNING: ODEBUG bug in mgmt_index_removed
       9  WARNING: ODEBUG bug in mgmt_index_removed
      10  WARNING: ODEBUG bug in mgmt_index_removed
      10  WARNING: ODEBUG bug in mgmt_index_removed
      10  WARNING: ODEBUG bug in mgmt_index_removed
      10  WARNING: ODEBUG bug in mgmt_index_removed
      10  WARNING: ODEBUG bug in mgmt_index_removed
Attempt 3:
    Time  Bug Name
       1  WARNING: ODEBUG bug in mgmt_index_removed
       1  WARNING: ODEBUG bug in mgmt_index_removed
       2  WARNING: ODEBUG bug in mgmt_index_removed
       2  WARNING: ODEBUG bug in mgmt_index_removed
       2  WARNING: ODEBUG bug in mgmt_index_removed
       2  WARNING: ODEBUG bug in mgmt_index_removed
       3  WARNING: ODEBUG bug in mgmt_index_removed
       3  WARNING: ODEBUG bug in mgmt_index_removed
       3  WARNING: ODEBUG bug in mgmt_index_removed
       3  WARNING: ODEBUG bug in mgmt_index_removed
       3  WARNING: ODEBUG bug in mgmt_index_removed
       3  WARNING: ODEBUG bug in mgmt_index_removed
       4  WARNING: ODEBUG bug in mgmt_index_removed
       4  WARNING: ODEBUG bug in mgmt_index_removed
       4  WARNING: ODEBUG bug in mgmt_index_removed
       4  WARNING: ODEBUG bug in mgmt_index_removed
       5  WARNING: ODEBUG bug in mgmt_index_removed
       5  WARNING: ODEBUG bug in mgmt_index_removed
       5  WARNING: ODEBUG bug in mgmt_index_removed
       5  WARNING: ODEBUG bug in mgmt_index_removed
       6  WARNING: ODEBUG bug in mgmt_index_removed
       6  WARNING: ODEBUG bug in mgmt_index_removed
       6  WARNING: ODEBUG bug in mgmt_index_removed
       6  WARNING: ODEBUG bug in mgmt_index_removed
       6  WARNING: ODEBUG bug in mgmt_index_removed
       7  WARNING: ODEBUG bug in mgmt_index_removed
       7  WARNING: ODEBUG bug in mgmt_index_removed
       7  WARNING: ODEBUG bug in mgmt_index_removed
       7  WARNING: ODEBUG bug in mgmt_index_removed
       7  WARNING: ODEBUG bug in mgmt_index_removed
       8  WARNING: ODEBUG bug in mgmt_index_removed
       8  WARNING: ODEBUG bug in mgmt_index_removed
       8  WARNING: ODEBUG bug in mgmt_index_removed
       8  WARNING: ODEBUG bug in mgmt_index_removed
       9  WARNING: ODEBUG bug in mgmt_index_removed
       9  WARNING: ODEBUG bug in mgmt_index_removed
       9  WARNING: ODEBUG bug in mgmt_index_removed
       9  WARNING: ODEBUG bug in mgmt_index_removed
      10  WARNING: ODEBUG bug in mgmt_index_removed
      10  WARNING: ODEBUG bug in mgmt_index_removed
      10  WARNING: ODEBUG bug in mgmt_index_removed
      10  WARNING: ODEBUG bug in mgmt_index_removed
      10  WARNING: ODEBUG bug in mgmt_index_removed
      10  WARNING: ODEBUG bug in mgmt_index_removed
Attempt 4: (RETRY)
    Time  Bug Name
       1  WARNING: ODEBUG bug in mgmt_index_removed
       1  WARNING: ODEBUG bug in mgmt_index_removed
       2  WARNING: ODEBUG bug in mgmt_index_removed
       2  WARNING: ODEBUG bug in mgmt_index_removed
       2  WARNING: ODEBUG bug in mgmt_index_removed
       2  WARNING: ODEBUG bug in mgmt_index_removed
       2  WARNING: ODEBUG bug in mgmt_index_removed
       3  WARNING: ODEBUG bug in mgmt_index_removed
       3  WARNING: ODEBUG bug in mgmt_index_removed
       3  WARNING: ODEBUG bug in mgmt_index_removed
       3  WARNING: ODEBUG bug in mgmt_index_removed
       4  WARNING: ODEBUG bug in mgmt_index_removed
       4  WARNING: ODEBUG bug in mgmt_index_removed
       4  WARNING: ODEBUG bug in mgmt_index_removed
       4  WARNING: ODEBUG bug in mgmt_index_removed
       4  WARNING: ODEBUG bug in mgmt_index_removed
       5  WARNING: ODEBUG bug in mgmt_index_removed
       5  WARNING: ODEBUG bug in mgmt_index_removed
       5  WARNING: ODEBUG bug in mgmt_index_removed
       5  WARNING: ODEBUG bug in mgmt_index_removed
       5  WARNING: ODEBUG bug in mgmt_index_removed
       6  WARNING: ODEBUG bug in mgmt_index_removed
       6  WARNING: ODEBUG bug in mgmt_index_removed
       6  WARNING: ODEBUG bug in mgmt_index_removed
       6  WARNING: ODEBUG bug in mgmt_index_removed
       6  WARNING: ODEBUG bug in mgmt_index_removed
       7  WARNING: ODEBUG bug in mgmt_index_removed
       7  WARNING: ODEBUG bug in mgmt_index_removed
       7  WARNING: ODEBUG bug in mgmt_index_removed
       7  WARNING: ODEBUG bug in mgmt_index_removed
       7  WARNING: ODEBUG bug in mgmt_index_removed
       8  WARNING: ODEBUG bug in mgmt_index_removed
       8  WARNING: ODEBUG bug in mgmt_index_removed
       8  WARNING: ODEBUG bug in mgmt_index_removed
       8  WARNING: ODEBUG bug in mgmt_index_removed
       8  WARNING: ODEBUG bug in mgmt_index_removed
       9  WARNING: ODEBUG bug in mgmt_index_removed
       9  WARNING: ODEBUG bug in mgmt_index_removed
       9  WARNING: ODEBUG bug in mgmt_index_removed
       9  WARNING: ODEBUG bug in mgmt_index_removed
       9  WARNING: ODEBUG bug in mgmt_index_removed
      10  WARNING: ODEBUG bug in mgmt_index_removed
      10  WARNING: ODEBUG bug in mgmt_index_removed
      10  WARNING: ODEBUG bug in mgmt_index_removed
      10  WARNING: ODEBUG bug in mgmt_index_removed
      10  WARNING: ODEBUG bug in mgmt_index_removed
      10  WARNING: ODEBUG bug in mgmt_index_removed
The bug was not found.

2024-06-04 10:27:04
Session:   16
Template:  2022-08-11 - 402cd70d5792ac0fd0d4eb2ec81963ce378bf5a5
Syzkaller: 2022-08-11 - 402cd70d5792ac0fd0d4eb2ec81963ce378bf5a5
Kernel:    2022-08-11 - e091ba5cf82714c8691d978781696cd1fc2dec70
Compiler:  gcc-10.2.1-20210110
Attempt 1:
    Time  Bug Name
       1  WARNING: ODEBUG bug in mgmt_index_removed
       1  WARNING: ODEBUG bug in mgmt_index_removed
       2  WARNING: ODEBUG bug in mgmt_index_removed
       2  WARNING: ODEBUG bug in mgmt_index_removed
       2  WARNING: ODEBUG bug in mgmt_index_removed
       2  WARNING: ODEBUG bug in mgmt_index_removed
       3  WARNING: ODEBUG bug in mgmt_index_removed
       3  WARNING: ODEBUG bug in mgmt_index_removed
       3  WARNING: ODEBUG bug in mgmt_index_removed
       3  WARNING: ODEBUG bug in mgmt_index_removed
       3  WARNING: ODEBUG bug in mgmt_index_removed
       3  WARNING: ODEBUG bug in mgmt_index_removed
       4  WARNING: ODEBUG bug in mgmt_index_removed
       4  WARNING: ODEBUG bug in mgmt_index_removed
       4  WARNING: ODEBUG bug in mgmt_index_removed
       4  WARNING: ODEBUG bug in mgmt_index_removed
       5  WARNING: ODEBUG bug in mgmt_index_removed
       5  WARNING: ODEBUG bug in mgmt_index_removed
       5  WARNING: ODEBUG bug in mgmt_index_removed
       5  WARNING: ODEBUG bug in mgmt_index_removed
       5  WARNING: ODEBUG bug in mgmt_index_removed
       6  WARNING: ODEBUG bug in mgmt_index_removed
       6  WARNING: ODEBUG bug in mgmt_index_removed
       6  WARNING: ODEBUG bug in mgmt_index_removed
       6  WARNING: ODEBUG bug in mgmt_index_removed
       6  WARNING: ODEBUG bug in mgmt_index_removed
       7  WARNING: ODEBUG bug in mgmt_index_removed
       7  WARNING: ODEBUG bug in mgmt_index_removed
       7  WARNING: ODEBUG bug in mgmt_index_removed
       7  WARNING: ODEBUG bug in mgmt_index_removed
       8  WARNING: ODEBUG bug in mgmt_index_removed
       8  WARNING: ODEBUG bug in mgmt_index_removed
       8  WARNING: ODEBUG bug in mgmt_index_removed
       8  WARNING: ODEBUG bug in mgmt_index_removed
       8  WARNING: ODEBUG bug in mgmt_index_removed
       9  WARNING: ODEBUG bug in mgmt_index_removed
       9  WARNING: ODEBUG bug in mgmt_index_removed
       9  WARNING: ODEBUG bug in mgmt_index_removed
       9  WARNING: ODEBUG bug in mgmt_index_removed
       9  WARNING: ODEBUG bug in mgmt_index_removed
      10  WARNING: ODEBUG bug in mgmt_index_removed
      10  WARNING: ODEBUG bug in mgmt_index_removed
      10  WARNING: ODEBUG bug in mgmt_index_removed
      10  WARNING: ODEBUG bug in mgmt_index_removed
      10  WARNING: ODEBUG bug in mgmt_index_removed
      10  WARNING: ODEBUG bug in mgmt_index_removed
Attempt 2:
    Time  Bug Name
       1  WARNING: ODEBUG bug in mgmt_index_removed
       2  WARNING: ODEBUG bug in mgmt_index_removed
       2  WARNING: ODEBUG bug in mgmt_index_removed
       2  WARNING: ODEBUG bug in mgmt_index_removed
       2  WARNING: ODEBUG bug in mgmt_index_removed
       2  WARNING: ODEBUG bug in mgmt_index_removed
       3  WARNING: ODEBUG bug in mgmt_index_removed
       3  WARNING: ODEBUG bug in mgmt_index_removed
       3  WARNING: ODEBUG bug in mgmt_index_removed
       3  WARNING: ODEBUG bug in mgmt_index_removed
       3  WARNING: ODEBUG bug in mgmt_index_removed
       4  WARNING: ODEBUG bug in mgmt_index_removed
       4  WARNING: ODEBUG bug in mgmt_index_removed
       4  WARNING: ODEBUG bug in mgmt_index_removed
       4  WARNING: ODEBUG bug in mgmt_index_removed
       5  WARNING: ODEBUG bug in mgmt_index_removed
       5  WARNING: ODEBUG bug in mgmt_index_removed
       5  WARNING: ODEBUG bug in mgmt_index_removed
       5  WARNING: ODEBUG bug in mgmt_index_removed
       5  WARNING: ODEBUG bug in mgmt_index_removed
       6  WARNING: ODEBUG bug in mgmt_index_removed
       6  WARNING: ODEBUG bug in mgmt_index_removed
       6  WARNING: ODEBUG bug in mgmt_index_removed
       6  WARNING: ODEBUG bug in mgmt_index_removed
       7  WARNING: ODEBUG bug in mgmt_index_removed
       7  WARNING: ODEBUG bug in mgmt_index_removed
       7  WARNING: ODEBUG bug in mgmt_index_removed
       7  WARNING: ODEBUG bug in mgmt_index_removed
       8  WARNING: ODEBUG bug in mgmt_index_removed
       8  WARNING: ODEBUG bug in mgmt_index_removed
       8  WARNING: ODEBUG bug in mgmt_index_removed
       8  WARNING: ODEBUG bug in mgmt_index_removed
       8  WARNING: ODEBUG bug in mgmt_index_removed
       8  WARNING: ODEBUG bug in mgmt_index_removed
       9  WARNING: ODEBUG bug in mgmt_index_removed
       9  WARNING: ODEBUG bug in mgmt_index_removed
       9  WARNING: ODEBUG bug in mgmt_index_removed
       9  WARNING: ODEBUG bug in mgmt_index_removed
      10  WARNING: ODEBUG bug in mgmt_index_removed
      10  WARNING: ODEBUG bug in mgmt_index_removed
      10  WARNING: ODEBUG bug in mgmt_index_removed
      10  WARNING: ODEBUG bug in mgmt_index_removed
      10  WARNING: ODEBUG bug in mgmt_index_removed
Attempt 3:
    Time  Bug Name
       1  WARNING: ODEBUG bug in mgmt_index_removed
       2  WARNING: ODEBUG bug in mgmt_index_removed
       2  WARNING: ODEBUG bug in mgmt_index_removed
       2  WARNING: ODEBUG bug in mgmt_index_removed
       2  WARNING: ODEBUG bug in mgmt_index_removed
       2  WARNING: ODEBUG bug in mgmt_index_removed
       3  WARNING: ODEBUG bug in mgmt_index_removed
       3  WARNING: ODEBUG bug in mgmt_index_removed
       3  WARNING: ODEBUG bug in mgmt_index_removed
       3  WARNING: ODEBUG bug in mgmt_index_removed
       4  WARNING: ODEBUG bug in mgmt_index_removed
       4  WARNING: ODEBUG bug in mgmt_index_removed
       4  WARNING: ODEBUG bug in mgmt_index_removed
       4  WARNING: ODEBUG bug in mgmt_index_removed
       4  WARNING: ODEBUG bug in mgmt_index_removed
       5  WARNING: ODEBUG bug in mgmt_index_removed
       5  WARNING: ODEBUG bug in mgmt_index_removed
       5  WARNING: ODEBUG bug in mgmt_index_removed
       5  WARNING: ODEBUG bug in mgmt_index_removed
       5  WARNING: ODEBUG bug in mgmt_index_removed
       6  WARNING: ODEBUG bug in mgmt_index_removed
       6  WARNING: ODEBUG bug in mgmt_index_removed
       6  WARNING: ODEBUG bug in mgmt_index_removed
       6  WARNING: ODEBUG bug in mgmt_index_removed
       7  SYZFATAL: Manager.Check call failed: machine check failed: program execution failed: executor NUM: exit status NUM
       7  WARNING: ODEBUG bug in mgmt_index_removed
       7  WARNING: ODEBUG bug in mgmt_index_removed
       7  WARNING: ODEBUG bug in mgmt_index_removed
       7  WARNING: ODEBUG bug in mgmt_index_removed
       8  WARNING: ODEBUG bug in mgmt_index_removed
       8  WARNING: ODEBUG bug in mgmt_index_removed
       8  WARNING: ODEBUG bug in mgmt_index_removed
       8  WARNING: ODEBUG bug in mgmt_index_removed
       8  WARNING: ODEBUG bug in mgmt_index_removed
       8  WARNING: ODEBUG bug in mgmt_index_removed
       9  SYZFATAL: Manager.Check call failed: machine check failed: program execution failed: executor NUM: exit status NUM
       9  WARNING: ODEBUG bug in mgmt_index_removed
       9  WARNING: ODEBUG bug in mgmt_index_removed
       9  WARNING: ODEBUG bug in mgmt_index_removed
       9  WARNING: ODEBUG bug in mgmt_index_removed
      10  WARNING: ODEBUG bug in mgmt_index_removed
      10  WARNING: ODEBUG bug in mgmt_index_removed
      10  WARNING: ODEBUG bug in mgmt_index_removed
      10  WARNING: ODEBUG bug in mgmt_index_removed
      10  WARNING: ODEBUG bug in mgmt_index_removed
Attempt 4: (RETRY)
    Time  Bug Name
       1  WARNING: ODEBUG bug in mgmt_index_removed
       2  SYZFATAL: Manager.Check call failed: machine check failed: program execution failed: executor NUM: exit status NUM
       2  WARNING: ODEBUG bug in mgmt_index_removed
       2  WARNING: ODEBUG bug in mgmt_index_removed
       2  WARNING: ODEBUG bug in mgmt_index_removed
       2  WARNING: ODEBUG bug in mgmt_index_removed
       3  WARNING: ODEBUG bug in mgmt_index_removed
       3  WARNING: ODEBUG bug in mgmt_index_removed
       3  WARNING: ODEBUG bug in mgmt_index_removed
       3  WARNING: ODEBUG bug in mgmt_index_removed
       4  WARNING: ODEBUG bug in mgmt_index_removed
       4  WARNING: ODEBUG bug in mgmt_index_removed
       4  WARNING: ODEBUG bug in mgmt_index_removed
       4  WARNING: ODEBUG bug in mgmt_index_removed
       5  WARNING: ODEBUG bug in mgmt_index_removed
       5  WARNING: ODEBUG bug in mgmt_index_removed
       5  WARNING: ODEBUG bug in mgmt_index_removed
       5  WARNING: ODEBUG bug in mgmt_index_removed
       5  WARNING: ODEBUG bug in mgmt_index_removed
       6  WARNING: ODEBUG bug in mgmt_index_removed
       6  WARNING: ODEBUG bug in mgmt_index_removed
       6  WARNING: ODEBUG bug in mgmt_index_removed
       6  WARNING: ODEBUG bug in mgmt_index_removed
       7  WARNING: ODEBUG bug in mgmt_index_removed
       7  WARNING: ODEBUG bug in mgmt_index_removed
       7  WARNING: ODEBUG bug in mgmt_index_removed
       7  WARNING: ODEBUG bug in mgmt_index_removed
       7  WARNING: ODEBUG bug in mgmt_index_removed
       8  WARNING: ODEBUG bug in mgmt_index_removed
       8  WARNING: ODEBUG bug in mgmt_index_removed
       8  WARNING: ODEBUG bug in mgmt_index_removed
       8  WARNING: ODEBUG bug in mgmt_index_removed
       9  WARNING: ODEBUG bug in mgmt_index_removed
       9  WARNING: ODEBUG bug in mgmt_index_removed
       9  WARNING: ODEBUG bug in mgmt_index_removed
       9  WARNING: ODEBUG bug in mgmt_index_removed
      10  WARNING: ODEBUG bug in mgmt_index_removed
      10  WARNING: ODEBUG bug in mgmt_index_removed
      10  WARNING: ODEBUG bug in mgmt_index_removed
      10  WARNING: ODEBUG bug in mgmt_index_removed
      10  WARNING: ODEBUG bug in mgmt_index_removed
Attempt 5: (RETRY)
    Time  Bug Name
       1  WARNING: ODEBUG bug in mgmt_index_removed
       2  WARNING: ODEBUG bug in mgmt_index_removed
       2  WARNING: ODEBUG bug in mgmt_index_removed
       2  WARNING: ODEBUG bug in mgmt_index_removed
       2  WARNING: ODEBUG bug in mgmt_index_removed
       2  WARNING: ODEBUG bug in mgmt_index_removed
       3  WARNING: ODEBUG bug in mgmt_index_removed
       3  WARNING: ODEBUG bug in mgmt_index_removed
       3  WARNING: ODEBUG bug in mgmt_index_removed
       3  WARNING: ODEBUG bug in mgmt_index_removed
       4  SYZFATAL: Manager.Check call failed: machine check failed: program execution failed: executor NUM: exit status NUM
       4  WARNING: ODEBUG bug in mgmt_index_removed
       4  WARNING: ODEBUG bug in mgmt_index_removed
       4  WARNING: ODEBUG bug in mgmt_index_removed
       4  WARNING: ODEBUG bug in mgmt_index_removed
       5  WARNING: ODEBUG bug in mgmt_index_removed
       5  WARNING: ODEBUG bug in mgmt_index_removed
       5  WARNING: ODEBUG bug in mgmt_index_removed
       5  WARNING: ODEBUG bug in mgmt_index_removed
       6  WARNING: ODEBUG bug in mgmt_index_removed
       6  WARNING: ODEBUG bug in mgmt_index_removed
       6  WARNING: ODEBUG bug in mgmt_index_removed
       6  WARNING: ODEBUG bug in mgmt_index_removed
       6  WARNING: ODEBUG bug in mgmt_index_removed
       7  WARNING: ODEBUG bug in mgmt_index_removed
       7  WARNING: ODEBUG bug in mgmt_index_removed
       7  WARNING: ODEBUG bug in mgmt_index_removed
       7  WARNING: ODEBUG bug in mgmt_index_removed
       8  WARNING: ODEBUG bug in mgmt_index_removed
       8  WARNING: ODEBUG bug in mgmt_index_removed
       8  WARNING: ODEBUG bug in mgmt_index_removed
       8  WARNING: ODEBUG bug in mgmt_index_removed
       9  WARNING: ODEBUG bug in mgmt_index_removed
       9  WARNING: ODEBUG bug in mgmt_index_removed
       9  WARNING: ODEBUG bug in mgmt_index_removed
       9  WARNING: ODEBUG bug in mgmt_index_removed
       9  WARNING: ODEBUG bug in mgmt_index_removed
      10  WARNING: ODEBUG bug in mgmt_index_removed
      10  WARNING: ODEBUG bug in mgmt_index_removed
      10  WARNING: ODEBUG bug in mgmt_index_removed
      10  WARNING: ODEBUG bug in mgmt_index_removed
      10  WARNING: ODEBUG bug in mgmt_index_removed
      10  WARNING: ODEBUG bug in mgmt_index_removed
The bug was not found.
Warning: This session is unstable.

2024-06-04 11:33:05
Session:   17
Template:  2022-08-11 - 402cd70d5792ac0fd0d4eb2ec81963ce378bf5a5
Syzkaller: 2022-08-11 - 402cd70d5792ac0fd0d4eb2ec81963ce378bf5a5
Kernel:    2022-08-11 - 7ebfc85e2cd7b08f518b526173e9a33b56b3913b
Compiler:  gcc-10.2.1-20210110
Attempt 1:
    Time  Bug Name
***    2  WARNING in __nf_unregister_net_hook
The bug was found.

====================================================================================================================================================
Revealing Factor:   Unstable Commits
Unstable Range:     [2022-08-11, 2022-08-11]
Version:            2022-08-11 - e091ba5cf82714c8691d978781696cd1fc2dec70
Commit Name:        Merge tag 'acpi-5.20-rc1-2' of git://git.kernel.org/pub/scm/linux/kernel/git/rafael/linux-pm

Bug Name:           WARNING in __nf_unregister_net_hook
Bug Link:           https://syzkaller.appspot.com/bug?extid=de4025c006ec68ac56fc
Arch:               amd64
Finding Date:       2023-09-26
Finding Commit:     2023-09-24 - 6465e260f48790807eef06b583b38ca9789b6072
Guilty Merge:       2021-05-27 - 44991d61aa120ed3e12f75bb0e0fbd2a84df930d
Guilty Commit:      2021-05-24 - 179d9ba5559a756f4322583388b3213fe4e391b0

Possible Blocking Bugs:
    WARNING: ODEBUG bug in mgmt_index_removed
