KASAN: use-after-free Read in rdma_listen,https://syzkaller.appspot.com/bug?extid=adb15cf8c2798e4e0db4
Repository: linux
Arch: amd64
Finding: 2019-03-28 - 9936328b41ce4bce8f20269dcac8cb476c8d0820
Guilty:  2006-12-12 - 75216638572f53612304c05a374f0246fe1d16da
Duplicate Names:
    KMSAN: use-after-free in rdma_listen
    KMSAN: uninit-value in rdma_listen
    KASAN: use-after-free Read in rdma_listen
Single Proc Allocation
VMs:8
CPUs:2
Procs:16
Max time:30
Max attempts:3
Testing the finding commit.

2024-06-23 08:47:10
Session:   1
Template:  2019-03-29 - c35ee0ea6d7ad386409ff5092d11361169886eef
Syzkaller: 2019-03-29 - c35ee0ea6d7ad386409ff5092d11361169886eef
Kernel:    2019-03-28 - 9936328b41ce4bce8f20269dcac8cb476c8d0820
Compiler:  gcc-9.0.0-20181231
Attempt 1:
    Time  Bug Name
***    1  KASAN: use-after-free Read in rdma_listen
Attempt 2:
    Time  Bug Name
***    1  KASAN: use-after-free Read in rdma_listen
***    1  KASAN: use-after-free Read in rdma_listen
Attempt 3:
    Time  Bug Name
***    1  KASAN: use-after-free Read in rdma_listen
***    1  KASAN: use-after-free Read in rdma_listen
The bug was found.

New Max Time: 10.
Merge Commit: 2006-12-13 - b1ef951e8199d1c59f14dbe0fa22974ed57a3b48.

==== Template Inspection ====
129 template changes in [2017-07-22, 2019-03-29].

2024-06-23 10:09:54
Session:   2
Template:  2018-03-26 - 0ca7878bc33e9f95369c609dd1eb56a6405479cc
Syzkaller: 2018-03-26 - 0ca7878bc33e9f95369c609dd1eb56a6405479cc
Kernel:    2018-03-25 - 3eb2ce825ea1ad89d20f7a3b5780df850e4be274
Compiler:  gcc-8.0.1-20180301
Attempt 1:
    No crashes found.
Attempt 2:
    Time  Bug Name
       3  general protection fault in rdma_init_qp_attr
       6  general protection fault in rdma_init_qp_attr
       9  no output from test machine
Attempt 3:
    Time  Bug Name
       5  KASAN: stack-out-of-bounds Read in rdma_bind_addr
       6  general protection fault in rdma_init_qp_attr
The bug was not found.

2024-06-23 10:50:41
Session:   3
Template:  2018-09-25 - 30f618d19da7a1147e648b5a69ecb1c1e4d1c553
Syzkaller: 2018-09-25 - 30f618d19da7a1147e648b5a69ecb1c1e4d1c553
Kernel:    2018-09-25 - a38523185b40fd85d2afe5b5fbfb0952f7153e96
Compiler:  gcc-8.0.1-20180412
Attempt 1:
    Time  Bug Name
***    1  KASAN: use-after-free Read in rdma_listen
***    1  KASAN: use-after-free Read in rdma_listen
The bug was found.

2024-06-23 11:03:06
Session:   4
Template:  2018-06-08 - 09ca59bff75c57b48bfe11a42bddd147f5c52ef8
Syzkaller: 2018-06-08 - 09ca59bff75c57b48bfe11a42bddd147f5c52ef8
Kernel:    2018-06-08 - a3818841bd5e9b4a7e0e732c19cf3a632fcb525e
Compiler:  gcc-8.0.1-20180412
Attempt 1:
    Time  Bug Name
       7  possible deadlock in console_unlock
Attempt 2:
    Time  Bug Name
      10  KASAN: use-after-free Read in blk_flush_complete_seq
Attempt 3:
    No crashes found.
The bug was not found.

2024-06-23 11:59:46
Session:   5
Template:  2018-07-09 - 59da9e439317c83d5374d06832060fbd66efbbbc
Syzkaller: 2018-07-09 - 59da9e439317c83d5374d06832060fbd66efbbbc
Kernel:    2018-07-09 - bdf33113d89f70186ffb6674e925fa9b8a0266b1
Compiler:  gcc-8.0.1-20180412
Attempt 1:
    Time  Bug Name
***    1  KASAN: use-after-free Read in rdma_listen
***    1  KASAN: use-after-free Read in rdma_listen
***    1  KASAN: use-after-free Read in rdma_listen
The bug was found.

2024-06-23 12:11:16
Session:   6
Template:  2018-06-18 - dde158e0af7bc1acf328d393a1fcb4eca60a5dfe
Syzkaller: 2018-06-18 - dde158e0af7bc1acf328d393a1fcb4eca60a5dfe
Kernel:    2018-06-18 - ba4dbdedd3edc2798659bcd8b1a184ea8bdd04dc
Compiler:  gcc-8.0.1-20180412
Attempt 1:
    Time  Bug Name
       5  lost connection to test machine
       8  KASAN: null-ptr-deref Write in kthread_stop
      10  INFO: task hung in do_get_write_access
Attempt 2:
    Time  Bug Name
***    9  KASAN: use-after-free Read in rdma_listen
       9  WARNING in smc_unhash_sk
The bug was found.
Switching to Safe Mode: Fuzzing 5 times at 30 minutes

2024-06-23 12:40:32
Session:   7
Template:  2018-06-08 - 866118af36a38963903be2bdee4aff0c36ae365f
Syzkaller: 2018-06-08 - 866118af36a38963903be2bdee4aff0c36ae365f
Kernel:    2018-06-08 - a3818841bd5e9b4a7e0e732c19cf3a632fcb525e
Compiler:  gcc-8.0.1-20180412
Attempt 1:
    Time  Bug Name
      14  KASAN: use-after-free Read in blk_flush_complete_seq
      18  KASAN: use-after-free Read in blk_flush_complete_seq
      20  KASAN: use-after-free Read in blk_flush_complete_seq
Attempt 2:
    Time  Bug Name
       6  lost connection to test machine
       9  KASAN: null-ptr-deref Write in kthread_stop
      11  lost connection to test machine
***   26  KASAN: use-after-free Read in rdma_listen
The bug was found.

2024-06-23 13:55:10
Session:   8
Template:  2018-06-08 - 721401058c4634d1d833d32b2278f0ed6255cb68
Syzkaller: 2018-06-08 - 721401058c4634d1d833d32b2278f0ed6255cb68
Kernel:    2018-06-08 - a3818841bd5e9b4a7e0e732c19cf3a632fcb525e
Compiler:  gcc-8.0.1-20180412
Attempt 1:
    Time  Bug Name
       9  no output from test machine
      17  WARNING: kernel stack regs has bad 'bp' value
      20  possible deadlock in vprintk_emit
      30  possible deadlock in console_unlock
Attempt 2:
    Time  Bug Name
      15  WARNING in smc_unhash_sk
Attempt 3:
    Time  Bug Name
       5  possible deadlock in vprintk_emit
      12  WARNING: kernel stack regs has bad 'bp' value
Attempt 4:
    Time  Bug Name
       8  possible deadlock in console_unlock
      16  no output from test machine
Attempt 5:
    Time  Bug Name
       8  KASAN: use-after-free Read in blk_flush_complete_seq
      12  possible deadlock in console_unlock
The bug was not found.

2024-06-23 16:44:14
Session:   9
Template:  2018-06-08 - 721401058c4634d1d833d32b2278f0ed6255cb68
Syzkaller: 2018-06-08 - 866118af36a38963903be2bdee4aff0c36ae365f
Kernel:    2018-06-08 - a3818841bd5e9b4a7e0e732c19cf3a632fcb525e
Compiler:  gcc-8.0.1-20180412
Attempt 1:
    Time  Bug Name
       5  KASAN: use-after-free Read in blk_flush_complete_seq
      23  lost connection to test machine
Attempt 2:
    Time  Bug Name
       6  KASAN: use-after-free Read in blk_flush_complete_seq
      13  possible deadlock in vprintk_emit
      23  INFO: task hung in __sb_start_write
      24  possible deadlock in console_unlock
Attempt 3:
    Time  Bug Name
       5  possible deadlock in console_unlock
       6  lost connection to test machine
      21  general protection fault in ata_pio_sector
Attempt 4:
    Time  Bug Name
      17  INFO: task hung in __sb_start_write
      19  lost connection to test machine
      21  KASAN: invalid-free in x25_asy_free
      29  WARNING in set_precision
      30  unregister_netdevice: waiting for DEV to become free
Attempt 5:
    Time  Bug Name
      18  no output from test machine
      28  lost connection to test machine
Attempt 6: (RETRY)
    Time  Bug Name
       5  WARNING in set_precision
      27  lost connection to test machine
The bug was not found.
Warning: This session is unstable.

====================================================================================================================================================
Revealing Factor:   Template Update
Version:            2018-06-08 - 866118af36a38963903be2bdee4aff0c36ae365f
Commit Name:        sys/linux: add udplite sockets

Bug Name:           KASAN: use-after-free Read in rdma_listen
Bug Link:           https://syzkaller.appspot.com/bug?extid=adb15cf8c2798e4e0db4
Arch:               amd64
Finding Date:       2019-03-29
Finding Commit:     2019-03-28 - 9936328b41ce4bce8f20269dcac8cb476c8d0820
Guilty Merge:       2006-12-13 - b1ef951e8199d1c59f14dbe0fa22974ed57a3b48
Guilty Commit:      2006-12-12 - 75216638572f53612304c05a374f0246fe1d16da

Possible Blocking Bugs:
    KASAN: use-after-free Read in blk_flush_complete_seq

AUTHOR: This template commit is unrelated to the bug. Incorrect.
