WARNING in split_huge_page_to_list,https://syzkaller.appspot.com/bug?extid=07a218429c8d19b1fb25
Repository: linux
Arch: amd64
Finding: 2022-10-21 - 4da34b7d175dc99b8befebd69e96546c960d526c
Guilty:  2022-04-28 - 478d134e9506c7e9bfe2830ed03dd85e97966313
No Duplicates
Single Proc Allocation
VMs:8
CPUs:2
Procs:16
Max time:30
Max attempts:3
Testing the finding commit.

2024-05-29 21:31:40
Session:   1
Template:  2022-10-21 - c0b80a55c9c8cfe75e77c555ed0d4ae7aa373cc2
Syzkaller: 2022-10-21 - c0b80a55c9c8cfe75e77c555ed0d4ae7aa373cc2
Kernel:    2022-10-22 - 4da34b7d175dc99b8befebd69e96546c960d526c
Compiler:  gcc-10.2.1-20210110
Attempt 1:
    Time  Bug Name
      21  KASAN: use-after-free Read in mas_leaf_max_gap
Attempt 2:
    Time  Bug Name
       2  SYZFATAL: executor NUM failed NUM times: executor NUM: exit status NUM
       3  SYZFATAL: executor NUM failed NUM times: executor NUM: failed to write control pipe: write |NUM: broken pipe
***   10  WARNING in split_huge_page_to_list
Attempt 3:
    No crashes found.
Attempt 4: (RETRY)
    Time  Bug Name
       2  INFO: rcu detected stall in corrupted
      10  KASAN: use-after-free Read in mas_leaf_max_gap
The bug was found.

New Max Time: 33.
Merge Commit: 2022-05-13 - 364a453ab9123f493edfa246798ce9eeda452bdb.

==== Template Inspection ====
11 template changes in [2022-05-13, 2022-10-22].

2024-05-29 23:38:18
Session:   2
Template:  2022-08-29 - 727ac763d13e356f3721f6d2078ef37be8954dad
Syzkaller: 2022-08-29 - 727ac763d13e356f3721f6d2078ef37be8954dad
Kernel:    2022-08-29 - dcf8e5633e2e69ad60b730ab5905608b756a032f
Compiler:  gcc-10.2.1-20210110
Attempt 1:
    No crashes found.
Attempt 2:
    Time  Bug Name
      29  suppressed report
Attempt 3:
    No crashes found.
Attempt 4: (RETRY)
    No crashes found.
The bug was not found.

2024-05-30 02:05:01
Session:   3
Template:  2022-09-22 - c9dfe30e8bd19c371375c14d80a1e54cf88193ce
Syzkaller: 2022-09-22 - c9dfe30e8bd19c371375c14d80a1e54cf88193ce
Kernel:    2022-09-22 - bf682942cd26ce9cd5e87f73ae099b383041e782
Compiler:  gcc-10.2.1-20210110
Attempt 1:
    No crashes found.
Attempt 2:
    Time  Bug Name
       2  INFO: rcu detected stall in corrupted
Attempt 3:
    No crashes found.
The bug was not found.

2024-05-30 03:58:42
Session:   4
Template:  2022-10-21 - 4bfd3c279e5de1138c3f3a23760890fa81b7f15e
Syzkaller: 2022-10-21 - 4bfd3c279e5de1138c3f3a23760890fa81b7f15e
Kernel:    2022-10-21 - bd8e963412c8e676fc73ae456f311cdcabe8642d
Compiler:  gcc-10.2.1-20210110
Attempt 1:
    Time  Bug Name
      11  KASAN: use-after-free Read in mas_leaf_max_gap
Attempt 2:
    Time  Bug Name
       3  SYZFATAL: executor NUM failed NUM times: executor NUM: exit status NUM
       3  SYZFATAL: executor NUM failed NUM times: executor NUM: exit status NUM
       3  SYZFATAL: executor NUM failed NUM times: executor NUM: exit status NUM
       5  SYZFATAL: executor NUM failed NUM times: executor NUM: exit status NUM
      12  KASAN: use-after-free Read in mas_leaf_max_gap
      26  KASAN: use-after-free Read in mas_leaf_max_gap
Attempt 3:
    Time  Bug Name
       4  KASAN: use-after-free Read in mas_leaf_max_gap
Attempt 4: (RETRY)
    No crashes found.
The bug was not found.

==== Kernel Inspection ====
19 Linux commits in [2022-10-21, 2022-10-22].

2024-05-30 06:26:06
Session:   5
Template:  2022-10-21 - c0b80a55c9c8cfe75e77c555ed0d4ae7aa373cc2
Syzkaller: 2022-10-21 - c0b80a55c9c8cfe75e77c555ed0d4ae7aa373cc2
Kernel:    2022-10-21 - d4b7332eef46ed403061e27b03c71ad26b2f5353
Compiler:  gcc-10.2.1-20210110
Attempt 1:
    Time  Bug Name
      18  WARNING in __dev_queue_xmit
***   18  WARNING in split_huge_page_to_list
The bug was found.

2024-05-30 06:59:03
Session:   6
Template:  2022-10-21 - c0b80a55c9c8cfe75e77c555ed0d4ae7aa373cc2
Syzkaller: 2022-10-21 - c0b80a55c9c8cfe75e77c555ed0d4ae7aa373cc2
Kernel:    2022-10-21 - ce3d90a87776053ec367c0eb083d389e9979c7e9
Compiler:  gcc-10.2.1-20210110
Attempt 1:
    Time  Bug Name
       2  INFO: rcu detected stall in corrupted
       4  SYZFATAL: executor NUM failed NUM times: executor NUM: exit status NUM
Attempt 2:
    Time  Bug Name
       6  KASAN: use-after-free Read in mas_leaf_max_gap
      13  KASAN: use-after-free Read in mas_leaf_max_gap
      13  KASAN: use-after-free Read in mas_leaf_max_gap
      23  KASAN: use-after-free Read in mas_leaf_max_gap
Attempt 3:
    Time  Bug Name
       7  KASAN: slab-out-of-bounds Read in mas_leaf_max_gap
Attempt 4: (RETRY)
    Time  Bug Name
       3  SYZFATAL: executor NUM failed NUM times: executor NUM: exit status NUM
      31  KASAN: use-after-free Read in mas_leaf_max_gap
Attempt 5: (RETRY)
    Time  Bug Name
       3  SYZFATAL: executor NUM failed NUM times: executor NUM: exit status NUM
      19  KASAN: use-after-free Read in mas_leaf_max_gap
The bug was not found.
Warning: This session is unstable.

2024-05-30 09:58:49
Session:   7
Template:  2022-10-21 - c0b80a55c9c8cfe75e77c555ed0d4ae7aa373cc2
Syzkaller: 2022-10-21 - c0b80a55c9c8cfe75e77c555ed0d4ae7aa373cc2
Kernel:    2022-10-21 - 4f1e0c18bc8324ae05646c34759fd8dbe87f6582
Compiler:  gcc-10.2.1-20210110
Attempt 1:
    Time  Bug Name
      25  KASAN: use-after-free Read in mas_leaf_max_gap
Attempt 2:
    Time  Bug Name
       2  SYZFATAL: executor NUM failed NUM times: executor NUM: failed to write control pipe: write |NUM: broken pipe
      21  WARNING in __dev_queue_xmit
Attempt 3:
    Time  Bug Name
      16  KASAN: use-after-free Read in hugetlb_fault
Attempt 4: (RETRY)
    Time  Bug Name
       2  SYZFATAL: executor NUM failed NUM times: executor NUM: exit status NUM
      10  KASAN: use-after-free Read in mas_leaf_max_gap
      17  WARNING in __dev_queue_xmit
Attempt 5: (RETRY)
    Time  Bug Name
      13  KASAN: use-after-free Read in mas_leaf_max_gap
      13  KASAN: use-after-free Read in mas_leaf_max_gap
The bug was not found.
Warning: This session is unstable.

2024-05-30 13:01:00
Session:   8
Template:  2022-10-21 - c0b80a55c9c8cfe75e77c555ed0d4ae7aa373cc2
Syzkaller: 2022-10-21 - c0b80a55c9c8cfe75e77c555ed0d4ae7aa373cc2
Kernel:    2022-10-21 - e35184f321518acadb681928a016da21a9a20c13
Compiler:  gcc-10.2.1-20210110
Attempt 1:
    Time  Bug Name
       2  INFO: rcu detected stall in corrupted
Attempt 2:
    Time  Bug Name
       2  INFO: rcu detected stall in corrupted
      19  KASAN: slab-out-of-bounds Read in mas_leaf_max_gap
      23  WARNING in __dev_queue_xmit
Attempt 3:
    Time  Bug Name
       3  SYZFATAL: executor NUM failed NUM times: executor NUM: exit status NUM
       9  KASAN: use-after-free Read in mas_leaf_max_gap
Attempt 4: (RETRY)
    Time  Bug Name
       2  INFO: rcu detected stall in corrupted
      10  KASAN: use-after-free Read in mas_leaf_max_gap
      26  suppressed report
Attempt 5: (RETRY)
    No crashes found.
The bug was not found.
Warning: This session is unstable.

2024-05-30 15:59:03
Session:   9
Template:  2022-10-21 - c0b80a55c9c8cfe75e77c555ed0d4ae7aa373cc2
Syzkaller: 2022-10-21 - c0b80a55c9c8cfe75e77c555ed0d4ae7aa373cc2
Kernel:    2022-10-21 - 6d36c728bc2e2d632f4b0dea00df5532e20dfdab
Compiler:  gcc-10.2.1-20210110
Attempt 1:
    Time  Bug Name
       2  INFO: rcu detected stall in corrupted
       3  SYZFATAL: executor NUM failed NUM times: executor NUM: exit status NUM
       5  KASAN: use-after-free Read in mas_leaf_max_gap
      11  WARNING in __dev_queue_xmit
      18  KASAN: use-after-free Read in mas_leaf_max_gap
Attempt 2:
    Time  Bug Name
       3  SYZFATAL: executor NUM failed NUM times: executor NUM: failed to write control pipe: write |NUM: broken pipe
       5  KASAN: use-after-free Read in mas_leaf_max_gap
      21  suppressed report
Attempt 3:
    Time  Bug Name
       5  KASAN: use-after-free Read in mas_leaf_max_gap
Attempt 4: (RETRY)
    Time  Bug Name
       3  SYZFATAL: executor NUM failed NUM times: executor NUM: failed to write control pipe: write |NUM: broken pipe
       4  KASAN: slab-out-of-bounds Read in mas_leaf_max_gap
The bug was not found.
Warning: This session is unstable.

2024-05-30 18:24:05
Session:   10
Template:  2022-10-21 - c0b80a55c9c8cfe75e77c555ed0d4ae7aa373cc2
Syzkaller: 2022-10-21 - c0b80a55c9c8cfe75e77c555ed0d4ae7aa373cc2
Kernel:    2022-10-21 - c7b006525bb0673f2373f04b5b8263b022ff367b
Compiler:  gcc-10.2.1-20210110
Attempt 1:
    Time  Bug Name
      21  KASAN: slab-out-of-bounds Read in mas_leaf_max_gap
      22  KASAN: slab-out-of-bounds Read in mas_leaf_max_gap
Attempt 2:
    Time  Bug Name
       2  INFO: rcu detected stall in corrupted
      30  KASAN: use-after-free Read in mas_leaf_max_gap
Attempt 3:
    Time  Bug Name
       3  SYZFATAL: executor NUM failed NUM times: executor NUM: failed to write control pipe: write |NUM: broken pipe
Attempt 4: (RETRY)
    Time  Bug Name
      27  KASAN: use-after-free Read in mas_leaf_max_gap
      31  WARNING in __dev_queue_xmit
The bug was not found.

2024-05-30 20:50:50
Session:   11
Template:  2022-10-21 - c0b80a55c9c8cfe75e77c555ed0d4ae7aa373cc2
Syzkaller: 2022-10-21 - c0b80a55c9c8cfe75e77c555ed0d4ae7aa373cc2
Kernel:    2022-10-21 - 440b7895c990a63869a9d55e5c2502dd501a124e
Compiler:  gcc-10.2.1-20210110
Attempt 1:
    Time  Bug Name
       3  SYZFATAL: executor NUM failed NUM times: executor NUM: exit status NUM
***   13  WARNING in split_huge_page_to_list
The bug was found.

====================================================================================================================================================
Revealing Factor:   Unstable Commits
Unstable Range:     [2022-10-21, 2022-10-21]
Version:            2022-10-21 - ce3d90a87776053ec367c0eb083d389e9979c7e9
Commit Name:        Merge tag 'trace-tools-6.1-rc1' of git://git.kernel.org/pub/scm/linux/kernel/git/trace/linux-trace

Bug Name:           WARNING in split_huge_page_to_list
Bug Link:           https://syzkaller.appspot.com/bug?extid=07a218429c8d19b1fb25
Arch:               amd64
Finding Date:       2022-10-22
Finding Commit:     2022-10-22 - 4da34b7d175dc99b8befebd69e96546c960d526c
Guilty Merge:       2022-05-13 - 364a453ab9123f493edfa246798ce9eeda452bdb
Guilty Commit:      2022-04-28 - 478d134e9506c7e9bfe2830ed03dd85e97966313

Possible Blocking Bugs:
    KASAN: use-after-free Read in mas_leaf_max_gap
