WARNING in ath6kl_htc_pipe_rx_complete,https://syzkaller.appspot.com/bug?extid=555908813b2ea35dae9a
Repository: linux
Arch: amd64
Finding: 2021-04-10 - 52e44129fba5cfc4e351fdb5e45849afc74d9a53
Guilty:  2012-11-27 - de2070fc4aa7c0205348010f500f5abce012e67b
No Duplicates
Single Proc Allocation
VMs:8
CPUs:2
Procs:16
Max time:30
Max attempts:3
Testing the finding commit.

2024-06-05 18:30:05
Session:   1
Template:  2021-04-10 - bfeda1b1077c9ffe6f9597cbae4b6a5d747b4695
Syzkaller: 2021-04-10 - bfeda1b1077c9ffe6f9597cbae4b6a5d747b4695
Kernel:    2021-04-10 - 52e44129fba5cfc4e351fdb5e45849afc74d9a53
Compiler:  gcc-10.2.1-20210110
Attempt 1:
    Time  Bug Name
***    2  WARNING in ath6kl_htc_pipe_rx_complete
***    2  WARNING in ath6kl_htc_pipe_rx_complete
Attempt 2:
    Time  Bug Name
***    2  WARNING in ath6kl_htc_pipe_rx_complete
***    2  WARNING in ath6kl_htc_pipe_rx_complete
Attempt 3:
    Time  Bug Name
***    2  WARNING in ath6kl_htc_pipe_rx_complete
***    2  WARNING in ath6kl_htc_pipe_rx_complete
The bug was found.

New Max Time: 10.
Merge Commit: 2013-02-15 - 9e97d14b4923da524d202f2e005d5d30b70db9d6.

==== Template Inspection ====
34 template changes in [2017-07-22, 2021-04-11].

2024-06-05 19:03:00
Session:   2
Template:  2019-08-14 - 0d298d6b2e4a48a2b4d3413cabc199e5f61c1dd4
Syzkaller: 2019-08-14 - 0d298d6b2e4a48a2b4d3413cabc199e5f61c1dd4
Kernel:    2019-08-14 - 41de59634046b19cd53a1983594a95135c656997
Compiler:  gcc-9.0.0-20181231
Attempt 1:
    No crashes found.
Attempt 2:
    No crashes found.
Attempt 3:
    No crashes found.
The bug was not found.

2024-06-05 19:46:32
Session:   3
Template:  2020-01-18 - 22535fecd5b37c6a14b92b17e548c8061ef77924
Syzkaller: 2020-01-18 - 22535fecd5b37c6a14b92b17e548c8061ef77924
Kernel:    2020-01-18 - 244dc2689085d7ff478f7b61841e62e59bea4557
Compiler:  gcc-9.0.0-20181231
Attempt 1:
    No crashes found.
Attempt 2:
    No crashes found.
Attempt 3:
    No crashes found.
The bug was not found.

2024-06-05 20:30:32
Session:   4
Template:  2020-04-19 - cc8708904da08f9c884253477fc003cc6f6d5945
Syzkaller: 2020-04-19 - cc8708904da08f9c884253477fc003cc6f6d5945
Kernel:    2020-04-19 - ae83d0b416db002fe95601e7f97f64b59514d936
Compiler:  gcc-9.0.0-20181231
Attempt 1:
    Time  Bug Name
       2  UBSAN: shift-out-of-bounds in drivers/usb/serial/option.c:LINE
       4  UBSAN: shift-out-of-bounds in drivers/usb/serial/option.c:LINE
       4  UBSAN: shift-out-of-bounds in drivers/usb/serial/option.c:LINE
       6  INFO: task hung in ath6kl_usb_power_off
       7  UBSAN: shift-out-of-bounds in drivers/usb/serial/option.c:LINE
       8  UBSAN: shift-out-of-bounds in drivers/usb/serial/option.c:LINE
       9  UBSAN: shift-out-of-bounds in drivers/usb/serial/option.c:LINE
       9  INFO: task hung in ath6kl_usb_power_off
       9  INFO: task hung in ath9k_hif_usb_firmware_cb
Attempt 2:
    Time  Bug Name
       2  UBSAN: shift-out-of-bounds in drivers/usb/serial/option.c:LINE
       8  INFO: task hung in ath6kl_usb_power_off
       8  INFO: task hung in ath6kl_usb_power_off
       9  UBSAN: shift-out-of-bounds in drivers/usb/serial/option.c:LINE
      10  UBSAN: shift-out-of-bounds in drivers/usb/serial/option.c:LINE
Attempt 3:
    Time  Bug Name
       2  UBSAN: shift-out-of-bounds in drivers/usb/serial/option.c:LINE
       2  UBSAN: shift-out-of-bounds in drivers/usb/serial/option.c:LINE
       3  UBSAN: shift-out-of-bounds in drivers/usb/serial/option.c:LINE
       3  UBSAN: shift-out-of-bounds in drivers/usb/serial/option.c:LINE
       4  WARNING in firmware_fallback_sysfs
       4  UBSAN: shift-out-of-bounds in drivers/usb/serial/option.c:LINE
       7  INFO: task hung in ath6kl_usb_destroy
       8  INFO: task hung in ath6kl_usb_power_off
       8  INFO: task hung in ath6kl_usb_power_off
       9  INFO: task hung in ath6kl_usb_power_off
       9  INFO: task hung in ath9k_hif_usb_firmware_cb
      10  UBSAN: shift-out-of-bounds in drivers/usb/serial/option.c:LINE
The bug was not found.

2024-06-05 21:14:09
Session:   5
Template:  2021-03-02 - e1b9a5704d15b1f26f7cae9142c34544768175b2
Syzkaller: 2021-03-02 - e1b9a5704d15b1f26f7cae9142c34544768175b2
Kernel:    2021-03-01 - 7a7fd0de4a9804299793e564a555a49c1fc924cb
Compiler:  gcc-10.2.1-20210110
Attempt 1:
    Time  Bug Name
***    2  WARNING in ath6kl_htc_pipe_rx_complete
***    2  WARNING in ath6kl_htc_pipe_rx_complete
***    2  WARNING in ath6kl_htc_pipe_rx_complete
The bug was found.

2024-06-05 21:31:47
Session:   6
Template:  2020-05-15 - 8a9f1e7dbdb76a9c0af0dc6e3e75e446a7838dc8
Syzkaller: 2020-05-15 - 8a9f1e7dbdb76a9c0af0dc6e3e75e446a7838dc8
Kernel:    2020-05-15 - 12bf0b632ed090358cbf03e323e5342212d0b2e4
Compiler:  gcc-10.1.0-syz
Attempt 1:
    Time  Bug Name
***    2  WARNING in ath6kl_htc_pipe_rx_complete
***    2  WARNING in ath6kl_htc_pipe_rx_complete
***    2  WARNING in ath6kl_htc_pipe_rx_complete
The bug was found.

2024-06-05 21:48:48
Session:   7
Template:  2020-04-19 - cc8708904da08f9c884253477fc003cc6f6d5945
Syzkaller: 2020-05-15 - 8a9f1e7dbdb76a9c0af0dc6e3e75e446a7838dc8
Kernel:    2020-05-15 - 12bf0b632ed090358cbf03e323e5342212d0b2e4
Attempt 1:
    Time  Bug Name
***    2  WARNING in ath6kl_htc_pipe_rx_complete
***    2  WARNING in ath6kl_htc_pipe_rx_complete
***    2  WARNING in ath6kl_htc_pipe_rx_complete
***    2  WARNING in ath6kl_htc_pipe_rx_complete
The bug was found.

==== Kernel Inspection ====
140 Linux commits in [2020-04-19, 2020-05-15].

2024-06-05 21:51:16
Session:   8
Template:  2020-05-01 - bc734e7ada413654f1b7d948b2a857260a52dd9c
Syzkaller: 2020-05-01 - bc734e7ada413654f1b7d948b2a857260a52dd9c
Kernel:    2020-05-01 - c536419022fe3f363ca0c84848dacb3ef3b1f031
Compiler:  gcc-9.0.0-20181231
Attempt 1:
    Time  Bug Name
       2  UBSAN: shift-out-of-bounds in drivers/usb/serial/option.c:LINE
***    2  WARNING in ath6kl_htc_pipe_rx_complete
The bug was found.

2024-06-05 22:08:53
Session:   9
Template:  2020-04-23 - 03d97a1bcdd0542ca2240cf468d9be585cfc06b7
Syzkaller: 2020-04-23 - 03d97a1bcdd0542ca2240cf468d9be585cfc06b7
Kernel:    2020-04-24 - 9dc5d985fdab0af8927f2cbe846e2d144cc4dbac
Compiler:  gcc-9.0.0-20181231
Attempt 1:
    Time  Bug Name
***    2  WARNING in ath6kl_htc_pipe_rx_complete
The bug was found.

2024-06-05 22:26:41
Session:   10
Template:  2020-04-21 - 2e44d63e401ead7d7928c95a30d243b2de1a243b
Syzkaller: 2020-04-21 - 2e44d63e401ead7d7928c95a30d243b2de1a243b
Kernel:    2020-04-22 - c578ddb39e565139897124e74e5a43e56538cb33
Compiler:  gcc-9.0.0-20181231
Attempt 1:
    Time  Bug Name
       4  UBSAN: shift-out-of-bounds in drivers/usb/serial/option.c:LINE
       5  UBSAN: shift-out-of-bounds in drivers/usb/serial/option.c:LINE
       7  UBSAN: shift-out-of-bounds in drivers/usb/serial/option.c:LINE
       8  INFO: task hung in ath6kl_usb_power_off
      10  INFO: task hung in ath9k_hif_usb_firmware_cb
Attempt 2:
    Time  Bug Name
       2  UBSAN: shift-out-of-bounds in drivers/usb/serial/option.c:LINE
       3  UBSAN: shift-out-of-bounds in drivers/usb/serial/option.c:LINE
       8  INFO: task hung in ath6kl_usb_destroy
       8  INFO: task hung in ath6kl_usb_power_off
***   10  WARNING in ath6kl_htc_pipe_rx_complete
The bug was found.
Switching to Safe Mode: Fuzzing 5 times at 30 minutes

2024-06-05 23:02:11
Session:   11
Template:  2020-04-19 - 9f7c6d12944cebe5a50edd9194b336d28e141892
Syzkaller: 2020-04-19 - 9f7c6d12944cebe5a50edd9194b336d28e141892
Kernel:    2020-04-19 - 0fe5f9ca223573167c4c4156903d751d2c8e160e
Compiler:  gcc-9.0.0-20181231
Attempt 1:
    Time  Bug Name
       2  UBSAN: shift-out-of-bounds in drivers/usb/serial/option.c:LINE
       2  UBSAN: shift-out-of-bounds in drivers/usb/serial/option.c:LINE
***    2  WARNING in ath6kl_htc_pipe_rx_complete
***    2  WARNING in ath6kl_htc_pipe_rx_complete
The bug was found.

2024-06-05 23:20:43
Session:   12
Template:  2020-04-19 - 9f7c6d12944cebe5a50edd9194b336d28e141892
Syzkaller: 2020-04-19 - 9f7c6d12944cebe5a50edd9194b336d28e141892
Kernel:    2020-04-19 - 08dd3872770b78d3d5e26d251b5853aa26e35d41
Compiler:  gcc-9.0.0-20181231
Attempt 1:
    Time  Bug Name
***    2  WARNING in ath6kl_htc_pipe_rx_complete
***    2  WARNING in ath6kl_htc_pipe_rx_complete
The bug was found.

2024-06-05 23:38:22
Session:   13
Template:  2020-04-19 - 9f7c6d12944cebe5a50edd9194b336d28e141892
Syzkaller: 2020-04-19 - 9f7c6d12944cebe5a50edd9194b336d28e141892
Kernel:    2020-04-19 - 439f1da923b9f573abbb581100e3450af745ef75
Compiler:  gcc-9.0.0-20181231
Attempt 1:
    Time  Bug Name
       2  UBSAN: shift-out-of-bounds in drivers/usb/serial/option.c:LINE
       2  UBSAN: shift-out-of-bounds in drivers/usb/serial/option.c:LINE
       3  UBSAN: shift-out-of-bounds in drivers/usb/serial/option.c:LINE
       3  UBSAN: shift-out-of-bounds in drivers/usb/serial/option.c:LINE
       5  UBSAN: shift-out-of-bounds in drivers/usb/serial/option.c:LINE
       7  UBSAN: shift-out-of-bounds in drivers/usb/serial/option.c:LINE
       7  INFO: task hung in ath9k_hif_usb_firmware_cb
       8  INFO: task hung in ath6kl_usb_power_off
       8  INFO: task hung in ath6kl_usb_power_off
       9  UBSAN: shift-out-of-bounds in drivers/usb/serial/option.c:LINE
       9  UBSAN: shift-out-of-bounds in drivers/usb/serial/option.c:LINE
      11  INFO: task hung in ath6kl_usb_power_off
      11  INFO: task hung in ath9k_hif_usb_firmware_cb
      13  INFO: task hung in ath6kl_usb_destroy
      14  INFO: task hung in ath6kl_usb_power_off
      14  INFO: task hung in ath9k_hif_usb_firmware_cb
      16  INFO: task hung in ath9k_hif_usb_firmware_cb
      16  INFO: task hung in ath9k_hif_usb_firmware_cb
      18  UBSAN: shift-out-of-bounds in drivers/usb/serial/option.c:LINE
***   18  WARNING in ath6kl_htc_pipe_rx_complete
      18  INFO: task hung in ath6kl_usb_power_off
The bug was found.

2024-06-06 00:11:19
Session:   14
Template:  2020-04-19 - 9f7c6d12944cebe5a50edd9194b336d28e141892
Syzkaller: 2020-04-19 - 9f7c6d12944cebe5a50edd9194b336d28e141892
Kernel:    2020-04-19 - aee0314bc330b9913ca99b7d358531905e4bf09f
Compiler:  gcc-9.0.0-20181231
Attempt 1:
    Time  Bug Name
***    2  WARNING in ath6kl_htc_pipe_rx_complete
The bug was found.

2024-06-06 00:28:06
Session:   15
Template:  2020-04-19 - 9f7c6d12944cebe5a50edd9194b336d28e141892
Syzkaller: 2020-04-19 - 9f7c6d12944cebe5a50edd9194b336d28e141892
Kernel:    2020-04-19 - 13402837414070492004cd0a9c80b5fcebbd1a9e
Compiler:  gcc-9.0.0-20181231
Attempt 1:
    Time  Bug Name
       3  UBSAN: shift-out-of-bounds in drivers/usb/serial/option.c:LINE
       4  UBSAN: shift-out-of-bounds in drivers/usb/serial/option.c:LINE
       5  UBSAN: shift-out-of-bounds in drivers/usb/serial/option.c:LINE
       6  UBSAN: shift-out-of-bounds in drivers/usb/serial/option.c:LINE
       7  UBSAN: shift-out-of-bounds in drivers/usb/serial/option.c:LINE
       8  INFO: task hung in ath6kl_usb_power_off
       8  INFO: task hung in ath6kl_usb_power_off
       8  INFO: task hung in ath9k_hif_usb_firmware_cb
      10  INFO: task hung in ath6kl_usb_power_off
      11  UBSAN: shift-out-of-bounds in drivers/usb/serial/option.c:LINE
      12  UBSAN: shift-out-of-bounds in drivers/usb/serial/option.c:LINE
      12  INFO: task hung in ath6kl_usb_power_off
      13  INFO: task hung in ath6kl_usb_power_off
      13  INFO: task hung in ath9k_hif_usb_firmware_cb
      16  INFO: task hung in ath6kl_usb_power_off
      17  INFO: task hung in ath6kl_usb_power_off
      17  INFO: task hung in ath6kl_usb_power_off
      18  UBSAN: shift-out-of-bounds in drivers/usb/serial/option.c:LINE
      18  INFO: task hung in ath6kl_usb_power_off
      18  INFO: task hung in ath6kl_usb_power_off
      19  WARNING in r871xu_dev_remove
      21  UBSAN: shift-out-of-bounds in drivers/usb/serial/option.c:LINE
      22  UBSAN: shift-out-of-bounds in drivers/usb/serial/option.c:LINE
      22  UBSAN: shift-out-of-bounds in drivers/usb/serial/option.c:LINE
      22  INFO: task hung in ath6kl_usb_power_off
      22  INFO: task hung in ath9k_hif_usb_firmware_cb
      23  UBSAN: shift-out-of-bounds in drivers/usb/serial/option.c:LINE
      23  INFO: task hung in ath6kl_usb_destroy
      24  UBSAN: shift-out-of-bounds in drivers/usb/serial/option.c:LINE
      24  UBSAN: shift-out-of-bounds in drivers/usb/serial/option.c:LINE
      25  UBSAN: shift-out-of-bounds in drivers/usb/serial/option.c:LINE
      27  INFO: task hung in ath6kl_usb_power_off
      27  INFO: task hung in ath6kl_usb_power_off
      29  UBSAN: shift-out-of-bounds in drivers/usb/serial/option.c:LINE
      29  INFO: task hung in ath6kl_usb_power_off
      29  INFO: task hung in ath6kl_usb_power_off
      30  INFO: task hung in ath9k_hif_usb_firmware_cb
Attempt 2:
    Time  Bug Name
       2  UBSAN: shift-out-of-bounds in drivers/usb/serial/option.c:LINE
       2  WARNING in __local_bh_enable_ip
       5  UBSAN: shift-out-of-bounds in drivers/usb/serial/option.c:LINE
       8  INFO: task hung in ath6kl_usb_power_off
      10  INFO: task hung in ath9k_hif_usb_firmware_cb
      10  INFO: task hung in ath9k_hif_usb_firmware_cb
      13  INFO: task hung in ath9k_hif_usb_firmware_cb
      14  INFO: task hung in ath9k_hif_usb_firmware_cb
      15  UBSAN: shift-out-of-bounds in drivers/usb/serial/option.c:LINE
      15  UBSAN: shift-out-of-bounds in drivers/usb/serial/option.c:LINE
      15  INFO: task hung in ath6kl_usb_power_off
      15  INFO: task hung in ath6kl_usb_power_off
      16  UBSAN: shift-out-of-bounds in drivers/usb/serial/option.c:LINE
      16  UBSAN: shift-out-of-bounds in drivers/usb/serial/option.c:LINE
      17  UBSAN: shift-out-of-bounds in drivers/usb/serial/option.c:LINE
      18  WARNING in r871xu_dev_remove
      19  UBSAN: shift-out-of-bounds in drivers/usb/serial/option.c:LINE
      19  UBSAN: shift-out-of-bounds in drivers/usb/serial/option.c:LINE
      20  UBSAN: shift-out-of-bounds in drivers/usb/serial/option.c:LINE
      20  INFO: task hung in ath6kl_usb_power_off
      21  general protection fault in ath9k_hif_usb_rx_cb
      21  UBSAN: shift-out-of-bounds in drivers/usb/serial/option.c:LINE
      21  UBSAN: shift-out-of-bounds in drivers/usb/serial/option.c:LINE
      21  INFO: task hung in ath6kl_usb_power_off
      22  UBSAN: shift-out-of-bounds in drivers/usb/serial/option.c:LINE
      22  UBSAN: shift-out-of-bounds in drivers/usb/serial/option.c:LINE
      22  UBSAN: shift-out-of-bounds in drivers/usb/serial/option.c:LINE
      22  INFO: task hung in ath9k_hif_usb_firmware_cb
      23  UBSAN: shift-out-of-bounds in drivers/usb/serial/option.c:LINE
      23  INFO: task hung in ath6kl_usb_power_off
      24  UBSAN: shift-out-of-bounds in drivers/usb/serial/option.c:LINE
      24  UBSAN: shift-out-of-bounds in drivers/usb/serial/option.c:LINE
      24  UBSAN: shift-out-of-bounds in drivers/usb/serial/option.c:LINE
      25  WARNING in r871xu_dev_remove
      25  INFO: task hung in ath9k_hif_usb_firmware_cb
      26  UBSAN: shift-out-of-bounds in drivers/usb/serial/option.c:LINE
      26  UBSAN: shift-out-of-bounds in drivers/usb/serial/option.c:LINE
      26  UBSAN: shift-out-of-bounds in drivers/usb/serial/option.c:LINE
      27  INFO: task hung in ath6kl_usb_destroy
      27  INFO: task hung in ath6kl_usb_power_off
      28  UBSAN: shift-out-of-bounds in drivers/usb/serial/option.c:LINE
      28  INFO: task hung in ath6kl_usb_power_off
      29  INFO: task hung in ath6kl_usb_power_off
      30  UBSAN: shift-out-of-bounds in drivers/usb/serial/option.c:LINE
***   30  WARNING in ath6kl_htc_pipe_rx_complete
The bug was found.

== Confirming the bisected commit ==

2024-06-06 01:41:47
Session:   16
Template:  2020-04-19 - 9f7c6d12944cebe5a50edd9194b336d28e141892
Syzkaller: 2020-04-19 - 9f7c6d12944cebe5a50edd9194b336d28e141892
Kernel:    2020-04-19 - 13402837414070492004cd0a9c80b5fcebbd1a9e
The bug was found in a previous identical fuzzing session.

2024-06-06 01:41:47
Session:   17
Template:  2020-04-19 - 9f7c6d12944cebe5a50edd9194b336d28e141892
Syzkaller: 2020-04-19 - 9f7c6d12944cebe5a50edd9194b336d28e141892
Kernel:    2020-04-18 - 50cc09c18985eacbbd666acfd7be2391394733f5
Compiler:  gcc-9.0.0-20181231
Attempt 1:
    Time  Bug Name
***    2  WARNING in ath6kl_htc_pipe_rx_complete
The bug was found.

==== Syzkaller Inspection ====
13 Syzkaller commits from [2020-04-19].

2024-06-06 02:12:25
Session:   18
Template:  2020-04-19 - 9f7c6d12944cebe5a50edd9194b336d28e141892
Syzkaller: 2020-04-19 - 9f7c6d12944cebe5a50edd9194b336d28e141892
Kernel:    2020-04-19 - 13402837414070492004cd0a9c80b5fcebbd1a9e
Compiler:  gcc-9.0.0-20181231
The bug was found in a previous identical fuzzing session.

2024-06-06 02:12:25
Session:   19
Template:  2020-04-19 - 6dfd45e1d04129897db1669a8e765928a1acef86
Syzkaller: 2020-04-19 - 6dfd45e1d04129897db1669a8e765928a1acef86
Kernel:    2020-04-19 - 13402837414070492004cd0a9c80b5fcebbd1a9e
Compiler:  gcc-9.0.0-20181231
Attempt 1:
    Time  Bug Name
       2  UBSAN: shift-out-of-bounds in drivers/usb/serial/option.c:LINE
       5  UBSAN: shift-out-of-bounds in drivers/usb/serial/option.c:LINE
       6  UBSAN: shift-out-of-bounds in drivers/usb/serial/option.c:LINE
       6  WARNING in mxl111sf_ctrl_msg
       7  UBSAN: shift-out-of-bounds in drivers/usb/serial/option.c:LINE
       8  UBSAN: shift-out-of-bounds in drivers/usb/serial/option.c:LINE
      12  WARNING in r871xu_dev_remove
      13  UBSAN: shift-out-of-bounds in drivers/usb/serial/option.c:LINE
      14  UBSAN: shift-out-of-bounds in drivers/usb/serial/option.c:LINE
      18  WARNING in r871xu_dev_remove
      20  UBSAN: shift-out-of-bounds in drivers/usb/serial/option.c:LINE
      21  UBSAN: shift-out-of-bounds in drivers/usb/serial/option.c:LINE
      21  UBSAN: shift-out-of-bounds in drivers/usb/serial/option.c:LINE
      23  UBSAN: shift-out-of-bounds in drivers/usb/serial/option.c:LINE
      23  UBSAN: shift-out-of-bounds in drivers/usb/serial/option.c:LINE
      24  UBSAN: shift-out-of-bounds in drivers/usb/serial/option.c:LINE
      25  UBSAN: shift-out-of-bounds in drivers/usb/serial/option.c:LINE
      26  UBSAN: shift-out-of-bounds in drivers/usb/serial/option.c:LINE
      27  UBSAN: shift-out-of-bounds in drivers/usb/serial/option.c:LINE
      27  UBSAN: shift-out-of-bounds in drivers/usb/serial/option.c:LINE
      28  UBSAN: shift-out-of-bounds in drivers/usb/serial/option.c:LINE
      28  UBSAN: shift-out-of-bounds in drivers/usb/serial/option.c:LINE
      29  general protection fault in ath9k_hif_usb_rx_cb
      29  UBSAN: shift-out-of-bounds in drivers/usb/serial/option.c:LINE
      30  UBSAN: shift-out-of-bounds in drivers/usb/serial/option.c:LINE
      31  UBSAN: shift-out-of-bounds in drivers/usb/serial/option.c:LINE
      31  UBSAN: shift-out-of-bounds in drivers/usb/serial/option.c:LINE
      31  UBSAN: shift-out-of-bounds in drivers/usb/serial/option.c:LINE
      31  UBSAN: shift-out-of-bounds in drivers/usb/serial/option.c:LINE
      31  UBSAN: shift-out-of-bounds in drivers/usb/serial/option.c:LINE
      32  WARNING in r871xu_dev_remove
      33  UBSAN: shift-out-of-bounds in drivers/usb/serial/option.c:LINE
      33  UBSAN: shift-out-of-bounds in drivers/usb/serial/option.c:LINE
      34  UBSAN: shift-out-of-bounds in drivers/usb/serial/option.c:LINE
      34  UBSAN: shift-out-of-bounds in drivers/usb/serial/option.c:LINE
      34  UBSAN: shift-out-of-bounds in drivers/usb/serial/option.c:LINE
      34  UBSAN: shift-out-of-bounds in drivers/usb/serial/option.c:LINE
      34  UBSAN: shift-out-of-bounds in drivers/usb/serial/option.c:LINE
      35  UBSAN: shift-out-of-bounds in drivers/usb/serial/option.c:LINE
      35  UBSAN: shift-out-of-bounds in drivers/usb/serial/option.c:LINE
      36  UBSAN: shift-out-of-bounds in drivers/usb/serial/option.c:LINE
      36  UBSAN: shift-out-of-bounds in drivers/usb/serial/option.c:LINE
      36  UBSAN: shift-out-of-bounds in drivers/usb/serial/option.c:LINE
      37  UBSAN: shift-out-of-bounds in drivers/usb/serial/option.c:LINE
      37  UBSAN: shift-out-of-bounds in drivers/usb/serial/option.c:LINE
      38  UBSAN: shift-out-of-bounds in drivers/usb/serial/option.c:LINE
      38  UBSAN: shift-out-of-bounds in drivers/usb/serial/option.c:LINE
      38  UBSAN: shift-out-of-bounds in drivers/usb/serial/option.c:LINE
      39  UBSAN: shift-out-of-bounds in drivers/usb/serial/option.c:LINE
      39  UBSAN: shift-out-of-bounds in drivers/usb/serial/option.c:LINE
      39  UBSAN: shift-out-of-bounds in drivers/usb/serial/option.c:LINE
      39  UBSAN: shift-out-of-bounds in drivers/usb/serial/option.c:LINE
      39  UBSAN: shift-out-of-bounds in drivers/usb/serial/option.c:LINE
      41  UBSAN: shift-out-of-bounds in drivers/usb/serial/option.c:LINE
      41  UBSAN: shift-out-of-bounds in drivers/usb/serial/option.c:LINE
      41  UBSAN: shift-out-of-bounds in drivers/usb/serial/option.c:LINE
      42  UBSAN: shift-out-of-bounds in drivers/usb/serial/option.c:LINE
      42  UBSAN: shift-out-of-bounds in drivers/usb/serial/option.c:LINE
      42  UBSAN: shift-out-of-bounds in drivers/usb/serial/option.c:LINE
      43  UBSAN: shift-out-of-bounds in drivers/usb/serial/option.c:LINE
      44  UBSAN: shift-out-of-bounds in drivers/usb/serial/option.c:LINE
      44  UBSAN: shift-out-of-bounds in drivers/usb/serial/option.c:LINE
      45  UBSAN: shift-out-of-bounds in drivers/usb/serial/option.c:LINE
      45  UBSAN: shift-out-of-bounds in drivers/usb/serial/option.c:LINE
      46  UBSAN: shift-out-of-bounds in drivers/usb/serial/option.c:LINE
      47  UBSAN: shift-out-of-bounds in drivers/usb/serial/option.c:LINE
      48  UBSAN: shift-out-of-bounds in drivers/usb/serial/option.c:LINE
      48  UBSAN: shift-out-of-bounds in drivers/usb/serial/option.c:LINE
      49  UBSAN: shift-out-of-bounds in drivers/usb/serial/option.c:LINE
      49  UBSAN: shift-out-of-bounds in drivers/usb/serial/option.c:LINE
      49  UBSAN: shift-out-of-bounds in drivers/usb/serial/option.c:LINE
      50  UBSAN: shift-out-of-bounds in drivers/usb/serial/option.c:LINE
      50  UBSAN: shift-out-of-bounds in drivers/usb/serial/option.c:LINE
      50  UBSAN: shift-out-of-bounds in drivers/usb/serial/option.c:LINE
      51  UBSAN: shift-out-of-bounds in drivers/usb/serial/option.c:LINE
      51  UBSAN: shift-out-of-bounds in drivers/usb/serial/option.c:LINE
      52  UBSAN: shift-out-of-bounds in drivers/usb/serial/option.c:LINE
      52  UBSAN: shift-out-of-bounds in drivers/usb/serial/option.c:LINE
      52  UBSAN: shift-out-of-bounds in drivers/usb/serial/option.c:LINE
      52  UBSAN: shift-out-of-bounds in drivers/usb/serial/option.c:LINE
      52  UBSAN: shift-out-of-bounds in drivers/usb/serial/option.c:LINE
      53  UBSAN: shift-out-of-bounds in drivers/usb/serial/option.c:LINE
      53  WARNING in r871xu_dev_remove
      54  UBSAN: shift-out-of-bounds in drivers/usb/serial/option.c:LINE
      54  UBSAN: shift-out-of-bounds in drivers/usb/serial/option.c:LINE
      54  UBSAN: shift-out-of-bounds in drivers/usb/serial/option.c:LINE
      55  UBSAN: shift-out-of-bounds in drivers/usb/serial/option.c:LINE
      55  UBSAN: shift-out-of-bounds in drivers/usb/serial/option.c:LINE
      55  UBSAN: shift-out-of-bounds in drivers/usb/serial/option.c:LINE
      55  UBSAN: shift-out-of-bounds in drivers/usb/serial/option.c:LINE
      55  UBSAN: shift-out-of-bounds in drivers/usb/serial/option.c:LINE
      57  UBSAN: shift-out-of-bounds in drivers/usb/serial/option.c:LINE
      57  UBSAN: shift-out-of-bounds in drivers/usb/serial/option.c:LINE
      58  UBSAN: shift-out-of-bounds in drivers/usb/serial/option.c:LINE
      58  UBSAN: shift-out-of-bounds in drivers/usb/serial/option.c:LINE
      59  UBSAN: shift-out-of-bounds in drivers/usb/serial/option.c:LINE
      59  UBSAN: shift-out-of-bounds in drivers/usb/serial/option.c:LINE
      59  WARNING in r871xu_dev_remove
      60  UBSAN: shift-out-of-bounds in drivers/usb/serial/option.c:LINE
      60  UBSAN: shift-out-of-bounds in drivers/usb/serial/option.c:LINE
      60  UBSAN: shift-out-of-bounds in drivers/usb/serial/option.c:LINE
Attempt 2:
    Time  Bug Name
       2  UBSAN: shift-out-of-bounds in drivers/usb/serial/option.c:LINE
       3  UBSAN: shift-out-of-bounds in drivers/usb/serial/option.c:LINE
       3  WARNING in r871xu_dev_remove
      14  UBSAN: shift-out-of-bounds in drivers/usb/serial/option.c:LINE
      17  UBSAN: shift-out-of-bounds in drivers/usb/serial/option.c:LINE
      20  UBSAN: shift-out-of-bounds in drivers/usb/serial/option.c:LINE
      22  UBSAN: shift-out-of-bounds in drivers/usb/serial/option.c:LINE
      22  UBSAN: shift-out-of-bounds in drivers/usb/serial/option.c:LINE
      23  UBSAN: shift-out-of-bounds in drivers/usb/serial/option.c:LINE
      23  UBSAN: shift-out-of-bounds in drivers/usb/serial/option.c:LINE
      24  WARNING in mxl111sf_ctrl_msg
      25  UBSAN: shift-out-of-bounds in drivers/usb/serial/option.c:LINE
      25  UBSAN: shift-out-of-bounds in drivers/usb/serial/option.c:LINE
      25  UBSAN: shift-out-of-bounds in drivers/usb/serial/option.c:LINE
      25  UBSAN: shift-out-of-bounds in drivers/usb/serial/option.c:LINE
      26  UBSAN: shift-out-of-bounds in drivers/usb/serial/option.c:LINE
      26  UBSAN: shift-out-of-bounds in drivers/usb/serial/option.c:LINE
      27  UBSAN: shift-out-of-bounds in drivers/usb/serial/option.c:LINE
      28  UBSAN: shift-out-of-bounds in drivers/usb/serial/option.c:LINE
      28  UBSAN: shift-out-of-bounds in drivers/usb/serial/option.c:LINE
      29  UBSAN: shift-out-of-bounds in drivers/usb/serial/option.c:LINE
      29  UBSAN: shift-out-of-bounds in drivers/usb/serial/option.c:LINE
      29  UBSAN: shift-out-of-bounds in drivers/usb/serial/option.c:LINE
      30  UBSAN: shift-out-of-bounds in drivers/usb/serial/option.c:LINE
      30  UBSAN: shift-out-of-bounds in drivers/usb/serial/option.c:LINE
      31  UBSAN: shift-out-of-bounds in drivers/usb/serial/option.c:LINE
      31  UBSAN: shift-out-of-bounds in drivers/usb/serial/option.c:LINE
      31  UBSAN: shift-out-of-bounds in drivers/usb/serial/option.c:LINE
      32  UBSAN: shift-out-of-bounds in drivers/usb/serial/option.c:LINE
      32  UBSAN: shift-out-of-bounds in drivers/usb/serial/option.c:LINE
      32  UBSAN: shift-out-of-bounds in drivers/usb/serial/option.c:LINE
      33  WARNING in r871xu_dev_remove
      34  UBSAN: shift-out-of-bounds in drivers/usb/serial/option.c:LINE
      34  UBSAN: shift-out-of-bounds in drivers/usb/serial/option.c:LINE
      34  UBSAN: shift-out-of-bounds in drivers/usb/serial/option.c:LINE
      34  UBSAN: shift-out-of-bounds in drivers/usb/serial/option.c:LINE
      35  UBSAN: shift-out-of-bounds in drivers/usb/serial/option.c:LINE
      35  UBSAN: shift-out-of-bounds in drivers/usb/serial/option.c:LINE
      35  UBSAN: shift-out-of-bounds in drivers/usb/serial/option.c:LINE
      36  UBSAN: shift-out-of-bounds in drivers/usb/serial/option.c:LINE
      37  UBSAN: shift-out-of-bounds in drivers/usb/serial/option.c:LINE
      37  UBSAN: shift-out-of-bounds in drivers/usb/serial/option.c:LINE
      37  UBSAN: shift-out-of-bounds in drivers/usb/serial/option.c:LINE
      37  UBSAN: shift-out-of-bounds in drivers/usb/serial/option.c:LINE
      38  UBSAN: shift-out-of-bounds in drivers/usb/serial/option.c:LINE
      38  UBSAN: shift-out-of-bounds in drivers/usb/serial/option.c:LINE
      38  UBSAN: shift-out-of-bounds in drivers/usb/serial/option.c:LINE
      38  WARNING in r871xu_dev_remove
      39  UBSAN: shift-out-of-bounds in drivers/usb/serial/option.c:LINE
      39  UBSAN: shift-out-of-bounds in drivers/usb/serial/option.c:LINE
      39  UBSAN: shift-out-of-bounds in drivers/usb/serial/option.c:LINE
      40  UBSAN: shift-out-of-bounds in drivers/usb/serial/option.c:LINE
      40  UBSAN: shift-out-of-bounds in drivers/usb/serial/option.c:LINE
      40  UBSAN: shift-out-of-bounds in drivers/usb/serial/option.c:LINE
      40  UBSAN: shift-out-of-bounds in drivers/usb/serial/option.c:LINE
      41  UBSAN: shift-out-of-bounds in drivers/usb/serial/option.c:LINE
      41  UBSAN: shift-out-of-bounds in drivers/usb/serial/option.c:LINE
      41  UBSAN: shift-out-of-bounds in drivers/usb/serial/option.c:LINE
      42  UBSAN: shift-out-of-bounds in drivers/usb/serial/option.c:LINE
      42  UBSAN: shift-out-of-bounds in drivers/usb/serial/option.c:LINE
      42  UBSAN: shift-out-of-bounds in drivers/usb/serial/option.c:LINE
      42  WARNING in r871xu_dev_remove
      43  UBSAN: shift-out-of-bounds in drivers/usb/serial/option.c:LINE
      43  UBSAN: shift-out-of-bounds in drivers/usb/serial/option.c:LINE
      43  UBSAN: shift-out-of-bounds in drivers/usb/serial/option.c:LINE
      44  UBSAN: shift-out-of-bounds in drivers/usb/serial/option.c:LINE
      44  UBSAN: shift-out-of-bounds in drivers/usb/serial/option.c:LINE
      44  UBSAN: shift-out-of-bounds in drivers/usb/serial/option.c:LINE
      45  UBSAN: shift-out-of-bounds in drivers/usb/serial/option.c:LINE
      45  UBSAN: shift-out-of-bounds in drivers/usb/serial/option.c:LINE
      45  UBSAN: shift-out-of-bounds in drivers/usb/serial/option.c:LINE
      45  UBSAN: shift-out-of-bounds in drivers/usb/serial/option.c:LINE
      46  UBSAN: shift-out-of-bounds in drivers/usb/serial/option.c:LINE
      46  UBSAN: shift-out-of-bounds in drivers/usb/serial/option.c:LINE
      46  UBSAN: shift-out-of-bounds in drivers/usb/serial/option.c:LINE
      46  UBSAN: shift-out-of-bounds in drivers/usb/serial/option.c:LINE
      46  UBSAN: shift-out-of-bounds in drivers/usb/serial/option.c:LINE
      46  WARNING in r871xu_dev_remove
      47  UBSAN: shift-out-of-bounds in drivers/usb/serial/option.c:LINE
      47  UBSAN: shift-out-of-bounds in drivers/usb/serial/option.c:LINE
      48  UBSAN: shift-out-of-bounds in drivers/usb/serial/option.c:LINE
      48  UBSAN: shift-out-of-bounds in drivers/usb/serial/option.c:LINE
      48  UBSAN: shift-out-of-bounds in drivers/usb/serial/option.c:LINE
      49  WARNING in firmware_fallback_sysfs
      49  UBSAN: shift-out-of-bounds in drivers/usb/serial/option.c:LINE
      49  UBSAN: shift-out-of-bounds in drivers/usb/serial/option.c:LINE
      50  UBSAN: shift-out-of-bounds in drivers/usb/serial/option.c:LINE
      50  UBSAN: shift-out-of-bounds in drivers/usb/serial/option.c:LINE
      50  UBSAN: shift-out-of-bounds in drivers/usb/serial/option.c:LINE
      50  UBSAN: shift-out-of-bounds in drivers/usb/serial/option.c:LINE
      50  UBSAN: shift-out-of-bounds in drivers/usb/serial/option.c:LINE
      51  UBSAN: shift-out-of-bounds in drivers/usb/serial/option.c:LINE
      51  UBSAN: shift-out-of-bounds in drivers/usb/serial/option.c:LINE
      51  UBSAN: shift-out-of-bounds in drivers/usb/serial/option.c:LINE
      51  UBSAN: shift-out-of-bounds in drivers/usb/serial/option.c:LINE
      51  WARNING in pvr2_i2c_core_done
      52  UBSAN: shift-out-of-bounds in drivers/usb/serial/option.c:LINE
      52  UBSAN: shift-out-of-bounds in drivers/usb/serial/option.c:LINE
      52  UBSAN: shift-out-of-bounds in drivers/usb/serial/option.c:LINE
      52  WARNING in r871xu_dev_remove
      53  UBSAN: shift-out-of-bounds in drivers/usb/serial/option.c:LINE
      53  UBSAN: shift-out-of-bounds in drivers/usb/serial/option.c:LINE
      53  UBSAN: shift-out-of-bounds in drivers/usb/serial/option.c:LINE
      54  UBSAN: shift-out-of-bounds in drivers/usb/serial/option.c:LINE
      54  UBSAN: shift-out-of-bounds in drivers/usb/serial/option.c:LINE
      54  UBSAN: shift-out-of-bounds in drivers/usb/serial/option.c:LINE
      54  UBSAN: shift-out-of-bounds in drivers/usb/serial/option.c:LINE
      54  UBSAN: shift-out-of-bounds in drivers/usb/serial/option.c:LINE
      55  UBSAN: shift-out-of-bounds in drivers/usb/serial/option.c:LINE
      58  WARNING in r871xu_dev_remove
Attempt 3:
    Time  Bug Name
       2  UBSAN: shift-out-of-bounds in drivers/usb/serial/option.c:LINE
       2  UBSAN: shift-out-of-bounds in drivers/usb/serial/option.c:LINE
       3  UBSAN: shift-out-of-bounds in drivers/usb/serial/option.c:LINE
       4  UBSAN: shift-out-of-bounds in drivers/usb/serial/option.c:LINE
       5  UBSAN: shift-out-of-bounds in drivers/usb/serial/option.c:LINE
      14  UBSAN: shift-out-of-bounds in drivers/usb/serial/option.c:LINE
      15  UBSAN: shift-out-of-bounds in drivers/usb/serial/option.c:LINE
      20  general protection fault in ath9k_hif_usb_rx_cb
      21  UBSAN: shift-out-of-bounds in drivers/usb/serial/option.c:LINE
      22  UBSAN: shift-out-of-bounds in drivers/usb/serial/option.c:LINE
      22  WARNING in r871xu_dev_remove
      23  WARNING in r871xu_dev_remove
      25  UBSAN: shift-out-of-bounds in drivers/usb/serial/option.c:LINE
      27  UBSAN: shift-out-of-bounds in drivers/usb/serial/option.c:LINE
      27  UBSAN: shift-out-of-bounds in drivers/usb/serial/option.c:LINE
      29  UBSAN: shift-out-of-bounds in drivers/usb/serial/option.c:LINE
      29  UBSAN: shift-out-of-bounds in drivers/usb/serial/option.c:LINE
      29  UBSAN: shift-out-of-bounds in drivers/usb/serial/option.c:LINE
      31  UBSAN: shift-out-of-bounds in drivers/usb/serial/option.c:LINE
      31  UBSAN: shift-out-of-bounds in drivers/usb/serial/option.c:LINE
      31  UBSAN: shift-out-of-bounds in drivers/usb/serial/option.c:LINE
      31  UBSAN: shift-out-of-bounds in drivers/usb/serial/option.c:LINE
      32  UBSAN: shift-out-of-bounds in drivers/usb/serial/option.c:LINE
      32  UBSAN: shift-out-of-bounds in drivers/usb/serial/option.c:LINE
      33  UBSAN: shift-out-of-bounds in drivers/usb/serial/option.c:LINE
      33  UBSAN: shift-out-of-bounds in drivers/usb/serial/option.c:LINE
      33  UBSAN: shift-out-of-bounds in drivers/usb/serial/option.c:LINE
      34  UBSAN: shift-out-of-bounds in drivers/usb/serial/option.c:LINE
      34  UBSAN: shift-out-of-bounds in drivers/usb/serial/option.c:LINE
      34  UBSAN: shift-out-of-bounds in drivers/usb/serial/option.c:LINE
      35  UBSAN: shift-out-of-bounds in drivers/usb/serial/option.c:LINE
      35  UBSAN: shift-out-of-bounds in drivers/usb/serial/option.c:LINE
      35  WARNING in r871xu_dev_remove
      36  UBSAN: shift-out-of-bounds in drivers/usb/serial/option.c:LINE
      36  UBSAN: shift-out-of-bounds in drivers/usb/serial/option.c:LINE
      36  WARNING in r871xu_dev_remove
      37  UBSAN: shift-out-of-bounds in drivers/usb/serial/option.c:LINE
      37  general protection fault in go7007_usb_probe
      38  UBSAN: shift-out-of-bounds in drivers/usb/serial/option.c:LINE
      38  UBSAN: shift-out-of-bounds in drivers/usb/serial/option.c:LINE
      38  UBSAN: shift-out-of-bounds in drivers/usb/serial/option.c:LINE
      39  UBSAN: shift-out-of-bounds in drivers/usb/serial/option.c:LINE
      39  UBSAN: shift-out-of-bounds in drivers/usb/serial/option.c:LINE
      39  WARNING in r871xu_dev_remove
      40  UBSAN: shift-out-of-bounds in drivers/usb/serial/option.c:LINE
      40  UBSAN: shift-out-of-bounds in drivers/usb/serial/option.c:LINE
      40  WARNING in r871xu_dev_remove
      41  UBSAN: shift-out-of-bounds in drivers/usb/serial/option.c:LINE
      42  UBSAN: shift-out-of-bounds in drivers/usb/serial/option.c:LINE
      42  UBSAN: array-index-out-of-bounds in drivers/net/wireless/ath/ath9k/hif_usb.c:LINE
      43  UBSAN: shift-out-of-bounds in drivers/usb/serial/option.c:LINE
      43  UBSAN: shift-out-of-bounds in drivers/usb/serial/option.c:LINE
      43  UBSAN: shift-out-of-bounds in drivers/usb/serial/option.c:LINE
      44  UBSAN: shift-out-of-bounds in drivers/usb/serial/option.c:LINE
      44  UBSAN: shift-out-of-bounds in drivers/usb/serial/option.c:LINE
      44  UBSAN: shift-out-of-bounds in drivers/usb/serial/option.c:LINE
      45  UBSAN: shift-out-of-bounds in drivers/usb/serial/option.c:LINE
      45  UBSAN: shift-out-of-bounds in drivers/usb/serial/option.c:LINE
      46  UBSAN: shift-out-of-bounds in drivers/usb/serial/option.c:LINE
      46  UBSAN: shift-out-of-bounds in drivers/usb/serial/option.c:LINE
      46  UBSAN: shift-out-of-bounds in drivers/usb/serial/option.c:LINE
      46  KASAN: slab-out-of-bounds Read in ath9k_hif_usb_rx_cb
      47  UBSAN: shift-out-of-bounds in drivers/usb/serial/option.c:LINE
      47  UBSAN: shift-out-of-bounds in drivers/usb/serial/option.c:LINE
      48  UBSAN: shift-out-of-bounds in drivers/usb/serial/option.c:LINE
      49  UBSAN: shift-out-of-bounds in drivers/usb/serial/option.c:LINE
      49  UBSAN: shift-out-of-bounds in drivers/usb/serial/option.c:LINE
      49  UBSAN: shift-out-of-bounds in drivers/usb/serial/option.c:LINE
      49  UBSAN: shift-out-of-bounds in drivers/usb/serial/option.c:LINE
      49  UBSAN: shift-out-of-bounds in drivers/usb/serial/option.c:LINE
      49  UBSAN: shift-out-of-bounds in drivers/usb/serial/option.c:LINE
      50  UBSAN: shift-out-of-bounds in drivers/usb/serial/option.c:LINE
      50  UBSAN: shift-out-of-bounds in drivers/usb/serial/option.c:LINE
      50  UBSAN: shift-out-of-bounds in drivers/usb/serial/option.c:LINE
      50  UBSAN: shift-out-of-bounds in drivers/usb/serial/option.c:LINE
      51  UBSAN: shift-out-of-bounds in drivers/usb/serial/option.c:LINE
      51  UBSAN: shift-out-of-bounds in drivers/usb/serial/option.c:LINE
      52  UBSAN: shift-out-of-bounds in drivers/usb/serial/option.c:LINE
      52  UBSAN: shift-out-of-bounds in drivers/usb/serial/option.c:LINE
      52  UBSAN: shift-out-of-bounds in drivers/usb/serial/option.c:LINE
      53  UBSAN: shift-out-of-bounds in drivers/usb/serial/option.c:LINE
      53  UBSAN: shift-out-of-bounds in drivers/usb/serial/option.c:LINE
      53  UBSAN: shift-out-of-bounds in drivers/usb/serial/option.c:LINE
      53  WARNING in r871xu_dev_remove
      54  UBSAN: shift-out-of-bounds in drivers/usb/serial/option.c:LINE
      54  UBSAN: shift-out-of-bounds in drivers/usb/serial/option.c:LINE
      54  UBSAN: shift-out-of-bounds in drivers/usb/serial/option.c:LINE
      54  UBSAN: shift-out-of-bounds in drivers/usb/serial/option.c:LINE
      55  UBSAN: shift-out-of-bounds in drivers/usb/serial/option.c:LINE
      55  UBSAN: shift-out-of-bounds in drivers/usb/serial/option.c:LINE
      55  WARNING in r871xu_dev_remove
      56  UBSAN: shift-out-of-bounds in drivers/usb/serial/option.c:LINE
      56  UBSAN: shift-out-of-bounds in drivers/usb/serial/option.c:LINE
      56  UBSAN: shift-out-of-bounds in drivers/usb/serial/option.c:LINE
      56  UBSAN: shift-out-of-bounds in drivers/usb/serial/option.c:LINE
      57  UBSAN: shift-out-of-bounds in drivers/usb/serial/option.c:LINE
      57  UBSAN: shift-out-of-bounds in drivers/usb/serial/option.c:LINE
      57  UBSAN: shift-out-of-bounds in drivers/usb/serial/option.c:LINE
      57  UBSAN: shift-out-of-bounds in drivers/usb/serial/option.c:LINE
      58  UBSAN: shift-out-of-bounds in drivers/usb/serial/option.c:LINE
      58  WARNING in r871xu_dev_remove
      58  WARNING in r871xu_dev_remove
      60  UBSAN: shift-out-of-bounds in drivers/usb/serial/option.c:LINE
Attempt 4:
    Time  Bug Name
       2  UBSAN: shift-out-of-bounds in drivers/usb/serial/option.c:LINE
       2  UBSAN: shift-out-of-bounds in drivers/usb/serial/option.c:LINE
       3  UBSAN: shift-out-of-bounds in drivers/usb/serial/option.c:LINE
       5  UBSAN: shift-out-of-bounds in drivers/usb/serial/option.c:LINE
       6  UBSAN: shift-out-of-bounds in drivers/usb/serial/option.c:LINE
       9  UBSAN: shift-out-of-bounds in drivers/usb/serial/option.c:LINE
      10  UBSAN: shift-out-of-bounds in drivers/usb/serial/option.c:LINE
      11  UBSAN: shift-out-of-bounds in drivers/usb/serial/option.c:LINE
      11  UBSAN: shift-out-of-bounds in drivers/usb/serial/option.c:LINE
      12  UBSAN: shift-out-of-bounds in drivers/usb/serial/option.c:LINE
      12  WARNING in r871xu_dev_remove
      13  UBSAN: shift-out-of-bounds in drivers/usb/serial/option.c:LINE
      15  UBSAN: shift-out-of-bounds in drivers/usb/serial/option.c:LINE
      16  UBSAN: shift-out-of-bounds in drivers/usb/serial/option.c:LINE
      17  UBSAN: shift-out-of-bounds in drivers/usb/serial/option.c:LINE
      19  UBSAN: shift-out-of-bounds in drivers/usb/serial/option.c:LINE
      19  UBSAN: shift-out-of-bounds in drivers/usb/serial/option.c:LINE
      19  WARNING in r871xu_dev_remove
      20  UBSAN: shift-out-of-bounds in drivers/usb/serial/option.c:LINE
      20  UBSAN: shift-out-of-bounds in drivers/usb/serial/option.c:LINE
      21  UBSAN: shift-out-of-bounds in drivers/usb/serial/option.c:LINE
      22  UBSAN: shift-out-of-bounds in drivers/usb/serial/option.c:LINE
      23  UBSAN: shift-out-of-bounds in drivers/usb/serial/option.c:LINE
      25  UBSAN: shift-out-of-bounds in drivers/usb/serial/option.c:LINE
      26  UBSAN: shift-out-of-bounds in drivers/usb/serial/option.c:LINE
      26  UBSAN: shift-out-of-bounds in drivers/usb/serial/option.c:LINE
      26  general protection fault in go7007_usb_probe
      28  UBSAN: shift-out-of-bounds in drivers/usb/serial/option.c:LINE
      28  UBSAN: shift-out-of-bounds in drivers/usb/serial/option.c:LINE
      29  UBSAN: shift-out-of-bounds in drivers/usb/serial/option.c:LINE
      29  UBSAN: shift-out-of-bounds in drivers/usb/serial/option.c:LINE
      30  UBSAN: shift-out-of-bounds in drivers/usb/serial/option.c:LINE
      30  UBSAN: shift-out-of-bounds in drivers/usb/serial/option.c:LINE
      30  UBSAN: shift-out-of-bounds in drivers/usb/serial/option.c:LINE
      30  WARNING in r871xu_dev_remove
      31  UBSAN: shift-out-of-bounds in drivers/usb/serial/option.c:LINE
      31  UBSAN: shift-out-of-bounds in drivers/usb/serial/option.c:LINE
      32  UBSAN: shift-out-of-bounds in drivers/usb/serial/option.c:LINE
      32  UBSAN: shift-out-of-bounds in drivers/usb/serial/option.c:LINE
      33  UBSAN: shift-out-of-bounds in drivers/usb/serial/option.c:LINE
      33  UBSAN: shift-out-of-bounds in drivers/usb/serial/option.c:LINE
      33  UBSAN: shift-out-of-bounds in drivers/usb/serial/option.c:LINE
      33  UBSAN: shift-out-of-bounds in drivers/usb/serial/option.c:LINE
      34  UBSAN: shift-out-of-bounds in drivers/usb/serial/option.c:LINE
      34  UBSAN: shift-out-of-bounds in drivers/usb/serial/option.c:LINE
      34  UBSAN: shift-out-of-bounds in drivers/usb/serial/option.c:LINE
      34  UBSAN: shift-out-of-bounds in drivers/usb/serial/option.c:LINE
      34  UBSAN: shift-out-of-bounds in drivers/usb/serial/option.c:LINE
      35  UBSAN: shift-out-of-bounds in drivers/usb/serial/option.c:LINE
      35  UBSAN: shift-out-of-bounds in drivers/usb/serial/option.c:LINE
      35  UBSAN: shift-out-of-bounds in drivers/usb/serial/option.c:LINE
      35  UBSAN: shift-out-of-bounds in drivers/usb/serial/option.c:LINE
      36  UBSAN: shift-out-of-bounds in drivers/usb/serial/option.c:LINE
      36  UBSAN: shift-out-of-bounds in drivers/usb/serial/option.c:LINE
      36  UBSAN: shift-out-of-bounds in drivers/usb/serial/option.c:LINE
      37  UBSAN: shift-out-of-bounds in drivers/usb/serial/option.c:LINE
      37  UBSAN: shift-out-of-bounds in drivers/usb/serial/option.c:LINE
      37  WARNING in r871xu_dev_remove
      38  UBSAN: shift-out-of-bounds in drivers/usb/serial/option.c:LINE
      38  UBSAN: shift-out-of-bounds in drivers/usb/serial/option.c:LINE
      38  UBSAN: shift-out-of-bounds in drivers/usb/serial/option.c:LINE
      39  UBSAN: shift-out-of-bounds in drivers/usb/serial/option.c:LINE
      39  UBSAN: shift-out-of-bounds in drivers/usb/serial/option.c:LINE
      39  WARNING in r871xu_dev_remove
      40  UBSAN: shift-out-of-bounds in drivers/usb/serial/option.c:LINE
      40  UBSAN: shift-out-of-bounds in drivers/usb/serial/option.c:LINE
      40  UBSAN: shift-out-of-bounds in drivers/usb/serial/option.c:LINE
      40  UBSAN: shift-out-of-bounds in drivers/usb/serial/option.c:LINE
      40  UBSAN: shift-out-of-bounds in drivers/usb/serial/option.c:LINE
      41  UBSAN: shift-out-of-bounds in drivers/usb/serial/option.c:LINE
      41  UBSAN: shift-out-of-bounds in drivers/usb/serial/option.c:LINE
      41  UBSAN: shift-out-of-bounds in drivers/usb/serial/option.c:LINE
      42  UBSAN: shift-out-of-bounds in drivers/usb/serial/option.c:LINE
      42  WARNING in r871xu_dev_remove
      42  KASAN: slab-out-of-bounds Read in ath9k_hif_usb_rx_cb
      43  UBSAN: shift-out-of-bounds in drivers/usb/serial/option.c:LINE
      43  UBSAN: shift-out-of-bounds in drivers/usb/serial/option.c:LINE
      43  UBSAN: shift-out-of-bounds in drivers/usb/serial/option.c:LINE
      43  UBSAN: shift-out-of-bounds in drivers/usb/serial/option.c:LINE
      44  UBSAN: shift-out-of-bounds in drivers/usb/serial/option.c:LINE
      44  UBSAN: shift-out-of-bounds in drivers/usb/serial/option.c:LINE
      45  UBSAN: shift-out-of-bounds in drivers/usb/serial/option.c:LINE
      45  UBSAN: shift-out-of-bounds in drivers/usb/serial/option.c:LINE
      45  UBSAN: shift-out-of-bounds in drivers/usb/serial/option.c:LINE
      45  WARNING in put_i2c_dev
      46  UBSAN: shift-out-of-bounds in drivers/usb/serial/option.c:LINE
      46  UBSAN: shift-out-of-bounds in drivers/usb/serial/option.c:LINE
      46  UBSAN: shift-out-of-bounds in drivers/usb/serial/option.c:LINE
      46  UBSAN: shift-out-of-bounds in drivers/usb/serial/option.c:LINE
      46  UBSAN: shift-out-of-bounds in drivers/usb/serial/option.c:LINE
      47  UBSAN: shift-out-of-bounds in drivers/usb/serial/option.c:LINE
      47  UBSAN: shift-out-of-bounds in drivers/usb/serial/option.c:LINE
      48  UBSAN: shift-out-of-bounds in drivers/usb/serial/option.c:LINE
      48  UBSAN: shift-out-of-bounds in drivers/usb/serial/option.c:LINE
      48  UBSAN: shift-out-of-bounds in drivers/usb/serial/option.c:LINE
      49  UBSAN: shift-out-of-bounds in drivers/usb/serial/option.c:LINE
      49  UBSAN: shift-out-of-bounds in drivers/usb/serial/option.c:LINE
      49  UBSAN: shift-out-of-bounds in drivers/usb/serial/option.c:LINE
      50  UBSAN: shift-out-of-bounds in drivers/usb/serial/option.c:LINE
      50  UBSAN: shift-out-of-bounds in drivers/usb/serial/option.c:LINE
      50  UBSAN: shift-out-of-bounds in drivers/usb/serial/option.c:LINE
      50  UBSAN: shift-out-of-bounds in drivers/usb/serial/option.c:LINE
      50  UBSAN: shift-out-of-bounds in drivers/usb/serial/option.c:LINE
      50  WARNING in r871xu_dev_remove
      51  UBSAN: shift-out-of-bounds in drivers/usb/serial/option.c:LINE
      51  UBSAN: shift-out-of-bounds in drivers/usb/serial/option.c:LINE
      51  WARNING in r871xu_dev_remove
      52  UBSAN: shift-out-of-bounds in drivers/usb/serial/option.c:LINE
      52  UBSAN: shift-out-of-bounds in drivers/usb/serial/option.c:LINE
      52  UBSAN: shift-out-of-bounds in drivers/usb/serial/option.c:LINE
      52  UBSAN: shift-out-of-bounds in drivers/usb/serial/option.c:LINE
Attempt 5:
    Time  Bug Name
       2  UBSAN: shift-out-of-bounds in drivers/usb/serial/option.c:LINE
       3  UBSAN: shift-out-of-bounds in drivers/usb/serial/option.c:LINE
       5  UBSAN: shift-out-of-bounds in drivers/usb/serial/option.c:LINE
      16  UBSAN: shift-out-of-bounds in drivers/usb/serial/option.c:LINE
      18  UBSAN: shift-out-of-bounds in drivers/usb/serial/option.c:LINE
      19  UBSAN: shift-out-of-bounds in drivers/usb/serial/option.c:LINE
      20  UBSAN: shift-out-of-bounds in drivers/usb/serial/option.c:LINE
      21  UBSAN: shift-out-of-bounds in drivers/usb/serial/option.c:LINE
      22  UBSAN: shift-out-of-bounds in drivers/usb/serial/option.c:LINE
      22  UBSAN: shift-out-of-bounds in drivers/usb/serial/option.c:LINE
      22  UBSAN: shift-out-of-bounds in drivers/usb/serial/option.c:LINE
      23  UBSAN: shift-out-of-bounds in drivers/usb/serial/option.c:LINE
      23  UBSAN: shift-out-of-bounds in drivers/usb/serial/option.c:LINE
      24  UBSAN: shift-out-of-bounds in drivers/usb/serial/option.c:LINE
      25  UBSAN: shift-out-of-bounds in drivers/usb/serial/option.c:LINE
      26  UBSAN: shift-out-of-bounds in drivers/usb/serial/option.c:LINE
      26  UBSAN: shift-out-of-bounds in drivers/usb/serial/option.c:LINE
      26  WARNING in r871xu_dev_remove
      27  UBSAN: shift-out-of-bounds in drivers/usb/serial/option.c:LINE
      27  UBSAN: shift-out-of-bounds in drivers/usb/serial/option.c:LINE
      27  UBSAN: shift-out-of-bounds in drivers/usb/serial/option.c:LINE
      28  UBSAN: shift-out-of-bounds in drivers/usb/serial/option.c:LINE
      28  UBSAN: shift-out-of-bounds in drivers/usb/serial/option.c:LINE
      28  UBSAN: shift-out-of-bounds in drivers/usb/serial/option.c:LINE
      29  general protection fault in ath9k_hif_usb_rx_cb
      29  UBSAN: shift-out-of-bounds in drivers/usb/serial/option.c:LINE
      29  UBSAN: shift-out-of-bounds in drivers/usb/serial/option.c:LINE
      30  UBSAN: shift-out-of-bounds in drivers/usb/serial/option.c:LINE
      30  UBSAN: shift-out-of-bounds in drivers/usb/serial/option.c:LINE
      31  UBSAN: shift-out-of-bounds in drivers/usb/serial/option.c:LINE
      32  UBSAN: shift-out-of-bounds in drivers/usb/serial/option.c:LINE
      32  UBSAN: shift-out-of-bounds in drivers/usb/serial/option.c:LINE
      32  UBSAN: shift-out-of-bounds in drivers/usb/serial/option.c:LINE
      33  UBSAN: shift-out-of-bounds in drivers/usb/serial/option.c:LINE
      33  UBSAN: shift-out-of-bounds in drivers/usb/serial/option.c:LINE
      33  UBSAN: shift-out-of-bounds in drivers/usb/serial/option.c:LINE
      33  UBSAN: shift-out-of-bounds in drivers/usb/serial/option.c:LINE
      33  UBSAN: shift-out-of-bounds in drivers/usb/serial/option.c:LINE
      34  UBSAN: shift-out-of-bounds in drivers/usb/serial/option.c:LINE
      34  UBSAN: shift-out-of-bounds in drivers/usb/serial/option.c:LINE
      34  UBSAN: shift-out-of-bounds in drivers/usb/serial/option.c:LINE
      34  UBSAN: shift-out-of-bounds in drivers/usb/serial/option.c:LINE
      34  UBSAN: shift-out-of-bounds in drivers/usb/serial/option.c:LINE
      34  UBSAN: shift-out-of-bounds in drivers/usb/serial/option.c:LINE
      35  UBSAN: shift-out-of-bounds in drivers/usb/serial/option.c:LINE
      35  UBSAN: shift-out-of-bounds in drivers/usb/serial/option.c:LINE
      35  UBSAN: shift-out-of-bounds in drivers/usb/serial/option.c:LINE
      36  UBSAN: shift-out-of-bounds in drivers/usb/serial/option.c:LINE
      36  UBSAN: shift-out-of-bounds in drivers/usb/serial/option.c:LINE
      36  UBSAN: shift-out-of-bounds in drivers/usb/serial/option.c:LINE
      36  UBSAN: shift-out-of-bounds in drivers/usb/serial/option.c:LINE
      37  UBSAN: shift-out-of-bounds in drivers/usb/serial/option.c:LINE
      37  UBSAN: shift-out-of-bounds in drivers/usb/serial/option.c:LINE
      37  UBSAN: shift-out-of-bounds in drivers/usb/serial/option.c:LINE
      38  UBSAN: shift-out-of-bounds in drivers/usb/serial/option.c:LINE
      38  UBSAN: shift-out-of-bounds in drivers/usb/serial/option.c:LINE
      38  UBSAN: shift-out-of-bounds in drivers/usb/serial/option.c:LINE
      38  UBSAN: shift-out-of-bounds in drivers/usb/serial/option.c:LINE
      38  UBSAN: shift-out-of-bounds in drivers/usb/serial/option.c:LINE
      39  UBSAN: shift-out-of-bounds in drivers/usb/serial/option.c:LINE
      39  UBSAN: shift-out-of-bounds in drivers/usb/serial/option.c:LINE
      40  UBSAN: shift-out-of-bounds in drivers/usb/serial/option.c:LINE
      40  UBSAN: shift-out-of-bounds in drivers/usb/serial/option.c:LINE
      41  UBSAN: shift-out-of-bounds in drivers/usb/serial/option.c:LINE
      41  UBSAN: shift-out-of-bounds in drivers/usb/serial/option.c:LINE
      41  UBSAN: shift-out-of-bounds in drivers/usb/serial/option.c:LINE
      41  UBSAN: shift-out-of-bounds in drivers/usb/serial/option.c:LINE
      41  UBSAN: shift-out-of-bounds in drivers/usb/serial/option.c:LINE
      42  UBSAN: shift-out-of-bounds in drivers/usb/serial/option.c:LINE
      42  UBSAN: shift-out-of-bounds in drivers/usb/serial/option.c:LINE
      43  UBSAN: shift-out-of-bounds in drivers/usb/serial/option.c:LINE
      43  UBSAN: shift-out-of-bounds in drivers/usb/serial/option.c:LINE
      43  UBSAN: shift-out-of-bounds in drivers/usb/serial/option.c:LINE
      44  UBSAN: shift-out-of-bounds in drivers/usb/serial/option.c:LINE
      44  UBSAN: shift-out-of-bounds in drivers/usb/serial/option.c:LINE
      44  UBSAN: shift-out-of-bounds in drivers/usb/serial/option.c:LINE
      44  UBSAN: shift-out-of-bounds in drivers/usb/serial/option.c:LINE
      44  WARNING in r871xu_dev_remove
      45  UBSAN: shift-out-of-bounds in drivers/usb/serial/option.c:LINE
      45  UBSAN: shift-out-of-bounds in drivers/usb/serial/option.c:LINE
      46  UBSAN: shift-out-of-bounds in drivers/usb/serial/option.c:LINE
      46  UBSAN: shift-out-of-bounds in drivers/usb/serial/option.c:LINE
      46  UBSAN: shift-out-of-bounds in drivers/usb/serial/option.c:LINE
      47  UBSAN: shift-out-of-bounds in drivers/usb/serial/option.c:LINE
      47  UBSAN: shift-out-of-bounds in drivers/usb/serial/option.c:LINE
      47  UBSAN: shift-out-of-bounds in drivers/usb/serial/option.c:LINE
      47  UBSAN: shift-out-of-bounds in drivers/usb/serial/option.c:LINE
      47  UBSAN: shift-out-of-bounds in drivers/usb/serial/option.c:LINE
      48  UBSAN: shift-out-of-bounds in drivers/usb/serial/option.c:LINE
      48  UBSAN: shift-out-of-bounds in drivers/usb/serial/option.c:LINE
      48  UBSAN: shift-out-of-bounds in drivers/usb/serial/option.c:LINE
      49  UBSAN: shift-out-of-bounds in drivers/usb/serial/option.c:LINE
      49  UBSAN: shift-out-of-bounds in drivers/usb/serial/option.c:LINE
      49  UBSAN: shift-out-of-bounds in drivers/usb/serial/option.c:LINE
      49  UBSAN: shift-out-of-bounds in drivers/usb/serial/option.c:LINE
      49  UBSAN: shift-out-of-bounds in drivers/usb/serial/option.c:LINE
      49  UBSAN: shift-out-of-bounds in drivers/usb/serial/option.c:LINE
      50  UBSAN: shift-out-of-bounds in drivers/usb/serial/option.c:LINE
      50  UBSAN: shift-out-of-bounds in drivers/usb/serial/option.c:LINE
      50  UBSAN: shift-out-of-bounds in drivers/usb/serial/option.c:LINE
      50  UBSAN: shift-out-of-bounds in drivers/usb/serial/option.c:LINE
      50  UBSAN: shift-out-of-bounds in drivers/usb/serial/option.c:LINE
      50  UBSAN: shift-out-of-bounds in drivers/usb/serial/option.c:LINE
      55  general protection fault in go7007_usb_probe
      60  WARNING in r871xu_dev_remove
The bug was not found.

====================================================================================================================================================
Revealing Factor:   Syzkaller Update
Version:            2020-04-19 - 9f7c6d12944cebe5a50edd9194b336d28e141892
Commit Name:        Revert "syz-manager: if running on GCE use GCE public IP address"

Bug Name:           WARNING in ath6kl_htc_pipe_rx_complete
Bug Link:           https://syzkaller.appspot.com/bug?extid=555908813b2ea35dae9a
Arch:               amd64
Finding Date:       2021-04-11
Finding Commit:     2021-04-10 - 52e44129fba5cfc4e351fdb5e45849afc74d9a53
Guilty Merge:       2013-02-15 - 9e97d14b4923da524d202f2e005d5d30b70db9d6
Guilty Commit:      2012-11-27 - de2070fc4aa7c0205348010f500f5abce012e67b

Possible Blocking Bugs:
    UBSAN: shift-out-of-bounds in drivers/usb/serial/option.c:LINE
    INFO: task hung in ath6kl_usb_power_off
    INFO: task hung in ath9k_hif_usb_firmware_cb
    WARNING in r871xu_dev_remove
