KASAN: use-after-free Read in filp_close,https://syzkaller.appspot.com/bug?extid=47dd250f527cb7bebf24
Repository: linux
Arch: amd64
Finding: 2022-06-04 - 952923ddc01120190dcf671e7b354364ce1d1362
Guilty:  2022-05-14 - 6319194ec57b0452dcda4589d24c4e7db299c5bf
No Duplicates
Default Allocation.
VMs:4
CPUs:4
Procs:24
Max time:30
Max attempts:3
Testing the finding commit.

2024-06-11 04:42:46
Session:   1
Template:  2022-06-03 - c885789257c76ea4479ea36282f5e0a2c7861e26
Syzkaller: 2022-06-03 - c885789257c76ea4479ea36282f5e0a2c7861e26
Kernel:    2022-06-05 - 952923ddc01120190dcf671e7b354364ce1d1362
Compiler:  gcc-10.2.1-20210110
Attempt 1:
    Time  Bug Name
       6  WARNING in ipgre_xmit
       7  WARNING in ipgre_xmit
       9  WARNING in ipgre_xmit
      20  WARNING in ipgre_xmit
      25  WARNING in ipgre_xmit
      27  WARNING in ipgre_xmit
      29  WARNING in ipgre_xmit
Attempt 2:
    Time  Bug Name
      15  WARNING in ipgre_xmit
      21  WARNING in ipgre_xmit
      27  WARNING in ipgre_xmit
Attempt 3:
    Time  Bug Name
      14  WARNING in ipgre_xmit
      16  WARNING in ipgre_xmit
      19  WARNING in ipgre_xmit
      20  WARNING in ipgre_xmit
      24  WARNING in ipgre_xmit
      24  WARNING in ipgre_xmit
      25  WARNING in ipgre_xmit
      28  WARNING in ipgre_xmit
      29  WARNING in ipgre_xmit
The bug was not found.

Failure: This bug cannot be found at the finding commit.
