UBSAN: array-index-out-of-bounds in f2fs_iget,https://syzkaller.appspot.com/bug?extid=601018296973a481f302
Repository: linux
Arch: amd64
Finding: 2023-07-15 - 831fe284d8275987596b7d640518dddba5735f61
Guilty:  2023-01-31 - d48a7b3a72f121655d95b5157c32c7d555e44c05
No Duplicates
Single Proc Allocation
VMs:8
CPUs:2
Procs:16
Max time:30
Max attempts:3
Testing the finding commit.

2024-06-07 14:26:57
Session:   1
Template:  2023-07-14 - 35d9ecc508aef508b67ee7986a7abb0864e74f8e
Syzkaller: 2023-07-14 - 35d9ecc508aef508b67ee7986a7abb0864e74f8e
Kernel:    2023-07-15 - 831fe284d8275987596b7d640518dddba5735f61
Compiler:  gcc-10.2.1-20210110
Attempt 1:
    No crashes found.
Attempt 2:
    No crashes found.
Attempt 3:
    No crashes found.
The bug was not found.

Failure: This bug cannot be found at the finding commit.
