WARNING: suspicious RCU usage in mas_start,https://syzkaller.appspot.com/bug?extid=d79e205d463e603f47ff
Repository: linux
Arch: amd64
Finding: 2023-02-23 - d2980d8d826554fa6981d621e569a453787472f8
Guilty:  2022-09-26 - a5f18ba0727656bd1fe3bcdb0d563f81790f9a04
Duplicate Names:
    WARNING: suspicious RCU usage in mas_walk
    WARNING: suspicious RCU usage in mas_start
Default Allocation.
VMs:4
CPUs:4
Procs:24
Max time:30
Max attempts:3
Testing the finding commit.

2024-06-06 09:16:42
Session:   1
Template:  2023-02-24 - e792ae78c524597ed9bdc16cf10503e2c0079be5
Syzkaller: 2023-02-24 - e792ae78c524597ed9bdc16cf10503e2c0079be5
Kernel:    2023-02-24 - d2980d8d826554fa6981d621e569a453787472f8
Compiler:  gcc-10.2.1-20210110
Attempt 1:
    Time  Bug Name
***    2  WARNING: suspicious RCU usage in mas_walk
Attempt 2:
    Time  Bug Name
***    2  WARNING: suspicious RCU usage in mas_walk
Attempt 3:
    Time  Bug Name
***    5  WARNING: suspicious RCU usage in mas_walk
The bug was found.

New Max Time: 10.
No Merge Commit.

==== Template Retrospection ====
5 template changes in [2022-09-26, 2023-02-24].

2024-06-06 09:45:16
Session:   2
Template:  2022-11-13 - 2df526854481775aa7dfcf9b2da4be92cbe5f53b
Syzkaller: 2022-11-13 - 2df526854481775aa7dfcf9b2da4be92cbe5f53b
Kernel:    2022-11-13 - 094226ad94f471a9f19e8f8e7140a09c2625abaa
Compiler:  gcc-10.2.1-20210110
Attempt 1:
    Time  Bug Name
***    2  WARNING: suspicious RCU usage in mas_walk
The bug was found.

2024-06-06 10:05:06
Session:   3
Template:  2022-11-13 - 4b3d9bad621a06070332b473aa34d5b2924c6272
Syzkaller: 2022-11-13 - 4b3d9bad621a06070332b473aa34d5b2924c6272
Kernel:    2022-11-13 - 094226ad94f471a9f19e8f8e7140a09c2625abaa
Compiler:  gcc-10.2.1-20210110
Attempt 1:
    Time  Bug Name
***    2  WARNING: suspicious RCU usage in mas_walk
The bug was found.

2024-06-06 10:24:27
Session:   4
Template:  2022-11-10 - f42ee5d8ac66980335478d9fab2acb20fe03d958
Syzkaller: 2022-11-10 - f42ee5d8ac66980335478d9fab2acb20fe03d958
Kernel:    2022-11-10 - 1767a722a708f1fa3b9af39eb091d79101f8c086
Compiler:  gcc-10.2.1-20210110
Attempt 1:
    Time  Bug Name
       2  INFO: rcu detected stall in corrupted
Attempt 2:
    Time  Bug Name
***    2  WARNING: suspicious RCU usage in mas_walk
The bug was found.

2024-06-06 10:54:04
Session:   5
Template:  2022-09-22 - 0042f2b4c00ce1ceeaa44a0147909fe3a6f86c5c
Syzkaller: 2022-11-10 - f42ee5d8ac66980335478d9fab2acb20fe03d958
Kernel:    2022-11-10 - 1767a722a708f1fa3b9af39eb091d79101f8c086
Attempt 1:
    Time  Bug Name
***    2  WARNING: suspicious RCU usage in mas_walk
The bug was found.

==== Kernel Retrospection ====
506 Linux commits in [2022-09-26, 2022-11-10].

2024-06-06 10:56:33
Session:   6
Template:  2022-09-30 - feb5635181eb12a6e3516172a3f5af06a3bc93e1
Syzkaller: 2022-09-30 - feb5635181eb12a6e3516172a3f5af06a3bc93e1
Kernel:    2022-10-03 - a6a7aaba7f39ee439f3d42e4b5bfc6e7f762d126
Compiler:  gcc-10.2.1-20210110
Attempt 1:
    No crashes found.
Attempt 2:
    Time  Bug Name
       2  INFO: rcu detected stall in corrupted
Attempt 3:
    Time  Bug Name
***    2  WARNING: suspicious RCU usage in mas_walk
The bug was found.

2024-06-06 11:35:14
Session:   7
Template:  2022-09-30 - feb5635181eb12a6e3516172a3f5af06a3bc93e1
Syzkaller: 2022-09-30 - feb5635181eb12a6e3516172a3f5af06a3bc93e1
Kernel:    2022-10-03 - 92a38eacd6412bb09f98245ba5b3aa89e3dd6656
Compiler:  gcc-10.2.1-20210110
Attempt 1:
    Time  Bug Name
       2  INFO: rcu detected stall in corrupted
Attempt 2:
    Time  Bug Name
       2  INFO: rcu detected stall in corrupted
Attempt 3:
    Time  Bug Name
       2  INFO: rcu detected stall in corrupted
The bug was not found.

2024-06-06 12:22:17
Session:   8
Template:  2022-09-30 - feb5635181eb12a6e3516172a3f5af06a3bc93e1
Syzkaller: 2022-09-30 - feb5635181eb12a6e3516172a3f5af06a3bc93e1
Kernel:    2022-10-03 - a9d57c7369532cdcd3a834c3f0cc5ad6b2f0f1ff
Compiler:  gcc-10.2.1-20210110
Attempt 1:
    Time  Bug Name
***    2  WARNING: suspicious RCU usage in mas_walk
The bug was found.

2024-06-06 12:40:36
Session:   9
Template:  2022-09-30 - feb5635181eb12a6e3516172a3f5af06a3bc93e1
Syzkaller: 2022-09-30 - feb5635181eb12a6e3516172a3f5af06a3bc93e1
Kernel:    2022-10-03 - 85a34107eba913a2cb7c7c47c49f50073bfb67dd
Compiler:  gcc-10.2.1-20210110
Attempt 1:
    Time  Bug Name
***    2  WARNING: suspicious RCU usage in mas_walk
The bug was found.

2024-06-06 12:58:46
Session:   10
Template:  2022-09-30 - feb5635181eb12a6e3516172a3f5af06a3bc93e1
Syzkaller: 2022-09-30 - feb5635181eb12a6e3516172a3f5af06a3bc93e1
Kernel:    2022-10-03 - fc5dfebc8055426299739dd1a7828af9638c94fb
Compiler:  gcc-10.2.1-20210110
Attempt 1:
    Time  Bug Name
       2  INFO: rcu detected stall in corrupted
Attempt 2:
    No crashes found.
Attempt 3:
    Time  Bug Name
***    2  WARNING: suspicious RCU usage in mas_walk
The bug was found.

2024-06-06 13:37:19
Session:   11
Template:  2022-09-30 - feb5635181eb12a6e3516172a3f5af06a3bc93e1
Syzkaller: 2022-09-30 - feb5635181eb12a6e3516172a3f5af06a3bc93e1
Kernel:    2022-10-03 - dcc579663f607392ade99a2301278239e819f57e
Compiler:  gcc-10.2.1-20210110
Attempt 1:
    Time  Bug Name
***    2  WARNING: suspicious RCU usage in mas_walk
The bug was found.

2024-06-06 13:55:59
Session:   12
Template:  2022-09-30 - feb5635181eb12a6e3516172a3f5af06a3bc93e1
Syzkaller: 2022-09-30 - feb5635181eb12a6e3516172a3f5af06a3bc93e1
Kernel:    2022-10-03 - 80b92bfe3bb75aa6688f58af9df356757a46f659
Compiler:  gcc-10.2.1-20210110
Attempt 1:
    Time  Bug Name
***    2  WARNING: suspicious RCU usage in mas_walk
The bug was found.

2024-06-06 14:14:20
Session:   13
Template:  2022-09-30 - feb5635181eb12a6e3516172a3f5af06a3bc93e1
Syzkaller: 2022-09-30 - feb5635181eb12a6e3516172a3f5af06a3bc93e1
Kernel:    2022-10-03 - 7bc0584e5d2a687c0855a1b3dec9a6d6857d757b
Compiler:  gcc-10.2.1-20210110
Attempt 1:
    Time  Bug Name
       1  SYZFATAL: Manager.Check call failed: machine check failed: program execution failed: executor NUM: exit status NUM
***    3  WARNING: suspicious RCU usage in mas_walk
The bug was found.

2024-06-06 14:33:37
Session:   14
Template:  2022-09-30 - feb5635181eb12a6e3516172a3f5af06a3bc93e1
Syzkaller: 2022-09-30 - feb5635181eb12a6e3516172a3f5af06a3bc93e1
Kernel:    2022-10-03 - 59e6e098d1c156f7c449af903c3b48a5470f6120
Compiler:  gcc-10.2.1-20210110
Attempt 1:
    Time  Bug Name
***    5  WARNING: suspicious RCU usage in mas_walk
***    5  WARNING: suspicious RCU usage in mas_walk
The bug was found.

== Confirming the bisected commit ==

2024-06-06 14:54:32
Session:   15
Template:  2022-09-30 - feb5635181eb12a6e3516172a3f5af06a3bc93e1
Syzkaller: 2022-09-30 - feb5635181eb12a6e3516172a3f5af06a3bc93e1
Kernel:    2022-10-03 - 59e6e098d1c156f7c449af903c3b48a5470f6120
The bug was found in a previous identical fuzzing session.

2024-06-06 14:54:32
Session:   16
Template:  2022-09-30 - feb5635181eb12a6e3516172a3f5af06a3bc93e1
Syzkaller: 2022-09-30 - feb5635181eb12a6e3516172a3f5af06a3bc93e1
Kernel:    2022-10-03 - 92a38eacd6412bb09f98245ba5b3aa89e3dd6656
The bug was not found in a previous identical fuzzing session.

====================================================================================================================================================
Revealing Factor:   Kernel Commit
Version:            2022-10-03 - 59e6e098d1c156f7c449af903c3b48a5470f6120
Commit Name:        kasan: introduce kasan_complete_mode_report_info

Bug Name:           WARNING: suspicious RCU usage in mas_start
Bug Link:           https://syzkaller.appspot.com/bug?extid=d79e205d463e603f47ff
Arch:               amd64
Finding Date:       2023-02-24
Finding Commit:     2023-02-24 - d2980d8d826554fa6981d621e569a453787472f8
Guilty Merge:       None
Guilty Commit:      2022-09-26 - a5f18ba0727656bd1fe3bcdb0d563f81790f9a04

Possible Blocking Bugs:
    INFO: rcu detected stall in corrupted
