general protection fault in sctp_outq_tail,https://syzkaller.appspot.com/bug?extid=47c24ca20a2fa01f082e
Repository: linux
Arch: amd64
Finding: 2023-04-02 - 7e364e56293bb98cae1b55fd835f5991c4e96e7d
Guilty:  2017-10-03 - 5bbbbe32a43199c2b9ea5ea66fab6241c64beb51
No Duplicates
Default Allocation.
VMs:4
CPUs:4
Procs:24
Max time:30
Max attempts:3
Testing the finding commit.

2024-06-06 08:58:35
Session:   1
Template:  2023-03-29 - f325deb023e4e2fb9197004be1b3da738680429c
Syzkaller: 2023-03-29 - f325deb023e4e2fb9197004be1b3da738680429c
Kernel:    2023-04-02 - 7e364e56293bb98cae1b55fd835f5991c4e96e7d
Compiler:  gcc-10.2.1-20210110
Error: Syzkaller failed to make.
