general protection fault in __d_add,https://syzkaller.appspot.com/bug?extid=a8f26a403c169b7593fe
Repository: linux
Arch: amd64
Finding: 2022-10-07 - 62e6e5940c0c09433efa52d0fa9a11623a4704b2
Guilty:  2021-08-13 - 4342306f0f0d5ff4315a204d315c1b51b914fca5
No Duplicates
Single Proc Allocation
VMs:8
CPUs:2
Procs:16
Max time:30
Max attempts:3
Testing the finding commit.

2024-06-15 21:42:17
Session:   1
Template:  2022-10-07 - aea5da898f473385f3b66c94f8aa49ca9a1c9744
Syzkaller: 2022-10-07 - aea5da898f473385f3b66c94f8aa49ca9a1c9744
Kernel:    2022-10-07 - 62e6e5940c0c09433efa52d0fa9a11623a4704b2
Compiler:  gcc-10.2.1-20210110
Attempt 1:
    No crashes found.
Attempt 2:
    No crashes found.
Attempt 3:
    No crashes found.
The bug was not found.

Failure: This bug cannot be found at the finding commit.
