KASAN: slab-out-of-bounds Read in hdr_delete_de,https://syzkaller.appspot.com/bug?extid=9c2811fd56591639ff5f
Repository: linux
Arch: amd64
Finding: 2022-12-04 - 76dcd734eca23168cb008912c0f69ff408905235
Guilty:  2021-08-13 - 82cae269cfa953032fbb8980a7d554d60fb00b17
No Duplicates
Single Proc Allocation
VMs:8
CPUs:2
Procs:16
Max time:30
Max attempts:3
Testing the finding commit.

2024-06-07 08:13:35
Session:   1
Template:  2022-12-06 - d88f3abb0873e90df9259d60d5bcd3ad796db6b8
Syzkaller: 2022-12-06 - d88f3abb0873e90df9259d60d5bcd3ad796db6b8
Kernel:    2022-12-04 - 76dcd734eca23168cb008912c0f69ff408905235
Compiler:  gcc-10.2.1-20210110
Attempt 1:
    Time  Bug Name
       2  INFO: rcu detected stall in corrupted
Attempt 2:
    No crashes found.
Attempt 3:
    No crashes found.
The bug was not found.

Failure: This bug cannot be found at the finding commit.
