WARNING in ex_handler_fprestore,https://syzkaller.appspot.com/bug?extid=2067e764dbcd10721e2e
Repository: linux
Arch: amd64
Finding: 2021-05-21 - 45af60e7ced07ae3def41368c3d260dbf496fbce
Guilty:  2020-05-13 - b860eb8dce5906b14e3a7f3c771e0b3d6ef61b94
No Duplicates
Single Proc Allocation
VMs:8
CPUs:2
Procs:16
Max time:30
Max attempts:3
Testing the finding commit.

2024-06-11 19:05:16
Session:   1
Template:  2021-05-20 - 3c7fef3361a6007112b26adc1c5a550189ef43fe
Syzkaller: 2021-05-20 - 3c7fef3361a6007112b26adc1c5a550189ef43fe
Kernel:    2021-05-21 - 45af60e7ced07ae3def41368c3d260dbf496fbce
Compiler:  gcc-10.2.1-20210110
Attempt 1:
    Time  Bug Name
       7  suppressed report
      14  suppressed report
      17  suppressed report
Attempt 2:
    Time  Bug Name
       6  suppressed report
      12  suppressed report
      15  suppressed report
      19  suppressed report
      29  suppressed report
Attempt 3:
    Time  Bug Name
      10  suppressed report
      13  suppressed report
      24  suppressed report
The bug was not found.
Warning: This session is unstable.

Failure: This bug cannot be found at the finding commit.
