BUG: Bad page map,https://syzkaller.appspot.com/bug?extid=55cc72f8cc3a549119df
Repository: linux
Arch: amd64
Finding: 2023-09-04 - 3f86ed6ec0b390c033eae7f9c487a3fea268e027
Guilty:  2023-08-24 - bcc6cc832573a99d1f935c89a28e2c71fd1aaf0c
No Duplicates
Single Proc Allocation
VMs:8
CPUs:2
Procs:16
Max time:30
Max attempts:3
Testing the finding commit.

2024-06-04 21:01:35
Session:   1
Template:  2023-09-04 - 0b6286dc40e114a33a60c7fbbddbe7fcffc1bb4c
Syzkaller: 2023-09-04 - 0b6286dc40e114a33a60c7fbbddbe7fcffc1bb4c
Kernel:    2023-09-04 - 3f86ed6ec0b390c033eae7f9c487a3fea268e027
Compiler:  gcc-10.2.1-20210110
Attempt 1:
    No crashes found.
Attempt 2:
    No crashes found.
Attempt 3:
    No crashes found.
The bug was not found.

Failure: This bug cannot be found at the finding commit.
