KASAN: use-after-free Read in remove_wait_queue,https://syzkaller.appspot.com/bug?extid=16363c99d4134717c05b
Repository: linux
Arch: amd64
Finding: 2018-02-27 - f3afe530d644488a074291da04a69a296ab63046
Guilty:  2005-04-16 - 1da177e4c3f41524e886b7f1b8a0c1fc7321cac2
No Duplicates
VMs:4
CPUs:4
Procs:24
Max time:30
Max attempts:3
Testing the finding commit.

2024-06-23 02:26:04
Session:   1
Template:  2018-02-27 - 05b5a32cfd918a0049f5657a6474ec3b08694093
Syzkaller: 2018-02-27 - 05b5a32cfd918a0049f5657a6474ec3b08694093
Kernel:    2018-02-27 - f3afe530d644488a074291da04a69a296ab63046
Compiler:  gcc-8.0.1-20180301
Attempt 1:
    No crashes found.
Attempt 2:
    No crashes found.
Attempt 3:
    No crashes found.
The bug was not found.

Failure: This bug cannot be found at the finding commit.
