UBSAN: shift-out-of-bounds in red_adaptative_timer,https://syzkaller.appspot.com/bug?id=ab4156bedc54c0bf4325fee7de90bf5f48da069c
Repository: linux
Arch: amd64
Finding: 2020-12-16 - 5e60366d56c630e32befce7ef05c569e04391ca3
Guilty:  2017-12-05 - 8afa10cbe281b10371fee5a87ab266e48d71a7f9
Duplicate Names:
    UBSAN: shift-out-of-bounds in choke_enqueue
    UBSAN: shift-out-of-bounds in sfq_init
    UBSAN: shift-out-of-bounds in red_adaptative_timer
    UBSAN: shift-out-of-bounds in __red_change
    UBSAN: shift-out-of-bounds in gred_change
    UBSAN: shift-out-of-bounds in red_enqueue
    UBSAN: Undefined behaviour in ./include/net/red.h:LINE
    UBSAN: undefined-behaviour in red_adaptative_timer
    UBSAN: shift-out-of-bounds in ./include/net/red.h:LINE
Default Allocation.
VMs:4
CPUs:4
Procs:24
Max time:30
Max attempts:3
Testing the finding commit.

2024-06-29 22:33:49
Session:   1
Template:  2020-12-16 - 04201c0669446145fd9c347c5538da0ca13ff29b
Syzkaller: 2020-12-16 - 04201c0669446145fd9c347c5538da0ca13ff29b
Kernel:    2020-12-16 - 5e60366d56c630e32befce7ef05c569e04391ca3
Compiler:  gcc-10.1.0-syz
Attempt 1:
    Time  Bug Name
***    2  UBSAN: shift-out-of-bounds in red_adaptative_timer
Attempt 2:
    Time  Bug Name
***    2  UBSAN: shift-out-of-bounds in red_adaptative_timer
Attempt 3:
    Time  Bug Name
***    2  UBSAN: shift-out-of-bounds in red_adaptative_timer
The bug was found.

New Max Time: 10.
Merge Commit: 2017-12-05 - c1d69de98775ca31b4c1b31009e6d1d4e4d33c9c.

==== Template Retrospection ====
141 template changes in [2017-12-05, 2020-12-16].

2024-06-30 00:25:05
Session:   2
Template:  2019-07-16 - 84d08cdf2d65976799e858fd6add094cd462b506
Syzkaller: 2019-07-16 - 84d08cdf2d65976799e858fd6add094cd462b506
Kernel:    2019-07-16 - 0a8ad0ffa4d80a544f6cbff703bf6394339afcdf
Compiler:  gcc-9.0.0-20181231
Attempt 1:
    Time  Bug Name
***    1  UBSAN: Undefined behaviour in ./include/net/red.h:LINE
The bug was found.

2024-06-30 00:37:51
Session:   3
Template:  2018-05-18 - d302e8164182e77b558e471c712839fda3ed7779
Syzkaller: 2018-05-18 - d302e8164182e77b558e471c712839fda3ed7779
Kernel:    2018-05-18 - 2c71d338bef2cc8a2e5f8ebe70788eeff246fcd8
Compiler:  gcc-8.0.1-20180412
Attempt 1:
    Time  Bug Name
       2  UBSAN: Undefined behaviour in ./include/crypto/hash.h:LINE
       2  UBSAN: Undefined behaviour in ./include/crypto/hash.h:LINE
       2  UBSAN: Undefined behaviour in ./include/crypto/hash.h:LINE
       2  UBSAN: Undefined behaviour in ./include/net/route.h:LINE
       2  UBSAN: Undefined behaviour in ./include/net/route.h:LINE
       3  UBSAN: Undefined behaviour in ./include/crypto/hash.h:LINE
       3  UBSAN: Undefined behaviour in ./include/crypto/hash.h:LINE
       3  UBSAN: Undefined behaviour in ./include/crypto/hash.h:LINE
       3  UBSAN: Undefined behaviour in ./include/crypto/hash.h:LINE
       3  UBSAN: Undefined behaviour in ./include/net/route.h:LINE
       4  UBSAN: Undefined behaviour in ./include/crypto/hash.h:LINE
       4  UBSAN: Undefined behaviour in ./include/crypto/hash.h:LINE
       4  UBSAN: Undefined behaviour in ./include/crypto/hash.h:LINE
       4  UBSAN: Undefined behaviour in ./include/crypto/hash.h:LINE
       4  UBSAN: Undefined behaviour in ./include/crypto/hash.h:LINE
       5  UBSAN: Undefined behaviour in ./include/crypto/hash.h:LINE
       5  UBSAN: Undefined behaviour in ./include/crypto/hash.h:LINE
       5  UBSAN: Undefined behaviour in ./include/net/route.h:LINE
       5  UBSAN: Undefined behaviour in ./include/net/route.h:LINE
       6  UBSAN: Undefined behaviour in ./include/crypto/hash.h:LINE
       6  UBSAN: Undefined behaviour in ./include/crypto/hash.h:LINE
       6  UBSAN: Undefined behaviour in ./include/crypto/hash.h:LINE
       6  UBSAN: Undefined behaviour in fs/ioctl.c:LINE
       7  UBSAN: Undefined behaviour in ./include/crypto/hash.h:LINE
       7  UBSAN: Undefined behaviour in ./include/crypto/hash.h:LINE
       7  UBSAN: Undefined behaviour in ./include/crypto/hash.h:LINE
       7  UBSAN: Undefined behaviour in ./include/crypto/hash.h:LINE
       8  UBSAN: Undefined behaviour in ./include/crypto/hash.h:LINE
       8  UBSAN: Undefined behaviour in ./include/crypto/hash.h:LINE
       8  UBSAN: Undefined behaviour in ./include/crypto/hash.h:LINE
       8  UBSAN: Undefined behaviour in ./include/crypto/hash.h:LINE
       8  UBSAN: Undefined behaviour in ./include/crypto/hash.h:LINE
       9  UBSAN: Undefined behaviour in ./include/crypto/hash.h:LINE
       9  UBSAN: Undefined behaviour in ./include/crypto/hash.h:LINE
       9  UBSAN: Undefined behaviour in ./include/crypto/hash.h:LINE
       9  UBSAN: Undefined behaviour in ./include/net/route.h:LINE
       9  UBSAN: Undefined behaviour in ./include/net/route.h:LINE
       9  UBSAN: Undefined behaviour in ./include/net/route.h:LINE
      10  UBSAN: Undefined behaviour in ./include/crypto/hash.h:LINE
      10  UBSAN: Undefined behaviour in ./include/crypto/hash.h:LINE
      10  UBSAN: Undefined behaviour in ./include/crypto/hash.h:LINE
      10  UBSAN: Undefined behaviour in ./include/net/route.h:LINE
Attempt 2:
    Time  Bug Name
       2  UBSAN: Undefined behaviour in ./include/crypto/hash.h:LINE
       2  UBSAN: Undefined behaviour in ./include/crypto/hash.h:LINE
       2  UBSAN: Undefined behaviour in ./include/crypto/hash.h:LINE
       2  UBSAN: Undefined behaviour in ./include/crypto/hash.h:LINE
       3  UBSAN: Undefined behaviour in ./include/crypto/hash.h:LINE
       3  UBSAN: Undefined behaviour in ./include/crypto/hash.h:LINE
       3  UBSAN: Undefined behaviour in ./include/crypto/hash.h:LINE
       3  UBSAN: Undefined behaviour in ./include/crypto/hash.h:LINE
       4  UBSAN: Undefined behaviour in ./include/crypto/hash.h:LINE
       4  UBSAN: Undefined behaviour in ./include/crypto/hash.h:LINE
       4  UBSAN: Undefined behaviour in ./include/crypto/hash.h:LINE
       4  UBSAN: Undefined behaviour in ./include/crypto/hash.h:LINE
       4  UBSAN: Undefined behaviour in ./include/crypto/hash.h:LINE
       4  UBSAN: Undefined behaviour in ./include/net/route.h:LINE
       5  UBSAN: Undefined behaviour in ./include/crypto/hash.h:LINE
       5  UBSAN: Undefined behaviour in ./include/crypto/hash.h:LINE
       5  UBSAN: Undefined behaviour in ./include/crypto/hash.h:LINE
       5  UBSAN: Undefined behaviour in ./include/crypto/hash.h:LINE
       5  UBSAN: Undefined behaviour in ./include/net/route.h:LINE
       6  UBSAN: Undefined behaviour in ./include/crypto/hash.h:LINE
       6  UBSAN: Undefined behaviour in ./include/crypto/hash.h:LINE
       6  UBSAN: Undefined behaviour in ./include/crypto/hash.h:LINE
       6  UBSAN: Undefined behaviour in ./include/crypto/hash.h:LINE
       7  UBSAN: Undefined behaviour in ./include/crypto/hash.h:LINE
       7  UBSAN: Undefined behaviour in ./include/crypto/hash.h:LINE
       7  UBSAN: Undefined behaviour in ./include/crypto/hash.h:LINE
       7  UBSAN: Undefined behaviour in ./include/net/route.h:LINE
       8  UBSAN: Undefined behaviour in ./include/crypto/hash.h:LINE
       8  UBSAN: Undefined behaviour in ./include/crypto/hash.h:LINE
       8  UBSAN: Undefined behaviour in ./include/crypto/hash.h:LINE
       8  UBSAN: Undefined behaviour in ./include/crypto/hash.h:LINE
       9  UBSAN: Undefined behaviour in ./include/crypto/hash.h:LINE
       9  UBSAN: Undefined behaviour in ./include/crypto/hash.h:LINE
       9  UBSAN: Undefined behaviour in ./include/crypto/hash.h:LINE
       9  UBSAN: Undefined behaviour in ./include/crypto/hash.h:LINE
       9  UBSAN: Undefined behaviour in fs/ioctl.c:LINE
      10  UBSAN: Undefined behaviour in ./include/crypto/hash.h:LINE
      10  UBSAN: Undefined behaviour in ./include/crypto/hash.h:LINE
      10  UBSAN: Undefined behaviour in ./include/crypto/hash.h:LINE
      10  UBSAN: Undefined behaviour in ./include/net/route.h:LINE
Attempt 3:
    Time  Bug Name
       1  UBSAN: Undefined behaviour in ./include/crypto/hash.h:LINE
       2  UBSAN: Undefined behaviour in ./include/crypto/hash.h:LINE
       2  UBSAN: Undefined behaviour in fs/ioctl.c:LINE
       2  UBSAN: Undefined behaviour in ./include/net/route.h:LINE
       3  UBSAN: Undefined behaviour in ./include/crypto/hash.h:LINE
       3  UBSAN: Undefined behaviour in ./include/crypto/hash.h:LINE
       3  UBSAN: Undefined behaviour in ./include/crypto/hash.h:LINE
       3  UBSAN: Undefined behaviour in ./include/crypto/hash.h:LINE
       4  UBSAN: Undefined behaviour in ./include/crypto/hash.h:LINE
       4  UBSAN: Undefined behaviour in ./include/crypto/hash.h:LINE
       4  UBSAN: Undefined behaviour in ./include/net/route.h:LINE
       4  UBSAN: Undefined behaviour in ./include/net/route.h:LINE
       4  UBSAN: Undefined behaviour in ./include/net/route.h:LINE
       5  UBSAN: Undefined behaviour in ./include/crypto/hash.h:LINE
       5  UBSAN: Undefined behaviour in ./include/crypto/hash.h:LINE
       5  UBSAN: Undefined behaviour in ./include/crypto/hash.h:LINE
       5  UBSAN: Undefined behaviour in ./include/crypto/hash.h:LINE
       5  UBSAN: Undefined behaviour in ./include/net/route.h:LINE
       6  UBSAN: Undefined behaviour in ./include/crypto/hash.h:LINE
       6  UBSAN: Undefined behaviour in ./include/crypto/hash.h:LINE
       6  UBSAN: Undefined behaviour in ./include/crypto/hash.h:LINE
       6  UBSAN: Undefined behaviour in ./include/net/route.h:LINE
       7  UBSAN: Undefined behaviour in ./include/crypto/hash.h:LINE
       7  UBSAN: Undefined behaviour in ./include/crypto/hash.h:LINE
       7  UBSAN: Undefined behaviour in ./include/crypto/hash.h:LINE
       7  UBSAN: Undefined behaviour in ./include/crypto/hash.h:LINE
       7  UBSAN: Undefined behaviour in ./include/crypto/hash.h:LINE
       7  UBSAN: Undefined behaviour in ./include/crypto/hash.h:LINE
       8  UBSAN: Undefined behaviour in ./include/crypto/hash.h:LINE
       8  UBSAN: Undefined behaviour in ./include/crypto/hash.h:LINE
       8  UBSAN: Undefined behaviour in ./include/net/route.h:LINE
       8  UBSAN: Undefined behaviour in kernel/events/core.c:NUM:LINE
       9  UBSAN: Undefined behaviour in ./include/crypto/hash.h:LINE
       9  UBSAN: Undefined behaviour in ./include/crypto/hash.h:LINE
       9  UBSAN: Undefined behaviour in ./include/crypto/hash.h:LINE
       9  UBSAN: Undefined behaviour in ./include/net/route.h:LINE
      10  UBSAN: Undefined behaviour in ./include/crypto/hash.h:LINE
      10  UBSAN: Undefined behaviour in ./include/crypto/hash.h:LINE
      10  UBSAN: Undefined behaviour in ./include/crypto/hash.h:LINE
      10  UBSAN: Undefined behaviour in ./include/net/route.h:LINE
The bug was not found.

2024-06-30 01:20:17
Session:   4
Template:  2018-10-30 - 362ef7639733f957b6d17bb4c730572958aa298c
Syzkaller: 2018-10-30 - 362ef7639733f957b6d17bb4c730572958aa298c
Kernel:    2018-10-30 - 310c7585e8300ddc46211df0757c11e4299ec482
Compiler:  gcc-8.0.1-20180412
Attempt 1:
    No crashes found.
Attempt 2:
    No crashes found.
Attempt 3:
    Time  Bug Name
       8  INFO: task hung in __blkdev_get
The bug was not found.

2024-06-30 02:02:11
Session:   5
Template:  2018-12-26 - 586a19e7ece21850ff9347ce78245bf19fe1cdcd
Syzkaller: 2018-12-26 - 586a19e7ece21850ff9347ce78245bf19fe1cdcd
Kernel:    2018-12-26 - 17bf423a1f2d134187191f0ceb4b395173cc98a7
Compiler:  gcc-8.0.1-20180412
Attempt 1:
    No crashes found.
Attempt 2:
    No crashes found.
Attempt 3:
    No crashes found.
The bug was not found.

2024-06-30 02:43:18
Session:   6
Template:  2019-01-10 - 0108829095758774257301e06d38003c02aaae7f
Syzkaller: 2019-01-10 - 0108829095758774257301e06d38003c02aaae7f
Kernel:    2019-01-10 - de6629eb262e0dc52a2367db38e3d2780cff5427
Compiler:  gcc-9.0.0-20181231
Attempt 1:
    Time  Bug Name
***    1  UBSAN: Undefined behaviour in ./include/net/red.h:LINE
The bug was found.

2024-06-30 02:57:11
Session:   7
Template:  2018-12-29 - 204cb1446fa9aee09a506bc33f8fe605dbf709d2
Syzkaller: 2018-12-29 - 204cb1446fa9aee09a506bc33f8fe605dbf709d2
Kernel:    2018-12-29 - 195303136f192d37b89e20a8d1d2670d0d825266
Compiler:  gcc-8.0.1-20180412
Attempt 1:
    Time  Bug Name
***    1  UBSAN: Undefined behaviour in ./include/net/red.h:LINE
The bug was found.

2024-06-30 03:08:26
Session:   8
Template:  2018-12-29 - 79059de1772b74a9068e3b6a907a692e3414a369
Syzkaller: 2018-12-29 - 79059de1772b74a9068e3b6a907a692e3414a369
Kernel:    2018-12-29 - 195303136f192d37b89e20a8d1d2670d0d825266
Compiler:  gcc-8.0.1-20180412
Attempt 1:
    Time  Bug Name
***    1  UBSAN: Undefined behaviour in ./include/net/red.h:LINE
The bug was found.

2024-06-30 03:19:18
Session:   9
Template:  2018-12-26 - 586a19e7ece21850ff9347ce78245bf19fe1cdcd
Syzkaller: 2018-12-29 - 79059de1772b74a9068e3b6a907a692e3414a369
Kernel:    2018-12-29 - 195303136f192d37b89e20a8d1d2670d0d825266
Attempt 1:
    Time  Bug Name
***    1  UBSAN: Undefined behaviour in ./include/net/red.h:LINE
The bug was found.

==== Kernel Retrospection ====
82 Linux commits in [2018-12-26, 2018-12-29].

2024-06-30 03:21:48
Session:   10
Template:  2018-12-28 - e33ad0f1875349ef73a89aad2473594de21ad9c0
Syzkaller: 2018-12-28 - e33ad0f1875349ef73a89aad2473594de21ad9c0
Kernel:    2018-12-28 - 32ee34eddad13cd44ad0cb3e659fe6fd49143b62
Compiler:  gcc-8.0.1-20180412
Attempt 1:
    No crashes found.
Attempt 2:
    No crashes found.
Attempt 3:
    Time  Bug Name
       8  WARNING: can't dereference registers at ADDR for ip interrupt_entry
The bug was not found.

2024-06-30 04:03:00
Session:   11
Template:  2018-12-29 - 35e3f847cfd8b50b97ed3172577d884b0869b18e
Syzkaller: 2018-12-29 - 35e3f847cfd8b50b97ed3172577d884b0869b18e
Kernel:    2018-12-29 - 8754040378e4ff70b3bb96b1dabac62da5dfb870
Compiler:  gcc-8.0.1-20180412
Attempt 1:
    Time  Bug Name
***    1  UBSAN: Undefined behaviour in ./include/net/red.h:LINE
The bug was found.

2024-06-30 04:14:58
Session:   12
Template:  2018-12-28 - e33ad0f1875349ef73a89aad2473594de21ad9c0
Syzkaller: 2018-12-28 - e33ad0f1875349ef73a89aad2473594de21ad9c0
Kernel:    2018-12-28 - 956eb6cb36765e3a79a744e6c9364dab1548e460
Compiler:  gcc-8.0.1-20180412
Attempt 1:
    No crashes found.
Attempt 2:
    No crashes found.
Attempt 3:
    No crashes found.
The bug was not found.

2024-06-30 04:56:02
Session:   13
Template:  2018-12-28 - e33ad0f1875349ef73a89aad2473594de21ad9c0
Syzkaller: 2018-12-28 - e33ad0f1875349ef73a89aad2473594de21ad9c0
Kernel:    2018-12-28 - 4ed7bdc1eb4c82cf4bfdf6a94dd36fd695f6f387
Compiler:  gcc-8.0.1-20180412
Attempt 1:
    No crashes found.
Attempt 2:
    No crashes found.
Attempt 3:
    No crashes found.
The bug was not found.

2024-06-30 05:36:50
Session:   14
Template:  2018-12-29 - 35e3f847cfd8b50b97ed3172577d884b0869b18e
Syzkaller: 2018-12-29 - 35e3f847cfd8b50b97ed3172577d884b0869b18e
Kernel:    2018-12-29 - f346b0becb1bc62e45495f9cdbae3eef35d0b635
Compiler:  gcc-8.0.1-20180412
Attempt 1:
    Time  Bug Name
***    1  UBSAN: Undefined behaviour in ./include/net/red.h:LINE
The bug was found.

2024-06-30 05:48:50
Session:   15
Template:  2018-12-29 - 35e3f847cfd8b50b97ed3172577d884b0869b18e
Syzkaller: 2018-12-29 - 35e3f847cfd8b50b97ed3172577d884b0869b18e
Kernel:    2018-12-29 - 00d59fde8532b2d42e80909d2e58678755e04da9
Compiler:  gcc-8.0.1-20180412
Attempt 1:
    Time  Bug Name
***    1  UBSAN: Undefined behaviour in ./include/net/red.h:LINE
The bug was found.

2024-06-30 05:59:43
Session:   16
Template:  2018-12-28 - e33ad0f1875349ef73a89aad2473594de21ad9c0
Syzkaller: 2018-12-28 - e33ad0f1875349ef73a89aad2473594de21ad9c0
Kernel:    2018-12-28 - 75f95da078b2891cd186f074ffc15a8e7c3f082d
Compiler:  gcc-8.0.1-20180412
Attempt 1:
    No crashes found.
Attempt 2:
    No crashes found.
Attempt 3:
    No crashes found.
The bug was not found.

== Confirming the bisected commit ==

2024-06-30 06:39:26
Session:   17
Template:  2018-12-29 - 35e3f847cfd8b50b97ed3172577d884b0869b18e
Syzkaller: 2018-12-29 - 35e3f847cfd8b50b97ed3172577d884b0869b18e
Kernel:    2018-12-29 - 00d59fde8532b2d42e80909d2e58678755e04da9
The bug was found in a previous identical fuzzing session.

2024-06-30 06:39:26
Session:   18
Template:  2018-12-29 - 35e3f847cfd8b50b97ed3172577d884b0869b18e
Syzkaller: 2018-12-29 - 35e3f847cfd8b50b97ed3172577d884b0869b18e
Kernel:    2018-12-28 - 75f95da078b2891cd186f074ffc15a8e7c3f082d
Compiler:  gcc-8.0.1-20180412
Attempt 1:
    Time  Bug Name
***    1  UBSAN: Undefined behaviour in ./include/net/red.h:LINE
The bug was found.

==== Syzkaller Retrospection ====
14 Syzkaller commits from [2018-12-29].

2024-06-30 07:02:10
Session:   19
Template:  2018-12-29 - 35e3f847cfd8b50b97ed3172577d884b0869b18e
Syzkaller: 2018-12-29 - 35e3f847cfd8b50b97ed3172577d884b0869b18e
Kernel:    2018-12-29 - 00d59fde8532b2d42e80909d2e58678755e04da9
Compiler:  gcc-8.0.1-20180412
The bug was found in a previous identical fuzzing session.

2024-06-30 07:02:10
Session:   20
Template:  2018-12-29 - 204cb1446fa9aee09a506bc33f8fe605dbf709d2
Syzkaller: 2018-12-29 - 204cb1446fa9aee09a506bc33f8fe605dbf709d2
Kernel:    2018-12-29 - 00d59fde8532b2d42e80909d2e58678755e04da9
Compiler:  gcc-8.0.1-20180412
Attempt 1:
    Time  Bug Name
       9  WARNING in generic_make_request_checks
Attempt 2:
    Time  Bug Name
       4  WARNING: can't dereference registers at ADDR for ip interrupt_entry
       9  WARNING in generic_make_request_checks
      55  KASAN: use-after-free Read in sock_shutdown
Attempt 3:
    Time  Bug Name
      32  no output from test machine
      37  lost connection to test machine
      39  unregister_netdevice: waiting for DEV to become free
      43  unregister_netdevice: waiting for DEV to become free
      46  WARNING: stack going in the wrong direction? ip=alloc_file
      51  unregister_netdevice: waiting for DEV to become free
      56  KASAN: use-after-free Read in sock_shutdown
      58  unregister_netdevice: waiting for DEV to become free
Attempt 4: (RETRY)
    Time  Bug Name
      45  WARNING in generic_make_request_checks
The bug was not found.

====================================================================================================================================================
Revealing Factor:   Syzkaller Update
Version:            2018-12-29 - 35e3f847cfd8b50b97ed3172577d884b0869b18e
Commit Name:        executor: fix linux includes

Bug Name:           UBSAN: shift-out-of-bounds in red_adaptative_timer
Bug Link:           https://syzkaller.appspot.com/bug?id=ab4156bedc54c0bf4325fee7de90bf5f48da069c
Arch:               amd64
Finding Date:       2020-12-16
Finding Commit:     2020-12-16 - 5e60366d56c630e32befce7ef05c569e04391ca3
Guilty Merge:       2017-12-05 - c1d69de98775ca31b4c1b31009e6d1d4e4d33c9c
Guilty Commit:      2017-12-05 - 8afa10cbe281b10371fee5a87ab266e48d71a7f9

Possible Blocking Bugs:
    UBSAN: Undefined behaviour in ./include/crypto/hash.h:LINE
    UBSAN: Undefined behaviour in ./include/net/route.h:LINE
