general protection fault in tls_merge_open_record,https://syzkaller.appspot.com/bug?extid=40d43509a099ea756317
Repository: linux
Arch: amd64
Finding: 2023-08-25 - 7d2f353b2682dcfe5f9bc71e5b61d5b61770d98e
Guilty:  2023-06-08 - df720d288dbb1793e82b6ccbfc670ec871e9def4
No Duplicates
Default Allocation.
VMs:4
CPUs:4
Procs:24
Max time:30
Max attempts:3
Testing the finding commit.

2024-06-08 17:25:14
Session:   1
Template:  2023-08-25 - 7ba13a158b1ad89a23920bb64208ba34fed27b08
Syzkaller: 2023-08-25 - 7ba13a158b1ad89a23920bb64208ba34fed27b08
Kernel:    2023-08-26 - 7d2f353b2682dcfe5f9bc71e5b61d5b61770d98e
Compiler:  gcc-10.2.1-20210110
Attempt 1:
    No crashes found.
Attempt 2:
    Time  Bug Name
       9  suppressed report
Attempt 3:
    Time  Bug Name
      24  suppressed report
Attempt 4: (RETRY)
    No crashes found.
Attempt 5: (RETRY)
    No crashes found.
The bug was not found.
Warning: This session is unstable.

Failure: This bug cannot be found at the finding commit.
