KASAN: use-after-free Read in gsm_cleanup_mux,https://syzkaller.appspot.com/bug?extid=893c55305230e719a203
Repository: linux
Arch: amd64
Finding: 2022-10-26 - b229b6ca5abbd63ff40c1396095b1b36b18139c3
Guilty:  2022-04-15 - aa371e96f05dcb36a88298f5cb70aa7234d5e8b8
No Duplicates
Single Proc Allocation
VMs:8
CPUs:2
Procs:16
Max time:30
Max attempts:3
Testing the finding commit.

2024-06-08 06:53:13
Session:   1
Template:  2022-10-28 - 899d812af3e2fe5f67a21d1d82babcb48f87f97a
Syzkaller: 2022-10-28 - 899d812af3e2fe5f67a21d1d82babcb48f87f97a
Kernel:    2022-10-27 - b229b6ca5abbd63ff40c1396095b1b36b18139c3
Compiler:  gcc-10.2.1-20210110
Attempt 1:
    Time  Bug Name
***    1  KASAN: use-after-free Read in gsm_cleanup_mux
Attempt 2:
    Time  Bug Name
***    2  KASAN: use-after-free Read in gsm_cleanup_mux
Attempt 3:
    Time  Bug Name
***    2  KASAN: use-after-free Read in gsm_cleanup_mux
The bug was found.

New Max Time: 10.
Merge Commit: 2022-04-30 - a6b5c5dc06a4b25fc7690a7a25a7c095d3f16fa9.

==== Template Inspection ====
7 template changes in [2022-04-30, 2022-10-28].

2024-06-08 07:19:22
Session:   2
Template:  2022-07-13 - 5d921b0849eb1958da5e91793b7795131d28b54c
Syzkaller: 2022-07-13 - 5d921b0849eb1958da5e91793b7795131d28b54c
Kernel:    2022-07-13 - 4a57a8400075bc5287c5c877702c68aeae2a033d
Compiler:  gcc-10.2.1-20210110
Attempt 1:
    Time  Bug Name
***    7  KASAN: use-after-free Read in gsm_cleanup_mux
The bug was found.

2024-06-08 07:40:21
Session:   3
Template:  2022-06-02 - 9305d4f6a615844e1e610074e97c8ade3b138e06
Syzkaller: 2022-06-02 - 9305d4f6a615844e1e610074e97c8ade3b138e06
Kernel:    2022-06-02 - 50fd82b3a9a9335df5d50c7ddcb81c81d358c4fc
Compiler:  gcc-10.2.1-20210110
Attempt 1:
    No crashes found.
Attempt 2:
    No crashes found.
Attempt 3:
    Time  Bug Name
***    8  KASAN: use-after-free Read in gsm_cleanup_mux
The bug was found.

2024-06-08 08:22:37
Session:   4
Template:  2022-06-02 - ff1f215e653ff17702cc30338944a018bf976486
Syzkaller: 2022-06-02 - ff1f215e653ff17702cc30338944a018bf976486
Kernel:    2022-06-02 - 50fd82b3a9a9335df5d50c7ddcb81c81d358c4fc
Compiler:  gcc-10.2.1-20210110
Attempt 1:
    No crashes found.
Attempt 2:
    No crashes found.
Attempt 3:
    No crashes found.
The bug was not found.

2024-06-08 09:06:57
Session:   5
Template:  2022-06-02 - ff1f215e653ff17702cc30338944a018bf976486
Syzkaller: 2022-06-02 - 9305d4f6a615844e1e610074e97c8ade3b138e06
Kernel:    2022-06-02 - 50fd82b3a9a9335df5d50c7ddcb81c81d358c4fc
Compiler:  gcc-10.2.1-20210110
Attempt 1:
    No crashes found.
Attempt 2:
    Time  Bug Name
***    4  KASAN: use-after-free Read in gsm_cleanup_mux
The bug was found.

==== Kernel Inspection ====
13 Linux commits in [2022-06-02, 2022-06-02].

2024-06-08 09:33:51
Session:   6
Template:  2022-06-02 - 02dddea803b3dcfa0e472bb94d3e540e8f1b457b
Syzkaller: 2022-06-02 - 02dddea803b3dcfa0e472bb94d3e540e8f1b457b
Kernel:    2022-06-02 - c399c85d60a4295bd911d366399a97df2865fb86
Compiler:  gcc-10.2.1-20210110
Attempt 1:
    No crashes found.
Attempt 2:
    Time  Bug Name
       3  UBSAN: array-index-out-of-bounds in nfnetlink_unbind
       5  UBSAN: array-index-out-of-bounds in nfnetlink_unbind
       5  UBSAN: array-index-out-of-bounds in nfnetlink_unbind
       9  UBSAN: array-index-out-of-bounds in nfnetlink_unbind
      10  UBSAN: array-index-out-of-bounds in nfnetlink_unbind
Attempt 3:
    Time  Bug Name
       3  UBSAN: array-index-out-of-bounds in nfnetlink_unbind
       9  UBSAN: array-index-out-of-bounds in nfnetlink_unbind
       9  UBSAN: array-index-out-of-bounds in nfnetlink_unbind
The bug was not found.

2024-06-08 10:17:28
Session:   7
Template:  2022-06-02 - 02dddea803b3dcfa0e472bb94d3e540e8f1b457b
Syzkaller: 2022-06-02 - 02dddea803b3dcfa0e472bb94d3e540e8f1b457b
Kernel:    2022-06-02 - 09a018176ba246f00d6b6b526047d38dcd2955d3
Compiler:  gcc-10.2.1-20210110
Attempt 1:
    No crashes found.
Attempt 2:
    No crashes found.
Attempt 3:
    No crashes found.
The bug was not found.

2024-06-08 11:01:59
Session:   8
Template:  2022-06-02 - 02dddea803b3dcfa0e472bb94d3e540e8f1b457b
Syzkaller: 2022-06-02 - 02dddea803b3dcfa0e472bb94d3e540e8f1b457b
Kernel:    2022-06-02 - 50fd82b3a9a9335df5d50c7ddcb81c81d358c4fc
Compiler:  gcc-10.2.1-20210110
Attempt 1:
    No crashes found.
Attempt 2:
    No crashes found.
Attempt 3:
    No crashes found.
The bug was not found.

== Confirming the bisected commit ==

2024-06-08 11:43:47
Session:   9
Template:  2022-06-02 - 02dddea803b3dcfa0e472bb94d3e540e8f1b457b
Syzkaller: 2022-06-02 - 02dddea803b3dcfa0e472bb94d3e540e8f1b457b
Kernel:    2022-06-02 - 50fd82b3a9a9335df5d50c7ddcb81c81d358c4fc
The bug was not found in a previous identical fuzzing session.

2024-06-08 11:43:47
Session:   10
Template:  2022-06-02 - 02dddea803b3dcfa0e472bb94d3e540e8f1b457b
Syzkaller: 2022-06-02 - 02dddea803b3dcfa0e472bb94d3e540e8f1b457b
Kernel:    2022-06-02 - baf86ac1c9ccbde281df55a4daeefadec6d2e581
Compiler:  gcc-10.2.1-20210110
Attempt 1:
    No crashes found.
Attempt 2:
    Time  Bug Name
***    4  KASAN: use-after-free Read in gsm_cleanup_mux
The bug was found.

==== Syzkaller Inspection ====
8 Syzkaller commits from [2022-06-02].

2024-06-08 12:21:03
Session:   11
Template:  2022-06-02 - 02dddea803b3dcfa0e472bb94d3e540e8f1b457b
Syzkaller: 2022-06-02 - 02dddea803b3dcfa0e472bb94d3e540e8f1b457b
Kernel:    2022-06-02 - 50fd82b3a9a9335df5d50c7ddcb81c81d358c4fc
Compiler:  gcc-10.2.1-20210110
The bug was not found in a previous identical fuzzing session.

====================================================================================================================================================
Revealing Factor:   Syzkaller Update
Version:            2022-06-03 - eee80d3cd37ea7ebd6aab85c117564a4bae5bc4e
Commit Name:        dashboard/config/linux: increase LOCKDEP size consts

Bug Name:           KASAN: use-after-free Read in gsm_cleanup_mux
Bug Link:           https://syzkaller.appspot.com/bug?extid=893c55305230e719a203
Arch:               amd64
Finding Date:       2022-10-28
Finding Commit:     2022-10-27 - b229b6ca5abbd63ff40c1396095b1b36b18139c3
Guilty Merge:       2022-04-30 - a6b5c5dc06a4b25fc7690a7a25a7c095d3f16fa9
Guilty Commit:      2022-04-15 - aa371e96f05dcb36a88298f5cb70aa7234d5e8b8

Possible Blocking Bugs:
    UBSAN: array-index-out-of-bounds in nfnetlink_unbind
