general protection fault in io_uring_show_fdinfo,https://syzkaller.appspot.com/bug?extid=216e2ea6e0bf4a0acdd7
Repository: linux
Arch: amd64
Finding: 2023-08-31 - 99d99825fc075fd24b60cc9cf0fb1e20b9c16b0f
Guilty:  2023-08-24 - 2af89abda7d9c2aeb573677e2c498ddb09f8058a
No Duplicates
Single Proc Allocation
VMs:8
CPUs:2
Procs:16
Max time:30
Max attempts:3
Testing the finding commit.

2024-06-07 10:54:40
Session:   1
Template:  2023-08-31 - 696ea0d2f4fdaa17db929e152edba19bf7666d84
Syzkaller: 2023-08-31 - 696ea0d2f4fdaa17db929e152edba19bf7666d84
Kernel:    2023-08-31 - 99d99825fc075fd24b60cc9cf0fb1e20b9c16b0f
Compiler:  gcc-10.2.1-20210110
Attempt 1:
    No crashes found.
Attempt 2:
    Time  Bug Name
       5  KASAN: slab-use-after-free Read in nfc_llcp_register_device
       6  KASAN: slab-use-after-free Read in nfc_llcp_register_device
Attempt 3:
    No crashes found.
The bug was not found.

Failure: This bug cannot be found at the finding commit.
