INFO: trying to register non-static key in skb_dequeue,https://syzkaller.appspot.com/bug?extid=eba589d8f49c73d356da
Repository: linux
Arch: amd64
Finding: 2023-05-02 - 348551ddaf311c76b01cdcbaf61b6fef06a49144
Guilty:  2016-08-04 - 8700e3e7c4857d28ebaa824509934556da0b3e76
No Duplicates
Default Allocation.
VMs:4
CPUs:4
Procs:24
Max time:30
Max attempts:3
Testing the finding commit.

2024-06-11 01:00:03
Session:   1
Template:  2023-05-03 - b591883083486fa625ad707452e97a9a8f282a64
Syzkaller: 2023-05-03 - b591883083486fa625ad707452e97a9a8f282a64
Kernel:    2023-05-02 - 348551ddaf311c76b01cdcbaf61b6fef06a49144
Compiler:  gcc-10.2.1-20210110
Attempt 1:
    No crashes found.
Attempt 2:
    Time  Bug Name
       8  KASAN: slab-use-after-free Read in nfc_llcp_find_local
Attempt 3:
    Time  Bug Name
       3  KASAN: slab-use-after-free Read in nfc_llcp_find_local
The bug was not found.

Failure: This bug cannot be found at the finding commit.
