WARNING in mark_buffer_dirty,https://syzkaller.appspot.com/bug?extid=cdfcae656bac88ba0e2d
Repository: linux
Arch: amd64
Finding: 2023-06-07 - 5f63595ebd82f56a2dd36ca013dd7f5ff2e2416a
Guilty:  2013-04-30 - 8c26c4e2694a163d525976e804d81cd955bbb40c
No Duplicates
Default Allocation.
VMs:4
CPUs:4
Procs:24
Max time:30
Max attempts:3
Testing the finding commit.

2024-06-07 20:32:33
Session:   1
Template:  2023-06-07 - 058b3a5a6a945a55767811552eb7b9f4a20307f8
Syzkaller: 2023-06-07 - 058b3a5a6a945a55767811552eb7b9f4a20307f8
Kernel:    2023-06-07 - 5f63595ebd82f56a2dd36ca013dd7f5ff2e2416a
Compiler:  gcc-10.2.1-20210110
Error: Syzkaller failed to make.
