KASAN: slab-out-of-bounds Read in ethnl_update_bitset32,https://syzkaller.appspot.com/bug?extid=983cb8fb2d17a7af549d
Repository: linux
Arch: amd64
Finding: 2020-02-23 - d2eee25858f246051b49c42c411629c78513e2a8
Guilty:  2019-12-27 - 10b518d4e6dd5390e40f7d8de0f08753c1195a7e
Duplicate Names:
    BUG: unable to handle kernel paging request in ethnl_update_bitset32
    KASAN: slab-out-of-bounds Read in ethnl_update_bitset32
    KASAN: use-after-free Read in ethnl_update_bitset32
    unregister_netdevice: waiting for DEV to become free
Single Proc Allocation
VMs:8
CPUs:2
Procs:16
Max time:30
Max attempts:3
Testing the finding commit.

2024-06-24 17:08:15
Session:   1
Template:  2020-02-24 - 59b57593586656c1d5be820aeed0e751087e6ac6
Syzkaller: 2020-02-24 - 59b57593586656c1d5be820aeed0e751087e6ac6
Kernel:    2020-02-23 - d2eee25858f246051b49c42c411629c78513e2a8
Compiler:  gcc-9.0.0-20181231
Attempt 1:
    Time  Bug Name
***    2  BUG: unable to handle kernel paging request in ethnl_update_bitset32
Attempt 2:
    Time  Bug Name
***    2  BUG: unable to handle kernel paging request in ethnl_update_bitset32
Attempt 3:
    Time  Bug Name
***    2  KASAN: use-after-free Read in ethnl_update_bitset32
The bug was found.

New Max Time: 10.
Merge Commit: 2019-12-28 - 1b3b289fd8daddf22eac89b8d185706bb7e822e9.

==== Template Retrospection ====
33 template changes in [2019-12-28, 2020-02-24].

2024-06-24 17:48:25
Session:   2
Template:  2020-01-18 - 543c012b4ec683a624e7cffc927ad246e238cc27
Syzkaller: 2020-01-18 - 543c012b4ec683a624e7cffc927ad246e238cc27
Kernel:    2020-01-18 - 9aaa29494030a8ba89311b70123a367a26788323
Compiler:  gcc-9.0.0-20181231
Attempt 1:
    No crashes found.
Attempt 2:
    No crashes found.
Attempt 3:
    No crashes found.
The bug was not found.

2024-06-24 18:30:51
Session:   3
Template:  2020-01-27 - 56cd6c9b80ee424566e3ceaf8a4b042803a130ad
Syzkaller: 2020-01-27 - 56cd6c9b80ee424566e3ceaf8a4b042803a130ad
Kernel:    2020-01-27 - 8e5aa6173ad3ef794e52afa2bb56451db18642b9
Compiler:  gcc-9.0.0-20181231
Attempt 1:
    No crashes found.
Attempt 2:
    No crashes found.
Attempt 3:
    No crashes found.
The bug was not found.

2024-06-24 19:12:47
Session:   4
Template:  2020-02-10 - d0da558cb16f3fb7cf26f20d24ee89eeb49a6f30
Syzkaller: 2020-02-10 - d0da558cb16f3fb7cf26f20d24ee89eeb49a6f30
Kernel:    2020-02-10 - bb6d3fb354c5ee8d6bde2d576eb7220ea09862b9
Compiler:  gcc-9.0.0-20181231
Attempt 1:
    Time  Bug Name
***    2  BUG: unable to handle kernel paging request in ethnl_update_bitset32
The bug was found.

2024-06-24 19:27:31
Session:   5
Template:  2020-01-31 - 96ce537b15c550775cd9ca09002992d9254095c7
Syzkaller: 2020-01-31 - 96ce537b15c550775cd9ca09002992d9254095c7
Kernel:    2020-01-31 - 26dca6dbd62d74a5012cafab6b2d6d65a01ea69c
Compiler:  gcc-9.0.0-20181231
Warning: Syzkaller log file exceeded 5000 lines.
Saved at /mnt/sdd/author/SyzInspector/wd-inspector-1/log/bug355-boot_failure.log.
Attempt 1:
    Time  Bug Name
       1  boot failure
Warning: Syzkaller log file exceeded 5000 lines.
Saved at /mnt/sdd/author/SyzInspector/wd-inspector-1/log/bug355-boot_failure.log.
Attempt 2:
    Time  Bug Name
       1  boot failure
Warning: Syzkaller log file exceeded 5000 lines.
Saved at /mnt/sdd/author/SyzInspector/wd-inspector-1/log/bug355-boot_failure.log.
Attempt 3:
    Time  Bug Name
       1  boot failure
The bug was not found.
Warning: This session is unstable.

2024-06-24 19:42:13
Session:   6
Template:  2020-02-10 - 4f86d327735efede368648e63570189966cb30c0
Syzkaller: 2020-02-10 - 4f86d327735efede368648e63570189966cb30c0
Kernel:    2020-02-10 - bb6d3fb354c5ee8d6bde2d576eb7220ea09862b9
Compiler:  gcc-9.0.0-20181231
Attempt 1:
    Time  Bug Name
***    3  BUG: unable to handle kernel paging request in ethnl_update_bitset32
The bug was found.

2024-06-24 19:56:38
Session:   7
Template:  2020-01-31 - 96ce537b15c550775cd9ca09002992d9254095c7
Syzkaller: 2020-02-10 - 4f86d327735efede368648e63570189966cb30c0
Kernel:    2020-02-10 - bb6d3fb354c5ee8d6bde2d576eb7220ea09862b9
Attempt 1:
    Time  Bug Name
***    1  BUG: unable to handle kernel paging request in ethnl_update_bitset32
The bug was found.

==== Kernel Retrospection ====
107 Linux commits in [2020-01-31, 2020-02-10].

2024-06-24 20:00:02
Session:   8
Template:  2020-02-05 - 662cf49ae315772e243d80a1c87dcdee1a304196
Syzkaller: 2020-02-05 - 662cf49ae315772e243d80a1c87dcdee1a304196
Kernel:    2020-02-05 - 4fc2ea6a8608d9a649eff5e3c2ee477eb70f0fb6
Compiler:  gcc-9.0.0-20181231
Attempt 1:
    Time  Bug Name
***    2  BUG: unable to handle kernel paging request in ethnl_update_bitset32
The bug was found.

2024-06-24 20:13:11
Session:   9
Template:  2020-02-02 - 93e5e33559b98e47f3743e6d907ca8444fbba5d4
Syzkaller: 2020-02-02 - 93e5e33559b98e47f3743e6d907ca8444fbba5d4
Kernel:    2020-02-03 - 754beeec1d9024eef0db8dc4be2636331dd413c6
Compiler:  gcc-9.0.0-20181231
Attempt 1:
    Time  Bug Name
***    2  BUG: unable to handle kernel paging request in ethnl_update_bitset32
The bug was found.

2024-06-24 20:26:14
Session:   10
Template:  2020-01-31 - 0eb59c27682ecbe1d467de4c4accbb3f9c807042
Syzkaller: 2020-01-31 - 0eb59c27682ecbe1d467de4c4accbb3f9c807042
Kernel:    2020-01-31 - 8fdd4019bcb2d824c5ab45c6fc340293cfed843f
Compiler:  gcc-9.0.0-20181231
Warning: Syzkaller log file exceeded 5000 lines.
Saved at /mnt/sdd/author/SyzInspector/wd-inspector-1/log/bug355-boot_failure.log.
Attempt 1:
    Time  Bug Name
       1  boot failure
Warning: Syzkaller log file exceeded 5000 lines.
Saved at /mnt/sdd/author/SyzInspector/wd-inspector-1/log/bug355-boot_failure.log.
Attempt 2:
    Time  Bug Name
       1  boot failure
Warning: Syzkaller log file exceeded 5000 lines.
Saved at /mnt/sdd/author/SyzInspector/wd-inspector-1/log/bug355-boot_failure.log.
Attempt 3:
    Time  Bug Name
       1  boot failure
The bug was not found.
Warning: This session is unstable.

2024-06-24 20:42:01
Session:   11
Template:  2020-01-31 - 0eb59c27682ecbe1d467de4c4accbb3f9c807042
Syzkaller: 2020-01-31 - 0eb59c27682ecbe1d467de4c4accbb3f9c807042
Kernel:    2020-01-31 - cf3c8f84d1401fed5010784034d104cc689061d5
Compiler:  gcc-9.0.0-20181231
Warning: Syzkaller log file exceeded 5000 lines.
Saved at /mnt/sdd/author/SyzInspector/wd-inspector-1/log/bug355-boot_failure.log.
Attempt 1:
    Time  Bug Name
       1  boot failure
Warning: Syzkaller log file exceeded 5000 lines.
Saved at /mnt/sdd/author/SyzInspector/wd-inspector-1/log/bug355-boot_failure.log.
Attempt 2:
    Time  Bug Name
       1  boot failure
Warning: Syzkaller log file exceeded 5000 lines.
Saved at /mnt/sdd/author/SyzInspector/wd-inspector-1/log/bug355-boot_failure.log.
Attempt 3:
    Time  Bug Name
       1  boot failure
The bug was not found.
Warning: This session is unstable.

2024-06-24 20:56:42
Session:   12
Template:  2020-01-31 - 0eb59c27682ecbe1d467de4c4accbb3f9c807042
Syzkaller: 2020-01-31 - 0eb59c27682ecbe1d467de4c4accbb3f9c807042
Kernel:    2020-01-31 - 7eec11d3a784a283f916590e5aa30b855c2ccfd7
Compiler:  gcc-9.0.0-20181231
Warning: Syzkaller log file exceeded 5000 lines.
Saved at /mnt/sdd/author/SyzInspector/wd-inspector-1/log/bug355-boot_failure.log.
Attempt 1:
    Time  Bug Name
       1  boot failure
Warning: Syzkaller log file exceeded 5000 lines.
Saved at /mnt/sdd/author/SyzInspector/wd-inspector-1/log/bug355-boot_failure.log.
Attempt 2:
    Time  Bug Name
       1  boot failure
Warning: Syzkaller log file exceeded 5000 lines.
Saved at /mnt/sdd/author/SyzInspector/wd-inspector-1/log/bug355-boot_failure.log.
Attempt 3:
    Time  Bug Name
       1  boot failure
The bug was not found.
Warning: This session is unstable.

2024-06-24 21:12:19
Session:   13
Template:  2020-01-31 - 0eb59c27682ecbe1d467de4c4accbb3f9c807042
Syzkaller: 2020-01-31 - 0eb59c27682ecbe1d467de4c4accbb3f9c807042
Kernel:    2020-01-31 - b7e573bb4a7a511741f8942b1fb03cfe602ee57f
Compiler:  gcc-9.0.0-20181231
Warning: Syzkaller log file exceeded 5000 lines.
Saved at /mnt/sdd/author/SyzInspector/wd-inspector-1/log/bug355-boot_failure.log.
Attempt 1:
    Time  Bug Name
       1  boot failure
Warning: Syzkaller log file exceeded 5000 lines.
Saved at /mnt/sdd/author/SyzInspector/wd-inspector-1/log/bug355-boot_failure.log.
Attempt 2:
    Time  Bug Name
       1  boot failure
Warning: Syzkaller log file exceeded 5000 lines.
Saved at /mnt/sdd/author/SyzInspector/wd-inspector-1/log/bug355-boot_failure.log.
Attempt 3:
    Time  Bug Name
       1  boot failure
The bug was not found.
Warning: This session is unstable.

2024-06-24 21:26:55
Session:   14
Template:  2020-01-31 - 0eb59c27682ecbe1d467de4c4accbb3f9c807042
Syzkaller: 2020-01-31 - 0eb59c27682ecbe1d467de4c4accbb3f9c807042
Kernel:    2020-01-31 - e813e65038389b66d2f8dd87588694caf8dc2923
Compiler:  gcc-9.0.0-20181231
Warning: Syzkaller log file exceeded 5000 lines.
Saved at /mnt/sdd/author/SyzInspector/wd-inspector-1/log/bug355-boot_failure.log.
Attempt 1:
    Time  Bug Name
       1  boot failure
Warning: Syzkaller log file exceeded 5000 lines.
Saved at /mnt/sdd/author/SyzInspector/wd-inspector-1/log/bug355-boot_failure.log.
Attempt 2:
    Time  Bug Name
       1  boot failure
Warning: Syzkaller log file exceeded 5000 lines.
Saved at /mnt/sdd/author/SyzInspector/wd-inspector-1/log/bug355-boot_failure.log.
Attempt 3:
    Time  Bug Name
       1  boot failure
The bug was not found.
Warning: This session is unstable.

2024-06-24 21:42:36
Session:   15
Template:  2020-02-01 - 2274ad39c8bee8efda31dc31ec8933d5624e8fe4
Syzkaller: 2020-02-01 - 2274ad39c8bee8efda31dc31ec8933d5624e8fe4
Kernel:    2020-02-01 - acd77500aa8a337baa6d853568c4b55aca48e20f
Compiler:  gcc-9.0.0-20181231
Warning: Syzkaller log file exceeded 5000 lines.
Saved at /mnt/sdd/author/SyzInspector/wd-inspector-1/log/bug355-boot_failure.log.
Attempt 1:
    Time  Bug Name
       1  boot failure
Warning: Syzkaller log file exceeded 5000 lines.
Saved at /mnt/sdd/author/SyzInspector/wd-inspector-1/log/bug355-boot_failure.log.
Attempt 2:
    Time  Bug Name
       1  boot failure
Warning: Syzkaller log file exceeded 5000 lines.
Saved at /mnt/sdd/author/SyzInspector/wd-inspector-1/log/bug355-boot_failure.log.
Attempt 3:
    Time  Bug Name
       1  boot failure
The bug was not found.
Warning: This session is unstable.

2024-06-24 21:58:14
Session:   16
Template:  2020-02-01 - 2274ad39c8bee8efda31dc31ec8933d5624e8fe4
Syzkaller: 2020-02-01 - 2274ad39c8bee8efda31dc31ec8933d5624e8fe4
Kernel:    2020-02-01 - 6404674acd596de41fd3ad5f267b4525494a891a
Compiler:  gcc-9.0.0-20181231
Warning: Syzkaller log file exceeded 5000 lines.
Saved at /mnt/sdd/author/SyzInspector/wd-inspector-1/log/bug355-boot_failure.log.
Attempt 1:
    Time  Bug Name
       1  boot failure
Warning: Syzkaller log file exceeded 5000 lines.
Saved at /mnt/sdd/author/SyzInspector/wd-inspector-1/log/bug355-boot_failure.log.
Attempt 2:
    Time  Bug Name
       1  boot failure
Warning: Syzkaller log file exceeded 5000 lines.
Saved at /mnt/sdd/author/SyzInspector/wd-inspector-1/log/bug355-boot_failure.log.
Attempt 3:
    Time  Bug Name
       1  boot failure
The bug was not found.
Warning: This session is unstable.

2024-06-24 22:13:57
Session:   17
Template:  2020-02-02 - 93e5e33559b98e47f3743e6d907ca8444fbba5d4
Syzkaller: 2020-02-02 - 93e5e33559b98e47f3743e6d907ca8444fbba5d4
Kernel:    2020-02-02 - 545ae66582f7627870b719d318954d0252902519
Compiler:  gcc-9.0.0-20181231
Warning: Syzkaller log file exceeded 5000 lines.
Saved at /mnt/sdd/author/SyzInspector/wd-inspector-1/log/bug355-boot_failure.log.
Attempt 1:
    Time  Bug Name
       1  boot failure
Warning: Syzkaller log file exceeded 5000 lines.
Saved at /mnt/sdd/author/SyzInspector/wd-inspector-1/log/bug355-boot_failure.log.
Attempt 2:
    Time  Bug Name
       1  boot failure
Warning: Syzkaller log file exceeded 5000 lines.
Saved at /mnt/sdd/author/SyzInspector/wd-inspector-1/log/bug355-boot_failure.log.
Attempt 3:
    Time  Bug Name
       1  boot failure
The bug was not found.
Warning: This session is unstable.

2024-06-24 22:28:59
Session:   18
Template:  2020-02-02 - 93e5e33559b98e47f3743e6d907ca8444fbba5d4
Syzkaller: 2020-02-02 - 93e5e33559b98e47f3743e6d907ca8444fbba5d4
Kernel:    2020-02-03 - af32f3a414d340b0ab92e88ffb80a19632ff345e
Compiler:  gcc-9.0.0-20181231
Warning: Syzkaller log file exceeded 5000 lines.
Saved at /mnt/sdd/author/SyzInspector/wd-inspector-1/log/bug355-boot_failure.log.
Attempt 1:
    Time  Bug Name
       1  boot failure
Warning: Syzkaller log file exceeded 5000 lines.
Saved at /mnt/sdd/author/SyzInspector/wd-inspector-1/log/bug355-boot_failure.log.
Attempt 2:
    Time  Bug Name
       1  boot failure
Warning: Syzkaller log file exceeded 5000 lines.
Saved at /mnt/sdd/author/SyzInspector/wd-inspector-1/log/bug355-boot_failure.log.
Attempt 3:
    Time  Bug Name
       1  boot failure
The bug was not found.
Warning: This session is unstable.

====================================================================================================================================================
Revealing Factor:   Unstable Commits
Unstable Range:     [2020-01-31, 2020-02-03]
Version:            2020-02-03 - 2367da5b51cd2819d630432e6a8876f973b1bbc3
Commit Name:        Merge tag 'backlight-next-5.6' of git://git.kernel.org/pub/scm/linux/kernel/git/lee/backlight

Bug Name:           KASAN: slab-out-of-bounds Read in ethnl_update_bitset32
Bug Link:           https://syzkaller.appspot.com/bug?extid=983cb8fb2d17a7af549d
Arch:               amd64
Finding Date:       2020-02-24
Finding Commit:     2020-02-23 - d2eee25858f246051b49c42c411629c78513e2a8
Guilty Merge:       2019-12-28 - 1b3b289fd8daddf22eac89b8d185706bb7e822e9
Guilty Commit:      2019-12-27 - 10b518d4e6dd5390e40f7d8de0f08753c1195a7e

Possible Blocking Bugs:
