possible deadlock in f2fs_getxattr,https://syzkaller.appspot.com/bug?extid=e5600587fa9cbf8e3826
Repository: linux
Arch: amd64
Finding: 2023-07-06 - a452483508d7b70b0f6c69e249ec0b3ea2330b5c
Guilty:  2023-06-30 - 5eda1ad1aaffdfebdecf7a164e586060a210f74f
No Duplicates
Single Proc Allocation
VMs:8
CPUs:2
Procs:16
Max time:30
Max attempts:3
Testing the finding commit.

2024-06-09 03:20:16
Session:   1
Template:  2023-07-07 - 668cb1fa42960ece96b7da8d9204e486ba6dcdf6
Syzkaller: 2023-07-07 - 668cb1fa42960ece96b7da8d9204e486ba6dcdf6
Kernel:    2023-07-06 - a452483508d7b70b0f6c69e249ec0b3ea2330b5c
Compiler:  gcc-10.2.1-20210110
Attempt 1:
    No crashes found.
Attempt 2:
    No crashes found.
Attempt 3:
    No crashes found.
The bug was not found.

Failure: This bug cannot be found at the finding commit.
