WARNING in ip6erspan_tunnel_xmit,https://syzkaller.appspot.com/bug?id=c203af981f0f7cc27debda75f35d852546cc6013
Repository: linux
Arch: amd64
Finding: 2023-03-19 - e8d018dd0257f744ca50a729e3d042cf2ec9da65
Guilty:  2018-04-30 - 1baf5ebf8954d9bff8fa4e7dd6c416a0cebdb9e2
No Duplicates
Single Proc Allocation
VMs:8
CPUs:2
Procs:16
Max time:30
Max attempts:3
Testing the finding commit.

2024-06-15 21:27:50
Session:   1
Template:  2023-03-17 - 7939252e4ddf50bbb9912069a40d32f6c83c4f8e
Syzkaller: 2023-03-17 - 7939252e4ddf50bbb9912069a40d32f6c83c4f8e
Kernel:    2023-03-19 - e8d018dd0257f744ca50a729e3d042cf2ec9da65
Compiler:  gcc-10.2.1-20210110
Error: Syzkaller failed to make.
