KASAN: use-after-free Read in ext4_find_extent,https://syzkaller.appspot.com/bug?extid=bf4bb7731ef73b83a3b4
Repository: linux
Arch: amd64
Finding: 2022-12-25 - 1b929c02afd37871d5afb9d498426f83432e71c2
Guilty:  2022-12-08 - 131294c35ed6f777bd4e79d42af13b5c41bf2775
No Duplicates
Single Proc Allocation
VMs:8
CPUs:2
Procs:16
Max time:30
Max attempts:3
Testing the finding commit.

2024-06-15 02:59:12
Session:   1
Template:  2022-12-27 - 44712fbc6b687170984c3562336a415b56d82607
Syzkaller: 2022-12-27 - 44712fbc6b687170984c3562336a415b56d82607
Kernel:    2022-12-25 - 1b929c02afd37871d5afb9d498426f83432e71c2
Compiler:  gcc-10.2.1-20210110
Attempt 1:
    No crashes found.
Attempt 2:
    No crashes found.
Attempt 3:
    No crashes found.
The bug was not found.

Failure: This bug cannot be found at the finding commit.
