KASAN: use-after-free Read in nr_rx_frame,https://syzkaller.appspot.com/bug?extid=701728447042217b67c1
Repository: linux
Arch: amd64
Finding: 2019-07-18 - 3bfe1fc46794631366faa3ef075e1b0ff7ba120a
Guilty:  2019-07-01 - c8c8218ec5af5d2598381883acbefbf604e56b5e
Duplicate Names:
    inconsistent lock state in nr_find_socket
    KASAN: use-after-free Read in nr_rx_frame
    possible deadlock in nr_destroy_socket
Default Allocation.
VMs:4
CPUs:4
Procs:24
Max time:30
Max attempts:3
Testing the finding commit.

2024-06-17 22:35:36
Session:   1
Template:  2019-07-19 - 1656845f45f284c574eb4f8bfe85dd7916a47a3a
Syzkaller: 2019-07-19 - 1656845f45f284c574eb4f8bfe85dd7916a47a3a
Kernel:    2019-07-18 - 3bfe1fc46794631366faa3ef075e1b0ff7ba120a
Compiler:  gcc-9.0.0-20181231
Attempt 1:
    No crashes found.
Attempt 2:
    No crashes found.
Attempt 3:
    No crashes found.
The bug was not found.

Failure: This bug cannot be found at the finding commit.
