WARNING in blkdev_put,https://syzkaller.appspot.com/bug?extid=2bcc0d79e548c4f62a59
Repository: linux
Arch: amd64
Finding: 2023-03-04 - c29214bc89169f735657f614bde7c0fad74bd1b5
Guilty:  2023-02-17 - e5cfefa97bccf956ea0bb6464c1f6c84fd7a8d9f
No Duplicates
Single Proc Allocation
VMs:8
CPUs:2
Procs:16
Max time:30
Max attempts:3
Testing the finding commit.

2024-05-31 02:48:17
Session:   1
Template:  2023-03-01 - f8902b5747fbe3d5b860bd782eec63fc9c7da6e7
Syzkaller: 2023-03-01 - f8902b5747fbe3d5b860bd782eec63fc9c7da6e7
Kernel:    2023-03-04 - c29214bc89169f735657f614bde7c0fad74bd1b5
Compiler:  gcc-10.2.1-20210110
Attempt 1:
    Time  Bug Name
***    2  WARNING in blkdev_put
***    2  WARNING in blkdev_put
***    2  WARNING in blkdev_put
***    2  WARNING in blkdev_put
***    2  WARNING in blkdev_put
***    2  WARNING in blkdev_put
Attempt 2:
    Time  Bug Name
***    2  WARNING in blkdev_put
***    2  WARNING in blkdev_put
***    2  WARNING in blkdev_put
***    2  WARNING in blkdev_put
***    2  WARNING in blkdev_put
***    2  WARNING in blkdev_put
Attempt 3:
    Time  Bug Name
***    2  WARNING in blkdev_put
***    2  WARNING in blkdev_put
***    2  WARNING in blkdev_put
***    2  WARNING in blkdev_put
***    2  WARNING in blkdev_put
***    2  WARNING in blkdev_put
The bug was found.

New Max Time: 10.
Merge Commit: 2023-03-03 - 9d0281b56be5d90117a75065f4edc27b25b14c8c.
No template updates to inspect.

==== Kernel Inspection ====
12 Linux commits in [2023-03-03, 2023-03-04].

2024-05-31 03:08:43
Session:   2
Template:  2023-03-01 - f8902b5747fbe3d5b860bd782eec63fc9c7da6e7
Syzkaller: 2023-03-01 - f8902b5747fbe3d5b860bd782eec63fc9c7da6e7
Kernel:    2023-03-03 - 34c108a02c30627bcd4875e4f32c915acc45305f
Compiler:  gcc-10.2.1-20210110
Attempt 1:
    Time  Bug Name
***    2  WARNING in blkdev_put
***    2  WARNING in blkdev_put
***    2  WARNING in blkdev_put
***    2  WARNING in blkdev_put
***    2  WARNING in blkdev_put
***    2  WARNING in blkdev_put
The bug was found.

2024-05-31 03:24:49
Session:   3
Template:  2023-03-01 - f8902b5747fbe3d5b860bd782eec63fc9c7da6e7
Syzkaller: 2023-03-01 - f8902b5747fbe3d5b860bd782eec63fc9c7da6e7
Kernel:    2023-03-03 - 44b6f565e79188760851d58fa59628b4c2a1b334
Compiler:  gcc-10.2.1-20210110
Attempt 1:
    Time  Bug Name
***    2  WARNING in blkdev_put
***    2  WARNING in blkdev_put
***    2  WARNING in blkdev_put
***    2  WARNING in blkdev_put
***    2  WARNING in blkdev_put
The bug was found.

2024-05-31 03:40:59
Session:   4
Template:  2023-03-01 - f8902b5747fbe3d5b860bd782eec63fc9c7da6e7
Syzkaller: 2023-03-01 - f8902b5747fbe3d5b860bd782eec63fc9c7da6e7
Kernel:    2023-03-03 - 53ae7e117637ff201fdf038b68e76a7202112dea
Compiler:  gcc-10.2.1-20210110
Attempt 1:
    Time  Bug Name
***    2  WARNING in blkdev_put
***    2  WARNING in blkdev_put
***    2  WARNING in blkdev_put
***    2  WARNING in blkdev_put
***    2  WARNING in blkdev_put
***    2  WARNING in blkdev_put
The bug was found.

2024-05-31 03:57:09
Session:   5
Template:  2023-03-01 - f8902b5747fbe3d5b860bd782eec63fc9c7da6e7
Syzkaller: 2023-03-01 - f8902b5747fbe3d5b860bd782eec63fc9c7da6e7
Kernel:    2023-03-03 - 9d0281b56be5d90117a75065f4edc27b25b14c8c
Compiler:  gcc-10.2.1-20210110
Attempt 1:
    Time  Bug Name
***    2  WARNING in blkdev_put
***    2  WARNING in blkdev_put
***    2  WARNING in blkdev_put
***    2  WARNING in blkdev_put
***    2  WARNING in blkdev_put
The bug was found.

== Confirming the bisected commit ==

2024-05-31 04:13:15
Session:   6
Template:  2023-03-01 - f8902b5747fbe3d5b860bd782eec63fc9c7da6e7
Syzkaller: 2023-03-01 - f8902b5747fbe3d5b860bd782eec63fc9c7da6e7
Kernel:    2023-03-03 - 9d0281b56be5d90117a75065f4edc27b25b14c8c
The bug was found in a previous identical fuzzing session.

====================================================================================================================================================
Revealing Factor:   Guilty Merge
Version:            2023-03-03 - 9d0281b56be5d90117a75065f4edc27b25b14c8c
Commit Name:        Merge tag 'block-6.3-2023-03-03' of git://git.kernel.dk/linux

Bug Name:           WARNING in blkdev_put
Bug Link:           https://syzkaller.appspot.com/bug?extid=2bcc0d79e548c4f62a59
Arch:               amd64
Finding Date:       2023-03-04
Finding Commit:     2023-03-04 - c29214bc89169f735657f614bde7c0fad74bd1b5
Guilty Merge:       2023-03-03 - 9d0281b56be5d90117a75065f4edc27b25b14c8c
Guilty Commit:      2023-02-17 - e5cfefa97bccf956ea0bb6464c1f6c84fd7a8d9f

Possible Blocking Bugs:
