KASAN: use-after-free Read in io_worker_get,https://syzkaller.appspot.com/bug?extid=55cc59267340fad29512
Repository: linux
Arch: amd64
Finding: 2023-01-06 - a689b938df39ab513026c53fb7011fd7cd594943
Guilty:  2023-01-02 - af82425c6a2d2f347c79b63ce74fca6dc6be157f
Duplicate Names:
    KASAN: use-after-free Read in io_worker_get
    KASAN: use-after-free Read in io_wq_worker_wake
    KASAN: wild-memory-access Read in io_wq_worker_running
Single Proc Allocation
VMs:8
CPUs:2
Procs:16
Max time:30
Max attempts:3
Testing the finding commit.

2024-06-02 01:02:30
Session:   1
Template:  2023-01-03 - 1dac8c7a01e2bdd35cb04eb4901ddb157291ac2d
Syzkaller: 2023-01-03 - 1dac8c7a01e2bdd35cb04eb4901ddb157291ac2d
Kernel:    2023-01-06 - a689b938df39ab513026c53fb7011fd7cd594943
Compiler:  gcc-10.2.1-20210110
Error: Syzkaller failed to make.
