memory leak in nfc_genl_se_io,https://syzkaller.appspot.com/bug?extid=df64c0a2e8d68e78a4fa
Repository: linux
Arch: amd64
Finding: 2023-02-12 - ceaa837f96adb69c0df0397937cd74991d5d821a
Guilty:  2013-09-25 - 5ce3f32b5264b337bfd13a780452a17705307725
No Duplicates
Single Proc Allocation
VMs:8
CPUs:2
Procs:16
Max time:30
Max attempts:5
Testing the finding commit.

2024-06-01 04:44:17
Session:   1
Template:  2023-02-13 - 93ae7e0a1ca84fd2df902b7c8d94cdedb671bed6
Syzkaller: 2023-02-13 - 93ae7e0a1ca84fd2df902b7c8d94cdedb671bed6
Kernel:    2023-02-12 - ceaa837f96adb69c0df0397937cd74991d5d821a
Compiler:  gcc-10.2.1-20210110
Attempt 1:
    Time  Bug Name
***    2  memory leak in nfc_genl_se_io
Attempt 2:
    Time  Bug Name
***    2  memory leak in nfc_genl_se_io
       2  INFO: rcu detected stall in corrupted
       2  INFO: rcu detected stall in corrupted
Attempt 3:
    Time  Bug Name
***    2  memory leak in nfc_genl_se_io
***    2  memory leak in nfc_genl_se_io
Attempt 4:
    Time  Bug Name
***    2  memory leak in nfc_genl_se_io
***    2  memory leak in nfc_genl_se_io
Attempt 5:
    Time  Bug Name
***    2  memory leak in nfc_genl_se_io
***    2  memory leak in nfc_genl_se_io
The bug was found.

New Max Time: 30.
Merge Commit: 2013-10-18 - df3c2adea4e432a2ca8fc0aed1caa7c7a7d84086.

==== Template Retrospection ====
35 template changes in [2017-07-22, 2023-02-13].

2024-06-01 05:24:50
Session:   2
Template:  2021-10-13 - 9ccfa6cfcceb6981f543e295c1429817ad836a6b
Syzkaller: 2021-10-13 - 9ccfa6cfcceb6981f543e295c1429817ad836a6b
Kernel:    2021-10-13 - 348949d9a4440abdab3b1dc99a9bb660e8c7da7c
Compiler:  gcc-10.2.1-20210110
Attempt 1:
    No crashes found.
Attempt 2:
    No crashes found.
Attempt 3:
    No crashes found.
Attempt 4:
    No crashes found.
Attempt 5:
    No crashes found.
The bug was not found.

2024-06-01 08:04:22
Session:   3
Template:  2022-06-02 - ff1f215e653ff17702cc30338944a018bf976486
Syzkaller: 2022-06-02 - ff1f215e653ff17702cc30338944a018bf976486
Kernel:    2022-06-02 - 50fd82b3a9a9335df5d50c7ddcb81c81d358c4fc
Compiler:  gcc-10.2.1-20210110
Attempt 1:
    Time  Bug Name
       2  SYZFATAL: executor NUM failed NUM times: executor NUM: failed to write control pipe: write |NUM: broken pipe
       3  SYZFATAL: executor NUM failed NUM times: executor NUM: failed to write control pipe: write |NUM: broken pipe
Attempt 2:
    Time  Bug Name
       2  SYZFATAL: executor NUM failed NUM times: executor NUM: exit status NUM
       3  SYZFATAL: executor NUM failed NUM times: executor NUM: failed to write control pipe: write |NUM: broken pipe
Attempt 3:
    Time  Bug Name
       3  SYZFATAL: executor NUM failed NUM times: executor NUM: failed to write control pipe: write |NUM: broken pipe
Attempt 4:
    No crashes found.
Attempt 5:
    No crashes found.
Attempt 6: (RETRY)
    Time  Bug Name
       2  SYZFATAL: executor NUM failed NUM times: executor NUM: failed to write control pipe: write |NUM: broken pipe
       3  SYZFATAL: executor NUM failed NUM times: executor NUM: exit status NUM
       4  SYZFATAL: executor NUM failed NUM times: executor NUM: failed to write control pipe: write |NUM: broken pipe
Attempt 7: (RETRY)
    Time  Bug Name
       3  SYZFATAL: executor NUM failed NUM times: executor NUM: failed to write control pipe: write |NUM: broken pipe
The bug was not found.
Warning: This session is unstable.

2024-06-01 11:45:55
Session:   4
Template:  2022-08-29 - 727ac763d13e356f3721f6d2078ef37be8954dad
Syzkaller: 2022-08-29 - 727ac763d13e356f3721f6d2078ef37be8954dad
Kernel:    2022-08-29 - dcf8e5633e2e69ad60b730ab5905608b756a032f
Compiler:  gcc-10.2.1-20210110
Attempt 1:
    Time  Bug Name
       3  SYZFATAL: executor NUM failed NUM times: executor NUM: exit status NUM
Attempt 2:
    Time  Bug Name
       2  SYZFATAL: executor NUM failed NUM times: executor NUM: failed to write control pipe: write |NUM: broken pipe
Attempt 3:
    Time  Bug Name
       2  SYZFATAL: executor NUM failed NUM times: executor NUM: exit status NUM
       2  SYZFATAL: executor NUM failed NUM times: executor NUM: exit status NUM
       2  SYZFATAL: executor NUM failed NUM times: executor NUM: failed to write control pipe: write |NUM: broken pipe
Attempt 4:
    Time  Bug Name
       2  SYZFATAL: executor NUM failed NUM times: executor NUM: exit status NUM
Attempt 5:
    No crashes found.
Attempt 6: (RETRY)
    Time  Bug Name
       2  SYZFATAL: executor NUM failed NUM times: executor NUM: exit status NUM
       3  SYZFATAL: executor NUM failed NUM times: executor NUM: failed to write control pipe: write |NUM: broken pipe
       4  SYZFATAL: executor NUM failed NUM times: executor NUM: exit status NUM
       5  SYZFATAL: executor NUM failed NUM times: executor NUM: failed to write control pipe: write |NUM: broken pipe
The bug was not found.
Warning: This session is unstable.

2024-06-01 14:57:36
Session:   5
Template:  2022-11-13 - 4b3d9bad621a06070332b473aa34d5b2924c6272
Syzkaller: 2022-11-13 - 4b3d9bad621a06070332b473aa34d5b2924c6272
Kernel:    2022-11-13 - 094226ad94f471a9f19e8f8e7140a09c2625abaa
Compiler:  gcc-10.2.1-20210110
Error: Syzkaller failed to make.
