general protection fault in io_get_cqe_overflow,https://syzkaller.appspot.com/bug?extid=efc45d4e7ba6ab4ef1eb
Repository: linux
Arch: amd64
Finding: 2023-09-29 - 9f3ebbef746f89f860a90ced99a359202ea86fde
Guilty:  2023-01-03 - f26cc9593581bd734c846bf827401350b36dc3c9
No Duplicates
Single Proc Allocation
VMs:8
CPUs:2
Procs:16
Max time:30
Max attempts:3
Testing the finding commit.

2024-06-04 22:47:50
Session:   1
Template:  2023-09-29 - 8e26a358122e06b336ae4824141abc32e31e3d7a
Syzkaller: 2023-09-29 - 8e26a358122e06b336ae4824141abc32e31e3d7a
Kernel:    2023-09-29 - 9f3ebbef746f89f860a90ced99a359202ea86fde
Compiler:  gcc-10.2.1-20210110
Attempt 1:
    Time  Bug Name
       6  WARNING in print_bfs_bug
       7  BUG: MAX_LOCKDEP_KEYS too low!
       7  BUG: MAX_LOCKDEP_KEYS too low!
       8  BUG: MAX_LOCKDEP_KEYS too low!
       8  BUG: MAX_LOCKDEP_KEYS too low!
      11  BUG: MAX_LOCKDEP_KEYS too low!
Attempt 2:
    Time  Bug Name
       6  BUG: MAX_LOCKDEP_KEYS too low!
       6  BUG: MAX_LOCKDEP_KEYS too low!
       6  BUG: MAX_LOCKDEP_KEYS too low!
       7  BUG: MAX_LOCKDEP_KEYS too low!
       7  BUG: MAX_LOCKDEP_KEYS too low!
      21  BUG: MAX_LOCKDEP_KEYS too low!
      23  BUG: MAX_LOCKDEP_KEYS too low!
      29  BUG: MAX_LOCKDEP_KEYS too low!
Attempt 3:
    Time  Bug Name
       6  BUG: MAX_LOCKDEP_KEYS too low!
       7  WARNING in print_bfs_bug
       7  BUG: MAX_LOCKDEP_KEYS too low!
       8  BUG: MAX_LOCKDEP_KEYS too low!
       9  BUG: MAX_LOCKDEP_KEYS too low!
      16  BUG: MAX_LOCKDEP_KEYS too low!
      22  BUG: MAX_LOCKDEP_KEYS too low!
The bug was not found.

Failure: This bug cannot be found at the finding commit.
