BUG: soft lockup in addrconf_rs_timer,https://syzkaller.appspot.com/bug?id=d9a90022920afc2ae913e9a5fb613f6b9298c4f8
Repository: linux
Arch: amd64
Finding: 2023-06-03 - 51f269a6ecc701f9932eff5b253a1f89746be6bd
Guilty:  2020-01-23 - ec97ecf1ebe485a17cd8395a5f35e6b80b57665a
No Duplicates
Single Proc Allocation
VMs:8
CPUs:2
Procs:16
Max time:30
Max attempts:3
Testing the finding commit.

2024-06-13 00:58:44
Session:   1
Template:  2023-06-01 - a4ae4f428721da42ac15f07d6f3b54584dedee27
Syzkaller: 2023-06-01 - a4ae4f428721da42ac15f07d6f3b54584dedee27
Kernel:    2023-06-03 - 51f269a6ecc701f9932eff5b253a1f89746be6bd
Compiler:  gcc-10.2.1-20210110
Attempt 1:
    Time  Bug Name
       3  INFO: rcu detected stall in nsim_dev_trap_report_work
Attempt 2:
    Time  Bug Name
       2  INFO: rcu detected stall in sys_futex
Attempt 3:
    Time  Bug Name
       3  INFO: rcu detected stall in rtnl_newlink
The bug was not found.

Failure: This bug cannot be found at the finding commit.
