WARNING in default_device_exit_batch,https://syzkaller.appspot.com/bug?extid=9dfc3f3348729cc82277
Repository: linux
Arch: amd64
Finding: 2022-11-17 - 81ac25651a62c958bb0e074e0d4e25060ea557dd
Guilty:  2015-07-20 - 7d5cd2ce5292b45e555de776cb9e72975a07460d
No Duplicates
Default Allocation.
VMs:4
CPUs:4
Procs:24
Max time:30
Max attempts:3
Testing the finding commit.

2024-06-05 11:35:45
Session:   1
Template:  2022-11-17 - 5bb7001449cd1dae6cbff2d660374d6d17cbd2c4
Syzkaller: 2022-11-17 - 5bb7001449cd1dae6cbff2d660374d6d17cbd2c4
Kernel:    2022-11-17 - 81ac25651a62c958bb0e074e0d4e25060ea557dd
Compiler:  gcc-10.2.1-20210110
Error: Syzkaller failed to make.
