general protection fault in sctp_assoc_rwnd_increase,https://syzkaller.appspot.com/bug?extid=85e0b422ff140b03672a
Repository: linux
Arch: amd64
Finding: 2019-03-11 - a089e4fed5c5e8717f233d71bb750fbf9e1f38e0
Guilty:  2019-03-08 - 89664c623617b1d34447a927ac7871ddf3db29d3
No Duplicates
Single Proc Allocation
VMs:8
CPUs:2
Procs:16
Max time:30
Max attempts:3
Testing the finding commit.

2024-06-18 13:23:48
Session:   1
Template:  2019-03-12 - 2881fc25a8b874becd6b5c31668ebaeb7c6e9646
Syzkaller: 2019-03-12 - 2881fc25a8b874becd6b5c31668ebaeb7c6e9646
Kernel:    2019-03-11 - a089e4fed5c5e8717f233d71bb750fbf9e1f38e0
Compiler:  gcc-9.0.0-20181231
Attempt 1:
    No crashes found.
Attempt 2:
    No crashes found.
Attempt 3:
    No crashes found.
The bug was not found.

Failure: This bug cannot be found at the finding commit.

