general protection fault in hugetlb_vma_lock_write,https://syzkaller.appspot.com/bug?extid=6ada951e7c0f7bc8a71e
Repository: linux
Arch: amd64
Finding: 2023-10-27 - 888cf78c29e223fd808682f477c18cf8f61ad995
Guilty:  2023-10-18 - bf4916922c60f43efaa329744b3eef539aa6a2b2
No Duplicates
Single Proc Allocation
VMs:8
CPUs:2
Procs:16
Max time:30
Max attempts:3
Testing the finding commit.

2024-06-08 15:37:33
Session:   1
Template:  2023-10-27 - 3c418d724accee0ff5b8487bdddeb5827ab216bd
Syzkaller: 2023-10-27 - 3c418d724accee0ff5b8487bdddeb5827ab216bd
Kernel:    2023-10-27 - 888cf78c29e223fd808682f477c18cf8f61ad995
Compiler:  gcc-10.2.1-20210110
Attempt 1:
    Time  Bug Name
       7  BUG: MAX_LOCKDEP_KEYS too low!
       9  BUG: MAX_LOCKDEP_KEYS too low!
      10  BUG: MAX_LOCKDEP_KEYS too low!
Attempt 2:
    Time  Bug Name
       6  BUG: MAX_LOCKDEP_KEYS too low!
       7  BUG: MAX_LOCKDEP_KEYS too low!
       8  BUG: MAX_LOCKDEP_KEYS too low!
       9  BUG: MAX_LOCKDEP_KEYS too low!
      14  BUG: MAX_LOCKDEP_KEYS too low!
Attempt 3:
    Time  Bug Name
       7  WARNING in print_bfs_bug
       8  BUG: MAX_LOCKDEP_KEYS too low!
       8  BUG: MAX_LOCKDEP_KEYS too low!
       8  BUG: MAX_LOCKDEP_KEYS too low!
       8  BUG: MAX_LOCKDEP_KEYS too low!
       9  BUG: MAX_LOCKDEP_KEYS too low!
      15  BUG: MAX_LOCKDEP_KEYS too low!
      16  BUG: MAX_LOCKDEP_KEYS too low!
      25  BUG: MAX_LOCKDEP_KEYS too low!
The bug was not found.

Failure: This bug cannot be found at the finding commit.
