general protection fault in kernel_accept,https://syzkaller.appspot.com/bug?extid=e3132895630f957306bc
Repository: linux
Arch: amd64
Finding: 2018-07-18 - 024ddc0ce1049298bd3cae60ae45d9c5f0fb8b9c
Guilty:  2018-01-26 - 51f1de79ad8ed3555fd01ae8fd432691d397684b
Duplicate Names:
    KASAN: use-after-free Read in kernel_accept
    general protection fault in kernel_accept
    general protection fault in finish_wait
    KASAN: use-after-free Read in __smc_diag_dump
Multi-Proc Allocation.
VMs:4
CPUs:4
Procs:24
Max time:30
Max attempts:3
Testing the finding commit.

2024-06-22 09:47:34
Session:   1
Template:  2018-07-18 - 49f3583951e3febc6a93b6e3b4cd213649a6b3c9
Syzkaller: 2018-07-18 - 49f3583951e3febc6a93b6e3b4cd213649a6b3c9
Kernel:    2018-07-19 - 024ddc0ce1049298bd3cae60ae45d9c5f0fb8b9c
Compiler:  gcc-8.0.1-20180412
Error: Syzkaller failed to make.
