WARNING in pagemap_scan_pmd_entry,https://syzkaller.appspot.com/bug?extid=e94c5aaf7890901ebf9b
Repository: linux
Arch: amd64
Finding: 2023-11-10 - ac347a0655dbc7d885e217c89dddd16e2800bd58
Guilty:  2023-10-18 - 52526ca7fdb905a768a93f8faa418e9b988fc34b
No Duplicates
Single Proc Allocation
VMs:8
CPUs:2
Procs:16
Max time:30
Max attempts:3
Testing the finding commit.

2024-06-08 20:12:13
Session:   1
Template:  2023-11-11 - 6d6dbf8ab21a52df701946afac2a86f93a88fdc8
Syzkaller: 2023-11-11 - 6d6dbf8ab21a52df701946afac2a86f93a88fdc8
Kernel:    2023-11-10 - ac347a0655dbc7d885e217c89dddd16e2800bd58
Compiler:  gcc-10.2.1-20210110
Attempt 1:
    No crashes found.
Attempt 2:
    No crashes found.
Attempt 3:
    No crashes found.
The bug was not found.

Failure: This bug cannot be found at the finding commit.
