WARNING in iommufd_access_destroy,https://syzkaller.appspot.com/bug?extid=7574ebfe589049630608
Repository: linux
Arch: amd64
Finding: 2023-07-09 - 06c2afb862f9da8dc5efa4b6076a0e48c3fbaaa5
Guilty:  2022-11-30 - 2ff4bed7fee72ba1abfcff5f11ae8f8e570353f2
No Duplicates
Single Proc Allocation
VMs:8
CPUs:2
Procs:16
Max time:30
Max attempts:3
Testing the finding commit.

2024-06-07 18:11:23
Session:   1
Template:  2023-07-10 - 52ae002a69946d44626bb626463c27ea196a6551
Syzkaller: 2023-07-10 - 52ae002a69946d44626bb626463c27ea196a6551
Kernel:    2023-07-09 - 06c2afb862f9da8dc5efa4b6076a0e48c3fbaaa5
Compiler:  gcc-10.2.1-20210110
Error: Syzkaller failed to make.
