memory leak in ath9k_hif_usb_firmware_cb,https://syzkaller.appspot.com/bug?extid=6692c72009680f7c4eb2
Repository: linux
Arch: amd64
Finding: 2020-11-08 - f8394f232b1eab649ce2df5c5f15b0e528c92091
Guilty:  2010-03-23 - fb9987d0f748c983bb795a86f47522313f701a08
Duplicate Names:
    memory leak in ath9k_hif_usb_firmware_cb
    memory leak in __build_skb
Single Proc Allocation
VMs:8
CPUs:2
Procs:16
Max time:30
Max attempts:5
Testing the finding commit.

2024-06-04 10:18:04
Session:   1
Template:  2020-11-04 - 64069d48f293e0be98d4a78a6f7be23861cc1e06
Syzkaller: 2020-11-04 - 64069d48f293e0be98d4a78a6f7be23861cc1e06
Kernel:    2020-11-09 - f8394f232b1eab649ce2df5c5f15b0e528c92091
Compiler:  gcc-10.1.0-syz
Attempt 1:
    Time  Bug Name
***    2  memory leak in ath9k_hif_usb_firmware_cb
***    2  memory leak in ath9k_hif_usb_firmware_cb
***    2  memory leak in ath9k_hif_usb_firmware_cb
***    2  memory leak in ath9k_hif_usb_firmware_cb
Attempt 2:
    Time  Bug Name
***    2  memory leak in ath9k_hif_usb_firmware_cb
***    2  memory leak in ath9k_hif_usb_firmware_cb
***    2  memory leak in ath9k_hif_usb_firmware_cb
***    2  memory leak in ath9k_hif_usb_firmware_cb
Attempt 3:
    Time  Bug Name
***    2  memory leak in ath9k_hif_usb_firmware_cb
***    2  memory leak in ath9k_hif_usb_firmware_cb
***    2  memory leak in ath9k_hif_usb_firmware_cb
***    2  memory leak in ath9k_hif_usb_firmware_cb
Attempt 4:
    Time  Bug Name
***    2  memory leak in ath9k_hif_usb_firmware_cb
***    2  memory leak in ath9k_hif_usb_firmware_cb
***    2  memory leak in ath9k_hif_usb_firmware_cb
***    2  memory leak in ath9k_hif_usb_firmware_cb
Attempt 5:
    Time  Bug Name
***    2  memory leak in ath9k_hif_usb_firmware_cb
***    2  memory leak in ath9k_hif_usb_firmware_cb
***    2  memory leak in ath9k_hif_usb_firmware_cb
***    2  memory leak in ath9k_hif_usb_firmware_cb
The bug was found.

New Max Time: 30.
Merge Commit: 2010-03-29 - 7905e357ebe67a26d9dc8caa1a0b8346431b5f0d.

==== Template Inspection ====
13 template changes in [2017-07-22, 2020-11-09].

2024-06-04 10:43:27
Session:   2
Template:  2019-07-22 - 6a786da97c822c3ad536290c412f472e58342c91
Syzkaller: 2019-07-22 - 6a786da97c822c3ad536290c412f472e58342c91
Kernel:    2019-07-22 - 7b5cf701ea9c395c792e2a7e3b7caf4c68b87721
Compiler:  gcc-9.0.0-20181231
Attempt 1:
    Time  Bug Name
      11  no output from test machine
      11  no output from test machine
      12  no output from test machine
Attempt 2:
    Time  Bug Name
       9  no output from test machine
      14  no output from test machine
      14  no output from test machine
Attempt 3:
    Time  Bug Name
      10  no output from test machine
      13  no output from test machine
      15  no output from test machine
Attempt 4:
    Time  Bug Name
       7  no output from test machine
      11  no output from test machine
      17  no output from test machine
      23  no output from test machine
      23  no output from test machine
Attempt 5:
    Time  Bug Name
      10  no output from test machine
      10  no output from test machine
      11  no output from test machine
      11  no output from test machine
The bug was not found.

2024-06-04 13:22:09
Session:   3
Template:  2020-03-17 - 924f7606047a430a9b313c135b782e1e8f852bec
Syzkaller: 2020-03-17 - 924f7606047a430a9b313c135b782e1e8f852bec
Kernel:    2020-03-17 - ac309e7744bee222df6de0122facaf2d9706fa70
Compiler:  gcc-9.0.0-20181231
Attempt 1:
    No crashes found.
Attempt 2:
    No crashes found.
Attempt 3:
    No crashes found.
Attempt 4:
    No crashes found.
Attempt 5:
    No crashes found.
The bug was not found.

2024-06-04 16:01:00
Session:   4
Template:  2020-05-15 - 8a9f1e7dbdb76a9c0af0dc6e3e75e446a7838dc8
Syzkaller: 2020-05-15 - 8a9f1e7dbdb76a9c0af0dc6e3e75e446a7838dc8
Kernel:    2020-05-15 - 12bf0b632ed090358cbf03e323e5342212d0b2e4
Compiler:  gcc-10.1.0-syz
Warning: Syzkaller log file exceeded 5000 lines.
Saved at /mnt/sdd/author/SyzInspector/wd-inspector-3/log/bug295-boot_failure.log.
Attempt 1:
    Time  Bug Name
       1  boot failure
Warning: Syzkaller log file exceeded 5000 lines.
Saved at /mnt/sdd/author/SyzInspector/wd-inspector-3/log/bug295-boot_failure.log.
Attempt 2:
    Time  Bug Name
       1  boot failure
Warning: Syzkaller log file exceeded 5000 lines.
Saved at /mnt/sdd/author/SyzInspector/wd-inspector-3/log/bug295-boot_failure.log.
Attempt 3:
    Time  Bug Name
       1  boot failure
Warning: Syzkaller log file exceeded 5000 lines.
Saved at /mnt/sdd/author/SyzInspector/wd-inspector-3/log/bug295-boot_failure.log.
Attempt 4:
    Time  Bug Name
       1  boot failure
Warning: Syzkaller log file exceeded 5000 lines.
Saved at /mnt/sdd/author/SyzInspector/wd-inspector-3/log/bug295-boot_failure.log.
Attempt 5:
    Time  Bug Name
       1  boot failure
The bug was not found.
Warning: This session is unstable.

==== Kernel Inspection ====
1436 Linux commits in [2020-05-15, 2020-11-09].

2024-06-04 16:15:31
Session:   5
Template:  2020-08-07 - ff51e5229e0ee846d2fd687cb0dbca13de758c66
Syzkaller: 2020-08-07 - ff51e5229e0ee846d2fd687cb0dbca13de758c66
Kernel:    2020-08-07 - 86cfccb66937dd6cbf26ed619958b9e587e6a115
Compiler:  gcc-10.1.0-syz
Attempt 1:
    Time  Bug Name
       2  memory leak in gadget_setup
       2  memory leak in gadget_setup
       2  memory leak in gadget_setup
       2  memory leak in gadget_setup
       2  memory leak in gadget_setup
       3  memory leak in gadget_setup
       3  memory leak in hub_event
       3  memory leak in gadget_bind
       3  memory leak in gadget_bind
       3  memory leak in gadget_bind
       3  memory leak in gadget_bind
***    4  memory leak in ath9k_hif_usb_firmware_cb
       4  memory leak in gadget_bind
The bug was found.

2024-06-04 16:27:02
Session:   6
Template:  2020-06-21 - eabcced43245881efa7769d938bcaf795ed48742
Syzkaller: 2020-06-21 - eabcced43245881efa7769d938bcaf795ed48742
Kernel:    2020-06-21 - a5c6a1f0fe1d182489864b708fa472d0333b39d4
Compiler:  gcc-10.1.0-syz
Attempt 1:
    Time  Bug Name
       2  memory leak in gadget_setup
       2  memory leak in gadget_setup
       2  memory leak in gadget_setup
       2  memory leak in gadget_setup
       2  memory leak in gadget_bind
       3  memory leak in ath9k_hif_usb_reg_in_cb
       3  memory leak in gadget_bind
       3  memory leak in gadget_bind
       3  memory leak in gadget_bind
       3  memory leak in gadget_bind
       4  memory leak in ath9k_hif_usb_reg_in_cb
***    4  memory leak in ath9k_hif_usb_firmware_cb
The bug was found.

2024-06-04 16:38:40
Session:   7
Template:  2020-06-04 - 2420d1bcbcd9f5d5893c1aab8096cce81721dac2
Syzkaller: 2020-06-04 - 2420d1bcbcd9f5d5893c1aab8096cce81721dac2
Kernel:    2020-06-04 - 86c67ce20d080bdfefafd461d3068cad0a49a66b
Compiler:  gcc-10.1.0-syz
Attempt 1:
    Time  Bug Name
       2  memory leak in gadget_setup
       2  memory leak in gadget_setup
       2  memory leak in gadget_setup
       2  memory leak in gadget_setup
       2  memory leak in gadget_setup
       3  memory leak in gadget_setup
       3  memory leak in gadget_bind
       3  memory leak in gadget_bind
       3  memory leak in gadget_bind
       3  memory leak in gadget_bind
       3  memory leak in gadget_bind
       3  memory leak in gadget_bind
       6  WARNING in r871xu_dev_remove
      17  WARNING in r871xu_dev_remove
      20  WARNING in r871xu_dev_remove
Attempt 2:
    Time  Bug Name
       2  memory leak in gadget_setup
       2  memory leak in gadget_setup
       2  memory leak in gadget_setup
       2  memory leak in gadget_setup
       2  memory leak in gadget_bind
       3  memory leak in gadget_setup
Attempt 3:
    Time  Bug Name
       2  memory leak in gadget_setup
       2  memory leak in gadget_setup
       2  memory leak in gadget_setup
       2  memory leak in gadget_setup
       2  memory leak in gadget_bind
       3  memory leak in gadget_setup
       3  memory leak in gadget_bind
       3  BUG: unable to handle kernel NULL pointer dereference in go7007_usb_probe
       5  memory leak in usb_set_configuration
       6  memory leak in usbtest_probe
       7  memory leak in r8712_init_recv_priv
       9  memory leak in hub_event
      28  WARNING in r871xu_dev_remove
Attempt 4:
    Time  Bug Name
       2  memory leak in gadget_setup
       2  memory leak in gadget_setup
       2  memory leak in gadget_bind
       2  memory leak in gadget_bind
       2  memory leak in gadget_bind
       3  memory leak in gadget_setup
       4  memory leak in r8712_init_recv_priv
Attempt 5:
    Time  Bug Name
       2  memory leak in gadget_setup
       2  memory leak in gadget_setup
       2  memory leak in gadget_bind
       2  memory leak in gadget_bind
       2  memory leak in gadget_bind
       3  memory leak in gadget_bind
       3  memory leak in gadget_bind
      10  memory leak in usb_set_configuration
The bug was not found.

2024-06-04 19:17:10
Session:   8
Template:  2020-06-10 - 3ab7a05ad80cc06be6bbf3744e5272795a078fbf
Syzkaller: 2020-06-10 - 3ab7a05ad80cc06be6bbf3744e5272795a078fbf
Kernel:    2020-06-10 - 0c67f6b29715ff888cb967cc98336221a8a23916
Compiler:  gcc-10.1.0-syz
Attempt 1:
    Time  Bug Name
       2  memory leak in gadget_setup
       2  memory leak in gadget_setup
       2  memory leak in gadget_setup
       2  memory leak in gadget_setup
       2  memory leak in gadget_bind
       3  memory leak in ath9k_hif_usb_reg_in_cb
       3  memory leak in ath9k_hif_usb_reg_in_cb
***    3  memory leak in ath9k_hif_usb_firmware_cb
       3  memory leak in gadget_bind
       3  memory leak in gadget_bind
The bug was found.

2024-06-04 19:29:00
Session:   9
Template:  2020-06-07 - 7751efd04aebb07bc82b5c0e8eeaca07be1ae112
Syzkaller: 2020-06-07 - 7751efd04aebb07bc82b5c0e8eeaca07be1ae112
Kernel:    2020-06-07 - e611c0fe318c6d6827ee2bba660fbc23cf73f7dc
Compiler:  gcc-10.1.0-syz
Attempt 1:
    Time  Bug Name
       2  memory leak in gadget_setup
       2  memory leak in gadget_setup
       2  memory leak in gadget_setup
       2  memory leak in gadget_setup
       2  memory leak in gadget_setup
       3  memory leak in gadget_setup
       3  memory leak in gadget_bind
       3  memory leak in gadget_bind
       3  memory leak in gadget_bind
       3  memory leak in gadget_bind
***    4  memory leak in ath9k_hif_usb_firmware_cb
       4  memory leak in gadget_bind
       4  memory leak in gadget_bind
       4  memory leak in gadget_bind
The bug was found.

2024-06-04 19:40:46
Session:   10
Template:  2020-06-05 - c3e9afb345d6b479ca401f18ceba6f7ae43e45ab
Syzkaller: 2020-06-05 - c3e9afb345d6b479ca401f18ceba6f7ae43e45ab
Kernel:    2020-06-05 - 5a36f0f3f518c60ccddf052e6c48862f357d126f
Compiler:  gcc-10.1.0-syz
Attempt 1:
    Time  Bug Name
       2  memory leak in gadget_setup
       2  memory leak in gadget_setup
       2  memory leak in gadget_setup
       2  memory leak in gadget_bind
       2  memory leak in gadget_bind
       3  memory leak in gadget_setup
       3  memory leak in gadget_bind
       4  memory leak in hub_event
      10  memory leak in usb_set_configuration
      22  no output from test machine
      27  memory leak in usb_set_configuration
Attempt 2:
    Time  Bug Name
       2  memory leak in gadget_setup
       2  memory leak in gadget_setup
       2  memory leak in gadget_bind
       2  memory leak in gadget_bind
       2  memory leak in gadget_bind
       3  memory leak in gadget_setup
      18  BUG: unable to handle kernel NULL pointer dereference in go7007_usb_probe
Attempt 3:
    Time  Bug Name
       2  memory leak in gadget_setup
       2  memory leak in gadget_setup
       2  memory leak in gadget_setup
       2  memory leak in gadget_setup
       2  memory leak in gadget_bind
       3  memory leak in gadget_bind
       3  memory leak in gadget_bind
       4  memory leak in r8712_init_recv_priv
      15  memory leak in hub_event
Attempt 4:
    Time  Bug Name
       2  memory leak in gadget_setup
       2  memory leak in gadget_setup
       2  memory leak in gadget_setup
       2  memory leak in gadget_bind
       3  memory leak in gadget_setup
       3  memory leak in gadget_bind
Attempt 5:
    Time  Bug Name
       2  memory leak in gadget_setup
       2  memory leak in gadget_setup
       2  memory leak in gadget_setup
       2  memory leak in gadget_bind
       2  BUG: unable to handle kernel NULL pointer dereference in go7007_usb_probe
       3  memory leak in gadget_setup
       3  memory leak in gadget_bind
       3  memory leak in gadget_bind
The bug was not found.

2024-06-04 22:18:18
Session:   11
Template:  2020-06-06 - e6b89e4e5adde15c0dc0a241e03dc215f2e249b3
Syzkaller: 2020-06-06 - e6b89e4e5adde15c0dc0a241e03dc215f2e249b3
Kernel:    2020-06-06 - 3c0ad98c2eda5ff30d23777e30744be6f7b8f097
Compiler:  gcc-10.1.0-syz
Attempt 1:
    Time  Bug Name
       2  memory leak in gadget_setup
       3  memory leak in gadget_setup
       3  memory leak in gadget_setup
       3  memory leak in gadget_setup
       3  memory leak in gadget_setup
       3  memory leak in gadget_bind
       3  memory leak in gadget_bind
       3  memory leak in gadget_bind
       4  memory leak in usb_set_configuration
      26  memory leak in usb_set_configuration
      29  WARNING in r871xu_dev_remove
Attempt 2:
    Time  Bug Name
       2  memory leak in gadget_setup
       2  memory leak in gadget_setup
       2  memory leak in gadget_setup
       2  memory leak in gadget_bind
       3  memory leak in gadget_setup
       3  memory leak in gadget_setup
       3  memory leak in gadget_bind
       3  memory leak in gadget_bind
Attempt 3:
    Time  Bug Name
       2  memory leak in gadget_setup
       2  memory leak in gadget_setup
       2  memory leak in gadget_setup
       2  memory leak in gadget_bind
       3  memory leak in gadget_setup
       3  memory leak in hub_event
       3  memory leak in gadget_bind
       3  memory leak in gadget_bind
Attempt 4:
    Time  Bug Name
       2  memory leak in gadget_setup
       2  memory leak in gadget_setup
       2  memory leak in gadget_setup
       2  memory leak in gadget_setup
       2  BUG: unable to handle kernel NULL pointer dereference in go7007_usb_probe
       2  BUG: unable to handle kernel NULL pointer dereference in go7007_usb_probe
       3  memory leak in gadget_setup
       3  memory leak in gadget_bind
       3  memory leak in gadget_bind
       3  memory leak in gadget_bind
       4  WARNING in r871xu_dev_remove
       4  memory leak in gadget_bind
       4  memory leak in gadget_bind
       4  memory leak in gadget_bind
       4  memory leak in gadget_bind
      11  WARNING in r871xu_dev_remove
Attempt 5:
    Time  Bug Name
       2  memory leak in gadget_setup
       2  memory leak in gadget_setup
       2  memory leak in gadget_setup
       2  memory leak in gadget_setup
       2  memory leak in gadget_setup
       3  memory leak in gadget_setup
       3  memory leak in gadget_bind
       3  memory leak in gadget_bind
       3  memory leak in gadget_bind
       3  memory leak in gadget_bind
       4  memory leak in gadget_bind
       4  memory leak in gadget_bind
The bug was not found.

2024-06-05 00:58:05
Session:   12
Template:  2020-06-06 - e6b89e4e5adde15c0dc0a241e03dc215f2e249b3
Syzkaller: 2020-06-06 - e6b89e4e5adde15c0dc0a241e03dc215f2e249b3
Kernel:    2020-06-06 - 1ee18de92927f37e6948d5a6fc73cbf89f806905
Compiler:  gcc-10.1.0-syz
Attempt 1:
    Time  Bug Name
       2  memory leak in gadget_setup
       2  memory leak in gadget_setup
       2  memory leak in gadget_setup
       2  memory leak in gadget_setup
       2  memory leak in gadget_setup
       3  memory leak in usb_set_configuration
       3  memory leak in gadget_setup
       3  memory leak in gadget_bind
       3  memory leak in gadget_bind
       3  memory leak in gadget_bind
       4  memory leak in gadget_bind
       4  memory leak in gadget_bind
       4  memory leak in gadget_bind
       4  memory leak in gadget_bind
       7  memory leak in hub_event
      27  memory leak in hub_event
Attempt 2:
    Time  Bug Name
       2  memory leak in gadget_setup
       2  memory leak in gadget_setup
       2  memory leak in gadget_setup
       2  memory leak in gadget_setup
       3  memory leak in gadget_setup
       3  memory leak in gadget_setup
       3  memory leak in gadget_bind
       3  memory leak in gadget_bind
       4  memory leak in gadget_bind
       4  memory leak in gadget_bind
       4  memory leak in gadget_bind
Attempt 3:
    Time  Bug Name
       2  memory leak in gadget_setup
       2  memory leak in gadget_setup
       2  memory leak in gadget_setup
       2  memory leak in gadget_setup
       2  memory leak in gadget_setup
       3  memory leak in gadget_setup
       3  memory leak in gadget_bind
       3  memory leak in gadget_bind
       3  memory leak in gadget_bind
       3  memory leak in gadget_bind
       3  memory leak in gadget_bind
       5  BUG: unable to handle kernel NULL pointer dereference in dvb_usb_device_exit
       5  memory leak in r8712_init_recv_priv
      22  memory leak in usb_set_configuration
Attempt 4:
    Time  Bug Name
       2  memory leak in gadget_setup
       2  memory leak in gadget_setup
       2  memory leak in gadget_setup
       2  memory leak in gadget_bind
       2  memory leak in gadget_bind
       3  memory leak in gadget_setup
       3  memory leak in gadget_bind
Attempt 5:
    Time  Bug Name
       2  memory leak in gadget_setup
       2  memory leak in gadget_setup
       2  memory leak in gadget_setup
       2  memory leak in gadget_setup
       2  memory leak in gadget_setup
       3  memory leak in gadget_setup
       3  memory leak in gadget_bind
       3  memory leak in gadget_bind
       3  memory leak in gadget_bind
       3  memory leak in gadget_bind
       3  memory leak in gadget_bind
       4  memory leak in gadget_bind
      22  memory leak in usb_set_configuration
      30  no output from test machine
The bug was not found.

2024-06-05 03:37:53
Session:   13
Template:  2020-06-06 - e6b89e4e5adde15c0dc0a241e03dc215f2e249b3
Syzkaller: 2020-06-06 - e6b89e4e5adde15c0dc0a241e03dc215f2e249b3
Kernel:    2020-06-06 - b170290c2836c40ab565736ba37681eb3dfd79b8
Compiler:  gcc-10.1.0-syz
Attempt 1:
    Time  Bug Name
       2  memory leak in gadget_setup
       2  memory leak in gadget_setup
       2  memory leak in gadget_bind
       3  memory leak in gadget_setup
       3  memory leak in gadget_setup
       3  memory leak in gadget_setup
       3  memory leak in gadget_setup
      20  memory leak in usb_set_configuration
Attempt 2:
    Time  Bug Name
       2  memory leak in gadget_setup
       2  memory leak in gadget_setup
       2  memory leak in gadget_setup
       2  memory leak in gadget_bind
       3  memory leak in gadget_setup
       3  memory leak in gadget_bind
       3  memory leak in gadget_bind
       3  memory leak in gadget_bind
      30  memory leak in usb_set_configuration
Attempt 3:
    Time  Bug Name
       2  memory leak in gadget_setup
       2  memory leak in gadget_setup
       2  memory leak in gadget_setup
       2  memory leak in gadget_setup
       2  memory leak in gadget_bind
       3  memory leak in gadget_setup
       3  memory leak in gadget_bind
       3  memory leak in gadget_bind
      11  memory leak in dvb_create_media_graph
      29  no output from test machine
Attempt 4:
    Time  Bug Name
       2  memory leak in gadget_setup
       2  memory leak in gadget_setup
       2  memory leak in gadget_setup
       2  memory leak in gadget_setup
       2  memory leak in gadget_setup
       3  memory leak in gadget_setup
       3  memory leak in gadget_bind
       3  memory leak in gadget_bind
       3  memory leak in gadget_bind
       3  memory leak in gadget_bind
       3  memory leak in gadget_bind
       3  memory leak in gadget_bind
       4  BUG: unable to handle kernel NULL pointer dereference in dvb_usb_device_exit
Attempt 5:
    Time  Bug Name
       2  memory leak in gadget_setup
       2  memory leak in gadget_setup
       2  memory leak in gadget_setup
       2  memory leak in gadget_setup
       3  memory leak in gadget_setup
       3  memory leak in gadget_setup
       3  memory leak in gadget_bind
       3  memory leak in gadget_bind
       3  memory leak in gadget_bind
       3  memory leak in gadget_bind
       4  memory leak in gadget_bind
The bug was not found.

2024-06-05 06:16:46
Session:   14
Template:  2020-06-06 - e6b89e4e5adde15c0dc0a241e03dc215f2e249b3
Syzkaller: 2020-06-06 - e6b89e4e5adde15c0dc0a241e03dc215f2e249b3
Kernel:    2020-06-06 - 3b69e8b4571125bec1f77f886174fe6cab6b9d75
Compiler:  gcc-10.1.0-syz
Attempt 1:
    Time  Bug Name
       2  memory leak in gadget_setup
       2  memory leak in gadget_setup
       2  memory leak in gadget_setup
       2  memory leak in gadget_setup
       3  memory leak in gadget_setup
       3  memory leak in gadget_setup
       3  memory leak in gadget_bind
       3  memory leak in gadget_bind
       3  memory leak in gadget_bind
       3  memory leak in gadget_bind
       4  memory leak in gadget_bind
Attempt 2:
    Time  Bug Name
       2  memory leak in gadget_setup
       2  memory leak in gadget_setup
       2  memory leak in gadget_setup
       2  memory leak in gadget_setup
       3  memory leak in gadget_setup
       3  memory leak in gadget_bind
       3  memory leak in gadget_bind
       3  memory leak in gadget_bind
       3  memory leak in gadget_bind
       3  memory leak in gadget_bind
       3  memory leak in gadget_bind
      22  WARNING in r871xu_dev_remove
Attempt 3:
    Time  Bug Name
       2  memory leak in gadget_setup
       2  memory leak in gadget_setup
       2  memory leak in gadget_setup
       2  memory leak in gadget_bind
       2  memory leak in gadget_bind
       3  memory leak in gadget_setup
       5  memory leak in usb_set_configuration
      14  memory leak in hub_event
Attempt 4:
    Time  Bug Name
       2  memory leak in gadget_setup
       2  memory leak in gadget_setup
       2  memory leak in gadget_bind
       2  memory leak in gadget_bind
       3  memory leak in gadget_setup
       3  memory leak in gadget_setup
       3  memory leak in gadget_bind
Attempt 5:
    Time  Bug Name
       2  memory leak in gadget_setup
       2  memory leak in gadget_setup
       2  memory leak in gadget_setup
       2  memory leak in gadget_setup
       2  memory leak in gadget_setup
       3  memory leak in gadget_bind
       3  memory leak in gadget_bind
       3  memory leak in gadget_bind
       3  memory leak in gadget_bind
       3  memory leak in gadget_bind
       3  memory leak in gadget_bind
      19  memory leak in usb_set_configuration
The bug was not found.

== Confirming the bisected commit ==

2024-06-05 08:56:02
Session:   15
Template:  2020-06-07 - 7751efd04aebb07bc82b5c0e8eeaca07be1ae112
Syzkaller: 2020-06-07 - 7751efd04aebb07bc82b5c0e8eeaca07be1ae112
Kernel:    2020-06-07 - e611c0fe318c6d6827ee2bba660fbc23cf73f7dc
The bug was found in a previous identical fuzzing session.

2024-06-05 08:56:03
Session:   16
Template:  2020-06-07 - 7751efd04aebb07bc82b5c0e8eeaca07be1ae112
Syzkaller: 2020-06-07 - 7751efd04aebb07bc82b5c0e8eeaca07be1ae112
Kernel:    2020-06-06 - 3b69e8b4571125bec1f77f886174fe6cab6b9d75
Compiler:  gcc-10.1.0-syz
Attempt 1:
    Time  Bug Name
       2  memory leak in gadget_setup
       2  memory leak in gadget_setup
       2  memory leak in gadget_setup
       2  memory leak in gadget_bind
       3  memory leak in gadget_setup
       3  memory leak in gadget_bind
       3  memory leak in gadget_bind
       3  memory leak in gadget_bind
       5  memory leak in usb_set_configuration
      13  WARNING in r871xu_dev_remove
      27  WARNING in r871xu_dev_remove
Attempt 2:
    Time  Bug Name
       2  memory leak in gadget_setup
       2  memory leak in gadget_setup
       2  memory leak in gadget_setup
       2  memory leak in gadget_setup
       2  memory leak in gadget_setup
       3  memory leak in gadget_setup
       3  memory leak in gadget_bind
       3  memory leak in gadget_bind
       3  memory leak in gadget_bind
       3  memory leak in gadget_bind
       3  memory leak in gadget_bind
       4  memory leak in gadget_bind
Attempt 3:
    Time  Bug Name
       2  memory leak in gadget_setup
       2  memory leak in gadget_setup
       2  memory leak in gadget_setup
       2  memory leak in gadget_setup
       2  memory leak in gadget_bind
       3  memory leak in gadget_bind
       3  memory leak in gadget_bind
       3  memory leak in gadget_bind
       3  memory leak in gadget_bind
       5  memory leak in usb_set_configuration
      24  memory leak in r8712_init_recv_priv
Attempt 4:
    Time  Bug Name
       2  memory leak in gadget_setup
       2  memory leak in gadget_setup
       2  memory leak in gadget_setup
       2  memory leak in gadget_setup
       2  memory leak in gadget_setup
       3  memory leak in gadget_bind
       3  memory leak in gadget_bind
       3  memory leak in gadget_bind
       3  memory leak in gadget_bind
       3  memory leak in gadget_bind
       3  memory leak in gadget_bind
      11  memory leak in hub_event
Attempt 5:
    Time  Bug Name
       2  memory leak in gadget_setup
       2  memory leak in gadget_setup
       2  memory leak in gadget_setup
       2  memory leak in gadget_setup
       2  memory leak in gadget_setup
       3  memory leak in gadget_setup
       3  memory leak in gadget_bind
       3  memory leak in gadget_bind
       3  memory leak in gadget_bind
       3  memory leak in gadget_bind
       4  memory leak in gadget_bind
       4  memory leak in gadget_bind
      17  WARNING in r871xu_dev_remove
      17  memory leak in hub_event
      21  memory leak in usb_set_configuration
The bug was not found.

====================================================================================================================================================
Revealing Factor:   Kernel Commit
Version:            2020-06-07 - e611c0fe318c6d6827ee2bba660fbc23cf73f7dc
Commit Name:        Merge tag 'usb-5.8-rc1' of git://git.kernel.org/pub/scm/linux/kernel/git/gregkh/usb

Bug Name:           memory leak in ath9k_hif_usb_firmware_cb
Bug Link:           https://syzkaller.appspot.com/bug?extid=6692c72009680f7c4eb2
Arch:               amd64
Finding Date:       2020-11-09
Finding Commit:     2020-11-09 - f8394f232b1eab649ce2df5c5f15b0e528c92091
Guilty Merge:       2010-03-29 - 7905e357ebe67a26d9dc8caa1a0b8346431b5f0d
Guilty Commit:      2010-03-23 - fb9987d0f748c983bb795a86f47522313f701a08

Possible Blocking Bugs:
    no output from test machine
    memory leak in gadget_setup
    memory leak in gadget_bind
