unregister_netdevice: waiting for DEV to become free,https://syzkaller.appspot.com/bug?id=0da157a412d1aceba532ae787bb14797f31031b6
Repository: linux
Arch: amd64
Finding: 2020-02-12 - 0bf999f9c5e74c7ecf9dafb527146601e5c848b9
Guilty:  2019-12-27 - 10b518d4e6dd5390e40f7d8de0f08753c1195a7e
No Duplicates
Single Proc Allocation
VMs:8
CPUs:2
Procs:16
Max time:30
Max attempts:3
Testing the finding commit.

2024-06-24 23:43:24
Session:   1
Template:  2020-02-13 - 5d7b90f1af2e3bf33992b75e7fcf0bab6bf49bd6
Syzkaller: 2020-02-13 - 5d7b90f1af2e3bf33992b75e7fcf0bab6bf49bd6
Kernel:    2020-02-12 - 0bf999f9c5e74c7ecf9dafb527146601e5c848b9
Compiler:  gcc-9.0.0-20181231
Attempt 1:
    Time  Bug Name
***    4  unregister_netdevice: waiting for DEV to become free
Attempt 2:
    Time  Bug Name
***   10  unregister_netdevice: waiting for DEV to become free
Attempt 3:
    Time  Bug Name
***    2  unregister_netdevice: waiting for DEV to become free
The bug was found.

New Max Time: 10.
Merge Commit: 2019-12-28 - 1b3b289fd8daddf22eac89b8d185706bb7e822e9.

==== Template Inspection ====
30 template changes in [2019-12-28, 2020-02-14].

2024-06-25 00:28:42
Session:   2
Template:  2020-01-18 - 22535fecd5b37c6a14b92b17e548c8061ef77924
Syzkaller: 2020-01-18 - 22535fecd5b37c6a14b92b17e548c8061ef77924
Kernel:    2020-01-18 - 9aaa29494030a8ba89311b70123a367a26788323
Compiler:  gcc-9.0.0-20181231
Attempt 1:
    No crashes found.
Attempt 2:
    No crashes found.
Attempt 3:
    No crashes found.
The bug was not found.

2024-06-25 01:11:17
Session:   3
Template:  2020-01-23 - 9ab9b329d9c8d1477d5b2921671701d9a7a6d2cd
Syzkaller: 2020-01-23 - 9ab9b329d9c8d1477d5b2921671701d9a7a6d2cd
Kernel:    2020-01-23 - 9bbc8be29d66cc34b650510f2c67b5c55235fe5d
Compiler:  gcc-9.0.0-20181231
Attempt 1:
    No crashes found.
Attempt 2:
    No crashes found.
Attempt 3:
    No crashes found.
The bug was not found.

2024-06-25 01:53:40
Session:   4
Template:  2020-01-31 - 96ce537b15c550775cd9ca09002992d9254095c7
Syzkaller: 2020-01-31 - 96ce537b15c550775cd9ca09002992d9254095c7
Kernel:    2020-01-31 - 26dca6dbd62d74a5012cafab6b2d6d65a01ea69c
Compiler:  gcc-9.0.0-20181231
Warning: Syzkaller log file exceeded 5000 lines.
Saved at /mnt/sdd/author/SyzInspector/wd-inspector-1/log/bug358-boot_failure.log.
Attempt 1:
    Time  Bug Name
       1  boot failure
Warning: Syzkaller log file exceeded 5000 lines.
Saved at /mnt/sdd/author/SyzInspector/wd-inspector-1/log/bug358-boot_failure.log.
Attempt 2:
    Time  Bug Name
       1  boot failure
Warning: Syzkaller log file exceeded 5000 lines.
Saved at /mnt/sdd/author/SyzInspector/wd-inspector-1/log/bug358-boot_failure.log.
Attempt 3:
    Time  Bug Name
       1  boot failure
The bug was not found.
Warning: This session is unstable.

2024-06-25 02:09:45
Session:   5
Template:  2020-02-10 - d0da558cb16f3fb7cf26f20d24ee89eeb49a6f30
Syzkaller: 2020-02-10 - d0da558cb16f3fb7cf26f20d24ee89eeb49a6f30
Kernel:    2020-02-10 - bb6d3fb354c5ee8d6bde2d576eb7220ea09862b9
Compiler:  gcc-9.0.0-20181231
Attempt 1:
    Time  Bug Name
***    2  unregister_netdevice: waiting for DEV to become free
The bug was found.

2024-06-25 02:23:13
Session:   6
Template:  2020-02-10 - 4f86d327735efede368648e63570189966cb30c0
Syzkaller: 2020-02-10 - 4f86d327735efede368648e63570189966cb30c0
Kernel:    2020-02-10 - bb6d3fb354c5ee8d6bde2d576eb7220ea09862b9
Compiler:  gcc-9.0.0-20181231
Attempt 1:
    Time  Bug Name
***    9  unregister_netdevice: waiting for DEV to become free
The bug was found.
Switching to Safe Mode: Fuzzing 5 times at 30 minutes

2024-06-25 02:43:27
Session:   7
Template:  2020-01-31 - 96ce537b15c550775cd9ca09002992d9254095c7
Syzkaller: 2020-02-10 - 4f86d327735efede368648e63570189966cb30c0
Kernel:    2020-02-10 - bb6d3fb354c5ee8d6bde2d576eb7220ea09862b9
Attempt 1:
    Time  Bug Name
***    2  unregister_netdevice: waiting for DEV to become free
The bug was found.

==== Kernel Inspection ====
107 Linux commits in [2020-01-31, 2020-02-10].

2024-06-25 02:47:23
Session:   8
Template:  2020-02-05 - 662cf49ae315772e243d80a1c87dcdee1a304196
Syzkaller: 2020-02-05 - 662cf49ae315772e243d80a1c87dcdee1a304196
Kernel:    2020-02-05 - 4fc2ea6a8608d9a649eff5e3c2ee477eb70f0fb6
Compiler:  gcc-9.0.0-20181231
Attempt 1:
    Time  Bug Name
***    3  unregister_netdevice: waiting for DEV to become free
The bug was found.

2024-06-25 03:02:08
Session:   9
Template:  2020-02-02 - 93e5e33559b98e47f3743e6d907ca8444fbba5d4
Syzkaller: 2020-02-02 - 93e5e33559b98e47f3743e6d907ca8444fbba5d4
Kernel:    2020-02-03 - 754beeec1d9024eef0db8dc4be2636331dd413c6
Compiler:  gcc-9.0.0-20181231
Attempt 1:
    Time  Bug Name
***    3  unregister_netdevice: waiting for DEV to become free
The bug was found.

2024-06-25 03:16:19
Session:   10
Template:  2020-01-31 - 0eb59c27682ecbe1d467de4c4accbb3f9c807042
Syzkaller: 2020-01-31 - 0eb59c27682ecbe1d467de4c4accbb3f9c807042
Kernel:    2020-01-31 - 8fdd4019bcb2d824c5ab45c6fc340293cfed843f
Compiler:  gcc-9.0.0-20181231
Warning: Syzkaller log file exceeded 5000 lines.
Saved at /mnt/sdd/author/SyzInspector/wd-inspector-1/log/bug358-boot_failure.log.
Attempt 1:
    Time  Bug Name
       1  boot failure
Warning: Syzkaller log file exceeded 5000 lines.
Saved at /mnt/sdd/author/SyzInspector/wd-inspector-1/log/bug358-boot_failure.log.
Attempt 2:
    Time  Bug Name
       1  boot failure
Warning: Syzkaller log file exceeded 5000 lines.
Saved at /mnt/sdd/author/SyzInspector/wd-inspector-1/log/bug358-boot_failure.log.
Attempt 3:
    Time  Bug Name
       1  boot failure
Warning: Syzkaller log file exceeded 5000 lines.
Saved at /mnt/sdd/author/SyzInspector/wd-inspector-1/log/bug358-boot_failure.log.
Attempt 4:
    Time  Bug Name
       1  boot failure
Warning: Syzkaller log file exceeded 5000 lines.
Saved at /mnt/sdd/author/SyzInspector/wd-inspector-1/log/bug358-boot_failure.log.
Attempt 5:
    Time  Bug Name
       1  boot failure
The bug was not found.
Warning: This session is unstable.

2024-06-25 03:34:40
Session:   11
Template:  2020-01-31 - 0eb59c27682ecbe1d467de4c4accbb3f9c807042
Syzkaller: 2020-01-31 - 0eb59c27682ecbe1d467de4c4accbb3f9c807042
Kernel:    2020-01-31 - cf3c8f84d1401fed5010784034d104cc689061d5
Compiler:  gcc-9.0.0-20181231
Warning: Syzkaller log file exceeded 5000 lines.
Saved at /mnt/sdd/author/SyzInspector/wd-inspector-1/log/bug358-boot_failure.log.
Attempt 1:
    Time  Bug Name
       1  boot failure
Warning: Syzkaller log file exceeded 5000 lines.
Saved at /mnt/sdd/author/SyzInspector/wd-inspector-1/log/bug358-boot_failure.log.
Attempt 2:
    Time  Bug Name
       1  boot failure
Warning: Syzkaller log file exceeded 5000 lines.
Saved at /mnt/sdd/author/SyzInspector/wd-inspector-1/log/bug358-boot_failure.log.
Attempt 3:
    Time  Bug Name
       1  boot failure
Warning: Syzkaller log file exceeded 5000 lines.
Saved at /mnt/sdd/author/SyzInspector/wd-inspector-1/log/bug358-boot_failure.log.
Attempt 4:
    Time  Bug Name
       1  boot failure
Warning: Syzkaller log file exceeded 5000 lines.
Saved at /mnt/sdd/author/SyzInspector/wd-inspector-1/log/bug358-boot_failure.log.
Attempt 5:
    Time  Bug Name
       1  boot failure
The bug was not found.
Warning: This session is unstable.

2024-06-25 03:51:48
Session:   12
Template:  2020-01-31 - 0eb59c27682ecbe1d467de4c4accbb3f9c807042
Syzkaller: 2020-01-31 - 0eb59c27682ecbe1d467de4c4accbb3f9c807042
Kernel:    2020-01-31 - 7eec11d3a784a283f916590e5aa30b855c2ccfd7
Compiler:  gcc-9.0.0-20181231
Warning: Syzkaller log file exceeded 5000 lines.
Saved at /mnt/sdd/author/SyzInspector/wd-inspector-1/log/bug358-boot_failure.log.
Attempt 1:
    Time  Bug Name
       1  boot failure
Warning: Syzkaller log file exceeded 5000 lines.
Saved at /mnt/sdd/author/SyzInspector/wd-inspector-1/log/bug358-boot_failure.log.
Attempt 2:
    Time  Bug Name
       1  boot failure
Warning: Syzkaller log file exceeded 5000 lines.
Saved at /mnt/sdd/author/SyzInspector/wd-inspector-1/log/bug358-boot_failure.log.
Attempt 3:
    Time  Bug Name
       1  boot failure
Warning: Syzkaller log file exceeded 5000 lines.
Saved at /mnt/sdd/author/SyzInspector/wd-inspector-1/log/bug358-boot_failure.log.
Attempt 4:
    Time  Bug Name
       1  boot failure
Warning: Syzkaller log file exceeded 5000 lines.
Saved at /mnt/sdd/author/SyzInspector/wd-inspector-1/log/bug358-boot_failure.log.
Attempt 5:
    Time  Bug Name
       1  boot failure
The bug was not found.
Warning: This session is unstable.

2024-06-25 04:09:45
Session:   13
Template:  2020-01-31 - 0eb59c27682ecbe1d467de4c4accbb3f9c807042
Syzkaller: 2020-01-31 - 0eb59c27682ecbe1d467de4c4accbb3f9c807042
Kernel:    2020-01-31 - b7e573bb4a7a511741f8942b1fb03cfe602ee57f
Compiler:  gcc-9.0.0-20181231
Warning: Syzkaller log file exceeded 5000 lines.
Saved at /mnt/sdd/author/SyzInspector/wd-inspector-1/log/bug358-boot_failure.log.
Attempt 1:
    Time  Bug Name
       1  boot failure
Warning: Syzkaller log file exceeded 5000 lines.
Saved at /mnt/sdd/author/SyzInspector/wd-inspector-1/log/bug358-boot_failure.log.
Attempt 2:
    Time  Bug Name
       1  boot failure
Warning: Syzkaller log file exceeded 5000 lines.
Saved at /mnt/sdd/author/SyzInspector/wd-inspector-1/log/bug358-boot_failure.log.
Attempt 3:
    Time  Bug Name
       1  boot failure
Warning: Syzkaller log file exceeded 5000 lines.
Saved at /mnt/sdd/author/SyzInspector/wd-inspector-1/log/bug358-boot_failure.log.
Attempt 4:
    Time  Bug Name
       1  boot failure
Warning: Syzkaller log file exceeded 5000 lines.
Saved at /mnt/sdd/author/SyzInspector/wd-inspector-1/log/bug358-boot_failure.log.
Attempt 5:
    Time  Bug Name
       1  boot failure
The bug was not found.
Warning: This session is unstable.

2024-06-25 04:26:43
Session:   14
Template:  2020-01-31 - 0eb59c27682ecbe1d467de4c4accbb3f9c807042
Syzkaller: 2020-01-31 - 0eb59c27682ecbe1d467de4c4accbb3f9c807042
Kernel:    2020-01-31 - e813e65038389b66d2f8dd87588694caf8dc2923
Compiler:  gcc-9.0.0-20181231
Warning: Syzkaller log file exceeded 5000 lines.
Saved at /mnt/sdd/author/SyzInspector/wd-inspector-1/log/bug358-boot_failure.log.
Attempt 1:
    Time  Bug Name
       1  boot failure
Warning: Syzkaller log file exceeded 5000 lines.
Saved at /mnt/sdd/author/SyzInspector/wd-inspector-1/log/bug358-boot_failure.log.
Attempt 2:
    Time  Bug Name
       1  boot failure
Warning: Syzkaller log file exceeded 5000 lines.
Saved at /mnt/sdd/author/SyzInspector/wd-inspector-1/log/bug358-boot_failure.log.
Attempt 3:
    Time  Bug Name
       1  boot failure
Warning: Syzkaller log file exceeded 5000 lines.
Saved at /mnt/sdd/author/SyzInspector/wd-inspector-1/log/bug358-boot_failure.log.
Attempt 4:
    Time  Bug Name
       1  boot failure
Warning: Syzkaller log file exceeded 5000 lines.
Saved at /mnt/sdd/author/SyzInspector/wd-inspector-1/log/bug358-boot_failure.log.
Attempt 5:
    Time  Bug Name
       1  boot failure
The bug was not found.
Warning: This session is unstable.

2024-06-25 04:44:47
Session:   15
Template:  2020-02-01 - 2274ad39c8bee8efda31dc31ec8933d5624e8fe4
Syzkaller: 2020-02-01 - 2274ad39c8bee8efda31dc31ec8933d5624e8fe4
Kernel:    2020-02-01 - acd77500aa8a337baa6d853568c4b55aca48e20f
Compiler:  gcc-9.0.0-20181231
Warning: Syzkaller log file exceeded 5000 lines.
Saved at /mnt/sdd/author/SyzInspector/wd-inspector-1/log/bug358-boot_failure.log.
Attempt 1:
    Time  Bug Name
       1  boot failure
Warning: Syzkaller log file exceeded 5000 lines.
Saved at /mnt/sdd/author/SyzInspector/wd-inspector-1/log/bug358-boot_failure.log.
Attempt 2:
    Time  Bug Name
       1  boot failure
Warning: Syzkaller log file exceeded 5000 lines.
Saved at /mnt/sdd/author/SyzInspector/wd-inspector-1/log/bug358-boot_failure.log.
Attempt 3:
    Time  Bug Name
       1  boot failure
Warning: Syzkaller log file exceeded 5000 lines.
Saved at /mnt/sdd/author/SyzInspector/wd-inspector-1/log/bug358-boot_failure.log.
Attempt 4:
    Time  Bug Name
       1  boot failure
Warning: Syzkaller log file exceeded 5000 lines.
Saved at /mnt/sdd/author/SyzInspector/wd-inspector-1/log/bug358-boot_failure.log.
Attempt 5:
    Time  Bug Name
       1  boot failure
The bug was not found.
Warning: This session is unstable.

2024-06-25 05:02:46
Session:   16
Template:  2020-02-01 - 2274ad39c8bee8efda31dc31ec8933d5624e8fe4
Syzkaller: 2020-02-01 - 2274ad39c8bee8efda31dc31ec8933d5624e8fe4
Kernel:    2020-02-01 - 6404674acd596de41fd3ad5f267b4525494a891a
Compiler:  gcc-9.0.0-20181231
Warning: Syzkaller log file exceeded 5000 lines.
Saved at /mnt/sdd/author/SyzInspector/wd-inspector-1/log/bug358-boot_failure.log.
Attempt 1:
    Time  Bug Name
       1  boot failure
Warning: Syzkaller log file exceeded 5000 lines.
Saved at /mnt/sdd/author/SyzInspector/wd-inspector-1/log/bug358-boot_failure.log.
Attempt 2:
    Time  Bug Name
       1  boot failure
Warning: Syzkaller log file exceeded 5000 lines.
Saved at /mnt/sdd/author/SyzInspector/wd-inspector-1/log/bug358-boot_failure.log.
Attempt 3:
    Time  Bug Name
       1  boot failure
Warning: Syzkaller log file exceeded 5000 lines.
Saved at /mnt/sdd/author/SyzInspector/wd-inspector-1/log/bug358-boot_failure.log.
Attempt 4:
    Time  Bug Name
       1  boot failure
Warning: Syzkaller log file exceeded 5000 lines.
Saved at /mnt/sdd/author/SyzInspector/wd-inspector-1/log/bug358-boot_failure.log.
Attempt 5:
    Time  Bug Name
       1  boot failure
The bug was not found.
Warning: This session is unstable.

2024-06-25 05:20:39
Session:   17
Template:  2020-02-02 - 93e5e33559b98e47f3743e6d907ca8444fbba5d4
Syzkaller: 2020-02-02 - 93e5e33559b98e47f3743e6d907ca8444fbba5d4
Kernel:    2020-02-02 - 545ae66582f7627870b719d318954d0252902519
Compiler:  gcc-9.0.0-20181231
Warning: Syzkaller log file exceeded 5000 lines.
Saved at /mnt/sdd/author/SyzInspector/wd-inspector-1/log/bug358-boot_failure.log.
Attempt 1:
    Time  Bug Name
       1  boot failure
Warning: Syzkaller log file exceeded 5000 lines.
Saved at /mnt/sdd/author/SyzInspector/wd-inspector-1/log/bug358-boot_failure.log.
Attempt 2:
    Time  Bug Name
       1  boot failure
Warning: Syzkaller log file exceeded 5000 lines.
Saved at /mnt/sdd/author/SyzInspector/wd-inspector-1/log/bug358-boot_failure.log.
Attempt 3:
    Time  Bug Name
       1  boot failure
Warning: Syzkaller log file exceeded 5000 lines.
Saved at /mnt/sdd/author/SyzInspector/wd-inspector-1/log/bug358-boot_failure.log.
Attempt 4:
    Time  Bug Name
       1  boot failure
Warning: Syzkaller log file exceeded 5000 lines.
Saved at /mnt/sdd/author/SyzInspector/wd-inspector-1/log/bug358-boot_failure.log.
Attempt 5:
    Time  Bug Name
       1  boot failure
The bug was not found.
Warning: This session is unstable.

2024-06-25 05:38:47
Session:   18
Template:  2020-02-02 - 93e5e33559b98e47f3743e6d907ca8444fbba5d4
Syzkaller: 2020-02-02 - 93e5e33559b98e47f3743e6d907ca8444fbba5d4
Kernel:    2020-02-03 - af32f3a414d340b0ab92e88ffb80a19632ff345e
Compiler:  gcc-9.0.0-20181231
Warning: Syzkaller log file exceeded 5000 lines.
Saved at /mnt/sdd/author/SyzInspector/wd-inspector-1/log/bug358-boot_failure.log.
Attempt 1:
    Time  Bug Name
       1  boot failure
Warning: Syzkaller log file exceeded 5000 lines.
Saved at /mnt/sdd/author/SyzInspector/wd-inspector-1/log/bug358-boot_failure.log.
Attempt 2:
    Time  Bug Name
       1  boot failure
Warning: Syzkaller log file exceeded 5000 lines.
Saved at /mnt/sdd/author/SyzInspector/wd-inspector-1/log/bug358-boot_failure.log.
Attempt 3:
    Time  Bug Name
       1  boot failure
Warning: Syzkaller log file exceeded 5000 lines.
Saved at /mnt/sdd/author/SyzInspector/wd-inspector-1/log/bug358-boot_failure.log.
Attempt 4:
    Time  Bug Name
       1  boot failure
Warning: Syzkaller log file exceeded 5000 lines.
Saved at /mnt/sdd/author/SyzInspector/wd-inspector-1/log/bug358-boot_failure.log.
Attempt 5:
    Time  Bug Name
       1  boot failure
The bug was not found.
Warning: This session is unstable.

====================================================================================================================================================
Revealing Factor:   Unstable Commits
Unstable Range:     [2020-01-31, 2020-02-03]
Version:            2020-02-03 - 2367da5b51cd2819d630432e6a8876f973b1bbc3
Commit Name:        Merge tag 'backlight-next-5.6' of git://git.kernel.org/pub/scm/linux/kernel/git/lee/backlight

Bug Name:           unregister_netdevice: waiting for DEV to become free
Bug Link:           https://syzkaller.appspot.com/bug?id=0da157a412d1aceba532ae787bb14797f31031b6
Arch:               amd64
Finding Date:       2020-02-14
Finding Commit:     2020-02-12 - 0bf999f9c5e74c7ecf9dafb527146601e5c848b9
Guilty Merge:       2019-12-28 - 1b3b289fd8daddf22eac89b8d185706bb7e822e9
Guilty Commit:      2019-12-27 - 10b518d4e6dd5390e40f7d8de0f08753c1195a7e

Possible Blocking Bugs:
