WARNING in blk_mq_start_request,https://syzkaller.appspot.com/bug?extid=fcc47ba2476570cbbeb0
Repository: linux
Arch: amd64
Finding: 2023-11-02 - 4652b8e4f3ffa48c706ec334f048c217a7d9750d
Guilty:  2023-09-22 - d78bfa1346ab1fe04d20aa45a0678d1fc866f37c
No Duplicates
Single Proc Allocation
VMs:8
CPUs:2
Procs:16
Max time:30
Max attempts:3
Testing the finding commit.

2024-06-09 01:14:40
Session:   1
Template:  2023-11-03 - 500bfdc41735bc8d617cbfd4f1ab6b5980c8f1e5
Syzkaller: 2023-11-03 - 500bfdc41735bc8d617cbfd4f1ab6b5980c8f1e5
Kernel:    2023-11-02 - 4652b8e4f3ffa48c706ec334f048c217a7d9750d
Compiler:  gcc-10.2.1-20210110
Attempt 1:
    Time  Bug Name
***    3  WARNING in blk_mq_start_request
Attempt 2:
    Time  Bug Name
***    3  WARNING in blk_mq_start_request
Attempt 3:
    Time  Bug Name
***    3  WARNING in blk_mq_start_request
The bug was found.

New Max Time: 10.
Merge Commit: 2023-11-01 - 90d624af2e5a9945eedd5cafd6ae6d88f32cc977.
No template updates to inspect.

==== Kernel Inspection ====
30 Linux commits in [2023-11-01, 2023-11-03].

2024-06-09 01:40:12
Session:   2
Template:  2023-11-02 - c4ac074caa7ae68aef44c619a09b02832cc91f35
Syzkaller: 2023-11-02 - c4ac074caa7ae68aef44c619a09b02832cc91f35
Kernel:    2023-11-02 - 463f46e114f74465cf8d01b124e7b74ad1ce2afd
Compiler:  gcc-10.2.1-20210110
Attempt 1:
    Time  Bug Name
***    3  WARNING in blk_mq_start_request
The bug was found.

2024-06-09 02:00:50
Session:   3
Template:  2023-11-02 - c4ac074caa7ae68aef44c619a09b02832cc91f35
Syzkaller: 2023-11-02 - c4ac074caa7ae68aef44c619a09b02832cc91f35
Kernel:    2023-11-02 - c035f0268b87fc21f517f638b3bad26c81babc85
Compiler:  gcc-10.2.1-20210110
Attempt 1:
    Time  Bug Name
***    3  WARNING in blk_mq_start_request
The bug was found.

2024-06-09 02:21:04
Session:   4
Template:  2023-10-31 - 69904c9f85fcfb289eb529599176d42bcb3609eb
Syzkaller: 2023-10-31 - 69904c9f85fcfb289eb529599176d42bcb3609eb
Kernel:    2023-11-01 - 40aa597c4a53f7269367d1b5298bd44afcdcf473
Compiler:  gcc-10.2.1-20210110
Attempt 1:
    Time  Bug Name
***    3  WARNING in blk_mq_start_request
The bug was found.

2024-06-09 02:41:18
Session:   5
Template:  2023-10-31 - 69904c9f85fcfb289eb529599176d42bcb3609eb
Syzkaller: 2023-10-31 - 69904c9f85fcfb289eb529599176d42bcb3609eb
Kernel:    2023-11-01 - 39714efc23beb38ce850b29f4f132da6d997fc22
Compiler:  gcc-10.2.1-20210110
Attempt 1:
    Time  Bug Name
***    2  WARNING in blk_mq_start_request
The bug was found.

2024-06-09 03:00:42
Session:   6
Template:  2023-10-31 - 69904c9f85fcfb289eb529599176d42bcb3609eb
Syzkaller: 2023-10-31 - 69904c9f85fcfb289eb529599176d42bcb3609eb
Kernel:    2023-11-01 - 90d624af2e5a9945eedd5cafd6ae6d88f32cc977
Compiler:  gcc-10.2.1-20210110
Attempt 1:
    Time  Bug Name
***    2  WARNING in blk_mq_start_request
The bug was found.

== Confirming the bisected commit ==

2024-06-09 03:19:55
Session:   7
Template:  2023-10-31 - 69904c9f85fcfb289eb529599176d42bcb3609eb
Syzkaller: 2023-10-31 - 69904c9f85fcfb289eb529599176d42bcb3609eb
Kernel:    2023-11-01 - 90d624af2e5a9945eedd5cafd6ae6d88f32cc977
The bug was found in a previous identical fuzzing session.

====================================================================================================================================================
Revealing Factor:   Guilty Merge
Version:            2023-11-01 - 90d624af2e5a9945eedd5cafd6ae6d88f32cc977
Commit Name:        Merge tag 'for-6.7/block-2023-10-30' of git://git.kernel.dk/linux

Bug Name:           WARNING in blk_mq_start_request
Bug Link:           https://syzkaller.appspot.com/bug?extid=fcc47ba2476570cbbeb0
Arch:               amd64
Finding Date:       2023-11-03
Finding Commit:     2023-11-02 - 4652b8e4f3ffa48c706ec334f048c217a7d9750d
Guilty Merge:       2023-11-01 - 90d624af2e5a9945eedd5cafd6ae6d88f32cc977
Guilty Commit:      2023-09-22 - d78bfa1346ab1fe04d20aa45a0678d1fc866f37c

Possible Blocking Bugs:
