memory leak in htc_connect_service,https://syzkaller.appspot.com/bug?extid=b68fbebe56d8362907e8
Repository: linux
Arch: amd64
Finding: 2023-02-19 - c9c3395d5e3dcc6daee66c6908354d47bf98cb0c
Guilty:  2010-03-23 - fb9987d0f748c983bb795a86f47522313f701a08
Duplicate Names:
    memory leak in htc_connect_service
    INFO: trying to register non-static key in skb_queue_tail
    general protection fault in skb_queue_tail
Single Proc Allocation
VMs:8
CPUs:2
Procs:16
Max time:30
Max attempts:5
Testing the finding commit.

2024-06-10 07:43:06
Session:   1
Template:  2023-02-20 - 2414209c29a67a42e91767f6ecafa825551e854c
Syzkaller: 2023-02-20 - 2414209c29a67a42e91767f6ecafa825551e854c
Kernel:    2023-02-19 - c9c3395d5e3dcc6daee66c6908354d47bf98cb0c
Compiler:  gcc-10.2.1-20210110
Attempt 1:
    Time  Bug Name
       2  memory leak in ath9k_hif_usb_firmware_cb
       2  memory leak in ath9k_hif_usb_firmware_cb
       2  memory leak in ath9k_hif_usb_firmware_cb
       2  memory leak in ath9k_hif_usb_firmware_cb
***    2  memory leak in htc_connect_service
Attempt 2:
    Time  Bug Name
       2  memory leak in ath9k_hif_usb_firmware_cb
       2  memory leak in ath9k_hif_usb_firmware_cb
       2  memory leak in ath9k_hif_usb_firmware_cb
***    2  memory leak in htc_connect_service
Attempt 3:
    Time  Bug Name
       2  memory leak in ath9k_hif_usb_firmware_cb
       2  memory leak in ath9k_hif_usb_firmware_cb
***    2  memory leak in htc_connect_service
Attempt 4:
    Time  Bug Name
       2  memory leak in ath9k_hif_usb_firmware_cb
       2  memory leak in ath9k_hif_usb_firmware_cb
       2  memory leak in ath9k_hif_usb_firmware_cb
       2  INFO: rcu detected stall in corrupted
       3  memory leak in ath9k_hif_usb_firmware_cb
       3  memory leak in ath9k_hif_usb_firmware_cb
       3  memory leak in ath9k_hif_usb_firmware_cb
Attempt 5:
    Time  Bug Name
       2  memory leak in ath9k_hif_usb_firmware_cb
       2  memory leak in ath9k_hif_usb_firmware_cb
       2  memory leak in ath9k_hif_usb_firmware_cb
***    2  memory leak in htc_connect_service
The bug was found.

New Max Time: 30.
Merge Commit: 2010-03-29 - 7905e357ebe67a26d9dc8caa1a0b8346431b5f0d.

==== Template Inspection ====
38 template changes in [2017-07-22, 2023-02-20].

2024-06-10 08:49:16
Session:   2
Template:  2021-10-13 - 9ccfa6cfcceb6981f543e295c1429817ad836a6b
Syzkaller: 2021-10-13 - 9ccfa6cfcceb6981f543e295c1429817ad836a6b
Kernel:    2021-10-13 - 348949d9a4440abdab3b1dc99a9bb660e8c7da7c
Compiler:  gcc-10.2.1-20210110
Attempt 1:
    Time  Bug Name
       2  WARNING in firmware_fallback_sysfs
       2  memory leak in ath9k_hif_usb_firmware_cb
       2  memory leak in ath9k_hif_usb_firmware_cb
       2  memory leak in ath9k_hif_usb_firmware_cb
       2  memory leak in ath9k_hif_usb_firmware_cb
       2  memory leak in ath9k_hif_usb_firmware_cb
      29  no output from test machine
Attempt 2:
    Time  Bug Name
       2  memory leak in ath9k_hif_usb_firmware_cb
       2  memory leak in ath9k_hif_usb_firmware_cb
       2  memory leak in ath9k_hif_usb_firmware_cb
       2  memory leak in ath9k_hif_usb_firmware_cb
       2  memory leak in ath9k_hif_usb_firmware_cb
       3  memory leak in ath9k_hif_usb_firmware_cb
Attempt 3:
    Time  Bug Name
       2  memory leak in ath9k_hif_usb_firmware_cb
       2  memory leak in ath9k_hif_usb_firmware_cb
       2  memory leak in ath9k_hif_usb_firmware_cb
       2  memory leak in ath9k_hif_usb_firmware_cb
       2  memory leak in ath9k_hif_usb_firmware_cb
       2  memory leak in ath9k_hif_usb_firmware_cb
Attempt 4:
    Time  Bug Name
       2  memory leak in ath9k_hif_usb_firmware_cb
       2  memory leak in ath9k_hif_usb_firmware_cb
       2  memory leak in ath9k_hif_usb_firmware_cb
       2  memory leak in ath9k_hif_usb_firmware_cb
       2  memory leak in ath9k_hif_usb_firmware_cb
       3  memory leak in ath9k_hif_usb_firmware_cb
Attempt 5:
    Time  Bug Name
       2  memory leak in ath9k_hif_usb_firmware_cb
       2  memory leak in ath9k_hif_usb_firmware_cb
       2  memory leak in ath9k_hif_usb_firmware_cb
       2  memory leak in ath9k_hif_usb_firmware_cb
       2  memory leak in ath9k_hif_usb_firmware_cb
       3  memory leak in ath9k_hif_usb_firmware_cb
The bug was not found.

2024-06-10 11:28:25
Session:   3
Template:  2022-06-02 - 9305d4f6a615844e1e610074e97c8ade3b138e06
Syzkaller: 2022-06-02 - 9305d4f6a615844e1e610074e97c8ade3b138e06
Kernel:    2022-06-02 - 50fd82b3a9a9335df5d50c7ddcb81c81d358c4fc
Compiler:  gcc-10.2.1-20210110
Attempt 1:
    Time  Bug Name
       2  memory leak in ath9k_hif_usb_firmware_cb
       2  memory leak in ath9k_hif_usb_firmware_cb
       2  memory leak in ath9k_hif_usb_firmware_cb
       2  memory leak in ath9k_hif_usb_firmware_cb
       3  memory leak in ath9k_hif_usb_firmware_cb
       3  memory leak in ath9k_hif_usb_firmware_cb
       3  SYZFATAL: executor NUM failed NUM times: executor NUM: exit status NUM
       4  memory leak in r8712_init_recv_priv
Attempt 2:
    Time  Bug Name
       1  SYZFATAL: Manager.Check call failed: machine check failed: program execution failed: executor NUM: exit status NUM
       2  memory leak in ath9k_hif_usb_firmware_cb
       2  memory leak in ath9k_hif_usb_firmware_cb
       2  memory leak in ath9k_hif_usb_firmware_cb
       2  memory leak in ath9k_hif_usb_firmware_cb
       3  memory leak in ath9k_hif_usb_firmware_cb
       3  memory leak in ath9k_hif_usb_firmware_cb
       3  memory leak in ath9k_hif_usb_firmware_cb
       3  memory leak in ath9k_hif_usb_firmware_cb
       4  WARNING in firmware_fallback_sysfs
Attempt 3:
    Time  Bug Name
       2  memory leak in ath9k_hif_usb_firmware_cb
       2  memory leak in ath9k_hif_usb_firmware_cb
       2  memory leak in ath9k_hif_usb_firmware_cb
       2  SYZFATAL: executor NUM failed NUM times: executor NUM: exit status NUM
       3  SYZFATAL: executor NUM failed NUM times: executor NUM: EOF
       3  memory leak in ath9k_hif_usb_firmware_cb
       3  memory leak in ath9k_hif_usb_firmware_cb
       4  SYZFATAL: executor NUM failed NUM times: executor NUM: failed to write control pipe: write |NUM: broken pipe
Attempt 4:
    Time  Bug Name
       2  SYZFATAL: executor NUM failed NUM times: executor NUM: EOF
       2  memory leak in ath9k_hif_usb_firmware_cb
***    2  memory leak in htc_connect_service
The bug was found.

2024-06-10 13:10:03
Session:   4
Template:  2022-01-11 - 583b354134f415ad0ed4f203d79b4e0bcb2c6062
Syzkaller: 2022-01-11 - 583b354134f415ad0ed4f203d79b4e0bcb2c6062
Kernel:    2022-01-11 - c1eb8f6cff3442b0b7eff5b801c9745ea9abcb14
Compiler:  gcc-10.2.1-20210110
Attempt 1:
    Time  Bug Name
       2  memory leak in ath9k_hif_usb_firmware_cb
       2  memory leak in ath9k_hif_usb_firmware_cb
       2  memory leak in ath9k_hif_usb_firmware_cb
       2  memory leak in ath9k_hif_usb_firmware_cb
       2  memory leak in ath9k_hif_usb_firmware_cb
       3  SYZFAIL: wrong response packet
       3  memory leak in ath9k_hif_usb_firmware_cb
       3  lost connection to test machine
Attempt 2:
    Time  Bug Name
       2  memory leak in ath9k_hif_usb_firmware_cb
       2  memory leak in ath9k_hif_usb_firmware_cb
       2  memory leak in ath9k_hif_usb_firmware_cb
       2  memory leak in ath9k_hif_usb_firmware_cb
       3  SYZFAIL: wrong response packet
       3  memory leak in ath9k_hif_usb_firmware_cb
       3  memory leak in ath9k_hif_usb_firmware_cb
       3  memory leak in ath9k_hif_usb_firmware_cb
Attempt 3:
    Time  Bug Name
       2  memory leak in ath9k_hif_usb_firmware_cb
       2  memory leak in ath9k_hif_usb_firmware_cb
       3  memory leak in ath9k_hif_usb_firmware_cb
       3  memory leak in ath9k_hif_usb_firmware_cb
       3  memory leak in ath9k_hif_usb_firmware_cb
       3  memory leak in ath9k_hif_usb_firmware_cb
       3  memory leak in ath9k_hif_usb_firmware_cb
       4  SYZFAIL: wrong response packet
       4  memory leak in r8712_init_recv_priv
Attempt 4:
    Time  Bug Name
       2  memory leak in ath9k_hif_usb_firmware_cb
       2  memory leak in ath9k_hif_usb_firmware_cb
       2  memory leak in ath9k_hif_usb_firmware_cb
       2  memory leak in ath9k_hif_usb_firmware_cb
       3  memory leak in ath9k_hif_usb_firmware_cb
       3  memory leak in ath9k_hif_usb_firmware_cb
       3  memory leak in ath9k_hif_usb_firmware_cb
       4  SYZFAIL: wrong response packet
       4  SYZFAIL: wrong response packet
Attempt 5:
    Time  Bug Name
       2  memory leak in ath9k_hif_usb_firmware_cb
       2  memory leak in ath9k_hif_usb_firmware_cb
       2  memory leak in ath9k_hif_usb_firmware_cb
       2  lost connection to test machine
       3  memory leak in ath9k_hif_usb_firmware_cb
       3  memory leak in ath9k_hif_usb_firmware_cb
       4  SYZFAIL: wrong response packet
The bug was not found.
Warning: This session is unstable.

2024-06-10 15:48:37
Session:   5
Template:  2022-04-25 - 7d6ce61334a1437f59d058959ef93071446706f8
Syzkaller: 2022-04-25 - 7d6ce61334a1437f59d058959ef93071446706f8
Kernel:    2022-04-25 - d615b5416f8a1afeb82d13b238f8152c572d59c0
Compiler:  gcc-10.2.1-20210110
Attempt 1:
    Time  Bug Name
       2  memory leak in ath9k_hif_usb_firmware_cb
       2  memory leak in ath9k_hif_usb_firmware_cb
       2  memory leak in ath9k_hif_usb_firmware_cb
       2  memory leak in ath9k_hif_usb_firmware_cb
       2  SYZFATAL: executor NUM failed NUM times: executor NUM: failed to write control pipe: write |NUM: broken pipe
       3  SYZFATAL: executor NUM failed NUM times: executor NUM: exit status NUM
       4  SYZFATAL: executor NUM failed NUM times: executor NUM: failed to write control pipe: write |NUM: broken pipe
Attempt 2:
    Time  Bug Name
       2  memory leak in ath9k_hif_usb_firmware_cb
       2  memory leak in ath9k_hif_usb_firmware_cb
       2  memory leak in ath9k_hif_usb_firmware_cb
       2  memory leak in ath9k_hif_usb_firmware_cb
       3  memory leak in ath9k_hif_usb_firmware_cb
       3  memory leak in ath9k_hif_usb_firmware_cb
       3  memory leak in ath9k_hif_usb_firmware_cb
       4  SYZFATAL: executor NUM failed NUM times: executor NUM: exit status NUM
       5  SYZFATAL: executor NUM failed NUM times: executor NUM: exit status NUM
Attempt 3:
    Time  Bug Name
       2  SYZFATAL: executor NUM failed NUM times: executor NUM: EOF
       2  memory leak in ath9k_hif_usb_firmware_cb
       2  memory leak in ath9k_hif_usb_firmware_cb
       2  memory leak in ath9k_hif_usb_firmware_cb
       3  memory leak in ath9k_hif_usb_firmware_cb
       3  memory leak in ath9k_hif_usb_firmware_cb
       3  memory leak in ath9k_hif_usb_firmware_cb
Attempt 4:
    Time  Bug Name
       2  memory leak in ath9k_hif_usb_firmware_cb
       2  memory leak in ath9k_hif_usb_firmware_cb
       2  memory leak in ath9k_hif_usb_firmware_cb
       2  memory leak in ath9k_hif_usb_firmware_cb
       3  memory leak in ath9k_hif_usb_firmware_cb
       3  memory leak in ath9k_hif_usb_firmware_cb
       3  memory leak in ath9k_hif_usb_firmware_cb
       3  SYZFATAL: executor NUM failed NUM times: executor NUM: failed to write control pipe: write |NUM: broken pipe
      23  memory leak in r8712_init_recv_priv
Attempt 5:
    Time  Bug Name
       2  memory leak in ath9k_hif_usb_firmware_cb
       2  memory leak in ath9k_hif_usb_firmware_cb
       2  memory leak in ath9k_hif_usb_firmware_cb
       2  memory leak in ath9k_hif_usb_firmware_cb
       2  SYZFATAL: executor NUM failed NUM times: executor NUM: failed to write control pipe: write |NUM: broken pipe
       3  memory leak in ath9k_hif_usb_firmware_cb
       4  SYZFATAL: executor NUM failed NUM times: executor NUM: exit status NUM
The bug was not found.
Warning: This session is unstable.

2024-06-10 18:28:08
Session:   6
Template:  2022-06-02 - ff1f215e653ff17702cc30338944a018bf976486
Syzkaller: 2022-06-02 - ff1f215e653ff17702cc30338944a018bf976486
Kernel:    2022-06-02 - 50fd82b3a9a9335df5d50c7ddcb81c81d358c4fc
Compiler:  gcc-10.2.1-20210110
Attempt 1:
    Time  Bug Name
       2  memory leak in ath9k_hif_usb_firmware_cb
       2  memory leak in ath9k_hif_usb_firmware_cb
       2  SYZFATAL: executor NUM failed NUM times: executor NUM: exit status NUM
       2  SYZFATAL: executor NUM failed NUM times: executor NUM: failed to write control pipe: write |NUM: broken pipe
       2  SYZFATAL: executor NUM failed NUM times: executor NUM: failed to write control pipe: write |NUM: broken pipe
       3  SYZFATAL: executor NUM failed NUM times: executor NUM: exit status NUM
       4  SYZFATAL: executor NUM failed NUM times: executor NUM: exit status NUM
Attempt 2:
    Time  Bug Name
       2  memory leak in ath9k_hif_usb_firmware_cb
       2  memory leak in ath9k_hif_usb_firmware_cb
       2  SYZFATAL: executor NUM failed NUM times: executor NUM: exit status NUM
       2  SYZFATAL: executor NUM failed NUM times: executor NUM: exit status NUM
       3  memory leak in ath9k_hif_usb_firmware_cb
       3  memory leak in ath9k_hif_usb_firmware_cb
       3  memory leak in ath9k_hif_usb_firmware_cb
       4  memory leak in ath9k_hif_usb_firmware_cb
       4  SYZFATAL: executor NUM failed NUM times: executor NUM: failed to write control pipe: write |NUM: broken pipe
Attempt 3:
    Time  Bug Name
       2  memory leak in ath9k_hif_usb_firmware_cb
       2  memory leak in ath9k_hif_usb_firmware_cb
       2  memory leak in ath9k_hif_usb_firmware_cb
       2  memory leak in ath9k_hif_usb_firmware_cb
       3  memory leak in ath9k_hif_usb_firmware_cb
       3  memory leak in ath9k_hif_usb_firmware_cb
       3  memory leak in ath9k_hif_usb_firmware_cb
      15  memory leak in r8712_init_recv_priv
      16  SYZFATAL: executor NUM failed NUM times: executor NUM: EOF
Attempt 4:
    Time  Bug Name
       2  SYZFATAL: executor NUM failed NUM times: executor NUM: EOF
       2  memory leak in ath9k_hif_usb_firmware_cb
       2  memory leak in ath9k_hif_usb_firmware_cb
       2  memory leak in ath9k_hif_usb_firmware_cb
       2  SYZFATAL: executor NUM failed NUM times: executor NUM: failed to write control pipe: write |NUM: broken pipe
       3  memory leak in ath9k_hif_usb_firmware_cb
       3  memory leak in ath9k_hif_usb_firmware_cb
       3  memory leak in ath9k_hif_usb_firmware_cb
       3  SYZFATAL: executor NUM failed NUM times: executor NUM: failed to write control pipe: write |NUM: broken pipe
       5  SYZFATAL: executor NUM failed NUM times: executor NUM: failed to write control pipe: write |NUM: broken pipe
       5  SYZFATAL: executor NUM failed NUM times: executor NUM: failed to write control pipe: write |NUM: broken pipe
Attempt 5:
    Time  Bug Name
       2  SYZFATAL: executor NUM failed NUM times: executor NUM: EOF
       2  memory leak in ath9k_hif_usb_firmware_cb
       2  memory leak in ath9k_hif_usb_firmware_cb
***    2  memory leak in htc_connect_service
       2  SYZFATAL: executor NUM failed NUM times: executor NUM: exit status NUM
The bug was found.

2024-06-10 20:40:48
Session:   7
Template:  2022-04-25 - 7d6ce61334a1437f59d058959ef93071446706f8
Syzkaller: 2022-06-02 - ff1f215e653ff17702cc30338944a018bf976486
Kernel:    2022-06-02 - 50fd82b3a9a9335df5d50c7ddcb81c81d358c4fc
Attempt 1:
    Time  Bug Name
       1  SYZFATAL: executor NUM failed NUM times: executor NUM: EOF
       2  memory leak in ath9k_hif_usb_firmware_cb
       2  memory leak in ath9k_hif_usb_firmware_cb
       2  memory leak in ath9k_hif_usb_firmware_cb
       2  memory leak in ath9k_hif_usb_firmware_cb
       3  memory leak in ath9k_hif_usb_firmware_cb
       3  memory leak in ath9k_hif_usb_firmware_cb
       3  SYZFATAL: executor NUM failed NUM times: executor NUM: exit status NUM
      20  memory leak in r8712_init_recv_priv
Attempt 2:
    Time  Bug Name
       2  memory leak in ath9k_hif_usb_firmware_cb
       2  memory leak in ath9k_hif_usb_firmware_cb
       2  memory leak in ath9k_hif_usb_firmware_cb
       2  memory leak in ath9k_hif_usb_firmware_cb
       3  SYZFATAL: executor NUM failed NUM times: executor NUM: EOF
       3  memory leak in ath9k_hif_usb_firmware_cb
       3  SYZFATAL: executor NUM failed NUM times: executor NUM: exit status NUM
       3  SYZFATAL: executor NUM failed NUM times: executor NUM: failed to write control pipe: write |NUM: broken pipe
       4  SYZFATAL: executor NUM failed NUM times: executor NUM: EOF
Attempt 3:
    Time  Bug Name
       2  memory leak in ath9k_hif_usb_firmware_cb
       2  memory leak in ath9k_hif_usb_firmware_cb
       2  memory leak in ath9k_hif_usb_firmware_cb
       2  memory leak in ath9k_hif_usb_firmware_cb
       3  memory leak in ath9k_hif_usb_firmware_cb
       3  memory leak in ath9k_hif_usb_firmware_cb
       3  SYZFATAL: executor NUM failed NUM times: executor NUM: exit status NUM
       3  SYZFATAL: executor NUM failed NUM times: executor NUM: exit status NUM
Attempt 4:
    Time  Bug Name
       2  memory leak in ath9k_hif_usb_firmware_cb
       2  memory leak in ath9k_hif_usb_firmware_cb
       2  memory leak in ath9k_hif_usb_firmware_cb
       2  memory leak in ath9k_hif_usb_firmware_cb
       2  SYZFATAL: executor NUM failed NUM times: executor NUM: exit status NUM
       3  memory leak in ath9k_hif_usb_firmware_cb
       3  memory leak in ath9k_hif_usb_firmware_cb
       3  SYZFATAL: executor NUM failed NUM times: executor NUM: failed to write control pipe: write |NUM: broken pipe
       3  SYZFATAL: executor NUM failed NUM times: executor NUM: failed to write control pipe: write |NUM: broken pipe
Attempt 5:
    Time  Bug Name
       2  memory leak in ath9k_hif_usb_firmware_cb
       2  memory leak in ath9k_hif_usb_firmware_cb
       2  memory leak in ath9k_hif_usb_firmware_cb
       2  memory leak in ath9k_hif_usb_firmware_cb
       3  memory leak in ath9k_hif_usb_firmware_cb
       3  memory leak in ath9k_hif_usb_firmware_cb
       3  memory leak in ath9k_hif_usb_firmware_cb
       3  SYZFATAL: executor NUM failed NUM times: executor NUM: exit status NUM
       4  SYZFATAL: executor NUM failed NUM times: executor NUM: exit status NUM
       5  SYZFATAL: executor NUM failed NUM times: executor NUM: failed to write control pipe: write |NUM: broken pipe
       5  SYZFATAL: executor NUM failed NUM times: executor NUM: failed to write control pipe: write |NUM: broken pipe
The bug was not found.
Warning: This session is unstable.

====================================================================================================================================================
Revealing Factor:   Template Update
Version:            2022-06-02 - ff1f215e653ff17702cc30338944a018bf976486
Commit Name:        Revert "sys/linux: remove ashmem"

Bug Name:           memory leak in htc_connect_service
Bug Link:           https://syzkaller.appspot.com/bug?extid=b68fbebe56d8362907e8
Arch:               amd64
Finding Date:       2023-02-20
Finding Commit:     2023-02-19 - c9c3395d5e3dcc6daee66c6908354d47bf98cb0c
Guilty Merge:       2010-03-29 - 7905e357ebe67a26d9dc8caa1a0b8346431b5f0d
Guilty Commit:      2010-03-23 - fb9987d0f748c983bb795a86f47522313f701a08

Possible Blocking Bugs:
    memory leak in ath9k_hif_usb_firmware_cb
