kernel BUG in assertfail,https://syzkaller.appspot.com/bug?extid=c4614eae20a166c25bf0
Repository: linux
Arch: amd64
Finding: 2022-09-26 - 3800a713b6070d4f03fb43613a7b7d536a99b2b7
Guilty:  2022-01-03 - abed4aaae4f71a7bcdbe90a65319b6e772a2689d
No Duplicates
Single Proc Allocation
VMs:8
CPUs:2
Procs:16
Max time:30
Max attempts:3
Testing the finding commit.

2024-06-11 02:47:42
Session:   1
Template:  2022-09-27 - 75c78242e3cb60e13282fa7040f13832f573320e
Syzkaller: 2022-09-27 - 75c78242e3cb60e13282fa7040f13832f573320e
Kernel:    2022-09-26 - 3800a713b6070d4f03fb43613a7b7d536a99b2b7
Compiler:  gcc-10.2.1-20210110
Attempt 1:
    No crashes found.
Attempt 2:
    No crashes found.
Attempt 3:
    No crashes found.
The bug was not found.

Failure: This bug cannot be found at the finding commit.
