memory leak in class_create,https://syzkaller.appspot.com/bug?extid=e7afd76ad060fa0d2605
Repository: linux
Arch: amd64
Finding: 2023-04-28 - 22b8cc3e78f5448b4c5df00303817a9137cd663f
Guilty:  2023-03-29 - 7b884b7f24b42fa25e92ed724ad82f137610afaf
No Duplicates
Single Proc Allocation
VMs:8
CPUs:2
Procs:16
Max time:30
Max attempts:5
Testing the finding commit.

2024-06-13 16:30:38
Session:   1
Template:  2023-04-28 - 62df2017e3b1edd786a4c737bd4ccba2b4581d88
Syzkaller: 2023-04-28 - 62df2017e3b1edd786a4c737bd4ccba2b4581d88
Kernel:    2023-04-28 - 22b8cc3e78f5448b4c5df00303817a9137cd663f
Compiler:  gcc-10.2.1-20210110
Attempt 1:
    Time  Bug Name
***    2  memory leak in class_create
***    2  memory leak in class_create
***    2  memory leak in class_create
***    2  memory leak in class_create
Attempt 2:
    Time  Bug Name
***    2  memory leak in class_create
***    2  memory leak in class_create
Attempt 3:
    Time  Bug Name
***    2  memory leak in class_create
***    2  memory leak in class_create
***    2  memory leak in class_create
***    2  memory leak in class_create
Attempt 4:
    Time  Bug Name
***    2  memory leak in class_create
***    2  memory leak in class_create
Attempt 5:
    Time  Bug Name
       2  memory leak in class_register
***    2  memory leak in class_create
***    2  memory leak in class_create
***    2  memory leak in class_create
The bug was found.

New Max Time: 30.
Merge Commit: 2023-04-27 - 556eb8b79190151506187bf0b16dda423c34d9a8.
No template updates to inspect.

==== Kernel Retrospection ====
18 Linux commits in [2023-04-27, 2023-04-29].

2024-06-13 16:51:30
Session:   2
Template:  2023-04-28 - 62df2017e3b1edd786a4c737bd4ccba2b4581d88
Syzkaller: 2023-04-28 - 62df2017e3b1edd786a4c737bd4ccba2b4581d88
Kernel:    2023-04-28 - 35fab9271b7e6d193b47005c4d07369714db4fd1
Compiler:  gcc-10.2.1-20210110
Attempt 1:
    Time  Bug Name
***    2  memory leak in class_create
***    2  memory leak in class_create
The bug was found.

2024-06-13 17:03:50
Session:   3
Template:  2023-04-27 - 70a605de85f9d197b61ec86d50dd98b91a39e585
Syzkaller: 2023-04-27 - 70a605de85f9d197b61ec86d50dd98b91a39e585
Kernel:    2023-04-27 - 888d3c9f7f3ae44101a3fd76528d3dd6f96e9fd0
Compiler:  gcc-10.2.1-20210110
Attempt 1:
    Time  Bug Name
***    2  memory leak in class_create
***    2  memory leak in class_create
The bug was found.

2024-06-13 17:16:10
Session:   4
Template:  2023-04-27 - 70a605de85f9d197b61ec86d50dd98b91a39e585
Syzkaller: 2023-04-27 - 70a605de85f9d197b61ec86d50dd98b91a39e585
Kernel:    2023-04-27 - d06f5a3f7140921ada47d49574ae6fa4de5e2a89
Compiler:  gcc-10.2.1-20210110
Attempt 1:
    Time  Bug Name
***    2  memory leak in class_create
***    2  memory leak in class_create
***    2  memory leak in class_create
***    2  memory leak in class_create
***    2  memory leak in class_create
The bug was found.

2024-06-13 17:28:32
Session:   5
Template:  2023-04-27 - 70a605de85f9d197b61ec86d50dd98b91a39e585
Syzkaller: 2023-04-27 - 70a605de85f9d197b61ec86d50dd98b91a39e585
Kernel:    2023-04-27 - cec24b8b6bb841a19b5c5555b600a511a8988100
Compiler:  gcc-10.2.1-20210110
Attempt 1:
    Time  Bug Name
***    2  memory leak in class_create
***    2  memory leak in class_create
***    2  memory leak in class_create
The bug was found.

2024-06-13 17:41:12
Session:   6
Template:  2023-04-27 - 70a605de85f9d197b61ec86d50dd98b91a39e585
Syzkaller: 2023-04-27 - 70a605de85f9d197b61ec86d50dd98b91a39e585
Kernel:    2023-04-27 - 556eb8b79190151506187bf0b16dda423c34d9a8
Compiler:  gcc-10.2.1-20210110
Attempt 1:
    Time  Bug Name
***    2  memory leak in class_create
***    2  memory leak in class_create
The bug was found.

== Confirming the bisected commit ==

2024-06-13 17:53:32
Session:   7
Template:  2023-04-27 - 70a605de85f9d197b61ec86d50dd98b91a39e585
Syzkaller: 2023-04-27 - 70a605de85f9d197b61ec86d50dd98b91a39e585
Kernel:    2023-04-27 - 556eb8b79190151506187bf0b16dda423c34d9a8
The bug was found in a previous identical fuzzing session.

====================================================================================================================================================
Revealing Factor:   Guilty Merge
Version:            2023-04-27 - 556eb8b79190151506187bf0b16dda423c34d9a8
Commit Name:        Merge tag 'driver-core-6.4-rc1' of git://git.kernel.org/pub/scm/linux/kernel/git/gregkh/driver-core

Bug Name:           memory leak in class_create
Bug Link:           https://syzkaller.appspot.com/bug?extid=e7afd76ad060fa0d2605
Arch:               amd64
Finding Date:       2023-04-29
Finding Commit:     2023-04-28 - 22b8cc3e78f5448b4c5df00303817a9137cd663f
Guilty Merge:       2023-04-27 - 556eb8b79190151506187bf0b16dda423c34d9a8
Guilty Commit:      2023-03-29 - 7b884b7f24b42fa25e92ed724ad82f137610afaf

Possible Blocking Bugs:
