KASAN: use-after-free Read in cfusbl_device_notify,https://syzkaller.appspot.com/bug?extid=b563d33852b893653a9e
Repository: linux
Arch: amd64
Finding: 2022-04-05 - 3e732ebf7316ac83e8562db7e64cc68aec390a18
Guilty:  2011-12-05 - 7ad65bf68d705b445ef10b77ab50dab22be185ee
No Duplicates
Default Allocation.
VMs:4
CPUs:4
Procs:24
Max time:30
Max attempts:3
Testing the finding commit.

2024-06-15 06:23:28
Session:   1
Template:  2022-04-07 - c6ff3e051f85ae554460141ba2ece6dbe9a36bb9
Syzkaller: 2022-04-07 - c6ff3e051f85ae554460141ba2ece6dbe9a36bb9
Kernel:    2022-04-05 - 3e732ebf7316ac83e8562db7e64cc68aec390a18
Compiler:  gcc-10.2.1-20210110
Attempt 1:
    Time  Bug Name
***    3  KASAN: use-after-free Read in cfusbl_device_notify
Attempt 2:
    Time  Bug Name
***    3  KASAN: use-after-free Read in cfusbl_device_notify
Attempt 3:
    Time  Bug Name
***    2  KASAN: use-after-free Read in cfusbl_device_notify
The bug was found.

New Max Time: 10.
No Merge Commit.

==== Template Retrospection ====
41 template changes in [2017-07-22, 2022-04-07].

2024-06-15 07:07:07
Session:   2
Template:  2020-07-05 - 37d770b0c35b662abb4a67cb4ddca6f21150ea4f
Syzkaller: 2020-07-05 - 37d770b0c35b662abb4a67cb4ddca6f21150ea4f
Kernel:    2020-07-05 - dcb7fd82c75ee2d6e6f9d8cc71c52519ed52e258
Compiler:  gcc-10.1.0-syz
Attempt 1:
    No crashes found.
Attempt 2:
    No crashes found.
Attempt 3:
    No crashes found.
The bug was not found.

2024-06-15 07:47:38
Session:   3
Template:  2021-10-13 - 9ccfa6cfcceb6981f543e295c1429817ad836a6b
Syzkaller: 2021-10-13 - 9ccfa6cfcceb6981f543e295c1429817ad836a6b
Kernel:    2021-10-13 - 348949d9a4440abdab3b1dc99a9bb660e8c7da7c
Compiler:  gcc-10.2.1-20210110
Attempt 1:
    Time  Bug Name
       1  suppressed report
      10  SYZFAIL: tun: ioctl(TUNSETIFF) failed
Attempt 2:
    Time  Bug Name
       2  suppressed report
       5  suppressed report
Attempt 3:
    No crashes found.
Attempt 4: (RETRY)
    No crashes found.
Attempt 5: (RETRY)
    Time  Bug Name
       1  suppressed report
       7  SYZFAIL: tun: ioctl(TUNSETIFF) failed
The bug was not found.
Warning: This session is unstable.

2024-06-15 08:49:14
Session:   4
Template:  2022-01-11 - f9379c776e786ca412b32d6f2bcd81015bba47c4
Syzkaller: 2022-01-11 - f9379c776e786ca412b32d6f2bcd81015bba47c4
Kernel:    2022-01-11 - c1eb8f6cff3442b0b7eff5b801c9745ea9abcb14
Compiler:  gcc-10.2.1-20210110
Attempt 1:
    Time  Bug Name
       4  SYZFAIL: tun: ioctl(TUNSETIFF) failed
       8  SYZFAIL: tun: ioctl(TUNSETIFF) failed
Attempt 2:
    Time  Bug Name
       3  SYZFAIL: tun: ioctl(TUNSETIFF) failed
Attempt 3:
    Time  Bug Name
       2  SYZFAIL: tun: ioctl(TUNSETIFF) failed
The bug was not found.
Warning: This session is unstable.

2024-06-15 09:30:39
Session:   5
Template:  2022-01-13 - 2257505bcf725a8d7e70611196bb09dad4538827
Syzkaller: 2022-01-13 - 2257505bcf725a8d7e70611196bb09dad4538827
Kernel:    2022-01-13 - fb3b0673b7d5b477ed104949450cd511337ba3c6
Compiler:  gcc-10.2.1-20210110
Attempt 1:
    Time  Bug Name
       5  SYZFAIL: tun: ioctl(TUNSETIFF) failed
       5  SYZFAIL: tun: ioctl(TUNSETIFF) failed
       9  SYZFAIL: wrong response packet
Attempt 2:
    Time  Bug Name
       2  lost connection to test machine
       7  SYZFAIL: tun: ioctl(TUNSETIFF) failed
Attempt 3:
    Time  Bug Name
       2  SYZFAIL: tun: ioctl(TUNSETIFF) failed
       5  SYZFAIL: tun: ioctl(TUNSETIFF) failed
       5  SYZFAIL: tun: ioctl(TUNSETIFF) failed
       5  SYZFAIL: tun: ioctl(TUNSETIFF) failed
       8  SYZFAIL: tun: ioctl(TUNSETIFF) failed
      10  SYZFAIL: tun: ioctl(TUNSETIFF) failed
The bug was not found.
Warning: This session is unstable.

2024-06-15 10:11:58
Session:   6
Template:  2022-03-16 - 46cc3b2193a3be0e0043d9cb98af1121aeebf09d
Syzkaller: 2022-03-16 - 46cc3b2193a3be0e0043d9cb98af1121aeebf09d
Kernel:    2022-03-16 - a46310bfae94cfadf3d28a4d97b71e3e4dcc954c
Compiler:  gcc-10.2.1-20210110
Attempt 1:
    Time  Bug Name
       3  SYZFAIL: tun: ioctl(TUNSETIFF) failed
Attempt 2:
    Time  Bug Name
       4  SYZFAIL: tun: ioctl(TUNSETIFF) failed
      10  SYZFAIL: tun: ioctl(TUNSETIFF) failed
Attempt 3:
    Time  Bug Name
       3  SYZFAIL: tun: ioctl(TUNSETIFF) failed
      10  unregister_netdevice: waiting for DEV to become free
The bug was not found.
Warning: This session is unstable.

==== Kernel Retrospection ====
246 Linux commits in [2022-03-16, 2022-04-07].

2024-06-15 10:53:12
Session:   7
Template:  2022-03-24 - 89bc860804252dbacb8c2bea60b9204859f4afd7
Syzkaller: 2022-03-24 - 89bc860804252dbacb8c2bea60b9204859f4afd7
Kernel:    2022-03-25 - 50560ce6a0bdab2fc37384c52aa02c7043909d2c
Compiler:  gcc-10.2.1-20210110
Attempt 1:
    Time  Bug Name
***    4  KASAN: use-after-free Read in cfusbl_device_notify
The bug was found.

2024-06-15 11:08:30
Session:   8
Template:  2022-03-22 - 5ff41e943946a9e71b55566a02c8b1371fc9b8de
Syzkaller: 2022-03-22 - 5ff41e943946a9e71b55566a02c8b1371fc9b8de
Kernel:    2022-03-22 - c269497d248e43558aafc6b3f87b49d4dd3c2713
Compiler:  gcc-10.2.1-20210110
Attempt 1:
    Time  Bug Name
       5  SYZFAIL: tun: ioctl(TUNSETIFF) failed
       7  SYZFAIL: wrong response packet
      10  SYZFAIL: tun: ioctl(TUNSETIFF) failed
Attempt 2:
    Time  Bug Name
       4  SYZFAIL: tun: ioctl(TUNSETIFF) failed
       8  SYZFAIL: tun: ioctl(TUNSETIFF) failed
Attempt 3:
    Time  Bug Name
       3  SYZFAIL: tun: ioctl(TUNSETIFF) failed
The bug was not found.
Warning: This session is unstable.

2024-06-15 11:49:43
Session:   9
Template:  2022-03-17 - e2d91b1d0dd8c8b4760986ec8114469246022bb8
Syzkaller: 2022-03-17 - e2d91b1d0dd8c8b4760986ec8114469246022bb8
Kernel:    2022-03-21 - 616355cc818c6ddadc393fdfd4491f94458cb715
Compiler:  gcc-10.2.1-20210110
Attempt 1:
    Time  Bug Name
       6  SYZFAIL: tun: ioctl(TUNSETIFF) failed
       6  lost connection to test machine
       8  SYZFAIL: tun: ioctl(TUNSETIFF) failed
Attempt 2:
    Time  Bug Name
       3  SYZFAIL: wrong response packet
       9  SYZFAIL: tun: ioctl(TUNSETIFF) failed
Attempt 3:
    Time  Bug Name
       3  SYZFAIL: tun: ioctl(TUNSETIFF) failed
The bug was not found.
Warning: This session is unstable.

2024-06-15 12:30:54
Session:   10
Template:  2022-03-17 - e2d91b1d0dd8c8b4760986ec8114469246022bb8
Syzkaller: 2022-03-17 - e2d91b1d0dd8c8b4760986ec8114469246022bb8
Kernel:    2022-03-21 - bba90e096468a3185649e9ab75873722ae4d6f96
Compiler:  gcc-10.2.1-20210110
Attempt 1:
    Time  Bug Name
       3  SYZFAIL: tun: ioctl(TUNSETIFF) failed
       6  SYZFAIL: tun: ioctl(TUNSETIFF) failed
       6  SYZFAIL: tun: ioctl(TUNSETIFF) failed
      10  SYZFAIL: tun: ioctl(TUNSETIFF) failed
Attempt 2:
    Time  Bug Name
       2  SYZFAIL: tun: ioctl(TUNSETIFF) failed
Attempt 3:
    Time  Bug Name
       3  SYZFAIL: tun: ioctl(TUNSETIFF) failed
The bug was not found.
Warning: This session is unstable.

2024-06-15 13:12:00
Session:   11
Template:  2022-03-17 - e2d91b1d0dd8c8b4760986ec8114469246022bb8
Syzkaller: 2022-03-17 - e2d91b1d0dd8c8b4760986ec8114469246022bb8
Kernel:    2022-03-20 - f443e374ae131c168a065ea1748feac6b2e76613
Compiler:  gcc-10.2.1-20210110
Attempt 1:
    Time  Bug Name
       8  SYZFAIL: tun: ioctl(TUNSETIFF) failed
Attempt 2:
    Time  Bug Name
       3  SYZFAIL: tun: ioctl(TUNSETIFF) failed
Attempt 3:
    Time  Bug Name
       5  SYZFAIL: tun: ioctl(TUNSETIFF) failed
The bug was not found.
Warning: This session is unstable.

2024-06-15 13:53:09
Session:   12
Template:  2022-03-16 - dfa9a8ed6b12b102fe3625ca8fc786aa86d54a5a
Syzkaller: 2022-03-16 - dfa9a8ed6b12b102fe3625ca8fc786aa86d54a5a
Kernel:    2022-03-16 - a46310bfae94cfadf3d28a4d97b71e3e4dcc954c
Compiler:  gcc-10.2.1-20210110
Attempt 1:
    Time  Bug Name
       3  SYZFAIL: tun: ioctl(TUNSETIFF) failed
Attempt 2:
    Time  Bug Name
       3  SYZFAIL: tun: ioctl(TUNSETIFF) failed
Attempt 3:
    No crashes found.
Attempt 4: (RETRY)
    Time  Bug Name
       3  SYZFAIL: tun: ioctl(TUNSETIFF) failed
      10  WARNING: ODEBUG bug in netdev_run_todo
The bug was not found.
Warning: This session is unstable.

2024-06-15 14:44:12
Session:   13
Template:  2022-03-22 - 5ff41e943946a9e71b55566a02c8b1371fc9b8de
Syzkaller: 2022-03-22 - 5ff41e943946a9e71b55566a02c8b1371fc9b8de
Kernel:    2022-03-23 - 6b1f86f8e9c7f9de7ca1cb987b2cf25e99b1ae3a
Compiler:  gcc-10.2.1-20210110
Attempt 1:
    Time  Bug Name
       4  SYZFAIL: tun: ioctl(TUNSETIFF) failed
       6  SYZFAIL: tun: ioctl(TUNSETIFF) failed
Attempt 2:
    No crashes found.
Attempt 3:
    No crashes found.
Attempt 4: (RETRY)
    Time  Bug Name
       3  SYZFAIL: tun: ioctl(TUNSETIFF) failed
      10  SYZFAIL: tun: ioctl(TUNSETIFF) failed
      10  SYZFAIL: tun: ioctl(TUNSETIFF) failed
Attempt 5: (RETRY)
    Time  Bug Name
       5  SYZFAIL: tun: ioctl(TUNSETIFF) failed
       7  SYZFAIL: tun: ioctl(TUNSETIFF) failed
       9  SYZFAIL: tun: ioctl(TUNSETIFF) failed
       9  SYZFAIL: tun: ioctl(TUNSETIFF) failed
The bug was not found.
Warning: This session is unstable.

2024-06-15 15:45:22
Session:   14
Template:  2022-03-22 - 5ff41e943946a9e71b55566a02c8b1371fc9b8de
Syzkaller: 2022-03-22 - 5ff41e943946a9e71b55566a02c8b1371fc9b8de
Kernel:    2022-03-23 - e6aef3496a00a12e78a571f61d98300cf0a86e6a
Compiler:  gcc-10.2.1-20210110
Attempt 1:
    Time  Bug Name
       3  SYZFAIL: tun: ioctl(TUNSETIFF) failed
Attempt 2:
    Time  Bug Name
       3  SYZFAIL: wrong response packet
Attempt 3:
    Time  Bug Name
       4  SYZFAIL: wrong response packet
The bug was not found.
Warning: This session is unstable.

2024-06-15 16:26:33
Session:   15
Template:  2022-03-24 - 89bc860804252dbacb8c2bea60b9204859f4afd7
Syzkaller: 2022-03-24 - 89bc860804252dbacb8c2bea60b9204859f4afd7
Kernel:    2022-03-24 - 169e77764adc041b1dacba84ea90516a895d43b2
Compiler:  gcc-10.2.1-20210110
Attempt 1:
    Time  Bug Name
***    2  KASAN: use-after-free Read in cfusbl_device_notify
The bug was found.

2024-06-15 16:39:39
Session:   16
Template:  2022-03-22 - 5ff41e943946a9e71b55566a02c8b1371fc9b8de
Syzkaller: 2022-03-22 - 5ff41e943946a9e71b55566a02c8b1371fc9b8de
Kernel:    2022-03-22 - b7a801f3956f0c1409d0ece07feb9a2ff78cd15b
Compiler:  gcc-10.2.1-20210110
Attempt 1:
    Time  Bug Name
       3  SYZFAIL: tun: ioctl(TUNSETIFF) failed
Attempt 2:
    Time  Bug Name
       3  SYZFAIL: tun: ioctl(TUNSETIFF) failed
       9  SYZFAIL: tun: ioctl(TUNSETIFF) failed
      10  SYZFAIL: tun: ioctl(TUNSETIFF) failed
Attempt 3:
    Time  Bug Name
       3  SYZFAIL: tun: ioctl(TUNSETIFF) failed
       6  SYZFAIL: tun: ioctl(TUNSETIFF) failed
       9  SYZFAIL: wrong response packet
The bug was not found.
Warning: This session is unstable.

2024-06-15 17:20:49
Session:   17
Template:  2022-03-17 - e2d91b1d0dd8c8b4760986ec8114469246022bb8
Syzkaller: 2022-03-17 - e2d91b1d0dd8c8b4760986ec8114469246022bb8
Kernel:    2022-03-21 - f648372dfe3e8e9dc8583c2b1790388be49bb47f
Compiler:  gcc-10.2.1-20210110
Attempt 1:
    Time  Bug Name
       4  SYZFAIL: tun: ioctl(TUNSETIFF) failed
       8  SYZFAIL: tun: ioctl(TUNSETIFF) failed
Attempt 2:
    Time  Bug Name
       3  lost connection to test machine
      10  SYZFAIL: wrong response packet
Attempt 3:
    Time  Bug Name
       3  SYZFAIL: wrong response packet
The bug was not found.
Warning: This session is unstable.

2024-06-15 18:01:54
Session:   18
Template:  2022-03-17 - e2d91b1d0dd8c8b4760986ec8114469246022bb8
Syzkaller: 2022-03-17 - e2d91b1d0dd8c8b4760986ec8114469246022bb8
Kernel:    2022-03-21 - 61e2658e37b3c0c7c82aab84f4cc162e1b90f6ca
Compiler:  gcc-10.2.1-20210110
Attempt 1:
    Time  Bug Name
       3  SYZFAIL: tun: ioctl(TUNSETIFF) failed
       7  SYZFAIL: wrong response packet
Attempt 2:
    Time  Bug Name
       3  lost connection to test machine
       6  SYZFAIL: tun: ioctl(TUNSETIFF) failed
       7  SYZFAIL: tun: ioctl(TUNSETIFF) failed
Attempt 3:
    Time  Bug Name
       3  SYZFAIL: tun: ioctl(TUNSETIFF) failed
       9  SYZFAIL: tun: ioctl(TUNSETIFF) failed
The bug was not found.
Warning: This session is unstable.

2024-06-15 18:43:04
Session:   19
Template:  2022-03-17 - e2d91b1d0dd8c8b4760986ec8114469246022bb8
Syzkaller: 2022-03-17 - e2d91b1d0dd8c8b4760986ec8114469246022bb8
Kernel:    2022-03-20 - 1e0e7a6a28f877312b93cd12a1448c8d53733b55
Compiler:  gcc-10.2.1-20210110
Attempt 1:
    Time  Bug Name
       6  SYZFAIL: tun: ioctl(TUNSETIFF) failed
Attempt 2:
    Time  Bug Name
       3  SYZFAIL: tun: ioctl(TUNSETIFF) failed
       5  SYZFAIL: tun: ioctl(TUNSETIFF) failed
Attempt 3:
    Time  Bug Name
       2  SYZFAIL: tun: ioctl(TUNSETIFF) failed
The bug was not found.
Warning: This session is unstable.

2024-06-15 19:24:08
Session:   20
Template:  2022-03-22 - 5ff41e943946a9e71b55566a02c8b1371fc9b8de
Syzkaller: 2022-03-22 - 5ff41e943946a9e71b55566a02c8b1371fc9b8de
Kernel:    2022-03-22 - ef510682af3dbe2f9cdae7126a1461c94e010967
Compiler:  gcc-10.2.1-20210110
Attempt 1:
    Time  Bug Name
       2  SYZFAIL: tun: ioctl(TUNSETIFF) failed
Attempt 2:
    Time  Bug Name
       3  SYZFAIL: tun: ioctl(TUNSETIFF) failed
       6  SYZFAIL: tun: ioctl(TUNSETIFF) failed
      10  SYZFAIL: tun: ioctl(TUNSETIFF) failed
Attempt 3:
    Time  Bug Name
       2  SYZFAIL: tun: ioctl(TUNSETIFF) failed
The bug was not found.
Warning: This session is unstable.

2024-06-15 20:05:12
Session:   21
Template:  2022-03-22 - 5ff41e943946a9e71b55566a02c8b1371fc9b8de
Syzkaller: 2022-03-22 - 5ff41e943946a9e71b55566a02c8b1371fc9b8de
Kernel:    2022-03-23 - 20f463fb38686dd3fe7e6903cab56bdbbf756238
Compiler:  gcc-10.2.1-20210110
Attempt 1:
    Time  Bug Name
       3  SYZFAIL: tun: ioctl(TUNSETIFF) failed
Attempt 2:
    Time  Bug Name
       6  SYZFAIL: tun: ioctl(TUNSETIFF) failed
Attempt 3:
    Time  Bug Name
       3  SYZFAIL: tun: ioctl(TUNSETIFF) failed
The bug was not found.
Warning: This session is unstable.

2024-06-15 20:46:25
Session:   22
Template:  2022-03-24 - 89bc860804252dbacb8c2bea60b9204859f4afd7
Syzkaller: 2022-03-24 - 89bc860804252dbacb8c2bea60b9204859f4afd7
Kernel:    2022-03-24 - 9c0e6a89b592f4c4e4d769dbc22d399ab0685159
Compiler:  gcc-10.2.1-20210110
Attempt 1:
    Time  Bug Name
       4  SYZFAIL: tun: ioctl(TUNSETIFF) failed
Attempt 2:
    Time  Bug Name
       3  SYZFAIL: tun: ioctl(TUNSETIFF) failed
       7  SYZFAIL: tun: ioctl(TUNSETIFF) failed
      10  SYZFAIL: tun: ioctl(TUNSETIFF) failed
Attempt 3:
    Time  Bug Name
       5  SYZFAIL: tun: ioctl(TUNSETIFF) failed
       7  SYZFAIL: tun: ioctl(TUNSETIFF) failed
       9  SYZFAIL: tun: ioctl(TUNSETIFF) failed
The bug was not found.
Warning: This session is unstable.

====================================================================================================================================================
Revealing Factor:   Unstable Commits
Unstable Range:     [2022-03-16, 2022-03-24]
Version:            2022-03-24 - 7403e6d8263937dea206dd201fed1ceed190ca18
Commit Name:        Merge tag 'vfio-v5.18-rc1' of https://github.com/awilliam/linux-vfio

Bug Name:           KASAN: use-after-free Read in cfusbl_device_notify
Bug Link:           https://syzkaller.appspot.com/bug?extid=b563d33852b893653a9e
Arch:               amd64
Finding Date:       2022-04-07
Finding Commit:     2022-04-05 - 3e732ebf7316ac83e8562db7e64cc68aec390a18
Guilty Merge:       None
Guilty Commit:      2011-12-05 - 7ad65bf68d705b445ef10b77ab50dab22be185ee

Possible Blocking Bugs:
