INFO: task hung in aead_recvmsg,https://syzkaller.appspot.com/bug?extid=56c7151cad94eec37c521f0e47d2eee53f9361c4
Repository: linux
Arch: amd64
Finding: 2018-07-20 - 48e5aee81f320da8abd1f09c8410f584315f59b0
Guilty:  2010-01-07 - 5068c7a883d1694f0fb3631b664827644153cd08
No Duplicates
Single Proc Allocation
VMs:8
CPUs:2
Procs:16
Max time:30
Max attempts:3
Testing the finding commit.

2024-06-19 23:10:38
Session:   1
Template:  2018-07-20 - 8cc079c3f60f253f57b715c3d87937541d03fae9
Syzkaller: 2018-07-20 - 8cc079c3f60f253f57b715c3d87937541d03fae9
Kernel:    2018-07-20 - 48e5aee81f320da8abd1f09c8410f584315f59b0
Compiler:  gcc-8.0.1-20180412
Attempt 1:
    Time  Bug Name
***    6  INFO: task hung in aead_recvmsg
Attempt 2:
    Time  Bug Name
***    6  INFO: task hung in aead_recvmsg
Attempt 3:
    Time  Bug Name
***    6  INFO: task hung in aead_recvmsg
The bug was found.

New Max Time: 10.
Merge Commit: 2010-02-27 - 37d4008484977f60d5d37499a2670c79b214dd46.

==== Template Inspection ====
51 template changes in [2017-07-22, 2018-07-21].

2024-06-19 23:55:15
Session:   2
Template:  2018-02-19 - 4b696a5daf040e6930be366eb66ab28401788932
Syzkaller: 2018-02-19 - 4b696a5daf040e6930be366eb66ab28401788932
Kernel:    2018-02-19 - 79c0ef3e85c015b0921a8fd5dd539d1480e9cd6c
Compiler:  gcc-8.0.1-20180301
Attempt 1:
    Time  Bug Name
       6  INFO: task hung in lock_sock_nested
       8  INFO: task hung in lock_sock_nested
       8  no output from test machine
      10  no output from test machine
      10  no output from test machine
Attempt 2:
    Time  Bug Name
       3  KASAN: alloca-out-of-bounds Read in tick_sched_handle
       5  WARNING: kernel stack regs has bad 'bp' value
       6  WARNING: kernel stack frame pointer has bad value
       8  INFO: task hung in lock_sock_nested
       9  no output from test machine
       9  no output from test machine
Attempt 3:
    Time  Bug Name
       1  KASAN: alloca-out-of-bounds Read in tick_sched_handle
       3  WARNING: kernel stack regs has bad 'bp' value
       6  INFO: task hung in lock_sock_nested
      10  INFO: task hung in lock_sock_nested
      10  WARNING: kernel stack regs has bad 'bp' value
      10  no output from test machine
The bug was not found.

2024-06-20 00:37:26
Session:   3
Template:  2018-04-13 - 0a0c5db668972ea332ee720d81f9c67616340845
Syzkaller: 2018-04-13 - 0a0c5db668972ea332ee720d81f9c67616340845
Kernel:    2018-04-13 - 48023102b7078a6674516b1fe0d639669336049d
Compiler:  gcc-8.0.1-20180412
Attempt 1:
    Time  Bug Name
       4  no output from test machine
       5  BUG: unable to handle kernel NULL pointer dereference in qlist_free_all
       6  BUG: unable to handle kernel NULL pointer dereference in qlist_free_all
       8  kernel BUG at mm/slab.c:LINE!
       9  WARNING: kernel stack regs has bad 'bp' value
Attempt 2:
    Time  Bug Name
       4  no output from test machine
       5  WARNING: kernel stack regs has bad 'bp' value
       6  WARNING: kernel stack regs has bad 'bp' value
       7  BUG: unable to handle kernel NULL pointer dereference in qlist_free_all
Attempt 3:
    Time  Bug Name
       4  no output from test machine
       5  KASAN: use-after-free Read in crypto_destroy_tfm
The bug was not found.

2024-06-20 01:17:19
Session:   4
Template:  2018-06-18 - dde158e0af7bc1acf328d393a1fcb4eca60a5dfe
Syzkaller: 2018-06-18 - dde158e0af7bc1acf328d393a1fcb4eca60a5dfe
Kernel:    2018-06-18 - ba4dbdedd3edc2798659bcd8b1a184ea8bdd04dc
Compiler:  gcc-8.0.1-20180412
Attempt 1:
    Time  Bug Name
       4  no output from test machine
       7  WARNING in set_precision
Attempt 2:
    Time  Bug Name
       4  no output from test machine
Attempt 3:
    Time  Bug Name
       4  no output from test machine
       8  WARNING: kernel stack regs has bad 'bp' value
The bug was not found.

2024-06-20 01:57:26
Session:   5
Template:  2018-07-09 - 59da9e439317c83d5374d06832060fbd66efbbbc
Syzkaller: 2018-07-09 - 59da9e439317c83d5374d06832060fbd66efbbbc
Kernel:    2018-07-09 - bdf33113d89f70186ffb6674e925fa9b8a0266b1
Compiler:  gcc-8.0.1-20180412
Attempt 1:
    Time  Bug Name
***    6  INFO: task hung in aead_recvmsg
The bug was found.

2024-06-20 02:13:34
Session:   6
Template:  2018-07-08 - eb5690a56d4a550498e4c0540eb4fa703c9b87e9
Syzkaller: 2018-07-08 - eb5690a56d4a550498e4c0540eb4fa703c9b87e9
Kernel:    2018-07-08 - 1e4b044d22517cae7047c99038abb444423243ca
Compiler:  gcc-8.0.1-20180412
Attempt 1:
    Time  Bug Name
***    6  INFO: task hung in aead_recvmsg
The bug was found.

2024-06-20 02:28:41
Session:   7
Template:  2018-06-23 - 2064fc5c9114c170841328aaa4b124a4062becf6
Syzkaller: 2018-06-23 - 2064fc5c9114c170841328aaa4b124a4062becf6
Kernel:    2018-06-23 - 77072ca59fddcb8cefd2cbf5382cfa39c5a10442
Compiler:  gcc-8.0.1-20180412
Attempt 1:
    Time  Bug Name
       5  no output from test machine
Attempt 2:
    Time  Bug Name
       4  no output from test machine
Attempt 3:
    Time  Bug Name
       4  no output from test machine
The bug was not found.

2024-06-20 03:08:59
Session:   8
Template:  2018-06-23 - 2064fc5c9114c170841328aaa4b124a4062becf6
Syzkaller: 2018-07-08 - eb5690a56d4a550498e4c0540eb4fa703c9b87e9
Kernel:    2018-07-08 - 1e4b044d22517cae7047c99038abb444423243ca
Compiler:  gcc-8.0.1-20180412
Attempt 1:
    Time  Bug Name
***    6  INFO: task hung in aead_recvmsg
The bug was found.

==== Kernel Inspection ====
96 Linux commits in [2018-06-23, 2018-07-08].

2024-06-20 03:26:00
Session:   9
Template:  2018-06-30 - 664ef9a3e1016e80fc1fcbbef6e9f66a2ededfe6
Syzkaller: 2018-06-30 - 664ef9a3e1016e80fc1fcbbef6e9f66a2ededfe6
Kernel:    2018-06-30 - 34a484d58c1d0cdce4c5d63249ae89539dfad6b2
Compiler:  gcc-8.0.1-20180412
Attempt 1:
    Time  Bug Name
***    6  INFO: task hung in aead_recvmsg
The bug was found.

2024-06-20 03:41:13
Session:   10
Template:  2018-06-27 - a2c1dcb323487cc3a78939261b7505544c0713de
Syzkaller: 2018-06-27 - a2c1dcb323487cc3a78939261b7505544c0713de
Kernel:    2018-06-27 - 896a349228c494aa65279ccfc41d2395898f6f4d
Compiler:  gcc-8.0.1-20180412
Attempt 1:
    Time  Bug Name
       4  no output from test machine
Attempt 2:
    Time  Bug Name
       4  no output from test machine
Attempt 3:
    Time  Bug Name
       4  no output from test machine
The bug was not found.

2024-06-20 04:20:45
Session:   11
Template:  2018-06-28 - 68ce63c46891becd752fa1c0a0c3caaa98117832
Syzkaller: 2018-06-28 - 68ce63c46891becd752fa1c0a0c3caaa98117832
Kernel:    2018-06-28 - 90368a37fbbe76056db2b703c08903939a2a18dc
Compiler:  gcc-8.0.1-20180412
Attempt 1:
    Time  Bug Name
       4  no output from test machine
       8  INFO: task hung in __sb_start_write
Attempt 2:
    Time  Bug Name
       4  no output from test machine
Attempt 3:
    Time  Bug Name
       4  no output from test machine
The bug was not found.

2024-06-20 05:00:52
Session:   12
Template:  2018-06-29 - 5739f7bef21ce8e3cee6b67f3cde2b37cb9891d4
Syzkaller: 2018-06-29 - 5739f7bef21ce8e3cee6b67f3cde2b37cb9891d4
Kernel:    2018-06-29 - cd993fc4316d5268f42ab991e9a2c8a6e6cd8dc1
Compiler:  gcc-8.0.1-20180412
Attempt 1:
    Time  Bug Name
       4  no output from test machine
Attempt 2:
    Time  Bug Name
       4  no output from test machine
Attempt 3:
    Time  Bug Name
       4  no output from test machine
The bug was not found.

2024-06-20 05:41:30
Session:   13
Template:  2018-06-29 - 5739f7bef21ce8e3cee6b67f3cde2b37cb9891d4
Syzkaller: 2018-06-29 - 5739f7bef21ce8e3cee6b67f3cde2b37cb9891d4
Kernel:    2018-06-29 - 0d55ec6f3eb727d937a94de8bd3828ef662f871b
Compiler:  gcc-8.0.1-20180412
Attempt 1:
    Time  Bug Name
       4  no output from test machine
       6  no output from test machine
Attempt 2:
    Time  Bug Name
       4  no output from test machine
Attempt 3:
    Time  Bug Name
       4  no output from test machine
The bug was not found.

2024-06-20 06:21:14
Session:   14
Template:  2018-06-30 - 664ef9a3e1016e80fc1fcbbef6e9f66a2ededfe6
Syzkaller: 2018-06-30 - 664ef9a3e1016e80fc1fcbbef6e9f66a2ededfe6
Kernel:    2018-06-30 - e6e5bec43c0d5dec97355ebf9f6c9bbf4d4c29d5
Compiler:  gcc-8.0.1-20180412
Attempt 1:
    Time  Bug Name
***    6  INFO: task hung in aead_recvmsg
The bug was found.

2024-06-20 06:36:54
Session:   15
Template:  2018-06-30 - 664ef9a3e1016e80fc1fcbbef6e9f66a2ededfe6
Syzkaller: 2018-06-30 - 664ef9a3e1016e80fc1fcbbef6e9f66a2ededfe6
Kernel:    2018-06-30 - 1904148a361a07fb2d7cba1261d1d2c2f33c8d2e
Compiler:  gcc-8.0.1-20180412
Attempt 1:
    Time  Bug Name
***    6  INFO: task hung in aead_recvmsg
The bug was found.

== Confirming the bisected commit ==

2024-06-20 06:51:17
Session:   16
Template:  2018-06-30 - 664ef9a3e1016e80fc1fcbbef6e9f66a2ededfe6
Syzkaller: 2018-06-30 - 664ef9a3e1016e80fc1fcbbef6e9f66a2ededfe6
Kernel:    2018-06-30 - 1904148a361a07fb2d7cba1261d1d2c2f33c8d2e
The bug was found in a previous identical fuzzing session.

2024-06-20 06:51:17
Session:   17
Template:  2018-06-30 - 664ef9a3e1016e80fc1fcbbef6e9f66a2ededfe6
Syzkaller: 2018-06-30 - 664ef9a3e1016e80fc1fcbbef6e9f66a2ededfe6
Kernel:    2018-06-29 - 0d55ec6f3eb727d937a94de8bd3828ef662f871b
Compiler:  gcc-8.0.1-20180412
Attempt 1:
    Time  Bug Name
***    6  INFO: task hung in aead_recvmsg
The bug was found.

==== Syzkaller Inspection ====
16 Syzkaller commits from [2018-06-30].

2024-06-20 07:16:04
Session:   18
Template:  2018-06-30 - 664ef9a3e1016e80fc1fcbbef6e9f66a2ededfe6
Syzkaller: 2018-06-30 - 664ef9a3e1016e80fc1fcbbef6e9f66a2ededfe6
Kernel:    2018-06-30 - 1904148a361a07fb2d7cba1261d1d2c2f33c8d2e
Compiler:  gcc-8.0.1-20180412
The bug was found in a previous identical fuzzing session.

2024-06-20 07:16:04
Session:   19
Template:  2018-06-30 - 9054fae0162950c1fd961819f64b1ac90e5930b3
Syzkaller: 2018-06-30 - 9054fae0162950c1fd961819f64b1ac90e5930b3
Kernel:    2018-06-30 - 1904148a361a07fb2d7cba1261d1d2c2f33c8d2e
Compiler:  gcc-8.0.1-20180412
Attempt 1:
    No crashes found.
Attempt 2:
    Time  Bug Name
      19  WARNING in smc_unhash_sk
***   29  INFO: task hung in aead_recvmsg
The bug was found.

2024-06-20 08:45:38
Session:   20
Template:  2018-06-30 - b7d8ccf74f77c5dfee9decd54dfde738ac166cb3
Syzkaller: 2018-06-30 - b7d8ccf74f77c5dfee9decd54dfde738ac166cb3
Kernel:    2018-06-30 - 1904148a361a07fb2d7cba1261d1d2c2f33c8d2e
Compiler:  gcc-8.0.1-20180412
Attempt 1:
    Time  Bug Name
      30  WARNING in smc_unhash_sk
      34  INFO: task hung in __sb_start_write
      35  WARNING in smc_unhash_sk
***   49  INFO: task hung in aead_recvmsg
The bug was found.

2024-06-20 09:35:52
Session:   21
Template:  2018-06-30 - bdc18a387e738afd10b8d9644edefe9d8c2c16f8
Syzkaller: 2018-06-30 - bdc18a387e738afd10b8d9644edefe9d8c2c16f8
Kernel:    2018-06-30 - 1904148a361a07fb2d7cba1261d1d2c2f33c8d2e
Compiler:  gcc-8.0.1-20180412
Attempt 1:
    Time  Bug Name
      20  WARNING in set_precision
      29  WARNING in set_precision
***   41  INFO: task hung in aead_recvmsg
The bug was found.

2024-06-20 10:18:16
Session:   22
Template:  2018-06-30 - 4cd4cbd625347dd69ce1f0259dffda4192a4bfc7
Syzkaller: 2018-06-30 - 4cd4cbd625347dd69ce1f0259dffda4192a4bfc7
Kernel:    2018-06-30 - 1904148a361a07fb2d7cba1261d1d2c2f33c8d2e
Compiler:  gcc-8.0.1-20180412
Attempt 1:
    Time  Bug Name
       7  WARNING in set_precision
       8  INFO: task hung in __sb_start_write
***   22  INFO: task hung in aead_recvmsg
The bug was found.

2024-06-20 10:41:46
Session:   23
Template:  2018-06-30 - 3e16f33c65114b4ad98490b717b910300e1257f5
Syzkaller: 2018-06-30 - 3e16f33c65114b4ad98490b717b910300e1257f5
Kernel:    2018-06-30 - 1904148a361a07fb2d7cba1261d1d2c2f33c8d2e
Compiler:  gcc-8.0.1-20180412
Attempt 1:
    Time  Bug Name
      27  WARNING in smc_unhash_sk
      41  INFO: task hung in __sb_start_write
      44  INFO: task hung in __sb_start_write
      44  WARNING in smc_unhash_sk
Attempt 2:
    Time  Bug Name
      13  WARNING in set_precision
      38  WARNING in set_precision
      40  INFO: task hung in __sb_start_write
      44  INFO: task hung in __sb_start_write
***   59  INFO: task hung in aead_recvmsg
The bug was found.

2024-06-20 12:41:15
Session:   24
Template:  2018-06-30 - e2f6c7543ebab68987037a009b80c67104e5697a
Syzkaller: 2018-06-30 - e2f6c7543ebab68987037a009b80c67104e5697a
Kernel:    2018-06-30 - 1904148a361a07fb2d7cba1261d1d2c2f33c8d2e
Compiler:  gcc-8.0.1-20180412
Attempt 1:
    Time  Bug Name
       8  INFO: task hung in __sb_start_write
       8  INFO: task hung in __sb_start_write
***   20  INFO: task hung in aead_recvmsg
The bug was found.

2024-06-20 13:02:29
Session:   25
Template:  2018-06-30 - 3c690e2e536da52a49a1e79a5415fc41d54e4819
Syzkaller: 2018-06-30 - 3c690e2e536da52a49a1e79a5415fc41d54e4819
Kernel:    2018-06-30 - 1904148a361a07fb2d7cba1261d1d2c2f33c8d2e
Compiler:  gcc-8.0.1-20180412
Attempt 1:
    Time  Bug Name
      21  no output from test machine
      39  WARNING in smc_unhash_sk
      43  WARNING in smc_unhash_sk
      52  no output from test machine
Attempt 2:
    Time  Bug Name
      19  no output from test machine
      49  no output from test machine
      56  lost connection to test machine
      60  WARNING in smc_unhash_sk
Attempt 3:
    Time  Bug Name
       8  INFO: task hung in __sb_start_write
      10  WARNING in set_precision
      20  WARNING in smc_unhash_sk
      36  no output from test machine
      37  no output from test machine
      40  lost connection to test machine
      45  no output from test machine
      56  no output from test machine
Attempt 4: (RETRY)
    Time  Bug Name
      29  no output from test machine
      30  no output from test machine
      40  WARNING in smc_unhash_sk
      42  WARNING in smc_unhash_sk
      43  WARNING in smc_unhash_sk
***   50  INFO: task hung in aead_recvmsg
The bug was found.

2024-06-20 16:52:43
Session:   26
Template:  2018-06-30 - 44594e63623bf1966fdea0e591d1afbb9a9ce469
Syzkaller: 2018-06-30 - 44594e63623bf1966fdea0e591d1afbb9a9ce469
Kernel:    2018-06-30 - 1904148a361a07fb2d7cba1261d1d2c2f33c8d2e
Compiler:  gcc-8.0.1-20180412
Attempt 1:
    Time  Bug Name
       8  INFO: task hung in __sb_start_write
      32  no output from test machine
      37  WARNING in smc_unhash_sk
***   56  INFO: task hung in aead_recvmsg
The bug was found.

2024-06-20 17:49:53
Session:   27
Template:  2018-06-30 - 296058933598b6763a1e2e94385c942800fffb9d
Syzkaller: 2018-06-30 - 296058933598b6763a1e2e94385c942800fffb9d
Kernel:    2018-06-30 - 1904148a361a07fb2d7cba1261d1d2c2f33c8d2e
Compiler:  gcc-8.0.1-20180412
Attempt 1:
    Time  Bug Name
      24  WARNING in smc_unhash_sk
      27  INFO: task hung in lock_sock_nested
      30  no output from test machine
      34  no output from test machine
      39  INFO: task hung in lock_sock_nested
      47  WARNING in smc_unhash_sk
      49  lost connection to test machine
***   56  INFO: task hung in aead_recvmsg
The bug was found.

2024-06-20 18:47:07
Session:   28
Template:  2018-06-30 - 65c456e595c099c7ea55c4ab2b04efcb75dfe857
Syzkaller: 2018-06-30 - 65c456e595c099c7ea55c4ab2b04efcb75dfe857
Kernel:    2018-06-30 - 1904148a361a07fb2d7cba1261d1d2c2f33c8d2e
Compiler:  gcc-8.0.1-20180412
Attempt 1:
    Time  Bug Name
      11  no output from test machine
      11  WARNING in smc_unhash_sk
      18  no output from test machine
      34  INFO: task hung in __sb_start_write
      41  no output from test machine
***   51  INFO: task hung in aead_recvmsg
The bug was found.

2024-06-20 19:39:21
Session:   29
Template:  2018-06-30 - b1f623c85339555c67393824a08b1bc5a36af499
Syzkaller: 2018-06-30 - b1f623c85339555c67393824a08b1bc5a36af499
Kernel:    2018-06-30 - 1904148a361a07fb2d7cba1261d1d2c2f33c8d2e
Compiler:  gcc-8.0.1-20180412
Attempt 1:
    Time  Bug Name
      13  INFO: task hung in __sb_start_write
      40  no output from test machine
      52  WARNING in smc_unhash_sk
      53  WARNING in smc_unhash_sk
***   56  INFO: task hung in aead_recvmsg
The bug was found.

2024-06-20 20:36:34
Session:   30
Template:  2018-06-30 - 57799a834f68e87e4e6b19cf024f0803e8e74805
Syzkaller: 2018-06-30 - 57799a834f68e87e4e6b19cf024f0803e8e74805
Kernel:    2018-06-30 - 1904148a361a07fb2d7cba1261d1d2c2f33c8d2e
Compiler:  gcc-8.0.1-20180412
Attempt 1:
    Time  Bug Name
       6  INFO: task hung in __sb_start_write
       6  INFO: task hung in __sb_start_write
       6  INFO: task hung in __sb_start_write
      18  WARNING in smc_unhash_sk
      21  WARNING in smc_unhash_sk
      31  no output from test machine
      44  no output from test machine
Attempt 2:
    Time  Bug Name
      13  WARNING in set_precision
      54  no output from test machine
Attempt 3:
    Time  Bug Name
       6  no output from test machine
       7  WARNING in set_precision
      15  WARNING in smc_unhash_sk
***   28  INFO: task hung in aead_recvmsg
The bug was found.

2024-06-20 23:04:48
Session:   31
Template:  2018-06-30 - 5012ddc8ebeb996abdf6da94fbd489420860d5e9
Syzkaller: 2018-06-30 - 5012ddc8ebeb996abdf6da94fbd489420860d5e9
Kernel:    2018-06-30 - 1904148a361a07fb2d7cba1261d1d2c2f33c8d2e
Compiler:  gcc-8.0.1-20180412
Attempt 1:
    Time  Bug Name
      15  INFO: task hung in __sb_start_write
      21  WARNING in smc_unhash_sk
      28  no output from test machine
***   32  INFO: task hung in aead_recvmsg
The bug was found.

2024-06-20 23:38:04
Session:   32
Template:  2018-06-30 - 906b9e38f1042fb822a8b568e3633b575a8bc71d
Syzkaller: 2018-06-30 - 906b9e38f1042fb822a8b568e3633b575a8bc71d
Kernel:    2018-06-30 - 1904148a361a07fb2d7cba1261d1d2c2f33c8d2e
Compiler:  gcc-8.0.1-20180412
Attempt 1:
    Time  Bug Name
      18  no output from test machine
      22  no output from test machine
      31  WARNING in smc_unhash_sk
***   34  INFO: task hung in aead_recvmsg
The bug was found.

2024-06-21 00:13:30
Session:   33
Template:  2018-06-30 - 1d788bb883908c3db498a3e4c79b83443ac3aeab
Syzkaller: 2018-06-30 - 1d788bb883908c3db498a3e4c79b83443ac3aeab
Kernel:    2018-06-30 - 1904148a361a07fb2d7cba1261d1d2c2f33c8d2e
Compiler:  gcc-8.0.1-20180412
Attempt 1:
    Time  Bug Name
      21  WARNING in smc_unhash_sk
      25  WARNING in smc_unhash_sk
      26  WARNING in set_precision
      27  WARNING in smc_unhash_sk
      29  WARNING in smc_unhash_sk
      30  WARNING in smc_unhash_sk
      46  no output from test machine
      56  no output from test machine
Attempt 2:
    Time  Bug Name
      53  lost connection to test machine
***   60  INFO: task hung in aead_recvmsg
The bug was found.

====================================================================================================================================================
Revealing Factor:   Syzkaller Update
Version:            2018-06-30 - 1d788bb883908c3db498a3e4c79b83443ac3aeab
Commit Name:        pkg/report: better detect hangs on fuchsia

Bug Name:           INFO: task hung in aead_recvmsg
Bug Link:           https://syzkaller.appspot.com/bug?extid=56c7151cad94eec37c521f0e47d2eee53f9361c4
Arch:               amd64
Finding Date:       2018-07-21
Finding Commit:     2018-07-20 - 48e5aee81f320da8abd1f09c8410f584315f59b0
Guilty Merge:       2010-02-27 - 37d4008484977f60d5d37499a2670c79b214dd46
Guilty Commit:      2010-01-07 - 5068c7a883d1694f0fb3631b664827644153cd08

Possible Blocking Bugs:
    no output from test machine
    WARNING in smc_unhash_sk
