KASAN: use-after-free Write in j1939_sock_pending_del,https://syzkaller.appspot.com/bug?extid=07bb74aeafc88ba7d5b4
Repository: linux
Arch: amd64
Finding: 2019-11-03 - a99d8080aaf358d5d23581244e5da23b35e340b9
Guilty:  2019-09-04 - 9d71dd0c70099914fcd063135da3c580865e924c
Duplicate Names:
    KASAN: use-after-free Write in j1939_sock_pending_del
    general protection fault in j1939_jsk_del
    WARNING: refcount bug in j1939_netdev_start
Default Allocation.
VMs:4
CPUs:4
Procs:24
Max time:30
Max attempts:3
Testing the finding commit.

2024-06-12 12:20:52
Session:   1
Template:  2019-11-05 - bc2c6e45b9f01fa6046cb3efa9d3aae9f05238a8
Syzkaller: 2019-11-05 - bc2c6e45b9f01fa6046cb3efa9d3aae9f05238a8
Kernel:    2019-11-03 - a99d8080aaf358d5d23581244e5da23b35e340b9
Compiler:  gcc-9.0.0-20181231
Attempt 1:
    Time  Bug Name
***   10  general protection fault in j1939_jsk_del
Attempt 2:
    Time  Bug Name
***    5  general protection fault in j1939_jsk_del
Attempt 3:
    Time  Bug Name
***    7  general protection fault in j1939_jsk_del
The bug was found.

New Max Time: 10.
Merge Commit: 2019-09-05 - 44c40910b66f786d33ffd2682ef38750eebb567c.

==== Template Retrospection ====
11 template changes in [2019-09-05, 2019-11-05].

2024-06-12 12:58:34
Session:   2
Template:  2019-10-25 - f2635abc2ab7c5581a369c7907278190e72520cc
Syzkaller: 2019-10-25 - f2635abc2ab7c5581a369c7907278190e72520cc
Kernel:    2019-10-25 - b4b61b224d12ef12ff21cc598acce0ee818903ab
Compiler:  gcc-9.0.0-20181231
Attempt 1:
    No crashes found.
Attempt 2:
    No crashes found.
Attempt 3:
    No crashes found.
The bug was not found.

2024-06-12 13:40:07
Session:   3
Template:  2019-11-03 - 97f4b019d87a073ff02a3ff8b08ada59aea6e688
Syzkaller: 2019-11-03 - 97f4b019d87a073ff02a3ff8b08ada59aea6e688
Kernel:    2019-11-03 - a99d8080aaf358d5d23581244e5da23b35e340b9
Compiler:  gcc-9.0.0-20181231
Attempt 1:
    Time  Bug Name
       5  general protection fault in j1939_sk_sendmsg
Attempt 2:
    No crashes found.
Attempt 3:
    Time  Bug Name
       6  general protection fault in j1939_sk_sendmsg
The bug was not found.

2024-06-12 14:21:41
Session:   4
Template:  2019-11-04 - e2d61622eb61b451cb2cc72684154fafa1977eef
Syzkaller: 2019-11-04 - e2d61622eb61b451cb2cc72684154fafa1977eef
Kernel:    2019-11-03 - a99d8080aaf358d5d23581244e5da23b35e340b9
Compiler:  gcc-9.0.0-20181231
Attempt 1:
    Time  Bug Name
***    5  general protection fault in j1939_jsk_del
The bug was found.

2024-06-12 14:37:52
Session:   5
Template:  2019-11-03 - 99d946ccff4e757395f5607f06645c79c2c951df
Syzkaller: 2019-11-03 - 99d946ccff4e757395f5607f06645c79c2c951df
Kernel:    2019-11-03 - a99d8080aaf358d5d23581244e5da23b35e340b9
Compiler:  gcc-9.0.0-20181231
Attempt 1:
    Time  Bug Name
      10  general protection fault in j1939_sk_sendmsg
Attempt 2:
    Time  Bug Name
      10  general protection fault in j1939_sk_sendmsg
Attempt 3:
    Time  Bug Name
***    5  general protection fault in j1939_jsk_del
The bug was found.

2024-06-12 15:13:14
Session:   6
Template:  2019-11-03 - 97f4b019d87a073ff02a3ff8b08ada59aea6e688
Syzkaller: 2019-11-03 - 99d946ccff4e757395f5607f06645c79c2c951df
Kernel:    2019-11-03 - a99d8080aaf358d5d23581244e5da23b35e340b9
Attempt 1:
    No crashes found.
Attempt 2:
    Time  Bug Name
***    5  general protection fault in j1939_jsk_del
The bug was found.

==== Kernel Retrospection ====
1 Linux commit in [2019-11-03, 2019-11-03].

2024-06-12 15:29:43
Session:   7
Template:  2019-11-03 - b35fad31e9c2d4a970d051deff80ec7cc4c3e459
Syzkaller: 2019-11-03 - b35fad31e9c2d4a970d051deff80ec7cc4c3e459
Kernel:    2019-11-03 - a99d8080aaf358d5d23581244e5da23b35e340b9
Compiler:  gcc-9.0.0-20181231
Attempt 1:
    Time  Bug Name
***    6  general protection fault in j1939_jsk_del
The bug was found.

2024-06-12 15:45:56
Session:   8
Template:  2019-11-03 - b35fad31e9c2d4a970d051deff80ec7cc4c3e459
Syzkaller: 2019-11-03 - b35fad31e9c2d4a970d051deff80ec7cc4c3e459
Kernel:    2019-11-03 - 3a69c9e522950020d4973317201f4a419ee6d6a3
Compiler:  gcc-9.0.0-20181231
Attempt 1:
    Time  Bug Name
***    6  general protection fault in j1939_jsk_del
***    6  general protection fault in j1939_jsk_del
The bug was found.

== Confirming the bisected commit ==

2024-06-12 16:03:04
Session:   9
Template:  2019-11-03 - b35fad31e9c2d4a970d051deff80ec7cc4c3e459
Syzkaller: 2019-11-03 - b35fad31e9c2d4a970d051deff80ec7cc4c3e459
Kernel:    2019-11-03 - 3a69c9e522950020d4973317201f4a419ee6d6a3
The bug was found in a previous identical fuzzing session.

2024-06-12 16:03:04
Session:   10
Template:  2019-11-03 - b35fad31e9c2d4a970d051deff80ec7cc4c3e459
Syzkaller: 2019-11-03 - b35fad31e9c2d4a970d051deff80ec7cc4c3e459
Kernel:    2019-11-02 - 56cfd2507d3e720f4b1dbf9513e00680516a0826
Compiler:  gcc-9.0.0-20181231
Attempt 1:
    Time  Bug Name
***    7  general protection fault in j1939_jsk_del
The bug was found.

==== Syzkaller Retrospection ====
7 Syzkaller commits from [2019-11-03].

2024-06-12 16:30:22
Session:   11
Template:  2019-11-03 - b35fad31e9c2d4a970d051deff80ec7cc4c3e459
Syzkaller: 2019-11-03 - b35fad31e9c2d4a970d051deff80ec7cc4c3e459
Kernel:    2019-11-03 - 3a69c9e522950020d4973317201f4a419ee6d6a3
Compiler:  gcc-9.0.0-20181231
The bug was found in a previous identical fuzzing session.

2024-06-12 16:30:22
Session:   12
Template:  2019-11-03 - 99d946ccff4e757395f5607f06645c79c2c951df
Syzkaller: 2019-11-03 - 99d946ccff4e757395f5607f06645c79c2c951df
Kernel:    2019-11-03 - 3a69c9e522950020d4973317201f4a419ee6d6a3
Compiler:  gcc-9.0.0-20181231
Attempt 1:
    Time  Bug Name
      29  BUG: MAX_LOCKDEP_KEYS too low!
      37  BUG: MAX_LOCKDEP_KEYS too low!
      46  KASAN: use-after-free Read in j1939_session_get_by_addr
Attempt 2:
    Time  Bug Name
***   20  general protection fault in j1939_jsk_del
The bug was found.

2024-06-12 17:51:35
Session:   13
Template:  2019-11-03 - 2079602763074ecfff9e9793649fc215faf7a5e1
Syzkaller: 2019-11-03 - 2079602763074ecfff9e9793649fc215faf7a5e1
Kernel:    2019-11-03 - 3a69c9e522950020d4973317201f4a419ee6d6a3
Compiler:  gcc-9.0.0-20181231
Attempt 1:
    No crashes found.
Attempt 2:
    No crashes found.
Attempt 3:
    Time  Bug Name
***   11  general protection fault in j1939_jsk_del
The bug was found.

2024-06-12 20:03:53
Session:   14
Template:  2019-11-03 - d40d75d2d787b9d4f949422b88de18ede4ee20b6
Syzkaller: 2019-11-03 - d40d75d2d787b9d4f949422b88de18ede4ee20b6
Kernel:    2019-11-03 - 3a69c9e522950020d4973317201f4a419ee6d6a3
Compiler:  gcc-9.0.0-20181231
Attempt 1:
    No crashes found.
Attempt 2:
    Time  Bug Name
***    7  general protection fault in j1939_jsk_del
The bug was found.

2024-06-12 21:12:10
Session:   15
Template:  2019-11-03 - 97f4b019d87a073ff02a3ff8b08ada59aea6e688
Syzkaller: 2019-11-03 - 97f4b019d87a073ff02a3ff8b08ada59aea6e688
Kernel:    2019-11-03 - 3a69c9e522950020d4973317201f4a419ee6d6a3
Compiler:  gcc-9.0.0-20181231
Attempt 1:
    No crashes found.
Attempt 2:
    No crashes found.
Attempt 3:
    Time  Bug Name
***   51  general protection fault in j1939_jsk_del
The bug was found.

2024-06-13 00:04:35
Session:   16
Template:  2019-11-03 - fceca3f4b76241ca8a285c9a15c4aa7580184156
Syzkaller: 2019-11-03 - fceca3f4b76241ca8a285c9a15c4aa7580184156
Kernel:    2019-11-03 - 3a69c9e522950020d4973317201f4a419ee6d6a3
Compiler:  gcc-9.0.0-20181231
Attempt 1:
    Time  Bug Name
***    7  general protection fault in j1939_jsk_del
The bug was found.

2024-06-13 00:12:58
Session:   17
Template:  2019-11-03 - c9610487d8c10f7b4ffb32764a6720cbbdfe6058
Syzkaller: 2019-11-03 - c9610487d8c10f7b4ffb32764a6720cbbdfe6058
Kernel:    2019-11-03 - 3a69c9e522950020d4973317201f4a419ee6d6a3
Compiler:  gcc-9.0.0-20181231
Attempt 1:
    Time  Bug Name
      25  BUG: MAX_LOCKDEP_ENTRIES too low!
      27  BUG: MAX_LOCKDEP_ENTRIES too low!
***   45  general protection fault in j1939_jsk_del
The bug was found.

====================================================================================================================================================
Revealing Factor:   Syzkaller Update
Version:            2019-11-03 - c9610487d8c10f7b4ffb32764a6720cbbdfe6058
Commit Name:        docs: mention more fuzzing research work

Bug Name:           KASAN: use-after-free Write in j1939_sock_pending_del
Bug Link:           https://syzkaller.appspot.com/bug?extid=07bb74aeafc88ba7d5b4
Arch:               amd64
Finding Date:       2019-11-05
Finding Commit:     2019-11-03 - a99d8080aaf358d5d23581244e5da23b35e340b9
Guilty Merge:       2019-09-05 - 44c40910b66f786d33ffd2682ef38750eebb567c
Guilty Commit:      2019-09-04 - 9d71dd0c70099914fcd063135da3c580865e924c

Possible Blocking Bugs:
