INFO: task hung in btrfs_sync_file,https://syzkaller.appspot.com/bug?extid=a694851c6ab28cbcfb9c
Repository: linux
Arch: amd64
Finding: 2023-03-22 - fff5a5e7f528b2ed2c335991399a766c2cf01103
Guilty:  2022-01-03 - abed4aaae4f71a7bcdbe90a65319b6e772a2689d
Duplicate Names:
    kernel BUG in assertfail
    INFO: task hung in btrfs_sync_file
Single Proc Allocation
VMs:8
CPUs:2
Procs:16
Max time:30
Max attempts:3
Testing the finding commit.

2024-06-12 01:09:19
Session:   1
Template:  2023-03-22 - f94b4a29b579b3de9aab3b41915e3663e6f7094e
Syzkaller: 2023-03-22 - f94b4a29b579b3de9aab3b41915e3663e6f7094e
Kernel:    2023-03-22 - fff5a5e7f528b2ed2c335991399a766c2cf01103
Compiler:  gcc-10.2.1-20210110
Error: Syzkaller failed to make.
