general protection fault in sys_finit_module,https://syzkaller.appspot.com/bug?extid=9e4e94a2689427009d35
Repository: linux
Arch: amd64
Finding: 2023-06-30 - b25f62ccb490680a8cee755ac4528909395e0711
Guilty:  2023-06-28 - 9b9879fc03275ffe0da328cf5b864d9e694167c8
Duplicate Names:
    WARNING in init_module_from_file
    general protection fault in sys_finit_module
Single Proc Allocation
VMs:8
CPUs:2
Procs:16
Max time:30
Max attempts:3
Testing the finding commit.

2024-06-08 04:50:20
Session:   1
Template:  2023-07-01 - bfc478367b83b3fda580f54964aa9f3651beeb3d
Syzkaller: 2023-07-01 - bfc478367b83b3fda580f54964aa9f3651beeb3d
Kernel:    2023-06-30 - b25f62ccb490680a8cee755ac4528909395e0711
Compiler:  gcc-10.2.1-20210110
Error: Syzkaller failed to make.
