possible deadlock in j1939_sk_errqueue,https://syzkaller.appspot.com/bug?extid=ee1cd780f69483a8616b
Repository: linux
Arch: amd64
Finding: 2022-06-14 - 24625f7d91fb86b91e14749633a7f022f5866116
Guilty:  2021-08-04 - 5b9272e93f2efe3f6cda60cc2c26817b2ce49386
No Duplicates
Single Proc Allocation
VMs:8
CPUs:2
Procs:16
Max time:30
Max attempts:3
Testing the finding commit.

2024-06-15 23:25:09
Session:   1
Template:  2022-06-14 - 127d1fafc7d808f8bfcbb50170aa1f00b0209dad
Syzkaller: 2022-06-14 - 127d1fafc7d808f8bfcbb50170aa1f00b0209dad
Kernel:    2022-06-14 - 24625f7d91fb86b91e14749633a7f022f5866116
Compiler:  gcc-10.2.1-20210110
Error: Syzkaller failed to make.
