KASAN: use-after-free Read in io_wq_worker_wake,https://syzkaller.appspot.com/bug?extid=b3ba2408ce0c74bb9230
Repository: linux
Arch: amd64
Finding: 2023-01-08 - 1fe4fd6f5cad346e598593af36caeadc4f5d4fa9
Guilty:  2023-01-02 - af82425c6a2d2f347c79b63ce74fca6dc6be157f
Duplicate Names:
    KASAN: use-after-free Read in io_worker_get
    KASAN: use-after-free Read in io_wq_worker_wake
    KASAN: wild-memory-access Read in io_wq_worker_running
Single Proc Allocation
VMs:8
CPUs:2
Procs:16
Max time:30
Max attempts:3
Testing the finding commit.

2024-06-04 08:29:22
Session:   1
Template:  2023-01-03 - 1dac8c7a01e2bdd35cb04eb4901ddb157291ac2d
Syzkaller: 2023-01-03 - 1dac8c7a01e2bdd35cb04eb4901ddb157291ac2d
Kernel:    2023-01-08 - 1fe4fd6f5cad346e598593af36caeadc4f5d4fa9
Compiler:  gcc-10.2.1-20210110
Attempt 1:
    No crashes found.
Attempt 2:
    No crashes found.
Attempt 3:
    Time  Bug Name
       2  INFO: rcu detected stall in corrupted
The bug was not found.

Failure: This bug cannot be found at the finding commit.
