general protection fault in wpan_phy_register,https://syzkaller.appspot.com/bug?extid=b8bf7edf9f83071ea0a9
Repository: linux
Arch: amd64
Finding: 2023-09-10 - 0bb80ecc33a8fb5a682236443c1e740d5c917d1d
Guilty:  2023-08-22 - d21fdd07cea418c0d98c8a15fc95b8b8970801e7
Duplicate Names:
    general protection fault in usb_hub_create_port_device
    general protection fault in serio_handle_event
    general protection fault in nfc_register_device
    general protection fault in wpan_phy_register
    general protection fault in hci_register_dev
Single Proc Allocation
VMs:8
CPUs:2
Procs:16
Max time:30
Max attempts:3
Testing the finding commit.

2024-06-04 17:21:00
Session:   1
Template:  2023-09-11 - 59da83662ae7076f1369c8a5b9dd1245223039df
Syzkaller: 2023-09-11 - 59da83662ae7076f1369c8a5b9dd1245223039df
Kernel:    2023-09-10 - 0bb80ecc33a8fb5a682236443c1e740d5c917d1d
Compiler:  gcc-10.2.1-20210110
Attempt 1:
    Time  Bug Name
      13  KASAN: slab-use-after-free Read in nfc_llcp_register_device
***   14  general protection fault in nfc_register_device
Attempt 2:
    Time  Bug Name
***    4  general protection fault in nfc_register_device
Attempt 3:
    Time  Bug Name
***    6  general protection fault in nfc_register_device
The bug was found.

New Max Time: 12.
Merge Commit: 2023-09-01 - 28a4f91f5f251689c69155bc6a0b1afc9916c874.

==== Template Inspection ====
1 template change in [2023-09-01, 2023-09-11].

2024-06-04 18:01:25
Session:   2
Template:  2023-09-04 - abdf9b3bbffdc55f63021393df30df4ff7a446cf
Syzkaller: 2023-09-04 - abdf9b3bbffdc55f63021393df30df4ff7a446cf
Kernel:    2023-09-04 - 3f86ed6ec0b390c033eae7f9c487a3fea268e027
Compiler:  gcc-10.2.1-20210110
Attempt 1:
    Time  Bug Name
       9  KASAN: slab-use-after-free Read in nfc_llcp_register_device
Attempt 2:
    Time  Bug Name
***    8  general protection fault in nfc_register_device
The bug was found.

2024-06-04 18:39:19
Session:   3
Template:  2023-08-31 - 696ea0d2f4fdaa17db929e152edba19bf7666d84
Syzkaller: 2023-09-04 - abdf9b3bbffdc55f63021393df30df4ff7a446cf
Kernel:    2023-09-04 - 3f86ed6ec0b390c033eae7f9c487a3fea268e027
Attempt 1:
    Time  Bug Name
       3  BUG: corrupted list in nfc_llcp_register_device
       4  KASAN: slab-use-after-free Read in nfc_llcp_find_local
***    4  general protection fault in nfc_register_device
The bug was found.

==== Kernel Inspection ====
44 Linux commits in [2023-09-01, 2023-09-04].

2024-06-04 18:43:50
Session:   4
Template:  2023-08-31 - 696ea0d2f4fdaa17db929e152edba19bf7666d84
Syzkaller: 2023-08-31 - 696ea0d2f4fdaa17db929e152edba19bf7666d84
Kernel:    2023-09-02 - b70100f2e62aeec2087d7690e41f7d6afd445f5a
Compiler:  gcc-10.2.1-20210110
Attempt 1:
    Time  Bug Name
***    3  general protection fault in nfc_register_device
The bug was found.

2024-06-04 19:02:17
Session:   5
Template:  2023-08-31 - 696ea0d2f4fdaa17db929e152edba19bf7666d84
Syzkaller: 2023-08-31 - 696ea0d2f4fdaa17db929e152edba19bf7666d84
Kernel:    2023-09-01 - f7e97ce26972ae7be8bbbae8d819ff311d4c5900
Compiler:  gcc-10.2.1-20210110
Attempt 1:
    Time  Bug Name
***    9  general protection fault in nfc_register_device
The bug was found.

2024-06-04 19:26:34
Session:   6
Template:  2023-08-31 - 696ea0d2f4fdaa17db929e152edba19bf7666d84
Syzkaller: 2023-08-31 - 696ea0d2f4fdaa17db929e152edba19bf7666d84
Kernel:    2023-09-01 - 0fe2b86c21253bb365947ceed3531eb214d4c5b5
Compiler:  gcc-10.2.1-20210110
Attempt 1:
    Time  Bug Name
***   10  general protection fault in nfc_register_device
The bug was found.
Switching to Safe Mode: Fuzzing 5 times at 30 minutes

2024-06-04 19:52:12
Session:   7
Template:  2023-08-31 - 696ea0d2f4fdaa17db929e152edba19bf7666d84
Syzkaller: 2023-08-31 - 696ea0d2f4fdaa17db929e152edba19bf7666d84
Kernel:    2023-09-01 - b84acc11b1c9552c9ca3a099b1610a6018619332
Compiler:  gcc-10.2.1-20210110
Attempt 1:
    Time  Bug Name
***    3  general protection fault in nfc_register_device
The bug was found.

2024-06-04 20:10:32
Session:   8
Template:  2023-08-31 - 696ea0d2f4fdaa17db929e152edba19bf7666d84
Syzkaller: 2023-08-31 - 696ea0d2f4fdaa17db929e152edba19bf7666d84
Kernel:    2023-09-01 - 1c9f8dff62d85ce00b0e99f774a84bd783af7cac
Compiler:  gcc-10.2.1-20210110
Attempt 1:
    Time  Bug Name
       4  BUG: corrupted list in nfc_llcp_register_device
***    9  general protection fault in nfc_register_device
The bug was found.

2024-06-04 20:34:59
Session:   9
Template:  2023-08-31 - 696ea0d2f4fdaa17db929e152edba19bf7666d84
Syzkaller: 2023-08-31 - 696ea0d2f4fdaa17db929e152edba19bf7666d84
Kernel:    2023-09-01 - 28a4f91f5f251689c69155bc6a0b1afc9916c874
Compiler:  gcc-10.2.1-20210110
Attempt 1:
    Time  Bug Name
***   11  general protection fault in nfc_register_device
The bug was found.

== Confirming the bisected commit ==

2024-06-04 21:01:22
Session:   10
Template:  2023-08-31 - 696ea0d2f4fdaa17db929e152edba19bf7666d84
Syzkaller: 2023-08-31 - 696ea0d2f4fdaa17db929e152edba19bf7666d84
Kernel:    2023-09-01 - 28a4f91f5f251689c69155bc6a0b1afc9916c874
The bug was found in a previous identical fuzzing session.

====================================================================================================================================================
Revealing Factor:   Guilty Merge
Version:            2023-09-01 - 28a4f91f5f251689c69155bc6a0b1afc9916c874
Commit Name:        Merge tag 'driver-core-6.6-rc1' of git://git.kernel.org/pub/scm/linux/kernel/git/gregkh/driver-core

Bug Name:           general protection fault in wpan_phy_register
Bug Link:           https://syzkaller.appspot.com/bug?extid=b8bf7edf9f83071ea0a9
Arch:               amd64
Finding Date:       2023-09-11
Finding Commit:     2023-09-10 - 0bb80ecc33a8fb5a682236443c1e740d5c917d1d
Guilty Merge:       2023-09-01 - 28a4f91f5f251689c69155bc6a0b1afc9916c874
Guilty Commit:      2023-08-22 - d21fdd07cea418c0d98c8a15fc95b8b8970801e7

Possible Blocking Bugs:
    KASAN: slab-use-after-free Read in nfc_llcp_register_device

AUTHOR: This bug reproduces at its guilty commit. Correct.
