WARNING in nilfs_segctor_do_construct,https://syzkaller.appspot.com/bug?extid=33494cd0df2ec2931851
Repository: linux
Arch: amd64
Finding: 2023-05-12 - 9a48d604672220545d209e9996c2a1edbb5637f6
Guilty:  2011-05-10 - 4e33f9eab07e985282fece4121066c2db1d332ed
No Duplicates
Default Allocation.
VMs:4
CPUs:4
Procs:24
Max time:30
Max attempts:3
Testing the finding commit.

2024-06-13 02:44:28
Session:   1
Template:  2023-05-12 - 2b9ba477a18ed0cc53e6b29a9641292709a7ba24
Syzkaller: 2023-05-12 - 2b9ba477a18ed0cc53e6b29a9641292709a7ba24
Kernel:    2023-05-12 - 9a48d604672220545d209e9996c2a1edbb5637f6
Compiler:  gcc-10.2.1-20210110
Attempt 1:
    No crashes found.
Attempt 2:
    No crashes found.
Attempt 3:
    No crashes found.
The bug was not found.

Failure: This bug cannot be found at the finding commit.
