WARNING in kvm_mmu_notifier_invalidate_range_start,https://syzkaller.appspot.com/bug?extid=c74f40907a9c0479af10
Repository: linux
Arch: amd64
Finding: 2023-11-12 - b57b17e88bf58860dad312d08db7d6708ee6d06d
Guilty:  2023-10-18 - 52526ca7fdb905a768a93f8faa418e9b988fc34b
No Duplicates
Single Proc Allocation
VMs:8
CPUs:2
Procs:16
Max time:30
Max attempts:3
Testing the finding commit.

2024-06-05 05:21:10
Session:   1
Template:  2023-11-13 - cb976f63e0177b96eb9ce1c631cc5e2c4b4b0759
Syzkaller: 2023-11-13 - cb976f63e0177b96eb9ce1c631cc5e2c4b4b0759
Kernel:    2023-11-12 - b57b17e88bf58860dad312d08db7d6708ee6d06d
Compiler:  gcc-10.2.1-20210110
Attempt 1:
    No crashes found.
Attempt 2:
    No crashes found.
Attempt 3:
    No crashes found.
The bug was not found.

Failure: This bug cannot be found at the finding commit.
