KASAN: slab-use-after-free Read in mas_next_entry,https://syzkaller.appspot.com/bug?extid=a7c1ec5b1d71ceaa5186
Repository: linux
Arch: amd64
Finding: 2023-04-03 - 148341f0a2f53b5e8808d093333d85170586a15d
Guilty:  2022-09-26 - 66850be55e8e5f371db2c091751a932a656c5f4d
No Duplicates
Default Allocation.
VMs:4
CPUs:4
Procs:24
Max time:30
Max attempts:3
Testing the finding commit.

2024-05-30 21:18:30
Session:   1
Template:  2023-04-04 - 831373d36282284057d46c8319cd94ca62d3851b
Syzkaller: 2023-04-04 - 831373d36282284057d46c8319cd94ca62d3851b
Kernel:    2023-04-03 - 148341f0a2f53b5e8808d093333d85170586a15d
Compiler:  gcc-10.2.1-20210110
Attempt 1:
    Time  Bug Name
       4  KASAN: slab-use-after-free Read in nfc_llcp_find_local
***   10  KASAN: slab-use-after-free Read in mas_next_entry
Attempt 2:
    Time  Bug Name
***   18  KASAN: slab-use-after-free Read in mas_next_entry
Attempt 3:
    Time  Bug Name
       6  KASAN: slab-use-after-free Read in nfc_llcp_unregister_device
***   18  KASAN: slab-use-after-free Read in mas_next_entry
The bug was found.

New Max Time: 19.
No Merge Commit.

==== Template Retrospection ====
14 template changes in [2022-09-26, 2023-04-04].

2024-05-30 22:40:08
Session:   2
Template:  2022-11-28 - f0554c3b26cac12337570e5a4c212df8a59e3cef
Syzkaller: 2022-11-28 - f0554c3b26cac12337570e5a4c212df8a59e3cef
Kernel:    2022-11-28 - 4009166c3918ccfbf4daf0790630261153d6b646
Compiler:  gcc-10.2.1-20210110
Attempt 1:
    Time  Bug Name
       2  INFO: rcu detected stall in corrupted
Attempt 2:
    No crashes found.
Attempt 3:
    No crashes found.
The bug was not found.

2024-05-30 23:53:15
Session:   3
Template:  2023-04-03 - b1f14cdb355c9db3a59fe42eb3bb5bba01c066b6
Syzkaller: 2023-04-03 - b1f14cdb355c9db3a59fe42eb3bb5bba01c066b6
Kernel:    2023-04-03 - 148341f0a2f53b5e8808d093333d85170586a15d
Compiler:  gcc-10.2.1-20210110
Attempt 1:
    Time  Bug Name
       4  KASAN: slab-use-after-free Read in nfc_llcp_register_device
Attempt 2:
    No crashes found.
Attempt 3:
    No crashes found.
The bug was not found.

2024-05-31 01:05:39
Session:   4
Template:  2023-04-03 - b2d646a98ca1a17d263efbd7d19ddb736d376d62
Syzkaller: 2023-04-03 - b2d646a98ca1a17d263efbd7d19ddb736d376d62
Kernel:    2023-04-03 - 148341f0a2f53b5e8808d093333d85170586a15d
Compiler:  gcc-10.2.1-20210110
Attempt 1:
    Time  Bug Name
***    6  KASAN: slab-use-after-free Read in mas_next_entry
The bug was found.

2024-05-31 01:26:38
Session:   5
Template:  2023-04-03 - 77a7129ed4d2c502bc861e910db7c9ad61796460
Syzkaller: 2023-04-03 - 77a7129ed4d2c502bc861e910db7c9ad61796460
Kernel:    2023-04-03 - 148341f0a2f53b5e8808d093333d85170586a15d
Compiler:  gcc-10.2.1-20210110
Attempt 1:
    Time  Bug Name
***    9  KASAN: slab-use-after-free Read in mas_next_entry
The bug was found.

2024-05-31 01:50:34
Session:   6
Template:  2023-04-03 - b1f14cdb355c9db3a59fe42eb3bb5bba01c066b6
Syzkaller: 2023-04-03 - 77a7129ed4d2c502bc861e910db7c9ad61796460
Kernel:    2023-04-03 - 148341f0a2f53b5e8808d093333d85170586a15d
Attempt 1:
    No crashes found.
Attempt 2:
    No crashes found.
Attempt 3:
    No crashes found.
The bug was not found.

====================================================================================================================================================
Revealing Factor:   Template Update
Version:            2023-04-03 - 77a7129ed4d2c502bc861e910db7c9ad61796460
Commit Name:        sys/linux: add set_mempolicy_home_node syscall description

Bug Name:           KASAN: slab-use-after-free Read in mas_next_entry
Bug Link:           https://syzkaller.appspot.com/bug?extid=a7c1ec5b1d71ceaa5186
Arch:               amd64
Finding Date:       2023-04-04
Finding Commit:     2023-04-03 - 148341f0a2f53b5e8808d093333d85170586a15d
Guilty Merge:       None
Guilty Commit:      2022-09-26 - 66850be55e8e5f371db2c091751a932a656c5f4d

Possible Blocking Bugs:
