KASAN: slab-use-after-free Read in afs_dynroot_test_super,https://syzkaller.appspot.com/bug?extid=629c4f1a4cefe03f8985
Repository: linux
Arch: amd64
Finding: 2023-08-28 - 1c59d383390f970b891b503b7f79b63a02db2ec5
Guilty:  2023-08-21 - 2c18a63b760a0f68f14cb8bb4c3840bb0b63b73e
Duplicate Names:
    KASAN: slab-use-after-free Read in fuse_test_super
    KASAN: slab-use-after-free Read in afs_dynroot_test_super
Default Allocation.
VMs:4
CPUs:4
Procs:24
Max time:30
Max attempts:3
Testing the finding commit.

2024-06-08 20:46:02
Session:   1
Template:  2023-08-29 - b42ca3a7c82c932ad7ee2ae2a89ae7dfe1e583a5
Syzkaller: 2023-08-29 - b42ca3a7c82c932ad7ee2ae2a89ae7dfe1e583a5
Kernel:    2023-08-29 - 1c59d383390f970b891b503b7f79b63a02db2ec5
Compiler:  gcc-10.2.1-20210110
Attempt 1:
    Time  Bug Name
***    3  KASAN: slab-use-after-free Read in afs_dynroot_test_super
Attempt 2:
    Time  Bug Name
***    3  KASAN: slab-use-after-free Read in afs_dynroot_test_super
Attempt 3:
    Time  Bug Name
***    5  KASAN: slab-use-after-free Read in afs_dynroot_test_super
The bug was found.

New Max Time: 10.
Merge Commit: 2023-08-28 - 511fb5bafed197ff76d9adf5448de67f1d0558ae.
No template updates to inspect.

==== Kernel Inspection ====
42 Linux commits in [2023-08-28, 2023-08-29].

2024-06-08 21:14:25
Session:   2
Template:  2023-08-25 - 7ba13a158b1ad89a23920bb64208ba34fed27b08
Syzkaller: 2023-08-25 - 7ba13a158b1ad89a23920bb64208ba34fed27b08
Kernel:    2023-08-28 - bd9e99f790f21374b831a7dcf638156beacf3bf4
Compiler:  gcc-10.2.1-20210110
Attempt 1:
    Time  Bug Name
***    2  KASAN: slab-use-after-free Read in afs_dynroot_test_super
***    2  KASAN: slab-use-after-free Read in afs_dynroot_test_super
The bug was found.

2024-06-08 21:33:01
Session:   3
Template:  2023-08-25 - 7ba13a158b1ad89a23920bb64208ba34fed27b08
Syzkaller: 2023-08-25 - 7ba13a158b1ad89a23920bb64208ba34fed27b08
Kernel:    2023-08-28 - 547635c6ac47c7556d6954935b189defe90422f7
Compiler:  gcc-10.2.1-20210110
Attempt 1:
    Time  Bug Name
***    5  KASAN: slab-use-after-free Read in afs_dynroot_test_super
The bug was found.

2024-06-08 21:54:35
Session:   4
Template:  2023-08-25 - 7ba13a158b1ad89a23920bb64208ba34fed27b08
Syzkaller: 2023-08-25 - 7ba13a158b1ad89a23920bb64208ba34fed27b08
Kernel:    2023-08-28 - dd2c0198a8365dcc3bb6aed22313d56088e3af55
Compiler:  gcc-10.2.1-20210110
Attempt 1:
    Time  Bug Name
***    3  KASAN: slab-use-after-free Read in afs_dynroot_test_super
***    3  KASAN: slab-use-after-free Read in afs_dynroot_test_super
The bug was found.

2024-06-08 22:14:47
Session:   5
Template:  2023-08-25 - 7ba13a158b1ad89a23920bb64208ba34fed27b08
Syzkaller: 2023-08-25 - 7ba13a158b1ad89a23920bb64208ba34fed27b08
Kernel:    2023-08-28 - 2e0afa7e78c45a889954a7923642f013d6329d3a
Compiler:  gcc-10.2.1-20210110
Attempt 1:
    Time  Bug Name
***    2  KASAN: slab-use-after-free Read in afs_dynroot_test_super
The bug was found.

2024-06-08 22:33:02
Session:   6
Template:  2023-08-25 - 7ba13a158b1ad89a23920bb64208ba34fed27b08
Syzkaller: 2023-08-25 - 7ba13a158b1ad89a23920bb64208ba34fed27b08
Kernel:    2023-08-28 - 475d4df82719225510625b4263baa1105665f4b3
Compiler:  gcc-10.2.1-20210110
Attempt 1:
    Time  Bug Name
***    3  KASAN: slab-use-after-free Read in afs_dynroot_test_super
The bug was found.

2024-06-08 22:52:43
Session:   7
Template:  2023-08-25 - 7ba13a158b1ad89a23920bb64208ba34fed27b08
Syzkaller: 2023-08-25 - 7ba13a158b1ad89a23920bb64208ba34fed27b08
Kernel:    2023-08-28 - 511fb5bafed197ff76d9adf5448de67f1d0558ae
Compiler:  gcc-10.2.1-20210110
Attempt 1:
    Time  Bug Name
***    4  KASAN: slab-use-after-free Read in afs_dynroot_test_super
The bug was found.

== Confirming the bisected commit ==

2024-06-08 23:13:40
Session:   8
Template:  2023-08-25 - 7ba13a158b1ad89a23920bb64208ba34fed27b08
Syzkaller: 2023-08-25 - 7ba13a158b1ad89a23920bb64208ba34fed27b08
Kernel:    2023-08-28 - 511fb5bafed197ff76d9adf5448de67f1d0558ae
The bug was found in a previous identical fuzzing session.

====================================================================================================================================================
Revealing Factor:   Guilty Merge
Version:            2023-08-28 - 511fb5bafed197ff76d9adf5448de67f1d0558ae
Commit Name:        Merge tag 'v6.6-vfs.super' of git://git.kernel.org/pub/scm/linux/kernel/git/vfs/vfs

Bug Name:           KASAN: slab-use-after-free Read in afs_dynroot_test_super
Bug Link:           https://syzkaller.appspot.com/bug?extid=629c4f1a4cefe03f8985
Arch:               amd64
Finding Date:       2023-08-29
Finding Commit:     2023-08-29 - 1c59d383390f970b891b503b7f79b63a02db2ec5
Guilty Merge:       2023-08-28 - 511fb5bafed197ff76d9adf5448de67f1d0558ae
Guilty Commit:      2023-08-21 - 2c18a63b760a0f68f14cb8bb4c3840bb0b63b73e

Possible Blocking Bugs:
