WARNING in hso_free_net_device,https://syzkaller.appspot.com/bug?id=66eff8d49af1b28370ad342787413e35bbe76efe
Repository: linux
Arch: amd64
Finding: 0a50438c84363bd37fe18fe432888ae9a074dcab
Guilty: 5fcfb6d0bfcda17f0d0656e4e5b3710af2bbaae5
No Duplicates
Single Proc Allocation
VMs:8
CPUs:2
Procs:16
Max time:30
Inspecting the finding commit.
Session 1:
    Template:  2021-03-29 - 6a81331a1d4c744da9204d02ec88d558f7eea9c9
    Syzkaller: 2021-03-29 - 6a81331a1d4c744da9204d02ec88d558f7eea9c9
    Kernel:    2021-04-05 - 0a50438c84363bd37fe18fe432888ae9a074dcab
    Compiler:  gcc-10.2.1-20210110
    The bug was found.
        WARNING in hso_free_net_device
New Max Time: 10.
Merge Commit: 2020-08-06 - 0063fc3db476d924fa54bc347032b351f28c4b92.
Inspecting 1 template changes in [2020-08-06, 2021-04-05].
Session 2 before:
    Template:  2020-08-05 - 0487ea6f5d997a8363eba0d2eb0ea7a925444555
    Syzkaller: 2021-03-02 - e1b9a5704d15b1f26f7cae9142c34544768175b2
    Kernel:    2021-03-01 - 7a7fd0de4a9804299793e564a555a49c1fc924cb
    Compiler:  gcc-10.2.1-20210110
    The bug was found in 3 minutes
        general protection fault in put_device
        WARNING in warn_bogus_irq_restore
        WARNING in hso_free_net_device
Inspecting 1770 kernel versions in the range [2020-08-06, 2021-04-05].
Session 3:
    Template:  2020-12-03 - 9e0b299f6daa2b5e1aee3fb4a049df106157d236
    Syzkaller: 2020-12-03 - 9e0b299f6daa2b5e1aee3fb4a049df106157d236
    Kernel:    2020-12-03 - c82a505c007fb754af144d5157e05fa7fd858157
    Compiler:  gcc-10.1.0-syz
    The bug was found in 2 minutes
        WARNING in hso_free_net_device
        UBSAN: shift-out-of-bounds in option_probe
Session 4:
    Template:  2020-10-12 - d32b0bbf2f8cfe548553c4012e2c0f79040d999f
    Syzkaller: 2020-10-12 - d32b0bbf2f8cfe548553c4012e2c0f79040d999f
    Kernel:    2020-10-12 - f94ab231136c53ee26b1ddda76b29218018834ff
    Compiler:  gcc-10.1.0-syz
    The bug was found in 2 minutes
        WARNING in hso_free_net_device
        UBSAN: shift-out-of-bounds in option_probe
Session 5:
    Template:  2020-09-01 - abf9ba4fc75d9b29af15625d44dcfc1360fad3b7
    Syzkaller: 2020-09-01 - abf9ba4fc75d9b29af15625d44dcfc1360fad3b7
    Kernel:    2020-09-02 - 54e54d58184e34887cc40d0bc83720dbaf57db1a
    Compiler:  gcc-10.1.0-syz
    The bug was found in 2 minutes
        UBSAN: shift-out-of-bounds in drivers/usb/serial/option.c:LINE
        WARNING in hso_free_net_device
Session 6:
    Template:  2020-08-14 - c2707aa5fe0be3d861a8caa7db5ddc92282bb41a
    Syzkaller: 2020-08-14 - c2707aa5fe0be3d861a8caa7db5ddc92282bb41a
    Kernel:    2020-08-14 - 1d229a65b419cf51a9921d73907f1998a0e14daa
    Compiler:  gcc-10.1.0-syz
    The bug was found in 2 minutes
        WARNING in hso_free_net_device
Session 7:
    Template:  2020-08-08 - f721e4a097714a9054b9fe1aadf427afbbd2c157
    Syzkaller: 2020-08-08 - f721e4a097714a9054b9fe1aadf427afbbd2c157
    Kernel:    2020-08-08 - 449dc8c97089a6e09fb2dac4d92b1b7ac0eb7c1e
    Compiler:  gcc-10.1.0-syz
    The bug was found in 2 minutes
        UBSAN: shift-out-of-bounds in drivers/usb/serial/option.c:LINE
        WARNING in hso_free_net_device
Session 8:
    Template:  2020-08-07 - ff51e5229e0ee846d2fd687cb0dbca13de758c66
    Syzkaller: 2020-08-07 - ff51e5229e0ee846d2fd687cb0dbca13de758c66
    Kernel:    2020-08-07 - eb65405eb6860935d54b8ba90a5e231e07378be1
    Compiler:  gcc-10.1.0-syz
    The bug was found in 2 minutes
        UBSAN: shift-out-of-bounds in drivers/usb/serial/option.c:LINE
        WARNING in hso_free_net_device
Session 9:
    Template:  2020-08-06 - cb436c69d9bcb0330518a48559649c9436ed5e7a
    Syzkaller: 2020-08-06 - cb436c69d9bcb0330518a48559649c9436ed5e7a
    Kernel:    2020-08-06 - 4cec929370763c475111b1eb307df6759b6733e7
    Compiler:  gcc-10.1.0-syz
    The bug was found in 2 minutes
        UBSAN: shift-out-of-bounds in drivers/usb/serial/option.c:LINE
        WARNING in hso_free_net_device
        WARNING in r871xu_dev_remove
Session 10:
    Template:  2020-08-06 - cb436c69d9bcb0330518a48559649c9436ed5e7a
    Syzkaller: 2020-08-06 - cb436c69d9bcb0330518a48559649c9436ed5e7a
    Kernel:    2020-08-06 - bbcf9cd1576752ebe8d618ad8c6500b7e262ffac
    Compiler:  gcc-10.1.0-syz
    The bug was found in 2 minutes
        UBSAN: shift-out-of-bounds in drivers/usb/serial/option.c:LINE
        WARNING in hso_free_net_device
Session 11:
    Template:  2020-08-06 - cb436c69d9bcb0330518a48559649c9436ed5e7a
    Syzkaller: 2020-08-06 - cb436c69d9bcb0330518a48559649c9436ed5e7a
    Kernel:    2020-08-06 - c1055b76ad00aed0e8b79417080f212d736246b6
    Compiler:  gcc-10.1.0-syz
    The bug was found in 2 minutes
        UBSAN: shift-out-of-bounds in drivers/usb/serial/option.c:LINE
        WARNING in hso_free_net_device
Session 12:
    Template:  2020-08-06 - cb436c69d9bcb0330518a48559649c9436ed5e7a
    Syzkaller: 2020-08-06 - cb436c69d9bcb0330518a48559649c9436ed5e7a
    Kernel:    2020-08-06 - abaf00ff04625275a40e407fc8da04948ae4f95b
    Compiler:  gcc-10.1.0-syz
    The bug was found in 2 minutes
        UBSAN: shift-out-of-bounds in drivers/usb/serial/option.c:LINE
        WARNING in hso_free_net_device
Session 13:
    Template:  2020-08-06 - cb436c69d9bcb0330518a48559649c9436ed5e7a
    Syzkaller: 2020-08-06 - cb436c69d9bcb0330518a48559649c9436ed5e7a
    Kernel:    2020-08-06 - 11c5f6d2f2a8f34f64dfcdec4090d2c17539c2c3
    Compiler:  gcc-10.1.0-syz
    The bug was found in 2 minutes
        WARNING in hso_free_net_device
Confirming the bisected kernel commit.
Session 14 after:
    Template:  2020-08-06 - cb436c69d9bcb0330518a48559649c9436ed5e7a
    Syzkaller: 2020-08-06 - cb436c69d9bcb0330518a48559649c9436ed5e7a
    Kernel:    2020-08-06 - 11c5f6d2f2a8f34f64dfcdec4090d2c17539c2c3
The bug was found in a previous identical fuzzing session.
Session 15 before:
    Template:  2020-08-06 - cb436c69d9bcb0330518a48559649c9436ed5e7a
    Syzkaller: 2020-08-06 - cb436c69d9bcb0330518a48559649c9436ed5e7a
    Kernel:    2020-08-05 - 5fcfb6d0bfcda17f0d0656e4e5b3710af2bbaae5
    Compiler:  gcc-10.1.0-syz
    The bug was found in 2 minutes
        UBSAN: shift-out-of-bounds in drivers/usb/serial/option.c:LINE
        WARNING in hso_free_net_device
Inspecting 5 syzkaller version(s) from 2020-08-06.
Session 16:
    Template:  2020-08-06 - cb436c69d9bcb0330518a48559649c9436ed5e7a
    Syzkaller: 2020-08-06 - cb436c69d9bcb0330518a48559649c9436ed5e7a
    Kernel:    2020-08-06 - 11c5f6d2f2a8f34f64dfcdec4090d2c17539c2c3
    Compiler:  gcc-10.1.0-syz
The bug was found in a previous identical fuzzing session.
Session 17:
    Template:  2020-08-06 - 56fe5665461fbbc19704e44c23e42d5f6ecb5361
    Syzkaller: 2020-08-06 - 56fe5665461fbbc19704e44c23e42d5f6ecb5361
    Kernel:    2020-08-06 - 11c5f6d2f2a8f34f64dfcdec4090d2c17539c2c3
    Compiler:  gcc-10.1.0-syz
    The bug was not found and timed out at 60 minutes
        UBSAN: shift-out-of-bounds in drivers/usb/serial/option.c:LINE
        WARNING in r871xu_dev_remove
        general protection fault in go7007_usb_probe
        WARNING in pvr2_i2c_core_done
        WARNING in firmware_fallback_sysfs
        WARNING in mxl111sf_ctrl_msg

Success
Revealing factor: Syzkaller Update
Syzkaller Version: Unknown commit from 2020-08-06.
