KASAN: null-ptr-deref Write in __pm_runtime_resume,https://syzkaller.appspot.com/bug?id=1bc76a5779300075e3466a0e2abcd753df212779
Repository: linux
Arch: amd64
Finding: 835d31d319d9c8c4eb6cac074643360ba0ecab10
Guilty: d9dd833cf6d29695682ec7e7924c0d0992b906bc
No Duplicates
Single Proc Allocation
VMs:8
CPUs:2
Procs:16
Max time:30
Inspecting the finding commit.
Session 1:
    Template:  2021-08-31 - 7eb7e15259fddd67759f90feb2b016da878f76c7
    Syzkaller: 2021-08-31 - 7eb7e15259fddd67759f90feb2b016da878f76c7
    Kernel:    2021-09-01 - 835d31d319d9c8c4eb6cac074643360ba0ecab10
    Compiler:  gcc-10.2.1-20210110
    The bug was found.
        KASAN: null-ptr-deref Write in __pm_runtime_resume
        KFENCE: use-after-free in kvm_fastop_exception
        possible deadlock in blktrans_open
New Max Time: 10.
Merge Commit: 2021-08-20 - e61fbee7be4b9566f8e8fcb15aadad0f17936c31.
No template updates to inspect.
Inspecting 170 kernel versions in the range [2021-08-20, 2021-09-01].
Session 2:
    Template:  2021-08-19 - b599f2fcc734e2183016a340d4f6fc2891d8e41f
    Syzkaller: 2021-08-19 - b599f2fcc734e2183016a340d4f6fc2891d8e41f
    Kernel:    2021-08-25 - ae2c341eb010b5a78499fcf6a97ca47056d217ae
    Compiler:  gcc-10.2.1-20210110
    The bug was found in 2 minutes
        KASAN: null-ptr-deref Write in __pm_runtime_resume
Session 3:
    Template:  2021-08-19 - b599f2fcc734e2183016a340d4f6fc2891d8e41f
    Syzkaller: 2021-08-19 - b599f2fcc734e2183016a340d4f6fc2891d8e41f
    Kernel:    2021-08-23 - b1165777fe0b44e9c4a482ae98ede158a82760e2
    Compiler:  gcc-10.2.1-20210110
    The bug was found in 2 minutes
        KASAN: null-ptr-deref Write in __pm_runtime_resume
Session 4:
    Template:  2021-08-19 - b599f2fcc734e2183016a340d4f6fc2891d8e41f
    Syzkaller: 2021-08-19 - b599f2fcc734e2183016a340d4f6fc2891d8e41f
    Kernel:    2021-08-22 - ddc122aac91f6f589ed7e202dbfca9f106d2a06f
    Compiler:  gcc-10.2.1-20210110
    The bug was found in 2 minutes
        KASAN: null-ptr-deref Write in __pm_runtime_resume
Session 5:
    Template:  2021-08-19 - b599f2fcc734e2183016a340d4f6fc2891d8e41f
    Syzkaller: 2021-08-19 - b599f2fcc734e2183016a340d4f6fc2891d8e41f
    Kernel:    2021-08-20 - fa16ee77364f03d8565e5adeff1b119b29acca69
    Compiler:  gcc-10.2.1-20210110
    The bug was found in 2 minutes
        KASAN: null-ptr-deref Write in __pm_runtime_resume
Session 6:
    Template:  2021-08-19 - b599f2fcc734e2183016a340d4f6fc2891d8e41f
    Syzkaller: 2021-08-19 - b599f2fcc734e2183016a340d4f6fc2891d8e41f
    Kernel:    2021-08-20 - 42edc1fca4b5a000e8e2c1e38f4e08a6b9f7bcb7
    Compiler:  gcc-10.2.1-20210110
    The bug was found in 2 minutes
        KASAN: null-ptr-deref Write in __pm_runtime_resume
Session 7:
    Template:  2021-08-19 - b599f2fcc734e2183016a340d4f6fc2891d8e41f
    Syzkaller: 2021-08-19 - b599f2fcc734e2183016a340d4f6fc2891d8e41f
    Kernel:    2021-08-20 - f402303ba3ecbcbd1ad1c61d33d144dfcbd0970f
    Compiler:  gcc-10.2.1-20210110
    The bug was found in 2 minutes
        KASAN: null-ptr-deref Write in __pm_runtime_resume
Session 8:
    Template:  2021-08-19 - b599f2fcc734e2183016a340d4f6fc2891d8e41f
    Syzkaller: 2021-08-19 - b599f2fcc734e2183016a340d4f6fc2891d8e41f
    Kernel:    2021-08-20 - f96b48c621d2cac276cd08fbf24db64e983c85bd
    Compiler:  gcc-10.2.1-20210110
    The bug was found in 2 minutes
        KASAN: null-ptr-deref Write in __pm_runtime_resume
Session 9:
    Template:  2021-08-19 - b599f2fcc734e2183016a340d4f6fc2891d8e41f
    Syzkaller: 2021-08-19 - b599f2fcc734e2183016a340d4f6fc2891d8e41f
    Kernel:    2021-08-20 - e61fbee7be4b9566f8e8fcb15aadad0f17936c31
    Compiler:  gcc-10.2.1-20210110
    The bug was found in 2 minutes
        KASAN: null-ptr-deref Write in __pm_runtime_resume
Confirming the bisected kernel commit.
Session 10 after:
    Template:  2021-08-19 - b599f2fcc734e2183016a340d4f6fc2891d8e41f
    Syzkaller: 2021-08-19 - b599f2fcc734e2183016a340d4f6fc2891d8e41f
    Kernel:    2021-08-20 - e61fbee7be4b9566f8e8fcb15aadad0f17936c31
The bug was found in a previous identical fuzzing session.
Session 11 before:
    Template:  2021-08-19 - b599f2fcc734e2183016a340d4f6fc2891d8e41f
    Syzkaller: 2021-08-19 - b599f2fcc734e2183016a340d4f6fc2891d8e41f
    Kernel:    2021-08-19 - 61969ef867d48fc76551fe50cefe0501e624766e
    Compiler:  gcc-10.2.1-20210110
    The bug was found in 2 minutes
        possible deadlock in fs_reclaim_acquire
        KASAN: null-ptr-deref Write in __pm_runtime_resume
Inspecting 0 syzkaller version(s) from 2021-08-20.

Success
Revealing factor: Syzkaller Update
Syzkaller Version: 2021-08-19 - b599f2fcc734e2183016a340d4f6fc2891d8e41f
Commit name: pkg/report: make opcode decompilation more intelligent
