WARNING in component_del,https://syzkaller.appspot.com/bug?id=2345206c40ade04680779ec3992a5d7efd78c710
Repository: linux
Arch: amd64
Finding: 555f3d7be91a873114c9656069f1a9fa476ec41a
Guilty: 8c67d06f3fd9639c44d8147483fb1c132d71388f
No Duplicates
Single Proc Allocation
VMs:8
CPUs:2
Procs:16
Max time:30
Inspecting the finding commit.
Session 1:
    Template:  2022-02-05 - a7dab6385c1d95547a88e22577fb56fbcd5c37eb
    Syzkaller: 2022-02-05 - a7dab6385c1d95547a88e22577fb56fbcd5c37eb
    Kernel:    2022-02-07 - 555f3d7be91a873114c9656069f1a9fa476ec41a
    Compiler:  gcc-10.2.1-20210110
    The bug was found.
        WARNING in component_del
New Max Time: 10.
No Merge Commit.
Inspecting 4 template changes in [2021-12-30, 2022-02-07].
Session 2 before:
    Template:  2022-01-11 - c1cff6f1ec1346f5d9c1e499dae0bd106ebb39ec
    Syzkaller: 2022-01-13 - b8d780ab30ab6ba340c43ad1944096dae15e6e79
    Kernel:    2022-01-13 - fb3b0673b7d5b477ed104949450cd511337ba3c6
    Compiler:  gcc-10.2.1-20210110
    The bug was found in 2 minutes
        WARNING in component_del
Session 3 before:
    Template:  2022-01-11 - 891d68726994c98742b282a365be9329f96c001f
    Syzkaller: 2022-01-11 - c1cff6f1ec1346f5d9c1e499dae0bd106ebb39ec
    Kernel:    2022-01-08 - cbb4f5f435995a56ef770e35bfafb4bcff8f0ada
    Compiler:  gcc-10.2.1-20210110
    The bug was found in 2 minutes
        WARNING in component_del
Session 4 before:
    Template:  2022-01-11 - 583b354134f415ad0ed4f203d79b4e0bcb2c6062
    Syzkaller: 2022-01-11 - 891d68726994c98742b282a365be9329f96c001f
    Kernel:    2022-01-08 - cbb4f5f435995a56ef770e35bfafb4bcff8f0ada
    Compiler:  gcc-10.2.1-20210110
    The bug was found in 2 minutes
        WARNING in component_del
Session 5 before:
    Template:  2021-12-29 - 6cc879d4712dbaf6e97f01250e2f4906c07b24b8
    Syzkaller: 2022-01-11 - 583b354134f415ad0ed4f203d79b4e0bcb2c6062
    Kernel:    2022-01-08 - cbb4f5f435995a56ef770e35bfafb4bcff8f0ada
    Compiler:  gcc-10.2.1-20210110
    The bug was found in 2 minutes
        WARNING in component_del
Inspecting 229 kernel versions in the range [2021-12-30, 2022-02-07].
Session 6:
    Template:  2022-01-21 - 214351e168def9426c79e1f65a93ddb112cee906
    Syzkaller: 2022-01-21 - 214351e168def9426c79e1f65a93ddb112cee906
    Kernel:    2022-01-22 - dc5341f41dc81bd497828e562da135bcff9c876c
    Compiler:  gcc-10.2.1-20210110
    The bug was found in 2 minutes
        WARNING in component_del
Session 7:
    Template:  2022-01-14 - 723cfaf0e55347c804a236591f9d0070fc7f46cb
    Syzkaller: 2022-01-14 - 723cfaf0e55347c804a236591f9d0070fc7f46cb
    Kernel:    2022-01-16 - 88db8458086b1dcf20b56682504bdb34d2bca0e2
    Compiler:  gcc-10.2.1-20210110
    The bug was found in 2 minutes
        WARNING in component_del
Session 8:
    Template:  2022-01-11 - 44d1319aab39b23be41fbf75d9d37ef9aaa665f2
    Syzkaller: 2022-01-11 - 44d1319aab39b23be41fbf75d9d37ef9aaa665f2
    Kernel:    2022-01-12 - 8975f8974888b3cd25aa8cf9eba24edbb9230bb2
    Compiler:  gcc-10.2.1-20210110
    The bug was found in 2 minutes
        WARNING in component_del
Session 9:
    Template:  2022-01-05 - 6acc789ad3f6c04319764f414ebb1a08e6145332
    Syzkaller: 2022-01-05 - 6acc789ad3f6c04319764f414ebb1a08e6145332
    Kernel:    2022-01-05 - 66b13ce8fe25341a8c4c8ceb00d611461ad86dcc
    Compiler:  gcc-10.2.1-20210110
    The bug was found in 2 minutes
        WARNING in component_del
Session 10:
    Template:  2022-01-03 - 7f723fbe3e09e5d83cae8d55e27d941f0c9a657a
    Syzkaller: 2022-01-03 - 7f723fbe3e09e5d83cae8d55e27d941f0c9a657a
    Kernel:    2022-01-03 - 501e38a5531efbd77d5c73c0ba838a889bfc1d74
    Compiler:  gcc-10.2.1-20210110
    The bug was found in 2 minutes
        WARNING in component_del
Session 11:
    Template:  2021-12-30 - 36bd2e4865254b8f17e4ab00a89d976d6f71d04b
    Syzkaller: 2021-12-30 - 36bd2e4865254b8f17e4ab00a89d976d6f71d04b
    Kernel:    2021-12-30 - db3e8244bd1c46f5a416fd1e6821036ecc59884a
    Compiler:  gcc-10.2.1-20210110
    The bug was found in 2 minutes
        WARNING in component_del
Session 12:
    Template:  2021-12-30 - 36bd2e4865254b8f17e4ab00a89d976d6f71d04b
    Syzkaller: 2021-12-30 - 36bd2e4865254b8f17e4ab00a89d976d6f71d04b
    Kernel:    2021-12-30 - 730b49aac426e1e8016d3c2dd6b407e500423821
    Compiler:  gcc-10.2.1-20210110
    The bug was found in 2 minutes
        WARNING in component_del
Session 13:
    Template:  2021-12-30 - 36bd2e4865254b8f17e4ab00a89d976d6f71d04b
    Syzkaller: 2021-12-30 - 36bd2e4865254b8f17e4ab00a89d976d6f71d04b
    Kernel:    2021-12-30 - 8c67d06f3fd9639c44d8147483fb1c132d71388f
    Compiler:  gcc-10.2.1-20210110
    The bug was found in 2 minutes
        WARNING in component_del
Confirming the bisected kernel commit.
Session 14 after:
    Template:  2021-12-30 - 36bd2e4865254b8f17e4ab00a89d976d6f71d04b
    Syzkaller: 2021-12-30 - 36bd2e4865254b8f17e4ab00a89d976d6f71d04b
    Kernel:    2021-12-30 - 8c67d06f3fd9639c44d8147483fb1c132d71388f
The bug was found in a previous identical fuzzing session.

Success
Revealing factor: Guilty Commit
Kernel Version: 2021-12-30 - 8c67d06f3fd9639c44d8147483fb1c132d71388f
Commit name: usb: Link the ports to the connectors they are attached to
