general protection fault in __apic_accept_irq,https://syzkaller.appspot.com/bug?id=f451140ba972ca7403ecd31763421fb84b9caeac
Repository: linux
Arch: i386
Finding: 7ae77150d94d3b535c7b85e6b3647113095e79bf
Guilty: 2635b5c4a0e407b84f68e188c719f28ba0e9ae1b
No Duplicates
Single Proc Allocation
VMs:8
CPUs:2
Procs:16
Max time:30
Inspecting the finding commit.
Session 1:
    Template:  2020-06-05 - c3e9afb345d6b479ca401f18ceba6f7ae43e45ab
    Syzkaller: 2020-06-05 - c3e9afb345d6b479ca401f18ceba6f7ae43e45ab
    Kernel:    2020-06-05 - 7ae77150d94d3b535c7b85e6b3647113095e79bf
    Compiler:  gcc-10.1.0-syz
    The bug was found.
        general protection fault in __apic_accept_irq
New Max Time: 10.
Merge Commit: 2020-06-03 - 039aeb9deb9291f3b19c375a8bc6fa7f768996cc.
No template updates to inspect.
Inspecting 36 kernel versions in the range [2020-06-03, 2020-06-05].
Session 2:
    Template:  2020-06-04 - 2420d1bcbcd9f5d5893c1aab8096cce81721dac2
    Syzkaller: 2020-06-04 - 2420d1bcbcd9f5d5893c1aab8096cce81721dac2
    Kernel:    2020-06-04 - a789d5f8a99a366778a6e42b3700a246244201a6
    Compiler:  gcc-10.1.0-syz
    The bug was found in 2 minutes
        general protection fault in __apic_accept_irq
Session 3:
    Template:  2020-06-04 - 2420d1bcbcd9f5d5893c1aab8096cce81721dac2
    Syzkaller: 2020-06-04 - 2420d1bcbcd9f5d5893c1aab8096cce81721dac2
    Kernel:    2020-06-04 - a484a497c98a0447aca2d70de19d11b1d66e6ef7
    Compiler:  gcc-10.1.0-syz
    The bug was found in 1 minutes
        general protection fault in __apic_accept_irq
Session 4:
    Template:  2020-06-04 - 2420d1bcbcd9f5d5893c1aab8096cce81721dac2
    Syzkaller: 2020-06-04 - 2420d1bcbcd9f5d5893c1aab8096cce81721dac2
    Kernel:    2020-06-04 - c444eb564fb16645c172d550359cb3d75fe8a040
    Compiler:  gcc-10.1.0-syz
    The bug was found in 2 minutes
        general protection fault in __apic_accept_irq
Session 5:
    Template:  2020-06-03 - a5ce5de0aecba44015705788859d376e5a431ccd
    Syzkaller: 2020-06-03 - a5ce5de0aecba44015705788859d376e5a431ccd
    Kernel:    2020-06-03 - 2e63f6ce7ed2c4ff83ba30ad9ccad422289a6c63
    Compiler:  gcc-10.1.0-syz
    The bug was found in 2 minutes
        general protection fault in __apic_accept_irq
Session 6:
    Template:  2020-06-03 - a5ce5de0aecba44015705788859d376e5a431ccd
    Syzkaller: 2020-06-03 - a5ce5de0aecba44015705788859d376e5a431ccd
    Kernel:    2020-06-03 - ae03c53d005ef8a1e0253ad67b7b62103ea1fae6
    Compiler:  gcc-10.1.0-syz
    The bug was found in 2 minutes
        general protection fault in __apic_accept_irq
Session 7:
    Template:  2020-06-03 - a5ce5de0aecba44015705788859d376e5a431ccd
    Syzkaller: 2020-06-03 - a5ce5de0aecba44015705788859d376e5a431ccd
    Kernel:    2020-06-03 - 039aeb9deb9291f3b19c375a8bc6fa7f768996cc
    Compiler:  gcc-10.1.0-syz
    The bug was found in 2 minutes
        general protection fault in __apic_accept_irq
Confirming the bisected kernel commit.
Session 8 after:
    Template:  2020-06-03 - a5ce5de0aecba44015705788859d376e5a431ccd
    Syzkaller: 2020-06-03 - a5ce5de0aecba44015705788859d376e5a431ccd
    Kernel:    2020-06-03 - 039aeb9deb9291f3b19c375a8bc6fa7f768996cc
The bug was found in a previous identical fuzzing session.

====================================================================================================================================================
Success
Revealing Factor:   Guilty Merge
Version:            2020-06-03 - 039aeb9deb9291f3b19c375a8bc6fa7f768996cc
Commit Name:        Merge tag 'for-linus' of git://git.kernel.org/pub/scm/virt/kvm/kvm

Bug Name:           general protection fault in __apic_accept_irq
Bug Link:           https://syzkaller.appspot.com/bug?id=f451140ba972ca7403ecd31763421fb84b9caeac
Arch:               i386
Finding Commit:     2020-06-05 - 7ae77150d94d3b535c7b85e6b3647113095e79bf
Guilty Merge:       2020-06-03 - 039aeb9deb9291f3b19c375a8bc6fa7f768996cc
Guilty Commit:      2020-06-01 - 2635b5c4a0e407b84f68e188c719f28ba0e9ae1b
