BUG: MAX_LOCK_DEPTH too low!,https://syzkaller.appspot.com/bug?id=ac7db280d77ec300d7cdaa14625a32be584c8eec
Repository: linux
Arch: amd64
Finding: dcb85f85fa6f142aae1fe86f399d4503d49f2b60
Guilty: 341adeec9adad0874f29a0a1af35638207352a39
No Duplicates
Single Proc Allocation
VMs:8
CPUs:2
Procs:16
Max time:30
Inspecting the finding commit.
Session 1:
    Template:  2022-02-04 - e13a05ed99be3112220ed09062bd52e1c0a2ffb6
    Syzkaller: 2022-02-04 - e13a05ed99be3112220ed09062bd52e1c0a2ffb6
    Kernel:    2022-02-04 - dcb85f85fa6f142aae1fe86f399d4503d49f2b60
    Compiler:  gcc-10.2.1-20210110
    The bug was found.
        BUG: MAX_LOCK_DEPTH too low!
New Max Time: 21.
No Merge Commit.
No template updates to inspect.
Inspecting 24 kernel versions in the range [2022-01-31, 2022-02-04].
Session 2:
    Template:  2022-02-01 - 4ebb27982f8984ed57466f87099acc0b250a1b5c
    Syzkaller: 2022-02-01 - 4ebb27982f8984ed57466f87099acc0b250a1b5c
    Kernel:    2022-02-02 - c7108979a010f693d9f3b0adc7aa770b33d1b77d
    Compiler:  gcc-10.2.1-20210110
    The bug was found in 2 minutes
        BUG: MAX_LOCK_DEPTH too low!
Session 3:
    Template:  2022-02-01 - 4ebb27982f8984ed57466f87099acc0b250a1b5c
    Syzkaller: 2022-02-01 - 4ebb27982f8984ed57466f87099acc0b250a1b5c
    Kernel:    2022-02-02 - 04c2a47ffb13c29778e2a14e414ad4cb5a5db4b5
    Compiler:  gcc-10.2.1-20210110
    The bug was found in 5 minutes
        BUG: MAX_LOCK_DEPTH too low!
Session 4:
    Template:  2022-02-01 - 4ebb27982f8984ed57466f87099acc0b250a1b5c
    Syzkaller: 2022-02-01 - 4ebb27982f8984ed57466f87099acc0b250a1b5c
    Kernel:    2022-02-01 - 9cef24c8b76c1f6effe499d2f131807c90f7ce9a
    Compiler:  gcc-10.2.1-20210110
    The bug was found in 8 minutes
        BUG: MAX_LOCK_DEPTH too low!
Session 5:
    Template:  2022-02-01 - 4ebb27982f8984ed57466f87099acc0b250a1b5c
    Syzkaller: 2022-02-01 - 4ebb27982f8984ed57466f87099acc0b250a1b5c
    Kernel:    2022-02-01 - 4223f86512877b04c932e7203648b37eec931731
    Compiler:  gcc-10.2.1-20210110
    The bug was found in 6 minutes
        BUG: MAX_LOCK_DEPTH too low!
Session 6:
    Template:  2022-01-31 - 6b7c57fe456c070981403f31bb6dfcb2ad2a92c3
    Syzkaller: 2022-01-31 - 6b7c57fe456c070981403f31bb6dfcb2ad2a92c3
    Kernel:    2022-01-31 - 341adeec9adad0874f29a0a1af35638207352a39
    Compiler:  gcc-10.2.1-20210110
    The bug was found in 2 minutes
        BUG: MAX_LOCK_DEPTH too low!
Confirming the bisected kernel commit.
Session 7 after:
    Template:  2022-01-31 - 6b7c57fe456c070981403f31bb6dfcb2ad2a92c3
    Syzkaller: 2022-01-31 - 6b7c57fe456c070981403f31bb6dfcb2ad2a92c3
    Kernel:    2022-01-31 - 341adeec9adad0874f29a0a1af35638207352a39
The bug was found in a previous identical fuzzing session.

Success
Revealing factor: Guilty Commit
Kernel Version: 2022-01-31 - 341adeec9adad0874f29a0a1af35638207352a39
Commit name: net/smc: Forward wakeup to smc socket waitqueue after fallback
