BUG: using smp_processor_id() in preemptible [ADDR] code: syz-executor,https://syzkaller.appspot.com/bug?id=dc6352b92862eb79373fe03fdf9af5928753e057
Repository: linux
Arch: i386
Finding: 5168afe6ef596eaf2ff7a533b780c79ce14445e4
Guilty: e9c1a793210f29f32ee4cf048e04d7d9bb3221cc
Duplicate Names:
    inconsistent lock state in icmp_send
    WARNING: locking bug in try_to_grab_pending
    BUG: using smp_processor_id() in preemptible [ADDR] code: syz-executor
    BUG: using smp_processor_id() in preemptible [ADDR] code: /NUM
Single Proc Allocation
VMs:8
CPUs:2
Procs:16
Max time:30
Inspecting the finding commit.
Session 1:
    Template:  2019-07-26 - c85e1c5be98819e885698b690ac15a8d05ae38a6
    Syzkaller: 2019-07-26 - c85e1c5be98819e885698b690ac15a8d05ae38a6
    Kernel:    2019-07-27 - 5168afe6ef596eaf2ff7a533b780c79ce14445e4
    Compiler:  gcc-9.0.0-20181231
    The bug was found.
        BUG: using smp_processor_id() in preemptible [ADDR] code: syz-executor
New Max Time: 10.
No Merge Commit.
Inspecting 1 template changes in [2019-06-27, 2019-07-27].
Session 2 before:
    Template:  2019-06-26 - 7509bf360eba1461ac6059e4cacfbc29c9d2d4c7
    Syzkaller: 2019-07-22 - 6a786da97c822c3ad536290c412f472e58342c91
    Kernel:    2019-07-22 - 7b5cf701ea9c395c792e2a7e3b7caf4c68b87721
    Compiler:  gcc-9.0.0-20181231
    The bug was found in 2 minutes
        BUG: using smp_processor_id() in preemptible [ADDR] code: syz-executor
Inspecting 267 kernel versions in the range [2019-06-27, 2019-07-22].
Session 3:
    Template:  2019-07-11 - baa5258a5eddb26cc15d56ac371cb2350a3f1302
    Syzkaller: 2019-07-11 - baa5258a5eddb26cc15d56ac371cb2350a3f1302
    Kernel:    2019-07-11 - 4832a4dada1a2baefac76b70e4f3a78e71a7c35c
    Compiler:  gcc-9.0.0-20181231
    The bug was found in 2 minutes
        BUG: using smp_processor_id() in preemptible [ADDR] code: syz-executor
Session 4:
    Template:  2019-07-05 - f62e1e85cf54ccfa990868a402eca32bf4513b21
    Syzkaller: 2019-07-05 - f62e1e85cf54ccfa990868a402eca32bf4513b21
    Kernel:    2019-07-05 - 61c2491db779c94d29446cea38b95d0c72bc1a9e
    Compiler:  gcc-9.0.0-20181231
    The bug was found in 1 minutes
        BUG: using smp_processor_id() in preemptible [ADDR] code: syz-executor
Session 5:
    Template:  2019-07-02 - 55565fa0377f97cf09bfab365707e08b0156c11b
    Syzkaller: 2019-07-02 - 55565fa0377f97cf09bfab365707e08b0156c11b
    Kernel:    2019-07-02 - b432bdb6c6304d4c14ba9eff55c99884ccfc1aae
    Compiler:  gcc-9.0.0-20181231
    The bug was found in 2 minutes
        BUG: using smp_processor_id() in preemptible [ADDR] code: syz-executor
Session 6:
    Template:  2019-06-26 - 7509bf360eba1461ac6059e4cacfbc29c9d2d4c7
    Syzkaller: 2019-06-26 - 7509bf360eba1461ac6059e4cacfbc29c9d2d4c7
    Kernel:    2019-06-29 - f072218cca5b076dd99f3dfa3aaafedfd0023a51
    Compiler:  gcc-9.0.0-20181231
    The bug was found in 1 minutes
        BUG: using smp_processor_id() in preemptible [ADDR] code: syz-executor
Session 7:
    Template:  2019-06-26 - 7509bf360eba1461ac6059e4cacfbc29c9d2d4c7
    Syzkaller: 2019-06-26 - 7509bf360eba1461ac6059e4cacfbc29c9d2d4c7
    Kernel:    2019-06-28 - 5cdda5f1d6adde02da591ca2196f20289977dc56
    Compiler:  gcc-9.0.0-20181231
    The bug was found in 1 minutes
        BUG: using smp_processor_id() in preemptible [ADDR] code: syz-executor
Session 8:
    Template:  2019-06-26 - 7509bf360eba1461ac6059e4cacfbc29c9d2d4c7
    Syzkaller: 2019-06-26 - 7509bf360eba1461ac6059e4cacfbc29c9d2d4c7
    Kernel:    2019-06-28 - f7110b753b77b0639d831ad822aad557b2cf000e
    Compiler:  gcc-9.0.0-20181231
    The bug was found in 1 minutes
        BUG: using smp_processor_id() in preemptible [ADDR] code: syz-executor
Session 9:
    Template:  2019-06-26 - 7509bf360eba1461ac6059e4cacfbc29c9d2d4c7
    Syzkaller: 2019-06-26 - 7509bf360eba1461ac6059e4cacfbc29c9d2d4c7
    Kernel:    2019-06-28 - 42e87024f72708291e2b79d3365ba6a50827d0a4
    Compiler:  gcc-9.0.0-20181231
    The bug was found in 2 minutes
        BUG: using smp_processor_id() in preemptible [ADDR] code: syz-executor
Session 10:
    Template:  2019-06-26 - 7509bf360eba1461ac6059e4cacfbc29c9d2d4c7
    Syzkaller: 2019-06-26 - 7509bf360eba1461ac6059e4cacfbc29c9d2d4c7
    Kernel:    2019-06-28 - ee7dd7733b201c6201174f384a92dbadc9f3129c
    Compiler:  gcc-9.0.0-20181231
    The bug was found in 2 minutes
        BUG: using smp_processor_id() in preemptible [ADDR] code: syz-executor
Session 11:
    Template:  2019-06-26 - 7509bf360eba1461ac6059e4cacfbc29c9d2d4c7
    Syzkaller: 2019-06-26 - 7509bf360eba1461ac6059e4cacfbc29c9d2d4c7
    Kernel:    2019-06-27 - e9c1a793210f29f32ee4cf048e04d7d9bb3221cc
    Compiler:  gcc-9.0.0-20181231
    The bug was found in 1 minutes
        BUG: using smp_processor_id() in preemptible [ADDR] code: syz-executor
Confirming the bisected kernel commit.
Session 12 after:
    Template:  2019-06-26 - 7509bf360eba1461ac6059e4cacfbc29c9d2d4c7
    Syzkaller: 2019-06-26 - 7509bf360eba1461ac6059e4cacfbc29c9d2d4c7
    Kernel:    2019-06-27 - e9c1a793210f29f32ee4cf048e04d7d9bb3221cc
The bug was found in a previous identical fuzzing session.

====================================================================================================================================================
Success
Revealing Factor:   Guilty Commit
Version:            2019-06-27 - e9c1a793210f29f32ee4cf048e04d7d9bb3221cc
Commit Name:        tipc: add dst_cache support for udp media

Bug Name:           BUG: using smp_processor_id() in preemptible [ADDR] code: syz-executor
Bug Link:           https://syzkaller.appspot.com/bug?id=dc6352b92862eb79373fe03fdf9af5928753e057
Arch:               i386
Finding Commit:     2019-07-27 - 5168afe6ef596eaf2ff7a533b780c79ce14445e4
Guilty Merge:       None
Guilty Commit:      2019-06-27 - e9c1a793210f29f32ee4cf048e04d7d9bb3221cc
