BUG: unable to handle kernel paging request in ion_heap_clear_pages,https://syzkaller.appspot.com/bug?id=0dd28d46dec9381ed64f55ee25269fe781439d24
Repository: linux
Arch: amd64
Finding: 76bb8b05960c3d1668e6bee7624ed886cbd135ba
Guilty: 3c5c3cfb9ef4da957e3357a2bd36f76ee34c0862
Duplicate Names:
    BUG: unable to handle kernel paging request in ion_heap_sglist_zero
    BUG: unable to handle kernel paging request in xfs_sb_read_verify
    BUG: unable to handle kernel paging request in ion_heap_clear_pages
    BUG: unable to handle kernel paging request in xfs_sb_quiet_read_verify
Single Proc Allocation
VMs:8
CPUs:2
Procs:16
Max time:30
Inspecting the finding commit.
Session 1:
    Template:  2019-12-03 - 0ecb9746a701be4544b845514a31a21cce92cc79
    Syzkaller: 2019-12-03 - 0ecb9746a701be4544b845514a31a21cce92cc79
    Kernel:    2019-12-03 - 76bb8b05960c3d1668e6bee7624ed886cbd135ba
    Compiler:  gcc-9.0.0-20181231
    The bug was found.
        BUG: unable to handle kernel paging request in ion_heap_clear_pages
New Max Time: 10.
Merge Commit: 2019-12-02 - 596cf45cbf6e4fa7bcb0df33e373a7d062b644b5.
No template updates to inspect.
Inspecting 14 kernel versions in the range [2019-12-02, 2019-12-03].
Session 2:
    Template:  2019-12-02 - ab342da3f9aa45e3f2d9e872576ab5cd3e3c350b
    Syzkaller: 2019-12-02 - ab342da3f9aa45e3f2d9e872576ab5cd3e3c350b
    Kernel:    2019-12-02 - 9b326948c23908692d7dfe56ed149840d3829eaa
    Compiler:  gcc-9.0.0-20181231
    The bug was found in 2 minutes
        BUG: unable to handle kernel paging request in ion_heap_clear_pages
Session 3:
    Template:  2019-12-02 - ab342da3f9aa45e3f2d9e872576ab5cd3e3c350b
    Syzkaller: 2019-12-02 - ab342da3f9aa45e3f2d9e872576ab5cd3e3c350b
    Kernel:    2019-12-02 - 8328dd2f394e48a010383af176bf55ba4be79da0
    Compiler:  gcc-9.0.0-20181231
    The bug was found in 2 minutes
        BUG: unable to handle kernel paging request in ion_heap_clear_pages
Session 4:
    Template:  2019-12-02 - ab342da3f9aa45e3f2d9e872576ab5cd3e3c350b
    Syzkaller: 2019-12-02 - ab342da3f9aa45e3f2d9e872576ab5cd3e3c350b
    Kernel:    2019-12-02 - a5255bc31673c72e264d837cd13cd3085d72cb58
    Compiler:  gcc-9.0.0-20181231
    The bug was found in 2 minutes
        BUG: unable to handle kernel paging request in ion_heap_clear_pages
Session 5:
    Template:  2019-12-02 - ab342da3f9aa45e3f2d9e872576ab5cd3e3c350b
    Syzkaller: 2019-12-02 - ab342da3f9aa45e3f2d9e872576ab5cd3e3c350b
    Kernel:    2019-12-02 - 596cf45cbf6e4fa7bcb0df33e373a7d062b644b5
    Compiler:  gcc-9.0.0-20181231
    The bug was found in 2 minutes
        BUG: unable to handle kernel paging request in ion_heap_clear_pages
Confirming the bisected kernel commit.
Session 6 after:
    Template:  2019-12-02 - ab342da3f9aa45e3f2d9e872576ab5cd3e3c350b
    Syzkaller: 2019-12-02 - ab342da3f9aa45e3f2d9e872576ab5cd3e3c350b
    Kernel:    2019-12-02 - 596cf45cbf6e4fa7bcb0df33e373a7d062b644b5
The bug was found in a previous identical fuzzing session.
Session 7 before:
    Template:  2019-12-02 - ab342da3f9aa45e3f2d9e872576ab5cd3e3c350b
    Syzkaller: 2019-12-02 - ab342da3f9aa45e3f2d9e872576ab5cd3e3c350b
    Kernel:    2019-12-01 - 937790699be9c8100e5358625e7dfa8b32bd33f2
    Compiler:  gcc-9.0.0-20181231
    The bug was found in 2 minutes
        BUG: unable to handle kernel paging request in ion_heap_clear_pages
Inspecting 5 syzkaller version(s) from 2019-12-02.
Session 8:
    Template:  2019-12-02 - ab342da3f9aa45e3f2d9e872576ab5cd3e3c350b
    Syzkaller: 2019-12-02 - ab342da3f9aa45e3f2d9e872576ab5cd3e3c350b
    Kernel:    2019-12-02 - 596cf45cbf6e4fa7bcb0df33e373a7d062b644b5
    Compiler:  gcc-9.0.0-20181231
The bug was found in a previous identical fuzzing session.
Session 9:
    Template:  2019-12-02 - dc01aea0031d3e38fdd4124b28197c7597ab39c3
    Syzkaller: 2019-12-02 - dc01aea0031d3e38fdd4124b28197c7597ab39c3
    Kernel:    2019-12-02 - 596cf45cbf6e4fa7bcb0df33e373a7d062b644b5
    Compiler:  gcc-9.0.0-20181231
    The bug was found in 2 minutes
        BUG: unable to handle kernel paging request in ion_heap_clear_pages
Session 10:
    Template:  2019-12-02 - b5e323243203d28e406be0c4383e662c408b4fdc
    Syzkaller: 2019-12-02 - b5e323243203d28e406be0c4383e662c408b4fdc
    Kernel:    2019-12-02 - 596cf45cbf6e4fa7bcb0df33e373a7d062b644b5
    Compiler:  gcc-9.0.0-20181231
    The bug was found in 2 minutes
        BUG: unable to handle kernel paging request in ion_heap_clear_pages
Session 11:
    Template:  2019-12-02 - 82d81ba98eb98ef5c096f1452e5089ca02e0dc0b
    Syzkaller: 2019-12-02 - 82d81ba98eb98ef5c096f1452e5089ca02e0dc0b
    Kernel:    2019-12-02 - 596cf45cbf6e4fa7bcb0df33e373a7d062b644b5
    Compiler:  gcc-9.0.0-20181231
    The bug was found in 2 minutes
        BUG: unable to handle kernel paging request in ion_heap_clear_pages
Session 12:
    Template:  2019-12-02 - 3aa380090f35529e58e4a393e8e0dee79dd0d491
    Syzkaller: 2019-12-02 - 3aa380090f35529e58e4a393e8e0dee79dd0d491
    Kernel:    2019-12-02 - 596cf45cbf6e4fa7bcb0df33e373a7d062b644b5
    Compiler:  gcc-9.0.0-20181231
    The bug was found in 2 minutes
        BUG: unable to handle kernel paging request in ion_heap_clear_pages

Success
Revealing factor: Syzkaller Update
Syzkaller Version: 2019-12-02 - 3aa380090f35529e58e4a393e8e0dee79dd0d491
Commit name: sys/syz-extract: extract constants from ELF
