possible deadlock in sidtab_sid2str_put,https://syzkaller.appspot.com/bug?id=57f024efa044dfe369eb27a70742c5f8293c836e
Repository: linux
Arch: amd64
Finding: b0be0eff1a5ab77d588b76bd8b1c92d5d17b3f73
Guilty: d97bd23c2d7d866e99eb3a927c742715c85a90ef
No Duplicates
Single Proc Allocation
VMs:8
CPUs:2
Procs:16
Max time:30
Inspecting the finding commit.
Session 1:
    Template:  2020-01-28 - c8e81ce4c7e3b59e7c83c6fab56c217916f3b3b6
    Syzkaller: 2020-01-28 - c8e81ce4c7e3b59e7c83c6fab56c217916f3b3b6
    Kernel:    2020-01-28 - b0be0eff1a5ab77d588b76bd8b1c92d5d17b3f73
    Compiler:  gcc-9.0.0-20181231
    The bug was found.
        possible deadlock in sidtab_sid2str_put
New Max Time: 10.
Merge Commit: 2020-01-27 - b1dba2473114588be3df916bf629a61bdcc83737.
No template updates to inspect.
Inspecting 7 kernel versions in the range [2020-01-27, 2020-01-28].
Session 2:
    Template:  2020-01-28 - c8e81ce4c7e3b59e7c83c6fab56c217916f3b3b6
    Syzkaller: 2020-01-28 - c8e81ce4c7e3b59e7c83c6fab56c217916f3b3b6
    Kernel:    2020-01-28 - e279160f491392f1345f6eb4b0eeec5a6a2ecdd7
    Compiler:  gcc-9.0.0-20181231
    The bug was found in 2 minutes
        possible deadlock in sidtab_sid2str_put
Session 3:
    Template:  2020-01-28 - c8e81ce4c7e3b59e7c83c6fab56c217916f3b3b6
    Syzkaller: 2020-01-28 - c8e81ce4c7e3b59e7c83c6fab56c217916f3b3b6
    Kernel:    2020-01-28 - b11c89a158f29a9b9d740f8f60b74f261ce6557f
    Compiler:  gcc-9.0.0-20181231
    The bug was found in 2 minutes
        possible deadlock in sidtab_sid2str_put
Session 4:
    Template:  2020-01-28 - c8e81ce4c7e3b59e7c83c6fab56c217916f3b3b6
    Syzkaller: 2020-01-28 - c8e81ce4c7e3b59e7c83c6fab56c217916f3b3b6
    Kernel:    2020-01-28 - a56c41e5d766871231828046f477611d6ee7d2db
    Compiler:  gcc-9.0.0-20181231
    The bug was found in 2 minutes
        possible deadlock in sidtab_sid2str_put
Session 5:
    Template:  2020-01-27 - 56cd6c9b80ee424566e3ceaf8a4b042803a130ad
    Syzkaller: 2020-01-27 - 56cd6c9b80ee424566e3ceaf8a4b042803a130ad
    Kernel:    2020-01-27 - b1dba2473114588be3df916bf629a61bdcc83737
    Compiler:  gcc-9.0.0-20181231
    The bug was found in 2 minutes
        possible deadlock in sidtab_sid2str_put
Confirming the bisected kernel commit.
Session 6 after:
    Template:  2020-01-27 - 56cd6c9b80ee424566e3ceaf8a4b042803a130ad
    Syzkaller: 2020-01-27 - 56cd6c9b80ee424566e3ceaf8a4b042803a130ad
    Kernel:    2020-01-27 - b1dba2473114588be3df916bf629a61bdcc83737
The bug was found in a previous identical fuzzing session.
Session 7 before:
    Template:  2020-01-27 - 56cd6c9b80ee424566e3ceaf8a4b042803a130ad
    Syzkaller: 2020-01-27 - 56cd6c9b80ee424566e3ceaf8a4b042803a130ad
    Kernel:    2020-01-20 - 98aa00345de54b8340dc2ddcd87f446d33387b5e
    Compiler:  gcc-9.0.0-20181231
    The bug was found in 2 minutes
        possible deadlock in sidtab_sid2str_put
Inspecting 2 syzkaller version(s) from 2020-01-27.
Session 8:
    Template:  2020-01-27 - 56cd6c9b80ee424566e3ceaf8a4b042803a130ad
    Syzkaller: 2020-01-27 - 56cd6c9b80ee424566e3ceaf8a4b042803a130ad
    Kernel:    2020-01-27 - b1dba2473114588be3df916bf629a61bdcc83737
    Compiler:  gcc-9.0.0-20181231
The bug was found in a previous identical fuzzing session.
Session 9:
    Template:  2020-01-27 - 1079ec0d3f0569fb3a90b8d2940c4cbba7ff7929
    Syzkaller: 2020-01-27 - 1079ec0d3f0569fb3a90b8d2940c4cbba7ff7929
    Kernel:    2020-01-27 - b1dba2473114588be3df916bf629a61bdcc83737
    Compiler:  gcc-9.0.0-20181231
    The bug was found in 5 minutes
        possible deadlock in sidtab_sid2str_put

Success
Revealing factor: Syzkaller Update
Syzkaller Version: 2020-01-27 - 1079ec0d3f0569fb3a90b8d2940c4cbba7ff7929
Commit name: dashboard/config: disable CONFIG_EFI
