general protection fault in finish_task_switch,https://syzkaller.appspot.com/bug?id=be95cda1773d91aa53b69916d76dc5a9e0b59eeb
Repository: linux
Arch: i386
Finding: 778a33959a8ad4cb1ea2f4c5119f9e1e8b9f9d9b
Guilty: 8fcc4b5923af5de58b80b53a069453b135693304
Duplicate Names:
    KASAN: use-after-free Read in __schedule
    general protection fault in finish_task_switch
    general protection fault in kvm_lapic_hv_timer_in_use
    KASAN: use-after-free Read in finish_task_switch
Single Proc Allocation
VMs:8
CPUs:2
Procs:16
Max time:30
Inspecting the finding commit.
Session 1:
    Template:  2018-08-20 - 95b5c82b28c3107383df2cd38d9af8c7984bd31c
    Syzkaller: 2018-08-20 - 95b5c82b28c3107383df2cd38d9af8c7984bd31c
    Kernel:    2018-08-21 - 778a33959a8ad4cb1ea2f4c5119f9e1e8b9f9d9b
    Compiler:  gcc-8.0.1-20180412
    The bug was found.
        KASAN: use-after-free Read in finish_task_switch
        general protection fault in __schedule
New Max Time: 10.
Merge Commit: 2018-08-19 - e61cf2e3a5b452cfefcb145021f5a8ea88735cc1.
No template updates to inspect.
Inspecting 14 kernel versions in the range [2018-08-19, 2018-08-21].
Session 2:
    Template:  2018-08-20 - 95b5c82b28c3107383df2cd38d9af8c7984bd31c
    Syzkaller: 2018-08-20 - 95b5c82b28c3107383df2cd38d9af8c7984bd31c
    Kernel:    2018-08-20 - 61c4fc1eaf736344904767d201b0d4f7a2ebaf79
    Compiler:  gcc-8.0.1-20180412
    The bug was found in 1 minutes
        KASAN: use-after-free Read in finish_task_switch
Session 3:
    Template:  2018-08-20 - 95b5c82b28c3107383df2cd38d9af8c7984bd31c
    Syzkaller: 2018-08-20 - 95b5c82b28c3107383df2cd38d9af8c7984bd31c
    Kernel:    2018-08-20 - cc26ebbebde8548014d9329ac2f6cf0178181789
    Compiler:  gcc-8.0.1-20180412
    The bug was found in 2 minutes
        general protection fault in __schedule
        KASAN: use-after-free Read in finish_task_switch
Session 4:
    Template:  2018-08-19 - 2dc4378f0225c80d2755f7531ad0de4c2044727a
    Syzkaller: 2018-08-19 - 2dc4378f0225c80d2755f7531ad0de4c2044727a
    Kernel:    2018-08-19 - 2ad0d52699700a91660a406a4046017a2d7f246a
    Compiler:  gcc-8.0.1-20180412
    The bug was found in 1 minutes
        KASAN: use-after-free Read in finish_task_switch
Session 5:
    Template:  2018-08-19 - 2dc4378f0225c80d2755f7531ad0de4c2044727a
    Syzkaller: 2018-08-19 - 2dc4378f0225c80d2755f7531ad0de4c2044727a
    Kernel:    2018-08-19 - e61cf2e3a5b452cfefcb145021f5a8ea88735cc1
    Compiler:  gcc-8.0.1-20180412
    The bug was found in 1 minutes
        KASAN: use-after-free Read in finish_task_switch
Confirming the bisected kernel commit.
Session 6 after:
    Template:  2018-08-19 - 2dc4378f0225c80d2755f7531ad0de4c2044727a
    Syzkaller: 2018-08-19 - 2dc4378f0225c80d2755f7531ad0de4c2044727a
    Kernel:    2018-08-19 - e61cf2e3a5b452cfefcb145021f5a8ea88735cc1
The bug was found in a previous identical fuzzing session.

====================================================================================================================================================
Success
Revealing Factor:   Guilty Merge
Version:            2018-08-19 - e61cf2e3a5b452cfefcb145021f5a8ea88735cc1
Commit Name:        Merge tag 'for-linus' of git://git.kernel.org/pub/scm/virt/kvm/kvm

Bug Name:           general protection fault in finish_task_switch
Bug Link:           https://syzkaller.appspot.com/bug?id=be95cda1773d91aa53b69916d76dc5a9e0b59eeb
Arch:               i386
Finding Commit:     2018-08-21 - 778a33959a8ad4cb1ea2f4c5119f9e1e8b9f9d9b
Guilty Merge:       2018-08-19 - e61cf2e3a5b452cfefcb145021f5a8ea88735cc1
Guilty Commit:      2018-08-06 - 8fcc4b5923af5de58b80b53a069453b135693304
