WARNING in inet_csk_get_port,https://syzkaller.appspot.com/bug?id=ea15ed20f874608f0b5e8f90c9d1cda69f1e34be
Repository: linux
Arch: amd64
Finding: d1dc87763f406d4e67caf16dbe438a5647692395
Guilty: d5a42de8bdbe25081f07b801d8b35f4d75a791f4
Duplicate Names:
    WARNING in inet_csk_get_port
    general protection fault in __inet_hash_connect
    KASAN: use-after-free Write in inet_put_port
    KASAN: use-after-free Read in inet_bind2_bucket_find
Single Proc Allocation
VMs:8
CPUs:2
Procs:16
Max time:30
Inspecting the finding commit.
Session 1:
    Template:  2022-06-02 - 02dddea803b3dcfa0e472bb94d3e540e8f1b457b
    Syzkaller: 2022-06-02 - 02dddea803b3dcfa0e472bb94d3e540e8f1b457b
    Kernel:    2022-06-02 - d1dc87763f406d4e67caf16dbe438a5647692395
    Compiler:  gcc-10.2.1-20210110
    The bug was found.
        WARNING in inet_csk_get_port
New Max Time: 10.
Merge Commit: 2022-05-21 - aa5334b1f96801cd09775217a72ff252ef614d7a.
Inspecting 2 template changes in [2022-05-21, 2022-06-02].
Session 2 before:
    Template:  2022-06-02 - ff1f215e653ff17702cc30338944a018bf976486
    Syzkaller: 2022-06-02 - 9305d4f6a615844e1e610074e97c8ade3b138e06
    Kernel:    2022-06-02 - d1dc87763f406d4e67caf16dbe438a5647692395
    Compiler:  gcc-10.2.1-20210110
    The bug was found in 1 minutes
        WARNING in inet_csk_get_port
Session 3 before:
    Template:  2022-05-20 - 7268fa62257981feeebc89e55b5ce45294beff8c
    Syzkaller: 2022-06-02 - ff1f215e653ff17702cc30338944a018bf976486
    Kernel:    2022-06-02 - d1dc87763f406d4e67caf16dbe438a5647692395
    Compiler:  gcc-10.2.1-20210110
    The bug was found in 2 minutes
        WARNING in inet_csk_get_port
Inspecting 124 kernel versions in the range [2022-05-21, 2022-06-02].
Session 4:
    Template:  2022-05-27 - a46af3462c457f5f23b620200144d9a2a430f49f
    Syzkaller: 2022-05-27 - a46af3462c457f5f23b620200144d9a2a430f49f
    Kernel:    2022-05-27 - ef98f9cfe20d8ca063365d46d4ab2b85eeeb324f
    Compiler:  gcc-10.2.1-20210110
    The bug was found in 2 minutes
        WARNING in inet_csk_get_port
Session 5:
    Template:  2022-05-24 - 647c0e2737b12e092ce23948537ddf7dd3992c53
    Syzkaller: 2022-05-24 - 647c0e2737b12e092ce23948537ddf7dd3992c53
    Kernel:    2022-05-24 - 48a75b979940f8aa838143e976455aa0e629e638
    Compiler:  gcc-10.2.1-20210110
    The bug was found in 2 minutes
        WARNING in inet_csk_get_port
Session 6:
    Template:  2022-05-20 - 7268fa62257981feeebc89e55b5ce45294beff8c
    Syzkaller: 2022-05-20 - 7268fa62257981feeebc89e55b5ce45294beff8c
    Kernel:    2022-05-22 - c304eddcecfe2513ff98ce3ae97d1c196d82ba08
    Compiler:  gcc-10.2.1-20210110
    The bug was found in 2 minutes
        WARNING in inet_csk_get_port
Session 7:
    Template:  2022-05-20 - 7268fa62257981feeebc89e55b5ce45294beff8c
    Syzkaller: 2022-05-20 - 7268fa62257981feeebc89e55b5ce45294beff8c
    Kernel:    2022-05-22 - 878e2eb29ac130c1a2dec6a3c3bb8706f5dd1476
    Compiler:  gcc-10.2.1-20210110
    The bug was found in 2 minutes
        WARNING in inet_csk_get_port
Session 8:
    Template:  2022-05-20 - 7268fa62257981feeebc89e55b5ce45294beff8c
    Syzkaller: 2022-05-20 - 7268fa62257981feeebc89e55b5ce45294beff8c
    Kernel:    2022-05-22 - e34be16bee65dc4eee4e4f9398e6acf26d69379e
    Compiler:  gcc-10.2.1-20210110
    The bug was found in 2 minutes
        WARNING in inet_csk_get_port
Session 9:
    Template:  2022-05-20 - 7268fa62257981feeebc89e55b5ce45294beff8c
    Syzkaller: 2022-05-20 - 7268fa62257981feeebc89e55b5ce45294beff8c
    Kernel:    2022-05-21 - aa5334b1f96801cd09775217a72ff252ef614d7a
    Compiler:  gcc-10.2.1-20210110
    The bug was found in 2 minutes
        WARNING in inet_csk_get_port
Session 10:
    Template:  2022-05-20 - 7268fa62257981feeebc89e55b5ce45294beff8c
    Syzkaller: 2022-05-20 - 7268fa62257981feeebc89e55b5ce45294beff8c
    Kernel:    2022-05-21 - 538aaf9b2383701094a47797b4554c6a21c83eed
    Compiler:  gcc-10.2.1-20210110
    The bug was found in 2 minutes
        WARNING in inet_csk_get_port
Confirming the bisected kernel commit.
Session 11 after:
    Template:  2022-05-20 - 7268fa62257981feeebc89e55b5ce45294beff8c
    Syzkaller: 2022-05-20 - 7268fa62257981feeebc89e55b5ce45294beff8c
    Kernel:    2022-05-21 - 538aaf9b2383701094a47797b4554c6a21c83eed
The bug was found in a previous identical fuzzing session.
Session 12 before:
    Template:  2022-05-20 - 7268fa62257981feeebc89e55b5ce45294beff8c
    Syzkaller: 2022-05-20 - 7268fa62257981feeebc89e55b5ce45294beff8c
    Kernel:    2022-05-20 - d5a42de8bdbe25081f07b801d8b35f4d75a791f4
    Compiler:  gcc-10.2.1-20210110
    The bug was found in 2 minutes
        WARNING in inet_csk_get_port
Inspecting 0 syzkaller version(s) from 2022-05-21.

Success
Revealing factor: Syzkaller Update
Syzkaller Version: 2022-05-20 - 7268fa62257981feeebc89e55b5ce45294beff8c
Commit name: dashboard/app: linkify source files in sample reports
