KASAN: use-after-free Read in rxrpc_send_keepalive,https://syzkaller.appspot.com/bug?id=9b519f4f0bcaeb000ba93389eda00310a6020abe
Repository: linux
Arch: amd64
Finding: 2019-08-08 - b678c568c561cf7e4ed40f4bcc3e85d2b50310a2
Guilty:  2017-03-03 - 37411cad633f5e41f8a13007654909d21b19363a
No Duplicates
Single Proc Allocation
VMs:8
CPUs:2
Procs:16
Max time:30
Max attempts:3
Testing the finding commit.

2023-04-09 22:58:27
Session:   1
Template:  2019-08-09 - acb51638141ff960f547431757130749bc176bc0
Syzkaller: 2019-08-09 - acb51638141ff960f547431757130749bc176bc0
Kernel:    2019-08-08 - b678c568c561cf7e4ed40f4bcc3e85d2b50310a2
Compiler:  gcc-9.0.0-20181231
Attempt 1:
    No crashes found.
Attempt 2:
    Time  Bug Name
***    6  KASAN: use-after-free Read in rxrpc_send_keepalive
Attempt 3:
    Time  Bug Name
***    7  KASAN: use-after-free Read in rxrpc_send_keepalive
The bug was found.

New Max Time: 25.
Merge Commit: 2017-03-05 - 8d70eeb84ab277377c017af6a21d0a337025dede.

==== Template Inspection ====
64 template changes in [2017-07-22, 2019-08-09].

2023-04-10 01:19:27
Session:   2
Template:  2018-03-05 - 42467f5b7bf4eef20f78f796fc6eb10401784d86
Syzkaller: 2018-03-05 - 42467f5b7bf4eef20f78f796fc6eb10401784d86
Kernel:    2018-03-05 - 094b58e1040a44f991d7ab628035e69c4d6b79c9
Compiler:  gcc-8.0.1-20180301
Attempt 1:
    No crashes found.
Attempt 2:
    No crashes found.
Attempt 3:
    No crashes found.
The bug was not found.

2023-04-10 03:07:38
Session:   3
Template:  2018-12-09 - a3f232631f083a5a8ebe4928a98712f553a6efe7
Syzkaller: 2018-12-09 - a3f232631f083a5a8ebe4928a98712f553a6efe7
Kernel:    2018-12-09 - 40e020c129cfc991e8ab4736d2665351ffd1468d
Compiler:  gcc-8.0.1-20180412
Attempt 1:
    No crashes found.
Attempt 2:
    Time  Bug Name
      12  general protection fault in get_work_pool
      24  general protection fault in get_work_pool
Attempt 3:
    No crashes found.
The bug was not found.

2023-04-10 05:01:13
Session:   4
Template:  2018-12-29 - 204cb1446fa9aee09a506bc33f8fe605dbf709d2
Syzkaller: 2018-12-29 - 204cb1446fa9aee09a506bc33f8fe605dbf709d2
Kernel:    2018-12-29 - 195303136f192d37b89e20a8d1d2670d0d825266
Compiler:  gcc-8.0.1-20180412
Attempt 1:
    No crashes found.
Attempt 2:
    No crashes found.
Attempt 3:
    No crashes found.
The bug was not found.

2023-04-10 06:41:59
Session:   5
Template:  2019-03-14 - 1e8208402d9c84d5f3ee6e33b63db8befbf61032
Syzkaller: 2019-03-14 - 1e8208402d9c84d5f3ee6e33b63db8befbf61032
Kernel:    2019-03-14 - f261c4e529dac5608a604d3dd3ae1cd2adf23c89
Compiler:  gcc-9.0.0-20181231
Warning: Syzkaller log file exceeded 5000 lines.
Saved at /mnt/sda/author/SyzInspector/wd-inspector-3/log/bug734-boot_failure.log.
Attempt 1:
    Time  Bug Name
      21  boot failure
Warning: Syzkaller log file exceeded 5000 lines.
Saved at /mnt/sda/author/SyzInspector/wd-inspector-3/log/bug734-boot_failure.log.
Attempt 2:
    Time  Bug Name
      21  boot failure
Warning: Syzkaller log file exceeded 5000 lines.
Saved at /mnt/sda/author/SyzInspector/wd-inspector-3/log/bug734-boot_failure.log.
Attempt 3:
    Time  Bug Name
      21  boot failure
Warning: Syzkaller log file exceeded 5000 lines.
Saved at /mnt/sda/author/SyzInspector/wd-inspector-3/log/bug734-boot_failure.log.
Attempt 4: (RETRY)
    Time  Bug Name
      21  boot failure
Warning: Syzkaller log file exceeded 5000 lines.
Saved at /mnt/sda/author/SyzInspector/wd-inspector-3/log/bug734-boot_failure.log.
Attempt 5: (RETRY)
    Time  Bug Name
      21  boot failure
Warning: Syzkaller log file exceeded 5000 lines.
Saved at /mnt/sda/author/SyzInspector/wd-inspector-3/log/bug734-boot_failure.log.
Attempt 6: (RETRY)
    Time  Bug Name
      21  boot failure
The bug was not found.
Warning: This session is unstable.

2023-04-10 09:26:45
Session:   6
Template:  2019-07-16 - 84d08cdf2d65976799e858fd6add094cd462b506
Syzkaller: 2019-07-16 - 84d08cdf2d65976799e858fd6add094cd462b506
Kernel:    2019-07-16 - 0a8ad0ffa4d80a544f6cbff703bf6394339afcdf
Compiler:  gcc-9.0.0-20181231
Attempt 1:
    Time  Bug Name
       7  no output from test machine
       8  INFO: task hung in switchdev_deferred_process_work
      24  INFO: task hung in switchdev_deferred_process_work
Attempt 2:
    Time  Bug Name
      10  INFO: task hung in switchdev_deferred_process_work
Attempt 3:
    Time  Bug Name
***    5  KASAN: use-after-free Read in rxrpc_send_keepalive
The bug was found.

2023-04-10 10:53:41
Session:   7
Template:  2019-05-10 - c2aed7c7e3e293282067079aa68bd550b880a242
Syzkaller: 2019-05-10 - c2aed7c7e3e293282067079aa68bd550b880a242
Kernel:    2019-05-10 - 1fb3b526df3bd7647e7854915ae6b22299408baf
Compiler:  gcc-9.0.0-20181231
Warning: Syzkaller log file exceeded 5000 lines.
Saved at /mnt/sda/author/SyzInspector/wd-inspector-3/log/bug734-boot_failure.log.
Attempt 1:
    Time  Bug Name
       1  boot failure
Warning: Syzkaller log file exceeded 5000 lines.
Saved at /mnt/sda/author/SyzInspector/wd-inspector-3/log/bug734-boot_failure.log.
Attempt 2:
    Time  Bug Name
       1  boot failure
Warning: Syzkaller log file exceeded 5000 lines.
Saved at /mnt/sda/author/SyzInspector/wd-inspector-3/log/bug734-boot_failure.log.
Attempt 3:
    Time  Bug Name
       1  boot failure
Warning: Syzkaller log file exceeded 5000 lines.
Saved at /mnt/sda/author/SyzInspector/wd-inspector-3/log/bug734-boot_failure.log.
Attempt 4: (RETRY)
    Time  Bug Name
       1  boot failure
Warning: Syzkaller log file exceeded 5000 lines.
Saved at /mnt/sda/author/SyzInspector/wd-inspector-3/log/bug734-boot_failure.log.
Attempt 5: (RETRY)
    Time  Bug Name
       1  boot failure
Warning: Syzkaller log file exceeded 5000 lines.
Saved at /mnt/sda/author/SyzInspector/wd-inspector-3/log/bug734-boot_failure.log.
Attempt 6: (RETRY)
    Time  Bug Name
       1  boot failure
The bug was not found.
Warning: This session is unstable.

2023-04-10 11:37:01
Session:   8
Template:  2019-05-10 - c2aed7c7e3e293282067079aa68bd550b880a242
Syzkaller: 2019-07-16 - 84d08cdf2d65976799e858fd6add094cd462b506
Kernel:    2019-07-16 - 0a8ad0ffa4d80a544f6cbff703bf6394339afcdf
Compiler:  gcc-9.0.0-20181231
Attempt 1:
    Time  Bug Name
       8  INFO: task hung in linkwatch_event
      15  no output from test machine
      21  no output from test machine
Attempt 2:
    No crashes found.
Attempt 3:
    Time  Bug Name
       7  no output from test machine
       7  no output from test machine
       8  INFO: task hung in linkwatch_event
      13  no output from test machine
      14  no output from test machine
      15  no output from test machine
      20  no output from test machine
      20  no output from test machine
      21  no output from test machine
The bug was not found.

====================================================================================================================================================
Revealing Factor:   Template Update
Version:            2019-07-16 - 84d08cdf2d65976799e858fd6add094cd462b506
Commit Name:        sys/linux: update for v5.3 again

Bug Name:           KASAN: use-after-free Read in rxrpc_send_keepalive
Bug Link:           https://syzkaller.appspot.com/bug?id=9b519f4f0bcaeb000ba93389eda00310a6020abe
Arch:               amd64
Finding Date:       2019-08-09
Finding Commit:     2019-08-08 - b678c568c561cf7e4ed40f4bcc3e85d2b50310a2
Guilty Merge:       2017-03-05 - 8d70eeb84ab277377c017af6a21d0a337025dede
Guilty Commit:      2017-03-03 - 37411cad633f5e41f8a13007654909d21b19363a

Possible Blocking Bugs:
    no output from test machine
