WARNING in alloc_pages_vma,https://syzkaller.appspot.com/bug?id=0084fd109a7a10011e183a357715c91cff2cacb0
Repository: linux
Arch: amd64
Finding: 2018-12-05 - cf76c364a1e1e5224af80edf70a1e3023e1fcf8c
Guilty:  2018-11-03 - 89c83fb539f95491be80cdd5158e6f0ce329e317
No Duplicates
Single Proc Allocation
VMs:8
CPUs:2
Procs:16
Max time:30
Max attempts:3
Testing the finding commit.

2023-03-17 05:46:28
Session:   1
Template:  2018-12-06 - dcf836b12d34be9fd7766104dfea168b76b4212e
Syzkaller: 2018-12-06 - dcf836b12d34be9fd7766104dfea168b76b4212e
Kernel:    2018-12-06 - cf76c364a1e1e5224af80edf70a1e3023e1fcf8c
Compiler:  gcc-8.0.1-20180412
Attempt 1:
    Time  Bug Name
***    2  WARNING in alloc_pages_vma
Attempt 2:
    Time  Bug Name
***    2  WARNING in alloc_pages_vma
Attempt 3:
    Time  Bug Name
***    2  WARNING in alloc_pages_vma
The bug was found.

New Max Time: 10.
Merge Commit: 2018-11-03 - cddfa11aef3c4914f406a059138ccc354f034d1c.

==== Template Inspection ====
2 template changes in [2018-11-03, 2018-12-06].

2023-03-17 06:30:28
Session:   2
Template:  2018-11-30 - bc6b598a2d3a6dd82a5066d1c9ac742787ac667b
Syzkaller: 2018-11-30 - bc6b598a2d3a6dd82a5066d1c9ac742787ac667b
Kernel:    2018-11-30 - 38c7b224ce22c25fed04007839edf974bd13439d
Compiler:  gcc-8.0.1-20180412
Attempt 1:
    Time  Bug Name
       7  kernel panic: corrupted stack end detected inside scheduler
       8  kernel panic: corrupted stack end detected inside scheduler
Attempt 2:
    Time  Bug Name
       7  kernel panic: corrupted stack end detected inside scheduler
       7  KASAN: slab-out-of-bounds Read in blkg_rwstat_read
       8  kernel panic: corrupted stack end detected inside scheduler
       9  kernel panic: corrupted stack end detected inside scheduler
Attempt 3:
    Time  Bug Name
       6  kernel panic: corrupted stack end detected inside scheduler
       7  kernel panic: corrupted stack end detected inside scheduler
The bug was not found.

==== Kernel Inspection ====
40 Linux commits in [2018-11-30, 2018-12-06].

2023-03-17 07:27:09
Session:   3
Template:  2018-12-01 - 5a58167323289751602879a986a1b9f95531a31b
Syzkaller: 2018-12-01 - 5a58167323289751602879a986a1b9f95531a31b
Kernel:    2018-12-01 - 6c7954b7eb76578866eba179709c5883f29f747f
Compiler:  gcc-8.0.1-20180412
Attempt 1:
    Time  Bug Name
       5  kernel panic: corrupted stack end detected inside scheduler
       8  kernel panic: corrupted stack end detected inside scheduler
Attempt 2:
    No crashes found.
Attempt 3:
    Time  Bug Name
       7  kernel panic: corrupted stack end detected inside scheduler
       7  kernel panic: corrupted stack end detected inside scheduler
The bug was not found.

2023-03-17 08:21:27
Session:   4
Template:  2018-12-03 - 03f94a45567bcce27a020b2843fc217c568e117a
Syzkaller: 2018-12-03 - 03f94a45567bcce27a020b2843fc217c568e117a
Kernel:    2018-12-03 - 0072a0c14d5b7cb72c611d396f143f5dcd73ebe2
Compiler:  gcc-8.0.1-20180412
Attempt 1:
    Time  Bug Name
       6  kernel panic: corrupted stack end detected inside scheduler
       6  WARNING: locking bug in delayacct_end
       8  kernel panic: corrupted stack end detected inside scheduler
      10  kernel panic: corrupted stack end detected inside scheduler
Attempt 2:
    Time  Bug Name
       7  general protection fault in fsnotify_first_mark
       8  kernel panic: corrupted stack end detected inside scheduler
       9  general protection fault in depot_save_stack
      10  kernel panic: corrupted stack end detected inside scheduler
Attempt 3:
    Time  Bug Name
       5  kernel panic: corrupted stack end detected inside scheduler
       5  kernel panic: corrupted stack end detected inside scheduler
       8  kernel panic: corrupted stack end detected inside scheduler
       8  general protection fault in __bfs
The bug was not found.

2023-03-17 09:24:33
Session:   5
Template:  2018-12-05 - 764b42c46bf03385c2934709fa03c073246b2383
Syzkaller: 2018-12-05 - 764b42c46bf03385c2934709fa03c073246b2383
Kernel:    2018-12-05 - d0897090458211f9c6b2d7f5af87f4d3b0403f69
Compiler:  gcc-8.0.1-20180412
Attempt 1:
    Time  Bug Name
       8  kernel panic: corrupted stack end detected inside scheduler
       8  kernel panic: corrupted stack end detected inside scheduler
      10  kernel panic: corrupted stack end detected inside scheduler
      10  KASAN: slab-out-of-bounds Read in blkg_rwstat_read
Attempt 2:
    Time  Bug Name
       8  kernel panic: corrupted stack end detected inside scheduler
Attempt 3:
    Time  Bug Name
       3  kernel panic: corrupted stack end detected inside scheduler
       5  kernel panic: corrupted stack end detected inside scheduler
       8  kernel panic: corrupted stack end detected inside scheduler
      10  kernel panic: corrupted stack end detected inside scheduler
The bug was not found.

2023-03-17 10:19:12
Session:   6
Template:  2018-12-05 - 764b42c46bf03385c2934709fa03c073246b2383
Syzkaller: 2018-12-05 - 764b42c46bf03385c2934709fa03c073246b2383
Kernel:    2018-12-05 - 369af92ce47a04b2523ec4feea1febcacf8419b1
Compiler:  gcc-8.0.1-20180412
Attempt 1:
    Time  Bug Name
***    2  WARNING in alloc_pages_vma
***    2  WARNING in alloc_pages_vma
The bug was found.

2023-03-17 10:46:00
Session:   7
Template:  2018-12-05 - 764b42c46bf03385c2934709fa03c073246b2383
Syzkaller: 2018-12-05 - 764b42c46bf03385c2934709fa03c073246b2383
Kernel:    2018-12-05 - 2f0799a0ffc033bf3cc82d5032acc3ec633464c2
Compiler:  gcc-8.0.1-20180412
Attempt 1:
    Time  Bug Name
***    2  WARNING in alloc_pages_vma
The bug was found.

2023-03-17 11:11:47
Session:   8
Template:  2018-12-05 - 764b42c46bf03385c2934709fa03c073246b2383
Syzkaller: 2018-12-05 - 764b42c46bf03385c2934709fa03c073246b2383
Kernel:    2018-12-05 - 4eaaa2b99e30305f4bc677f4abfe56c1f8b39670
Compiler:  gcc-8.0.1-20180412
Attempt 1:
    No crashes found.
Attempt 2:
    Time  Bug Name
       5  kernel panic: corrupted stack end detected inside scheduler
       6  kernel panic: corrupted stack end detected inside scheduler
       8  general protection fault in __mmu_notifier_clear_flush_young
       9  BUG: Bad page map
Attempt 3:
    Time  Bug Name
       9  kernel panic: corrupted stack end detected inside scheduler
The bug was not found.

== Confirming the bisected commit ==

2023-03-17 12:17:13
Session:   9
Template:  2018-12-05 - 764b42c46bf03385c2934709fa03c073246b2383
Syzkaller: 2018-12-05 - 764b42c46bf03385c2934709fa03c073246b2383
Kernel:    2018-12-05 - 2f0799a0ffc033bf3cc82d5032acc3ec633464c2
The bug was found in a previous identical fuzzing session.

2023-03-17 12:17:13
Session:   10
Template:  2018-12-05 - 764b42c46bf03385c2934709fa03c073246b2383
Syzkaller: 2018-12-05 - 764b42c46bf03385c2934709fa03c073246b2383
Kernel:    2018-12-05 - 4eaaa2b99e30305f4bc677f4abfe56c1f8b39670
The bug was not found in a previous identical fuzzing session.

====================================================================================================================================================
Revealing Factor:   Kernel Commit
Version:            2018-12-05 - 2f0799a0ffc033bf3cc82d5032acc3ec633464c2
Commit Name:        mm, thp: restore node-local hugepage allocations

Bug Name:           WARNING in alloc_pages_vma
Bug Link:           https://syzkaller.appspot.com/bug?id=0084fd109a7a10011e183a357715c91cff2cacb0
Arch:               amd64
Finding Date:       2018-12-06
Finding Commit:     2018-12-06 - cf76c364a1e1e5224af80edf70a1e3023e1fcf8c
Guilty Merge:       2018-11-03 - cddfa11aef3c4914f406a059138ccc354f034d1c
Guilty Commit:      2018-11-03 - 89c83fb539f95491be80cdd5158e6f0ce329e317

Possible Blocking Bugs:
    kernel panic: corrupted stack end detected inside scheduler
