UBSAN: shift-out-of-bounds in __detect_linklayer,https://syzkaller.appspot.com/bug?id=f79471b55fd9ce5071945b73d68db0c4aec2f2e0
Repository: linux
Arch: amd64
Finding: 2021-01-13 - 65f0d2414b7079556fbbcc070b3d1c9f9587606d
Guilty:  2005-04-16 - 1da177e4c3f41524e886b7f1b8a0c1fc7321cac2
Duplicate Names:
    UBSAN: shift-out-of-bounds in qdisc_get_rtab
    UBSAN: shift-out-of-bounds in tcf_police_init
    UBSAN: shift-out-of-bounds in __detect_linklayer
    UBSAN: shift-out-of-bounds in cbq_dequeue
Single Proc Allocation
VMs:8
CPUs:2
Procs:16
Max time:30
Max attempts:3
Testing the finding commit.

2023-04-18 04:10:28
Session:   1
Template:  2021-01-14 - 65a7a8540d29e72622fca06522587f7e66539fd3
Syzkaller: 2021-01-14 - 65a7a8540d29e72622fca06522587f7e66539fd3
Kernel:    2021-01-13 - 65f0d2414b7079556fbbcc070b3d1c9f9587606d
Compiler:  gcc-10.2.1-20210110
Attempt 1:
    Time  Bug Name
***    2  UBSAN: shift-out-of-bounds in qdisc_get_rtab
Attempt 2:
    Time  Bug Name
***    2  UBSAN: shift-out-of-bounds in qdisc_get_rtab
Attempt 3:
    Time  Bug Name
***    2  UBSAN: shift-out-of-bounds in qdisc_get_rtab
The bug was found.

New Max Time: 10.
No Merge Commit.

==== Template Inspection ====
82 template changes in [2017-07-22, 2021-01-14].

2023-04-18 07:18:09
Session:   2
Template:  2019-10-24 - 40b82bef55ced40729c897417ea766c028e7f56a
Syzkaller: 2019-10-24 - 40b82bef55ced40729c897417ea766c028e7f56a
Kernel:    2019-10-24 - 39a38bcba4ab6e5285b07675b0e42c96eec35e67
Compiler:  gcc-9.0.0-20181231
Attempt 1:
    Time  Bug Name
       2  UBSAN: Undefined behaviour in net/sched/sch_api.c:LINE
Attempt 2:
    Time  Bug Name
       2  UBSAN: Undefined behaviour in net/sched/sch_api.c:LINE
Attempt 3:
    Time  Bug Name
       2  UBSAN: Undefined behaviour in net/sched/sch_api.c:LINE
The bug was not found.

2023-04-18 08:33:22
Session:   3
Template:  2020-01-22 - e4c56f390e76bddfd2911006d7036e2970b3f5d1
Syzkaller: 2020-01-22 - e4c56f390e76bddfd2911006d7036e2970b3f5d1
Kernel:    2020-01-22 - 131701c697e85d5d0726e6152219359639fae98f
Compiler:  gcc-9.0.0-20181231
Attempt 1:
    Time  Bug Name
       2  UBSAN: undefined-behaviour in qdisc_get_rtab
Attempt 2:
    Time  Bug Name
       2  UBSAN: undefined-behaviour in qdisc_get_rtab
Attempt 3:
    Time  Bug Name
       2  UBSAN: undefined-behaviour in qdisc_get_rtab
The bug was not found.

2023-04-18 09:43:13
Session:   4
Template:  2020-02-21 - 2ffa6679c4790a83f26a1b674ed34800e028fe2e
Syzkaller: 2020-02-21 - 2ffa6679c4790a83f26a1b674ed34800e028fe2e
Kernel:    2020-02-21 - 2865936259e27629fac422bc80c9b55ca1f108a5
Compiler:  gcc-9.0.0-20181231
Attempt 1:
    Time  Bug Name
       2  UBSAN: undefined-behaviour in qdisc_get_rtab
Attempt 2:
    Time  Bug Name
       2  UBSAN: undefined-behaviour in qdisc_get_rtab
Attempt 3:
    Time  Bug Name
       2  UBSAN: undefined-behaviour in qdisc_get_rtab
The bug was not found.

2023-04-18 10:52:08
Session:   5
Template:  2020-05-25 - 8ca3b7d2bb7672b5608051fab4b825fdbbf2356a
Syzkaller: 2020-05-25 - 8ca3b7d2bb7672b5608051fab4b825fdbbf2356a
Kernel:    2020-05-24 - 9cb1fd0efd195590b828b9b865421ad345a4a145
Compiler:  gcc-10.1.0-syz
Attempt 1:
    Time  Bug Name
       2  UBSAN: shift-out-of-bounds in net/sched/sch_api.c:LINE
Attempt 2:
    Time  Bug Name
       2  UBSAN: shift-out-of-bounds in net/sched/sch_api.c:LINE
Attempt 3:
    Time  Bug Name
       2  UBSAN: shift-out-of-bounds in net/sched/sch_api.c:LINE
The bug was not found.

2023-04-18 12:00:18
Session:   6
Template:  2020-09-22 - 9133037195b4eb6ca586ff9fd3810ae3a780b931
Syzkaller: 2020-09-22 - 9133037195b4eb6ca586ff9fd3810ae3a780b931
Kernel:    2020-09-22 - 805c6d3c19210c90c109107d189744e960eae025
Compiler:  gcc-10.1.0-syz
Attempt 1:
    Time  Bug Name
***    2  UBSAN: shift-out-of-bounds in qdisc_get_rtab
The bug was found.

2023-04-18 12:38:02
Session:   7
Template:  2020-08-10 - d3694ffbb14fdf3e4df43e2ee081898749151d6c
Syzkaller: 2020-08-10 - d3694ffbb14fdf3e4df43e2ee081898749151d6c
Kernel:    2020-08-10 - 4bcf69e57063c9b1b15df1a293c969e80a1c97e6
Compiler:  gcc-10.1.0-syz
Attempt 1:
    Time  Bug Name
       3  UBSAN: shift-out-of-bounds in net/sched/sch_api.c:LINE
Attempt 2:
    Time  Bug Name
       2  UBSAN: shift-out-of-bounds in net/sched/sch_api.c:LINE
Attempt 3:
    Time  Bug Name
       2  UBSAN: shift-out-of-bounds in net/sched/sch_api.c:LINE
The bug was not found.

2023-04-18 13:43:08
Session:   8
Template:  2020-08-10 - d3694ffbb14fdf3e4df43e2ee081898749151d6c
Syzkaller: 2020-09-22 - 9133037195b4eb6ca586ff9fd3810ae3a780b931
Kernel:    2020-09-22 - 805c6d3c19210c90c109107d189744e960eae025
Compiler:  gcc-10.1.0-syz
Attempt 1:
    Time  Bug Name
***    2  UBSAN: shift-out-of-bounds in qdisc_get_rtab
The bug was found.

==== Kernel Inspection ====
268 Linux commits in [2020-08-10, 2020-09-22].

2023-04-18 14:32:10
Session:   9
Template:  2020-08-28 - d5a3ae1f760e7cb2cd5a721d9645ae22eae114fe
Syzkaller: 2020-08-28 - d5a3ae1f760e7cb2cd5a721d9645ae22eae114fe
Kernel:    2020-08-28 - 4d41ead6ead97c3730bbd186a601a64828668f01
Compiler:  gcc-10.1.0-syz
Attempt 1:
    Time  Bug Name
       3  UBSAN: shift-out-of-bounds in net/sched/sch_api.c:LINE
Attempt 2:
    Time  Bug Name
       3  UBSAN: shift-out-of-bounds in net/sched/sch_api.c:LINE
Attempt 3:
    Time  Bug Name
       2  UBSAN: shift-out-of-bounds in net/sched/sch_api.c:LINE
The bug was not found.

2023-04-18 15:42:42
Session:   10
Template:  2020-09-11 - 79fb24e23d3bc27ad2cbb1595e76860ef9743d86
Syzkaller: 2020-09-11 - 79fb24e23d3bc27ad2cbb1595e76860ef9743d86
Kernel:    2020-09-11 - b1df2a0783f3d80d6d37102eb90f06727113c7dc
Compiler:  gcc-10.1.0-syz
Attempt 1:
    Time  Bug Name
       2  UBSAN: shift-out-of-bounds in net/sched/sch_api.c:LINE
Attempt 2:
    Time  Bug Name
       2  UBSAN: shift-out-of-bounds in net/sched/sch_api.c:LINE
Attempt 3:
    Time  Bug Name
       2  UBSAN: shift-out-of-bounds in net/sched/sch_api.c:LINE
The bug was not found.

2023-04-18 16:47:51
Session:   11
Template:  2020-09-18 - 53ce8104a7b0e1c4c79ab17d5faddce6ad16a1f1
Syzkaller: 2020-09-18 - 53ce8104a7b0e1c4c79ab17d5faddce6ad16a1f1
Kernel:    2020-09-18 - 10b82d5176488acee2820e5a2cf0f2ec5c3488b6
Compiler:  gcc-10.1.0-syz
Attempt 1:
    Time  Bug Name
***    2  UBSAN: shift-out-of-bounds in qdisc_get_rtab
The bug was found.

2023-04-18 17:24:38
Session:   12
Template:  2020-09-13 - 2d3cdd63ad4aa5bd204a8e79f8e3e166462c2999
Syzkaller: 2020-09-13 - 2d3cdd63ad4aa5bd204a8e79f8e3e166462c2999
Kernel:    2020-09-13 - 6c7247f6258b2dba353c885a1b00d795a380cc85
Compiler:  gcc-10.1.0-syz
Attempt 1:
    Time  Bug Name
       2  UBSAN: shift-out-of-bounds in net/sched/sch_api.c:LINE
Attempt 2:
    Time  Bug Name
       2  UBSAN: shift-out-of-bounds in net/sched/sch_api.c:LINE
Attempt 3:
    Time  Bug Name
       2  UBSAN: shift-out-of-bounds in net/sched/sch_api.c:LINE
The bug was not found.

2023-04-18 18:33:18
Session:   13
Template:  2020-09-15 - 18d7d030e5660609a142ba7a2ea55d5e72fd23a2
Syzkaller: 2020-09-15 - 18d7d030e5660609a142ba7a2ea55d5e72fd23a2
Kernel:    2020-09-15 - 1e484d388773b0a984236a181fb21e133630df42
Compiler:  gcc-10.1.0-syz
Attempt 1:
    Time  Bug Name
       2  UBSAN: shift-out-of-bounds in net/sched/sch_api.c:LINE
Attempt 2:
    Time  Bug Name
       2  UBSAN: shift-out-of-bounds in net/sched/sch_api.c:LINE
Attempt 3:
    Time  Bug Name
       3  UBSAN: shift-out-of-bounds in net/sched/sch_api.c:LINE
The bug was not found.

2023-04-18 19:43:20
Session:   14
Template:  2020-09-16 - 8247808b71d540d96d8c28ea2854f1c5d1afb8ba
Syzkaller: 2020-09-16 - 8247808b71d540d96d8c28ea2854f1c5d1afb8ba
Kernel:    2020-09-16 - 5925fa68fe8244651b3f78a88c4af99190a88f0d
Compiler:  gcc-10.1.0-syz
Attempt 1:
    Time  Bug Name
***    2  UBSAN: shift-out-of-bounds in qdisc_get_rtab
The bug was found.

2023-04-18 20:22:51
Session:   15
Template:  2020-09-16 - 8247808b71d540d96d8c28ea2854f1c5d1afb8ba
Syzkaller: 2020-09-16 - 8247808b71d540d96d8c28ea2854f1c5d1afb8ba
Kernel:    2020-09-16 - 6279e774b0e4abfab20ff6cfaff99e752a32f27a
Compiler:  gcc-10.1.0-syz
Attempt 1:
    Time  Bug Name
***    2  UBSAN: shift-out-of-bounds in qdisc_get_rtab
The bug was found.

2023-04-18 20:56:50
Session:   16
Template:  2020-09-15 - 18d7d030e5660609a142ba7a2ea55d5e72fd23a2
Syzkaller: 2020-09-15 - 18d7d030e5660609a142ba7a2ea55d5e72fd23a2
Kernel:    2020-09-15 - 9803ab172228d8509c72b34c703b9fe67cb94ddc
Compiler:  gcc-10.1.0-syz
Attempt 1:
    Time  Bug Name
       2  UBSAN: shift-out-of-bounds in net/sched/sch_api.c:LINE
Attempt 2:
    Time  Bug Name
       2  UBSAN: shift-out-of-bounds in net/sched/sch_api.c:LINE
Attempt 3:
    Time  Bug Name
       3  UBSAN: shift-out-of-bounds in net/sched/sch_api.c:LINE
The bug was not found.

== Confirming the bisected commit ==

2023-04-18 22:06:13
Session:   17
Template:  2020-09-16 - 8247808b71d540d96d8c28ea2854f1c5d1afb8ba
Syzkaller: 2020-09-16 - 8247808b71d540d96d8c28ea2854f1c5d1afb8ba
Kernel:    2020-09-16 - 6279e774b0e4abfab20ff6cfaff99e752a32f27a
The bug was found in a previous identical fuzzing session.

2023-04-18 22:06:13
Session:   18
Template:  2020-09-16 - 8247808b71d540d96d8c28ea2854f1c5d1afb8ba
Syzkaller: 2020-09-16 - 8247808b71d540d96d8c28ea2854f1c5d1afb8ba
Kernel:    2020-09-15 - 9803ab172228d8509c72b34c703b9fe67cb94ddc
Compiler:  gcc-10.1.0-syz
Attempt 1:
    Time  Bug Name
       2  UBSAN: shift-out-of-bounds in net/sched/sch_api.c:LINE
Attempt 2:
    Time  Bug Name
       2  UBSAN: shift-out-of-bounds in net/sched/sch_api.c:LINE
Attempt 3:
    Time  Bug Name
       2  UBSAN: shift-out-of-bounds in net/sched/sch_api.c:LINE
The bug was not found.

====================================================================================================================================================
Revealing Factor:   Kernel Commit
Version:            2020-09-16 - 6279e774b0e4abfab20ff6cfaff99e752a32f27a
Commit Name:        MAINTAINERS: Fix Max's and Shravan's emails

Bug Name:           UBSAN: shift-out-of-bounds in __detect_linklayer
Bug Link:           https://syzkaller.appspot.com/bug?id=f79471b55fd9ce5071945b73d68db0c4aec2f2e0
Arch:               amd64
Finding Date:       2021-01-14
Finding Commit:     2021-01-13 - 65f0d2414b7079556fbbcc070b3d1c9f9587606d
Guilty Merge:       None
Guilty Commit:      2005-04-16 - 1da177e4c3f41524e886b7f1b8a0c1fc7321cac2

Possible Blocking Bugs:
    UBSAN: shift-out-of-bounds in net/sched/sch_api.c:LINE
