KASAN: use-after-free Read in _decode_session6,https://syzkaller.appspot.com/bug?id=ecf3e152769bdad66c297986d83561adea6ae155
Repository: linux
Arch: amd64
Finding: 2018-09-05 - b36fdc6853a38a6f8749897a33435635019e0647
Guilty:  2016-12-02 - 3a0af8fd61f90920f6fa04e4f1e9a6a73c1b4fd2
Duplicate Names:
    kernel BUG at net/ipv4/ip_output.c:LINE!
    KASAN: use-after-free Read in _decode_session6
    KASAN: slab-out-of-bounds Read in __pskb_copy_fclone
Single Proc Allocation
VMs:8
CPUs:2
Procs:16
Max time:30
Max attempts:3
Testing the finding commit.

2023-04-07 18:53:25
Session:   1
Template:  2018-09-06 - e30d3b524053cf8d688a1f486a5cde9b67d49e87
Syzkaller: 2018-09-06 - e30d3b524053cf8d688a1f486a5cde9b67d49e87
Kernel:    2018-09-05 - b36fdc6853a38a6f8749897a33435635019e0647
Compiler:  gcc-8.0.1-20180412
Attempt 1:
    Time  Bug Name
       2  KASAN: slab-out-of-bounds Read in _decode_session6
      15  WARNING in apparmor_secid_to_secctx
      20  lost connection to test machine
Attempt 2:
    Time  Bug Name
       2  KASAN: slab-out-of-bounds Read in _decode_session6
      11  lost connection to test machine
      26  lost connection to test machine
Attempt 3:
    Time  Bug Name
       2  KASAN: slab-out-of-bounds Read in _decode_session6
      14  WARNING in apparmor_secid_to_secctx
Attempt 4: (RETRY)
    Time  Bug Name
       2  KASAN: slab-out-of-bounds Read in _decode_session6
       6  lost connection to test machine
      24  lost connection to test machine
Attempt 5: (RETRY)
    Time  Bug Name
       2  KASAN: slab-out-of-bounds Read in _decode_session6
       6  lost connection to test machine
       8  lost connection to test machine
Attempt 6: (RETRY)
    Time  Bug Name
       1  KASAN: slab-out-of-bounds Read in _decode_session6
      10  lost connection to test machine
      11  lost connection to test machine
      13  WARNING in apparmor_secid_to_secctx
      21  WARNING in apparmor_secid_to_secctx
      27  WARNING in apparmor_secid_to_secctx
The bug was not found.
Warning: This session is unstable.

Failure: This bug cannot be found at the finding commit.
