memory leak in ip_mc_add_src,https://syzkaller.appspot.com/bug?id=6dbabd1e485b2043113e7ac8b0cb12de85b2be75
Repository: linux
Arch: amd64
Finding: 2019-05-20 - f49aa1de98363b6c5fba4637678d6b0ba3d18065
Guilty:  2017-02-09 - 9c8bb163ae784be4f79ae504e78c862806087c54
No Duplicates
Single Proc Allocation
VMs:8
CPUs:2
Procs:16
Max time:30
Max attempts:5
Testing the finding commit.

2023-06-12 02:04:04
Session:   1
Template:  2019-05-21 - 0625bb5c4c7e39db5b6b5174cee612e3654e5d43
Syzkaller: 2019-05-21 - 0625bb5c4c7e39db5b6b5174cee612e3654e5d43
Kernel:    2019-05-20 - f49aa1de98363b6c5fba4637678d6b0ba3d18065
Compiler:  gcc-9.0.0-20181231
Attempt 1:
    Time  Bug Name
***    2  memory leak in ip_mc_add_src
Attempt 2:
    Time  Bug Name
***    2  memory leak in ip_mc_add_src
***    2  memory leak in ip_mc_add_src
Attempt 3:
    Time  Bug Name
***    2  memory leak in ip_mc_add_src
Attempt 4:
    Time  Bug Name
***    2  memory leak in ip_mc_add_src
***    2  memory leak in ip_mc_add_src
Attempt 5:
    Time  Bug Name
***    2  memory leak in ip_mc_add_src
The bug was found.

New Max Time: 30.
Merge Commit: 2017-02-10 - 1ee18329fae936089c6c599250ae92482ff2b81f.

==== Template Inspection ====
48 template changes in [2017-07-22, 2019-05-21].

2023-06-12 02:41:57
Session:   2
Template:  2018-02-23 - e229ac7779c82d5cdf27243e7699a2175c785f80
Syzkaller: 2018-02-23 - e229ac7779c82d5cdf27243e7699a2175c785f80
Kernel:    2018-02-23 - 9cb9c07d6b0c5fd97d83b8ab14d7e308ba4b612f
Compiler:  gcc-8.0.1-20180301
Error: Syzkaller failed to make.
