memory leak in kobject_set_name_vargs,https://syzkaller.appspot.com/bug?id=f4a9d15031ca831e2709a7654ae05592c57f5749
Repository: linux
Arch: amd64
Finding: 2022-06-17 - 4b35035bcf80ddb47c0112c4fbd84a63a2836a18
Guilty:  2010-10-23 - e912a5b66837ee89fb025e67b5efeaa11930c2ce
No Duplicates
Multi-Proc Allocation.
VMs:4
CPUs:4
Procs:24
Max time:30
Max attempts:5
Testing the finding commit.

2023-03-21 00:30:16
Session:   1
Template:  2022-06-17 - 8f633d840e3eb6454f036e9da3285bcf27345616
Syzkaller: 2022-06-17 - 8f633d840e3eb6454f036e9da3285bcf27345616
Kernel:    2022-06-17 - 4b35035bcf80ddb47c0112c4fbd84a63a2836a18
Compiler:  gcc-10.2.1-20210110
Attempt 1:
    Time  Bug Name
       2  SYZFATAL: executor NUM failed NUM times: executor NUM: exit status NUM
       3  SYZFATAL: executor NUM failed NUM times: executor NUM: exit status NUM
Attempt 2:
    Time  Bug Name
       2  SYZFATAL: executor NUM failed NUM times: executor NUM: failed to write control pipe: write |NUM: broken pipe
Attempt 3:
    No crashes found.
Attempt 4:
    No crashes found.
Attempt 5:
    No crashes found.
Attempt 6: (RETRY)
    No crashes found.
Attempt 7: (RETRY)
    No crashes found.
The bug was not found.

Failure: This bug cannot be found at the finding commit.
