general protection fault in inet_csk_accept,https://syzkaller.appspot.com/bug?id=c2be48c653fee8b658c47350c317e480b50ced41
Repository: linux
Arch: amd64
Finding: 2021-12-07 - 2a987e65025e2b79c6d453b78cb5985ac6e5eb26
Guilty:  2021-03-30 - 740d798e8767d8a449902b1a1bbc70facfce19b5
No Duplicates
Single Proc Allocation
VMs:8
CPUs:2
Procs:16
Max time:30
Max attempts:3
Testing the finding commit.

2023-05-19 15:11:50
Session:   1
Template:  2021-12-08 - a4a2a50158b25d4af0fd07528f38e6656b903d68
Syzkaller: 2021-12-08 - a4a2a50158b25d4af0fd07528f38e6656b903d68
Kernel:    2021-12-07 - 2a987e65025e2b79c6d453b78cb5985ac6e5eb26
Compiler:  gcc-10.2.1-20210110
Attempt 1:
    Time  Bug Name
***    4  general protection fault in inet_csk_accept
Attempt 2:
    Time  Bug Name
***    4  general protection fault in inet_csk_accept
Attempt 3:
    Time  Bug Name
***    4  general protection fault in inet_csk_accept
The bug was found.

New Max Time: 10.
Merge Commit: 2021-03-31 - 65550f03e98b4dd9f5050ee8c463f30cae95ae90.

==== Template Retrospection ====
9 template changes in [2021-03-31, 2021-12-08].

2023-05-19 17:16:04
Session:   2
Template:  2021-10-13 - 169113bb626eb213f34ad27dcc5988928998cbf4
Syzkaller: 2021-10-13 - 169113bb626eb213f34ad27dcc5988928998cbf4
Kernel:    2021-10-13 - 348949d9a4440abdab3b1dc99a9bb660e8c7da7c
Compiler:  gcc-10.2.1-20210110
Attempt 1:
    Time  Bug Name
***    2  general protection fault in inet_csk_accept
The bug was found.

2023-05-19 18:33:49
Session:   3
Template:  2021-09-28 - 6b6e15b0ff6d7ddfc1c029250f1fb8fcc2d4a204
Syzkaller: 2021-09-28 - 6b6e15b0ff6d7ddfc1c029250f1fb8fcc2d4a204
Kernel:    2021-09-28 - a4e6f95a891ac08bd09d62e3e6dae239b150f4c1
Compiler:  gcc-10.2.1-20210110
Attempt 1:
    Time  Bug Name
***    4  general protection fault in inet_csk_accept
The bug was found.

2023-05-19 20:13:41
Session:   4
Template:  2021-04-22 - 33c28d0389a6b0dd17a5de7c093a011cdadb33b1
Syzkaller: 2021-04-22 - 33c28d0389a6b0dd17a5de7c093a011cdadb33b1
Kernel:    2021-04-22 - cad4162a90aeff737a16c0286987f51e927f003a
Compiler:  gcc-10.2.1-20210110
Attempt 1:
    Time  Bug Name
       4  divide error in __tcp_select_window
Attempt 2:
    Time  Bug Name
       3  divide error in __tcp_select_window
Attempt 3:
    Time  Bug Name
       4  divide error in __tcp_select_window
The bug was not found.

2023-05-19 22:04:33
Session:   5
Template:  2021-04-22 - 33c28d0389a6b0dd17a5de7c093a011cdadb33b1
Syzkaller: 2021-09-28 - 6b6e15b0ff6d7ddfc1c029250f1fb8fcc2d4a204
Kernel:    2021-09-28 - a4e6f95a891ac08bd09d62e3e6dae239b150f4c1
Compiler:  gcc-10.2.1-20210110
Attempt 1:
    Time  Bug Name
***    5  general protection fault in inet_csk_accept
The bug was found.

==== Kernel Retrospection ====
1147 Linux commits in [2021-04-22, 2021-09-28].

2023-05-20 00:20:14
Session:   6
Template:  2021-07-09 - 8f5a7b8cde529e0a19a53f79bdf9c6cad306827b
Syzkaller: 2021-07-09 - 8f5a7b8cde529e0a19a53f79bdf9c6cad306827b
Kernel:    2021-07-11 - 301c8b1d7c2373f85ed5d944a8e9264dad36064c
Compiler:  gcc-10.2.1-20210110
Attempt 1:
    Time  Bug Name
       3  divide error in __tcp_select_window
Attempt 2:
    Time  Bug Name
       3  divide error in __tcp_select_window
Attempt 3:
    Time  Bug Name
       4  divide error in __tcp_select_window
The bug was not found.

2023-05-20 02:12:15
Session:   7
Template:  2021-08-31 - 7eb7e15259fddd67759f90feb2b016da878f76c7
Syzkaller: 2021-08-31 - 7eb7e15259fddd67759f90feb2b016da878f76c7
Kernel:    2021-08-31 - 927bc120a248b658acc2f5206ec4e81a794d8a57
Compiler:  gcc-10.2.1-20210110
Attempt 1:
    Time  Bug Name
       3  divide error in __tcp_select_window
Attempt 2:
    Time  Bug Name
       4  divide error in __tcp_select_window
Attempt 3:
    Time  Bug Name
       3  divide error in __tcp_select_window
The bug was not found.

2023-05-20 04:00:33
Session:   8
Template:  2021-09-10 - 3ce60af85b4644bd7f2d2ef01a7d2b9a41545b76
Syzkaller: 2021-09-10 - 3ce60af85b4644bd7f2d2ef01a7d2b9a41545b76
Kernel:    2021-09-10 - 589e5cab170843b2f7f8260168ab2d77163d4384
Compiler:  gcc-10.2.1-20210110
Attempt 1:
    Time  Bug Name
***    4  general protection fault in inet_csk_accept
The bug was found.

2023-05-20 05:46:19
Session:   9
Template:  2021-09-03 - d236a457274375e5273ac4e958722659929c469f
Syzkaller: 2021-09-03 - d236a457274375e5273ac4e958722659929c469f
Kernel:    2021-09-03 - d6742212c0c6ccee2351499db80acba71fa36052
Compiler:  gcc-10.2.1-20210110
Attempt 1:
    Time  Bug Name
       3  divide error in __tcp_select_window
Attempt 2:
    Time  Bug Name
       4  divide error in __tcp_select_window
Attempt 3:
    Time  Bug Name
       3  divide error in __tcp_select_window
The bug was not found.

2023-05-20 08:11:14
Session:   10
Template:  2021-09-07 - 064c9eb76747f86a8270c8cfc3766316ebdf3167
Syzkaller: 2021-09-07 - 064c9eb76747f86a8270c8cfc3766316ebdf3167
Kernel:    2021-09-07 - a2b28235335fee2586b4bd16448fb59ed6c80eef
Compiler:  gcc-10.2.1-20210110
Attempt 1:
    Time  Bug Name
       2  divide error in __tcp_select_window
Attempt 2:
    Time  Bug Name
       3  divide error in __tcp_select_window
Attempt 3:
    Time  Bug Name
       3  divide error in __tcp_select_window
The bug was not found.

2023-05-20 09:57:47
Session:   11
Template:  2021-09-08 - e2776ee417c18d6e0056b058f3b6055f65206ee9
Syzkaller: 2021-09-08 - e2776ee417c18d6e0056b058f3b6055f65206ee9
Kernel:    2021-09-09 - a3fa7a101dcff93791d1b1bdb3affcad1410c8c1
Compiler:  gcc-10.2.1-20210110
Attempt 1:
    Time  Bug Name
***    4  general protection fault in inet_csk_accept
The bug was found.

2023-05-20 11:36:49
Session:   12
Template:  2021-09-08 - e2776ee417c18d6e0056b058f3b6055f65206ee9
Syzkaller: 2021-09-08 - e2776ee417c18d6e0056b058f3b6055f65206ee9
Kernel:    2021-09-08 - 34c59da47329ac50b9700035e0c3a829e6c3c183
Compiler:  gcc-10.2.1-20210110
Attempt 1:
    Time  Bug Name
***    4  general protection fault in inet_csk_accept
The bug was found.

2023-05-20 12:49:28
Session:   13
Template:  2021-09-08 - e2776ee417c18d6e0056b058f3b6055f65206ee9
Syzkaller: 2021-09-08 - e2776ee417c18d6e0056b058f3b6055f65206ee9
Kernel:    2021-09-08 - ac08b1c68d1b1ed3cebb218fc3ea2c07484eb07d
Compiler:  gcc-10.2.1-20210110
Attempt 1:
    Time  Bug Name
***    4  general protection fault in inet_csk_accept
The bug was found.

2023-05-20 14:42:30
Session:   14
Template:  2021-09-07 - 064c9eb76747f86a8270c8cfc3766316ebdf3167
Syzkaller: 2021-09-07 - 064c9eb76747f86a8270c8cfc3766316ebdf3167
Kernel:    2021-09-07 - 626bf91a292e2035af5b9d9cce35c5c138dfe06d
Compiler:  gcc-10.2.1-20210110
Attempt 1:
    Time  Bug Name
***    3  general protection fault in inet_csk_accept
The bug was found.

2023-05-20 16:11:23
Session:   15
Template:  2021-09-07 - 064c9eb76747f86a8270c8cfc3766316ebdf3167
Syzkaller: 2021-09-07 - 064c9eb76747f86a8270c8cfc3766316ebdf3167
Kernel:    2021-09-07 - 4c00e1e2e58eefb288ba9ef585b6f19e1f33bf1e
Compiler:  gcc-10.2.1-20210110
Attempt 1:
    Time  Bug Name
       4  divide error in __tcp_select_window
Attempt 2:
    Time  Bug Name
       3  divide error in __tcp_select_window
Attempt 3:
    Time  Bug Name
       3  divide error in __tcp_select_window
The bug was not found.

== Confirming the bisected commit ==

2023-05-20 18:06:09
Session:   16
Template:  2021-09-07 - 064c9eb76747f86a8270c8cfc3766316ebdf3167
Syzkaller: 2021-09-07 - 064c9eb76747f86a8270c8cfc3766316ebdf3167
Kernel:    2021-09-07 - 626bf91a292e2035af5b9d9cce35c5c138dfe06d
The bug was found in a previous identical fuzzing session.

2023-05-20 18:06:09
Session:   17
Template:  2021-09-07 - 064c9eb76747f86a8270c8cfc3766316ebdf3167
Syzkaller: 2021-09-07 - 064c9eb76747f86a8270c8cfc3766316ebdf3167
Kernel:    2021-09-07 - 4c00e1e2e58eefb288ba9ef585b6f19e1f33bf1e
The bug was not found in a previous identical fuzzing session.

====================================================================================================================================================
Revealing Factor:   Kernel Commit
Version:            2021-09-07 - 626bf91a292e2035af5b9d9cce35c5c138dfe06d
Commit Name:        Merge tag 'net-5.15-rc1' of git://git.kernel.org/pub/scm/linux/kernel/git/netdev/net

Bug Name:           general protection fault in inet_csk_accept
Bug Link:           https://syzkaller.appspot.com/bug?id=c2be48c653fee8b658c47350c317e480b50ced41
Arch:               amd64
Finding Date:       2021-12-08
Finding Commit:     2021-12-07 - 2a987e65025e2b79c6d453b78cb5985ac6e5eb26
Guilty Merge:       2021-03-31 - 65550f03e98b4dd9f5050ee8c463f30cae95ae90
Guilty Commit:      2021-03-30 - 740d798e8767d8a449902b1a1bbc70facfce19b5

Possible Blocking Bugs:
    divide error in __tcp_select_window

AUTHOR: Determined to be a blocking bug.
