WARNING: bad unlock balance in rxrpc_recvmsg,https://syzkaller.appspot.com/bug?id=0cd33d8e114be941da0773f8980488e1ca71ed58
Repository: linux
Arch: amd64
Finding: 2019-02-03 - 24b888d8d59847871387aa3b241b524661070a6e
Guilty:  2016-09-08 - 248f219cb8bcbfbd7f132752d44afa2df7c241d1
No Duplicates
Single Proc Allocation
VMs:8
CPUs:2
Procs:16
Max time:30
Max attempts:3
Testing the finding commit.

2023-03-08 02:27:23
Session:   1
Template:  2019-02-04 - d672172cce372c6ec163d5dd8f3feb41f0127a61
Syzkaller: 2019-02-04 - d672172cce372c6ec163d5dd8f3feb41f0127a61
Kernel:    2019-02-03 - 24b888d8d59847871387aa3b241b524661070a6e
Compiler:  gcc-9.0.0-20181231
Attempt 1:
    Time  Bug Name
***   10  WARNING: bad unlock balance in rxrpc_recvmsg
Attempt 2:
    No crashes found.
Attempt 3:
    Time  Bug Name
***    2  WARNING: bad unlock balance in rxrpc_recvmsg
The bug was found.

New Max Time: 25.
Merge Commit: 2016-09-10 - fa5f4aaf6e6b10f8208533721daaf24a083309a6.

==== Template Inspection ====
10 template changes in [2017-07-22, 2019-02-04].

2023-03-08 03:53:13
Session:   2
Template:  2018-07-09 - 59da9e439317c83d5374d06832060fbd66efbbbc
Syzkaller: 2018-07-09 - 59da9e439317c83d5374d06832060fbd66efbbbc
Kernel:    2018-07-09 - bdf33113d89f70186ffb6674e925fa9b8a0266b1
Compiler:  gcc-8.0.1-20180412
Attempt 1:
    No crashes found.
Attempt 2:
    No crashes found.
Attempt 3:
    No crashes found.
The bug was not found.

2023-03-08 05:45:36
Session:   3
Template:  2019-01-10 - 0108829095758774257301e06d38003c02aaae7f
Syzkaller: 2019-01-10 - 0108829095758774257301e06d38003c02aaae7f
Kernel:    2019-01-10 - de6629eb262e0dc52a2367db38e3d2780cff5427
Compiler:  gcc-9.0.0-20181231
Attempt 1:
    Time  Bug Name
***    2  WARNING: bad unlock balance in rxrpc_recvmsg
The bug was found.

2023-03-08 06:12:41
Session:   4
Template:  2018-12-30 - 5b565c8bdb062fe567a04af40cdba0e929441fe7
Syzkaller: 2018-12-30 - 5b565c8bdb062fe567a04af40cdba0e929441fe7
Kernel:    2018-12-29 - 195303136f192d37b89e20a8d1d2670d0d825266
Compiler:  gcc-8.0.1-20180412
Attempt 1:
    Time  Bug Name
***    2  WARNING: bad unlock balance in rxrpc_recvmsg
The bug was found.

2023-03-08 06:44:12
Session:   5
Template:  2018-08-31 - a4718693a3d9fcabb02299b2ec07c19d8208c539
Syzkaller: 2018-08-31 - a4718693a3d9fcabb02299b2ec07c19d8208c539
Kernel:    2018-08-31 - 420f51f4ab6bce6e580390729fadb89c31123636
Compiler:  gcc-8.0.1-20180412
Attempt 1:
    No crashes found.
Attempt 2:
    Time  Bug Name
       7  lost connection to test machine
Attempt 3:
    No crashes found.
Attempt 4: (RETRY)
    No crashes found.
The bug was not found.

2023-03-08 08:57:50
Session:   6
Template:  2018-08-31 - a4718693a3d9fcabb02299b2ec07c19d8208c539
Syzkaller: 2018-12-30 - 5b565c8bdb062fe567a04af40cdba0e929441fe7
Kernel:    2018-12-29 - 195303136f192d37b89e20a8d1d2670d0d825266
Compiler:  gcc-8.0.1-20180412
Attempt 1:
    No crashes found.
Attempt 2:
    No crashes found.
Attempt 3:
    No crashes found.
The bug was not found.

====================================================================================================================================================
Revealing Factor:   Template Update
Version:            2018-12-30 - 5b565c8bdb062fe567a04af40cdba0e929441fe7
Commit Name:        sys/linux: add AF_RXRPC descriptions

Bug Name:           WARNING: bad unlock balance in rxrpc_recvmsg
Bug Link:           https://syzkaller.appspot.com/bug?id=0cd33d8e114be941da0773f8980488e1ca71ed58
Arch:               amd64
Finding Date:       2019-02-04
Finding Commit:     2019-02-03 - 24b888d8d59847871387aa3b241b524661070a6e
Guilty Merge:       2016-09-10 - fa5f4aaf6e6b10f8208533721daaf24a083309a6
Guilty Commit:      2016-09-08 - 248f219cb8bcbfbd7f132752d44afa2df7c241d1

Possible Blocking Bugs:
