WARNING in io_uring_setup,https://syzkaller.appspot.com/bug?id=003444d4ad1415f3ca15e38dbecbe0ee0fa40e9e
Repository: linux
Arch: amd64
Finding: 2021-04-28 - d72cd4ad4174cfd2257c426ad51e4f53bcfde9c9
Guilty:  2021-04-25 - eae071c9b4cefbcc3f985c5abf9a6e32c1608ca9
No Duplicates
Single Proc Allocation
VMs:8
CPUs:2
Procs:16
Max time:30
Max attempts:3
Testing the finding commit.

2023-04-11 09:44:01
Session:   1
Template:  2021-04-28 - 77e2b66864e69c17416614228723a1ebd3581ddc
Syzkaller: 2021-04-28 - 77e2b66864e69c17416614228723a1ebd3581ddc
Kernel:    2021-04-29 - d72cd4ad4174cfd2257c426ad51e4f53bcfde9c9
Compiler:  gcc-10.2.1-20210110
Attempt 1:
    Time  Bug Name
       8  WARNING in io_rsrc_node_switch
       8  WARNING in io_rsrc_node_switch
       9  WARNING in io_rsrc_node_switch
       9  WARNING in io_rsrc_node_switch
      10  WARNING in io_rsrc_node_switch
      10  WARNING in io_rsrc_node_switch
      12  WARNING in io_rsrc_node_switch
      13  WARNING in io_rsrc_node_switch
      13  WARNING in io_rsrc_node_switch
      13  WARNING in io_rsrc_node_switch
      14  WARNING in io_rsrc_node_switch
      14  WARNING in io_rsrc_node_switch
      15  WARNING in io_rsrc_node_switch
      16  WARNING in io_rsrc_node_switch
      16  WARNING in io_rsrc_node_switch
      17  WARNING in io_rsrc_node_switch
      18  WARNING in io_rsrc_node_switch
      18  WARNING in io_rsrc_node_switch
      18  WARNING in io_rsrc_node_switch
      19  WARNING in io_rsrc_node_switch
      20  WARNING in io_rsrc_node_switch
      21  WARNING in io_rsrc_node_switch
      22  WARNING in io_rsrc_node_switch
      22  WARNING in io_rsrc_node_switch
      24  WARNING in io_rsrc_node_switch
      25  WARNING in io_rsrc_node_switch
      26  WARNING in io_rsrc_node_switch
      26  WARNING in io_rsrc_node_switch
      29  WARNING in io_rsrc_node_switch
      29  WARNING in io_rsrc_node_switch
      29  WARNING in io_rsrc_node_switch
Attempt 2:
    Time  Bug Name
       8  panic: disabled syscall
       9  WARNING in io_rsrc_node_switch
       9  WARNING in io_rsrc_node_switch
       9  WARNING in io_rsrc_node_switch
       9  WARNING in io_rsrc_node_switch
      10  WARNING in io_rsrc_node_switch
      11  WARNING in io_rsrc_node_switch
      13  WARNING in io_rsrc_node_switch
      13  WARNING in io_rsrc_node_switch
      13  WARNING in io_rsrc_node_switch
      15  WARNING in io_rsrc_node_switch
      16  WARNING in io_rsrc_node_switch
      16  WARNING in io_rsrc_node_switch
      18  WARNING in io_rsrc_node_switch
      19  WARNING in io_rsrc_node_switch
      19  WARNING in io_rsrc_node_switch
      20  WARNING in io_rsrc_node_switch
      20  WARNING in io_rsrc_node_switch
      21  WARNING in io_rsrc_node_switch
      21  WARNING in io_rsrc_node_switch
      24  WARNING in io_rsrc_node_switch
      27  WARNING in io_rsrc_node_switch
      30  WARNING in io_rsrc_node_switch
Attempt 3:
    Time  Bug Name
       7  WARNING in io_rsrc_node_switch
       7  WARNING in io_rsrc_node_switch
       8  WARNING in io_rsrc_node_switch
       8  WARNING in io_rsrc_node_switch
       9  WARNING in io_rsrc_node_switch
       9  WARNING in io_rsrc_node_switch
      12  WARNING in io_rsrc_node_switch
      12  WARNING in io_rsrc_node_switch
      12  WARNING in io_rsrc_node_switch
      14  WARNING in io_rsrc_node_switch
      15  WARNING in io_rsrc_node_switch
      17  WARNING in io_rsrc_node_switch
      17  WARNING in io_rsrc_node_switch
      17  WARNING in io_rsrc_node_switch
      20  WARNING in io_rsrc_node_switch
      21  WARNING in io_rsrc_node_switch
      21  WARNING in io_rsrc_node_switch
      23  WARNING in io_rsrc_node_switch
      24  WARNING in io_rsrc_node_switch
      27  WARNING in io_rsrc_node_switch
      27  WARNING in io_rsrc_node_switch
      28  WARNING in io_rsrc_node_switch
      28  WARNING in io_rsrc_node_switch
      30  WARNING in io_rsrc_node_switch
      30  WARNING in io_rsrc_node_switch
      30  WARNING in io_rsrc_node_switch
      30  WARNING in io_rsrc_node_switch
Attempt 4: (RETRY)
    Time  Bug Name
       5  WARNING in io_rsrc_node_switch
       8  WARNING in io_rsrc_node_switch
       8  WARNING in io_rsrc_node_switch
       9  WARNING in io_rsrc_node_switch
      10  WARNING in io_rsrc_node_switch
      13  WARNING in io_rsrc_node_switch
      13  WARNING in io_rsrc_node_switch
      14  WARNING in io_rsrc_node_switch
      17  WARNING in io_rsrc_node_switch
      17  WARNING in io_rsrc_node_switch
      19  WARNING in io_rsrc_node_switch
      20  WARNING in io_rsrc_node_switch
      21  WARNING in io_rsrc_node_switch
      21  WARNING in io_rsrc_node_switch
      22  WARNING in io_rsrc_node_switch
      22  WARNING in io_rsrc_node_switch
      23  WARNING in io_rsrc_node_switch
      23  WARNING in io_rsrc_node_switch
      23  WARNING in io_rsrc_node_switch
      24  WARNING in io_rsrc_node_switch
      25  WARNING in io_rsrc_node_switch
      25  WARNING in io_rsrc_node_switch
      25  WARNING in io_rsrc_node_switch
      26  WARNING in io_rsrc_node_switch
      27  WARNING in io_rsrc_node_switch
      28  WARNING in io_rsrc_node_switch
      28  WARNING in io_rsrc_node_switch
      28  WARNING in io_rsrc_node_switch
      30  WARNING in io_rsrc_node_switch
      30  WARNING in io_rsrc_node_switch
The bug was not found.

Failure: This bug cannot be found at the finding commit.

