INFO: trying to register non-static key in exfat_cache_inval_inode,https://syzkaller.appspot.com/bug?id=339f188f0066d7b4b7a766ca5c49fe8a33cdb778
Repository: linux
Arch: amd64
Finding: 2020-09-24 - 171d4ff79f965c1f164705ef0aaea102a6ad238b
Guilty:  2020-03-05 - c35b6810c4952ae5776607e2c1d6a587425d5834
No Duplicates
Single Proc Allocation
VMs:8
CPUs:2
Procs:16
Max time:30
Max attempts:3
Testing the finding commit.

2023-05-23 16:20:33
Session:   1
Template:  2020-09-26 - 5dd8aee810424d4c1b06252f59ae59416fcacc55
Syzkaller: 2020-09-26 - 5dd8aee810424d4c1b06252f59ae59416fcacc55
Kernel:    2020-09-24 - 171d4ff79f965c1f164705ef0aaea102a6ad238b
Compiler:  gcc-10.1.0-syz
Attempt 1:
    Time  Bug Name
***    4  INFO: trying to register non-static key in exfat_cache_inval_inode
Attempt 2:
    Time  Bug Name
***    5  INFO: trying to register non-static key in exfat_cache_inval_inode
Attempt 3:
    Time  Bug Name
***    3  INFO: trying to register non-static key in exfat_cache_inval_inode
The bug was found.

New Max Time: 10.
Merge Commit: 2020-04-04 - 83eb69f3b80f7cf2ca6357fb9c23adc48632a0e3.

==== Template Inspection ====
2 template changes in [2020-04-04, 2020-09-26].

2023-05-23 18:18:47
Session:   2
Template:  2020-08-14 - a1481759c36a84dd1316d40531fc65b3dd6f5b8f
Syzkaller: 2020-08-14 - a1481759c36a84dd1316d40531fc65b3dd6f5b8f
Kernel:    2020-08-14 - c9c9735c46f589b9877b7fc00c89ef1b61a31e18
Compiler:  gcc-10.1.0-syz
Attempt 1:
    Time  Bug Name
***    2  INFO: trying to register non-static key in exfat_cache_inval_inode
The bug was found.

2023-05-23 19:27:29
Session:   3
Template:  2020-04-19 - cc8708904da08f9c884253477fc003cc6f6d5945
Syzkaller: 2020-04-19 - cc8708904da08f9c884253477fc003cc6f6d5945
Kernel:    2020-04-19 - ae83d0b416db002fe95601e7f97f64b59514d936
Compiler:  gcc-9.0.0-20181231
Attempt 1:
    Time  Bug Name
***    2  INFO: trying to register non-static key in exfat_cache_inval_inode
The bug was found.

2023-05-23 21:03:41
Session:   4
Template:  2020-04-03 - d9ed075d1a287f63cfa1dc84cbf609e624b26bc7
Syzkaller: 2020-04-19 - cc8708904da08f9c884253477fc003cc6f6d5945
Kernel:    2020-04-19 - ae83d0b416db002fe95601e7f97f64b59514d936
Attempt 1:
    Time  Bug Name
***    3  INFO: trying to register non-static key in exfat_cache_inval_inode
The bug was found.

==== Kernel Inspection ====
131 Linux commits in [2020-04-04, 2020-04-19].

2023-05-23 21:13:52
Session:   5
Template:  2020-04-09 - a8c6a3f8da30ccf825c6001c81a8adff21829c30
Syzkaller: 2020-04-09 - a8c6a3f8da30ccf825c6001c81a8adff21829c30
Kernel:    2020-04-10 - 6900433e0fbca146d8170bdf876271cdf3053021
Compiler:  gcc-9.0.0-20181231
Attempt 1:
    Time  Bug Name
***    3  INFO: trying to register non-static key in exfat_cache_inval_inode
The bug was found.

2023-05-23 22:27:29
Session:   6
Template:  2020-04-07 - db9bcd4b9fd510dc1b4b2b2021180c8432844b9b
Syzkaller: 2020-04-07 - db9bcd4b9fd510dc1b4b2b2021180c8432844b9b
Kernel:    2020-04-08 - 38e2c63ec3d323310ba873601e864af79b90b457
Compiler:  gcc-9.0.0-20181231
Attempt 1:
    Time  Bug Name
***    3  INFO: trying to register non-static key in exfat_cache_inval_inode
The bug was found.

2023-05-23 23:56:01
Session:   7
Template:  2020-04-06 - 99a9604483616177d7cd7d3e092ce42a3eaff74a
Syzkaller: 2020-04-06 - 99a9604483616177d7cd7d3e092ce42a3eaff74a
Kernel:    2020-04-06 - b6ff10700d1bf33c4323d34eca1e80bc8a69f9f5
Compiler:  gcc-9.0.0-20181231
Attempt 1:
    Time  Bug Name
***    3  INFO: trying to register non-static key in exfat_cache_inval_inode
The bug was found.

2023-05-24 01:20:48
Session:   8
Template:  2020-04-03 - d9ed075d1a287f63cfa1dc84cbf609e624b26bc7
Syzkaller: 2020-04-03 - d9ed075d1a287f63cfa1dc84cbf609e624b26bc7
Kernel:    2020-04-05 - 70fbdfef4ba63eeef83b2c94eac9a5a9f913e442
Compiler:  gcc-9.0.0-20181231
Attempt 1:
    Time  Bug Name
***    3  INFO: trying to register non-static key in exfat_cache_inval_inode
The bug was found.

2023-05-24 02:46:31
Session:   9
Template:  2020-04-03 - d9ed075d1a287f63cfa1dc84cbf609e624b26bc7
Syzkaller: 2020-04-03 - d9ed075d1a287f63cfa1dc84cbf609e624b26bc7
Kernel:    2020-04-05 - 347619565197ae0e62a755efc4a80904d66fc0a1
Compiler:  gcc-9.0.0-20181231
Attempt 1:
    Time  Bug Name
***    2  INFO: trying to register non-static key in exfat_cache_inval_inode
The bug was found.

2023-05-24 04:09:38
Session:   10
Template:  2020-04-03 - d9ed075d1a287f63cfa1dc84cbf609e624b26bc7
Syzkaller: 2020-04-03 - d9ed075d1a287f63cfa1dc84cbf609e624b26bc7
Kernel:    2020-04-04 - 4c205c84e249e0a91dcfabe461d77667ec9b2d05
Compiler:  gcc-9.0.0-20181231
Attempt 1:
    Time  Bug Name
***    3  INFO: trying to register non-static key in exfat_cache_inval_inode
The bug was found.

2023-05-24 05:50:50
Session:   11
Template:  2020-04-03 - d9ed075d1a287f63cfa1dc84cbf609e624b26bc7
Syzkaller: 2020-04-03 - d9ed075d1a287f63cfa1dc84cbf609e624b26bc7
Kernel:    2020-04-04 - ea9448b254e253e4d95afaab071b341d86c11795
Compiler:  gcc-9.0.0-20181231
Attempt 1:
    Time  Bug Name
***    2  INFO: trying to register non-static key in exfat_cache_inval_inode
The bug was found.

2023-05-24 07:03:47
Session:   12
Template:  2020-04-03 - d9ed075d1a287f63cfa1dc84cbf609e624b26bc7
Syzkaller: 2020-04-03 - d9ed075d1a287f63cfa1dc84cbf609e624b26bc7
Kernel:    2020-04-04 - 83eb69f3b80f7cf2ca6357fb9c23adc48632a0e3
Compiler:  gcc-9.0.0-20181231
Attempt 1:
    Time  Bug Name
***    3  INFO: trying to register non-static key in exfat_cache_inval_inode
The bug was found.

== Confirming the bisected commit ==

2023-05-24 08:28:49
Session:   13
Template:  2020-04-03 - d9ed075d1a287f63cfa1dc84cbf609e624b26bc7
Syzkaller: 2020-04-03 - d9ed075d1a287f63cfa1dc84cbf609e624b26bc7
Kernel:    2020-04-04 - 83eb69f3b80f7cf2ca6357fb9c23adc48632a0e3
The bug was found in a previous identical fuzzing session.

====================================================================================================================================================
Revealing Factor:   Guilty Merge
Version:            2020-04-04 - 83eb69f3b80f7cf2ca6357fb9c23adc48632a0e3
Commit Name:        Merge branch 'work.exfat' of git://git.kernel.org/pub/scm/linux/kernel/git/viro/vfs

Bug Name:           INFO: trying to register non-static key in exfat_cache_inval_inode
Bug Link:           https://syzkaller.appspot.com/bug?id=339f188f0066d7b4b7a766ca5c49fe8a33cdb778
Arch:               amd64
Finding Date:       2020-09-26
Finding Commit:     2020-09-24 - 171d4ff79f965c1f164705ef0aaea102a6ad238b
Guilty Merge:       2020-04-04 - 83eb69f3b80f7cf2ca6357fb9c23adc48632a0e3
Guilty Commit:      2020-03-05 - c35b6810c4952ae5776607e2c1d6a587425d5834

Possible Blocking Bugs:
