memory leak in sctp_v6_create_accept_sk,https://syzkaller.appspot.com/bug?id=6dbf93a38d9b3ad51c95a4b5f4dfe8f0cf03a74b
Repository: linux
Arch: amd64
Finding: 2019-05-31 - 3ab4436f688c2d2f221793953cd05435ca84261c
Guilty:  2007-10-10 - a29a5bd4f5c3e8ba2e89688feab8b01c44f1654f
Duplicate Names:
    memory leak in sctp_v6_create_accept_sk
    memory leak in sctp_v4_create_accept_sk
Single Proc Allocation
VMs:8
CPUs:2
Procs:16
Max time:30
Max attempts:5
Testing the finding commit.

2023-05-31 03:31:40
Session:   1
Template:  2019-05-31 - 53c81ea5385ee17c68d0afa4e524b6aead37c903
Syzkaller: 2019-05-31 - 53c81ea5385ee17c68d0afa4e524b6aead37c903
Kernel:    2019-05-31 - 3ab4436f688c2d2f221793953cd05435ca84261c
Compiler:  gcc-9.0.0-20181231
Attempt 1:
    No crashes found.
Attempt 2:
    Time  Bug Name
      17  memory leak in sctp_get_port_local
Attempt 3:
    Time  Bug Name
      19  memory leak in sctp_get_port_local
Attempt 4:
    No crashes found.
Attempt 5:
    Time  Bug Name
      24  memory leak in sctp_get_port_local
      25  memory leak in sctp_get_port_local
The bug was not found.

Failure: This bug cannot be found at the finding commit.

