WARNING in __kthread_bind_mask,https://syzkaller.appspot.com/bug?id=65e90b4c394c4323478ea4a05c8572c1dc47de16
Repository: linux
Arch: amd64
Finding: 2019-04-12 - 8ee15f3248660f85102a47410079d408615723d4
Guilty:  2019-02-28 - 6c271ce2f1d572f7fa225700a13cfe7ced492434
No Duplicates
Single Proc Allocation
VMs:8
CPUs:2
Procs:16
Max time:30
Max attempts:3
Testing the finding commit.

2023-06-16 22:40:55
Session:   1
Template:  2019-04-12 - c402d8f1aa5d2fdc219d2155fa467fb7f02321a5
Syzkaller: 2019-04-12 - c402d8f1aa5d2fdc219d2155fa467fb7f02321a5
Kernel:    2019-04-12 - 8ee15f3248660f85102a47410079d408615723d4
Compiler:  gcc-9.0.0-20181231
Attempt 1:
    Time  Bug Name
***    2  WARNING in __kthread_bind_mask
***    2  WARNING in __kthread_bind_mask
***    2  WARNING in __kthread_bind_mask
***    2  WARNING in __kthread_bind_mask
***    2  WARNING in __kthread_bind_mask
***    2  WARNING in __kthread_bind_mask
***    2  WARNING in __kthread_bind_mask
***    2  WARNING in __kthread_bind_mask
Attempt 2:
    Time  Bug Name
***    2  WARNING in __kthread_bind_mask
***    2  WARNING in __kthread_bind_mask
***    2  WARNING in __kthread_bind_mask
***    2  WARNING in __kthread_bind_mask
***    2  WARNING in __kthread_bind_mask
***    2  WARNING in __kthread_bind_mask
***    2  WARNING in __kthread_bind_mask
***    2  WARNING in __kthread_bind_mask
Attempt 3:
    Time  Bug Name
***    1  WARNING in __kthread_bind_mask
***    1  WARNING in __kthread_bind_mask
***    1  WARNING in __kthread_bind_mask
The bug was found.

New Max Time: 10.
Merge Commit: 2019-03-08 - 38e7571c07be01f9f19b355a9306a4e3d5cb0f5b.

==== Template Retrospection ====
1 template change in [2019-03-08, 2019-04-12].

2023-06-16 23:02:46
Session:   2
Template:  2019-04-12 - 4f421599f9bdb6f82820cbfb80b0bbcb6b9977c9
Syzkaller: 2019-04-12 - 4f421599f9bdb6f82820cbfb80b0bbcb6b9977c9
Kernel:    2019-04-12 - 8ee15f3248660f85102a47410079d408615723d4
Compiler:  gcc-9.0.0-20181231
Attempt 1:
    Time  Bug Name
       2  WARNING in io_uring_setup
***    2  WARNING in __kthread_bind_mask
***    2  WARNING in __kthread_bind_mask
***    2  WARNING in __kthread_bind_mask
***    2  WARNING in __kthread_bind_mask
***    2  WARNING in __kthread_bind_mask
***    2  WARNING in __kthread_bind_mask
***    2  WARNING in __kthread_bind_mask
***    2  WARNING in __kthread_bind_mask
The bug was found.

2023-06-16 23:20:59
Session:   3
Template:  2019-03-07 - 4b69c3cbaccd51b7ea719e7bd756d680e825988d
Syzkaller: 2019-04-12 - 4f421599f9bdb6f82820cbfb80b0bbcb6b9977c9
Kernel:    2019-04-12 - 8ee15f3248660f85102a47410079d408615723d4
Attempt 1:
    No crashes found.
Attempt 2:
    No crashes found.
Attempt 3:
    No crashes found.
The bug was not found.

====================================================================================================================================================
Revealing Factor:   Template Update
Version:            2019-04-12 - 4f421599f9bdb6f82820cbfb80b0bbcb6b9977c9
Commit Name:        sys/linux: add simple io_uring descriptions

Bug Name:           WARNING in __kthread_bind_mask
Bug Link:           https://syzkaller.appspot.com/bug?id=65e90b4c394c4323478ea4a05c8572c1dc47de16
Arch:               amd64
Finding Date:       2019-04-12
Finding Commit:     2019-04-12 - 8ee15f3248660f85102a47410079d408615723d4
Guilty Merge:       2019-03-08 - 38e7571c07be01f9f19b355a9306a4e3d5cb0f5b
Guilty Commit:      2019-02-28 - 6c271ce2f1d572f7fa225700a13cfe7ced492434

Possible Blocking Bugs:
