KASAN: use-after-free Read in rawv6_sendmsg,https://syzkaller.appspot.com/bug?id=e6ad5d985805141ed3d70fc129748bc234ff99f8
Repository: linux
Arch: amd64
Finding: 2018-09-09 - 9a5682765a2e5f93cf2fe7b612b8072b18f0c68a
Guilty:  2010-06-07 - 1789a640f55658d9a54c1868cc3405e4d85dbd8e
No Duplicates
Default Allocation.
VMs:4
CPUs:4
Procs:24
Max time:30
Max attempts:3
Testing the finding commit.

2023-03-23 13:32:10
Session:   1
Template:  2018-09-08 - 3f4ebb87dc6a4f15540f929f62c497ec1a2c24c0
Syzkaller: 2018-09-08 - 3f4ebb87dc6a4f15540f929f62c497ec1a2c24c0
Kernel:    2018-09-09 - 9a5682765a2e5f93cf2fe7b612b8072b18f0c68a
Compiler:  gcc-8.0.1-20180412
Attempt 1:
    No crashes found.
Attempt 2:
    No crashes found.
Attempt 3:
    No crashes found.
The bug was not found.

Failure: This bug cannot be found at the finding commit.
