KASAN: use-after-free Read in blkdev_direct_IO,https://syzkaller.appspot.com/bug?id=fcae301fcff89fc45ceb6a5dade0b7805ba43351
Repository: linux
Arch: amd64
Finding: 2019-07-28 - 609488bc979f99f805f34e9a32c1e3b71179d10b
Guilty:  2019-07-21 - 6a43074e2f461c2c49a607f9f6f5218d53f97d1e
No Duplicates
Default Allocation.
VMs:4
CPUs:4
Procs:24
Max time:30
Max attempts:3
Testing the finding commit.

2023-06-12 20:59:46
Session:   1
Template:  2019-07-29 - f67095eefa21c9164a2a92062a04bf186a689d0a
Syzkaller: 2019-07-29 - f67095eefa21c9164a2a92062a04bf186a689d0a
Kernel:    2019-07-28 - 609488bc979f99f805f34e9a32c1e3b71179d10b
Compiler:  gcc-9.0.0-20181231
Error: Syzkaller failed to make.
