INFO: rcu detected stall in security_file_open,https://syzkaller.appspot.com/bug?id=1391074ec0edb0777cffdb54fe1b90a5ff6a33d2
Repository: linux
Arch: amd64
Finding: 2020-09-28 - fb0155a09b0224a7147cb07a4ce6034c8d29667f
Guilty:  2017-11-13 - 989782dcdc91a5e6d5999c7a52a84a60a0811e56
Duplicate Names:
    INFO: rcu detected stall in sys_open
    INFO: rcu detected stall in __se_sys_mount
    KASAN: use-after-free Read in __proc_create
    INFO: rcu detected stall in process_one_work
    KASAN: use-after-free Read in fscache_alloc_cookie
    INFO: rcu detected stall in ip_list_rcv
    KASAN: use-after-free Write in afs_manage_cell
    INFO: rcu detected stall in exit_group
    INFO: rcu detected stall in sys_mount
    KASAN: use-after-free Read in afs_deactivate_cell
    INFO: rcu detected stall in sys_newlstat
    KASAN: use-after-free Read in afs_manage_cell
    KASAN: use-after-free Write in afs_deactivate_cell
    WARNING: proc registration bug in afs_manage_cell
    INFO: rcu detected stall in security_file_open
Default Allocation.
VMs:4
CPUs:4
Procs:24
Max time:30
Max attempts:3
Testing the finding commit.

2023-05-25 13:47:58
Session:   1
Template:  2020-09-29 - 5abc3f1ab298244473b613c289f1536e366fcf04
Syzkaller: 2020-09-29 - 5abc3f1ab298244473b613c289f1536e366fcf04
Kernel:    2020-09-28 - fb0155a09b0224a7147cb07a4ce6034c8d29667f
Compiler:  gcc-10.1.0-syz
Attempt 1:
    No crashes found.
Attempt 2:
    Time  Bug Name
***   10  KASAN: use-after-free Read in afs_deactivate_cell
Attempt 3:
    Time  Bug Name
      12  kernel BUG at lib/assoc_array.c:LINE!
      30  kernel BUG at lib/assoc_array.c:LINE!
The bug was found.

New Max Time: 32.
Merge Commit: 2017-11-16 - 487e2c9f44c4b5ea23bfe87bb34679f7297a0bce.

==== Template Retrospection ====
13 template changes in [2017-11-16, 2020-09-29].

2023-05-25 17:06:12
Session:   2
Template:  2019-07-22 - 6a786da97c822c3ad536290c412f472e58342c91
Syzkaller: 2019-07-22 - 6a786da97c822c3ad536290c412f472e58342c91
Kernel:    2019-07-22 - 7b5cf701ea9c395c792e2a7e3b7caf4c68b87721
Compiler:  gcc-9.0.0-20181231
Attempt 1:
    No crashes found.
Attempt 2:
    No crashes found.
Attempt 3:
    No crashes found.
The bug was not found.

2023-05-25 19:42:05
Session:   3
Template:  2020-03-17 - 924f7606047a430a9b313c135b782e1e8f852bec
Syzkaller: 2020-03-17 - 924f7606047a430a9b313c135b782e1e8f852bec
Kernel:    2020-03-17 - ac309e7744bee222df6de0122facaf2d9706fa70
Compiler:  gcc-9.0.0-20181231
Attempt 1:
    No crashes found.
Attempt 2:
    No crashes found.
Attempt 3:
    No crashes found.
The bug was not found.

2023-05-25 22:29:35
Session:   4
Template:  2020-08-14 - a1481759c36a84dd1316d40531fc65b3dd6f5b8f
Syzkaller: 2020-08-14 - a1481759c36a84dd1316d40531fc65b3dd6f5b8f
Kernel:    2020-08-14 - c9c9735c46f589b9877b7fc00c89ef1b61a31e18
Compiler:  gcc-10.1.0-syz
Attempt 1:
    Time  Bug Name
      10  WARNING: ODEBUG bug in __do_softirq
      23  WARNING: ODEBUG bug in __do_softirq
      30  kernel BUG at lib/assoc_array.c:LINE!
      31  kernel BUG at lib/assoc_array.c:LINE!
      32  kernel BUG at lib/assoc_array.c:LINE!
Attempt 2:
    Time  Bug Name
      11  WARNING: ODEBUG bug in __do_softirq
      22  kernel BUG at lib/assoc_array.c:LINE!
      26  general protection fault in afs_dynroot_depopulate
      32  kernel BUG at lib/assoc_array.c:LINE!
Attempt 3:
    Time  Bug Name
***   10  KASAN: use-after-free Write in afs_manage_cell
The bug was found.

2023-05-26 00:52:51
Session:   5
Template:  2020-04-19 - cc8708904da08f9c884253477fc003cc6f6d5945
Syzkaller: 2020-04-19 - cc8708904da08f9c884253477fc003cc6f6d5945
Kernel:    2020-04-19 - ae83d0b416db002fe95601e7f97f64b59514d936
Compiler:  gcc-9.0.0-20181231
Attempt 1:
    No crashes found.
Attempt 2:
    No crashes found.
Attempt 3:
    No crashes found.
The bug was not found.

2023-05-26 03:47:28
Session:   6
Template:  2020-04-19 - cc8708904da08f9c884253477fc003cc6f6d5945
Syzkaller: 2020-08-14 - a1481759c36a84dd1316d40531fc65b3dd6f5b8f
Kernel:    2020-08-14 - c9c9735c46f589b9877b7fc00c89ef1b61a31e18
Compiler:  gcc-10.1.0-syz
Attempt 1:
    Time  Bug Name
      17  general protection fault in afs_dynroot_depopulate
      20  general protection fault in afs_dynroot_depopulate
      28  kernel BUG at lib/assoc_array.c:LINE!
      29  kernel BUG at lib/assoc_array.c:LINE!
      29  kernel BUG at lib/assoc_array.c:LINE!
      30  kernel BUG at lib/assoc_array.c:LINE!
Attempt 2:
    Time  Bug Name
       9  general protection fault in afs_dynroot_depopulate
      10  general protection fault in afs_dynroot_depopulate
      12  general protection fault in afs_dynroot_depopulate
      21  kernel BUG at lib/assoc_array.c:LINE!
      26  kernel BUG at lib/assoc_array.c:LINE!
      28  kernel BUG at lib/assoc_array.c:LINE!
***   28  KASAN: use-after-free Write in afs_manage_cell
The bug was found.
Switching to Safe Mode: Fuzzing 5 times at 32 minutes

==== Kernel Retrospection ====
938 Linux commits in [2020-04-19, 2020-08-14].

2023-05-26 05:54:28
Session:   7
Template:  2020-06-17 - d45a4d69d83f40579e74fb561e1583db1be0e294
Syzkaller: 2020-06-17 - d45a4d69d83f40579e74fb561e1583db1be0e294
Kernel:    2020-06-17 - ffbc93768e9d3a3dafdd90124b1244b4723d30e8
Compiler:  gcc-10.1.0-syz
Attempt 1:
    Time  Bug Name
       2  KASAN: use-after-free Write in afs_wake_up_async_call
       2  KASAN: use-after-free Write in afs_wake_up_async_call
       3  KASAN: use-after-free Write in afs_wake_up_async_call
       3  KASAN: use-after-free Write in afs_wake_up_async_call
       4  KASAN: use-after-free Write in afs_wake_up_async_call
       6  KASAN: use-after-free Write in afs_wake_up_async_call
Attempt 2:
    Time  Bug Name
       2  KASAN: use-after-free Write in afs_wake_up_async_call
       3  KASAN: use-after-free Write in afs_wake_up_async_call
       3  KASAN: use-after-free Write in afs_wake_up_async_call
       4  KASAN: use-after-free Write in afs_wake_up_async_call
       4  KASAN: use-after-free Write in afs_wake_up_async_call
       4  KASAN: use-after-free Write in afs_wake_up_async_call
       4  KASAN: use-after-free Write in afs_wake_up_async_call
       7  KASAN: use-after-free Write in afs_wake_up_async_call
Attempt 3:
    Time  Bug Name
       2  KASAN: use-after-free Write in afs_wake_up_async_call
       3  KASAN: use-after-free Write in afs_wake_up_async_call
       3  KASAN: use-after-free Write in afs_wake_up_async_call
       5  KASAN: use-after-free Write in afs_wake_up_async_call
       5  KASAN: use-after-free Write in afs_wake_up_async_call
       5  KASAN: use-after-free Write in afs_wake_up_async_call
       8  KASAN: use-after-free Write in afs_wake_up_async_call
       8  KASAN: use-after-free Write in afs_wake_up_async_call
       9  KASAN: use-after-free Write in afs_wake_up_async_call
      11  KASAN: use-after-free Write in afs_wake_up_async_call
      11  KASAN: use-after-free Write in afs_wake_up_async_call
      12  KASAN: use-after-free Write in afs_wake_up_async_call
      14  KASAN: use-after-free Write in afs_wake_up_async_call
      15  KASAN: use-after-free Write in afs_wake_up_async_call
      17  KASAN: use-after-free Write in afs_wake_up_async_call
      18  KASAN: use-after-free Write in afs_wake_up_async_call
      20  KASAN: use-after-free Write in afs_wake_up_async_call
      22  KASAN: use-after-free Write in afs_wake_up_async_call
      23  KASAN: use-after-free Write in afs_wake_up_async_call
      25  KASAN: use-after-free Write in afs_wake_up_async_call
      27  KASAN: use-after-free Write in afs_wake_up_async_call
      30  KASAN: use-after-free Write in afs_wake_up_async_call
Attempt 4:
    Time  Bug Name
       2  KASAN: use-after-free Write in afs_wake_up_async_call
       4  KASAN: use-after-free Write in afs_wake_up_async_call
       4  KASAN: use-after-free Write in afs_wake_up_async_call
       4  KASAN: use-after-free Write in afs_wake_up_async_call
Attempt 5:
    Time  Bug Name
       2  KASAN: use-after-free Write in afs_wake_up_async_call
       2  KASAN: use-after-free Write in afs_wake_up_async_call
       4  KASAN: use-after-free Write in afs_wake_up_async_call
       7  KASAN: use-after-free Write in afs_wake_up_async_call
The bug was not found.

2023-05-26 10:03:15
Session:   8
Template:  2020-07-26 - 512651955aad51ef5f916aa2d84732e84d1c5e48
Syzkaller: 2020-07-26 - 512651955aad51ef5f916aa2d84732e84d1c5e48
Kernel:    2020-07-26 - 92ed301919932f777713b9172e525674157e983d
Compiler:  gcc-10.1.0-syz
Attempt 1:
    No crashes found.
Attempt 2:
    No crashes found.
Attempt 3:
    No crashes found.
Attempt 4:
    Time  Bug Name
      14  INFO: task hung in switchdev_deferred_process_work
Attempt 5:
    No crashes found.
The bug was not found.

2023-05-26 14:21:54
Session:   9
Template:  2020-08-05 - 0487ea6f5d997a8363eba0d2eb0ea7a925444555
Syzkaller: 2020-08-05 - 0487ea6f5d997a8363eba0d2eb0ea7a925444555
Kernel:    2020-08-05 - fffe3ae0ee84e25d2befe2ae59bc32aa2b6bc77b
Compiler:  gcc-10.1.0-syz
Attempt 1:
    No crashes found.
Attempt 2:
    No crashes found.
Attempt 3:
    No crashes found.
Attempt 4:
    No crashes found.
Attempt 5:
    Time  Bug Name
      16  INFO: task hung in linkwatch_event
      16  no output from test machine
      16  INFO: task hung in addrconf_verify_work
      24  no output from test machine
      25  no output from test machine
The bug was not found.

2023-05-26 18:33:41
Session:   10
Template:  2020-08-09 - 70301872e129e968c3027d181efb25fce3de8707
Syzkaller: 2020-08-09 - 70301872e129e968c3027d181efb25fce3de8707
Kernel:    2020-08-09 - 9420f1ce01869409d78901c3e036b2c437cbc6b8
Compiler:  gcc-10.1.0-syz
Attempt 1:
    No crashes found.
Attempt 2:
    No crashes found.
Attempt 3:
    No crashes found.
Attempt 4:
    No crashes found.
Attempt 5:
    No crashes found.
The bug was not found.

2023-05-26 22:33:59
Session:   11
Template:  2020-08-12 - bc15f7dbbc1c6e2042a7115b3fdacc0ada8c35e7
Syzkaller: 2020-08-12 - bc15f7dbbc1c6e2042a7115b3fdacc0ada8c35e7
Kernel:    2020-08-12 - 05a5b5d8a2cd82e2bf5a01ad064efa396ec7fbef
Compiler:  gcc-10.1.0-syz
Attempt 1:
    No crashes found.
Attempt 2:
    Time  Bug Name
      15  INFO: task hung in switchdev_deferred_process_work
Attempt 3:
    No crashes found.
Attempt 4:
    No crashes found.
Attempt 5:
    No crashes found.
The bug was not found.

2023-05-27 02:43:22
Session:   12
Template:  2020-08-14 - c2707aa5fe0be3d861a8caa7db5ddc92282bb41a
Syzkaller: 2020-08-14 - c2707aa5fe0be3d861a8caa7db5ddc92282bb41a
Kernel:    2020-08-14 - d9361cb285281563adada9b16708b12053bd6531
Compiler:  gcc-10.1.0-syz
Attempt 1:
    Time  Bug Name
***   10  KASAN: use-after-free Read in afs_deactivate_cell
The bug was found.

2023-05-27 04:13:48
Session:   13
Template:  2020-08-13 - 54ce1ed6b9fcb3b8d77c43dd4b3533e70cade414
Syzkaller: 2020-08-13 - 54ce1ed6b9fcb3b8d77c43dd4b3533e70cade414
Kernel:    2020-08-13 - 23c2c8c6fa325939f95d840f54bfdec3cb76906c
Compiler:  gcc-10.1.0-syz
Attempt 1:
    No crashes found.
Attempt 2:
    No crashes found.
Attempt 3:
    No crashes found.
Attempt 4:
    No crashes found.
Attempt 5:
    No crashes found.
The bug was not found.

2023-05-27 08:09:59
Session:   14
Template:  2020-08-14 - c2707aa5fe0be3d861a8caa7db5ddc92282bb41a
Syzkaller: 2020-08-14 - c2707aa5fe0be3d861a8caa7db5ddc92282bb41a
Kernel:    2020-08-14 - a1d21081a60dfb7fddf4a38b66d9cef603b317a9
Compiler:  gcc-10.1.0-syz
Attempt 1:
    Time  Bug Name
***    9  KASAN: use-after-free Write in afs_manage_cell
The bug was found.

2023-05-27 09:14:55
Session:   15
Template:  2020-08-13 - 54ce1ed6b9fcb3b8d77c43dd4b3533e70cade414
Syzkaller: 2020-08-13 - 54ce1ed6b9fcb3b8d77c43dd4b3533e70cade414
Kernel:    2020-08-13 - dddcbc139e96bd18d8c65ef7b7e440f0d32457c2
Compiler:  gcc-10.1.0-syz
Attempt 1:
    No crashes found.
Attempt 2:
    No crashes found.
Attempt 3:
    No crashes found.
Attempt 4:
    No crashes found.
Attempt 5:
    No crashes found.
The bug was not found.

2023-05-27 13:07:28
Session:   16
Template:  2020-08-14 - c2707aa5fe0be3d861a8caa7db5ddc92282bb41a
Syzkaller: 2020-08-14 - c2707aa5fe0be3d861a8caa7db5ddc92282bb41a
Kernel:    2020-08-14 - e764a1e32337aaf325fc5b14a5bbd06eabba4699
Compiler:  gcc-10.1.0-syz
Attempt 1:
    Time  Bug Name
***   11  KASAN: use-after-free Write in afs_manage_cell
The bug was found.

== Confirming the bisected commit ==

2023-05-27 14:39:27
Session:   17
Template:  2020-08-14 - c2707aa5fe0be3d861a8caa7db5ddc92282bb41a
Syzkaller: 2020-08-14 - c2707aa5fe0be3d861a8caa7db5ddc92282bb41a
Kernel:    2020-08-14 - e764a1e32337aaf325fc5b14a5bbd06eabba4699
The bug was found in a previous identical fuzzing session.

2023-05-27 14:39:27
Session:   18
Template:  2020-08-14 - c2707aa5fe0be3d861a8caa7db5ddc92282bb41a
Syzkaller: 2020-08-14 - c2707aa5fe0be3d861a8caa7db5ddc92282bb41a
Kernel:    2020-08-13 - dddcbc139e96bd18d8c65ef7b7e440f0d32457c2
Compiler:  gcc-10.1.0-syz
Attempt 1:
    Time  Bug Name
***    8  KASAN: use-after-free Write in afs_manage_cell
The bug was found.

==== Syzkaller Retrospection ====
12 Syzkaller commits from [2020-08-14].

2023-05-27 17:05:25
Session:   19
Template:  2020-08-14 - c2707aa5fe0be3d861a8caa7db5ddc92282bb41a
Syzkaller: 2020-08-14 - c2707aa5fe0be3d861a8caa7db5ddc92282bb41a
Kernel:    2020-08-14 - e764a1e32337aaf325fc5b14a5bbd06eabba4699
Compiler:  gcc-10.1.0-syz
The bug was found in a previous identical fuzzing session.

2023-05-27 17:05:25
Session:   20
Template:  2020-08-14 - 7c06bb218a06d171525a00367ecc50069b7163a8
Syzkaller: 2020-08-14 - 7c06bb218a06d171525a00367ecc50069b7163a8
Kernel:    2020-08-14 - e764a1e32337aaf325fc5b14a5bbd06eabba4699
Compiler:  gcc-10.1.0-syz
Attempt 1:
    Time  Bug Name
***    8  KASAN: use-after-free Read in afs_deactivate_cell
The bug was found.

2023-05-27 17:14:44
Session:   21
Template:  2020-08-14 - a1481759c36a84dd1316d40531fc65b3dd6f5b8f
Syzkaller: 2020-08-14 - a1481759c36a84dd1316d40531fc65b3dd6f5b8f
Kernel:    2020-08-14 - e764a1e32337aaf325fc5b14a5bbd06eabba4699
Compiler:  gcc-10.1.0-syz
Attempt 1:
    Time  Bug Name
      10  general protection fault in afs_dynroot_depopulate
      22  kernel BUG at lib/assoc_array.c:LINE!
***   29  WARNING: proc registration bug in afs_manage_cell
The bug was found.

2023-05-27 17:44:57
Session:   22
Template:  2020-08-14 - aa6107e60d2616837cbf09be1e371132718306dc
Syzkaller: 2020-08-14 - aa6107e60d2616837cbf09be1e371132718306dc
Kernel:    2020-08-14 - e764a1e32337aaf325fc5b14a5bbd06eabba4699
Compiler:  gcc-10.1.0-syz
Attempt 1:
    No crashes found.
Attempt 2:
    No crashes found.

AUTHOR:
Syzkaller commit
revealed: 2020-08-14
