KASAN: use-after-free Read in fuse_request_end,https://syzkaller.appspot.com/bug?id=ae1c403567e0c3d9bdff9d0e1cd7def69f53da9c
Repository: linux
Arch: i386
Finding: 2019-10-17 - 283ea345934d277e30c841c577e0e2142b4bfcae
Guilty:  2019-09-10 - d49937749fef2597f6bcaf2a0ed67e88e347b7fb
No Duplicates
Single Proc Allocation
VMs:8
CPUs:2
Procs:16
Max time:30
Max attempts:3
Testing the finding commit.

2023-06-10 08:28:19
Session:   1
Template:  2019-10-16 - 8c88c9c1c99c8cd8dabc951164c820b9c9f25114
Syzkaller: 2019-10-16 - 8c88c9c1c99c8cd8dabc951164c820b9c9f25114
Kernel:    2019-10-17 - 283ea345934d277e30c841c577e0e2142b4bfcae
Compiler:  gcc-9.0.0-20181231
Attempt 1:
    No crashes found.
Attempt 2:
    No crashes found.
Attempt 3:
    No crashes found.
The bug was not found.

Failure: This bug cannot be found at the finding commit.
