memory leak in tcf_ctinfo_init,https://syzkaller.appspot.com/bug?id=70d491b839984c756992b68c93e666828a4a301c
Repository: linux
Arch: amd64
Finding: 2020-01-17 - 25e73aadf297d78cf528841795cd37bad8320642
Guilty:  2019-05-29 - 24ec483cec981618f8a4782a36d1e3f319d42cad
No Duplicates
Single Proc Allocation
VMs:8
CPUs:2
Procs:16
Max time:30
Max attempts:5
Testing the finding commit.

2023-03-21 14:20:42
Session:   1
Template:  2020-01-18 - bc8bc756c272115ed92fad4f716b77f6fb995203
Syzkaller: 2020-01-18 - bc8bc756c272115ed92fad4f716b77f6fb995203
Kernel:    2020-01-17 - 25e73aadf297d78cf528841795cd37bad8320642
Compiler:  gcc-9.0.0-20181231
Attempt 1:
    Time  Bug Name
***    2  memory leak in tcf_ctinfo_init
Attempt 2:
    Time  Bug Name
***    2  memory leak in tcf_ctinfo_init
Attempt 3:
    Time  Bug Name
***    2  memory leak in tcf_ctinfo_init
Attempt 4:
    Time  Bug Name
***    2  memory leak in tcf_ctinfo_init
Attempt 5:
    Time  Bug Name
***    2  memory leak in tcf_ctinfo_init
The bug was found.

New Max Time: 30.
No Merge Commit.

==== Template Inspection ====
23 template changes in [2019-05-29, 2020-01-18].

2023-03-21 15:30:30
Session:   2
Template:  2019-11-14 - 5d15a96786df2b7444fc937f4075b40b568caab2
Syzkaller: 2019-11-14 - 5d15a96786df2b7444fc937f4075b40b568caab2
Kernel:    2019-11-14 - 96b95eff4a591dbac582c2590d067e356a18aacb
Compiler:  gcc-9.0.0-20181231
Attempt 1:
    Time  Bug Name
       3  lost connection to test machine
       3  lost connection to test machine
       3  lost connection to test machine
       3  lost connection to test machine
       3  lost connection to test machine
       3  lost connection to test machine
       3  lost connection to test machine
       3  lost connection to test machine
       4  lost connection to test machine
       5  lost connection to test machine
       5  lost connection to test machine
       5  lost connection to test machine
       5  lost connection to test machine
       5  lost connection to test machine
       5  lost connection to test machine
       5  lost connection to test machine
       6  lost connection to test machine
       7  lost connection to test machine
       7  lost connection to test machine
       7  lost connection to test machine
       7  lost connection to test machine
       7  lost connection to test machine
       7  lost connection to test machine
       7  lost connection to test machine
       8  lost connection to test machine
       9  lost connection to test machine
       9  lost connection to test machine
       9  lost connection to test machine
       9  lost connection to test machine
       9  lost connection to test machine
       9  lost connection to test machine
       9  lost connection to test machine
      10  lost connection to test machine
      11  lost connection to test machine
      11  lost connection to test machine
      11  lost connection to test machine
      11  lost connection to test machine
      11  lost connection to test machine
      11  lost connection to test machine
      11  lost connection to test machine
      13  lost connection to test machine
      13  lost connection to test machine
      13  lost connection to test machine
      13  lost connection to test machine
      13  lost connection to test machine
      13  lost connection to test machine
      13  lost connection to test machine
      13  lost connection to test machine
      15  lost connection to test machine
      15  lost connection to test machine
      15  lost connection to test machine
      15  lost connection to test machine
      15  lost connection to test machine
      15  lost connection to test machine
      15  lost connection to test machine
      15  lost connection to test machine
      17  lost connection to test machine
      17  lost connection to test machine
      17  lost connection to test machine
      17  lost connection to test machine
      17  lost connection to test machine
      17  lost connection to test machine
      18  lost connection to test machine
      18  lost connection to test machine
      19  lost connection to test machine
      19  lost connection to test machine
      19  lost connection to test machine
      19  lost connection to test machine
      19  lost connection to test machine
      20  lost connection to test machine
      20  lost connection to test machine
      20  lost connection to test machine
      21  lost connection to test machine
      21  lost connection to test machine
      21  lost connection to test machine
      22  lost connection to test machine
      22  lost connection to test machine
      22  lost connection to test machine
      23  lost connection to test machine
      23  lost connection to test machine
      23  lost connection to test machine
      24  lost connection to test machine
      24  lost connection to test machine
      24  lost connection to test machine
      24  lost connection to test machine
      24  lost connection to test machine
      25  lost connection to test machine
      25  lost connection to test machine
      25  lost connection to test machine
      25  lost connection to test machine
      26  lost connection to test machine
      26  lost connection to test machine
      26  lost connection to test machine
      26  lost connection to test machine
      27  lost connection to test machine
      27  lost connection to test machine
      27  lost connection to test machine
      28  lost connection to test machine
      28  lost connection to test machine
      28  lost connection to test machine
Attempt 2:
    Time  Bug Name
       2  lost connection to test machine
       2  lost connection to test machine
       3  lost connection to test machine
       3  lost connection to test machine
       3  lost connection to test machine
       3  lost connection to test machine
       3  lost connection to test machine
       3  lost connection to test machine
       4  lost connection to test machine
       4  lost connection to test machine
       5  lost connection to test machine
       5  lost connection to test machine
       5  lost connection to test machine
       5  lost connection to test machine
       5  lost connection to test machine
       5  lost connection to test machine
       6  lost connection to test machine
       6  lost connection to test machine
       7  lost connection to test machine
       7  lost connection to test machine
       7  lost connection to test machine
       7  lost connection to test machine
       7  lost connection to test machine
       7  lost connection to test machine
       8  lost connection to test machine
       8  lost connection to test machine
       8  lost connection to test machine
       8  lost connection to test machine
       8  lost connection to test machine
       9  lost connection to test machine
       9  lost connection to test machine
       9  lost connection to test machine
      10  lost connection to test machine
      10  lost connection to test machine
      10  lost connection to test machine
      10  lost connection to test machine
      10  lost connection to test machine
      10  lost connection to test machine
      11  lost connection to test machine
      11  lost connection to test machine
      12  lost connection to test machine
      12  lost connection to test machine
      12  lost connection to test machine
      12  lost connection to test machine
      12  lost connection to test machine
      12  lost connection to test machine
      12  lost connection to test machine
      13  lost connection to test machine
      14  lost connection to test machine
      14  lost connection to test machine
      14  lost connection to test machine
      14  lost connection to test machine
      14  lost connection to test machine
      14  lost connection to test machine
      14  lost connection to test machine
      14  lost connection to test machine
      16  lost connection to test machine
      16  lost connection to test machine
      16  lost connection to test machine
      16  lost connection to test machine
      16  lost connection to test machine
      16  lost connection to test machine
      16  lost connection to test machine
      16  lost connection to test machine
      17  lost connection to test machine
      18  lost connection to test machine
      18  lost connection to test machine
      18  lost connection to test machine
      18  lost connection to test machine
      18  lost connection to test machine
      18  lost connection to test machine
      18  lost connection to test machine
      19  lost connection to test machine
      19  lost connection to test machine
      19  lost connection to test machine
      19  lost connection to test machine
      20  lost connection to test machine
      20  lost connection to test machine
      20  lost connection to test machine
      20  lost connection to test machine
      21  lost connection to test machine
      21  lost connection to test machine
      21  lost connection to test machine
      21  lost connection to test machine
      22  lost connection to test machine
      22  lost connection to test machine
      22  lost connection to test machine
      22  lost connection to test machine
      23  lost connection to test machine
      23  lost connection to test machine
      23  lost connection to test machine
      23  lost connection to test machine
      23  lost connection to test machine
      23  lost connection to test machine
      24  lost connection to test machine
      24  lost connection to test machine
      25  lost connection to test machine
      25  lost connection to test machine
      25  lost connection to test machine
      25  lost connection to test machine
Attempt 3:
    Time  Bug Name
       2  lost connection to test machine
       2  lost connection to test machine
       2  lost connection to test machine
       2  lost connection to test machine
       2  lost connection to test machine
       2  lost connection to test machine
       3  lost connection to test machine
       3  lost connection to test machine
       4  lost connection to test machine
       4  lost connection to test machine
       4  lost connection to test machine
       4  lost connection to test machine
       4  lost connection to test machine
       4  lost connection to test machine
       4  lost connection to test machine
       5  lost connection to test machine
       6  lost connection to test machine
       6  lost connection to test machine
       6  lost connection to test machine
       6  lost connection to test machine
       6  lost connection to test machine
       6  lost connection to test machine
       6  lost connection to test machine
       6  lost connection to test machine
       8  lost connection to test machine
       8  lost connection to test machine
       8  lost connection to test machine
       8  lost connection to test machine
       8  lost connection to test machine
       8  lost connection to test machine
       8  lost connection to test machine
       8  lost connection to test machine
      10  lost connection to test machine
      10  lost connection to test machine
      10  lost connection to test machine
      10  lost connection to test machine
      10  lost connection to test machine
      10  lost connection to test machine
      10  lost connection to test machine
      10  lost connection to test machine
      12  lost connection to test machine
      12  lost connection to test machine
      12  lost connection to test machine
      12  lost connection to test machine
      12  lost connection to test machine
      12  lost connection to test machine
      12  lost connection to test machine
      12  lost connection to test machine
      14  lost connection to test machine
      14  lost connection to test machine
      14  lost connection to test machine
      14  lost connection to test machine
      14  lost connection to test machine
      14  lost connection to test machine
      14  lost connection to test machine
      14  lost connection to test machine
      16  lost connection to test machine
      16  lost connection to test machine
      16  lost connection to test machine
      16  lost connection to test machine
      16  lost connection to test machine
      16  lost connection to test machine
      16  lost connection to test machine
      16  lost connection to test machine
      18  lost connection to test machine
      18  lost connection to test machine
      18  lost connection to test machine
      18  lost connection to test machine
      18  lost connection to test machine
      18  lost connection to test machine
      18  lost connection to test machine
      18  lost connection to test machine
      20  lost connection to test machine
      20  lost connection to test machine
      20  lost connection to test machine
      20  lost connection to test machine
      20  lost connection to test machine
      20  lost connection to test machine
      20  lost connection to test machine
      20  lost connection to test machine
      22  lost connection to test machine
      22  lost connection to test machine
      22  lost connection to test machine
      22  lost connection to test machine
      22  lost connection to test machine
      22  lost connection to test machine
      22  lost connection to test machine
      22  lost connection to test machine
      23  lost connection to test machine
      24  lost connection to test machine
      24  lost connection to test machine
      24  lost connection to test machine
      24  lost connection to test machine
      24  lost connection to test machine
      24  lost connection to test machine
      24  lost connection to test machine
      25  lost connection to test machine
      26  lost connection to test machine
      26  lost connection to test machine
      26  lost connection to test machine
Attempt 4:
    Time  Bug Name
       3  lost connection to test machine
       3  lost connection to test machine
       3  lost connection to test machine
       3  lost connection to test machine
       3  lost connection to test machine
       3  lost connection to test machine
       3  lost connection to test machine
       3  lost connection to test machine
       4  lost connection to test machine
       5  lost connection to test machine
       5  lost connection to test machine
       5  lost connection to test machine
       5  lost connection to test machine
       5  lost connection to test machine
       5  lost connection to test machine
       5  lost connection to test machine
       6  lost connection to test machine
       6  lost connection to test machine
       7  lost connection to test machine
       7  lost connection to test machine
       7  lost connection to test machine
       7  lost connection to test machine
       7  lost connection to test machine
       7  lost connection to test machine
       8  lost connection to test machine
       8  lost connection to test machine
       9  lost connection to test machine
       9  lost connection to test machine
       9  lost connection to test machine
       9  lost connection to test machine
       9  lost connection to test machine
       9  lost connection to test machine
      10  lost connection to test machine
      10  lost connection to test machine
      11  lost connection to test machine
      11  lost connection to test machine
      11  lost connection to test machine
      11  lost connection to test machine
      11  lost connection to test machine
      11  lost connection to test machine
      12  lost connection to test machine
      12  lost connection to test machine
      13  lost connection to test machine
      13  lost connection to test machine
      13  lost connection to test machine
      13  lost connection to test machine
      13  lost connection to test machine
      13  lost connection to test machine
      14  lost connection to test machine
      14  lost connection to test machine
      14  lost connection to test machine
      14  lost connection to test machine
      14  lost connection to test machine
      15  lost connection to test machine
      15  lost connection to test machine
      15  lost connection to test machine
      16  lost connection to test machine
      16  lost connection to test machine
      16  lost connection to test machine
      16  lost connection to test machine
      16  lost connection to test machine
      16  lost connection to test machine
      16  lost connection to test machine
      17  lost connection to test machine
      18  lost connection to test machine
      18  lost connection to test machine
      18  lost connection to test machine
      18  lost connection to test machine
      18  lost connection to test machine
      18  lost connection to test machine
      18  lost connection to test machine
      19  lost connection to test machine
      20  lost connection to test machine
      20  lost connection to test machine
      20  lost connection to test machine
      20  lost connection to test machine
      20  lost connection to test machine
      20  lost connection to test machine
      20  lost connection to test machine
      21  lost connection to test machine
      22  lost connection to test machine
      22  lost connection to test machine
      22  lost connection to test machine
      22  lost connection to test machine
      22  lost connection to test machine
      22  lost connection to test machine
      22  lost connection to test machine
      23  lost connection to test machine
      24  lost connection to test machine
      24  lost connection to test machine
      24  lost connection to test machine
      24  lost connection to test machine
      24  lost connection to test machine
      24  lost connection to test machine
      24  lost connection to test machine
      25  lost connection to test machine
      25  lost connection to test machine
      26  lost connection to test machine
      26  lost connection to test machine
      26  lost connection to test machine
Attempt 5:
    Time  Bug Name
       2  lost connection to test machine
       3  lost connection to test machine
       3  lost connection to test machine
       3  lost connection to test machine
       3  lost connection to test machine
       3  lost connection to test machine
       3  lost connection to test machine
       3  lost connection to test machine
       4  lost connection to test machine
       4  lost connection to test machine
       4  lost connection to test machine
       4  lost connection to test machine
       4  lost connection to test machine
       4  lost connection to test machine
       4  lost connection to test machine
       5  lost connection to test machine
       6  lost connection to test machine
       6  lost connection to test machine
       6  lost connection to test machine
       6  lost connection to test machine
       6  lost connection to test machine
       6  lost connection to test machine
       6  lost connection to test machine
       6  lost connection to test machine
       8  lost connection to test machine
       8  lost connection to test machine
       8  lost connection to test machine
       8  lost connection to test machine
       8  lost connection to test machine
       8  lost connection to test machine
       8  lost connection to test machine
       8  lost connection to test machine
      10  lost connection to test machine
      10  lost connection to test machine
      10  lost connection to test machine
      10  lost connection to test machine
      10  lost connection to test machine
      10  lost connection to test machine
      10  lost connection to test machine
      10  lost connection to test machine
      11  lost connection to test machine
      12  lost connection to test machine
      12  lost connection to test machine
      12  lost connection to test machine
      12  lost connection to test machine
      12  lost connection to test machine
      12  lost connection to test machine
      12  lost connection to test machine
      13  lost connection to test machine
      13  lost connection to test machine
      14  lost connection to test machine
      14  lost connection to test machine
      14  lost connection to test machine
      14  lost connection to test machine
      14  lost connection to test machine
      14  lost connection to test machine
      15  lost connection to test machine
      15  lost connection to test machine
      15  lost connection to test machine
      15  lost connection to test machine
      15  lost connection to test machine
      16  lost connection to test machine
      16  lost connection to test machine
      16  lost connection to test machine
      17  lost connection to test machine
      17  lost connection to test machine
      17  lost connection to test machine
      17  lost connection to test machine
      17  lost connection to test machine
      17  lost connection to test machine
      17  lost connection to test machine
      18  lost connection to test machine
      19  lost connection to test machine
      19  lost connection to test machine
      19  lost connection to test machine
      19  lost connection to test machine
      19  lost connection to test machine
      19  lost connection to test machine
      19  lost connection to test machine
      19  lost connection to test machine
      20  lost connection to test machine
      20  lost connection to test machine
      21  lost connection to test machine
      21  lost connection to test machine
      21  lost connection to test machine
      21  lost connection to test machine
      21  lost connection to test machine
      21  lost connection to test machine
      22  lost connection to test machine
      22  lost connection to test machine
      22  lost connection to test machine
      22  lost connection to test machine
      22  lost connection to test machine
      23  lost connection to test machine
      23  lost connection to test machine
      23  lost connection to test machine
      24  lost connection to test machine
      24  lost connection to test machine
      24  lost connection to test machine
      24  lost connection to test machine
Attempt 6: (RETRY)
    Time  Bug Name
       2  lost connection to test machine
       2  lost connection to test machine
       2  lost connection to test machine
       2  lost connection to test machine
       2  lost connection to test machine
       2  lost connection to test machine
       2  lost connection to test machine
       3  lost connection to test machine
       4  lost connection to test machine
       4  lost connection to test machine
       4  lost connection to test machine
       4  lost connection to test machine
       4  lost connection to test machine
       4  lost connection to test machine
       4  lost connection to test machine
       5  lost connection to test machine
       6  lost connection to test machine
       6  lost connection to test machine
       6  lost connection to test machine
       6  lost connection to test machine
       6  lost connection to test machine
       6  lost connection to test machine
       6  lost connection to test machine
       6  lost connection to test machine
       8  lost connection to test machine
       8  lost connection to test machine
       8  lost connection to test machine
       8  lost connection to test machine
       8  lost connection to test machine
       8  lost connection to test machine
       8  lost connection to test machine
       8  lost connection to test machine
      10  lost connection to test machine
      10  lost connection to test machine
      10  lost connection to test machine
      10  lost connection to test machine
      10  lost connection to test machine
      10  lost connection to test machine
      10  lost connection to test machine
      10  lost connection to test machine
      11  lost connection to test machine
      11  lost connection to test machine
      11  lost connection to test machine
      12  lost connection to test machine
      12  lost connection to test machine
      12  lost connection to test machine
      12  lost connection to test machine
      12  lost connection to test machine
      13  lost connection to test machine
      13  lost connection to test machine
      13  lost connection to test machine
      13  lost connection to test machine
      13  lost connection to test machine
      13  lost connection to test machine
      13  lost connection to test machine
      13  lost connection to test machine
      15  lost connection to test machine
      15  lost connection to test machine
      15  lost connection to test machine
      15  lost connection to test machine
      15  lost connection to test machine
      15  lost connection to test machine
      15  lost connection to test machine
      15  lost connection to test machine
      17  lost connection to test machine
      17  lost connection to test machine
      17  lost connection to test machine
      17  lost connection to test machine
      17  lost connection to test machine
      17  lost connection to test machine
      17  lost connection to test machine
      17  lost connection to test machine
      18  lost connection to test machine
      19  lost connection to test machine
      19  lost connection to test machine
      19  lost connection to test machine
      19  lost connection to test machine
      19  lost connection to test machine
      19  lost connection to test machine
      19  lost connection to test machine
      20  lost connection to test machine
      20  lost connection to test machine
      20  lost connection to test machine
      21  lost connection to test machine
      21  lost connection to test machine
      21  lost connection to test machine
      21  lost connection to test machine
      21  lost connection to test machine
      22  lost connection to test machine
      22  lost connection to test machine
      22  lost connection to test machine
      22  lost connection to test machine
      22  lost connection to test machine
      23  lost connection to test machine
      23  lost connection to test machine
      23  lost connection to test machine
      24  lost connection to test machine
      24  lost connection to test machine
      24  lost connection to test machine
      24  lost connection to test machine
Attempt 7: (RETRY)
    Time  Bug Name
       3  lost connection to test machine
       3  lost connection to test machine
       3  lost connection to test machine
       3  lost connection to test machine
       3  lost connection to test machine
       3  lost connection to test machine
       3  lost connection to test machine
       3  lost connection to test machine
       5  lost connection to test machine
       5  lost connection to test machine
       5  lost connection to test machine
       5  lost connection to test machine
       5  lost connection to test machine
       5  lost connection to test machine
       5  lost connection to test machine
       5  lost connection to test machine
       6  lost connection to test machine
       7  lost connection to test machine
       7  lost connection to test machine
       7  lost connection to test machine
       7  lost connection to test machine
       7  lost connection to test machine
       7  lost connection to test machine
       7  lost connection to test machine
       8  lost connection to test machine
       8  lost connection to test machine
       8  lost connection to test machine
       9  lost connection to test machine
       9  lost connection to test machine
       9  lost connection to test machine
       9  lost connection to test machine
       9  lost connection to test machine
      10  lost connection to test machine
      10  lost connection to test machine
      10  lost connection to test machine
      10  lost connection to test machine
      10  lost connection to test machine
      10  lost connection to test machine
      10  lost connection to test machine
      10  lost connection to test machine
      12  lost connection to test machine
      12  lost connection to test machine
      12  lost connection to test machine
      12  lost connection to test machine
      12  lost connection to test machine
      12  lost connection to test machine
      12  lost connection to test machine
      12  lost connection to test machine
      14  lost connection to test machine
      14  lost connection to test machine
      14  lost connection to test machine
      14  lost connection to test machine
      14  lost connection to test machine
      14  lost connection to test machine
      14  lost connection to test machine
      14  lost connection to test machine
      16  lost connection to test machine
      16  lost connection to test machine
      16  lost connection to test machine
      16  lost connection to test machine
      16  lost connection to test machine
      16  lost connection to test machine
      16  lost connection to test machine
      16  lost connection to test machine
      17  lost connection to test machine
      17  lost connection to test machine
      18  lost connection to test machine
      18  lost connection to test machine
      18  lost connection to test machine
      18  lost connection to test machine
      18  lost connection to test machine
      18  lost connection to test machine
      19  lost connection to test machine
      19  lost connection to test machine
      19  lost connection to test machine
      19  lost connection to test machine
      19  lost connection to test machine
      19  lost connection to test machine
      20  lost connection to test machine
      20  lost connection to test machine
      21  lost connection to test machine
      21  lost connection to test machine
      21  lost connection to test machine
      21  lost connection to test machine
      21  lost connection to test machine
      21  lost connection to test machine
      21  lost connection to test machine
      22  lost connection to test machine
      23  lost connection to test machine
      23  lost connection to test machine
      23  lost connection to test machine
      23  lost connection to test machine
      23  lost connection to test machine
      23  lost connection to test machine
      23  lost connection to test machine
      23  lost connection to test machine
      25  lost connection to test machine
      25  lost connection to test machine
      25  lost connection to test machine
      25  lost connection to test machine
Attempt 8: (RETRY)
    Time  Bug Name
       3  lost connection to test machine
       3  lost connection to test machine
       3  lost connection to test machine
       3  lost connection to test machine
       3  lost connection to test machine
       3  lost connection to test machine
       3  lost connection to test machine
       3  lost connection to test machine
       4  lost connection to test machine
       5  lost connection to test machine
       5  lost connection to test machine
       5  lost connection to test machine
       5  lost connection to test machine
       5  lost connection to test machine
       5  lost connection to test machine
       5  lost connection to test machine
       6  lost connection to test machine
       7  lost connection to test machine
       7  lost connection to test machine
       7  lost connection to test machine
       7  lost connection to test machine
       7  lost connection to test machine
       7  lost connection to test machine
       7  lost connection to test machine
       8  lost connection to test machine
       8  lost connection to test machine
       8  lost connection to test machine
       9  lost connection to test machine
       9  lost connection to test machine
       9  lost connection to test machine
       9  lost connection to test machine
       9  lost connection to test machine
      10  lost connection to test machine
      10  lost connection to test machine
      10  lost connection to test machine
      11  lost connection to test machine
      11  lost connection to test machine
      11  lost connection to test machine
      11  lost connection to test machine
      11  lost connection to test machine
      12  lost connection to test machine
      12  lost connection to test machine
      12  lost connection to test machine
      12  lost connection to test machine
      12  lost connection to test machine
      13  lost connection to test machine
      13  lost connection to test machine
      13  lost connection to test machine
      14  lost connection to test machine
      14  lost connection to test machine
      14  lost connection to test machine
      14  lost connection to test machine
      15  lost connection to test machine
      15  lost connection to test machine
      15  lost connection to test machine
      15  lost connection to test machine
      16  lost connection to test machine
      16  lost connection to test machine
      16  lost connection to test machine
      16  lost connection to test machine
      16  lost connection to test machine
      17  lost connection to test machine
      17  lost connection to test machine
      17  lost connection to test machine
      18  lost connection to test machine
      18  lost connection to test machine
      18  lost connection to test machine
      18  lost connection to test machine
      18  lost connection to test machine
      19  lost connection to test machine
      19  lost connection to test machine
      19  lost connection to test machine
      20  lost connection to test machine
      20  lost connection to test machine
      20  lost connection to test machine
      20  lost connection to test machine
      20  lost connection to test machine
      20  lost connection to test machine
      21  lost connection to test machine
      21  lost connection to test machine
      22  lost connection to test machine
      22  lost connection to test machine
      22  lost connection to test machine
      22  lost connection to test machine
      22  lost connection to test machine
      22  lost connection to test machine
      23  lost connection to test machine
      23  lost connection to test machine
      24  lost connection to test machine
      24  lost connection to test machine
      24  lost connection to test machine
      24  lost connection to test machine
      24  lost connection to test machine
      24  lost connection to test machine
      25  lost connection to test machine
      25  lost connection to test machine
      26  lost connection to test machine
      26  lost connection to test machine
      26  lost connection to test machine
      26  lost connection to test machine
Attempt 9: (RETRY)
    Time  Bug Name
       3  lost connection to test machine
       3  lost connection to test machine
       3  lost connection to test machine
       3  lost connection to test machine
       3  lost connection to test machine
       3  lost connection to test machine
       3  lost connection to test machine
       3  lost connection to test machine
       5  lost connection to test machine
       5  lost connection to test machine
       5  lost connection to test machine
       5  lost connection to test machine
       5  lost connection to test machine
       5  lost connection to test machine
       5  lost connection to test machine
       5  lost connection to test machine
       7  lost connection to test machine
       7  lost connection to test machine
       7  lost connection to test machine
       7  lost connection to test machine
       7  lost connection to test machine
       7  lost connection to test machine
       7  lost connection to test machine
       8  lost connection to test machine
       9  lost connection to test machine
       9  lost connection to test machine
       9  lost connection to test machine
       9  lost connection to test machine
       9  lost connection to test machine
       9  lost connection to test machine
       9  lost connection to test machine
      10  lost connection to test machine
      11  lost connection to test machine
      11  lost connection to test machine
      11  lost connection to test machine
      12  lost connection to test machine
      12  lost connection to test machine
      12  lost connection to test machine
      12  lost connection to test machine
      12  lost connection to test machine
      13  lost connection to test machine
      13  lost connection to test machine
      13  lost connection to test machine
      14  lost connection to test machine
      14  lost connection to test machine
      14  lost connection to test machine
      14  lost connection to test machine
      14  lost connection to test machine
      15  lost connection to test machine
      15  lost connection to test machine
      15  lost connection to test machine
      15  lost connection to test machine
      16  lost connection to test machine
      16  lost connection to test machine
      16  lost connection to test machine
      16  lost connection to test machine
      17  lost connection to test machine
      17  lost connection to test machine
      17  lost connection to test machine
      17  lost connection to test machine
      18  lost connection to test machine
      18  lost connection to test machine
      18  lost connection to test machine
      18  lost connection to test machine
      19  lost connection to test machine
      19  lost connection to test machine
      19  lost connection to test machine
      19  lost connection to test machine
      19  lost connection to test machine
      20  lost connection to test machine
      20  lost connection to test machine
      20  lost connection to test machine
      21  lost connection to test machine
      21  lost connection to test machine
      21  lost connection to test machine
      21  lost connection to test machine
      21  lost connection to test machine
      22  lost connection to test machine
      22  lost connection to test machine
      22  lost connection to test machine
      23  lost connection to test machine
      23  lost connection to test machine
      23  lost connection to test machine
      23  lost connection to test machine
      23  lost connection to test machine
      24  lost connection to test machine
      24  lost connection to test machine
      24  lost connection to test machine
      25  lost connection to test machine
      25  lost connection to test machine
      25  lost connection to test machine
      25  lost connection to test machine
      25  lost connection to test machine
      25  lost connection to test machine
      26  lost connection to test machine
      26  lost connection to test machine
      26  lost connection to test machine
      27  lost connection to test machine
      27  lost connection to test machine
      27  lost connection to test machine
Attempt 10: (RETRY)
    Time  Bug Name
       3  lost connection to test machine
       3  lost connection to test machine
       3  lost connection to test machine
       3  lost connection to test machine
       3  lost connection to test machine
       3  lost connection to test machine
       3  lost connection to test machine
       3  lost connection to test machine
       4  lost connection to test machine
       4  lost connection to test machine
       4  lost connection to test machine
       5  lost connection to test machine
       5  lost connection to test machine
       5  lost connection to test machine
       5  lost connection to test machine
       5  lost connection to test machine
       6  lost connection to test machine
       6  lost connection to test machine
       7  lost connection to test machine
       7  lost connection to test machine
       7  lost connection to test machine
       7  lost connection to test machine
       7  lost connection to test machine
       7  lost connection to test machine
       8  lost connection to test machine
       8  lost connection to test machine
       9  lost connection to test machine
       9  lost connection to test machine
       9  lost connection to test machine
       9  lost connection to test machine
       9  lost connection to test machine
       9  lost connection to test machine
      10  lost connection to test machine
      10  lost connection to test machine
      10  lost connection to test machine
      10  lost connection to test machine
      11  lost connection to test machine
      11  lost connection to test machine
      11  lost connection to test machine
      11  lost connection to test machine
      12  lost connection to test machine
      12  lost connection to test machine
      12  lost connection to test machine
      12  lost connection to test machine
      13  lost connection to test machine
      13  lost connection to test machine
      13  lost connection to test machine
      14  lost connection to test machine
      14  lost connection to test machine
      14  lost connection to test machine
      14  lost connection to test machine
      15  lost connection to test machine
      15  lost connection to test machine
      15  lost connection to test machine
      15  lost connection to test machine
      16  lost connection to test machine
      16  lost connection to test machine
      16  lost connection to test machine
      16  lost connection to test machine
      17  lost connection to test machine
      17  lost connection to test machine
      17  lost connection to test machine
      17  lost connection to test machine
      18  lost connection to test machine
      18  lost connection to test machine
      18  lost connection to test machine
      18  lost connection to test machine
      18  lost connection to test machine
      19  lost connection to test machine
      19  lost connection to test machine
      19  lost connection to test machine
      20  lost connection to test machine
      20  lost connection to test machine
      20  lost connection to test machine
      20  lost connection to test machine
      20  lost connection to test machine
      21  lost connection to test machine
      21  lost connection to test machine
      21  lost connection to test machine
      22  lost connection to test machine
      22  lost connection to test machine
      22  lost connection to test machine
      22  lost connection to test machine
      22  lost connection to test machine
      23  lost connection to test machine
      23  lost connection to test machine
      23  lost connection to test machine
      24  lost connection to test machine
      24  lost connection to test machine
      24  lost connection to test machine
      24  lost connection to test machine
      24  lost connection to test machine
      25  lost connection to test machine
      25  lost connection to test machine
      25  lost connection to test machine
      26  lost connection to test machine
      26  lost connection to test machine
      26  lost connection to test machine
      26  lost connection to test machine
      26  lost connection to test machine
The bug was not found.
Warning: This session is unstable.

2023-03-21 21:03:10
Session:   3
Template:  2020-01-07 - a0f466387dbca955f3681d7a163a5af174df0a4b
Syzkaller: 2020-01-07 - a0f466387dbca955f3681d7a163a5af174df0a4b
Kernel:    2020-01-06 - ae6088216ce4b99b3a4aaaccd2eb2dd40d473d42
Compiler:  gcc-9.0.0-20181231
Attempt 1:
    Time  Bug Name
***    2  memory leak in tcf_ctinfo_init
The bug was found.

2023-03-21 21:42:57
Session:   4
Template:  2019-12-30 - 7f117e28b86fbcd044980c4d2c8baa07548bf0cb
Syzkaller: 2019-12-30 - 7f117e28b86fbcd044980c4d2c8baa07548bf0cb
Kernel:    2019-12-29 - fd6988496e79a6a4bdb514a4655d2920209eb85d
Compiler:  gcc-9.0.0-20181231
Attempt 1:
    No crashes found.
Attempt 2:
    No crashes found.
Attempt 3:
    No crashes found.
Attempt 4:
    No crashes found.
Attempt 5:
    No crashes found.
The bug was not found.

2023-03-22 00:39:51
Session:   5
Template:  2020-01-03 - 76d86b16e617e761300a6de97f41f36bf091ef65
Syzkaller: 2020-01-03 - 76d86b16e617e761300a6de97f41f36bf091ef65
Kernel:    2020-01-03 - 3a562aee727a7bfbb3a37b1aa934118397dad701
Compiler:  gcc-9.0.0-20181231
Attempt 1:
    No crashes found.
Attempt 2:
    No crashes found.
Attempt 3:
    No crashes found.
Attempt 4:
    No crashes found.
Attempt 5:
    No crashes found.
The bug was not found.

2023-03-22 03:39:19
Session:   6
Template:  2020-01-03 - 76d86b16e617e761300a6de97f41f36bf091ef65
Syzkaller: 2020-01-07 - a0f466387dbca955f3681d7a163a5af174df0a4b
Kernel:    2020-01-06 - ae6088216ce4b99b3a4aaaccd2eb2dd40d473d42
Compiler:  gcc-9.0.0-20181231
Attempt 1:
    No crashes found.
Attempt 2:
    No crashes found.
Attempt 3:
    No crashes found.
Attempt 4:
    No crashes found.
Attempt 5:
    No crashes found.
The bug was not found.

====================================================================================================================================================
Revealing Factor:   Template Update
Version:            2020-01-07 - a0f466387dbca955f3681d7a163a5af174df0a4b
Commit Name:        sys/linux: fix 2 netlink data layout bugs

Bug Name:           memory leak in tcf_ctinfo_init
Bug Link:           https://syzkaller.appspot.com/bug?id=70d491b839984c756992b68c93e666828a4a301c
Arch:               amd64
Finding Date:       2020-01-18
Finding Commit:     2020-01-17 - 25e73aadf297d78cf528841795cd37bad8320642
Guilty Merge:       None
Guilty Commit:      2019-05-29 - 24ec483cec981618f8a4782a36d1e3f319d42cad

Possible Blocking Bugs:
