general protection fault in pse_prepare_data,https://syzkaller.appspot.com/bug?id=39b560f8c5d46a5c107b83c6a1e8ae4051826de0
Repository: linux
Arch: amd64
Finding: 2022-10-10 - 55be6084c8e0e0ada9278c2ab60b7a584378efda
Guilty:  2022-10-03 - 18ff0bcda6d1dd3d53b4ce3f03e61bf1a648f960
No Duplicates
Single Proc Allocation
VMs:8
CPUs:2
Procs:16
Max time:30
Max attempts:3
Testing the finding commit.

2023-05-04 07:16:17
Session:   1
Template:  2022-06-17 - 8f633d840e3eb6454f036e9da3285bcf27345616
Syzkaller: 2022-06-17 - 8f633d840e3eb6454f036e9da3285bcf27345616
Kernel:    2022-10-10 - 55be6084c8e0e0ada9278c2ab60b7a584378efda
Compiler:  gcc-10.2.1-20210110
Attempt 1:
    Time  Bug Name
***    3  general protection fault in pse_prepare_data
       3  SYZFATAL: executor NUM failed NUM times: executor NUM: exit status NUM
Attempt 2:
    Time  Bug Name
***    2  general protection fault in pse_prepare_data
Attempt 3:
    Time  Bug Name
***    3  general protection fault in pse_prepare_data
Attempt 4: (RETRY)
    Time  Bug Name
***    2  general protection fault in pse_prepare_data
The bug was found.

New Max Time: 10.
Merge Commit: 2022-10-04 - 331834898f2b19ddd54e14468dd686f208412ce5.
No template updates to inspect.

==== Kernel Inspection ====
81 Linux commits in [2022-10-04, 2022-10-15].

2023-05-04 09:08:37
Session:   2
Template:  2022-06-17 - 8f633d840e3eb6454f036e9da3285bcf27345616
Syzkaller: 2022-06-17 - 8f633d840e3eb6454f036e9da3285bcf27345616
Kernel:    2022-10-07 - 7c989b1da3946e40bf71be00a0b401015235605a
Compiler:  gcc-10.2.1-20210110
Attempt 1:
    Time  Bug Name
***    2  general protection fault in pse_prepare_data
The bug was found.

2023-05-04 11:12:08
Session:   3
Template:  2022-06-17 - 8f633d840e3eb6454f036e9da3285bcf27345616
Syzkaller: 2022-06-17 - 8f633d840e3eb6454f036e9da3285bcf27345616
Kernel:    2022-10-06 - 7171a8da00035e7913c3013ca5fb5beb5b8b22f0
Compiler:  gcc-10.2.1-20210110
Attempt 1:
    Time  Bug Name
***    3  general protection fault in pse_prepare_data
The bug was found.

2023-05-04 13:13:52
Session:   4
Template:  2022-06-17 - 8f633d840e3eb6454f036e9da3285bcf27345616
Syzkaller: 2022-06-17 - 8f633d840e3eb6454f036e9da3285bcf27345616
Kernel:    2022-10-05 - ebcfaeeceaf1d60de48f0b3c17b057d54ef790e9
Compiler:  gcc-10.2.1-20210110
Attempt 1:
    Time  Bug Name
***    2  general protection fault in pse_prepare_data
The bug was found.

2023-05-04 15:02:06
Session:   5
Template:  2022-06-17 - 8f633d840e3eb6454f036e9da3285bcf27345616
Syzkaller: 2022-06-17 - 8f633d840e3eb6454f036e9da3285bcf27345616
Kernel:    2022-10-05 - b86406d42ae3c41ae0ce332ea24350829b88af51
Compiler:  gcc-10.2.1-20210110
Attempt 1:
    Time  Bug Name
***    2  general protection fault in pse_prepare_data
The bug was found.

2023-05-04 16:34:45
Session:   6
Template:  2022-06-17 - 8f633d840e3eb6454f036e9da3285bcf27345616
Syzkaller: 2022-06-17 - 8f633d840e3eb6454f036e9da3285bcf27345616
Kernel:    2022-10-04 - e52f7c1ddf3e47243c330923ea764e7ccfbe99f7
Compiler:  gcc-10.2.1-20210110
Error: The kernel failed to make.
