BUG: unable to handle kernel paging request in cpuacct_account_field,https://syzkaller.appspot.com/bug?id=8155f45b63050b3a24f5e9091005488492d48461
Repository: linux
Arch: amd64
Finding: 2019-06-19 - abf02e2964b3aaf1d5197c5d7c671e771b0e109e
Guilty:  2018-10-17 - 02c558b2d5d679fbbcaa5b9689484c7e0f8abb7b
Duplicate Names:
    BUG: unable to handle kernel paging request in hrtimer_interrupt
    general protection fault in rcu_core
    general protection fault in mm_update_next_owner
    KASAN: use-after-free Write in validate_chain
    KASAN: use-after-free Read in psi_task_change
    KASAN: slab-out-of-bounds Read in class_equal
    KASAN: slab-out-of-bounds Write in check_noncircular
    WARNING in mark_lock
    KASAN: slab-out-of-bounds Write in validate_chain
    BUG: unable to handle kernel paging request in __do_softirq
    kernel panic: stack is corrupted in validate_chain
    KASAN: slab-out-of-bounds Read in corrupted
    BUG: unable to handle kernel paging request in tls_prots
    kernel panic: corrupted stack end in dput
    BUG: unable to handle kernel paging request in cpuacct_account_field
    BUG: unable to handle kernel NULL pointer dereference in corrupted
    KASAN: use-after-free Read in corrupted
    WARNING in cgroup_rstat_updated
    general protection fault in rb_erase
    KASAN: slab-out-of-bounds Read in usage_accumulate
    memory leak in create_ctx
    kernel panic: corrupted stack end in corrupted
    general protection fault in rb_next
Default Allocation.
VMs:4
CPUs:4
Procs:24
Max time:30
Max attempts:3
Testing the finding commit.

2023-05-13 14:45:58
Session:   1
Template:  2019-06-18 - 34bf9440bd06034f86b5d9ac8afbf078129cbdae
Syzkaller: 2019-06-18 - 34bf9440bd06034f86b5d9ac8afbf078129cbdae
Kernel:    2019-06-19 - abf02e2964b3aaf1d5197c5d7c671e771b0e109e
Compiler:  gcc-9.0.0-20181231
Attempt 1:
    No crashes found.
Attempt 2:
    No crashes found.
Attempt 3:
    No crashes found.
The bug was not found.

Failure: This bug cannot be found at the finding commit.
