INFO: trying to register non-static key in hci_uart_flush,https://syzkaller.appspot.com/bug?id=0e7ae35ec4623634740026de2ab40c4eaead5550
Repository: linux
Arch: amd64
Finding: 2019-09-23 - e94f8ccde4710f9a3e51dd3bc6134c96e33f29b3
Guilty:  2017-12-13 - d73e172816652772114827abaa2dbc053eecbbd7
No Duplicates
Default Allocation.
VMs:4
CPUs:4
Procs:24
Max time:30
Max attempts:3
Testing the finding commit.

2023-04-15 12:35:23
Session:   1
Template:  2019-09-24 - e38a6630eb6b89a4b3c344dc62ecb3b60f078028
Syzkaller: 2019-09-24 - e38a6630eb6b89a4b3c344dc62ecb3b60f078028
Kernel:    2019-09-23 - e94f8ccde4710f9a3e51dd3bc6134c96e33f29b3
Compiler:  gcc-9.0.0-20181231
Attempt 1:
    No crashes found.
Attempt 2:
    No crashes found.
Attempt 3:
    No crashes found.
The bug was not found.

Failure: This bug cannot be found at the finding commit.
