INFO: task hung in tcf_action_init_1,https://syzkaller.appspot.com/bug?id=b295757b7af537dfe7d8a28a0445f065528744aa
Repository: linux
Arch: amd64
Finding: 2020-10-05 - 7575fdda569b2a2e8be32c1a64ecb05d6f96a500
Guilty:  2020-09-24 - 0fedc63fadf0404a729e73a35349481c8009c02f
Duplicate Names:
    INFO: task hung in addrconf_verify_work
    INFO: task hung in tcf_action_init_1
    INFO: task can't die in connmark_exit_net
Single Proc Allocation
VMs:8
CPUs:2
Procs:16
Max time:30
Max attempts:3
Testing the finding commit.

2023-04-13 08:35:55
Session:   1
Template:  2020-10-05 - 1880b4a9f394370a7d1fcb5c1cfca0fa1127b463
Syzkaller: 2020-10-05 - 1880b4a9f394370a7d1fcb5c1cfca0fa1127b463
Kernel:    2020-10-05 - 7575fdda569b2a2e8be32c1a64ecb05d6f96a500
Compiler:  gcc-10.1.0-syz
Attempt 1:
    Time  Bug Name
       6  INFO: task hung in reg_check_chans_work
      14  panic: disabled syscall
Attempt 2:
    Time  Bug Name
       6  INFO: task hung in linkwatch_event
      11  panic: disabled syscall
      12  WARNING: can't access registers at asm_sysvec_apic_timer_interrupt
Attempt 3:
    Time  Bug Name
       6  INFO: task hung in addrconf_dad_work
Attempt 4: (RETRY)
    Time  Bug Name
       6  INFO: task hung in reg_check_chans_work
      15  panic: disabled syscall
Attempt 5: (RETRY)
    Time  Bug Name
       6  INFO: task hung in reg_check_chans_work
      15  panic: disabled syscall
Attempt 6: (RETRY)
    Time  Bug Name
       6  INFO: task hung in reg_check_chans_work
The bug was not found.
Warning: This session is unstable.

Failure: This bug cannot be found at the finding commit.
