INFO: task hung in hci_req_sync,https://syzkaller.appspot.com/bug?id=0bd93ae08a4397ac1836f9e0e12c5e9eeb9d6d99
Repository: linux
Arch: amd64
Finding: 2021-08-06 - c9194f32bfd932e976a158d1af97a63be68a2aab
Guilty:  2005-04-16 - 1da177e4c3f41524e886b7f1b8a0c1fc7321cac2
No Duplicates
Single Proc Allocation
VMs:8
CPUs:2
Procs:16
Max time:30
Max attempts:3
Testing the finding commit.

2023-04-05 15:51:26
Session:   1
Template:  2021-08-06 - 6972b10616d785401dea17cec890cca8916424a7
Syzkaller: 2021-08-06 - 6972b10616d785401dea17cec890cca8916424a7
Kernel:    2021-08-06 - c9194f32bfd932e976a158d1af97a63be68a2aab
Compiler:  gcc-10.2.1-20210110
Attempt 1:
    Time  Bug Name
***   25  INFO: task hung in hci_req_sync
Attempt 2:
    Time  Bug Name
      10  suppressed report
      18  suppressed report
      29  suppressed report
Attempt 3:
    Time  Bug Name
      18  suppressed report
      23  suppressed report
      24  suppressed report
Attempt 4: (RETRY)
    Time  Bug Name
      12  suppressed report
      14  suppressed report
      17  suppressed report
      18  suppressed report
      19  suppressed report
      22  general protection fault in hrtimer_active
      22  suppressed report
      23  suppressed report
***   25  INFO: task hung in hci_req_sync
Attempt 5: (RETRY)
    Time  Bug Name
      10  suppressed report
      16  suppressed report
      23  suppressed report
Attempt 6: (RETRY)
    Time  Bug Name
***    7  INFO: task hung in hci_req_sync
The bug was found.

New Max Time: 32.
No Merge Commit.

==== Template Retrospection ====
47 template changes in [2017-07-22, 2021-08-08].

2023-04-05 21:20:00
Session:   2
Template:  2020-01-03 - 76d86b16e617e761300a6de97f41f36bf091ef65
Syzkaller: 2020-01-03 - 76d86b16e617e761300a6de97f41f36bf091ef65
Kernel:    2020-01-03 - 3a562aee727a7bfbb3a37b1aa934118397dad701
Compiler:  gcc-9.0.0-20181231
Attempt 1:
    Time  Bug Name
       8  general protection fault in corrupted
      17  general protection fault in corrupted
      19  general protection fault in corrupted
      24  general protection fault in corrupted
Attempt 2:
    Time  Bug Name
      14  general protection fault in corrupted
      14  general protection fault in corrupted
      14  general protection fault in corrupted
      18  general protection fault in corrupted
Attempt 3:
    Time  Bug Name
      13  general protection fault in corrupted
      13  general protection fault in corrupted
      20  general protection fault in corrupted
The bug was not found.

2023-04-05 23:44:51
Session:   3
Template:  2020-02-18 - b97f1e694a1c096eac2f48c6e3ca47e8a3c4693c
Syzkaller: 2020-02-18 - b97f1e694a1c096eac2f48c6e3ca47e8a3c4693c
Kernel:    2020-02-18 - 0a44cac8105059eb756ed4276e932e54e1ba004d
Compiler:  gcc-9.0.0-20181231
Attempt 1:
    Time  Bug Name
      21  general protection fault in corrupted
Attempt 2:
    Time  Bug Name
      29  BUG: MAX_LOCKDEP_CHAIN_HLOCKS too low!
Attempt 3:
    Time  Bug Name
       2  general protection fault in corrupted
      25  BUG: MAX_LOCKDEP_CHAIN_HLOCKS too low!
      27  BUG: MAX_LOCKDEP_CHAIN_HLOCKS too low!
      29  BUG: MAX_LOCKDEP_CHAIN_HLOCKS too low!
The bug was not found.

2023-04-06 02:31:14
Session:   4
Template:  2020-04-19 - 91db3ed8ce2dc73444bcd649f8003cbe96fcb227
Syzkaller: 2020-04-19 - 91db3ed8ce2dc73444bcd649f8003cbe96fcb227
Kernel:    2020-04-19 - ae83d0b416db002fe95601e7f97f64b59514d936
Compiler:  gcc-9.0.0-20181231
Attempt 1:
    Time  Bug Name
       5  general protection fault in corrupted
       7  general protection fault in corrupted
       8  general protection fault in corrupted
      12  general protection fault in corrupted
      13  general protection fault in corrupted
      25  general protection fault in corrupted
Attempt 2:
    Time  Bug Name
      26  no output from test machine
Attempt 3:
    Time  Bug Name
      10  general protection fault in corrupted
      19  general protection fault in corrupted
      21  general protection fault in corrupted
The bug was not found.

2023-04-06 04:54:48
Session:   5
Template:  2021-03-02 - e1b9a5704d15b1f26f7cae9142c34544768175b2
Syzkaller: 2021-03-02 - e1b9a5704d15b1f26f7cae9142c34544768175b2
Kernel:    2021-03-01 - 7a7fd0de4a9804299793e564a555a49c1fc924cb
Compiler:  gcc-10.2.1-20210110
Warning: Syzkaller log file exceeded 5000 lines.
Saved at /mnt/sda/author/SyzInspector/wd-inspector-2/log/bug376-boot_failure.log.
Attempt 1:
    Time  Bug Name
       2  boot failure
Warning: Syzkaller log file exceeded 5000 lines.
Saved at /mnt/sda/author/SyzInspector/wd-inspector-2/log/bug376-boot_failure.log.
Attempt 2:
    Time  Bug Name
       3  boot failure
Warning: Syzkaller log file exceeded 5000 lines.
Saved at /mnt/sda/author/SyzInspector/wd-inspector-2/log/bug376-boot_failure.log.
Attempt 3:
    Time  Bug Name
       3  boot failure
Warning: Syzkaller log file exceeded 5000 lines.
Saved at /mnt/sda/author/SyzInspector/wd-inspector-2/log/bug376-boot_failure.log.
Attempt 4: (RETRY)
    Time  Bug Name
       2  boot failure
Warning: Syzkaller log file exceeded 5000 lines.
Saved at /mnt/sda/author/SyzInspector/wd-inspector-2/log/bug376-boot_failure.log.
Attempt 5: (RETRY)
    Time  Bug Name
       3  boot failure
Warning: Syzkaller log file exceeded 5000 lines.
Saved at /mnt/sda/author/SyzInspector/wd-inspector-2/log/bug376-boot_failure.log.
Attempt 6: (RETRY)
    Time  Bug Name
       3  boot failure
The bug was not found.
Warning: This session is unstable.

2023-04-06 06:01:46
Session:   6
Template:  2021-04-22 - 33c28d0389a6b0dd17a5de7c093a011cdadb33b1
Syzkaller: 2021-04-22 - 33c28d0389a6b0dd17a5de7c093a011cdadb33b1
Kernel:    2021-04-22 - 18a3c5f7abfdf97f88536d35338ebbee119c355c
Compiler:  gcc-10.2.1-20210110
Attempt 1:
    Time  Bug Name
       7  unregister_netdevice: waiting for DEV to become free
       7  unregister_netdevice: waiting for DEV to become free
      12  unregister_netdevice: waiting for DEV to become free
      13  unregister_netdevice: waiting for DEV to become free
      13  unregister_netdevice: waiting for DEV to become free
      13  unregister_netdevice: waiting for DEV to become free
      14  suppressed report
      17  suppressed report
***   18  INFO: task hung in hci_req_sync
The bug was found.

2023-04-06 07:27:26
Session:   7
Template:  2021-04-13 - 8ba8079b119fc956671eed6c7e8cb6efd355ae61
Syzkaller: 2021-04-13 - 8ba8079b119fc956671eed6c7e8cb6efd355ae61
Kernel:    2021-04-13 - eebe426d32e1a10ac7c35f8ffab5f818c32a2454
Compiler:  gcc-10.2.1-20210110
Attempt 1:
    Time  Bug Name
       7  unregister_netdevice: waiting for DEV to become free
      10  unregister_netdevice: waiting for DEV to become free
      10  panic: disabled syscall
      12  unregister_netdevice: waiting for DEV to become free
      14  suppressed report
      15  unregister_netdevice: waiting for DEV to become free
***   16  INFO: task hung in hci_req_sync
      16  suppressed report
The bug was found.

2023-04-06 08:56:14
Session:   8
Template:  2021-03-02 - e1b9a5704d15b1f26f7cae9142c34544768175b2
Syzkaller: 2021-04-13 - 8ba8079b119fc956671eed6c7e8cb6efd355ae61
Kernel:    2021-04-13 - eebe426d32e1a10ac7c35f8ffab5f818c32a2454
Attempt 1:
    Time  Bug Name
       6  unregister_netdevice: waiting for DEV to become free
       6  unregister_netdevice: waiting for DEV to become free
      13  suppressed report
      14  unregister_netdevice: waiting for DEV to become free
      17  suppressed report
      19  unregister_netdevice: waiting for DEV to become free
      21  unregister_netdevice: waiting for DEV to become free
      21  unregister_netdevice: waiting for DEV to become free
      22  suppressed report
      26  suppressed report
      30  unregister_netdevice: waiting for DEV to become free
Attempt 2:
    Time  Bug Name
      11  suppressed report
      14  suppressed report
      19  unregister_netdevice: waiting for DEV to become free
      19  unregister_netdevice: waiting for DEV to become free
      21  unregister_netdevice: waiting for DEV to become free
Attempt 3:
    Time  Bug Name
       4  unregister_netdevice: waiting for DEV to become free
      12  suppressed report
      13  unregister_netdevice: waiting for DEV to become free
      14  suppressed report
      15  unregister_netdevice: waiting for DEV to become free
      17  unregister_netdevice: waiting for DEV to become free
***   20  INFO: task hung in hci_req_sync
The bug was found.

==== Kernel Retrospection ====
209 Linux commits in [2021-03-01, 2021-04-13].

2023-04-06 10:24:39
Session:   9
Template:  2021-03-21 - bea32f747c3e7858820d1cafae94363136494809
Syzkaller: 2021-03-21 - bea32f747c3e7858820d1cafae94363136494809
Kernel:    2021-03-21 - d7f5f1bd3c240c4d527c0871a38dc3d61255ea9e
Compiler:  gcc-10.2.1-20210110
Attempt 1:
    Time  Bug Name
      13  suppressed report
      16  suppressed report
      18  suppressed report
      21  unregister_netdevice: waiting for DEV to become free
      24  unregister_netdevice: waiting for DEV to become free
      28  unregister_netdevice: waiting for DEV to become free
      29  unregister_netdevice: waiting for DEV to become free
Attempt 2:
    Time  Bug Name
       9  unregister_netdevice: waiting for DEV to become free
      10  panic: disabled syscall
      10  panic: disabled syscall
      11  suppressed report
      12  unregister_netdevice: waiting for DEV to become free
      16  unregister_netdevice: waiting for DEV to become free
      16  suppressed report
      30  suppressed report
Attempt 3:
    Time  Bug Name
       4  unregister_netdevice: waiting for DEV to become free
      22  suppressed report
***   29  INFO: task hung in hci_req_sync
      29  unregister_netdevice: waiting for DEV to become free
The bug was found.
Switching to Safe Mode: Fuzzing 5 times at 32 minutes

2023-04-06 12:55:37
Session:   10
Template:  2021-03-13 - 4a003785c5484e99127a20e069a5edddcb8c24d5
Syzkaller: 2021-03-13 - 4a003785c5484e99127a20e069a5edddcb8c24d5
Kernel:    2021-03-13 - e83bad7f77a4348277c3ebe9bea4a5b0cd6dfcb5
Compiler:  gcc-10.2.1-20210110
Warning: Syzkaller log file exceeded 5000 lines.
Saved at /mnt/sda/author/SyzInspector/wd-inspector-2/log/bug376-boot_failure.log.
Attempt 1:
    Time  Bug Name
       3  boot failure
Warning: Syzkaller log file exceeded 5000 lines.
Saved at /mnt/sda/author/SyzInspector/wd-inspector-2/log/bug376-boot_failure.log.
Attempt 2:
    Time  Bug Name
       3  boot failure
Warning: Syzkaller log file exceeded 5000 lines.
Saved at /mnt/sda/author/SyzInspector/wd-inspector-2/log/bug376-boot_failure.log.
Attempt 3:
    Time  Bug Name
       4  WARNING in kvm_wait
       4  boot failure
Warning: Syzkaller log file exceeded 5000 lines.
Saved at /mnt/sda/author/SyzInspector/wd-inspector-2/log/bug376-boot_failure.log.
Attempt 4:
    Time  Bug Name
       3  WARNING in kvm_wait
       3  boot failure
Warning: Syzkaller log file exceeded 5000 lines.
Saved at /mnt/sda/author/SyzInspector/wd-inspector-2/log/bug376-boot_failure.log.
Attempt 5:
    Time  Bug Name
       4  boot failure
Warning: Syzkaller log file exceeded 5000 lines.
Saved at /mnt/sda/author/SyzInspector/wd-inspector-2/log/bug376-boot_failure.log.
Attempt 6: (RETRY)
    Time  Bug Name
       4  WARNING in kvm_wait
       4  WARNING in kvm_wait
       4  boot failure
Warning: Syzkaller log file exceeded 5000 lines.
Saved at /mnt/sda/author/SyzInspector/wd-inspector-2/log/bug376-boot_failure.log.
Attempt 7: (RETRY)
    Time  Bug Name
       3  WARNING in kvm_wait
       3  boot failure
Warning: Syzkaller log file exceeded 5000 lines.
Saved at /mnt/sda/author/SyzInspector/wd-inspector-2/log/bug376-boot_failure.log.
Attempt 8: (RETRY)
    Time  Bug Name
       3  boot failure
Warning: Syzkaller log file exceeded 5000 lines.
Saved at /mnt/sda/author/SyzInspector/wd-inspector-2/log/bug376-boot_failure.log.
Attempt 9: (RETRY)
    Time  Bug Name
       4  WARNING in kvm_wait
       4  WARNING in kvm_wait
       5  WARNING in kvm_wait
       5  WARNING in kvm_wait
       6  WARNING in kvm_wait
       6  WARNING in kvm_wait
       6  WARNING in kvm_wait
       7  WARNING in kvm_wait
       8  WARNING in kvm_wait
       8  boot failure
Warning: Syzkaller log file exceeded 5000 lines.
Saved at /mnt/sda/author/SyzInspector/wd-inspector-2/log/bug376-boot_failure.log.
Attempt 10: (RETRY)
    Time  Bug Name
       4  WARNING in kvm_wait
       5  boot failure
The bug was not found.
Warning: This session is unstable.

2023-04-06 14:40:26
Session:   11
Template:  2021-03-11 - 429d8a6becba0a60e99331e293e6117597e9e530
Syzkaller: 2021-03-11 - 429d8a6becba0a60e99331e293e6117597e9e530
Kernel:    2021-03-12 - 17f8fc198a6fc64cee2b1e126398d0c41823f5a3
Compiler:  gcc-10.2.1-20210110
Warning: Syzkaller log file exceeded 5000 lines.
Saved at /mnt/sda/author/SyzInspector/wd-inspector-2/log/bug376-boot_failure.log.
Attempt 1:
    Time  Bug Name
       2  boot failure
Warning: Syzkaller log file exceeded 5000 lines.
Saved at /mnt/sda/author/SyzInspector/wd-inspector-2/log/bug376-boot_failure.log.
Attempt 2:
    Time  Bug Name
       3  boot failure
Warning: Syzkaller log file exceeded 5000 lines.
Saved at /mnt/sda/author/SyzInspector/wd-inspector-2/log/bug376-boot_failure.log.
Attempt 3:
    Time  Bug Name
       3  WARNING in kvm_wait
       3  boot failure
Warning: Syzkaller log file exceeded 5000 lines.
Saved at /mnt/sda/author/SyzInspector/wd-inspector-2/log/bug376-boot_failure.log.
Attempt 4:
    Time  Bug Name
       3  WARNING in kvm_wait
       3  boot failure
Warning: Syzkaller log file exceeded 5000 lines.
Saved at /mnt/sda/author/SyzInspector/wd-inspector-2/log/bug376-boot_failure.log.
Attempt 5:
    Time  Bug Name
       4  WARNING in kvm_wait
       4  WARNING in kvm_wait
       4  boot failure
Warning: Syzkaller log file exceeded 5000 lines.
Saved at /mnt/sda/author/SyzInspector/wd-inspector-2/log/bug376-boot_failure.log.
Attempt 6: (RETRY)
    Time  Bug Name
       3  WARNING in kvm_wait
       3  boot failure
Warning: Syzkaller log file exceeded 5000 lines.
Saved at /mnt/sda/author/SyzInspector/wd-inspector-2/log/bug376-boot_failure.log.
Attempt 7: (RETRY)
    Time  Bug Name
       2  boot failure
Warning: Syzkaller log file exceeded 5000 lines.
Saved at /mnt/sda/author/SyzInspector/wd-inspector-2/log/bug376-boot_failure.log.
Attempt 8: (RETRY)
    Time  Bug Name
       3  WARNING in kvm_wait
       3  WARNING in kvm_wait
       3  boot failure
Warning: Syzkaller log file exceeded 5000 lines.
Saved at /mnt/sda/author/SyzInspector/wd-inspector-2/log/bug376-boot_failure.log.
Attempt 9: (RETRY)
    Time  Bug Name
       2  boot failure
Warning: Syzkaller log file exceeded 5000 lines.
Saved at /mnt/sda/author/SyzInspector/wd-inspector-2/log/bug376-boot_failure.log.
Attempt 10: (RETRY)
    Time  Bug Name
       4  WARNING in kvm_wait
       4  WARNING in kvm_wait
       5  WARNING in kvm_wait
       6  WARNING in kvm_wait
       6  boot failure
The bug was not found.
Warning: This session is unstable.

2023-04-06 16:14:24
Session:   12
Template:  2021-03-07 - 09fbf400324c9aea14031e516d36e905b629b639
Syzkaller: 2021-03-07 - 09fbf400324c9aea14031e516d36e905b629b639
Kernel:    2021-03-07 - 144c79ef33536b4ecb4951e07dbc1f2b7fa99d32
Compiler:  gcc-10.2.1-20210110
Warning: Syzkaller log file exceeded 5000 lines.
Saved at /mnt/sda/author/SyzInspector/wd-inspector-2/log/bug376-boot_failure.log.
Attempt 1:
    Time  Bug Name
       2  WARNING in kvm_wait
       3  WARNING in kvm_wait
       4  boot failure
Warning: Syzkaller log file exceeded 5000 lines.
Saved at /mnt/sda/author/SyzInspector/wd-inspector-2/log/bug376-boot_failure.log.
Attempt 2:
    Time  Bug Name
       2  WARNING in kvm_wait
       3  WARNING in kvm_wait
       3  WARNING in kvm_wait
       4  WARNING in kvm_wait
       4  WARNING in kvm_wait
       4  boot failure
Warning: Syzkaller log file exceeded 5000 lines.
Saved at /mnt/sda/author/SyzInspector/wd-inspector-2/log/bug376-boot_failure.log.
Attempt 3:
    Time  Bug Name
       5  WARNING in kvm_wait
       5  boot failure
Warning: Syzkaller log file exceeded 5000 lines.
Saved at /mnt/sda/author/SyzInspector/wd-inspector-2/log/bug376-boot_failure.log.
Attempt 4:
    Time  Bug Name
       2  boot failure
Warning: Syzkaller log file exceeded 5000 lines.
Saved at /mnt/sda/author/SyzInspector/wd-inspector-2/log/bug376-boot_failure.log.
Attempt 5:
    Time  Bug Name
       2  boot failure
Warning: Syzkaller log file exceeded 5000 lines.
Saved at /mnt/sda/author/SyzInspector/wd-inspector-2/log/bug376-boot_failure.log.
Attempt 6: (RETRY)
    Time  Bug Name
       3  boot failure
Warning: Syzkaller log file exceeded 5000 lines.
Saved at /mnt/sda/author/SyzInspector/wd-inspector-2/log/bug376-boot_failure.log.
Attempt 7: (RETRY)
    Time  Bug Name
       3  WARNING in kvm_wait
       3  WARNING in kvm_wait
       3  WARNING in kvm_wait
       4  WARNING in kvm_wait
       5  WARNING in kvm_wait
       5  boot failure
Warning: Syzkaller log file exceeded 5000 lines.
Saved at /mnt/sda/author/SyzInspector/wd-inspector-2/log/bug376-boot_failure.log.
Attempt 8: (RETRY)
    Time  Bug Name
       2  WARNING in kvm_wait
       2  WARNING in kvm_wait
       4  unregister_netdevice: waiting for DEV to become free
       4  WARNING in kvm_wait
       4  boot failure
Warning: Syzkaller log file exceeded 5000 lines.
Saved at /mnt/sda/author/SyzInspector/wd-inspector-2/log/bug376-boot_failure.log.
Attempt 9: (RETRY)
    Time  Bug Name
       3  WARNING in kvm_wait
       3  boot failure
Warning: Syzkaller log file exceeded 5000 lines.
Saved at /mnt/sda/author/SyzInspector/wd-inspector-2/log/bug376-boot_failure.log.
Attempt 10: (RETRY)
    Time  Bug Name
       2  boot failure
The bug was not found.
Warning: This session is unstable.

2023-04-06 17:40:39
Session:   13
Template:  2021-03-05 - e4b4d570a88c0d2e0420c6e21fc20d90564636b1
Syzkaller: 2021-03-05 - e4b4d570a88c0d2e0420c6e21fc20d90564636b1
Kernel:    2021-03-05 - fc2c8d0af05af4c380824e40ff99ede398913ae5
Compiler:  gcc-10.2.1-20210110
Warning: Syzkaller log file exceeded 5000 lines.
Saved at /mnt/sda/author/SyzInspector/wd-inspector-2/log/bug376-boot_failure.log.
Attempt 1:
    Time  Bug Name
       3  WARNING in kvm_wait
       3  WARNING in kvm_wait
       4  WARNING in kvm_wait
       4  boot failure
Warning: Syzkaller log file exceeded 5000 lines.
Saved at /mnt/sda/author/SyzInspector/wd-inspector-2/log/bug376-boot_failure.log.
Attempt 2:
    Time  Bug Name
       2  boot failure
Warning: Syzkaller log file exceeded 5000 lines.
Saved at /mnt/sda/author/SyzInspector/wd-inspector-2/log/bug376-boot_failure.log.
Attempt 3:
    Time  Bug Name
       2  boot failure
Warning: Syzkaller log file exceeded 5000 lines.
Saved at /mnt/sda/author/SyzInspector/wd-inspector-2/log/bug376-boot_failure.log.
Attempt 4:
    Time  Bug Name
       2  boot failure
Warning: Syzkaller log file exceeded 5000 lines.
Saved at /mnt/sda/author/SyzInspector/wd-inspector-2/log/bug376-boot_failure.log.
Attempt 5:
    Time  Bug Name
       2  boot failure
Warning: Syzkaller log file exceeded 5000 lines.
Saved at /mnt/sda/author/SyzInspector/wd-inspector-2/log/bug376-boot_failure.log.
Attempt 6: (RETRY)
    Time  Bug Name
       3  boot failure
Warning: Syzkaller log file exceeded 5000 lines.
Saved at /mnt/sda/author/SyzInspector/wd-inspector-2/log/bug376-boot_failure.log.
Attempt 7: (RETRY)
    Time  Bug Name
       2  boot failure
Warning: Syzkaller log file exceeded 5000 lines.
Saved at /mnt/sda/author/SyzInspector/wd-inspector-2/log/bug376-boot_failure.log.
Attempt 8: (RETRY)
    Time  Bug Name
       2  boot failure
Warning: Syzkaller log file exceeded 5000 lines.
Saved at /mnt/sda/author/SyzInspector/wd-inspector-2/log/bug376-boot_failure.log.
Attempt 9: (RETRY)
    Time  Bug Name
       3  boot failure
Warning: Syzkaller log file exceeded 5000 lines.
Saved at /mnt/sda/author/SyzInspector/wd-inspector-2/log/bug376-boot_failure.log.
Attempt 10: (RETRY)
    Time  Bug Name
       3  boot failure
The bug was not found.
Warning: This session is unstable.

2023-04-06 18:45:25
Session:   14
Template:  2021-03-14 - cc1cff8f1e1a585894796d6eae8c51eef98037e6
Syzkaller: 2021-03-14 - cc1cff8f1e1a585894796d6eae8c51eef98037e6
Kernel:    2021-03-14 - 19469d2adab9a94e3c1713b7a12a67f9c59c1161
Compiler:  gcc-10.2.1-20210110
Warning: Syzkaller log file exceeded 5000 lines.
Saved at /mnt/sda/author/SyzInspector/wd-inspector-2/log/bug376-boot_failure.log.
Attempt 1:
    Time  Bug Name
       3  boot failure
Warning: Syzkaller log file exceeded 5000 lines.
Saved at /mnt/sda/author/SyzInspector/wd-inspector-2/log/bug376-boot_failure.log.
Attempt 2:
    Time  Bug Name
       3  boot failure
Warning: Syzkaller log file exceeded 5000 lines.
Saved at /mnt/sda/author/SyzInspector/wd-inspector-2/log/bug376-boot_failure.log.
Attempt 3:
    Time  Bug Name
       3  WARNING in kvm_wait
       3  boot failure
Warning: Syzkaller log file exceeded 5000 lines.
Saved at /mnt/sda/author/SyzInspector/wd-inspector-2/log/bug376-boot_failure.log.
Attempt 4:
    Time  Bug Name
       3  boot failure
Warning: Syzkaller log file exceeded 5000 lines.
Saved at /mnt/sda/author/SyzInspector/wd-inspector-2/log/bug376-boot_failure.log.
Attempt 5:
    Time  Bug Name
       3  boot failure
Warning: Syzkaller log file exceeded 5000 lines.
Saved at /mnt/sda/author/SyzInspector/wd-inspector-2/log/bug376-boot_failure.log.
Attempt 6: (RETRY)
    Time  Bug Name
       3  boot failure
Warning: Syzkaller log file exceeded 5000 lines.
Saved at /mnt/sda/author/SyzInspector/wd-inspector-2/log/bug376-boot_failure.log.
Attempt 7: (RETRY)
    Time  Bug Name
       2  boot failure
Warning: Syzkaller log file exceeded 5000 lines.
Saved at /mnt/sda/author/SyzInspector/wd-inspector-2/log/bug376-boot_failure.log.
Attempt 8: (RETRY)
    Time  Bug Name
       2  boot failure
Warning: Syzkaller log file exceeded 5000 lines.
Saved at /mnt/sda/author/SyzInspector/wd-inspector-2/log/bug376-boot_failure.log.
Attempt 9: (RETRY)
    Time  Bug Name
       3  boot failure
Warning: Syzkaller log file exceeded 5000 lines.
Saved at /mnt/sda/author/SyzInspector/wd-inspector-2/log/bug376-boot_failure.log.
Attempt 10: (RETRY)
    Time  Bug Name
       2  boot failure
The bug was not found.
Warning: This session is unstable.

2023-04-06 19:47:20
Session:   15
Template:  2021-03-18 - 380dcc3e77597144cbaa24d86cc1cc0cc4e90cf1
Syzkaller: 2021-03-18 - 380dcc3e77597144cbaa24d86cc1cc0cc4e90cf1
Kernel:    2021-03-18 - bf152b0b41dc141c8d32eb6e974408f5804f4d00
Compiler:  gcc-10.2.1-20210110
Warning: Syzkaller log file exceeded 5000 lines.
Saved at /mnt/sda/author/SyzInspector/wd-inspector-2/log/bug376-boot_failure.log.
Attempt 1:
    Time  Bug Name
       4  WARNING in kvm_wait
      10  WARNING in kvm_wait
      14  boot failure
Warning: Syzkaller log file exceeded 5000 lines.
Saved at /mnt/sda/author/SyzInspector/wd-inspector-2/log/bug376-boot_failure.log.
Attempt 2:
    Time  Bug Name
      12  boot failure
Warning: Syzkaller log file exceeded 5000 lines.
Saved at /mnt/sda/author/SyzInspector/wd-inspector-2/log/bug376-boot_failure.log.
Attempt 3:
    Time  Bug Name
       2  WARNING in kvm_wait
      12  boot failure
Warning: Syzkaller log file exceeded 5000 lines.
Saved at /mnt/sda/author/SyzInspector/wd-inspector-2/log/bug376-boot_failure.log.
Attempt 4:
    Time  Bug Name
       4  WARNING in kvm_wait
      13  WARNING in kvm_wait
      14  boot failure
Warning: Syzkaller log file exceeded 5000 lines.
Saved at /mnt/sda/author/SyzInspector/wd-inspector-2/log/bug376-boot_failure.log.
Attempt 5:
    Time  Bug Name
       5  WARNING in kvm_wait
       8  WARNING in kvm_wait
      12  boot failure
Warning: Syzkaller log file exceeded 5000 lines.
Saved at /mnt/sda/author/SyzInspector/wd-inspector-2/log/bug376-boot_failure.log.
Attempt 6: (RETRY)
    Time  Bug Name
      14  WARNING in kvm_wait
      15  WARNING in kvm_wait
      17  WARNING in kvm_wait
      19  WARNING in kvm_wait
      21  boot failure
Warning: Syzkaller log file exceeded 5000 lines.
Saved at /mnt/sda/author/SyzInspector/wd-inspector-2/log/bug376-boot_failure.log.
Attempt 7: (RETRY)
    Time  Bug Name
       5  WARNING in kvm_wait
      12  boot failure
Warning: Syzkaller log file exceeded 5000 lines.
Saved at /mnt/sda/author/SyzInspector/wd-inspector-2/log/bug376-boot_failure.log.
Attempt 8: (RETRY)
    Time  Bug Name
       4  WARNING in kvm_wait
      13  WARNING in kvm_wait
      14  WARNING in kvm_wait
      14  WARNING in kvm_wait
      22  boot failure
Warning: Syzkaller log file exceeded 5000 lines.
Saved at /mnt/sda/author/SyzInspector/wd-inspector-2/log/bug376-boot_failure.log.
Attempt 9: (RETRY)
    Time  Bug Name
       2  WARNING in kvm_wait
       5  WARNING in kvm_wait
      14  WARNING in kvm_wait
      14  WARNING in kvm_wait
      17  WARNING in kvm_wait
      18  WARNING in kvm_wait
      21  boot failure
Warning: Syzkaller log file exceeded 5000 lines.
Saved at /mnt/sda/author/SyzInspector/wd-inspector-2/log/bug376-boot_failure.log.
Attempt 10: (RETRY)
    Time  Bug Name
      12  WARNING in kvm_wait
      12  boot failure
The bug was not found.
Warning: This session is unstable.

2023-04-07 00:00:18
Session:   16
Template:  2021-03-20 - 17810eaefa3a6802fa401bda89898b763680d1e4
Syzkaller: 2021-03-20 - 17810eaefa3a6802fa401bda89898b763680d1e4
Kernel:    2021-03-20 - d626c692aaeb2ff839bfe463f096660c39a6d1eb
Compiler:  gcc-10.2.1-20210110
Attempt 1:
    Time  Bug Name
       9  unregister_netdevice: waiting for DEV to become free
      10  panic: disabled syscall
      11  suppressed report
      12  suppressed report
      18  unregister_netdevice: waiting for DEV to become free
      19  suppressed report
      21  unregister_netdevice: waiting for DEV to become free
      22  unregister_netdevice: waiting for DEV to become free
      23  suppressed report
      25  unregister_netdevice: waiting for DEV to become free
      29  unregister_netdevice: waiting for DEV to become free
      32  unregister_netdevice: waiting for DEV to become free
Attempt 2:
    Time  Bug Name
       7  unregister_netdevice: waiting for DEV to become free
      13  suppressed report
      15  suppressed report
      21  unregister_netdevice: waiting for DEV to become free
      26  unregister_netdevice: waiting for DEV to become free
      26  suppressed report
      30  suppressed report
      31  suppressed report
      32  unregister_netdevice: waiting for DEV to become free
Attempt 3:
    Time  Bug Name
       5  unregister_netdevice: waiting for DEV to become free
       9  suppressed report
***   10  INFO: task hung in hci_req_sync
The bug was found.

2023-04-07 01:50:13
Session:   17
Template:  2021-03-11 - 429d8a6becba0a60e99331e293e6117597e9e530
Syzkaller: 2021-03-11 - 429d8a6becba0a60e99331e293e6117597e9e530
Kernel:    2021-03-12 - 3077f0279effe1422410dafdf3c14d5756f1239a
Compiler:  gcc-10.2.1-20210110
Warning: Syzkaller log file exceeded 5000 lines.
Saved at /mnt/sda/author/SyzInspector/wd-inspector-2/log/bug376-boot_failure.log.
Attempt 1:
    Time  Bug Name
       2  WARNING in kvm_wait
       3  WARNING in kvm_wait
       3  boot failure
Warning: Syzkaller log file exceeded 5000 lines.
Saved at /mnt/sda/author/SyzInspector/wd-inspector-2/log/bug376-boot_failure.log.
Attempt 2:
    Time  Bug Name
       2  WARNING in kvm_wait
       3  WARNING in kvm_wait
       3  WARNING in kvm_wait
       4  WARNING in kvm_wait
       4  WARNING in kvm_wait
       5  WARNING in kvm_wait
       5  WARNING in kvm_wait
       5  WARNING in kvm_wait
       5  boot failure
Warning: Syzkaller log file exceeded 5000 lines.
Saved at /mnt/sda/author/SyzInspector/wd-inspector-2/log/bug376-boot_failure.log.
Attempt 3:
    Time  Bug Name
       2  boot failure
Warning: Syzkaller log file exceeded 5000 lines.
Saved at /mnt/sda/author/SyzInspector/wd-inspector-2/log/bug376-boot_failure.log.
Attempt 4:
    Time  Bug Name
       3  WARNING in kvm_wait
       3  WARNING in kvm_wait
       4  WARNING in kvm_wait
       4  WARNING in kvm_wait
       4  boot failure
Warning: Syzkaller log file exceeded 5000 lines.
Saved at /mnt/sda/author/SyzInspector/wd-inspector-2/log/bug376-boot_failure.log.
Attempt 5:
    Time  Bug Name
       2  boot failure
Warning: Syzkaller log file exceeded 5000 lines.
Saved at /mnt/sda/author/SyzInspector/wd-inspector-2/log/bug376-boot_failure.log.
Attempt 6: (RETRY)
    Time  Bug Name
       3  WARNING in kvm_wait
       4  boot failure
Warning: Syzkaller log file exceeded 5000 lines.
Saved at /mnt/sda/author/SyzInspector/wd-inspector-2/log/bug376-boot_failure.log.
Attempt 7: (RETRY)
    Time  Bug Name
       4  WARNING in kvm_wait
       4  WARNING in kvm_wait
       4  WARNING in kvm_wait
       4  WARNING in kvm_wait
       5  WARNING in kvm_wait
       5  WARNING in kvm_wait
       5  boot failure
Warning: Syzkaller log file exceeded 5000 lines.
Saved at /mnt/sda/author/SyzInspector/wd-inspector-2/log/bug376-boot_failure.log.
Attempt 8: (RETRY)
    Time  Bug Name
       3  WARNING in kvm_wait
       4  WARNING in kvm_wait
       4  WARNING in kvm_wait
       4  WARNING in kvm_wait
       4  WARNING in kvm_wait
       4  boot failure
Warning: Syzkaller log file exceeded 5000 lines.
Saved at /mnt/sda/author/SyzInspector/wd-inspector-2/log/bug376-boot_failure.log.
Attempt 9: (RETRY)
    Time  Bug Name
       3  boot failure
Warning: Syzkaller log file exceeded 5000 lines.
Saved at /mnt/sda/author/SyzInspector/wd-inspector-2/log/bug376-boot_failure.log.
Attempt 10: (RETRY)
    Time  Bug Name
       3  WARNING in kvm_wait
       3  boot failure
The bug was not found.
Warning: This session is unstable.

2023-04-07 03:03:25
Session:   18
Template:  2021-03-10 - c2ca1f2a94f7bc6f676d2e6a3313aa0817be2869
Syzkaller: 2021-03-10 - c2ca1f2a94f7bc6f676d2e6a3313aa0817be2869
Kernel:    2021-03-10 - 9b1ea29bc0d7b94d420f96a0f4121403efc3dd85
Compiler:  gcc-10.2.1-20210110
Warning: Syzkaller log file exceeded 5000 lines.
Saved at /mnt/sda/author/SyzInspector/wd-inspector-2/log/bug376-boot_failure.log.
Attempt 1:
    Time  Bug Name
       3  WARNING in kvm_wait
       3  boot failure
Warning: Syzkaller log file exceeded 5000 lines.
Saved at /mnt/sda/author/SyzInspector/wd-inspector-2/log/bug376-boot_failure.log.
Attempt 2:
    Time  Bug Name
       3  WARNING in kvm_wait
       3  boot failure
Warning: Syzkaller log file exceeded 5000 lines.
Saved at /mnt/sda/author/SyzInspector/wd-inspector-2/log/bug376-boot_failure.log.
Attempt 3:
    Time  Bug Name
       3  boot failure
Warning: Syzkaller log file exceeded 5000 lines.
Saved at /mnt/sda/author/SyzInspector/wd-inspector-2/log/bug376-boot_failure.log.
Attempt 4:
    Time  Bug Name
       4  WARNING in kvm_wait
       4  WARNING in kvm_wait
       5  WARNING in kvm_wait
       5  boot failure
Warning: Syzkaller log file exceeded 5000 lines.
Saved at /mnt/sda/author/SyzInspector/wd-inspector-2/log/bug376-boot_failure.log.
Attempt 5:
    Time  Bug Name
       3  WARNING in kvm_wait
       3  boot failure
Warning: Syzkaller log file exceeded 5000 lines.
Saved at /mnt/sda/author/SyzInspector/wd-inspector-2/log/bug376-boot_failure.log.
Attempt 6: (RETRY)
    Time  Bug Name
       2  boot failure
Warning: Syzkaller log file exceeded 5000 lines.
Saved at /mnt/sda/author/SyzInspector/wd-inspector-2/log/bug376-boot_failure.log.
Attempt 7: (RETRY)
    Time  Bug Name
       2  boot failure
Warning: Syzkaller log file exceeded 5000 lines.
Saved at /mnt/sda/author/SyzInspector/wd-inspector-2/log/bug376-boot_failure.log.
Attempt 8: (RETRY)
    Time  Bug Name
       4  WARNING in kvm_wait
       4  boot failure
Warning: Syzkaller log file exceeded 5000 lines.
Saved at /mnt/sda/author/SyzInspector/wd-inspector-2/log/bug376-boot_failure.log.
Attempt 9: (RETRY)
    Time  Bug Name
       3  WARNING in kvm_wait
       4  boot failure
Warning: Syzkaller log file exceeded 5000 lines.
Saved at /mnt/sda/author/SyzInspector/wd-inspector-2/log/bug376-boot_failure.log.
Attempt 10: (RETRY)
    Time  Bug Name
       2  boot failure
The bug was not found.
Warning: This session is unstable.

2023-04-07 04:18:04
Session:   19
Template:  2021-03-07 - 09fbf400324c9aea14031e516d36e905b629b639
Syzkaller: 2021-03-07 - 09fbf400324c9aea14031e516d36e905b629b639
Kernel:    2021-03-07 - dac518707880617a2beaffc01fb1d7adf4b8008a
Compiler:  gcc-10.2.1-20210110
Warning: Syzkaller log file exceeded 5000 lines.
Saved at /mnt/sda/author/SyzInspector/wd-inspector-2/log/bug376-boot_failure.log.
Attempt 1:
    Time  Bug Name
       2  boot failure
Warning: Syzkaller log file exceeded 5000 lines.
Saved at /mnt/sda/author/SyzInspector/wd-inspector-2/log/bug376-boot_failure.log.
Attempt 2:
    Time  Bug Name
       3  WARNING in kvm_wait
       3  WARNING in kvm_wait
       3  WARNING in kvm_wait
       3  boot failure
Warning: Syzkaller log file exceeded 5000 lines.
Saved at /mnt/sda/author/SyzInspector/wd-inspector-2/log/bug376-boot_failure.log.
Attempt 3:
    Time  Bug Name
       2  boot failure
Warning: Syzkaller log file exceeded 5000 lines.
Saved at /mnt/sda/author/SyzInspector/wd-inspector-2/log/bug376-boot_failure.log.
Attempt 4:
    Time  Bug Name
       3  boot failure
Warning: Syzkaller log file exceeded 5000 lines.
Saved at /mnt/sda/author/SyzInspector/wd-inspector-2/log/bug376-boot_failure.log.
Attempt 5:
    Time  Bug Name
       3  boot failure
Warning: Syzkaller log file exceeded 5000 lines.
Saved at /mnt/sda/author/SyzInspector/wd-inspector-2/log/bug376-boot_failure.log.
Attempt 6: (RETRY)
    Time  Bug Name
       2  boot failure
Warning: Syzkaller log file exceeded 5000 lines.
Saved at /mnt/sda/author/SyzInspector/wd-inspector-2/log/bug376-boot_failure.log.
Attempt 7: (RETRY)
    Time  Bug Name
       2  boot failure
Warning: Syzkaller log file exceeded 5000 lines.
Saved at /mnt/sda/author/SyzInspector/wd-inspector-2/log/bug376-boot_failure.log.
Attempt 8: (RETRY)
    Time  Bug Name
       2  boot failure
Warning: Syzkaller log file exceeded 5000 lines.
Saved at /mnt/sda/author/SyzInspector/wd-inspector-2/log/bug376-boot_failure.log.
Attempt 9: (RETRY)
    Time  Bug Name
       3  WARNING in kvm_wait
       3  WARNING in kvm_wait
       3  boot failure
Warning: Syzkaller log file exceeded 5000 lines.
Saved at /mnt/sda/author/SyzInspector/wd-inspector-2/log/bug376-boot_failure.log.
Attempt 10: (RETRY)
    Time  Bug Name
       2  boot failure
The bug was not found.
Warning: This session is unstable.

2023-04-07 05:16:09
Session:   20
Template:  2021-03-05 - e4b4d570a88c0d2e0420c6e21fc20d90564636b1
Syzkaller: 2021-03-05 - e4b4d570a88c0d2e0420c6e21fc20d90564636b1
Kernel:    2021-03-05 - f09b04cc6447331e731629e8b72587287f3a4490
Compiler:  gcc-10.2.1-20210110
Warning: Syzkaller log file exceeded 5000 lines.
Saved at /mnt/sda/author/SyzInspector/wd-inspector-2/log/bug376-boot_failure.log.
Attempt 1:
    Time  Bug Name
       2  WARNING in kvm_wait
       2  boot failure
Warning: Syzkaller log file exceeded 5000 lines.
Saved at /mnt/sda/author/SyzInspector/wd-inspector-2/log/bug376-boot_failure.log.
Attempt 2:
    Time  Bug Name
       3  WARNING in kvm_wait
       4  WARNING in kvm_wait
       4  WARNING in kvm_wait
       4  boot failure
Warning: Syzkaller log file exceeded 5000 lines.
Saved at /mnt/sda/author/SyzInspector/wd-inspector-2/log/bug376-boot_failure.log.
Attempt 3:
    Time  Bug Name
       2  boot failure
Warning: Syzkaller log file exceeded 5000 lines.
Saved at /mnt/sda/author/SyzInspector/wd-inspector-2/log/bug376-boot_failure.log.
Attempt 4:
    Time  Bug Name
       3  WARNING in kvm_wait
       3  WARNING in kvm_wait
       3  boot failure
Warning: Syzkaller log file exceeded 5000 lines.
Saved at /mnt/sda/author/SyzInspector/wd-inspector-2/log/bug376-boot_failure.log.
Attempt 5:
    Time  Bug Name
       2  boot failure
Warning: Syzkaller log file exceeded 5000 lines.
Saved at /mnt/sda/author/SyzInspector/wd-inspector-2/log/bug376-boot_failure.log.
Attempt 6: (RETRY)
    Time  Bug Name
       2  boot failure
Warning: Syzkaller log file exceeded 5000 lines.
Saved at /mnt/sda/author/SyzInspector/wd-inspector-2/log/bug376-boot_failure.log.
Attempt 7: (RETRY)
    Time  Bug Name
       3  boot failure
Warning: Syzkaller log file exceeded 5000 lines.
Saved at /mnt/sda/author/SyzInspector/wd-inspector-2/log/bug376-boot_failure.log.
Attempt 8: (RETRY)
    Time  Bug Name
       3  WARNING in kvm_wait
       3  boot failure
Warning: Syzkaller log file exceeded 5000 lines.
Saved at /mnt/sda/author/SyzInspector/wd-inspector-2/log/bug376-boot_failure.log.
Attempt 9: (RETRY)
    Time  Bug Name
       2  boot failure
Warning: Syzkaller log file exceeded 5000 lines.
Saved at /mnt/sda/author/SyzInspector/wd-inspector-2/log/bug376-boot_failure.log.
Attempt 10: (RETRY)
    Time  Bug Name
       2  boot failure
The bug was not found.
Warning: This session is unstable.

2023-04-07 06:24:13
Session:   21
Template:  2021-03-01 - 92ead2966b78ac6b2d6a0a464cc15c6ee6f853c6
Syzkaller: 2021-03-01 - 92ead2966b78ac6b2d6a0a464cc15c6ee6f853c6
Kernel:    2021-03-01 - c608aca57dd034d09f307b109b670d1cfb829279
Compiler:  gcc-10.2.1-20210110
Warning: Syzkaller log file exceeded 5000 lines.
Saved at /mnt/sda/author/SyzInspector/wd-inspector-2/log/bug376-boot_failure.log.
Attempt 1:
    Time  Bug Name
       2  boot failure
Warning: Syzkaller log file exceeded 5000 lines.
Saved at /mnt/sda/author/SyzInspector/wd-inspector-2/log/bug376-boot_failure.log.
Attempt 2:
    Time  Bug Name
       3  boot failure
Warning: Syzkaller log file exceeded 5000 lines.
Saved at /mnt/sda/author/SyzInspector/wd-inspector-2/log/bug376-boot_failure.log.
Attempt 3:
    Time  Bug Name
       2  boot failure
Warning: Syzkaller log file exceeded 5000 lines.
Saved at /mnt/sda/author/SyzInspector/wd-inspector-2/log/bug376-boot_failure.log.
Attempt 4:
    Time  Bug Name
       3  WARNING in warn_bogus_irq_restore
       3  WARNING in warn_bogus_irq_restore
       4  boot failure
Warning: Syzkaller log file exceeded 5000 lines.
Saved at /mnt/sda/author/SyzInspector/wd-inspector-2/log/bug376-boot_failure.log.
Attempt 5:
    Time  Bug Name
       2  boot failure
Warning: Syzkaller log file exceeded 5000 lines.
Saved at /mnt/sda/author/SyzInspector/wd-inspector-2/log/bug376-boot_failure.log.
Attempt 6: (RETRY)
    Time  Bug Name
       3  WARNING in warn_bogus_irq_restore
       4  WARNING in warn_bogus_irq_restore
       4  boot failure
Warning: Syzkaller log file exceeded 5000 lines.
Saved at /mnt/sda/author/SyzInspector/wd-inspector-2/log/bug376-boot_failure.log.
Attempt 7: (RETRY)
    Time  Bug Name
       2  boot failure
Warning: Syzkaller log file exceeded 5000 lines.
Saved at /mnt/sda/author/SyzInspector/wd-inspector-2/log/bug376-boot_failure.log.
Attempt 8: (RETRY)
    Time  Bug Name
       3  WARNING in warn_bogus_irq_restore
       3  WARNING in warn_bogus_irq_restore
       3  WARNING in warn_bogus_irq_restore
       3  WARNING in warn_bogus_irq_restore
       4  WARNING in warn_bogus_irq_restore
       4  boot failure
Warning: Syzkaller log file exceeded 5000 lines.
Saved at /mnt/sda/author/SyzInspector/wd-inspector-2/log/bug376-boot_failure.log.
Attempt 9: (RETRY)
    Time  Bug Name
       3  WARNING in warn_bogus_irq_restore
       3  WARNING in warn_bogus_irq_restore
       3  boot failure
Warning: Syzkaller log file exceeded 5000 lines.
Saved at /mnt/sda/author/SyzInspector/wd-inspector-2/log/bug376-boot_failure.log.
Attempt 10: (RETRY)
    Time  Bug Name
       3  WARNING in warn_bogus_irq_restore
       4  WARNING in warn_bogus_irq_restore
       4  boot failure
The bug was not found.
Warning: This session is unstable.

2023-04-07 07:34:22
Session:   22
Template:  2021-03-13 - 4a003785c5484e99127a20e069a5edddcb8c24d5
Syzkaller: 2021-03-13 - 4a003785c5484e99127a20e069a5edddcb8c24d5
Kernel:    2021-03-13 - be61af330e09cfdde29fa5516b2ee015ebdc8bea
Compiler:  gcc-10.2.1-20210110
Warning: Syzkaller log file exceeded 5000 lines.
Saved at /mnt/sda/author/SyzInspector/wd-inspector-2/log/bug376-boot_failure.log.
Attempt 1:
    Time  Bug Name
       3  boot failure
Warning: Syzkaller log file exceeded 5000 lines.
Saved at /mnt/sda/author/SyzInspector/wd-inspector-2/log/bug376-boot_failure.log.
Attempt 2:
    Time  Bug Name
       2  boot failure
Warning: Syzkaller log file exceeded 5000 lines.
Saved at /mnt/sda/author/SyzInspector/wd-inspector-2/log/bug376-boot_failure.log.
Attempt 3:
    Time  Bug Name
       2  boot failure
Warning: Syzkaller log file exceeded 5000 lines.
Saved at /mnt/sda/author/SyzInspector/wd-inspector-2/log/bug376-boot_failure.log.
Attempt 4:
    Time  Bug Name
       2  boot failure
Warning: Syzkaller log file exceeded 5000 lines.
Saved at /mnt/sda/author/SyzInspector/wd-inspector-2/log/bug376-boot_failure.log.
Attempt 5:
    Time  Bug Name
       4  WARNING in kvm_wait
       4  WARNING in kvm_wait
       4  boot failure
Warning: Syzkaller log file exceeded 5000 lines.
Saved at /mnt/sda/author/SyzInspector/wd-inspector-2/log/bug376-boot_failure.log.
Attempt 6: (RETRY)
    Time  Bug Name
       2  boot failure
Warning: Syzkaller log file exceeded 5000 lines.
Saved at /mnt/sda/author/SyzInspector/wd-inspector-2/log/bug376-boot_failure.log.
Attempt 7: (RETRY)
    Time  Bug Name
       3  WARNING in kvm_wait
       3  WARNING in kvm_wait
       3  WARNING in kvm_wait
       3  boot failure
Warning: Syzkaller log file exceeded 5000 lines.
Saved at /mnt/sda/author/SyzInspector/wd-inspector-2/log/bug376-boot_failure.log.
Attempt 8: (RETRY)
    Time  Bug Name
       2  boot failure
Warning: Syzkaller log file exceeded 5000 lines.
Saved at /mnt/sda/author/SyzInspector/wd-inspector-2/log/bug376-boot_failure.log.
Attempt 9: (RETRY)
    Time  Bug Name
       2  boot failure
Warning: Syzkaller log file exceeded 5000 lines.
Saved at /mnt/sda/author/SyzInspector/wd-inspector-2/log/bug376-boot_failure.log.
Attempt 10: (RETRY)
    Time  Bug Name
       2  boot failure
The bug was not found.
Warning: This session is unstable.

2023-04-07 08:36:21
Session:   23
Template:  2021-03-14 - cc1cff8f1e1a585894796d6eae8c51eef98037e6
Syzkaller: 2021-03-14 - cc1cff8f1e1a585894796d6eae8c51eef98037e6
Kernel:    2021-03-14 - 802b31c0dd7f44c9ab44d39c6c4af22d958ad803
Compiler:  gcc-10.2.1-20210110
Warning: Syzkaller log file exceeded 5000 lines.
Saved at /mnt/sda/author/SyzInspector/wd-inspector-2/log/bug376-boot_failure.log.
Attempt 1:
    Time  Bug Name
       2  WARNING in kvm_wait
       3  boot failure
Warning: Syzkaller log file exceeded 5000 lines.
Saved at /mnt/sda/author/SyzInspector/wd-inspector-2/log/bug376-boot_failure.log.
Attempt 2:
    Time  Bug Name
       3  boot failure
Warning: Syzkaller log file exceeded 5000 lines.
Saved at /mnt/sda/author/SyzInspector/wd-inspector-2/log/bug376-boot_failure.log.
Attempt 3:
    Time  Bug Name
       3  boot failure
Warning: Syzkaller log file exceeded 5000 lines.
Saved at /mnt/sda/author/SyzInspector/wd-inspector-2/log/bug376-boot_failure.log.
Attempt 4:
    Time  Bug Name
       2  boot failure
Warning: Syzkaller log file exceeded 5000 lines.
Saved at /mnt/sda/author/SyzInspector/wd-inspector-2/log/bug376-boot_failure.log.
Attempt 5:
    Time  Bug Name
       3  WARNING in kvm_wait
       3  boot failure
Warning: Syzkaller log file exceeded 5000 lines.
Saved at /mnt/sda/author/SyzInspector/wd-inspector-2/log/bug376-boot_failure.log.
Attempt 6: (RETRY)
    Time  Bug Name
       2  boot failure
Warning: Syzkaller log file exceeded 5000 lines.
Saved at /mnt/sda/author/SyzInspector/wd-inspector-2/log/bug376-boot_failure.log.
Attempt 7: (RETRY)
    Time  Bug Name
       3  WARNING in kvm_wait
       3  boot failure
Warning: Syzkaller log file exceeded 5000 lines.
Saved at /mnt/sda/author/SyzInspector/wd-inspector-2/log/bug376-boot_failure.log.
Attempt 8: (RETRY)
    Time  Bug Name
       3  boot failure
Warning: Syzkaller log file exceeded 5000 lines.
Saved at /mnt/sda/author/SyzInspector/wd-inspector-2/log/bug376-boot_failure.log.
Attempt 9: (RETRY)
    Time  Bug Name
       2  boot failure
Warning: Syzkaller log file exceeded 5000 lines.
Saved at /mnt/sda/author/SyzInspector/wd-inspector-2/log/bug376-boot_failure.log.
Attempt 10: (RETRY)
    Time  Bug Name
       3  WARNING in kvm_wait
       3  WARNING in kvm_wait
       3  boot failure
The bug was not found.
Warning: This session is unstable.

2023-04-07 09:37:00
Session:   24
Template:  2021-03-19 - 3d01c4de549b4e4bddba6102715c212bbcff2fbb
Syzkaller: 2021-03-19 - 3d01c4de549b4e4bddba6102715c212bbcff2fbb
Kernel:    2021-03-19 - ecd8ee7f9c1af253738ca4321509ddee727d468d
Compiler:  gcc-10.2.1-20210110
Attempt 1:
    Time  Bug Name
       4  unregister_netdevice: waiting for DEV to become free
       8  suppressed report
       8  INFO: task hung in hci_dev_reset
       9  unregister_netdevice: waiting for DEV to become free
       9  suppressed report
      12  unregister_netdevice: waiting for DEV to become free
      15  unregister_netdevice: waiting for DEV to become free
      16  unregister_netdevice: waiting for DEV to become free
      25  unregister_netdevice: waiting for DEV to become free
      29  suppressed report
      32  unregister_netdevice: waiting for DEV to become free
Attempt 2:
    Time  Bug Name
      10  suppressed report
      10  suppressed report
      12  suppressed report
      16  unregister_netdevice: waiting for DEV to become free
      16  unregister_netdevice: waiting for DEV to become free
      18  unregister_netdevice: waiting for DEV to become free
      18  unregister_netdevice: waiting for DEV to become free
      24  unregister_netdevice: waiting for DEV to become free
      26  unregister_netdevice: waiting for DEV to become free
      29  unregister_netdevice: waiting for DEV to become free
      30  unregister_netdevice: waiting for DEV to become free
Attempt 3:
    Time  Bug Name
       6  unregister_netdevice: waiting for DEV to become free
       7  unregister_netdevice: waiting for DEV to become free
       8  unregister_netdevice: waiting for DEV to become free
       9  unregister_netdevice: waiting for DEV to become free
      11  unregister_netdevice: waiting for DEV to become free
      12  suppressed report
      12  suppressed report
***   14  INFO: task hung in hci_req_sync
The bug was found.

2023-04-07 11:24:42
Session:   25
Template:  2021-03-11 - 429d8a6becba0a60e99331e293e6117597e9e530
Syzkaller: 2021-03-11 - 429d8a6becba0a60e99331e293e6117597e9e530
Kernel:    2021-03-12 - 344178334b0971a1ad5f36b76d7b739400e46ec6
Compiler:  gcc-10.2.1-20210110
Warning: Syzkaller log file exceeded 5000 lines.
Saved at /mnt/sda/author/SyzInspector/wd-inspector-2/log/bug376-boot_failure.log.
Attempt 1:
    Time  Bug Name
       2  boot failure
Warning: Syzkaller log file exceeded 5000 lines.
Saved at /mnt/sda/author/SyzInspector/wd-inspector-2/log/bug376-boot_failure.log.
Attempt 2:
    Time  Bug Name
       3  WARNING in kvm_wait
       3  boot failure
Warning: Syzkaller log file exceeded 5000 lines.
Saved at /mnt/sda/author/SyzInspector/wd-inspector-2/log/bug376-boot_failure.log.
Attempt 3:
    Time  Bug Name
       2  boot failure
Warning: Syzkaller log file exceeded 5000 lines.
Saved at /mnt/sda/author/SyzInspector/wd-inspector-2/log/bug376-boot_failure.log.
Attempt 4:
    Time  Bug Name
       2  boot failure
Warning: Syzkaller log file exceeded 5000 lines.
Saved at /mnt/sda/author/SyzInspector/wd-inspector-2/log/bug376-boot_failure.log.
Attempt 5:
    Time  Bug Name
       3  boot failure
Warning: Syzkaller log file exceeded 5000 lines.
Saved at /mnt/sda/author/SyzInspector/wd-inspector-2/log/bug376-boot_failure.log.
Attempt 6: (RETRY)
    Time  Bug Name
       2  WARNING in kvm_wait
       3  WARNING in kvm_wait
       3  boot failure
Warning: Syzkaller log file exceeded 5000 lines.
Saved at /mnt/sda/author/SyzInspector/wd-inspector-2/log/bug376-boot_failure.log.
Attempt 7: (RETRY)
    Time  Bug Name
       3  general protection fault in __queue_work
       3  WARNING in kvm_wait
       3  WARNING in kvm_wait
       3  WARNING in kvm_wait
       3  boot failure
Warning: Syzkaller log file exceeded 5000 lines.
Saved at /mnt/sda/author/SyzInspector/wd-inspector-2/log/bug376-boot_failure.log.
Attempt 8: (RETRY)
    Time  Bug Name
       2  boot failure
Warning: Syzkaller log file exceeded 5000 lines.
Saved at /mnt/sda/author/SyzInspector/wd-inspector-2/log/bug376-boot_failure.log.
Attempt 9: (RETRY)
    Time  Bug Name
       2  boot failure
Warning: Syzkaller log file exceeded 5000 lines.
Saved at /mnt/sda/author/SyzInspector/wd-inspector-2/log/bug376-boot_failure.log.
Attempt 10: (RETRY)
    Time  Bug Name
       2  boot failure
The bug was not found.
Warning: This session is unstable.

2023-04-07 12:29:09
Session:   26
Template:  2021-03-10 - c2ca1f2a94f7bc6f676d2e6a3313aa0817be2869
Syzkaller: 2021-03-10 - c2ca1f2a94f7bc6f676d2e6a3313aa0817be2869
Kernel:    2021-03-10 - d3110f256d126b44d34c1f662310cd295877c447
Compiler:  gcc-10.2.1-20210110
Warning: Syzkaller log file exceeded 5000 lines.
Saved at /mnt/sda/author/SyzInspector/wd-inspector-2/log/bug376-boot_failure.log.
Attempt 1:
    Time  Bug Name
       3  WARNING in kvm_wait
       3  boot failure
Warning: Syzkaller log file exceeded 5000 lines.
Saved at /mnt/sda/author/SyzInspector/wd-inspector-2/log/bug376-boot_failure.log.
Attempt 2:
    Time  Bug Name
       5  WARNING in kvm_wait
       5  WARNING in kvm_wait
       6  WARNING in kvm_wait
       7  WARNING in kvm_wait
       7  WARNING in kvm_wait
       7  boot failure
Warning: Syzkaller log file exceeded 5000 lines.
Saved at /mnt/sda/author/SyzInspector/wd-inspector-2/log/bug376-boot_failure.log.
Attempt 3:
    Time  Bug Name
       2  boot failure
Warning: Syzkaller log file exceeded 5000 lines.
Saved at /mnt/sda/author/SyzInspector/wd-inspector-2/log/bug376-boot_failure.log.
Attempt 4:
    Time  Bug Name
       2  boot failure
Warning: Syzkaller log file exceeded 5000 lines.
Saved at /mnt/sda/author/SyzInspector/wd-inspector-2/log/bug376-boot_failure.log.
Attempt 5:
    Time  Bug Name
       4  WARNING in kvm_wait
       4  WARNING in kvm_wait
       4  WARNING in kvm_wait
       5  WARNING in kvm_wait
       5  boot failure
Warning: Syzkaller log file exceeded 5000 lines.
Saved at /mnt/sda/author/SyzInspector/wd-inspector-2/log/bug376-boot_failure.log.
Attempt 6: (RETRY)
    Time  Bug Name
       3  WARNING in kvm_wait
       3  boot failure
Warning: Syzkaller log file exceeded 5000 lines.
Saved at /mnt/sda/author/SyzInspector/wd-inspector-2/log/bug376-boot_failure.log.
Attempt 7: (RETRY)
    Time  Bug Name
       3  boot failure
Warning: Syzkaller log file exceeded 5000 lines.
Saved at /mnt/sda/author/SyzInspector/wd-inspector-2/log/bug376-boot_failure.log.
Attempt 8: (RETRY)
    Time  Bug Name
       2  boot failure
Warning: Syzkaller log file exceeded 5000 lines.
Saved at /mnt/sda/author/SyzInspector/wd-inspector-2/log/bug376-boot_failure.log.
Attempt 9: (RETRY)
    Time  Bug Name
       3  WARNING in kvm_wait
       3  boot failure
Warning: Syzkaller log file exceeded 5000 lines.
Saved at /mnt/sda/author/SyzInspector/wd-inspector-2/log/bug376-boot_failure.log.
Attempt 10: (RETRY)
    Time  Bug Name
       2  boot failure
The bug was not found.
Warning: This session is unstable.

2023-04-07 13:36:46
Session:   27
Template:  2021-03-05 - e4b4d570a88c0d2e0420c6e21fc20d90564636b1
Syzkaller: 2021-03-05 - e4b4d570a88c0d2e0420c6e21fc20d90564636b1
Kernel:    2021-03-06 - a38fd8748464831584a19438cbb3082b5a2dab15
Compiler:  gcc-10.2.1-20210110
Warning: Syzkaller log file exceeded 5000 lines.
Saved at /mnt/sda/author/SyzInspector/wd-inspector-2/log/bug376-boot_failure.log.
Attempt 1:
    Time  Bug Name
       3  WARNING in kvm_wait
       4  WARNING in kvm_wait
       5  WARNING in kvm_wait
       5  WARNING in kvm_wait
       5  boot failure
Warning: Syzkaller log file exceeded 5000 lines.
Saved at /mnt/sda/author/SyzInspector/wd-inspector-2/log/bug376-boot_failure.log.
Attempt 2:
    Time  Bug Name
       3  boot failure
Warning: Syzkaller log file exceeded 5000 lines.
Saved at /mnt/sda/author/SyzInspector/wd-inspector-2/log/bug376-boot_failure.log.
Attempt 3:
    Time  Bug Name
       2  WARNING in kvm_wait
       2  boot failure
Warning: Syzkaller log file exceeded 5000 lines.
Saved at /mnt/sda/author/SyzInspector/wd-inspector-2/log/bug376-boot_failure.log.
Attempt 4:
    Time  Bug Name
       3  boot failure
Warning: Syzkaller log file exceeded 5000 lines.
Saved at /mnt/sda/author/SyzInspector/wd-inspector-2/log/bug376-boot_failure.log.
Attempt 5:
    Time  Bug Name
       2  boot failure
Warning: Syzkaller log file exceeded 5000 lines.
Saved at /mnt/sda/author/SyzInspector/wd-inspector-2/log/bug376-boot_failure.log.
Attempt 6: (RETRY)
    Time  Bug Name
       3  WARNING in kvm_wait
       3  boot failure
Warning: Syzkaller log file exceeded 5000 lines.
Saved at /mnt/sda/author/SyzInspector/wd-inspector-2/log/bug376-boot_failure.log.
Attempt 7: (RETRY)
    Time  Bug Name
       2  WARNING in kvm_wait
       3  WARNING in kvm_wait
       4  WARNING in kvm_wait
       4  WARNING in kvm_wait
       4  WARNING in kvm_wait
       5  WARNING in kvm_wait
       5  WARNING in kvm_wait
       6  WARNING in kvm_wait
       6  WARNING in kvm_wait
       6  boot failure
Warning: Syzkaller log file exceeded 5000 lines.
Saved at /mnt/sda/author/SyzInspector/wd-inspector-2/log/bug376-boot_failure.log.
Attempt 8: (RETRY)
    Time  Bug Name
       4  WARNING in kvm_wait
       4  WARNING in kvm_wait
       4  WARNING in kvm_wait
       4  boot failure
Warning: Syzkaller log file exceeded 5000 lines.
Saved at /mnt/sda/author/SyzInspector/wd-inspector-2/log/bug376-boot_failure.log.
Attempt 9: (RETRY)
    Time  Bug Name
       4  boot failure
Warning: Syzkaller log file exceeded 5000 lines.
Saved at /mnt/sda/author/SyzInspector/wd-inspector-2/log/bug376-boot_failure.log.
Attempt 10: (RETRY)
    Time  Bug Name
       3  boot failure
The bug was not found.
Warning: This session is unstable.

2023-04-07 14:53:34
Session:   28
Template:  2021-03-05 - e4b4d570a88c0d2e0420c6e21fc20d90564636b1
Syzkaller: 2021-03-05 - e4b4d570a88c0d2e0420c6e21fc20d90564636b1
Kernel:    2021-03-05 - 6bf331d5ce8332a47534b5092cd06a7a22451beb
Compiler:  gcc-10.2.1-20210110
Warning: Syzkaller log file exceeded 5000 lines.
Saved at /mnt/sda/author/SyzInspector/wd-inspector-2/log/bug376-boot_failure.log.
Attempt 1:
    Time  Bug Name
       3  boot failure
Warning: Syzkaller log file exceeded 5000 lines.
Saved at /mnt/sda/author/SyzInspector/wd-inspector-2/log/bug376-boot_failure.log.
Attempt 2:
    Time  Bug Name
       2  boot failure
Warning: Syzkaller log file exceeded 5000 lines.
Saved at /mnt/sda/author/SyzInspector/wd-inspector-2/log/bug376-boot_failure.log.
Attempt 3:
    Time  Bug Name
       2  boot failure
Warning: Syzkaller log file exceeded 5000 lines.
Saved at /mnt/sda/author/SyzInspector/wd-inspector-2/log/bug376-boot_failure.log.
Attempt 4:
    Time  Bug Name
       4  boot failure
Warning: Syzkaller log file exceeded 5000 lines.
Saved at /mnt/sda/author/SyzInspector/wd-inspector-2/log/bug376-boot_failure.log.
Attempt 5:
    Time  Bug Name
       3  WARNING in kvm_wait
       3  boot failure
Warning: Syzkaller log file exceeded 5000 lines.
Saved at /mnt/sda/author/SyzInspector/wd-inspector-2/log/bug376-boot_failure.log.
Attempt 6: (RETRY)
    Time  Bug Name
       3  WARNING in kvm_wait
       4  WARNING in kvm_wait
       4  boot failure
Warning: Syzkaller log file exceeded 5000 lines.
Saved at /mnt/sda/author/SyzInspector/wd-inspector-2/log/bug376-boot_failure.log.
Attempt 7: (RETRY)
    Time  Bug Name
       2  boot failure
Warning: Syzkaller log file exceeded 5000 lines.
Saved at /mnt/sda/author/SyzInspector/wd-inspector-2/log/bug376-boot_failure.log.
Attempt 8: (RETRY)
    Time  Bug Name
       3  WARNING in kvm_wait
       3  WARNING in kvm_wait
       3  boot failure
Warning: Syzkaller log file exceeded 5000 lines.
Saved at /mnt/sda/author/SyzInspector/wd-inspector-2/log/bug376-boot_failure.log.
Attempt 9: (RETRY)
    Time  Bug Name
       2  WARNING in kvm_wait
       4  WARNING in kvm_wait
       4  boot failure
Warning: Syzkaller log file exceeded 5000 lines.
Saved at /mnt/sda/author/SyzInspector/wd-inspector-2/log/bug376-boot_failure.log.
Attempt 10: (RETRY)
    Time  Bug Name
       3  boot failure
The bug was not found.
Warning: This session is unstable.

2023-04-07 15:57:04
Session:   29
Template:  2021-03-13 - 4a003785c5484e99127a20e069a5edddcb8c24d5
Syzkaller: 2021-03-13 - 4a003785c5484e99127a20e069a5edddcb8c24d5
Kernel:    2021-03-13 - cc14086f22980fd15bec4488ecfbecb4f904cd35
Compiler:  gcc-10.2.1-20210110
Warning: Syzkaller log file exceeded 5000 lines.
Saved at /mnt/sda/author/SyzInspector/wd-inspector-2/log/bug376-boot_failure.log.
Attempt 1:
    Time  Bug Name
       3  boot failure
Warning: Syzkaller log file exceeded 5000 lines.
Saved at /mnt/sda/author/SyzInspector/wd-inspector-2/log/bug376-boot_failure.log.
Attempt 2:
    Time  Bug Name
       3  WARNING in kvm_wait
       4  WARNING in kvm_wait
       4  WARNING in kvm_wait
       4  WARNING in kvm_wait
       4  boot failure
Warning: Syzkaller log file exceeded 5000 lines.
Saved at /mnt/sda/author/SyzInspector/wd-inspector-2/log/bug376-boot_failure.log.
Attempt 3:
    Time  Bug Name
       3  WARNING in kvm_wait
       4  WARNING in kvm_wait
       4  boot failure
Warning: Syzkaller log file exceeded 5000 lines.
Saved at /mnt/sda/author/SyzInspector/wd-inspector-2/log/bug376-boot_failure.log.
Attempt 4:
    Time  Bug Name
       4  WARNING in kvm_wait
       4  boot failure
Warning: Syzkaller log file exceeded 5000 lines.
Saved at /mnt/sda/author/SyzInspector/wd-inspector-2/log/bug376-boot_failure.log.
Attempt 5:
    Time  Bug Name
       4  WARNING in kvm_wait
       4  WARNING in kvm_wait
       4  boot failure
Warning: Syzkaller log file exceeded 5000 lines.
Saved at /mnt/sda/author/SyzInspector/wd-inspector-2/log/bug376-boot_failure.log.
Attempt 6: (RETRY)
    Time  Bug Name
       3  WARNING in kvm_wait
       3  boot failure
Warning: Syzkaller log file exceeded 5000 lines.
Saved at /mnt/sda/author/SyzInspector/wd-inspector-2/log/bug376-boot_failure.log.
Attempt 7: (RETRY)
    Time  Bug Name
       4  WARNING in kvm_wait
       4  WARNING in kvm_wait
       5  WARNING in kvm_wait
       5  boot failure
Warning: Syzkaller log file exceeded 5000 lines.
Saved at /mnt/sda/author/SyzInspector/wd-inspector-2/log/bug376-boot_failure.log.
Attempt 8: (RETRY)
    Time  Bug Name
       2  boot failure
Warning: Syzkaller log file exceeded 5000 lines.
Saved at /mnt/sda/author/SyzInspector/wd-inspector-2/log/bug376-boot_failure.log.
Attempt 9: (RETRY)
    Time  Bug Name
       3  boot failure
Warning: Syzkaller log file exceeded 5000 lines.
Saved at /mnt/sda/author/SyzInspector/wd-inspector-2/log/bug376-boot_failure.log.
Attempt 10: (RETRY)
    Time  Bug Name
       3  WARNING in kvm_wait
       3  boot failure
The bug was not found.
Warning: This session is unstable.

2023-04-07 17:18:30
Session:   30
Template:  2021-03-14 - cc1cff8f1e1a585894796d6eae8c51eef98037e6
Syzkaller: 2021-03-14 - cc1cff8f1e1a585894796d6eae8c51eef98037e6
Kernel:    2021-03-14 - c72cbc936141eac737b24f43e742cefaab35edd6
Compiler:  gcc-10.2.1-20210110
Warning: Syzkaller log file exceeded 5000 lines.
Saved at /mnt/sda/author/SyzInspector/wd-inspector-2/log/bug376-boot_failure.log.
Attempt 1:
    Time  Bug Name
       3  boot failure
Warning: Syzkaller log file exceeded 5000 lines.
Saved at /mnt/sda/author/SyzInspector/wd-inspector-2/log/bug376-boot_failure.log.
Attempt 2:
    Time  Bug Name
       2  boot failure
Warning: Syzkaller log file exceeded 5000 lines.
Saved at /mnt/sda/author/SyzInspector/wd-inspector-2/log/bug376-boot_failure.log.
Attempt 3:
    Time  Bug Name
       3  WARNING in kvm_wait
       4  unregister_netdevice: waiting for DEV to become free
       4  WARNING in kvm_wait
       4  WARNING in kvm_wait
       4  boot failure
Warning: Syzkaller log file exceeded 5000 lines.
Saved at /mnt/sda/author/SyzInspector/wd-inspector-2/log/bug376-boot_failure.log.
Attempt 4:
    Time  Bug Name
       3  boot failure
Warning: Syzkaller log file exceeded 5000 lines.
Saved at /mnt/sda/author/SyzInspector/wd-inspector-2/log/bug376-boot_failure.log.
Attempt 5:
    Time  Bug Name
       3  WARNING in kvm_wait
       5  WARNING in kvm_wait
       5  WARNING in kvm_wait
       5  boot failure
Warning: Syzkaller log file exceeded 5000 lines.
Saved at /mnt/sda/author/SyzInspector/wd-inspector-2/log/bug376-boot_failure.log.
Attempt 6: (RETRY)
    Time  Bug Name
       2  boot failure
Warning: Syzkaller log file exceeded 5000 lines.
Saved at /mnt/sda/author/SyzInspector/wd-inspector-2/log/bug376-boot_failure.log.
Attempt 7: (RETRY)
    Time  Bug Name
       2  boot failure
Warning: Syzkaller log file exceeded 5000 lines.
Saved at /mnt/sda/author/SyzInspector/wd-inspector-2/log/bug376-boot_failure.log.
Attempt 8: (RETRY)
    Time  Bug Name
       2  boot failure
Warning: Syzkaller log file exceeded 5000 lines.
Saved at /mnt/sda/author/SyzInspector/wd-inspector-2/log/bug376-boot_failure.log.
Attempt 9: (RETRY)
    Time  Bug Name
       2  boot failure
Warning: Syzkaller log file exceeded 5000 lines.
Saved at /mnt/sda/author/SyzInspector/wd-inspector-2/log/bug376-boot_failure.log.
Attempt 10: (RETRY)
    Time  Bug Name
       2  boot failure
The bug was not found.
Warning: This session is unstable.

2023-04-07 18:25:33
Session:   31
Template:  2021-03-18 - 380dcc3e77597144cbaa24d86cc1cc0cc4e90cf1
Syzkaller: 2021-03-18 - 380dcc3e77597144cbaa24d86cc1cc0cc4e90cf1
Kernel:    2021-03-18 - 8ff0f3bf5d6513dfb7462246d9c656da7c02b37e
Compiler:  gcc-10.2.1-20210110
Warning: Syzkaller log file exceeded 5000 lines.
Saved at /mnt/sda/author/SyzInspector/wd-inspector-2/log/bug376-boot_failure.log.
Attempt 1:
    Time  Bug Name
       3  WARNING in kvm_wait
       3  WARNING in kvm_wait
      10  WARNING in kvm_wait
      14  WARNING in kvm_wait
      21  WARNING in kvm_wait
      22  boot failure
Warning: Syzkaller log file exceeded 5000 lines.
Saved at /mnt/sda/author/SyzInspector/wd-inspector-2/log/bug376-boot_failure.log.
Attempt 2:
    Time  Bug Name
       3  WARNING in kvm_wait
       5  WARNING in kvm_wait
      14  WARNING in kvm_wait
      21  boot failure
Warning: Syzkaller log file exceeded 5000 lines.
Saved at /mnt/sda/author/SyzInspector/wd-inspector-2/log/bug376-boot_failure.log.
Attempt 3:
    Time  Bug Name
       4  WARNING in kvm_wait
       4  WARNING in kvm_wait
      12  boot failure
Warning: Syzkaller log file exceeded 5000 lines.
Saved at /mnt/sda/author/SyzInspector/wd-inspector-2/log/bug376-boot_failure.log.
Attempt 4:
    Time  Bug Name
       4  WARNING in kvm_wait
       5  WARNING in kvm_wait
      15  boot failure
Warning: Syzkaller log file exceeded 5000 lines.
Saved at /mnt/sda/author/SyzInspector/wd-inspector-2/log/bug376-boot_failure.log.
Attempt 5:
    Time  Bug Name
       9  WARNING in kvm_wait
      12  boot failure
Warning: Syzkaller log file exceeded 5000 lines.
Saved at /mnt/sda/author/SyzInspector/wd-inspector-2/log/bug376-boot_failure.log.
Attempt 6: (RETRY)
    Time  Bug Name
       4  WARNING in kvm_wait
      13  WARNING in kvm_wait
      23  boot failure
Warning: Syzkaller log file exceeded 5000 lines.
Saved at /mnt/sda/author/SyzInspector/wd-inspector-2/log/bug376-boot_failure.log.
Attempt 7: (RETRY)
    Time  Bug Name
       5  WARNING in kvm_wait
      12  boot failure
Warning: Syzkaller log file exceeded 5000 lines.
Saved at /mnt/sda/author/SyzInspector/wd-inspector-2/log/bug376-boot_failure.log.
Attempt 8: (RETRY)
    Time  Bug Name
       4  WARNING in kvm_wait
       4  WARNING in kvm_wait
      22  WARNING in kvm_wait
      22  boot failure
Warning: Syzkaller log file exceeded 5000 lines.
Saved at /mnt/sda/author/SyzInspector/wd-inspector-2/log/bug376-boot_failure.log.
Attempt 9: (RETRY)
    Time  Bug Name
       3  WARNING in kvm_wait
      12  boot failure
Warning: Syzkaller log file exceeded 5000 lines.
Saved at /mnt/sda/author/SyzInspector/wd-inspector-2/log/bug376-boot_failure.log.
Attempt 10: (RETRY)
    Time  Bug Name
      12  boot failure
The bug was not found.
Warning: This session is unstable.

====================================================================================================================================================
Revealing Factor:   Unstable Commits
Unstable Range:     [2021-03-01, 2021-03-19]
Version:            2021-03-19 - 3149860dc717e8dd339d89d17ebe615cb09e158b
Commit Name:        Merge tag 'gpio-fixes-for-v5.12-rc4' of git://git.kernel.org/pub/scm/linux/kernel/git/brgl/linux

Bug Name:           INFO: task hung in hci_req_sync
Bug Link:           https://syzkaller.appspot.com/bug?id=0bd93ae08a4397ac1836f9e0e12c5e9eeb9d6d99
Arch:               amd64
Finding Date:       2021-08-08
Finding Commit:     2021-08-06 - c9194f32bfd932e976a158d1af97a63be68a2aab
Guilty Merge:       None
Guilty Commit:      2005-04-16 - 1da177e4c3f41524e886b7f1b8a0c1fc7321cac2

Possible Blocking Bugs:
    WARNING in kvm_wait

AUTHOR: Determined to be a blocking bug.
