WARNING in io_ring_ctx_wait_and_kill,https://syzkaller.appspot.com/bug?id=cdf00205127303ca523678fbb9d7eb7613632dba
Repository: linux
Arch: amd64
Finding: 2021-01-10 - 7c53f6b671f4aba70ff15e1b05148b10d58c2837
Guilty:  2021-01-09 - d9d05217cb6990b9a56e13b56e7a1b71e2551f6c
No Duplicates
Single Proc Allocation
VMs:8
CPUs:2
Procs:16
Max time:30
Max attempts:3
Testing the finding commit.

2023-04-19 13:59:32
Session:   1
Template:  2021-01-09 - 2c1f2513486f21d26b1942ce77ffc782677fbf4e
Syzkaller: 2021-01-09 - 2c1f2513486f21d26b1942ce77ffc782677fbf4e
Kernel:    2021-01-10 - 7c53f6b671f4aba70ff15e1b05148b10d58c2837
Compiler:  gcc-10.2.1-20210110
Attempt 1:
    Time  Bug Name
***    3  WARNING in io_ring_ctx_wait_and_kill
Attempt 2:
    Time  Bug Name
***    2  WARNING in io_ring_ctx_wait_and_kill
Attempt 3:
    Time  Bug Name
***    2  WARNING in io_ring_ctx_wait_and_kill
The bug was found.

New Max Time: 10.
Merge Commit: 2021-01-10 - d430adfea8d2c5baa186cabb130235f72fecbd5b.
No template updates to inspect.

==== Kernel Inspection ====
4 Linux commits in [2021-01-10, 2021-01-11].

2023-04-19 14:40:39
Session:   2
Template:  2021-01-09 - 2c1f2513486f21d26b1942ce77ffc782677fbf4e
Syzkaller: 2021-01-09 - 2c1f2513486f21d26b1942ce77ffc782677fbf4e
Kernel:    2021-01-10 - 688daed2e5daf0a1513effdc05ce3c56ade836f9
Compiler:  gcc-10.2.1-20210110
Attempt 1:
    Time  Bug Name
***    3  WARNING in io_ring_ctx_wait_and_kill
The bug was found.

2023-04-19 15:17:21
Session:   3
Template:  2021-01-09 - 2c1f2513486f21d26b1942ce77ffc782677fbf4e
Syzkaller: 2021-01-09 - 2c1f2513486f21d26b1942ce77ffc782677fbf4e
Kernel:    2021-01-10 - ed41fd071c57f118ebb37c0d11b1cbeff3c1be6f
Compiler:  gcc-10.2.1-20210110
Attempt 1:
    Time  Bug Name
***    2  WARNING in io_ring_ctx_wait_and_kill
The bug was found.

2023-04-19 15:56:47
Session:   4
Template:  2021-01-09 - 2c1f2513486f21d26b1942ce77ffc782677fbf4e
Syzkaller: 2021-01-09 - 2c1f2513486f21d26b1942ce77ffc782677fbf4e
Kernel:    2021-01-10 - d430adfea8d2c5baa186cabb130235f72fecbd5b
Compiler:  gcc-10.2.1-20210110
Attempt 1:
    Time  Bug Name
***    2  WARNING in io_ring_ctx_wait_and_kill
The bug was found.

== Confirming the bisected commit ==

2023-04-19 16:33:56
Session:   5
Template:  2021-01-09 - 2c1f2513486f21d26b1942ce77ffc782677fbf4e
Syzkaller: 2021-01-09 - 2c1f2513486f21d26b1942ce77ffc782677fbf4e
Kernel:    2021-01-10 - d430adfea8d2c5baa186cabb130235f72fecbd5b
The bug was found in a previous identical fuzzing session.

====================================================================================================================================================
Revealing Factor:   Guilty Merge
Version:            2021-01-10 - d430adfea8d2c5baa186cabb130235f72fecbd5b
Commit Name:        Merge tag 'io_uring-5.11-2021-01-10' of git://git.kernel.dk/linux-block

Bug Name:           WARNING in io_ring_ctx_wait_and_kill
Bug Link:           https://syzkaller.appspot.com/bug?id=cdf00205127303ca523678fbb9d7eb7613632dba
Arch:               amd64
Finding Date:       2021-01-11
Finding Commit:     2021-01-10 - 7c53f6b671f4aba70ff15e1b05148b10d58c2837
Guilty Merge:       2021-01-10 - d430adfea8d2c5baa186cabb130235f72fecbd5b
Guilty Commit:      2021-01-09 - d9d05217cb6990b9a56e13b56e7a1b71e2551f6c

Possible Blocking Bugs:
