BUG: unable to handle kernel paging request in netif_receive_generic_xdp,https://syzkaller.appspot.com/bug?id=c8688064f548f5fb30decc7c467b8aa5eb2bd58e
Repository: linux
Arch: amd64
Finding: 2020-01-18 - 244dc2689085d7ff478f7b61841e62e59bea4557
Guilty:  2017-09-25 - 90e33d45940793def6f773b2d528e9f3c84ffdc7
Duplicate Names:
    KASAN: use-after-free Read in eth_type_trans
    BUG: unable to handle kernel paging request in netif_receive_generic_xdp
    BUG: unable to handle kernel paging request in do_xdp_generic
Single Proc Allocation
VMs:8
CPUs:2
Procs:16
Max time:30
Max attempts:3
Testing the finding commit.

2023-06-10 18:51:58
Session:   1
Template:  2020-01-19 - 0342f8c7bc656ea8ee3c45e49edeb4ee9cc12cce
Syzkaller: 2020-01-19 - 0342f8c7bc656ea8ee3c45e49edeb4ee9cc12cce
Kernel:    2020-01-18 - 244dc2689085d7ff478f7b61841e62e59bea4557
Compiler:  gcc-9.0.0-20181231
Attempt 1:
    Time  Bug Name
***    2  BUG: unable to handle kernel paging request in do_xdp_generic
***    2  BUG: unable to handle kernel paging request in do_xdp_generic
Attempt 2:
    Time  Bug Name
       2  KASAN: use-after-free Read in do_xdp_generic
***    2  BUG: unable to handle kernel paging request in do_xdp_generic
Attempt 3:
    Time  Bug Name
       2  KASAN: use-after-free Read in do_xdp_generic
***    2  BUG: unable to handle kernel paging request in do_xdp_generic
The bug was found.

New Max Time: 10.
Merge Commit: 2017-09-26 - 070eb6e0890b189a5a5cd37e39005ea0c77d9ea3.

==== Template Inspection ====
180 template changes in [2017-09-26, 2020-01-19].

2023-06-10 21:26:55
Session:   2
Template:  2018-09-20 - 9ba5d84192c3e03835e344d5a50f9d8b18053c64
Syzkaller: 2018-09-20 - 9ba5d84192c3e03835e344d5a50f9d8b18053c64
Kernel:    2018-09-20 - 234b69e3e089d850a98e7b3145bd00e9b52b1111
Compiler:  gcc-8.0.1-20180412
Attempt 1:
    No crashes found.
Attempt 2:
    No crashes found.
Attempt 3:
    No crashes found.
The bug was not found.

2023-06-10 22:12:14
Session:   3
Template:  2019-09-17 - c9364a464803dee7c57da611a17d01b57b53ff7d
Syzkaller: 2019-09-17 - c9364a464803dee7c57da611a17d01b57b53ff7d
Kernel:    2019-09-17 - 7ad67ca5534ee7c958559c4ad610f05c4578e361
Compiler:  gcc-9.0.0-20181231
Attempt 1:
    No crashes found.
Attempt 2:
    No crashes found.
Attempt 3:
    No crashes found.
The bug was not found.

2023-06-10 22:59:30
Session:   4
Template:  2019-12-30 - 7f117e28b86fbcd044980c4d2c8baa07548bf0cb
Syzkaller: 2019-12-30 - 7f117e28b86fbcd044980c4d2c8baa07548bf0cb
Kernel:    2019-12-29 - fd6988496e79a6a4bdb514a4655d2920209eb85d
Compiler:  gcc-9.0.0-20181231
Attempt 1:
    Time  Bug Name
       2  WARNING in bpf_warn_invalid_xdp_action
       2  KASAN: use-after-free Read in do_xdp_generic
***    2  BUG: unable to handle kernel paging request in do_xdp_generic
The bug was found.

2023-06-10 23:16:22
Session:   5
Template:  2019-11-25 - 6bfd3dd23bb76adbc71f245930d5969243843641
Syzkaller: 2019-11-25 - 6bfd3dd23bb76adbc71f245930d5969243843641
Kernel:    2019-11-25 - 4ba380f61624113395bebdc2f9f6da990a0738f9
Compiler:  gcc-9.0.0-20181231
Attempt 1:
    Time  Bug Name
***    2  BUG: unable to handle kernel paging request in do_xdp_generic
The bug was found.

2023-06-10 23:32:31
Session:   6
Template:  2019-10-25 - 04ca72cd45348daab9d896bbec8ea4c2d13455ac
Syzkaller: 2019-10-25 - 04ca72cd45348daab9d896bbec8ea4c2d13455ac
Kernel:    2019-10-25 - b4b61b224d12ef12ff21cc598acce0ee818903ab
Compiler:  gcc-9.0.0-20181231
Attempt 1:
    Time  Bug Name
***    2  BUG: unable to handle kernel paging request in do_xdp_generic
The bug was found.

2023-06-10 23:50:01
Session:   7
Template:  2019-09-19 - a32a31848629a1dd0849987122574a80e888301b
Syzkaller: 2019-09-19 - a32a31848629a1dd0849987122574a80e888301b
Kernel:    2019-09-19 - 574cc4539762561d96b456dbc0544d8898bd4c6e
Compiler:  gcc-9.0.0-20181231
Attempt 1:
    Time  Bug Name
       2  KASAN: use-after-free Read in do_xdp_generic
***    2  BUG: unable to handle kernel paging request in do_xdp_generic
The bug was found.

2023-06-11 00:06:47
Session:   8
Template:  2019-09-18 - c2dcd7009f76ef614ef3f5cc7c11a89d6d83d08c
Syzkaller: 2019-09-18 - c2dcd7009f76ef614ef3f5cc7c11a89d6d83d08c
Kernel:    2019-09-18 - f60c55a94e1d127186566f06294f2dadd966e9b4
Compiler:  gcc-9.0.0-20181231
Attempt 1:
    Time  Bug Name
       2  KASAN: use-after-free Read in do_xdp_generic
Attempt 2:
    Time  Bug Name
***    2  BUG: unable to handle kernel paging request in do_xdp_generic
***    2  BUG: unable to handle kernel paging request in do_xdp_generic
The bug was found.

2023-06-11 00:34:15
Session:   9
Template:  2019-09-17 - 03e0d245596b0276ea0cdc8efe6120f51653a713
Syzkaller: 2019-09-17 - 03e0d245596b0276ea0cdc8efe6120f51653a713
Kernel:    2019-09-17 - 7ad67ca5534ee7c958559c4ad610f05c4578e361
Compiler:  gcc-9.0.0-20181231
Attempt 1:
    No crashes found.
Attempt 2:
    No crashes found.
Attempt 3:
    No crashes found.
The bug was not found.

2023-06-11 01:23:24
Session:   10
Template:  2019-09-17 - 03e0d245596b0276ea0cdc8efe6120f51653a713
Syzkaller: 2019-09-18 - c2dcd7009f76ef614ef3f5cc7c11a89d6d83d08c
Kernel:    2019-09-18 - f60c55a94e1d127186566f06294f2dadd966e9b4
Compiler:  gcc-9.0.0-20181231
Attempt 1:
    No crashes found.
Attempt 2:
    No crashes found.
Attempt 3:
    No crashes found.
The bug was not found.

====================================================================================================================================================
Revealing Factor:   Template Update
Version:            2019-09-18 - c2dcd7009f76ef614ef3f5cc7c11a89d6d83d08c
Commit Name:        sys/linux: update BPF's anonymous structures

Bug Name:           BUG: unable to handle kernel paging request in netif_receive_generic_xdp
Bug Link:           https://syzkaller.appspot.com/bug?id=c8688064f548f5fb30decc7c467b8aa5eb2bd58e
Arch:               amd64
Finding Date:       2020-01-19
Finding Commit:     2020-01-18 - 244dc2689085d7ff478f7b61841e62e59bea4557
Guilty Merge:       2017-09-26 - 070eb6e0890b189a5a5cd37e39005ea0c77d9ea3
Guilty Commit:      2017-09-25 - 90e33d45940793def6f773b2d528e9f3c84ffdc7

Possible Blocking Bugs:
