KASAN: use-after-free Read in bitmap_port_ext_cleanup,https://syzkaller.appspot.com/bug?id=d463fb9bf88946c8b83d95b2f216f295b50c70de
Repository: linux
Arch: i386
Finding: 2020-01-08 - b07f636fca1c8fbba124b0082487c0b3890a0e0c
Guilty:  2013-09-30 - 40cd63bf33b21ef4d43776b1d49c605f876fe32c
Duplicate Names:
    KASAN: use-after-free Read in bitmap_port_ext_cleanup
    KASAN: use-after-free Read in bitmap_port_destroy
Single Proc Allocation
VMs:8
CPUs:2
Procs:16
Max time:30
Max attempts:3
Testing the finding commit.

2023-06-07 11:27:14
Session:   1
Template:  2020-01-09 - 4de4e9f01d7139b72102ae0b8a1e810730467774
Syzkaller: 2020-01-09 - 4de4e9f01d7139b72102ae0b8a1e810730467774
Kernel:    2020-01-08 - b07f636fca1c8fbba124b0082487c0b3890a0e0c
Compiler:  gcc-9.0.0-20181231
Attempt 1:
    Time  Bug Name
***    2  KASAN: use-after-free Read in bitmap_port_ext_cleanup
Attempt 2:
    Time  Bug Name
***    2  KASAN: use-after-free Read in bitmap_port_ext_cleanup
Attempt 3:
    Time  Bug Name
***    2  KASAN: use-after-free Read in bitmap_port_ext_cleanup
The bug was found.

New Max Time: 10.
Merge Commit: 2013-10-04 - d639feaaf3f40cd90b75a2fec5b7d5c3f96c2c88.

==== Template Inspection ====
100 template changes in [2017-07-22, 2020-01-09].

2023-06-07 12:36:31
Session:   2
Template:  2018-12-24 - a961943f0246ba8ca0ef00b3f990617d35a6d0c1
Syzkaller: 2018-12-24 - a961943f0246ba8ca0ef00b3f990617d35a6d0c1
Kernel:    2018-12-23 - 8fe28cb58bcb235034b64cbbb7550a8a43fd88be
Compiler:  gcc-8.0.1-20180412
Attempt 1:
    No crashes found.
Attempt 2:
    No crashes found.
Attempt 3:
    No crashes found.
The bug was not found.

2023-06-07 13:17:52
Session:   3
Template:  2019-10-25 - f2635abc2ab7c5581a369c7907278190e72520cc
Syzkaller: 2019-10-25 - f2635abc2ab7c5581a369c7907278190e72520cc
Kernel:    2019-10-25 - b4b61b224d12ef12ff21cc598acce0ee818903ab
Compiler:  gcc-9.0.0-20181231
Attempt 1:
    No crashes found.
Attempt 2:
    No crashes found.
Attempt 3:
    No crashes found.
The bug was not found.

2023-06-07 13:59:53
Session:   4
Template:  2019-12-31 - 25a0186eba20ef6f4f657039ff02eff52a838b1c
Syzkaller: 2019-12-31 - 25a0186eba20ef6f4f657039ff02eff52a838b1c
Kernel:    2019-12-31 - 738d2902773e30939a982c8df7a7f94293659810
Compiler:  gcc-9.0.0-20181231
Attempt 1:
    No crashes found.
Attempt 2:
    No crashes found.
Attempt 3:
    No crashes found.
The bug was not found.

2023-06-07 14:40:49
Session:   5
Template:  2020-01-05 - d646e21ff436cd2a40b23314436cd53f21ae9500
Syzkaller: 2020-01-05 - d646e21ff436cd2a40b23314436cd53f21ae9500
Kernel:    2020-01-05 - c79f46a282390e0f5b306007bf7b11a46d529538
Compiler:  gcc-9.0.0-20181231
Attempt 1:
    No crashes found.
Attempt 2:
    No crashes found.
Attempt 3:
    No crashes found.
The bug was not found.

2023-06-07 15:21:01
Session:   6
Template:  2020-01-07 - 1bcd407ecba1040897a39ee75c8d2da609313eb5
Syzkaller: 2020-01-07 - 1bcd407ecba1040897a39ee75c8d2da609313eb5
Kernel:    2020-01-06 - ae6088216ce4b99b3a4aaaccd2eb2dd40d473d42
Compiler:  gcc-9.0.0-20181231
Attempt 1:
    No crashes found.
Attempt 2:
    No crashes found.
Attempt 3:
    No crashes found.
The bug was not found.

2023-06-07 16:01:22
Session:   7
Template:  2020-01-09 - a41d89c7c9c1d0f683ea9884d33d094247eda218
Syzkaller: 2020-01-09 - a41d89c7c9c1d0f683ea9884d33d094247eda218
Kernel:    2020-01-08 - b07f636fca1c8fbba124b0082487c0b3890a0e0c
Compiler:  gcc-9.0.0-20181231
Attempt 1:
    Time  Bug Name
***    2  KASAN: use-after-free Read in bitmap_port_ext_cleanup
The bug was found.

2023-06-07 16:16:03
Session:   8
Template:  2020-01-07 - d817520681553e36f8ce01f56fc8f8570e5ccc7c
Syzkaller: 2020-01-07 - d817520681553e36f8ce01f56fc8f8570e5ccc7c
Kernel:    2020-01-06 - ae6088216ce4b99b3a4aaaccd2eb2dd40d473d42
Compiler:  gcc-9.0.0-20181231
Attempt 1:
    Time  Bug Name
***    2  KASAN: use-after-free Read in bitmap_port_ext_cleanup
The bug was found.

2023-06-07 16:30:04
Session:   9
Template:  2020-01-07 - 1bcd407ecba1040897a39ee75c8d2da609313eb5
Syzkaller: 2020-01-07 - d817520681553e36f8ce01f56fc8f8570e5ccc7c
Kernel:    2020-01-06 - ae6088216ce4b99b3a4aaaccd2eb2dd40d473d42
Attempt 1:
    No crashes found.
Attempt 2:
    No crashes found.
Attempt 3:
    No crashes found.
The bug was not found.

====================================================================================================================================================
Revealing Factor:   Template Update
Version:            2020-01-07 - d817520681553e36f8ce01f56fc8f8570e5ccc7c
Commit Name:        sys/linux: few minor ipset improvements.

Bug Name:           KASAN: use-after-free Read in bitmap_port_ext_cleanup
Bug Link:           https://syzkaller.appspot.com/bug?id=d463fb9bf88946c8b83d95b2f216f295b50c70de
Arch:               i386
Finding Date:       2020-01-09
Finding Commit:     2020-01-08 - b07f636fca1c8fbba124b0082487c0b3890a0e0c
Guilty Merge:       2013-10-04 - d639feaaf3f40cd90b75a2fec5b7d5c3f96c2c88
Guilty Commit:      2013-09-30 - 40cd63bf33b21ef4d43776b1d49c605f876fe32c

Possible Blocking Bugs:
