memory leak in vfs_tmpfile_open,https://syzkaller.appspot.com/bug?id=f961d22c6b459871150d210a06ba550e44e3bcbd
Repository: linux
Arch: amd64
Finding: 2022-10-11 - 49da070062390094112b423ba443ea193527b2e4
Guilty:  2022-09-24 - 2b1a77461f1602f870d6fe61fc65610bb8c8dd05
No Duplicates
Multi-Proc Allocation.
VMs:4
CPUs:4
Procs:24
Max time:30
Max attempts:5
Testing the finding commit.

2023-03-20 14:09:33
Session:   1
Template:  2022-06-17 - 8f633d840e3eb6454f036e9da3285bcf27345616
Syzkaller: 2022-06-17 - 8f633d840e3eb6454f036e9da3285bcf27345616
Kernel:    2022-10-12 - 49da070062390094112b423ba443ea193527b2e4
Compiler:  gcc-10.2.1-20210110
Error: Syzkaller failed to make.
