kernel BUG at fs/ext4/inline.c:LINE!,https://syzkaller.appspot.com/bug?id=0f502ee68998bfe3ce2ccd32b9dc8ac1af58136e
Repository: linux
Arch: amd64
Finding: 2020-10-09 - 6f2f486d57c4d562cdf4932320b66fbb878ab1c4
Guilty:  2012-12-10 - f19d5870cbf72d4cb2a8e1f749dff97af99b071e
No Duplicates
Default Allocation.
VMs:4
CPUs:4
Procs:24
Max time:30
Max attempts:3
Testing the finding commit.

2023-05-04 04:26:22
Session:   1
Template:  2020-10-10 - 4a77ae0bdc5cd75ebe88ce7c896aae6bbf457a29
Syzkaller: 2020-10-10 - 4a77ae0bdc5cd75ebe88ce7c896aae6bbf457a29
Kernel:    2020-10-10 - 6f2f486d57c4d562cdf4932320b66fbb878ab1c4
Compiler:  gcc-10.1.0-syz
Attempt 1:
    Time  Bug Name
      26  no output from test machine
Attempt 2:
    Time  Bug Name
       8  no output from test machine
       9  no output from test machine
       9  no output from test machine
      16  no output from test machine
      16  no output from test machine
      24  no output from test machine
Attempt 3:
    Time  Bug Name
      12  INFO: task hung in addrconf_verify_work
      13  WARNING: can't access registers at asm_sysvec_call_function_single
      21  no output from test machine
      22  INFO: task hung in switchdev_deferred_process_work
      26  no output from test machine
      30  no output from test machine
The bug was not found.

Failure: This bug cannot be found at the finding commit.
