KASAN: use-after-free Write in bpf_tcp_close,https://syzkaller.appspot.com/bug?id=6a6fd266a962be281b17c864a073675150e36ca5
Repository: linux
Arch: amd64
Finding: 2018-06-21 - 1abd8a8f39cd9a2925149000056494523c85643a
Guilty:  2018-05-15 - 81110384441a59cff47430f20f049e69b98c17f4
Duplicate Names:
    possible deadlock in sock_hash_free
    WARNING: ODEBUG bug in sock_hash_free
    KASAN: use-after-free Read in bpf_tcp_close
    KASAN: use-after-free Write in bpf_tcp_close
    general protection fault in bpf_tcp_close
    possible deadlock in bpf_tcp_close
Multi-Proc Allocation.
VMs:4
CPUs:4
Procs:24
Max time:30
Max attempts:3
Testing the finding commit.

2023-04-11 20:43:38
Session:   1
Template:  2018-06-19 - 095ef80678981c78c6726af6a3a50a7c8f667d52
Syzkaller: 2018-06-19 - 095ef80678981c78c6726af6a3a50a7c8f667d52
Kernel:    2018-06-20 - 1abd8a8f39cd9a2925149000056494523c85643a
Compiler:  gcc-8.0.1-20180412
Attempt 1:
    Time  Bug Name
      20  lost connection to test machine
Attempt 2:
    No crashes found.
Attempt 3:
    Time  Bug Name
      27  lost connection to test machine
***   28  KASAN: use-after-free Write in bpf_tcp_close
Attempt 4: (RETRY)
    No crashes found.
Attempt 5: (RETRY)
    No crashes found.
The bug was found.

New Max Time: 30.
Merge Commit: 2018-05-16 - 5b26ace65012cbf3b54a68c39041bcd8ae5e31a7.

==== Template Inspection ====
2 template changes in [2018-05-16, 2018-06-21].

2023-04-11 23:43:58
Session:   2
Template:  2018-06-18 - 920b18be87d248413f549d978d7dd68495a6ea7c
Syzkaller: 2018-06-18 - 920b18be87d248413f549d978d7dd68495a6ea7c
Kernel:    2018-06-18 - ba4dbdedd3edc2798659bcd8b1a184ea8bdd04dc
Compiler:  gcc-8.0.1-20180412
Attempt 1:
    Time  Bug Name
      17  lost connection to test machine
      22  WARNING in smc_unhash_sk
      24  WARNING in smc_unhash_sk
      25  WARNING in smc_unhash_sk
      27  WARNING in smc_unhash_sk
      28  WARNING in smc_unhash_sk
      29  WARNING in smc_unhash_sk
Attempt 2:
    Time  Bug Name
      19  lost connection to test machine
Attempt 3:
    No crashes found.
Attempt 4: (RETRY)
    Time  Bug Name
      16  lost connection to test machine
      16  lost connection to test machine
Attempt 5: (RETRY)
    Time  Bug Name
      27  lost connection to test machine
Attempt 6: (RETRY)
    Time  Bug Name
      25  lost connection to test machine
The bug was not found.
Warning: This session is unstable.

==== Kernel Inspection ====
11 Linux commits in [2018-06-18, 2018-06-21].

2023-04-12 03:09:33
Session:   3
Template:  2018-06-18 - 45c54f755c6dee216beaeeef11e98a0375102712
Syzkaller: 2018-06-18 - 45c54f755c6dee216beaeeef11e98a0375102712
Kernel:    2018-06-18 - ba4dbdedd3edc2798659bcd8b1a184ea8bdd04dc
Compiler:  gcc-8.0.1-20180412
Attempt 1:
    Time  Bug Name
      17  lost connection to test machine
      17  lost connection to test machine
      27  WARNING in smc_unhash_sk
      30  WARNING in smc_unhash_sk
Attempt 2:
    Time  Bug Name
      30  lost connection to test machine
      30  lost connection to test machine
      30  lost connection to test machine
Attempt 3:
    Time  Bug Name
      21  lost connection to test machine
Attempt 4: (RETRY)
    Time  Bug Name
      25  lost connection to test machine
      28  no output from test machine
Attempt 5: (RETRY)
    Time  Bug Name
      24  lost connection to test machine
Attempt 6: (RETRY)
    Time  Bug Name
      26  lost connection to test machine
      26  lost connection to test machine
The bug was not found.
Warning: This session is unstable.

2023-04-12 06:36:18
Session:   4
Template:  2018-06-18 - 45c54f755c6dee216beaeeef11e98a0375102712
Syzkaller: 2018-06-18 - 45c54f755c6dee216beaeeef11e98a0375102712
Kernel:    2018-06-18 - c0d1a7eb1e601f54d301ff8a11a994e164ee65ae
Compiler:  gcc-8.0.1-20180412
Attempt 1:
    No crashes found.
Attempt 2:
    Time  Bug Name
      19  lost connection to test machine
Attempt 3:
    No crashes found.
Attempt 4: (RETRY)
    Time  Bug Name
      20  lost connection to test machine
Attempt 5: (RETRY)
    Time  Bug Name
      27  lost connection to test machine
      29  no output from test machine
Attempt 6: (RETRY)
    Time  Bug Name
      30  lost connection to test machine
      30  lost connection to test machine
The bug was not found.
Warning: This session is unstable.

2023-04-12 10:03:57
Session:   5
Template:  2018-06-18 - 45c54f755c6dee216beaeeef11e98a0375102712
Syzkaller: 2018-06-18 - 45c54f755c6dee216beaeeef11e98a0375102712
Kernel:    2018-06-18 - 6cc22dc08a247b7b4a173e4561e39705a557d300
Compiler:  gcc-8.0.1-20180412
Attempt 1:
    Time  Bug Name
      28  lost connection to test machine
Attempt 2:
    Time  Bug Name
      19  lost connection to test machine
      27  WARNING in smc_unhash_sk
      29  WARNING in smc_unhash_sk
Attempt 3:
    Time  Bug Name
      26  lost connection to test machine
Attempt 4: (RETRY)
    Time  Bug Name
      23  lost connection to test machine
Attempt 5: (RETRY)
    Time  Bug Name
      20  lost connection to test machine
Attempt 6: (RETRY)
    Time  Bug Name
      24  lost connection to test machine
      24  lost connection to test machine
The bug was not found.
Warning: This session is unstable.

2023-04-12 13:44:59
Session:   6
Template:  2018-06-18 - 45c54f755c6dee216beaeeef11e98a0375102712
Syzkaller: 2018-06-18 - 45c54f755c6dee216beaeeef11e98a0375102712
Kernel:    2018-06-18 - 73c4b15eff163f633a86589c5baf071f41af26b1
Compiler:  gcc-8.0.1-20180412
Attempt 1:
    Time  Bug Name
      23  lost connection to test machine
      23  lost connection to test machine
      26  no output from test machine
Attempt 2:
    No crashes found.
Attempt 3:
    Time  Bug Name
      30  lost connection to test machine
Attempt 4: (RETRY)
    Time  Bug Name
      19  lost connection to test machine
Attempt 5: (RETRY)
    No crashes found.
Attempt 6: (RETRY)
    No crashes found.
The bug was not found.
Warning: This session is unstable.

2023-04-12 17:12:55
Session:   7
Template:  2018-06-18 - 45c54f755c6dee216beaeeef11e98a0375102712
Syzkaller: 2018-06-18 - 45c54f755c6dee216beaeeef11e98a0375102712
Kernel:    2018-06-18 - 9ffc59d57228d74809700be6f7ecb1db10292f05
Compiler:  gcc-8.0.1-20180412
Attempt 1:
    Time  Bug Name
      18  WARNING in smc_unhash_sk
Attempt 2:
    No crashes found.
Attempt 3:
    Time  Bug Name
      25  lost connection to test machine
      28  no output from test machine
Attempt 4: (RETRY)
    Time  Bug Name
      28  lost connection to test machine
      30  WARNING in smc_unhash_sk
Attempt 5: (RETRY)
    Time  Bug Name
      15  no output from test machine
      21  WARNING in smc_unhash_sk
      30  INFO: task hung in __sb_start_write
The bug was not found.
Warning: This session is unstable.

2023-04-12 20:21:00
Session:   8
Template:  2018-06-18 - 45c54f755c6dee216beaeeef11e98a0375102712
Syzkaller: 2018-06-18 - 45c54f755c6dee216beaeeef11e98a0375102712
Kernel:    2018-06-18 - a569631306ccfc46de43013f7ff1d2af3eafd7c9
Compiler:  gcc-8.0.1-20180412
Attempt 1:
    Time  Bug Name
      18  lost connection to test machine
      20  lost connection to test machine
      29  WARNING in smc_unhash_sk
Attempt 2:
    Time  Bug Name
      30  WARNING in smc_unhash_sk
Attempt 3:
    Time  Bug Name
      25  lost connection to test machine
      30  WARNING in smc_unhash_sk
Attempt 4: (RETRY)
    Time  Bug Name
      23  lost connection to test machine
Attempt 5: (RETRY)
    Time  Bug Name
      23  lost connection to test machine
Attempt 6: (RETRY)
    Time  Bug Name
      22  lost connection to test machine
The bug was not found.
Warning: This session is unstable.

2023-04-12 23:47:45
Session:   9
Template:  2018-06-19 - 095ef80678981c78c6726af6a3a50a7c8f667d52
Syzkaller: 2018-06-19 - 095ef80678981c78c6726af6a3a50a7c8f667d52
Kernel:    2018-06-20 - f5b65348fd77839b50e79bc0a5e536832ea52d8d
Compiler:  gcc-8.0.1-20180412
Attempt 1:
    No crashes found.
Attempt 2:
    Time  Bug Name
      26  lost connection to test machine
      26  lost connection to test machine
Attempt 3:
    Time  Bug Name
      30  lost connection to test machine
      30  lost connection to test machine
Attempt 4: (RETRY)
    No crashes found.
Attempt 5: (RETRY)
    Time  Bug Name
      27  lost connection to test machine
      27  lost connection to test machine
Attempt 6: (RETRY)
    Time  Bug Name
      20  lost connection to test machine
      25  WARNING in smc_unhash_sk
The bug was not found.
Warning: This session is unstable.

2023-04-13 03:17:21
Session:   10
Template:  2018-06-19 - 095ef80678981c78c6726af6a3a50a7c8f667d52
Syzkaller: 2018-06-19 - 095ef80678981c78c6726af6a3a50a7c8f667d52
Kernel:    2018-06-20 - 6d90eb7ba341b3eb035121eff0b69d370cbc251e
Compiler:  gcc-8.0.1-20180412
Attempt 1:
    Time  Bug Name
      24  lost connection to test machine
Attempt 2:
    Time  Bug Name
      30  no output from test machine
Attempt 3:
    Time  Bug Name
      24  lost connection to test machine
Attempt 4: (RETRY)
    Time  Bug Name
      20  lost connection to test machine
      20  lost connection to test machine
      29  WARNING in smc_unhash_sk
Attempt 5: (RETRY)
    Time  Bug Name
      18  lost connection to test machine
      22  no output from test machine
      25  INFO: task hung in __sb_start_write
Attempt 6: (RETRY)
    No crashes found.
The bug was not found.
Warning: This session is unstable.

2023-04-13 06:44:51
Session:   11
Template:  2018-06-19 - 095ef80678981c78c6726af6a3a50a7c8f667d52
Syzkaller: 2018-06-19 - 095ef80678981c78c6726af6a3a50a7c8f667d52
Kernel:    2018-06-20 - 81e97f01371f4e1701feeafe484665112cd9ddc2
Compiler:  gcc-8.0.1-20180412
Attempt 1:
    No crashes found.
Attempt 2:
    No crashes found.
Attempt 3:
    Time  Bug Name
      27  lost connection to test machine
      28  WARNING in smc_unhash_sk
      29  WARNING in smc_unhash_sk
Attempt 4: (RETRY)
    Time  Bug Name
      18  lost connection to test machine
      30  WARNING in smc_unhash_sk
Attempt 5: (RETRY)
    Time  Bug Name
      30  no output from test machine
The bug was not found.
Warning: This session is unstable.

2023-04-13 09:48:16
Session:   12
Template:  2018-06-19 - 095ef80678981c78c6726af6a3a50a7c8f667d52
Syzkaller: 2018-06-19 - 095ef80678981c78c6726af6a3a50a7c8f667d52
Kernel:    2018-06-20 - d8894a08d91e230c5af9eed3de80114c5aaa3ccf
Compiler:  gcc-8.0.1-20180412
Attempt 1:
    No crashes found.
Attempt 2:
    Time  Bug Name
      30  lost connection to test machine
      30  lost connection to test machine
Attempt 3:
    Time  Bug Name
      28  lost connection to test machine
Attempt 4: (RETRY)
    Time  Bug Name
      30  lost connection to test machine
Attempt 5: (RETRY)
    Time  Bug Name
      19  lost connection to test machine
      21  no output from test machine
      30  WARNING in smc_unhash_sk
Attempt 6: (RETRY)
    No crashes found.
The bug was not found.
Warning: This session is unstable.

====================================================================================================================================================
Revealing Factor:   Unstable Commits
Unstable Range:     [2018-06-18, 2018-06-20]
Version:            2018-06-20 - 1abd8a8f39cd9a2925149000056494523c85643a
Commit Name:        Merge tag 'for-linus' of git://git.kernel.org/pub/scm/linux/kernel/git/rdma/rdma

Bug Name:           KASAN: use-after-free Write in bpf_tcp_close
Bug Link:           https://syzkaller.appspot.com/bug?id=6a6fd266a962be281b17c864a073675150e36ca5
Arch:               amd64
Finding Date:       2018-06-21
Finding Commit:     2018-06-20 - 1abd8a8f39cd9a2925149000056494523c85643a
Guilty Merge:       2018-05-16 - 5b26ace65012cbf3b54a68c39041bcd8ae5e31a7
Guilty Commit:      2018-05-15 - 81110384441a59cff47430f20f049e69b98c17f4

Possible Blocking Bugs:
