KASAN: use-after-free Read in trailing_symlink,https://syzkaller.appspot.com/bug?id=573d37f073c715dbcb403479b2458105679b58b2
Repository: linux
Arch: amd64
Finding: 2018-11-26 - ef78e5ec9214376c5cb989f5da70b02d0c117b66
Guilty:  2016-10-31 - 0f98621bef5d2b7ad41f6595899660af344f5016
Duplicate Names:
    KASAN: use-after-free Read in link_path_walk
    KASAN: use-after-free Read in trailing_symlink
    KASAN: use-after-free Read in path_lookupat
Default Allocation.
VMs:4
CPUs:4
Procs:24
Max time:30
Max attempts:3
Testing the finding commit.

2023-06-18 22:07:13
Session:   1
Template:  2018-11-27 - 4b6d14f266bcae8f1856f987c2194f36eadef83b
Syzkaller: 2018-11-27 - 4b6d14f266bcae8f1856f987c2194f36eadef83b
Kernel:    2018-11-27 - ef78e5ec9214376c5cb989f5da70b02d0c117b66
Compiler:  gcc-8.0.1-20180412
Attempt 1:
    Time  Bug Name
***   12  KASAN: use-after-free Read in link_path_walk
Attempt 2:
    Time  Bug Name
***    8  KASAN: use-after-free Read in link_path_walk
Attempt 3:
    No crashes found.
The bug was found.

New Max Time: 26.
No Merge Commit.

==== Template Inspection ====
20 template changes in [2017-07-22, 2018-11-28].

2023-06-18 23:21:38
Session:   2
Template:  2018-07-06 - 9636bc933e06475902e46750d5f5198fb9c2ff7a
Syzkaller: 2018-07-06 - 9636bc933e06475902e46750d5f5198fb9c2ff7a
Kernel:    2018-07-06 - c2b58149d21f619e34ed047ac27eaf280db692da
Compiler:  gcc-8.0.1-20180412
Attempt 1:
    Time  Bug Name
       7  lost connection to test machine
***    8  KASAN: use-after-free Read in link_path_walk
The bug was found.

2023-06-18 23:50:00
Session:   3
Template:  2018-02-23 - e229ac7779c82d5cdf27243e7699a2175c785f80
Syzkaller: 2018-02-23 - e229ac7779c82d5cdf27243e7699a2175c785f80
Kernel:    2018-02-23 - 9cb9c07d6b0c5fd97d83b8ab14d7e308ba4b612f
Compiler:  gcc-8.0.1-20180301
Attempt 1:
    No crashes found.
Attempt 2:
    Time  Bug Name
      25  WARNING in tracepoint_probe_register_prio
Attempt 3:
    Time  Bug Name
      17  WARNING in tracepoint_probe_register_prio
The bug was not found.

2023-06-19 01:27:52
Session:   4
Template:  2018-05-18 - d302e8164182e77b558e471c712839fda3ed7779
Syzkaller: 2018-05-18 - d302e8164182e77b558e471c712839fda3ed7779
Kernel:    2018-05-18 - 2c71d338bef2cc8a2e5f8ebe70788eeff246fcd8
Compiler:  gcc-8.0.1-20180412
Attempt 1:
    No crashes found.
Attempt 2:
    No crashes found.
Attempt 3:
    No crashes found.
The bug was not found.

2023-06-19 03:03:18
Session:   5
Template:  2018-06-18 - 920b18be87d248413f549d978d7dd68495a6ea7c
Syzkaller: 2018-06-18 - 920b18be87d248413f549d978d7dd68495a6ea7c
Kernel:    2018-06-18 - ba4dbdedd3edc2798659bcd8b1a184ea8bdd04dc
Compiler:  gcc-8.0.1-20180412
Attempt 1:
    No crashes found.
Attempt 2:
    No crashes found.
Attempt 3:
    Time  Bug Name
      22  possible deadlock in down_trylock
      23  possible deadlock in down_trylock
The bug was not found.

2023-06-19 04:39:40
Session:   6
Template:  2018-06-18 - 920b18be87d248413f549d978d7dd68495a6ea7c
Syzkaller: 2018-07-06 - 9636bc933e06475902e46750d5f5198fb9c2ff7a
Kernel:    2018-07-06 - c2b58149d21f619e34ed047ac27eaf280db692da
Compiler:  gcc-8.0.1-20180412
Attempt 1:
    No crashes found.
Attempt 2:
    No crashes found.
Attempt 3:
    No crashes found.
The bug was not found.

====================================================================================================================================================
Revealing Factor:   Template Update
Version:            2018-07-06 - 9636bc933e06475902e46750d5f5198fb9c2ff7a
Commit Name:        sys/linux: add mount$bpf

Bug Name:           KASAN: use-after-free Read in trailing_symlink
Bug Link:           https://syzkaller.appspot.com/bug?id=573d37f073c715dbcb403479b2458105679b58b2
Arch:               amd64
Finding Date:       2018-11-28
Finding Commit:     2018-11-27 - ef78e5ec9214376c5cb989f5da70b02d0c117b66
Guilty Merge:       None
Guilty Commit:      2016-10-31 - 0f98621bef5d2b7ad41f6595899660af344f5016

Possible Blocking Bugs:
