memory leak in __pskb_copy_fclone,https://syzkaller.appspot.com/bug?id=33aa46682bd5815ee5416bc59b92ff4aced4f0a8
Repository: linux
Arch: amd64
Finding: 2021-02-14 - f40ddce88593482919761f74910f42f4b84c004b
Guilty:  2009-06-09 - 9ec7671603573ede31207eb5b0b3e1aa211b2854
Duplicate Names:
    memory leak in __pskb_copy_fclone
    memory leak in skb_clone
Single Proc Allocation
VMs:8
CPUs:2
Procs:16
Max time:30
Max attempts:5
Testing the finding commit.

2023-06-08 03:29:54
Session:   1
Template:  2021-02-20 - 3e5ed8b45e7a561d6344a4d3d7bf3bfb8f24a7b3
Syzkaller: 2021-02-20 - 3e5ed8b45e7a561d6344a4d3d7bf3bfb8f24a7b3
Kernel:    2021-02-14 - f40ddce88593482919761f74910f42f4b84c004b
Compiler:  gcc-10.2.1-20210110
Attempt 1:
    Time  Bug Name
***    2  memory leak in skb_clone
***    2  memory leak in skb_clone
***    2  memory leak in skb_clone
***    2  memory leak in skb_clone
Attempt 2:
    Time  Bug Name
***    2  memory leak in skb_clone
***    2  memory leak in __pskb_copy_fclone
Attempt 3:
    Time  Bug Name
***    2  memory leak in __pskb_copy_fclone
Attempt 4:
    Time  Bug Name
***    2  memory leak in skb_clone
Attempt 5:
    Time  Bug Name
***    2  memory leak in __pskb_copy_fclone
***    2  memory leak in __pskb_copy_fclone
The bug was found.

New Max Time: 30.
No Merge Commit.

==== Template Retrospection ====
113 template changes in [2017-07-22, 2021-02-20].

2023-06-08 04:42:06
Session:   2
Template:  2018-12-24 - dd61e58d94240df628a568c5609b1441746f4a54
Syzkaller: 2018-12-24 - dd61e58d94240df628a568c5609b1441746f4a54
Kernel:    2018-12-23 - 8fe28cb58bcb235034b64cbbb7550a8a43fd88be
Compiler:  gcc-8.0.1-20180412
Attempt 1:
    No crashes found.
Attempt 2:
    Time  Bug Name
      29  no output from test machine
Attempt 3:
    No crashes found.
Attempt 4:
    No crashes found.
Attempt 5:
    Time  Bug Name
      13  unregister_netdevice: waiting for DEV to become free
The bug was not found.

2023-06-08 07:20:06
Session:   3
Template:  2020-01-05 - d83499aa568e869fc4bea4e278a0f2229214b29d
Syzkaller: 2020-01-05 - d83499aa568e869fc4bea4e278a0f2229214b29d
Kernel:    2020-01-05 - c79f46a282390e0f5b306007bf7b11a46d529538
Compiler:  gcc-9.0.0-20181231
Attempt 1:
    No crashes found.
Attempt 2:
    No crashes found.
Attempt 3:
    No crashes found.
Attempt 4:
    No crashes found.
Attempt 5:
    No crashes found.
The bug was not found.

2023-06-08 10:02:09
Session:   4
Template:  2020-03-17 - 924f7606047a430a9b313c135b782e1e8f852bec
Syzkaller: 2020-03-17 - 924f7606047a430a9b313c135b782e1e8f852bec
Kernel:    2020-03-17 - ac309e7744bee222df6de0122facaf2d9706fa70
Compiler:  gcc-9.0.0-20181231
Attempt 1:
    No crashes found.
Attempt 2:
    No crashes found.
Attempt 3:
    No crashes found.
Attempt 4:
    No crashes found.
Attempt 5:
    No crashes found.
The bug was not found.

2023-06-08 12:45:16
Session:   5
Template:  2020-06-23 - 0c8fbbfce1e43634a1c3d71a173e6944e86da76b
Syzkaller: 2020-06-23 - 0c8fbbfce1e43634a1c3d71a173e6944e86da76b
Kernel:    2020-06-23 - 26e122e97a3d0390ebec389347f64f3730fdf48f
Compiler:  gcc-10.1.0-syz
Attempt 1:
    No crashes found.
Attempt 2:
    No crashes found.
Attempt 3:
    No crashes found.
Attempt 4:
    No crashes found.
Attempt 5:
    No crashes found.
The bug was not found.

2023-06-08 15:28:00
Session:   6
Template:  2020-09-22 - 2450c42f1be626b601353c1e039f8fcbadfaffb1
Syzkaller: 2020-09-22 - 2450c42f1be626b601353c1e039f8fcbadfaffb1
Kernel:    2020-09-22 - 805c6d3c19210c90c109107d189744e960eae025
Compiler:  gcc-10.1.0-syz
Attempt 1:
    No crashes found.
Attempt 2:
    No crashes found.
Attempt 3:
    No crashes found.
Attempt 4:
    Time  Bug Name
       3  memory leak in ieee80211_check_fast_xmit
Attempt 5:
    No crashes found.
The bug was not found.

2023-06-08 18:07:41
Session:   7
Template:  2021-02-12 - 98682e5e2aefc9aad61354f4f3ac93be96002a2a
Syzkaller: 2021-02-12 - 98682e5e2aefc9aad61354f4f3ac93be96002a2a
Kernel:    2021-02-12 - 7989807dc0c95c4b787698eba10905a5baac42e8
Compiler:  gcc-10.2.1-20210110
Attempt 1:
    Time  Bug Name
***    2  memory leak in skb_clone
The bug was found.

2023-06-08 18:23:05
Session:   8
Template:  2020-11-13 - 857a060fe3a415c1909ad8a342d9ca21019ab2fc
Syzkaller: 2020-11-13 - 857a060fe3a415c1909ad8a342d9ca21019ab2fc
Kernel:    2020-11-13 - b5dea9c0ab62a11bb52e6fa91c7d7e26d6ae8ec1
Compiler:  gcc-10.1.0-syz
Attempt 1:
    Time  Bug Name
      22  panic: disabled syscall
Attempt 2:
    No crashes found.
Attempt 3:
    No crashes found.
Attempt 4:
    No crashes found.
Attempt 5:
    No crashes found.
Attempt 6: (RETRY)
    Time  Bug Name
      27  panic: disabled syscall
Attempt 7: (RETRY)
    No crashes found.
The bug was not found.

2023-06-08 22:06:32
Session:   9
Template:  2020-11-13 - 857a060fe3a415c1909ad8a342d9ca21019ab2fc
Syzkaller: 2021-02-12 - 98682e5e2aefc9aad61354f4f3ac93be96002a2a
Kernel:    2021-02-12 - 7989807dc0c95c4b787698eba10905a5baac42e8
Compiler:  gcc-10.2.1-20210110
Attempt 1:
    No crashes found.
Attempt 2:
    Time  Bug Name
      20  panic: disabled syscall
Attempt 3:
    No crashes found.
Attempt 4:
    Time  Bug Name
      18  panic: disabled syscall
Attempt 5:
    No crashes found.
Attempt 6: (RETRY)
    No crashes found.
Attempt 7: (RETRY)
    No crashes found.
The bug was not found.

====================================================================================================================================================
Revealing Factor:   Template Update
Version:            2021-02-12 - 98682e5e2aefc9aad61354f4f3ac93be96002a2a
Commit Name:        sys/linux: add ieee802154 descriptions

Bug Name:           memory leak in __pskb_copy_fclone
Bug Link:           https://syzkaller.appspot.com/bug?id=33aa46682bd5815ee5416bc59b92ff4aced4f0a8
Arch:               amd64
Finding Date:       2021-02-20
Finding Commit:     2021-02-14 - f40ddce88593482919761f74910f42f4b84c004b
Guilty Merge:       None
Guilty Commit:      2009-06-09 - 9ec7671603573ede31207eb5b0b3e1aa211b2854

Possible Blocking Bugs:
