INFO: rcu detected stall in __se_sys_mount,https://syzkaller.appspot.com/bug?id=e74e126d9b34004aacbbb65246444ced51b0c279
Repository: linux
Arch: amd64
Finding: 2020-07-02 - 7cc2a8ea104820dd9e702202621e8fd4d9f6c8cf
Guilty:  2017-11-13 - 989782dcdc91a5e6d5999c7a52a84a60a0811e56
Duplicate Names:
    INFO: rcu detected stall in sys_open
    INFO: rcu detected stall in __se_sys_mount
    KASAN: use-after-free Read in __proc_create
    INFO: rcu detected stall in process_one_work
    KASAN: use-after-free Read in fscache_alloc_cookie
    INFO: rcu detected stall in ip_list_rcv
    KASAN: use-after-free Write in afs_manage_cell
    INFO: rcu detected stall in exit_group
    INFO: rcu detected stall in sys_mount
    KASAN: use-after-free Read in afs_deactivate_cell
    INFO: rcu detected stall in sys_newlstat
    KASAN: use-after-free Read in afs_manage_cell
    KASAN: use-after-free Write in afs_deactivate_cell
    WARNING: proc registration bug in afs_manage_cell
    INFO: rcu detected stall in security_file_open
Single Proc Allocation
VMs:8
CPUs:2
Procs:16
Max time:30
Max attempts:3
Testing the finding commit.

2023-05-04 08:18:52
Session:   1
Template:  2020-07-05 - 22f8756722ad4bbf532a6861776b24cbb513755e
Syzkaller: 2020-07-05 - 22f8756722ad4bbf532a6861776b24cbb513755e
Kernel:    2020-07-02 - 7cc2a8ea104820dd9e702202621e8fd4d9f6c8cf
Compiler:  gcc-10.1.0-syz
Attempt 1:
    Time  Bug Name
       9  general protection fault in free_netdev
      14  general protection fault in free_netdev
      16  general protection fault in free_netdev
Attempt 2:
    Time  Bug Name
      13  general protection fault in free_netdev
      19  general protection fault in free_netdev
      21  no output from test machine
      22  general protection fault in free_netdev
      24  general protection fault in free_netdev
Attempt 3:
    Time  Bug Name
       5  general protection fault in free_netdev
       6  general protection fault in free_netdev
       7  general protection fault in free_netdev
      12  general protection fault in free_netdev
      16  INFO: task hung in addrconf_verify_work
      18  general protection fault in free_netdev
      18  general protection fault in free_netdev
      25  general protection fault in free_netdev
The bug was not found.

Failure: This bug cannot be found at the finding commit.
