memory leak in llcp_sock_bind,https://syzkaller.appspot.com/bug?id=372543ad5abd4ebcb24fc9dad9f893f4407d8740
Repository: linux
Arch: amd64
Finding: 2019-07-20 - c6dd78fcb8eefa15dd861889e0f59d301cb5230c
Guilty:  2013-04-26 - 30cc4587659e1c9b1bfade8b2a757d91e04758ab
No Duplicates
Multi-Proc Allocation.
VMs:4
CPUs:4
Procs:24
Max time:30
Max attempts:5
Testing the finding commit.

2023-04-25 14:13:37
Session:   1
Template:  2019-07-19 - 1656845f45f284c574eb4f8bfe85dd7916a47a3a
Syzkaller: 2019-07-19 - 1656845f45f284c574eb4f8bfe85dd7916a47a3a
Kernel:    2019-07-20 - c6dd78fcb8eefa15dd861889e0f59d301cb5230c
Compiler:  gcc-9.0.0-20181231
Attempt 1:
    Time  Bug Name
***    8  memory leak in llcp_sock_bind
Attempt 2:
    No crashes found.
Attempt 3:
    Time  Bug Name
***    2  memory leak in llcp_sock_bind
Attempt 4:
    Time  Bug Name
***    2  memory leak in llcp_sock_bind
Attempt 5:
    Time  Bug Name
***    2  memory leak in llcp_sock_bind
The bug was found.

New Max Time: 30.
Merge Commit: 2013-04-29 - a8a48e60a468084ef6ec23c78e8903c9e0ba7a4c.

==== Template Retrospection ====
7 template changes in [2017-07-22, 2019-07-21].

2023-04-25 16:20:12
Session:   2
Template:  2018-03-05 - 42467f5b7bf4eef20f78f796fc6eb10401784d86
Syzkaller: 2018-03-05 - 42467f5b7bf4eef20f78f796fc6eb10401784d86
Kernel:    2018-03-05 - 094b58e1040a44f991d7ab628035e69c4d6b79c9
Compiler:  gcc-8.0.1-20180301
Attempt 1:
    No crashes found.
Attempt 2:
    No crashes found.
Attempt 3:
    No crashes found.
Attempt 4:
    No crashes found.
Attempt 5:
    No crashes found.
The bug was not found.

2023-04-25 19:43:17
Session:   3
Template:  2018-07-09 - 59da9e439317c83d5374d06832060fbd66efbbbc
Syzkaller: 2018-07-09 - 59da9e439317c83d5374d06832060fbd66efbbbc
Kernel:    2018-07-09 - bdf33113d89f70186ffb6674e925fa9b8a0266b1
Compiler:  gcc-8.0.1-20180412
Attempt 1:
    No crashes found.
Attempt 2:
    Time  Bug Name
***   17  memory leak in llcp_sock_bind
The bug was found.

2023-04-25 21:34:54
Session:   4
Template:  2018-05-18 - d302e8164182e77b558e471c712839fda3ed7779
Syzkaller: 2018-05-18 - d302e8164182e77b558e471c712839fda3ed7779
Kernel:    2018-05-18 - 2c71d338bef2cc8a2e5f8ebe70788eeff246fcd8
Compiler:  gcc-8.0.1-20180412
Attempt 1:
    No crashes found.
Attempt 2:
    No crashes found.
Attempt 3:
    No crashes found.
Attempt 4:
    No crashes found.
Attempt 5:
    No crashes found.
The bug was not found.

2023-04-26 00:50:34
Session:   5
Template:  2018-05-18 - d302e8164182e77b558e471c712839fda3ed7779
Syzkaller: 2018-07-09 - 59da9e439317c83d5374d06832060fbd66efbbbc
Kernel:    2018-07-09 - bdf33113d89f70186ffb6674e925fa9b8a0266b1
Compiler:  gcc-8.0.1-20180412
Attempt 1:
    Time  Bug Name
***    2  memory leak in llcp_sock_bind
The bug was found.

==== Kernel Retrospection ====
388 Linux commits in [2018-05-18, 2018-07-09].

2023-04-26 01:39:35
Session:   6
Template:  2018-06-08 - 866118af36a38963903be2bdee4aff0c36ae365f
Syzkaller: 2018-06-08 - 866118af36a38963903be2bdee4aff0c36ae365f
Kernel:    2018-06-09 - a16afaf7928b74c30a4727cdcaa67bd10675a55d
Compiler:  gcc-8.0.1-20180412
Attempt 1:
    No crashes found.
Attempt 2:
    No crashes found.
Attempt 3:
    No crashes found.
Attempt 4:
    No crashes found.
Attempt 5:
    No crashes found.
The bug was not found.

2023-04-26 05:03:29
Session:   7
Template:  2018-06-23 - 2064fc5c9114c170841328aaa4b124a4062becf6
Syzkaller: 2018-06-23 - 2064fc5c9114c170841328aaa4b124a4062becf6
Kernel:    2018-06-23 - 8b88ed3c3ec5cc8834f419432bc56f5086862552
Compiler:  gcc-8.0.1-20180412
Attempt 1:
    Time  Bug Name
      21  memory leak in dccp_feat_clone_sp_val
Attempt 2:
    Time  Bug Name
       7  memory leak in inet6_create
***   21  memory leak in llcp_sock_bind
The bug was found.

2023-04-26 06:41:22
Session:   8
Template:  2018-06-12 - 27c5f59f504f562333e3cd5e715fea5cb69c396e
Syzkaller: 2018-06-12 - 27c5f59f504f562333e3cd5e715fea5cb69c396e
Kernel:    2018-06-14 - 463f202172c31b9c36278001cabfbad4e12da42e
Compiler:  gcc-8.0.1-20180412
Attempt 1:
    No crashes found.
Attempt 2:
    Time  Bug Name
      15  lost connection to test machine
***   17  memory leak in llcp_sock_bind
The bug was found.

2023-04-26 08:16:23
Session:   9
Template:  2018-06-11 - 62d1af2467768d46623d446efaaf2f2cb6e8350e
Syzkaller: 2018-06-11 - 62d1af2467768d46623d446efaaf2f2cb6e8350e
Kernel:    2018-06-11 - a2b7ab45b8905b9c1813b0212e82a39d5c081c8a
Compiler:  gcc-8.0.1-20180412
Attempt 1:
    No crashes found.
Attempt 2:
    No crashes found.
Attempt 3:
    No crashes found.
Attempt 4:
    No crashes found.
Attempt 5:
    No crashes found.
The bug was not found.

2023-04-26 11:58:55
Session:   10
Template:  2018-06-12 - 27c5f59f504f562333e3cd5e715fea5cb69c396e
Syzkaller: 2018-06-12 - 27c5f59f504f562333e3cd5e715fea5cb69c396e
Kernel:    2018-06-12 - 98db5e5503c21c27705c49ebda782b4252b5f7a7
Compiler:  gcc-8.0.1-20180412
Attempt 1:
    Time  Bug Name
      10  lost connection to test machine
***   11  memory leak in llcp_sock_bind
The bug was found.

2023-04-26 13:17:48
Session:   11
Template:  2018-06-12 - 27c5f59f504f562333e3cd5e715fea5cb69c396e
Syzkaller: 2018-06-12 - 27c5f59f504f562333e3cd5e715fea5cb69c396e
Kernel:    2018-06-12 - 0725d4e1b8b08a60838db3a6e65c23ea8824a048
Compiler:  gcc-8.0.1-20180412
Attempt 1:
    Time  Bug Name
       6  lost connection to test machine
***   14  memory leak in llcp_sock_bind
The bug was found.

2023-04-26 14:11:05
Session:   12
Template:  2018-06-12 - 27c5f59f504f562333e3cd5e715fea5cb69c396e
Syzkaller: 2018-06-12 - 27c5f59f504f562333e3cd5e715fea5cb69c396e
Kernel:    2018-06-12 - 32bcbf8b6d09428907fd045a4ea90562ec7dc4a2
Compiler:  gcc-8.0.1-20180412
Attempt 1:
    Time  Bug Name
      15  lost connection to test machine
***   16  memory leak in llcp_sock_bind
The bug was found.

2023-04-26 15:24:44
Session:   13
Template:  2018-06-12 - 27c5f59f504f562333e3cd5e715fea5cb69c396e
Syzkaller: 2018-06-12 - 27c5f59f504f562333e3cd5e715fea5cb69c396e
Kernel:    2018-06-12 - 721afaa2aeb860067decdddadc84ed16f42f2048
Compiler:  gcc-8.0.1-20180412
Attempt 1:
    No crashes found.
Attempt 2:
    Time  Bug Name
       8  lost connection to test machine
***   12  memory leak in llcp_sock_bind
The bug was found.

2023-04-26 16:58:50
Session:   14
Template:  2018-06-12 - 27c5f59f504f562333e3cd5e715fea5cb69c396e
Syzkaller: 2018-06-12 - 27c5f59f504f562333e3cd5e715fea5cb69c396e
Kernel:    2018-06-12 - 7c00e8ae041b349992047769af741b67379ce19a
Compiler:  gcc-8.0.1-20180412
Attempt 1:
    No crashes found.
Attempt 2:
    Time  Bug Name
      14  lost connection to test machine
Attempt 3:
    No crashes found.
Attempt 4:
    Time  Bug Name
      14  lost connection to test machine
Attempt 5:
    Time  Bug Name
      17  lost connection to test machine
Attempt 6: (RETRY)
    Time  Bug Name
***   22  memory leak in llcp_sock_bind
The bug was found.

== Confirming the bisected commit ==

2023-04-26 21:07:24
Session:   15
Template:  2018-06-12 - 27c5f59f504f562333e3cd5e715fea5cb69c396e
Syzkaller: 2018-06-12 - 27c5f59f504f562333e3cd5e715fea5cb69c396e
Kernel:    2018-06-12 - 7c00e8ae041b349992047769af741b67379ce19a
The bug was found in a previous identical fuzzing session.

2023-04-26 21:07:24
Session:   16
Template:  2018-06-12 - 27c5f59f504f562333e3cd5e715fea5cb69c396e
Syzkaller: 2018-06-12 - 27c5f59f504f562333e3cd5e715fea5cb69c396e
Kernel:    2018-06-11 - a2b7ab45b8905b9c1813b0212e82a39d5c081c8a
Compiler:  gcc-8.0.1-20180412
Attempt 1:
    Time  Bug Name
      11  memory leak in dccp_feat_clone_sp_val
***   17  memory leak in llcp_sock_bind
The bug was found.

==== Syzkaller Retrospection ====
8 Syzkaller commits from [2018-06-12].

2023-04-26 23:14:06
Session:   17
Template:  2018-06-12 - 27c5f59f504f562333e3cd5e715fea5cb69c396e
Syzkaller: 2018-06-12 - 27c5f59f504f562333e3cd5e715fea5cb69c396e
Kernel:    2018-06-12 - 7c00e8ae041b349992047769af741b67379ce19a
Compiler:  gcc-8.0.1-20180412
The bug was found in a previous identical fuzzing session.

2023-04-26 23:14:06
Session:   18
Template:  2018-06-12 - 6dcbc4355bc1023f95f7dbdc4b2f38af7c0647b9
Syzkaller: 2018-06-12 - 6dcbc4355bc1023f95f7dbdc4b2f38af7c0647b9
Kernel:    2018-06-12 - 7c00e8ae041b349992047769af741b67379ce19a
Compiler:  gcc-8.0.1-20180412
Attempt 1:
    Time  Bug Name
      16  lost connection to test machine
***   18  memory leak in llcp_sock_bind
The bug was found.

2023-04-26 23:35:47
Session:   19
Template:  2018-06-12 - b29d507d73faa0935d7d9bef7ff76652ad47cf4c
Syzkaller: 2018-06-12 - b29d507d73faa0935d7d9bef7ff76652ad47cf4c
Kernel:    2018-06-12 - 7c00e8ae041b349992047769af741b67379ce19a
Compiler:  gcc-8.0.1-20180412
Attempt 1:
    Time  Bug Name
      14  lost connection to test machine
***   56  memory leak in llcp_sock_bind
***   56  memory leak in llcp_sock_bind
The bug was found.

2023-04-27 00:33:43
Session:   20
Template:  2018-06-12 - 87ee80501c3389078b6a8e7dd23b98c169e5add9
Syzkaller: 2018-06-12 - 87ee80501c3389078b6a8e7dd23b98c169e5add9
Kernel:    2018-06-12 - 7c00e8ae041b349992047769af741b67379ce19a
Compiler:  gcc-8.0.1-20180412
Attempt 1:
    Time  Bug Name
      16  lost connection to test machine
      18  memory leak in dccp_feat_clone_sp_val
***   32  memory leak in llcp_sock_bind
The bug was found.

2023-04-27 01:08:16
Session:   21
Template:  2018-06-12 - 598eb19243bdf61a317beb16b4df616898d20608
Syzkaller: 2018-06-12 - 598eb19243bdf61a317beb16b4df616898d20608
Kernel:    2018-06-12 - 7c00e8ae041b349992047769af741b67379ce19a
Compiler:  gcc-8.0.1-20180412
Attempt 1:
    Time  Bug Name
***   16  memory leak in llcp_sock_bind
The bug was found.

2023-04-27 01:26:49
Session:   22
Template:  2018-06-12 - 6fb8a0255e277f72870fa7bcc242c8218505d83e
Syzkaller: 2018-06-12 - 6fb8a0255e277f72870fa7bcc242c8218505d83e
Kernel:    2018-06-12 - 7c00e8ae041b349992047769af741b67379ce19a
Compiler:  gcc-8.0.1-20180412
Attempt 1:
    Time  Bug Name
      11  lost connection to test machine
      11  lost connection to test machine
***   12  memory leak in llcp_sock_bind
The bug was found.

2023-04-27 01:41:13
Session:   23
Template:  2018-06-12 - b431b2cc4c68297f3267543f1bbd4a91cd42d1e0
Syzkaller: 2018-06-12 - b431b2cc4c68297f3267543f1bbd4a91cd42d1e0
Kernel:    2018-06-12 - 7c00e8ae041b349992047769af741b67379ce19a
Compiler:  gcc-8.0.1-20180412
Attempt 1:
    Time  Bug Name
      16  lost connection to test machine
***   21  memory leak in llcp_sock_bind
The bug was found.

2023-04-27 02:04:59
Session:   24
Template:  2018-06-12 - 06ece2ca663d0565d9e4cd932c4c2d86767a5396
Syzkaller: 2018-06-12 - 06ece2ca663d0565d9e4cd932c4c2d86767a5396
Kernel:    2018-06-12 - 7c00e8ae041b349992047769af741b67379ce19a
Compiler:  gcc-8.0.1-20180412
Attempt 1:
    Time  Bug Name
***   31  memory leak in llcp_sock_bind
The bug was found.

====================================================================================================================================================
Revealing Factor:   Syzkaller Update
Version:            2018-06-12 - 06ece2ca663d0565d9e4cd932c4c2d86767a5396
Commit Name:        pkg/host: rework host feature detection/setup

Bug Name:           memory leak in llcp_sock_bind
Bug Link:           https://syzkaller.appspot.com/bug?id=372543ad5abd4ebcb24fc9dad9f893f4407d8740
Arch:               amd64
Finding Date:       2019-07-21
Finding Commit:     2019-07-20 - c6dd78fcb8eefa15dd861889e0f59d301cb5230c
Guilty Merge:       2013-04-29 - a8a48e60a468084ef6ec23c78e8903c9e0ba7a4c
Guilty Commit:      2013-04-26 - 30cc4587659e1c9b1bfade8b2a757d91e04758ab

Possible Blocking Bugs:
