general protection fault in magicmouse_remove,https://syzkaller.appspot.com/bug?id=a384efa2a5e486d99e6a4f1f1cd681560c388e31
Repository: linux
Arch: amd64
Finding: 2021-05-08 - ab159ac569fddf812c0a217d6dbffaa5d93ef88f
Guilty:  2018-10-03 - 9d7b18668956c411a422d04c712994c5fdb23a4b
No Duplicates
Single Proc Allocation
VMs:8
CPUs:2
Procs:16
Max time:30
Max attempts:3
Testing the finding commit.

2023-03-14 10:17:22
Session:   1
Template:  2021-05-07 - bc5434be1a615eca6d901c20b026712bd9697fd4
Syzkaller: 2021-05-07 - bc5434be1a615eca6d901c20b026712bd9697fd4
Kernel:    2021-05-08 - ab159ac569fddf812c0a217d6dbffaa5d93ef88f
Compiler:  gcc-10.2.1-20210110
Attempt 1:
    Time  Bug Name
***    4  general protection fault in magicmouse_remove
Attempt 2:
    Time  Bug Name
***    3  general protection fault in magicmouse_remove
Attempt 3:
    Time  Bug Name
***    3  general protection fault in magicmouse_remove
The bug was found.

New Max Time: 10.
Merge Commit: 2018-10-23 - 472475000979a156bc32cd75caa59737f5a1caa5.

==== Template Inspection ====
35 template changes in [2018-10-23, 2021-05-08].

2023-03-14 11:43:11
Session:   2
Template:  2019-10-25 - f2635abc2ab7c5581a369c7907278190e72520cc
Syzkaller: 2019-10-25 - f2635abc2ab7c5581a369c7907278190e72520cc
Kernel:    2019-10-25 - b4b61b224d12ef12ff21cc598acce0ee818903ab
Compiler:  gcc-9.0.0-20181231
Attempt 1:
    No crashes found.
Attempt 2:
    No crashes found.
Attempt 3:
    No crashes found.
The bug was not found.

2023-03-14 13:08:16
Session:   3
Template:  2020-01-31 - 96ce537b15c550775cd9ca09002992d9254095c7
Syzkaller: 2020-01-31 - 96ce537b15c550775cd9ca09002992d9254095c7
Kernel:    2020-01-31 - 26dca6dbd62d74a5012cafab6b2d6d65a01ea69c
Compiler:  gcc-9.0.0-20181231
Warning: Syzkaller log file exceeded 5000 lines.
Saved at /mnt/sda/author/SyzInspector/wd-inspector-2/log/bug317-boot_failure.log.
Attempt 1:
    Time  Bug Name
       1  boot failure
Warning: Syzkaller log file exceeded 5000 lines.
Saved at /mnt/sda/author/SyzInspector/wd-inspector-2/log/bug317-boot_failure.log.
Attempt 2:
    Time  Bug Name
       1  boot failure
Warning: Syzkaller log file exceeded 5000 lines.
Saved at /mnt/sda/author/SyzInspector/wd-inspector-2/log/bug317-boot_failure.log.
Attempt 3:
    Time  Bug Name
       1  boot failure
Warning: Syzkaller log file exceeded 5000 lines.
Saved at /mnt/sda/author/SyzInspector/wd-inspector-2/log/bug317-boot_failure.log.
Attempt 4: (RETRY)
    Time  Bug Name
       1  boot failure
Warning: Syzkaller log file exceeded 5000 lines.
Saved at /mnt/sda/author/SyzInspector/wd-inspector-2/log/bug317-boot_failure.log.
Attempt 5: (RETRY)
    Time  Bug Name
       1  boot failure
Warning: Syzkaller log file exceeded 5000 lines.
Saved at /mnt/sda/author/SyzInspector/wd-inspector-2/log/bug317-boot_failure.log.
Attempt 6: (RETRY)
    Time  Bug Name
       1  boot failure
The bug was not found.
Warning: This session is unstable.

2023-03-14 13:58:56
Session:   4
Template:  2020-04-19 - cc8708904da08f9c884253477fc003cc6f6d5945
Syzkaller: 2020-04-19 - cc8708904da08f9c884253477fc003cc6f6d5945
Kernel:    2020-04-19 - ae83d0b416db002fe95601e7f97f64b59514d936
Compiler:  gcc-9.0.0-20181231
Attempt 1:
    Time  Bug Name
       3  UBSAN: shift-out-of-bounds in drivers/usb/serial/option.c:LINE
       3  WARNING in r871xu_dev_remove
       5  UBSAN: shift-out-of-bounds in drivers/usb/serial/option.c:LINE
       5  UBSAN: shift-out-of-bounds in drivers/usb/serial/option.c:LINE
       6  UBSAN: shift-out-of-bounds in drivers/usb/serial/option.c:LINE
       7  UBSAN: shift-out-of-bounds in drivers/usb/serial/option.c:LINE
       7  UBSAN: shift-out-of-bounds in drivers/usb/serial/option.c:LINE
Attempt 2:
    Time  Bug Name
       3  UBSAN: shift-out-of-bounds in drivers/usb/serial/option.c:LINE
       3  UBSAN: shift-out-of-bounds in drivers/usb/serial/option.c:LINE
       4  UBSAN: shift-out-of-bounds in drivers/usb/serial/option.c:LINE
       5  UBSAN: shift-out-of-bounds in drivers/usb/serial/option.c:LINE
       5  UBSAN: shift-out-of-bounds in drivers/usb/serial/option.c:LINE
       7  UBSAN: shift-out-of-bounds in drivers/usb/serial/option.c:LINE
       7  UBSAN: shift-out-of-bounds in drivers/usb/serial/option.c:LINE
       9  UBSAN: shift-out-of-bounds in drivers/usb/serial/option.c:LINE
       9  WARNING in r871xu_dev_remove
      10  UBSAN: shift-out-of-bounds in drivers/usb/serial/option.c:LINE
Attempt 3:
    Time  Bug Name
       3  UBSAN: shift-out-of-bounds in drivers/usb/serial/option.c:LINE
       5  UBSAN: shift-out-of-bounds in drivers/usb/serial/option.c:LINE
       6  UBSAN: shift-out-of-bounds in drivers/usb/serial/option.c:LINE
       7  WARNING in r871xu_dev_remove
      10  UBSAN: shift-out-of-bounds in drivers/usb/serial/option.c:LINE
The bug was not found.

2023-03-14 15:05:17
Session:   5
Template:  2021-04-13 - 8ba8079b119fc956671eed6c7e8cb6efd355ae61
Syzkaller: 2021-04-13 - 8ba8079b119fc956671eed6c7e8cb6efd355ae61
Kernel:    2021-04-13 - eebe426d32e1a10ac7c35f8ffab5f818c32a2454
Compiler:  gcc-10.2.1-20210110
Attempt 1:
    No crashes found.
Attempt 2:
    No crashes found.
Attempt 3:
    No crashes found.
The bug was not found.

2023-03-14 16:18:57
Session:   6
Template:  2021-04-22 - 33c28d0389a6b0dd17a5de7c093a011cdadb33b1
Syzkaller: 2021-04-22 - 33c28d0389a6b0dd17a5de7c093a011cdadb33b1
Kernel:    2021-04-22 - 18a3c5f7abfdf97f88536d35338ebbee119c355c
Compiler:  gcc-10.2.1-20210110
Attempt 1:
    No crashes found.
Attempt 2:
    No crashes found.
Attempt 3:
    No crashes found.
The bug was not found.

==== Kernel Inspection ====
207 Linux commits in [2021-04-22, 2021-05-08].

2023-03-14 17:38:21
Session:   7
Template:  2021-04-28 - 77e2b66864e69c17416614228723a1ebd3581ddc
Syzkaller: 2021-04-28 - 77e2b66864e69c17416614228723a1ebd3581ddc
Kernel:    2021-04-28 - fc0586062816559defb14c947319ef8c4c326fb3
Compiler:  gcc-10.2.1-20210110
Attempt 1:
    No crashes found.
Attempt 2:
    No crashes found.
Attempt 3:
    No crashes found.
The bug was not found.

2023-03-14 18:41:05
Session:   8
Template:  2021-05-03 - 09efdd63fa8ebdadeccc841b699026e73081f7e0
Syzkaller: 2021-05-03 - 09efdd63fa8ebdadeccc841b699026e73081f7e0
Kernel:    2021-05-03 - a7efd197bc7ff03076faf09d6325d7c3427893e3
Compiler:  gcc-10.2.1-20210110
Attempt 1:
    Time  Bug Name
       3  WARNING in __nf_unregister_net_hook
       3  WARNING in __nf_unregister_net_hook
       3  WARNING in __nf_unregister_net_hook
       3  WARNING in __nf_unregister_net_hook
       3  WARNING in __nf_unregister_net_hook
***    4  general protection fault in magicmouse_remove
The bug was found.

2023-03-14 19:31:59
Session:   9
Template:  2021-04-28 - 77e2b66864e69c17416614228723a1ebd3581ddc
Syzkaller: 2021-04-28 - 77e2b66864e69c17416614228723a1ebd3581ddc
Kernel:    2021-04-30 - c70a4be130de333ea079c59da41cc959712bb01c
Compiler:  gcc-10.2.1-20210110
Attempt 1:
    Time  Bug Name
       2  WARNING in __nf_unregister_net_hook
       2  WARNING in __nf_unregister_net_hook
       3  WARNING in __nf_unregister_net_hook
       3  WARNING in __nf_unregister_net_hook
       3  WARNING in __nf_unregister_net_hook
       3  WARNING in __nf_unregister_net_hook
       4  WARNING in __nf_unregister_net_hook
       4  WARNING in __nf_unregister_net_hook
       4  WARNING in __nf_unregister_net_hook
       4  WARNING in __nf_unregister_net_hook
       4  WARNING in __nf_unregister_net_hook
       4  WARNING in __nf_unregister_net_hook
       5  WARNING in __nf_unregister_net_hook
       5  WARNING in __nf_unregister_net_hook
       5  WARNING in __nf_unregister_net_hook
       6  WARNING in __nf_unregister_net_hook
       6  WARNING in __nf_unregister_net_hook
       6  WARNING in __nf_unregister_net_hook
       6  WARNING in __nf_unregister_net_hook
       6  WARNING in __nf_unregister_net_hook
       6  WARNING in __nf_unregister_net_hook
       7  WARNING in __nf_unregister_net_hook
       7  WARNING in __nf_unregister_net_hook
       7  WARNING in __nf_unregister_net_hook
       7  WARNING in __nf_unregister_net_hook
       7  WARNING in __nf_unregister_net_hook
Attempt 2:
    Time  Bug Name
       2  WARNING in __nf_unregister_net_hook
       2  WARNING in __nf_unregister_net_hook
       3  WARNING in __nf_unregister_net_hook
       3  WARNING in __nf_unregister_net_hook
       3  WARNING in __nf_unregister_net_hook
       3  WARNING in __nf_unregister_net_hook
       3  WARNING in __nf_unregister_net_hook
Attempt 3:
    Time  Bug Name
       2  WARNING in __nf_unregister_net_hook
       2  WARNING in __nf_unregister_net_hook
       3  WARNING in __nf_unregister_net_hook
       3  WARNING in __nf_unregister_net_hook
       3  WARNING in __nf_unregister_net_hook
       3  WARNING in __nf_unregister_net_hook
       4  WARNING in __nf_unregister_net_hook
       4  WARNING in __nf_unregister_net_hook
       4  WARNING in __nf_unregister_net_hook
       4  WARNING in __nf_unregister_net_hook
       5  WARNING in __nf_unregister_net_hook
       5  WARNING in __nf_unregister_net_hook
       5  WARNING in __nf_unregister_net_hook
       5  WARNING in __nf_unregister_net_hook
       5  WARNING in __nf_unregister_net_hook
       6  WARNING in __nf_unregister_net_hook
       6  WARNING in __nf_unregister_net_hook
       6  WARNING in __nf_unregister_net_hook
       6  WARNING in __nf_unregister_net_hook
       6  WARNING in __nf_unregister_net_hook
       6  WARNING in __nf_unregister_net_hook
       7  WARNING in __nf_unregister_net_hook
       7  WARNING in __nf_unregister_net_hook
       7  WARNING in __nf_unregister_net_hook
       8  WARNING in __nf_unregister_net_hook
       8  WARNING in __nf_unregister_net_hook
       8  WARNING in __nf_unregister_net_hook
       8  WARNING in __nf_unregister_net_hook
       8  WARNING in __nf_unregister_net_hook
       8  WARNING in __nf_unregister_net_hook
       9  WARNING in __nf_unregister_net_hook
       9  WARNING in __nf_unregister_net_hook
       9  WARNING in __nf_unregister_net_hook
       9  WARNING in __nf_unregister_net_hook
       9  WARNING in __nf_unregister_net_hook
      10  WARNING in __nf_unregister_net_hook
      10  WARNING in __nf_unregister_net_hook
      10  WARNING in __nf_unregister_net_hook
      10  WARNING in __nf_unregister_net_hook
The bug was not found.

2023-03-14 20:44:14
Session:   10
Template:  2021-04-28 - 77e2b66864e69c17416614228723a1ebd3581ddc
Syzkaller: 2021-04-28 - 77e2b66864e69c17416614228723a1ebd3581ddc
Kernel:    2021-05-01 - 4f9701057a9cc1ae6bfc533204c9d3ba386687de
Compiler:  gcc-10.2.1-20210110
Attempt 1:
    Time  Bug Name
       2  WARNING in __nf_unregister_net_hook
       3  WARNING in __nf_unregister_net_hook
       3  WARNING in __nf_unregister_net_hook
       3  WARNING in __nf_unregister_net_hook
       3  WARNING in __nf_unregister_net_hook
       3  WARNING in __nf_unregister_net_hook
       3  WARNING in __nf_unregister_net_hook
       3  WARNING in __nf_unregister_net_hook
       4  WARNING in __nf_unregister_net_hook
       5  WARNING in __nf_unregister_net_hook
       5  WARNING in __nf_unregister_net_hook
       5  WARNING in __nf_unregister_net_hook
       5  WARNING in __nf_unregister_net_hook
       5  WARNING in __nf_unregister_net_hook
       5  WARNING in __nf_unregister_net_hook
       6  WARNING in __nf_unregister_net_hook
       6  WARNING in __nf_unregister_net_hook
       6  WARNING in __nf_unregister_net_hook
       6  WARNING in __nf_unregister_net_hook
       7  WARNING in __nf_unregister_net_hook
       7  WARNING in __nf_unregister_net_hook
       7  WARNING in __nf_unregister_net_hook
       7  WARNING in __nf_unregister_net_hook
       7  WARNING in __nf_unregister_net_hook
       7  WARNING in __nf_unregister_net_hook
       8  WARNING in __nf_unregister_net_hook
       8  WARNING in __nf_unregister_net_hook
       8  WARNING in __nf_unregister_net_hook
       9  WARNING in __nf_unregister_net_hook
       9  WARNING in __nf_unregister_net_hook
       9  WARNING in __nf_unregister_net_hook
       9  WARNING in __nf_unregister_net_hook
       9  WARNING in __nf_unregister_net_hook
       9  WARNING in __nf_unregister_net_hook
      10  WARNING in __nf_unregister_net_hook
      10  WARNING in __nf_unregister_net_hook
      10  WARNING in __nf_unregister_net_hook
Attempt 2:
    Time  Bug Name
       2  WARNING in __nf_unregister_net_hook
       2  WARNING in __nf_unregister_net_hook
       3  WARNING in __nf_unregister_net_hook
       3  WARNING in __nf_unregister_net_hook
       3  WARNING in __nf_unregister_net_hook
       4  WARNING in __nf_unregister_net_hook
       4  WARNING in __nf_unregister_net_hook
       4  WARNING in __nf_unregister_net_hook
       4  WARNING in __nf_unregister_net_hook
       4  WARNING in __nf_unregister_net_hook
       5  WARNING in __nf_unregister_net_hook
       5  WARNING in __nf_unregister_net_hook
       6  WARNING in __nf_unregister_net_hook
       6  WARNING in __nf_unregister_net_hook
       6  WARNING in __nf_unregister_net_hook
       6  WARNING in __nf_unregister_net_hook
       6  WARNING in __nf_unregister_net_hook
       6  WARNING in __nf_unregister_net_hook
       6  WARNING in __nf_unregister_net_hook
       7  WARNING in __nf_unregister_net_hook
       7  WARNING in __nf_unregister_net_hook
       7  WARNING in __nf_unregister_net_hook
       7  WARNING in __nf_unregister_net_hook
       8  WARNING in __nf_unregister_net_hook
       8  WARNING in __nf_unregister_net_hook
       8  WARNING in __nf_unregister_net_hook
       8  WARNING in __nf_unregister_net_hook
       9  WARNING in __nf_unregister_net_hook
       9  WARNING in __nf_unregister_net_hook
       9  WARNING in __nf_unregister_net_hook
       9  WARNING in __nf_unregister_net_hook
      10  WARNING in __nf_unregister_net_hook
      10  WARNING in __nf_unregister_net_hook
      10  WARNING in __nf_unregister_net_hook
      10  WARNING in __nf_unregister_net_hook
Attempt 3:
    Time  Bug Name
       2  WARNING in __nf_unregister_net_hook
***    3  general protection fault in magicmouse_remove
The bug was found.

2023-03-14 21:46:51
Session:   11
Template:  2021-04-28 - 77e2b66864e69c17416614228723a1ebd3581ddc
Syzkaller: 2021-04-28 - 77e2b66864e69c17416614228723a1ebd3581ddc
Kernel:    2021-04-30 - d42f323a7df0b298c07313db00b44b78555ca8e6
Compiler:  gcc-10.2.1-20210110
Attempt 1:
    Time  Bug Name
       2  WARNING in __nf_unregister_net_hook
       3  WARNING in __nf_unregister_net_hook
       3  WARNING in __nf_unregister_net_hook
       3  WARNING in __nf_unregister_net_hook
       3  WARNING in __nf_unregister_net_hook
       3  WARNING in __nf_unregister_net_hook
       4  WARNING in __nf_unregister_net_hook
       4  WARNING in __nf_unregister_net_hook
       4  WARNING in __nf_unregister_net_hook
       4  WARNING in __nf_unregister_net_hook
       5  WARNING in __nf_unregister_net_hook
       5  WARNING in __nf_unregister_net_hook
       5  WARNING in __nf_unregister_net_hook
       5  WARNING in __nf_unregister_net_hook
       6  WARNING in __nf_unregister_net_hook
       6  WARNING in __nf_unregister_net_hook
       6  WARNING in __nf_unregister_net_hook
       6  WARNING in __nf_unregister_net_hook
       6  WARNING in __nf_unregister_net_hook
       7  WARNING in __nf_unregister_net_hook
       7  WARNING in __nf_unregister_net_hook
       7  WARNING in __nf_unregister_net_hook
       8  WARNING in __nf_unregister_net_hook
       8  WARNING in __nf_unregister_net_hook
       8  WARNING in __nf_unregister_net_hook
       8  WARNING in __nf_unregister_net_hook
       8  WARNING in __nf_unregister_net_hook
       9  WARNING in __nf_unregister_net_hook
Attempt 2:
    Time  Bug Name
       3  WARNING in __nf_unregister_net_hook
       3  WARNING in __nf_unregister_net_hook
       3  WARNING in __nf_unregister_net_hook
       3  WARNING in __nf_unregister_net_hook
       3  WARNING in __nf_unregister_net_hook
       3  WARNING in __nf_unregister_net_hook
       4  WARNING in __nf_unregister_net_hook
       4  WARNING in __nf_unregister_net_hook
       4  WARNING in __nf_unregister_net_hook
       5  WARNING in __nf_unregister_net_hook
       5  WARNING in __nf_unregister_net_hook
       5  WARNING in __nf_unregister_net_hook
       5  WARNING in __nf_unregister_net_hook
       5  WARNING in __nf_unregister_net_hook
       5  WARNING in __nf_unregister_net_hook
       5  WARNING in __nf_unregister_net_hook
       6  WARNING in __nf_unregister_net_hook
       6  WARNING in __nf_unregister_net_hook
       7  WARNING in __nf_unregister_net_hook
       7  WARNING in __nf_unregister_net_hook
       7  WARNING in __nf_unregister_net_hook
       7  WARNING in __nf_unregister_net_hook
       7  WARNING in __nf_unregister_net_hook
       7  WARNING in __nf_unregister_net_hook
       8  WARNING in __nf_unregister_net_hook
       8  WARNING in __nf_unregister_net_hook
       8  WARNING in __nf_unregister_net_hook
       8  WARNING in __nf_unregister_net_hook
       8  WARNING in __nf_unregister_net_hook
       8  WARNING in __nf_unregister_net_hook
       8  WARNING in __nf_unregister_net_hook
       9  WARNING in __nf_unregister_net_hook
       9  WARNING in __nf_unregister_net_hook
      10  WARNING in __nf_unregister_net_hook
      10  WARNING in __nf_unregister_net_hook
      10  WARNING in __nf_unregister_net_hook
      10  WARNING in __nf_unregister_net_hook
      10  WARNING in __nf_unregister_net_hook
Attempt 3:
    Time  Bug Name
       2  WARNING in __nf_unregister_net_hook
       3  WARNING in __nf_unregister_net_hook
       3  WARNING in __nf_unregister_net_hook
       3  WARNING in __nf_unregister_net_hook
       3  WARNING in __nf_unregister_net_hook
       4  WARNING in __nf_unregister_net_hook
       4  WARNING in __nf_unregister_net_hook
       4  WARNING in __nf_unregister_net_hook
       4  WARNING in __nf_unregister_net_hook
       4  WARNING in __nf_unregister_net_hook
       5  WARNING in __nf_unregister_net_hook
       5  WARNING in __nf_unregister_net_hook
       5  WARNING in __nf_unregister_net_hook
       5  WARNING in __nf_unregister_net_hook
       5  WARNING in __nf_unregister_net_hook
       5  WARNING in __nf_unregister_net_hook
       6  WARNING in __nf_unregister_net_hook
       6  WARNING in __nf_unregister_net_hook
       6  WARNING in __nf_unregister_net_hook
       6  WARNING in __nf_unregister_net_hook
       7  WARNING in __nf_unregister_net_hook
       7  WARNING in __nf_unregister_net_hook
       7  WARNING in __nf_unregister_net_hook
       7  WARNING in __nf_unregister_net_hook
       7  WARNING in __nf_unregister_net_hook
       8  WARNING in __nf_unregister_net_hook
The bug was not found.

2023-03-14 23:06:12
Session:   12
Template:  2021-04-28 - 77e2b66864e69c17416614228723a1ebd3581ddc
Syzkaller: 2021-04-28 - 77e2b66864e69c17416614228723a1ebd3581ddc
Kernel:    2021-04-30 - 6bab076a3d2ff4298483c1a3b77162811b451863
Compiler:  gcc-10.2.1-20210110
Attempt 1:
    Time  Bug Name
       2  WARNING in __nf_unregister_net_hook
       2  WARNING in __nf_unregister_net_hook
       2  WARNING in __nf_unregister_net_hook
       3  WARNING in __nf_unregister_net_hook
       3  WARNING in __nf_unregister_net_hook
       3  WARNING in __nf_unregister_net_hook
       3  WARNING in __nf_unregister_net_hook
       3  WARNING in __nf_unregister_net_hook
       4  WARNING in __nf_unregister_net_hook
       4  WARNING in __nf_unregister_net_hook
       4  WARNING in __nf_unregister_net_hook
       4  WARNING in __nf_unregister_net_hook
       5  WARNING in __nf_unregister_net_hook
       5  WARNING in __nf_unregister_net_hook
       5  WARNING in __nf_unregister_net_hook
       5  WARNING in __nf_unregister_net_hook
       5  WARNING in __nf_unregister_net_hook
       5  WARNING in __nf_unregister_net_hook
       6  WARNING in __nf_unregister_net_hook
       6  WARNING in __nf_unregister_net_hook
       6  WARNING in __nf_unregister_net_hook
       6  WARNING in __nf_unregister_net_hook
       6  WARNING in __nf_unregister_net_hook
       6  WARNING in __nf_unregister_net_hook
       7  WARNING in __nf_unregister_net_hook
       7  WARNING in __nf_unregister_net_hook
       7  WARNING in __nf_unregister_net_hook
       8  WARNING in __nf_unregister_net_hook
       8  WARNING in __nf_unregister_net_hook
       8  WARNING in __nf_unregister_net_hook
       8  WARNING in __nf_unregister_net_hook
       8  WARNING in __nf_unregister_net_hook
       8  WARNING in __nf_unregister_net_hook
       9  WARNING in __nf_unregister_net_hook
       9  WARNING in __nf_unregister_net_hook
       9  WARNING in __nf_unregister_net_hook
       9  WARNING in __nf_unregister_net_hook
       9  WARNING in __nf_unregister_net_hook
***   10  general protection fault in magicmouse_remove
      10  WARNING in __nf_unregister_net_hook
      10  WARNING in __nf_unregister_net_hook
      10  WARNING in __nf_unregister_net_hook
The bug was found.
Switching to Safe Mode: Fuzzing 5 times at 30 minutes

2023-03-15 00:03:08
Session:   13
Template:  2021-04-28 - 77e2b66864e69c17416614228723a1ebd3581ddc
Syzkaller: 2021-04-28 - 77e2b66864e69c17416614228723a1ebd3581ddc
Kernel:    2021-04-30 - 9ec1efbf9ded6cf38fd910c6fe943972d970f384
Compiler:  gcc-10.2.1-20210110
Attempt 1:
    Time  Bug Name
       2  WARNING in __nf_unregister_net_hook
       2  WARNING in __nf_unregister_net_hook
       2  WARNING in __nf_unregister_net_hook
       3  WARNING in __nf_unregister_net_hook
       3  WARNING in __nf_unregister_net_hook
       3  WARNING in __nf_unregister_net_hook
       3  WARNING in __nf_unregister_net_hook
       4  WARNING in __nf_unregister_net_hook
       4  WARNING in __nf_unregister_net_hook
       4  WARNING in __nf_unregister_net_hook
       4  WARNING in __nf_unregister_net_hook
       4  WARNING in __nf_unregister_net_hook
       4  WARNING in __nf_unregister_net_hook
       4  WARNING in __nf_unregister_net_hook
       5  WARNING in __nf_unregister_net_hook
       5  WARNING in __nf_unregister_net_hook
       5  WARNING in __nf_unregister_net_hook
       5  WARNING in __nf_unregister_net_hook
       6  WARNING in __nf_unregister_net_hook
       6  WARNING in __nf_unregister_net_hook
       6  WARNING in __nf_unregister_net_hook
       6  WARNING in __nf_unregister_net_hook
       6  WARNING in __nf_unregister_net_hook
       7  WARNING in __nf_unregister_net_hook
       7  WARNING in __nf_unregister_net_hook
       7  WARNING in __nf_unregister_net_hook
       7  WARNING in __nf_unregister_net_hook
       7  WARNING in __nf_unregister_net_hook
       8  WARNING in __nf_unregister_net_hook
       8  WARNING in __nf_unregister_net_hook
       8  WARNING in __nf_unregister_net_hook
       9  WARNING in __nf_unregister_net_hook
Attempt 2:
    Time  Bug Name
       2  WARNING in __nf_unregister_net_hook
       2  WARNING in __nf_unregister_net_hook
       3  WARNING in __nf_unregister_net_hook
       3  WARNING in __nf_unregister_net_hook
       3  WARNING in __nf_unregister_net_hook
       3  WARNING in __nf_unregister_net_hook
       3  WARNING in __nf_unregister_net_hook
       4  WARNING in __nf_unregister_net_hook
       4  WARNING in __nf_unregister_net_hook
       4  WARNING in __nf_unregister_net_hook
       4  WARNING in __nf_unregister_net_hook
       4  WARNING in __nf_unregister_net_hook
       5  WARNING in __nf_unregister_net_hook
       5  WARNING in __nf_unregister_net_hook
       5  WARNING in __nf_unregister_net_hook
       5  WARNING in __nf_unregister_net_hook
       5  WARNING in __nf_unregister_net_hook
Attempt 3:
    Time  Bug Name
       2  WARNING in __nf_unregister_net_hook
       2  WARNING in __nf_unregister_net_hook
       2  WARNING in __nf_unregister_net_hook
       3  WARNING in __nf_unregister_net_hook
       3  WARNING in __nf_unregister_net_hook
Attempt 4:
    Time  Bug Name
       3  WARNING in __nf_unregister_net_hook
       3  WARNING in __nf_unregister_net_hook
       3  WARNING in __nf_unregister_net_hook
       3  WARNING in __nf_unregister_net_hook
       3  WARNING in __nf_unregister_net_hook
       3  WARNING in __nf_unregister_net_hook
       4  WARNING in __nf_unregister_net_hook
       4  WARNING in __nf_unregister_net_hook
       4  WARNING in __nf_unregister_net_hook
       4  WARNING in __nf_unregister_net_hook
       4  WARNING in __nf_unregister_net_hook
       5  WARNING in __nf_unregister_net_hook
       5  WARNING in __nf_unregister_net_hook
       5  WARNING in __nf_unregister_net_hook
       6  WARNING in __nf_unregister_net_hook
       6  WARNING in __nf_unregister_net_hook
       6  WARNING in __nf_unregister_net_hook
       6  WARNING in __nf_unregister_net_hook
       7  WARNING in __nf_unregister_net_hook
       7  WARNING in __nf_unregister_net_hook
       7  WARNING in __nf_unregister_net_hook
       7  WARNING in __nf_unregister_net_hook
       8  WARNING in __nf_unregister_net_hook
       8  WARNING in __nf_unregister_net_hook
       8  WARNING in __nf_unregister_net_hook
***    9  general protection fault in magicmouse_remove
The bug was found.

2023-03-15 02:15:45
Session:   14
Template:  2021-04-28 - 77e2b66864e69c17416614228723a1ebd3581ddc
Syzkaller: 2021-04-28 - 77e2b66864e69c17416614228723a1ebd3581ddc
Kernel:    2021-04-30 - d652502ef46895820533aada50ddfd94abe078fe
Compiler:  gcc-10.2.1-20210110
Attempt 1:
    Time  Bug Name
       2  WARNING in __nf_unregister_net_hook
       2  WARNING in __nf_unregister_net_hook
       2  WARNING in __nf_unregister_net_hook
***    3  general protection fault in magicmouse_remove
       3  WARNING in __nf_unregister_net_hook
       3  WARNING in __nf_unregister_net_hook
The bug was found.

== Confirming the bisected commit ==

2023-03-15 02:56:39
Session:   15
Template:  2021-04-28 - 77e2b66864e69c17416614228723a1ebd3581ddc
Syzkaller: 2021-04-28 - 77e2b66864e69c17416614228723a1ebd3581ddc
Kernel:    2021-04-30 - d652502ef46895820533aada50ddfd94abe078fe
The bug was found in a previous identical fuzzing session.

2023-03-15 02:56:39
Session:   16
Template:  2021-04-28 - 77e2b66864e69c17416614228723a1ebd3581ddc
Syzkaller: 2021-04-28 - 77e2b66864e69c17416614228723a1ebd3581ddc
Kernel:    2021-04-30 - d42f323a7df0b298c07313db00b44b78555ca8e6
The bug was not found in a previous identical fuzzing session.

====================================================================================================================================================
Revealing Factor:   Kernel Commit
Version:            2021-04-30 - d652502ef46895820533aada50ddfd94abe078fe
Commit Name:        Merge tag 'ovl-update-5.13' of git://git.kernel.org/pub/scm/linux/kernel/git/mszeredi/vfs

Bug Name:           general protection fault in magicmouse_remove
Bug Link:           https://syzkaller.appspot.com/bug?id=a384efa2a5e486d99e6a4f1f1cd681560c388e31
Arch:               amd64
Finding Date:       2021-05-08
Finding Commit:     2021-05-08 - ab159ac569fddf812c0a217d6dbffaa5d93ef88f
Guilty Merge:       2018-10-23 - 472475000979a156bc32cd75caa59737f5a1caa5
Guilty Commit:      2018-10-03 - 9d7b18668956c411a422d04c712994c5fdb23a4b

Possible Blocking Bugs:
    UBSAN: shift-out-of-bounds in drivers/usb/serial/option.c:LINE
    WARNING in __nf_unregister_net_hook

AUTHOR: Determined to be a blocking bug.
