KASAN: slab-out-of-bounds Read in hci_le_meta_evt,https://syzkaller.appspot.com/bug?id=eb0eb228e0b2381429aa0d10a08ea25c7cb6cc3d
Repository: linux
Arch: amd64
Finding: 2020-07-30 - d8b9faec54ae4bc2fff68bcd0befa93ace8256ce
Guilty:  2014-12-05 - 2f010b55884efad9c2be572070cb7377a5388fcd
No Duplicates
Single Proc Allocation
VMs:8
CPUs:2
Procs:16
Max time:30
Max attempts:3
Testing the finding commit.

2023-04-19 08:32:21
Session:   1
Template:  2020-07-31 - d895b3be2cffeab3004bc0087a9f3e2b2b790892
Syzkaller: 2020-07-31 - d895b3be2cffeab3004bc0087a9f3e2b2b790892
Kernel:    2020-07-31 - d8b9faec54ae4bc2fff68bcd0befa93ace8256ce
Compiler:  gcc-10.1.0-syz
Attempt 1:
    Time  Bug Name
***    2  KASAN: slab-out-of-bounds Read in hci_le_meta_evt
Attempt 2:
    Time  Bug Name
***    2  KASAN: slab-out-of-bounds Read in hci_le_meta_evt
Attempt 3:
    Time  Bug Name
***    2  KASAN: slab-out-of-bounds Read in hci_le_meta_evt
The bug was found.

New Max Time: 10.
Merge Commit: 2014-12-05 - f700076a9d1024a8184a7b6642edebd53a46a481.

==== Template Retrospection ====
12 template changes in [2017-07-22, 2020-08-01].

2023-04-19 09:41:41
Session:   2
Template:  2019-07-22 - 6a786da97c822c3ad536290c412f472e58342c91
Syzkaller: 2019-07-22 - 6a786da97c822c3ad536290c412f472e58342c91
Kernel:    2019-07-22 - 7b5cf701ea9c395c792e2a7e3b7caf4c68b87721
Compiler:  gcc-9.0.0-20181231
Attempt 1:
    No crashes found.
Attempt 2:
    No crashes found.
Attempt 3:
    No crashes found.
The bug was not found.

2023-04-19 10:58:27
Session:   3
Template:  2020-03-17 - 924f7606047a430a9b313c135b782e1e8f852bec
Syzkaller: 2020-03-17 - 924f7606047a430a9b313c135b782e1e8f852bec
Kernel:    2020-03-17 - ac309e7744bee222df6de0122facaf2d9706fa70
Compiler:  gcc-9.0.0-20181231
Attempt 1:
    No crashes found.
Attempt 2:
    No crashes found.
Attempt 3:
    No crashes found.
The bug was not found.

2023-04-19 12:09:00
Session:   4
Template:  2020-07-30 - 056be1b9c8d0c6942412dea4a4a104978a0a9311
Syzkaller: 2020-07-30 - 056be1b9c8d0c6942412dea4a4a104978a0a9311
Kernel:    2020-07-30 - a2ec905d1e160a33b2e210e45ad30445ef26ce0e
Compiler:  gcc-10.1.0-syz
Attempt 1:
    Time  Bug Name
***    2  KASAN: slab-out-of-bounds Read in hci_le_meta_evt
The bug was found.

2023-04-19 12:49:23
Session:   5
Template:  2020-07-30 - b0947553167615d7bb1b67b22d2d080e5a5ab2cd
Syzkaller: 2020-07-30 - b0947553167615d7bb1b67b22d2d080e5a5ab2cd
Kernel:    2020-07-30 - a2ec905d1e160a33b2e210e45ad30445ef26ce0e
Compiler:  gcc-10.1.0-syz
Attempt 1:
    Time  Bug Name
***    2  KASAN: slab-out-of-bounds Read in hci_le_meta_evt
The bug was found.

2023-04-19 13:24:51
Session:   6
Template:  2020-03-17 - 924f7606047a430a9b313c135b782e1e8f852bec
Syzkaller: 2020-07-30 - b0947553167615d7bb1b67b22d2d080e5a5ab2cd
Kernel:    2020-07-30 - a2ec905d1e160a33b2e210e45ad30445ef26ce0e
Attempt 1:
    No crashes found.
Attempt 2:
    No crashes found.
Attempt 3:
    No crashes found.
The bug was not found.

====================================================================================================================================================
Revealing Factor:   Template Update
Version:            2020-07-30 - b0947553167615d7bb1b67b22d2d080e5a5ab2cd
Commit Name:        all: initialize vhci in linux

Bug Name:           KASAN: slab-out-of-bounds Read in hci_le_meta_evt
Bug Link:           https://syzkaller.appspot.com/bug?id=eb0eb228e0b2381429aa0d10a08ea25c7cb6cc3d
Arch:               amd64
Finding Date:       2020-08-01
Finding Commit:     2020-07-31 - d8b9faec54ae4bc2fff68bcd0befa93ace8256ce
Guilty Merge:       2014-12-05 - f700076a9d1024a8184a7b6642edebd53a46a481
Guilty Commit:      2014-12-05 - 2f010b55884efad9c2be572070cb7377a5388fcd

Possible Blocking Bugs:
