INFO: rcu detected stall in fq_pie_timer,https://syzkaller.appspot.com/bug?id=a818faf615421f2f8598b2d2d489d3c2d12f4e0a
Repository: linux
Arch: i386
Finding: 2021-06-22 - 0c18f29aae7ce3dadd26d8ee3505d07cc982df75
Guilty:  2020-01-23 - ec97ecf1ebe485a17cd8395a5f35e6b80b57665a
No Duplicates
Default Allocation.
VMs:4
CPUs:4
Procs:24
Max time:30
Max attempts:3
Testing the finding commit.

2023-05-23 21:31:47
Session:   1
Template:  2021-06-16 - aba2b2fb3544d9e42991237c13d8cada421deda5
Syzkaller: 2021-06-16 - aba2b2fb3544d9e42991237c13d8cada421deda5
Kernel:    2021-06-22 - 0c18f29aae7ce3dadd26d8ee3505d07cc982df75
Compiler:  gcc-10.2.1-20210110
Attempt 1:
    Time  Bug Name
       3  BUG: sleeping function called from invalid context in lock_sock_nested
       8  suppressed report
       9  suppressed report
      10  WARNING in sk_stream_kill_queues
      12  BUG: sleeping function called from invalid context in lock_sock_nested
      16  suppressed report
      18  suppressed report
      19  suppressed report
      21  BUG: sleeping function called from invalid context in lock_sock_nested
      22  suppressed report
Attempt 2:
    Time  Bug Name
       7  suppressed report
      12  suppressed report
      27  general protection fault in xfrm_user_rcv_msg_compat
Attempt 3:
    Time  Bug Name
       9  suppressed report
       9  suppressed report
      15  suppressed report
      25  suppressed report
      29  suppressed report
The bug was not found.
Warning: This session is unstable.

Failure: This bug cannot be found at the finding commit.
