KASAN: use-after-free Read in tcf_action_init,https://syzkaller.appspot.com/bug?id=79c51bcf03c9851a51678b9a556471028899c29f
Repository: linux
Arch: amd64
Finding: 2020-09-24 - 171d4ff79f965c1f164705ef0aaea102a6ad238b
Guilty:  2018-07-08 - 0190c1d452a91c38a3462abdd81752be1b9006a8
Duplicate Names:
    INFO: task hung in addrconf_verify_work
    KASAN: use-after-free Read in tcf_action_init
    INFO: task can't die in rtnetlink_rcv_msg
    KASAN: use-after-free Read in tcf_action_destroy
Single Proc Allocation
VMs:8
CPUs:2
Procs:16
Max time:30
Max attempts:3
Testing the finding commit.

2023-05-14 18:51:14
Session:   1
Template:  2020-09-23 - 54289b0835634ca07a8117613c48b73e9e647d13
Syzkaller: 2020-09-23 - 54289b0835634ca07a8117613c48b73e9e647d13
Kernel:    2020-09-24 - 171d4ff79f965c1f164705ef0aaea102a6ad238b
Compiler:  gcc-10.1.0-syz
Attempt 1:
    Time  Bug Name
***    4  KASAN: use-after-free Read in tcf_action_destroy
Attempt 2:
    Time  Bug Name
***    3  KASAN: use-after-free Read in tcf_action_destroy
Attempt 3:
    Time  Bug Name
***    3  KASAN: use-after-free Read in tcf_action_destroy
The bug was found.

New Max Time: 10.
Merge Commit: 2018-07-08 - e9ec8045644cf730d798cd8df8a6f8a86b7fba64.

==== Template Inspection ====
55 template changes in [2018-07-08, 2020-09-24].

2023-05-14 22:43:46
Session:   2
Template:  2020-01-03 - 76d86b16e617e761300a6de97f41f36bf091ef65
Syzkaller: 2020-01-03 - 76d86b16e617e761300a6de97f41f36bf091ef65
Kernel:    2020-01-03 - 3a562aee727a7bfbb3a37b1aa934118397dad701
Compiler:  gcc-9.0.0-20181231
Attempt 1:
    No crashes found.
Attempt 2:
    No crashes found.
Attempt 3:
    No crashes found.
The bug was not found.

2023-05-15 00:43:31
Session:   3
Template:  2020-02-10 - 4f86d327735efede368648e63570189966cb30c0
Syzkaller: 2020-02-10 - 4f86d327735efede368648e63570189966cb30c0
Kernel:    2020-02-10 - bb6d3fb354c5ee8d6bde2d576eb7220ea09862b9
Compiler:  gcc-9.0.0-20181231
Attempt 1:
    Time  Bug Name
***    2  KASAN: use-after-free Read in tcf_action_destroy
The bug was found.

2023-05-15 02:07:01
Session:   4
Template:  2020-01-19 - 0342f8c7bc656ea8ee3c45e49edeb4ee9cc12cce
Syzkaller: 2020-01-19 - 0342f8c7bc656ea8ee3c45e49edeb4ee9cc12cce
Kernel:    2020-01-19 - 7008ee121089b8193aea918b98850fe87d996508
Compiler:  gcc-9.0.0-20181231
Attempt 1:
    Time  Bug Name
***   10  KASAN: use-after-free Read in tcf_action_destroy
The bug was found.
Switching to Safe Mode: Fuzzing 5 times at 30 minutes

2023-05-15 03:29:59
Session:   5
Template:  2020-01-18 - 22535fecd5b37c6a14b92b17e548c8061ef77924
Syzkaller: 2020-01-18 - 22535fecd5b37c6a14b92b17e548c8061ef77924
Kernel:    2020-01-18 - 244dc2689085d7ff478f7b61841e62e59bea4557
Compiler:  gcc-9.0.0-20181231
Attempt 1:
    Time  Bug Name
***   12  KASAN: use-after-free Read in tcf_action_destroy
The bug was found.

2023-05-15 05:10:12
Session:   6
Template:  2020-01-07 - 1bcd407ecba1040897a39ee75c8d2da609313eb5
Syzkaller: 2020-01-07 - 1bcd407ecba1040897a39ee75c8d2da609313eb5
Kernel:    2020-01-06 - ae6088216ce4b99b3a4aaaccd2eb2dd40d473d42
Compiler:  gcc-9.0.0-20181231
Attempt 1:
    Time  Bug Name
***   27  KASAN: use-after-free Read in tcf_action_destroy
The bug was found.

2023-05-15 07:25:19
Session:   7
Template:  2020-01-07 - a0f466387dbca955f3681d7a163a5af174df0a4b
Syzkaller: 2020-01-07 - a0f466387dbca955f3681d7a163a5af174df0a4b
Kernel:    2020-01-06 - ae6088216ce4b99b3a4aaaccd2eb2dd40d473d42
Compiler:  gcc-9.0.0-20181231
Attempt 1:
    Time  Bug Name
***   16  KASAN: use-after-free Read in tcf_action_destroy
The bug was found.

2023-05-15 08:56:31
Session:   8
Template:  2020-01-03 - 76d86b16e617e761300a6de97f41f36bf091ef65
Syzkaller: 2020-01-07 - a0f466387dbca955f3681d7a163a5af174df0a4b
Kernel:    2020-01-06 - ae6088216ce4b99b3a4aaaccd2eb2dd40d473d42
Attempt 1:
    Time  Bug Name
***   14  KASAN: use-after-free Read in tcf_action_destroy
The bug was found.

==== Kernel Inspection ====
27 Linux commits in [2020-01-03, 2020-01-06].

2023-05-15 09:17:34
Session:   9
Template:  2020-01-03 - 682569741ad2cff260affde940be9101bc004e57
Syzkaller: 2020-01-03 - 682569741ad2cff260affde940be9101bc004e57
Kernel:    2020-01-04 - 5613970af3f5f8372c596b138bd64f3918513515
Compiler:  gcc-9.0.0-20181231
Attempt 1:
    Time  Bug Name
***   10  KASAN: use-after-free Read in tcf_action_destroy
The bug was found.

2023-05-15 10:52:03
Session:   10
Template:  2020-01-03 - 682569741ad2cff260affde940be9101bc004e57
Syzkaller: 2020-01-03 - 682569741ad2cff260affde940be9101bc004e57
Kernel:    2020-01-03 - e35d0165908ad2d2bdb76773ef77b551763eedbd
Compiler:  gcc-9.0.0-20181231
Attempt 1:
    Time  Bug Name
***   12  KASAN: use-after-free Read in tcf_action_destroy
The bug was found.

2023-05-15 13:11:00
Session:   11
Template:  2020-01-03 - 682569741ad2cff260affde940be9101bc004e57
Syzkaller: 2020-01-03 - 682569741ad2cff260affde940be9101bc004e57
Kernel:    2020-01-03 - 90e0a47be934644944e7c6a29b8fc561be168ee1
Compiler:  gcc-9.0.0-20181231
Attempt 1:
    Time  Bug Name
***   15  KASAN: use-after-free Read in tcf_action_destroy
The bug was found.

2023-05-15 14:41:19
Session:   12
Template:  2020-01-03 - 682569741ad2cff260affde940be9101bc004e57
Syzkaller: 2020-01-03 - 682569741ad2cff260affde940be9101bc004e57
Kernel:    2020-01-03 - 278b14eb920322255bf5b831e2bcfc1bf5999036
Compiler:  gcc-9.0.0-20181231
Attempt 1:
    Time  Bug Name
***   12  KASAN: use-after-free Read in tcf_action_destroy
The bug was found.

2023-05-15 15:57:21
Session:   13
Template:  2020-01-03 - 682569741ad2cff260affde940be9101bc004e57
Syzkaller: 2020-01-03 - 682569741ad2cff260affde940be9101bc004e57
Kernel:    2020-01-03 - 74f1a299107b9e1a563831a4ba85f769ab577164
Compiler:  gcc-9.0.0-20181231
Attempt 1:
    No crashes found.
Attempt 2:
    No crashes found.
Attempt 3:
    Time  Bug Name
***   13  KASAN: use-after-free Read in tcf_action_destroy
The bug was found.

== Confirming the bisected commit ==

2023-05-15 18:34:39
Session:   14
Template:  2020-01-03 - 682569741ad2cff260affde940be9101bc004e57
Syzkaller: 2020-01-03 - 682569741ad2cff260affde940be9101bc004e57
Kernel:    2020-01-03 - 74f1a299107b9e1a563831a4ba85f769ab577164
The bug was found in a previous identical fuzzing session.

2023-05-15 18:34:39
Session:   15
Template:  2020-01-03 - 682569741ad2cff260affde940be9101bc004e57
Syzkaller: 2020-01-03 - 682569741ad2cff260affde940be9101bc004e57
Kernel:    2019-12-31 - 738d2902773e30939a982c8df7a7f94293659810
Compiler:  gcc-9.0.0-20181231
Attempt 1:
    No crashes found.
Attempt 2:
    Time  Bug Name
***   24  KASAN: use-after-free Read in tcf_action_destroy
The bug was found.

==== Syzkaller Inspection ====
15 Syzkaller commits from [2020-01-03].

2023-05-15 21:50:21
Session:   16
Template:  2020-01-03 - 682569741ad2cff260affde940be9101bc004e57
Syzkaller: 2020-01-03 - 682569741ad2cff260affde940be9101bc004e57
Kernel:    2020-01-03 - 74f1a299107b9e1a563831a4ba85f769ab577164
Compiler:  gcc-9.0.0-20181231
The bug was found in a previous identical fuzzing session.

2023-05-15 21:50:21
Session:   17
Template:  2020-01-03 - 9c216c01829f7a67c5fd7ddf50be46a79cab7663
Syzkaller: 2020-01-03 - 9c216c01829f7a67c5fd7ddf50be46a79cab7663
Kernel:    2020-01-03 - 74f1a299107b9e1a563831a4ba85f769ab577164
Compiler:  gcc-9.0.0-20181231
Attempt 1:
    Time  Bug Name
      33  INFO: task hung in synchronize_rcu
Attempt 2:
    No crashes found.
Attempt 3:
    No crashes found.
Attempt 4:
    No crashes found.
Attempt 5:
    Time  Bug Name
      55  BUG: MAX_LOCKDEP_KEYS too low!
The bug was not found.

====================================================================================================================================================
Revealing Factor:   Syzkaller Update
Version:            2020-01-03 - 682569741ad2cff260affde940be9101bc004e57
Commit Name:        executor: fix IPVLAN_F_VEPA definition again

Bug Name:           KASAN: use-after-free Read in tcf_action_init
Bug Link:           https://syzkaller.appspot.com/bug?id=79c51bcf03c9851a51678b9a556471028899c29f
Arch:               amd64
Finding Date:       2020-09-24
Finding Commit:     2020-09-24 - 171d4ff79f965c1f164705ef0aaea102a6ad238b
Guilty Merge:       2018-07-08 - e9ec8045644cf730d798cd8df8a6f8a86b7fba64
Guilty Commit:      2018-07-08 - 0190c1d452a91c38a3462abdd81752be1b9006a8

Possible Blocking Bugs:
