UBSAN: shift-out-of-bounds in load_balance,https://syzkaller.appspot.com/bug?id=1ef6a1ab6eb55a3dd5c4441170718e0f3de5ea71
Repository: linux
Arch: amd64
Finding: 2021-02-21 - 31caf8b2a847214be856f843e251fc2ed2cd1075
Guilty:  2020-09-25 - 5a7f555904671c0737819fe4d19bd6143de3f6c0
No Duplicates
Default Allocation.
VMs:4
CPUs:4
Procs:24
Max time:30
Max attempts:3
Testing the finding commit.

2023-04-01 09:45:45
Session:   1
Template:  2021-02-22 - fcc6d71be2c3ce7d9305c04fc2e87af554571bac
Syzkaller: 2021-02-22 - fcc6d71be2c3ce7d9305c04fc2e87af554571bac
Kernel:    2021-02-22 - 31caf8b2a847214be856f843e251fc2ed2cd1075
Compiler:  gcc-10.2.1-20210110
Error: Syzkaller failed to make.
