memory leak in _sctp_make_chunk,https://syzkaller.appspot.com/bug?id=ec380ed7ac562353864068190f060f7332d7badc
Repository: linux
Arch: amd64
Finding: 2019-12-14 - 07c4b9e9f71aa4bc74009f710fc5a745e10981bf
Guilty:  2005-04-16 - 1da177e4c3f41524e886b7f1b8a0c1fc7321cac2
No Duplicates
Multi-Proc Allocation.
VMs:4
CPUs:4
Procs:24
Max time:30
Max attempts:5
Testing the finding commit.

2023-03-16 07:33:21
Session:   1
Template:  2019-12-16 - d13d795888186e87aeec9ce670986d183036c348
Syzkaller: 2019-12-16 - d13d795888186e87aeec9ce670986d183036c348
Kernel:    2019-12-14 - 07c4b9e9f71aa4bc74009f710fc5a745e10981bf
Compiler:  gcc-9.0.0-20181231
Attempt 1:
    No crashes found.
Attempt 2:
    No crashes found.
Attempt 3:
    No crashes found.
Attempt 4:
    No crashes found.
Attempt 5:
    No crashes found.
The bug was not found.

Failure: This bug cannot be found at the finding commit.

