WARNING in perf_pending_event,https://syzkaller.appspot.com/bug?id=4d9a3c81b08691de9279ad898de514723ee70d22
Repository: linux
Arch: amd64
Finding: 2021-08-07 - 85a90500f9a1717c4e142ce92e6c1cb1a339ec78
Guilty:  2021-04-16 - 97ba62b278674293762c3d91f724f1bb922f04e0
No Duplicates
Single Proc Allocation
VMs:8
CPUs:2
Procs:16
Max time:30
Max attempts:3
Testing the finding commit.

2023-06-02 00:10:06
Session:   1
Template:  2021-08-06 - 6972b10616d785401dea17cec890cca8916424a7
Syzkaller: 2021-08-06 - 6972b10616d785401dea17cec890cca8916424a7
Kernel:    2021-08-07 - 85a90500f9a1717c4e142ce92e6c1cb1a339ec78
Compiler:  gcc-10.2.1-20210110
Attempt 1:
    Time  Bug Name
***    5  WARNING in perf_pending_event
Attempt 2:
    Time  Bug Name
***    3  WARNING in perf_pending_event
Attempt 3:
    Time  Bug Name
***    3  WARNING in perf_pending_event
The bug was found.

New Max Time: 10.
Merge Commit: 2021-04-28 - 42dec9a936e7696bea1f27d3c5a0068cd9aa95fd.
No template updates to inspect.

==== Kernel Retrospection ====
665 Linux commits in [2021-04-28, 2021-08-08].

2023-06-02 01:41:53
Session:   2
Template:  2021-06-25 - ae6bf8ddebd14f2e21c155c0bdf555b92d3eaf7a
Syzkaller: 2021-06-25 - ae6bf8ddebd14f2e21c155c0bdf555b92d3eaf7a
Kernel:    2021-06-25 - 94ca94bbbb5f50180ecaac31566dfe5ed44c7994
Compiler:  gcc-10.2.1-20210110
Attempt 1:
    Time  Bug Name
      10  suppressed report
Attempt 2:
    Time  Bug Name
       9  suppressed report
      10  suppressed report
      10  suppressed report
      10  suppressed report
Attempt 3:
    Time  Bug Name
       7  suppressed report
      10  suppressed report
The bug was not found.
Warning: This session is unstable.

2023-06-02 03:41:16
Session:   3
Template:  2021-06-04 - 500c23397f34dde583da6d31f9d9fd21cae289f8
Syzkaller: 2021-06-04 - 500c23397f34dde583da6d31f9d9fd21cae289f8
Kernel:    2021-06-06 - 20e41d9bc80456207deb71141147a3de2c34e676
Compiler:  gcc-10.2.1-20210110
Attempt 1:
    Time  Bug Name
       6  suppressed report
       8  suppressed report
Attempt 2:
    Time  Bug Name
       6  inconsistent lock state in stack_depot_save
       7  suppressed report
       7  suppressed report
       8  suppressed report
       8  suppressed report
       8  suppressed report
Attempt 3:
    Time  Bug Name
       8  suppressed report
       8  suppressed report
       9  suppressed report
       9  suppressed report
The bug was not found.
Warning: This session is unstable.

2023-06-02 05:27:57
Session:   4
Template:  2021-05-20 - 3c7fef3361a6007112b26adc1c5a550189ef43fe
Syzkaller: 2021-05-20 - 3c7fef3361a6007112b26adc1c5a550189ef43fe
Kernel:    2021-05-21 - ba816d3c265cfe9ed0ee8347eab63cf5ac3cf5dc
Compiler:  gcc-10.2.1-20210110
Attempt 1:
    Time  Bug Name
       5  inconsistent lock state in stack_depot_save
       9  suppressed report
      10  suppressed report
Attempt 2:
    Time  Bug Name
       8  suppressed report
       9  suppressed report
      10  suppressed report
Attempt 3:
    Time  Bug Name
       4  inconsistent lock state in stack_depot_save
       8  suppressed report
       9  suppressed report
The bug was not found.
Warning: This session is unstable.

2023-06-02 07:11:57
Session:   5
Template:  2021-05-06 - 065851846172833c40933fc39639093325144fca
Syzkaller: 2021-05-06 - 065851846172833c40933fc39639093325144fca
Kernel:    2021-05-06 - 322a3b843d7f475b857646ed8f95b40431d3ecd0
Compiler:  gcc-10.2.1-20210110
Attempt 1:
    Time  Bug Name
       2  WARNING in __nf_unregister_net_hook
       3  WARNING in __nf_unregister_net_hook
       3  WARNING in __nf_unregister_net_hook
       3  WARNING in __nf_unregister_net_hook
       4  WARNING in __nf_unregister_net_hook
       9  WARNING in __nf_unregister_net_hook
      10  suppressed report
      10  suppressed report
      10  panic: disabled syscall
Attempt 2:
    Time  Bug Name
       3  WARNING in __nf_unregister_net_hook
       7  suppressed report
      10  WARNING in __nf_unregister_net_hook
Attempt 3:
    Time  Bug Name
       3  WARNING in __nf_unregister_net_hook
       3  WARNING in __nf_unregister_net_hook
       7  WARNING in __nf_unregister_net_hook
       7  WARNING in __nf_unregister_net_hook
       9  inconsistent lock state in stack_depot_save
Attempt 4: (RETRY)
    Time  Bug Name
       3  WARNING in __nf_unregister_net_hook
       3  WARNING in __nf_unregister_net_hook
       4  WARNING in __nf_unregister_net_hook
       4  WARNING in __nf_unregister_net_hook
       4  WARNING in __nf_unregister_net_hook
       4  WARNING in __nf_unregister_net_hook
       4  lost connection to test machine
       5  WARNING in __nf_unregister_net_hook
       5  WARNING in __nf_unregister_net_hook
       5  WARNING in __nf_unregister_net_hook
       6  WARNING in __nf_unregister_net_hook
       6  WARNING in __nf_unregister_net_hook
       7  WARNING in __nf_unregister_net_hook
       7  WARNING in __nf_unregister_net_hook
       7  WARNING in __nf_unregister_net_hook
       8  inconsistent lock state in stack_depot_save
      10  inconsistent lock state in stack_depot_save
The bug was not found.
Warning: This session is unstable.

2023-06-02 09:05:45
Session:   6
Template:  2021-04-28 - 77e2b66864e69c17416614228723a1ebd3581ddc
Syzkaller: 2021-04-28 - 77e2b66864e69c17416614228723a1ebd3581ddc
Kernel:    2021-04-28 - 16b3d0cf5bad844daaf436ad2e9061de0fe36e5c
Compiler:  gcc-10.2.1-20210110
Attempt 1:
    Time  Bug Name
       6  suppressed report
       7  suppressed report
       7  suppressed report
       8  suppressed report
Attempt 2:
    Time  Bug Name
       7  suppressed report
Attempt 3:
    Time  Bug Name
       9  suppressed report
      10  suppressed report
The bug was not found.
Warning: This session is unstable.

2023-06-02 11:17:47
Session:   7
Template:  2021-06-30 - 38a885d1c94053040c0881240224dd60328a4836
Syzkaller: 2021-06-30 - 38a885d1c94053040c0881240224dd60328a4836
Kernel:    2021-06-30 - f4cc74c9382d8b02181cfdc6d29ee5bc7a1f7d02
Compiler:  gcc-10.2.1-20210110
Attempt 1:
    Time  Bug Name
       7  suppressed report
       7  suppressed report
Attempt 2:
    Time  Bug Name
       7  suppressed report
       7  suppressed report
       9  suppressed report
      10  suppressed report
Attempt 3:
    Time  Bug Name
       6  suppressed report
       8  INFO: rcu detected stall in wg_expired_send_persistent_keepalive
       9  suppressed report
      10  suppressed report
The bug was not found.
Warning: This session is unstable.

2023-06-02 12:51:45
Session:   8
Template:  2021-07-09 - 8f5a7b8cde529e0a19a53f79bdf9c6cad306827b
Syzkaller: 2021-07-09 - 8f5a7b8cde529e0a19a53f79bdf9c6cad306827b
Kernel:    2021-07-09 - 96890bc2eaa1f6bfc1b194e0f0815a10824352a4
Compiler:  gcc-10.2.1-20210110
Attempt 1:
    Time  Bug Name
       3  BUG: sleeping function called from invalid context in stack_depot_save
       7  suppressed report
Attempt 2:
    Time  Bug Name
       2  possible deadlock in fs_reclaim_acquire
       7  suppressed report
Attempt 3:
    Time  Bug Name
       4  BUG: sleeping function called from invalid context in lock_sock_nested
***    6  WARNING in perf_pending_event
       6  suppressed report
The bug was found.

2023-06-02 14:45:20
Session:   9
Template:  2021-06-04 - 500c23397f34dde583da6d31f9d9fd21cae289f8
Syzkaller: 2021-06-04 - 500c23397f34dde583da6d31f9d9fd21cae289f8
Kernel:    2021-06-06 - decad3e1d1ed150588dd9d44beacf82295b9d5a5
Compiler:  gcc-10.2.1-20210110
Attempt 1:
    Time  Bug Name
       6  inconsistent lock state in stack_depot_save
       7  suppressed report
       7  inconsistent lock state in stack_depot_save
       8  suppressed report
      10  suppressed report
      10  inconsistent lock state in stack_depot_save
Attempt 2:
    Time  Bug Name
      10  suppressed report
Attempt 3:
    Time  Bug Name
       4  inconsistent lock state in stack_depot_save
       8  suppressed report
      10  suppressed report
The bug was not found.
Warning: This session is unstable.

2023-06-02 16:25:30
Session:   10
Template:  2021-05-20 - 3c7fef3361a6007112b26adc1c5a550189ef43fe
Syzkaller: 2021-05-20 - 3c7fef3361a6007112b26adc1c5a550189ef43fe
Kernel:    2021-05-23 - 6ebb6814a1ef9573d8488232b50dc53b394c025a
Compiler:  gcc-10.2.1-20210110
Attempt 1:
    Time  Bug Name
       8  suppressed report
       8  inconsistent lock state in stack_depot_save
       9  suppressed report
Attempt 2:
    Time  Bug Name
       5  inconsistent lock state in stack_depot_save
       7  suppressed report
       9  suppressed report
Attempt 3:
    Time  Bug Name
       7  inconsistent lock state in stack_depot_save
      10  suppressed report
The bug was not found.
Warning: This session is unstable.

2023-06-02 18:14:03
Session:   11
Template:  2021-05-12 - ed7d41c582d6f194ff35353d8bfdf7681dc0718e
Syzkaller: 2021-05-12 - ed7d41c582d6f194ff35353d8bfdf7681dc0718e
Kernel:    2021-05-12 - 8d02490ccdde9aef1ca57d5c87f8c20c2d6b1f5e
Compiler:  gcc-10.2.1-20210110
Attempt 1:
    Time  Bug Name
       4  inconsistent lock state in stack_depot_save
       7  suppressed report
       9  suppressed report
Attempt 2:
    Time  Bug Name
       4  panic: disabled syscall
       7  suppressed report
       7  inconsistent lock state in stack_depot_save
       8  suppressed report
Attempt 3:
    Time  Bug Name
       8  suppressed report
       8  inconsistent lock state in stack_depot_save
       9  suppressed report
The bug was not found.
Warning: This session is unstable.

2023-06-02 19:49:28
Session:   12
Template:  2021-05-04 - 06c27ff56b460864b5195bc0668d1d582df3cbf8
Syzkaller: 2021-05-04 - 06c27ff56b460864b5195bc0668d1d582df3cbf8
Kernel:    2021-05-04 - a01d9524cad7c0327bb6d6777639b4c0b3df8840
Compiler:  gcc-10.2.1-20210110
Attempt 1:
    Time  Bug Name
       3  WARNING in __nf_unregister_net_hook
       3  WARNING in __nf_unregister_net_hook
       3  WARNING in __nf_unregister_net_hook
       3  WARNING in __nf_unregister_net_hook
       4  WARNING in __nf_unregister_net_hook
       4  WARNING in __nf_unregister_net_hook
       5  WARNING in __nf_unregister_net_hook
       5  WARNING in __nf_unregister_net_hook
Attempt 2:
    Time  Bug Name
       3  WARNING in __nf_unregister_net_hook
       3  WARNING in __nf_unregister_net_hook
       8  suppressed report
       8  WARNING in __nf_unregister_net_hook
       9  WARNING in __nf_unregister_net_hook
Attempt 3:
    Time  Bug Name
       2  WARNING in __nf_unregister_net_hook
       3  WARNING in __nf_unregister_net_hook
       3  WARNING in __nf_unregister_net_hook
       3  WARNING in __nf_unregister_net_hook
       7  suppressed report
       8  suppressed report
       8  WARNING in __nf_unregister_net_hook
Attempt 4: (RETRY)
    Time  Bug Name
       3  WARNING in __nf_unregister_net_hook
       3  WARNING in __nf_unregister_net_hook
       3  WARNING in __nf_unregister_net_hook
       4  WARNING in __nf_unregister_net_hook
       4  WARNING in __nf_unregister_net_hook
       4  WARNING in __nf_unregister_net_hook
       5  WARNING in __nf_unregister_net_hook
       5  WARNING in __nf_unregister_net_hook
       9  WARNING in __nf_unregister_net_hook
      10  suppressed report
The bug was not found.
Warning: This session is unstable.

2023-06-02 21:52:22
Session:   13
Template:  2021-06-16 - aba2b2fb3544d9e42991237c13d8cada421deda5
Syzkaller: 2021-06-16 - aba2b2fb3544d9e42991237c13d8cada421deda5
Kernel:    2021-06-19 - d9403d307dba1a71ee6462b22300c2d3be773b1c
Compiler:  gcc-10.2.1-20210110
Attempt 1:
    Time  Bug Name
       5  suppressed report
       7  suppressed report
       7  suppressed report
Attempt 2:
    Time  Bug Name
       7  suppressed report
       8  suppressed report
       9  suppressed report
       9  suppressed report
Attempt 3:
    Time  Bug Name
      10  suppressed report
The bug was not found.
Warning: This session is unstable.

2023-06-02 23:47:40
Session:   14
Template:  2021-06-26 - 9d2ab5dfe7727dfea4b9b279f4edf731acb386ef
Syzkaller: 2021-06-26 - 9d2ab5dfe7727dfea4b9b279f4edf731acb386ef
Kernel:    2021-06-28 - 6159c49e12284b4880fd60e0575a71a40556a67e
Compiler:  gcc-10.2.1-20210110
Attempt 1:
    Time  Bug Name
       4  BUG: sleeping function called from invalid context in lock_sock_nested
       8  suppressed report
       9  suppressed report
Attempt 2:
    Time  Bug Name
       8  suppressed report
       8  suppressed report
      10  suppressed report
Attempt 3:
    Time  Bug Name
       7  suppressed report
       7  suppressed report
       8  suppressed report
       9  BUG: sleeping function called from invalid context in lock_sock_nested
The bug was not found.
Warning: This session is unstable.

2023-06-03 01:29:48
Session:   15
Template:  2021-07-02 - 55aa55c24fe77aae07d530662f91b4d50c4990f0
Syzkaller: 2021-07-02 - 55aa55c24fe77aae07d530662f91b4d50c4990f0
Kernel:    2021-07-02 - 35e43538af8fd2cb39d58caca1134a87db173f75
Compiler:  gcc-10.2.1-20210110
Attempt 1:
    Time  Bug Name
      10  INFO: rcu detected stall in addrconf_rs_timer
Attempt 2:
    Time  Bug Name
      10  suppressed report
      10  suppressed report
Attempt 3:
    Time  Bug Name
       4  possible deadlock in fs_reclaim_acquire
       6  suppressed report
      10  possible deadlock in fs_reclaim_acquire
Attempt 4: (RETRY)
    Time  Bug Name
       7  suppressed report
       8  suppressed report
       8  suppressed report
The bug was not found.
Warning: This session is unstable.

2023-06-03 03:25:01
Session:   16
Template:  2021-07-09 - 8f5a7b8cde529e0a19a53f79bdf9c6cad306827b
Syzkaller: 2021-07-09 - 8f5a7b8cde529e0a19a53f79bdf9c6cad306827b
Kernel:    2021-07-09 - bd9c3506032983d7bc3245015951db0aad9e6e3d
Compiler:  gcc-10.2.1-20210110
Attempt 1:
    Time  Bug Name
       8  suppressed report
       9  suppressed report
      10  suppressed report
Attempt 2:
    Time  Bug Name
       4  BUG: sleeping function called from invalid context in stack_depot_save
***    8  WARNING in perf_pending_event
       8  suppressed report
The bug was found.

2023-06-03 05:03:42
Session:   17
Template:  2021-06-04 - 500c23397f34dde583da6d31f9d9fd21cae289f8
Syzkaller: 2021-06-04 - 500c23397f34dde583da6d31f9d9fd21cae289f8
Kernel:    2021-06-06 - bd7b12aa6081c3755b693755d608f58e13798a60
Compiler:  gcc-10.2.1-20210110
Attempt 1:
    Time  Bug Name
       7  suppressed report
      10  suppressed report
Attempt 2:
    Time  Bug Name
       6  BUG: sleeping function called from invalid context in lock_sock_nested
       8  suppressed report
       9  suppressed report
Attempt 3:
    Time  Bug Name
       5  BUG: sleeping function called from invalid context in lock_sock_nested
       7  suppressed report
       8  suppressed report
The bug was not found.
Warning: This session is unstable.

2023-06-03 06:50:06
Session:   18
Template:  2021-05-20 - 3c7fef3361a6007112b26adc1c5a550189ef43fe
Syzkaller: 2021-05-20 - 3c7fef3361a6007112b26adc1c5a550189ef43fe
Kernel:    2021-05-23 - 0898678c742ee913691d7f4a1606309825eee33b
Compiler:  gcc-10.2.1-20210110
Attempt 1:
    Time  Bug Name
       8  suppressed report
       9  suppressed report
       9  suppressed report
Attempt 2:
    Time  Bug Name
      10  suppressed report
Attempt 3:
    Time  Bug Name
       5  inconsistent lock state in stack_depot_save
       7  inconsistent lock state in stack_depot_save
      10  suppressed report
The bug was not found.
Warning: This session is unstable.

2023-06-03 08:32:49
Session:   19
Template:  2021-05-12 - ed7d41c582d6f194ff35353d8bfdf7681dc0718e
Syzkaller: 2021-05-12 - ed7d41c582d6f194ff35353d8bfdf7681dc0718e
Kernel:    2021-05-12 - dbb5afad100a828c97e012c6106566d99f041db6
Compiler:  gcc-10.2.1-20210110
Attempt 1:
    Time  Bug Name
       8  inconsistent lock state in stack_depot_save
Attempt 2:
    No crashes found.
Attempt 3:
    Time  Bug Name
       9  suppressed report
       9  suppressed report
      10  suppressed report
Attempt 4: (RETRY)
    Time  Bug Name
       6  inconsistent lock state in stack_depot_save
       8  suppressed report
Attempt 5: (RETRY)
    Time  Bug Name
       7  inconsistent lock state in stack_depot_save
       9  suppressed report
       9  suppressed report
      10  suppressed report
The bug was not found.
Warning: This session is unstable.

2023-06-03 10:54:27
Session:   20
Template:  2021-05-04 - 06c27ff56b460864b5195bc0668d1d582df3cbf8
Syzkaller: 2021-05-04 - 06c27ff56b460864b5195bc0668d1d582df3cbf8
Kernel:    2021-05-04 - 0c01a4c4ca5b2b06bdc5f633b943eea5fe4f390e
Compiler:  gcc-10.2.1-20210110
Attempt 1:
    Time  Bug Name
       3  WARNING in __nf_unregister_net_hook
       3  WARNING in __nf_unregister_net_hook
       3  WARNING in __nf_unregister_net_hook
       3  WARNING in __nf_unregister_net_hook
       3  WARNING in __nf_unregister_net_hook
       4  WARNING in __nf_unregister_net_hook
       4  WARNING in __nf_unregister_net_hook
       4  WARNING in __nf_unregister_net_hook
       4  WARNING in __nf_unregister_net_hook
       5  WARNING in __nf_unregister_net_hook
       5  WARNING in __nf_unregister_net_hook
       5  WARNING in __nf_unregister_net_hook
       5  WARNING in __nf_unregister_net_hook
       6  WARNING in __nf_unregister_net_hook
       6  WARNING in __nf_unregister_net_hook
       6  WARNING in __nf_unregister_net_hook
       6  WARNING in __nf_unregister_net_hook
       7  WARNING in __nf_unregister_net_hook
Attempt 2:
    Time  Bug Name
       3  WARNING in __nf_unregister_net_hook
       4  WARNING in __nf_unregister_net_hook
      10  suppressed report
      10  WARNING in __nf_unregister_net_hook
Attempt 3:
    Time  Bug Name
       3  WARNING in __nf_unregister_net_hook
       4  WARNING in __nf_unregister_net_hook
       4  WARNING in __nf_unregister_net_hook
       4  WARNING in __nf_unregister_net_hook
       4  WARNING in __nf_unregister_net_hook
       4  WARNING in __nf_unregister_net_hook
       4  WARNING in __nf_unregister_net_hook
       4  WARNING in __nf_unregister_net_hook
       5  WARNING in __nf_unregister_net_hook
       6  WARNING in __nf_unregister_net_hook
       6  WARNING in __nf_unregister_net_hook
       6  WARNING in __nf_unregister_net_hook
       6  WARNING in __nf_unregister_net_hook
       6  WARNING in __nf_unregister_net_hook
       6  WARNING in __nf_unregister_net_hook
       7  WARNING in __nf_unregister_net_hook
       7  WARNING in __nf_unregister_net_hook
Attempt 4: (RETRY)
    Time  Bug Name
       3  WARNING in __nf_unregister_net_hook
       7  WARNING in __nf_unregister_net_hook
       8  suppressed report
      10  suppressed report
      10  WARNING in __nf_unregister_net_hook
Attempt 5: (RETRY)
    Time  Bug Name
       2  WARNING in __nf_unregister_net_hook
       3  WARNING in __nf_unregister_net_hook
       3  WARNING in __nf_unregister_net_hook
       3  WARNING in __nf_unregister_net_hook
       4  WARNING in __nf_unregister_net_hook
       4  WARNING in __nf_unregister_net_hook
       4  WARNING in __nf_unregister_net_hook
       4  WARNING in __nf_unregister_net_hook
       4  WARNING in __nf_unregister_net_hook
       4  WARNING in __nf_unregister_net_hook
       4  WARNING in __nf_unregister_net_hook
       5  WARNING in __nf_unregister_net_hook
       5  WARNING in __nf_unregister_net_hook
       5  WARNING in __nf_unregister_net_hook
       6  WARNING in __nf_unregister_net_hook
       6  WARNING in __nf_unregister_net_hook
       6  WARNING in __nf_unregister_net_hook
       6  WARNING in __nf_unregister_net_hook
       7  WARNING in __nf_unregister_net_hook
The bug was not found.
Warning: This session is unstable.

2023-06-03 13:01:06
Session:   21
Template:  2021-06-16 - aba2b2fb3544d9e42991237c13d8cada421deda5
Syzkaller: 2021-06-16 - aba2b2fb3544d9e42991237c13d8cada421deda5
Kernel:    2021-06-19 - e14c779adebebe4b4aeeefb3cc09f376bec966c5
Compiler:  gcc-10.2.1-20210110
Attempt 1:
    Time  Bug Name
       6  suppressed report
       6  suppressed report
       7  suppressed report
Attempt 2:
    Time  Bug Name
       8  suppressed report
       9  suppressed report
      10  suppressed report
Attempt 3:
    Time  Bug Name
       6  BUG: sleeping function called from invalid context in lock_sock_nested
       8  suppressed report
       9  suppressed report
       9  suppressed report
The bug was not found.
Warning: This session is unstable.

2023-06-03 14:47:47
Session:   22
Template:  2021-06-26 - 9d2ab5dfe7727dfea4b9b279f4edf731acb386ef
Syzkaller: 2021-06-26 - 9d2ab5dfe7727dfea4b9b279f4edf731acb386ef
Kernel:    2021-06-28 - 31e798fd6f0ff0acdc49c1a358b581730936a09a
Compiler:  gcc-10.2.1-20210110
Attempt 1:
    Time  Bug Name
       6  suppressed report
      10  suppressed report
      10  suppressed report
Attempt 2:
    Time  Bug Name
       8  suppressed report
Attempt 3:
    Time  Bug Name
       7  suppressed report
       8  suppressed report
       8  suppressed report
The bug was not found.
Warning: This session is unstable.

2023-06-03 16:27:04
Session:   23
Template:  2021-07-02 - 55aa55c24fe77aae07d530662f91b4d50c4990f0
Syzkaller: 2021-07-02 - 55aa55c24fe77aae07d530662f91b4d50c4990f0
Kernel:    2021-07-02 - a48ad6e7a35dc3f3b521249204daf4c9427628e5
Compiler:  gcc-10.2.1-20210110
Attempt 1:
    Time  Bug Name
       5  BUG: sleeping function called from invalid context in lock_sock_nested
       7  suppressed report
       7  suppressed report
       9  suppressed report
Attempt 2:
    Time  Bug Name
       8  suppressed report
Attempt 3:
    Time  Bug Name
       4  BUG: sleeping function called from invalid context in stack_depot_save
      10  suppressed report
The bug was not found.
Warning: This session is unstable.

====================================================================================================================================================
Revealing Factor:   Unstable Commits
Unstable Range:     [2021-04-28, 2021-07-08]
Version:            2021-07-08 - f55966571d5eb2876a11e48e798b4592fa1ffbb7
Commit Name:        Merge tag 'drm-next-2021-07-08-1' of git://anongit.freedesktop.org/drm/drm

Bug Name:           WARNING in perf_pending_event
Bug Link:           https://syzkaller.appspot.com/bug?id=4d9a3c81b08691de9279ad898de514723ee70d22
Arch:               amd64
Finding Date:       2021-08-08
Finding Commit:     2021-08-07 - 85a90500f9a1717c4e142ce92e6c1cb1a339ec78
Guilty Merge:       2021-04-28 - 42dec9a936e7696bea1f27d3c5a0068cd9aa95fd
Guilty Commit:      2021-04-16 - 97ba62b278674293762c3d91f724f1bb922f04e0

Possible Blocking Bugs:
    WARNING in __nf_unregister_net_hook

WARNING in bpf_warn_invalid_xdp_action
