KASAN: slab-out-of-bounds Read in tun_net_xmit,https://syzkaller.appspot.com/bug?id=72d47c1fd159f089e0413d6662bfc04fe0d83a70
Repository: linux
Arch: amd64
Finding: 2018-11-09 - 3541833fd1f264e7579e573a6586a1b665da37db
Guilty:  2016-06-15 - 5d49de532002f02755decd1758aac53063a68625
No Duplicates
Single Proc Allocation
VMs:8
CPUs:2
Procs:16
Max time:30
Max attempts:3
Testing the finding commit.

2023-03-14 23:57:02
Session:   1
Template:  2018-11-09 - f9815aaf4a96e793e203bd7635a541884c39af2a
Syzkaller: 2018-11-09 - f9815aaf4a96e793e203bd7635a541884c39af2a
Kernel:    2018-11-09 - 3541833fd1f264e7579e573a6586a1b665da37db
Compiler:  gcc-8.0.1-20180412
Attempt 1:
    Time  Bug Name
***    2  KASAN: slab-out-of-bounds Read in tun_net_xmit
Attempt 2:
    Time  Bug Name
***    2  KASAN: slab-out-of-bounds Read in tun_net_xmit
Attempt 3:
    Time  Bug Name
***    2  KASAN: slab-out-of-bounds Read in tun_net_xmit
The bug was found.

New Max Time: 10.
Merge Commit: 2016-06-15 - 829e64d16026d381528fe08a65e45942297833c6.

==== Template Inspection ====
38 template changes in [2017-07-22, 2018-11-09].

2023-03-15 01:09:06
Session:   2
Template:  2018-02-19 - 4b696a5daf040e6930be366eb66ab28401788932
Syzkaller: 2018-02-19 - 4b696a5daf040e6930be366eb66ab28401788932
Kernel:    2018-02-19 - 79c0ef3e85c015b0921a8fd5dd539d1480e9cd6c
Compiler:  gcc-8.0.1-20180301
Attempt 1:
    No crashes found.
Attempt 2:
    No crashes found.
Attempt 3:
    No crashes found.
The bug was not found.

2023-03-15 02:41:53
Session:   3
Template:  2018-04-11 - 9cd56d71a84c470aa92422144a76d42c8ff6d11d
Syzkaller: 2018-04-11 - 9cd56d71a84c470aa92422144a76d42c8ff6d11d
Kernel:    2018-04-11 - 96973767594fe9c5d8a7e8fc594c9e565ab0374e
Compiler:  gcc-8.0.1-20180301
Attempt 1:
    No crashes found.
Attempt 2:
    No crashes found.
Attempt 3:
    No crashes found.
The bug was not found.

2023-03-15 03:56:59
Session:   4
Template:  2018-06-18 - dde158e0af7bc1acf328d393a1fcb4eca60a5dfe
Syzkaller: 2018-06-18 - dde158e0af7bc1acf328d393a1fcb4eca60a5dfe
Kernel:    2018-06-18 - ba4dbdedd3edc2798659bcd8b1a184ea8bdd04dc
Compiler:  gcc-8.0.1-20180412
Attempt 1:
    No crashes found.
Attempt 2:
    No crashes found.
Attempt 3:
    No crashes found.
The bug was not found.

2023-03-15 05:31:47
Session:   5
Template:  2018-07-09 - 59da9e439317c83d5374d06832060fbd66efbbbc
Syzkaller: 2018-07-09 - 59da9e439317c83d5374d06832060fbd66efbbbc
Kernel:    2018-07-09 - bdf33113d89f70186ffb6674e925fa9b8a0266b1
Compiler:  gcc-8.0.1-20180412
Attempt 1:
    No crashes found.
Attempt 2:
    Time  Bug Name
       6  lost connection to test machine
Attempt 3:
    Time  Bug Name
       6  INFO: task hung in __sb_start_write
       9  lost connection to test machine
Attempt 4: (RETRY)
    Time  Bug Name
       6  lost connection to test machine
Attempt 5: (RETRY)
    Time  Bug Name
       9  lost connection to test machine
Attempt 6: (RETRY)
    Time  Bug Name
       3  lost connection to test machine
       6  INFO: task hung in __sb_start_write
       6  INFO: task hung in __sb_start_write
       7  lost connection to test machine
       8  WARNING in smc_unhash_sk
       9  WARNING in smc_unhash_sk
The bug was not found.
Warning: This session is unstable.

2023-03-15 06:57:07
Session:   6
Template:  2018-08-31 - a4718693a3d9fcabb02299b2ec07c19d8208c539
Syzkaller: 2018-08-31 - a4718693a3d9fcabb02299b2ec07c19d8208c539
Kernel:    2018-08-31 - 420f51f4ab6bce6e580390729fadb89c31123636
Compiler:  gcc-8.0.1-20180412
Attempt 1:
    Time  Bug Name
***    2  KASAN: slab-out-of-bounds Read in tun_net_xmit
The bug was found.

2023-03-15 07:25:25
Session:   7
Template:  2018-07-09 - 59da9e439317c83d5374d06832060fbd66efbbbc
Syzkaller: 2018-08-31 - a4718693a3d9fcabb02299b2ec07c19d8208c539
Kernel:    2018-08-31 - 420f51f4ab6bce6e580390729fadb89c31123636
Attempt 1:
    Time  Bug Name
***    2  KASAN: slab-out-of-bounds Read in tun_net_xmit
The bug was found.

==== Kernel Inspection ====
390 Linux commits in [2018-07-09, 2018-08-31].

2023-03-15 07:30:06
Session:   8
Template:  2018-08-14 - 9ccc1d4565436890480aea12b6ae347384b2d1ab
Syzkaller: 2018-08-14 - 9ccc1d4565436890480aea12b6ae347384b2d1ab
Kernel:    2018-08-14 - 10f3e23f07cb0c20f9bcb77a5b5a7eb2a1b2a2fe
Compiler:  gcc-8.0.1-20180412
Attempt 1:
    Time  Bug Name
***    2  KASAN: slab-out-of-bounds Read in tun_net_xmit
The bug was found.

2023-03-15 07:58:56
Session:   9
Template:  2018-07-30 - b8bd991ee2f77d225913d41c57b9a420b4559900
Syzkaller: 2018-07-30 - b8bd991ee2f77d225913d41c57b9a420b4559900
Kernel:    2018-07-30 - ae3e10aba57c284818fd493b18732ce8a4632e1e
Compiler:  gcc-8.0.1-20180412
Attempt 1:
    Time  Bug Name
***    2  KASAN: slab-out-of-bounds Read in tun_net_xmit
The bug was found.

2023-03-15 08:33:06
Session:   10
Template:  2018-07-20 - 8cc079c3f60f253f57b715c3d87937541d03fae9
Syzkaller: 2018-07-20 - 8cc079c3f60f253f57b715c3d87937541d03fae9
Kernel:    2018-07-20 - de87dcdedc133c1368566250e251ed1a6335e001
Compiler:  gcc-8.0.1-20180412
Attempt 1:
    No crashes found.
Attempt 2:
    Time  Bug Name
       7  lost connection to test machine
       8  lost connection to test machine
Attempt 3:
    Time  Bug Name
       5  lost connection to test machine
      10  lost connection to test machine
Attempt 4: (RETRY)
    Time  Bug Name
       4  lost connection to test machine
Attempt 5: (RETRY)
    Time  Bug Name
       5  lost connection to test machine
       6  lost connection to test machine
Attempt 6: (RETRY)
    Time  Bug Name
       5  lost connection to test machine
The bug was not found.
Warning: This session is unstable.

2023-03-15 09:57:05
Session:   11
Template:  2018-07-18 - 49f3583951e3febc6a93b6e3b4cd213649a6b3c9
Syzkaller: 2018-07-18 - 49f3583951e3febc6a93b6e3b4cd213649a6b3c9
Kernel:    2018-07-18 - 47f7dc4b845a9fe60c53b84b8c88cf14efd0de7f
Compiler:  gcc-8.0.1-20180412
Attempt 1:
    Time  Bug Name
       5  lost connection to test machine
Attempt 2:
    Time  Bug Name
      10  WARNING in smc_unhash_sk
Attempt 3:
    No crashes found.
Attempt 4: (RETRY)
    Time  Bug Name
       6  lost connection to test machine
Attempt 5: (RETRY)
    Time  Bug Name
       8  lost connection to test machine
Attempt 6: (RETRY)
    Time  Bug Name
       6  lost connection to test machine
The bug was not found.
Warning: This session is unstable.

2023-03-15 11:24:06
Session:   12
Template:  2018-07-13 - 92a4950507d9d15be9541491300b2201433f6814
Syzkaller: 2018-07-13 - 92a4950507d9d15be9541491300b2201433f6814
Kernel:    2018-07-13 - 2db39a2f491a48ec740e0214a7dd584eefc2137d
Compiler:  gcc-8.0.1-20180412
Attempt 1:
    Time  Bug Name
      10  lost connection to test machine
Attempt 2:
    Time  Bug Name
       9  lost connection to test machine
Attempt 3:
    No crashes found.
Attempt 4: (RETRY)
    No crashes found.
Attempt 5: (RETRY)
    Time  Bug Name
       3  lost connection to test machine
       3  lost connection to test machine
       5  lost connection to test machine
      10  lost connection to test machine
Attempt 6: (RETRY)
    Time  Bug Name
       3  lost connection to test machine
       9  lost connection to test machine
       9  lost connection to test machine
The bug was not found.
Warning: This session is unstable.

2023-03-15 12:47:48
Session:   13
Template:  2018-07-13 - 92a4950507d9d15be9541491300b2201433f6814
Syzkaller: 2018-07-13 - 92a4950507d9d15be9541491300b2201433f6814
Kernel:    2018-07-13 - 4596f55476b5b861ca37e525460d2e43e90f1f2e
Compiler:  gcc-8.0.1-20180412
Attempt 1:
    Time  Bug Name
       7  lost connection to test machine
Attempt 2:
    Time  Bug Name
       5  WARNING in smc_unhash_sk
       6  lost connection to test machine
Attempt 3:
    No crashes found.
Attempt 4: (RETRY)
    Time  Bug Name
       6  lost connection to test machine
       9  WARNING in smc_unhash_sk
Attempt 5: (RETRY)
    Time  Bug Name
       9  lost connection to test machine
Attempt 6: (RETRY)
    Time  Bug Name
       6  WARNING in smc_unhash_sk
The bug was not found.
Warning: This session is unstable.

2023-03-15 14:18:13
Session:   14
Template:  2018-07-20 - 8cc079c3f60f253f57b715c3d87937541d03fae9
Syzkaller: 2018-07-20 - 8cc079c3f60f253f57b715c3d87937541d03fae9
Kernel:    2018-07-22 - 48b1db7c7a952b5e7021826e727baedae35d7f3f
Compiler:  gcc-8.0.1-20180412
Attempt 1:
    No crashes found.
Attempt 2:
    Time  Bug Name
       6  lost connection to test machine
Attempt 3:
    No crashes found.
Attempt 4: (RETRY)
    No crashes found.
The bug was not found.

2023-03-15 15:22:48
Session:   15
Template:  2018-07-27 - ebf656d79bf25a135f1b295b5fd582004e1ac7b3
Syzkaller: 2018-07-27 - ebf656d79bf25a135f1b295b5fd582004e1ac7b3
Kernel:    2018-07-27 - f636d300cdd6c5ff30662feb2149640eee85679a
Compiler:  gcc-8.0.1-20180412
Attempt 1:
    Time  Bug Name
***    2  KASAN: slab-out-of-bounds Read in tun_net_xmit
The bug was found.

2023-03-15 15:49:54
Session:   16
Template:  2018-07-25 - ad155aa4289990cd08c77c0e4e5ecc4d63df6ff3
Syzkaller: 2018-07-25 - ad155aa4289990cd08c77c0e4e5ecc4d63df6ff3
Kernel:    2018-07-25 - 0723090656a03940c5ea536342f109e34b8d1257
Compiler:  gcc-8.0.1-20180412
Attempt 1:
    Time  Bug Name
***    2  KASAN: slab-out-of-bounds Read in tun_net_xmit
The bug was found.

2023-03-15 16:23:20
Session:   17
Template:  2018-07-20 - 8cc079c3f60f253f57b715c3d87937541d03fae9
Syzkaller: 2018-07-20 - 8cc079c3f60f253f57b715c3d87937541d03fae9
Kernel:    2018-07-22 - 165ea0d1c2286f550efbf14dc3528267af088f08
Compiler:  gcc-8.0.1-20180412
Attempt 1:
    No crashes found.
Attempt 2:
    No crashes found.
Attempt 3:
    Time  Bug Name
       7  lost connection to test machine
Attempt 4: (RETRY)
    Time  Bug Name
       5  lost connection to test machine
Attempt 5: (RETRY)
    No crashes found.
The bug was not found.
Warning: This session is unstable.

2023-03-15 17:42:01
Session:   18
Template:  2018-07-20 - 8cc079c3f60f253f57b715c3d87937541d03fae9
Syzkaller: 2018-07-20 - 8cc079c3f60f253f57b715c3d87937541d03fae9
Kernel:    2018-07-22 - f88a333b44318643282b8acc92af90deda441f5e
Compiler:  gcc-8.0.1-20180412
Attempt 1:
    Time  Bug Name
       6  lost connection to test machine
Attempt 2:
    Time  Bug Name
       6  lost connection to test machine
Attempt 3:
    Time  Bug Name
       4  lost connection to test machine
       6  lost connection to test machine
Attempt 4: (RETRY)
    No crashes found.
Attempt 5: (RETRY)
    No crashes found.
Attempt 6: (RETRY)
    No crashes found.
The bug was not found.
Warning: This session is unstable.

2023-03-15 19:05:27
Session:   19
Template:  2018-07-20 - 8cc079c3f60f253f57b715c3d87937541d03fae9
Syzkaller: 2018-07-20 - 8cc079c3f60f253f57b715c3d87937541d03fae9
Kernel:    2018-07-22 - 45ae4df9220701071ffec057d4b0071943022ab3
Compiler:  gcc-8.0.1-20180412
Attempt 1:
    Time  Bug Name
       7  lost connection to test machine
Attempt 2:
    Time  Bug Name
       6  lost connection to test machine
Attempt 3:
    Time  Bug Name
       8  lost connection to test machine
Attempt 4: (RETRY)
    Time  Bug Name
       8  lost connection to test machine
       8  lost connection to test machine
Attempt 5: (RETRY)
    Time  Bug Name
       7  lost connection to test machine
Attempt 6: (RETRY)
    Time  Bug Name
       3  lost connection to test machine
       3  lost connection to test machine
       5  lost connection to test machine
       7  lost connection to test machine
      10  lost connection to test machine
The bug was not found.
Warning: This session is unstable.

2023-03-15 20:33:07
Session:   20
Template:  2018-07-20 - 8cc079c3f60f253f57b715c3d87937541d03fae9
Syzkaller: 2018-07-20 - 8cc079c3f60f253f57b715c3d87937541d03fae9
Kernel:    2018-07-22 - ef81e63e17ab34cea26f24b951188d16143efc92
Compiler:  gcc-8.0.1-20180412
Attempt 1:
    Time  Bug Name
       3  lost connection to test machine
       9  lost connection to test machine
Attempt 2:
    No crashes found.
Attempt 3:
    No crashes found.
Attempt 4: (RETRY)
    Time  Bug Name
       7  lost connection to test machine
      10  lost connection to test machine
Attempt 5: (RETRY)
    No crashes found.
The bug was not found.
Warning: This session is unstable.

2023-03-15 21:49:24
Session:   21
Template:  2018-07-20 - 8cc079c3f60f253f57b715c3d87937541d03fae9
Syzkaller: 2018-07-20 - 8cc079c3f60f253f57b715c3d87937541d03fae9
Kernel:    2018-07-22 - 744130842193795e13ad4efcbf17f3dfb1309311
Compiler:  gcc-8.0.1-20180412
Attempt 1:
    No crashes found.
Attempt 2:
    Time  Bug Name
       3  lost connection to test machine
Attempt 3:
    No crashes found.
Attempt 4: (RETRY)
    Time  Bug Name
       8  lost connection to test machine
Attempt 5: (RETRY)
    No crashes found.
The bug was not found.
Warning: This session is unstable.

2023-03-15 23:07:19
Session:   22
Template:  2018-07-20 - 8cc079c3f60f253f57b715c3d87937541d03fae9
Syzkaller: 2018-07-20 - 8cc079c3f60f253f57b715c3d87937541d03fae9
Kernel:    2018-07-22 - d72e90f33aa4709ebecc5005562f52335e106a60
Compiler:  gcc-8.0.1-20180412
Attempt 1:
    Time  Bug Name
       6  lost connection to test machine
Attempt 2:
    Time  Bug Name
       6  lost connection to test machine
Attempt 3:
    Time  Bug Name
       6  lost connection to test machine
Attempt 4: (RETRY)
    No crashes found.
Attempt 5: (RETRY)
    Time  Bug Name
       5  lost connection to test machine
Attempt 6: (RETRY)
    Time  Bug Name
       3  lost connection to test machine
       9  lost connection to test machine
The bug was not found.
Warning: This session is unstable.

2023-03-16 00:34:37
Session:   23
Template:  2018-07-24 - 375a3e31e12965ce58d8853c310a4e7e655853d4
Syzkaller: 2018-07-24 - 375a3e31e12965ce58d8853c310a4e7e655853d4
Kernel:    2018-07-24 - 0894da849f145af51bde88a6b84f95b9c9e0bc66
Compiler:  gcc-8.0.1-20180412
Attempt 1:
    Time  Bug Name
***    2  KASAN: slab-out-of-bounds Read in tun_net_xmit
The bug was found.

====================================================================================================================================================
Revealing Factor:   Unstable Commits
Unstable Range:     [2018-07-22, 2018-07-22]
Version:            2018-07-22 - d72e90f33aa4709ebecc5005562f52335e106a60
Commit Name:        Linux 4.18-rc6

Bug Name:           KASAN: slab-out-of-bounds Read in tun_net_xmit
Bug Link:           https://syzkaller.appspot.com/bug?id=72d47c1fd159f089e0413d6662bfc04fe0d83a70
Arch:               amd64
Finding Date:       2018-11-09
Finding Commit:     2018-11-09 - 3541833fd1f264e7579e573a6586a1b665da37db
Guilty Merge:       2016-06-15 - 829e64d16026d381528fe08a65e45942297833c6
Guilty Commit:      2016-06-15 - 5d49de532002f02755decd1758aac53063a68625

Possible Blocking Bugs:
