memory leak in __memcg_init_list_lru_node,https://syzkaller.appspot.com/bug?id=ecaca4a9ff4433a03763c176e958ecb8d2b27b4e
Repository: linux
Arch: amd64
Finding: 2019-05-25 - 35efb51eee2241a970dcf70ed950f9db7e5351f7
Guilty:  2015-02-12 - 60d3fd32a7a9da4c8c93a9f89cfda22a0b4c65ce
No Duplicates
Single Proc Allocation
VMs:8
CPUs:2
Procs:16
Max time:30
Max attempts:5
Testing the finding commit.

2023-06-01 23:09:45
Session:   1
Template:  2019-05-24 - 85c573157db1baae51178263fe3289c8329e6dc2
Syzkaller: 2019-05-24 - 85c573157db1baae51178263fe3289c8329e6dc2
Kernel:    2019-05-25 - 35efb51eee2241a970dcf70ed950f9db7e5351f7
Compiler:  gcc-9.0.0-20181231
Attempt 1:
    No crashes found.
Attempt 2:
    No crashes found.
Attempt 3:
    No crashes found.
Attempt 4:
    No crashes found.
Attempt 5:
    Time  Bug Name
      28  memory leak in batadv_tvlv_handler_register
The bug was not found.

Failure: This bug cannot be found at the finding commit.

