KASAN: use-after-free Read in dev_uevent,https://syzkaller.appspot.com/bug?id=d21bdee7e4118df0236c463940b8236adb3b8c9c
Repository: linux
Arch: amd64
Finding: 2020-06-05 - 7ae77150d94d3b535c7b85e6b3647113095e79bf
Guilty:  2011-06-28 - 2ccea03a8f7ec93641791f2760d7cdc6cab6205f
No Duplicates
VMs:4
CPUs:4
Procs:24
Max time:30
Max attempts:3
Testing the finding commit.

2023-03-11 02:37:35
Session:   1
Template:  2020-06-15 - baca26118733e3a3e27a58eb159ee93479e49928
Syzkaller: 2020-06-15 - baca26118733e3a3e27a58eb159ee93479e49928
Kernel:    2020-06-05 - 7ae77150d94d3b535c7b85e6b3647113095e79bf
Compiler:  gcc-10.1.0-syz
Attempt 1:
    No crashes found.
Attempt 2:
    No crashes found.
Attempt 3:
    No crashes found.
The bug was not found.

Failure: This bug cannot be found at the finding commit.
