KASAN: slab-out-of-bounds Read in bpf_prog_create,https://syzkaller.appspot.com/bug?id=bec00f7157ae25598e007a732156065c1fbaa485
Repository: linux
Arch: amd64
Finding: 2019-12-01 - ceb307474506f888e8f16dab183405ff01dffa08
Guilty:  2019-10-23 - 3e859adf3643c2da9765cd5088170738d7918567
No Duplicates
Single Proc Allocation
VMs:8
CPUs:2
Procs:16
Max time:30
Max attempts:3
Testing the finding commit.

2023-04-01 08:48:28
Session:   1
Template:  2019-12-02 - ab342da3f9aa45e3f2d9e872576ab5cd3e3c350b
Syzkaller: 2019-12-02 - ab342da3f9aa45e3f2d9e872576ab5cd3e3c350b
Kernel:    2019-12-01 - ceb307474506f888e8f16dab183405ff01dffa08
Compiler:  gcc-9.0.0-20181231
Attempt 1:
    Time  Bug Name
***    3  KASAN: slab-out-of-bounds Read in bpf_prog_create
Attempt 2:
    Time  Bug Name
***    2  KASAN: slab-out-of-bounds Read in bpf_prog_create
Attempt 3:
    Time  Bug Name
***    2  KASAN: slab-out-of-bounds Read in bpf_prog_create
The bug was found.

New Max Time: 10.
Merge Commit: 2019-12-01 - 0da522107e5d9c000a4871d52e570912aa1225a2.
No template updates to inspect.

==== Kernel Inspection ====
1 Linux commit in [2019-12-01, 2019-12-02].

2023-04-01 09:39:20
Session:   2
Template:  2019-12-01 - f879db37f90dcefb681897d2e486c11d8298cb72
Syzkaller: 2019-12-01 - f879db37f90dcefb681897d2e486c11d8298cb72
Kernel:    2019-12-01 - ceb307474506f888e8f16dab183405ff01dffa08
Compiler:  gcc-9.0.0-20181231
Attempt 1:
    Time  Bug Name
***    3  KASAN: slab-out-of-bounds Read in bpf_prog_create
The bug was found.

2023-04-01 10:13:50
Session:   3
Template:  2019-12-01 - f879db37f90dcefb681897d2e486c11d8298cb72
Syzkaller: 2019-12-01 - f879db37f90dcefb681897d2e486c11d8298cb72
Kernel:    2019-12-01 - 0da522107e5d9c000a4871d52e570912aa1225a2
Compiler:  gcc-9.0.0-20181231
Attempt 1:
    Time  Bug Name
***    2  KASAN: slab-out-of-bounds Read in bpf_prog_create
The bug was found.

== Confirming the bisected commit ==

2023-04-01 10:44:47
Session:   4
Template:  2019-12-01 - f879db37f90dcefb681897d2e486c11d8298cb72
Syzkaller: 2019-12-01 - f879db37f90dcefb681897d2e486c11d8298cb72
Kernel:    2019-12-01 - 0da522107e5d9c000a4871d52e570912aa1225a2
The bug was found in a previous identical fuzzing session.

====================================================================================================================================================
Revealing Factor:   Guilty Merge
Version:            2019-12-01 - 0da522107e5d9c000a4871d52e570912aa1225a2
Commit Name:        Merge tag 'compat-ioctl-5.5' of git://git.kernel.org:/pub/scm/linux/kernel/git/arnd/playground

Bug Name:           KASAN: slab-out-of-bounds Read in bpf_prog_create
Bug Link:           https://syzkaller.appspot.com/bug?id=bec00f7157ae25598e007a732156065c1fbaa485
Arch:               amd64
Finding Date:       2019-12-02
Finding Commit:     2019-12-01 - ceb307474506f888e8f16dab183405ff01dffa08
Guilty Merge:       2019-12-01 - 0da522107e5d9c000a4871d52e570912aa1225a2
Guilty Commit:      2019-10-23 - 3e859adf3643c2da9765cd5088170738d7918567

Possible Blocking Bugs:
