KASAN: vmalloc-out-of-bounds Read in nl8NUM_dump_wpan_phy,https://syzkaller.appspot.com/bug?id=5d1d0a9e2d11f7c968b8b47c91d59f2027231986
Repository: linux
Arch: amd64
Finding: 2020-06-25 - 4a21185cda0fbb860580eeeb4f1a70a9cda332a4
Guilty:  2019-10-06 - 75cdbdd089003cd53560ff87b690ae911fa7df8e
Duplicate Names:
    KASAN: use-after-free Read in __cfg8NUM_wpan_dev_from_attrs
    KASAN: vmalloc-out-of-bounds Read in netdev_name_node_lookup_rcu
    KASAN: vmalloc-out-of-bounds Read in tipc_nl_publ_dump
    KASAN: use-after-free Read in netdev_name_node_lookup_rcu
    KASAN: use-after-free Read in nl8NUM_dump_wpan_phy
    KASAN: vmalloc-out-of-bounds Read in __nla_validate_parse
    KASAN: use-after-free Read in tipc_nl_publ_dump
    KASAN: use-after-free Read in tipc_nl_node_dump_monitor_peer
    KASAN: use-after-free Read in tipc_udp_nl_dump_remoteip
    KASAN: use-after-free Read in devlink_get_from_attrs
    KASAN: vmalloc-out-of-bounds Read in nl8NUM_dump_wpan_phy
    KASAN: vmalloc-out-of-bounds Read in __cfg8NUM_wpan_dev_from_attrs
    KASAN: use-after-free Read in tipc_nl_node_dump_link
    KASAN: use-after-free Read in dev_get_by_name
    KASAN: vmalloc-out-of-bounds Read in tipc_nl_node_dump_monitor_peer
Default Allocation.
VMs:4
CPUs:4
Procs:24
Max time:30
Max attempts:3
Testing the finding commit.

2023-06-13 11:05:20
Session:   1
Template:  2020-06-26 - ffec44b5d1e024359410f6ba8d5e965973ede8f5
Syzkaller: 2020-06-26 - ffec44b5d1e024359410f6ba8d5e965973ede8f5
Kernel:    2020-06-26 - 4a21185cda0fbb860580eeeb4f1a70a9cda332a4
Compiler:  gcc-10.1.0-syz
Attempt 1:
    Time  Bug Name
***    2  KASAN: vmalloc-out-of-bounds Read in nl8NUM_dump_wpan_phy
Attempt 2:
    Time  Bug Name
***    2  KASAN: vmalloc-out-of-bounds Read in nl8NUM_dump_wpan_phy
Attempt 3:
    Time  Bug Name
***    2  KASAN: vmalloc-out-of-bounds Read in nl8NUM_dump_wpan_phy
The bug was found.

New Max Time: 10.
Merge Commit: 2019-10-06 - d44dc741327906b6eaf9f69c626cfc48d13f7250.

==== Template Inspection ====
29 template changes in [2019-10-06, 2020-06-26].

2023-06-13 11:39:18
Session:   2
Template:  2020-01-18 - 22535fecd5b37c6a14b92b17e548c8061ef77924
Syzkaller: 2020-01-18 - 22535fecd5b37c6a14b92b17e548c8061ef77924
Kernel:    2020-01-18 - 244dc2689085d7ff478f7b61841e62e59bea4557
Compiler:  gcc-9.0.0-20181231
Attempt 1:
    No crashes found.
Attempt 2:
    Time  Bug Name
       9  WARNING in hsr_addr_subst_dest
Attempt 3:
    No crashes found.
The bug was not found.

2023-06-13 12:27:26
Session:   3
Template:  2020-02-18 - b97f1e694a1c096eac2f48c6e3ca47e8a3c4693c
Syzkaller: 2020-02-18 - b97f1e694a1c096eac2f48c6e3ca47e8a3c4693c
Kernel:    2020-02-18 - 0a44cac8105059eb756ed4276e932e54e1ba004d
Compiler:  gcc-9.0.0-20181231
Attempt 1:
    No crashes found.
Attempt 2:
    Time  Bug Name
       9  divide error in encrypt_packet
Attempt 3:
    No crashes found.
The bug was not found.

2023-06-13 13:15:03
Session:   4
Template:  2020-04-19 - 0781895e0f8359843b9215ac6ad16925a46b2703
Syzkaller: 2020-04-19 - 0781895e0f8359843b9215ac6ad16925a46b2703
Kernel:    2020-04-19 - ae83d0b416db002fe95601e7f97f64b59514d936
Compiler:  gcc-9.0.0-20181231
Attempt 1:
    No crashes found.
Attempt 2:
    No crashes found.
Attempt 3:
    No crashes found.
The bug was not found.

2023-06-13 14:01:38
Session:   5
Template:  2020-06-23 - 39240c9e937ac9b29eb0c378d75d9fb405c58f27
Syzkaller: 2020-06-23 - 39240c9e937ac9b29eb0c378d75d9fb405c58f27
Kernel:    2020-06-23 - 26e122e97a3d0390ebec389347f64f3730fdf48f
Compiler:  gcc-10.1.0-syz
Attempt 1:
    Time  Bug Name
       1  KASAN: use-after-free Write in afs_wake_up_async_call
       2  KASAN: use-after-free Write in afs_wake_up_async_call
       2  KASAN: use-after-free Write in afs_wake_up_async_call
       2  KASAN: use-after-free Write in afs_wake_up_async_call
       2  KASAN: use-after-free Write in afs_wake_up_async_call
       3  KASAN: use-after-free Write in afs_wake_up_async_call
       3  KASAN: use-after-free Write in afs_wake_up_async_call
       3  KASAN: use-after-free Write in afs_wake_up_async_call
       3  KASAN: use-after-free Write in afs_wake_up_async_call
       3  KASAN: use-after-free in afs_wake_up_async_call
       4  KASAN: use-after-free Write in afs_wake_up_async_call
       4  KASAN: use-after-free Write in afs_wake_up_async_call
       4  KASAN: use-after-free Write in afs_wake_up_async_call
       4  KASAN: use-after-free Write in afs_wake_up_async_call
       5  KASAN: use-after-free Write in afs_wake_up_async_call
       5  KASAN: use-after-free Write in afs_wake_up_async_call
       5  KASAN: use-after-free Write in afs_wake_up_async_call
       5  KASAN: use-after-free Write in afs_wake_up_async_call
       6  KASAN: use-after-free Write in afs_wake_up_async_call
       6  KASAN: use-after-free Write in afs_wake_up_async_call
       6  KASAN: use-after-free Write in afs_wake_up_async_call
       6  KASAN: use-after-free Write in afs_wake_up_async_call
       7  KASAN: use-after-free Write in afs_wake_up_async_call
       7  KASAN: use-after-free Write in afs_wake_up_async_call
       7  KASAN: use-after-free Write in afs_wake_up_async_call
       7  KASAN: use-after-free Write in afs_wake_up_async_call
       8  KASAN: use-after-free Write in afs_wake_up_async_call
       8  KASAN: use-after-free Write in afs_wake_up_async_call
       8  KASAN: use-after-free Write in afs_wake_up_async_call
       8  KASAN: use-after-free Write in afs_wake_up_async_call
       9  KASAN: use-after-free Write in afs_wake_up_async_call
       9  KASAN: use-after-free Write in afs_wake_up_async_call
       9  KASAN: use-after-free Write in afs_wake_up_async_call
       9  KASAN: use-after-free Write in afs_wake_up_async_call
      10  KASAN: use-after-free Write in afs_wake_up_async_call
      10  KASAN: use-after-free Write in afs_wake_up_async_call
      10  KASAN: use-after-free Write in afs_wake_up_async_call
      10  KASAN: use-after-free Write in afs_wake_up_async_call
      10  KASAN: use-after-free Write in afs_wake_up_async_call
      10  KASAN: use-after-free Write in afs_wake_up_async_call
Attempt 2:
    Time  Bug Name
       1  KASAN: use-after-free Write in afs_wake_up_async_call
       2  KASAN: use-after-free Write in afs_wake_up_async_call
       2  KASAN: use-after-free Write in afs_wake_up_async_call
       2  KASAN: use-after-free Write in afs_wake_up_async_call
       2  KASAN: use-after-free Write in afs_wake_up_async_call
       3  KASAN: use-after-free Write in afs_wake_up_async_call
       3  KASAN: use-after-free Write in afs_wake_up_async_call
       3  KASAN: use-after-free Write in afs_wake_up_async_call
       3  KASAN: use-after-free Write in afs_wake_up_async_call
       3  KASAN: use-after-free Write in afs_wake_up_async_call
       4  KASAN: use-after-free Write in afs_wake_up_async_call
       4  KASAN: use-after-free Write in afs_wake_up_async_call
       4  KASAN: use-after-free Write in afs_wake_up_async_call
       4  KASAN: use-after-free Write in afs_wake_up_async_call
       5  KASAN: use-after-free Write in afs_wake_up_async_call
       5  KASAN: use-after-free Write in afs_wake_up_async_call
       5  KASAN: use-after-free Write in afs_wake_up_async_call
       5  KASAN: use-after-free Write in afs_wake_up_async_call
       5  KASAN: use-after-free Write in afs_wake_up_async_call
       5  KASAN: use-after-free Write in afs_wake_up_async_call
       6  KASAN: use-after-free Write in afs_wake_up_async_call
       6  KASAN: use-after-free Write in afs_wake_up_async_call
       6  KASAN: use-after-free Write in afs_wake_up_async_call
       6  KASAN: use-after-free Write in afs_wake_up_async_call
       7  KASAN: use-after-free Write in afs_wake_up_async_call
       7  KASAN: use-after-free Write in afs_wake_up_async_call
       7  KASAN: use-after-free Write in afs_wake_up_async_call
       7  KASAN: use-after-free Write in afs_wake_up_async_call
       8  KASAN: use-after-free Write in afs_wake_up_async_call
       8  KASAN: use-after-free Write in afs_wake_up_async_call
       8  KASAN: use-after-free Write in afs_wake_up_async_call
       8  KASAN: use-after-free Write in afs_wake_up_async_call
       9  KASAN: use-after-free Write in afs_wake_up_async_call
       9  KASAN: use-after-free Write in afs_wake_up_async_call
       9  KASAN: use-after-free Write in afs_wake_up_async_call
       9  KASAN: use-after-free Write in afs_wake_up_async_call
      10  KASAN: use-after-free Write in afs_wake_up_async_call
      10  KASAN: use-after-free Write in afs_wake_up_async_call
      10  KASAN: use-after-free Write in afs_wake_up_async_call
      10  KASAN: use-after-free Write in afs_wake_up_async_call
      10  KASAN: use-after-free Write in afs_wake_up_async_call
Attempt 3:
    Time  Bug Name
       1  KASAN: use-after-free Write in afs_wake_up_async_call
       2  KASAN: use-after-free Write in afs_wake_up_async_call
       2  KASAN: use-after-free Write in afs_wake_up_async_call
       2  KASAN: use-after-free Write in afs_wake_up_async_call
       2  KASAN: use-after-free Write in afs_wake_up_async_call
       3  KASAN: use-after-free Write in afs_wake_up_async_call
       3  KASAN: use-after-free Write in afs_wake_up_async_call
       3  KASAN: use-after-free Write in afs_wake_up_async_call
       3  KASAN: use-after-free Write in afs_wake_up_async_call
       3  KASAN: use-after-free Write in afs_wake_up_async_call
       4  KASAN: use-after-free Write in afs_wake_up_async_call
       4  KASAN: use-after-free Write in afs_wake_up_async_call
       4  KASAN: use-after-free Write in afs_wake_up_async_call
       4  KASAN: use-after-free Write in afs_wake_up_async_call
       5  KASAN: use-after-free Write in afs_wake_up_async_call
       5  KASAN: use-after-free Write in afs_wake_up_async_call
       5  KASAN: use-after-free Write in afs_wake_up_async_call
       5  KASAN: use-after-free Write in afs_wake_up_async_call
       5  KASAN: use-after-free Write in afs_wake_up_async_call
       6  KASAN: use-after-free Write in afs_wake_up_async_call
       6  KASAN: use-after-free Write in afs_wake_up_async_call
       6  KASAN: use-after-free Write in afs_wake_up_async_call
       6  KASAN: use-after-free Write in afs_wake_up_async_call
       7  KASAN: use-after-free Write in afs_wake_up_async_call
       7  KASAN: use-after-free Write in afs_wake_up_async_call
       7  KASAN: use-after-free Write in afs_wake_up_async_call
       7  KASAN: use-after-free Write in afs_wake_up_async_call
       7  KASAN: use-after-free Write in afs_wake_up_async_call
       8  KASAN: use-after-free Write in afs_wake_up_async_call
       8  KASAN: use-after-free Write in afs_wake_up_async_call
       8  KASAN: use-after-free Write in afs_wake_up_async_call
       8  KASAN: use-after-free Write in afs_wake_up_async_call
       9  KASAN: use-after-free Write in afs_wake_up_async_call
       9  KASAN: use-after-free Write in afs_wake_up_async_call
       9  KASAN: use-after-free Write in afs_wake_up_async_call
       9  KASAN: use-after-free Write in afs_wake_up_async_call
      10  KASAN: use-after-free Write in afs_wake_up_async_call
      10  KASAN: use-after-free Write in afs_wake_up_async_call
      10  KASAN: use-after-free Write in afs_wake_up_async_call
      10  KASAN: use-after-free Write in afs_wake_up_async_call
The bug was not found.

==== Kernel Inspection ====
10 Linux commits in [2020-06-23, 2020-06-26].

2023-06-13 14:47:19
Session:   6
Template:  2020-06-25 - aea82c003a1826ebd9bf53194bb40fe911f9c23e
Syzkaller: 2020-06-25 - aea82c003a1826ebd9bf53194bb40fe911f9c23e
Kernel:    2020-06-25 - a4d3712b510534ef2ab5b15429aa94283c233a31
Compiler:  gcc-10.1.0-syz
Attempt 1:
    Time  Bug Name
       1  KASAN: use-after-free Write in afs_wake_up_async_call
       2  KASAN: use-after-free Write in afs_wake_up_async_call
       2  KASAN: use-after-free Write in afs_wake_up_async_call
       2  KASAN: use-after-free Write in afs_wake_up_async_call
       2  KASAN: use-after-free Write in afs_wake_up_async_call
       3  KASAN: use-after-free Write in afs_wake_up_async_call
       3  KASAN: use-after-free Write in afs_wake_up_async_call
       3  KASAN: use-after-free Write in afs_wake_up_async_call
       3  KASAN: use-after-free Write in afs_wake_up_async_call
       4  KASAN: use-after-free Write in afs_wake_up_async_call
       4  KASAN: use-after-free Write in afs_wake_up_async_call
       4  KASAN: use-after-free Write in afs_wake_up_async_call
       4  KASAN: use-after-free Write in afs_wake_up_async_call
       5  KASAN: use-after-free Write in afs_wake_up_async_call
       5  KASAN: use-after-free Write in afs_wake_up_async_call
       5  KASAN: use-after-free Write in afs_wake_up_async_call
       5  KASAN: use-after-free Write in afs_wake_up_async_call
       6  KASAN: use-after-free Write in afs_wake_up_async_call
       6  KASAN: use-after-free Write in afs_wake_up_async_call
       6  KASAN: use-after-free Write in afs_wake_up_async_call
       6  KASAN: use-after-free Write in afs_wake_up_async_call
       7  KASAN: use-after-free Write in afs_wake_up_async_call
       7  KASAN: use-after-free Write in afs_wake_up_async_call
       7  KASAN: use-after-free Write in afs_wake_up_async_call
       7  KASAN: use-after-free Write in afs_wake_up_async_call
       8  KASAN: use-after-free Write in afs_wake_up_async_call
       8  KASAN: use-after-free Write in afs_wake_up_async_call
       8  KASAN: use-after-free Write in afs_wake_up_async_call
       8  KASAN: use-after-free Write in afs_wake_up_async_call
       9  KASAN: use-after-free Write in afs_wake_up_async_call
       9  KASAN: use-after-free Write in afs_wake_up_async_call
       9  KASAN: use-after-free Write in afs_wake_up_async_call
       9  KASAN: use-after-free Write in afs_wake_up_async_call
       9  KASAN: use-after-free Write in afs_wake_up_async_call
       9  KASAN: use-after-free Write in afs_wake_up_async_call
      10  KASAN: use-after-free Write in afs_wake_up_async_call
      10  KASAN: use-after-free Write in afs_wake_up_async_call
      10  KASAN: use-after-free Write in afs_wake_up_async_call
      10  KASAN: use-after-free Write in afs_wake_up_async_call
Attempt 2:
    Time  Bug Name
       1  KASAN: use-after-free Write in afs_wake_up_async_call
       2  KASAN: use-after-free Write in afs_wake_up_async_call
       2  KASAN: use-after-free Write in afs_wake_up_async_call
       2  KASAN: use-after-free Write in afs_wake_up_async_call
       2  KASAN: use-after-free Write in afs_wake_up_async_call
       3  KASAN: use-after-free Write in afs_wake_up_async_call
       3  KASAN: use-after-free Write in afs_wake_up_async_call
       3  KASAN: use-after-free Write in afs_wake_up_async_call
       3  KASAN: use-after-free Write in afs_wake_up_async_call
       4  KASAN: use-after-free Write in afs_wake_up_async_call
       4  KASAN: use-after-free Write in afs_wake_up_async_call
       4  KASAN: use-after-free Write in afs_wake_up_async_call
       4  KASAN: use-after-free Write in afs_wake_up_async_call
       5  KASAN: use-after-free Write in afs_wake_up_async_call
       5  KASAN: use-after-free Write in afs_wake_up_async_call
       5  KASAN: use-after-free Write in afs_wake_up_async_call
       5  KASAN: use-after-free Write in afs_wake_up_async_call
       6  KASAN: use-after-free Write in afs_wake_up_async_call
       6  KASAN: use-after-free Write in afs_wake_up_async_call
       6  KASAN: use-after-free Write in afs_wake_up_async_call
       6  KASAN: use-after-free Write in afs_wake_up_async_call
       6  KASAN: use-after-free Write in afs_wake_up_async_call
       7  KASAN: use-after-free Write in afs_wake_up_async_call
       7  KASAN: use-after-free Write in afs_wake_up_async_call
       7  KASAN: use-after-free Write in afs_wake_up_async_call
       7  KASAN: use-after-free Write in afs_wake_up_async_call
       8  KASAN: use-after-free Write in afs_wake_up_async_call
       8  KASAN: use-after-free Write in afs_wake_up_async_call
       8  KASAN: use-after-free Write in afs_wake_up_async_call
       8  KASAN: use-after-free Write in afs_wake_up_async_call
       9  KASAN: use-after-free Write in afs_wake_up_async_call
       9  KASAN: use-after-free Write in afs_wake_up_async_call
       9  KASAN: use-after-free Write in afs_wake_up_async_call
      10  KASAN: use-after-free Write in afs_wake_up_async_call
      10  KASAN: use-after-free Write in afs_wake_up_async_call
      10  KASAN: use-after-free Write in afs_wake_up_async_call
      10  KASAN: use-after-free Write in afs_wake_up_async_call
      10  KASAN: use-after-free Write in afs_wake_up_async_call
Attempt 3:
    Time  Bug Name
       1  KASAN: use-after-free Write in afs_wake_up_async_call
       2  KASAN: use-after-free Write in afs_wake_up_async_call
       2  KASAN: use-after-free Write in afs_wake_up_async_call
       2  KASAN: use-after-free Write in afs_wake_up_async_call
       2  KASAN: use-after-free Write in afs_wake_up_async_call
       3  KASAN: use-after-free Write in afs_wake_up_async_call
       3  KASAN: use-after-free Write in afs_wake_up_async_call
       3  KASAN: use-after-free Write in afs_wake_up_async_call
       3  KASAN: use-after-free Write in afs_wake_up_async_call
       4  KASAN: use-after-free Write in afs_wake_up_async_call
       4  KASAN: use-after-free Write in afs_wake_up_async_call
       4  KASAN: use-after-free Write in afs_wake_up_async_call
       4  KASAN: use-after-free Write in afs_wake_up_async_call
       5  KASAN: use-after-free Write in afs_wake_up_async_call
       5  KASAN: use-after-free Write in afs_wake_up_async_call
       5  KASAN: use-after-free Write in afs_wake_up_async_call
       5  KASAN: use-after-free Write in afs_wake_up_async_call
       6  KASAN: use-after-free Write in afs_wake_up_async_call
       6  KASAN: use-after-free Write in afs_wake_up_async_call
       6  KASAN: use-after-free Write in afs_wake_up_async_call
       6  KASAN: use-after-free Write in afs_wake_up_async_call
       7  KASAN: use-after-free Write in afs_wake_up_async_call
       7  KASAN: use-after-free Write in afs_wake_up_async_call
       7  KASAN: use-after-free Write in afs_wake_up_async_call
       7  KASAN: use-after-free Write in afs_wake_up_async_call
       7  KASAN: use-after-free Write in afs_wake_up_async_call
       8  KASAN: use-after-free Write in afs_wake_up_async_call
       8  KASAN: use-after-free Write in afs_wake_up_async_call
       8  KASAN: use-after-free Write in afs_wake_up_async_call
       8  KASAN: use-after-free Write in afs_wake_up_async_call
       9  KASAN: use-after-free Write in afs_wake_up_async_call
       9  KASAN: use-after-free Write in afs_wake_up_async_call
       9  KASAN: use-after-free Write in afs_wake_up_async_call
       9  KASAN: use-after-free Write in afs_wake_up_async_call
      10  KASAN: use-after-free Write in afs_wake_up_async_call
      10  KASAN: use-after-free Write in afs_wake_up_async_call
      10  KASAN: use-after-free Write in afs_wake_up_async_call
      10  KASAN: use-after-free Write in afs_wake_up_async_call
The bug was not found.

2023-06-13 15:33:25
Session:   7
Template:  2020-06-25 - aea82c003a1826ebd9bf53194bb40fe911f9c23e
Syzkaller: 2020-06-25 - aea82c003a1826ebd9bf53194bb40fe911f9c23e
Kernel:    2020-06-25 - 52366a107bf0600cf366f5ff3ea1f147b285e41f
Compiler:  gcc-10.1.0-syz
Attempt 1:
    Time  Bug Name
       2  KASAN: use-after-free Write in afs_wake_up_async_call
       2  KASAN: use-after-free Write in afs_wake_up_async_call
       2  KASAN: use-after-free Write in afs_wake_up_async_call
       2  KASAN: use-after-free Write in afs_wake_up_async_call
       2  KASAN: use-after-free Write in afs_wake_up_async_call
       3  KASAN: use-after-free Write in afs_wake_up_async_call
       3  KASAN: use-after-free Write in afs_wake_up_async_call
       3  KASAN: use-after-free Write in afs_wake_up_async_call
       3  KASAN: use-after-free Write in afs_wake_up_async_call
       3  KASAN: use-after-free Write in afs_wake_up_async_call
       4  KASAN: use-after-free Write in afs_wake_up_async_call
       4  KASAN: use-after-free Write in afs_wake_up_async_call
       4  KASAN: use-after-free Write in afs_wake_up_async_call
       4  KASAN: use-after-free Write in afs_wake_up_async_call
       5  KASAN: use-after-free Write in afs_wake_up_async_call
       5  KASAN: use-after-free Write in afs_wake_up_async_call
       5  KASAN: use-after-free Write in afs_wake_up_async_call
       5  KASAN: use-after-free Write in afs_wake_up_async_call
       6  KASAN: use-after-free Write in afs_wake_up_async_call
       6  KASAN: use-after-free Write in afs_wake_up_async_call
       6  KASAN: use-after-free Write in afs_wake_up_async_call
       6  KASAN: use-after-free Write in afs_wake_up_async_call
       7  KASAN: use-after-free Write in afs_wake_up_async_call
       7  KASAN: use-after-free Write in afs_wake_up_async_call
       7  KASAN: use-after-free Write in afs_wake_up_async_call
       7  KASAN: use-after-free Write in afs_wake_up_async_call
       8  KASAN: use-after-free Write in afs_wake_up_async_call
       8  KASAN: use-after-free Write in afs_wake_up_async_call
       8  KASAN: use-after-free Write in afs_wake_up_async_call
       8  KASAN: use-after-free Write in afs_wake_up_async_call
       8  KASAN: use-after-free Write in afs_wake_up_async_call
       9  KASAN: use-after-free Write in afs_wake_up_async_call
       9  KASAN: use-after-free Write in afs_wake_up_async_call
       9  KASAN: use-after-free Write in afs_wake_up_async_call
       9  KASAN: use-after-free Write in afs_wake_up_async_call
       9  KASAN: use-after-free Write in afs_wake_up_async_call
      10  KASAN: use-after-free Write in afs_wake_up_async_call
      10  KASAN: use-after-free Write in afs_wake_up_async_call
      10  KASAN: use-after-free Write in afs_wake_up_async_call
      10  KASAN: use-after-free Write in afs_wake_up_async_call
Attempt 2:
    Time  Bug Name
       2  KASAN: use-after-free Write in afs_wake_up_async_call
       2  KASAN: use-after-free Write in afs_wake_up_async_call
       2  KASAN: use-after-free Write in afs_wake_up_async_call
       2  KASAN: use-after-free Write in afs_wake_up_async_call
       3  KASAN: use-after-free Write in afs_wake_up_async_call
       3  KASAN: use-after-free Write in afs_wake_up_async_call
       3  KASAN: use-after-free Write in afs_wake_up_async_call
       3  KASAN: use-after-free Write in afs_wake_up_async_call
       3  KASAN: use-after-free Write in afs_wake_up_async_call
       3  KASAN: use-after-free Write in afs_wake_up_async_call
       4  KASAN: use-after-free Write in afs_wake_up_async_call
       4  KASAN: use-after-free Write in afs_wake_up_async_call
       4  KASAN: use-after-free Write in afs_wake_up_async_call
       4  KASAN: use-after-free Write in afs_wake_up_async_call
       5  KASAN: use-after-free Write in afs_wake_up_async_call
       5  KASAN: use-after-free Write in afs_wake_up_async_call
       5  KASAN: use-after-free Write in afs_wake_up_async_call
       5  KASAN: use-after-free Write in afs_wake_up_async_call
       6  KASAN: use-after-free Write in afs_wake_up_async_call
       6  KASAN: use-after-free Write in afs_wake_up_async_call
       6  KASAN: use-after-free Write in afs_wake_up_async_call
       6  KASAN: use-after-free Write in afs_wake_up_async_call
       6  KASAN: use-after-free Write in afs_wake_up_async_call
       7  KASAN: use-after-free Write in afs_wake_up_async_call
       7  KASAN: use-after-free Write in afs_wake_up_async_call
       7  KASAN: use-after-free Write in afs_wake_up_async_call
       7  KASAN: use-after-free Write in afs_wake_up_async_call
       8  KASAN: use-after-free Write in afs_wake_up_async_call
       8  KASAN: use-after-free Write in afs_wake_up_async_call
       8  KASAN: use-after-free Write in afs_wake_up_async_call
       8  KASAN: use-after-free Write in afs_wake_up_async_call
       9  KASAN: use-after-free Write in afs_wake_up_async_call
       9  KASAN: use-after-free Write in afs_wake_up_async_call
       9  KASAN: use-after-free Write in afs_wake_up_async_call
       9  KASAN: use-after-free Write in afs_wake_up_async_call
      10  KASAN: use-after-free Write in afs_wake_up_async_call
      10  KASAN: use-after-free Write in afs_wake_up_async_call
      10  KASAN: use-after-free Write in afs_wake_up_async_call
      10  KASAN: use-after-free Write in afs_wake_up_async_call
      10  KASAN: use-after-free Write in afs_wake_up_async_call
Attempt 3:
    Time  Bug Name
       1  KASAN: use-after-free Write in afs_wake_up_async_call
       2  KASAN: use-after-free Write in afs_wake_up_async_call
       2  KASAN: use-after-free Write in afs_wake_up_async_call
       2  KASAN: use-after-free Write in afs_wake_up_async_call
       2  KASAN: use-after-free Write in afs_wake_up_async_call
       2  KASAN: use-after-free Write in afs_wake_up_async_call
       3  KASAN: use-after-free Write in afs_wake_up_async_call
       3  KASAN: use-after-free Write in afs_wake_up_async_call
       3  KASAN: use-after-free Write in afs_wake_up_async_call
       3  KASAN: use-after-free Write in afs_wake_up_async_call
       4  KASAN: use-after-free Write in afs_wake_up_async_call
       4  KASAN: use-after-free Write in afs_wake_up_async_call
       4  KASAN: use-after-free Write in afs_wake_up_async_call
       4  KASAN: use-after-free Write in afs_wake_up_async_call
       5  KASAN: use-after-free Write in afs_wake_up_async_call
       5  KASAN: use-after-free Write in afs_wake_up_async_call
       5  KASAN: use-after-free Write in afs_wake_up_async_call
       5  KASAN: use-after-free Write in afs_wake_up_async_call
       6  KASAN: use-after-free Write in afs_wake_up_async_call
       6  KASAN: use-after-free Write in afs_wake_up_async_call
       6  KASAN: use-after-free Write in afs_wake_up_async_call
       6  KASAN: use-after-free Write in afs_wake_up_async_call
       7  KASAN: use-after-free Write in afs_wake_up_async_call
       7  KASAN: use-after-free Write in afs_wake_up_async_call
       7  KASAN: use-after-free Write in afs_wake_up_async_call
       7  KASAN: use-after-free Write in afs_wake_up_async_call
       8  KASAN: use-after-free Write in afs_wake_up_async_call
       8  KASAN: use-after-free Write in afs_wake_up_async_call
       8  KASAN: use-after-free Write in afs_wake_up_async_call
       8  KASAN: use-after-free Write in afs_wake_up_async_call
       9  KASAN: use-after-free Write in afs_wake_up_async_call
       9  KASAN: use-after-free Write in afs_wake_up_async_call
       9  KASAN: use-after-free Write in afs_wake_up_async_call
       9  KASAN: use-after-free Write in afs_wake_up_async_call
      10  KASAN: use-after-free Write in afs_wake_up_async_call
      10  KASAN: use-after-free Write in afs_wake_up_async_call
      10  KASAN: use-after-free Write in afs_wake_up_async_call
      10  KASAN: use-after-free Write in afs_wake_up_async_call
      10  KASAN: use-after-free Write in afs_wake_up_async_call
The bug was not found.

2023-06-13 16:19:21
Session:   8
Template:  2020-06-26 - ffec44b5d1e024359410f6ba8d5e965973ede8f5
Syzkaller: 2020-06-26 - ffec44b5d1e024359410f6ba8d5e965973ede8f5
Kernel:    2020-06-26 - 4a21185cda0fbb860580eeeb4f1a70a9cda332a4
The bug was found in a previous identical fuzzing session.

2023-06-13 16:19:21
Session:   9
Template:  2020-06-25 - aea82c003a1826ebd9bf53194bb40fe911f9c23e
Syzkaller: 2020-06-25 - aea82c003a1826ebd9bf53194bb40fe911f9c23e
Kernel:    2020-06-25 - 42e9c85f5c7296c4ec02644a2b3debc7120e2bf4
Compiler:  gcc-10.1.0-syz
Attempt 1:
    Time  Bug Name
       1  KASAN: use-after-free Write in afs_wake_up_async_call
       2  KASAN: use-after-free Write in afs_wake_up_async_call
       2  KASAN: use-after-free Write in afs_wake_up_async_call
       2  KASAN: use-after-free Write in afs_wake_up_async_call
       2  KASAN: use-after-free Write in afs_wake_up_async_call
       3  KASAN: use-after-free Write in afs_wake_up_async_call
       3  KASAN: use-after-free Write in afs_wake_up_async_call
       3  KASAN: use-after-free Write in afs_wake_up_async_call
       3  KASAN: use-after-free Write in afs_wake_up_async_call
       4  KASAN: use-after-free Write in afs_wake_up_async_call
       4  KASAN: use-after-free Write in afs_wake_up_async_call
       4  KASAN: use-after-free Write in afs_wake_up_async_call
       4  KASAN: use-after-free Write in afs_wake_up_async_call
       5  KASAN: use-after-free Write in afs_wake_up_async_call
       5  KASAN: use-after-free Write in afs_wake_up_async_call
       5  KASAN: use-after-free Write in afs_wake_up_async_call
       5  KASAN: use-after-free Write in afs_wake_up_async_call
       5  KASAN: use-after-free Write in afs_wake_up_async_call
       6  KASAN: use-after-free Write in afs_wake_up_async_call
       6  KASAN: use-after-free Write in afs_wake_up_async_call
       6  KASAN: use-after-free Write in afs_wake_up_async_call
       6  KASAN: use-after-free Write in afs_wake_up_async_call
       6  KASAN: use-after-free Write in afs_wake_up_async_call
       7  KASAN: use-after-free Write in afs_wake_up_async_call
       7  KASAN: use-after-free Write in afs_wake_up_async_call
       7  KASAN: use-after-free Write in afs_wake_up_async_call
       7  KASAN: use-after-free Write in afs_wake_up_async_call
       8  KASAN: use-after-free Write in afs_wake_up_async_call
       8  KASAN: use-after-free Write in afs_wake_up_async_call
       8  KASAN: use-after-free Write in afs_wake_up_async_call
       8  KASAN: use-after-free Write in afs_wake_up_async_call
       9  KASAN: use-after-free Write in afs_wake_up_async_call
       9  KASAN: use-after-free Write in afs_wake_up_async_call
       9  KASAN: use-after-free Write in afs_wake_up_async_call
       9  KASAN: use-after-free Write in afs_wake_up_async_call
      10  KASAN: use-after-free Write in afs_wake_up_async_call
      10  KASAN: use-after-free Write in afs_wake_up_async_call
      10  KASAN: use-after-free Write in afs_wake_up_async_call
      10  KASAN: use-after-free Write in afs_wake_up_async_call
      10  KASAN: use-after-free Write in afs_wake_up_async_call
Attempt 2:
    Time  Bug Name
       2  KASAN: use-after-free Write in afs_wake_up_async_call
       2  KASAN: use-after-free Write in afs_wake_up_async_call
       2  KASAN: use-after-free Write in afs_wake_up_async_call
       2  KASAN: use-after-free Write in afs_wake_up_async_call
       3  KASAN: use-after-free Write in afs_wake_up_async_call
       3  KASAN: use-after-free Write in afs_wake_up_async_call
       3  KASAN: use-after-free Write in afs_wake_up_async_call
       3  KASAN: use-after-free Write in afs_wake_up_async_call
       4  KASAN: use-after-free Write in afs_wake_up_async_call
       4  KASAN: use-after-free Write in afs_wake_up_async_call
       4  KASAN: use-after-free Write in afs_wake_up_async_call
       4  KASAN: use-after-free Write in afs_wake_up_async_call
       5  KASAN: use-after-free Write in afs_wake_up_async_call
       5  KASAN: use-after-free Write in afs_wake_up_async_call
       5  KASAN: use-after-free Write in afs_wake_up_async_call
       5  KASAN: use-after-free Write in afs_wake_up_async_call
       6  KASAN: use-after-free Write in afs_wake_up_async_call
       6  KASAN: use-after-free Write in afs_wake_up_async_call
       6  KASAN: use-after-free Write in afs_wake_up_async_call
       6  KASAN: use-after-free Write in afs_wake_up_async_call
       7  KASAN: use-after-free Write in afs_wake_up_async_call
       7  KASAN: use-after-free Write in afs_wake_up_async_call
       7  KASAN: use-after-free Write in afs_wake_up_async_call
       7  KASAN: use-after-free Write in afs_wake_up_async_call
       8  KASAN: use-after-free Write in afs_wake_up_async_call
       8  KASAN: use-after-free Write in afs_wake_up_async_call
       8  KASAN: use-after-free Write in afs_wake_up_async_call
       8  KASAN: use-after-free Write in afs_wake_up_async_call
       9  KASAN: use-after-free Write in afs_wake_up_async_call
       9  KASAN: use-after-free Write in afs_wake_up_async_call
       9  KASAN: use-after-free Write in afs_wake_up_async_call
       9  KASAN: use-after-free Write in afs_wake_up_async_call
      10  KASAN: use-after-free Write in afs_wake_up_async_call
      10  KASAN: use-after-free Write in afs_wake_up_async_call
      10  KASAN: use-after-free Write in afs_wake_up_async_call
      10  KASAN: use-after-free Write in afs_wake_up_async_call
Attempt 3:
    Time  Bug Name
       2  KASAN: use-after-free Write in afs_wake_up_async_call
       2  KASAN: use-after-free Write in afs_wake_up_async_call
       2  KASAN: use-after-free Write in afs_wake_up_async_call
       2  KASAN: use-after-free Write in afs_wake_up_async_call
       3  KASAN: use-after-free Write in afs_wake_up_async_call
       3  KASAN: use-after-free Write in afs_wake_up_async_call
       3  KASAN: use-after-free Write in afs_wake_up_async_call
       3  KASAN: use-after-free Write in afs_wake_up_async_call
       4  KASAN: use-after-free Write in afs_wake_up_async_call
       4  KASAN: use-after-free Write in afs_wake_up_async_call
       4  KASAN: use-after-free Write in afs_wake_up_async_call
       4  KASAN: use-after-free Write in afs_wake_up_async_call
       5  KASAN: use-after-free Write in afs_wake_up_async_call
       5  KASAN: use-after-free Write in afs_wake_up_async_call
       5  KASAN: use-after-free Write in afs_wake_up_async_call
       5  KASAN: use-after-free Write in afs_wake_up_async_call
       6  KASAN: use-after-free Write in afs_wake_up_async_call
       6  KASAN: use-after-free Write in afs_wake_up_async_call
       6  KASAN: use-after-free Write in afs_wake_up_async_call
       6  KASAN: use-after-free Write in afs_wake_up_async_call
       7  KASAN: use-after-free Write in afs_wake_up_async_call
       7  KASAN: use-after-free Write in afs_wake_up_async_call
       7  KASAN: use-after-free Write in afs_wake_up_async_call
       7  KASAN: use-after-free Write in afs_wake_up_async_call
       8  KASAN: use-after-free Write in afs_wake_up_async_call
       8  KASAN: use-after-free Write in afs_wake_up_async_call
       8  KASAN: use-after-free Write in afs_wake_up_async_call
       8  KASAN: use-after-free Write in afs_wake_up_async_call
       9  KASAN: use-after-free Write in afs_wake_up_async_call
       9  KASAN: use-after-free Write in afs_wake_up_async_call
       9  KASAN: use-after-free Write in afs_wake_up_async_call
       9  KASAN: use-after-free Write in afs_wake_up_async_call
       9  KASAN: use-after-free Write in afs_wake_up_async_call
      10  KASAN: use-after-free Write in afs_wake_up_async_call
      10  KASAN: use-after-free Write in afs_wake_up_async_call
      10  KASAN: use-after-free Write in afs_wake_up_async_call
      10  KASAN: use-after-free Write in afs_wake_up_async_call
The bug was not found.

== Confirming the bisected commit ==

2023-06-13 17:05:24
Session:   10
Template:  2020-06-26 - ffec44b5d1e024359410f6ba8d5e965973ede8f5
Syzkaller: 2020-06-26 - ffec44b5d1e024359410f6ba8d5e965973ede8f5
Kernel:    2020-06-26 - 4a21185cda0fbb860580eeeb4f1a70a9cda332a4
The bug was found in a previous identical fuzzing session.

2023-06-13 17:05:24
Session:   11
Template:  2020-06-26 - ffec44b5d1e024359410f6ba8d5e965973ede8f5
Syzkaller: 2020-06-26 - ffec44b5d1e024359410f6ba8d5e965973ede8f5
Kernel:    2020-06-25 - 42e9c85f5c7296c4ec02644a2b3debc7120e2bf4
Compiler:  gcc-10.1.0-syz
Attempt 1:
    Time  Bug Name
       1  KASAN: use-after-free Write in afs_wake_up_async_call
       2  KASAN: use-after-free Write in afs_wake_up_async_call
       2  KASAN: use-after-free Write in afs_wake_up_async_call
       2  KASAN: use-after-free Write in afs_wake_up_async_call
       2  KASAN: use-after-free Write in afs_wake_up_async_call
       3  KASAN: use-after-free Write in afs_wake_up_async_call
       3  KASAN: use-after-free Write in afs_wake_up_async_call
       3  KASAN: use-after-free Write in afs_wake_up_async_call
       3  KASAN: use-after-free Write in afs_wake_up_async_call
       4  KASAN: use-after-free Write in afs_wake_up_async_call
       4  KASAN: use-after-free Write in afs_wake_up_async_call
       4  KASAN: use-after-free Write in afs_wake_up_async_call
       4  KASAN: use-after-free Write in afs_wake_up_async_call
       5  KASAN: use-after-free Write in afs_wake_up_async_call
       5  KASAN: use-after-free Write in afs_wake_up_async_call
       5  KASAN: use-after-free Write in afs_wake_up_async_call
       5  KASAN: use-after-free Write in afs_wake_up_async_call
       6  KASAN: use-after-free Write in afs_wake_up_async_call
       6  KASAN: use-after-free Write in afs_wake_up_async_call
       6  KASAN: use-after-free Write in afs_wake_up_async_call
       6  KASAN: use-after-free Write in afs_wake_up_async_call
       6  KASAN: use-after-free Write in afs_wake_up_async_call
       7  KASAN: use-after-free Write in afs_wake_up_async_call
       7  KASAN: use-after-free Write in afs_wake_up_async_call
       7  KASAN: use-after-free Write in afs_wake_up_async_call
       7  KASAN: use-after-free Write in afs_wake_up_async_call
       7  KASAN: use-after-free Write in afs_wake_up_async_call
       8  KASAN: use-after-free Write in afs_wake_up_async_call
       8  KASAN: use-after-free Write in afs_wake_up_async_call
       8  KASAN: use-after-free Write in afs_wake_up_async_call
       8  KASAN: use-after-free Write in afs_wake_up_async_call
       9  KASAN: use-after-free Write in afs_wake_up_async_call
       9  KASAN: use-after-free Write in afs_wake_up_async_call
       9  KASAN: use-after-free Write in afs_wake_up_async_call
       9  KASAN: use-after-free Write in afs_wake_up_async_call
      10  KASAN: use-after-free Write in afs_wake_up_async_call
      10  KASAN: use-after-free Write in afs_wake_up_async_call
      10  KASAN: use-after-free Write in afs_wake_up_async_call
      10  KASAN: use-after-free Write in afs_wake_up_async_call
      10  KASAN: use-after-free Write in afs_wake_up_async_call
Attempt 2:
    Time  Bug Name
       1  KASAN: use-after-free Write in afs_wake_up_async_call
       2  KASAN: use-after-free Write in afs_wake_up_async_call
       2  KASAN: use-after-free Write in afs_wake_up_async_call
       2  KASAN: use-after-free Write in afs_wake_up_async_call
       2  KASAN: use-after-free Write in afs_wake_up_async_call
       3  KASAN: use-after-free Write in afs_wake_up_async_call
       3  KASAN: use-after-free Write in afs_wake_up_async_call
       3  KASAN: use-after-free Write in afs_wake_up_async_call
       3  KASAN: use-after-free Write in afs_wake_up_async_call
       4  KASAN: use-after-free Write in afs_wake_up_async_call
       4  KASAN: use-after-free Write in afs_wake_up_async_call
       4  KASAN: use-after-free Write in afs_wake_up_async_call
       4  KASAN: use-after-free Write in afs_wake_up_async_call
       5  KASAN: use-after-free Write in afs_wake_up_async_call
       5  KASAN: use-after-free Write in afs_wake_up_async_call
       5  KASAN: use-after-free Write in afs_wake_up_async_call
       5  KASAN: use-after-free Write in afs_wake_up_async_call
       6  KASAN: use-after-free Write in afs_wake_up_async_call
       6  KASAN: use-after-free Write in afs_wake_up_async_call
       6  KASAN: use-after-free Write in afs_wake_up_async_call
       6  KASAN: use-after-free Write in afs_wake_up_async_call
       7  KASAN: use-after-free Write in afs_wake_up_async_call
       7  KASAN: use-after-free Write in afs_wake_up_async_call
       7  KASAN: use-after-free Write in afs_wake_up_async_call
       7  KASAN: use-after-free Write in afs_wake_up_async_call
       8  KASAN: use-after-free Write in afs_wake_up_async_call
       8  KASAN: use-after-free Write in afs_wake_up_async_call
       8  KASAN: use-after-free Write in afs_wake_up_async_call
       8  KASAN: use-after-free Write in afs_wake_up_async_call
       8  KASAN: use-after-free Write in afs_wake_up_async_call
       9  KASAN: use-after-free Write in afs_wake_up_async_call
       9  KASAN: use-after-free Write in afs_wake_up_async_call
       9  KASAN: use-after-free Write in afs_wake_up_async_call
       9  KASAN: use-after-free Write in afs_wake_up_async_call
      10  KASAN: use-after-free Write in afs_wake_up_async_call
      10  KASAN: use-after-free Write in afs_wake_up_async_call
      10  KASAN: use-after-free Write in afs_wake_up_async_call
      10  KASAN: use-after-free Write in afs_wake_up_async_call
Attempt 3:
    Time  Bug Name
       1  KASAN: use-after-free Write in afs_wake_up_async_call
       2  KASAN: use-after-free Write in afs_wake_up_async_call
       2  KASAN: use-after-free Write in afs_wake_up_async_call
       2  KASAN: use-after-free Write in afs_wake_up_async_call
       2  KASAN: use-after-free Write in afs_wake_up_async_call
       3  KASAN: use-after-free Write in afs_wake_up_async_call
       3  KASAN: use-after-free Write in afs_wake_up_async_call
       3  KASAN: use-after-free Write in afs_wake_up_async_call
       3  KASAN: use-after-free Write in afs_wake_up_async_call
       3  KASAN: use-after-free Write in afs_wake_up_async_call
       4  KASAN: use-after-free Write in afs_wake_up_async_call
       4  KASAN: use-after-free Write in afs_wake_up_async_call
       4  KASAN: use-after-free Write in afs_wake_up_async_call
       4  KASAN: use-after-free Write in afs_wake_up_async_call
       5  KASAN: use-after-free Write in afs_wake_up_async_call
       5  KASAN: use-after-free Write in afs_wake_up_async_call
       5  KASAN: use-after-free Write in afs_wake_up_async_call
       5  KASAN: use-after-free Write in afs_wake_up_async_call
       6  KASAN: use-after-free Write in afs_wake_up_async_call
       6  KASAN: use-after-free Write in afs_wake_up_async_call
       6  KASAN: use-after-free Write in afs_wake_up_async_call
       6  KASAN: use-after-free Write in afs_wake_up_async_call
       6  KASAN: use-after-free Write in afs_wake_up_async_call
       7  KASAN: use-after-free Write in afs_wake_up_async_call
       7  KASAN: use-after-free Write in afs_wake_up_async_call
       7  KASAN: use-after-free Write in afs_wake_up_async_call
       7  KASAN: use-after-free Write in afs_wake_up_async_call
       8  KASAN: use-after-free Write in afs_wake_up_async_call
       8  KASAN: use-after-free Write in afs_wake_up_async_call
       8  KASAN: use-after-free Write in afs_wake_up_async_call
       8  KASAN: use-after-free Write in afs_wake_up_async_call
       9  KASAN: use-after-free Write in afs_wake_up_async_call
       9  KASAN: use-after-free Write in afs_wake_up_async_call
       9  KASAN: use-after-free Write in afs_wake_up_async_call
       9  KASAN: use-after-free Write in afs_wake_up_async_call
      10  KASAN: use-after-free Write in afs_wake_up_async_call
      10  KASAN: use-after-free Write in afs_wake_up_async_call
      10  KASAN: use-after-free Write in afs_wake_up_async_call
      10  KASAN: use-after-free Write in afs_wake_up_async_call
The bug was not found.

====================================================================================================================================================
Revealing Factor:   Kernel Commit
Version:            2020-06-26 - 4a21185cda0fbb860580eeeb4f1a70a9cda332a4
Commit Name:        Merge git://git.kernel.org/pub/scm/linux/kernel/git/netdev/net

Bug Name:           KASAN: vmalloc-out-of-bounds Read in nl8NUM_dump_wpan_phy
Bug Link:           https://syzkaller.appspot.com/bug?id=5d1d0a9e2d11f7c968b8b47c91d59f2027231986
Arch:               amd64
Finding Date:       2020-06-26
Finding Commit:     2020-06-26 - 4a21185cda0fbb860580eeeb4f1a70a9cda332a4
Guilty Merge:       2019-10-06 - d44dc741327906b6eaf9f69c626cfc48d13f7250
Guilty Commit:      2019-10-06 - 75cdbdd089003cd53560ff87b690ae911fa7df8e

Possible Blocking Bugs:
    KASAN: use-after-free Write in afs_wake_up_async_call
