general protection fault in j1939_sk_bind,https://syzkaller.appspot.com/bug?id=6a7b00450156de72d4255b4a52bf36d4ec2c3df8
Repository: linux
Arch: amd64
Finding: 2019-11-03 - a99d8080aaf358d5d23581244e5da23b35e340b9
Guilty:  2019-09-04 - 9d71dd0c70099914fcd063135da3c580865e924c
Duplicate Names:
    general protection fault in j1939_sk_bind
    general protection fault in j1939_jsk_del
Single Proc Allocation
VMs:8
CPUs:2
Procs:16
Max time:30
Max attempts:3
Testing the finding commit.

2023-03-28 18:47:43
Session:   1
Template:  2019-11-05 - bc2c6e45b9f01fa6046cb3efa9d3aae9f05238a8
Syzkaller: 2019-11-05 - bc2c6e45b9f01fa6046cb3efa9d3aae9f05238a8
Kernel:    2019-11-03 - a99d8080aaf358d5d23581244e5da23b35e340b9
Compiler:  gcc-9.0.0-20181231
Attempt 1:
    Time  Bug Name
***    2  general protection fault in j1939_jsk_del
Attempt 2:
    Time  Bug Name
***    2  general protection fault in j1939_jsk_del
Attempt 3:
    Time  Bug Name
***    2  general protection fault in j1939_jsk_del
The bug was found.

New Max Time: 10.
Merge Commit: 2019-09-05 - 44c40910b66f786d33ffd2682ef38750eebb567c.

==== Template Retrospection ====
7 template changes in [2019-09-05, 2019-11-05].

2023-03-28 19:53:22
Session:   2
Template:  2019-11-02 - 1297f2394760dc7237eeb27a41b3380233684d4e
Syzkaller: 2019-11-02 - 1297f2394760dc7237eeb27a41b3380233684d4e
Kernel:    2019-11-02 - 56cfd2507d3e720f4b1dbf9513e00680516a0826
Compiler:  gcc-9.0.0-20181231
Attempt 1:
    No crashes found.
Attempt 2:
    No crashes found.
Attempt 3:
    No crashes found.
The bug was not found.

2023-03-28 21:24:34
Session:   3
Template:  2019-11-03 - 99d946ccff4e757395f5607f06645c79c2c951df
Syzkaller: 2019-11-03 - 99d946ccff4e757395f5607f06645c79c2c951df
Kernel:    2019-11-03 - a99d8080aaf358d5d23581244e5da23b35e340b9
Compiler:  gcc-9.0.0-20181231
Attempt 1:
    Time  Bug Name
***    2  general protection fault in j1939_jsk_del
The bug was found.

2023-03-28 22:05:21
Session:   4
Template:  2019-11-02 - 841212d4cc293fc5fcf57066eb506477ee3936ab
Syzkaller: 2019-11-02 - 841212d4cc293fc5fcf57066eb506477ee3936ab
Kernel:    2019-11-02 - 56cfd2507d3e720f4b1dbf9513e00680516a0826
Compiler:  gcc-9.0.0-20181231
Attempt 1:
    Time  Bug Name
***    2  general protection fault in j1939_jsk_del
The bug was found.

2023-03-28 22:43:55
Session:   5
Template:  2019-11-02 - 1297f2394760dc7237eeb27a41b3380233684d4e
Syzkaller: 2019-11-02 - 841212d4cc293fc5fcf57066eb506477ee3936ab
Kernel:    2019-11-02 - 56cfd2507d3e720f4b1dbf9513e00680516a0826
Attempt 1:
    No crashes found.
Attempt 2:
    No crashes found.
Attempt 3:
    No crashes found.
The bug was not found.

====================================================================================================================================================
Revealing Factor:   Template Update
Version:            2019-11-02 - 841212d4cc293fc5fcf57066eb506477ee3936ab
Commit Name:        sys/linux: extend CAN descriptions

Bug Name:           general protection fault in j1939_sk_bind
Bug Link:           https://syzkaller.appspot.com/bug?id=6a7b00450156de72d4255b4a52bf36d4ec2c3df8
Arch:               amd64
Finding Date:       2019-11-05
Finding Commit:     2019-11-03 - a99d8080aaf358d5d23581244e5da23b35e340b9
Guilty Merge:       2019-09-05 - 44c40910b66f786d33ffd2682ef38750eebb567c
Guilty Commit:      2019-09-04 - 9d71dd0c70099914fcd063135da3c580865e924c

Possible Blocking Bugs:
