kernel panic: corrupted stack end in wb_workfn,https://syzkaller.appspot.com/bug?id=c7e819884ddc3e9e16b0ed14d94c8c090ef53992
Repository: linux
Arch: amd64
Finding: 2018-12-29 - 195303136f192d37b89e20a8d1d2670d0d825266
Guilty:  2018-01-19 - c981f254cc82f50f8cb864ce6432097b23195b9c
No Duplicates
Default Allocation.
VMs:4
CPUs:4
Procs:24
Max time:30
Max attempts:3
Testing the finding commit.

2023-06-15 02:14:42
Session:   1
Template:  2018-12-30 - 2b42fdc898d8300c3f737e1c6e9e29763566e4e7
Syzkaller: 2018-12-30 - 2b42fdc898d8300c3f737e1c6e9e29763566e4e7
Kernel:    2018-12-29 - 195303136f192d37b89e20a8d1d2670d0d825266
Compiler:  gcc-8.0.1-20180412
Attempt 1:
    Time  Bug Name
***    1  kernel panic: corrupted stack end in wb_workfn
Attempt 2:
    Time  Bug Name
       2  possible deadlock in try_to_wake_up
***    2  kernel panic: corrupted stack end in wb_workfn
Attempt 3:
    Time  Bug Name
***    1  kernel panic: corrupted stack end in wb_workfn
The bug was found.

New Max Time: 10.
Merge Commit: 2018-01-31 - 19e7b5f99474107e8d0b4b3e4652fa19ddb87efc.

==== Template Retrospection ====
52 template changes in [2018-01-31, 2018-12-30].

2023-06-15 02:52:49
Session:   2
Template:  2018-07-08 - eb5690a56d4a550498e4c0540eb4fa703c9b87e9
Syzkaller: 2018-07-08 - eb5690a56d4a550498e4c0540eb4fa703c9b87e9
Kernel:    2018-07-08 - 1e4b044d22517cae7047c99038abb444423243ca
Compiler:  gcc-8.0.1-20180412
Attempt 1:
    No crashes found.
Attempt 2:
    No crashes found.
Attempt 3:
    Time  Bug Name
       2  kernel panic: corrupted stack end detected inside scheduler
The bug was not found.

2023-06-15 03:37:27
Session:   3
Template:  2018-12-09 - 82f11ef0c50d938173b46e102df1eeef3bce46ae
Syzkaller: 2018-12-09 - 82f11ef0c50d938173b46e102df1eeef3bce46ae
Kernel:    2018-12-09 - 40e020c129cfc991e8ab4736d2665351ffd1468d
Compiler:  gcc-8.0.1-20180412
Attempt 1:
    No crashes found.
Attempt 2:
    Time  Bug Name
       2  kernel panic: System is deadlocked on memory
       6  kernel panic: corrupted stack end detected inside scheduler
       9  kernel panic: corrupted stack end detected inside scheduler
Attempt 3:
    Time  Bug Name
       1  kernel panic: corrupted stack end detected inside scheduler
The bug was not found.

2023-06-15 04:25:26
Session:   4
Template:  2018-12-29 - a40793d7a5ec79bb550bc8599221880e6aba071b
Syzkaller: 2018-12-29 - a40793d7a5ec79bb550bc8599221880e6aba071b
Kernel:    2018-12-29 - 195303136f192d37b89e20a8d1d2670d0d825266
Compiler:  gcc-8.0.1-20180412
Attempt 1:
    Time  Bug Name
       2  kernel panic: corrupted stack end detected inside scheduler
Attempt 2:
    Time  Bug Name
       2  kernel panic: corrupted stack end detected inside scheduler
Attempt 3:
    Time  Bug Name
       2  kernel panic: corrupted stack end detected inside scheduler
       7  kernel panic: corrupted stack end detected inside scheduler
       9  kernel panic: corrupted stack end detected inside scheduler
The bug was not found.

2023-06-15 05:09:57
Session:   5
Template:  2018-12-30 - 5b565c8bdb062fe567a04af40cdba0e929441fe7
Syzkaller: 2018-12-30 - 5b565c8bdb062fe567a04af40cdba0e929441fe7
Kernel:    2018-12-29 - 195303136f192d37b89e20a8d1d2670d0d825266
Compiler:  gcc-8.0.1-20180412
Attempt 1:
    Time  Bug Name
***    2  kernel panic: corrupted stack end in wb_workfn
The bug was found.

2023-06-15 05:29:13
Session:   6
Template:  2018-12-29 - 204cb1446fa9aee09a506bc33f8fe605dbf709d2
Syzkaller: 2018-12-29 - 204cb1446fa9aee09a506bc33f8fe605dbf709d2
Kernel:    2018-12-29 - 195303136f192d37b89e20a8d1d2670d0d825266
Compiler:  gcc-8.0.1-20180412
Attempt 1:
    Time  Bug Name
       1  kernel panic: corrupted stack end detected inside scheduler
       7  kernel panic: corrupted stack end detected inside scheduler
Attempt 2:
    Time  Bug Name
       2  kernel panic: corrupted stack end detected inside scheduler
       6  kernel panic: corrupted stack end detected inside scheduler
       8  kernel panic: corrupted stack end detected inside scheduler
       8  kernel panic: corrupted stack end detected inside scheduler
Attempt 3:
    Time  Bug Name
       2  kernel panic: corrupted stack end detected inside scheduler
The bug was not found.

2023-06-15 06:15:11
Session:   7
Template:  2018-12-29 - 204cb1446fa9aee09a506bc33f8fe605dbf709d2
Syzkaller: 2018-12-30 - 5b565c8bdb062fe567a04af40cdba0e929441fe7
Kernel:    2018-12-29 - 195303136f192d37b89e20a8d1d2670d0d825266
Compiler:  gcc-8.0.1-20180412
Attempt 1:
    Time  Bug Name
***    2  kernel panic: corrupted stack end in wb_workfn
The bug was found.

==== Kernel Retrospection ====
23 Linux commits in [2018-12-29, 2018-12-29].

2023-06-15 06:32:55
Session:   8
Template:  2018-12-29 - 35e3f847cfd8b50b97ed3172577d884b0869b18e
Syzkaller: 2018-12-29 - 35e3f847cfd8b50b97ed3172577d884b0869b18e
Kernel:    2018-12-29 - b07039b79c9ea64c1eacda1e01d645082e4a0d5d
Compiler:  gcc-8.0.1-20180412
Attempt 1:
    Time  Bug Name
       2  kernel panic: corrupted stack end detected inside scheduler
Attempt 2:
    Time  Bug Name
       2  kernel panic: corrupted stack end detected inside scheduler
       7  kernel panic: corrupted stack end detected inside scheduler
      10  kernel panic: corrupted stack end detected inside scheduler
Attempt 3:
    Time  Bug Name
       2  kernel panic: corrupted stack end detected inside scheduler
       9  kernel panic: corrupted stack end detected inside scheduler
The bug was not found.

2023-06-15 07:17:02
Session:   9
Template:  2018-12-29 - 35e3f847cfd8b50b97ed3172577d884b0869b18e
Syzkaller: 2018-12-29 - 35e3f847cfd8b50b97ed3172577d884b0869b18e
Kernel:    2018-12-29 - 6f9d71c9c759b1e7d31189a4de228983192c7dc7
Compiler:  gcc-8.0.1-20180412
Attempt 1:
    Time  Bug Name
       1  kernel panic: corrupted stack end detected inside scheduler
       9  kernel panic: corrupted stack end detected inside scheduler
Attempt 2:
    Time  Bug Name
       2  kernel panic: corrupted stack end detected inside scheduler
      10  kernel panic: corrupted stack end detected inside scheduler
Attempt 3:
    Time  Bug Name
       1  kernel panic: corrupted stack end detected inside scheduler
The bug was not found.

2023-06-15 08:01:21
Session:   10
Template:  2018-12-29 - 35e3f847cfd8b50b97ed3172577d884b0869b18e
Syzkaller: 2018-12-29 - 35e3f847cfd8b50b97ed3172577d884b0869b18e
Kernel:    2018-12-29 - 668c35f69cc750aaf07bd5fe7710a47e2aed6e43
Compiler:  gcc-8.0.1-20180412
Attempt 1:
    Time  Bug Name
       1  kernel panic: corrupted stack end detected inside scheduler
Attempt 2:
    Time  Bug Name
       1  kernel panic: corrupted stack end detected inside scheduler
       7  kernel panic: corrupted stack end detected inside scheduler
       9  kernel panic: corrupted stack end detected inside scheduler
Attempt 3:
    Time  Bug Name
       2  kernel panic: corrupted stack end detected inside scheduler
       8  kernel panic: corrupted stack end detected inside scheduler
      10  kernel panic: corrupted stack end detected inside scheduler
The bug was not found.

2023-06-15 08:47:06
Session:   11
Template:  2018-12-29 - 35e3f847cfd8b50b97ed3172577d884b0869b18e
Syzkaller: 2018-12-29 - 35e3f847cfd8b50b97ed3172577d884b0869b18e
Kernel:    2018-12-29 - 195303136f192d37b89e20a8d1d2670d0d825266
Compiler:  gcc-8.0.1-20180412
Attempt 1:
    Time  Bug Name
       1  kernel panic: corrupted stack end detected inside scheduler
Attempt 2:
    Time  Bug Name
       1  kernel panic: corrupted stack end detected inside scheduler
       6  kernel panic: corrupted stack end detected inside scheduler
Attempt 3:
    Time  Bug Name
       2  kernel panic: corrupted stack end detected inside scheduler
The bug was not found.

== Confirming the bisected commit ==

2023-06-15 09:33:53
Session:   12
Template:  2018-12-29 - 35e3f847cfd8b50b97ed3172577d884b0869b18e
Syzkaller: 2018-12-29 - 35e3f847cfd8b50b97ed3172577d884b0869b18e
Kernel:    2018-12-29 - 195303136f192d37b89e20a8d1d2670d0d825266
The bug was not found in a previous identical fuzzing session.

2023-06-15 09:33:53
Session:   13
Template:  2018-12-29 - 35e3f847cfd8b50b97ed3172577d884b0869b18e
Syzkaller: 2018-12-29 - 35e3f847cfd8b50b97ed3172577d884b0869b18e
Kernel:    2018-12-29 - 769e47094dcc0ddc8fe8e04c13565a71134ec1a2
Compiler:  gcc-8.0.1-20180412
Attempt 1:
    Time  Bug Name
       2  kernel panic: corrupted stack end detected inside scheduler
Attempt 2:
    Time  Bug Name
       2  kernel panic: corrupted stack end detected inside scheduler
       6  kernel panic: corrupted stack end detected inside scheduler
Attempt 3:
    Time  Bug Name
       2  kernel panic: corrupted stack end detected inside scheduler
The bug was not found.

==== Syzkaller Retrospection ====
14 Syzkaller commits from [2018-12-29].

2023-06-15 10:36:30
Session:   14
Template:  2018-12-29 - 35e3f847cfd8b50b97ed3172577d884b0869b18e
Syzkaller: 2018-12-29 - 35e3f847cfd8b50b97ed3172577d884b0869b18e
Kernel:    2018-12-29 - 195303136f192d37b89e20a8d1d2670d0d825266
Compiler:  gcc-8.0.1-20180412
The bug was not found in a previous identical fuzzing session.

====================================================================================================================================================
Revealing Factor:   Syzkaller Update
Version:            2018-12-30 - 2ccf0adec3e674aae4c144c7357b3668e4266341
Commit Name:        pkg/report: parse linux stack corruption reports

Bug Name:           kernel panic: corrupted stack end in wb_workfn
Bug Link:           https://syzkaller.appspot.com/bug?id=c7e819884ddc3e9e16b0ed14d94c8c090ef53992
Arch:               amd64
Finding Date:       2018-12-30
Finding Commit:     2018-12-29 - 195303136f192d37b89e20a8d1d2670d0d825266
Guilty Merge:       2018-01-31 - 19e7b5f99474107e8d0b4b3e4652fa19ddb87efc
Guilty Commit:      2018-01-19 - c981f254cc82f50f8cb864ce6432097b23195b9c

Possible Blocking Bugs:
    kernel panic: corrupted stack end detected inside scheduler
