BUG: corrupted list in rdma_listen,https://syzkaller.appspot.com/bug?id=362b5b49fced29361c0ba3007a2b3e5cd13776b5
Repository: linux
Arch: amd64
Finding: 2021-03-18 - bf152b0b41dc141c8d32eb6e974408f5804f4d00
Guilty:  2020-09-17 - 732d41c545bb359cbb8c94698bdc1f8bcf82279c
Duplicate Names:
    WARNING: bad unlock balance in ucma_event_handler
    WARNING: bad unlock balance in ucma_destroy_id
    KASAN: use-after-free Read in addr_handler
    KASAN: use-after-free Read in cma_cancel_operation
    KASAN: use-after-free Read in rdma_listen
    KASAN: use-after-free Read in __list_del_entry_valid
    general protection fault in rdma_listen
    BUG: corrupted list in rdma_listen
Single Proc Allocation
VMs:8
CPUs:2
Procs:16
Max time:30
Max attempts:3
Testing the finding commit.

2023-05-12 00:07:11
Session:   1
Template:  2021-11-03 - 4c1be0be7c848f25f44beb25e6987206211daa81
Syzkaller: 2021-11-03 - 4c1be0be7c848f25f44beb25e6987206211daa81
Kernel:    2021-03-18 - bf152b0b41dc141c8d32eb6e974408f5804f4d00
Compiler:  gcc-10.2.1-20210110
Warning: Syzkaller log file exceeded 5000 lines.
Saved at /mnt/sda/author/SyzInspector/wd-inspector-1/log/bug210-boot_failure.log.
Attempt 1:
    Time  Bug Name
      12  boot failure
Warning: Syzkaller log file exceeded 5000 lines.
Saved at /mnt/sda/author/SyzInspector/wd-inspector-1/log/bug210-boot_failure.log.
Attempt 2:
    Time  Bug Name
      11  boot failure
Warning: Syzkaller log file exceeded 5000 lines.
Saved at /mnt/sda/author/SyzInspector/wd-inspector-1/log/bug210-boot_failure.log.
Attempt 3:
    Time  Bug Name
      11  boot failure
Warning: Syzkaller log file exceeded 5000 lines.
Saved at /mnt/sda/author/SyzInspector/wd-inspector-1/log/bug210-boot_failure.log.
Attempt 4: (RETRY)
    Time  Bug Name
      11  boot failure
Warning: Syzkaller log file exceeded 5000 lines.
Saved at /mnt/sda/author/SyzInspector/wd-inspector-1/log/bug210-boot_failure.log.
Attempt 5: (RETRY)
    Time  Bug Name
      11  boot failure
Warning: Syzkaller log file exceeded 5000 lines.
Saved at /mnt/sda/author/SyzInspector/wd-inspector-1/log/bug210-boot_failure.log.
Attempt 6: (RETRY)
    Time  Bug Name
      11  boot failure
The bug was not found.
Warning: This session is unstable.

Failure: This bug cannot be found at the finding commit.
