general protection fault in bpf_skb_ancestor_cgroup_id,https://syzkaller.appspot.com/bug?id=ad83e0cb3d1c7f5590cf761e6a58c69261c76b68
Repository: linux
Arch: amd64
Finding: 2021-09-20 - d9fb678414c048e185eaddadd18d75f5e8832ff3
Guilty:  2018-10-19 - 2cb494a36c98279c5c6ce8e99cf9776f15449ade
Duplicate Names:
    general protection fault in bpf_skb_cgroup_id
    general protection fault in bpf_skb_ancestor_cgroup_id
Single Proc Allocation
VMs:8
CPUs:2
Procs:16
Max time:30
Max attempts:3
Testing the finding commit.

2023-05-25 00:11:15
Session:   1
Template:  2021-09-21 - 169724fe58e8d7d0b4be6f59ca7c1e0f300399e1
Syzkaller: 2021-09-21 - 169724fe58e8d7d0b4be6f59ca7c1e0f300399e1
Kernel:    2021-09-20 - d9fb678414c048e185eaddadd18d75f5e8832ff3
Compiler:  gcc-10.2.1-20210110
Attempt 1:
    Time  Bug Name
***    3  general protection fault in bpf_skb_ancestor_cgroup_id
Attempt 2:
    Time  Bug Name
***    3  general protection fault in bpf_skb_ancestor_cgroup_id
Attempt 3:
    Time  Bug Name
***    4  general protection fault in bpf_skb_ancestor_cgroup_id
The bug was found.

New Max Time: 10.
Merge Commit: 2018-10-19 - d375e344781d099697cdc0fb4ee8b9170558f272.

==== Template Retrospection ====
49 template changes in [2018-10-19, 2021-09-21].

2023-05-25 04:12:38
Session:   2
Template:  2020-01-18 - 543c012b4ec683a624e7cffc927ad246e238cc27
Syzkaller: 2020-01-18 - 543c012b4ec683a624e7cffc927ad246e238cc27
Kernel:    2020-01-18 - 244dc2689085d7ff478f7b61841e62e59bea4557
Compiler:  gcc-9.0.0-20181231
Error: Syzkaller failed to make.
