WARNING in batadv_is_on_batman_iface,https://syzkaller.appspot.com/bug?id=7974abe3326a736f923c8f7a146fa90ef8efcec2
Repository: linux
Arch: amd64
Finding: 2018-12-25 - d8924c0d76aaa52e4811b5c64115d9a7f36cc73a
Guilty:  2012-11-14 - b7eddd0b3950ea9dc863f1cbfa30d172dbf772f4
No Duplicates
Default Allocation.
VMs:4
CPUs:4
Procs:24
Max time:30
Max attempts:3
Testing the finding commit.

2023-06-18 03:04:36
Session:   1
Template:  2018-12-26 - e747ec987b53b3b5ff8886c871f2c33a2a8e5631
Syzkaller: 2018-12-26 - e747ec987b53b3b5ff8886c871f2c33a2a8e5631
Kernel:    2018-12-25 - d8924c0d76aaa52e4811b5c64115d9a7f36cc73a
Compiler:  gcc-8.0.1-20180412
Attempt 1:
    No crashes found.
Attempt 2:
    No crashes found.
Attempt 3:
    No crashes found.
The bug was not found.

Failure: This bug cannot be found at the finding commit.
