memory leak in start_sync_thread,https://syzkaller.appspot.com/bug?id=8383817177a44b0715b1d781b2e840212f364aec
Repository: linux
Arch: amd64
Finding: 2019-05-26 - cd6c84d8f0cdc911df435bb075ba22ce3c605b07
Guilty:  2008-07-16 - 998e7a76804b7a273a0460c2cdd5a51fa9856717
No Duplicates
Multi-Proc Allocation.
VMs:4
CPUs:4
Procs:24
Max time:30
Max attempts:5
Testing the finding commit.

2023-05-21 16:34:42
Session:   1
Template:  2019-05-27 - 6bd615015dc05e75bc8979aab3bc710abd1fdffb
Syzkaller: 2019-05-27 - 6bd615015dc05e75bc8979aab3bc710abd1fdffb
Kernel:    2019-05-26 - cd6c84d8f0cdc911df435bb075ba22ce3c605b07
Compiler:  gcc-9.0.0-20181231
Attempt 1:
    Time  Bug Name
***    3  memory leak in start_sync_thread
Attempt 2:
    Time  Bug Name
***    2  memory leak in start_sync_thread
Attempt 3:
    Time  Bug Name
***    3  memory leak in start_sync_thread
Attempt 4:
    Time  Bug Name
***    3  memory leak in start_sync_thread
Attempt 5:
    Time  Bug Name
***    3  memory leak in start_sync_thread
The bug was found.

New Max Time: 30.
Merge Commit: 2008-07-17 - 885a4c966bcc11a1470c2b85a90360f6518a507a.

==== Template Inspection ====
30 template changes in [2017-07-22, 2019-05-28].

2023-05-21 20:02:28
Session:   2
Template:  2018-03-25 - 2675f920652cc9218b4b3dc513c76b0546a5a5ae
Syzkaller: 2018-03-25 - 2675f920652cc9218b4b3dc513c76b0546a5a5ae
Kernel:    2018-03-25 - 3eb2ce825ea1ad89d20f7a3b5780df850e4be274
Compiler:  gcc-8.0.1-20180301
Attempt 1:
    No crashes found.
Attempt 2:
    No crashes found.
Attempt 3:
    No crashes found.
Attempt 4:
    No crashes found.
Attempt 5:
    No crashes found.
The bug was not found.

2023-05-21 23:16:49
Session:   3
Template:  2018-06-18 - 920b18be87d248413f549d978d7dd68495a6ea7c
Syzkaller: 2018-06-18 - 920b18be87d248413f549d978d7dd68495a6ea7c
Kernel:    2018-06-18 - ba4dbdedd3edc2798659bcd8b1a184ea8bdd04dc
Compiler:  gcc-8.0.1-20180412
Attempt 1:
    Time  Bug Name
***   29  memory leak in start_sync_thread
The bug was found.

2023-05-22 00:40:34
Session:   4
Template:  2018-04-11 - 9cd56d71a84c470aa92422144a76d42c8ff6d11d
Syzkaller: 2018-04-11 - 9cd56d71a84c470aa92422144a76d42c8ff6d11d
Kernel:    2018-04-11 - 96973767594fe9c5d8a7e8fc594c9e565ab0374e
Compiler:  gcc-8.0.1-20180301
Attempt 1:
    No crashes found.
Attempt 2:
    No crashes found.
Attempt 3:
    No crashes found.
Attempt 4:
    No crashes found.
Attempt 5:
    No crashes found.
The bug was not found.

2023-05-22 04:35:10
Session:   5
Template:  2018-05-18 - d302e8164182e77b558e471c712839fda3ed7779
Syzkaller: 2018-05-18 - d302e8164182e77b558e471c712839fda3ed7779
Kernel:    2018-05-18 - 2c71d338bef2cc8a2e5f8ebe70788eeff246fcd8
Compiler:  gcc-8.0.1-20180412
Attempt 1:
    No crashes found.
Attempt 2:
    No crashes found.
Attempt 3:
    No crashes found.
Attempt 4:
    No crashes found.
Attempt 5:
    No crashes found.
The bug was not found.

2023-05-22 08:19:32
Session:   6
Template:  2018-06-08 - 866118af36a38963903be2bdee4aff0c36ae365f
Syzkaller: 2018-06-08 - 866118af36a38963903be2bdee4aff0c36ae365f
Kernel:    2018-06-08 - a3818841bd5e9b4a7e0e732c19cf3a632fcb525e
Compiler:  gcc-8.0.1-20180412
Attempt 1:
    Time  Bug Name
      16  WARNING in smc_unhash_sk
      16  WARNING in smc_unhash_sk
      16  WARNING in smc_unhash_sk
      17  WARNING in smc_unhash_sk
      17  WARNING in smc_unhash_sk
      19  WARNING in smc_unhash_sk
      19  WARNING in smc_unhash_sk
      20  WARNING in smc_unhash_sk
      20  WARNING in smc_unhash_sk
      20  WARNING in smc_unhash_sk
      21  WARNING in smc_unhash_sk
      22  WARNING in smc_unhash_sk
      22  WARNING in smc_unhash_sk
      22  WARNING in smc_unhash_sk
      22  WARNING in smc_unhash_sk
      23  WARNING in smc_unhash_sk
      23  WARNING in smc_unhash_sk
      23  WARNING in smc_unhash_sk
      24  WARNING in smc_unhash_sk
      24  WARNING in smc_unhash_sk
      25  WARNING in smc_unhash_sk
      25  WARNING in smc_unhash_sk
      26  WARNING in smc_unhash_sk
      26  WARNING in smc_unhash_sk
      26  WARNING in smc_unhash_sk
      27  WARNING in smc_unhash_sk
      27  WARNING in smc_unhash_sk
      27  WARNING in smc_unhash_sk
      28  WARNING in smc_unhash_sk
      28  WARNING in smc_unhash_sk
      29  WARNING in smc_unhash_sk
      29  WARNING in smc_unhash_sk
      30  WARNING in smc_unhash_sk
      30  WARNING in smc_unhash_sk
      30  WARNING in smc_unhash_sk
Attempt 2:
    Time  Bug Name
      20  WARNING in smc_unhash_sk
      20  WARNING in smc_unhash_sk
      20  WARNING in smc_unhash_sk
      21  WARNING in smc_unhash_sk
      22  WARNING in smc_unhash_sk
      24  WARNING in smc_unhash_sk
      25  WARNING in smc_unhash_sk
      25  WARNING in smc_unhash_sk
      27  WARNING in smc_unhash_sk
      27  WARNING in smc_unhash_sk
      29  WARNING in smc_unhash_sk
      29  WARNING in smc_unhash_sk
      30  WARNING in smc_unhash_sk
      30  WARNING in smc_unhash_sk
Attempt 3:
    Time  Bug Name
      21  no output from test machine
      23  WARNING in smc_unhash_sk
      23  WARNING in smc_unhash_sk
      24  WARNING in smc_unhash_sk
      24  WARNING in smc_unhash_sk
      26  WARNING in smc_unhash_sk
      27  WARNING in smc_unhash_sk
      28  WARNING in smc_unhash_sk
      28  WARNING in smc_unhash_sk
      29  WARNING in smc_unhash_sk
      29  WARNING in smc_unhash_sk
      30  WARNING in smc_unhash_sk
      30  WARNING in smc_unhash_sk
Attempt 4:
    Time  Bug Name
      20  WARNING in smc_unhash_sk
      22  WARNING in smc_unhash_sk
      24  WARNING in smc_unhash_sk
      25  WARNING in smc_unhash_sk
      25  WARNING in smc_unhash_sk
      27  WARNING in smc_unhash_sk
      28  WARNING in smc_unhash_sk
      28  WARNING in smc_unhash_sk
      30  WARNING in smc_unhash_sk
Attempt 5:
    Time  Bug Name
      18  WARNING in smc_unhash_sk
      20  WARNING in smc_unhash_sk
      21  WARNING in smc_unhash_sk
      21  WARNING in smc_unhash_sk
      23  WARNING in smc_unhash_sk
      23  WARNING in smc_unhash_sk
      23  WARNING in smc_unhash_sk
      24  WARNING in smc_unhash_sk
      24  WARNING in smc_unhash_sk
      24  WARNING in smc_unhash_sk
      25  WARNING in smc_unhash_sk
      25  WARNING in smc_unhash_sk
      26  WARNING in smc_unhash_sk
      26  WARNING in smc_unhash_sk
      27  WARNING in smc_unhash_sk
      27  WARNING in smc_unhash_sk
      27  WARNING in smc_unhash_sk
      28  WARNING in smc_unhash_sk
      28  WARNING in smc_unhash_sk
      29  WARNING in smc_unhash_sk
      29  WARNING in smc_unhash_sk
      29  WARNING in smc_unhash_sk
      30  WARNING in smc_unhash_sk
      30  WARNING in smc_unhash_sk
The bug was not found.

2023-05-22 11:51:47
Session:   7
Template:  2018-06-08 - 866118af36a38963903be2bdee4aff0c36ae365f
Syzkaller: 2018-06-18 - 920b18be87d248413f549d978d7dd68495a6ea7c
Kernel:    2018-06-18 - ba4dbdedd3edc2798659bcd8b1a184ea8bdd04dc
Compiler:  gcc-8.0.1-20180412
Attempt 1:
    Time  Bug Name
***   29  memory leak in start_sync_thread
The bug was found.

==== Kernel Inspection ====
104 Linux commits in [2018-06-08, 2018-06-18].

2023-05-22 13:17:06
Session:   8
Template:  2018-06-12 - 27c5f59f504f562333e3cd5e715fea5cb69c396e
Syzkaller: 2018-06-12 - 27c5f59f504f562333e3cd5e715fea5cb69c396e
Kernel:    2018-06-12 - b357bf6023a948cf6a9472f07a1b0caac0e4f8e8
Compiler:  gcc-8.0.1-20180412
Attempt 1:
    Time  Bug Name
      16  unregister_netdevice: waiting for DEV to become free
Attempt 2:
    Time  Bug Name
      16  unregister_netdevice: waiting for DEV to become free
Attempt 3:
    Time  Bug Name
      14  unregister_netdevice: waiting for DEV to become free
      14  unregister_netdevice: waiting for DEV to become free
***   17  memory leak in start_sync_thread
The bug was found.

2023-05-22 15:14:37
Session:   9
Template:  2018-06-08 - 866118af36a38963903be2bdee4aff0c36ae365f
Syzkaller: 2018-06-08 - 866118af36a38963903be2bdee4aff0c36ae365f
Kernel:    2018-06-10 - a2211de0f979aa83e9008fd04f39ea5f63473154
Compiler:  gcc-8.0.1-20180412
Attempt 1:
    Time  Bug Name
      19  WARNING in smc_unhash_sk
      19  WARNING in smc_unhash_sk
      20  WARNING in smc_unhash_sk
      20  WARNING in smc_unhash_sk
      21  WARNING in smc_unhash_sk
      21  WARNING in smc_unhash_sk
      22  WARNING in smc_unhash_sk
      22  WARNING in smc_unhash_sk
      22  WARNING in smc_unhash_sk
      23  WARNING in smc_unhash_sk
      24  WARNING in smc_unhash_sk
      24  WARNING in smc_unhash_sk
      24  WARNING in smc_unhash_sk
      24  WARNING in smc_unhash_sk
      25  WARNING in smc_unhash_sk
      26  WARNING in smc_unhash_sk
      26  WARNING in smc_unhash_sk
      27  WARNING in smc_unhash_sk
      27  WARNING in smc_unhash_sk
      28  WARNING in smc_unhash_sk
      28  WARNING in smc_unhash_sk
      30  WARNING in smc_unhash_sk
      30  WARNING in smc_unhash_sk
      30  WARNING in smc_unhash_sk
      30  WARNING in smc_unhash_sk
Attempt 2:
    Time  Bug Name
      17  WARNING in smc_unhash_sk
      18  WARNING in smc_unhash_sk
      19  WARNING in smc_unhash_sk
      19  WARNING in smc_unhash_sk
      21  WARNING in smc_unhash_sk
      22  WARNING in smc_unhash_sk
      22  WARNING in smc_unhash_sk
      23  WARNING in smc_unhash_sk
      24  WARNING in smc_unhash_sk
      24  WARNING in smc_unhash_sk
      24  WARNING in smc_unhash_sk
      25  WARNING in smc_unhash_sk
      25  WARNING in smc_unhash_sk
      25  WARNING in smc_unhash_sk
      26  WARNING in smc_unhash_sk
      26  WARNING in smc_unhash_sk
      26  WARNING in smc_unhash_sk
      26  WARNING in smc_unhash_sk
      27  WARNING in smc_unhash_sk
      27  WARNING in smc_unhash_sk
      28  WARNING in smc_unhash_sk
      28  WARNING in smc_unhash_sk
      29  WARNING in smc_unhash_sk
      29  WARNING in smc_unhash_sk
      30  WARNING in smc_unhash_sk
      30  WARNING in smc_unhash_sk
      30  WARNING in smc_unhash_sk
Attempt 3:
    Time  Bug Name
      16  no output from test machine
      18  WARNING in smc_unhash_sk
      18  WARNING in smc_unhash_sk
      19  WARNING in smc_unhash_sk
      19  WARNING in smc_unhash_sk
      19  WARNING in smc_unhash_sk
      20  WARNING in smc_unhash_sk
      20  WARNING in smc_unhash_sk
      20  WARNING in smc_unhash_sk
      21  WARNING in smc_unhash_sk
      21  WARNING in smc_unhash_sk
      21  WARNING in smc_unhash_sk
      21  WARNING in smc_unhash_sk
      23  WARNING in smc_unhash_sk
      23  WARNING in smc_unhash_sk
      23  WARNING in smc_unhash_sk
      24  WARNING in smc_unhash_sk
      24  WARNING in smc_unhash_sk
      24  WARNING in smc_unhash_sk
      24  WARNING in smc_unhash_sk
      25  WARNING in smc_unhash_sk
      26  WARNING in smc_unhash_sk
      27  WARNING in smc_unhash_sk
      27  WARNING in smc_unhash_sk
      27  WARNING in smc_unhash_sk
      27  WARNING in smc_unhash_sk
      28  WARNING in smc_unhash_sk
      28  WARNING in smc_unhash_sk
      28  WARNING in smc_unhash_sk
      29  WARNING in smc_unhash_sk
      30  WARNING in smc_unhash_sk
      30  WARNING in smc_unhash_sk
      30  WARNING in smc_unhash_sk
      30  WARNING in smc_unhash_sk
Attempt 4:
    Time  Bug Name
      19  WARNING in smc_unhash_sk
      19  WARNING in smc_unhash_sk
      20  WARNING in smc_unhash_sk
      21  WARNING in smc_unhash_sk
      21  WARNING in smc_unhash_sk
      22  WARNING in smc_unhash_sk
      22  WARNING in smc_unhash_sk
      23  WARNING in smc_unhash_sk
      24  WARNING in smc_unhash_sk
      24  WARNING in smc_unhash_sk
      25  WARNING in smc_unhash_sk
      25  WARNING in smc_unhash_sk
      26  WARNING in smc_unhash_sk
      26  WARNING in smc_unhash_sk
      26  WARNING in smc_unhash_sk
      26  WARNING in smc_unhash_sk
      27  WARNING in smc_unhash_sk
      27  WARNING in smc_unhash_sk
      27  WARNING in smc_unhash_sk
      28  WARNING in smc_unhash_sk
      28  WARNING in smc_unhash_sk
      28  WARNING in smc_unhash_sk
      29  WARNING in smc_unhash_sk
      29  WARNING in smc_unhash_sk
      29  WARNING in smc_unhash_sk
      30  WARNING in smc_unhash_sk
      30  WARNING in smc_unhash_sk
Attempt 5:
    Time  Bug Name
      23  WARNING in smc_unhash_sk
      24  WARNING in smc_unhash_sk
      24  WARNING in smc_unhash_sk
      25  WARNING in smc_unhash_sk
      25  WARNING in smc_unhash_sk
      26  WARNING in smc_unhash_sk
      26  WARNING in smc_unhash_sk
      27  WARNING in smc_unhash_sk
      27  WARNING in smc_unhash_sk
      28  WARNING in smc_unhash_sk
      28  WARNING in smc_unhash_sk
      29  WARNING in smc_unhash_sk
      30  WARNING in smc_unhash_sk
      30  WARNING in smc_unhash_sk
The bug was not found.

2023-05-22 18:31:44
Session:   10
Template:  2018-06-11 - 62d1af2467768d46623d446efaaf2f2cb6e8350e
Syzkaller: 2018-06-11 - 62d1af2467768d46623d446efaaf2f2cb6e8350e
Kernel:    2018-06-11 - d54d35c501bcbd57b9722a6b371c0608b5d34199
Compiler:  gcc-8.0.1-20180412
Attempt 1:
    Time  Bug Name
      14  WARNING in smc_unhash_sk
      18  WARNING in smc_unhash_sk
      19  unregister_netdevice: waiting for DEV to become free
      20  WARNING in smc_unhash_sk
      21  WARNING in smc_unhash_sk
      21  WARNING in smc_unhash_sk
      22  WARNING in smc_unhash_sk
      23  WARNING in smc_unhash_sk
      23  WARNING in smc_unhash_sk
      23  WARNING in smc_unhash_sk
      24  WARNING in smc_unhash_sk
      24  WARNING in smc_unhash_sk
      24  WARNING in smc_unhash_sk
      25  WARNING in smc_unhash_sk
      25  WARNING in smc_unhash_sk
      26  WARNING in smc_unhash_sk
      26  WARNING in smc_unhash_sk
      26  WARNING in smc_unhash_sk
      26  WARNING in smc_unhash_sk
      27  WARNING in smc_unhash_sk
      27  WARNING in smc_unhash_sk
      27  WARNING in smc_unhash_sk
      27  WARNING in smc_unhash_sk
      28  WARNING in smc_unhash_sk
      28  WARNING in smc_unhash_sk
      29  WARNING in smc_unhash_sk
      29  WARNING in smc_unhash_sk
      29  WARNING in smc_unhash_sk
      30  WARNING in smc_unhash_sk
      30  WARNING in smc_unhash_sk
      30  WARNING in smc_unhash_sk
Attempt 2:
    Time  Bug Name
      19  WARNING in smc_unhash_sk
      21  WARNING in smc_unhash_sk
      22  WARNING in smc_unhash_sk
      22  WARNING in smc_unhash_sk
      23  WARNING in smc_unhash_sk
      25  WARNING in smc_unhash_sk
      25  WARNING in smc_unhash_sk
      26  WARNING in smc_unhash_sk
      26  WARNING in smc_unhash_sk
      26  WARNING in smc_unhash_sk
      27  WARNING in smc_unhash_sk
      28  WARNING in smc_unhash_sk
      28  WARNING in smc_unhash_sk
      28  WARNING in smc_unhash_sk
      29  WARNING in smc_unhash_sk
      29  WARNING in smc_unhash_sk
      29  WARNING in smc_unhash_sk
      29  WARNING in smc_unhash_sk
      30  WARNING in smc_unhash_sk
      30  WARNING in smc_unhash_sk
Attempt 3:
    Time  Bug Name
      24  WARNING in smc_unhash_sk
      25  WARNING in smc_unhash_sk
      26  WARNING in smc_unhash_sk
      27  WARNING in smc_unhash_sk
      27  WARNING in smc_unhash_sk
      27  WARNING in smc_unhash_sk
      28  WARNING in smc_unhash_sk
      29  WARNING in smc_unhash_sk
      29  WARNING in smc_unhash_sk
      29  WARNING in smc_unhash_sk
      30  WARNING in smc_unhash_sk
      30  WARNING in smc_unhash_sk
Attempt 4:
    Time  Bug Name
      15  WARNING in smc_unhash_sk
      15  WARNING in smc_unhash_sk
      15  WARNING in smc_unhash_sk
      16  WARNING in smc_unhash_sk
      17  WARNING in smc_unhash_sk
      18  WARNING in smc_unhash_sk
      18  WARNING in smc_unhash_sk
      18  WARNING in smc_unhash_sk
      19  WARNING in smc_unhash_sk
      19  WARNING in smc_unhash_sk
      20  WARNING in smc_unhash_sk
      21  WARNING in smc_unhash_sk
      21  WARNING in smc_unhash_sk
      21  WARNING in smc_unhash_sk
      22  WARNING in smc_unhash_sk
      22  WARNING in smc_unhash_sk
      23  WARNING in smc_unhash_sk
      23  WARNING in smc_unhash_sk
      23  WARNING in smc_unhash_sk
      23  WARNING in smc_unhash_sk
      24  WARNING in smc_unhash_sk
      24  WARNING in smc_unhash_sk
      24  WARNING in smc_unhash_sk
      25  WARNING in smc_unhash_sk
      25  WARNING in smc_unhash_sk
      25  WARNING in smc_unhash_sk
      26  WARNING in smc_unhash_sk
      26  WARNING in smc_unhash_sk
      27  WARNING in smc_unhash_sk
      27  WARNING in smc_unhash_sk
      27  WARNING in smc_unhash_sk
      27  WARNING in smc_unhash_sk
      28  WARNING in smc_unhash_sk
      28  WARNING in smc_unhash_sk
      28  WARNING in smc_unhash_sk
      29  WARNING in smc_unhash_sk
      29  WARNING in smc_unhash_sk
      29  WARNING in smc_unhash_sk
      30  WARNING in smc_unhash_sk
      30  WARNING in smc_unhash_sk
      30  WARNING in smc_unhash_sk
      30  WARNING in smc_unhash_sk
Attempt 5:
    Time  Bug Name
      16  WARNING in smc_unhash_sk
      17  WARNING in smc_unhash_sk
      18  WARNING in smc_unhash_sk
      19  WARNING in smc_unhash_sk
      20  WARNING in smc_unhash_sk
      22  WARNING in smc_unhash_sk
      22  WARNING in smc_unhash_sk
      22  WARNING in smc_unhash_sk
      22  WARNING in smc_unhash_sk
      23  WARNING in smc_unhash_sk
      23  WARNING in smc_unhash_sk
      24  WARNING in smc_unhash_sk
      24  WARNING in smc_unhash_sk
      24  WARNING in smc_unhash_sk
      25  WARNING in smc_unhash_sk
      25  WARNING in smc_unhash_sk
      25  WARNING in smc_unhash_sk
      25  WARNING in smc_unhash_sk
      26  WARNING in smc_unhash_sk
      27  WARNING in smc_unhash_sk
      27  WARNING in smc_unhash_sk
      27  WARNING in smc_unhash_sk
      27  WARNING in smc_unhash_sk
      28  WARNING in smc_unhash_sk
      28  WARNING in smc_unhash_sk
      28  WARNING in smc_unhash_sk
      29  WARNING in smc_unhash_sk
      29  WARNING in smc_unhash_sk
      30  WARNING in smc_unhash_sk
      30  WARNING in smc_unhash_sk
      30  WARNING in smc_unhash_sk
The bug was not found.

2023-05-22 21:58:42
Session:   11
Template:  2018-06-12 - 27c5f59f504f562333e3cd5e715fea5cb69c396e
Syzkaller: 2018-06-12 - 27c5f59f504f562333e3cd5e715fea5cb69c396e
Kernel:    2018-06-12 - 7c00e8ae041b349992047769af741b67379ce19a
Compiler:  gcc-8.0.1-20180412
Attempt 1:
    Time  Bug Name
      11  unregister_netdevice: waiting for DEV to become free
      11  unregister_netdevice: waiting for DEV to become free
      11  lost connection to test machine
***   16  memory leak in start_sync_thread
The bug was found.

2023-05-22 22:56:55
Session:   12
Template:  2018-06-11 - 62d1af2467768d46623d446efaaf2f2cb6e8350e
Syzkaller: 2018-06-11 - 62d1af2467768d46623d446efaaf2f2cb6e8350e
Kernel:    2018-06-11 - f7cca14bcec49989bcfe7cf2135ac719352d7022
Compiler:  gcc-8.0.1-20180412
Attempt 1:
    Time  Bug Name
      19  WARNING in smc_unhash_sk
      19  WARNING in smc_unhash_sk
      20  WARNING in smc_unhash_sk
      20  WARNING in smc_unhash_sk
      21  WARNING in smc_unhash_sk
      21  WARNING in smc_unhash_sk
      22  WARNING in smc_unhash_sk
      22  WARNING in smc_unhash_sk
      23  WARNING in smc_unhash_sk
      23  WARNING in smc_unhash_sk
      23  WARNING in smc_unhash_sk
      23  WARNING in smc_unhash_sk
      23  WARNING in smc_unhash_sk
      24  WARNING in smc_unhash_sk
      25  WARNING in smc_unhash_sk
      25  WARNING in smc_unhash_sk
      26  WARNING in smc_unhash_sk
      26  WARNING in smc_unhash_sk
      27  WARNING in smc_unhash_sk
      28  WARNING in smc_unhash_sk
      28  WARNING in smc_unhash_sk
      29  WARNING in smc_unhash_sk
      29  WARNING in smc_unhash_sk
      29  WARNING in smc_unhash_sk
      30  WARNING in smc_unhash_sk
      30  WARNING in smc_unhash_sk
      30  WARNING in smc_unhash_sk
Attempt 2:
    Time  Bug Name
      19  WARNING in smc_unhash_sk
      19  WARNING in smc_unhash_sk
      20  WARNING in smc_unhash_sk
      22  WARNING in smc_unhash_sk
      25  WARNING in smc_unhash_sk
      26  WARNING in smc_unhash_sk
      27  WARNING in smc_unhash_sk
      27  WARNING in smc_unhash_sk
      27  WARNING in smc_unhash_sk
      28  WARNING in smc_unhash_sk
      28  WARNING in smc_unhash_sk
      29  WARNING in smc_unhash_sk
      30  WARNING in smc_unhash_sk
Attempt 3:
    Time  Bug Name
      19  WARNING in smc_unhash_sk
      20  WARNING in smc_unhash_sk
      22  WARNING in smc_unhash_sk
      23  WARNING in smc_unhash_sk
      23  WARNING in smc_unhash_sk
      25  WARNING in smc_unhash_sk
      25  WARNING in smc_unhash_sk
      26  WARNING in smc_unhash_sk
      26  WARNING in smc_unhash_sk
      27  WARNING in smc_unhash_sk
      27  WARNING in smc_unhash_sk
      27  WARNING in smc_unhash_sk
      27  WARNING in smc_unhash_sk
      28  WARNING in smc_unhash_sk
      28  WARNING in smc_unhash_sk
      29  WARNING in smc_unhash_sk
      30  WARNING in smc_unhash_sk
      30  WARNING in smc_unhash_sk
Attempt 4:
    Time  Bug Name
      17  WARNING in smc_unhash_sk
      18  no output from test machine
      20  WARNING in smc_unhash_sk
      20  WARNING in smc_unhash_sk
      21  WARNING in smc_unhash_sk
      21  WARNING in smc_unhash_sk
      23  WARNING in smc_unhash_sk
      23  WARNING in smc_unhash_sk
      23  WARNING in smc_unhash_sk
      24  WARNING in smc_unhash_sk
      24  WARNING in smc_unhash_sk
      25  WARNING in smc_unhash_sk
      26  WARNING in smc_unhash_sk
      26  WARNING in smc_unhash_sk
      26  WARNING in smc_unhash_sk
      27  WARNING in smc_unhash_sk
      27  WARNING in smc_unhash_sk
      27  WARNING in smc_unhash_sk
      28  WARNING in smc_unhash_sk
      29  WARNING in smc_unhash_sk
      29  WARNING in smc_unhash_sk
      30  WARNING in smc_unhash_sk
Attempt 5:
    Time  Bug Name
      16  WARNING in smc_unhash_sk
      17  WARNING in smc_unhash_sk
      17  WARNING in smc_unhash_sk
      18  WARNING in smc_unhash_sk
      18  WARNING in smc_unhash_sk
      18  WARNING in smc_unhash_sk
      19  WARNING in smc_unhash_sk
      19  WARNING in smc_unhash_sk
      20  WARNING in smc_unhash_sk
      20  WARNING in smc_unhash_sk
      20  WARNING in smc_unhash_sk
      21  WARNING in smc_unhash_sk
      21  WARNING in smc_unhash_sk
      21  WARNING in smc_unhash_sk
      22  WARNING in smc_unhash_sk
      23  WARNING in smc_unhash_sk
      23  WARNING in smc_unhash_sk
      23  WARNING in smc_unhash_sk
      24  WARNING in smc_unhash_sk
      24  WARNING in smc_unhash_sk
      24  WARNING in smc_unhash_sk
      24  WARNING in smc_unhash_sk
      25  WARNING in smc_unhash_sk
      25  WARNING in smc_unhash_sk
      25  WARNING in smc_unhash_sk
      26  WARNING in smc_unhash_sk
      27  WARNING in smc_unhash_sk
      27  WARNING in smc_unhash_sk
      27  WARNING in smc_unhash_sk
      27  WARNING in smc_unhash_sk
      28  WARNING in smc_unhash_sk
      29  WARNING in smc_unhash_sk
      29  WARNING in smc_unhash_sk
      30  WARNING in smc_unhash_sk
      30  WARNING in smc_unhash_sk
      30  WARNING in smc_unhash_sk
The bug was not found.

2023-05-23 02:23:41
Session:   13
Template:  2018-06-11 - 62d1af2467768d46623d446efaaf2f2cb6e8350e
Syzkaller: 2018-06-11 - 62d1af2467768d46623d446efaaf2f2cb6e8350e
Kernel:    2018-06-11 - a2b7ab45b8905b9c1813b0212e82a39d5c081c8a
Compiler:  gcc-8.0.1-20180412
Attempt 1:
    Time  Bug Name
      16  WARNING in smc_unhash_sk
      19  WARNING in smc_unhash_sk
      19  WARNING in smc_unhash_sk
      20  WARNING in smc_unhash_sk
      20  WARNING in smc_unhash_sk
      21  WARNING in smc_unhash_sk
      21  WARNING in smc_unhash_sk
      22  WARNING in smc_unhash_sk
      22  WARNING in smc_unhash_sk
      23  WARNING in smc_unhash_sk
      23  WARNING in smc_unhash_sk
      24  WARNING in smc_unhash_sk
      24  WARNING in smc_unhash_sk
      24  WARNING in smc_unhash_sk
      25  WARNING in smc_unhash_sk
      25  WARNING in smc_unhash_sk
      25  WARNING in smc_unhash_sk
      26  WARNING in smc_unhash_sk
      26  WARNING in smc_unhash_sk
      26  WARNING in smc_unhash_sk
      27  WARNING in smc_unhash_sk
      27  WARNING in smc_unhash_sk
      28  WARNING in smc_unhash_sk
      28  WARNING in smc_unhash_sk
      28  WARNING in smc_unhash_sk
      29  WARNING in smc_unhash_sk
      29  WARNING in smc_unhash_sk
      29  WARNING in smc_unhash_sk
      30  WARNING in smc_unhash_sk
      30  WARNING in smc_unhash_sk
      30  WARNING in smc_unhash_sk
      30  WARNING in smc_unhash_sk
Attempt 2:
    Time  Bug Name
      17  WARNING in smc_unhash_sk
      17  WARNING in smc_unhash_sk
      18  WARNING in smc_unhash_sk
      19  WARNING in smc_unhash_sk
      20  WARNING in smc_unhash_sk
      20  WARNING in smc_unhash_sk
      21  WARNING in smc_unhash_sk
      21  WARNING in smc_unhash_sk
      22  WARNING in smc_unhash_sk
      22  WARNING in smc_unhash_sk
      22  WARNING in smc_unhash_sk
      24  WARNING in smc_unhash_sk
      24  WARNING in smc_unhash_sk
      24  WARNING in smc_unhash_sk
      25  WARNING in smc_unhash_sk
      25  WARNING in smc_unhash_sk
      26  WARNING in smc_unhash_sk
      26  WARNING in smc_unhash_sk
      26  WARNING in smc_unhash_sk
      27  WARNING in smc_unhash_sk
      27  WARNING in smc_unhash_sk
      28  WARNING in smc_unhash_sk
      29  WARNING in smc_unhash_sk
      29  WARNING in smc_unhash_sk
      30  WARNING in smc_unhash_sk
      30  WARNING in smc_unhash_sk
Attempt 3:
    Time  Bug Name
      25  WARNING in smc_unhash_sk
      27  WARNING in smc_unhash_sk
      27  WARNING in smc_unhash_sk
      27  WARNING in smc_unhash_sk
      29  WARNING in smc_unhash_sk
      29  WARNING in smc_unhash_sk
Attempt 4:
    Time  Bug Name
      21  WARNING in smc_unhash_sk
      22  WARNING in smc_unhash_sk
      23  WARNING in smc_unhash_sk
      23  WARNING in smc_unhash_sk
      24  WARNING in smc_unhash_sk
      24  WARNING in smc_unhash_sk
      25  WARNING in smc_unhash_sk
      26  WARNING in smc_unhash_sk
      26  WARNING in smc_unhash_sk
      26  WARNING in smc_unhash_sk
      27  WARNING in smc_unhash_sk
      27  WARNING in smc_unhash_sk
      27  WARNING in smc_unhash_sk
      28  WARNING in smc_unhash_sk
      29  WARNING in smc_unhash_sk
      29  WARNING in smc_unhash_sk
      29  WARNING in smc_unhash_sk
      30  WARNING in smc_unhash_sk
      30  WARNING in smc_unhash_sk
      30  WARNING in smc_unhash_sk
      30  WARNING in smc_unhash_sk
Attempt 5:
    Time  Bug Name
      13  WARNING in smc_unhash_sk
      14  WARNING in smc_unhash_sk
      14  WARNING in smc_unhash_sk
      15  WARNING in smc_unhash_sk
      16  WARNING in smc_unhash_sk
      16  WARNING in smc_unhash_sk
      17  WARNING in smc_unhash_sk
      17  WARNING in smc_unhash_sk
      18  WARNING in smc_unhash_sk
      19  WARNING in smc_unhash_sk
      19  WARNING in smc_unhash_sk
      20  WARNING in smc_unhash_sk
      20  WARNING in smc_unhash_sk
      20  WARNING in smc_unhash_sk
      21  WARNING in smc_unhash_sk
      21  WARNING in smc_unhash_sk
      21  WARNING in smc_unhash_sk
      22  WARNING in smc_unhash_sk
      22  WARNING in smc_unhash_sk
      22  WARNING in smc_unhash_sk
      22  WARNING in smc_unhash_sk
      23  WARNING in smc_unhash_sk
      23  WARNING in smc_unhash_sk
      24  WARNING in smc_unhash_sk
      25  WARNING in smc_unhash_sk
      25  WARNING in smc_unhash_sk
      25  WARNING in smc_unhash_sk
      26  WARNING in smc_unhash_sk
      26  WARNING in smc_unhash_sk
      26  WARNING in smc_unhash_sk
      27  WARNING in smc_unhash_sk
      28  WARNING in smc_unhash_sk
      28  WARNING in smc_unhash_sk
      29  WARNING in smc_unhash_sk
      29  WARNING in smc_unhash_sk
      29  WARNING in smc_unhash_sk
      29  WARNING in smc_unhash_sk
      30  WARNING in smc_unhash_sk
      30  WARNING in smc_unhash_sk
The bug was not found.

== Confirming the bisected commit ==

2023-05-23 05:58:35
Session:   14
Template:  2018-06-12 - 27c5f59f504f562333e3cd5e715fea5cb69c396e
Syzkaller: 2018-06-12 - 27c5f59f504f562333e3cd5e715fea5cb69c396e
Kernel:    2018-06-12 - 7c00e8ae041b349992047769af741b67379ce19a
The bug was found in a previous identical fuzzing session.

2023-05-23 05:58:35
Session:   15
Template:  2018-06-12 - 27c5f59f504f562333e3cd5e715fea5cb69c396e
Syzkaller: 2018-06-12 - 27c5f59f504f562333e3cd5e715fea5cb69c396e
Kernel:    2018-06-11 - a2b7ab45b8905b9c1813b0212e82a39d5c081c8a
Compiler:  gcc-8.0.1-20180412
Attempt 1:
    Time  Bug Name
      14  WARNING in smc_unhash_sk
      15  WARNING in smc_unhash_sk
      17  WARNING in smc_unhash_sk
      17  WARNING in smc_unhash_sk
      17  WARNING in smc_unhash_sk
      19  WARNING in smc_unhash_sk
      19  WARNING in smc_unhash_sk
      20  WARNING in smc_unhash_sk
      20  WARNING in smc_unhash_sk
      20  WARNING in smc_unhash_sk
      20  WARNING in smc_unhash_sk
      21  WARNING in smc_unhash_sk
      21  WARNING in smc_unhash_sk
      21  WARNING in smc_unhash_sk
      22  WARNING in smc_unhash_sk
      23  WARNING in smc_unhash_sk
      23  WARNING in smc_unhash_sk
      24  WARNING in smc_unhash_sk
      24  WARNING in smc_unhash_sk
      25  WARNING in smc_unhash_sk
      25  WARNING in smc_unhash_sk
      25  WARNING in smc_unhash_sk
      26  WARNING in smc_unhash_sk
      27  WARNING in smc_unhash_sk
      27  WARNING in smc_unhash_sk
      28  WARNING in smc_unhash_sk
      29  WARNING in smc_unhash_sk
      29  WARNING in smc_unhash_sk
      30  WARNING in smc_unhash_sk
      30  WARNING in smc_unhash_sk
      30  WARNING in smc_unhash_sk
      30  WARNING in smc_unhash_sk
      30  WARNING in smc_unhash_sk
      30  WARNING in smc_unhash_sk
Attempt 2:
    Time  Bug Name
      14  WARNING in smc_unhash_sk
      14  WARNING in smc_unhash_sk
      16  WARNING in smc_unhash_sk
      17  WARNING in smc_unhash_sk
      17  WARNING in smc_unhash_sk
      18  WARNING in smc_unhash_sk
      19  WARNING in smc_unhash_sk
      19  WARNING in smc_unhash_sk
      19  WARNING in smc_unhash_sk
      19  WARNING in smc_unhash_sk
      19  WARNING in smc_unhash_sk
      20  WARNING in smc_unhash_sk
      20  WARNING in smc_unhash_sk
      20  WARNING in smc_unhash_sk
      21  WARNING in smc_unhash_sk
      21  WARNING in smc_unhash_sk
      21  WARNING in smc_unhash_sk
      21  WARNING in smc_unhash_sk
      22  WARNING in smc_unhash_sk
      22  WARNING in smc_unhash_sk
      23  WARNING in smc_unhash_sk
      23  WARNING in smc_unhash_sk
      23  WARNING in smc_unhash_sk
      24  WARNING in smc_unhash_sk
      24  WARNING in smc_unhash_sk
      25  WARNING in smc_unhash_sk
      25  WARNING in smc_unhash_sk
      25  WARNING in smc_unhash_sk
      25  WARNING in smc_unhash_sk
      26  WARNING in smc_unhash_sk
      26  WARNING in smc_unhash_sk
      26  WARNING in smc_unhash_sk
      27  WARNING in smc_unhash_sk
      27  WARNING in smc_unhash_sk
      27  WARNING in smc_unhash_sk
      28  WARNING in smc_unhash_sk
      28  WARNING in smc_unhash_sk
      28  WARNING in smc_unhash_sk
      28  WARNING in smc_unhash_sk
      30  WARNING in smc_unhash_sk
      30  WARNING in smc_unhash_sk
Attempt 3:
    Time  Bug Name
      17  WARNING in smc_unhash_sk
      18  WARNING in smc_unhash_sk
      19  WARNING in smc_unhash_sk
      21  WARNING in smc_unhash_sk
      21  WARNING in smc_unhash_sk
      21  WARNING in smc_unhash_sk
      23  WARNING in smc_unhash_sk
      23  WARNING in smc_unhash_sk
      24  WARNING in smc_unhash_sk
      24  WARNING in smc_unhash_sk
      24  WARNING in smc_unhash_sk
      24  WARNING in smc_unhash_sk
      25  WARNING in smc_unhash_sk
      25  WARNING in smc_unhash_sk
      25  WARNING in smc_unhash_sk
      27  WARNING in smc_unhash_sk
      27  WARNING in smc_unhash_sk
      27  WARNING in smc_unhash_sk
      29  WARNING in smc_unhash_sk
      29  WARNING in smc_unhash_sk
      29  WARNING in smc_unhash_sk
      30  WARNING in smc_unhash_sk
      30  WARNING in smc_unhash_sk
      30  WARNING in smc_unhash_sk
      30  WARNING in smc_unhash_sk
      30  WARNING in smc_unhash_sk
Attempt 4:
    Time  Bug Name
      14  WARNING in smc_unhash_sk
      15  no output from test machine
      15  WARNING in smc_unhash_sk
      16  WARNING in smc_unhash_sk
      16  WARNING in smc_unhash_sk
      17  WARNING in smc_unhash_sk
      17  WARNING in smc_unhash_sk
      17  WARNING in smc_unhash_sk
      17  WARNING in smc_unhash_sk
      18  WARNING in smc_unhash_sk
      18  WARNING in smc_unhash_sk
      18  WARNING in smc_unhash_sk
      19  WARNING in smc_unhash_sk
      19  WARNING in smc_unhash_sk
      19  WARNING in smc_unhash_sk
      19  WARNING in smc_unhash_sk
      20  WARNING in smc_unhash_sk
      20  WARNING in smc_unhash_sk
      21  WARNING in smc_unhash_sk
      21  WARNING in smc_unhash_sk
      21  WARNING in smc_unhash_sk
      21  WARNING in smc_unhash_sk
      22  WARNING in smc_unhash_sk
      22  WARNING in smc_unhash_sk
      22  WARNING in smc_unhash_sk
      22  WARNING in smc_unhash_sk
      23  WARNING in smc_unhash_sk
      23  WARNING in smc_unhash_sk
      23  WARNING in smc_unhash_sk
      23  WARNING in smc_unhash_sk
      24  WARNING in smc_unhash_sk
      24  WARNING in smc_unhash_sk
      25  WARNING in smc_unhash_sk
      25  WARNING in smc_unhash_sk
      26  WARNING in smc_unhash_sk
      26  WARNING in smc_unhash_sk
      27  WARNING in smc_unhash_sk
      27  WARNING in smc_unhash_sk
      27  WARNING in smc_unhash_sk
      28  WARNING in smc_unhash_sk
      28  WARNING in smc_unhash_sk
      29  WARNING in smc_unhash_sk
      29  WARNING in smc_unhash_sk
      29  WARNING in smc_unhash_sk
      29  WARNING in smc_unhash_sk
      30  WARNING in smc_unhash_sk
      30  WARNING in smc_unhash_sk
      30  WARNING in smc_unhash_sk
      30  WARNING in smc_unhash_sk
Attempt 5:
    Time  Bug Name
      20  WARNING in smc_unhash_sk
      22  WARNING in smc_unhash_sk
      22  WARNING in smc_unhash_sk
      23  WARNING in smc_unhash_sk
      25  WARNING in smc_unhash_sk
      27  WARNING in smc_unhash_sk
      27  WARNING in smc_unhash_sk
      28  WARNING in smc_unhash_sk
      29  WARNING in smc_unhash_sk
      29  WARNING in smc_unhash_sk
      29  WARNING in smc_unhash_sk
      30  WARNING in smc_unhash_sk
      30  WARNING in smc_unhash_sk
      30  WARNING in smc_unhash_sk
The bug was not found.

====================================================================================================================================================
Revealing Factor:   Kernel Commit
Version:            2018-06-12 - 7c00e8ae041b349992047769af741b67379ce19a
Commit Name:        Merge tag 'armsoc-soc' of git://git.kernel.org/pub/scm/linux/kernel/git/arm/arm-soc

Bug Name:           memory leak in start_sync_thread
Bug Link:           https://syzkaller.appspot.com/bug?id=8383817177a44b0715b1d781b2e840212f364aec
Arch:               amd64
Finding Date:       2019-05-28
Finding Commit:     2019-05-26 - cd6c84d8f0cdc911df435bb075ba22ce3c605b07
Guilty Merge:       2008-07-17 - 885a4c966bcc11a1470c2b85a90360f6518a507a
Guilty Commit:      2008-07-16 - 998e7a76804b7a273a0460c2cdd5a51fa9856717

Possible Blocking Bugs:
    WARNING in smc_unhash_sk

AUTHOR: Determined to be a blocking bug.
