WARNING in __nf_unregister_net_hook,https://syzkaller.appspot.com/bug?id=7a56fd91f3db3a79c974b34e1aac3879898d6f29
Repository: linux
Arch: amd64
Finding: 2020-07-11 - 0aea6d5c5be33ce94c16f9ab2f64de1f481f424b
Guilty:  2018-05-23 - 4e25ceb80b585891c5e2a6edfa481bc4709e9544
No Duplicates
Single Proc Allocation
VMs:8
CPUs:2
Procs:16
Max time:30
Max attempts:3
Testing the finding commit.

2023-06-08 08:14:26
Session:   1
Template:  2020-07-12 - 9ebcc5b1a8145326065b932958d82ada85a5c224
Syzkaller: 2020-07-12 - 9ebcc5b1a8145326065b932958d82ada85a5c224
Kernel:    2020-07-11 - 0aea6d5c5be33ce94c16f9ab2f64de1f481f424b
Compiler:  gcc-10.1.0-syz
Attempt 1:
    Time  Bug Name
***    2  WARNING in __nf_unregister_net_hook
Attempt 2:
    Time  Bug Name
***    2  WARNING in __nf_unregister_net_hook
Attempt 3:
    Time  Bug Name
***    2  WARNING in __nf_unregister_net_hook
The bug was found.

New Max Time: 10.
Merge Commit: 2018-05-23 - fb83eb93c6aa74e2a2a210a110069738b2648132.

==== Template Inspection ====
99 template changes in [2018-05-23, 2020-07-12].

2023-06-08 09:48:36
Session:   2
Template:  2019-11-04 - e2d61622eb61b451cb2cc72684154fafa1977eef
Syzkaller: 2019-11-04 - e2d61622eb61b451cb2cc72684154fafa1977eef
Kernel:    2019-11-03 - a99d8080aaf358d5d23581244e5da23b35e340b9
Compiler:  gcc-9.0.0-20181231
Attempt 1:
    No crashes found.
Attempt 2:
    No crashes found.
Attempt 3:
    No crashes found.
The bug was not found.

2023-06-08 10:31:05
Session:   3
Template:  2020-01-18 - d2f8d5ab46fe67b2f03387be9e6f38ffe5f227ba
Syzkaller: 2020-01-18 - d2f8d5ab46fe67b2f03387be9e6f38ffe5f227ba
Kernel:    2020-01-18 - 244dc2689085d7ff478f7b61841e62e59bea4557
Compiler:  gcc-9.0.0-20181231
Attempt 1:
    Time  Bug Name
***    2  WARNING in __nf_unregister_net_hook
The bug was found.

2023-06-08 10:46:17
Session:   4
Template:  2020-01-03 - 9c216c01829f7a67c5fd7ddf50be46a79cab7663
Syzkaller: 2020-01-03 - 9c216c01829f7a67c5fd7ddf50be46a79cab7663
Kernel:    2020-01-03 - 3a562aee727a7bfbb3a37b1aa934118397dad701
Compiler:  gcc-9.0.0-20181231
Attempt 1:
    No crashes found.
Attempt 2:
    No crashes found.
Attempt 3:
    No crashes found.
The bug was not found.

2023-06-08 11:26:50
Session:   5
Template:  2020-01-07 - d817520681553e36f8ce01f56fc8f8570e5ccc7c
Syzkaller: 2020-01-07 - d817520681553e36f8ce01f56fc8f8570e5ccc7c
Kernel:    2020-01-06 - ae6088216ce4b99b3a4aaaccd2eb2dd40d473d42
Compiler:  gcc-9.0.0-20181231
Attempt 1:
    No crashes found.
Attempt 2:
    No crashes found.
Attempt 3:
    No crashes found.
The bug was not found.

2023-06-08 12:08:15
Session:   6
Template:  2020-01-13 - 99565c1a260d7d4320bed9d77031c135fa5ae886
Syzkaller: 2020-01-13 - 99565c1a260d7d4320bed9d77031c135fa5ae886
Kernel:    2020-01-13 - b3a987b0264d3ddbb24293ebff10eddfc472f653
Compiler:  gcc-9.0.0-20181231
Attempt 1:
    No crashes found.
Attempt 2:
    No crashes found.
Attempt 3:
    No crashes found.
The bug was not found.

2023-06-08 12:50:22
Session:   7
Template:  2020-01-15 - b67897d4d1e0adbe963dd3bf9ed797586aa88fd1
Syzkaller: 2020-01-15 - b67897d4d1e0adbe963dd3bf9ed797586aa88fd1
Kernel:    2020-01-15 - f5ae2ea6347a308cfe91f53b53682ce635497d0d
Compiler:  gcc-9.0.0-20181231
Attempt 1:
    Time  Bug Name
***    2  WARNING in __nf_unregister_net_hook
The bug was found.

2023-06-08 13:05:14
Session:   8
Template:  2020-01-14 - 02b6b5430a9dce0f1fa9a6529dde38bf07d43ced
Syzkaller: 2020-01-14 - 02b6b5430a9dce0f1fa9a6529dde38bf07d43ced
Kernel:    2020-01-14 - 95e20af9fb9ce572129b930967dcb762a318c588
Compiler:  gcc-9.0.0-20181231
Attempt 1:
    No crashes found.
Attempt 2:
    No crashes found.
Attempt 3:
    No crashes found.
The bug was not found.

2023-06-08 13:47:14
Session:   9
Template:  2020-01-14 - 02b6b5430a9dce0f1fa9a6529dde38bf07d43ced
Syzkaller: 2020-01-15 - b67897d4d1e0adbe963dd3bf9ed797586aa88fd1
Kernel:    2020-01-15 - f5ae2ea6347a308cfe91f53b53682ce635497d0d
Compiler:  gcc-9.0.0-20181231
Attempt 1:
    Time  Bug Name
       6  general protection fault in nft_chain_parse_hook
Attempt 2:
    No crashes found.
Attempt 3:
    No crashes found.
The bug was not found.

====================================================================================================================================================
Revealing Factor:   Template Update
Version:            2020-01-15 - b67897d4d1e0adbe963dd3bf9ed797586aa88fd1
Commit Name:        sys/linux: extend and improve NFNL_SUBSYS_NFTABLES descriptions

Bug Name:           WARNING in __nf_unregister_net_hook
Bug Link:           https://syzkaller.appspot.com/bug?id=7a56fd91f3db3a79c974b34e1aac3879898d6f29
Arch:               amd64
Finding Date:       2020-07-12
Finding Commit:     2020-07-11 - 0aea6d5c5be33ce94c16f9ab2f64de1f481f424b
Guilty Merge:       2018-05-23 - fb83eb93c6aa74e2a2a210a110069738b2648132
Guilty Commit:      2018-05-23 - 4e25ceb80b585891c5e2a6edfa481bc4709e9544

Possible Blocking Bugs:
