kernel BUG at net/ipv4/ip_output.c:LINE!,https://syzkaller.appspot.com/bug?id=d582be84c0efa34f4936e12227905b2c18989a25
Repository: linux
Arch: amd64
Finding: 2018-07-11 - c25c74b7476e27180e9b76840e963e542023f118
Guilty:  2016-12-02 - 3a0af8fd61f90920f6fa04e4f1e9a6a73c1b4fd2
Duplicate Names:
    kernel BUG at net/ipv4/ip_output.c:LINE!
    KASAN: use-after-free Read in _decode_session6
    KASAN: slab-out-of-bounds Read in __pskb_copy_fclone
Single Proc Allocation
VMs:8
CPUs:2
Procs:16
Max time:30
Max attempts:3
Testing the finding commit.

2023-04-07 03:42:15
Session:   1
Template:  2018-07-12 - 06c33b3af0ff4072fb002879f83077c9d162a224
Syzkaller: 2018-07-12 - 06c33b3af0ff4072fb002879f83077c9d162a224
Kernel:    2018-07-11 - c25c74b7476e27180e9b76840e963e542023f118
Compiler:  gcc-8.0.1-20180412
Attempt 1:
    Time  Bug Name
***    2  kernel BUG at net/ipv4/ip_output.c:LINE!
Attempt 2:
    Time  Bug Name
***    2  kernel BUG at net/ipv4/ip_output.c:LINE!
Attempt 3:
    Time  Bug Name
***    2  kernel BUG at net/ipv4/ip_output.c:LINE!
The bug was found.

New Max Time: 10.
Merge Commit: 2016-12-02 - f577e22c73c08b160b17b93a3a38de9477d8bcc0.

==== Template Inspection ====
43 template changes in [2017-07-22, 2018-07-12].

2023-04-07 04:35:35
Session:   2
Template:  2018-01-15 - b75f5cb3cb6145796e39a799e4b4c83d7d4b4237
Syzkaller: 2018-01-15 - b75f5cb3cb6145796e39a799e4b4c83d7d4b4237
Kernel:    2018-01-14 - a8750ddca918032d6349adbf9a4b6555e7db20da
Compiler:  gcc-7.1.1-20170620
Attempt 1:
    No crashes found.
Attempt 2:
    No crashes found.
Attempt 3:
    No crashes found.
The bug was not found.

2023-04-07 05:41:49
Session:   3
Template:  2018-04-02 - 3e679c51c03ac13a5b4b601873689925eda3cc16
Syzkaller: 2018-04-02 - 3e679c51c03ac13a5b4b601873689925eda3cc16
Kernel:    2018-04-02 - ce6eba3dba366b607c0a363c7cdbd4ee8fcc6434
Compiler:  gcc-8.0.1-20180301
Attempt 1:
    No crashes found.
Attempt 2:
    No crashes found.
Attempt 3:
    No crashes found.
The bug was not found.

2023-04-07 07:08:26
Session:   4
Template:  2018-05-18 - d302e8164182e77b558e471c712839fda3ed7779
Syzkaller: 2018-05-18 - d302e8164182e77b558e471c712839fda3ed7779
Kernel:    2018-05-18 - 2c71d338bef2cc8a2e5f8ebe70788eeff246fcd8
Compiler:  gcc-8.0.1-20180412
Attempt 1:
    No crashes found.
Attempt 2:
    No crashes found.
Attempt 3:
    No crashes found.
The bug was not found.

2023-04-07 08:27:10
Session:   5
Template:  2018-06-18 - dde158e0af7bc1acf328d393a1fcb4eca60a5dfe
Syzkaller: 2018-06-18 - dde158e0af7bc1acf328d393a1fcb4eca60a5dfe
Kernel:    2018-06-18 - ba4dbdedd3edc2798659bcd8b1a184ea8bdd04dc
Compiler:  gcc-8.0.1-20180412
Attempt 1:
    No crashes found.
Attempt 2:
    No crashes found.
Attempt 3:
    No crashes found.
The bug was not found.

2023-04-07 09:35:46
Session:   6
Template:  2018-07-09 - 59da9e439317c83d5374d06832060fbd66efbbbc
Syzkaller: 2018-07-09 - 59da9e439317c83d5374d06832060fbd66efbbbc
Kernel:    2018-07-09 - bdf33113d89f70186ffb6674e925fa9b8a0266b1
Compiler:  gcc-8.0.1-20180412
Attempt 1:
    Time  Bug Name
***    2  kernel BUG at net/ipv4/ip_output.c:LINE!
The bug was found.

2023-04-07 09:59:11
Session:   7
Template:  2018-06-18 - dde158e0af7bc1acf328d393a1fcb4eca60a5dfe
Syzkaller: 2018-07-09 - 59da9e439317c83d5374d06832060fbd66efbbbc
Kernel:    2018-07-09 - bdf33113d89f70186ffb6674e925fa9b8a0266b1
Attempt 1:
    Time  Bug Name
***    2  kernel BUG at net/ipv4/ip_output.c:LINE!
The bug was found.

==== Kernel Inspection ====
116 Linux commits in [2018-06-18, 2018-07-09].

2023-04-07 10:03:55
Session:   8
Template:  2018-06-29 - 5739f7bef21ce8e3cee6b67f3cde2b37cb9891d4
Syzkaller: 2018-06-29 - 5739f7bef21ce8e3cee6b67f3cde2b37cb9891d4
Kernel:    2018-06-29 - ff23908bb78bbc0999ff35e6f319f1648c4ded93
Compiler:  gcc-8.0.1-20180412
Attempt 1:
    Time  Bug Name
***    2  kernel BUG at net/ipv4/ip_output.c:LINE!
The bug was found.

2023-04-07 10:34:52
Session:   9
Template:  2018-06-23 - 2064fc5c9114c170841328aaa4b124a4062becf6
Syzkaller: 2018-06-23 - 2064fc5c9114c170841328aaa4b124a4062becf6
Kernel:    2018-06-24 - 6242258b6b472f8fdd8ed9b735cc1190c185d16d
Compiler:  gcc-8.0.1-20180412
Attempt 1:
    Time  Bug Name
***    2  kernel BUG at net/ipv4/ip_output.c:LINE!
The bug was found.

2023-04-07 11:04:54
Session:   10
Template:  2018-06-19 - 095ef80678981c78c6726af6a3a50a7c8f667d52
Syzkaller: 2018-06-19 - 095ef80678981c78c6726af6a3a50a7c8f667d52
Kernel:    2018-06-21 - 303f311eb47bd7b320246f19c66e8b4af0550e0b
Compiler:  gcc-8.0.1-20180412
Attempt 1:
    No crashes found.
Attempt 2:
    No crashes found.
Attempt 3:
    No crashes found.
The bug was not found.

2023-04-07 12:22:38
Session:   11
Template:  2018-06-23 - 2064fc5c9114c170841328aaa4b124a4062becf6
Syzkaller: 2018-06-23 - 2064fc5c9114c170841328aaa4b124a4062becf6
Kernel:    2018-06-23 - 5e2204832b20ef9db859dd6a2e955ac3e33eef27
Compiler:  gcc-8.0.1-20180412
Attempt 1:
    Time  Bug Name
***    2  kernel BUG at net/ipv4/ip_output.c:LINE!
The bug was found.

2023-04-07 12:46:58
Session:   12
Template:  2018-06-22 - 89d2e600233c301002ab9c6a9f7db9f4fd2071f6
Syzkaller: 2018-06-22 - 89d2e600233c301002ab9c6a9f7db9f4fd2071f6
Kernel:    2018-06-22 - 894b8c000ae6c106cc434ee0000dfb77df8bd9db
Compiler:  gcc-8.0.1-20180412
Attempt 1:
    Time  Bug Name
***    2  kernel BUG at net/ipv4/ip_output.c:LINE!
The bug was found.

2023-04-07 13:12:19
Session:   13
Template:  2018-06-19 - 095ef80678981c78c6726af6a3a50a7c8f667d52
Syzkaller: 2018-06-19 - 095ef80678981c78c6726af6a3a50a7c8f667d52
Kernel:    2018-06-21 - 27db64f65f1be2f2ee741a1bf20d8d13d62c167f
Compiler:  gcc-8.0.1-20180412
Attempt 1:
    No crashes found.
Attempt 2:
    No crashes found.
Attempt 3:
    No crashes found.
The bug was not found.

2023-04-07 14:35:13
Session:   14
Template:  2018-06-22 - 89d2e600233c301002ab9c6a9f7db9f4fd2071f6
Syzkaller: 2018-06-22 - 89d2e600233c301002ab9c6a9f7db9f4fd2071f6
Kernel:    2018-06-22 - 1cfea546b10c8fec218973c3f3c39ff797a3e50c
Compiler:  gcc-8.0.1-20180412
Attempt 1:
    Time  Bug Name
***    2  kernel BUG at net/ipv4/ip_output.c:LINE!
The bug was found.

== Confirming the bisected commit ==

2023-04-07 15:03:36
Session:   15
Template:  2018-06-22 - 89d2e600233c301002ab9c6a9f7db9f4fd2071f6
Syzkaller: 2018-06-22 - 89d2e600233c301002ab9c6a9f7db9f4fd2071f6
Kernel:    2018-06-22 - 1cfea546b10c8fec218973c3f3c39ff797a3e50c
The bug was found in a previous identical fuzzing session.

2023-04-07 15:03:36
Session:   16
Template:  2018-06-22 - 89d2e600233c301002ab9c6a9f7db9f4fd2071f6
Syzkaller: 2018-06-22 - 89d2e600233c301002ab9c6a9f7db9f4fd2071f6
Kernel:    2018-06-21 - 27db64f65f1be2f2ee741a1bf20d8d13d62c167f
Compiler:  gcc-8.0.1-20180412
Attempt 1:
    Time  Bug Name
***    2  kernel BUG at net/ipv4/ip_output.c:LINE!
The bug was found.

==== Syzkaller Inspection ====
24 Syzkaller commits from [2018-06-22].

2023-04-07 15:50:27
Session:   17
Template:  2018-06-22 - 89d2e600233c301002ab9c6a9f7db9f4fd2071f6
Syzkaller: 2018-06-22 - 89d2e600233c301002ab9c6a9f7db9f4fd2071f6
Kernel:    2018-06-22 - 1cfea546b10c8fec218973c3f3c39ff797a3e50c
Compiler:  gcc-8.0.1-20180412
The bug was found in a previous identical fuzzing session.

2023-04-07 15:50:27
Session:   18
Template:  2018-06-22 - b9c7c31970e88d97e0d30554e778d35432d84d1d
Syzkaller: 2018-06-22 - b9c7c31970e88d97e0d30554e778d35432d84d1d
Kernel:    2018-06-22 - 1cfea546b10c8fec218973c3f3c39ff797a3e50c
Compiler:  gcc-8.0.1-20180412
Attempt 1:
    Time  Bug Name
      13  INFO: task hung in __sb_start_write
      18  INFO: task hung in __sb_start_write
      28  no output from test machine
      28  no output from test machine
      33  INFO: task hung in __sb_start_write
      33  no output from test machine
      38  INFO: task hung in __sb_start_write
      38  no output from test machine
      41  INFO: task hung in __sb_start_write
      43  no output from test machine
      43  no output from test machine
      43  no output from test machine
      45  no output from test machine
      49  no output from test machine
      50  no output from test machine
      50  WARNING in smc_unhash_sk
      51  WARNING in smc_unhash_sk
      51  WARNING in smc_unhash_sk
      54  no output from test machine
      54  WARNING in smc_unhash_sk
      56  no output from test machine
      56  no output from test machine
      57  no output from test machine
      58  INFO: task hung in __sb_start_write
      60  no output from test machine
Attempt 2:
    Time  Bug Name
       6  no output from test machine
      13  no output from test machine
      13  INFO: task hung in collapse_huge_page
      17  WARNING in smc_unhash_sk
      28  INFO: task hung in __sb_start_write
      28  no output from test machine
      30  WARNING in smc_unhash_sk
      31  WARNING in smc_unhash_sk
      34  INFO: task hung in __sb_start_write
      34  WARNING in smc_unhash_sk
      36  WARNING in smc_unhash_sk
      37  INFO: task hung in __sb_start_write
      40  no output from test machine
      40  no output from test machine
      41  no output from test machine
      42  WARNING in smc_unhash_sk
      43  WARNING in smc_unhash_sk
      44  INFO: task hung in __sb_start_write
      45  no output from test machine
      46  no output from test machine
      49  no output from test machine
      50  no output from test machine
      51  INFO: task hung in __sb_start_write
      51  no output from test machine
      51  no output from test machine
      56  no output from test machine
      57  no output from test machine
      57  no output from test machine
      57  WARNING in smc_unhash_sk
      59  WARNING in smc_unhash_sk
      60  WARNING in smc_unhash_sk
Attempt 3:
    Time  Bug Name
       6  no output from test machine
      12  no output from test machine
      22  WARNING in smc_unhash_sk
      25  WARNING in smc_unhash_sk
      27  WARNING in smc_unhash_sk
      28  no output from test machine
      29  WARNING in smc_unhash_sk
      35  WARNING in smc_unhash_sk
      36  WARNING in smc_unhash_sk
      40  WARNING in smc_unhash_sk
      40  WARNING in smc_unhash_sk
      43  WARNING in smc_unhash_sk
      44  WARNING in smc_unhash_sk
      46  WARNING in smc_unhash_sk
      47  WARNING in smc_unhash_sk
      47  WARNING in smc_unhash_sk
      48  WARNING in smc_unhash_sk
      50  WARNING in smc_unhash_sk
      50  WARNING in smc_unhash_sk
      52  WARNING in smc_unhash_sk
      53  WARNING in smc_unhash_sk
      55  WARNING in smc_unhash_sk
      55  WARNING in smc_unhash_sk
      56  WARNING in smc_unhash_sk
      58  WARNING in smc_unhash_sk
The bug was not found.

====================================================================================================================================================
Revealing Factor:   Syzkaller Update
Version:            2018-06-22 - 89d2e600233c301002ab9c6a9f7db9f4fd2071f6
Commit Name:        vm/gvisor: fix empty runsc_args

Bug Name:           kernel BUG at net/ipv4/ip_output.c:LINE!
Bug Link:           https://syzkaller.appspot.com/bug?id=d582be84c0efa34f4936e12227905b2c18989a25
Arch:               amd64
Finding Date:       2018-07-12
Finding Commit:     2018-07-11 - c25c74b7476e27180e9b76840e963e542023f118
Guilty Merge:       2016-12-02 - f577e22c73c08b160b17b93a3a38de9477d8bcc0
Guilty Commit:      2016-12-02 - 3a0af8fd61f90920f6fa04e4f1e9a6a73c1b4fd2

Possible Blocking Bugs:
    INFO: task hung in __sb_start_write
    no output from test machine
    WARNING in smc_unhash_sk
