BUG: unable to handle kernel NULL pointer dereference in __rxe_do_task,https://syzkaller.appspot.com/bug?id=3efca8275142fbfdde6cf77e1b18b1d5c6794d76
Repository: linux
Arch: amd64
Finding: 2022-08-11 - 7ebfc85e2cd7b08f518b526173e9a33b56b3913b
Guilty:  2016-08-04 - 8700e3e7c4857d28ebaa824509934556da0b3e76
No Duplicates
Default Allocation.
VMs:4
CPUs:4
Procs:24
Max time:30
Max attempts:3
Testing the finding commit.

2023-05-11 21:20:39
Session:   1
Template:  2022-06-17 - 8f633d840e3eb6454f036e9da3285bcf27345616
Syzkaller: 2022-06-17 - 8f633d840e3eb6454f036e9da3285bcf27345616
Kernel:    2022-08-11 - 7ebfc85e2cd7b08f518b526173e9a33b56b3913b
Compiler:  gcc-10.2.1-20210110
Attempt 1:
    No crashes found.
Attempt 2:
    Time  Bug Name
      17  no output from test machine
Attempt 3:
    Time  Bug Name
      19  WARNING in __dev_queue_xmit
The bug was not found.

Failure: This bug cannot be found at the finding commit.
