general protection fault in ip_set_comment_free,https://syzkaller.appspot.com/bug?id=6e96f5bd56bfecdaa0bfeaf2695a25cc80bfbd9a
Repository: linux
Arch: amd64
Finding: 2020-01-24 - d5d359b0ac3ffc319ca93c46a4cfd87093759ad6
Guilty:  2018-10-27 - 23c42a403a9cfdbad6004a556c927be7dd61a8ee
No Duplicates
Single Proc Allocation
VMs:8
CPUs:2
Procs:16
Max time:30
Max attempts:3
Testing the finding commit.

2023-03-11 16:35:07
Session:   1
Template:  2020-01-25 - f4e7270e33225b8f25b74ab9072e9b670f2f82ae
Syzkaller: 2020-01-25 - f4e7270e33225b8f25b74ab9072e9b670f2f82ae
Kernel:    2020-01-25 - d5d359b0ac3ffc319ca93c46a4cfd87093759ad6
Compiler:  gcc-9.0.0-20181231
Attempt 1:
    Time  Bug Name
***    2  general protection fault in ip_set_comment_free
Attempt 2:
    Time  Bug Name
***    2  general protection fault in ip_set_comment_free
Attempt 3:
    Time  Bug Name
***    3  general protection fault in ip_set_comment_free
The bug was found.

New Max Time: 10.
Merge Commit: 2018-11-12 - 1226cfe3798a62ba78ff8f4a4abf2cad9d2dc779.

==== Template Inspection ====
25 template changes in [2018-11-12, 2020-01-25].

2023-03-11 17:36:34
Session:   2
Template:  2020-01-05 - c5f5069930ee90925617ded2e413bc99716eb559
Syzkaller: 2020-01-05 - c5f5069930ee90925617ded2e413bc99716eb559
Kernel:    2020-01-05 - c79f46a282390e0f5b306007bf7b11a46d529538
Compiler:  gcc-9.0.0-20181231
Attempt 1:
    No crashes found.
Attempt 2:
    No crashes found.
Attempt 3:
    No crashes found.
The bug was not found.

2023-03-11 18:34:56
Session:   3
Template:  2020-01-15 - b67897d4d1e0adbe963dd3bf9ed797586aa88fd1
Syzkaller: 2020-01-15 - b67897d4d1e0adbe963dd3bf9ed797586aa88fd1
Kernel:    2020-01-15 - f5ae2ea6347a308cfe91f53b53682ce635497d0d
Compiler:  gcc-9.0.0-20181231
Attempt 1:
    Time  Bug Name
***    2  general protection fault in ip_set_comment_free
The bug was found.

2023-03-11 19:12:14
Session:   4
Template:  2020-01-07 - 1bcd407ecba1040897a39ee75c8d2da609313eb5
Syzkaller: 2020-01-07 - 1bcd407ecba1040897a39ee75c8d2da609313eb5
Kernel:    2020-01-06 - ae6088216ce4b99b3a4aaaccd2eb2dd40d473d42
Compiler:  gcc-9.0.0-20181231
Attempt 1:
    Time  Bug Name
***    2  general protection fault in ip_set_comment_free
The bug was found.

2023-03-11 19:42:08
Session:   5
Template:  2020-01-05 - d83499aa568e869fc4bea4e278a0f2229214b29d
Syzkaller: 2020-01-05 - d83499aa568e869fc4bea4e278a0f2229214b29d
Kernel:    2020-01-05 - c79f46a282390e0f5b306007bf7b11a46d529538
Compiler:  gcc-9.0.0-20181231
Attempt 1:
    No crashes found.
Attempt 2:
    No crashes found.
Attempt 3:
    No crashes found.
The bug was not found.

2023-03-11 20:41:25
Session:   6
Template:  2020-01-07 - a0f466387dbca955f3681d7a163a5af174df0a4b
Syzkaller: 2020-01-07 - a0f466387dbca955f3681d7a163a5af174df0a4b
Kernel:    2020-01-06 - ae6088216ce4b99b3a4aaaccd2eb2dd40d473d42
Compiler:  gcc-9.0.0-20181231
Attempt 1:
    No crashes found.
Attempt 2:
    No crashes found.
Attempt 3:
    No crashes found.
The bug was not found.

2023-03-11 21:42:44
Session:   7
Template:  2020-01-07 - a0f466387dbca955f3681d7a163a5af174df0a4b
Syzkaller: 2020-01-07 - 1bcd407ecba1040897a39ee75c8d2da609313eb5
Kernel:    2020-01-06 - ae6088216ce4b99b3a4aaaccd2eb2dd40d473d42
Compiler:  gcc-9.0.0-20181231
Attempt 1:
    No crashes found.
Attempt 2:
    No crashes found.
Attempt 3:
    No crashes found.
The bug was not found.

====================================================================================================================================================
Revealing Factor:   Template Update
Version:            2020-01-07 - 1bcd407ecba1040897a39ee75c8d2da609313eb5
Commit Name:        sys/linux: add ipset descriptions

Bug Name:           general protection fault in ip_set_comment_free
Bug Link:           https://syzkaller.appspot.com/bug?id=6e96f5bd56bfecdaa0bfeaf2695a25cc80bfbd9a
Arch:               amd64
Finding Date:       2020-01-25
Finding Commit:     2020-01-25 - d5d359b0ac3ffc319ca93c46a4cfd87093759ad6
Guilty Merge:       2018-11-12 - 1226cfe3798a62ba78ff8f4a4abf2cad9d2dc779
Guilty Commit:      2018-10-27 - 23c42a403a9cfdbad6004a556c927be7dd61a8ee

Possible Blocking Bugs:
