divide error in dbNextAG,https://syzkaller.appspot.com/bug?id=de413b608d4cd691ded40f325807b49d87d6bc3b
Repository: linux
Arch: amd64
Finding: 2022-03-13 - 09688c0166e76ce2fb85e86b9d99be8b0084cdf9
Guilty:  2005-04-16 - 1da177e4c3f41524e886b7f1b8a0c1fc7321cac2
No Duplicates
Single Proc Allocation
VMs:8
CPUs:2
Procs:16
Max time:30
Max attempts:3
Testing the finding commit.

2023-04-21 10:01:12
Session:   1
Template:  2022-03-08 - 9e8eaa75a18a5cf8102e862be692c0781759e51b
Syzkaller: 2022-03-08 - 9e8eaa75a18a5cf8102e862be692c0781759e51b
Kernel:    2022-03-13 - 09688c0166e76ce2fb85e86b9d99be8b0084cdf9
Compiler:  gcc-10.2.1-20210110
Attempt 1:
    No crashes found.
Attempt 2:
    No crashes found.
Attempt 3:
    No crashes found.
The bug was not found.

Failure: This bug cannot be found at the finding commit.
