KASAN: use-after-free Read in kvm_put_kvm,https://syzkaller.appspot.com/bug?id=468f8d1f46c226b866012cf6a770a70547ed9d24
Repository: linux
Arch: amd64
Finding: 2018-11-24 - e195ca6cb6f21633e56322d5aa11ed59cdb22fb2
Guilty:  2018-10-17 - 0804c849f1df0992d39a37c4fc259f7f8b16f385
No Duplicates
Single Proc Allocation
VMs:8
CPUs:2
Procs:16
Max time:30
Max attempts:3
Testing the finding commit.

2023-03-16 20:43:44
Session:   1
Template:  2018-11-25 - 3d3ec9072b339276e51abc997721b68d90430bb2
Syzkaller: 2018-11-25 - 3d3ec9072b339276e51abc997721b68d90430bb2
Kernel:    2018-11-24 - e195ca6cb6f21633e56322d5aa11ed59cdb22fb2
Compiler:  gcc-8.0.1-20180412
Attempt 1:
    Time  Bug Name
***    2  KASAN: use-after-free Read in kvm_put_kvm
Attempt 2:
    Time  Bug Name
***    2  KASAN: use-after-free Read in kvm_put_kvm
Attempt 3:
    Time  Bug Name
***    2  KASAN: use-after-free Read in kvm_put_kvm
The bug was found.

New Max Time: 10.
Merge Commit: 2018-10-26 - 0d1e8b8d2bcd3150d51754d8d0fdbf44dc88b0d3.
No template updates to inspect.

==== Kernel Retrospection ====
199 Linux commits in [2018-10-26, 2018-11-25].

2023-03-16 21:15:42
Session:   2
Template:  2018-11-02 - 8bd6bd63656d411729c450d452e1355b42adf900
Syzkaller: 2018-11-02 - 8bd6bd63656d411729c450d452e1355b42adf900
Kernel:    2018-11-03 - 169447287bfb0a8e494f33c04dda50bb078cf2f0
Compiler:  gcc-8.0.1-20180412
Attempt 1:
    Time  Bug Name
***    2  KASAN: use-after-free Read in kvm_put_kvm
The bug was found.

2023-03-16 21:51:31
Session:   3
Template:  2018-10-29 - 2f1090dacdba3f3d405f43c136ae999f635e3310
Syzkaller: 2018-10-29 - 2f1090dacdba3f3d405f43c136ae999f635e3310
Kernel:    2018-10-29 - 4b42745211af552f170f38a1b97f4a112b5da6b2
Compiler:  gcc-8.0.1-20180412
Attempt 1:
    Time  Bug Name
***    2  KASAN: use-after-free Read in kvm_put_kvm
The bug was found.

2023-03-16 22:25:15
Session:   4
Template:  2018-10-27 - 8efba39a81ef8a67638d6ed1a23adbfd83bd1480
Syzkaller: 2018-10-27 - 8efba39a81ef8a67638d6ed1a23adbfd83bd1480
Kernel:    2018-10-27 - ed3f4e239834317934cc73a187e27e44b217056b
Compiler:  gcc-8.0.1-20180412
Attempt 1:
    Time  Bug Name
***    2  KASAN: use-after-free Read in kvm_put_kvm
The bug was found.

2023-03-16 22:59:43
Session:   5
Template:  2018-10-23 - a8292de95851bd79cba2006dd032e28142f06c25
Syzkaller: 2018-10-23 - a8292de95851bd79cba2006dd032e28142f06c25
Kernel:    2018-10-26 - 71f4d95b23654ec2b347bd15b1260d68ca9ea5ea
Compiler:  gcc-8.0.1-20180412
Attempt 1:
    Time  Bug Name
***    2  KASAN: use-after-free Read in kvm_put_kvm
The bug was found.

2023-03-16 23:31:55
Session:   6
Template:  2018-10-23 - a8292de95851bd79cba2006dd032e28142f06c25
Syzkaller: 2018-10-23 - a8292de95851bd79cba2006dd032e28142f06c25
Kernel:    2018-10-26 - 18d0eae30e6a4f8644d589243d7ac1d70d29203d
Compiler:  gcc-8.0.1-20180412
Attempt 1:
    Time  Bug Name
***    1  KASAN: use-after-free Read in kvm_put_kvm
The bug was found.

2023-03-17 00:00:40
Session:   7
Template:  2018-10-23 - a8292de95851bd79cba2006dd032e28142f06c25
Syzkaller: 2018-10-23 - a8292de95851bd79cba2006dd032e28142f06c25
Kernel:    2018-10-26 - da19a102ce87bf3e0a7fe277a659d1fc35330d6d
Compiler:  gcc-8.0.1-20180412
Attempt 1:
    Time  Bug Name
***    2  KASAN: use-after-free Read in kvm_put_kvm
The bug was found.

2023-03-17 00:36:38
Session:   8
Template:  2018-10-23 - a8292de95851bd79cba2006dd032e28142f06c25
Syzkaller: 2018-10-23 - a8292de95851bd79cba2006dd032e28142f06c25
Kernel:    2018-10-26 - c300af28572d05ae6891c359a7c8c2c81f01dccf
Compiler:  gcc-8.0.1-20180412
Attempt 1:
    Time  Bug Name
***    2  KASAN: use-after-free Read in kvm_put_kvm
The bug was found.

2023-03-17 01:17:22
Session:   9
Template:  2018-10-23 - a8292de95851bd79cba2006dd032e28142f06c25
Syzkaller: 2018-10-23 - a8292de95851bd79cba2006dd032e28142f06c25
Kernel:    2018-10-26 - 0d1e8b8d2bcd3150d51754d8d0fdbf44dc88b0d3
Compiler:  gcc-8.0.1-20180412
Attempt 1:
    Time  Bug Name
***    2  KASAN: use-after-free Read in kvm_put_kvm
The bug was found.

== Confirming the bisected commit ==

2023-03-17 01:51:33
Session:   10
Template:  2018-10-23 - a8292de95851bd79cba2006dd032e28142f06c25
Syzkaller: 2018-10-23 - a8292de95851bd79cba2006dd032e28142f06c25
Kernel:    2018-10-26 - 0d1e8b8d2bcd3150d51754d8d0fdbf44dc88b0d3
The bug was found in a previous identical fuzzing session.

====================================================================================================================================================
Revealing Factor:   Guilty Merge
Version:            2018-10-26 - 0d1e8b8d2bcd3150d51754d8d0fdbf44dc88b0d3
Commit Name:        Merge tag 'kvm-4.20-1' of git://git.kernel.org/pub/scm/virt/kvm/kvm

Bug Name:           KASAN: use-after-free Read in kvm_put_kvm
Bug Link:           https://syzkaller.appspot.com/bug?id=468f8d1f46c226b866012cf6a770a70547ed9d24
Arch:               amd64
Finding Date:       2018-11-25
Finding Commit:     2018-11-24 - e195ca6cb6f21633e56322d5aa11ed59cdb22fb2
Guilty Merge:       2018-10-26 - 0d1e8b8d2bcd3150d51754d8d0fdbf44dc88b0d3
Guilty Commit:      2018-10-17 - 0804c849f1df0992d39a37c4fc259f7f8b16f385

Possible Blocking Bugs:
