INFO: task hung in ctrl_getfamily,https://syzkaller.appspot.com/bug?id=8c04c0b0e814e1a2c5ae60f8b6ece3701bf561da
Repository: linux
Arch: i386
Finding: 2018-12-09 - 40e020c129cfc991e8ab4736d2665351ffd1468d
Guilty:  2015-02-09 - d0796d1ef63deb38147729664691ba3090930b26
Duplicate Names:
    INFO: task hung in ctrl_getfamily
    KMSAN: uninit-value in __tipc_nl_compat_dumpit
Single Proc Allocation
VMs:8
CPUs:2
Procs:16
Max time:30
Max attempts:3
Testing the finding commit.

2023-05-30 00:45:39
Session:   1
Template:  2018-12-10 - 4093e33b1338f274ae0062f555de9d6af8640d61
Syzkaller: 2018-12-10 - 4093e33b1338f274ae0062f555de9d6af8640d61
Kernel:    2018-12-09 - 40e020c129cfc991e8ab4736d2665351ffd1468d
Compiler:  gcc-8.0.1-20180412
Attempt 1:
    Time  Bug Name
***    6  INFO: task hung in ctrl_getfamily
Attempt 2:
    Time  Bug Name
       7  INFO: task hung in genl_rcv_msg
Attempt 3:
    Time  Bug Name
***    6  INFO: task hung in ctrl_getfamily
The bug was found.

New Max Time: 25.
Merge Commit: 2015-02-09 - 9dce285b70c157754d753203112cfef22770b1f9.

==== Template Inspection ====
27 template changes in [2017-07-22, 2018-12-10].

2023-05-30 03:10:29
Session:   2
Template:  2018-04-06 - 8e4c2e24cb05daf27a600b570d3a774083a1210b
Syzkaller: 2018-04-06 - 8e4c2e24cb05daf27a600b570d3a774083a1210b
Kernel:    2018-04-06 - 9eda2d2dca830f0f8923b1f377d0fb70f576af1d
Compiler:  gcc-8.0.1-20180301
Attempt 1:
    No crashes found.
Attempt 2:
    No crashes found.
Attempt 3:
    No crashes found.
The bug was not found.

2023-05-30 05:53:36
Session:   3
Template:  2018-07-06 - 9636bc933e06475902e46750d5f5198fb9c2ff7a
Syzkaller: 2018-07-06 - 9636bc933e06475902e46750d5f5198fb9c2ff7a
Kernel:    2018-07-06 - c2b58149d21f619e34ed047ac27eaf280db692da
Compiler:  gcc-8.0.1-20180412
Attempt 1:
    Time  Bug Name
       6  lost connection to test machine
       7  lost connection to test machine
       9  lost connection to test machine
       9  lost connection to test machine
      11  INFO: task hung in __sb_start_write
      11  lost connection to test machine
      12  WARNING in smc_unhash_sk
      14  WARNING in smc_unhash_sk
      15  WARNING in smc_unhash_sk
      16  WARNING in smc_unhash_sk
      16  lost connection to test machine
      18  WARNING in smc_unhash_sk
      21  WARNING in smc_unhash_sk
      23  lost connection to test machine
      25  WARNING in smc_unhash_sk
Attempt 2:
    Time  Bug Name
       8  INFO: task hung in __sb_start_write
      16  WARNING in smc_unhash_sk
      18  INFO: task hung in __sb_start_write
      19  WARNING in smc_unhash_sk
      20  WARNING in smc_unhash_sk
      23  WARNING in smc_unhash_sk
      23  WARNING in smc_unhash_sk
      24  lost connection to test machine
Attempt 3:
    Time  Bug Name
       9  WARNING in smc_unhash_sk
      11  INFO: task hung in __sb_start_write
Attempt 4: (RETRY)
    Time  Bug Name
      17  WARNING in smc_unhash_sk
      24  lost connection to test machine
      25  WARNING in smc_unhash_sk
The bug was not found.
Warning: This session is unstable.

2023-05-30 08:42:15
Session:   4
Template:  2018-12-09 - a3f232631f083a5a8ebe4928a98712f553a6efe7
Syzkaller: 2018-12-09 - a3f232631f083a5a8ebe4928a98712f553a6efe7
Kernel:    2018-12-09 - 40e020c129cfc991e8ab4736d2665351ffd1468d
Compiler:  gcc-8.0.1-20180412
Attempt 1:
    No crashes found.
Attempt 2:
    No crashes found.
Attempt 3:
    No crashes found.
The bug was not found.

2023-05-30 10:52:11
Session:   5
Template:  2018-12-10 - 083e78159dfe39202cfd867a558a1ec6487ec476
Syzkaller: 2018-12-10 - 083e78159dfe39202cfd867a558a1ec6487ec476
Kernel:    2018-12-09 - 40e020c129cfc991e8ab4736d2665351ffd1468d
Compiler:  gcc-8.0.1-20180412
Attempt 1:
    Time  Bug Name
***    6  INFO: task hung in ctrl_getfamily
The bug was found.

2023-05-30 11:56:33
Session:   6
Template:  2018-12-09 - 82f11ef0c50d938173b46e102df1eeef3bce46ae
Syzkaller: 2018-12-09 - 82f11ef0c50d938173b46e102df1eeef3bce46ae
Kernel:    2018-12-09 - 40e020c129cfc991e8ab4736d2665351ffd1468d
Compiler:  gcc-8.0.1-20180412
Attempt 1:
    Time  Bug Name
***    6  INFO: task hung in ctrl_getfamily
The bug was found.

2023-05-30 12:50:03
Session:   7
Template:  2018-12-09 - a3f232631f083a5a8ebe4928a98712f553a6efe7
Syzkaller: 2018-12-09 - 82f11ef0c50d938173b46e102df1eeef3bce46ae
Kernel:    2018-12-09 - 40e020c129cfc991e8ab4736d2665351ffd1468d
Attempt 1:
    No crashes found.
Attempt 2:
    No crashes found.
Attempt 3:
    No crashes found.
The bug was not found.

====================================================================================================================================================
Revealing Factor:   Template Update
Version:            2018-12-09 - 82f11ef0c50d938173b46e102df1eeef3bce46ae
Commit Name:        sys/linux: add AF_TIPC netlink interface and packet formats

Bug Name:           INFO: task hung in ctrl_getfamily
Bug Link:           https://syzkaller.appspot.com/bug?id=8c04c0b0e814e1a2c5ae60f8b6ece3701bf561da
Arch:               i386
Finding Date:       2018-12-10
Finding Commit:     2018-12-09 - 40e020c129cfc991e8ab4736d2665351ffd1468d
Guilty Merge:       2015-02-09 - 9dce285b70c157754d753203112cfef22770b1f9
Guilty Commit:      2015-02-09 - d0796d1ef63deb38147729664691ba3090930b26

Possible Blocking Bugs:
    WARNING in smc_unhash_sk
