WARNING: suspicious RCU usage in bond_ipsec_add_sa,https://syzkaller.appspot.com/bug?id=558888413b9d65634d5dd0a2d860c4bbf6651d51
Repository: linux
Arch: amd64
Finding: 2020-09-22 - 805c6d3c19210c90c109107d189744e960eae025
Guilty:  2020-06-22 - 18cb261afd7bf50134e5ccacc5ec91ea16efadd4
No Duplicates
Single Proc Allocation
VMs:8
CPUs:2
Procs:16
Max time:30
Max attempts:3
Testing the finding commit.

2023-03-28 07:43:48
Session:   1
Template:  2020-09-23 - 54289b0835634ca07a8117613c48b73e9e647d13
Syzkaller: 2020-09-23 - 54289b0835634ca07a8117613c48b73e9e647d13
Kernel:    2020-09-22 - 805c6d3c19210c90c109107d189744e960eae025
Compiler:  gcc-10.1.0-syz
Attempt 1:
    Time  Bug Name
***    2  WARNING: suspicious RCU usage in bond_ipsec_add_sa
Attempt 2:
    Time  Bug Name
***    2  WARNING: suspicious RCU usage in bond_ipsec_add_sa
Attempt 3:
    Time  Bug Name
***    2  WARNING: suspicious RCU usage in bond_ipsec_add_sa
The bug was found.

New Max Time: 10.
Merge Commit: 2020-06-22 - 2b3445e8145700b53530228f332ee40e6d9c916b.

==== Template Inspection ====
20 template changes in [2020-06-22, 2020-09-23].

2023-03-28 08:51:18
Session:   2
Template:  2020-07-24 - b6d666e5f30aeac590364ac9925240ce6b8b40af
Syzkaller: 2020-07-24 - b6d666e5f30aeac590364ac9925240ce6b8b40af
Kernel:    2020-07-24 - a65878d6f00bb2d791348ae90dcc2ede1dbe2b91
Compiler:  gcc-10.1.0-syz
Attempt 1:
    Time  Bug Name
***    2  WARNING: suspicious RCU usage in bond_ipsec_add_sa
The bug was found.

2023-03-28 09:29:36
Session:   3
Template:  2020-07-22 - 35be432a74629d290073a5c1fb8a5818e0f2beee
Syzkaller: 2020-07-22 - 35be432a74629d290073a5c1fb8a5818e0f2beee
Kernel:    2020-07-22 - 09a0d326b977dbcae393d702a4dadd09fcbd06c7
Compiler:  gcc-10.1.0-syz
Attempt 1:
    Time  Bug Name
***    2  WARNING: suspicious RCU usage in bond_ipsec_add_sa
The bug was found.

2023-03-28 10:03:43
Session:   4
Template:  2020-07-10 - 18d18b591b354e07ba76be8f115b7119d49056a9
Syzkaller: 2020-07-10 - 18d18b591b354e07ba76be8f115b7119d49056a9
Kernel:    2020-07-10 - a594920f8747fa032c784c3660d6cd5a8ab291f8
Compiler:  gcc-10.1.0-syz
Attempt 1:
    Time  Bug Name
***    2  WARNING: suspicious RCU usage in bond_ipsec_add_sa
The bug was found.

2023-03-28 10:45:55
Session:   5
Template:  2020-06-23 - 39240c9e937ac9b29eb0c378d75d9fb405c58f27
Syzkaller: 2020-06-23 - 39240c9e937ac9b29eb0c378d75d9fb405c58f27
Kernel:    2020-06-23 - 4640338c36af88b74550b995f425921729f0b59f
Compiler:  gcc-10.1.0-syz
Attempt 1:
    Time  Bug Name
       2  KASAN: use-after-free Write in afs_wake_up_async_call
       2  KASAN: use-after-free Write in afs_wake_up_async_call
       2  KASAN: use-after-free Write in afs_wake_up_async_call
       3  KASAN: use-after-free Write in afs_wake_up_async_call
       3  KASAN: use-after-free Write in afs_wake_up_async_call
       3  KASAN: use-after-free Write in afs_wake_up_async_call
       3  KASAN: use-after-free Write in afs_wake_up_async_call
       3  KASAN: use-after-free Write in afs_wake_up_async_call
       3  KASAN: use-after-free Write in afs_wake_up_async_call
       4  KASAN: use-after-free Write in afs_wake_up_async_call
       4  KASAN: use-after-free Write in afs_wake_up_async_call
       4  KASAN: use-after-free Write in afs_wake_up_async_call
       4  KASAN: use-after-free Write in afs_wake_up_async_call
       4  KASAN: use-after-free Write in afs_wake_up_async_call
       4  KASAN: use-after-free Write in afs_wake_up_async_call
       4  KASAN: use-after-free Write in afs_wake_up_async_call
       5  KASAN: use-after-free Write in afs_wake_up_async_call
       5  KASAN: use-after-free Write in afs_wake_up_async_call
       5  KASAN: use-after-free Write in afs_wake_up_async_call
       5  KASAN: use-after-free Write in afs_wake_up_async_call
       5  KASAN: use-after-free Write in afs_wake_up_async_call
       6  KASAN: use-after-free Write in afs_wake_up_async_call
       6  KASAN: use-after-free Write in afs_wake_up_async_call
       6  KASAN: use-after-free Write in afs_wake_up_async_call
       6  KASAN: use-after-free Write in afs_wake_up_async_call
       6  KASAN: use-after-free Write in afs_wake_up_async_call
       6  KASAN: use-after-free Write in afs_wake_up_async_call
       6  KASAN: use-after-free Write in afs_wake_up_async_call
       6  KASAN: use-after-free Write in afs_wake_up_async_call
       7  KASAN: use-after-free Write in afs_wake_up_async_call
       7  KASAN: use-after-free Write in afs_wake_up_async_call
       7  KASAN: use-after-free Write in afs_wake_up_async_call
       7  KASAN: use-after-free Write in afs_wake_up_async_call
       7  KASAN: use-after-free Write in afs_wake_up_async_call
       7  KASAN: use-after-free Write in afs_wake_up_async_call
       7  KASAN: use-after-free Write in afs_wake_up_async_call
       8  KASAN: use-after-free Write in afs_wake_up_async_call
       8  KASAN: use-after-free Write in afs_wake_up_async_call
       8  KASAN: use-after-free Write in afs_wake_up_async_call
       8  KASAN: use-after-free Write in afs_wake_up_async_call
       8  KASAN: use-after-free Write in afs_wake_up_async_call
       8  KASAN: use-after-free Write in afs_wake_up_async_call
       9  KASAN: use-after-free Write in afs_wake_up_async_call
       9  KASAN: use-after-free Write in afs_wake_up_async_call
       9  KASAN: use-after-free Write in afs_wake_up_async_call
       9  KASAN: use-after-free Write in afs_wake_up_async_call
       9  KASAN: use-after-free Write in afs_wake_up_async_call
       9  KASAN: use-after-free Write in afs_wake_up_async_call
       9  KASAN: use-after-free Write in afs_wake_up_async_call
      10  KASAN: use-after-free Write in afs_wake_up_async_call
      10  KASAN: use-after-free Write in afs_wake_up_async_call
      10  KASAN: use-after-free Write in afs_wake_up_async_call
      10  KASAN: use-after-free Write in afs_wake_up_async_call
      10  KASAN: use-after-free Write in afs_wake_up_async_call
      10  KASAN: use-after-free Write in afs_wake_up_async_call
Attempt 2:
    Time  Bug Name
       2  KASAN: use-after-free Write in afs_wake_up_async_call
       2  KASAN: use-after-free Write in afs_wake_up_async_call
       3  KASAN: use-after-free Write in afs_wake_up_async_call
       3  KASAN: use-after-free Write in afs_wake_up_async_call
       3  KASAN: use-after-free Write in afs_wake_up_async_call
       3  KASAN: use-after-free Write in afs_wake_up_async_call
       3  KASAN: use-after-free Write in afs_wake_up_async_call
       3  KASAN: use-after-free Write in afs_wake_up_async_call
       3  KASAN: use-after-free Write in afs_wake_up_async_call
       3  KASAN: use-after-free Write in afs_wake_up_async_call
       4  KASAN: use-after-free Write in afs_wake_up_async_call
       4  KASAN: use-after-free Write in afs_wake_up_async_call
       4  KASAN: use-after-free Write in afs_wake_up_async_call
       4  KASAN: use-after-free Write in afs_wake_up_async_call
       4  KASAN: use-after-free Write in afs_wake_up_async_call
       5  KASAN: use-after-free Write in afs_wake_up_async_call
       5  KASAN: use-after-free Write in afs_wake_up_async_call
       5  KASAN: use-after-free Write in afs_wake_up_async_call
       5  KASAN: use-after-free Write in afs_wake_up_async_call
       5  KASAN: use-after-free Write in afs_wake_up_async_call
       6  KASAN: use-after-free Write in afs_wake_up_async_call
       6  KASAN: use-after-free Write in afs_wake_up_async_call
       6  KASAN: use-after-free Write in afs_wake_up_async_call
       6  KASAN: use-after-free Write in afs_wake_up_async_call
       7  KASAN: use-after-free Write in afs_wake_up_async_call
       7  KASAN: use-after-free Write in afs_wake_up_async_call
       7  KASAN: use-after-free Write in afs_wake_up_async_call
       7  KASAN: use-after-free Write in afs_wake_up_async_call
       7  KASAN: use-after-free Write in afs_wake_up_async_call
       7  KASAN: use-after-free Write in afs_wake_up_async_call
       7  KASAN: use-after-free Write in afs_wake_up_async_call
       8  KASAN: use-after-free Write in afs_wake_up_async_call
       8  KASAN: use-after-free Write in afs_wake_up_async_call
       8  KASAN: use-after-free Write in afs_wake_up_async_call
       8  KASAN: use-after-free Write in afs_wake_up_async_call
       8  KASAN: use-after-free Write in afs_wake_up_async_call
       8  KASAN: use-after-free Write in afs_wake_up_async_call
       9  KASAN: use-after-free Write in afs_wake_up_async_call
       9  KASAN: use-after-free Write in afs_wake_up_async_call
       9  KASAN: use-after-free Write in afs_wake_up_async_call
      10  KASAN: use-after-free Write in afs_wake_up_async_call
      10  KASAN: use-after-free Write in afs_wake_up_async_call
      10  KASAN: use-after-free Write in afs_wake_up_async_call
      10  KASAN: use-after-free Write in afs_wake_up_async_call
      10  KASAN: use-after-free Write in afs_wake_up_async_call
      10  KASAN: use-after-free Write in afs_wake_up_async_call
      10  KASAN: use-after-free Write in afs_wake_up_async_call
Attempt 3:
    Time  Bug Name
       2  KASAN: use-after-free Write in afs_wake_up_async_call
       2  KASAN: use-after-free Write in afs_wake_up_async_call
       2  KASAN: use-after-free Write in afs_wake_up_async_call
       3  KASAN: use-after-free Write in afs_wake_up_async_call
       3  KASAN: use-after-free Write in afs_wake_up_async_call
       3  KASAN: use-after-free Write in afs_wake_up_async_call
       3  KASAN: use-after-free Write in afs_wake_up_async_call
       3  KASAN: use-after-free Write in afs_wake_up_async_call
       4  KASAN: use-after-free Write in afs_wake_up_async_call
       4  KASAN: use-after-free Write in afs_wake_up_async_call
       4  KASAN: use-after-free Write in afs_wake_up_async_call
       4  KASAN: use-after-free Write in afs_wake_up_async_call
       4  KASAN: use-after-free Write in afs_wake_up_async_call
       4  KASAN: use-after-free Write in afs_wake_up_async_call
       4  KASAN: use-after-free Write in afs_wake_up_async_call
       5  KASAN: use-after-free Write in afs_wake_up_async_call
       5  KASAN: use-after-free Write in afs_wake_up_async_call
       5  KASAN: use-after-free Write in afs_wake_up_async_call
       6  KASAN: use-after-free Write in afs_wake_up_async_call
       6  KASAN: use-after-free Write in afs_wake_up_async_call
       6  KASAN: use-after-free Write in afs_wake_up_async_call
       6  KASAN: use-after-free Write in afs_wake_up_async_call
       6  KASAN: use-after-free Write in afs_wake_up_async_call
       6  KASAN: use-after-free Write in afs_wake_up_async_call
       6  KASAN: use-after-free Write in afs_wake_up_async_call
       7  KASAN: use-after-free Write in afs_wake_up_async_call
       7  KASAN: use-after-free Write in afs_wake_up_async_call
       7  KASAN: use-after-free Write in afs_wake_up_async_call
       7  KASAN: use-after-free Write in afs_wake_up_async_call
       7  KASAN: use-after-free Write in afs_wake_up_async_call
       7  KASAN: use-after-free Write in afs_wake_up_async_call
       7  KASAN: use-after-free Write in afs_wake_up_async_call
       8  KASAN: use-after-free Write in afs_wake_up_async_call
       8  KASAN: use-after-free Write in afs_wake_up_async_call
       8  KASAN: use-after-free Write in afs_wake_up_async_call
       8  KASAN: use-after-free Write in afs_wake_up_async_call
       9  KASAN: use-after-free Write in afs_wake_up_async_call
       9  KASAN: use-after-free Write in afs_wake_up_async_call
       9  KASAN: use-after-free Write in afs_wake_up_async_call
       9  KASAN: use-after-free Write in afs_wake_up_async_call
       9  KASAN: use-after-free Write in afs_wake_up_async_call
       9  KASAN: use-after-free Write in afs_wake_up_async_call
      10  KASAN: use-after-free Write in afs_wake_up_async_call
      10  KASAN: use-after-free Write in afs_wake_up_async_call
      10  KASAN: use-after-free Write in afs_wake_up_async_call
      10  KASAN: use-after-free Write in afs_wake_up_async_call
      10  KASAN: use-after-free Write in afs_wake_up_async_call
The bug was not found.

2023-03-28 11:49:22
Session:   6
Template:  2020-06-23 - 39240c9e937ac9b29eb0c378d75d9fb405c58f27
Syzkaller: 2020-07-10 - 18d18b591b354e07ba76be8f115b7119d49056a9
Kernel:    2020-07-10 - a594920f8747fa032c784c3660d6cd5a8ab291f8
Compiler:  gcc-10.1.0-syz
Attempt 1:
    Time  Bug Name
***    2  WARNING: suspicious RCU usage in bond_ipsec_add_sa
The bug was found.

==== Kernel Inspection ====
169 Linux commits in [2020-06-23, 2020-07-10].

2023-03-28 12:24:45
Session:   7
Template:  2020-07-01 - bed103955b496d2edb4bb6ed2ab6396ed9cbb9a1
Syzkaller: 2020-07-01 - bed103955b496d2edb4bb6ed2ab6396ed9cbb9a1
Kernel:    2020-07-01 - 4f195d280347c00bc4e397c8a8cbffb2611ebeed
Compiler:  gcc-10.1.0-syz
Attempt 1:
    No crashes found.
Attempt 2:
    No crashes found.
Attempt 3:
    No crashes found.
The bug was not found.

2023-03-28 13:25:50
Session:   8
Template:  2020-07-06 - ef278c737f9a393f2d22adf1f1e1e4325d4d190c
Syzkaller: 2020-07-06 - ef278c737f9a393f2d22adf1f1e1e4325d4d190c
Kernel:    2020-07-06 - 9e06e8596bc87cad9dd18869a1b1b42132170dd9
Compiler:  gcc-10.1.0-syz
Attempt 1:
    Time  Bug Name
***    2  WARNING: suspicious RCU usage in bond_ipsec_add_sa
The bug was found.

2023-03-28 13:59:49
Session:   9
Template:  2020-07-03 - 510951950dc0ee69cfdaf746061d3dbe31b49fd8
Syzkaller: 2020-07-03 - 510951950dc0ee69cfdaf746061d3dbe31b49fd8
Kernel:    2020-07-03 - a2116491c8bc47810c74768739e8146401cf8359
Compiler:  gcc-10.1.0-syz
Attempt 1:
    Time  Bug Name
***    2  WARNING: suspicious RCU usage in bond_ipsec_add_sa
The bug was found.

2023-03-28 14:44:33
Session:   10
Template:  2020-07-02 - f30c14bfec4b49e528a756b28cc010925e2f286b
Syzkaller: 2020-07-02 - f30c14bfec4b49e528a756b28cc010925e2f286b
Kernel:    2020-07-02 - 9eb6206d137e86244df95d3244e47c6ff7e2817e
Compiler:  gcc-10.1.0-syz
Attempt 1:
    Time  Bug Name
***    2  WARNING: suspicious RCU usage in bond_ipsec_add_sa
The bug was found.

2023-03-28 15:32:07
Session:   11
Template:  2020-07-01 - bed103955b496d2edb4bb6ed2ab6396ed9cbb9a1
Syzkaller: 2020-07-01 - bed103955b496d2edb4bb6ed2ab6396ed9cbb9a1
Kernel:    2020-07-01 - a3b658cfb66497525278cbf852913a04dbaae992
Compiler:  gcc-10.1.0-syz
Attempt 1:
    Time  Bug Name
***    2  WARNING: suspicious RCU usage in bond_ipsec_add_sa
The bug was found.

2023-03-28 16:12:28
Session:   12
Template:  2020-07-01 - bed103955b496d2edb4bb6ed2ab6396ed9cbb9a1
Syzkaller: 2020-07-01 - bed103955b496d2edb4bb6ed2ab6396ed9cbb9a1
Kernel:    2020-07-01 - 6f6746d7bab1bb5798b186cb35570d2c2f10201c
Compiler:  gcc-10.1.0-syz
Attempt 1:
    No crashes found.
Attempt 2:
    No crashes found.
Attempt 3:
    No crashes found.
The bug was not found.

2023-03-28 17:13:18
Session:   13
Template:  2020-07-01 - bed103955b496d2edb4bb6ed2ab6396ed9cbb9a1
Syzkaller: 2020-07-01 - bed103955b496d2edb4bb6ed2ab6396ed9cbb9a1
Kernel:    2020-07-01 - 651f8bd4da93612a630626faf58fc894ef9443de
Compiler:  gcc-10.1.0-syz
Attempt 1:
    No crashes found.
Attempt 2:
    No crashes found.
Attempt 3:
    No crashes found.
The bug was not found.

== Confirming the bisected commit ==

2023-03-28 18:15:36
Session:   14
Template:  2020-07-01 - bed103955b496d2edb4bb6ed2ab6396ed9cbb9a1
Syzkaller: 2020-07-01 - bed103955b496d2edb4bb6ed2ab6396ed9cbb9a1
Kernel:    2020-07-01 - a3b658cfb66497525278cbf852913a04dbaae992
The bug was found in a previous identical fuzzing session.

2023-03-28 18:15:36
Session:   15
Template:  2020-07-01 - bed103955b496d2edb4bb6ed2ab6396ed9cbb9a1
Syzkaller: 2020-07-01 - bed103955b496d2edb4bb6ed2ab6396ed9cbb9a1
Kernel:    2020-07-01 - 651f8bd4da93612a630626faf58fc894ef9443de
The bug was not found in a previous identical fuzzing session.

====================================================================================================================================================
Revealing Factor:   Kernel Commit
Version:            2020-07-01 - a3b658cfb66497525278cbf852913a04dbaae992
Commit Name:        bonding: allow xfrm offload setup post-module-load

Bug Name:           WARNING: suspicious RCU usage in bond_ipsec_add_sa
Bug Link:           https://syzkaller.appspot.com/bug?id=558888413b9d65634d5dd0a2d860c4bbf6651d51
Arch:               amd64
Finding Date:       2020-09-23
Finding Commit:     2020-09-22 - 805c6d3c19210c90c109107d189744e960eae025
Guilty Merge:       2020-06-22 - 2b3445e8145700b53530228f332ee40e6d9c916b
Guilty Commit:      2020-06-22 - 18cb261afd7bf50134e5ccacc5ec91ea16efadd4

Possible Blocking Bugs:
    KASAN: use-after-free Write in afs_wake_up_async_call
