WARNING: refcount bug in __tcf_action_put,https://syzkaller.appspot.com/bug?id=8eceaff64a35a9f02c1315bbf12b7f262a0b4f08
Repository: linux
Arch: i386
Finding: 2020-03-08 - 2c523b344dfa65a3738e7039832044aa133c75fb
Guilty:  2020-02-04 - 599be01ee567b61f4471ee8078870847d0a11e8e
Duplicate Names:
    KASAN: use-after-free Write in tcindex_change
    general protection fault in tcf_action_destroy
    WARNING in kfree
    KASAN: use-after-free Write in tcindex_set_parms
    KASAN: slab-out-of-bounds Write in tcindex_set_parms
    KASAN: invalid-free in tcf_exts_destroy
    WARNING: refcount bug in __tcf_action_put
    KMSAN: uninit-value in tcf_exts_change
Single Proc Allocation
VMs:8
CPUs:2
Procs:16
Max time:30
Max attempts:3
Testing the finding commit.

2023-06-06 14:20:29
Session:   1
Template:  2020-03-09 - 35f53e457420e79fa28e3260cdbbf9f37b9f97e4
Syzkaller: 2020-03-09 - 35f53e457420e79fa28e3260cdbbf9f37b9f97e4
Kernel:    2020-03-09 - 2c523b344dfa65a3738e7039832044aa133c75fb
Compiler:  gcc-9.0.0-20181231
Attempt 1:
    No crashes found.
Attempt 2:
    Time  Bug Name
      29  WARNING in generic_make_request_checks
Attempt 3:
    No crashes found.
The bug was not found.

Failure: This bug cannot be found at the finding commit.
