memory leak in xas_nomem,https://syzkaller.appspot.com/bug?id=8bf41a98ebf3773a940952df3a94943f57a00e8b
Repository: linux
Arch: amd64
Finding: 2022-05-23 - 1e57930e9f4083ad5854ab6eadffe790a8167fb4
Guilty:  2022-01-08 - 6b24ca4a1a8d4ee3221d6d44ddbb99f542e4bda3
No Duplicates
Multi-Proc Allocation.
VMs:4
CPUs:4
Procs:24
Max time:30
Max attempts:5
Testing the finding commit.

2023-04-15 02:59:54
Session:   1
Template:  2022-05-24 - 647c0e2737b12e092ce23948537ddf7dd3992c53
Syzkaller: 2022-05-24 - 647c0e2737b12e092ce23948537ddf7dd3992c53
Kernel:    2022-05-23 - 1e57930e9f4083ad5854ab6eadffe790a8167fb4
Compiler:  gcc-10.2.1-20210110
Attempt 1:
    No crashes found.
Attempt 2:
    No crashes found.
Attempt 3:
    No crashes found.
Attempt 4:
    No crashes found.
Attempt 5:
    Time  Bug Name
       2  SYZFATAL: program execution failed: executor NUM: exit status NUM
Attempt 6: (RETRY)
    Time  Bug Name
       1  SYZFATAL: Manager.Check call failed: machine check failed: program execution failed: executor NUM: exit status NUM
Attempt 7: (RETRY)
    Time  Bug Name
       1  SYZFATAL: Manager.Check call failed: machine check failed: program execution failed: executor NUM: exit status NUM
Attempt 8: (RETRY)
    No crashes found.
The bug was not found.

Failure: This bug cannot be found at the finding commit.
