general protection fault in kvm_lapic_hv_timer_in_use,https://syzkaller.appspot.com/bug?id=0c330c4e475223a40d95f1d94c761357dd0f011f
Repository: linux
Arch: amd64
Finding: 2018-09-05 - b36fdc6853a38a6f8749897a33435635019e0647
Guilty:  2018-08-06 - 8fcc4b5923af5de58b80b53a069453b135693304
Duplicate Names:
    KASAN: use-after-free Read in __schedule
    general protection fault in finish_task_switch
    general protection fault in kvm_lapic_hv_timer_in_use
    KASAN: use-after-free Read in finish_task_switch
Single Proc Allocation
VMs:8
CPUs:2
Procs:16
Max time:30
Max attempts:3
Testing the finding commit.

2023-06-15 12:22:34
Session:   1
Template:  2018-09-06 - e30d3b524053cf8d688a1f486a5cde9b67d49e87
Syzkaller: 2018-09-06 - e30d3b524053cf8d688a1f486a5cde9b67d49e87
Kernel:    2018-09-05 - b36fdc6853a38a6f8749897a33435635019e0647
Compiler:  gcc-8.0.1-20180412
Attempt 1:
    Time  Bug Name
***    1  KASAN: use-after-free Read in finish_task_switch
***    1  KASAN: use-after-free Read in finish_task_switch
***    1  KASAN: use-after-free Read in finish_task_switch
       1  general protection fault in __schedule
Attempt 2:
    Time  Bug Name
       1  general protection fault in __schedule
       1  general protection fault in __schedule
***    2  KASAN: use-after-free Read in finish_task_switch
Attempt 3:
    Time  Bug Name
***    1  KASAN: use-after-free Read in finish_task_switch
***    1  general protection fault in finish_task_switch
       1  general protection fault in __schedule
       1  general protection fault in __schedule
The bug was found.

New Max Time: 10.
Merge Commit: 2018-08-19 - e61cf2e3a5b452cfefcb145021f5a8ea88735cc1.

==== Template Inspection ====
2 template changes in [2018-08-19, 2018-09-06].

2023-06-15 12:38:52
Session:   2
Template:  2018-08-31 - a4718693a3d9fcabb02299b2ec07c19d8208c539
Syzkaller: 2018-08-31 - a4718693a3d9fcabb02299b2ec07c19d8208c539
Kernel:    2018-08-31 - 420f51f4ab6bce6e580390729fadb89c31123636
Compiler:  gcc-8.0.1-20180412
Attempt 1:
    Time  Bug Name
***    1  KASAN: use-after-free Read in finish_task_switch
       1  general protection fault in __schedule
The bug was found.

2023-06-15 12:51:18
Session:   3
Template:  2018-08-26 - 0be67307ca0c136a64819e27517a4660a3ace98a
Syzkaller: 2018-08-26 - 0be67307ca0c136a64819e27517a4660a3ace98a
Kernel:    2018-08-26 - 5b394b2ddf0347bef56e50c69a58773c94343ff3
Compiler:  gcc-8.0.1-20180412
Attempt 1:
    Time  Bug Name
***    1  KASAN: use-after-free Read in finish_task_switch
***    1  KASAN: use-after-free Read in finish_task_switch
***    1  general protection fault in finish_task_switch
       1  general protection fault in __schedule
The bug was found.

2023-06-15 13:02:58
Session:   4
Template:  2018-08-18 - 7067e78fd655232314eaa3d964004ed9600e02be
Syzkaller: 2018-08-26 - 0be67307ca0c136a64819e27517a4660a3ace98a
Kernel:    2018-08-26 - 5b394b2ddf0347bef56e50c69a58773c94343ff3
Attempt 1:
    Time  Bug Name
       1  lost connection to test machine
       2  lost connection to test machine
       7  lost connection to test machine
       9  lost connection to test machine
Attempt 2:
    Time  Bug Name
       4  lost connection to test machine
       9  lost connection to test machine
Attempt 3:
    No crashes found.
Attempt 4: (RETRY)
    No crashes found.
Attempt 5: (RETRY)
    No crashes found.
The bug was not found.
Warning: This session is unstable.

====================================================================================================================================================
Revealing Factor:   Template Update
Version:            2018-08-26 - 0be67307ca0c136a64819e27517a4660a3ace98a
Commit Name:        sys/linux: add few assorted new flags/ioctls

Bug Name:           general protection fault in kvm_lapic_hv_timer_in_use
Bug Link:           https://syzkaller.appspot.com/bug?id=0c330c4e475223a40d95f1d94c761357dd0f011f
Arch:               amd64
Finding Date:       2018-09-06
Finding Commit:     2018-09-05 - b36fdc6853a38a6f8749897a33435635019e0647
Guilty Merge:       2018-08-19 - e61cf2e3a5b452cfefcb145021f5a8ea88735cc1
Guilty Commit:      2018-08-06 - 8fcc4b5923af5de58b80b53a069453b135693304

Possible Blocking Bugs:
