WARNING in xfrm_state_fini,https://syzkaller.appspot.com/bug?id=f99edaeec58ad40380ed5813d89e205861be2896
Repository: linux
Arch: i386
Finding: 2018-02-01 - 4bf772b14675411a69b3c807f73006de0fe4b649
Guilty:  2017-11-29 - 6a53b7593233ab9e4f96873ebacc0f653a55c3e1
No Duplicates
Default Allocation.
VMs:4
CPUs:4
Procs:24
Max time:30
Max attempts:3
Testing the finding commit.

2023-06-12 01:46:28
Session:   1
Template:  2018-02-02 - 632a8c2c6c02a29c6582875951060fce9e94ab86
Syzkaller: 2018-02-02 - 632a8c2c6c02a29c6582875951060fce9e94ab86
Kernel:    2018-02-02 - 4bf772b14675411a69b3c807f73006de0fe4b649
Compiler:  gcc-7.1.1-20170620
Error: Syzkaller failed to make.
