general protection fault in smc_pnet_add,https://syzkaller.appspot.com/bug?id=4710b830601445fbfcee1d0bc64531b13b9ca57f
Repository: linux
Arch: amd64
Finding: 2022-04-08 - f1b45d8ccb9839b48e5884664470e54520e17f4c
Guilty:  2019-02-21 - af5f60c7e3d593c2fa31b9a62c16eae75f074de3
No Duplicates
Single Proc Allocation
VMs:8
CPUs:2
Procs:16
Max time:30
Max attempts:3
Testing the finding commit.

2023-04-09 00:07:24
Session:   1
Template:  2022-04-08 - e22c3da3b05600c6c0f62142160839b4b7f82a62
Syzkaller: 2022-04-08 - e22c3da3b05600c6c0f62142160839b4b7f82a62
Kernel:    2022-04-09 - f1b45d8ccb9839b48e5884664470e54520e17f4c
Compiler:  gcc-10.2.1-20210110
Attempt 1:
    Time  Bug Name
***    2  general protection fault in smc_pnet_add
Attempt 2:
    Time  Bug Name
***    2  general protection fault in smc_pnet_add
Attempt 3:
    Time  Bug Name
***    2  general protection fault in smc_pnet_add
The bug was found.

New Max Time: 10.
Merge Commit: 2019-02-21 - 9311defc1991eea31bc38899242603634092cdbd.

==== Template Retrospection ====
29 template changes in [2019-02-21, 2022-04-09].

2023-04-09 01:33:47
Session:   2
Template:  2021-04-13 - 8ba8079b119fc956671eed6c7e8cb6efd355ae61
Syzkaller: 2021-04-13 - 8ba8079b119fc956671eed6c7e8cb6efd355ae61
Kernel:    2021-04-13 - eebe426d32e1a10ac7c35f8ffab5f818c32a2454
Compiler:  gcc-10.2.1-20210110
Attempt 1:
    Time  Bug Name
       6  unregister_netdevice: waiting for DEV to become free
Attempt 2:
    No crashes found.
Attempt 3:
    Time  Bug Name
***    5  general protection fault in smc_pnet_add
***    5  general protection fault in smc_pnet_add
The bug was found.

2023-04-09 02:50:54
Session:   3
Template:  2020-03-17 - 2e9037c55f6a3308190ab4eb0ce110dddc7a6f2b
Syzkaller: 2020-03-17 - 2e9037c55f6a3308190ab4eb0ce110dddc7a6f2b
Kernel:    2020-03-17 - ac309e7744bee222df6de0122facaf2d9706fa70
Compiler:  gcc-9.0.0-20181231
Attempt 1:
    Time  Bug Name
       2  general protection fault in rds_ib_add_one
       5  general protection fault in rds_ib_add_one
       6  general protection fault in rds_ib_add_one
       6  general protection fault in rds_ib_add_one
       7  general protection fault in rds_ib_add_one
       8  general protection fault in rds_ib_add_one
      10  general protection fault in rds_ib_add_one
Attempt 2:
    Time  Bug Name
       2  general protection fault in rds_ib_add_one
       4  general protection fault in rds_ib_add_one
       4  general protection fault in rds_ib_add_one
       5  general protection fault in rds_ib_add_one
       5  general protection fault in rds_ib_add_one
       5  general protection fault in rds_ib_add_one
       5  general protection fault in rds_ib_add_one
       5  general protection fault in rds_ib_add_one
       6  general protection fault in rds_ib_add_one
       7  general protection fault in rds_ib_add_one
       9  general protection fault in rds_ib_add_one
       9  general protection fault in rds_ib_add_one
       9  general protection fault in rds_ib_add_one
      10  general protection fault in rds_ib_add_one
Attempt 3:
    Time  Bug Name
       2  general protection fault in rds_ib_add_one
       3  general protection fault in rds_ib_add_one
       4  general protection fault in rds_ib_add_one
       4  general protection fault in rds_ib_add_one
       4  general protection fault in rds_ib_add_one
       6  general protection fault in rds_ib_add_one
       7  general protection fault in rds_ib_add_one
       7  general protection fault in rds_ib_add_one
       8  general protection fault in rds_ib_add_one
      10  general protection fault in rds_ib_add_one
The bug was not found.

2023-04-09 04:07:08
Session:   4
Template:  2020-09-22 - 2450c42f1be626b601353c1e039f8fcbadfaffb1
Syzkaller: 2020-09-22 - 2450c42f1be626b601353c1e039f8fcbadfaffb1
Kernel:    2020-09-22 - 805c6d3c19210c90c109107d189744e960eae025
Compiler:  gcc-10.1.0-syz
Attempt 1:
    No crashes found.
Attempt 2:
    No crashes found.
Attempt 3:
    No crashes found.
The bug was not found.

2023-04-09 05:26:40
Session:   5
Template:  2021-03-02 - e1b9a5704d15b1f26f7cae9142c34544768175b2
Syzkaller: 2021-03-02 - e1b9a5704d15b1f26f7cae9142c34544768175b2
Kernel:    2021-03-01 - 7a7fd0de4a9804299793e564a555a49c1fc924cb
Compiler:  gcc-10.2.1-20210110
Warning: Syzkaller log file exceeded 5000 lines.
Saved at /mnt/sda/author/SyzInspector/wd-inspector-1/log/bug83-boot_failure.log.
Attempt 1:
    Time  Bug Name
       2  boot failure
Warning: Syzkaller log file exceeded 5000 lines.
Saved at /mnt/sda/author/SyzInspector/wd-inspector-1/log/bug83-boot_failure.log.
Attempt 2:
    Time  Bug Name
       2  boot failure
Warning: Syzkaller log file exceeded 5000 lines.
Saved at /mnt/sda/author/SyzInspector/wd-inspector-1/log/bug83-boot_failure.log.
Attempt 3:
    Time  Bug Name
       2  WARNING in warn_bogus_irq_restore
       2  WARNING in warn_bogus_irq_restore
       3  WARNING in warn_bogus_irq_restore
       3  boot failure
Warning: Syzkaller log file exceeded 5000 lines.
Saved at /mnt/sda/author/SyzInspector/wd-inspector-1/log/bug83-boot_failure.log.
Attempt 4: (RETRY)
    Time  Bug Name
       2  boot failure
Warning: Syzkaller log file exceeded 5000 lines.
Saved at /mnt/sda/author/SyzInspector/wd-inspector-1/log/bug83-boot_failure.log.
Attempt 5: (RETRY)
    Time  Bug Name
       2  boot failure
Warning: Syzkaller log file exceeded 5000 lines.
Saved at /mnt/sda/author/SyzInspector/wd-inspector-1/log/bug83-boot_failure.log.
Attempt 6: (RETRY)
    Time  Bug Name
       3  boot failure
The bug was not found.
Warning: This session is unstable.

2023-04-09 06:21:19
Session:   6
Template:  2021-03-02 - e1b9a5704d15b1f26f7cae9142c34544768175b2
Syzkaller: 2021-04-13 - 8ba8079b119fc956671eed6c7e8cb6efd355ae61
Kernel:    2021-04-13 - eebe426d32e1a10ac7c35f8ffab5f818c32a2454
Compiler:  gcc-10.2.1-20210110
Attempt 1:
    Time  Bug Name
***    9  general protection fault in smc_pnet_add
The bug was found.
Switching to Safe Mode: Fuzzing 5 times at 30 minutes

==== Kernel Retrospection ====
209 Linux commits in [2021-03-01, 2021-04-13].

2023-04-09 07:09:00
Session:   7
Template:  2021-03-21 - bea32f747c3e7858820d1cafae94363136494809
Syzkaller: 2021-03-21 - bea32f747c3e7858820d1cafae94363136494809
Kernel:    2021-03-21 - d7f5f1bd3c240c4d527c0871a38dc3d61255ea9e
Compiler:  gcc-10.2.1-20210110
Attempt 1:
    Time  Bug Name
***   10  general protection fault in smc_pnet_add
The bug was found.

2023-04-09 08:07:48
Session:   8
Template:  2021-03-13 - 4a003785c5484e99127a20e069a5edddcb8c24d5
Syzkaller: 2021-03-13 - 4a003785c5484e99127a20e069a5edddcb8c24d5
Kernel:    2021-03-13 - e83bad7f77a4348277c3ebe9bea4a5b0cd6dfcb5
Compiler:  gcc-10.2.1-20210110
Warning: Syzkaller log file exceeded 5000 lines.
Saved at /mnt/sda/author/SyzInspector/wd-inspector-1/log/bug83-boot_failure.log.
Attempt 1:
    Time  Bug Name
       2  boot failure
Warning: Syzkaller log file exceeded 5000 lines.
Saved at /mnt/sda/author/SyzInspector/wd-inspector-1/log/bug83-boot_failure.log.
Attempt 2:
    Time  Bug Name
       2  WARNING in kvm_wait
       2  boot failure
Warning: Syzkaller log file exceeded 5000 lines.
Saved at /mnt/sda/author/SyzInspector/wd-inspector-1/log/bug83-boot_failure.log.
Attempt 3:
    Time  Bug Name
       2  boot failure
Warning: Syzkaller log file exceeded 5000 lines.
Saved at /mnt/sda/author/SyzInspector/wd-inspector-1/log/bug83-boot_failure.log.
Attempt 4:
    Time  Bug Name
       2  boot failure
Warning: Syzkaller log file exceeded 5000 lines.
Saved at /mnt/sda/author/SyzInspector/wd-inspector-1/log/bug83-boot_failure.log.
Attempt 5:
    Time  Bug Name
       2  boot failure
Warning: Syzkaller log file exceeded 5000 lines.
Saved at /mnt/sda/author/SyzInspector/wd-inspector-1/log/bug83-boot_failure.log.
Attempt 6: (RETRY)
    Time  Bug Name
       2  boot failure
Warning: Syzkaller log file exceeded 5000 lines.
Saved at /mnt/sda/author/SyzInspector/wd-inspector-1/log/bug83-boot_failure.log.
Attempt 7: (RETRY)
    Time  Bug Name
       2  WARNING in kvm_wait
       2  boot failure
Warning: Syzkaller log file exceeded 5000 lines.
Saved at /mnt/sda/author/SyzInspector/wd-inspector-1/log/bug83-boot_failure.log.
Attempt 8: (RETRY)
    Time  Bug Name
       2  boot failure
Warning: Syzkaller log file exceeded 5000 lines.
Saved at /mnt/sda/author/SyzInspector/wd-inspector-1/log/bug83-boot_failure.log.
Attempt 9: (RETRY)
    Time  Bug Name
       2  WARNING in kvm_wait
       3  WARNING in kvm_wait
       3  WARNING in kvm_wait
       3  WARNING in kvm_wait
       3  boot failure
Warning: Syzkaller log file exceeded 5000 lines.
Saved at /mnt/sda/author/SyzInspector/wd-inspector-1/log/bug83-boot_failure.log.
Attempt 10: (RETRY)
    Time  Bug Name
       3  WARNING in kvm_wait
       3  WARNING in kvm_wait
       3  WARNING in kvm_wait
       3  boot failure
The bug was not found.
Warning: This session is unstable.

2023-04-09 09:08:59
Session:   9
Template:  2021-03-11 - 429d8a6becba0a60e99331e293e6117597e9e530
Syzkaller: 2021-03-11 - 429d8a6becba0a60e99331e293e6117597e9e530
Kernel:    2021-03-12 - 17f8fc198a6fc64cee2b1e126398d0c41823f5a3
Compiler:  gcc-10.2.1-20210110
Warning: Syzkaller log file exceeded 5000 lines.
Saved at /mnt/sda/author/SyzInspector/wd-inspector-1/log/bug83-boot_failure.log.
Attempt 1:
    Time  Bug Name
       3  WARNING in kvm_wait
       3  boot failure
Warning: Syzkaller log file exceeded 5000 lines.
Saved at /mnt/sda/author/SyzInspector/wd-inspector-1/log/bug83-boot_failure.log.
Attempt 2:
    Time  Bug Name
       2  WARNING in kvm_wait
       2  WARNING in kvm_wait
       2  boot failure
Warning: Syzkaller log file exceeded 5000 lines.
Saved at /mnt/sda/author/SyzInspector/wd-inspector-1/log/bug83-boot_failure.log.
Attempt 3:
    Time  Bug Name
       2  boot failure
Warning: Syzkaller log file exceeded 5000 lines.
Saved at /mnt/sda/author/SyzInspector/wd-inspector-1/log/bug83-boot_failure.log.
Attempt 4:
    Time  Bug Name
       3  boot failure
Warning: Syzkaller log file exceeded 5000 lines.
Saved at /mnt/sda/author/SyzInspector/wd-inspector-1/log/bug83-boot_failure.log.
Attempt 5:
    Time  Bug Name
       2  boot failure
Warning: Syzkaller log file exceeded 5000 lines.
Saved at /mnt/sda/author/SyzInspector/wd-inspector-1/log/bug83-boot_failure.log.
Attempt 6: (RETRY)
    Time  Bug Name
       3  WARNING in kvm_wait
       3  WARNING in kvm_wait
       4  WARNING in kvm_wait
       4  WARNING in kvm_wait
       4  boot failure
Warning: Syzkaller log file exceeded 5000 lines.
Saved at /mnt/sda/author/SyzInspector/wd-inspector-1/log/bug83-boot_failure.log.
Attempt 7: (RETRY)
    Time  Bug Name
       2  boot failure
Warning: Syzkaller log file exceeded 5000 lines.
Saved at /mnt/sda/author/SyzInspector/wd-inspector-1/log/bug83-boot_failure.log.
Attempt 8: (RETRY)
    Time  Bug Name
       2  boot failure
Warning: Syzkaller log file exceeded 5000 lines.
Saved at /mnt/sda/author/SyzInspector/wd-inspector-1/log/bug83-boot_failure.log.
Attempt 9: (RETRY)
    Time  Bug Name
       2  boot failure
Warning: Syzkaller log file exceeded 5000 lines.
Saved at /mnt/sda/author/SyzInspector/wd-inspector-1/log/bug83-boot_failure.log.
Attempt 10: (RETRY)
    Time  Bug Name
       2  boot failure
The bug was not found.
Warning: This session is unstable.

2023-04-09 10:14:40
Session:   10
Template:  2021-03-07 - 09fbf400324c9aea14031e516d36e905b629b639
Syzkaller: 2021-03-07 - 09fbf400324c9aea14031e516d36e905b629b639
Kernel:    2021-03-07 - 144c79ef33536b4ecb4951e07dbc1f2b7fa99d32
Compiler:  gcc-10.2.1-20210110
Warning: Syzkaller log file exceeded 5000 lines.
Saved at /mnt/sda/author/SyzInspector/wd-inspector-1/log/bug83-boot_failure.log.
Attempt 1:
    Time  Bug Name
       2  boot failure
Warning: Syzkaller log file exceeded 5000 lines.
Saved at /mnt/sda/author/SyzInspector/wd-inspector-1/log/bug83-boot_failure.log.
Attempt 2:
    Time  Bug Name
       2  boot failure
Warning: Syzkaller log file exceeded 5000 lines.
Saved at /mnt/sda/author/SyzInspector/wd-inspector-1/log/bug83-boot_failure.log.
Attempt 3:
    Time  Bug Name
       2  boot failure
Warning: Syzkaller log file exceeded 5000 lines.
Saved at /mnt/sda/author/SyzInspector/wd-inspector-1/log/bug83-boot_failure.log.
Attempt 4:
    Time  Bug Name
       2  WARNING in kvm_wait
       2  boot failure
Warning: Syzkaller log file exceeded 5000 lines.
Saved at /mnt/sda/author/SyzInspector/wd-inspector-1/log/bug83-boot_failure.log.
Attempt 5:
    Time  Bug Name
       2  boot failure
Warning: Syzkaller log file exceeded 5000 lines.
Saved at /mnt/sda/author/SyzInspector/wd-inspector-1/log/bug83-boot_failure.log.
Attempt 6: (RETRY)
    Time  Bug Name
       2  boot failure
Warning: Syzkaller log file exceeded 5000 lines.
Saved at /mnt/sda/author/SyzInspector/wd-inspector-1/log/bug83-boot_failure.log.
Attempt 7: (RETRY)
    Time  Bug Name
       2  boot failure
Warning: Syzkaller log file exceeded 5000 lines.
Saved at /mnt/sda/author/SyzInspector/wd-inspector-1/log/bug83-boot_failure.log.
Attempt 8: (RETRY)
    Time  Bug Name
       3  WARNING in kvm_wait
       3  WARNING in kvm_wait
       3  boot failure
Warning: Syzkaller log file exceeded 5000 lines.
Saved at /mnt/sda/author/SyzInspector/wd-inspector-1/log/bug83-boot_failure.log.
Attempt 9: (RETRY)
    Time  Bug Name
       2  boot failure
Warning: Syzkaller log file exceeded 5000 lines.
Saved at /mnt/sda/author/SyzInspector/wd-inspector-1/log/bug83-boot_failure.log.
Attempt 10: (RETRY)
    Time  Bug Name
       2  boot failure
The bug was not found.
Warning: This session is unstable.

2023-04-09 11:17:59
Session:   11
Template:  2021-03-05 - e4b4d570a88c0d2e0420c6e21fc20d90564636b1
Syzkaller: 2021-03-05 - e4b4d570a88c0d2e0420c6e21fc20d90564636b1
Kernel:    2021-03-05 - fc2c8d0af05af4c380824e40ff99ede398913ae5
Compiler:  gcc-10.2.1-20210110
Warning: Syzkaller log file exceeded 5000 lines.
Saved at /mnt/sda/author/SyzInspector/wd-inspector-1/log/bug83-boot_failure.log.
Attempt 1:
    Time  Bug Name
       2  WARNING in kvm_wait
       2  WARNING in kvm_wait
       2  boot failure
Warning: Syzkaller log file exceeded 5000 lines.
Saved at /mnt/sda/author/SyzInspector/wd-inspector-1/log/bug83-boot_failure.log.
Attempt 2:
    Time  Bug Name
       2  boot failure
Warning: Syzkaller log file exceeded 5000 lines.
Saved at /mnt/sda/author/SyzInspector/wd-inspector-1/log/bug83-boot_failure.log.
Attempt 3:
    Time  Bug Name
       2  boot failure
Warning: Syzkaller log file exceeded 5000 lines.
Saved at /mnt/sda/author/SyzInspector/wd-inspector-1/log/bug83-boot_failure.log.
Attempt 4:
    Time  Bug Name
       2  boot failure
Warning: Syzkaller log file exceeded 5000 lines.
Saved at /mnt/sda/author/SyzInspector/wd-inspector-1/log/bug83-boot_failure.log.
Attempt 5:
    Time  Bug Name
       2  boot failure
Warning: Syzkaller log file exceeded 5000 lines.
Saved at /mnt/sda/author/SyzInspector/wd-inspector-1/log/bug83-boot_failure.log.
Attempt 6: (RETRY)
    Time  Bug Name
       2  WARNING in kvm_wait
       2  boot failure
Warning: Syzkaller log file exceeded 5000 lines.
Saved at /mnt/sda/author/SyzInspector/wd-inspector-1/log/bug83-boot_failure.log.
Attempt 7: (RETRY)
    Time  Bug Name
       2  WARNING in kvm_wait
       2  boot failure
Warning: Syzkaller log file exceeded 5000 lines.
Saved at /mnt/sda/author/SyzInspector/wd-inspector-1/log/bug83-boot_failure.log.
Attempt 8: (RETRY)
    Time  Bug Name
       2  boot failure
Warning: Syzkaller log file exceeded 5000 lines.
Saved at /mnt/sda/author/SyzInspector/wd-inspector-1/log/bug83-boot_failure.log.
Attempt 9: (RETRY)
    Time  Bug Name
       2  boot failure
Warning: Syzkaller log file exceeded 5000 lines.
Saved at /mnt/sda/author/SyzInspector/wd-inspector-1/log/bug83-boot_failure.log.
Attempt 10: (RETRY)
    Time  Bug Name
       2  boot failure
The bug was not found.
Warning: This session is unstable.

2023-04-09 12:17:02
Session:   12
Template:  2021-03-14 - cc1cff8f1e1a585894796d6eae8c51eef98037e6
Syzkaller: 2021-03-14 - cc1cff8f1e1a585894796d6eae8c51eef98037e6
Kernel:    2021-03-14 - 19469d2adab9a94e3c1713b7a12a67f9c59c1161
Compiler:  gcc-10.2.1-20210110
Warning: Syzkaller log file exceeded 5000 lines.
Saved at /mnt/sda/author/SyzInspector/wd-inspector-1/log/bug83-boot_failure.log.
Attempt 1:
    Time  Bug Name
       2  boot failure
Warning: Syzkaller log file exceeded 5000 lines.
Saved at /mnt/sda/author/SyzInspector/wd-inspector-1/log/bug83-boot_failure.log.
Attempt 2:
    Time  Bug Name
       2  WARNING in kvm_wait
       2  boot failure
Warning: Syzkaller log file exceeded 5000 lines.
Saved at /mnt/sda/author/SyzInspector/wd-inspector-1/log/bug83-boot_failure.log.
Attempt 3:
    Time  Bug Name
       2  boot failure
Warning: Syzkaller log file exceeded 5000 lines.
Saved at /mnt/sda/author/SyzInspector/wd-inspector-1/log/bug83-boot_failure.log.
Attempt 4:
    Time  Bug Name
       3  WARNING in kvm_wait
       3  boot failure
Warning: Syzkaller log file exceeded 5000 lines.
Saved at /mnt/sda/author/SyzInspector/wd-inspector-1/log/bug83-boot_failure.log.
Attempt 5:
    Time  Bug Name
       2  WARNING in kvm_wait
       3  WARNING in kvm_wait
       3  boot failure
Warning: Syzkaller log file exceeded 5000 lines.
Saved at /mnt/sda/author/SyzInspector/wd-inspector-1/log/bug83-boot_failure.log.
Attempt 6: (RETRY)
    Time  Bug Name
       2  WARNING in kvm_wait
       2  boot failure
Warning: Syzkaller log file exceeded 5000 lines.
Saved at /mnt/sda/author/SyzInspector/wd-inspector-1/log/bug83-boot_failure.log.
Attempt 7: (RETRY)
    Time  Bug Name
       2  boot failure
Warning: Syzkaller log file exceeded 5000 lines.
Saved at /mnt/sda/author/SyzInspector/wd-inspector-1/log/bug83-boot_failure.log.
Attempt 8: (RETRY)
    Time  Bug Name
       2  boot failure
Warning: Syzkaller log file exceeded 5000 lines.
Saved at /mnt/sda/author/SyzInspector/wd-inspector-1/log/bug83-boot_failure.log.
Attempt 9: (RETRY)
    Time  Bug Name
       3  WARNING in kvm_wait
       3  WARNING in kvm_wait
       3  boot failure
Warning: Syzkaller log file exceeded 5000 lines.
Saved at /mnt/sda/author/SyzInspector/wd-inspector-1/log/bug83-boot_failure.log.
Attempt 10: (RETRY)
    Time  Bug Name
       3  WARNING in kvm_wait
       3  WARNING in kvm_wait
       3  WARNING in kvm_wait
       3  boot failure
The bug was not found.
Warning: This session is unstable.

2023-04-09 13:18:39
Session:   13
Template:  2021-03-18 - 380dcc3e77597144cbaa24d86cc1cc0cc4e90cf1
Syzkaller: 2021-03-18 - 380dcc3e77597144cbaa24d86cc1cc0cc4e90cf1
Kernel:    2021-03-18 - bf152b0b41dc141c8d32eb6e974408f5804f4d00
Compiler:  gcc-10.2.1-20210110
Warning: Syzkaller log file exceeded 5000 lines.
Saved at /mnt/sda/author/SyzInspector/wd-inspector-1/log/bug83-boot_failure.log.
Attempt 1:
    Time  Bug Name
       3  WARNING in kvm_wait
       5  WARNING in kvm_wait
       7  WARNING in kvm_wait
      16  WARNING in kvm_wait
      18  WARNING in kvm_wait
      21  WARNING in kvm_wait
      22  boot failure
Warning: Syzkaller log file exceeded 5000 lines.
Saved at /mnt/sda/author/SyzInspector/wd-inspector-1/log/bug83-boot_failure.log.
Attempt 2:
    Time  Bug Name
       3  WARNING in kvm_wait
       5  WARNING in kvm_wait
       6  WARNING in kvm_wait
       6  WARNING in kvm_wait
      13  WARNING in kvm_wait
      14  WARNING in kvm_wait
      16  boot failure
Warning: Syzkaller log file exceeded 5000 lines.
Saved at /mnt/sda/author/SyzInspector/wd-inspector-1/log/bug83-boot_failure.log.
Attempt 3:
    Time  Bug Name
      12  boot failure
Warning: Syzkaller log file exceeded 5000 lines.
Saved at /mnt/sda/author/SyzInspector/wd-inspector-1/log/bug83-boot_failure.log.
Attempt 4:
    Time  Bug Name
      12  boot failure
Warning: Syzkaller log file exceeded 5000 lines.
Saved at /mnt/sda/author/SyzInspector/wd-inspector-1/log/bug83-boot_failure.log.
Attempt 5:
    Time  Bug Name
       3  WARNING in kvm_wait
      21  boot failure
Warning: Syzkaller log file exceeded 5000 lines.
Saved at /mnt/sda/author/SyzInspector/wd-inspector-1/log/bug83-boot_failure.log.
Attempt 6: (RETRY)
    Time  Bug Name
       4  WARNING in kvm_wait
      15  WARNING in kvm_wait
      21  boot failure
Warning: Syzkaller log file exceeded 5000 lines.
Saved at /mnt/sda/author/SyzInspector/wd-inspector-1/log/bug83-boot_failure.log.
Attempt 7: (RETRY)
    Time  Bug Name
       2  WARNING in kvm_wait
       3  WARNING in kvm_wait
       3  WARNING in kvm_wait
       5  WARNING in kvm_wait
      13  WARNING in kvm_wait
      13  WARNING in kvm_wait
      23  WARNING in kvm_wait
      24  WARNING in kvm_wait
      24  boot failure
Warning: Syzkaller log file exceeded 5000 lines.
Saved at /mnt/sda/author/SyzInspector/wd-inspector-1/log/bug83-boot_failure.log.
Attempt 8: (RETRY)
    Time  Bug Name
       4  WARNING in kvm_wait
      14  boot failure
Warning: Syzkaller log file exceeded 5000 lines.
Saved at /mnt/sda/author/SyzInspector/wd-inspector-1/log/bug83-boot_failure.log.
Attempt 9: (RETRY)
    Time  Bug Name
       4  WARNING in kvm_wait
       5  WARNING in kvm_wait
       8  WARNING in kvm_wait
      11  WARNING in kvm_wait
      14  WARNING in kvm_wait
      15  WARNING in kvm_wait
      22  boot failure
Warning: Syzkaller log file exceeded 5000 lines.
Saved at /mnt/sda/author/SyzInspector/wd-inspector-1/log/bug83-boot_failure.log.
Attempt 10: (RETRY)
    Time  Bug Name
       3  WARNING in kvm_wait
      11  boot failure
The bug was not found.
Warning: This session is unstable.

2023-04-09 17:43:46
Session:   14
Template:  2021-03-20 - 17810eaefa3a6802fa401bda89898b763680d1e4
Syzkaller: 2021-03-20 - 17810eaefa3a6802fa401bda89898b763680d1e4
Kernel:    2021-03-20 - d626c692aaeb2ff839bfe463f096660c39a6d1eb
Compiler:  gcc-10.2.1-20210110
Attempt 1:
    Time  Bug Name
       5  panic: disabled syscall
       9  unregister_netdevice: waiting for DEV to become free
      13  unregister_netdevice: waiting for DEV to become free
***   14  general protection fault in smc_pnet_add
The bug was found.

2023-04-09 18:35:43
Session:   15
Template:  2021-03-11 - 429d8a6becba0a60e99331e293e6117597e9e530
Syzkaller: 2021-03-11 - 429d8a6becba0a60e99331e293e6117597e9e530
Kernel:    2021-03-12 - 3077f0279effe1422410dafdf3c14d5756f1239a
Compiler:  gcc-10.2.1-20210110
Warning: Syzkaller log file exceeded 5000 lines.
Saved at /mnt/sda/author/SyzInspector/wd-inspector-1/log/bug83-boot_failure.log.
Attempt 1:
    Time  Bug Name
       2  boot failure
Warning: Syzkaller log file exceeded 5000 lines.
Saved at /mnt/sda/author/SyzInspector/wd-inspector-1/log/bug83-boot_failure.log.
Attempt 2:
    Time  Bug Name
       2  boot failure
Warning: Syzkaller log file exceeded 5000 lines.
Saved at /mnt/sda/author/SyzInspector/wd-inspector-1/log/bug83-boot_failure.log.
Attempt 3:
    Time  Bug Name
       2  boot failure
Warning: Syzkaller log file exceeded 5000 lines.
Saved at /mnt/sda/author/SyzInspector/wd-inspector-1/log/bug83-boot_failure.log.
Attempt 4:
    Time  Bug Name
       2  boot failure
Warning: Syzkaller log file exceeded 5000 lines.
Saved at /mnt/sda/author/SyzInspector/wd-inspector-1/log/bug83-boot_failure.log.
Attempt 5:
    Time  Bug Name
       3  boot failure
Warning: Syzkaller log file exceeded 5000 lines.
Saved at /mnt/sda/author/SyzInspector/wd-inspector-1/log/bug83-boot_failure.log.
Attempt 6: (RETRY)
    Time  Bug Name
       2  boot failure
Warning: Syzkaller log file exceeded 5000 lines.
Saved at /mnt/sda/author/SyzInspector/wd-inspector-1/log/bug83-boot_failure.log.
Attempt 7: (RETRY)
    Time  Bug Name
       2  WARNING in kvm_wait
       2  boot failure
Warning: Syzkaller log file exceeded 5000 lines.
Saved at /mnt/sda/author/SyzInspector/wd-inspector-1/log/bug83-boot_failure.log.
Attempt 8: (RETRY)
    Time  Bug Name
       2  boot failure
Warning: Syzkaller log file exceeded 5000 lines.
Saved at /mnt/sda/author/SyzInspector/wd-inspector-1/log/bug83-boot_failure.log.
Attempt 9: (RETRY)
    Time  Bug Name
       2  boot failure
Warning: Syzkaller log file exceeded 5000 lines.
Saved at /mnt/sda/author/SyzInspector/wd-inspector-1/log/bug83-boot_failure.log.
Attempt 10: (RETRY)
    Time  Bug Name
       2  boot failure
The bug was not found.
Warning: This session is unstable.

2023-04-09 19:38:58
Session:   16
Template:  2021-03-10 - c2ca1f2a94f7bc6f676d2e6a3313aa0817be2869
Syzkaller: 2021-03-10 - c2ca1f2a94f7bc6f676d2e6a3313aa0817be2869
Kernel:    2021-03-10 - 9b1ea29bc0d7b94d420f96a0f4121403efc3dd85
Compiler:  gcc-10.2.1-20210110
Warning: Syzkaller log file exceeded 5000 lines.
Saved at /mnt/sda/author/SyzInspector/wd-inspector-1/log/bug83-boot_failure.log.
Attempt 1:
    Time  Bug Name
       2  boot failure
Warning: Syzkaller log file exceeded 5000 lines.
Saved at /mnt/sda/author/SyzInspector/wd-inspector-1/log/bug83-boot_failure.log.
Attempt 2:
    Time  Bug Name
       3  WARNING in kvm_wait
       3  boot failure
Warning: Syzkaller log file exceeded 5000 lines.
Saved at /mnt/sda/author/SyzInspector/wd-inspector-1/log/bug83-boot_failure.log.
Attempt 3:
    Time  Bug Name
       2  boot failure
Warning: Syzkaller log file exceeded 5000 lines.
Saved at /mnt/sda/author/SyzInspector/wd-inspector-1/log/bug83-boot_failure.log.
Attempt 4:
    Time  Bug Name
       2  boot failure
Warning: Syzkaller log file exceeded 5000 lines.
Saved at /mnt/sda/author/SyzInspector/wd-inspector-1/log/bug83-boot_failure.log.
Attempt 5:
    Time  Bug Name
       2  boot failure
Warning: Syzkaller log file exceeded 5000 lines.
Saved at /mnt/sda/author/SyzInspector/wd-inspector-1/log/bug83-boot_failure.log.
Attempt 6: (RETRY)
    Time  Bug Name
       3  WARNING in kvm_wait
       3  boot failure
Warning: Syzkaller log file exceeded 5000 lines.
Saved at /mnt/sda/author/SyzInspector/wd-inspector-1/log/bug83-boot_failure.log.
Attempt 7: (RETRY)
    Time  Bug Name
       3  boot failure
Warning: Syzkaller log file exceeded 5000 lines.
Saved at /mnt/sda/author/SyzInspector/wd-inspector-1/log/bug83-boot_failure.log.
Attempt 8: (RETRY)
    Time  Bug Name
       2  boot failure
Warning: Syzkaller log file exceeded 5000 lines.
Saved at /mnt/sda/author/SyzInspector/wd-inspector-1/log/bug83-boot_failure.log.
Attempt 9: (RETRY)
    Time  Bug Name
       2  boot failure
Warning: Syzkaller log file exceeded 5000 lines.
Saved at /mnt/sda/author/SyzInspector/wd-inspector-1/log/bug83-boot_failure.log.
Attempt 10: (RETRY)
    Time  Bug Name
       2  WARNING in kvm_wait
       2  boot failure
The bug was not found.
Warning: This session is unstable.

2023-04-09 20:48:05
Session:   17
Template:  2021-03-07 - 09fbf400324c9aea14031e516d36e905b629b639
Syzkaller: 2021-03-07 - 09fbf400324c9aea14031e516d36e905b629b639
Kernel:    2021-03-07 - dac518707880617a2beaffc01fb1d7adf4b8008a
Compiler:  gcc-10.2.1-20210110
Warning: Syzkaller log file exceeded 5000 lines.
Saved at /mnt/sda/author/SyzInspector/wd-inspector-1/log/bug83-boot_failure.log.
Attempt 1:
    Time  Bug Name
       3  boot failure
Warning: Syzkaller log file exceeded 5000 lines.
Saved at /mnt/sda/author/SyzInspector/wd-inspector-1/log/bug83-boot_failure.log.
Attempt 2:
    Time  Bug Name
       2  boot failure
Warning: Syzkaller log file exceeded 5000 lines.
Saved at /mnt/sda/author/SyzInspector/wd-inspector-1/log/bug83-boot_failure.log.
Attempt 3:
    Time  Bug Name
       2  boot failure
Warning: Syzkaller log file exceeded 5000 lines.
Saved at /mnt/sda/author/SyzInspector/wd-inspector-1/log/bug83-boot_failure.log.
Attempt 4:
    Time  Bug Name
       2  WARNING in kvm_wait
       3  boot failure
Warning: Syzkaller log file exceeded 5000 lines.
Saved at /mnt/sda/author/SyzInspector/wd-inspector-1/log/bug83-boot_failure.log.
Attempt 5:
    Time  Bug Name
       2  boot failure
Warning: Syzkaller log file exceeded 5000 lines.
Saved at /mnt/sda/author/SyzInspector/wd-inspector-1/log/bug83-boot_failure.log.
Attempt 6: (RETRY)
    Time  Bug Name
       2  boot failure
Warning: Syzkaller log file exceeded 5000 lines.
Saved at /mnt/sda/author/SyzInspector/wd-inspector-1/log/bug83-boot_failure.log.
Attempt 7: (RETRY)
    Time  Bug Name
       3  WARNING in kvm_wait
       3  boot failure
Warning: Syzkaller log file exceeded 5000 lines.
Saved at /mnt/sda/author/SyzInspector/wd-inspector-1/log/bug83-boot_failure.log.
Attempt 8: (RETRY)
    Time  Bug Name
       2  boot failure
Warning: Syzkaller log file exceeded 5000 lines.
Saved at /mnt/sda/author/SyzInspector/wd-inspector-1/log/bug83-boot_failure.log.
Attempt 9: (RETRY)
    Time  Bug Name
       2  boot failure
Warning: Syzkaller log file exceeded 5000 lines.
Saved at /mnt/sda/author/SyzInspector/wd-inspector-1/log/bug83-boot_failure.log.
Attempt 10: (RETRY)
    Time  Bug Name
       2  boot failure
The bug was not found.
Warning: This session is unstable.

2023-04-09 21:47:31
Session:   18
Template:  2021-03-05 - e4b4d570a88c0d2e0420c6e21fc20d90564636b1
Syzkaller: 2021-03-05 - e4b4d570a88c0d2e0420c6e21fc20d90564636b1
Kernel:    2021-03-05 - f09b04cc6447331e731629e8b72587287f3a4490
Compiler:  gcc-10.2.1-20210110
Warning: Syzkaller log file exceeded 5000 lines.
Saved at /mnt/sda/author/SyzInspector/wd-inspector-1/log/bug83-boot_failure.log.
Attempt 1:
    Time  Bug Name
       2  boot failure
Warning: Syzkaller log file exceeded 5000 lines.
Saved at /mnt/sda/author/SyzInspector/wd-inspector-1/log/bug83-boot_failure.log.
Attempt 2:
    Time  Bug Name
       3  boot failure
Warning: Syzkaller log file exceeded 5000 lines.
Saved at /mnt/sda/author/SyzInspector/wd-inspector-1/log/bug83-boot_failure.log.
Attempt 3:
    Time  Bug Name
       2  WARNING in kvm_wait
       3  WARNING in kvm_wait
       3  boot failure
Warning: Syzkaller log file exceeded 5000 lines.
Saved at /mnt/sda/author/SyzInspector/wd-inspector-1/log/bug83-boot_failure.log.
Attempt 4:
    Time  Bug Name
       2  boot failure
Warning: Syzkaller log file exceeded 5000 lines.
Saved at /mnt/sda/author/SyzInspector/wd-inspector-1/log/bug83-boot_failure.log.
Attempt 5:
    Time  Bug Name
       2  boot failure
Warning: Syzkaller log file exceeded 5000 lines.
Saved at /mnt/sda/author/SyzInspector/wd-inspector-1/log/bug83-boot_failure.log.
Attempt 6: (RETRY)
    Time  Bug Name
       2  WARNING in kvm_wait
       3  WARNING in kvm_wait
       3  boot failure
Warning: Syzkaller log file exceeded 5000 lines.
Saved at /mnt/sda/author/SyzInspector/wd-inspector-1/log/bug83-boot_failure.log.
Attempt 7: (RETRY)
    Time  Bug Name
       2  boot failure
Warning: Syzkaller log file exceeded 5000 lines.
Saved at /mnt/sda/author/SyzInspector/wd-inspector-1/log/bug83-boot_failure.log.
Attempt 8: (RETRY)
    Time  Bug Name
       2  boot failure
Warning: Syzkaller log file exceeded 5000 lines.
Saved at /mnt/sda/author/SyzInspector/wd-inspector-1/log/bug83-boot_failure.log.
Attempt 9: (RETRY)
    Time  Bug Name
       3  boot failure
Warning: Syzkaller log file exceeded 5000 lines.
Saved at /mnt/sda/author/SyzInspector/wd-inspector-1/log/bug83-boot_failure.log.
Attempt 10: (RETRY)
    Time  Bug Name
       3  WARNING in kvm_wait
       3  boot failure
The bug was not found.
Warning: This session is unstable.

2023-04-09 22:55:51
Session:   19
Template:  2021-03-01 - 92ead2966b78ac6b2d6a0a464cc15c6ee6f853c6
Syzkaller: 2021-03-01 - 92ead2966b78ac6b2d6a0a464cc15c6ee6f853c6
Kernel:    2021-03-01 - c608aca57dd034d09f307b109b670d1cfb829279
Compiler:  gcc-10.2.1-20210110
Warning: Syzkaller log file exceeded 5000 lines.
Saved at /mnt/sda/author/SyzInspector/wd-inspector-1/log/bug83-boot_failure.log.
Attempt 1:
    Time  Bug Name
       3  boot failure
Warning: Syzkaller log file exceeded 5000 lines.
Saved at /mnt/sda/author/SyzInspector/wd-inspector-1/log/bug83-boot_failure.log.
Attempt 2:
    Time  Bug Name
       2  boot failure
Warning: Syzkaller log file exceeded 5000 lines.
Saved at /mnt/sda/author/SyzInspector/wd-inspector-1/log/bug83-boot_failure.log.
Attempt 3:
    Time  Bug Name
       2  boot failure
Warning: Syzkaller log file exceeded 5000 lines.
Saved at /mnt/sda/author/SyzInspector/wd-inspector-1/log/bug83-boot_failure.log.
Attempt 4:
    Time  Bug Name
       3  boot failure
Warning: Syzkaller log file exceeded 5000 lines.
Saved at /mnt/sda/author/SyzInspector/wd-inspector-1/log/bug83-boot_failure.log.
Attempt 5:
    Time  Bug Name
       2  boot failure
Warning: Syzkaller log file exceeded 5000 lines.
Saved at /mnt/sda/author/SyzInspector/wd-inspector-1/log/bug83-boot_failure.log.
Attempt 6: (RETRY)
    Time  Bug Name
       2  boot failure
Warning: Syzkaller log file exceeded 5000 lines.
Saved at /mnt/sda/author/SyzInspector/wd-inspector-1/log/bug83-boot_failure.log.
Attempt 7: (RETRY)
    Time  Bug Name
       2  boot failure
Warning: Syzkaller log file exceeded 5000 lines.
Saved at /mnt/sda/author/SyzInspector/wd-inspector-1/log/bug83-boot_failure.log.
Attempt 8: (RETRY)
    Time  Bug Name
       3  WARNING in warn_bogus_irq_restore
       3  WARNING in warn_bogus_irq_restore
       3  boot failure
Warning: Syzkaller log file exceeded 5000 lines.
Saved at /mnt/sda/author/SyzInspector/wd-inspector-1/log/bug83-boot_failure.log.
Attempt 9: (RETRY)
    Time  Bug Name
       2  boot failure
Warning: Syzkaller log file exceeded 5000 lines.
Saved at /mnt/sda/author/SyzInspector/wd-inspector-1/log/bug83-boot_failure.log.
Attempt 10: (RETRY)
    Time  Bug Name
       2  boot failure
The bug was not found.
Warning: This session is unstable.

2023-04-10 00:00:27
Session:   20
Template:  2021-03-13 - 4a003785c5484e99127a20e069a5edddcb8c24d5
Syzkaller: 2021-03-13 - 4a003785c5484e99127a20e069a5edddcb8c24d5
Kernel:    2021-03-13 - be61af330e09cfdde29fa5516b2ee015ebdc8bea
Compiler:  gcc-10.2.1-20210110
Warning: Syzkaller log file exceeded 5000 lines.
Saved at /mnt/sda/author/SyzInspector/wd-inspector-1/log/bug83-boot_failure.log.
Attempt 1:
    Time  Bug Name
       2  boot failure
Warning: Syzkaller log file exceeded 5000 lines.
Saved at /mnt/sda/author/SyzInspector/wd-inspector-1/log/bug83-boot_failure.log.
Attempt 2:
    Time  Bug Name
       2  boot failure
Warning: Syzkaller log file exceeded 5000 lines.
Saved at /mnt/sda/author/SyzInspector/wd-inspector-1/log/bug83-boot_failure.log.
Attempt 3:
    Time  Bug Name
       2  boot failure
Warning: Syzkaller log file exceeded 5000 lines.
Saved at /mnt/sda/author/SyzInspector/wd-inspector-1/log/bug83-boot_failure.log.
Attempt 4:
    Time  Bug Name
       2  boot failure
Warning: Syzkaller log file exceeded 5000 lines.
Saved at /mnt/sda/author/SyzInspector/wd-inspector-1/log/bug83-boot_failure.log.
Attempt 5:
    Time  Bug Name
       2  boot failure
Warning: Syzkaller log file exceeded 5000 lines.
Saved at /mnt/sda/author/SyzInspector/wd-inspector-1/log/bug83-boot_failure.log.
Attempt 6: (RETRY)
    Time  Bug Name
       3  WARNING in kvm_wait
       3  boot failure
Warning: Syzkaller log file exceeded 5000 lines.
Saved at /mnt/sda/author/SyzInspector/wd-inspector-1/log/bug83-boot_failure.log.
Attempt 7: (RETRY)
    Time  Bug Name
       2  WARNING in kvm_wait
       2  boot failure
Warning: Syzkaller log file exceeded 5000 lines.
Saved at /mnt/sda/author/SyzInspector/wd-inspector-1/log/bug83-boot_failure.log.
Attempt 8: (RETRY)
    Time  Bug Name
       2  boot failure
Warning: Syzkaller log file exceeded 5000 lines.
Saved at /mnt/sda/author/SyzInspector/wd-inspector-1/log/bug83-boot_failure.log.
Attempt 9: (RETRY)
    Time  Bug Name
       3  WARNING in kvm_wait
       3  boot failure
Warning: Syzkaller log file exceeded 5000 lines.
Saved at /mnt/sda/author/SyzInspector/wd-inspector-1/log/bug83-boot_failure.log.
Attempt 10: (RETRY)
    Time  Bug Name
       3  boot failure
The bug was not found.
Warning: This session is unstable.

2023-04-10 01:07:13
Session:   21
Template:  2021-03-14 - cc1cff8f1e1a585894796d6eae8c51eef98037e6
Syzkaller: 2021-03-14 - cc1cff8f1e1a585894796d6eae8c51eef98037e6
Kernel:    2021-03-14 - 802b31c0dd7f44c9ab44d39c6c4af22d958ad803
Compiler:  gcc-10.2.1-20210110
Warning: Syzkaller log file exceeded 5000 lines.
Saved at /mnt/sda/author/SyzInspector/wd-inspector-1/log/bug83-boot_failure.log.
Attempt 1:
    Time  Bug Name
       2  boot failure
Warning: Syzkaller log file exceeded 5000 lines.
Saved at /mnt/sda/author/SyzInspector/wd-inspector-1/log/bug83-boot_failure.log.
Attempt 2:
    Time  Bug Name
       2  boot failure
Warning: Syzkaller log file exceeded 5000 lines.
Saved at /mnt/sda/author/SyzInspector/wd-inspector-1/log/bug83-boot_failure.log.
Attempt 3:
    Time  Bug Name
       3  WARNING in kvm_wait
       3  WARNING in kvm_wait
       3  WARNING in kvm_wait
       3  boot failure
Warning: Syzkaller log file exceeded 5000 lines.
Saved at /mnt/sda/author/SyzInspector/wd-inspector-1/log/bug83-boot_failure.log.
Attempt 4:
    Time  Bug Name
       2  boot failure
Warning: Syzkaller log file exceeded 5000 lines.
Saved at /mnt/sda/author/SyzInspector/wd-inspector-1/log/bug83-boot_failure.log.
Attempt 5:
    Time  Bug Name
       2  WARNING in kvm_wait
       2  boot failure
Warning: Syzkaller log file exceeded 5000 lines.
Saved at /mnt/sda/author/SyzInspector/wd-inspector-1/log/bug83-boot_failure.log.
Attempt 6: (RETRY)
    Time  Bug Name
       2  boot failure
Warning: Syzkaller log file exceeded 5000 lines.
Saved at /mnt/sda/author/SyzInspector/wd-inspector-1/log/bug83-boot_failure.log.
Attempt 7: (RETRY)
    Time  Bug Name
       2  boot failure
Warning: Syzkaller log file exceeded 5000 lines.
Saved at /mnt/sda/author/SyzInspector/wd-inspector-1/log/bug83-boot_failure.log.
Attempt 8: (RETRY)
    Time  Bug Name
       3  boot failure
Warning: Syzkaller log file exceeded 5000 lines.
Saved at /mnt/sda/author/SyzInspector/wd-inspector-1/log/bug83-boot_failure.log.
Attempt 9: (RETRY)
    Time  Bug Name
       2  boot failure
Warning: Syzkaller log file exceeded 5000 lines.
Saved at /mnt/sda/author/SyzInspector/wd-inspector-1/log/bug83-boot_failure.log.
Attempt 10: (RETRY)
    Time  Bug Name
       2  boot failure
The bug was not found.
Warning: This session is unstable.

2023-04-10 02:07:19
Session:   22
Template:  2021-03-19 - 3d01c4de549b4e4bddba6102715c212bbcff2fbb
Syzkaller: 2021-03-19 - 3d01c4de549b4e4bddba6102715c212bbcff2fbb
Kernel:    2021-03-19 - ecd8ee7f9c1af253738ca4321509ddee727d468d
Compiler:  gcc-10.2.1-20210110
Attempt 1:
    Time  Bug Name
       6  unregister_netdevice: waiting for DEV to become free
      21  unregister_netdevice: waiting for DEV to become free
***   30  general protection fault in smc_pnet_add
The bug was found.

2023-04-10 03:25:06
Session:   23
Template:  2021-03-11 - 429d8a6becba0a60e99331e293e6117597e9e530
Syzkaller: 2021-03-11 - 429d8a6becba0a60e99331e293e6117597e9e530
Kernel:    2021-03-12 - 344178334b0971a1ad5f36b76d7b739400e46ec6
Compiler:  gcc-10.2.1-20210110
Warning: Syzkaller log file exceeded 5000 lines.
Saved at /mnt/sda/author/SyzInspector/wd-inspector-1/log/bug83-boot_failure.log.
Attempt 1:
    Time  Bug Name
       2  boot failure
Warning: Syzkaller log file exceeded 5000 lines.
Saved at /mnt/sda/author/SyzInspector/wd-inspector-1/log/bug83-boot_failure.log.
Attempt 2:
    Time  Bug Name
       3  WARNING in kvm_wait
       3  boot failure
Warning: Syzkaller log file exceeded 5000 lines.
Saved at /mnt/sda/author/SyzInspector/wd-inspector-1/log/bug83-boot_failure.log.
Attempt 3:
    Time  Bug Name
       2  boot failure
Warning: Syzkaller log file exceeded 5000 lines.
Saved at /mnt/sda/author/SyzInspector/wd-inspector-1/log/bug83-boot_failure.log.
Attempt 4:
    Time  Bug Name
       2  boot failure
Warning: Syzkaller log file exceeded 5000 lines.
Saved at /mnt/sda/author/SyzInspector/wd-inspector-1/log/bug83-boot_failure.log.
Attempt 5:
    Time  Bug Name
       2  boot failure
Warning: Syzkaller log file exceeded 5000 lines.
Saved at /mnt/sda/author/SyzInspector/wd-inspector-1/log/bug83-boot_failure.log.
Attempt 6: (RETRY)
    Time  Bug Name
       2  boot failure
Warning: Syzkaller log file exceeded 5000 lines.
Saved at /mnt/sda/author/SyzInspector/wd-inspector-1/log/bug83-boot_failure.log.
Attempt 7: (RETRY)
    Time  Bug Name
       3  boot failure
Warning: Syzkaller log file exceeded 5000 lines.
Saved at /mnt/sda/author/SyzInspector/wd-inspector-1/log/bug83-boot_failure.log.
Attempt 8: (RETRY)
    Time  Bug Name
       2  boot failure
Warning: Syzkaller log file exceeded 5000 lines.
Saved at /mnt/sda/author/SyzInspector/wd-inspector-1/log/bug83-boot_failure.log.
Attempt 9: (RETRY)
    Time  Bug Name
       3  boot failure
Warning: Syzkaller log file exceeded 5000 lines.
Saved at /mnt/sda/author/SyzInspector/wd-inspector-1/log/bug83-boot_failure.log.
Attempt 10: (RETRY)
    Time  Bug Name
       3  WARNING in kvm_wait
       3  boot failure
The bug was not found.
Warning: This session is unstable.

2023-04-10 04:33:40
Session:   24
Template:  2021-03-10 - c2ca1f2a94f7bc6f676d2e6a3313aa0817be2869
Syzkaller: 2021-03-10 - c2ca1f2a94f7bc6f676d2e6a3313aa0817be2869
Kernel:    2021-03-10 - d3110f256d126b44d34c1f662310cd295877c447
Compiler:  gcc-10.2.1-20210110
Warning: Syzkaller log file exceeded 5000 lines.
Saved at /mnt/sda/author/SyzInspector/wd-inspector-1/log/bug83-boot_failure.log.
Attempt 1:
    Time  Bug Name
       2  boot failure
Warning: Syzkaller log file exceeded 5000 lines.
Saved at /mnt/sda/author/SyzInspector/wd-inspector-1/log/bug83-boot_failure.log.
Attempt 2:
    Time  Bug Name
       2  boot failure
Warning: Syzkaller log file exceeded 5000 lines.
Saved at /mnt/sda/author/SyzInspector/wd-inspector-1/log/bug83-boot_failure.log.
Attempt 3:
    Time  Bug Name
       2  WARNING in kvm_wait
       3  WARNING in kvm_wait
       3  WARNING in kvm_wait
       3  boot failure
Warning: Syzkaller log file exceeded 5000 lines.
Saved at /mnt/sda/author/SyzInspector/wd-inspector-1/log/bug83-boot_failure.log.
Attempt 4:
    Time  Bug Name
       2  boot failure
Warning: Syzkaller log file exceeded 5000 lines.
Saved at /mnt/sda/author/SyzInspector/wd-inspector-1/log/bug83-boot_failure.log.
Attempt 5:
    Time  Bug Name
       2  WARNING in kvm_wait
       2  WARNING in kvm_wait
       2  boot failure
Warning: Syzkaller log file exceeded 5000 lines.
Saved at /mnt/sda/author/SyzInspector/wd-inspector-1/log/bug83-boot_failure.log.
Attempt 6: (RETRY)
    Time  Bug Name
       3  boot failure
Warning: Syzkaller log file exceeded 5000 lines.
Saved at /mnt/sda/author/SyzInspector/wd-inspector-1/log/bug83-boot_failure.log.
Attempt 7: (RETRY)
    Time  Bug Name
       2  boot failure
Warning: Syzkaller log file exceeded 5000 lines.
Saved at /mnt/sda/author/SyzInspector/wd-inspector-1/log/bug83-boot_failure.log.
Attempt 8: (RETRY)
    Time  Bug Name
       2  boot failure
Warning: Syzkaller log file exceeded 5000 lines.
Saved at /mnt/sda/author/SyzInspector/wd-inspector-1/log/bug83-boot_failure.log.
Attempt 9: (RETRY)
    Time  Bug Name
       2  boot failure
Warning: Syzkaller log file exceeded 5000 lines.
Saved at /mnt/sda/author/SyzInspector/wd-inspector-1/log/bug83-boot_failure.log.
Attempt 10: (RETRY)
    Time  Bug Name
       3  boot failure
The bug was not found.
Warning: This session is unstable.

2023-04-10 05:39:43
Session:   25
Template:  2021-03-05 - e4b4d570a88c0d2e0420c6e21fc20d90564636b1
Syzkaller: 2021-03-05 - e4b4d570a88c0d2e0420c6e21fc20d90564636b1
Kernel:    2021-03-06 - a38fd8748464831584a19438cbb3082b5a2dab15
Compiler:  gcc-10.2.1-20210110
Warning: Syzkaller log file exceeded 5000 lines.
Saved at /mnt/sda/author/SyzInspector/wd-inspector-1/log/bug83-boot_failure.log.
Attempt 1:
    Time  Bug Name
       3  boot failure
Warning: Syzkaller log file exceeded 5000 lines.
Saved at /mnt/sda/author/SyzInspector/wd-inspector-1/log/bug83-boot_failure.log.
Attempt 2:
    Time  Bug Name
       2  boot failure
Warning: Syzkaller log file exceeded 5000 lines.
Saved at /mnt/sda/author/SyzInspector/wd-inspector-1/log/bug83-boot_failure.log.
Attempt 3:
    Time  Bug Name
       3  WARNING in kvm_wait
       3  boot failure
Warning: Syzkaller log file exceeded 5000 lines.
Saved at /mnt/sda/author/SyzInspector/wd-inspector-1/log/bug83-boot_failure.log.
Attempt 4:
    Time  Bug Name
       2  boot failure
Warning: Syzkaller log file exceeded 5000 lines.
Saved at /mnt/sda/author/SyzInspector/wd-inspector-1/log/bug83-boot_failure.log.
Attempt 5:
    Time  Bug Name
       2  WARNING in kvm_wait
       3  WARNING in kvm_wait
       3  boot failure
Warning: Syzkaller log file exceeded 5000 lines.
Saved at /mnt/sda/author/SyzInspector/wd-inspector-1/log/bug83-boot_failure.log.
Attempt 6: (RETRY)
    Time  Bug Name
       2  boot failure
Warning: Syzkaller log file exceeded 5000 lines.
Saved at /mnt/sda/author/SyzInspector/wd-inspector-1/log/bug83-boot_failure.log.
Attempt 7: (RETRY)
    Time  Bug Name
       2  boot failure
Warning: Syzkaller log file exceeded 5000 lines.
Saved at /mnt/sda/author/SyzInspector/wd-inspector-1/log/bug83-boot_failure.log.
Attempt 8: (RETRY)
    Time  Bug Name
       3  WARNING in kvm_wait
       3  boot failure
Warning: Syzkaller log file exceeded 5000 lines.
Saved at /mnt/sda/author/SyzInspector/wd-inspector-1/log/bug83-boot_failure.log.
Attempt 9: (RETRY)
    Time  Bug Name
       2  WARNING in kvm_wait
       3  boot failure
Warning: Syzkaller log file exceeded 5000 lines.
Saved at /mnt/sda/author/SyzInspector/wd-inspector-1/log/bug83-boot_failure.log.
Attempt 10: (RETRY)
    Time  Bug Name
       2  boot failure
The bug was not found.
Warning: This session is unstable.

2023-04-10 07:09:13
Session:   26
Template:  2021-03-05 - e4b4d570a88c0d2e0420c6e21fc20d90564636b1
Syzkaller: 2021-03-05 - e4b4d570a88c0d2e0420c6e21fc20d90564636b1
Kernel:    2021-03-05 - 6bf331d5ce8332a47534b5092cd06a7a22451beb
Compiler:  gcc-10.2.1-20210110
Warning: Syzkaller log file exceeded 5000 lines.
Saved at /mnt/sda/author/SyzInspector/wd-inspector-1/log/bug83-boot_failure.log.
Attempt 1:
    Time  Bug Name
       2  WARNING in kvm_wait
       2  boot failure
Warning: Syzkaller log file exceeded 5000 lines.
Saved at /mnt/sda/author/SyzInspector/wd-inspector-1/log/bug83-boot_failure.log.
Attempt 2:
    Time  Bug Name
       2  boot failure
Warning: Syzkaller log file exceeded 5000 lines.
Saved at /mnt/sda/author/SyzInspector/wd-inspector-1/log/bug83-boot_failure.log.
Attempt 3:
    Time  Bug Name
       2  WARNING in kvm_wait
       2  boot failure
Warning: Syzkaller log file exceeded 5000 lines.
Saved at /mnt/sda/author/SyzInspector/wd-inspector-1/log/bug83-boot_failure.log.
Attempt 4:
    Time  Bug Name
       2  boot failure
Warning: Syzkaller log file exceeded 5000 lines.
Saved at /mnt/sda/author/SyzInspector/wd-inspector-1/log/bug83-boot_failure.log.
Attempt 5:
    Time  Bug Name
       2  boot failure
Warning: Syzkaller log file exceeded 5000 lines.
Saved at /mnt/sda/author/SyzInspector/wd-inspector-1/log/bug83-boot_failure.log.
Attempt 6: (RETRY)
    Time  Bug Name
       2  boot failure
Warning: Syzkaller log file exceeded 5000 lines.
Saved at /mnt/sda/author/SyzInspector/wd-inspector-1/log/bug83-boot_failure.log.
Attempt 7: (RETRY)
    Time  Bug Name
       2  boot failure
Warning: Syzkaller log file exceeded 5000 lines.
Saved at /mnt/sda/author/SyzInspector/wd-inspector-1/log/bug83-boot_failure.log.
Attempt 8: (RETRY)
    Time  Bug Name
       3  WARNING in kvm_wait
       3  boot failure
Warning: Syzkaller log file exceeded 5000 lines.
Saved at /mnt/sda/author/SyzInspector/wd-inspector-1/log/bug83-boot_failure.log.
Attempt 9: (RETRY)
    Time  Bug Name
       2  boot failure
Warning: Syzkaller log file exceeded 5000 lines.
Saved at /mnt/sda/author/SyzInspector/wd-inspector-1/log/bug83-boot_failure.log.
Attempt 10: (RETRY)
    Time  Bug Name
       3  boot failure
The bug was not found.
Warning: This session is unstable.

2023-04-10 08:16:04
Session:   27
Template:  2021-03-13 - 4a003785c5484e99127a20e069a5edddcb8c24d5
Syzkaller: 2021-03-13 - 4a003785c5484e99127a20e069a5edddcb8c24d5
Kernel:    2021-03-13 - cc14086f22980fd15bec4488ecfbecb4f904cd35
Compiler:  gcc-10.2.1-20210110
Warning: Syzkaller log file exceeded 5000 lines.
Saved at /mnt/sda/author/SyzInspector/wd-inspector-1/log/bug83-boot_failure.log.
Attempt 1:
    Time  Bug Name
       2  boot failure
Warning: Syzkaller log file exceeded 5000 lines.
Saved at /mnt/sda/author/SyzInspector/wd-inspector-1/log/bug83-boot_failure.log.
Attempt 2:
    Time  Bug Name
       3  WARNING in kvm_wait
       3  boot failure
Warning: Syzkaller log file exceeded 5000 lines.
Saved at /mnt/sda/author/SyzInspector/wd-inspector-1/log/bug83-boot_failure.log.
Attempt 3:
    Time  Bug Name
       2  boot failure
Warning: Syzkaller log file exceeded 5000 lines.
Saved at /mnt/sda/author/SyzInspector/wd-inspector-1/log/bug83-boot_failure.log.
Attempt 4:
    Time  Bug Name
       2  WARNING in kvm_wait
       2  boot failure
Warning: Syzkaller log file exceeded 5000 lines.
Saved at /mnt/sda/author/SyzInspector/wd-inspector-1/log/bug83-boot_failure.log.
Attempt 5:
    Time  Bug Name
       2  WARNING in kvm_wait
       3  WARNING in kvm_wait
       3  WARNING in kvm_wait
       3  boot failure
Warning: Syzkaller log file exceeded 5000 lines.
Saved at /mnt/sda/author/SyzInspector/wd-inspector-1/log/bug83-boot_failure.log.
Attempt 6: (RETRY)
    Time  Bug Name
       2  WARNING in kvm_wait
       2  boot failure
Warning: Syzkaller log file exceeded 5000 lines.
Saved at /mnt/sda/author/SyzInspector/wd-inspector-1/log/bug83-boot_failure.log.
Attempt 7: (RETRY)
    Time  Bug Name
       2  boot failure
Warning: Syzkaller log file exceeded 5000 lines.
Saved at /mnt/sda/author/SyzInspector/wd-inspector-1/log/bug83-boot_failure.log.
Attempt 8: (RETRY)
    Time  Bug Name
       2  boot failure
Warning: Syzkaller log file exceeded 5000 lines.
Saved at /mnt/sda/author/SyzInspector/wd-inspector-1/log/bug83-boot_failure.log.
Attempt 9: (RETRY)
    Time  Bug Name
       3  WARNING in kvm_wait
       3  WARNING in kvm_wait
       3  WARNING in kvm_wait
       3  WARNING in kvm_wait
       3  boot failure
Warning: Syzkaller log file exceeded 5000 lines.
Saved at /mnt/sda/author/SyzInspector/wd-inspector-1/log/bug83-boot_failure.log.
Attempt 10: (RETRY)
    Time  Bug Name
       2  WARNING in kvm_wait
       2  boot failure
The bug was not found.
Warning: This session is unstable.

2023-04-10 09:16:29
Session:   28
Template:  2021-03-14 - cc1cff8f1e1a585894796d6eae8c51eef98037e6
Syzkaller: 2021-03-14 - cc1cff8f1e1a585894796d6eae8c51eef98037e6
Kernel:    2021-03-14 - c72cbc936141eac737b24f43e742cefaab35edd6
Compiler:  gcc-10.2.1-20210110
Warning: Syzkaller log file exceeded 5000 lines.
Saved at /mnt/sda/author/SyzInspector/wd-inspector-1/log/bug83-boot_failure.log.
Attempt 1:
    Time  Bug Name
       2  WARNING in kvm_wait
       2  boot failure
Warning: Syzkaller log file exceeded 5000 lines.
Saved at /mnt/sda/author/SyzInspector/wd-inspector-1/log/bug83-boot_failure.log.
Attempt 2:
    Time  Bug Name
       3  boot failure
Warning: Syzkaller log file exceeded 5000 lines.
Saved at /mnt/sda/author/SyzInspector/wd-inspector-1/log/bug83-boot_failure.log.
Attempt 3:
    Time  Bug Name
       2  boot failure
Warning: Syzkaller log file exceeded 5000 lines.
Saved at /mnt/sda/author/SyzInspector/wd-inspector-1/log/bug83-boot_failure.log.
Attempt 4:
    Time  Bug Name
       2  boot failure
Warning: Syzkaller log file exceeded 5000 lines.
Saved at /mnt/sda/author/SyzInspector/wd-inspector-1/log/bug83-boot_failure.log.
Attempt 5:
    Time  Bug Name
       2  boot failure
Warning: Syzkaller log file exceeded 5000 lines.
Saved at /mnt/sda/author/SyzInspector/wd-inspector-1/log/bug83-boot_failure.log.
Attempt 6: (RETRY)
    Time  Bug Name
       3  WARNING in kvm_wait
       3  boot failure
Warning: Syzkaller log file exceeded 5000 lines.
Saved at /mnt/sda/author/SyzInspector/wd-inspector-1/log/bug83-boot_failure.log.
Attempt 7: (RETRY)
    Time  Bug Name
       3  boot failure
Warning: Syzkaller log file exceeded 5000 lines.
Saved at /mnt/sda/author/SyzInspector/wd-inspector-1/log/bug83-boot_failure.log.
Attempt 8: (RETRY)
    Time  Bug Name
       2  boot failure
Warning: Syzkaller log file exceeded 5000 lines.
Saved at /mnt/sda/author/SyzInspector/wd-inspector-1/log/bug83-boot_failure.log.
Attempt 9: (RETRY)
    Time  Bug Name
       2  boot failure
Warning: Syzkaller log file exceeded 5000 lines.
Saved at /mnt/sda/author/SyzInspector/wd-inspector-1/log/bug83-boot_failure.log.
Attempt 10: (RETRY)
    Time  Bug Name
       2  boot failure
The bug was not found.
Warning: This session is unstable.

2023-04-10 10:17:01
Session:   29
Template:  2021-03-18 - 380dcc3e77597144cbaa24d86cc1cc0cc4e90cf1
Syzkaller: 2021-03-18 - 380dcc3e77597144cbaa24d86cc1cc0cc4e90cf1
Kernel:    2021-03-18 - 8ff0f3bf5d6513dfb7462246d9c656da7c02b37e
Compiler:  gcc-10.2.1-20210110
Warning: Syzkaller log file exceeded 5000 lines.
Saved at /mnt/sda/author/SyzInspector/wd-inspector-1/log/bug83-boot_failure.log.
Attempt 1:
    Time  Bug Name
       2  WARNING in kvm_wait
       3  WARNING in kvm_wait
       4  WARNING in kvm_wait
       4  WARNING in kvm_wait
      11  WARNING in kvm_wait
      13  WARNING in kvm_wait
      14  WARNING in kvm_wait
      22  WARNING in kvm_wait
      22  boot failure
Warning: Syzkaller log file exceeded 5000 lines.
Saved at /mnt/sda/author/SyzInspector/wd-inspector-1/log/bug83-boot_failure.log.
Attempt 2:
    Time  Bug Name
       3  WARNING in kvm_wait
       7  WARNING in kvm_wait
      12  boot failure
Warning: Syzkaller log file exceeded 5000 lines.
Saved at /mnt/sda/author/SyzInspector/wd-inspector-1/log/bug83-boot_failure.log.
Attempt 3:
    Time  Bug Name
       3  WARNING in kvm_wait
       3  WARNING in kvm_wait
       4  WARNING in kvm_wait
      10  WARNING in kvm_wait
      12  boot failure
Warning: Syzkaller log file exceeded 5000 lines.
Saved at /mnt/sda/author/SyzInspector/wd-inspector-1/log/bug83-boot_failure.log.
Attempt 4:
    Time  Bug Name
      12  boot failure
Warning: Syzkaller log file exceeded 5000 lines.
Saved at /mnt/sda/author/SyzInspector/wd-inspector-1/log/bug83-boot_failure.log.
Attempt 5:
    Time  Bug Name
       3  WARNING in kvm_wait
       3  WARNING in kvm_wait
       6  WARNING in kvm_wait
       8  WARNING in kvm_wait
       9  WARNING in kvm_wait
      18  boot failure
Warning: Syzkaller log file exceeded 5000 lines.
Saved at /mnt/sda/author/SyzInspector/wd-inspector-1/log/bug83-boot_failure.log.
Attempt 6: (RETRY)
    Time  Bug Name
       4  WARNING in kvm_wait
      21  boot failure
Warning: Syzkaller log file exceeded 5000 lines.
Saved at /mnt/sda/author/SyzInspector/wd-inspector-1/log/bug83-boot_failure.log.
Attempt 7: (RETRY)
    Time  Bug Name
      10  WARNING in kvm_wait
      12  WARNING in kvm_wait
      12  boot failure
Warning: Syzkaller log file exceeded 5000 lines.
Saved at /mnt/sda/author/SyzInspector/wd-inspector-1/log/bug83-boot_failure.log.
Attempt 8: (RETRY)
    Time  Bug Name
       5  WARNING in kvm_wait
       6  WARNING in kvm_wait
      12  boot failure
Warning: Syzkaller log file exceeded 5000 lines.
Saved at /mnt/sda/author/SyzInspector/wd-inspector-1/log/bug83-boot_failure.log.
Attempt 9: (RETRY)
    Time  Bug Name
       4  WARNING in kvm_wait
      12  boot failure
Warning: Syzkaller log file exceeded 5000 lines.
Saved at /mnt/sda/author/SyzInspector/wd-inspector-1/log/bug83-boot_failure.log.
Attempt 10: (RETRY)
    Time  Bug Name
       4  WARNING in kvm_wait
      11  boot failure
The bug was not found.
Warning: This session is unstable.

====================================================================================================================================================
Revealing Factor:   Unstable Commits
Unstable Range:     [2021-03-01, 2021-03-19]
Version:            2021-03-19 - 3149860dc717e8dd339d89d17ebe615cb09e158b
Commit Name:        Merge tag 'gpio-fixes-for-v5.12-rc4' of git://git.kernel.org/pub/scm/linux/kernel/git/brgl/linux

Bug Name:           general protection fault in smc_pnet_add
Bug Link:           https://syzkaller.appspot.com/bug?id=4710b830601445fbfcee1d0bc64531b13b9ca57f
Arch:               amd64
Finding Date:       2022-04-09
Finding Commit:     2022-04-09 - f1b45d8ccb9839b48e5884664470e54520e17f4c
Guilty Merge:       2019-02-21 - 9311defc1991eea31bc38899242603634092cdbd
Guilty Commit:      2019-02-21 - af5f60c7e3d593c2fa31b9a62c16eae75f074de3

Possible Blocking Bugs:
    WARNING in kvm_wait

AUTHOR: These boot failures are incorrect interpretations of the warning in kvm_wait.
Determined to be a blocking bug.
