kernel BUG at drivers/android/binder_alloc.c:LINE!,https://syzkaller.appspot.com/bug?id=69a9ed306f89ea5c4e8031aa533673a168b1d107
Repository: linux
Arch: i386
Finding: 2019-03-27 - 1a9df9e29c2afecf6e3089442d429b377279ca3c
Guilty:  2016-10-30 - cbebd363b2e92841e2e5ffc52c2d618e7b1003f0
No Duplicates
Single Proc Allocation
VMs:8
CPUs:2
Procs:16
Max time:30
Max attempts:3
Testing the finding commit.

2023-06-11 15:24:09
Session:   1
Template:  2019-03-28 - 14c58f8d239741c39ddab01a4f0e95787cf99cc3
Syzkaller: 2019-03-28 - 14c58f8d239741c39ddab01a4f0e95787cf99cc3
Kernel:    2019-03-27 - 1a9df9e29c2afecf6e3089442d429b377279ca3c
Compiler:  gcc-9.0.0-20181231
Attempt 1:
    Time  Bug Name
***    1  kernel BUG at drivers/android/binder_alloc.c:LINE!
Attempt 2:
    Time  Bug Name
***    1  kernel BUG at drivers/android/binder_alloc.c:LINE!
Attempt 3:
    Time  Bug Name
***    1  kernel BUG at drivers/android/binder_alloc.c:LINE!
The bug was found.

New Max Time: 10.
Merge Commit: 2016-11-10 - d401c1d1e824f8238c4da5f432151fad0945aeab.

==== Template Inspection ====
76 template changes in [2017-07-22, 2019-03-28].

2023-06-11 16:17:46
Session:   2
Template:  2018-04-13 - 0a0c5db668972ea332ee720d81f9c67616340845
Syzkaller: 2018-04-13 - 0a0c5db668972ea332ee720d81f9c67616340845
Kernel:    2018-04-13 - 48023102b7078a6674516b1fe0d639669336049d
Compiler:  gcc-8.0.1-20180412
Attempt 1:
    No crashes found.
Attempt 2:
    No crashes found.
Attempt 3:
    No crashes found.
The bug was not found.

2023-06-11 17:01:15
Session:   3
Template:  2018-11-30 - bc6b598a2d3a6dd82a5066d1c9ac742787ac667b
Syzkaller: 2018-11-30 - bc6b598a2d3a6dd82a5066d1c9ac742787ac667b
Kernel:    2018-11-30 - 38c7b224ce22c25fed04007839edf974bd13439d
Compiler:  gcc-8.0.1-20180412
Attempt 1:
    No crashes found.
Attempt 2:
    No crashes found.
Attempt 3:
    No crashes found.
The bug was not found.

2023-06-11 17:44:20
Session:   4
Template:  2018-12-29 - a40793d7a5ec79bb550bc8599221880e6aba071b
Syzkaller: 2018-12-29 - a40793d7a5ec79bb550bc8599221880e6aba071b
Kernel:    2018-12-29 - 195303136f192d37b89e20a8d1d2670d0d825266
Compiler:  gcc-8.0.1-20180412
Attempt 1:
    No crashes found.
Attempt 2:
    No crashes found.
Attempt 3:
    No crashes found.
The bug was not found.

2023-06-11 18:28:53
Session:   5
Template:  2018-12-30 - 2b42fdc898d8300c3f737e1c6e9e29763566e4e7
Syzkaller: 2018-12-30 - 2b42fdc898d8300c3f737e1c6e9e29763566e4e7
Kernel:    2018-12-29 - 195303136f192d37b89e20a8d1d2670d0d825266
Compiler:  gcc-8.0.1-20180412
Attempt 1:
    No crashes found.
Attempt 2:
    No crashes found.
Attempt 3:
    No crashes found.
The bug was not found.

2023-06-11 19:13:41
Session:   6
Template:  2019-01-10 - 0108829095758774257301e06d38003c02aaae7f
Syzkaller: 2019-01-10 - 0108829095758774257301e06d38003c02aaae7f
Kernel:    2019-01-10 - de6629eb262e0dc52a2367db38e3d2780cff5427
Compiler:  gcc-9.0.0-20181231
Attempt 1:
    No crashes found.
Attempt 2:
    No crashes found.
Attempt 3:
    No crashes found.
The bug was not found.

2023-06-11 19:58:25
Session:   7
Template:  2019-01-10 - db9b657915c1b95a5e768b249795b1aca278bb4e
Syzkaller: 2019-01-10 - db9b657915c1b95a5e768b249795b1aca278bb4e
Kernel:    2019-01-10 - de6629eb262e0dc52a2367db38e3d2780cff5427
Compiler:  gcc-9.0.0-20181231
Attempt 1:
    No crashes found.
Attempt 2:
    No crashes found.
Attempt 3:
    No crashes found.
The bug was not found.

==== Kernel Inspection ====
495 Linux commits in [2019-01-10, 2019-03-28].

2023-06-11 20:42:17
Session:   8
Template:  2019-02-25 - 8022bafd2dabfc45e5b1850f3a8cc1950b0e59a6
Syzkaller: 2019-02-25 - 8022bafd2dabfc45e5b1850f3a8cc1950b0e59a6
Kernel:    2019-02-25 - 29b00e609960ae0fcff382f4c7079dd0874a5311
Compiler:  gcc-9.0.0-20181231
Attempt 1:
    No crashes found.
Attempt 2:
    No crashes found.
Attempt 3:
    No crashes found.
The bug was not found.

2023-06-11 21:26:48
Session:   9
Template:  2019-03-08 - 12365b99ce83b8a58433eaedbe412dff563ef8fb
Syzkaller: 2019-03-08 - 12365b99ce83b8a58433eaedbe412dff563ef8fb
Kernel:    2019-03-10 - 92fff53b7191cae566be9ca6752069426c7f8241
Compiler:  gcc-9.0.0-20181231
Attempt 1:
    Time  Bug Name
***    1  kernel BUG at drivers/android/binder_alloc.c:LINE!
The bug was found.

2023-06-11 21:44:30
Session:   10
Template:  2019-03-06 - 18215b8d64c9bf653619b9eb9907445e225adf11
Syzkaller: 2019-03-06 - 18215b8d64c9bf653619b9eb9907445e225adf11
Kernel:    2019-03-06 - 45763bf4bc1ebdf8eb95697607e1fd042a3e1221
Compiler:  gcc-9.0.0-20181231
Attempt 1:
    Time  Bug Name
***    1  kernel BUG at drivers/android/binder_alloc.c:LINE!
The bug was found.

2023-06-11 21:59:53
Session:   11
Template:  2019-03-05 - 16559f86f52b7da53f9156685e32dde788dbe371
Syzkaller: 2019-03-05 - 16559f86f52b7da53f9156685e32dde788dbe371
Kernel:    2019-03-05 - 6456300356433873309a1cae6aa05e77d6b59153
Compiler:  gcc-9.0.0-20181231
Attempt 1:
    No crashes found.
Attempt 2:
    No crashes found.
Attempt 3:
    No crashes found.
The bug was not found.

2023-06-11 22:44:08
Session:   12
Template:  2019-03-06 - 18215b8d64c9bf653619b9eb9907445e225adf11
Syzkaller: 2019-03-06 - 18215b8d64c9bf653619b9eb9907445e225adf11
Kernel:    2019-03-06 - 45802da05e666a81b421422d3e302930c0e24e77
Compiler:  gcc-9.0.0-20181231
Attempt 1:
    No crashes found.
Attempt 2:
    No crashes found.
Attempt 3:
    No crashes found.
The bug was not found.

2023-06-11 23:29:39
Session:   13
Template:  2019-03-06 - 18215b8d64c9bf653619b9eb9907445e225adf11
Syzkaller: 2019-03-06 - 18215b8d64c9bf653619b9eb9907445e225adf11
Kernel:    2019-03-06 - 64b1b217f1a20f15dbedf47e49a25a0b5ee3d53b
Compiler:  gcc-9.0.0-20181231
Attempt 1:
    No crashes found.
Attempt 2:
    No crashes found.
Attempt 3:
    No crashes found.
The bug was not found.

2023-06-12 00:14:56
Session:   14
Template:  2019-03-06 - 18215b8d64c9bf653619b9eb9907445e225adf11
Syzkaller: 2019-03-06 - 18215b8d64c9bf653619b9eb9907445e225adf11
Kernel:    2019-03-06 - d276709ce6c90b9eceecdbd01a0c083ab04d3a52
Compiler:  gcc-9.0.0-20181231
Attempt 1:
    No crashes found.
Attempt 2:
    Time  Bug Name
       9  kernel BUG at mm/internal.h:LINE!
Attempt 3:
    No crashes found.
The bug was not found.

2023-06-12 00:59:36
Session:   15
Template:  2019-03-06 - 18215b8d64c9bf653619b9eb9907445e225adf11
Syzkaller: 2019-03-06 - 18215b8d64c9bf653619b9eb9907445e225adf11
Kernel:    2019-03-06 - da2577fe63f865cd9dc785a42c29c0071f567a35
Compiler:  gcc-9.0.0-20181231
Attempt 1:
    No crashes found.
Attempt 2:
    No crashes found.
Attempt 3:
    No crashes found.
The bug was not found.

== Confirming the bisected commit ==

2023-06-12 01:46:08
Session:   16
Template:  2019-03-06 - 18215b8d64c9bf653619b9eb9907445e225adf11
Syzkaller: 2019-03-06 - 18215b8d64c9bf653619b9eb9907445e225adf11
Kernel:    2019-03-06 - 45763bf4bc1ebdf8eb95697607e1fd042a3e1221
The bug was found in a previous identical fuzzing session.

2023-06-12 01:46:08
Session:   17
Template:  2019-03-06 - 18215b8d64c9bf653619b9eb9907445e225adf11
Syzkaller: 2019-03-06 - 18215b8d64c9bf653619b9eb9907445e225adf11
Kernel:    2019-03-06 - da2577fe63f865cd9dc785a42c29c0071f567a35
The bug was not found in a previous identical fuzzing session.

====================================================================================================================================================
Revealing Factor:   Kernel Commit
Version:            2019-03-06 - 45763bf4bc1ebdf8eb95697607e1fd042a3e1221
Commit Name:        Merge tag 'char-misc-5.1-rc1' of git://git.kernel.org/pub/scm/linux/kernel/git/gregkh/char-misc

Bug Name:           kernel BUG at drivers/android/binder_alloc.c:LINE!
Bug Link:           https://syzkaller.appspot.com/bug?id=69a9ed306f89ea5c4e8031aa533673a168b1d107
Arch:               i386
Finding Date:       2019-03-28
Finding Commit:     2019-03-27 - 1a9df9e29c2afecf6e3089442d429b377279ca3c
Guilty Merge:       2016-11-10 - d401c1d1e824f8238c4da5f432151fad0945aeab
Guilty Commit:      2016-10-30 - cbebd363b2e92841e2e5ffc52c2d618e7b1003f0

Possible Blocking Bugs:
