KASAN: use-after-free Read in slcan_open,https://syzkaller.appspot.com/bug?id=e117f229b9653f2247f1eb9eb034051b08a21c1d
Repository: linux
Arch: amd64
Finding: 2019-11-30 - 32ef9553635ab1236c33951a8bd9b5af1c3b1646
Guilty:  2019-11-14 - ed50e1600b4483c049ce76e6bd3b665a6a9300ed
No Duplicates
Single Proc Allocation
VMs:8
CPUs:2
Procs:16
Max time:30
Max attempts:3
Testing the finding commit.

2023-03-14 00:29:43
Session:   1
Template:  2019-12-01 - f879db37f90dcefb681897d2e486c11d8298cb72
Syzkaller: 2019-12-01 - f879db37f90dcefb681897d2e486c11d8298cb72
Kernel:    2019-11-30 - 32ef9553635ab1236c33951a8bd9b5af1c3b1646
Compiler:  gcc-9.0.0-20181231
Attempt 1:
    No crashes found.
Attempt 2:
    No crashes found.
Attempt 3:
    Time  Bug Name
***   21  KASAN: use-after-free Read in slcan_open
The bug was found.

New Max Time: 31.
Merge Commit: 2019-11-14 - d15a5020cf18d13f6116c8dfcfbf242f6559a369.
No template updates to inspect.

==== Kernel Retrospection ====
135 Linux commits in [2019-11-14, 2019-12-01].

2023-03-14 02:18:30
Session:   2
Template:  2019-11-26 - 1048481f27fb0ab9d1af5000f7c81e392cdee0f3
Syzkaller: 2019-11-26 - 1048481f27fb0ab9d1af5000f7c81e392cdee0f3
Kernel:    2019-11-26 - 9c91e6a5befb89d1494dd156dd4563f9e948a74f
Compiler:  gcc-9.0.0-20181231
Attempt 1:
    No crashes found.
Attempt 2:
    No crashes found.
Attempt 3:
    No crashes found.
The bug was not found.

2023-03-14 04:25:03
Session:   3
Template:  2019-11-27 - 0d63f89cabcbc3e57201973370a309b646cc43c9
Syzkaller: 2019-11-27 - 0d63f89cabcbc3e57201973370a309b646cc43c9
Kernel:    2019-11-27 - 9e7a03233e02afd3ee061e373355f34d7254f1e6
Compiler:  gcc-9.0.0-20181231
Attempt 1:
    No crashes found.
Attempt 2:
    No crashes found.
Attempt 3:
    No crashes found.
The bug was not found.

2023-03-14 06:38:00
Session:   4
Template:  2019-11-27 - 0d63f89cabcbc3e57201973370a309b646cc43c9
Syzkaller: 2019-11-27 - 0d63f89cabcbc3e57201973370a309b646cc43c9
Kernel:    2019-11-27 - 95f1fa9e3418d50ce099e67280b5497b9c93843b
Compiler:  gcc-9.0.0-20181231
Attempt 1:
    No crashes found.
Attempt 2:
    No crashes found.
Attempt 3:
    No crashes found.
The bug was not found.

2023-03-14 08:57:40
Session:   5
Template:  2019-11-30 - a76bf83ffac5c0bed0a686f8ebc98c74bfb34a0c
Syzkaller: 2019-11-30 - a76bf83ffac5c0bed0a686f8ebc98c74bfb34a0c
Kernel:    2019-11-30 - f112a2fd1f5999c6029551f901952392d900cf99
Compiler:  gcc-9.0.0-20181231
Attempt 1:
    Time  Bug Name
***   26  KASAN: use-after-free Read in slcan_open
The bug was found.
Switching to Safe Mode: Fuzzing 5 times at 31 minutes

2023-03-14 10:12:12
Session:   6
Template:  2019-11-28 - 76357d6f894431c00cc09cfc9e7474701a4b822a
Syzkaller: 2019-11-28 - 76357d6f894431c00cc09cfc9e7474701a4b822a
Kernel:    2019-11-28 - 81b6b96475ac7a4ebfceae9f16fb3758327adbfe
Compiler:  gcc-9.0.0-20181231
Attempt 1:
    No crashes found.
Attempt 2:
    Time  Bug Name
***    7  KASAN: use-after-free Read in slcan_open
The bug was found.

2023-03-14 11:26:34
Session:   7
Template:  2019-11-28 - 76357d6f894431c00cc09cfc9e7474701a4b822a
Syzkaller: 2019-11-28 - 76357d6f894431c00cc09cfc9e7474701a4b822a
Kernel:    2019-11-28 - 05bd375b6bdede3748023e130990c9b6214fd46a
Compiler:  gcc-9.0.0-20181231
Attempt 1:
    No crashes found.
Attempt 2:
    No crashes found.
Attempt 3:
    No crashes found.
Attempt 4:
    No crashes found.
Attempt 5:
    No crashes found.
The bug was not found.

2023-03-14 14:27:29
Session:   8
Template:  2019-11-28 - 76357d6f894431c00cc09cfc9e7474701a4b822a
Syzkaller: 2019-11-28 - 76357d6f894431c00cc09cfc9e7474701a4b822a
Kernel:    2019-11-28 - a308a7102215a582fc474375648965bc5692894b
Compiler:  gcc-9.0.0-20181231
Attempt 1:
    No crashes found.
Attempt 2:
    Time  Bug Name
      10  INFO: task hung in synchronize_rcu
Attempt 3:
    No crashes found.
Attempt 4:
    Time  Bug Name
      16  WARNING in print_bfs_bug
Attempt 5:
    No crashes found.
The bug was not found.

== Confirming the bisected commit ==

2023-03-14 17:39:57
Session:   9
Template:  2019-11-28 - 76357d6f894431c00cc09cfc9e7474701a4b822a
Syzkaller: 2019-11-28 - 76357d6f894431c00cc09cfc9e7474701a4b822a
Kernel:    2019-11-28 - 81b6b96475ac7a4ebfceae9f16fb3758327adbfe
The bug was found in a previous identical fuzzing session.

2023-03-14 17:39:57
Session:   10
Template:  2019-11-28 - 76357d6f894431c00cc09cfc9e7474701a4b822a
Syzkaller: 2019-11-28 - 76357d6f894431c00cc09cfc9e7474701a4b822a
Kernel:    2019-11-28 - a308a7102215a582fc474375648965bc5692894b
The bug was not found in a previous identical fuzzing session.

====================================================================================================================================================
Revealing Factor:   Kernel Commit
Version:            2019-11-28 - 81b6b96475ac7a4ebfceae9f16fb3758327adbfe
Commit Name:        Merge branch 'master' of git://git.kernel.org/pub/scm/linux/kernel/git/torvalds/linux; tag 'dma-mapping-5.5' of git://git.infradead.org/users/hch/dma-mapping

Bug Name:           KASAN: use-after-free Read in slcan_open
Bug Link:           https://syzkaller.appspot.com/bug?id=e117f229b9653f2247f1eb9eb034051b08a21c1d
Arch:               amd64
Finding Date:       2019-12-01
Finding Commit:     2019-11-30 - 32ef9553635ab1236c33951a8bd9b5af1c3b1646
Guilty Merge:       2019-11-14 - d15a5020cf18d13f6116c8dfcfbf242f6559a369
Guilty Commit:      2019-11-14 - ed50e1600b4483c049ce76e6bd3b665a6a9300ed

Possible Blocking Bugs:
