WARNING: suspicious RCU usage in bpf_get_current_cgroup_id,https://syzkaller.appspot.com/bug?id=5850dd2d16df7fb162696b1b7e6299a037e7081c
Repository: linux
Arch: amd64
Finding: 2021-08-01 - c500bee1c5b2f1d59b1081ac879d73268ab0ff17
Guilty:  2021-06-28 - 95b861a7935bf75f647959073093ab8058b88c26
No Duplicates
Single Proc Allocation
VMs:8
CPUs:2
Procs:16
Max time:30
Max attempts:3
Testing the finding commit.

2023-03-27 18:31:05
Session:   1
Template:  2021-07-30 - 6c236867ce33c0c16b102e02a08226d7eb9b2046
Syzkaller: 2021-07-30 - 6c236867ce33c0c16b102e02a08226d7eb9b2046
Kernel:    2021-08-02 - c500bee1c5b2f1d59b1081ac879d73268ab0ff17
Compiler:  gcc-10.2.1-20210110
Attempt 1:
    Time  Bug Name
***    3  WARNING: suspicious RCU usage in bpf_get_current_cgroup_id
Attempt 2:
    Time  Bug Name
***    3  WARNING: suspicious RCU usage in bpf_get_current_cgroup_id
Attempt 3:
    Time  Bug Name
***    3  WARNING: suspicious RCU usage in bpf_get_current_cgroup_id
The bug was found.

New Max Time: 10.
Merge Commit: 2021-06-28 - e1289cfb634c19b5755452ba03c82aa76c0cfd7c.
No template updates to inspect.

==== Kernel Retrospection ====
233 Linux commits in [2021-06-28, 2021-08-02].

2023-03-27 19:24:41
Session:   2
Template:  2021-07-09 - 8f5a7b8cde529e0a19a53f79bdf9c6cad306827b
Syzkaller: 2021-07-09 - 8f5a7b8cde529e0a19a53f79bdf9c6cad306827b
Kernel:    2021-07-10 - 81361b837a3450f0a44255fddfd7a4c72502b667
Compiler:  gcc-10.2.1-20210110
Attempt 1:
    Time  Bug Name
       4  BUG: sleeping function called from invalid context in stack_depot_save
       4  BUG: sleeping function called from invalid context in lock_sock_nested
***    6  WARNING: suspicious RCU usage in bpf_get_current_cgroup_id
The bug was found.

2023-03-27 20:17:29
Session:   3
Template:  2021-07-02 - 55aa55c24fe77aae07d530662f91b4d50c4990f0
Syzkaller: 2021-07-02 - 55aa55c24fe77aae07d530662f91b4d50c4990f0
Kernel:    2021-07-05 - 8fc4fb1728855a22f9149079ba51877f5ee61fc9
Compiler:  gcc-10.2.1-20210110
Attempt 1:
    Time  Bug Name
***    5  WARNING: suspicious RCU usage in bpf_get_current_cgroup_id
The bug was found.

2023-03-27 21:07:05
Session:   4
Template:  2021-07-02 - 55aa55c24fe77aae07d530662f91b4d50c4990f0
Syzkaller: 2021-07-02 - 55aa55c24fe77aae07d530662f91b4d50c4990f0
Kernel:    2021-07-02 - 4cad67197989c81417810b89f09a3549b75a2441
Compiler:  gcc-10.2.1-20210110
Attempt 1:
    Time  Bug Name
       3  BUG: sleeping function called from invalid context in lock_sock_nested
       5  BUG: sleeping function called from invalid context in stack_depot_save
       5  BUG: sleeping function called from invalid context in lock_sock_nested
       6  BUG: sleeping function called from invalid context in lock_sock_nested
      10  suppressed report
Attempt 2:
    Time  Bug Name
       4  BUG: sleeping function called from invalid context in stack_depot_save
       9  suppressed report
***    9  WARNING: suspicious RCU usage in bpf_get_current_cgroup_id
***    9  WARNING: suspicious RCU usage in bpf_get_current_cgroup_id
***    9  WARNING: suspicious RCU usage in bpf_get_current_cgroup_id
The bug was found.
Switching to Safe Mode: Fuzzing 5 times at 30 minutes

2023-03-27 22:06:26
Session:   5
Template:  2021-06-29 - a4fccb01b582ae08ca1ff64c8e5730c138f5e8ed
Syzkaller: 2021-06-29 - a4fccb01b582ae08ca1ff64c8e5730c138f5e8ed
Kernel:    2021-06-29 - b6df00789e2831fff7a2c65aa7164b2a4dcbe599
Compiler:  gcc-10.2.1-20210110
Attempt 1:
    Time  Bug Name
***    2  WARNING: suspicious RCU usage in bpf_get_current_cgroup_id
The bug was found.

2023-03-27 22:54:34
Session:   6
Template:  2021-06-29 - a4fccb01b582ae08ca1ff64c8e5730c138f5e8ed
Syzkaller: 2021-06-29 - a4fccb01b582ae08ca1ff64c8e5730c138f5e8ed
Kernel:    2021-06-29 - c79fa61c94f7a7aa7a185509fca1e1ae5c44ab23
Compiler:  gcc-10.2.1-20210110
Attempt 1:
    Time  Bug Name
***    3  WARNING: suspicious RCU usage in bpf_get_current_cgroup_id
The bug was found.

2023-03-27 23:37:29
Session:   7
Template:  2021-06-26 - 9d2ab5dfe7727dfea4b9b279f4edf731acb386ef
Syzkaller: 2021-06-26 - 9d2ab5dfe7727dfea4b9b279f4edf731acb386ef
Kernel:    2021-06-28 - 74e7feff0e22f054839c18b29658d33e7b2d8512
Compiler:  gcc-10.2.1-20210110
Attempt 1:
    Time  Bug Name
***    2  WARNING: suspicious RCU usage in bpf_get_current_cgroup_id
The bug was found.

2023-03-28 00:18:30
Session:   8
Template:  2021-06-26 - 9d2ab5dfe7727dfea4b9b279f4edf731acb386ef
Syzkaller: 2021-06-26 - 9d2ab5dfe7727dfea4b9b279f4edf731acb386ef
Kernel:    2021-06-28 - f0305e732a1a144dcdb1536b828ee4a5cc1d212f
Compiler:  gcc-10.2.1-20210110
Attempt 1:
    Time  Bug Name
       3  BUG: sleeping function called from invalid context in lock_sock_nested
***    3  WARNING: suspicious RCU usage in bpf_get_current_cgroup_id
The bug was found.

2023-03-28 00:56:33
Session:   9
Template:  2021-06-26 - 9d2ab5dfe7727dfea4b9b279f4edf731acb386ef
Syzkaller: 2021-06-26 - 9d2ab5dfe7727dfea4b9b279f4edf731acb386ef
Kernel:    2021-06-28 - e1289cfb634c19b5755452ba03c82aa76c0cfd7c
Compiler:  gcc-10.2.1-20210110
Attempt 1:
    Time  Bug Name
***    3  WARNING: suspicious RCU usage in bpf_get_current_cgroup_id
The bug was found.

== Confirming the bisected commit ==

2023-03-28 01:39:15
Session:   10
Template:  2021-06-26 - 9d2ab5dfe7727dfea4b9b279f4edf731acb386ef
Syzkaller: 2021-06-26 - 9d2ab5dfe7727dfea4b9b279f4edf731acb386ef
Kernel:    2021-06-28 - e1289cfb634c19b5755452ba03c82aa76c0cfd7c
The bug was found in a previous identical fuzzing session.

====================================================================================================================================================
Revealing Factor:   Guilty Merge
Version:            2021-06-28 - e1289cfb634c19b5755452ba03c82aa76c0cfd7c
Commit Name:        Merge git://git.kernel.org/pub/scm/linux/kernel/git/bpf/bpf-next

Bug Name:           WARNING: suspicious RCU usage in bpf_get_current_cgroup_id
Bug Link:           https://syzkaller.appspot.com/bug?id=5850dd2d16df7fb162696b1b7e6299a037e7081c
Arch:               amd64
Finding Date:       2021-08-02
Finding Commit:     2021-08-02 - c500bee1c5b2f1d59b1081ac879d73268ab0ff17
Guilty Merge:       2021-06-28 - e1289cfb634c19b5755452ba03c82aa76c0cfd7c
Guilty Commit:      2021-06-28 - 95b861a7935bf75f647959073093ab8058b88c26

Possible Blocking Bugs:
    BUG: sleeping function called from invalid context in lock_sock_nested
    BUG: sleeping function called from invalid context in stack_depot_save
