KASAN: use-after-free Write in release_tty,https://syzkaller.appspot.com/bug?id=145268af120fb9a2c71b4badf891254bd18e9e71
Repository: linux
Arch: amd64
Finding: 2019-12-01 - 596cf45cbf6e4fa7bcb0df33e373a7d062b644b5
Guilty:  2012-03-08 - 4001d7b7fc271052ebff43f327c26dc64806bbdf
Duplicate Names:
    KASAN: use-after-free Read in tty_open
    KASAN: use-after-free Write in release_tty
Default Allocation.
VMs:4
CPUs:4
Procs:24
Max time:30
Max attempts:3
Testing the finding commit.

2023-03-09 08:07:07
Session:   1
Template:  2019-12-03 - 0ecb9746a701be4544b845514a31a21cce92cc79
Syzkaller: 2019-12-03 - 0ecb9746a701be4544b845514a31a21cce92cc79
Kernel:    2019-12-02 - 596cf45cbf6e4fa7bcb0df33e373a7d062b644b5
Compiler:  gcc-9.0.0-20181231
Attempt 1:
    Time  Bug Name
***    4  KASAN: use-after-free Write in release_tty
***    4  KASAN: use-after-free Write in release_tty
Attempt 2:
    Time  Bug Name
***    3  KASAN: use-after-free Write in release_tty
***    3  KASAN: use-after-free Write in release_tty
Attempt 3:
    Time  Bug Name
***    3  KASAN: use-after-free Write in release_tty
***    3  KASAN: use-after-free Write in release_tty
***    3  KASAN: use-after-free Write in release_tty
***    3  KASAN: use-after-free Write in release_tty
The bug was found.

New Max Time: 10.
Merge Commit: 2012-03-20 - 843ec558f91b8e8fdb6efc908f2c0506407cc750.

==== Template Retrospection ====
19 template changes in [2017-07-22, 2019-12-03].

2023-03-09 09:20:01
Session:   2
Template:  2018-04-27 - 190d92e056bae96ec13f320400f80e94dc8e9ea0
Syzkaller: 2018-04-27 - 190d92e056bae96ec13f320400f80e94dc8e9ea0
Kernel:    2018-04-27 - 46dc111dfe47bf47f23884cade3c8a355be87c8c
Compiler:  gcc-8.0.1-20180412
Attempt 1:
    No crashes found.
Attempt 2:
    No crashes found.
Attempt 3:
    No crashes found.
The bug was not found.

2023-03-09 11:07:26
Session:   3
Template:  2019-05-10 - cfeec859376ebc8256540f14226b0620bf842fc1
Syzkaller: 2019-05-10 - cfeec859376ebc8256540f14226b0620bf842fc1
Kernel:    2019-05-10 - 1fb3b526df3bd7647e7854915ae6b22299408baf
Compiler:  gcc-9.0.0-20181231
Warning: Syzkaller log file exceeded 5000 lines.
Saved at /mnt/sda/author/SyzInspector/wd-inspector-3/log/bug607-boot_failure.log.
Attempt 1:
    Time  Bug Name
       1  boot failure
Warning: Syzkaller log file exceeded 5000 lines.
Saved at /mnt/sda/author/SyzInspector/wd-inspector-3/log/bug607-boot_failure.log.
Attempt 2:
    Time  Bug Name
       1  boot failure
Warning: Syzkaller log file exceeded 5000 lines.
Saved at /mnt/sda/author/SyzInspector/wd-inspector-3/log/bug607-boot_failure.log.
Attempt 3:
    Time  Bug Name
       1  boot failure
Warning: Syzkaller log file exceeded 5000 lines.
Saved at /mnt/sda/author/SyzInspector/wd-inspector-3/log/bug607-boot_failure.log.
Attempt 4: (RETRY)
    Time  Bug Name
       2  boot failure
Warning: Syzkaller log file exceeded 5000 lines.
Saved at /mnt/sda/author/SyzInspector/wd-inspector-3/log/bug607-boot_failure.log.
Attempt 5: (RETRY)
    Time  Bug Name
       2  boot failure
Warning: Syzkaller log file exceeded 5000 lines.
Saved at /mnt/sda/author/SyzInspector/wd-inspector-3/log/bug607-boot_failure.log.
Attempt 6: (RETRY)
    Time  Bug Name
       2  boot failure
The bug was not found.
Warning: This session is unstable.

2023-03-09 12:00:27
Session:   4
Template:  2019-12-02 - dc01aea0031d3e38fdd4124b28197c7597ab39c3
Syzkaller: 2019-12-02 - dc01aea0031d3e38fdd4124b28197c7597ab39c3
Kernel:    2019-12-02 - 596cf45cbf6e4fa7bcb0df33e373a7d062b644b5
Compiler:  gcc-9.0.0-20181231
Attempt 1:
    Time  Bug Name
       2  KASAN: use-after-free Read in get_work_pool_id
***    2  KASAN: use-after-free Write in release_tty
***    2  KASAN: use-after-free Write in release_tty
***    2  KASAN: use-after-free Write in release_tty
The bug was found.

2023-03-09 12:43:33
Session:   5
Template:  2019-10-25 - f2635abc2ab7c5581a369c7907278190e72520cc
Syzkaller: 2019-10-25 - f2635abc2ab7c5581a369c7907278190e72520cc
Kernel:    2019-10-25 - b4b61b224d12ef12ff21cc598acce0ee818903ab
Compiler:  gcc-9.0.0-20181231
Attempt 1:
    No crashes found.
Attempt 2:
    No crashes found.
Attempt 3:
    No crashes found.
The bug was not found.

2023-03-09 13:43:49
Session:   6
Template:  2019-10-25 - f2635abc2ab7c5581a369c7907278190e72520cc
Syzkaller: 2019-12-02 - dc01aea0031d3e38fdd4124b28197c7597ab39c3
Kernel:    2019-12-02 - 596cf45cbf6e4fa7bcb0df33e373a7d062b644b5
Compiler:  gcc-9.0.0-20181231
Attempt 1:
    Time  Bug Name
       2  general protection fault in corrupted
      10  general protection fault in corrupted
Attempt 2:
    Time  Bug Name
       7  general protection fault in corrupted
       7  general protection fault in corrupted
       9  general protection fault in corrupted
       9  general protection fault in corrupted
Attempt 3:
    Time  Bug Name
       5  general protection fault in corrupted
       6  general protection fault in corrupted
The bug was not found.

====================================================================================================================================================
Revealing Factor:   Template Update
Version:            2019-12-02 - dc01aea0031d3e38fdd4124b28197c7597ab39c3
Commit Name:        sys/linux: add /dev/fb descriptions

Bug Name:           KASAN: use-after-free Write in release_tty
Bug Link:           https://syzkaller.appspot.com/bug?id=145268af120fb9a2c71b4badf891254bd18e9e71
Arch:               amd64
Finding Date:       2019-12-03
Finding Commit:     2019-12-02 - 596cf45cbf6e4fa7bcb0df33e373a7d062b644b5
Guilty Merge:       2012-03-20 - 843ec558f91b8e8fdb6efc908f2c0506407cc750
Guilty Commit:      2012-03-08 - 4001d7b7fc271052ebff43f327c26dc64806bbdf

Possible Blocking Bugs:
    general protection fault in corrupted
