KASAN: use-after-free Read in mas_next_entry,https://syzkaller.appspot.com/bug?id=1a351beaed9d438481f1fc96aa336a25f71a2ae1
Repository: linux
Arch: amd64
Finding: 2022-10-21 - 4da34b7d175dc99b8befebd69e96546c960d526c
Guilty:  2022-09-26 - 69dbe6daf1041e32e003f966d71f70f20c63af53
Duplicate Names:
    KASAN: use-after-free Read in mas_next_nentry
    KASAN: use-after-free Read in mas_next_entry
Single Proc Allocation
VMs:8
CPUs:2
Procs:16
Max time:30
Max attempts:3
Testing the finding commit.

2023-04-27 13:02:52
Session:   1
Template:  2022-06-17 - 8f633d840e3eb6454f036e9da3285bcf27345616
Syzkaller: 2022-06-17 - 8f633d840e3eb6454f036e9da3285bcf27345616
Kernel:    2022-10-22 - 4da34b7d175dc99b8befebd69e96546c960d526c
Compiler:  gcc-10.2.1-20210110
Attempt 1:
    Time  Bug Name
***    2  KASAN: use-after-free Read in mas_next_nentry
Attempt 2:
    Time  Bug Name
***    2  KASAN: use-after-free Read in mas_next_nentry
Attempt 3:
    Time  Bug Name
***    2  KASAN: use-after-free Read in mas_next_nentry
The bug was found.

New Max Time: 10.
No Merge Commit.
No template updates to inspect.

==== Kernel Retrospection ====
415 Linux commits in [2022-09-26, 2022-10-23].

2023-04-27 14:30:58
Session:   2
Template:  2022-06-17 - 8f633d840e3eb6454f036e9da3285bcf27345616
Syzkaller: 2022-06-17 - 8f633d840e3eb6454f036e9da3285bcf27345616
Kernel:    2022-10-03 - aaa31e058dd82453c89302c9331945894ff555a6
Compiler:  gcc-10.2.1-20210110
Attempt 1:
    Time  Bug Name
***    2  KASAN: use-after-free Read in mas_next_nentry
The bug was found.

2023-04-27 16:04:51
Session:   3
Template:  2022-06-17 - 8f633d840e3eb6454f036e9da3285bcf27345616
Syzkaller: 2022-06-17 - 8f633d840e3eb6454f036e9da3285bcf27345616
Kernel:    2022-10-03 - 8eeda55fe08944421cf57f6185fe37b069829e7b
Compiler:  gcc-10.2.1-20210110
Attempt 1:
    Time  Bug Name
***    2  KASAN: use-after-free Read in mas_next_nentry
The bug was found.

2023-04-27 17:37:20
Session:   4
Template:  2022-06-17 - 8f633d840e3eb6454f036e9da3285bcf27345616
Syzkaller: 2022-06-17 - 8f633d840e3eb6454f036e9da3285bcf27345616
Kernel:    2022-10-03 - f530ed0e2d01aafc4d0e3cf8ab6b64bbdb7696a7
Compiler:  gcc-10.2.1-20210110
Attempt 1:
    Time  Bug Name
***    2  KASAN: use-after-free Read in mas_next_nentry
The bug was found.

2023-04-27 19:02:38
Session:   5
Template:  2022-06-17 - 8f633d840e3eb6454f036e9da3285bcf27345616
Syzkaller: 2022-06-17 - 8f633d840e3eb6454f036e9da3285bcf27345616
Kernel:    2022-09-27 - c154124fe925a451e471233aa7d1ab9a91f0a5ad
Compiler:  gcc-10.2.1-20210110
Attempt 1:
    Time  Bug Name
***    3  KASAN: use-after-free Read in mas_next_nentry
The bug was found.

2023-04-27 20:22:35
Session:   6
Template:  2022-06-17 - 8f633d840e3eb6454f036e9da3285bcf27345616
Syzkaller: 2022-06-17 - 8f633d840e3eb6454f036e9da3285bcf27345616
Kernel:    2022-09-27 - 33108b05f39b78137c38c677b7a2d0fb7defed14
Compiler:  gcc-10.2.1-20210110
Attempt 1:
    Time  Bug Name
***    2  KASAN: use-after-free Read in mas_next_nentry
The bug was found.

2023-04-27 22:06:56
Session:   7
Template:  2022-06-17 - 8f633d840e3eb6454f036e9da3285bcf27345616
Syzkaller: 2022-06-17 - 8f633d840e3eb6454f036e9da3285bcf27345616
Kernel:    2022-09-27 - becc8cdb6cb28d9fd3ecf890d1d6e59118a6a53d
Compiler:  gcc-10.2.1-20210110
Attempt 1:
    Time  Bug Name
***    2  KASAN: use-after-free Read in mas_next_nentry
The bug was found.

2023-04-27 23:24:25
Session:   8
Template:  2022-06-17 - 8f633d840e3eb6454f036e9da3285bcf27345616
Syzkaller: 2022-06-17 - 8f633d840e3eb6454f036e9da3285bcf27345616
Kernel:    2022-09-27 - fcb72a585aaa4caced555e98f8444e6162912cb7
Compiler:  gcc-10.2.1-20210110
Attempt 1:
    Time  Bug Name
***    2  KASAN: use-after-free Read in mas_next_nentry
The bug was found.

2023-04-28 00:59:52
Session:   9
Template:  2022-06-17 - 8f633d840e3eb6454f036e9da3285bcf27345616
Syzkaller: 2022-06-17 - 8f633d840e3eb6454f036e9da3285bcf27345616
Kernel:    2022-09-27 - 01293a62bae2fa55c09cebf5a771eab7219171c3
Compiler:  gcc-10.2.1-20210110
Attempt 1:
    Time  Bug Name
***    3  KASAN: use-after-free Read in mas_next_nentry
The bug was found.

2023-04-28 02:32:02
Session:   10
Template:  2022-06-17 - 8f633d840e3eb6454f036e9da3285bcf27345616
Syzkaller: 2022-06-17 - 8f633d840e3eb6454f036e9da3285bcf27345616
Kernel:    2022-09-26 - 69dbe6daf1041e32e003f966d71f70f20c63af53
Compiler:  gcc-10.2.1-20210110
Attempt 1:
    Time  Bug Name
***    3  KASAN: use-after-free Read in mas_next_nentry
The bug was found.

== Confirming the bisected commit ==

2023-04-28 04:09:58
Session:   11
Template:  2022-06-17 - 8f633d840e3eb6454f036e9da3285bcf27345616
Syzkaller: 2022-06-17 - 8f633d840e3eb6454f036e9da3285bcf27345616
Kernel:    2022-09-26 - 69dbe6daf1041e32e003f966d71f70f20c63af53
The bug was found in a previous identical fuzzing session.

====================================================================================================================================================
Revealing Factor:   Guilty Commit
Version:            2022-09-26 - 69dbe6daf1041e32e003f966d71f70f20c63af53
Commit Name:        userfaultfd: use maple tree iterator to iterate VMAs

Bug Name:           KASAN: use-after-free Read in mas_next_entry
Bug Link:           https://syzkaller.appspot.com/bug?id=1a351beaed9d438481f1fc96aa336a25f71a2ae1
Arch:               amd64
Finding Date:       2022-10-23
Finding Commit:     2022-10-22 - 4da34b7d175dc99b8befebd69e96546c960d526c
Guilty Merge:       None
Guilty Commit:      2022-09-26 - 69dbe6daf1041e32e003f966d71f70f20c63af53

Possible Blocking Bugs:
