general protection fault in reweight_entity,https://syzkaller.appspot.com/bug?id=607424ec9435a9eae182d4774fef53771620d2ff
Repository: linux
Arch: amd64
Finding: 2021-12-16 - 6441998e2e37131b0a4c310af9156d79d3351c16
Guilty:  2021-10-14 - 4ef0c5c6b5ba1f38f0ea1cedad0cad722f00c14a
No Duplicates
Single Proc Allocation
VMs:8
CPUs:2
Procs:16
Max time:30
Max attempts:3
Testing the finding commit.

2023-03-17 09:18:39
Session:   1
Template:  2021-12-16 - 44068e196185e2f5a7c94629b6245cdde008b140
Syzkaller: 2021-12-16 - 44068e196185e2f5a7c94629b6245cdde008b140
Kernel:    2021-12-16 - 6441998e2e37131b0a4c310af9156d79d3351c16
Compiler:  gcc-10.2.1-20210110
Attempt 1:
    Time  Bug Name
***    4  general protection fault in reweight_entity
Attempt 2:
    Time  Bug Name
       5  lost connection to test machine
       5  lost connection to test machine
       6  lost connection to test machine
       7  suppressed report
       8  suppressed report
       9  no output from test machine
       9  lost connection to test machine
      11  suppressed report
      12  lost connection to test machine
      14  lost connection to test machine
      14  lost connection to test machine
      16  WARNING: ODEBUG bug in netdev_run_todo
      16  lost connection to test machine
      18  no output from test machine
      21  suppressed report
      21  lost connection to test machine
      22  lost connection to test machine
***   22  general protection fault in reweight_entity
Attempt 3:
    Time  Bug Name
       6  INFO: task hung in jbd2_journal_commit_transaction
       6  INFO: task hung in jbd2_journal_commit_transaction
       6  INFO: task hung in jbd2_journal_commit_transaction
***    6  general protection fault in reweight_entity
Attempt 4: (RETRY)
    Time  Bug Name
***    4  general protection fault in reweight_entity
The bug was found.

New Max Time: 16.
Merge Commit: 2021-11-01 - 9a7e0a90a454a7826ecbca055a6ec9271b70c686.

==== Template Retrospection ====
1 template change in [2021-11-01, 2021-12-17].

2023-03-17 10:31:04
Session:   2
Template:  2021-11-18 - 985076f2cce88f048e83459b99954a86a3f50cf5
Syzkaller: 2021-11-18 - 985076f2cce88f048e83459b99954a86a3f50cf5
Kernel:    2021-11-18 - e26dd976580a6a427c69e6116508dd3d412742e5
Compiler:  gcc-10.2.1-20210110
Attempt 1:
    Time  Bug Name
       7  suppressed report
       9  suppressed report
       9  suppressed report
***    9  general protection fault in reweight_entity
The bug was found.

2023-03-17 11:12:25
Session:   3
Template:  2021-10-29 - 098b5d530648147c744a7c2eb8b78c1307f9d3ce
Syzkaller: 2021-11-18 - 985076f2cce88f048e83459b99954a86a3f50cf5
Kernel:    2021-11-18 - e26dd976580a6a427c69e6116508dd3d412742e5
Attempt 1:
    Time  Bug Name
       8  suppressed report
       9  suppressed report
      12  suppressed report
      12  lost connection to test machine
Attempt 2:
    Time  Bug Name
       7  suppressed report
       8  suppressed report
***    8  general protection fault in reweight_entity
The bug was found.

==== Kernel Retrospection ====
216 Linux commits in [2021-11-01, 2021-11-18].

2023-03-17 11:38:11
Session:   4
Template:  2021-11-08 - 8ab17e5782857d86dfda35ebefaf2d247811d1c8
Syzkaller: 2021-11-08 - 8ab17e5782857d86dfda35ebefaf2d247811d1c8
Kernel:    2021-11-08 - 206825f50f908771934e1fba2bfc2e1f1138b36a
Compiler:  gcc-10.2.1-20210110
Attempt 1:
    Time  Bug Name
       6  suppressed report
       7  suppressed report
       8  suppressed report
       9  lost connection to test machine
      11  INFO: rcu detected stall in mmap_pgoff
      13  suppressed report
      15  suppressed report
Attempt 2:
    Time  Bug Name
       8  suppressed report
       9  suppressed report
      11  suppressed report
      11  suppressed report
      12  suppressed report
      15  suppressed report
Attempt 3:
    Time  Bug Name
       5  suppressed report
       7  suppressed report
       7  suppressed report
       7  suppressed report
      10  suppressed report
      12  suppressed report
      12  suppressed report
      12  suppressed report
      16  suppressed report
      16  suppressed report
Attempt 4: (RETRY)
    Time  Bug Name
       6  suppressed report
       7  suppressed report
       8  suppressed report
       9  suppressed report
      10  INFO: rcu detected stall in mmap_pgoff
      10  suppressed report
      12  suppressed report
      13  suppressed report
      15  suppressed report
      16  suppressed report
      16  suppressed report
Attempt 5: (RETRY)
    Time  Bug Name
       4  suppressed report
       6  suppressed report
       7  suppressed report
       9  suppressed report
      11  suppressed report
      14  suppressed report
      14  suppressed report
      15  suppressed report
      16  suppressed report
      16  suppressed report
Attempt 6: (RETRY)
    Time  Bug Name
       9  suppressed report
      11  suppressed report
      12  suppressed report
      12  WARNING in send_hsr_supervision_frame
      14  suppressed report
The bug was not found.
Warning: This session is unstable.

2023-03-17 13:51:39
Session:   5
Template:  2021-11-03 - 4c1be0be7c848f25f44beb25e6987206211daa81
Syzkaller: 2021-11-03 - 4c1be0be7c848f25f44beb25e6987206211daa81
Kernel:    2021-11-04 - 7e113d01f5f9fe6ad018d8289239d0bbb41311d7
Compiler:  gcc-10.2.1-20210110
Attempt 1:
    Time  Bug Name
       8  suppressed report
      10  suppressed report
      11  suppressed report
      12  suppressed report
      12  suppressed report
Attempt 2:
    Time  Bug Name
       8  suppressed report
      10  suppressed report
      12  suppressed report
      12  suppressed report
      13  suppressed report
      15  suppressed report
      16  suppressed report
Attempt 3:
    Time  Bug Name
       6  suppressed report
       9  suppressed report
       9  suppressed report
      11  suppressed report
      13  suppressed report
      16  suppressed report
Attempt 4: (RETRY)
    Time  Bug Name
       6  suppressed report
       6  suppressed report
       6  suppressed report
       7  suppressed report
       8  suppressed report
      13  suppressed report
      13  suppressed report
      14  suppressed report
      14  suppressed report
      15  suppressed report
Attempt 5: (RETRY)
    Time  Bug Name
       5  suppressed report
       6  suppressed report
       7  suppressed report
       8  suppressed report
       9  suppressed report
       9  suppressed report
      10  suppressed report
      15  suppressed report
Attempt 6: (RETRY)
    Time  Bug Name
       9  suppressed report
       9  suppressed report
      10  suppressed report
      12  suppressed report
      13  suppressed report
      13  suppressed report
      14  suppressed report
      16  suppressed report
      16  suppressed report
The bug was not found.
Warning: This session is unstable.

2023-03-17 16:08:05
Session:   6
Template:  2021-11-02 - 17f3edd211ffe20b769a43cc9731a097475dce38
Syzkaller: 2021-11-02 - 17f3edd211ffe20b769a43cc9731a097475dce38
Kernel:    2021-11-02 - 833db72142b93a89211c1e43ca0a1e2e16457756
Compiler:  gcc-10.2.1-20210110
Attempt 1:
    Time  Bug Name
       7  suppressed report
       7  suppressed report
       7  suppressed report
       8  suppressed report
       8  suppressed report
       8  suppressed report
      11  suppressed report
      12  suppressed report
      12  suppressed report
      16  suppressed report
      16  suppressed report
      16  suppressed report
      16  suppressed report
Attempt 2:
    Time  Bug Name
       6  suppressed report
       6  suppressed report
       7  suppressed report
       7  suppressed report
      14  suppressed report
      15  suppressed report
      15  suppressed report
      15  suppressed report
      16  suppressed report
Attempt 3:
    Time  Bug Name
       5  suppressed report
       6  suppressed report
       7  suppressed report
       8  suppressed report
      10  suppressed report
      12  suppressed report
      12  suppressed report
      14  suppressed report
      14  suppressed report
Attempt 4: (RETRY)
    Time  Bug Name
       7  suppressed report
       8  suppressed report
       8  suppressed report
      11  suppressed report
      14  suppressed report
      15  suppressed report
Attempt 5: (RETRY)
    Time  Bug Name
       8  suppressed report
       9  suppressed report
      10  suppressed report
      11  suppressed report
      15  suppressed report
Attempt 6: (RETRY)
    Time  Bug Name
       5  suppressed report
       8  suppressed report
       8  suppressed report
       8  suppressed report
       9  suppressed report
      14  suppressed report
      14  suppressed report
      15  suppressed report
The bug was not found.
Warning: This session is unstable.

2023-03-17 18:18:33
Session:   7
Template:  2021-11-02 - 17f3edd211ffe20b769a43cc9731a097475dce38
Syzkaller: 2021-11-02 - 17f3edd211ffe20b769a43cc9731a097475dce38
Kernel:    2021-11-02 - 8a73c77c809a7342497b78a2b4555aa40506af94
Compiler:  gcc-10.2.1-20210110
Attempt 1:
    Time  Bug Name
       8  suppressed report
       9  suppressed report
       9  suppressed report
      10  suppressed report
      11  suppressed report
      16  suppressed report
Attempt 2:
    Time  Bug Name
       5  suppressed report
       6  suppressed report
       7  suppressed report
       9  suppressed report
      12  suppressed report
      12  suppressed report
      14  suppressed report
      15  suppressed report
      15  suppressed report
Attempt 3:
    Time  Bug Name
       8  suppressed report
       9  suppressed report
      10  suppressed report
      11  suppressed report
      11  suppressed report
      12  suppressed report
Attempt 4: (RETRY)
    Time  Bug Name
       6  suppressed report
       7  suppressed report
       8  suppressed report
       9  suppressed report
      10  suppressed report
      13  suppressed report
      14  suppressed report
      15  suppressed report
Attempt 5: (RETRY)
    Time  Bug Name
       7  suppressed report
       8  suppressed report
       8  suppressed report
       8  suppressed report
       9  suppressed report
      14  suppressed report
Attempt 6: (RETRY)
    Time  Bug Name
       5  suppressed report
       6  suppressed report
      10  suppressed report
      10  suppressed report
      11  suppressed report
      12  suppressed report
      14  suppressed report
      15  suppressed report
      16  suppressed report
The bug was not found.
Warning: This session is unstable.

2023-03-17 20:32:46
Session:   8
Template:  2021-11-10 - 75b040914e1a14c1eda0ed9d14ed376a37293a1d
Syzkaller: 2021-11-10 - 75b040914e1a14c1eda0ed9d14ed376a37293a1d
Kernel:    2021-11-10 - 285fc3db0aeb7befdba433e286fa994dc9c9874d
Compiler:  gcc-10.2.1-20210110
Attempt 1:
    Time  Bug Name
       8  suppressed report
       8  suppressed report
       9  WARNING in send_hsr_supervision_frame
      10  suppressed report
      11  suppressed report
      13  suppressed report
      14  suppressed report
      15  suppressed report
Attempt 2:
    Time  Bug Name
       7  WARNING in send_hsr_supervision_frame
       8  suppressed report
      10  suppressed report
      12  suppressed report
      16  suppressed report
Attempt 3:
    Time  Bug Name
       9  suppressed report
      10  suppressed report
      11  suppressed report
      11  suppressed report
      15  suppressed report
      16  suppressed report
Attempt 4: (RETRY)
    Time  Bug Name
       6  suppressed report
       8  suppressed report
      10  suppressed report
      12  suppressed report
      12  suppressed report
      13  suppressed report
      15  WARNING in send_hsr_supervision_frame
      16  suppressed report
      16  suppressed report
Attempt 5: (RETRY)
    Time  Bug Name
       7  suppressed report
       7  suppressed report
       9  suppressed report
       9  WARNING in send_hsr_supervision_frame
      10  suppressed report
      10  suppressed report
      15  WARNING in send_hsr_supervision_frame
      16  suppressed report
Attempt 6: (RETRY)
    Time  Bug Name
       8  suppressed report
       8  suppressed report
       8  suppressed report
       9  suppressed report
      10  suppressed report
      14  suppressed report
      14  suppressed report
      16  suppressed report
The bug was not found.
Warning: This session is unstable.

2023-03-17 22:40:38
Session:   9
Template:  2021-11-12 - 83f5c9b5f8b0305fc61522640ce31465ec14c81f
Syzkaller: 2021-11-12 - 83f5c9b5f8b0305fc61522640ce31465ec14c81f
Kernel:    2021-11-12 - 6cbcc7ab2147d721700029a78558dc0ea4207153
Compiler:  gcc-10.2.1-20210110
Attempt 1:
    Time  Bug Name
       5  suppressed report
       6  suppressed report
       8  suppressed report
       9  suppressed report
      10  suppressed report
      13  suppressed report
      13  suppressed report
      15  suppressed report
      16  suppressed report
Attempt 2:
    Time  Bug Name
       6  suppressed report
       7  suppressed report
       7  suppressed report
       8  suppressed report
       8  suppressed report
      14  suppressed report
      16  suppressed report
      16  suppressed report
Attempt 3:
    Time  Bug Name
       7  suppressed report
       9  suppressed report
      12  suppressed report
      14  suppressed report
      15  no output from test machine
      15  WARNING in send_hsr_supervision_frame
Attempt 4: (RETRY)
    Time  Bug Name
       6  suppressed report
       6  suppressed report
       8  suppressed report
       8  suppressed report
      14  suppressed report
      15  suppressed report
Attempt 5: (RETRY)
    Time  Bug Name
       8  suppressed report
      10  suppressed report
      12  suppressed report
      12  suppressed report
Attempt 6: (RETRY)
    Time  Bug Name
       6  suppressed report
       8  suppressed report
      11  suppressed report
      12  suppressed report
      13  suppressed report
The bug was not found.
Warning: This session is unstable.

2023-03-18 00:49:20
Session:   10
Template:  2021-11-12 - 83f5c9b5f8b0305fc61522640ce31465ec14c81f
Syzkaller: 2021-11-12 - 83f5c9b5f8b0305fc61522640ce31465ec14c81f
Kernel:    2021-11-14 - c36e33e2f477052b0f4b1da45af403f98d3f7eb4
Compiler:  gcc-10.2.1-20210110
Attempt 1:
    Time  Bug Name
***    6  general protection fault in reweight_entity
The bug was found.

2023-03-18 01:31:30
Session:   11
Template:  2021-11-03 - 4c1be0be7c848f25f44beb25e6987206211daa81
Syzkaller: 2021-11-03 - 4c1be0be7c848f25f44beb25e6987206211daa81
Kernel:    2021-11-06 - 00f178e15095fbcf04db00486378a6fa416a125e
Compiler:  gcc-10.2.1-20210110
Attempt 1:
    Time  Bug Name
       6  suppressed report
       7  suppressed report
       7  suppressed report
       8  suppressed report
      13  suppressed report
      15  suppressed report
      16  suppressed report
      16  WARNING in send_hsr_supervision_frame
Attempt 2:
    Time  Bug Name
       6  suppressed report
       6  suppressed report
       6  WARNING in send_hsr_supervision_frame
       8  suppressed report
       9  suppressed report
       9  suppressed report
      10  suppressed report
      10  suppressed report
      15  suppressed report
      16  suppressed report
Attempt 3:
    Time  Bug Name
       6  suppressed report
       8  suppressed report
       9  suppressed report
       9  suppressed report
      14  INFO: rcu detected stall in mmap_pgoff
      14  suppressed report
      16  suppressed report
Attempt 4: (RETRY)
    Time  Bug Name
       6  suppressed report
       7  suppressed report
       7  suppressed report
       8  suppressed report
      10  suppressed report
      11  suppressed report
Attempt 5: (RETRY)
    Time  Bug Name
       7  suppressed report
       9  suppressed report
       9  suppressed report
       9  suppressed report
      11  suppressed report
      16  suppressed report
      16  suppressed report
Attempt 6: (RETRY)
    Time  Bug Name
       7  suppressed report
      10  suppressed report
      11  suppressed report
      16  suppressed report
The bug was not found.
Warning: This session is unstable.

2023-03-18 03:43:59
Session:   12
Template:  2021-11-03 - 4c1be0be7c848f25f44beb25e6987206211daa81
Syzkaller: 2021-11-03 - 4c1be0be7c848f25f44beb25e6987206211daa81
Kernel:    2021-11-03 - 2219b0ceefe835b92a8a74a73fe964aa052742a2
Compiler:  gcc-10.2.1-20210110
Attempt 1:
    Time  Bug Name
       5  suppressed report
       7  suppressed report
       8  suppressed report
      10  suppressed report
      10  suppressed report
      11  suppressed report
      13  suppressed report
      14  suppressed report
      15  suppressed report
      15  suppressed report
      16  suppressed report
      16  suppressed report
Attempt 2:
    Time  Bug Name
       6  suppressed report
       6  suppressed report
       6  suppressed report
       7  suppressed report
      10  suppressed report
      11  suppressed report
      11  suppressed report
      13  suppressed report
      16  suppressed report
      16  suppressed report
      16  suppressed report
Attempt 3:
    Time  Bug Name
       5  suppressed report
       5  suppressed report
       8  suppressed report
       8  suppressed report
       9  suppressed report
      13  suppressed report
      14  suppressed report
      15  suppressed report
      16  suppressed report
Attempt 4: (RETRY)
    Time  Bug Name
       7  suppressed report
       9  suppressed report
      10  suppressed report
      10  suppressed report
      12  suppressed report
      12  suppressed report
      15  suppressed report
      16  suppressed report
      16  suppressed report
Attempt 5: (RETRY)
    Time  Bug Name
       6  suppressed report
       6  suppressed report
       7  suppressed report
       8  suppressed report
      10  suppressed report
      10  suppressed report
      12  suppressed report
      12  suppressed report
      16  suppressed report
Attempt 6: (RETRY)
    Time  Bug Name
       7  suppressed report
       8  suppressed report
       9  suppressed report
      10  suppressed report
      10  suppressed report
      12  suppressed report
      14  suppressed report
      16  suppressed report
      16  suppressed report
      16  suppressed report
The bug was not found.
Warning: This session is unstable.

2023-03-18 06:20:35
Session:   13
Template:  2021-11-02 - 17f3edd211ffe20b769a43cc9731a097475dce38
Syzkaller: 2021-11-02 - 17f3edd211ffe20b769a43cc9731a097475dce38
Kernel:    2021-11-02 - a64a325bf6313aa5cde7ecd691927e92892d1b7f
Compiler:  gcc-10.2.1-20210110
Attempt 1:
    Time  Bug Name
       5  suppressed report
       7  suppressed report
       8  suppressed report
       8  suppressed report
       9  suppressed report
      11  suppressed report
      12  suppressed report
      13  suppressed report
      14  suppressed report
      15  suppressed report
      15  suppressed report
      16  suppressed report
Attempt 2:
    Time  Bug Name
       5  suppressed report
       7  suppressed report
       8  suppressed report
       9  suppressed report
       9  suppressed report
      10  suppressed report
      11  suppressed report
      13  suppressed report
      13  suppressed report
      14  suppressed report
      15  suppressed report
Attempt 3:
    Time  Bug Name
       6  suppressed report
       7  suppressed report
       7  suppressed report
       9  suppressed report
       9  suppressed report
       9  suppressed report
      10  suppressed report
      12  suppressed report
      14  suppressed report
      16  suppressed report
      16  suppressed report
Attempt 4: (RETRY)
    Time  Bug Name
       4  suppressed report
       5  suppressed report
       6  suppressed report
       7  suppressed report
       7  suppressed report
       8  suppressed report
       9  suppressed report
       9  suppressed report
      10  suppressed report
      12  suppressed report
      13  suppressed report
      13  suppressed report
      14  suppressed report
      15  suppressed report
      16  suppressed report
Attempt 5: (RETRY)
    Time  Bug Name
       6  suppressed report
       6  suppressed report
       7  suppressed report
       8  suppressed report
       9  suppressed report
      11  suppressed report
      12  suppressed report
      12  suppressed report
      16  suppressed report
Attempt 6: (RETRY)
    Time  Bug Name
       6  suppressed report
       7  suppressed report
       9  suppressed report
      10  suppressed report
      10  suppressed report
      11  suppressed report
      11  suppressed report
      15  suppressed report
The bug was not found.
Warning: This session is unstable.

2023-03-18 08:36:30
Session:   14
Template:  2021-11-02 - 17f3edd211ffe20b769a43cc9731a097475dce38
Syzkaller: 2021-11-02 - 17f3edd211ffe20b769a43cc9731a097475dce38
Kernel:    2021-11-02 - 4dee060625e1095c7065fead542e96ba9504c7eb
Compiler:  gcc-10.2.1-20210110
Attempt 1:
    Time  Bug Name
       6  suppressed report
       9  suppressed report
      10  suppressed report
      12  suppressed report
      15  suppressed report
      16  suppressed report
      16  suppressed report
Attempt 2:
    Time  Bug Name
       7  suppressed report
       7  suppressed report
       8  suppressed report
      12  suppressed report
      13  suppressed report
      14  suppressed report
Attempt 3:
    Time  Bug Name
       7  suppressed report
       9  suppressed report
       9  suppressed report
      14  suppressed report
Attempt 4: (RETRY)
    Time  Bug Name
       9  suppressed report
       9  suppressed report
      14  suppressed report
      16  suppressed report
Attempt 5: (RETRY)
    Time  Bug Name
       7  suppressed report
      10  suppressed report
      10  suppressed report
      13  suppressed report
      13  suppressed report
      16  suppressed report
Attempt 6: (RETRY)
    Time  Bug Name
       8  suppressed report
       9  suppressed report
      12  suppressed report
      13  suppressed report
      14  suppressed report
      15  suppressed report
The bug was not found.
Warning: This session is unstable.

2023-03-18 11:01:11
Session:   15
Template:  2021-10-29 - 098b5d530648147c744a7c2eb8b78c1307f9d3ce
Syzkaller: 2021-10-29 - 098b5d530648147c744a7c2eb8b78c1307f9d3ce
Kernel:    2021-11-01 - 8cb1ae19bfae92def42c985417cd6e894ddaa047
Compiler:  gcc-10.2.1-20210110
Error: The kernel failed to make.
