KASAN: use-after-free Read in sctp_transport_get_next,https://syzkaller.appspot.com/bug?id=6578348bcfbff185a3570b5b147eff61b28568b0
Repository: linux
Arch: i386
Finding: 2018-08-22 - 815f0ddb346c196018d4d8f8f55c12b83da1de3f
Guilty:  2016-04-15 - 626d16f50f39bb9c44f98fd256cae2b864900a01
No Duplicates
Multi-Proc Allocation.
VMs:4
CPUs:4
Procs:24
Max time:30
Max attempts:3
Testing the finding commit.

2023-06-13 02:47:03
Session:   1
Template:  2018-08-20 - 95b5c82b28c3107383df2cd38d9af8c7984bd31c
Syzkaller: 2018-08-20 - 95b5c82b28c3107383df2cd38d9af8c7984bd31c
Kernel:    2018-08-23 - 815f0ddb346c196018d4d8f8f55c12b83da1de3f
Compiler:  gcc-8.0.1-20180412
Attempt 1:
    Time  Bug Name
***    1  KASAN: use-after-free Read in sctp_transport_get_next
Attempt 2:
    Time  Bug Name
***    2  KASAN: use-after-free Read in sctp_transport_get_next
Attempt 3:
    No crashes found.
The bug was found.

New Max Time: 24.
Merge Commit: 2016-04-15 - 4e811b1e11d5bc9e25ca1a30ce6654add2b571e3.

==== Template Retrospection ====
24 template changes in [2017-07-22, 2018-08-23].

2023-06-13 03:35:43
Session:   2
Template:  2018-01-13 - 212f927d3c939cfe129ba1c640247b92145ff48d
Syzkaller: 2018-01-13 - 212f927d3c939cfe129ba1c640247b92145ff48d
Kernel:    2018-01-13 - 2c1cfa49901839136e578ca516a7e230182da024
Compiler:  gcc-7.1.1-20170620
Attempt 1:
    Time  Bug Name
       4  WARNING in tcp_close
       8  WARNING in tcp_close
       8  WARNING in tcp_close
      10  WARNING in tcp_close
      11  WARNING in tcp_close
      16  WARNING in tcp_close
      17  WARNING in tcp_close
      17  WARNING in tcp_close
      18  WARNING in tcp_close
      24  WARNING in tcp_close
      24  WARNING in tcp_close
Attempt 2:
    Time  Bug Name
       3  WARNING in tcp_close
       3  WARNING in tcp_close
       5  WARNING in tcp_close
       5  WARNING in tcp_close
       6  WARNING in tracepoint_probe_register_prio
       6  WARNING in tcp_close
       7  WARNING in tcp_close
       7  WARNING in tcp_close
       8  WARNING in tracepoint_probe_register_prio
       9  WARNING in tcp_close
       9  WARNING in tcp_close
      10  WARNING in tcp_close
      12  WARNING in tcp_close
      13  WARNING in tcp_close
      14  WARNING in tcp_close
      15  WARNING in tcp_close
      16  WARNING in tcp_close
      17  WARNING in tcp_close
      17  WARNING in tcp_close
      18  WARNING in tcp_close
      18  WARNING in tcp_close
      19  WARNING in tcp_close
      19  WARNING in tcp_close
      20  WARNING in tcp_close
      21  WARNING in tcp_close
      21  WARNING in tcp_close
      22  WARNING in tcp_close
      23  WARNING in tcp_close
      24  WARNING in tcp_close
Attempt 3:
    Time  Bug Name
       3  WARNING in tracepoint_probe_register_prio
       3  WARNING in tcp_close
       4  WARNING in tcp_close
       4  WARNING in tcp_close
       5  WARNING in tcp_close
       6  WARNING in tcp_close
       7  WARNING in tcp_close
       7  WARNING in tcp_close
       8  WARNING in tcp_close
       8  WARNING in tcp_close
       8  WARNING in tcp_close
       8  WARNING in tcp_close
       9  WARNING in tcp_close
       9  WARNING in tcp_close
      10  WARNING in tcp_close
      10  WARNING in tcp_close
      10  WARNING in tcp_close
      11  WARNING in tcp_close
      11  WARNING in tcp_close
      11  WARNING in tcp_close
      13  WARNING in tcp_close
      13  WARNING in tcp_close
      14  WARNING in tcp_close
      15  WARNING in tcp_close
      15  WARNING in tcp_close
      15  WARNING in tcp_close
      15  WARNING in tcp_close
      16  WARNING in tcp_close
      17  WARNING in tcp_close
      18  WARNING in tcp_close
      18  WARNING in tcp_close
      19  WARNING in tcp_close
      19  WARNING in tcp_close
      19  WARNING in tcp_close
      20  WARNING in tcp_close
      20  WARNING in tcp_close
      20  WARNING in tcp_close
      20  WARNING in tcp_close
      21  WARNING in tcp_close
      21  WARNING in tcp_close
      22  WARNING in tcp_close
      22  WARNING in tcp_close
      22  WARNING in tcp_close
      22  WARNING in tcp_close
      22  WARNING in tcp_close
      23  WARNING in tcp_close
      23  WARNING in tcp_close
      24  WARNING in tcp_close
      24  WARNING in tcp_close
The bug was not found.

2023-06-13 04:58:22
Session:   3
Template:  2018-04-06 - 8e4c2e24cb05daf27a600b570d3a774083a1210b
Syzkaller: 2018-04-06 - 8e4c2e24cb05daf27a600b570d3a774083a1210b
Kernel:    2018-04-06 - 9eda2d2dca830f0f8923b1f377d0fb70f576af1d
Compiler:  gcc-8.0.1-20180301
Attempt 1:
    Time  Bug Name
       6  WARNING in tracepoint_probe_register_prio
       9  WARNING in tracepoint_probe_register_prio
      10  WARNING in tracepoint_probe_register_prio
      10  WARNING in tracepoint_probe_register_prio
      14  WARNING in tracepoint_probe_register_prio
      14  WARNING in tracepoint_probe_register_prio
      14  WARNING in tracepoint_probe_register_prio
      21  WARNING in tracepoint_probe_register_prio
Attempt 2:
    Time  Bug Name
       3  WARNING in tracepoint_probe_register_prio
       4  WARNING in tracepoint_probe_register_prio
      18  WARNING in tracepoint_probe_register_prio
      19  WARNING in tracepoint_probe_register_prio
      20  KASAN: use-after-free Read in uprobe_perf_close
      22  KASAN: use-after-free Read in uprobe_perf_close
      22  KASAN: use-after-free Read in uprobe_perf_close
      22  KASAN: use-after-free Read in uprobe_perf_close
      23  KASAN: use-after-free Read in uprobe_perf_close
      23  KASAN: use-after-free Read in uprobe_perf_close
      23  KASAN: use-after-free Read in uprobe_perf_close
      23  KASAN: use-after-free Read in uprobe_perf_close
      24  WARNING in tracepoint_probe_register_prio
      24  KASAN: use-after-free Read in uprobe_perf_close
      24  KASAN: use-after-free Read in uprobe_perf_close
      24  KASAN: use-after-free Read in uprobe_perf_close
      24  KASAN: use-after-free Read in uprobe_perf_close
Attempt 3:
    Time  Bug Name
       3  WARNING in tracepoint_probe_register_prio
       7  WARNING in tracepoint_probe_register_prio
      10  WARNING in tracepoint_probe_register_prio
      11  WARNING in tracepoint_probe_register_prio
The bug was not found.

2023-06-13 06:21:22
Session:   4
Template:  2018-05-18 - d302e8164182e77b558e471c712839fda3ed7779
Syzkaller: 2018-05-18 - d302e8164182e77b558e471c712839fda3ed7779
Kernel:    2018-05-18 - 2c71d338bef2cc8a2e5f8ebe70788eeff246fcd8
Compiler:  gcc-8.0.1-20180412
Attempt 1:
    No crashes found.
Attempt 2:
    No crashes found.
Attempt 3:
    No crashes found.
The bug was not found.

2023-06-13 07:44:53
Session:   5
Template:  2018-07-09 - 59da9e439317c83d5374d06832060fbd66efbbbc
Syzkaller: 2018-07-09 - 59da9e439317c83d5374d06832060fbd66efbbbc
Kernel:    2018-07-09 - bdf33113d89f70186ffb6674e925fa9b8a0266b1
Compiler:  gcc-8.0.1-20180412
Attempt 1:
    No crashes found.
Attempt 2:
    Time  Bug Name
       5  WARNING: ODEBUG bug in __sk_destruct
      21  WARNING in smc_unhash_sk
Attempt 3:
    No crashes found.
The bug was not found.

==== Kernel Retrospection ====
321 Linux commits in [2018-07-09, 2018-08-23].

2023-06-13 09:07:40
Session:   6
Template:  2018-08-10 - 7a88b14122b5b70ed04bcd75932f411256e1662b
Syzkaller: 2018-08-10 - 7a88b14122b5b70ed04bcd75932f411256e1662b
Kernel:    2018-08-13 - 1c594774283a7cfe6dc0f8ffdfb2dbfc497502c4
Compiler:  gcc-8.0.1-20180412
Attempt 1:
    No crashes found.
Attempt 2:
    Time  Bug Name
***    1  KASAN: use-after-free Read in sctp_transport_get_next
The bug was found.

2023-06-13 09:43:31
Session:   7
Template:  2018-07-27 - ebf656d79bf25a135f1b295b5fd582004e1ac7b3
Syzkaller: 2018-07-27 - ebf656d79bf25a135f1b295b5fd582004e1ac7b3
Kernel:    2018-07-27 - 3ebb6fb03dad87cfd74d5bcd31b9dbcf3c82c89c
Compiler:  gcc-8.0.1-20180412
Attempt 1:
    No crashes found.
Attempt 2:
    No crashes found.
Attempt 3:
    Time  Bug Name
***    1  KASAN: use-after-free Read in sctp_transport_get_next
The bug was found.

2023-06-13 10:42:41
Session:   8
Template:  2018-07-18 - 49f3583951e3febc6a93b6e3b4cd213649a6b3c9
Syzkaller: 2018-07-18 - 49f3583951e3febc6a93b6e3b4cd213649a6b3c9
Kernel:    2018-07-19 - b4394c34356180adb783a5cba2aee469e76a52ff
Compiler:  gcc-8.0.1-20180412
Attempt 1:
    No crashes found.
Attempt 2:
    Time  Bug Name
      23  general protection fault in kernel_accept
Attempt 3:
    No crashes found.
The bug was not found.

2023-06-13 12:04:16
Session:   9
Template:  2018-07-20 - 8cc079c3f60f253f57b715c3d87937541d03fae9
Syzkaller: 2018-07-20 - 8cc079c3f60f253f57b715c3d87937541d03fae9
Kernel:    2018-07-22 - 48b1db7c7a952b5e7021826e727baedae35d7f3f
Compiler:  gcc-8.0.1-20180412
Attempt 1:
    Time  Bug Name
      13  KASAN: use-after-free Read in kernel_accept
Attempt 2:
    No crashes found.
Attempt 3:
    No crashes found.
The bug was not found.

2023-06-13 13:26:21
Session:   10
Template:  2018-07-25 - ad155aa4289990cd08c77c0e4e5ecc4d63df6ff3
Syzkaller: 2018-07-25 - ad155aa4289990cd08c77c0e4e5ecc4d63df6ff3
Kernel:    2018-07-25 - 0723090656a03940c5ea536342f109e34b8d1257
Compiler:  gcc-8.0.1-20180412
Attempt 1:
    Time  Bug Name
***    1  KASAN: use-after-free Read in sctp_transport_get_next
The bug was found.

2023-06-13 13:38:51
Session:   11
Template:  2018-07-20 - 8cc079c3f60f253f57b715c3d87937541d03fae9
Syzkaller: 2018-07-20 - 8cc079c3f60f253f57b715c3d87937541d03fae9
Kernel:    2018-07-22 - 165ea0d1c2286f550efbf14dc3528267af088f08
Compiler:  gcc-8.0.1-20180412
Attempt 1:
    Time  Bug Name
      22  general protection fault in kernel_accept
Attempt 2:
    No crashes found.
Attempt 3:
    Time  Bug Name
      23  general protection fault in inet_accept
The bug was not found.

2023-06-13 15:02:05
Session:   12
Template:  2018-07-24 - 375a3e31e12965ce58d8853c310a4e7e655853d4
Syzkaller: 2018-07-24 - 375a3e31e12965ce58d8853c310a4e7e655853d4
Kernel:    2018-07-24 - 0894da849f145af51bde88a6b84f95b9c9e0bc66
Compiler:  gcc-8.0.1-20180412
Attempt 1:
    No crashes found.
Attempt 2:
    Time  Bug Name
***    1  KASAN: use-after-free Read in sctp_transport_get_next
The bug was found.

2023-06-13 15:37:34
Session:   13
Template:  2018-07-20 - 8cc079c3f60f253f57b715c3d87937541d03fae9
Syzkaller: 2018-07-20 - 8cc079c3f60f253f57b715c3d87937541d03fae9
Kernel:    2018-07-22 - d72e90f33aa4709ebecc5005562f52335e106a60
Compiler:  gcc-8.0.1-20180412
Attempt 1:
    Time  Bug Name
      18  general protection fault in inet_accept
Attempt 2:
    No crashes found.
Attempt 3:
    Time  Bug Name
      16  general protection fault in inet_accept
The bug was not found.

== Confirming the bisected commit ==

2023-06-13 17:00:55
Session:   14
Template:  2018-07-24 - 375a3e31e12965ce58d8853c310a4e7e655853d4
Syzkaller: 2018-07-24 - 375a3e31e12965ce58d8853c310a4e7e655853d4
Kernel:    2018-07-24 - 0894da849f145af51bde88a6b84f95b9c9e0bc66
The bug was found in a previous identical fuzzing session.

2023-06-13 17:00:55
Session:   15
Template:  2018-07-24 - 375a3e31e12965ce58d8853c310a4e7e655853d4
Syzkaller: 2018-07-24 - 375a3e31e12965ce58d8853c310a4e7e655853d4
Kernel:    2018-07-22 - d72e90f33aa4709ebecc5005562f52335e106a60
Compiler:  gcc-8.0.1-20180412
Attempt 1:
    Time  Bug Name
***    1  KASAN: use-after-free Read in sctp_transport_get_next
The bug was found.

==== Syzkaller Retrospection ====
8 Syzkaller commits from [2018-07-24].

2023-06-13 17:20:54
Session:   16
Template:  2018-07-24 - 375a3e31e12965ce58d8853c310a4e7e655853d4
Syzkaller: 2018-07-24 - 375a3e31e12965ce58d8853c310a4e7e655853d4
Kernel:    2018-07-24 - 0894da849f145af51bde88a6b84f95b9c9e0bc66
Compiler:  gcc-8.0.1-20180412
The bug was found in a previous identical fuzzing session.

2023-06-13 17:20:54
Session:   17
Template:  2018-07-24 - 9b6bfa3fe89656f7eccf0bf094770d29be0c8c6a
Syzkaller: 2018-07-24 - 9b6bfa3fe89656f7eccf0bf094770d29be0c8c6a
Kernel:    2018-07-24 - 0894da849f145af51bde88a6b84f95b9c9e0bc66
Compiler:  gcc-8.0.1-20180412
Attempt 1:
    Time  Bug Name
      19  general protection fault in inet_accept

AUTHOR:
Syzkaller Commit - 2018-07-24