general protection fault in xt_rateest_tg_checkentry,https://syzkaller.appspot.com/bug?id=990d1ea15a57bc6fa79779c7c6d36be2a423bc06
Repository: linux
Arch: amd64
Finding: 2019-12-22 - 46cf053efec6a3a5f343fead837777efe8252a46
Guilty:  2010-02-03 - add67461240c1dadc7c8d97e66f8f92b556ca523
No Duplicates
Single Proc Allocation
VMs:8
CPUs:2
Procs:16
Max time:30
Max attempts:3
Testing the finding commit.

2023-03-17 03:40:54
Session:   1
Template:  2019-12-23 - be5c2c81971442d623dd1b265dabf4644ceeb35b
Syzkaller: 2019-12-23 - be5c2c81971442d623dd1b265dabf4644ceeb35b
Kernel:    2019-12-23 - 46cf053efec6a3a5f343fead837777efe8252a46
Compiler:  gcc-9.0.0-20181231
Attempt 1:
    Time  Bug Name
***    2  general protection fault in xt_rateest_tg_checkentry
Attempt 2:
    Time  Bug Name
***    2  general protection fault in xt_rateest_tg_checkentry
Attempt 3:
    Time  Bug Name
***    2  general protection fault in xt_rateest_tg_checkentry
The bug was found.

New Max Time: 10.
Merge Commit: 2010-02-16 - 749f621e20ab0db35a15ff730088922603c809ba.

==== Template Inspection ====
37 template changes in [2017-07-22, 2019-12-26].

2023-03-17 05:04:43
Session:   2
Template:  2018-04-13 - 0a0c5db668972ea332ee720d81f9c67616340845
Syzkaller: 2018-04-13 - 0a0c5db668972ea332ee720d81f9c67616340845
Kernel:    2018-04-13 - 48023102b7078a6674516b1fe0d639669336049d
Compiler:  gcc-8.0.1-20180412
Attempt 1:
    No crashes found.
Attempt 2:
    No crashes found.
Attempt 3:
    No crashes found.
The bug was not found.

2023-03-17 06:40:20
Session:   3
Template:  2018-12-09 - 82f11ef0c50d938173b46e102df1eeef3bce46ae
Syzkaller: 2018-12-09 - 82f11ef0c50d938173b46e102df1eeef3bce46ae
Kernel:    2018-12-09 - 40e020c129cfc991e8ab4736d2665351ffd1468d
Compiler:  gcc-8.0.1-20180412
Attempt 1:
    No crashes found.
Attempt 2:
    No crashes found.
Attempt 3:
    No crashes found.
The bug was not found.

2023-03-17 07:34:42
Session:   4
Template:  2019-10-25 - f2635abc2ab7c5581a369c7907278190e72520cc
Syzkaller: 2019-10-25 - f2635abc2ab7c5581a369c7907278190e72520cc
Kernel:    2019-10-25 - b4b61b224d12ef12ff21cc598acce0ee818903ab
Compiler:  gcc-9.0.0-20181231
Attempt 1:
    No crashes found.
Attempt 2:
    No crashes found.
Attempt 3:
    No crashes found.
The bug was not found.

2023-03-17 08:33:16
Session:   5
Template:  2019-12-20 - bc5869180f69e2ad6c6b823e129e08a8e523d800
Syzkaller: 2019-12-20 - bc5869180f69e2ad6c6b823e129e08a8e523d800
Kernel:    2019-12-20 - f1fd1610cbb6655883d1838ac79e53301596685d
Compiler:  gcc-9.0.0-20181231
Attempt 1:
    Time  Bug Name
***    2  general protection fault in xt_rateest_tg_checkentry
The bug was found.

2023-03-17 09:04:54
Session:   6
Template:  2019-11-14 - 5d15a96786df2b7444fc937f4075b40b568caab2
Syzkaller: 2019-11-14 - 5d15a96786df2b7444fc937f4075b40b568caab2
Kernel:    2019-11-14 - 96b95eff4a591dbac582c2590d067e356a18aacb
Compiler:  gcc-9.0.0-20181231
Attempt 1:
    Time  Bug Name
       3  BUG: MAX_LOCKDEP_ENTRIES too low!
       4  BUG: MAX_LOCKDEP_ENTRIES too low!
       4  BUG: MAX_LOCKDEP_ENTRIES too low!
       4  BUG: MAX_LOCKDEP_ENTRIES too low!
       4  BUG: MAX_LOCKDEP_ENTRIES too low!
       4  BUG: MAX_LOCKDEP_ENTRIES too low!
       4  BUG: MAX_LOCKDEP_ENTRIES too low!
       4  BUG: MAX_LOCKDEP_ENTRIES too low!
       6  BUG: MAX_LOCKDEP_ENTRIES too low!
       6  BUG: MAX_LOCKDEP_ENTRIES too low!
       6  BUG: MAX_LOCKDEP_ENTRIES too low!
       6  BUG: MAX_LOCKDEP_ENTRIES too low!
       6  BUG: MAX_LOCKDEP_ENTRIES too low!
       6  BUG: MAX_LOCKDEP_ENTRIES too low!
       6  BUG: MAX_LOCKDEP_ENTRIES too low!
       6  BUG: MAX_LOCKDEP_ENTRIES too low!
       8  BUG: MAX_LOCKDEP_ENTRIES too low!
       8  BUG: MAX_LOCKDEP_ENTRIES too low!
       8  BUG: MAX_LOCKDEP_ENTRIES too low!
       9  BUG: MAX_LOCKDEP_ENTRIES too low!
       9  BUG: MAX_LOCKDEP_ENTRIES too low!
       9  BUG: MAX_LOCKDEP_ENTRIES too low!
       9  WARNING in print_bfs_bug
       9  WARNING in print_bfs_bug
      10  BUG: MAX_LOCKDEP_ENTRIES too low!
      10  BUG: MAX_LOCKDEP_ENTRIES too low!
      10  BUG: MAX_LOCKDEP_ENTRIES too low!
Attempt 2:
    Time  Bug Name
       3  BUG: MAX_LOCKDEP_ENTRIES too low!
       3  BUG: MAX_LOCKDEP_ENTRIES too low!
       3  BUG: MAX_LOCKDEP_ENTRIES too low!
       3  BUG: MAX_LOCKDEP_ENTRIES too low!
       3  BUG: MAX_LOCKDEP_ENTRIES too low!
       3  BUG: MAX_LOCKDEP_ENTRIES too low!
       3  BUG: MAX_LOCKDEP_ENTRIES too low!
       3  BUG: MAX_LOCKDEP_ENTRIES too low!
       5  BUG: MAX_LOCKDEP_ENTRIES too low!
       5  BUG: MAX_LOCKDEP_ENTRIES too low!
       5  BUG: MAX_LOCKDEP_ENTRIES too low!
       5  BUG: MAX_LOCKDEP_ENTRIES too low!
       5  BUG: MAX_LOCKDEP_ENTRIES too low!
       5  BUG: MAX_LOCKDEP_ENTRIES too low!
       5  WARNING in print_bfs_bug
       5  WARNING in print_bfs_bug
       7  BUG: MAX_LOCKDEP_ENTRIES too low!
       7  WARNING in print_bfs_bug
       8  BUG: MAX_LOCKDEP_ENTRIES too low!
       8  BUG: MAX_LOCKDEP_ENTRIES too low!
       8  BUG: MAX_LOCKDEP_ENTRIES too low!
       8  BUG: MAX_LOCKDEP_ENTRIES too low!
       8  BUG: MAX_LOCKDEP_ENTRIES too low!
       8  BUG: MAX_LOCKDEP_ENTRIES too low!
      10  BUG: MAX_LOCKDEP_ENTRIES too low!
      10  BUG: MAX_LOCKDEP_ENTRIES too low!
Attempt 3:
    Time  Bug Name
       3  BUG: MAX_LOCKDEP_ENTRIES too low!
       3  BUG: MAX_LOCKDEP_ENTRIES too low!
       4  BUG: MAX_LOCKDEP_ENTRIES too low!
       4  BUG: MAX_LOCKDEP_ENTRIES too low!
       4  BUG: MAX_LOCKDEP_ENTRIES too low!
       4  BUG: MAX_LOCKDEP_ENTRIES too low!
       4  BUG: MAX_LOCKDEP_ENTRIES too low!
       4  BUG: MAX_LOCKDEP_ENTRIES too low!
       6  BUG: MAX_LOCKDEP_ENTRIES too low!
       7  BUG: MAX_LOCKDEP_ENTRIES too low!
       7  BUG: MAX_LOCKDEP_ENTRIES too low!
       7  BUG: MAX_LOCKDEP_ENTRIES too low!
       7  BUG: MAX_LOCKDEP_ENTRIES too low!
       7  BUG: MAX_LOCKDEP_ENTRIES too low!
       7  BUG: MAX_LOCKDEP_ENTRIES too low!
       7  BUG: MAX_LOCKDEP_ENTRIES too low!
      10  BUG: MAX_LOCKDEP_ENTRIES too low!
      10  BUG: MAX_LOCKDEP_ENTRIES too low!
      10  BUG: MAX_LOCKDEP_ENTRIES too low!
      10  BUG: MAX_LOCKDEP_ENTRIES too low!
      10  BUG: MAX_LOCKDEP_ENTRIES too low!
      10  BUG: MAX_LOCKDEP_ENTRIES too low!
      10  BUG: MAX_LOCKDEP_ENTRIES too low!
The bug was not found.

2023-03-17 10:08:11
Session:   7
Template:  2019-11-14 - 5d15a96786df2b7444fc937f4075b40b568caab2
Syzkaller: 2019-12-20 - bc5869180f69e2ad6c6b823e129e08a8e523d800
Kernel:    2019-12-20 - f1fd1610cbb6655883d1838ac79e53301596685d
Compiler:  gcc-9.0.0-20181231
Attempt 1:
    Time  Bug Name
***    2  general protection fault in xt_rateest_tg_checkentry
The bug was found.

==== Kernel Inspection ====
311 Linux commits in [2019-11-14, 2019-12-20].

2023-03-17 10:44:56
Session:   8
Template:  2019-12-02 - ab342da3f9aa45e3f2d9e872576ab5cd3e3c350b
Syzkaller: 2019-12-02 - ab342da3f9aa45e3f2d9e872576ab5cd3e3c350b
Kernel:    2019-12-02 - 31764f1b6d93e126ed341fb600d2765d630e8bf6
Compiler:  gcc-9.0.0-20181231
Attempt 1:
    No crashes found.
Attempt 2:
    No crashes found.
Attempt 3:
    No crashes found.
The bug was not found.

2023-03-17 11:43:55
Session:   9
Template:  2019-12-07 - 1508f45368a309a3b1196a342b3d64ce7be4cc43
Syzkaller: 2019-12-07 - 1508f45368a309a3b1196a342b3d64ce7be4cc43
Kernel:    2019-12-07 - 94e89b40235476a83a53a47b9ffb0cb91a4c335e
Compiler:  gcc-9.0.0-20181231
Attempt 1:
    Time  Bug Name
       8  BUG: sleeping function called from invalid context in __alloc_pages_nodemask
Attempt 2:
    No crashes found.
Attempt 3:
    No crashes found.
The bug was not found.

2023-03-17 12:49:22
Session:   10
Template:  2019-12-13 - eef6e5808d6507716d331b9eff67fdd991be891a
Syzkaller: 2019-12-13 - eef6e5808d6507716d331b9eff67fdd991be891a
Kernel:    2019-12-14 - 894554c1ca793ad96a26b7c9f1eedd043e9e8164
Compiler:  gcc-9.0.0-20181231
Attempt 1:
    No crashes found.
Attempt 2:
    No crashes found.
Attempt 3:
    No crashes found.
The bug was not found.

2023-03-17 13:52:35
Session:   11
Template:  2019-12-17 - 64ca0a371100fc7dfdb20de9263763e46c88a436
Syzkaller: 2019-12-17 - 64ca0a371100fc7dfdb20de9263763e46c88a436
Kernel:    2019-12-17 - 58d90a04bdcc28e1b34251f4d9c1c4d39d4bba69
Compiler:  gcc-9.0.0-20181231
Attempt 1:
    No crashes found.
Attempt 2:
    No crashes found.
Attempt 3:
    No crashes found.
The bug was not found.

2023-03-17 14:59:26
Session:   12
Template:  2019-12-20 - bc5869180f69e2ad6c6b823e129e08a8e523d800
Syzkaller: 2019-12-20 - bc5869180f69e2ad6c6b823e129e08a8e523d800
Kernel:    2019-12-20 - 107aff96d36fc4bf2a9ad69bc2524e9f53bde7a6
Compiler:  gcc-9.0.0-20181231
Attempt 1:
    Time  Bug Name
***    2  general protection fault in xt_rateest_tg_checkentry
The bug was found.

2023-03-17 15:38:09
Session:   13
Template:  2019-12-19 - e30cbdae48129d22c125435cb72fc20447c7a0e2
Syzkaller: 2019-12-19 - e30cbdae48129d22c125435cb72fc20447c7a0e2
Kernel:    2019-12-19 - 5f096c0ecd53263a94124bdfa516a29f154e44ed
Compiler:  gcc-9.0.0-20181231
Attempt 1:
    Time  Bug Name
***    2  general protection fault in xt_rateest_tg_checkentry
The bug was found.

2023-03-17 16:23:58
Session:   14
Template:  2019-12-18 - 79b211f74b08737aeb4934c6ff69a263b3c38013
Syzkaller: 2019-12-18 - 79b211f74b08737aeb4934c6ff69a263b3c38013
Kernel:    2019-12-18 - 80a0c2e511a97e11d82e0ec11564e2c3fe624b0d
Compiler:  gcc-9.0.0-20181231
Attempt 1:
    Time  Bug Name
***    2  general protection fault in xt_rateest_tg_checkentry
The bug was found.

2023-03-17 16:56:21
Session:   15
Template:  2019-12-17 - 64ca0a371100fc7dfdb20de9263763e46c88a436
Syzkaller: 2019-12-17 - 64ca0a371100fc7dfdb20de9263763e46c88a436
Kernel:    2019-12-17 - 2187f215ebaac73ddbd814696d7c7fa34f0c3de0
Compiler:  gcc-9.0.0-20181231
Attempt 1:
    No crashes found.
Attempt 2:
    No crashes found.
Attempt 3:
    No crashes found.
The bug was not found.

== Confirming the bisected commit ==

2023-03-17 18:00:24
Session:   16
Template:  2019-12-18 - 79b211f74b08737aeb4934c6ff69a263b3c38013
Syzkaller: 2019-12-18 - 79b211f74b08737aeb4934c6ff69a263b3c38013
Kernel:    2019-12-18 - 80a0c2e511a97e11d82e0ec11564e2c3fe624b0d
The bug was found in a previous identical fuzzing session.

2023-03-17 18:00:24
Session:   17
Template:  2019-12-18 - 79b211f74b08737aeb4934c6ff69a263b3c38013
Syzkaller: 2019-12-18 - 79b211f74b08737aeb4934c6ff69a263b3c38013
Kernel:    2019-12-17 - 2187f215ebaac73ddbd814696d7c7fa34f0c3de0
Compiler:  gcc-9.0.0-20181231
Attempt 1:
    No crashes found.
Attempt 2:
    No crashes found.
Attempt 3:
    No crashes found.
The bug was not found.

====================================================================================================================================================
Revealing Factor:   Kernel Commit
Version:            2019-12-18 - 80a0c2e511a97e11d82e0ec11564e2c3fe624b0d
Commit Name:        Merge tag 'sound-5.5-rc3' of git://git.kernel.org/pub/scm/linux/kernel/git/tiwai/sound

Bug Name:           general protection fault in xt_rateest_tg_checkentry
Bug Link:           https://syzkaller.appspot.com/bug?id=990d1ea15a57bc6fa79779c7c6d36be2a423bc06
Arch:               amd64
Finding Date:       2019-12-26
Finding Commit:     2019-12-23 - 46cf053efec6a3a5f343fead837777efe8252a46
Guilty Merge:       2010-02-16 - 749f621e20ab0db35a15ff730088922603c809ba
Guilty Commit:      2010-02-03 - add67461240c1dadc7c8d97e66f8f92b556ca523

Possible Blocking Bugs:
    BUG: MAX_LOCKDEP_ENTRIES too low!
