WARNING in atp_close,https://syzkaller.appspot.com/bug?id=c9b2b8c75b0843796f9ef9f0d15c25874d779dd6
Repository: linux
Arch: i386
Finding: 2021-10-17 - 519d81956ee277b4419c723adfb154603c2565ba
Guilty:  2007-07-20 - 5a6eb676d3bc4d7a6feab200a92437b62ad298da
No Duplicates
Default Allocation.
VMs:4
CPUs:4
Procs:24
Max time:30
Max attempts:3
Testing the finding commit.

2023-05-23 15:50:49
Session:   1
Template:  2021-10-19 - 466b7db1ce8fecf644572324d9de9c497ddcda01
Syzkaller: 2021-10-19 - 466b7db1ce8fecf644572324d9de9c497ddcda01
Kernel:    2021-10-18 - 519d81956ee277b4419c723adfb154603c2565ba
Compiler:  gcc-10.2.1-20210110
Attempt 1:
    No crashes found.
Attempt 2:
    No crashes found.
Attempt 3:
    No crashes found.
The bug was not found.

Failure: This bug cannot be found at the finding commit.
