memory leak in nbd_add_socket,https://syzkaller.appspot.com/bug?id=08283193956ab772623e65242b3ed6d0e7c7d9ce
Repository: linux
Arch: amd64
Finding: 2020-03-30 - 673b41e04a035d760bc0aff83fa9ee24fd9c2779
Guilty:  2019-11-21 - 03bf73c315edca28f47451913177e14cd040a216
No Duplicates
Multi-Proc Allocation.
VMs:4
CPUs:4
Procs:24
Max time:30
Max attempts:5
Testing the finding commit.

2023-06-10 15:12:36
Session:   1
Template:  2020-03-31 - a34e2c332411388ed2b3f6f1a3acdc062feceb79
Syzkaller: 2020-03-31 - a34e2c332411388ed2b3f6f1a3acdc062feceb79
Kernel:    2020-03-31 - 673b41e04a035d760bc0aff83fa9ee24fd9c2779
Compiler:  gcc-9.0.0-20181231
Attempt 1:
    No crashes found.
Attempt 2:
    No crashes found.
Attempt 3:
    No crashes found.
Attempt 4:
    No crashes found.
Attempt 5:
    No crashes found.
The bug was not found.

Failure: This bug cannot be found at the finding commit.
Warning: Revealing factor may be faulty.
