KASAN: null-ptr-deref Read in __free_pages,https://syzkaller.appspot.com/bug?id=1ce224deef468aa150f36b7aef5144db9d83d43a
Repository: linux
Arch: amd64
Finding: 2022-03-15 - 56e337f2cf1326323844927a04e9dbce9a244835
Guilty:  2020-05-19 - c73be61cede5882f9605a852414db559c0ebedfd
No Duplicates
Single Proc Allocation
VMs:8
CPUs:2
Procs:16
Max time:30
Max attempts:3
Testing the finding commit.

2023-03-09 00:27:25
Session:   1
Template:  2022-03-16 - dfa9a8ed6b12b102fe3625ca8fc786aa86d54a5a
Syzkaller: 2022-03-16 - dfa9a8ed6b12b102fe3625ca8fc786aa86d54a5a
Kernel:    2022-03-15 - 56e337f2cf1326323844927a04e9dbce9a244835
Compiler:  gcc-10.2.1-20210110
Attempt 1:
    Time  Bug Name
***    2  KASAN: null-ptr-deref Read in __free_pages
Attempt 2:
    Time  Bug Name
***    2  KASAN: null-ptr-deref Read in __free_pages
Attempt 3:
    Time  Bug Name
***    2  KASAN: null-ptr-deref Read in __free_pages
The bug was found.

New Max Time: 10.
Merge Commit: 2020-06-13 - 6c3297841472b4e53e22e53826eea9e483d993e5.

==== Template Inspection ====
15 template changes in [2020-06-13, 2022-03-16].

2023-03-09 01:20:25
Session:   2
Template:  2021-10-21 - 4560aea643a6f605080bc24b3a125cada138ddc4
Syzkaller: 2021-10-21 - 4560aea643a6f605080bc24b3a125cada138ddc4
Kernel:    2021-10-20 - 2f111a6fd5b5297b4e92f53798ca086f7c7d33a4
Compiler:  gcc-10.2.1-20210110
Attempt 1:
    No crashes found.
Attempt 2:
    No crashes found.
Attempt 3:
    No crashes found.
The bug was not found.

2023-03-09 02:29:37
Session:   3
Template:  2022-01-11 - 891d68726994c98742b282a365be9329f96c001f
Syzkaller: 2022-01-11 - 891d68726994c98742b282a365be9329f96c001f
Kernel:    2022-01-11 - c1eb8f6cff3442b0b7eff5b801c9745ea9abcb14
Compiler:  gcc-10.2.1-20210110
Attempt 1:
    No crashes found.
Attempt 2:
    No crashes found.
Attempt 3:
    No crashes found.
The bug was not found.

2023-03-09 03:46:10
Session:   4
Template:  2022-01-13 - b8d780ab30ab6ba340c43ad1944096dae15e6e79
Syzkaller: 2022-01-13 - b8d780ab30ab6ba340c43ad1944096dae15e6e79
Kernel:    2022-01-13 - fb3b0673b7d5b477ed104949450cd511337ba3c6
Compiler:  gcc-10.2.1-20210110
Attempt 1:
    No crashes found.
Attempt 2:
    No crashes found.
Attempt 3:
    No crashes found.
The bug was not found.

2023-03-09 04:58:55
Session:   5
Template:  2022-03-16 - 46cc3b2193a3be0e0043d9cb98af1121aeebf09d
Syzkaller: 2022-03-16 - 46cc3b2193a3be0e0043d9cb98af1121aeebf09d
Kernel:    2022-03-15 - 56e337f2cf1326323844927a04e9dbce9a244835
Compiler:  gcc-10.2.1-20210110
Attempt 1:
    Time  Bug Name
***    2  KASAN: null-ptr-deref Read in __free_pages
The bug was found.

2023-03-09 05:41:49
Session:   6
Template:  2022-01-13 - b8d780ab30ab6ba340c43ad1944096dae15e6e79
Syzkaller: 2022-03-16 - 46cc3b2193a3be0e0043d9cb98af1121aeebf09d
Kernel:    2022-03-15 - 56e337f2cf1326323844927a04e9dbce9a244835
Attempt 1:
    No crashes found.
Attempt 2:
    No crashes found.
Attempt 3:
    No crashes found.
The bug was not found.

====================================================================================================================================================
Revealing Factor:   Template Update
Version:            2022-03-16 - 46cc3b2193a3be0e0043d9cb98af1121aeebf09d
Commit Name:        sys/linux: update watch queue descriptions

Bug Name:           KASAN: null-ptr-deref Read in __free_pages
Bug Link:           https://syzkaller.appspot.com/bug?id=1ce224deef468aa150f36b7aef5144db9d83d43a
Arch:               amd64
Finding Date:       2022-03-16
Finding Commit:     2022-03-15 - 56e337f2cf1326323844927a04e9dbce9a244835
Guilty Merge:       2020-06-13 - 6c3297841472b4e53e22e53826eea9e483d993e5
Guilty Commit:      2020-05-19 - c73be61cede5882f9605a852414db559c0ebedfd

Possible Blocking Bugs:
