KASAN: use-after-free Read in fuse_dev_do_read,https://syzkaller.appspot.com/bug?id=19aabec97cbf73dd0475d6e599113a7861c4b306
Repository: linux
Arch: amd64
Finding: 2018-09-12 - 54eda9df17f3215b9ed16629ee71ea07413efdaf
Guilty:  2015-07-01 - 46c34a348b0ac74fc9646de8ef0c5b8b29f09da9
No Duplicates
Default Allocation.
VMs:4
CPUs:4
Procs:24
Max time:30
Max attempts:3
Testing the finding commit.

2023-03-21 01:02:40
Session:   1
Template:  2018-09-13 - 19e9088bb7b82fd5d7ece380a9495456350e3876
Syzkaller: 2018-09-13 - 19e9088bb7b82fd5d7ece380a9495456350e3876
Kernel:    2018-09-13 - 54eda9df17f3215b9ed16629ee71ea07413efdaf
Compiler:  gcc-8.0.1-20180412
Attempt 1:
    No crashes found.
Attempt 2:
    No crashes found.
Attempt 3:
    Time  Bug Name
       8  lost connection to test machine
      16  lost connection to test machine
      17  lost connection to test machine
      20  lost connection to test machine
      23  lost connection to test machine
      24  lost connection to test machine
      25  lost connection to test machine
      26  lost connection to test machine
      26  lost connection to test machine
      28  lost connection to test machine
      28  lost connection to test machine
Attempt 4: (RETRY)
    Time  Bug Name
      15  lost connection to test machine
Attempt 5: (RETRY)
    Time  Bug Name
***    8  KASAN: use-after-free Read in fuse_dev_do_read
The bug was found.

New Max Time: 34.
Merge Commit: 2015-07-02 - a7ba4bf5e7ff6bfe83e41c748b77b49297c1b5d9.

==== Template Inspection ====
41 template changes in [2017-07-22, 2018-09-13].

2023-03-21 04:10:32
Session:   2
Template:  2018-01-14 - 33bb46947ad3f2bdc26a2d9ab7a0fe27d650522c
Syzkaller: 2018-01-14 - 33bb46947ad3f2bdc26a2d9ab7a0fe27d650522c
Kernel:    2018-01-14 - a8750ddca918032d6349adbf9a4b6555e7db20da
Compiler:  gcc-7.1.1-20170620
Attempt 1:
    No crashes found.
Attempt 2:
    No crashes found.
Attempt 3:
    No crashes found.
The bug was not found.

2023-03-21 06:18:16
Session:   3
Template:  2018-05-17 - 256b70f9cfff65292358cf8c0b9d2611db56c326
Syzkaller: 2018-05-17 - 256b70f9cfff65292358cf8c0b9d2611db56c326
Kernel:    2018-05-17 - 3acf4e395260e3bd30a6fa29ba7eada4bf7566ca
Compiler:  gcc-8.0.1-20180412
Attempt 1:
    Time  Bug Name
      17  lost connection to test machine
      17  lost connection to test machine
      19  lost connection to test machine
      22  lost connection to test machine
      24  lost connection to test machine
      28  lost connection to test machine
      28  lost connection to test machine
      29  lost connection to test machine
      29  lost connection to test machine
      29  lost connection to test machine
      30  lost connection to test machine
      31  lost connection to test machine
      32  lost connection to test machine
      32  lost connection to test machine
      33  lost connection to test machine
      33  lost connection to test machine
      33  lost connection to test machine
      34  lost connection to test machine
      34  lost connection to test machine
      34  lost connection to test machine
      34  lost connection to test machine
Attempt 2:
    Time  Bug Name
      26  lost connection to test machine
      26  lost connection to test machine
      27  lost connection to test machine
      29  lost connection to test machine
      30  lost connection to test machine
      31  lost connection to test machine
      31  lost connection to test machine
Attempt 3:
    Time  Bug Name
      19  lost connection to test machine
      19  lost connection to test machine
      19  lost connection to test machine
      19  lost connection to test machine
      21  lost connection to test machine
      21  lost connection to test machine
      21  lost connection to test machine
      22  lost connection to test machine
      23  lost connection to test machine
      25  lost connection to test machine
      25  lost connection to test machine
      26  lost connection to test machine
      26  lost connection to test machine
      28  lost connection to test machine
      29  lost connection to test machine
      29  lost connection to test machine
      30  lost connection to test machine
      32  lost connection to test machine
      32  lost connection to test machine
      33  lost connection to test machine
      34  lost connection to test machine
Attempt 4: (RETRY)
    Time  Bug Name
      10  lost connection to test machine
      10  lost connection to test machine
      10  lost connection to test machine
      13  lost connection to test machine
      20  lost connection to test machine
      27  lost connection to test machine
      28  lost connection to test machine
      28  lost connection to test machine
      30  lost connection to test machine
      34  lost connection to test machine
Attempt 5: (RETRY)
    Time  Bug Name
      26  lost connection to test machine
      26  lost connection to test machine
      26  lost connection to test machine
      26  lost connection to test machine
      28  lost connection to test machine
      28  lost connection to test machine
      29  lost connection to test machine
Attempt 6: (RETRY)
    Time  Bug Name
      21  lost connection to test machine
      22  lost connection to test machine
      22  lost connection to test machine
      24  lost connection to test machine
      24  lost connection to test machine
      25  lost connection to test machine
      25  lost connection to test machine
      28  lost connection to test machine
      28  lost connection to test machine
      31  lost connection to test machine
The bug was not found.
Warning: This session is unstable.

2023-03-21 10:23:26
Session:   4
Template:  2018-07-10 - 95e7a88b9746c73e727b94d85a626cf6dd612f16
Syzkaller: 2018-07-10 - 95e7a88b9746c73e727b94d85a626cf6dd612f16
Kernel:    2018-07-10 - 1e09177acae32a61586af26d83ca5ef591cdcaf5
Compiler:  gcc-8.0.1-20180412
Attempt 1:
    Time  Bug Name
       6  lost connection to test machine
       8  INFO: task hung in __sb_start_write
       8  INFO: task hung in collapse_huge_page
       8  lost connection to test machine
      15  lost connection to test machine
      16  lost connection to test machine
      18  INFO: task hung in __sb_start_write
      18  lost connection to test machine
      26  INFO: task hung in __sb_start_write
      33  INFO: task hung in __sb_start_write
Attempt 2:
    Time  Bug Name
      11  lost connection to test machine
      27  lost connection to test machine
      29  no output from test machine
Attempt 3:
    Time  Bug Name
       8  INFO: task hung in __sb_start_write
      13  INFO: task hung in __sb_start_write
      22  lost connection to test machine
      32  INFO: task hung in __sb_start_write
Attempt 4: (RETRY)
    Time  Bug Name
      11  no output from test machine
      13  lost connection to test machine
      18  INFO: task hung in __sb_start_write
      30  INFO: task hung in __sb_start_write
Attempt 5: (RETRY)
    Time  Bug Name
      11  kernel panic: corrupted stack end detected inside scheduler
      20  INFO: task hung in __sb_start_write
Attempt 6: (RETRY)
    Time  Bug Name
       6  INFO: task hung in __sb_start_write
      14  lost connection to test machine
      22  INFO: task hung in __sb_start_write
      27  INFO: task hung in __sb_start_write
      28  INFO: task hung in __sb_start_write
      31  lost connection to test machine
      34  lost connection to test machine
      34  lost connection to test machine
The bug was not found.
Warning: This session is unstable.

2023-03-21 14:23:18
Session:   5
Template:  2018-08-31 - a4718693a3d9fcabb02299b2ec07c19d8208c539
Syzkaller: 2018-08-31 - a4718693a3d9fcabb02299b2ec07c19d8208c539
Kernel:    2018-08-31 - 420f51f4ab6bce6e580390729fadb89c31123636
Compiler:  gcc-8.0.1-20180412
Attempt 1:
    No crashes found.
Attempt 2:
    Time  Bug Name
       8  lost connection to test machine
       9  no output from test machine
      27  WARNING in handle_irq
      29  kernel panic: corrupted stack end detected inside scheduler
Attempt 3:
    Time  Bug Name
      33  lost connection to test machine
Attempt 4: (RETRY)
    Time  Bug Name
       8  lost connection to test machine
Attempt 5: (RETRY)
    Time  Bug Name
      27  kernel panic: corrupted stack end detected inside scheduler
      32  kernel panic: corrupted stack end detected inside scheduler
Attempt 6: (RETRY)
    Time  Bug Name
      25  lost connection to test machine
      26  lost connection to test machine
The bug was not found.
Warning: This session is unstable.

2023-03-21 18:14:53
Session:   6
Template:  2018-09-02 - 8d971420eead44f8995c02d0f01e81d978f90b89
Syzkaller: 2018-09-02 - 8d971420eead44f8995c02d0f01e81d978f90b89
Kernel:    2018-09-02 - 57361846b52bc686112da6ca5368d11210796804
Compiler:  gcc-8.0.1-20180412
Attempt 1:
    Time  Bug Name
      10  lost connection to test machine
      19  lost connection to test machine
      20  kernel panic: corrupted stack end detected inside scheduler
      24  lost connection to test machine
      26  lost connection to test machine
      28  lost connection to test machine
Attempt 2:
    Time  Bug Name
      17  lost connection to test machine
      32  lost connection to test machine
Attempt 3:
    No crashes found.
Attempt 4: (RETRY)
    No crashes found.
Attempt 5: (RETRY)
    Time  Bug Name
       3  lost connection to test machine
      13  INFO: task hung in bdi_unregister
      14  lost connection to test machine
      23  lost connection to test machine
Attempt 6: (RETRY)
    Time  Bug Name
       9  lost connection to test machine
The bug was not found.
Warning: This session is unstable.

==== Kernel Inspection ====
45 Linux commits in [2018-09-02, 2018-09-13].

2023-03-21 22:11:09
Session:   7
Template:  2018-09-07 - 6b5120a46407f0462e664e15fed3eae5da951c75
Syzkaller: 2018-09-07 - 6b5120a46407f0462e664e15fed3eae5da951c75
Kernel:    2018-09-07 - d042a240a823d4c048c4b0a5c19c65ac75b7addb
Compiler:  gcc-8.0.1-20180412
Attempt 1:
    No crashes found.
Attempt 2:
    Time  Bug Name
      17  lost connection to test machine
      20  lost connection to test machine
      31  lost connection to test machine
Attempt 3:
    Time  Bug Name
      11  no output from test machine
      23  lost connection to test machine
Attempt 4: (RETRY)
    Time  Bug Name
      14  BUG: soft lockup in kvm_wait
Attempt 5: (RETRY)
    Time  Bug Name
      21  kernel panic: corrupted stack end detected inside scheduler
The bug was not found.
Warning: This session is unstable.

2023-03-22 01:32:40
Session:   8
Template:  2018-09-07 - 6b5120a46407f0462e664e15fed3eae5da951c75
Syzkaller: 2018-09-07 - 6b5120a46407f0462e664e15fed3eae5da951c75
Kernel:    2018-09-07 - 631267f6adcc8d760d145dbd33d83d133d2733d7
Compiler:  gcc-8.0.1-20180412
Attempt 1:
    Time  Bug Name
       2  lost connection to test machine
Attempt 2:
    Time  Bug Name
      17  no output from test machine
      25  no output from test machine
Attempt 3:
    No crashes found.
Attempt 4: (RETRY)
    No crashes found.
The bug was not found.

2023-03-22 04:20:31
Session:   9
Template:  2018-09-08 - 3f4ebb87dc6a4f15540f929f62c497ec1a2c24c0
Syzkaller: 2018-09-08 - 3f4ebb87dc6a4f15540f929f62c497ec1a2c24c0
Kernel:    2018-09-09 - 3243a89dcbd8f5810b72ee0903d349bd000c4c9d
Compiler:  gcc-8.0.1-20180412
Attempt 1:
    Time  Bug Name
       3  lost connection to test machine
      18  lost connection to test machine
Attempt 2:
    No crashes found.
Attempt 3:
    Time  Bug Name
      16  kernel panic: corrupted stack end detected inside scheduler
Attempt 4: (RETRY)
    No crashes found.
The bug was not found.

2023-03-22 07:07:57
Session:   10
Template:  2018-09-12 - 71907dafdbb47df824e03665e5b9fffa0dd07a9e
Syzkaller: 2018-09-12 - 71907dafdbb47df824e03665e5b9fffa0dd07a9e
Kernel:    2018-09-12 - 5e335542de83558e46d28de1008a1c37d5d6679a
Compiler:  gcc-8.0.1-20180412
Attempt 1:
    Time  Bug Name
      30  no output from test machine
Attempt 2:
    Time  Bug Name
      18  lost connection to test machine
Attempt 3:
    Time  Bug Name
      25  INFO: task hung in lookup_slow
Attempt 4: (RETRY)
    Time  Bug Name
      18  lost connection to test machine
      26  lost connection to test machine
      28  kernel panic: corrupted stack end detected inside scheduler
      28  lost connection to test machine
      30  lost connection to test machine
      30  lost connection to test machine
Attempt 5: (RETRY)
    Time  Bug Name
***   32  KASAN: use-after-free Read in fuse_dev_do_read
The bug was found.
Switching to Safe Mode: Fuzzing 5 times at 34 minutes

2023-03-22 10:25:39
Session:   11
Template:  2018-09-08 - 3f4ebb87dc6a4f15540f929f62c497ec1a2c24c0
Syzkaller: 2018-09-08 - 3f4ebb87dc6a4f15540f929f62c497ec1a2c24c0
Kernel:    2018-09-09 - 9a5682765a2e5f93cf2fe7b612b8072b18f0c68a
Compiler:  gcc-8.0.1-20180412
Attempt 1:
    No crashes found.
Attempt 2:
    Time  Bug Name
      30  kernel panic: corrupted stack end detected inside scheduler
Attempt 3:
    Time  Bug Name
      34  lost connection to test machine
Attempt 4:
    Time  Bug Name
***   10  KASAN: use-after-free Read in fuse_dev_do_read
The bug was found.

2023-03-22 12:54:52
Session:   12
Template:  2018-09-08 - 3f4ebb87dc6a4f15540f929f62c497ec1a2c24c0
Syzkaller: 2018-09-08 - 3f4ebb87dc6a4f15540f929f62c497ec1a2c24c0
Kernel:    2018-09-09 - 225ad3cfec4c0ad1971b3c00f379986a3eb6ab07
Compiler:  gcc-8.0.1-20180412
Attempt 1:
    No crashes found.
Attempt 2:
    Time  Bug Name
      14  kernel panic: corrupted stack end detected inside scheduler
***   26  KASAN: use-after-free Read in fuse_dev_do_read
The bug was found.

2023-03-22 14:30:18
Session:   13
Template:  2018-09-08 - 3f4ebb87dc6a4f15540f929f62c497ec1a2c24c0
Syzkaller: 2018-09-08 - 3f4ebb87dc6a4f15540f929f62c497ec1a2c24c0
Kernel:    2018-09-09 - e0a0d05848401df48b10f3defce14a5670a0f9f6
Compiler:  gcc-8.0.1-20180412
Attempt 1:
    Time  Bug Name
      17  lost connection to test machine
      20  lost connection to test machine
Attempt 2:
    No crashes found.
Attempt 3:
    Time  Bug Name
      11  no output from test machine
Attempt 4:
    No crashes found.
Attempt 5:
    Time  Bug Name
       4  lost connection to test machine
Attempt 6: (RETRY)
    No crashes found.
Attempt 7: (RETRY)
    Time  Bug Name
      25  lost connection to test machine
      29  lost connection to test machine
Attempt 8: (RETRY)
    No crashes found.
The bug was not found.

== Confirming the bisected commit ==

2023-03-22 19:42:52
Session:   14
Template:  2018-09-08 - 3f4ebb87dc6a4f15540f929f62c497ec1a2c24c0
Syzkaller: 2018-09-08 - 3f4ebb87dc6a4f15540f929f62c497ec1a2c24c0
Kernel:    2018-09-09 - 225ad3cfec4c0ad1971b3c00f379986a3eb6ab07
The bug was found in a previous identical fuzzing session.

2023-03-22 19:42:52
Session:   15
Template:  2018-09-08 - 3f4ebb87dc6a4f15540f929f62c497ec1a2c24c0
Syzkaller: 2018-09-08 - 3f4ebb87dc6a4f15540f929f62c497ec1a2c24c0
Kernel:    2018-09-09 - e0a0d05848401df48b10f3defce14a5670a0f9f6
The bug was not found in a previous identical fuzzing session.

====================================================================================================================================================
Revealing Factor:   Kernel Commit
Version:            2018-09-09 - 225ad3cfec4c0ad1971b3c00f379986a3eb6ab07
Commit Name:        Merge branch 'irq-urgent-for-linus' of git://git.kernel.org/pub/scm/linux/kernel/git/tip/tip

Bug Name:           KASAN: use-after-free Read in fuse_dev_do_read
Bug Link:           https://syzkaller.appspot.com/bug?id=19aabec97cbf73dd0475d6e599113a7861c4b306
Arch:               amd64
Finding Date:       2018-09-13
Finding Commit:     2018-09-13 - 54eda9df17f3215b9ed16629ee71ea07413efdaf
Guilty Merge:       2015-07-02 - a7ba4bf5e7ff6bfe83e41c748b77b49297c1b5d9
Guilty Commit:      2015-07-01 - 46c34a348b0ac74fc9646de8ef0c5b8b29f09da9

Possible Blocking Bugs:
