WARNING: kobject bug in ib_register_device,https://syzkaller.appspot.com/bug?id=805ad726feb6910e35088ae7bbe61f4125e573b7
Repository: linux
Arch: amd64
Finding: 2020-02-23 - d2eee25858f246051b49c42c411629c78513e2a8
Guilty:  2019-02-19 - 3856ec4b93c9463d36ee39098dde1fbbd29ec6dd
No Duplicates
Single Proc Allocation
VMs:8
CPUs:2
Procs:16
Max time:30
Max attempts:3
Testing the finding commit.

2023-06-14 22:34:47
Session:   1
Template:  2020-02-24 - 59b57593586656c1d5be820aeed0e751087e6ac6
Syzkaller: 2020-02-24 - 59b57593586656c1d5be820aeed0e751087e6ac6
Kernel:    2020-02-23 - d2eee25858f246051b49c42c411629c78513e2a8
Compiler:  gcc-9.0.0-20181231
Attempt 1:
    Time  Bug Name
***    2  WARNING: kobject bug in ib_register_device
Attempt 2:
    Time  Bug Name
       2  general protection fault in rds_ib_add_one
***    2  WARNING: kobject bug in ib_register_device
Attempt 3:
    Time  Bug Name
***    2  WARNING: kobject bug in ib_register_device
The bug was found.

New Max Time: 10.
Merge Commit: 2019-03-09 - a50243b1ddcdd766d0d17fbfeeb1a22e62fdc461.

==== Template Inspection ====
5 template changes in [2019-03-09, 2020-02-24].

2023-06-14 23:00:43
Session:   2
Template:  2020-01-18 - 22535fecd5b37c6a14b92b17e548c8061ef77924
Syzkaller: 2020-01-18 - 22535fecd5b37c6a14b92b17e548c8061ef77924
Kernel:    2020-01-18 - 244dc2689085d7ff478f7b61841e62e59bea4557
Compiler:  gcc-9.0.0-20181231
Attempt 1:
    No crashes found.
Attempt 2:
    No crashes found.
Attempt 3:
    No crashes found.
The bug was not found.

2023-06-14 23:47:01
Session:   3
Template:  2020-02-21 - 2ffa6679c4790a83f26a1b674ed34800e028fe2e
Syzkaller: 2020-02-21 - 2ffa6679c4790a83f26a1b674ed34800e028fe2e
Kernel:    2020-02-21 - 2865936259e27629fac422bc80c9b55ca1f108a5
Compiler:  gcc-9.0.0-20181231
Attempt 1:
    Time  Bug Name
***    2  WARNING: kobject bug in ib_register_device
The bug was found.

2023-06-15 00:07:18
Session:   4
Template:  2020-02-21 - 4428511d10687cb446ad705148333478437d3f23
Syzkaller: 2020-02-21 - 4428511d10687cb446ad705148333478437d3f23
Kernel:    2020-02-21 - 2865936259e27629fac422bc80c9b55ca1f108a5
Compiler:  gcc-9.0.0-20181231
Attempt 1:
    Time  Bug Name
***    2  WARNING: kobject bug in ib_register_device
The bug was found.

2023-06-15 00:26:17
Session:   5
Template:  2020-01-18 - 22535fecd5b37c6a14b92b17e548c8061ef77924
Syzkaller: 2020-02-21 - 4428511d10687cb446ad705148333478437d3f23
Kernel:    2020-02-21 - 2865936259e27629fac422bc80c9b55ca1f108a5
Attempt 1:
    No crashes found.
Attempt 2:
    No crashes found.
Attempt 3:
    No crashes found.
The bug was not found.

====================================================================================================================================================
Revealing Factor:   Template Update
Version:            2020-02-21 - 4428511d10687cb446ad705148333478437d3f23
Commit Name:        sys/linux: add NETLINK_RDMA descriptions

Bug Name:           WARNING: kobject bug in ib_register_device
Bug Link:           https://syzkaller.appspot.com/bug?id=805ad726feb6910e35088ae7bbe61f4125e573b7
Arch:               amd64
Finding Date:       2020-02-24
Finding Commit:     2020-02-23 - d2eee25858f246051b49c42c411629c78513e2a8
Guilty Merge:       2019-03-09 - a50243b1ddcdd766d0d17fbfeeb1a22e62fdc461
Guilty Commit:      2019-02-19 - 3856ec4b93c9463d36ee39098dde1fbbd29ec6dd

Possible Blocking Bugs:
