general protection fault in x86_fsgsbase_read_task,https://syzkaller.appspot.com/bug?id=e9193c9d2dd3589696ceaf49525c80cafa4378f8
Repository: linux
Arch: i386
Finding: 2020-08-13 - 990f227371a400c0fbcb98b75c91a7dbd65f6132
Guilty:  2018-10-08 - 07e1d88adaaeab247b300926f78cc3f950dbeda3
No Duplicates
Single Proc Allocation
VMs:8
CPUs:2
Procs:16
Max time:30
Max attempts:3
Testing the finding commit.

2023-06-02 17:19:43
Session:   1
Template:  2020-08-13 - 54ce1ed6b9fcb3b8d77c43dd4b3533e70cade414
Syzkaller: 2020-08-13 - 54ce1ed6b9fcb3b8d77c43dd4b3533e70cade414
Kernel:    2020-08-13 - 990f227371a400c0fbcb98b75c91a7dbd65f6132
Compiler:  gcc-10.1.0-syz
Attempt 1:
    Time  Bug Name
***    3  general protection fault in x86_fsgsbase_read_task
Attempt 2:
    Time  Bug Name
***    2  general protection fault in x86_fsgsbase_read_task
Attempt 3:
    Time  Bug Name
***    2  general protection fault in x86_fsgsbase_read_task
The bug was found.

New Max Time: 10.
Merge Commit: 2018-10-23 - e1d20beae70eb918cca7f07a77ce199fd148fdd2.

==== Template Inspection ====
11 template changes in [2018-10-23, 2020-08-13].

2023-06-02 19:08:12
Session:   2
Template:  2019-10-25 - f2635abc2ab7c5581a369c7907278190e72520cc
Syzkaller: 2019-10-25 - f2635abc2ab7c5581a369c7907278190e72520cc
Kernel:    2019-10-25 - b4b61b224d12ef12ff21cc598acce0ee818903ab
Compiler:  gcc-9.0.0-20181231
Attempt 1:
    No crashes found.
Attempt 2:
    No crashes found.
Attempt 3:
    No crashes found.
The bug was not found.

2023-06-02 20:55:07
Session:   3
Template:  2020-02-17 - d0d8e8bc776b3fd53659a8067a1eb6f69141d2eb
Syzkaller: 2020-02-17 - d0d8e8bc776b3fd53659a8067a1eb6f69141d2eb
Kernel:    2020-02-17 - eaea2947063ac694cddff1787d43e7807490dbc7
Compiler:  gcc-9.0.0-20181231
Attempt 1:
    No crashes found.
Attempt 2:
    No crashes found.
Attempt 3:
    No crashes found.
The bug was not found.

2023-06-02 22:39:05
Session:   4
Template:  2020-04-19 - 91db3ed8ce2dc73444bcd649f8003cbe96fcb227
Syzkaller: 2020-04-19 - 91db3ed8ce2dc73444bcd649f8003cbe96fcb227
Kernel:    2020-04-19 - ae83d0b416db002fe95601e7f97f64b59514d936
Compiler:  gcc-9.0.0-20181231
Attempt 1:
    No crashes found.
Attempt 2:
    No crashes found.
Attempt 3:
    No crashes found.
The bug was not found.

==== Kernel Inspection ====
919 Linux commits in [2020-04-19, 2020-08-13].

2023-06-03 00:31:37
Session:   5
Template:  2020-06-13 - a61674a581eb1b73f153086698d4aea066dcd41b
Syzkaller: 2020-06-13 - a61674a581eb1b73f153086698d4aea066dcd41b
Kernel:    2020-06-13 - f82e7b57b5fc48199e2f26ffafe2f96f7338ad3d
Compiler:  gcc-10.1.0-syz
Attempt 1:
    Time  Bug Name
       2  BUG: using smp_processor_id() in preemptible code in ext4_mb_new_blocks
       2  BUG: using smp_processor_id() in preemptible code in ext4_mb_new_blocks
       2  BUG: using smp_processor_id() in preemptible code in ext4_mb_new_blocks
       3  BUG: using smp_processor_id() in preemptible code in ext4_mb_new_blocks
       3  BUG: using smp_processor_id() in preemptible code in ext4_mb_new_blocks
       3  BUG: using smp_processor_id() in preemptible code in ext4_mb_new_blocks
       3  BUG: using smp_processor_id() in preemptible code in ext4_mb_new_blocks
       3  BUG: using smp_processor_id() in preemptible code in ext4_mb_new_blocks
       4  BUG: using smp_processor_id() in preemptible code in ext4_mb_new_blocks
       4  BUG: using smp_processor_id() in preemptible code in ext4_mb_new_blocks
       4  BUG: using smp_processor_id() in preemptible code in ext4_mb_new_blocks
       4  BUG: using smp_processor_id() in preemptible code in ext4_mb_new_blocks
       4  BUG: using smp_processor_id() in preemptible code in ext4_mb_new_blocks
       5  BUG: using smp_processor_id() in preemptible code in ext4_mb_new_blocks
       5  BUG: using smp_processor_id() in preemptible code in ext4_mb_new_blocks
       5  BUG: using smp_processor_id() in preemptible code in ext4_mb_new_blocks
       5  BUG: using smp_processor_id() in preemptible code in ext4_mb_new_blocks
       5  BUG: using smp_processor_id() in preemptible code in ext4_mb_new_blocks
       6  BUG: using smp_processor_id() in preemptible code in ext4_mb_new_blocks
       6  BUG: using smp_processor_id() in preemptible code in ext4_mb_new_blocks
       6  BUG: using smp_processor_id() in preemptible code in ext4_mb_new_blocks
       6  BUG: using smp_processor_id() in preemptible code in ext4_mb_new_blocks
       6  BUG: using smp_processor_id() in preemptible code in ext4_mb_new_blocks
       6  BUG: using smp_processor_id() in preemptible code in ext4_mb_new_blocks
       7  BUG: using smp_processor_id() in preemptible code in ext4_mb_new_blocks
       7  BUG: using smp_processor_id() in preemptible code in ext4_mb_new_blocks
       7  BUG: using smp_processor_id() in preemptible code in ext4_mb_new_blocks
       7  BUG: using smp_processor_id() in preemptible code in ext4_mb_new_blocks
       7  BUG: using smp_processor_id() in preemptible code in ext4_mb_new_blocks
       7  BUG: using smp_processor_id() in preemptible code in ext4_mb_new_blocks
       8  BUG: using smp_processor_id() in preemptible code in ext4_mb_new_blocks
       8  BUG: using smp_processor_id() in preemptible code in ext4_mb_new_blocks
       8  BUG: using smp_processor_id() in preemptible code in ext4_mb_new_blocks
       8  BUG: using smp_processor_id() in preemptible code in ext4_mb_new_blocks
       9  BUG: using smp_processor_id() in preemptible code in ext4_mb_new_blocks
       9  BUG: using smp_processor_id() in preemptible code in ext4_mb_new_blocks
       9  BUG: using smp_processor_id() in preemptible code in ext4_mb_new_blocks
       9  BUG: using smp_processor_id() in preemptible code in ext4_mb_new_blocks
       9  BUG: using smp_processor_id() in preemptible code in ext4_mb_new_blocks
       9  BUG: using smp_processor_id() in preemptible code in ext4_mb_new_blocks
      10  BUG: using smp_processor_id() in preemptible code in ext4_mb_new_blocks
      10  BUG: using smp_processor_id() in preemptible code in ext4_mb_new_blocks
      10  BUG: using smp_processor_id() in preemptible code in ext4_mb_new_blocks
      10  BUG: using smp_processor_id() in preemptible code in ext4_mb_new_blocks
      10  BUG: using smp_processor_id() in preemptible code in ext4_mb_new_blocks
      10  BUG: using smp_processor_id() in preemptible code in ext4_mb_new_blocks
      10  BUG: using smp_processor_id() in preemptible code in ext4_mb_new_blocks
Attempt 2:
    Time  Bug Name
       2  BUG: using smp_processor_id() in preemptible code in corrupted
       2  BUG: using smp_processor_id() in preemptible code in ext4_mb_new_blocks
       2  BUG: using smp_processor_id() in preemptible code in ext4_mb_new_blocks
       3  BUG: using smp_processor_id() in preemptible code in corrupted
       3  BUG: using smp_processor_id() in preemptible code in ext4_mb_new_blocks
       3  BUG: using smp_processor_id() in preemptible code in ext4_mb_new_blocks
       3  BUG: using smp_processor_id() in preemptible code in ext4_mb_new_blocks
       4  BUG: using smp_processor_id() in preemptible code in ext4_mb_new_blocks
       4  BUG: using smp_processor_id() in preemptible code in ext4_mb_new_blocks
       4  BUG: using smp_processor_id() in preemptible code in ext4_mb_new_blocks
       4  BUG: using smp_processor_id() in preemptible code in ext4_mb_new_blocks
       4  BUG: using smp_processor_id() in preemptible code in ext4_mb_new_blocks
       5  BUG: using smp_processor_id() in preemptible code in ext4_mb_new_blocks
       5  BUG: using smp_processor_id() in preemptible code in ext4_mb_new_blocks
       5  BUG: using smp_processor_id() in preemptible code in ext4_mb_new_blocks
       5  BUG: using smp_processor_id() in preemptible code in ext4_mb_new_blocks
       5  BUG: using smp_processor_id() in preemptible code in ext4_mb_new_blocks
       6  BUG: using smp_processor_id() in preemptible code in corrupted
       6  BUG: using smp_processor_id() in preemptible code in ext4_mb_new_blocks
       6  BUG: using smp_processor_id() in preemptible code in ext4_mb_new_blocks
       6  BUG: using smp_processor_id() in preemptible code in ext4_mb_new_blocks
       6  BUG: using smp_processor_id() in preemptible code in ext4_mb_new_blocks
       6  BUG: using smp_processor_id() in preemptible code in ext4_mb_new_blocks
       7  BUG: using smp_processor_id() in preemptible code in ext4_mb_new_blocks
       7  BUG: using smp_processor_id() in preemptible code in ext4_mb_new_blocks
       8  BUG: using smp_processor_id() in preemptible code in ext4_mb_new_blocks
       8  BUG: using smp_processor_id() in preemptible code in ext4_mb_new_blocks
       8  BUG: using smp_processor_id() in preemptible code in ext4_mb_new_blocks
       8  BUG: using smp_processor_id() in preemptible code in ext4_mb_new_blocks
       8  BUG: using smp_processor_id() in preemptible code in ext4_mb_new_blocks
       8  BUG: using smp_processor_id() in preemptible code in ext4_mb_new_blocks
       9  BUG: using smp_processor_id() in preemptible code in ext4_mb_new_blocks
       9  BUG: using smp_processor_id() in preemptible code in ext4_mb_new_blocks
       9  BUG: using smp_processor_id() in preemptible code in ext4_mb_new_blocks
       9  BUG: using smp_processor_id() in preemptible code in ext4_mb_new_blocks
       9  BUG: using smp_processor_id() in preemptible code in ext4_mb_new_blocks
       9  BUG: using smp_processor_id() in preemptible code in ext4_mb_new_blocks
      10  BUG: using smp_processor_id() in preemptible code in ext4_mb_new_blocks
      10  BUG: using smp_processor_id() in preemptible code in ext4_mb_new_blocks
      10  BUG: using smp_processor_id() in preemptible code in ext4_mb_new_blocks
      10  BUG: using smp_processor_id() in preemptible code in ext4_mb_new_blocks
Attempt 3:
    Time  Bug Name
       3  BUG: using smp_processor_id() in preemptible code in ext4_mb_new_blocks
       3  BUG: using smp_processor_id() in preemptible code in ext4_mb_new_blocks
       3  BUG: using smp_processor_id() in preemptible code in ext4_mb_new_blocks
       3  BUG: using smp_processor_id() in preemptible code in ext4_mb_new_blocks
       4  BUG: using smp_processor_id() in preemptible code in ext4_mb_new_blocks
       4  BUG: using smp_processor_id() in preemptible code in ext4_mb_new_blocks
       4  BUG: using smp_processor_id() in preemptible code in ext4_mb_new_blocks
       4  BUG: using smp_processor_id() in preemptible code in ext4_mb_new_blocks
       4  BUG: using smp_processor_id() in preemptible code in ext4_mb_new_blocks
       5  BUG: using smp_processor_id() in preemptible code in ext4_mb_new_blocks
       5  BUG: using smp_processor_id() in preemptible code in ext4_mb_new_blocks
       5  BUG: using smp_processor_id() in preemptible code in ext4_mb_new_blocks
       5  BUG: using smp_processor_id() in preemptible code in ext4_mb_new_blocks
       5  BUG: using smp_processor_id() in preemptible code in ext4_mb_new_blocks
       5  BUG: using smp_processor_id() in preemptible code in ext4_mb_new_blocks
       6  BUG: using smp_processor_id() in preemptible code in ext4_mb_new_blocks
       6  BUG: using smp_processor_id() in preemptible code in ext4_mb_new_blocks
       6  BUG: using smp_processor_id() in preemptible code in ext4_mb_new_blocks
       6  BUG: using smp_processor_id() in preemptible code in ext4_mb_new_blocks
       6  BUG: using smp_processor_id() in preemptible code in ext4_mb_new_blocks
       7  BUG: using smp_processor_id() in preemptible code in ext4_mb_new_blocks
       7  BUG: using smp_processor_id() in preemptible code in ext4_mb_new_blocks
       7  BUG: using smp_processor_id() in preemptible code in ext4_mb_new_blocks
       7  BUG: using smp_processor_id() in preemptible code in ext4_mb_new_blocks
       7  BUG: using smp_processor_id() in preemptible code in ext4_mb_new_blocks
       8  BUG: using smp_processor_id() in preemptible code in ext4_mb_new_blocks
       8  BUG: using smp_processor_id() in preemptible code in ext4_mb_new_blocks
       8  BUG: using smp_processor_id() in preemptible code in ext4_mb_new_blocks
       8  BUG: using smp_processor_id() in preemptible code in ext4_mb_new_blocks
       8  BUG: using smp_processor_id() in preemptible code in ext4_mb_new_blocks
       8  BUG: using smp_processor_id() in preemptible code in ext4_mb_new_blocks
       9  BUG: using smp_processor_id() in preemptible code in ext4_mb_new_blocks
       9  BUG: using smp_processor_id() in preemptible code in ext4_mb_new_blocks
       9  BUG: using smp_processor_id() in preemptible code in ext4_mb_new_blocks
       9  BUG: using smp_processor_id() in preemptible code in ext4_mb_new_blocks
       9  BUG: using smp_processor_id() in preemptible code in ext4_mb_new_blocks
      10  BUG: using smp_processor_id() in preemptible code in ext4_mb_new_blocks
      10  BUG: using smp_processor_id() in preemptible code in ext4_mb_new_blocks
      10  BUG: using smp_processor_id() in preemptible code in ext4_mb_new_blocks
      10  BUG: using smp_processor_id() in preemptible code in ext4_mb_new_blocks
      10  BUG: using smp_processor_id() in preemptible code in ext4_mb_new_blocks
      10  BUG: using smp_processor_id() in preemptible code in ext4_mb_new_blocks
The bug was not found.

2023-06-03 02:08:48
Session:   6
Template:  2020-07-25 - 1f7cc1ca26f786658b146bf760d9698390e9bbfb
Syzkaller: 2020-07-25 - 1f7cc1ca26f786658b146bf760d9698390e9bbfb
Kernel:    2020-07-25 - 17baa442864254cb2aadf3a4d668c0f81d2f07c5
Compiler:  gcc-10.1.0-syz
Attempt 1:
    No crashes found.
Attempt 2:
    No crashes found.
Attempt 3:
    No crashes found.
The bug was not found.

2023-06-03 04:01:22
Session:   7
Template:  2020-08-05 - 0487ea6f5d997a8363eba0d2eb0ea7a925444555
Syzkaller: 2020-08-05 - 0487ea6f5d997a8363eba0d2eb0ea7a925444555
Kernel:    2020-08-05 - 4da9f3302615f4191814f826054846bf843e24fa
Compiler:  gcc-10.1.0-syz
Attempt 1:
    Time  Bug Name
***    2  general protection fault in x86_fsgsbase_read_task
The bug was found.

2023-06-03 05:10:51
Session:   8
Template:  2020-08-02 - 196277c4035b5442b7a259953677543566c9b9a9
Syzkaller: 2020-08-02 - 196277c4035b5442b7a259953677543566c9b9a9
Kernel:    2020-08-03 - 05119217a9bd199c4b8b12c01f86df09108b109b
Compiler:  gcc-10.1.0-syz
Attempt 1:
    No crashes found.
Attempt 2:
    No crashes found.
Attempt 3:
    No crashes found.
The bug was not found.

2023-06-03 06:50:09
Session:   9
Template:  2020-08-04 - 02034dac31a9c4dfecfa163f445ef1921c442268
Syzkaller: 2020-08-04 - 02034dac31a9c4dfecfa163f445ef1921c442268
Kernel:    2020-08-04 - 822ef14e9dc73079c646d33aa77e2ac42361b39e
Compiler:  gcc-10.1.0-syz
Attempt 1:
    No crashes found.
Attempt 2:
    Time  Bug Name
      10  BUG: workqueue lockup
Attempt 3:
    No crashes found.
The bug was not found.

2023-06-03 08:19:23
Session:   10
Template:  2020-08-04 - 02034dac31a9c4dfecfa163f445ef1921c442268
Syzkaller: 2020-08-04 - 02034dac31a9c4dfecfa163f445ef1921c442268
Kernel:    2020-08-04 - 9ecc6ea491f0c0531ad81ef9466284df260b2227
Compiler:  gcc-10.1.0-syz
Attempt 1:
    No crashes found.
Attempt 2:
    No crashes found.
Attempt 3:
    No crashes found.
The bug was not found.

2023-06-03 10:15:00
Session:   11
Template:  2020-08-04 - 02034dac31a9c4dfecfa163f445ef1921c442268
Syzkaller: 2020-08-04 - 02034dac31a9c4dfecfa163f445ef1921c442268
Kernel:    2020-08-04 - 4f30a60aa78410496e5ffe632a371c00f0d83a8d
Compiler:  gcc-10.1.0-syz
Attempt 1:
    No crashes found.
Attempt 2:
    Time  Bug Name
       9  BUG: workqueue lockup
Attempt 3:
    No crashes found.
The bug was not found.

2023-06-03 11:51:07
Session:   12
Template:  2020-08-05 - 0487ea6f5d997a8363eba0d2eb0ea7a925444555
Syzkaller: 2020-08-05 - 0487ea6f5d997a8363eba0d2eb0ea7a925444555
Kernel:    2020-08-05 - 442489c219235991de86d0277b5d859ede6d8792
Compiler:  gcc-10.1.0-syz
Attempt 1:
    Time  Bug Name
       9  BUG: workqueue lockup
Attempt 2:
    No crashes found.
Attempt 3:
    No crashes found.
The bug was not found.

2023-06-03 13:26:53
Session:   13
Template:  2020-08-05 - 0487ea6f5d997a8363eba0d2eb0ea7a925444555
Syzkaller: 2020-08-05 - 0487ea6f5d997a8363eba0d2eb0ea7a925444555
Kernel:    2020-08-05 - 125cfa0d4d143416ae217c26a72003baae93233d
Compiler:  gcc-10.1.0-syz
Attempt 1:
    No crashes found.
Attempt 2:
    No crashes found.
Attempt 3:
    No crashes found.
The bug was not found.

== Confirming the bisected commit ==

2023-06-03 14:53:41
Session:   14
Template:  2020-08-05 - 0487ea6f5d997a8363eba0d2eb0ea7a925444555
Syzkaller: 2020-08-05 - 0487ea6f5d997a8363eba0d2eb0ea7a925444555
Kernel:    2020-08-05 - 4da9f3302615f4191814f826054846bf843e24fa
The bug was found in a previous identical fuzzing session.

2023-06-03 14:53:41
Session:   15
Template:  2020-08-05 - 0487ea6f5d997a8363eba0d2eb0ea7a925444555
Syzkaller: 2020-08-05 - 0487ea6f5d997a8363eba0d2eb0ea7a925444555
Kernel:    2020-08-05 - 125cfa0d4d143416ae217c26a72003baae93233d
The bug was not found in a previous identical fuzzing session.

====================================================================================================================================================
Revealing Factor:   Kernel Commit
Version:            2020-08-05 - 4da9f3302615f4191814f826054846bf843e24fa
Commit Name:        Merge tag 'x86-fsgsbase-2020-08-04' of git://git.kernel.org/pub/scm/linux/kernel/git/tip/tip

Bug Name:           general protection fault in x86_fsgsbase_read_task
Bug Link:           https://syzkaller.appspot.com/bug?id=e9193c9d2dd3589696ceaf49525c80cafa4378f8
Arch:               i386
Finding Date:       2020-08-13
Finding Commit:     2020-08-13 - 990f227371a400c0fbcb98b75c91a7dbd65f6132
Guilty Merge:       2018-10-23 - e1d20beae70eb918cca7f07a77ce199fd148fdd2
Guilty Commit:      2018-10-08 - 07e1d88adaaeab247b300926f78cc3f950dbeda3

Possible Blocking Bugs:
    BUG: using smp_processor_id() in preemptible code in ext4_mb_new_blocks
