WARNING in set_precision,https://syzkaller.appspot.com/bug?id=48ac8459188ca5430fa946d53b6dd293465d969a
Repository: linux
Arch: amd64
Finding: 2018-06-07 - 68abbe729567cef128b2c2141f2ed2567f3b8372
Guilty:  2010-08-11 - 4a2d789267e00b5a1175ecd2ddefcc78b83fbf09
No Duplicates
Single Proc Allocation
VMs:8
CPUs:2
Procs:16
Max time:30
Max attempts:3
Testing the finding commit.

2023-04-05 02:49:39
Session:   1
Template:  2018-06-08 - 866118af36a38963903be2bdee4aff0c36ae365f
Syzkaller: 2018-06-08 - 866118af36a38963903be2bdee4aff0c36ae365f
Kernel:    2018-06-08 - 68abbe729567cef128b2c2141f2ed2567f3b8372
Compiler:  gcc-8.0.1-20180412
Attempt 1:
    Time  Bug Name
***   24  WARNING in set_precision
      24  lost connection to test machine
      24  lost connection to test machine
      24  lost connection to test machine
      24  lost connection to test machine
Attempt 2:
    Time  Bug Name
***   10  WARNING in set_precision
      10  lost connection to test machine
      10  lost connection to test machine
      10  lost connection to test machine
Attempt 3:
    Time  Bug Name
***   16  WARNING in set_precision
      16  lost connection to test machine
      16  lost connection to test machine
      16  lost connection to test machine
      16  lost connection to test machine
Attempt 4: (RETRY)
    Time  Bug Name
***   18  WARNING in set_precision
      18  lost connection to test machine
      18  lost connection to test machine
      18  lost connection to test machine
Attempt 5: (RETRY)
    Time  Bug Name
***   18  WARNING in set_precision
      18  lost connection to test machine
      18  lost connection to test machine
      18  lost connection to test machine
      18  lost connection to test machine
      18  lost connection to test machine
      18  lost connection to test machine
Attempt 6: (RETRY)
    Time  Bug Name
***   21  WARNING in set_precision
      21  lost connection to test machine
      21  lost connection to test machine
      21  lost connection to test machine
      21  lost connection to test machine
      21  lost connection to test machine
      21  lost connection to test machine
The bug was found.

New Max Time: 22.
Merge Commit: 2010-08-13 - 2897c684d1d5140e0e0302e73660c7cb97981b27.

==== Template Inspection ====
28 template changes in [2017-07-22, 2018-06-08].

2023-04-05 06:09:23
Session:   2
Template:  2018-02-23 - e229ac7779c82d5cdf27243e7699a2175c785f80
Syzkaller: 2018-02-23 - e229ac7779c82d5cdf27243e7699a2175c785f80
Kernel:    2018-02-23 - 9cb9c07d6b0c5fd97d83b8ab14d7e308ba4b612f
Compiler:  gcc-8.0.1-20180301
Attempt 1:
    No crashes found.
Attempt 2:
    No crashes found.
Attempt 3:
    No crashes found.
The bug was not found.

2023-04-05 07:45:02
Session:   3
Template:  2018-04-02 - 3e679c51c03ac13a5b4b601873689925eda3cc16
Syzkaller: 2018-04-02 - 3e679c51c03ac13a5b4b601873689925eda3cc16
Kernel:    2018-04-02 - ce6eba3dba366b607c0a363c7cdbd4ee8fcc6434
Compiler:  gcc-8.0.1-20180301
Attempt 1:
    No crashes found.
Attempt 2:
    No crashes found.
Attempt 3:
    No crashes found.
The bug was not found.

2023-04-05 10:03:06
Session:   4
Template:  2018-04-13 - 0a0c5db668972ea332ee720d81f9c67616340845
Syzkaller: 2018-04-13 - 0a0c5db668972ea332ee720d81f9c67616340845
Kernel:    2018-04-13 - 48023102b7078a6674516b1fe0d639669336049d
Compiler:  gcc-8.0.1-20180412
Attempt 1:
    Time  Bug Name
      15  lost connection to test machine
Attempt 2:
    No crashes found.
Attempt 3:
    No crashes found.
Attempt 4: (RETRY)
    No crashes found.
The bug was not found.

2023-04-05 12:32:10
Session:   5
Template:  2018-05-18 - d302e8164182e77b558e471c712839fda3ed7779
Syzkaller: 2018-05-18 - d302e8164182e77b558e471c712839fda3ed7779
Kernel:    2018-05-18 - 2c71d338bef2cc8a2e5f8ebe70788eeff246fcd8
Compiler:  gcc-8.0.1-20180412
Attempt 1:
    No crashes found.
Attempt 2:
    Time  Bug Name
      22  lost connection to test machine
      22  lost connection to test machine
Attempt 3:
    No crashes found.
Attempt 4: (RETRY)
    No crashes found.
The bug was not found.

==== Kernel Inspection ====
174 Linux commits in [2018-05-18, 2018-06-08].

2023-04-05 15:06:08
Session:   6
Template:  2018-06-04 - a50d873b175c260850259e724add6f5ddd92a6e4
Syzkaller: 2018-06-04 - a50d873b175c260850259e724add6f5ddd92a6e4
Kernel:    2018-06-04 - cfd12db4f12383506ca81fddd0f20921f166afd0
Compiler:  gcc-8.0.1-20180412
Attempt 1:
    Time  Bug Name
      21  lost connection to test machine
Attempt 2:
    Time  Bug Name
      14  lost connection to test machine
      15  lost connection to test machine
Attempt 3:
    No crashes found.
Attempt 4: (RETRY)
    No crashes found.
Attempt 5: (RETRY)
    No crashes found.
The bug was not found.
Warning: This session is unstable.

2023-04-05 18:05:40
Session:   7
Template:  2018-05-29 - 2f93b54f26aa40233a0a584ce8714e55c8dd159a
Syzkaller: 2018-05-29 - 2f93b54f26aa40233a0a584ce8714e55c8dd159a
Kernel:    2018-06-02 - a36b7968909627d83af03d24a45e2d5f966cacff
Compiler:  gcc-8.0.1-20180412
Attempt 1:
    No crashes found.
Attempt 2:
    Time  Bug Name
      22  lost connection to test machine
      22  lost connection to test machine
Attempt 3:
    No crashes found.
Attempt 4: (RETRY)
    No crashes found.
The bug was not found.

2023-04-05 20:56:29
Session:   8
Template:  2018-06-05 - 863a24bb5da2268d7705ec57fb2d16dfafa2e02c
Syzkaller: 2018-06-05 - 863a24bb5da2268d7705ec57fb2d16dfafa2e02c
Kernel:    2018-06-05 - 11e7c21880617b8383ad8ad059ae9a07e5abe68e
Compiler:  gcc-8.0.1-20180412
Attempt 1:
    Time  Bug Name
      15  lost connection to test machine
Attempt 2:
    Time  Bug Name
      15  no output from test machine
      21  no output from test machine
Attempt 3:
    No crashes found.
Attempt 4: (RETRY)
    No crashes found.
The bug was not found.

2023-04-05 23:29:32
Session:   9
Template:  2018-06-06 - e0e534c6c2485161cf80d4ab7f7658c85fabc83f
Syzkaller: 2018-06-06 - e0e534c6c2485161cf80d4ab7f7658c85fabc83f
Kernel:    2018-06-06 - 311da4975894aab7a4bb94aa83f38f052d7ffda4
Compiler:  gcc-8.0.1-20180412
Attempt 1:
    No crashes found.
Attempt 2:
    No crashes found.
Attempt 3:
    No crashes found.
The bug was not found.

2023-04-06 01:39:01
Session:   10
Template:  2018-06-07 - 645e75f8038d1b177ead2d6ea0b3ade6f7f9d985
Syzkaller: 2018-06-07 - 645e75f8038d1b177ead2d6ea0b3ade6f7f9d985
Kernel:    2018-06-07 - c0ab85267e25e34ce8b7e4429f0ef01fa0795b80
Compiler:  gcc-8.0.1-20180412
Attempt 1:
    No crashes found.
Attempt 2:
    Time  Bug Name
***   14  WARNING in set_precision
      14  lost connection to test machine
      14  lost connection to test machine
      14  lost connection to test machine
      14  lost connection to test machine
      14  lost connection to test machine
      14  lost connection to test machine
The bug was found.

2023-04-06 03:11:38
Session:   11
Template:  2018-06-06 - e0e534c6c2485161cf80d4ab7f7658c85fabc83f
Syzkaller: 2018-06-06 - e0e534c6c2485161cf80d4ab7f7658c85fabc83f
Kernel:    2018-06-06 - 5eb6eed7e0fe880dc8de8da203cc888716bbf196
Compiler:  gcc-8.0.1-20180412
Attempt 1:
    No crashes found.
Attempt 2:
    No crashes found.
Attempt 3:
    Time  Bug Name
***   17  WARNING in set_precision
The bug was found.

2023-04-06 05:17:15
Session:   12
Template:  2018-06-06 - e0e534c6c2485161cf80d4ab7f7658c85fabc83f
Syzkaller: 2018-06-06 - e0e534c6c2485161cf80d4ab7f7658c85fabc83f
Kernel:    2018-06-06 - 10b1eb7d8ce5635a7deb273f8291d8a0a7681de1
Compiler:  gcc-8.0.1-20180412
Attempt 1:
    No crashes found.
Attempt 2:
    No crashes found.
Attempt 3:
    Time  Bug Name
***   21  WARNING in set_precision
      21  lost connection to test machine
The bug was found.
Switching to Safe Mode: Fuzzing 5 times at 30 minutes

2023-04-06 07:07:56
Session:   13
Template:  2018-06-06 - e0e534c6c2485161cf80d4ab7f7658c85fabc83f
Syzkaller: 2018-06-06 - e0e534c6c2485161cf80d4ab7f7658c85fabc83f
Kernel:    2018-06-06 - 0eb0061381b2bac082cc26d573fc48fe99db3922
Compiler:  gcc-8.0.1-20180412
Attempt 1:
    Time  Bug Name
      26  lost connection to test machine
      29  no output from test machine
Attempt 2:
    Time  Bug Name
      29  lost connection to test machine
      29  lost connection to test machine
Attempt 3:
    No crashes found.
Attempt 4:
    Time  Bug Name
      28  lost connection to test machine
Attempt 5:
    Time  Bug Name
      22  lost connection to test machine
      22  lost connection to test machine
Attempt 6: (RETRY)
    Time  Bug Name
      15  lost connection to test machine
      15  lost connection to test machine
      16  no output from test machine
Attempt 7: (RETRY)
    Time  Bug Name
      27  lost connection to test machine
      30  no output from test machine
Attempt 8: (RETRY)
    No crashes found.
Attempt 9: (RETRY)
    Time  Bug Name
      26  lost connection to test machine
Attempt 10: (RETRY)
    No crashes found.
The bug was not found.
Warning: This session is unstable.

====================================================================================================================================================
Revealing Factor:   Unstable Commits
Unstable Range:     [2018-06-06, 2018-06-06]
Version:            2018-06-06 - d75ae5bdf2353e5c6a1f83da5f6f2d31582f09a3
Commit Name:        Merge tag 'printk-for-4.18' of git://git.kernel.org/pub/scm/linux/kernel/git/pmladek/printk

Bug Name:           WARNING in set_precision
Bug Link:           https://syzkaller.appspot.com/bug?id=48ac8459188ca5430fa946d53b6dd293465d969a
Arch:               amd64
Finding Date:       2018-06-08
Finding Commit:     2018-06-08 - 68abbe729567cef128b2c2141f2ed2567f3b8372
Guilty Merge:       2010-08-13 - 2897c684d1d5140e0e0302e73660c7cb97981b27
Guilty Commit:      2010-08-11 - 4a2d789267e00b5a1175ecd2ddefcc78b83fbf09

Possible Blocking Bugs:
