WARNING: ODEBUG bug in tcindex_destroy_work,https://syzkaller.appspot.com/bug?id=0c54fa3ff3a511dc3de11a1e11d755f485913a72
Repository: linux
Arch: amd64
Finding: 2020-02-23 - d2eee25858f246051b49c42c411629c78513e2a8
Guilty:  2019-02-20 - 3d210534cc93dab39a9d1a8d674aa2872c268d38
Duplicate Names:
    KASAN: slab-out-of-bounds Read in tcf_exts_destroy
    WARNING: ODEBUG bug in tcindex_destroy_work
Default Allocation.
VMs:4
CPUs:4
Procs:24
Max time:30
Max attempts:3
Testing the finding commit.

2023-03-09 14:54:23
Session:   1
Template:  2020-02-24 - 59b57593586656c1d5be820aeed0e751087e6ac6
Syzkaller: 2020-02-24 - 59b57593586656c1d5be820aeed0e751087e6ac6
Kernel:    2020-02-23 - d2eee25858f246051b49c42c411629c78513e2a8
Compiler:  gcc-9.0.0-20181231
Attempt 1:
    No crashes found.
Attempt 2:
    No crashes found.
Attempt 3:
    Time  Bug Name
      21  BUG: MAX_LOCKDEP_ENTRIES too low!
The bug was not found.

Failure: This bug cannot be found at the finding commit.
