memory leak in kobject_set_name_vargs,https://syzkaller.appspot.com/bug?id=413121f25a7a81d0b2d05f76ff673538842d1cd6
Repository: linux
Arch: amd64
Finding: 2019-05-28 - 9fb67d643f6f1892a08ee3a04ea54022d1060bb0
Guilty:  2009-06-03 - 1f87f7d3a3b42b20f34cb03f0fd1a41c3d0e27f3
No Duplicates
Single Proc Allocation
VMs:8
CPUs:2
Procs:16
Max time:30
Max attempts:5
Testing the finding commit.

2023-06-08 17:48:31
Session:   1
Template:  2019-05-29 - d9aaf3c2880a46e1ded81325f2f62ce911239187
Syzkaller: 2019-05-29 - d9aaf3c2880a46e1ded81325f2f62ce911239187
Kernel:    2019-05-28 - 9fb67d643f6f1892a08ee3a04ea54022d1060bb0
Compiler:  gcc-9.0.0-20181231
Attempt 1:
    Time  Bug Name
***   10  memory leak in kobject_set_name_vargs
Attempt 2:
    Time  Bug Name
       2  memory leak in lapb_register
***   12  memory leak in kobject_set_name_vargs
Attempt 3:
    Time  Bug Name
***   14  memory leak in kobject_set_name_vargs
Attempt 4:
    Time  Bug Name
       2  memory leak in lapb_register
***   14  memory leak in kobject_set_name_vargs
Attempt 5:
    Time  Bug Name
***   17  memory leak in kobject_set_name_vargs
The bug was found.

New Max Time: 30.
Merge Commit: 2009-06-07 - b1bc81a0ef86b86fa410dd303d84c8c7bd09a64d.

==== Template Inspection ====
93 template changes in [2017-07-22, 2019-05-29].

2023-06-08 19:42:35
Session:   2
Template:  2018-04-19 - d1b2ef6921ec6c47d2e8b856a6558023cc1c930e
Syzkaller: 2018-04-19 - d1b2ef6921ec6c47d2e8b856a6558023cc1c930e
Kernel:    2018-04-18 - 87ef12027b9b1dd0e0b12cf311fbcb19f9d92539
Compiler:  gcc-8.0.1-20180412
Attempt 1:
    Time  Bug Name
       1  WARNING in tty_set_ldisc
       1  kernel panic: n_tty: init_tty
       2  WARNING in tty_set_ldisc
       4  no output from test machine
       4  no output from test machine
       4  no output from test machine
       4  no output from test machine
       4  no output from test machine
       4  no output from test machine
       5  kernel panic: n_tty: init_tty
Attempt 2:
    Time  Bug Name
       1  WARNING in tty_ldisc_open
       1  WARNING in tty_set_ldisc
       1  WARNING in tty_set_ldisc
       1  WARNING in tty_set_ldisc
       1  WARNING in tty_set_ldisc
       1  WARNING in tty_set_ldisc
       1  kernel panic: n_tty: init_tty
       2  WARNING in tty_set_ldisc
       3  WARNING in tty_set_ldisc
       4  no output from test machine
       4  kernel panic: n_tty: init_tty
Attempt 3:
    Time  Bug Name
       2  kernel panic: n_tty: init_tty
       2  kernel panic: n_tty: init_tty
       3  WARNING in tty_set_ldisc
       4  no output from test machine
       4  no output from test machine
       4  no output from test machine
       4  no output from test machine
       5  no output from test machine
       5  no output from test machine
       5  no output from test machine
Attempt 4:
    Time  Bug Name
       4  no output from test machine
       4  no output from test machine
       4  no output from test machine
       4  no output from test machine
       4  no output from test machine
       4  no output from test machine
       4  no output from test machine
       4  no output from test machine
       5  WARNING in tty_set_ldisc
       5  WARNING in tty_set_ldisc
       5  WARNING in tty_set_ldisc
       5  kernel panic: n_tty: init_tty
       5  kernel panic: n_tty: init_tty
       6  kernel panic: n_tty: init_tty
       6  kernel panic: n_tty: init_tty
      13  kernel panic: n_tty: init_tty
      13  kernel panic: n_tty: init_tty
      13  kernel panic: n_tty: init_tty
      28  kernel panic: n_tty: init_tty
Attempt 5:
    Time  Bug Name
       5  WARNING in tty_set_ldisc
       5  no output from test machine
       5  no output from test machine
       5  no output from test machine
       5  no output from test machine
       5  no output from test machine
       5  no output from test machine
       5  no output from test machine
       5  no output from test machine
       5  kernel panic: n_tty: init_tty
       5  kernel panic: n_tty: init_tty
       5  kernel panic: n_tty: init_tty
       6  WARNING in tty_set_ldisc
       6  WARNING in tty_set_ldisc
       6  kernel panic: n_tty: init_tty
       8  kernel panic: n_tty: init_tty
The bug was not found.

2023-06-08 22:23:09
Session:   3
Template:  2018-12-08 - 579f36e1d8f5312b09edce9564c5226a5902dcf4
Syzkaller: 2018-12-08 - 579f36e1d8f5312b09edce9564c5226a5902dcf4
Kernel:    2018-12-08 - 8214bdf7d3e69050221aad19ec28826ed6cb4934
Compiler:  gcc-8.0.1-20180412
Attempt 1:
    Time  Bug Name
       1  memory leak in __neigh_create
       1  memory leak in __neigh_create
       1  memory leak in __neigh_create
       1  memory leak in __neigh_create
       1  memory leak in __neigh_create
       1  memory leak in __neigh_create
       1  memory leak in __neigh_create
       1  memory leak in __neigh_create
      24  lost connection to test machine
      24  memory leak in dccp_feat_clone_sp_val
      25  BUG: unable to handle kernel paging request in slhc_free
***   25  memory leak in kobject_set_name_vargs
The bug was found.

2023-06-08 22:59:25
Session:   4
Template:  2018-07-09 - 40ed7e838ad29ec97a110db15aaab69b350756b0
Syzkaller: 2018-07-09 - 40ed7e838ad29ec97a110db15aaab69b350756b0
Kernel:    2018-07-09 - bdf33113d89f70186ffb6674e925fa9b8a0266b1
Compiler:  gcc-8.0.1-20180412
Attempt 1:
    Time  Bug Name
       7  memory leak in kstrdup
      13  memory leak in kstrdup
      28  memory leak in dccp_feat_clone_sp_val
Attempt 2:
    Time  Bug Name
       5  memory leak in kstrdup
      22  memory leak in kstrdup
      27  BUG: corrupted list in free_block
      30  memory leak in kstrdup
Attempt 3:
    Time  Bug Name
       5  memory leak in kstrdup
      28  memory leak in dccp_feat_clone_sp_val
Attempt 4:
    Time  Bug Name
       6  memory leak in kstrdup
      21  memory leak in kstrdup
Attempt 5:
    Time  Bug Name
       4  memory leak in kstrdup
      17  memory leak in kstrdup
      25  memory leak in kstrdup
The bug was not found.

2023-06-09 01:39:35
Session:   5
Template:  2018-09-25 - 30f618d19da7a1147e648b5a69ecb1c1e4d1c553
Syzkaller: 2018-09-25 - 30f618d19da7a1147e648b5a69ecb1c1e4d1c553
Kernel:    2018-09-25 - a38523185b40fd85d2afe5b5fbfb0952f7153e96
Compiler:  gcc-8.0.1-20180412
Attempt 1:
    Time  Bug Name
       6  memory leak in kstrdup
      30  BUG: unable to handle kernel NULL pointer dereference in ___cache_free
Attempt 2:
    Time  Bug Name
       6  memory leak in kstrdup
      23  memory leak in inet_create
      25  memory leak in kstrdup
Attempt 3:
    Time  Bug Name
       7  memory leak in kstrdup
      25  BUG: unable to handle kernel paging request in free_block
Attempt 4:
    Time  Bug Name
       6  memory leak in kstrdup
      26  memory leak in create_filter_start
Attempt 5:
    Time  Bug Name
       7  memory leak in kstrdup
The bug was not found.

2023-06-09 04:22:15
Session:   6
Template:  2018-10-28 - 6ce28678e4349d9333c0038a866e91efd832a1ce
Syzkaller: 2018-10-28 - 6ce28678e4349d9333c0038a866e91efd832a1ce
Kernel:    2018-10-28 - 746bb4ed6d626f3f9e431a7f9b20504538e62ded
Compiler:  gcc-8.0.1-20180412
Attempt 1:
    Time  Bug Name
       1  memory leak in __neigh_create
       1  memory leak in __neigh_create
       1  memory leak in __neigh_create
       1  memory leak in __neigh_create
       1  memory leak in __neigh_create
       1  memory leak in __neigh_create
       1  memory leak in __neigh_create
       1  memory leak in __neigh_create
       2  memory leak in lapb_register
      14  memory leak in lapb_register
      18  memory leak in tty_init_dev
      18  memory leak in lapb_register
      19  memory leak in cfserl_create
***   25  memory leak in kobject_set_name_vargs
The bug was found.

2023-06-09 04:59:37
Session:   7
Template:  2018-09-26 - 58fca249ef46c67eeb8e5f495bd3c289d19974f8
Syzkaller: 2018-09-26 - 58fca249ef46c67eeb8e5f495bd3c289d19974f8
Kernel:    2018-09-26 - c307aaf3eb47969105887e4e8991ec00960a7ce8
Compiler:  gcc-8.0.1-20180412
Attempt 1:
    Time  Bug Name
       6  memory leak in kstrdup
      30  memory leak in create_filter_start
Attempt 2:
    Time  Bug Name
       7  memory leak in kstrdup
      27  memory leak in kstrdup
      28  memory leak in kstrdup
      29  memory leak in kstrdup
Attempt 3:
    Time  Bug Name
       6  memory leak in kstrdup
      24  memory leak in create_filter_start
      28  memory leak in kstrdup
Attempt 4:
    Time  Bug Name
      30  memory leak in kstrdup
Attempt 5:
    Time  Bug Name
       6  memory leak in kstrdup
      17  memory leak in kstrdup
      23  memory leak in dccp_feat_clone_sp_val
      27  memory leak in kstrdup
      30  memory leak in kstrdup
The bug was not found.

2023-06-09 07:41:30
Session:   8
Template:  2018-09-26 - 58fca249ef46c67eeb8e5f495bd3c289d19974f8
Syzkaller: 2018-10-28 - 6ce28678e4349d9333c0038a866e91efd832a1ce
Kernel:    2018-10-28 - 746bb4ed6d626f3f9e431a7f9b20504538e62ded
Compiler:  gcc-8.0.1-20180412
Attempt 1:
    Time  Bug Name
       1  memory leak in __neigh_create
       1  memory leak in __neigh_create
       1  memory leak in __neigh_create
       1  memory leak in __neigh_create
       1  memory leak in __neigh_create
       1  memory leak in __neigh_create
       1  memory leak in __neigh_create
       1  memory leak in __neigh_create
       3  lost connection to test machine
       3  lost connection to test machine
      24  BUG: unable to handle kernel paging request in slhc_free
      24  memory leak in lapb_register
      27  memory leak in lapb_register
      28  memory leak in lapb_register
Attempt 2:
    Time  Bug Name
       1  memory leak in __neigh_create
       1  memory leak in __neigh_create
       1  memory leak in __neigh_create
       1  memory leak in __neigh_create
       1  memory leak in __neigh_create
       1  memory leak in __neigh_create
       1  memory leak in __neigh_create
       1  memory leak in __neigh_create
      22  memory leak in lapb_register
      24  memory leak in lapb_register
      28  memory leak in dccp_feat_clone_sp_val
***   28  memory leak in kobject_set_name_vargs
The bug was found.

==== Kernel Inspection ====
243 Linux commits in [2018-09-26, 2018-10-28].

2023-06-09 08:53:39
Session:   9
Template:  2018-10-19 - ecb386fe6f6849c451955e16556d04b388b1fde1
Syzkaller: 2018-10-19 - ecb386fe6f6849c451955e16556d04b388b1fde1
Kernel:    2018-10-20 - b0d04fb56b3173626a15406d69f3026ca313057f
Compiler:  gcc-8.0.1-20180412
Attempt 1:
    Time  Bug Name
       1  memory leak in __neigh_create
       1  memory leak in __neigh_create
       1  memory leak in __neigh_create
       1  memory leak in __neigh_create
       1  memory leak in __neigh_create
       1  memory leak in __neigh_create
       1  memory leak in __neigh_create
       1  memory leak in __neigh_create
      24  BUG: unable to handle kernel paging request in slhc_free
***   24  memory leak in kobject_set_name_vargs
The bug was found.

2023-06-09 09:28:31
Session:   10
Template:  2018-10-10 - 5f818b4b9f7640ea6c31c3cdf138e5d5004a4b00
Syzkaller: 2018-10-10 - 5f818b4b9f7640ea6c31c3cdf138e5d5004a4b00
Kernel:    2018-10-10 - 3d647e62686f447ca4c9ba6b4500fed5f0368a98
Compiler:  gcc-8.0.1-20180412
Attempt 1:
    Time  Bug Name
       1  memory leak in __neigh_create
       1  memory leak in __neigh_create
       1  memory leak in __neigh_create
       1  memory leak in __neigh_create
       1  memory leak in __neigh_create
       1  memory leak in __neigh_create
       1  memory leak in __neigh_create
       1  memory leak in __neigh_create
       3  memory leak in lapb_register
      23  memory leak in lapb_register
      26  memory leak in lapb_register
***   27  memory leak in kobject_set_name_vargs
The bug was found.

2023-06-09 10:07:40
Session:   11
Template:  2018-10-03 - 8b311eafa7f32ebcae67cdf5e16aa1ab3fc77e7f
Syzkaller: 2018-10-03 - 8b311eafa7f32ebcae67cdf5e16aa1ab3fc77e7f
Kernel:    2018-10-04 - d2467adb66108f1b7fec8cadbdb8ca140e88effe
Compiler:  gcc-8.0.1-20180412
Attempt 1:
    Time  Bug Name
       1  memory leak in __neigh_create
       1  memory leak in __neigh_create
       1  memory leak in __neigh_create
       1  memory leak in __neigh_create
       1  memory leak in __neigh_create
       1  memory leak in __neigh_create
       2  memory leak in __neigh_create
       2  memory leak in __neigh_create
       3  memory leak in tty_init_dev
       5  memory leak in lapb_register
      20  memory leak in lapb_register
      22  memory leak in lapb_register
      23  memory leak in lapb_register
      24  memory leak in inet_create
***   30  memory leak in kobject_set_name_vargs
The bug was found.

2023-06-09 10:51:26
Session:   12
Template:  2018-09-28 - 41e4b32952f4590341ae872db0abf819b4004713
Syzkaller: 2018-09-28 - 41e4b32952f4590341ae872db0abf819b4004713
Kernel:    2018-09-29 - e75417739b1de4f6eb99f3f080c67bfd6812d562
Compiler:  gcc-8.0.1-20180412
Attempt 1:
    Time  Bug Name
       1  memory leak in __neigh_create
       1  memory leak in __neigh_create
       1  memory leak in __neigh_create
       1  memory leak in __neigh_create
       1  memory leak in __neigh_create
       1  memory leak in __neigh_create
       1  memory leak in __neigh_create
       1  memory leak in __neigh_create
      19  memory leak in lapb_register
      21  memory leak in inet_create
      27  BUG: unable to handle kernel paging request in slhc_free
Attempt 2:
    Time  Bug Name
       1  memory leak in __neigh_create
       1  memory leak in __neigh_create
       1  memory leak in __neigh_create
       1  memory leak in __neigh_create
       1  memory leak in __neigh_create
       1  memory leak in __neigh_create
       1  memory leak in __neigh_create
       1  memory leak in __neigh_create
       2  lost connection to test machine
      25  memory leak in lapb_register
***   25  memory leak in kobject_set_name_vargs
The bug was found.

2023-06-09 11:56:17
Session:   13
Template:  2018-09-28 - 41e4b32952f4590341ae872db0abf819b4004713
Syzkaller: 2018-09-28 - 41e4b32952f4590341ae872db0abf819b4004713
Kernel:    2018-09-29 - f005de0183de4c3df509f7a437a04774461f4c02
Compiler:  gcc-8.0.1-20180412
Attempt 1:
    Time  Bug Name
       1  memory leak in __neigh_create
       1  memory leak in __neigh_create
       1  memory leak in __neigh_create
       1  memory leak in __neigh_create
       1  memory leak in __neigh_create
       1  memory leak in __neigh_create
       1  memory leak in __neigh_create
       1  memory leak in __neigh_create
      22  memory leak in lapb_register
      29  memory leak in dccp_feat_clone_sp_val
Attempt 2:
    Time  Bug Name
       1  memory leak in __neigh_create
       1  memory leak in __neigh_create
       1  memory leak in __neigh_create
       1  memory leak in __neigh_create
       1  memory leak in __neigh_create
       1  memory leak in __neigh_create
       1  memory leak in __neigh_create
       1  memory leak in __neigh_create
      26  memory leak in lapb_register
      27  memory leak in lapb_register
Attempt 3:
    Time  Bug Name
       1  memory leak in __neigh_create
       1  memory leak in __neigh_create
       1  memory leak in __neigh_create
       1  memory leak in __neigh_create
       1  memory leak in __neigh_create
       1  memory leak in __neigh_create
       1  memory leak in __neigh_create
       1  memory leak in __neigh_create
       3  memory leak in lapb_register
       3  memory leak in lapb_register
       3  memory leak in lapb_register
      20  BUG: unable to handle kernel paging request in slhc_free
      23  memory leak in lapb_register
      26  WARNING in tty_ldisc_close
      27  memory leak in create_filter_start
      27  memory leak in dccp_feat_clone_sp_val
      28  memory leak in create_filter_start
***   30  memory leak in kobject_set_name_vargs
The bug was found.

2023-06-09 13:35:07
Session:   14
Template:  2018-09-28 - 41e4b32952f4590341ae872db0abf819b4004713
Syzkaller: 2018-09-28 - 41e4b32952f4590341ae872db0abf819b4004713
Kernel:    2018-09-28 - 278e59a0074139e0437d5b5f641923fce64bcd4d
Compiler:  gcc-8.0.1-20180412
Attempt 1:
    Time  Bug Name
       1  memory leak in __neigh_create
       1  memory leak in __neigh_create
       1  memory leak in __neigh_create
       1  memory leak in __neigh_create
       1  memory leak in __neigh_create
       1  memory leak in __neigh_create
       1  memory leak in __neigh_create
       1  memory leak in __neigh_create
       3  memory leak in lapb_register
       3  memory leak in lapb_register
      16  BUG: unable to handle kernel paging request in slhc_free
      21  memory leak in lapb_register
***   26  memory leak in kobject_set_name_vargs
The bug was found.

2023-06-09 14:14:27
Session:   15
Template:  2018-09-27 - 0c2fa87bc67b35886d2ff79d0a430b997e1ffee4
Syzkaller: 2018-09-27 - 0c2fa87bc67b35886d2ff79d0a430b997e1ffee4
Kernel:    2018-09-27 - c127e59bee3e26d8059683dcb919006b6a76e90c
Compiler:  gcc-8.0.1-20180412
Attempt 1:
    Time  Bug Name
       7  memory leak in kstrdup
      25  BUG: unable to handle kernel paging request in slhc_free
Attempt 2:
    Time  Bug Name
       6  memory leak in kstrdup
      14  BUG: unable to handle kernel paging request in slhc_free
Attempt 3:
    Time  Bug Name
      25  memory leak in kstrdup
      27  BUG: unable to handle kernel paging request in slhc_free
Attempt 4:
    Time  Bug Name
      27  memory leak in kstrdup
Attempt 5:
    Time  Bug Name
       6  memory leak in kstrdup
      29  memory leak in kstrdup
The bug was not found.

2023-06-09 16:59:38
Session:   16
Template:  2018-09-27 - 0c2fa87bc67b35886d2ff79d0a430b997e1ffee4
Syzkaller: 2018-09-27 - 0c2fa87bc67b35886d2ff79d0a430b997e1ffee4
Kernel:    2018-09-27 - ad0371482b1ed599a0e9f8cce50e8499c7c1497b
Compiler:  gcc-8.0.1-20180412
Attempt 1:
    Time  Bug Name
       7  memory leak in kstrdup
      24  memory leak in kstrdup
      26  memory leak in kstrdup
      29  memory leak in kstrdup
Attempt 2:
    Time  Bug Name
       7  memory leak in kstrdup
Attempt 3:
    Time  Bug Name
       6  memory leak in kstrdup
Attempt 4:
    Time  Bug Name
       6  memory leak in kstrdup
      24  memory leak in dccp_feat_clone_sp_val
      30  memory leak in kstrdup
Attempt 5:
    Time  Bug Name
       6  memory leak in kstrdup
      21  WARNING in tty_ldisc_open
The bug was not found.

== Confirming the bisected commit ==

2023-06-09 19:42:13
Session:   17
Template:  2018-09-28 - 41e4b32952f4590341ae872db0abf819b4004713
Syzkaller: 2018-09-28 - 41e4b32952f4590341ae872db0abf819b4004713
Kernel:    2018-09-28 - 278e59a0074139e0437d5b5f641923fce64bcd4d
The bug was found in a previous identical fuzzing session.

2023-06-09 19:42:13
Session:   18
Template:  2018-09-28 - 41e4b32952f4590341ae872db0abf819b4004713
Syzkaller: 2018-09-28 - 41e4b32952f4590341ae872db0abf819b4004713
Kernel:    2018-09-27 - ad0371482b1ed599a0e9f8cce50e8499c7c1497b
Compiler:  gcc-8.0.1-20180412
Attempt 1:
    Time  Bug Name
      21  BUG: unable to handle kernel paging request in slhc_free
      22  memory leak in dccp_feat_clone_sp_val
Attempt 2:
    Time  Bug Name
       6  memory leak in kstrdup
Attempt 3:
    Time  Bug Name
       7  memory leak in kstrdup
      29  memory leak in kstrdup
Attempt 4:
    Time  Bug Name
       6  memory leak in kstrdup
Attempt 5:
    Time  Bug Name
       8  memory leak in kstrdup
The bug was not found.

AUTHOR: SyzInspector crashed so close to the finish line.
Blocking Bug
278e59a0074139e0437d5b5f641923fce64bcd4d - 2018-09-28
