KASAN: null-ptr-deref Write in rhashtable_free_and_destroy,https://syzkaller.appspot.com/bug?id=c28952126847f6e6af55b800915c9dbd5286abf4
Repository: linux
Arch: amd64
Finding: 2021-04-02 - d93a0d43e3d0ba9e19387be4dae4a8d5b175a8d7
Guilty:  2016-04-05 - 60854fd94573f0d3b80b55b40cf0140a0430f3ab
Duplicate Names:
    KASAN: null-ptr-deref Write in rhashtable_free_and_destroy
    WARNING in rhashtable_free_and_destroy
Single Proc Allocation
VMs:8
CPUs:2
Procs:16
Max time:30
Max attempts:3
Testing the finding commit.

2023-05-20 18:06:55
Session:   1
Template:  2021-03-29 - 6a81331a1d4c744da9204d02ec88d558f7eea9c9
Syzkaller: 2021-03-29 - 6a81331a1d4c744da9204d02ec88d558f7eea9c9
Kernel:    2021-04-02 - d93a0d43e3d0ba9e19387be4dae4a8d5b175a8d7
Compiler:  gcc-10.2.1-20210110
Attempt 1:
    Time  Bug Name
      26  KASAN: use-after-free Read in firmware_fallback_sysfs
Attempt 2:
    Time  Bug Name
      18  KASAN: use-after-free Read in firmware_fallback_sysfs
Attempt 3:
    No crashes found.
The bug was not found.

Failure: This bug cannot be found at the finding commit.

