BUG: assuming atomic context at net/kcm/kcmsock.c:LINE,https://syzkaller.appspot.com/bug?id=ab233393413e529d0dc223eed9cdb6888857c666
Repository: linux
Arch: amd64
Finding: 2019-09-23 - 3c6a6910a81eae3566bb5fef6ea0f624382595e6
Guilty:  2019-01-31 - 6cab5e90ab2bd323c9f3811b6c70a4687df51e27
No Duplicates
Single Proc Allocation
VMs:8
CPUs:2
Procs:16
Max time:30
Max attempts:3
Testing the finding commit.

2023-04-16 23:14:49
Session:   1
Template:  2019-09-23 - c68252d2244822a3ef8ae391be50481368176448
Syzkaller: 2019-09-23 - c68252d2244822a3ef8ae391be50481368176448
Kernel:    2019-09-23 - 3c6a6910a81eae3566bb5fef6ea0f624382595e6
Compiler:  gcc-9.0.0-20181231
Attempt 1:
    Time  Bug Name
***    2  BUG: assuming atomic context at net/kcm/kcmsock.c:LINE
Attempt 2:
    Time  Bug Name
***    3  BUG: assuming atomic context at net/kcm/kcmsock.c:LINE
Attempt 3:
    Time  Bug Name
***    2  BUG: assuming atomic context at net/kcm/kcmsock.c:LINE
The bug was found.

New Max Time: 10.
Merge Commit: 2019-02-01 - e7b816415e031bf7879ffd234c5e4f4fcec13a74.

==== Template Retrospection ====
11 template changes in [2019-02-01, 2019-09-23].

2023-04-17 00:22:53
Session:   2
Template:  2019-07-16 - 84d08cdf2d65976799e858fd6add094cd462b506
Syzkaller: 2019-07-16 - 84d08cdf2d65976799e858fd6add094cd462b506
Kernel:    2019-07-16 - 0a8ad0ffa4d80a544f6cbff703bf6394339afcdf
Compiler:  gcc-9.0.0-20181231
Attempt 1:
    Time  Bug Name
       7  no output from test machine
       7  no output from test machine
       7  no output from test machine
       7  no output from test machine
Attempt 2:
    Time  Bug Name
       7  no output from test machine
       7  no output from test machine
       8  INFO: task hung in linkwatch_event
       8  INFO: task hung in linkwatch_event
      10  INFO: task hung in linkwatch_event
Attempt 3:
    Time  Bug Name
       7  no output from test machine
       7  no output from test machine
       7  no output from test machine
       7  no output from test machine
       8  INFO: task hung in linkwatch_event
The bug was not found.

2023-04-17 01:38:13
Session:   3
Template:  2019-09-17 - c9364a464803dee7c57da611a17d01b57b53ff7d
Syzkaller: 2019-09-17 - c9364a464803dee7c57da611a17d01b57b53ff7d
Kernel:    2019-09-17 - 7ad67ca5534ee7c958559c4ad610f05c4578e361
Compiler:  gcc-9.0.0-20181231
Attempt 1:
    Time  Bug Name
       7  no output from test machine
Attempt 2:
    No crashes found.
Attempt 3:
    No crashes found.
The bug was not found.

2023-04-17 02:48:38
Session:   4
Template:  2019-09-18 - c2dcd7009f76ef614ef3f5cc7c11a89d6d83d08c
Syzkaller: 2019-09-18 - c2dcd7009f76ef614ef3f5cc7c11a89d6d83d08c
Kernel:    2019-09-18 - f60c55a94e1d127186566f06294f2dadd966e9b4
Compiler:  gcc-9.0.0-20181231
Attempt 1:
    Time  Bug Name
***    2  BUG: assuming atomic context at net/kcm/kcmsock.c:LINE
The bug was found.

2023-04-17 03:30:03
Session:   5
Template:  2019-09-17 - 03e0d245596b0276ea0cdc8efe6120f51653a713
Syzkaller: 2019-09-17 - 03e0d245596b0276ea0cdc8efe6120f51653a713
Kernel:    2019-09-17 - 7ad67ca5534ee7c958559c4ad610f05c4578e361
Compiler:  gcc-9.0.0-20181231
Attempt 1:
    Time  Bug Name
       7  no output from test machine
       7  no output from test machine
       7  no output from test machine
Attempt 2:
    Time  Bug Name
       7  no output from test machine
       7  no output from test machine
Attempt 3:
    Time  Bug Name
       7  no output from test machine
       7  no output from test machine
       8  no output from test machine
The bug was not found.

2023-04-17 04:40:01
Session:   6
Template:  2019-09-17 - 03e0d245596b0276ea0cdc8efe6120f51653a713
Syzkaller: 2019-09-18 - c2dcd7009f76ef614ef3f5cc7c11a89d6d83d08c
Kernel:    2019-09-18 - f60c55a94e1d127186566f06294f2dadd966e9b4
Compiler:  gcc-9.0.0-20181231
Attempt 1:
    Time  Bug Name
***    3  BUG: assuming atomic context at net/kcm/kcmsock.c:LINE
The bug was found.

==== Kernel Retrospection ====
52 Linux commits in [2019-09-17, 2019-09-18].

2023-04-17 05:22:36
Session:   7
Template:  2019-09-17 - 03e0d245596b0276ea0cdc8efe6120f51653a713
Syzkaller: 2019-09-17 - 03e0d245596b0276ea0cdc8efe6120f51653a713
Kernel:    2019-09-17 - 7c672abc120a55f678e5571ae2ee93f06ca4d7f9
Compiler:  gcc-9.0.0-20181231
Attempt 1:
    Time  Bug Name
       8  INFO: task hung in switchdev_deferred_process_work
      10  INFO: task hung in linkwatch_event
Attempt 2:
    Time  Bug Name
       7  no output from test machine
       8  no output from test machine
       9  WARNING: ODEBUG bug in netdev_freemem
Attempt 3:
    Time  Bug Name
       7  no output from test machine
The bug was not found.

2023-04-17 06:29:48
Session:   8
Template:  2019-09-18 - 46c0be242e2548c889a96285e9c1ec97db28efe2
Syzkaller: 2019-09-18 - 46c0be242e2548c889a96285e9c1ec97db28efe2
Kernel:    2019-09-18 - 1f7d290a7275edb270dbee13212c37cb59940221
Compiler:  gcc-9.0.0-20181231
Attempt 1:
    No crashes found.
Attempt 2:
    Time  Bug Name
       8  INFO: task hung in addrconf_verify_work
Attempt 3:
    No crashes found.
The bug was not found.

2023-04-17 07:37:31
Session:   9
Template:  2019-09-18 - 46c0be242e2548c889a96285e9c1ec97db28efe2
Syzkaller: 2019-09-18 - 46c0be242e2548c889a96285e9c1ec97db28efe2
Kernel:    2019-09-18 - 53e5e7a7a71cb531edd3a4399f1abc68d7045764
Compiler:  gcc-9.0.0-20181231
Attempt 1:
    Time  Bug Name
***    2  BUG: assuming atomic context at net/kcm/kcmsock.c:LINE
The bug was found.

2023-04-17 08:10:51
Session:   10
Template:  2019-09-18 - 46c0be242e2548c889a96285e9c1ec97db28efe2
Syzkaller: 2019-09-18 - 46c0be242e2548c889a96285e9c1ec97db28efe2
Kernel:    2019-09-18 - 6cfae0c26b21dce323fe8799b66cf4bc996e3565
Compiler:  gcc-9.0.0-20181231
Attempt 1:
    Time  Bug Name
       7  no output from test machine
Attempt 2:
    Time  Bug Name
       7  no output from test machine
Attempt 3:
    Time  Bug Name
       7  no output from test machine
       7  no output from test machine
       7  no output from test machine
       7  no output from test machine
The bug was not found.

2023-04-17 09:21:09
Session:   11
Template:  2019-09-18 - 46c0be242e2548c889a96285e9c1ec97db28efe2
Syzkaller: 2019-09-18 - 46c0be242e2548c889a96285e9c1ec97db28efe2
Kernel:    2019-09-18 - 81160dda9a7aad13c04e78bb2cfd3c4630e3afab
Compiler:  gcc-9.0.0-20181231
Attempt 1:
    Time  Bug Name
***    2  BUG: assuming atomic context at net/kcm/kcmsock.c:LINE
The bug was found.

2023-04-17 10:06:49
Session:   12
Template:  2019-09-18 - 46c0be242e2548c889a96285e9c1ec97db28efe2
Syzkaller: 2019-09-18 - 46c0be242e2548c889a96285e9c1ec97db28efe2
Kernel:    2019-09-18 - 8b53c76533aa4356602aea98f98a2f3b4051464c
Compiler:  gcc-9.0.0-20181231
Attempt 1:
    No crashes found.
Attempt 2:
    Time  Bug Name
       7  no output from test machine
      10  INFO: task hung in switchdev_deferred_process_work
      10  INFO: task hung in switchdev_deferred_process_work
Attempt 3:
    Time  Bug Name
       7  no output from test machine
       7  no output from test machine
The bug was not found.

== Confirming the bisected commit ==

2023-04-17 11:12:56
Session:   13
Template:  2019-09-18 - 46c0be242e2548c889a96285e9c1ec97db28efe2
Syzkaller: 2019-09-18 - 46c0be242e2548c889a96285e9c1ec97db28efe2
Kernel:    2019-09-18 - 81160dda9a7aad13c04e78bb2cfd3c4630e3afab
The bug was found in a previous identical fuzzing session.

2023-04-17 11:12:56
Session:   14
Template:  2019-09-18 - 46c0be242e2548c889a96285e9c1ec97db28efe2
Syzkaller: 2019-09-18 - 46c0be242e2548c889a96285e9c1ec97db28efe2
Kernel:    2019-09-18 - 8b53c76533aa4356602aea98f98a2f3b4051464c
The bug was not found in a previous identical fuzzing session.

====================================================================================================================================================
Revealing Factor:   Kernel Commit
Version:            2019-09-18 - 81160dda9a7aad13c04e78bb2cfd3c4630e3afab
Commit Name:        Merge git://git.kernel.org/pub/scm/linux/kernel/git/netdev/net-next

Bug Name:           BUG: assuming atomic context at net/kcm/kcmsock.c:LINE
Bug Link:           https://syzkaller.appspot.com/bug?id=ab233393413e529d0dc223eed9cdb6888857c666
Arch:               amd64
Finding Date:       2019-09-23
Finding Commit:     2019-09-23 - 3c6a6910a81eae3566bb5fef6ea0f624382595e6
Guilty Merge:       2019-02-01 - e7b816415e031bf7879ffd234c5e4f4fcec13a74
Guilty Commit:      2019-01-31 - 6cab5e90ab2bd323c9f3811b6c70a4687df51e27

Possible Blocking Bugs:
    no output from test machine
