INFO: task hung in addrconf_verify_work,https://syzkaller.appspot.com/bug?id=efc234d0d3f0d6b900fe67b5334dc76cde55dbd4
Repository: linux
Arch: amd64
Finding: 2020-11-18 - c2e7554e1b85935d962127efa3c2a76483b0b3b6
Guilty:  2020-09-24 - 0fedc63fadf0404a729e73a35349481c8009c02f
No Duplicates
Single Proc Allocation
VMs:8
CPUs:2
Procs:16
Max time:30
Max attempts:3
Testing the finding commit.

2023-04-12 15:33:14
Session:   1
Template:  2020-11-18 - 0767f13fbd87c99aea7893eb64199b76be42cd61
Syzkaller: 2020-11-18 - 0767f13fbd87c99aea7893eb64199b76be42cd61
Kernel:    2020-11-18 - c2e7554e1b85935d962127efa3c2a76483b0b3b6
Compiler:  gcc-10.1.0-syz
Attempt 1:
    Time  Bug Name
       4  BUG: sleeping function called from invalid context in sta_info_move_state
       4  BUG: sleeping function called from invalid context in sta_info_move_state
       6  INFO: task hung in addrconf_dad_work
       6  INFO: task hung in addrconf_dad_work
       6  INFO: task hung in switchdev_deferred_process_work
       7  possible deadlock in evict
       9  BUG: sleeping function called from invalid context in sta_info_move_state
Attempt 2:
    Time  Bug Name
       3  BUG: sleeping function called from invalid context in sta_info_move_state
       4  BUG: sleeping function called from invalid context in sta_info_move_state
       5  INFO: task hung in cfg80211_event_work
       6  INFO: task hung in addrconf_dad_work
       6  INFO: task hung in addrconf_dad_work
Attempt 3:
    Time  Bug Name
       4  BUG: sleeping function called from invalid context in sta_info_move_state
       6  INFO: task hung in addrconf_dad_work
       6  INFO: task hung in addrconf_dad_work
       6  INFO: task hung in addrconf_dad_work
       8  BUG: sleeping function called from invalid context in sta_info_move_state
The bug was not found.

Failure: This bug cannot be found at the finding commit.
