general protection fault in fanotify_handle_event,https://syzkaller.appspot.com/bug?id=02092775407f269a1c11c262ac79062ca33fbc88
Repository: linux
Arch: amd64
Finding: 2019-04-17 - e53f31bffe1d552f496b674cd1733658a268e177
Guilty:  2019-02-07 - 77115225acc67d9ac4b15f04dd138006b9cd1ef2
No Duplicates
Single Proc Allocation
VMs:8
CPUs:2
Procs:16
Max time:30
Max attempts:3
Testing the finding commit.

2023-06-17 19:19:18
Session:   1
Template:  2019-04-17 - b0e8efcb4b0aac61f4647a76bbe54a5d38a370ba
Syzkaller: 2019-04-17 - b0e8efcb4b0aac61f4647a76bbe54a5d38a370ba
Kernel:    2019-04-17 - e53f31bffe1d552f496b674cd1733658a268e177
Compiler:  gcc-9.0.0-20181231
Error: Syzkaller failed to make.
