WARNING: refcount bug in kvm_vm_ioctl,https://syzkaller.appspot.com/bug?id=2b9fab00a235b50a34adbc35adc236f7dbe490fd
Repository: linux
Arch: i386
Finding: 2018-09-29 - 291d0e5d81e101392379217b06251fe8c27f1f80
Guilty:  2013-04-26 - 852b6d57dc7fa378019786fa84727036e56839ea
No Duplicates
Default Allocation.
VMs:4
CPUs:4
Procs:24
Max time:30
Max attempts:3
Testing the finding commit.

2023-06-12 15:57:46
Session:   1
Template:  2018-09-28 - 41e4b32952f4590341ae872db0abf819b4004713
Syzkaller: 2018-09-28 - 41e4b32952f4590341ae872db0abf819b4004713
Kernel:    2018-09-29 - 291d0e5d81e101392379217b06251fe8c27f1f80
Compiler:  gcc-8.0.1-20180412
Attempt 1:
    No crashes found.
Attempt 2:
    No crashes found.
Attempt 3:
    No crashes found.
The bug was not found.

Failure: This bug cannot be found at the finding commit.
