memory leak in nf_tables_parse_netdev_hooks,https://syzkaller.appspot.com/bug?id=6d412510c4799ff347cfae839f69506cde183ef8
Repository: linux
Arch: amd64
Finding: 2020-01-15 - 51d69817519f5f00041a1a039277f0367d76c82c
Guilty:  2019-10-23 - b75a3e8371bce7985d3d149ad3442bf2a036065c
No Duplicates
Single Proc Allocation
VMs:8
CPUs:2
Procs:16
Max time:30
Max attempts:5
Testing the finding commit.

2023-03-22 08:51:54
Session:   1
Template:  2020-01-16 - 3de7aabbb79a6c2267f5d7ee8a8aaa83f63305b7
Syzkaller: 2020-01-16 - 3de7aabbb79a6c2267f5d7ee8a8aaa83f63305b7
Kernel:    2020-01-15 - 51d69817519f5f00041a1a039277f0367d76c82c
Compiler:  gcc-9.0.0-20181231
Attempt 1:
    Time  Bug Name
***    2  memory leak in nf_tables_parse_netdev_hooks
Attempt 2:
    Time  Bug Name
***    2  memory leak in nf_tables_parse_netdev_hooks
Attempt 3:
    Time  Bug Name
***    2  memory leak in nf_tables_parse_netdev_hooks
Attempt 4:
    Time  Bug Name
***    2  memory leak in nf_tables_parse_netdev_hooks
Attempt 5:
    Time  Bug Name
***    2  memory leak in nf_tables_parse_netdev_hooks
The bug was found.

New Max Time: 30.
Merge Commit: 2019-10-26 - 4b1f5ddaffbddfcd7bd696df675c6482a1d2b457.

==== Template Inspection ====
11 template changes in [2019-10-26, 2020-01-16].

2023-03-22 09:36:45
Session:   2
Template:  2020-01-05 - d646e21ff436cd2a40b23314436cd53f21ae9500
Syzkaller: 2020-01-05 - d646e21ff436cd2a40b23314436cd53f21ae9500
Kernel:    2020-01-05 - c79f46a282390e0f5b306007bf7b11a46d529538
Compiler:  gcc-9.0.0-20181231
Attempt 1:
    No crashes found.
Attempt 2:
    No crashes found.
Attempt 3:
    No crashes found.
Attempt 4:
    No crashes found.
Attempt 5:
    No crashes found.
The bug was not found.

2023-03-22 12:33:35
Session:   3
Template:  2020-01-09 - a41d89c7c9c1d0f683ea9884d33d094247eda218
Syzkaller: 2020-01-09 - a41d89c7c9c1d0f683ea9884d33d094247eda218
Kernel:    2020-01-09 - 4a3033ef6e6bb4c566bd1d556de69b494d76976c
Compiler:  gcc-9.0.0-20181231
Attempt 1:
    No crashes found.
Attempt 2:
    No crashes found.
Attempt 3:
    No crashes found.
Attempt 4:
    No crashes found.
Attempt 5:
    No crashes found.
The bug was not found.

2023-03-22 15:41:50
Session:   4
Template:  2020-01-15 - b67897d4d1e0adbe963dd3bf9ed797586aa88fd1
Syzkaller: 2020-01-15 - b67897d4d1e0adbe963dd3bf9ed797586aa88fd1
Kernel:    2020-01-15 - 51d69817519f5f00041a1a039277f0367d76c82c
Compiler:  gcc-9.0.0-20181231
Attempt 1:
    Time  Bug Name
***    2  memory leak in nf_tables_parse_netdev_hooks
The bug was found.

2023-03-22 16:19:55
Session:   5
Template:  2020-01-14 - 02b6b5430a9dce0f1fa9a6529dde38bf07d43ced
Syzkaller: 2020-01-14 - 02b6b5430a9dce0f1fa9a6529dde38bf07d43ced
Kernel:    2020-01-14 - 95e20af9fb9ce572129b930967dcb762a318c588
Compiler:  gcc-9.0.0-20181231
Attempt 1:
    Time  Bug Name
***    2  memory leak in nf_tables_parse_netdev_hooks
The bug was found.

2023-03-22 16:56:48
Session:   6
Template:  2020-01-09 - a41d89c7c9c1d0f683ea9884d33d094247eda218
Syzkaller: 2020-01-14 - 02b6b5430a9dce0f1fa9a6529dde38bf07d43ced
Kernel:    2020-01-14 - 95e20af9fb9ce572129b930967dcb762a318c588
Attempt 1:
    No crashes found.
Attempt 2:
    No crashes found.
Attempt 3:
    No crashes found.
Attempt 4:
    No crashes found.
Attempt 5:
    No crashes found.
The bug was not found.

====================================================================================================================================================
Revealing Factor:   Template Update
Version:            2020-01-14 - 02b6b5430a9dce0f1fa9a6529dde38bf07d43ced
Commit Name:        sys/linux: add NFNL_SUBSYS_NFTABLES descriptions

Bug Name:           memory leak in nf_tables_parse_netdev_hooks
Bug Link:           https://syzkaller.appspot.com/bug?id=6d412510c4799ff347cfae839f69506cde183ef8
Arch:               amd64
Finding Date:       2020-01-16
Finding Commit:     2020-01-15 - 51d69817519f5f00041a1a039277f0367d76c82c
Guilty Merge:       2019-10-26 - 4b1f5ddaffbddfcd7bd696df675c6482a1d2b457
Guilty Commit:      2019-10-23 - b75a3e8371bce7985d3d149ad3442bf2a036065c

Possible Blocking Bugs:
