WARNING in nft_request_module,https://syzkaller.appspot.com/bug?id=fb071b198e21a01e4836057b554a1962510acda3
Repository: linux
Arch: amd64
Finding: 2020-01-15 - 51d69817519f5f00041a1a039277f0367d76c82c
Guilty:  2018-07-18 - 452238e8d5ffd8b77f92387519513839d4ca7379
No Duplicates
Single Proc Allocation
VMs:8
CPUs:2
Procs:16
Max time:30
Max attempts:3
Testing the finding commit.

2023-03-14 20:25:44
Session:   1
Template:  2020-01-15 - f9b6950728295eb8f52b05a0d9e5dccd99f93eaa
Syzkaller: 2020-01-15 - f9b6950728295eb8f52b05a0d9e5dccd99f93eaa
Kernel:    2020-01-15 - 51d69817519f5f00041a1a039277f0367d76c82c
Compiler:  gcc-9.0.0-20181231
Attempt 1:
    Time  Bug Name
***    2  WARNING in nft_request_module
Attempt 2:
    Time  Bug Name
***    2  WARNING in nft_request_module
Attempt 3:
    Time  Bug Name
***    2  WARNING in nft_request_module
The bug was found.

New Max Time: 10.
Merge Commit: 2018-07-21 - 99d20a461c43556242a4e1b65e309f1c1fadea4f.

==== Template Inspection ====
21 template changes in [2018-07-21, 2020-01-15].

2023-03-14 21:31:07
Session:   2
Template:  2019-11-26 - bc992c0ee464a9136203433aa7d282255616ca6e
Syzkaller: 2019-11-26 - bc992c0ee464a9136203433aa7d282255616ca6e
Kernel:    2019-11-26 - 1ae78780eda54023a0fb49ee743dbba39da148e0
Compiler:  gcc-9.0.0-20181231
Attempt 1:
    No crashes found.
Attempt 2:
    No crashes found.
Attempt 3:
    No crashes found.
The bug was not found.

2023-03-14 22:34:28
Session:   3
Template:  2020-01-05 - d83499aa568e869fc4bea4e278a0f2229214b29d
Syzkaller: 2020-01-05 - d83499aa568e869fc4bea4e278a0f2229214b29d
Kernel:    2020-01-05 - c79f46a282390e0f5b306007bf7b11a46d529538
Compiler:  gcc-9.0.0-20181231
Attempt 1:
    No crashes found.
Attempt 2:
    No crashes found.
Attempt 3:
    No crashes found.
The bug was not found.

2023-03-14 23:46:02
Session:   4
Template:  2020-01-14 - 02b6b5430a9dce0f1fa9a6529dde38bf07d43ced
Syzkaller: 2020-01-14 - 02b6b5430a9dce0f1fa9a6529dde38bf07d43ced
Kernel:    2020-01-14 - 95e20af9fb9ce572129b930967dcb762a318c588
Compiler:  gcc-9.0.0-20181231
Attempt 1:
    No crashes found.
Attempt 2:
    No crashes found.
Attempt 3:
    No crashes found.
The bug was not found.

2023-03-15 00:46:16
Session:   5
Template:  2020-01-15 - b67897d4d1e0adbe963dd3bf9ed797586aa88fd1
Syzkaller: 2020-01-15 - b67897d4d1e0adbe963dd3bf9ed797586aa88fd1
Kernel:    2020-01-15 - 51d69817519f5f00041a1a039277f0367d76c82c
Compiler:  gcc-9.0.0-20181231
Attempt 1:
    Time  Bug Name
***    2  WARNING in nft_request_module
The bug was found.

2023-03-15 01:21:27
Session:   6
Template:  2020-01-14 - 02b6b5430a9dce0f1fa9a6529dde38bf07d43ced
Syzkaller: 2020-01-15 - b67897d4d1e0adbe963dd3bf9ed797586aa88fd1
Kernel:    2020-01-15 - 51d69817519f5f00041a1a039277f0367d76c82c
Attempt 1:
    No crashes found.
Attempt 2:
    Time  Bug Name
      10  general protection fault in nft_chain_parse_hook
Attempt 3:
    No crashes found.
The bug was not found.

====================================================================================================================================================
Revealing Factor:   Template Update
Version:            2020-01-15 - b67897d4d1e0adbe963dd3bf9ed797586aa88fd1
Commit Name:        sys/linux: extend and improve NFNL_SUBSYS_NFTABLES descriptions

Bug Name:           WARNING in nft_request_module
Bug Link:           https://syzkaller.appspot.com/bug?id=fb071b198e21a01e4836057b554a1962510acda3
Arch:               amd64
Finding Date:       2020-01-15
Finding Commit:     2020-01-15 - 51d69817519f5f00041a1a039277f0367d76c82c
Guilty Merge:       2018-07-21 - 99d20a461c43556242a4e1b65e309f1c1fadea4f
Guilty Commit:      2018-07-18 - 452238e8d5ffd8b77f92387519513839d4ca7379

Possible Blocking Bugs:
