BUG: unable to handle kernel paging request in xfs_sb_quiet_read_verify,https://syzkaller.appspot.com/bug?id=fe90751f0f7b5697d584a737b0ab5af54d37e556
Repository: linux
Arch: amd64
Finding: 2019-12-17 - 2187f215ebaac73ddbd814696d7c7fa34f0c3de0
Guilty:  2019-12-01 - 3c5c3cfb9ef4da957e3357a2bd36f76ee34c0862
Duplicate Names:
    BUG: unable to handle kernel paging request in ion_heap_sglist_zero
    BUG: unable to handle kernel paging request in xfs_sb_read_verify
    BUG: unable to handle kernel paging request in ion_heap_clear_pages
    BUG: unable to handle kernel paging request in xfs_sb_quiet_read_verify
Single Proc Allocation
VMs:8
CPUs:2
Procs:16
Max time:30
Max attempts:3
Testing the finding commit.

2023-03-28 07:47:38
Session:   1
Template:  2019-12-17 - 64ca0a371100fc7dfdb20de9263763e46c88a436
Syzkaller: 2019-12-17 - 64ca0a371100fc7dfdb20de9263763e46c88a436
Kernel:    2019-12-17 - 2187f215ebaac73ddbd814696d7c7fa34f0c3de0
Compiler:  gcc-9.0.0-20181231
Attempt 1:
    Time  Bug Name
***    2  BUG: unable to handle kernel paging request in xfs_sb_quiet_read_verify
Attempt 2:
    Time  Bug Name
***    2  BUG: unable to handle kernel paging request in xfs_sb_quiet_read_verify
Attempt 3:
    Time  Bug Name
***    2  BUG: unable to handle kernel paging request in xfs_sb_quiet_read_verify
The bug was found.

New Max Time: 10.
Merge Commit: 2019-12-02 - 596cf45cbf6e4fa7bcb0df33e373a7d062b644b5.
No template updates to inspect.

==== Kernel Retrospection ====
128 Linux commits in [2019-12-02, 2019-12-17].

2023-03-28 08:28:01
Session:   2
Template:  2019-12-07 - 1508f45368a309a3b1196a342b3d64ce7be4cc43
Syzkaller: 2019-12-07 - 1508f45368a309a3b1196a342b3d64ce7be4cc43
Kernel:    2019-12-07 - 85190d15f4ea88e60047256fecb8216d5323ea47
Compiler:  gcc-9.0.0-20181231
Attempt 1:
    Time  Bug Name
***    2  BUG: unable to handle kernel paging request in xfs_sb_quiet_read_verify
The bug was found.

2023-03-28 09:05:49
Session:   3
Template:  2019-12-04 - b20883285d2350f5694399287b7f03478a3036c6
Syzkaller: 2019-12-04 - b20883285d2350f5694399287b7f03478a3036c6
Kernel:    2019-12-04 - aedc0650f9135f3b92b39cbed1a8fe98d8088825
Compiler:  gcc-9.0.0-20181231
Attempt 1:
    Time  Bug Name
***    3  BUG: unable to handle kernel paging request in xfs_sb_quiet_read_verify
The bug was found.

2023-03-28 09:40:55
Session:   4
Template:  2019-12-03 - 0ecb9746a701be4544b845514a31a21cce92cc79
Syzkaller: 2019-12-03 - 0ecb9746a701be4544b845514a31a21cce92cc79
Kernel:    2019-12-03 - 2dff2a1c9b7cc83529119eb04cef1d7b68e11352
Compiler:  gcc-9.0.0-20181231
Attempt 1:
    Time  Bug Name
***    3  BUG: unable to handle kernel paging request in xfs_sb_quiet_read_verify
The bug was found.

2023-03-28 10:14:38
Session:   5
Template:  2019-12-02 - ab342da3f9aa45e3f2d9e872576ab5cd3e3c350b
Syzkaller: 2019-12-02 - ab342da3f9aa45e3f2d9e872576ab5cd3e3c350b
Kernel:    2019-12-02 - 97eeb4d9d755605385fa329da9afa38729f3413c
Compiler:  gcc-9.0.0-20181231
Attempt 1:
    Time  Bug Name
***    3  BUG: unable to handle kernel paging request in xfs_sb_quiet_read_verify
The bug was found.

2023-03-28 10:56:49
Session:   6
Template:  2019-12-02 - ab342da3f9aa45e3f2d9e872576ab5cd3e3c350b
Syzkaller: 2019-12-02 - ab342da3f9aa45e3f2d9e872576ab5cd3e3c350b
Kernel:    2019-12-02 - 2c97b5ae83dca56718774e7b4bf9640f05d11867
Compiler:  gcc-9.0.0-20181231
Attempt 1:
    Time  Bug Name
***    2  BUG: unable to handle kernel paging request in xfs_sb_quiet_read_verify
The bug was found.

2023-03-28 11:28:10
Session:   7
Template:  2019-12-02 - ab342da3f9aa45e3f2d9e872576ab5cd3e3c350b
Syzkaller: 2019-12-02 - ab342da3f9aa45e3f2d9e872576ab5cd3e3c350b
Kernel:    2019-12-02 - 1daa56bcfd8b329447e0c1b1e91c3925d08489b7
Compiler:  gcc-9.0.0-20181231
Attempt 1:
    Time  Bug Name
***    3  BUG: unable to handle kernel paging request in xfs_sb_quiet_read_verify
The bug was found.

2023-03-28 12:05:50
Session:   8
Template:  2019-12-02 - ab342da3f9aa45e3f2d9e872576ab5cd3e3c350b
Syzkaller: 2019-12-02 - ab342da3f9aa45e3f2d9e872576ab5cd3e3c350b
Kernel:    2019-12-02 - a5255bc31673c72e264d837cd13cd3085d72cb58
Compiler:  gcc-9.0.0-20181231
Attempt 1:
    Time  Bug Name
***    3  BUG: unable to handle kernel paging request in xfs_sb_quiet_read_verify
The bug was found.

2023-03-28 12:39:25
Session:   9
Template:  2019-12-02 - ab342da3f9aa45e3f2d9e872576ab5cd3e3c350b
Syzkaller: 2019-12-02 - ab342da3f9aa45e3f2d9e872576ab5cd3e3c350b
Kernel:    2019-12-02 - 596cf45cbf6e4fa7bcb0df33e373a7d062b644b5
Compiler:  gcc-9.0.0-20181231
Attempt 1:
    Time  Bug Name
***    2  BUG: unable to handle kernel paging request in xfs_sb_quiet_read_verify
The bug was found.

== Confirming the bisected commit ==

2023-03-28 13:16:28
Session:   10
Template:  2019-12-02 - ab342da3f9aa45e3f2d9e872576ab5cd3e3c350b
Syzkaller: 2019-12-02 - ab342da3f9aa45e3f2d9e872576ab5cd3e3c350b
Kernel:    2019-12-02 - 596cf45cbf6e4fa7bcb0df33e373a7d062b644b5
The bug was found in a previous identical fuzzing session.

====================================================================================================================================================
Revealing Factor:   Guilty Merge
Version:            2019-12-02 - 596cf45cbf6e4fa7bcb0df33e373a7d062b644b5
Commit Name:        Merge branch 'akpm' (patches from Andrew)

Bug Name:           BUG: unable to handle kernel paging request in xfs_sb_quiet_read_verify
Bug Link:           https://syzkaller.appspot.com/bug?id=fe90751f0f7b5697d584a737b0ab5af54d37e556
Arch:               amd64
Finding Date:       2019-12-17
Finding Commit:     2019-12-17 - 2187f215ebaac73ddbd814696d7c7fa34f0c3de0
Guilty Merge:       2019-12-02 - 596cf45cbf6e4fa7bcb0df33e373a7d062b644b5
Guilty Commit:      2019-12-01 - 3c5c3cfb9ef4da957e3357a2bd36f76ee34c0862

Possible Blocking Bugs:
