WARNING in enqueue_task_dl,https://syzkaller.appspot.com/bug?id=40cdeb3bf27f6ec1fa468f8d7fff780368704d67
Repository: linux
Arch: amd64
Finding: 2018-11-16 - 1ce80e0fe98e72af4125f47c65b0bc01b60a7feb
Guilty:  2014-01-13 - 2d3d891d3344159d5b452a645e355bbe29591e8b
No Duplicates
Single Proc Allocation
VMs:8
CPUs:2
Procs:16
Max time:30
Max attempts:3
Testing the finding commit.

2023-06-10 13:28:51
Session:   1
Template:  2018-11-17 - 3659cea21d579af9e307c2097c89b4961f25c935
Syzkaller: 2018-11-17 - 3659cea21d579af9e307c2097c89b4961f25c935
Kernel:    2018-11-16 - 1ce80e0fe98e72af4125f47c65b0bc01b60a7feb
Compiler:  gcc-8.0.1-20180412
Attempt 1:
    Time  Bug Name
      13  no output from test machine
      14  possible deadlock in console_unlock
      20  no output from test machine
      21  no output from test machine
      22  no output from test machine
      26  no output from test machine
      26  no output from test machine
Attempt 2:
    Time  Bug Name
       6  no output from test machine
      12  no output from test machine
      13  no output from test machine
      18  no output from test machine
      18  no output from test machine
      18  no output from test machine
      19  no output from test machine
      21  no output from test machine
      24  no output from test machine
      25  no output from test machine
Attempt 3:
    Time  Bug Name
      10  no output from test machine
      12  no output from test machine
      13  no output from test machine
      16  no output from test machine
      16  no output from test machine
      18  no output from test machine
      18  no output from test machine
      21  no output from test machine
      24  no output from test machine
      24  no output from test machine
      25  no output from test machine
      26  no output from test machine
      27  no output from test machine
      28  no output from test machine
      30  no output from test machine
The bug was not found.

Failure: This bug cannot be found at the finding commit.
