KASAN: stack-out-of-bounds Write in mpol_to_str,https://syzkaller.appspot.com/bug?id=b642faac21312365cd30cc83ec73b2a05f73bf8a
Repository: linux
Arch: amd64
Finding: 2020-03-25 - e2cf67f6689a218b4d8e606e90a12491a9cfa366
Guilty:  2008-04-28 - 095f1fc4ebf36c64fddf9b6db29b1ab5517378e6
No Duplicates
Single Proc Allocation
VMs:8
CPUs:2
Procs:16
Max time:30
Max attempts:3
Testing the finding commit.

2023-06-14 19:29:18
Session:   1
Template:  2020-03-25 - e8e6c7d21dbd86f502f66737883b1a0c3ae8eeb1
Syzkaller: 2020-03-25 - e8e6c7d21dbd86f502f66737883b1a0c3ae8eeb1
Kernel:    2020-03-25 - e2cf67f6689a218b4d8e606e90a12491a9cfa366
Compiler:  gcc-9.0.0-20181231
Attempt 1:
    Time  Bug Name
***    2  KASAN: stack-out-of-bounds Write in mpol_to_str
Attempt 2:
    Time  Bug Name
***    2  KASAN: stack-out-of-bounds Write in mpol_to_str
Attempt 3:
    Time  Bug Name
***    2  KASAN: stack-out-of-bounds Write in mpol_to_str
The bug was found.

New Max Time: 10.
No Merge Commit.

==== Template Retrospection ====
11 template changes in [2017-07-22, 2020-03-25].

2023-06-14 20:00:46
Session:   2
Template:  2018-08-31 - a4718693a3d9fcabb02299b2ec07c19d8208c539
Syzkaller: 2018-08-31 - a4718693a3d9fcabb02299b2ec07c19d8208c539
Kernel:    2018-08-31 - 420f51f4ab6bce6e580390729fadb89c31123636
Compiler:  gcc-8.0.1-20180412
Attempt 1:
    No crashes found.
Attempt 2:
    No crashes found.
Attempt 3:
    No crashes found.
The bug was not found.

2023-06-14 20:43:27
Session:   3
Template:  2020-01-05 - d646e21ff436cd2a40b23314436cd53f21ae9500
Syzkaller: 2020-01-05 - d646e21ff436cd2a40b23314436cd53f21ae9500
Kernel:    2020-01-05 - c79f46a282390e0f5b306007bf7b11a46d529538
Compiler:  gcc-9.0.0-20181231
Attempt 1:
    Time  Bug Name
***    2  KASAN: stack-out-of-bounds Write in mpol_to_str
The bug was found.

2023-06-14 21:01:22
Session:   4
Template:  2019-10-25 - f2635abc2ab7c5581a369c7907278190e72520cc
Syzkaller: 2019-10-25 - f2635abc2ab7c5581a369c7907278190e72520cc
Kernel:    2019-10-25 - b4b61b224d12ef12ff21cc598acce0ee818903ab
Compiler:  gcc-9.0.0-20181231
Attempt 1:
    No crashes found.
Attempt 2:
    No crashes found.
Attempt 3:
    No crashes found.
The bug was not found.

2023-06-14 21:46:55
Session:   5
Template:  2019-10-25 - f2635abc2ab7c5581a369c7907278190e72520cc
Syzkaller: 2020-01-05 - d646e21ff436cd2a40b23314436cd53f21ae9500
Kernel:    2020-01-05 - c79f46a282390e0f5b306007bf7b11a46d529538
Compiler:  gcc-9.0.0-20181231
Attempt 1:
    No crashes found.
Attempt 2:
    No crashes found.
Attempt 3:
    No crashes found.
The bug was not found.

====================================================================================================================================================
Revealing Factor:   Template Update
Version:            2020-01-05 - d646e21ff436cd2a40b23314436cd53f21ae9500
Commit Name:        prog: fix tests for string enforcement

Bug Name:           KASAN: stack-out-of-bounds Write in mpol_to_str
Bug Link:           https://syzkaller.appspot.com/bug?id=b642faac21312365cd30cc83ec73b2a05f73bf8a
Arch:               amd64
Finding Date:       2020-03-25
Finding Commit:     2020-03-25 - e2cf67f6689a218b4d8e606e90a12491a9cfa366
Guilty Merge:       None
Guilty Commit:      2008-04-28 - 095f1fc4ebf36c64fddf9b6db29b1ab5517378e6

Possible Blocking Bugs:
