KASAN: use-after-free Read in z_erofs_transform_plain,https://syzkaller.appspot.com/bug?id=d7bb88795f76f9ea81faf97fe8e00d45e442b5f9
Repository: linux
Arch: amd64
Finding: 2022-12-01 - a4412fdd49dc011bcc2c0d81ac4cab7457092650
Guilty:  2018-07-27 - 02827e1796b33f1794966f5c3101f8da2dfa9c1d
No Duplicates
Single Proc Allocation
VMs:8
CPUs:2
Procs:16
Max time:30
Max attempts:3
Testing the finding commit.

2023-05-06 18:24:10
Session:   1
Template:  2022-06-17 - 8f633d840e3eb6454f036e9da3285bcf27345616
Syzkaller: 2022-06-17 - 8f633d840e3eb6454f036e9da3285bcf27345616
Kernel:    2022-12-01 - a4412fdd49dc011bcc2c0d81ac4cab7457092650
Compiler:  gcc-10.2.1-20210110
Attempt 1:
    No crashes found.
Attempt 2:
    No crashes found.
Attempt 3:
    Time  Bug Name
      10  no output from test machine
      12  no output from test machine
The bug was not found.

Failure: This bug cannot be found at the finding commit.
