memory leak in reiserfs_fill_super,https://syzkaller.appspot.com/bug?id=fa70eff6ae2f04be20810a8c0d7ade7e7a8ea3cf
Repository: linux
Arch: amd64
Finding: 2019-12-09 - 6794862a16ef41f753abd75c03a152836e4c8028
Guilty:  2012-01-06 - c3aa077648e147783a7a53b409578234647db853
No Duplicates
Single Proc Allocation
VMs:8
CPUs:2
Procs:16
Max time:30
Max attempts:5
Testing the finding commit.

2023-03-15 01:56:29
Session:   1
Template:  2019-12-11 - d973f52833e0e3cec5406aa9cdf606a463d85c46
Syzkaller: 2019-12-11 - d973f52833e0e3cec5406aa9cdf606a463d85c46
Kernel:    2019-12-09 - 6794862a16ef41f753abd75c03a152836e4c8028
Compiler:  gcc-9.0.0-20181231
Attempt 1:
    Time  Bug Name
       2  memory leak in reiserfs_parse_options
***    2  memory leak in reiserfs_fill_super
***    2  memory leak in reiserfs_fill_super
Attempt 2:
    Time  Bug Name
***    2  memory leak in reiserfs_fill_super
***    2  memory leak in reiserfs_fill_super
Attempt 3:
    Time  Bug Name
***    2  memory leak in reiserfs_fill_super
***    2  memory leak in reiserfs_fill_super
Attempt 4:
    Time  Bug Name
***    2  memory leak in reiserfs_fill_super
***    2  memory leak in reiserfs_fill_super
Attempt 5:
    Time  Bug Name
       2  memory leak in reiserfs_parse_options
***    2  memory leak in reiserfs_fill_super
***    2  memory leak in reiserfs_fill_super
The bug was found.

New Max Time: 30.
Merge Commit: 2012-01-08 - 972b2c719990f91eb3b2310d44ef8a2d38955a14.

==== Template Retrospection ====
16 template changes in [2017-07-22, 2019-12-11].

2023-03-15 02:55:31
Session:   2
Template:  2018-07-09 - 59da9e439317c83d5374d06832060fbd66efbbbc
Syzkaller: 2018-07-09 - 59da9e439317c83d5374d06832060fbd66efbbbc
Kernel:    2018-07-09 - bdf33113d89f70186ffb6674e925fa9b8a0266b1
Compiler:  gcc-8.0.1-20180412
Attempt 1:
    Time  Bug Name
       1  lost connection to test machine
       1  lost connection to test machine
       1  lost connection to test machine
       1  lost connection to test machine
       1  lost connection to test machine
       1  lost connection to test machine
       1  lost connection to test machine
       1  lost connection to test machine
       2  lost connection to test machine
       2  lost connection to test machine
       2  lost connection to test machine
       2  lost connection to test machine
       2  lost connection to test machine
       2  lost connection to test machine
       2  lost connection to test machine
       2  lost connection to test machine
       2  lost connection to test machine
       2  lost connection to test machine
       2  lost connection to test machine
       2  lost connection to test machine
       2  lost connection to test machine
       2  lost connection to test machine
       2  lost connection to test machine
       2  lost connection to test machine
       3  lost connection to test machine
       3  lost connection to test machine
       3  lost connection to test machine
       3  lost connection to test machine
       3  lost connection to test machine
       3  lost connection to test machine
       3  lost connection to test machine
       3  lost connection to test machine
       3  lost connection to test machine
       3  lost connection to test machine
       3  lost connection to test machine
       3  lost connection to test machine
       3  lost connection to test machine
       3  lost connection to test machine
       4  lost connection to test machine
       4  lost connection to test machine
       4  lost connection to test machine
       4  lost connection to test machine
       4  lost connection to test machine
       4  lost connection to test machine
       4  lost connection to test machine
       4  lost connection to test machine
       4  lost connection to test machine
       4  lost connection to test machine
       4  lost connection to test machine
       5  lost connection to test machine
       5  lost connection to test machine
       5  lost connection to test machine
       5  lost connection to test machine
       5  lost connection to test machine
       5  lost connection to test machine
       5  lost connection to test machine
       5  lost connection to test machine
       5  lost connection to test machine
       5  lost connection to test machine
       5  lost connection to test machine
       5  lost connection to test machine
       5  lost connection to test machine
       5  lost connection to test machine
       5  lost connection to test machine
       5  lost connection to test machine
       6  lost connection to test machine
       6  lost connection to test machine
       6  lost connection to test machine
       6  lost connection to test machine
       6  lost connection to test machine
       6  lost connection to test machine
       6  lost connection to test machine
       6  lost connection to test machine
       6  lost connection to test machine
       6  lost connection to test machine
       6  lost connection to test machine
       7  lost connection to test machine
       7  lost connection to test machine
       7  lost connection to test machine
       7  lost connection to test machine
       7  lost connection to test machine
       7  lost connection to test machine
       7  lost connection to test machine
       7  lost connection to test machine
       7  lost connection to test machine
       7  lost connection to test machine
       7  lost connection to test machine
       7  lost connection to test machine
       7  lost connection to test machine
       7  lost connection to test machine
       7  lost connection to test machine
       7  lost connection to test machine
       8  lost connection to test machine
       8  lost connection to test machine
       8  lost connection to test machine
       8  lost connection to test machine
       8  lost connection to test machine
       8  lost connection to test machine
       8  lost connection to test machine
       8  lost connection to test machine
Attempt 2:
    Time  Bug Name
       1  lost connection to test machine
       1  lost connection to test machine
       1  lost connection to test machine
       1  lost connection to test machine
       1  lost connection to test machine
       1  lost connection to test machine
       1  lost connection to test machine
       1  lost connection to test machine
       1  lost connection to test machine
       2  lost connection to test machine
       2  lost connection to test machine
       2  lost connection to test machine
       2  lost connection to test machine
       2  lost connection to test machine
       2  lost connection to test machine
       2  lost connection to test machine
       2  lost connection to test machine
       2  lost connection to test machine
       2  lost connection to test machine
       2  lost connection to test machine
       2  lost connection to test machine
       2  lost connection to test machine
       2  lost connection to test machine
       2  lost connection to test machine
       3  lost connection to test machine
       3  lost connection to test machine
       3  lost connection to test machine
       3  lost connection to test machine
       3  lost connection to test machine
       3  lost connection to test machine
       3  lost connection to test machine
       3  lost connection to test machine
       3  lost connection to test machine
       3  lost connection to test machine
       3  lost connection to test machine
       3  lost connection to test machine
       3  lost connection to test machine
       3  lost connection to test machine
       3  lost connection to test machine
       3  lost connection to test machine
       4  lost connection to test machine
       4  lost connection to test machine
       4  lost connection to test machine
       4  lost connection to test machine
       4  lost connection to test machine
       4  lost connection to test machine
       4  lost connection to test machine
       4  lost connection to test machine
       4  lost connection to test machine
       4  lost connection to test machine
       4  lost connection to test machine
       4  lost connection to test machine
       4  lost connection to test machine
       4  lost connection to test machine
       4  lost connection to test machine
       4  lost connection to test machine
       4  lost connection to test machine
       5  lost connection to test machine
       5  lost connection to test machine
       5  lost connection to test machine
       5  lost connection to test machine
       5  lost connection to test machine
       5  lost connection to test machine
       5  lost connection to test machine
       5  lost connection to test machine
       5  lost connection to test machine
       5  lost connection to test machine
       5  lost connection to test machine
       5  lost connection to test machine
       5  lost connection to test machine
       5  lost connection to test machine
       5  lost connection to test machine
       5  lost connection to test machine
       5  lost connection to test machine
       5  lost connection to test machine
       6  lost connection to test machine
       6  lost connection to test machine
       6  lost connection to test machine
       6  lost connection to test machine
       6  lost connection to test machine
       6  lost connection to test machine
       6  lost connection to test machine
       6  lost connection to test machine
       6  lost connection to test machine
       6  lost connection to test machine
       6  lost connection to test machine
       6  lost connection to test machine
       6  lost connection to test machine
       6  lost connection to test machine
       6  lost connection to test machine
       6  lost connection to test machine
       6  lost connection to test machine
       7  lost connection to test machine
       7  lost connection to test machine
       7  lost connection to test machine
       7  lost connection to test machine
       7  lost connection to test machine
       7  lost connection to test machine
       7  lost connection to test machine
       7  lost connection to test machine
Attempt 3:
    Time  Bug Name
       1  lost connection to test machine
       1  lost connection to test machine
       1  lost connection to test machine
       1  lost connection to test machine
       1  lost connection to test machine
       1  lost connection to test machine
       1  lost connection to test machine
       1  lost connection to test machine
       2  lost connection to test machine
       2  lost connection to test machine
       2  lost connection to test machine
       2  lost connection to test machine
       2  lost connection to test machine
       2  lost connection to test machine
       2  lost connection to test machine
       2  lost connection to test machine
       2  lost connection to test machine
       2  lost connection to test machine
       2  lost connection to test machine
       2  lost connection to test machine
       2  lost connection to test machine
       2  lost connection to test machine
       2  lost connection to test machine
       2  lost connection to test machine
       3  lost connection to test machine
       3  lost connection to test machine
       3  lost connection to test machine
       3  lost connection to test machine
       3  lost connection to test machine
       3  lost connection to test machine
       3  lost connection to test machine
       3  lost connection to test machine
       3  lost connection to test machine
       3  lost connection to test machine
       3  lost connection to test machine
       3  lost connection to test machine
       3  lost connection to test machine
       3  lost connection to test machine
       3  lost connection to test machine
       3  lost connection to test machine
       4  lost connection to test machine
       4  lost connection to test machine
       4  lost connection to test machine
       4  lost connection to test machine
       4  lost connection to test machine
       4  lost connection to test machine
       4  lost connection to test machine
       4  lost connection to test machine
       4  lost connection to test machine
       4  lost connection to test machine
       4  lost connection to test machine
       4  lost connection to test machine
       4  lost connection to test machine
       4  lost connection to test machine
       5  lost connection to test machine
       5  lost connection to test machine
       5  lost connection to test machine
       5  lost connection to test machine
       5  lost connection to test machine
       5  lost connection to test machine
       5  lost connection to test machine
       5  lost connection to test machine
       5  lost connection to test machine
       5  lost connection to test machine
       5  lost connection to test machine
       5  lost connection to test machine
       5  lost connection to test machine
       5  lost connection to test machine
       5  lost connection to test machine
       6  lost connection to test machine
       6  lost connection to test machine
       6  lost connection to test machine
       6  lost connection to test machine
       6  lost connection to test machine
       6  lost connection to test machine
       6  lost connection to test machine
       6  lost connection to test machine
       6  lost connection to test machine
       6  lost connection to test machine
       6  lost connection to test machine
       6  lost connection to test machine
       6  lost connection to test machine
       6  lost connection to test machine
       6  lost connection to test machine
       6  lost connection to test machine
       7  lost connection to test machine
       7  lost connection to test machine
       7  lost connection to test machine
       7  lost connection to test machine
       7  lost connection to test machine
       7  lost connection to test machine
       7  lost connection to test machine
       7  lost connection to test machine
       7  lost connection to test machine
       7  lost connection to test machine
       7  lost connection to test machine
       7  lost connection to test machine
       7  lost connection to test machine
       7  lost connection to test machine
       7  lost connection to test machine
Attempt 4:
    Time  Bug Name
       1  lost connection to test machine
       1  lost connection to test machine
       1  lost connection to test machine
       1  lost connection to test machine
       1  lost connection to test machine
       1  lost connection to test machine
       1  lost connection to test machine
       1  lost connection to test machine
       2  lost connection to test machine
       2  lost connection to test machine
       2  lost connection to test machine
       2  lost connection to test machine
       2  lost connection to test machine
       2  lost connection to test machine
       2  lost connection to test machine
       2  lost connection to test machine
       2  lost connection to test machine
       2  lost connection to test machine
       2  lost connection to test machine
       2  lost connection to test machine
       2  lost connection to test machine
       2  lost connection to test machine
       2  lost connection to test machine
       2  lost connection to test machine
       3  lost connection to test machine
       3  lost connection to test machine
       3  lost connection to test machine
       3  lost connection to test machine
       3  lost connection to test machine
       3  lost connection to test machine
       3  lost connection to test machine
       3  lost connection to test machine
       3  lost connection to test machine
       3  lost connection to test machine
       3  lost connection to test machine
       3  lost connection to test machine
       3  lost connection to test machine
       3  lost connection to test machine
       3  lost connection to test machine
       4  lost connection to test machine
       4  lost connection to test machine
       4  lost connection to test machine
       4  lost connection to test machine
       4  lost connection to test machine
       4  lost connection to test machine
       4  lost connection to test machine
       4  lost connection to test machine
       4  lost connection to test machine
       4  lost connection to test machine
       4  lost connection to test machine
       4  lost connection to test machine
       4  lost connection to test machine
       4  lost connection to test machine
       4  lost connection to test machine
       4  lost connection to test machine
       5  lost connection to test machine
       5  lost connection to test machine
       5  lost connection to test machine
       5  lost connection to test machine
       5  lost connection to test machine
       5  lost connection to test machine
       5  lost connection to test machine
       5  lost connection to test machine
       5  lost connection to test machine
       5  lost connection to test machine
       5  lost connection to test machine
       5  lost connection to test machine
       5  lost connection to test machine
       5  lost connection to test machine
       6  lost connection to test machine
       6  lost connection to test machine
       6  lost connection to test machine
       6  lost connection to test machine
       6  lost connection to test machine
       6  lost connection to test machine
       6  lost connection to test machine
       6  lost connection to test machine
       6  lost connection to test machine
       6  lost connection to test machine
       6  lost connection to test machine
       6  lost connection to test machine
       6  lost connection to test machine
       6  lost connection to test machine
       7  lost connection to test machine
       7  lost connection to test machine
       7  lost connection to test machine
       7  lost connection to test machine
       7  lost connection to test machine
       7  lost connection to test machine
       7  lost connection to test machine
       7  lost connection to test machine
       7  lost connection to test machine
       7  lost connection to test machine
       7  lost connection to test machine
       7  lost connection to test machine
       7  lost connection to test machine
       7  lost connection to test machine
       7  lost connection to test machine
       7  lost connection to test machine
       8  lost connection to test machine
Attempt 5:
    Time  Bug Name
       1  lost connection to test machine
       1  lost connection to test machine
       1  lost connection to test machine
       1  lost connection to test machine
       1  lost connection to test machine
       1  lost connection to test machine
       1  lost connection to test machine
       1  lost connection to test machine
       2  lost connection to test machine
       2  lost connection to test machine
       2  lost connection to test machine
       2  lost connection to test machine
       2  lost connection to test machine
       2  lost connection to test machine
       2  lost connection to test machine
       2  lost connection to test machine
       2  lost connection to test machine
       2  lost connection to test machine
       2  lost connection to test machine
       2  lost connection to test machine
       2  lost connection to test machine
       2  lost connection to test machine
       2  lost connection to test machine
       2  lost connection to test machine
       3  lost connection to test machine
       3  lost connection to test machine
       3  lost connection to test machine
       3  lost connection to test machine
       3  lost connection to test machine
       3  lost connection to test machine
       3  lost connection to test machine
       3  lost connection to test machine
       3  lost connection to test machine
       3  lost connection to test machine
       3  lost connection to test machine
       3  lost connection to test machine
       3  lost connection to test machine
       3  lost connection to test machine
       3  lost connection to test machine
       3  lost connection to test machine
       4  lost connection to test machine
       4  lost connection to test machine
       4  lost connection to test machine
       4  lost connection to test machine
       4  lost connection to test machine
       4  lost connection to test machine
       4  lost connection to test machine
       4  lost connection to test machine
       4  lost connection to test machine
       4  lost connection to test machine
       4  lost connection to test machine
       4  lost connection to test machine
       4  lost connection to test machine
       4  lost connection to test machine
       4  lost connection to test machine
       4  lost connection to test machine
       5  lost connection to test machine
       5  lost connection to test machine
       5  lost connection to test machine
       5  lost connection to test machine
       5  lost connection to test machine
       5  lost connection to test machine
       5  lost connection to test machine
       5  lost connection to test machine
       5  lost connection to test machine
       5  lost connection to test machine
       5  lost connection to test machine
       5  lost connection to test machine
       5  lost connection to test machine
       5  lost connection to test machine
       5  lost connection to test machine
       5  lost connection to test machine
       6  lost connection to test machine
       6  lost connection to test machine
       6  lost connection to test machine
       6  lost connection to test machine
       6  lost connection to test machine
       6  lost connection to test machine
       6  lost connection to test machine
       6  lost connection to test machine
       6  lost connection to test machine
       6  lost connection to test machine
       6  lost connection to test machine
       6  lost connection to test machine
       6  lost connection to test machine
       6  lost connection to test machine
       6  lost connection to test machine
       7  lost connection to test machine
       7  lost connection to test machine
       7  lost connection to test machine
       7  lost connection to test machine
       7  lost connection to test machine
       7  lost connection to test machine
       7  lost connection to test machine
       7  lost connection to test machine
       7  lost connection to test machine
       7  lost connection to test machine
       7  lost connection to test machine
       7  lost connection to test machine
       7  lost connection to test machine
Attempt 6: (RETRY)
    Time  Bug Name
       1  lost connection to test machine
       1  lost connection to test machine
       1  lost connection to test machine
       1  lost connection to test machine
       1  lost connection to test machine
       1  lost connection to test machine
       1  lost connection to test machine
       1  lost connection to test machine
       1  lost connection to test machine
       1  lost connection to test machine
       2  lost connection to test machine
       2  lost connection to test machine
       2  lost connection to test machine
       2  lost connection to test machine
       2  lost connection to test machine
       2  lost connection to test machine
       2  lost connection to test machine
       2  lost connection to test machine
       2  lost connection to test machine
       2  lost connection to test machine
       2  lost connection to test machine
       2  lost connection to test machine
       2  lost connection to test machine
       2  lost connection to test machine
       2  lost connection to test machine
       3  lost connection to test machine
       3  lost connection to test machine
       3  lost connection to test machine
       3  lost connection to test machine
       3  lost connection to test machine
       3  lost connection to test machine
       3  lost connection to test machine
       3  lost connection to test machine
       3  lost connection to test machine
       3  lost connection to test machine
       3  lost connection to test machine
       3  lost connection to test machine
       3  lost connection to test machine
       4  lost connection to test machine
       4  lost connection to test machine
       4  lost connection to test machine
       4  lost connection to test machine
       4  lost connection to test machine
       4  lost connection to test machine
       4  lost connection to test machine
       4  lost connection to test machine
       4  lost connection to test machine
       4  lost connection to test machine
       4  lost connection to test machine
       4  lost connection to test machine
       4  lost connection to test machine
       5  lost connection to test machine
       5  lost connection to test machine
       5  lost connection to test machine
       5  lost connection to test machine
       5  lost connection to test machine
       5  lost connection to test machine
       5  lost connection to test machine
       5  lost connection to test machine
       5  lost connection to test machine
       5  lost connection to test machine
       5  lost connection to test machine
       5  lost connection to test machine
       5  lost connection to test machine
       5  lost connection to test machine
       5  lost connection to test machine
       5  lost connection to test machine
       6  lost connection to test machine
       6  lost connection to test machine
       6  lost connection to test machine
       6  lost connection to test machine
       6  lost connection to test machine
       6  lost connection to test machine
       6  lost connection to test machine
       6  lost connection to test machine
       6  lost connection to test machine
       7  lost connection to test machine
       7  lost connection to test machine
       7  lost connection to test machine
       7  lost connection to test machine
       7  lost connection to test machine
       7  lost connection to test machine
       7  lost connection to test machine
       7  lost connection to test machine
       7  lost connection to test machine
       7  lost connection to test machine
       7  lost connection to test machine
       7  lost connection to test machine
       7  lost connection to test machine
       7  lost connection to test machine
       8  lost connection to test machine
       8  lost connection to test machine
       8  lost connection to test machine
       8  lost connection to test machine
       8  lost connection to test machine
       8  lost connection to test machine
       8  lost connection to test machine
       8  lost connection to test machine
       8  lost connection to test machine
       8  lost connection to test machine
Attempt 7: (RETRY)
    Time  Bug Name
       1  lost connection to test machine
       1  lost connection to test machine
       1  lost connection to test machine
       1  lost connection to test machine
       1  lost connection to test machine
       1  lost connection to test machine
       2  lost connection to test machine
       2  lost connection to test machine
       2  lost connection to test machine
       2  lost connection to test machine
       2  lost connection to test machine
       2  lost connection to test machine
       2  lost connection to test machine
       2  lost connection to test machine
       2  lost connection to test machine
       2  lost connection to test machine
       2  lost connection to test machine
       2  lost connection to test machine
       2  lost connection to test machine
       2  lost connection to test machine
       2  lost connection to test machine
       3  lost connection to test machine
       3  lost connection to test machine
       3  lost connection to test machine
       3  lost connection to test machine
       3  lost connection to test machine
       3  lost connection to test machine
       3  lost connection to test machine
       3  lost connection to test machine
       3  lost connection to test machine
       3  lost connection to test machine
       3  lost connection to test machine
       3  lost connection to test machine
       4  lost connection to test machine
       4  lost connection to test machine
       4  lost connection to test machine
       4  lost connection to test machine
       4  lost connection to test machine
       4  lost connection to test machine
       4  lost connection to test machine
       4  lost connection to test machine
       4  lost connection to test machine
       4  lost connection to test machine
       4  lost connection to test machine
       4  lost connection to test machine
       4  lost connection to test machine
       4  lost connection to test machine
       5  lost connection to test machine
       5  lost connection to test machine
       5  lost connection to test machine
       5  lost connection to test machine
       5  lost connection to test machine
       5  lost connection to test machine
       5  lost connection to test machine
       5  lost connection to test machine
       5  lost connection to test machine
       5  lost connection to test machine
       5  lost connection to test machine
       5  lost connection to test machine
       5  lost connection to test machine
       6  lost connection to test machine
       6  lost connection to test machine
       6  lost connection to test machine
       6  lost connection to test machine
       6  lost connection to test machine
       6  lost connection to test machine
       6  lost connection to test machine
       6  lost connection to test machine
       6  lost connection to test machine
       6  lost connection to test machine
       6  lost connection to test machine
       6  lost connection to test machine
       6  lost connection to test machine
       6  lost connection to test machine
       6  lost connection to test machine
       6  lost connection to test machine
       7  lost connection to test machine
       7  lost connection to test machine
       7  lost connection to test machine
       7  lost connection to test machine
       7  lost connection to test machine
       7  lost connection to test machine
       7  lost connection to test machine
       7  lost connection to test machine
       7  lost connection to test machine
       7  lost connection to test machine
       7  lost connection to test machine
       7  lost connection to test machine
       8  lost connection to test machine
       8  lost connection to test machine
       8  lost connection to test machine
       8  lost connection to test machine
       8  lost connection to test machine
       8  lost connection to test machine
       8  lost connection to test machine
       8  lost connection to test machine
       8  lost connection to test machine
       8  lost connection to test machine
       8  lost connection to test machine
       8  lost connection to test machine
Attempt 8: (RETRY)
    Time  Bug Name
       1  lost connection to test machine
       1  lost connection to test machine
       1  lost connection to test machine
       1  lost connection to test machine
       1  lost connection to test machine
       1  lost connection to test machine
       1  lost connection to test machine
       1  lost connection to test machine
       2  lost connection to test machine
       2  lost connection to test machine
       2  lost connection to test machine
       2  lost connection to test machine
       2  lost connection to test machine
       2  lost connection to test machine
       2  lost connection to test machine
       2  lost connection to test machine
       2  lost connection to test machine
       2  lost connection to test machine
       2  lost connection to test machine
       2  lost connection to test machine
       2  lost connection to test machine
       2  lost connection to test machine
       2  lost connection to test machine
       2  lost connection to test machine
       3  lost connection to test machine
       3  lost connection to test machine
       3  lost connection to test machine
       3  lost connection to test machine
       3  lost connection to test machine
       3  lost connection to test machine
       3  lost connection to test machine
       3  lost connection to test machine
       3  lost connection to test machine
       3  lost connection to test machine
       3  lost connection to test machine
       3  lost connection to test machine
       3  lost connection to test machine
       3  lost connection to test machine
       3  lost connection to test machine
       3  lost connection to test machine
       3  lost connection to test machine
       4  lost connection to test machine
       4  lost connection to test machine
       4  lost connection to test machine
       4  lost connection to test machine
       4  lost connection to test machine
       4  lost connection to test machine
       4  lost connection to test machine
       4  lost connection to test machine
       4  lost connection to test machine
       4  lost connection to test machine
       4  lost connection to test machine
       4  lost connection to test machine
       4  lost connection to test machine
       4  lost connection to test machine
       5  lost connection to test machine
       5  lost connection to test machine
       5  lost connection to test machine
       5  lost connection to test machine
       5  lost connection to test machine
       5  lost connection to test machine
       5  lost connection to test machine
       5  lost connection to test machine
       5  lost connection to test machine
       5  lost connection to test machine
       5  lost connection to test machine
       5  lost connection to test machine
       5  lost connection to test machine
       6  lost connection to test machine
       6  lost connection to test machine
       6  lost connection to test machine
       6  lost connection to test machine
       6  lost connection to test machine
       6  lost connection to test machine
       6  lost connection to test machine
       6  lost connection to test machine
       6  lost connection to test machine
       6  lost connection to test machine
       6  lost connection to test machine
       6  lost connection to test machine
       6  lost connection to test machine
       6  lost connection to test machine
       6  lost connection to test machine
       7  lost connection to test machine
       7  lost connection to test machine
       7  lost connection to test machine
       7  lost connection to test machine
       7  lost connection to test machine
       7  lost connection to test machine
       7  lost connection to test machine
       7  lost connection to test machine
       7  lost connection to test machine
       7  lost connection to test machine
       7  lost connection to test machine
       7  lost connection to test machine
       7  lost connection to test machine
       7  lost connection to test machine
       7  lost connection to test machine
       7  lost connection to test machine
       8  lost connection to test machine
Attempt 9: (RETRY)
    Time  Bug Name
       1  lost connection to test machine
       1  lost connection to test machine
       1  lost connection to test machine
       1  lost connection to test machine
       1  lost connection to test machine
       1  lost connection to test machine
       1  lost connection to test machine
       1  lost connection to test machine
       2  lost connection to test machine
       2  lost connection to test machine
       2  lost connection to test machine
       2  lost connection to test machine
       2  lost connection to test machine
       2  lost connection to test machine
       2  lost connection to test machine
       2  lost connection to test machine
       2  lost connection to test machine
       2  lost connection to test machine
       2  lost connection to test machine
       2  lost connection to test machine
       2  lost connection to test machine
       2  lost connection to test machine
       2  lost connection to test machine
       2  lost connection to test machine
       2  lost connection to test machine
       3  lost connection to test machine
       3  lost connection to test machine
       3  lost connection to test machine
       3  lost connection to test machine
       3  lost connection to test machine
       3  lost connection to test machine
       3  lost connection to test machine
       3  lost connection to test machine
       3  lost connection to test machine
       3  lost connection to test machine
       3  lost connection to test machine
       3  lost connection to test machine
       3  lost connection to test machine
       3  lost connection to test machine
       3  lost connection to test machine
       3  lost connection to test machine
       4  lost connection to test machine
       4  lost connection to test machine
       4  lost connection to test machine
       4  lost connection to test machine
       4  lost connection to test machine
       4  lost connection to test machine
       4  lost connection to test machine
       4  lost connection to test machine
       4  lost connection to test machine
       4  lost connection to test machine
       4  lost connection to test machine
       4  lost connection to test machine
       4  lost connection to test machine
       4  lost connection to test machine
       4  lost connection to test machine
       4  lost connection to test machine
       5  lost connection to test machine
       5  lost connection to test machine
       5  lost connection to test machine
       5  lost connection to test machine
       5  lost connection to test machine
       5  lost connection to test machine
       5  lost connection to test machine
       5  lost connection to test machine
       5  lost connection to test machine
       5  lost connection to test machine
       5  lost connection to test machine
       6  lost connection to test machine
       6  lost connection to test machine
       6  lost connection to test machine
       6  lost connection to test machine
       6  lost connection to test machine
       6  lost connection to test machine
       6  lost connection to test machine
       6  lost connection to test machine
       6  lost connection to test machine
       6  lost connection to test machine
       6  lost connection to test machine
       6  lost connection to test machine
       6  lost connection to test machine
       6  lost connection to test machine
       6  lost connection to test machine
       6  lost connection to test machine
       6  lost connection to test machine
       6  lost connection to test machine
       7  lost connection to test machine
       7  lost connection to test machine
       7  lost connection to test machine
       7  lost connection to test machine
       7  lost connection to test machine
       7  lost connection to test machine
       7  lost connection to test machine
       7  lost connection to test machine
       7  lost connection to test machine
       7  lost connection to test machine
       7  lost connection to test machine
       7  lost connection to test machine
       8  lost connection to test machine
       8  lost connection to test machine
Attempt 10: (RETRY)
    Time  Bug Name
       1  lost connection to test machine
       1  lost connection to test machine
       1  lost connection to test machine
       1  lost connection to test machine
       1  lost connection to test machine
       1  lost connection to test machine
       1  lost connection to test machine
       1  lost connection to test machine
       2  lost connection to test machine
       2  lost connection to test machine
       2  lost connection to test machine
       2  lost connection to test machine
       2  lost connection to test machine
       2  lost connection to test machine
       2  lost connection to test machine
       2  lost connection to test machine
       2  lost connection to test machine
       2  lost connection to test machine
       2  lost connection to test machine
       2  lost connection to test machine
       2  lost connection to test machine
       2  lost connection to test machine
       2  lost connection to test machine
       2  lost connection to test machine
       3  lost connection to test machine
       3  lost connection to test machine
       3  lost connection to test machine
       3  lost connection to test machine
       3  lost connection to test machine
       3  lost connection to test machine
       3  lost connection to test machine
       3  lost connection to test machine
       3  lost connection to test machine
       3  lost connection to test machine
       3  lost connection to test machine
       3  lost connection to test machine
       3  lost connection to test machine
       3  lost connection to test machine
       4  lost connection to test machine
       4  lost connection to test machine
       4  lost connection to test machine
       4  lost connection to test machine
       4  lost connection to test machine
       4  lost connection to test machine
       4  lost connection to test machine
       4  lost connection to test machine
       4  lost connection to test machine
       4  lost connection to test machine
       4  lost connection to test machine
       4  lost connection to test machine
       4  lost connection to test machine
       4  lost connection to test machine
       4  lost connection to test machine
       4  lost connection to test machine
       5  lost connection to test machine
       5  lost connection to test machine
       5  lost connection to test machine
       5  lost connection to test machine
       5  lost connection to test machine
       5  lost connection to test machine
       5  lost connection to test machine
       5  lost connection to test machine
       5  lost connection to test machine
       5  lost connection to test machine
       5  lost connection to test machine
       5  lost connection to test machine
       5  lost connection to test machine
       5  lost connection to test machine
       6  lost connection to test machine
       6  lost connection to test machine
       6  lost connection to test machine
       6  lost connection to test machine
       6  lost connection to test machine
       6  lost connection to test machine
       6  lost connection to test machine
       6  lost connection to test machine
       6  lost connection to test machine
       6  lost connection to test machine
       6  lost connection to test machine
       6  lost connection to test machine
       6  lost connection to test machine
       6  lost connection to test machine
       6  lost connection to test machine
       6  lost connection to test machine
       6  lost connection to test machine
       6  lost connection to test machine
       7  lost connection to test machine
       7  lost connection to test machine
       7  lost connection to test machine
       7  lost connection to test machine
       7  lost connection to test machine
       7  lost connection to test machine
       7  lost connection to test machine
       7  lost connection to test machine
       7  lost connection to test machine
       7  lost connection to test machine
       7  lost connection to test machine
       7  lost connection to test machine
       7  lost connection to test machine
       7  lost connection to test machine
The bug was not found.
Warning: This session is unstable.

2023-03-15 08:20:59
Session:   3
Template:  2018-09-26 - 881bc4f9563e82efda303447725d82f10ef9c29a
Syzkaller: 2018-09-26 - 881bc4f9563e82efda303447725d82f10ef9c29a
Kernel:    2018-09-26 - c307aaf3eb47969105887e4e8991ec00960a7ce8
Compiler:  gcc-8.0.1-20180412
Attempt 1:
    Time  Bug Name
       1  BUG: write(kmemleak, scan) failed: device or resource busy
       1  BUG: write(kmemleak, scan) failed: device or resource busy
       1  BUG: write(kmemleak, scan) failed: device or resource busy
       1  BUG: write(kmemleak, scan) failed: device or resource busy
       1  BUG: write(kmemleak, scan) failed: device or resource busy
       1  BUG: write(kmemleak, scan) failed: device or resource busy
       1  BUG: write(kmemleak, scan) failed: device or resource busy
       1  BUG: write(kmemleak, scan) failed: device or resource busy
       1  BUG: write(kmemleak, scan) failed: device or resource busy
       1  BUG: write(kmemleak, scan) failed: device or resource busy
       1  BUG: write(kmemleak, scan) failed: device or resource busy
       1  BUG: write(kmemleak, scan) failed: device or resource busy
       2  BUG: write(kmemleak, scan) failed: device or resource busy
       2  BUG: write(kmemleak, scan) failed: device or resource busy
       2  BUG: write(kmemleak, scan) failed: device or resource busy
       2  BUG: write(kmemleak, scan) failed: device or resource busy
       2  BUG: write(kmemleak, scan) failed: device or resource busy
       2  BUG: write(kmemleak, scan) failed: device or resource busy
       2  BUG: write(kmemleak, scan) failed: device or resource busy
       2  BUG: write(kmemleak, scan) failed: device or resource busy
       2  BUG: write(kmemleak, scan) failed: device or resource busy
       2  BUG: write(kmemleak, scan) failed: device or resource busy
       2  BUG: write(kmemleak, scan) failed: device or resource busy
       2  BUG: write(kmemleak, scan) failed: device or resource busy
       2  BUG: write(kmemleak, scan) failed: device or resource busy
       2  BUG: write(kmemleak, scan) failed: device or resource busy
       2  BUG: write(kmemleak, scan) failed: device or resource busy
       2  BUG: write(kmemleak, scan) failed: device or resource busy
       2  BUG: write(kmemleak, scan) failed: device or resource busy
       2  BUG: write(kmemleak, scan) failed: device or resource busy
       3  BUG: write(kmemleak, scan) failed: device or resource busy
       3  BUG: write(kmemleak, scan) failed: device or resource busy
       3  BUG: write(kmemleak, scan) failed: device or resource busy
       3  BUG: write(kmemleak, scan) failed: device or resource busy
       3  BUG: write(kmemleak, scan) failed: device or resource busy
       3  BUG: write(kmemleak, scan) failed: device or resource busy
       3  BUG: write(kmemleak, scan) failed: device or resource busy
       3  BUG: write(kmemleak, scan) failed: device or resource busy
       3  BUG: write(kmemleak, scan) failed: device or resource busy
       3  BUG: write(kmemleak, scan) failed: device or resource busy
       3  BUG: write(kmemleak, scan) failed: device or resource busy
       3  BUG: write(kmemleak, scan) failed: device or resource busy
       3  BUG: write(kmemleak, scan) failed: device or resource busy
       3  BUG: write(kmemleak, scan) failed: device or resource busy
       3  BUG: write(kmemleak, scan) failed: device or resource busy
       3  BUG: write(kmemleak, scan) failed: device or resource busy
       3  BUG: write(kmemleak, scan) failed: device or resource busy
       3  BUG: write(kmemleak, scan) failed: device or resource busy
       3  BUG: write(kmemleak, scan) failed: device or resource busy
       4  BUG: write(kmemleak, scan) failed: device or resource busy
       4  BUG: write(kmemleak, scan) failed: device or resource busy
       4  BUG: write(kmemleak, scan) failed: device or resource busy
       4  BUG: write(kmemleak, scan) failed: device or resource busy
       4  BUG: write(kmemleak, scan) failed: device or resource busy
       4  BUG: write(kmemleak, scan) failed: device or resource busy
       4  BUG: write(kmemleak, scan) failed: device or resource busy
       4  BUG: write(kmemleak, scan) failed: device or resource busy
       4  BUG: write(kmemleak, scan) failed: device or resource busy
       4  BUG: write(kmemleak, scan) failed: device or resource busy
       4  BUG: write(kmemleak, scan) failed: device or resource busy
       4  BUG: write(kmemleak, scan) failed: device or resource busy
       4  BUG: write(kmemleak, scan) failed: device or resource busy
       4  BUG: write(kmemleak, scan) failed: device or resource busy
       4  BUG: write(kmemleak, scan) failed: device or resource busy
       4  BUG: write(kmemleak, scan) failed: device or resource busy
       4  BUG: write(kmemleak, scan) failed: device or resource busy
       4  BUG: write(kmemleak, scan) failed: device or resource busy
       5  BUG: write(kmemleak, scan) failed: device or resource busy
       5  BUG: write(kmemleak, scan) failed: device or resource busy
       5  BUG: write(kmemleak, scan) failed: device or resource busy
       5  BUG: write(kmemleak, scan) failed: device or resource busy
       5  BUG: write(kmemleak, scan) failed: device or resource busy
       5  BUG: write(kmemleak, scan) failed: device or resource busy
       5  BUG: write(kmemleak, scan) failed: device or resource busy
       5  BUG: write(kmemleak, scan) failed: device or resource busy
       5  BUG: write(kmemleak, scan) failed: device or resource busy
       5  BUG: write(kmemleak, scan) failed: device or resource busy
       5  BUG: write(kmemleak, scan) failed: device or resource busy
       5  BUG: write(kmemleak, scan) failed: device or resource busy
       5  BUG: write(kmemleak, scan) failed: device or resource busy
       5  BUG: write(kmemleak, scan) failed: device or resource busy
       5  BUG: write(kmemleak, scan) failed: device or resource busy
       5  BUG: write(kmemleak, scan) failed: device or resource busy
       5  BUG: write(kmemleak, scan) failed: device or resource busy
       5  BUG: write(kmemleak, scan) failed: device or resource busy
       5  BUG: write(kmemleak, scan) failed: device or resource busy
       5  BUG: write(kmemleak, scan) failed: device or resource busy
       5  BUG: write(kmemleak, scan) failed: device or resource busy
       5  BUG: write(kmemleak, scan) failed: device or resource busy
       5  BUG: write(kmemleak, scan) failed: device or resource busy
       6  BUG: write(kmemleak, scan) failed: device or resource busy
       6  BUG: write(kmemleak, scan) failed: device or resource busy
       6  BUG: write(kmemleak, scan) failed: device or resource busy
       6  BUG: write(kmemleak, scan) failed: device or resource busy
       6  BUG: write(kmemleak, scan) failed: device or resource busy
       6  BUG: write(kmemleak, scan) failed: device or resource busy
       6  BUG: write(kmemleak, scan) failed: device or resource busy
       6  BUG: write(kmemleak, scan) failed: device or resource busy
       6  BUG: write(kmemleak, scan) failed: device or resource busy
       6  BUG: write(kmemleak, scan) failed: device or resource busy
Attempt 2:
    Time  Bug Name
       1  BUG: write(kmemleak, scan) failed: device or resource busy
       1  BUG: write(kmemleak, scan) failed: device or resource busy
       1  BUG: write(kmemleak, scan) failed: device or resource busy
       1  BUG: write(kmemleak, scan) failed: device or resource busy
       1  BUG: write(kmemleak, scan) failed: device or resource busy
       1  BUG: write(kmemleak, scan) failed: device or resource busy
       1  BUG: write(kmemleak, scan) failed: device or resource busy
       1  BUG: write(kmemleak, scan) failed: device or resource busy
       1  BUG: write(kmemleak, scan) failed: device or resource busy
       1  BUG: write(kmemleak, scan) failed: device or resource busy
       1  BUG: write(kmemleak, scan) failed: device or resource busy
       1  BUG: write(kmemleak, scan) failed: device or resource busy
       1  BUG: write(kmemleak, scan) failed: device or resource busy
       1  BUG: write(kmemleak, scan) failed: device or resource busy
       2  BUG: write(kmemleak, scan) failed: device or resource busy
       2  BUG: write(kmemleak, scan) failed: device or resource busy
       2  BUG: write(kmemleak, scan) failed: device or resource busy
       2  BUG: write(kmemleak, scan) failed: device or resource busy
       2  BUG: write(kmemleak, scan) failed: device or resource busy
       2  BUG: write(kmemleak, scan) failed: device or resource busy
       2  BUG: write(kmemleak, scan) failed: device or resource busy
       2  BUG: write(kmemleak, scan) failed: device or resource busy
       2  BUG: write(kmemleak, scan) failed: device or resource busy
       2  BUG: write(kmemleak, scan) failed: device or resource busy
       2  BUG: write(kmemleak, scan) failed: device or resource busy
       2  BUG: write(kmemleak, scan) failed: device or resource busy
       2  BUG: write(kmemleak, scan) failed: device or resource busy
       2  BUG: write(kmemleak, scan) failed: device or resource busy
       3  BUG: write(kmemleak, scan) failed: device or resource busy
       3  BUG: write(kmemleak, scan) failed: device or resource busy
       3  BUG: write(kmemleak, scan) failed: device or resource busy
       3  BUG: write(kmemleak, scan) failed: device or resource busy
       3  BUG: write(kmemleak, scan) failed: device or resource busy
       3  BUG: write(kmemleak, scan) failed: device or resource busy
       3  BUG: write(kmemleak, scan) failed: device or resource busy
       3  BUG: write(kmemleak, scan) failed: device or resource busy
       3  BUG: write(kmemleak, scan) failed: device or resource busy
       3  BUG: write(kmemleak, scan) failed: device or resource busy
       3  BUG: write(kmemleak, scan) failed: device or resource busy
       3  BUG: write(kmemleak, scan) failed: device or resource busy
       3  BUG: write(kmemleak, scan) failed: device or resource busy
       3  BUG: write(kmemleak, scan) failed: device or resource busy
       3  BUG: write(kmemleak, scan) failed: device or resource busy
       4  BUG: write(kmemleak, scan) failed: device or resource busy
       4  BUG: write(kmemleak, scan) failed: device or resource busy
       4  BUG: write(kmemleak, scan) failed: device or resource busy
       4  BUG: write(kmemleak, scan) failed: device or resource busy
       4  BUG: write(kmemleak, scan) failed: device or resource busy
       4  BUG: write(kmemleak, scan) failed: device or resource busy
       4  BUG: write(kmemleak, scan) failed: device or resource busy
       4  BUG: write(kmemleak, scan) failed: device or resource busy
       4  BUG: write(kmemleak, scan) failed: device or resource busy
       4  BUG: write(kmemleak, scan) failed: device or resource busy
       4  BUG: write(kmemleak, scan) failed: device or resource busy
       4  BUG: write(kmemleak, scan) failed: device or resource busy
       4  BUG: write(kmemleak, scan) failed: device or resource busy
       4  BUG: write(kmemleak, scan) failed: device or resource busy
       4  BUG: write(kmemleak, scan) failed: device or resource busy
       4  BUG: write(kmemleak, scan) failed: device or resource busy
       4  BUG: write(kmemleak, scan) failed: device or resource busy
       5  BUG: write(kmemleak, scan) failed: device or resource busy
       5  BUG: write(kmemleak, scan) failed: device or resource busy
       5  BUG: write(kmemleak, scan) failed: device or resource busy
       5  BUG: write(kmemleak, scan) failed: device or resource busy
       5  BUG: write(kmemleak, scan) failed: device or resource busy
       5  BUG: write(kmemleak, scan) failed: device or resource busy
       5  BUG: write(kmemleak, scan) failed: device or resource busy
       5  BUG: write(kmemleak, scan) failed: device or resource busy
       5  BUG: write(kmemleak, scan) failed: device or resource busy
       5  BUG: write(kmemleak, scan) failed: device or resource busy
       5  BUG: write(kmemleak, scan) failed: device or resource busy
       5  BUG: write(kmemleak, scan) failed: device or resource busy
       5  BUG: write(kmemleak, scan) failed: device or resource busy
       5  BUG: write(kmemleak, scan) failed: device or resource busy
       5  BUG: write(kmemleak, scan) failed: device or resource busy
       5  BUG: write(kmemleak, scan) failed: device or resource busy
       5  BUG: write(kmemleak, scan) failed: device or resource busy
       6  BUG: write(kmemleak, scan) failed: device or resource busy
       6  BUG: write(kmemleak, scan) failed: device or resource busy
       6  BUG: write(kmemleak, scan) failed: device or resource busy
       6  BUG: write(kmemleak, scan) failed: device or resource busy
       6  BUG: write(kmemleak, scan) failed: device or resource busy
       6  BUG: write(kmemleak, scan) failed: device or resource busy
       6  BUG: write(kmemleak, scan) failed: device or resource busy
       6  BUG: write(kmemleak, scan) failed: device or resource busy
       6  BUG: write(kmemleak, scan) failed: device or resource busy
       6  BUG: write(kmemleak, scan) failed: device or resource busy
       6  BUG: write(kmemleak, scan) failed: device or resource busy
       7  BUG: write(kmemleak, scan) failed: device or resource busy
       7  BUG: write(kmemleak, scan) failed: device or resource busy
       7  BUG: write(kmemleak, scan) failed: device or resource busy
       7  BUG: write(kmemleak, scan) failed: device or resource busy
       7  BUG: write(kmemleak, scan) failed: device or resource busy
       7  BUG: write(kmemleak, scan) failed: device or resource busy
       7  BUG: write(kmemleak, scan) failed: device or resource busy
       7  BUG: write(kmemleak, scan) failed: device or resource busy
       7  BUG: write(kmemleak, scan) failed: device or resource busy
       7  BUG: write(kmemleak, scan) failed: device or resource busy
       7  BUG: write(kmemleak, scan) failed: device or resource busy
       7  BUG: write(kmemleak, scan) failed: device or resource busy
Attempt 3:
    Time  Bug Name
       1  BUG: write(kmemleak, scan) failed: device or resource busy
       1  BUG: write(kmemleak, scan) failed: device or resource busy
       1  BUG: write(kmemleak, scan) failed: device or resource busy
       1  BUG: write(kmemleak, scan) failed: device or resource busy
       1  BUG: write(kmemleak, scan) failed: device or resource busy
       1  BUG: write(kmemleak, scan) failed: device or resource busy
       1  BUG: write(kmemleak, scan) failed: device or resource busy
       1  BUG: write(kmemleak, scan) failed: device or resource busy
       2  BUG: write(kmemleak, scan) failed: device or resource busy
       2  BUG: write(kmemleak, scan) failed: device or resource busy
       2  BUG: write(kmemleak, scan) failed: device or resource busy
       2  BUG: write(kmemleak, scan) failed: device or resource busy
       2  BUG: write(kmemleak, scan) failed: device or resource busy
       2  BUG: write(kmemleak, scan) failed: device or resource busy
       2  BUG: write(kmemleak, scan) failed: device or resource busy
       2  BUG: write(kmemleak, scan) failed: device or resource busy
       2  BUG: write(kmemleak, scan) failed: device or resource busy
       2  BUG: write(kmemleak, scan) failed: device or resource busy
       2  BUG: write(kmemleak, scan) failed: device or resource busy
       2  BUG: write(kmemleak, scan) failed: device or resource busy
       2  BUG: write(kmemleak, scan) failed: device or resource busy
       2  BUG: write(kmemleak, scan) failed: device or resource busy
       2  BUG: write(kmemleak, scan) failed: device or resource busy
       2  BUG: write(kmemleak, scan) failed: device or resource busy
       2  BUG: write(kmemleak, scan) failed: device or resource busy
       3  BUG: write(kmemleak, scan) failed: device or resource busy
       3  BUG: write(kmemleak, scan) failed: device or resource busy
       3  BUG: write(kmemleak, scan) failed: device or resource busy
       3  BUG: write(kmemleak, scan) failed: device or resource busy
       3  BUG: write(kmemleak, scan) failed: device or resource busy
       3  BUG: write(kmemleak, scan) failed: device or resource busy
       3  BUG: write(kmemleak, scan) failed: device or resource busy
       3  BUG: write(kmemleak, scan) failed: device or resource busy
       3  BUG: write(kmemleak, scan) failed: device or resource busy
       3  BUG: write(kmemleak, scan) failed: device or resource busy
       3  BUG: write(kmemleak, scan) failed: device or resource busy
       3  BUG: write(kmemleak, scan) failed: device or resource busy
       3  BUG: write(kmemleak, scan) failed: device or resource busy
       3  BUG: write(kmemleak, scan) failed: device or resource busy
       3  BUG: write(kmemleak, scan) failed: device or resource busy
       3  BUG: write(kmemleak, scan) failed: device or resource busy
       3  BUG: write(kmemleak, scan) failed: device or resource busy
       4  BUG: write(kmemleak, scan) failed: device or resource busy
       4  BUG: write(kmemleak, scan) failed: device or resource busy
       4  BUG: write(kmemleak, scan) failed: device or resource busy
       4  BUG: write(kmemleak, scan) failed: device or resource busy
       4  BUG: write(kmemleak, scan) failed: device or resource busy
       4  BUG: write(kmemleak, scan) failed: device or resource busy
       4  BUG: write(kmemleak, scan) failed: device or resource busy
       4  BUG: write(kmemleak, scan) failed: device or resource busy
       4  BUG: write(kmemleak, scan) failed: device or resource busy
       4  BUG: write(kmemleak, scan) failed: device or resource busy
       4  BUG: write(kmemleak, scan) failed: device or resource busy
       4  BUG: write(kmemleak, scan) failed: device or resource busy
       4  BUG: write(kmemleak, scan) failed: device or resource busy
       4  BUG: write(kmemleak, scan) failed: device or resource busy
       4  BUG: write(kmemleak, scan) failed: device or resource busy
       5  BUG: write(kmemleak, scan) failed: device or resource busy
       5  BUG: write(kmemleak, scan) failed: device or resource busy
       5  BUG: write(kmemleak, scan) failed: device or resource busy
       5  BUG: write(kmemleak, scan) failed: device or resource busy
       5  BUG: write(kmemleak, scan) failed: device or resource busy
       5  BUG: write(kmemleak, scan) failed: device or resource busy
       5  BUG: write(kmemleak, scan) failed: device or resource busy
       5  BUG: write(kmemleak, scan) failed: device or resource busy
       5  BUG: write(kmemleak, scan) failed: device or resource busy
       5  BUG: write(kmemleak, scan) failed: device or resource busy
       5  BUG: write(kmemleak, scan) failed: device or resource busy
       5  BUG: write(kmemleak, scan) failed: device or resource busy
       5  BUG: write(kmemleak, scan) failed: device or resource busy
       5  BUG: write(kmemleak, scan) failed: device or resource busy
       5  BUG: write(kmemleak, scan) failed: device or resource busy
       5  BUG: write(kmemleak, scan) failed: device or resource busy
       6  BUG: write(kmemleak, scan) failed: device or resource busy
       6  BUG: write(kmemleak, scan) failed: device or resource busy
       6  BUG: write(kmemleak, scan) failed: device or resource busy
       6  BUG: write(kmemleak, scan) failed: device or resource busy
       6  BUG: write(kmemleak, scan) failed: device or resource busy
       6  BUG: write(kmemleak, scan) failed: device or resource busy
       6  BUG: write(kmemleak, scan) failed: device or resource busy
       6  BUG: write(kmemleak, scan) failed: device or resource busy
       6  BUG: write(kmemleak, scan) failed: device or resource busy
       6  BUG: write(kmemleak, scan) failed: device or resource busy
       6  BUG: write(kmemleak, scan) failed: device or resource busy
       6  BUG: write(kmemleak, scan) failed: device or resource busy
       6  BUG: write(kmemleak, scan) failed: device or resource busy
       6  BUG: write(kmemleak, scan) failed: device or resource busy
       6  BUG: write(kmemleak, scan) failed: device or resource busy
       6  BUG: write(kmemleak, scan) failed: device or resource busy
       6  BUG: write(kmemleak, scan) failed: device or resource busy
       7  BUG: write(kmemleak, scan) failed: device or resource busy
       7  BUG: write(kmemleak, scan) failed: device or resource busy
       7  BUG: write(kmemleak, scan) failed: device or resource busy
       7  BUG: write(kmemleak, scan) failed: device or resource busy
       7  BUG: write(kmemleak, scan) failed: device or resource busy
       7  BUG: write(kmemleak, scan) failed: device or resource busy
       7  BUG: write(kmemleak, scan) failed: device or resource busy
       7  BUG: write(kmemleak, scan) failed: device or resource busy
       7  BUG: write(kmemleak, scan) failed: device or resource busy
       7  BUG: write(kmemleak, scan) failed: device or resource busy
Attempt 4:
    Time  Bug Name
       1  BUG: write(kmemleak, scan) failed: device or resource busy
       1  BUG: write(kmemleak, scan) failed: device or resource busy
       1  BUG: write(kmemleak, scan) failed: device or resource busy
       1  BUG: write(kmemleak, scan) failed: device or resource busy
       1  BUG: write(kmemleak, scan) failed: device or resource busy
       1  BUG: write(kmemleak, scan) failed: device or resource busy
       1  BUG: write(kmemleak, scan) failed: device or resource busy
       1  BUG: write(kmemleak, scan) failed: device or resource busy
       1  BUG: write(kmemleak, scan) failed: device or resource busy
       2  BUG: write(kmemleak, scan) failed: device or resource busy
       2  BUG: write(kmemleak, scan) failed: device or resource busy
       2  BUG: write(kmemleak, scan) failed: device or resource busy
       2  BUG: write(kmemleak, scan) failed: device or resource busy
       2  BUG: write(kmemleak, scan) failed: device or resource busy
       2  BUG: write(kmemleak, scan) failed: device or resource busy
       2  BUG: write(kmemleak, scan) failed: device or resource busy
       2  BUG: write(kmemleak, scan) failed: device or resource busy
       2  BUG: write(kmemleak, scan) failed: device or resource busy
       2  BUG: write(kmemleak, scan) failed: device or resource busy
       2  BUG: write(kmemleak, scan) failed: device or resource busy
       2  BUG: write(kmemleak, scan) failed: device or resource busy
       3  BUG: write(kmemleak, scan) failed: device or resource busy
       3  BUG: write(kmemleak, scan) failed: device or resource busy
       3  BUG: write(kmemleak, scan) failed: device or resource busy
       3  BUG: write(kmemleak, scan) failed: device or resource busy
       3  BUG: write(kmemleak, scan) failed: device or resource busy
       3  BUG: write(kmemleak, scan) failed: device or resource busy
       3  BUG: write(kmemleak, scan) failed: device or resource busy
       3  BUG: write(kmemleak, scan) failed: device or resource busy
       3  BUG: write(kmemleak, scan) failed: device or resource busy
       3  BUG: write(kmemleak, scan) failed: device or resource busy
       3  BUG: write(kmemleak, scan) failed: device or resource busy
       3  BUG: write(kmemleak, scan) failed: device or resource busy
       3  BUG: write(kmemleak, scan) failed: device or resource busy
       3  BUG: write(kmemleak, scan) failed: device or resource busy
       3  BUG: write(kmemleak, scan) failed: device or resource busy
       3  BUG: write(kmemleak, scan) failed: device or resource busy
       3  BUG: write(kmemleak, scan) failed: device or resource busy
       3  BUG: write(kmemleak, scan) failed: device or resource busy
       3  BUG: write(kmemleak, scan) failed: device or resource busy
       4  BUG: write(kmemleak, scan) failed: device or resource busy
       4  BUG: write(kmemleak, scan) failed: device or resource busy
       4  BUG: write(kmemleak, scan) failed: device or resource busy
       4  BUG: write(kmemleak, scan) failed: device or resource busy
       4  BUG: write(kmemleak, scan) failed: device or resource busy
       4  BUG: write(kmemleak, scan) failed: device or resource busy
       4  BUG: write(kmemleak, scan) failed: device or resource busy
       4  BUG: write(kmemleak, scan) failed: device or resource busy
       4  BUG: write(kmemleak, scan) failed: device or resource busy
       4  BUG: write(kmemleak, scan) failed: device or resource busy
       4  BUG: write(kmemleak, scan) failed: device or resource busy
       4  BUG: write(kmemleak, scan) failed: device or resource busy
       4  BUG: write(kmemleak, scan) failed: device or resource busy
       4  BUG: write(kmemleak, scan) failed: device or resource busy
       4  BUG: write(kmemleak, scan) failed: device or resource busy
       4  BUG: write(kmemleak, scan) failed: device or resource busy
       5  BUG: write(kmemleak, scan) failed: device or resource busy
       5  BUG: write(kmemleak, scan) failed: device or resource busy
       5  BUG: write(kmemleak, scan) failed: device or resource busy
       5  BUG: write(kmemleak, scan) failed: device or resource busy
       5  BUG: write(kmemleak, scan) failed: device or resource busy
       5  BUG: write(kmemleak, scan) failed: device or resource busy
       5  BUG: write(kmemleak, scan) failed: device or resource busy
       5  BUG: write(kmemleak, scan) failed: device or resource busy
       5  BUG: write(kmemleak, scan) failed: device or resource busy
       5  BUG: write(kmemleak, scan) failed: device or resource busy
       5  BUG: write(kmemleak, scan) failed: device or resource busy
       5  BUG: write(kmemleak, scan) failed: device or resource busy
       5  BUG: write(kmemleak, scan) failed: device or resource busy
       5  BUG: write(kmemleak, scan) failed: device or resource busy
       5  BUG: write(kmemleak, scan) failed: device or resource busy
       5  BUG: write(kmemleak, scan) failed: device or resource busy
       5  BUG: write(kmemleak, scan) failed: device or resource busy
       6  BUG: write(kmemleak, scan) failed: device or resource busy
       6  BUG: write(kmemleak, scan) failed: device or resource busy
       6  BUG: write(kmemleak, scan) failed: device or resource busy
       6  BUG: write(kmemleak, scan) failed: device or resource busy
       6  BUG: write(kmemleak, scan) failed: device or resource busy
       6  BUG: write(kmemleak, scan) failed: device or resource busy
       6  BUG: write(kmemleak, scan) failed: device or resource busy
       6  BUG: write(kmemleak, scan) failed: device or resource busy
       6  BUG: write(kmemleak, scan) failed: device or resource busy
       6  BUG: write(kmemleak, scan) failed: device or resource busy
       6  BUG: write(kmemleak, scan) failed: device or resource busy
       6  BUG: write(kmemleak, scan) failed: device or resource busy
       6  BUG: write(kmemleak, scan) failed: device or resource busy
       7  BUG: write(kmemleak, scan) failed: device or resource busy
       7  BUG: write(kmemleak, scan) failed: device or resource busy
       7  BUG: write(kmemleak, scan) failed: device or resource busy
       7  BUG: write(kmemleak, scan) failed: device or resource busy
       7  BUG: write(kmemleak, scan) failed: device or resource busy
       7  BUG: write(kmemleak, scan) failed: device or resource busy
       7  BUG: write(kmemleak, scan) failed: device or resource busy
       7  BUG: write(kmemleak, scan) failed: device or resource busy
       7  BUG: write(kmemleak, scan) failed: device or resource busy
       7  BUG: write(kmemleak, scan) failed: device or resource busy
       7  BUG: write(kmemleak, scan) failed: device or resource busy
       7  BUG: write(kmemleak, scan) failed: device or resource busy
       7  BUG: write(kmemleak, scan) failed: device or resource busy
       7  BUG: write(kmemleak, scan) failed: device or resource busy
Attempt 5:
    Time  Bug Name
       1  BUG: write(kmemleak, scan) failed: device or resource busy
       1  BUG: write(kmemleak, scan) failed: device or resource busy
       1  BUG: write(kmemleak, scan) failed: device or resource busy
       1  BUG: write(kmemleak, scan) failed: device or resource busy
       1  BUG: write(kmemleak, scan) failed: device or resource busy
       1  BUG: write(kmemleak, scan) failed: device or resource busy
       1  BUG: write(kmemleak, scan) failed: device or resource busy
       1  BUG: write(kmemleak, scan) failed: device or resource busy
       1  BUG: write(kmemleak, scan) failed: device or resource busy
       2  BUG: write(kmemleak, scan) failed: device or resource busy
       2  BUG: write(kmemleak, scan) failed: device or resource busy
       2  BUG: write(kmemleak, scan) failed: device or resource busy
       2  BUG: write(kmemleak, scan) failed: device or resource busy
       2  BUG: write(kmemleak, scan) failed: device or resource busy
       2  BUG: write(kmemleak, scan) failed: device or resource busy
       2  BUG: write(kmemleak, scan) failed: device or resource busy
       2  BUG: write(kmemleak, scan) failed: device or resource busy
       2  BUG: write(kmemleak, scan) failed: device or resource busy
       2  BUG: write(kmemleak, scan) failed: device or resource busy
       2  BUG: write(kmemleak, scan) failed: device or resource busy
       2  BUG: write(kmemleak, scan) failed: device or resource busy
       2  BUG: write(kmemleak, scan) failed: device or resource busy
       2  BUG: write(kmemleak, scan) failed: device or resource busy
       2  BUG: write(kmemleak, scan) failed: device or resource busy
       2  BUG: write(kmemleak, scan) failed: device or resource busy
       2  BUG: write(kmemleak, scan) failed: device or resource busy
       2  BUG: write(kmemleak, scan) failed: device or resource busy
       2  BUG: write(kmemleak, scan) failed: device or resource busy
       3  BUG: write(kmemleak, scan) failed: device or resource busy
       3  BUG: write(kmemleak, scan) failed: device or resource busy
       3  BUG: write(kmemleak, scan) failed: device or resource busy
       3  BUG: write(kmemleak, scan) failed: device or resource busy
       3  BUG: write(kmemleak, scan) failed: device or resource busy
       3  BUG: write(kmemleak, scan) failed: device or resource busy
       3  BUG: write(kmemleak, scan) failed: device or resource busy
       3  BUG: write(kmemleak, scan) failed: device or resource busy
       3  BUG: write(kmemleak, scan) failed: device or resource busy
       3  BUG: write(kmemleak, scan) failed: device or resource busy
       3  BUG: write(kmemleak, scan) failed: device or resource busy
       3  BUG: write(kmemleak, scan) failed: device or resource busy
       3  BUG: write(kmemleak, scan) failed: device or resource busy
       3  BUG: write(kmemleak, scan) failed: device or resource busy
       4  BUG: write(kmemleak, scan) failed: device or resource busy
       4  BUG: write(kmemleak, scan) failed: device or resource busy
       4  BUG: write(kmemleak, scan) failed: device or resource busy
       4  BUG: write(kmemleak, scan) failed: device or resource busy
       4  BUG: write(kmemleak, scan) failed: device or resource busy
       4  BUG: write(kmemleak, scan) failed: device or resource busy
       4  BUG: write(kmemleak, scan) failed: device or resource busy
       4  BUG: write(kmemleak, scan) failed: device or resource busy
       4  BUG: write(kmemleak, scan) failed: device or resource busy
       4  BUG: write(kmemleak, scan) failed: device or resource busy
       4  BUG: write(kmemleak, scan) failed: device or resource busy
       4  BUG: write(kmemleak, scan) failed: device or resource busy
       4  BUG: write(kmemleak, scan) failed: device or resource busy
       4  BUG: write(kmemleak, scan) failed: device or resource busy
       4  BUG: write(kmemleak, scan) failed: device or resource busy
       4  BUG: write(kmemleak, scan) failed: device or resource busy
       5  BUG: write(kmemleak, scan) failed: device or resource busy
       5  BUG: write(kmemleak, scan) failed: device or resource busy
       5  BUG: write(kmemleak, scan) failed: device or resource busy
       5  BUG: write(kmemleak, scan) failed: device or resource busy
       5  BUG: write(kmemleak, scan) failed: device or resource busy
       5  BUG: write(kmemleak, scan) failed: device or resource busy
       5  BUG: write(kmemleak, scan) failed: device or resource busy
       5  BUG: write(kmemleak, scan) failed: device or resource busy
       5  BUG: write(kmemleak, scan) failed: device or resource busy
       5  BUG: write(kmemleak, scan) failed: device or resource busy
       5  BUG: write(kmemleak, scan) failed: device or resource busy
       5  BUG: write(kmemleak, scan) failed: device or resource busy
       5  BUG: write(kmemleak, scan) failed: device or resource busy
       5  BUG: write(kmemleak, scan) failed: device or resource busy
       5  BUG: write(kmemleak, scan) failed: device or resource busy
       6  BUG: write(kmemleak, scan) failed: device or resource busy
       6  BUG: write(kmemleak, scan) failed: device or resource busy
       6  BUG: write(kmemleak, scan) failed: device or resource busy
       6  BUG: write(kmemleak, scan) failed: device or resource busy
       6  BUG: write(kmemleak, scan) failed: device or resource busy
       6  BUG: write(kmemleak, scan) failed: device or resource busy
       6  BUG: write(kmemleak, scan) failed: device or resource busy
       6  BUG: write(kmemleak, scan) failed: device or resource busy
       6  BUG: write(kmemleak, scan) failed: device or resource busy
       6  BUG: write(kmemleak, scan) failed: device or resource busy
       6  BUG: write(kmemleak, scan) failed: device or resource busy
       6  BUG: write(kmemleak, scan) failed: device or resource busy
       6  BUG: write(kmemleak, scan) failed: device or resource busy
       6  BUG: write(kmemleak, scan) failed: device or resource busy
       6  BUG: write(kmemleak, scan) failed: device or resource busy
       6  BUG: write(kmemleak, scan) failed: device or resource busy
       7  BUG: write(kmemleak, scan) failed: device or resource busy
       7  BUG: write(kmemleak, scan) failed: device or resource busy
       7  BUG: write(kmemleak, scan) failed: device or resource busy
       7  BUG: write(kmemleak, scan) failed: device or resource busy
       7  BUG: write(kmemleak, scan) failed: device or resource busy
       7  BUG: write(kmemleak, scan) failed: device or resource busy
       7  BUG: write(kmemleak, scan) failed: device or resource busy
       7  BUG: write(kmemleak, scan) failed: device or resource busy
       7  BUG: write(kmemleak, scan) failed: device or resource busy
       7  BUG: write(kmemleak, scan) failed: device or resource busy
       7  BUG: write(kmemleak, scan) failed: device or resource busy
The bug was not found.

2023-03-15 11:18:07
Session:   4
Template:  2019-07-22 - 6a786da97c822c3ad536290c412f472e58342c91
Syzkaller: 2019-07-22 - 6a786da97c822c3ad536290c412f472e58342c91
Kernel:    2019-07-22 - 7b5cf701ea9c395c792e2a7e3b7caf4c68b87721
Compiler:  gcc-9.0.0-20181231
Attempt 1:
    No crashes found.
Attempt 2:
    No crashes found.
Attempt 3:
    No crashes found.
Attempt 4:
    No crashes found.
Attempt 5:
    No crashes found.
The bug was not found.

2023-03-15 14:12:46
Session:   5
Template:  2019-10-25 - f2635abc2ab7c5581a369c7907278190e72520cc
Syzkaller: 2019-10-25 - f2635abc2ab7c5581a369c7907278190e72520cc
Kernel:    2019-10-25 - b4b61b224d12ef12ff21cc598acce0ee818903ab
Compiler:  gcc-9.0.0-20181231
Attempt 1:
    Time  Bug Name
       2  memory leak in reiserfs_parse_options
       2  memory leak in reiserfs_parse_options
***    2  memory leak in reiserfs_fill_super
***    2  memory leak in reiserfs_fill_super
The bug was found.

2023-03-15 14:36:47
Session:   6
Template:  2019-07-22 - 6a786da97c822c3ad536290c412f472e58342c91
Syzkaller: 2019-10-25 - f2635abc2ab7c5581a369c7907278190e72520cc
Kernel:    2019-10-25 - b4b61b224d12ef12ff21cc598acce0ee818903ab
Attempt 1:
    Time  Bug Name
***    2  memory leak in reiserfs_fill_super
***    2  memory leak in reiserfs_fill_super
The bug was found.

==== Kernel Retrospection ====
597 Linux commits in [2019-07-22, 2019-10-25].

2023-03-15 14:42:57
Session:   7
Template:  2019-09-17 - 03e0d245596b0276ea0cdc8efe6120f51653a713
Syzkaller: 2019-09-17 - 03e0d245596b0276ea0cdc8efe6120f51653a713
Kernel:    2019-09-17 - 7e67a859997aad47727aff9c5a32e160da079ce3
Compiler:  gcc-9.0.0-20181231
Attempt 1:
    No crashes found.
Attempt 2:
    No crashes found.
Attempt 3:
    No crashes found.
Attempt 4:
    No crashes found.
Attempt 5:
    No crashes found.
The bug was not found.

2023-03-15 17:39:51
Session:   8
Template:  2019-09-27 - d8074e0bb985b9be6611e16b45b8657f20157a4b
Syzkaller: 2019-09-27 - d8074e0bb985b9be6611e16b45b8657f20157a4b
Kernel:    2019-09-27 - 8bbe0dec38e147a50e9dd5f585295f7e68e0f2d0
Compiler:  gcc-9.0.0-20181231
Attempt 1:
    Time  Bug Name
***    2  memory leak in reiserfs_fill_super
***    2  memory leak in reiserfs_fill_super
The bug was found.

2023-03-15 18:04:52
Session:   9
Template:  2019-09-20 - d96e88f3207d7ac7ad65e13b896f702ad04c46f7
Syzkaller: 2019-09-20 - d96e88f3207d7ac7ad65e13b896f702ad04c46f7
Kernel:    2019-09-20 - bb736a5c0e9a2605f11c2bbb60a68f757832da32
Compiler:  gcc-9.0.0-20181231
Attempt 1:
    No crashes found.
Attempt 2:
    No crashes found.
Attempt 3:
    No crashes found.
Attempt 4:
    No crashes found.
Attempt 5:
    Time  Bug Name
      10  kernel BUG at fs/reiserfs/lock.c:LINE!
The bug was not found.

2023-03-15 21:10:29
Session:   10
Template:  2019-09-24 - e38a6630eb6b89a4b3c344dc62ecb3b60f078028
Syzkaller: 2019-09-24 - e38a6630eb6b89a4b3c344dc62ecb3b60f078028
Kernel:    2019-09-24 - 299d14d4c31aff3b37a03894e012edf8421676ee
Compiler:  gcc-9.0.0-20181231
Attempt 1:
    No crashes found.
Attempt 2:
    No crashes found.
Attempt 3:
    No crashes found.
Attempt 4:
    No crashes found.
Attempt 5:
    No crashes found.
The bug was not found.

2023-03-16 00:10:30
Session:   11
Template:  2019-09-26 - 2f1548bc77986e756b536eaa15726b483a0b1858
Syzkaller: 2019-09-26 - 2f1548bc77986e756b536eaa15726b483a0b1858
Kernel:    2019-09-26 - 16cdf08467848dc53acd2175d563b30a3cd486aa
Compiler:  gcc-9.0.0-20181231
Attempt 1:
    Time  Bug Name
       2  memory leak in reiserfs_parse_options
***    2  memory leak in reiserfs_fill_super
***    2  memory leak in reiserfs_fill_super
The bug was found.

2023-03-16 00:37:26
Session:   12
Template:  2019-09-24 - e38a6630eb6b89a4b3c344dc62ecb3b60f078028
Syzkaller: 2019-09-24 - e38a6630eb6b89a4b3c344dc62ecb3b60f078028
Kernel:    2019-09-24 - b6cb84b4fc580098a5934078e4c8dc39e3925f07
Compiler:  gcc-9.0.0-20181231
Attempt 1:
    Time  Bug Name
***    2  memory leak in reiserfs_fill_super
***    2  memory leak in reiserfs_fill_super
The bug was found.

2023-03-16 00:57:22
Session:   13
Template:  2019-09-24 - e38a6630eb6b89a4b3c344dc62ecb3b60f078028
Syzkaller: 2019-09-24 - e38a6630eb6b89a4b3c344dc62ecb3b60f078028
Kernel:    2019-09-24 - af5a7e99cce2a24e98487e70f99c8716643cc445
Compiler:  gcc-9.0.0-20181231
Attempt 1:
    No crashes found.
Attempt 2:
    No crashes found.
Attempt 3:
    No crashes found.
Attempt 4:
    No crashes found.
Attempt 5:
    No crashes found.
The bug was not found.

2023-03-16 03:53:15
Session:   14
Template:  2019-09-24 - e38a6630eb6b89a4b3c344dc62ecb3b60f078028
Syzkaller: 2019-09-24 - e38a6630eb6b89a4b3c344dc62ecb3b60f078028
Kernel:    2019-09-24 - 9c9fa97a8edbc3668dfc7a25de516e80c146e86f
Compiler:  gcc-9.0.0-20181231
Attempt 1:
    Time  Bug Name
***    2  memory leak in reiserfs_fill_super
***    2  memory leak in reiserfs_fill_super
The bug was found.

2023-03-16 04:36:55
Session:   15
Template:  2019-09-24 - e38a6630eb6b89a4b3c344dc62ecb3b60f078028
Syzkaller: 2019-09-24 - e38a6630eb6b89a4b3c344dc62ecb3b60f078028
Kernel:    2019-09-24 - 5184d449600f501a8688069f35c138c6b3bf8b94
Compiler:  gcc-9.0.0-20181231
Attempt 1:
    No crashes found.
Attempt 2:
    No crashes found.
Attempt 3:
    No crashes found.
Attempt 4:
    No crashes found.
Attempt 5:
    No crashes found.
The bug was not found.

== Confirming the bisected commit ==

2023-03-16 07:32:09
Session:   16
Template:  2019-09-24 - e38a6630eb6b89a4b3c344dc62ecb3b60f078028
Syzkaller: 2019-09-24 - e38a6630eb6b89a4b3c344dc62ecb3b60f078028
Kernel:    2019-09-24 - 9c9fa97a8edbc3668dfc7a25de516e80c146e86f
The bug was found in a previous identical fuzzing session.

2023-03-16 07:32:09
Session:   17
Template:  2019-09-24 - e38a6630eb6b89a4b3c344dc62ecb3b60f078028
Syzkaller: 2019-09-24 - e38a6630eb6b89a4b3c344dc62ecb3b60f078028
Kernel:    2019-09-24 - 5184d449600f501a8688069f35c138c6b3bf8b94
The bug was not found in a previous identical fuzzing session.

====================================================================================================================================================
Revealing Factor:   Kernel Commit
Version:            2019-09-24 - 9c9fa97a8edbc3668dfc7a25de516e80c146e86f
Commit Name:        Merge branch 'akpm' (patches from Andrew)

Bug Name:           memory leak in reiserfs_fill_super
Bug Link:           https://syzkaller.appspot.com/bug?id=fa70eff6ae2f04be20810a8c0d7ade7e7a8ea3cf
Arch:               amd64
Finding Date:       2019-12-11
Finding Commit:     2019-12-09 - 6794862a16ef41f753abd75c03a152836e4c8028
Guilty Merge:       2012-01-08 - 972b2c719990f91eb3b2310d44ef8a2d38955a14
Guilty Commit:      2012-01-06 - c3aa077648e147783a7a53b409578234647db853

Possible Blocking Bugs:
    BUG: write(kmemleak, scan) failed: device or resource busy

AUTHOR: Not a blocking bug
