WARNING in xfrm_alloc_compat,https://syzkaller.appspot.com/bug?id=20073010fcaa27b87f6571d9c0a71290a4a04e89
Repository: linux
Arch: amd64
Finding: 2021-03-28 - a5e13c6df0e41702d2b2c77c8ad41677ebb065b3
Guilty:  2020-09-24 - 5f3eea6b7e8f58cf5c8a9d4b9679dc19e9e67ba3
No Duplicates
Single Proc Allocation
VMs:8
CPUs:2
Procs:16
Max time:30
Max attempts:3
Testing the finding commit.

2023-03-31 21:39:31
Session:   1
Template:  2021-03-29 - 6a81331a1d4c744da9204d02ec88d558f7eea9c9
Syzkaller: 2021-03-29 - 6a81331a1d4c744da9204d02ec88d558f7eea9c9
Kernel:    2021-03-28 - a5e13c6df0e41702d2b2c77c8ad41677ebb065b3
Compiler:  gcc-10.2.1-20210110
Attempt 1:
    Time  Bug Name
***    2  WARNING in xfrm_alloc_compat
Attempt 2:
    Time  Bug Name
***    3  WARNING in xfrm_alloc_compat
Attempt 3:
    Time  Bug Name
***    3  WARNING in xfrm_alloc_compat
The bug was found.

New Max Time: 10.
Merge Commit: 2020-09-28 - 61e7113e48d3ca1ea692b5c6376a4b545b312166.

==== Template Retrospection ====
1 template change in [2020-09-28, 2021-03-29].

2023-03-31 22:49:53
Session:   2
Template:  2021-03-02 - e1b9a5704d15b1f26f7cae9142c34544768175b2
Syzkaller: 2021-03-02 - e1b9a5704d15b1f26f7cae9142c34544768175b2
Kernel:    2021-03-01 - 7a7fd0de4a9804299793e564a555a49c1fc924cb
Compiler:  gcc-10.2.1-20210110
Warning: Syzkaller log file exceeded 5000 lines.
Saved at /mnt/sda/author/SyzInspector/wd-inspector-2/log/bug364-boot_failure.log.
Attempt 1:
    Time  Bug Name
       2  boot failure
Warning: Syzkaller log file exceeded 5000 lines.
Saved at /mnt/sda/author/SyzInspector/wd-inspector-2/log/bug364-boot_failure.log.
Attempt 2:
    Time  Bug Name
       2  boot failure
Warning: Syzkaller log file exceeded 5000 lines.
Saved at /mnt/sda/author/SyzInspector/wd-inspector-2/log/bug364-boot_failure.log.
Attempt 3:
    Time  Bug Name
       2  boot failure
Warning: Syzkaller log file exceeded 5000 lines.
Saved at /mnt/sda/author/SyzInspector/wd-inspector-2/log/bug364-boot_failure.log.
Attempt 4: (RETRY)
    Time  Bug Name
       3  boot failure
Warning: Syzkaller log file exceeded 5000 lines.
Saved at /mnt/sda/author/SyzInspector/wd-inspector-2/log/bug364-boot_failure.log.
Attempt 5: (RETRY)
    Time  Bug Name
       2  boot failure
Warning: Syzkaller log file exceeded 5000 lines.
Saved at /mnt/sda/author/SyzInspector/wd-inspector-2/log/bug364-boot_failure.log.
Attempt 6: (RETRY)
    Time  Bug Name
       3  boot failure
The bug was not found.
Warning: This session is unstable.

==== Kernel Retrospection ====
136 Linux commits in [2021-03-01, 2021-03-29].

2023-03-31 23:55:34
Session:   3
Template:  2021-03-14 - cc1cff8f1e1a585894796d6eae8c51eef98037e6
Syzkaller: 2021-03-14 - cc1cff8f1e1a585894796d6eae8c51eef98037e6
Kernel:    2021-03-14 - 70404fe3030ec2dcf339a9730bc03bf0e1f2acf5
Compiler:  gcc-10.2.1-20210110
Warning: Syzkaller log file exceeded 5000 lines.
Saved at /mnt/sda/author/SyzInspector/wd-inspector-2/log/bug364-boot_failure.log.
Attempt 1:
    Time  Bug Name
       3  boot failure
Warning: Syzkaller log file exceeded 5000 lines.
Saved at /mnt/sda/author/SyzInspector/wd-inspector-2/log/bug364-boot_failure.log.
Attempt 2:
    Time  Bug Name
       3  WARNING in kvm_wait
       3  boot failure
Attempt 3:
    Time  Bug Name
***    3  WARNING in xfrm_alloc_compat
The bug was found.

2023-04-01 00:51:46
Session:   4
Template:  2021-03-10 - c2ca1f2a94f7bc6f676d2e6a3313aa0817be2869
Syzkaller: 2021-03-10 - c2ca1f2a94f7bc6f676d2e6a3313aa0817be2869
Kernel:    2021-03-10 - 9b1ea29bc0d7b94d420f96a0f4121403efc3dd85
Compiler:  gcc-10.2.1-20210110
Warning: Syzkaller log file exceeded 5000 lines.
Saved at /mnt/sda/author/SyzInspector/wd-inspector-2/log/bug364-boot_failure.log.
Attempt 1:
    Time  Bug Name
       3  boot failure
Warning: Syzkaller log file exceeded 5000 lines.
Saved at /mnt/sda/author/SyzInspector/wd-inspector-2/log/bug364-boot_failure.log.
Attempt 2:
    Time  Bug Name
***    3  WARNING in xfrm_alloc_compat
       3  boot failure
The bug was found.

2023-04-01 01:54:10
Session:   5
Template:  2021-03-05 - e4b4d570a88c0d2e0420c6e21fc20d90564636b1
Syzkaller: 2021-03-05 - e4b4d570a88c0d2e0420c6e21fc20d90564636b1
Kernel:    2021-03-05 - 47454caf45f0481988912a4980ef751a1c637b76
Compiler:  gcc-10.2.1-20210110
Attempt 1:
    Time  Bug Name
***    2  WARNING in xfrm_alloc_compat
The bug was found.

2023-04-01 02:45:30
Session:   6
Template:  2021-03-05 - e4b4d570a88c0d2e0420c6e21fc20d90564636b1
Syzkaller: 2021-03-05 - e4b4d570a88c0d2e0420c6e21fc20d90564636b1
Kernel:    2021-03-05 - 44195bd7711b8a463aa4a0f93c25ce27c5e68cb5
Compiler:  gcc-10.2.1-20210110
Warning: Syzkaller log file exceeded 5000 lines.
Saved at /mnt/sda/author/SyzInspector/wd-inspector-2/log/bug364-boot_failure.log.
Attempt 1:
    Time  Bug Name
***    3  WARNING in xfrm_alloc_compat
       3  boot failure
The bug was found.

2023-04-01 03:45:40
Session:   7
Template:  2021-03-04 - 9d751681c8ca1ef150e96f3c1e18bdcaab99c9b9
Syzkaller: 2021-03-04 - 9d751681c8ca1ef150e96f3c1e18bdcaab99c9b9
Kernel:    2021-03-04 - 43df5242af4ed67e8811257ab1bfe6a07e4a5858
Compiler:  gcc-10.2.1-20210110
Warning: Syzkaller log file exceeded 5000 lines.
Saved at /mnt/sda/author/SyzInspector/wd-inspector-2/log/bug364-boot_failure.log.
Attempt 1:
    Time  Bug Name
       3  boot failure
Warning: Syzkaller log file exceeded 5000 lines.
Saved at /mnt/sda/author/SyzInspector/wd-inspector-2/log/bug364-boot_failure.log.
Attempt 2:
    Time  Bug Name
       2  boot failure
Warning: Syzkaller log file exceeded 5000 lines.
Saved at /mnt/sda/author/SyzInspector/wd-inspector-2/log/bug364-boot_failure.log.
Attempt 3:
    Time  Bug Name
       2  boot failure
Warning: Syzkaller log file exceeded 5000 lines.
Saved at /mnt/sda/author/SyzInspector/wd-inspector-2/log/bug364-boot_failure.log.
Attempt 4: (RETRY)
    Time  Bug Name
       2  boot failure
Warning: Syzkaller log file exceeded 5000 lines.
Saved at /mnt/sda/author/SyzInspector/wd-inspector-2/log/bug364-boot_failure.log.
Attempt 5: (RETRY)
    Time  Bug Name
       2  boot failure
Warning: Syzkaller log file exceeded 5000 lines.
Saved at /mnt/sda/author/SyzInspector/wd-inspector-2/log/bug364-boot_failure.log.
Attempt 6: (RETRY)
    Time  Bug Name
       3  WARNING in warn_bogus_irq_restore
       3  boot failure
The bug was not found.
Warning: This session is unstable.

2023-04-01 04:55:13
Session:   8
Template:  2021-03-03 - d7e4e6046884630f013a35de0d7d8a4e780aa6cc
Syzkaller: 2021-03-03 - d7e4e6046884630f013a35de0d7d8a4e780aa6cc
Kernel:    2021-03-03 - f69d02e37a85645aa90d18cacfff36dba370f797
Compiler:  gcc-10.2.1-20210110
Warning: Syzkaller log file exceeded 5000 lines.
Saved at /mnt/sda/author/SyzInspector/wd-inspector-2/log/bug364-boot_failure.log.
Attempt 1:
    Time  Bug Name
       2  boot failure
Warning: Syzkaller log file exceeded 5000 lines.
Saved at /mnt/sda/author/SyzInspector/wd-inspector-2/log/bug364-boot_failure.log.
Attempt 2:
    Time  Bug Name
       2  boot failure
Warning: Syzkaller log file exceeded 5000 lines.
Saved at /mnt/sda/author/SyzInspector/wd-inspector-2/log/bug364-boot_failure.log.
Attempt 3:
    Time  Bug Name
       2  boot failure
Warning: Syzkaller log file exceeded 5000 lines.
Saved at /mnt/sda/author/SyzInspector/wd-inspector-2/log/bug364-boot_failure.log.
Attempt 4: (RETRY)
    Time  Bug Name
***    3  WARNING in xfrm_alloc_compat
       3  boot failure
The bug was found.

2023-04-01 05:52:35
Session:   9
Template:  2021-03-01 - 92ead2966b78ac6b2d6a0a464cc15c6ee6f853c6
Syzkaller: 2021-03-01 - 92ead2966b78ac6b2d6a0a464cc15c6ee6f853c6
Kernel:    2021-03-01 - c608aca57dd034d09f307b109b670d1cfb829279
Compiler:  gcc-10.2.1-20210110
Warning: Syzkaller log file exceeded 5000 lines.
Saved at /mnt/sda/author/SyzInspector/wd-inspector-2/log/bug364-boot_failure.log.
Attempt 1:
    Time  Bug Name
       2  boot failure
Warning: Syzkaller log file exceeded 5000 lines.
Saved at /mnt/sda/author/SyzInspector/wd-inspector-2/log/bug364-boot_failure.log.
Attempt 2:
    Time  Bug Name
       3  WARNING in warn_bogus_irq_restore
       4  boot failure
Warning: Syzkaller log file exceeded 5000 lines.
Saved at /mnt/sda/author/SyzInspector/wd-inspector-2/log/bug364-boot_failure.log.
Attempt 3:
    Time  Bug Name
***    3  WARNING in xfrm_alloc_compat
       3  boot failure
The bug was found.

2023-04-01 06:40:51
Session:   10
Template:  2021-03-01 - 92ead2966b78ac6b2d6a0a464cc15c6ee6f853c6
Syzkaller: 2021-03-01 - 92ead2966b78ac6b2d6a0a464cc15c6ee6f853c6
Kernel:    2021-03-01 - fe07bfda2fb9cdef8a4d4008a409bb02f35f1bd8
Compiler:  gcc-10.2.1-20210110
Warning: Syzkaller log file exceeded 5000 lines.
Saved at /mnt/sda/author/SyzInspector/wd-inspector-2/log/bug364-boot_failure.log.
Attempt 1:
    Time  Bug Name
       3  boot failure
Warning: Syzkaller log file exceeded 5000 lines.
Saved at /mnt/sda/author/SyzInspector/wd-inspector-2/log/bug364-boot_failure.log.
Attempt 2:
    Time  Bug Name
       3  boot failure
Attempt 3:
    Time  Bug Name
***    2  WARNING in xfrm_alloc_compat
The bug was found.

== Confirming the bisected commit ==

2023-04-01 07:34:21
Session:   11
Template:  2021-03-01 - 92ead2966b78ac6b2d6a0a464cc15c6ee6f853c6
Syzkaller: 2021-03-01 - 92ead2966b78ac6b2d6a0a464cc15c6ee6f853c6
Kernel:    2021-03-01 - fe07bfda2fb9cdef8a4d4008a409bb02f35f1bd8
The bug was found in a previous identical fuzzing session.

2023-04-01 07:34:21
Session:   12
Template:  2021-03-01 - 92ead2966b78ac6b2d6a0a464cc15c6ee6f853c6
Syzkaller: 2021-03-01 - 92ead2966b78ac6b2d6a0a464cc15c6ee6f853c6
Kernel:    2021-02-28 - d346da4a4a4485e3e728569a48bec6bfbf9e53d5
Compiler:  gcc-10.2.1-20210110
Warning: Syzkaller log file exceeded 5000 lines.
Saved at /mnt/sda/author/SyzInspector/wd-inspector-2/log/bug364-boot_failure.log.
Attempt 1:
    Time  Bug Name
       3  boot failure
Warning: Syzkaller log file exceeded 5000 lines.
Saved at /mnt/sda/author/SyzInspector/wd-inspector-2/log/bug364-boot_failure.log.
Attempt 2:
    Time  Bug Name
       3  boot failure
Warning: Syzkaller log file exceeded 5000 lines.
Saved at /mnt/sda/author/SyzInspector/wd-inspector-2/log/bug364-boot_failure.log.
Attempt 3:
    Time  Bug Name
       3  boot failure
Warning: Syzkaller log file exceeded 5000 lines.
Saved at /mnt/sda/author/SyzInspector/wd-inspector-2/log/bug364-boot_failure.log.
Attempt 4: (RETRY)
    Time  Bug Name
***    3  WARNING in xfrm_alloc_compat
       3  boot failure
The bug was found.

==== Syzkaller Retrospection ====
4 Syzkaller commits from [2021-03-01].

2023-04-01 09:27:02
Session:   13
Template:  2021-03-01 - 92ead2966b78ac6b2d6a0a464cc15c6ee6f853c6
Syzkaller: 2021-03-01 - 92ead2966b78ac6b2d6a0a464cc15c6ee6f853c6
Kernel:    2021-03-01 - fe07bfda2fb9cdef8a4d4008a409bb02f35f1bd8
Compiler:  gcc-10.2.1-20210110
The bug was found in a previous identical fuzzing session.

2023-04-01 09:27:02
Session:   14
Template:  2021-03-01 - 1cdecf8be3c8e4ddfae9982ea63e3ace43fc253b
Syzkaller: 2021-03-01 - 1cdecf8be3c8e4ddfae9982ea63e3ace43fc253b
Kernel:    2021-03-01 - fe07bfda2fb9cdef8a4d4008a409bb02f35f1bd8
Compiler:  gcc-10.2.1-20210110
Warning: Syzkaller log file exceeded 5000 lines.
Saved at /mnt/sda/author/SyzInspector/wd-inspector-2/log/bug364-boot_failure.log.
Attempt 1:
    Time  Bug Name
       2  boot failure
Warning: Syzkaller log file exceeded 5000 lines.
Saved at /mnt/sda/author/SyzInspector/wd-inspector-2/log/bug364-boot_failure.log.
Attempt 2:
    Time  Bug Name
       3  boot failure
Warning: Syzkaller log file exceeded 5000 lines.
Saved at /mnt/sda/author/SyzInspector/wd-inspector-2/log/bug364-boot_failure.log.
Attempt 3:
    Time  Bug Name
       2  WARNING in warn_bogus_irq_restore
       2  boot failure
Warning: Syzkaller log file exceeded 5000 lines.
Saved at /mnt/sda/author/SyzInspector/wd-inspector-2/log/bug364-boot_failure.log.
Attempt 4: (RETRY)
    Time  Bug Name
       3  WARNING in warn_bogus_irq_restore
       3  boot failure
Warning: Syzkaller log file exceeded 5000 lines.
Saved at /mnt/sda/author/SyzInspector/wd-inspector-2/log/bug364-boot_failure.log.
Attempt 5: (RETRY)
    Time  Bug Name
       2  boot failure
Warning: Syzkaller log file exceeded 5000 lines.
Saved at /mnt/sda/author/SyzInspector/wd-inspector-2/log/bug364-boot_failure.log.
Attempt 6: (RETRY)
    Time  Bug Name
       2  boot failure
The bug was not found.
Warning: This session is unstable.

====================================================================================================================================================
Revealing Factor:   Syzkaller Update
Version:            2021-03-01 - 92ead2966b78ac6b2d6a0a464cc15c6ee6f853c6
Commit Name:        sys/linux/filesystem: add mount_setattr() coverage

Bug Name:           WARNING in xfrm_alloc_compat
Bug Link:           https://syzkaller.appspot.com/bug?id=20073010fcaa27b87f6571d9c0a71290a4a04e89
Arch:               amd64
Finding Date:       2021-03-29
Finding Commit:     2021-03-28 - a5e13c6df0e41702d2b2c77c8ad41677ebb065b3
Guilty Merge:       2020-09-28 - 61e7113e48d3ca1ea692b5c6376a4b545b312166
Guilty Commit:      2020-09-24 - 5f3eea6b7e8f58cf5c8a9d4b9679dc19e9e67ba3

Possible Blocking Bugs:

AUTHOR: Bug is being blocked by WARNING in warn_bogus_irq_restore, which appears as boot failures.
