BUG: unable to handle kernel paging request in can_rcv_filter,https://syzkaller.appspot.com/bug?id=416d4bba05317b98e3dfe795bb7eb89873464bf7
Repository: linux
Arch: amd64
Finding: 2022-12-02 - 97ee9d1c16963375eefdf964c429897d27e28956
Guilty:  2021-02-24 - 4e096a18867a5a989b510f6999d9c6b6622e8f7b
No Duplicates
Single Proc Allocation
VMs:8
CPUs:2
Procs:16
Max time:30
Max attempts:3
Testing the finding commit.

2023-05-10 00:41:28
Session:   1
Template:  2022-06-17 - 8f633d840e3eb6454f036e9da3285bcf27345616
Syzkaller: 2022-06-17 - 8f633d840e3eb6454f036e9da3285bcf27345616
Kernel:    2022-12-03 - 97ee9d1c16963375eefdf964c429897d27e28956
Compiler:  gcc-10.2.1-20210110
Attempt 1:
    Time  Bug Name
       2  general protection fault in can_rcv_filter
      12  no output from test machine
Attempt 2:
    Time  Bug Name
       3  general protection fault in can_rcv_filter
      14  no output from test machine
Attempt 3:
    Time  Bug Name
       2  general protection fault in can_rcv_filter
The bug was not found.

Failure: This bug cannot be found at the finding commit.
