KASAN: use-after-free Read in sctp_auth_free,https://syzkaller.appspot.com/bug?id=cbb289816e728f56a4e2c1b854a3163402fe2f88
Repository: linux
Arch: amd64
Finding: 2020-10-06 - c85fb28b6f999db9928b841f63f1beeb3074eeca
Guilty:  2007-10-10 - 1f485649f52929d9937b346a920a522a7363e202
No Duplicates
Single Proc Allocation
VMs:8
CPUs:2
Procs:16
Max time:30
Max attempts:3
Testing the finding commit.

2023-05-06 00:57:20
Session:   1
Template:  2020-10-05 - 1880b4a9f394370a7d1fcb5c1cfca0fa1127b463
Syzkaller: 2020-10-05 - 1880b4a9f394370a7d1fcb5c1cfca0fa1127b463
Kernel:    2020-10-06 - c85fb28b6f999db9928b841f63f1beeb3074eeca
Compiler:  gcc-10.1.0-syz
Attempt 1:
    Time  Bug Name
      28  BUG: using smp_processor_id() in preemptible code in radix_tree_node_alloc
Attempt 2:
    No crashes found.
Attempt 3:
    Time  Bug Name
      26  BUG: using smp_processor_id() in preemptible code in radix_tree_node_alloc
The bug was not found.

Failure: This bug cannot be found at the finding commit.

