memory leak in __vsock_create,https://syzkaller.appspot.com/bug?id=cd9103dc63346d26acbbdbf5c6ba9bd74e48c860
Repository: linux
Arch: amd64
Finding: 2022-04-05 - ce4c854ee8681bc66c1c369518b6594e93b11ee5
Guilty:  2013-02-10 - d021c344051af91f42c5ba9fdedc176740cbd238
No Duplicates
Single Proc Allocation
VMs:8
CPUs:2
Procs:16
Max time:30
Max attempts:5
Testing the finding commit.

2023-03-09 22:46:15
Session:   1
Template:  2022-04-06 - 53c67432e69b0df4ff64448b944cbffaecec20f4
Syzkaller: 2022-04-06 - 53c67432e69b0df4ff64448b944cbffaecec20f4
Kernel:    2022-04-05 - ce4c854ee8681bc66c1c369518b6594e93b11ee5
Compiler:  gcc-10.2.1-20210110
Attempt 1:
    No crashes found.
Attempt 2:
    No crashes found.
Attempt 3:
    No crashes found.
Attempt 4:
    No crashes found.
Attempt 5:
    No crashes found.
The bug was not found.

Failure: This bug cannot be found at the finding commit.
