general protection fault in skb_unlink,https://syzkaller.appspot.com/bug?id=2d6d1853e26eb3b70cd558298ebf0c98157fcccf
Repository: linux
Arch: amd64
Finding: 2018-05-29 - 0044cdeb731313f20b63cb5644de7588731de32b
Guilty:  2016-03-09 - ab7ac4eb9832e32a09f4e8042705484d2fb0aad3
No Duplicates
Single Proc Allocation
VMs:8
CPUs:2
Procs:16
Max time:30
Max attempts:3
Testing the finding commit.

2023-04-19 23:00:30
Session:   1
Template:  2018-05-29 - 2f93b54f26aa40233a0a584ce8714e55c8dd159a
Syzkaller: 2018-05-29 - 2f93b54f26aa40233a0a584ce8714e55c8dd159a
Kernel:    2018-05-30 - 0044cdeb731313f20b63cb5644de7588731de32b
Compiler:  gcc-8.0.1-20180412
Attempt 1:
    Time  Bug Name
      30  lost connection to test machine
Attempt 2:
    Time  Bug Name
      25  lost connection to test machine
Attempt 3:
    Time  Bug Name
      26  lost connection to test machine
Attempt 4: (RETRY)
    No crashes found.
Attempt 5: (RETRY)
    Time  Bug Name
***   30  general protection fault in skb_unlink
      30  lost connection to test machine
Attempt 6: (RETRY)
    Time  Bug Name
      27  lost connection to test machine
The bug was found.

New Max Time: 30.
Merge Commit: 2016-03-09 - 9531ab65f4ec066a6e6617a08a293c60397a161b.

==== Template Inspection ====
47 template changes in [2017-07-22, 2018-05-30].

2023-04-20 03:14:42
Session:   2
Template:  2018-01-14 - 36e37bdf6ce1243e86e31d5cc17d6468aa3847d0
Syzkaller: 2018-01-14 - 36e37bdf6ce1243e86e31d5cc17d6468aa3847d0
Kernel:    2018-01-14 - a8750ddca918032d6349adbf9a4b6555e7db20da
Compiler:  gcc-7.1.1-20170620
Attempt 1:
    Time  Bug Name
      19  lost connection to test machine
Attempt 2:
    Time  Bug Name
      15  lost connection to test machine
Attempt 3:
    Time  Bug Name
      24  WARNING in adjust_ptr_min_max_vals
Attempt 4: (RETRY)
    Time  Bug Name
      26  BUG: soft lockup
      26  BUG: soft lockup
Attempt 5: (RETRY)
    Time  Bug Name
      18  WARNING in tracepoint_probe_register_prio
      28  BUG: soft lockup
The bug was not found.
Warning: This session is unstable.

2023-04-20 06:10:46
Session:   3
Template:  2018-03-05 - 42467f5b7bf4eef20f78f796fc6eb10401784d86
Syzkaller: 2018-03-05 - 42467f5b7bf4eef20f78f796fc6eb10401784d86
Kernel:    2018-03-05 - 094b58e1040a44f991d7ab628035e69c4d6b79c9
Compiler:  gcc-8.0.1-20180301
Attempt 1:
    Time  Bug Name
      27  lost connection to test machine
Attempt 2:
    Time  Bug Name
      20  lost connection to test machine
      23  no output from test machine
Attempt 3:
    Time  Bug Name
      28  lost connection to test machine
      28  lost connection to test machine
Attempt 4: (RETRY)
    No crashes found.
Attempt 5: (RETRY)
    Time  Bug Name
      21  lost connection to test machine
Attempt 6: (RETRY)
    Time  Bug Name
      21  lost connection to test machine
      21  lost connection to test machine
The bug was not found.
Warning: This session is unstable.

2023-04-20 09:43:30
Session:   4
Template:  2018-04-11 - 9cd56d71a84c470aa92422144a76d42c8ff6d11d
Syzkaller: 2018-04-11 - 9cd56d71a84c470aa92422144a76d42c8ff6d11d
Kernel:    2018-04-11 - 96973767594fe9c5d8a7e8fc594c9e565ab0374e
Compiler:  gcc-8.0.1-20180301
Attempt 1:
    Time  Bug Name
      19  lost connection to test machine
      21  WARNING in tracepoint_probe_register_prio
      21  lost connection to test machine
      22  no output from test machine
      27  WARNING in tracepoint_probe_register_prio
      28  WARNING in tracepoint_probe_register_prio
Attempt 2:
    Time  Bug Name
      25  lost connection to test machine
      25  lost connection to test machine
      29  WARNING in tracepoint_probe_register_prio
      30  WARNING in tracepoint_probe_register_prio
Attempt 3:
    Time  Bug Name
      20  no output from test machine
Attempt 4: (RETRY)
    Time  Bug Name
      24  lost connection to test machine
      24  lost connection to test machine
      27  lost connection to test machine
Attempt 5: (RETRY)
    Time  Bug Name
      24  lost connection to test machine
Attempt 6: (RETRY)
    No crashes found.
The bug was not found.
Warning: This session is unstable.

2023-04-20 13:17:23
Session:   5
Template:  2018-05-17 - 256b70f9cfff65292358cf8c0b9d2611db56c326
Syzkaller: 2018-05-17 - 256b70f9cfff65292358cf8c0b9d2611db56c326
Kernel:    2018-05-17 - 3acf4e395260e3bd30a6fa29ba7eada4bf7566ca
Compiler:  gcc-8.0.1-20180412
Attempt 1:
    Time  Bug Name
      24  no output from test machine
Attempt 2:
    No crashes found.
Attempt 3:
    No crashes found.
The bug was not found.

2023-04-20 15:20:12
Session:   6
Template:  2018-05-18 - 849705db5cd36907fecfb80a4e3339542033b11e
Syzkaller: 2018-05-18 - 849705db5cd36907fecfb80a4e3339542033b11e
Kernel:    2018-05-18 - 2c71d338bef2cc8a2e5f8ebe70788eeff246fcd8
Compiler:  gcc-8.0.1-20180412
Attempt 1:
    Time  Bug Name
      24  lost connection to test machine
Attempt 2:
    Time  Bug Name
      28  lost connection to test machine
Attempt 3:
    No crashes found.
Attempt 4: (RETRY)
    No crashes found.
Attempt 5: (RETRY)
    Time  Bug Name
***   23  general protection fault in skb_unlink
      23  lost connection to test machine
      23  lost connection to test machine
The bug was found.

2023-04-20 18:11:31
Session:   7
Template:  2018-05-18 - d302e8164182e77b558e471c712839fda3ed7779
Syzkaller: 2018-05-18 - d302e8164182e77b558e471c712839fda3ed7779
Kernel:    2018-05-18 - 2c71d338bef2cc8a2e5f8ebe70788eeff246fcd8
Compiler:  gcc-8.0.1-20180412
Attempt 1:
    No crashes found.
Attempt 2:
    No crashes found.
Attempt 3:
    No crashes found.
The bug was not found.

2023-04-20 20:33:08
Session:   8
Template:  2018-05-18 - d302e8164182e77b558e471c712839fda3ed7779
Syzkaller: 2018-05-18 - 849705db5cd36907fecfb80a4e3339542033b11e
Kernel:    2018-05-18 - 2c71d338bef2cc8a2e5f8ebe70788eeff246fcd8
Compiler:  gcc-8.0.1-20180412
Attempt 1:
    No crashes found.
Attempt 2:
    Time  Bug Name
***   25  general protection fault in skb_unlink
The bug was found.
Switching to Safe Mode: Fuzzing 5 times at 30 minutes

==== Kernel Inspection ====
7 Linux commits in [2018-05-18, 2018-05-18].

2023-04-20 22:14:36
Session:   9
Template:  2018-05-18 - 849705db5cd36907fecfb80a4e3339542033b11e
Syzkaller: 2018-05-18 - 849705db5cd36907fecfb80a4e3339542033b11e
Kernel:    2018-05-18 - 0e273f9edcea9b6893aed90b4ccf8b400dd838ea
Compiler:  gcc-8.0.1-20180412
Attempt 1:
    No crashes found.
Attempt 2:
    Time  Bug Name
      28  general protection fault in requeue_rx_msgs
      28  lost connection to test machine
Attempt 3:
    Time  Bug Name
      21  lost connection to test machine
Attempt 4:
    No crashes found.
Attempt 5:
    No crashes found.
Attempt 6: (RETRY)
    No crashes found.
Attempt 7: (RETRY)
    No crashes found.
The bug was not found.

2023-04-21 02:47:14
Session:   10
Template:  2018-05-18 - 849705db5cd36907fecfb80a4e3339542033b11e
Syzkaller: 2018-05-18 - 849705db5cd36907fecfb80a4e3339542033b11e
Kernel:    2018-05-18 - d3154821686531964735a17ee0466c832e69d6d5
Compiler:  gcc-8.0.1-20180412
Attempt 1:
    Time  Bug Name
***   24  general protection fault in skb_unlink
The bug was found.

2023-04-21 03:50:36
Session:   11
Template:  2018-05-18 - 849705db5cd36907fecfb80a4e3339542033b11e
Syzkaller: 2018-05-18 - 849705db5cd36907fecfb80a4e3339542033b11e
Kernel:    2018-05-18 - 477e2c6f34a4c7c6dd9d796420979214c5b4ade7
Compiler:  gcc-8.0.1-20180412
Attempt 1:
    Time  Bug Name
      29  BUG: soft lockup in corrupted
Attempt 2:
    Time  Bug Name
      19  lost connection to test machine
      20  lost connection to test machine
      21  lost connection to test machine
Attempt 3:
    Time  Bug Name
      21  lost connection to test machine
Attempt 4:
    Time  Bug Name
      29  lost connection to test machine
Attempt 5:
    Time  Bug Name
      25  WARNING in bpf_int_jit_compile
Attempt 6: (RETRY)
    Time  Bug Name
***   24  general protection fault in skb_unlink
The bug was found.

== Confirming the bisected commit ==

2023-04-21 07:31:47
Session:   12
Template:  2018-05-18 - 849705db5cd36907fecfb80a4e3339542033b11e
Syzkaller: 2018-05-18 - 849705db5cd36907fecfb80a4e3339542033b11e
Kernel:    2018-05-18 - 477e2c6f34a4c7c6dd9d796420979214c5b4ade7
The bug was found in a previous identical fuzzing session.

2023-04-21 07:31:47
Session:   13
Template:  2018-05-18 - 849705db5cd36907fecfb80a4e3339542033b11e
Syzkaller: 2018-05-18 - 849705db5cd36907fecfb80a4e3339542033b11e
Kernel:    2018-05-18 - 0e273f9edcea9b6893aed90b4ccf8b400dd838ea
The bug was not found in a previous identical fuzzing session.

====================================================================================================================================================
Revealing Factor:   Kernel Commit
Version:            2018-05-18 - 477e2c6f34a4c7c6dd9d796420979214c5b4ade7
Commit Name:        Merge tag 'pm-4.17-rc6' of git://git.kernel.org/pub/scm/linux/kernel/git/rafael/linux-pm

Bug Name:           general protection fault in skb_unlink
Bug Link:           https://syzkaller.appspot.com/bug?id=2d6d1853e26eb3b70cd558298ebf0c98157fcccf
Arch:               amd64
Finding Date:       2018-05-30
Finding Commit:     2018-05-30 - 0044cdeb731313f20b63cb5644de7588731de32b
Guilty Merge:       2016-03-09 - 9531ab65f4ec066a6e6617a08a293c60397a161b
Guilty Commit:      2016-03-09 - ab7ac4eb9832e32a09f4e8042705484d2fb0aad3

Possible Blocking Bugs:

AUTHOR: a lot of unstable commits, no clear blocking bug
