KASAN: slab-out-of-bounds Write in tcindex_set_parms,https://syzkaller.appspot.com/bug?id=e9a87c1b4bdedd054fb412586a8ae8bc3087182b
Repository: linux
Arch: i386
Finding: 2020-03-08 - 2c523b344dfa65a3738e7039832044aa133c75fb
Guilty:  2020-02-04 - 599be01ee567b61f4471ee8078870847d0a11e8e
Duplicate Names:
    KASAN: use-after-free Write in tcindex_change
    general protection fault in tcf_action_destroy
    WARNING in kfree
    KASAN: use-after-free Write in tcindex_set_parms
    KASAN: slab-out-of-bounds Write in tcindex_set_parms
    KASAN: invalid-free in tcf_exts_destroy
    WARNING: refcount bug in __tcf_action_put
    KMSAN: uninit-value in tcf_exts_change
Single Proc Allocation
VMs:8
CPUs:2
Procs:16
Max time:30
Max attempts:3
Testing the finding commit.

2023-06-06 09:04:55
Session:   1
Template:  2020-03-09 - 35f53e457420e79fa28e3260cdbbf9f37b9f97e4
Syzkaller: 2020-03-09 - 35f53e457420e79fa28e3260cdbbf9f37b9f97e4
Kernel:    2020-03-09 - 2c523b344dfa65a3738e7039832044aa133c75fb
Compiler:  gcc-9.0.0-20181231
Attempt 1:
    Time  Bug Name
***    2  KASAN: use-after-free Write in tcindex_set_parms
Attempt 2:
    Time  Bug Name
***    2  KASAN: slab-out-of-bounds Write in tcindex_set_parms
Attempt 3:
    Time  Bug Name
***    2  KASAN: use-after-free Write in tcindex_set_parms
The bug was found.

New Max Time: 10.
Merge Commit: 2020-02-04 - 33b40134e5cfbbccad7f3040d1919889537a3df7.

==== Template Inspection ====
5 template changes in [2020-02-04, 2020-03-10].

2023-06-06 09:27:20
Session:   2
Template:  2020-02-18 - b97f1e694a1c096eac2f48c6e3ca47e8a3c4693c
Syzkaller: 2020-02-18 - b97f1e694a1c096eac2f48c6e3ca47e8a3c4693c
Kernel:    2020-02-18 - 0a44cac8105059eb756ed4276e932e54e1ba004d
Compiler:  gcc-9.0.0-20181231
Attempt 1:
    Time  Bug Name
***    2  KASAN: slab-out-of-bounds Write in tcindex_set_parms
The bug was found.

2023-06-06 09:42:06
Session:   3
Template:  2020-02-10 - d0da558cb16f3fb7cf26f20d24ee89eeb49a6f30
Syzkaller: 2020-02-10 - d0da558cb16f3fb7cf26f20d24ee89eeb49a6f30
Kernel:    2020-02-10 - bb6d3fb354c5ee8d6bde2d576eb7220ea09862b9
Compiler:  gcc-9.0.0-20181231
Attempt 1:
    Time  Bug Name
***    2  KASAN: slab-out-of-bounds Write in tcindex_set_parms
The bug was found.

2023-06-06 09:57:04
Session:   4
Template:  2020-02-10 - 4f86d327735efede368648e63570189966cb30c0
Syzkaller: 2020-02-10 - 4f86d327735efede368648e63570189966cb30c0
Kernel:    2020-02-10 - bb6d3fb354c5ee8d6bde2d576eb7220ea09862b9
Compiler:  gcc-9.0.0-20181231
Attempt 1:
    Time  Bug Name
***    2  KASAN: slab-out-of-bounds Write in tcindex_set_parms
The bug was found.

2023-06-06 10:12:05
Session:   5
Template:  2020-02-02 - 93e5e33559b98e47f3743e6d907ca8444fbba5d4
Syzkaller: 2020-02-10 - 4f86d327735efede368648e63570189966cb30c0
Kernel:    2020-02-10 - bb6d3fb354c5ee8d6bde2d576eb7220ea09862b9
Attempt 1:
    Time  Bug Name
***    2  KASAN: slab-out-of-bounds Write in tcindex_set_parms
The bug was found.

==== Kernel Inspection ====
61 Linux commits in [2020-02-04, 2020-02-10].

2023-06-06 10:16:07
Session:   6
Template:  2020-02-06 - 06150bf1b39b70e521560bc943ac19b281903ebc
Syzkaller: 2020-02-06 - 06150bf1b39b70e521560bc943ac19b281903ebc
Kernel:    2020-02-07 - 41dcd67e88688afbeb3b2bd23960eed5daec74e7
Compiler:  gcc-9.0.0-20181231
Attempt 1:
    Time  Bug Name
***    2  KASAN: use-after-free Write in tcindex_set_parms
The bug was found.

2023-06-06 10:32:10
Session:   7
Template:  2020-02-06 - 06150bf1b39b70e521560bc943ac19b281903ebc
Syzkaller: 2020-02-06 - 06150bf1b39b70e521560bc943ac19b281903ebc
Kernel:    2020-02-06 - 99be3f60989b4813f625b5421427fa9ab01e3a23
Compiler:  gcc-9.0.0-20181231
Attempt 1:
    Time  Bug Name
***    2  KASAN: slab-out-of-bounds Write in tcindex_set_parms
The bug was found.

2023-06-06 10:47:02
Session:   8
Template:  2020-02-05 - 662cf49ae315772e243d80a1c87dcdee1a304196
Syzkaller: 2020-02-05 - 662cf49ae315772e243d80a1c87dcdee1a304196
Kernel:    2020-02-05 - d271ab29230b1d0ceb426f374c221c4eb2c91c64
Compiler:  gcc-9.0.0-20181231
Attempt 1:
    Time  Bug Name
***    2  KASAN: slab-out-of-bounds Write in tcindex_set_parms
The bug was found.

2023-06-06 10:59:49
Session:   9
Template:  2020-02-05 - 662cf49ae315772e243d80a1c87dcdee1a304196
Syzkaller: 2020-02-05 - 662cf49ae315772e243d80a1c87dcdee1a304196
Kernel:    2020-02-05 - 51a198e89a96c34b3944034b2ebda9002ff57827
Compiler:  gcc-9.0.0-20181231
Attempt 1:
    Time  Bug Name
***    2  KASAN: slab-out-of-bounds Write in tcindex_set_parms
The bug was found.

2023-06-06 11:13:38
Session:   10
Template:  2020-02-05 - 662cf49ae315772e243d80a1c87dcdee1a304196
Syzkaller: 2020-02-05 - 662cf49ae315772e243d80a1c87dcdee1a304196
Kernel:    2020-02-05 - bddea11b1b9385f713006820f16a9fbe5efe6b47
Compiler:  gcc-9.0.0-20181231
Attempt 1:
    Time  Bug Name
***    2  KASAN: slab-out-of-bounds Write in tcindex_set_parms
The bug was found.

2023-06-06 11:28:37
Session:   11
Template:  2020-02-02 - 93e5e33559b98e47f3743e6d907ca8444fbba5d4
Syzkaller: 2020-02-02 - 93e5e33559b98e47f3743e6d907ca8444fbba5d4
Kernel:    2020-02-04 - 33b40134e5cfbbccad7f3040d1919889537a3df7
Compiler:  gcc-9.0.0-20181231
Attempt 1:
    Time  Bug Name
***    2  KASAN: slab-out-of-bounds Write in tcindex_set_parms
The bug was found.

== Confirming the bisected commit ==

2023-06-06 11:43:21
Session:   12
Template:  2020-02-02 - 93e5e33559b98e47f3743e6d907ca8444fbba5d4
Syzkaller: 2020-02-02 - 93e5e33559b98e47f3743e6d907ca8444fbba5d4
Kernel:    2020-02-04 - 33b40134e5cfbbccad7f3040d1919889537a3df7
The bug was found in a previous identical fuzzing session.

====================================================================================================================================================
Revealing Factor:   Guilty Merge
Version:            2020-02-04 - 33b40134e5cfbbccad7f3040d1919889537a3df7
Commit Name:        Merge git://git.kernel.org/pub/scm/linux/kernel/git/netdev/net

Bug Name:           KASAN: slab-out-of-bounds Write in tcindex_set_parms
Bug Link:           https://syzkaller.appspot.com/bug?id=e9a87c1b4bdedd054fb412586a8ae8bc3087182b
Arch:               i386
Finding Date:       2020-03-10
Finding Commit:     2020-03-09 - 2c523b344dfa65a3738e7039832044aa133c75fb
Guilty Merge:       2020-02-04 - 33b40134e5cfbbccad7f3040d1919889537a3df7
Guilty Commit:      2020-02-04 - 599be01ee567b61f4471ee8078870847d0a11e8e

Possible Blocking Bugs:
