KASAN: use-after-free Read in tipc_nl_node_dump_monitor_peer,https://syzkaller.appspot.com/bug?id=80b047eb9aff0254f4adc620c6891c0ca3276309
Repository: linux
Arch: i386
Finding: 2020-06-25 - 4a21185cda0fbb860580eeeb4f1a70a9cda332a4
Guilty:  2019-10-06 - 75cdbdd089003cd53560ff87b690ae911fa7df8e
Duplicate Names:
    KASAN: use-after-free Read in tipc_nl_node_dump_monitor_peer
    KASAN: use-after-free Read in tipc_nl_publ_dump
    KASAN: use-after-free Read in nl8NUM_dump_wpan_phy
    KASAN: use-after-free Read in tipc_udp_nl_dump_remoteip
    KASAN: use-after-free Read in __cfg8NUM_wpan_dev_from_attrs
Default Allocation.
VMs:4
CPUs:4
Procs:24
Max time:30
Max attempts:3
Testing the finding commit.

2023-06-06 01:59:44
Session:   1
Template:  2020-06-26 - ffec44b5d1e024359410f6ba8d5e965973ede8f5
Syzkaller: 2020-06-26 - ffec44b5d1e024359410f6ba8d5e965973ede8f5
Kernel:    2020-06-26 - 4a21185cda0fbb860580eeeb4f1a70a9cda332a4
Compiler:  gcc-10.1.0-syz
Error: Syzkaller failed to make.
