INFO: rcu detected stall in wg_packet_tx_worker,https://syzkaller.appspot.com/bug?id=0ad94661feece6f1f3a8577aa63627bf2cbddf0e
Repository: linux
Arch: amd64
Finding: 2020-04-25 - b2768df24ec400dd4f7fa79542f797e904812053
Guilty:  2010-12-31 - eeaeb068f1393b4db4861481bf594bcd1c3eda7a
Duplicate Names:
    INFO: rcu detected stall in inet_sendmsg
    BUG: soft lockup in wg_packet_tx_worker
    INFO: rcu detected stall in wg_packet_tx_worker
Default Allocation.
VMs:4
CPUs:4
Procs:24
Max time:30
Max attempts:3
Testing the finding commit.

2023-06-12 11:32:43
Session:   1
Template:  2020-04-26 - 0ce7569ee76fda7e5a68b0fe14c93a3e8eb7d108
Syzkaller: 2020-04-26 - 0ce7569ee76fda7e5a68b0fe14c93a3e8eb7d108
Kernel:    2020-04-25 - b2768df24ec400dd4f7fa79542f797e904812053
Compiler:  gcc-9.0.0-20181231
Attempt 1:
    Time  Bug Name
***    4  BUG: soft lockup in wg_packet_tx_worker
Attempt 2:
    Time  Bug Name
***    3  BUG: soft lockup in wg_packet_tx_worker
Attempt 3:
    Time  Bug Name
***    4  BUG: soft lockup in wg_packet_tx_worker
The bug was found.

New Max Time: 10.
No Merge Commit.

==== Template Retrospection ====
100 template changes in [2017-07-22, 2020-04-26].

2023-06-12 12:47:05
Session:   2
Template:  2019-01-24 - de746e82320ebed3f7b02820728fa6eb035bc313
Syzkaller: 2019-01-24 - de746e82320ebed3f7b02820728fa6eb035bc313
Kernel:    2019-01-24 - d73aba1115cf40630cc8b4b7aed049ed8117b458
Compiler:  gcc-9.0.0-20181231
Attempt 1:
    No crashes found.
Attempt 2:
    No crashes found.
Attempt 3:
    No crashes found.
The bug was not found.

2023-06-12 13:33:45
Session:   3
Template:  2020-01-03 - 76d86b16e617e761300a6de97f41f36bf091ef65
Syzkaller: 2020-01-03 - 76d86b16e617e761300a6de97f41f36bf091ef65
Kernel:    2020-01-03 - 3a562aee727a7bfbb3a37b1aa934118397dad701
Compiler:  gcc-9.0.0-20181231
Attempt 1:
    No crashes found.
Attempt 2:
    No crashes found.
Attempt 3:
    No crashes found.
The bug was not found.

2023-06-12 14:18:45
Session:   4
Template:  2020-01-23 - 46961c2ff5619b7149fd458397170cb798ed1d12
Syzkaller: 2020-01-23 - 46961c2ff5619b7149fd458397170cb798ed1d12
Kernel:    2020-01-23 - 4703d9119972bf586d2cca76ec6438f819ffa30e
Compiler:  gcc-9.0.0-20181231
Attempt 1:
    No crashes found.
Attempt 2:
    No crashes found.
Attempt 3:
    No crashes found.
The bug was not found.

2023-06-12 15:03:01
Session:   5
Template:  2020-02-21 - 4428511d10687cb446ad705148333478437d3f23
Syzkaller: 2020-02-21 - 4428511d10687cb446ad705148333478437d3f23
Kernel:    2020-02-21 - 2865936259e27629fac422bc80c9b55ca1f108a5
Compiler:  gcc-9.0.0-20181231
Attempt 1:
    Time  Bug Name
***    2  BUG: soft lockup in wg_packet_tx_worker
The bug was found.

2023-06-12 15:23:13
Session:   6
Template:  2020-02-10 - 4f86d327735efede368648e63570189966cb30c0
Syzkaller: 2020-02-10 - 4f86d327735efede368648e63570189966cb30c0
Kernel:    2020-02-10 - bb6d3fb354c5ee8d6bde2d576eb7220ea09862b9
Compiler:  gcc-9.0.0-20181231
Attempt 1:
    No crashes found.
Attempt 2:
    No crashes found.
Attempt 3:
    No crashes found.
The bug was not found.

2023-06-12 16:10:17
Session:   7
Template:  2020-02-18 - b97f1e694a1c096eac2f48c6e3ca47e8a3c4693c
Syzkaller: 2020-02-18 - b97f1e694a1c096eac2f48c6e3ca47e8a3c4693c
Kernel:    2020-02-18 - 0a44cac8105059eb756ed4276e932e54e1ba004d
Compiler:  gcc-9.0.0-20181231
Attempt 1:
    Time  Bug Name
***    4  BUG: soft lockup in wg_packet_tx_worker
The bug was found.

2023-06-12 16:31:55
Session:   8
Template:  2020-02-10 - d0da558cb16f3fb7cf26f20d24ee89eeb49a6f30
Syzkaller: 2020-02-10 - d0da558cb16f3fb7cf26f20d24ee89eeb49a6f30
Kernel:    2020-02-10 - bb6d3fb354c5ee8d6bde2d576eb7220ea09862b9
Compiler:  gcc-9.0.0-20181231
Attempt 1:
    No crashes found.
Attempt 2:
    No crashes found.
Attempt 3:
    No crashes found.
The bug was not found.

2023-06-12 17:20:01
Session:   9
Template:  2020-02-10 - d0da558cb16f3fb7cf26f20d24ee89eeb49a6f30
Syzkaller: 2020-02-18 - b97f1e694a1c096eac2f48c6e3ca47e8a3c4693c
Kernel:    2020-02-18 - 0a44cac8105059eb756ed4276e932e54e1ba004d
Compiler:  gcc-9.0.0-20181231
Attempt 1:
    Time  Bug Name
***    3  BUG: soft lockup in wg_packet_tx_worker
The bug was found.

==== Kernel Retrospection ====
37 Linux commits in [2020-02-10, 2020-02-18].

2023-06-12 17:40:26
Session:   10
Template:  2020-02-13 - 5d7b90f1af2e3bf33992b75e7fcf0bab6bf49bd6
Syzkaller: 2020-02-13 - 5d7b90f1af2e3bf33992b75e7fcf0bab6bf49bd6
Kernel:    2020-02-15 - ef78e5b7de5da49769c337a17dcff7d4e82ee6cd
Compiler:  gcc-9.0.0-20181231
Attempt 1:
    Time  Bug Name
***    7  BUG: soft lockup in wg_packet_tx_worker
The bug was found.

2023-06-12 18:03:13
Session:   11
Template:  2020-02-13 - 5d7b90f1af2e3bf33992b75e7fcf0bab6bf49bd6
Syzkaller: 2020-02-13 - 5d7b90f1af2e3bf33992b75e7fcf0bab6bf49bd6
Kernel:    2020-02-13 - 1d40890aae812378fdcf47e203abf49476f9c071
Compiler:  gcc-9.0.0-20181231
Attempt 1:
    Time  Bug Name
***    8  BUG: soft lockup in wg_packet_tx_worker
The bug was found.

2023-06-12 18:25:10
Session:   12
Template:  2020-02-12 - 84f4fc8afc9aedba4b3afa4bb76c3df6c6352c07
Syzkaller: 2020-02-12 - 84f4fc8afc9aedba4b3afa4bb76c3df6c6352c07
Kernel:    2020-02-12 - 61a75954034f951a77d58b1cfb9186c62e6abcf8
Compiler:  gcc-9.0.0-20181231
Attempt 1:
    No crashes found.
Attempt 2:
    No crashes found.
Attempt 3:
    No crashes found.
The bug was not found.

2023-06-12 19:12:52
Session:   13
Template:  2020-02-12 - 84f4fc8afc9aedba4b3afa4bb76c3df6c6352c07
Syzkaller: 2020-02-12 - 84f4fc8afc9aedba4b3afa4bb76c3df6c6352c07
Kernel:    2020-02-12 - 0bf999f9c5e74c7ecf9dafb527146601e5c848b9
Compiler:  gcc-9.0.0-20181231
Attempt 1:
    No crashes found.
Attempt 2:
    No crashes found.
Attempt 3:
    No crashes found.
The bug was not found.

2023-06-12 19:59:55
Session:   14
Template:  2020-02-13 - 5d7b90f1af2e3bf33992b75e7fcf0bab6bf49bd6
Syzkaller: 2020-02-13 - 5d7b90f1af2e3bf33992b75e7fcf0bab6bf49bd6
Kernel:    2020-02-13 - 64ae1342f8980d05c3df414a022b8123aa76c56b
Compiler:  gcc-9.0.0-20181231
Attempt 1:
    Time  Bug Name
***    4  BUG: soft lockup in wg_packet_tx_worker
The bug was found.

== Confirming the bisected commit ==

2023-06-12 20:20:12
Session:   15
Template:  2020-02-13 - 5d7b90f1af2e3bf33992b75e7fcf0bab6bf49bd6
Syzkaller: 2020-02-13 - 5d7b90f1af2e3bf33992b75e7fcf0bab6bf49bd6
Kernel:    2020-02-13 - 64ae1342f8980d05c3df414a022b8123aa76c56b
The bug was found in a previous identical fuzzing session.

2023-06-12 20:20:12
Session:   16
Template:  2020-02-13 - 5d7b90f1af2e3bf33992b75e7fcf0bab6bf49bd6
Syzkaller: 2020-02-13 - 5d7b90f1af2e3bf33992b75e7fcf0bab6bf49bd6
Kernel:    2020-02-12 - 0bf999f9c5e74c7ecf9dafb527146601e5c848b9
Compiler:  gcc-9.0.0-20181231
Attempt 1:
    Time  Bug Name
       3  BUG: soft lockup in addrconf_rs_timer
***    6  BUG: soft lockup in wg_packet_tx_worker
The bug was found.

==== Syzkaller Retrospection ====
3 Syzkaller commits from [2020-02-13].

2023-06-12 20:54:25
Session:   17
Template:  2020-02-13 - 5d7b90f1af2e3bf33992b75e7fcf0bab6bf49bd6
Syzkaller: 2020-02-13 - 5d7b90f1af2e3bf33992b75e7fcf0bab6bf49bd6
Kernel:    2020-02-13 - 64ae1342f8980d05c3df414a022b8123aa76c56b
Compiler:  gcc-9.0.0-20181231
The bug was found in a previous identical fuzzing session.

2023-06-12 20:54:25
Session:   18
Template:  2020-02-13 - c5ed587f4af5e639f7373d8ebf10ac049cb9c71b
Syzkaller: 2020-02-13 - c5ed587f4af5e639f7373d8ebf10ac049cb9c71b
Kernel:    2020-02-13 - 64ae1342f8980d05c3df414a022b8123aa76c56b
Compiler:  gcc-9.0.0-20181231

AUTHOR: SyzInspector traced the bug back to a Syzkaller commit. Stopping early due to
time constraint.
Syzkaller Commit - 2020-02-13
