WARNING: refcount bug in smc_release,https://syzkaller.appspot.com/bug?id=08e230febc579298f5be8f1081d98f006d2b8f4b
Repository: linux
Arch: amd64
Finding: 2019-11-28 - 81b6b96475ac7a4ebfceae9f16fb3758327adbfe
Guilty:  2019-11-12 - 6d6dd528d5af05dc2d0c773951ed68d630a0c3f1
No Duplicates
Default Allocation.
VMs:4
CPUs:4
Procs:24
Max time:30
Max attempts:3
Testing the finding commit.

2023-03-30 03:30:32
Session:   1
Template:  2019-11-30 - a76bf83ffac5c0bed0a686f8ebc98c74bfb34a0c
Syzkaller: 2019-11-30 - a76bf83ffac5c0bed0a686f8ebc98c74bfb34a0c
Kernel:    2019-11-28 - 81b6b96475ac7a4ebfceae9f16fb3758327adbfe
Compiler:  gcc-9.0.0-20181231
Attempt 1:
    Time  Bug Name
***    6  WARNING: refcount bug in smc_release
Attempt 2:
    Time  Bug Name
***    6  WARNING: refcount bug in smc_release
Attempt 3:
    Time  Bug Name
***    3  WARNING: refcount bug in smc_release
The bug was found.

New Max Time: 10.
Merge Commit: 2019-11-16 - 8be636dd8a43d4b980c1590afb5a8f5306ac5d31.

==== Template Inspection ====
1 template change in [2019-11-16, 2019-11-30].

2023-03-30 04:16:28
Session:   2
Template:  2019-11-26 - bc992c0ee464a9136203433aa7d282255616ca6e
Syzkaller: 2019-11-26 - bc992c0ee464a9136203433aa7d282255616ca6e
Kernel:    2019-11-26 - 1ae78780eda54023a0fb49ee743dbba39da148e0
Compiler:  gcc-9.0.0-20181231
Attempt 1:
    No crashes found.
Attempt 2:
    No crashes found.
Attempt 3:
    No crashes found.
The bug was not found.

==== Kernel Inspection ====
63 Linux commits in [2019-11-26, 2019-11-30].

2023-03-30 05:15:13
Session:   3
Template:  2019-11-26 - 1048481f27fb0ab9d1af5000f7c81e392cdee0f3
Syzkaller: 2019-11-26 - 1048481f27fb0ab9d1af5000f7c81e392cdee0f3
Kernel:    2019-11-26 - ab851d49f6bfc781edd8bd44c72ec1e49211670b
Compiler:  gcc-9.0.0-20181231
Attempt 1:
    No crashes found.
Attempt 2:
    No crashes found.
Attempt 3:
    No crashes found.
The bug was not found.

2023-03-30 06:13:47
Session:   4
Template:  2019-11-27 - 0d63f89cabcbc3e57201973370a309b646cc43c9
Syzkaller: 2019-11-27 - 0d63f89cabcbc3e57201973370a309b646cc43c9
Kernel:    2019-11-27 - dc5fa4656864d3391cdf13512ffa0733ef72fcdc
Compiler:  gcc-9.0.0-20181231
Attempt 1:
    Time  Bug Name
***   10  WARNING: refcount bug in smc_release
The bug was found.
Switching to Safe Mode: Fuzzing 5 times at 30 minutes

2023-03-30 07:14:05
Session:   5
Template:  2019-11-27 - 0d63f89cabcbc3e57201973370a309b646cc43c9
Syzkaller: 2019-11-27 - 0d63f89cabcbc3e57201973370a309b646cc43c9
Kernel:    2019-11-27 - c2da5bdc66a377f0b82ee959f19f5a6774706b83
Compiler:  gcc-9.0.0-20181231
Attempt 1:
    Time  Bug Name
***    8  WARNING: refcount bug in smc_release
***    8  WARNING: refcount bug in smc_release
The bug was found.

2023-03-30 08:11:35
Session:   6
Template:  2019-11-26 - 1048481f27fb0ab9d1af5000f7c81e392cdee0f3
Syzkaller: 2019-11-26 - 1048481f27fb0ab9d1af5000f7c81e392cdee0f3
Kernel:    2019-11-26 - 3f59dbcace56fae7e4ed303bab90f1bedadcfdf4
Compiler:  gcc-9.0.0-20181231
Attempt 1:
    No crashes found.
Attempt 2:
    No crashes found.
Attempt 3:
    Time  Bug Name
      23  INFO: task hung in jbd2_journal_commit_transaction
Attempt 4:
    No crashes found.
Attempt 5:
    No crashes found.
The bug was not found.

2023-03-30 11:23:04
Session:   7
Template:  2019-11-26 - 1048481f27fb0ab9d1af5000f7c81e392cdee0f3
Syzkaller: 2019-11-26 - 1048481f27fb0ab9d1af5000f7c81e392cdee0f3
Kernel:    2019-11-26 - 1ae78780eda54023a0fb49ee743dbba39da148e0
Compiler:  gcc-9.0.0-20181231
Attempt 1:
    No crashes found.
Attempt 2:
    No crashes found.
Attempt 3:
    No crashes found.
Attempt 4:
    No crashes found.
Attempt 5:
    No crashes found.
The bug was not found.

2023-03-30 14:29:25
Session:   8
Template:  2019-11-27 - 0d63f89cabcbc3e57201973370a309b646cc43c9
Syzkaller: 2019-11-27 - 0d63f89cabcbc3e57201973370a309b646cc43c9
Kernel:    2019-11-27 - 168829ad09ca9cdfdc664b2110d0e3569932c12d
Compiler:  gcc-9.0.0-20181231
Attempt 1:
    Time  Bug Name
***    8  WARNING: refcount bug in smc_release
The bug was found.

== Confirming the bisected commit ==

2023-03-30 15:25:08
Session:   9
Template:  2019-11-27 - 0d63f89cabcbc3e57201973370a309b646cc43c9
Syzkaller: 2019-11-27 - 0d63f89cabcbc3e57201973370a309b646cc43c9
Kernel:    2019-11-27 - 168829ad09ca9cdfdc664b2110d0e3569932c12d
The bug was found in a previous identical fuzzing session.

2023-03-30 15:25:08
Session:   10
Template:  2019-11-27 - 0d63f89cabcbc3e57201973370a309b646cc43c9
Syzkaller: 2019-11-27 - 0d63f89cabcbc3e57201973370a309b646cc43c9
Kernel:    2019-11-26 - 1ae78780eda54023a0fb49ee743dbba39da148e0
Compiler:  gcc-9.0.0-20181231
Attempt 1:
    No crashes found.
Attempt 2:
    No crashes found.
Attempt 3:
    No crashes found.
Attempt 4:
    No crashes found.
Attempt 5:
    No crashes found.
The bug was not found.

====================================================================================================================================================
Revealing Factor:   Kernel Commit
Version:            2019-11-27 - 168829ad09ca9cdfdc664b2110d0e3569932c12d
Commit Name:        Merge branch 'locking-core-for-linus' of git://git.kernel.org/pub/scm/linux/kernel/git/tip/tip

Bug Name:           WARNING: refcount bug in smc_release
Bug Link:           https://syzkaller.appspot.com/bug?id=08e230febc579298f5be8f1081d98f006d2b8f4b
Arch:               amd64
Finding Date:       2019-11-30
Finding Commit:     2019-11-28 - 81b6b96475ac7a4ebfceae9f16fb3758327adbfe
Guilty Merge:       2019-11-16 - 8be636dd8a43d4b980c1590afb5a8f5306ac5d31
Guilty Commit:      2019-11-12 - 6d6dd528d5af05dc2d0c773951ed68d630a0c3f1

Possible Blocking Bugs:

AUTHOR: This commit added the warning. Correct.
