KASAN: slab-out-of-bounds Write in decode_data,https://syzkaller.appspot.com/bug?id=1708e7a511059b09d2d4136150d3e67ff9dcf25f
Repository: linux
Arch: amd64
Finding: 2019-12-03 - 63de37476ebd1e9bab6a9e17186dc5aa1da9ea99
Guilty:  2005-04-16 - 1da177e4c3f41524e886b7f1b8a0c1fc7321cac2
No Duplicates
Single Proc Allocation
VMs:8
CPUs:2
Procs:16
Max time:30
Max attempts:3
Testing the finding commit.

2023-04-02 21:40:41
Session:   1
Template:  2019-12-04 - b20883285d2350f5694399287b7f03478a3036c6
Syzkaller: 2019-12-04 - b20883285d2350f5694399287b7f03478a3036c6
Kernel:    2019-12-03 - 63de37476ebd1e9bab6a9e17186dc5aa1da9ea99
Compiler:  gcc-9.0.0-20181231
Attempt 1:
    Time  Bug Name
***    3  KASAN: slab-out-of-bounds Write in decode_data
Attempt 2:
    Time  Bug Name
***    3  KASAN: slab-out-of-bounds Write in decode_data
Attempt 3:
    Time  Bug Name
***    3  KASAN: slab-out-of-bounds Write in decode_data
The bug was found.

New Max Time: 10.
No Merge Commit.

==== Template Inspection ====
82 template changes in [2017-07-22, 2019-12-04].

2023-04-03 00:37:02
Session:   2
Template:  2018-08-31 - a4718693a3d9fcabb02299b2ec07c19d8208c539
Syzkaller: 2018-08-31 - a4718693a3d9fcabb02299b2ec07c19d8208c539
Kernel:    2018-08-31 - 420f51f4ab6bce6e580390729fadb89c31123636
Compiler:  gcc-8.0.1-20180412
Attempt 1:
    Time  Bug Name
***    2  KASAN: slab-out-of-bounds Write in decode_data
The bug was found.

2023-04-03 01:18:11
Session:   3
Template:  2018-02-26 - b37b65b0e69a4d22551aa6a207856ad7b3801e69
Syzkaller: 2018-02-26 - b37b65b0e69a4d22551aa6a207856ad7b3801e69
Kernel:    2018-02-26 - 6f70eb2b00eb416146247c65003d31f4df983ce0
Compiler:  gcc-8.0.1-20180301
Attempt 1:
    No crashes found.
Attempt 2:
    No crashes found.
Attempt 3:
    No crashes found.
The bug was not found.

2023-04-03 02:47:51
Session:   4
Template:  2018-04-11 - 9cd56d71a84c470aa92422144a76d42c8ff6d11d
Syzkaller: 2018-04-11 - 9cd56d71a84c470aa92422144a76d42c8ff6d11d
Kernel:    2018-04-11 - 96973767594fe9c5d8a7e8fc594c9e565ab0374e
Compiler:  gcc-8.0.1-20180301
Attempt 1:
    No crashes found.
Attempt 2:
    Time  Bug Name
      10  KASAN: invalid-free in x25_asy_free
Attempt 3:
    No crashes found.
The bug was not found.

2023-04-03 04:23:44
Session:   5
Template:  2018-05-18 - d302e8164182e77b558e471c712839fda3ed7779
Syzkaller: 2018-05-18 - d302e8164182e77b558e471c712839fda3ed7779
Kernel:    2018-05-18 - 2c71d338bef2cc8a2e5f8ebe70788eeff246fcd8
Compiler:  gcc-8.0.1-20180412
Attempt 1:
    No crashes found.
Attempt 2:
    No crashes found.
Attempt 3:
    No crashes found.
The bug was not found.

2023-04-03 06:07:53
Session:   6
Template:  2018-07-09 - 59da9e439317c83d5374d06832060fbd66efbbbc
Syzkaller: 2018-07-09 - 59da9e439317c83d5374d06832060fbd66efbbbc
Kernel:    2018-07-09 - bdf33113d89f70186ffb6674e925fa9b8a0266b1
Compiler:  gcc-8.0.1-20180412
Attempt 1:
    Time  Bug Name
       9  possible deadlock in console_unlock
Attempt 2:
    Time  Bug Name
       8  INFO: task hung in __sb_start_write
       9  BUG: unable to handle kernel paging request in slhc_free
Attempt 3:
    Time  Bug Name
       8  BUG: unable to handle kernel paging request in slhc_free
The bug was not found.

2023-04-03 07:09:50
Session:   7
Template:  2018-07-17 - 570df9b277c67aa0381f1e0918fa7fca11f625e0
Syzkaller: 2018-07-17 - 570df9b277c67aa0381f1e0918fa7fca11f625e0
Kernel:    2018-07-17 - 3c53776e29f81719efcf8f7a6e30cdf753bee94d
Compiler:  gcc-8.0.1-20180412
Attempt 1:
    Time  Bug Name
       3  KASAN: invalid-free in x25_asy_free
       4  possible deadlock in console_unlock
       4  possible deadlock in console_unlock
       6  lost connection to test machine
Attempt 2:
    Time  Bug Name
       4  possible deadlock in console_unlock
       5  possible deadlock in console_unlock
       5  BUG: unable to handle kernel paging request in slhc_free
       7  possible deadlock in console_unlock
       9  WARNING in smc_unhash_sk
Attempt 3:
    Time  Bug Name
       4  KASAN: invalid-free in x25_asy_free
       5  possible deadlock in console_unlock
       6  possible deadlock in console_unlock
Attempt 4: (RETRY)
    Time  Bug Name
       4  possible deadlock in console_unlock
The bug was not found.

2023-04-03 08:20:18
Session:   8
Template:  2018-07-17 - 570df9b277c67aa0381f1e0918fa7fca11f625e0
Syzkaller: 2018-08-31 - a4718693a3d9fcabb02299b2ec07c19d8208c539
Kernel:    2018-08-31 - 420f51f4ab6bce6e580390729fadb89c31123636
Compiler:  gcc-8.0.1-20180412
Attempt 1:
    Time  Bug Name
***    3  KASAN: slab-out-of-bounds Write in decode_data
The bug was found.

==== Kernel Inspection ====
355 Linux commits in [2018-07-17, 2018-08-31].

2023-04-03 09:00:24
Session:   9
Template:  2018-08-14 - 9ccc1d4565436890480aea12b6ae347384b2d1ab
Syzkaller: 2018-08-14 - 9ccc1d4565436890480aea12b6ae347384b2d1ab
Kernel:    2018-08-14 - 747f62305dfb8a592835c7401069bfdbc06acbae
Compiler:  gcc-8.0.1-20180412
Attempt 1:
    Time  Bug Name
***    2  KASAN: slab-out-of-bounds Write in decode_data
The bug was found.

2023-04-03 09:37:44
Session:   10
Template:  2018-08-03 - df7f6947ba33144e6f1845faf37f62194d3f3c36
Syzkaller: 2018-08-03 - df7f6947ba33144e6f1845faf37f62194d3f3c36
Kernel:    2018-08-03 - 2ed7533cb7d657410ac29adf08d608b634e58eb0
Compiler:  gcc-8.0.1-20180412
Attempt 1:
    Time  Bug Name
***    2  KASAN: slab-out-of-bounds Write in decode_data
The bug was found.

2023-04-03 10:14:13
Session:   11
Template:  2018-07-27 - ebf656d79bf25a135f1b295b5fd582004e1ac7b3
Syzkaller: 2018-07-27 - ebf656d79bf25a135f1b295b5fd582004e1ac7b3
Kernel:    2018-07-27 - f636d300cdd6c5ff30662feb2149640eee85679a
Compiler:  gcc-8.0.1-20180412
Attempt 1:
    Time  Bug Name
***    2  KASAN: slab-out-of-bounds Write in decode_data
The bug was found.

2023-04-03 10:51:55
Session:   12
Template:  2018-07-20 - 8cc079c3f60f253f57b715c3d87937541d03fae9
Syzkaller: 2018-07-20 - 8cc079c3f60f253f57b715c3d87937541d03fae9
Kernel:    2018-07-21 - 55b636b419a269e167f7d6a9265e5e316a89cd5f
Compiler:  gcc-8.0.1-20180412
Attempt 1:
    Time  Bug Name
       5  KASAN: invalid-free in x25_asy_free
Attempt 2:
    Time  Bug Name
       4  KASAN: invalid-free in x25_asy_free
Attempt 3:
    Time  Bug Name
       5  possible deadlock in console_unlock
The bug was not found.

2023-04-03 12:01:09
Session:   13
Template:  2018-07-24 - 375a3e31e12965ce58d8853c310a4e7e655853d4
Syzkaller: 2018-07-24 - 375a3e31e12965ce58d8853c310a4e7e655853d4
Kernel:    2018-07-24 - 0894da849f145af51bde88a6b84f95b9c9e0bc66
Compiler:  gcc-8.0.1-20180412
Attempt 1:
    Time  Bug Name
***    2  KASAN: slab-out-of-bounds Write in decode_data
The bug was found.

2023-04-03 12:46:54
Session:   14
Template:  2018-07-20 - 8cc079c3f60f253f57b715c3d87937541d03fae9
Syzkaller: 2018-07-20 - 8cc079c3f60f253f57b715c3d87937541d03fae9
Kernel:    2018-07-22 - 45ae4df9220701071ffec057d4b0071943022ab3
Compiler:  gcc-8.0.1-20180412
Attempt 1:
    Time  Bug Name
       3  lost connection to test machine
      10  possible deadlock in console_unlock
Attempt 2:
    No crashes found.
Attempt 3:
    Time  Bug Name
       4  possible deadlock in console_unlock
Attempt 4: (RETRY)
    Time  Bug Name
       6  KASAN: invalid-free in x25_asy_free
The bug was not found.

2023-04-03 13:59:52
Session:   15
Template:  2018-07-20 - 8cc079c3f60f253f57b715c3d87937541d03fae9
Syzkaller: 2018-07-20 - 8cc079c3f60f253f57b715c3d87937541d03fae9
Kernel:    2018-07-22 - 744130842193795e13ad4efcbf17f3dfb1309311
Compiler:  gcc-8.0.1-20180412
Attempt 1:
    Time  Bug Name
       5  lost connection to test machine
       7  lost connection to test machine
Attempt 2:
    Time  Bug Name
       4  KASAN: invalid-free in x25_asy_free
Attempt 3:
    No crashes found.
Attempt 4: (RETRY)
    Time  Bug Name
       6  KASAN: invalid-free in x25_asy_free
The bug was not found.

2023-04-03 15:14:15
Session:   16
Template:  2018-07-20 - 8cc079c3f60f253f57b715c3d87937541d03fae9
Syzkaller: 2018-07-20 - 8cc079c3f60f253f57b715c3d87937541d03fae9
Kernel:    2018-07-22 - d72e90f33aa4709ebecc5005562f52335e106a60
Compiler:  gcc-8.0.1-20180412
Attempt 1:
    No crashes found.
Attempt 2:
    Time  Bug Name
       4  lost connection to test machine
       7  BUG: unable to handle kernel paging request in slhc_free
       7  BUG: unable to handle kernel paging request in slhc_free
Attempt 3:
    Time  Bug Name
       5  lost connection to test machine
       7  possible deadlock in console_unlock
Attempt 4: (RETRY)
    Time  Bug Name
       4  KASAN: invalid-free in x25_asy_free
Attempt 5: (RETRY)
    No crashes found.
The bug was not found.
Warning: This session is unstable.

====================================================================================================================================================
Revealing Factor:   Unstable Commits
Unstable Range:     [2018-07-22, 2018-07-22]
Version:            2018-07-22 - d72e90f33aa4709ebecc5005562f52335e106a60
Commit Name:        Linux 4.18-rc6

Bug Name:           KASAN: slab-out-of-bounds Write in decode_data
Bug Link:           https://syzkaller.appspot.com/bug?id=1708e7a511059b09d2d4136150d3e67ff9dcf25f
Arch:               amd64
Finding Date:       2019-12-04
Finding Commit:     2019-12-03 - 63de37476ebd1e9bab6a9e17186dc5aa1da9ea99
Guilty Merge:       None
Guilty Commit:      2005-04-16 - 1da177e4c3f41524e886b7f1b8a0c1fc7321cac2

Possible Blocking Bugs:
    possible deadlock in console_unlock
