general protection fault in btf_struct_resolve,https://syzkaller.appspot.com/bug?id=59997d828822e7dc674e4715a5bd454d9dc1742f
Repository: linux
Arch: amd64
Finding: 2019-06-18 - bed3c0d84e7e25c8e0964d297794f4c215b01f33
Guilty:  2019-04-09 - 1dc92851849cc2235a1efef8f8d5a9255efc5f13
Duplicate Names:
    general protection fault in btf_array_resolve
    general protection fault in btf_struct_resolve
Single Proc Allocation
VMs:8
CPUs:2
Procs:16
Max time:30
Max attempts:3
Testing the finding commit.

2023-05-23 16:03:43
Session:   1
Template:  2019-06-18 - 34bf9440bd06034f86b5d9ac8afbf078129cbdae
Syzkaller: 2019-06-18 - 34bf9440bd06034f86b5d9ac8afbf078129cbdae
Kernel:    2019-06-18 - bed3c0d84e7e25c8e0964d297794f4c215b01f33
Compiler:  gcc-9.0.0-20181231
Attempt 1:
    No crashes found.
Attempt 2:
    No crashes found.
Attempt 3:
    No crashes found.
The bug was not found.

Failure: This bug cannot be found at the finding commit.
