BUG: unable to handle kernel NULL pointer dereference in gsmld_receive_buf,https://syzkaller.appspot.com/bug?id=bdf035c61447f8c6e0e6920315d577cb5cc35ac5
Repository: linux
Arch: amd64
Finding: 2022-08-20 - 15b3f48a4339e3c16acf18624e2b7f60bc5e9a2c
Guilty:  2022-07-01 - 01aecd917114577c423f07cec0d186ad007d76fc
No Duplicates
Single Proc Allocation
VMs:8
CPUs:2
Procs:16
Max time:30
Max attempts:3
Testing the finding commit.

2023-03-14 15:12:11
Session:   1
Template:  2022-06-17 - 8f633d840e3eb6454f036e9da3285bcf27345616
Syzkaller: 2022-06-17 - 8f633d840e3eb6454f036e9da3285bcf27345616
Kernel:    2022-08-20 - 15b3f48a4339e3c16acf18624e2b7f60bc5e9a2c
Compiler:  gcc-10.2.1-20210110
Attempt 1:
    Time  Bug Name
***    2  BUG: unable to handle kernel NULL pointer dereference in gsmld_receive_buf
Attempt 2:
    Time  Bug Name
***    2  BUG: unable to handle kernel NULL pointer dereference in gsmld_receive_buf
Attempt 3:
    Time  Bug Name
***    2  BUG: unable to handle kernel NULL pointer dereference in gsmld_receive_buf
The bug was found.

New Max Time: 10.
Merge Commit: 2022-08-08 - 607ca0f742b7d990b6efb3c3e7a52830f7e96419.
No template updates to inspect.

==== Kernel Inspection ====
95 Linux commits in [2022-08-08, 2022-08-21].

2023-03-14 15:58:51
Session:   2
Template:  2022-06-17 - 8f633d840e3eb6454f036e9da3285bcf27345616
Syzkaller: 2022-06-17 - 8f633d840e3eb6454f036e9da3285bcf27345616
Kernel:    2022-08-13 - 1da8cf961bb13f4c3ea11373696b5ac986a47cde
Compiler:  gcc-10.2.1-20210110
Attempt 1:
    Time  Bug Name
***    2  BUG: unable to handle kernel NULL pointer dereference in gsmld_receive_buf
The bug was found.

2023-03-14 16:57:39
Session:   3
Template:  2022-06-17 - 8f633d840e3eb6454f036e9da3285bcf27345616
Syzkaller: 2022-06-17 - 8f633d840e3eb6454f036e9da3285bcf27345616
Kernel:    2022-08-10 - b196f3d101fecbd25ca5ccf0d3ef65a272bc2b43
Compiler:  gcc-10.2.1-20210110
Attempt 1:
    Time  Bug Name
       2  WARNING: ODEBUG bug in mgmt_index_removed
       2  WARNING: ODEBUG bug in mgmt_index_removed
       2  WARNING: ODEBUG bug in mgmt_index_removed
       2  WARNING: ODEBUG bug in mgmt_index_removed
       2  WARNING: ODEBUG bug in mgmt_index_removed
       2  WARNING: ODEBUG bug in mgmt_index_removed
       3  WARNING: ODEBUG bug in mgmt_index_removed
       3  WARNING: ODEBUG bug in mgmt_index_removed
       3  WARNING: ODEBUG bug in mgmt_index_removed
       3  WARNING: ODEBUG bug in mgmt_index_removed
       3  WARNING: ODEBUG bug in mgmt_index_removed
       3  WARNING: ODEBUG bug in mgmt_index_removed
       3  WARNING: ODEBUG bug in mgmt_index_removed
       4  WARNING: ODEBUG bug in mgmt_index_removed
       4  WARNING: ODEBUG bug in mgmt_index_removed
       4  WARNING: ODEBUG bug in mgmt_index_removed
       4  WARNING: ODEBUG bug in mgmt_index_removed
       4  WARNING: ODEBUG bug in mgmt_index_removed
       4  WARNING: ODEBUG bug in mgmt_index_removed
       4  WARNING: ODEBUG bug in mgmt_index_removed
       4  WARNING: ODEBUG bug in mgmt_index_removed
       5  WARNING: ODEBUG bug in mgmt_index_removed
       5  WARNING: ODEBUG bug in mgmt_index_removed
       5  WARNING: ODEBUG bug in mgmt_index_removed
       5  WARNING: ODEBUG bug in mgmt_index_removed
       6  WARNING: ODEBUG bug in mgmt_index_removed
       6  WARNING: ODEBUG bug in mgmt_index_removed
       6  WARNING: ODEBUG bug in mgmt_index_removed
       6  WARNING: ODEBUG bug in mgmt_index_removed
       6  WARNING: ODEBUG bug in mgmt_index_removed
       6  WARNING: ODEBUG bug in mgmt_index_removed
       6  WARNING: ODEBUG bug in mgmt_index_removed
       6  WARNING: ODEBUG bug in mgmt_index_removed
       7  WARNING: ODEBUG bug in mgmt_index_removed
       7  WARNING: ODEBUG bug in mgmt_index_removed
       7  WARNING: ODEBUG bug in mgmt_index_removed
       7  WARNING: ODEBUG bug in mgmt_index_removed
       7  WARNING: ODEBUG bug in mgmt_index_removed
       7  WARNING: ODEBUG bug in mgmt_index_removed
       7  WARNING: ODEBUG bug in mgmt_index_removed
       8  WARNING: ODEBUG bug in mgmt_index_removed
       8  WARNING: ODEBUG bug in mgmt_index_removed
       8  WARNING: ODEBUG bug in mgmt_index_removed
       8  WARNING: ODEBUG bug in mgmt_index_removed
       8  WARNING: ODEBUG bug in mgmt_index_removed
       8  WARNING: ODEBUG bug in mgmt_index_removed
       8  WARNING: ODEBUG bug in mgmt_index_removed
       9  WARNING: ODEBUG bug in mgmt_index_removed
       9  WARNING: ODEBUG bug in mgmt_index_removed
       9  WARNING: ODEBUG bug in mgmt_index_removed
       9  WARNING: ODEBUG bug in mgmt_index_removed
       9  WARNING: ODEBUG bug in mgmt_index_removed
       9  WARNING: ODEBUG bug in mgmt_index_removed
       9  WARNING: ODEBUG bug in mgmt_index_removed
      10  WARNING: ODEBUG bug in mgmt_index_removed
      10  WARNING: ODEBUG bug in mgmt_index_removed
      10  WARNING: ODEBUG bug in mgmt_index_removed
      10  WARNING: ODEBUG bug in mgmt_index_removed
      10  WARNING: ODEBUG bug in mgmt_index_removed
      10  WARNING: ODEBUG bug in mgmt_index_removed
      10  WARNING: ODEBUG bug in mgmt_index_removed
      10  WARNING: ODEBUG bug in mgmt_index_removed
Attempt 2:
    Time  Bug Name
       2  WARNING: ODEBUG bug in mgmt_index_removed
       2  WARNING: ODEBUG bug in mgmt_index_removed
       2  WARNING: ODEBUG bug in mgmt_index_removed
       2  WARNING: ODEBUG bug in mgmt_index_removed
       2  WARNING: ODEBUG bug in mgmt_index_removed
       3  WARNING: ODEBUG bug in mgmt_index_removed
       3  WARNING: ODEBUG bug in mgmt_index_removed
       3  WARNING: ODEBUG bug in mgmt_index_removed
       3  WARNING: ODEBUG bug in mgmt_index_removed
       3  WARNING: ODEBUG bug in mgmt_index_removed
       3  WARNING: ODEBUG bug in mgmt_index_removed
       3  WARNING: ODEBUG bug in mgmt_index_removed
       4  WARNING: ODEBUG bug in mgmt_index_removed
       4  WARNING: ODEBUG bug in mgmt_index_removed
       4  WARNING: ODEBUG bug in mgmt_index_removed
       4  WARNING: ODEBUG bug in mgmt_index_removed
       4  WARNING: ODEBUG bug in mgmt_index_removed
       4  WARNING: ODEBUG bug in mgmt_index_removed
       4  WARNING: ODEBUG bug in mgmt_index_removed
       4  WARNING: ODEBUG bug in mgmt_index_removed
       5  WARNING: ODEBUG bug in mgmt_index_removed
       5  WARNING: ODEBUG bug in mgmt_index_removed
       5  WARNING: ODEBUG bug in mgmt_index_removed
       5  WARNING: ODEBUG bug in mgmt_index_removed
       5  WARNING: ODEBUG bug in mgmt_index_removed
       5  WARNING: ODEBUG bug in mgmt_index_removed
       5  WARNING: ODEBUG bug in mgmt_index_removed
       5  WARNING: ODEBUG bug in mgmt_index_removed
       6  WARNING: ODEBUG bug in mgmt_index_removed
       6  WARNING: ODEBUG bug in mgmt_index_removed
       6  WARNING: ODEBUG bug in mgmt_index_removed
       6  WARNING: ODEBUG bug in mgmt_index_removed
       6  WARNING: ODEBUG bug in mgmt_index_removed
       6  WARNING: ODEBUG bug in mgmt_index_removed
       7  WARNING: ODEBUG bug in mgmt_index_removed
       7  WARNING: ODEBUG bug in mgmt_index_removed
       7  WARNING: ODEBUG bug in mgmt_index_removed
       7  WARNING: ODEBUG bug in mgmt_index_removed
       7  WARNING: ODEBUG bug in mgmt_index_removed
       8  WARNING: ODEBUG bug in mgmt_index_removed
       8  WARNING: ODEBUG bug in mgmt_index_removed
       8  WARNING: ODEBUG bug in mgmt_index_removed
       8  WARNING: ODEBUG bug in mgmt_index_removed
       8  WARNING: ODEBUG bug in mgmt_index_removed
       8  WARNING: ODEBUG bug in mgmt_index_removed
       8  WARNING: ODEBUG bug in mgmt_index_removed
       8  WARNING: ODEBUG bug in mgmt_index_removed
       9  WARNING: ODEBUG bug in mgmt_index_removed
       9  WARNING: ODEBUG bug in mgmt_index_removed
       9  WARNING: ODEBUG bug in mgmt_index_removed
       9  WARNING: ODEBUG bug in mgmt_index_removed
       9  WARNING: ODEBUG bug in mgmt_index_removed
       9  WARNING: ODEBUG bug in mgmt_index_removed
       9  WARNING: ODEBUG bug in mgmt_index_removed
       9  WARNING: ODEBUG bug in mgmt_index_removed
      10  WARNING: ODEBUG bug in mgmt_index_removed
      10  WARNING: ODEBUG bug in mgmt_index_removed
      10  WARNING: ODEBUG bug in mgmt_index_removed
      10  WARNING: ODEBUG bug in mgmt_index_removed
      10  WARNING: ODEBUG bug in mgmt_index_removed
Attempt 3:
    Time  Bug Name
       2  WARNING: ODEBUG bug in mgmt_index_removed
       2  WARNING: ODEBUG bug in mgmt_index_removed
       2  WARNING: ODEBUG bug in mgmt_index_removed
       2  WARNING: ODEBUG bug in mgmt_index_removed
       2  WARNING: ODEBUG bug in mgmt_index_removed
       2  WARNING: ODEBUG bug in mgmt_index_removed
       2  WARNING: ODEBUG bug in mgmt_index_removed
       3  WARNING: ODEBUG bug in mgmt_index_removed
       3  WARNING: ODEBUG bug in mgmt_index_removed
       3  WARNING: ODEBUG bug in mgmt_index_removed
       3  WARNING: ODEBUG bug in mgmt_index_removed
       3  WARNING: ODEBUG bug in mgmt_index_removed
       3  WARNING: ODEBUG bug in mgmt_index_removed
       3  WARNING: ODEBUG bug in mgmt_index_removed
       3  WARNING: ODEBUG bug in mgmt_index_removed
       3  WARNING: ODEBUG bug in mgmt_index_removed
       4  WARNING: ODEBUG bug in mgmt_index_removed
       4  WARNING: ODEBUG bug in mgmt_index_removed
       4  WARNING: ODEBUG bug in mgmt_index_removed
       4  WARNING: ODEBUG bug in mgmt_index_removed
       4  WARNING: ODEBUG bug in mgmt_index_removed
       4  WARNING: ODEBUG bug in mgmt_index_removed
       5  WARNING: ODEBUG bug in mgmt_index_removed
       5  WARNING: ODEBUG bug in mgmt_index_removed
       5  WARNING: ODEBUG bug in mgmt_index_removed
       5  WARNING: ODEBUG bug in mgmt_index_removed
       5  WARNING: ODEBUG bug in mgmt_index_removed
       5  WARNING: ODEBUG bug in mgmt_index_removed
       5  WARNING: ODEBUG bug in mgmt_index_removed
       6  WARNING: ODEBUG bug in mgmt_index_removed
       6  WARNING: ODEBUG bug in mgmt_index_removed
       6  WARNING: ODEBUG bug in mgmt_index_removed
       6  WARNING: ODEBUG bug in mgmt_index_removed
       6  WARNING: ODEBUG bug in mgmt_index_removed
       6  WARNING: ODEBUG bug in mgmt_index_removed
       6  WARNING: ODEBUG bug in mgmt_index_removed
       7  WARNING: ODEBUG bug in mgmt_index_removed
       7  WARNING: ODEBUG bug in mgmt_index_removed
       7  WARNING: ODEBUG bug in mgmt_index_removed
       7  WARNING: ODEBUG bug in mgmt_index_removed
       7  WARNING: ODEBUG bug in mgmt_index_removed
       7  WARNING: ODEBUG bug in mgmt_index_removed
       7  WARNING: ODEBUG bug in mgmt_index_removed
       7  WARNING: ODEBUG bug in mgmt_index_removed
       8  WARNING: ODEBUG bug in mgmt_index_removed
       8  WARNING: ODEBUG bug in mgmt_index_removed
       9  WARNING: ODEBUG bug in mgmt_index_removed
       9  WARNING: ODEBUG bug in mgmt_index_removed
       9  WARNING: ODEBUG bug in mgmt_index_removed
       9  WARNING: ODEBUG bug in mgmt_index_removed
       9  WARNING: ODEBUG bug in mgmt_index_removed
       9  WARNING: ODEBUG bug in mgmt_index_removed
       9  WARNING: ODEBUG bug in mgmt_index_removed
       9  WARNING: ODEBUG bug in mgmt_index_removed
      10  WARNING: ODEBUG bug in mgmt_index_removed
      10  WARNING: ODEBUG bug in mgmt_index_removed
      10  WARNING: ODEBUG bug in mgmt_index_removed
      10  WARNING: ODEBUG bug in mgmt_index_removed
      10  WARNING: ODEBUG bug in mgmt_index_removed
      10  WARNING: ODEBUG bug in mgmt_index_removed
The bug was not found.

2023-03-14 18:14:06
Session:   4
Template:  2022-06-17 - 8f633d840e3eb6454f036e9da3285bcf27345616
Syzkaller: 2022-06-17 - 8f633d840e3eb6454f036e9da3285bcf27345616
Kernel:    2022-08-11 - 7ebfc85e2cd7b08f518b526173e9a33b56b3913b
Compiler:  gcc-10.2.1-20210110
Attempt 1:
    Time  Bug Name
***    2  BUG: unable to handle kernel NULL pointer dereference in gsmld_receive_buf
The bug was found.

2023-03-14 18:59:37
Session:   5
Template:  2022-06-17 - 8f633d840e3eb6454f036e9da3285bcf27345616
Syzkaller: 2022-06-17 - 8f633d840e3eb6454f036e9da3285bcf27345616
Kernel:    2022-08-11 - 21f9c8a13bb2a0c24d9c6b86bc0896542a28c197
Compiler:  gcc-10.2.1-20210110
Attempt 1:
    Time  Bug Name
       2  WARNING: ODEBUG bug in mgmt_index_removed
       2  WARNING: ODEBUG bug in mgmt_index_removed
       2  WARNING: ODEBUG bug in mgmt_index_removed
       2  WARNING: ODEBUG bug in mgmt_index_removed
       2  WARNING: ODEBUG bug in mgmt_index_removed
       3  WARNING: ODEBUG bug in mgmt_index_removed
       3  WARNING: ODEBUG bug in mgmt_index_removed
       3  WARNING: ODEBUG bug in mgmt_index_removed
       3  WARNING: ODEBUG bug in mgmt_index_removed
       3  WARNING: ODEBUG bug in mgmt_index_removed
       4  WARNING: ODEBUG bug in mgmt_index_removed
       4  WARNING: ODEBUG bug in mgmt_index_removed
       4  WARNING: ODEBUG bug in mgmt_index_removed
       4  WARNING: ODEBUG bug in mgmt_index_removed
       4  WARNING: ODEBUG bug in mgmt_index_removed
       4  WARNING: ODEBUG bug in mgmt_index_removed
       5  WARNING: ODEBUG bug in mgmt_index_removed
       5  WARNING: ODEBUG bug in mgmt_index_removed
       5  WARNING: ODEBUG bug in mgmt_index_removed
       5  WARNING: ODEBUG bug in mgmt_index_removed
       5  WARNING: ODEBUG bug in mgmt_index_removed
       5  WARNING: ODEBUG bug in mgmt_index_removed
       5  WARNING: ODEBUG bug in mgmt_index_removed
       5  WARNING: ODEBUG bug in mgmt_index_removed
       6  WARNING: ODEBUG bug in mgmt_index_removed
       6  WARNING: ODEBUG bug in mgmt_index_removed
       6  WARNING: ODEBUG bug in mgmt_index_removed
       6  WARNING: ODEBUG bug in mgmt_index_removed
       6  WARNING: ODEBUG bug in mgmt_index_removed
       6  WARNING: ODEBUG bug in mgmt_index_removed
       6  WARNING: ODEBUG bug in mgmt_index_removed
       6  WARNING: ODEBUG bug in mgmt_index_removed
       7  WARNING: ODEBUG bug in mgmt_index_removed
       7  WARNING: ODEBUG bug in mgmt_index_removed
       7  WARNING: ODEBUG bug in mgmt_index_removed
       7  WARNING: ODEBUG bug in mgmt_index_removed
       7  WARNING: ODEBUG bug in mgmt_index_removed
       7  WARNING: ODEBUG bug in mgmt_index_removed
       7  WARNING: ODEBUG bug in mgmt_index_removed
       7  WARNING: ODEBUG bug in mgmt_index_removed
       8  WARNING: ODEBUG bug in mgmt_index_removed
       8  WARNING: ODEBUG bug in mgmt_index_removed
       8  WARNING: ODEBUG bug in mgmt_index_removed
       8  WARNING: ODEBUG bug in mgmt_index_removed
       8  WARNING: ODEBUG bug in mgmt_index_removed
       9  WARNING: ODEBUG bug in mgmt_index_removed
       9  WARNING: ODEBUG bug in mgmt_index_removed
       9  WARNING: ODEBUG bug in mgmt_index_removed
       9  WARNING: ODEBUG bug in mgmt_index_removed
       9  WARNING: ODEBUG bug in mgmt_index_removed
      10  WARNING: ODEBUG bug in mgmt_index_removed
      10  WARNING: ODEBUG bug in mgmt_index_removed
      10  WARNING: ODEBUG bug in mgmt_index_removed
      10  WARNING: ODEBUG bug in mgmt_index_removed
      10  WARNING: ODEBUG bug in mgmt_index_removed
      10  WARNING: ODEBUG bug in mgmt_index_removed
Attempt 2:
    Time  Bug Name
       2  WARNING: ODEBUG bug in mgmt_index_removed
       2  WARNING: ODEBUG bug in mgmt_index_removed
       2  WARNING: ODEBUG bug in mgmt_index_removed
       2  WARNING: ODEBUG bug in mgmt_index_removed
       2  WARNING: ODEBUG bug in mgmt_index_removed
       3  WARNING: ODEBUG bug in mgmt_index_removed
       3  WARNING: ODEBUG bug in mgmt_index_removed
       3  WARNING: ODEBUG bug in mgmt_index_removed
       3  WARNING: ODEBUG bug in mgmt_index_removed
       3  WARNING: ODEBUG bug in mgmt_index_removed
       4  WARNING: ODEBUG bug in mgmt_index_removed
       4  WARNING: ODEBUG bug in mgmt_index_removed
       4  WARNING: ODEBUG bug in mgmt_index_removed
       4  WARNING: ODEBUG bug in mgmt_index_removed
       4  WARNING: ODEBUG bug in mgmt_index_removed
       4  WARNING: ODEBUG bug in mgmt_index_removed
       5  WARNING: ODEBUG bug in mgmt_index_removed
       5  WARNING: ODEBUG bug in mgmt_index_removed
       5  WARNING: ODEBUG bug in mgmt_index_removed
       5  WARNING: ODEBUG bug in mgmt_index_removed
       5  WARNING: ODEBUG bug in mgmt_index_removed
       5  WARNING: ODEBUG bug in mgmt_index_removed
       6  WARNING: ODEBUG bug in mgmt_index_removed
       6  WARNING: ODEBUG bug in mgmt_index_removed
       6  WARNING: ODEBUG bug in mgmt_index_removed
       6  WARNING: ODEBUG bug in mgmt_index_removed
       6  WARNING: ODEBUG bug in mgmt_index_removed
       6  WARNING: ODEBUG bug in mgmt_index_removed
       6  WARNING: ODEBUG bug in mgmt_index_removed
       6  WARNING: ODEBUG bug in mgmt_index_removed
       7  WARNING: ODEBUG bug in mgmt_index_removed
       7  WARNING: ODEBUG bug in mgmt_index_removed
       7  WARNING: ODEBUG bug in mgmt_index_removed
       7  WARNING: ODEBUG bug in mgmt_index_removed
       7  WARNING: ODEBUG bug in mgmt_index_removed
       7  WARNING: ODEBUG bug in mgmt_index_removed
       7  WARNING: ODEBUG bug in mgmt_index_removed
       8  WARNING: ODEBUG bug in mgmt_index_removed
       8  WARNING: ODEBUG bug in mgmt_index_removed
       8  WARNING: ODEBUG bug in mgmt_index_removed
       8  WARNING: ODEBUG bug in mgmt_index_removed
       8  WARNING: ODEBUG bug in mgmt_index_removed
       8  WARNING: ODEBUG bug in mgmt_index_removed
       9  WARNING: ODEBUG bug in mgmt_index_removed
       9  WARNING: ODEBUG bug in mgmt_index_removed
       9  WARNING: ODEBUG bug in mgmt_index_removed
       9  WARNING: ODEBUG bug in mgmt_index_removed
       9  WARNING: ODEBUG bug in mgmt_index_removed
       9  WARNING: ODEBUG bug in mgmt_index_removed
       9  WARNING: ODEBUG bug in mgmt_index_removed
      10  WARNING: ODEBUG bug in mgmt_index_removed
      10  WARNING: ODEBUG bug in mgmt_index_removed
      10  WARNING: ODEBUG bug in mgmt_index_removed
      10  WARNING: ODEBUG bug in mgmt_index_removed
      10  WARNING: ODEBUG bug in mgmt_index_removed
      10  WARNING: ODEBUG bug in mgmt_index_removed
      10  WARNING: ODEBUG bug in mgmt_index_removed
Attempt 3:
    Time  Bug Name
       2  WARNING: ODEBUG bug in mgmt_index_removed
       2  WARNING: ODEBUG bug in mgmt_index_removed
       2  WARNING: ODEBUG bug in mgmt_index_removed
       2  WARNING: ODEBUG bug in mgmt_index_removed
       3  WARNING: ODEBUG bug in mgmt_index_removed
       3  WARNING: ODEBUG bug in mgmt_index_removed
       3  WARNING: ODEBUG bug in mgmt_index_removed
       3  WARNING: ODEBUG bug in mgmt_index_removed
       3  WARNING: ODEBUG bug in mgmt_index_removed
       3  WARNING: ODEBUG bug in mgmt_index_removed
       3  WARNING: ODEBUG bug in mgmt_index_removed
       3  WARNING: ODEBUG bug in mgmt_index_removed
       3  WARNING: ODEBUG bug in mgmt_index_removed
       4  WARNING: ODEBUG bug in mgmt_index_removed
       4  WARNING: ODEBUG bug in mgmt_index_removed
       4  WARNING: ODEBUG bug in mgmt_index_removed
       4  WARNING: ODEBUG bug in mgmt_index_removed
       4  WARNING: ODEBUG bug in mgmt_index_removed
       4  WARNING: ODEBUG bug in mgmt_index_removed
       4  WARNING: ODEBUG bug in mgmt_index_removed
       4  WARNING: ODEBUG bug in mgmt_index_removed
       5  WARNING: ODEBUG bug in mgmt_index_removed
       5  WARNING: ODEBUG bug in mgmt_index_removed
       5  WARNING: ODEBUG bug in mgmt_index_removed
       5  WARNING: ODEBUG bug in mgmt_index_removed
       5  WARNING: ODEBUG bug in mgmt_index_removed
       6  WARNING: ODEBUG bug in mgmt_index_removed
       6  WARNING: ODEBUG bug in mgmt_index_removed
       6  WARNING: ODEBUG bug in mgmt_index_removed
       6  WARNING: ODEBUG bug in mgmt_index_removed
       6  WARNING: ODEBUG bug in mgmt_index_removed
       6  WARNING: ODEBUG bug in mgmt_index_removed
       6  WARNING: ODEBUG bug in mgmt_index_removed
       7  WARNING: ODEBUG bug in mgmt_index_removed
       7  WARNING: ODEBUG bug in mgmt_index_removed
       7  WARNING: ODEBUG bug in mgmt_index_removed
       7  WARNING: ODEBUG bug in mgmt_index_removed
       7  WARNING: ODEBUG bug in mgmt_index_removed
       7  WARNING: ODEBUG bug in mgmt_index_removed
       7  WARNING: ODEBUG bug in mgmt_index_removed
       7  WARNING: ODEBUG bug in mgmt_index_removed
       8  WARNING: ODEBUG bug in mgmt_index_removed
       8  WARNING: ODEBUG bug in mgmt_index_removed
       8  WARNING: ODEBUG bug in mgmt_index_removed
       8  WARNING: ODEBUG bug in mgmt_index_removed
       8  WARNING: ODEBUG bug in mgmt_index_removed
       8  WARNING: ODEBUG bug in mgmt_index_removed
       8  WARNING: ODEBUG bug in mgmt_index_removed
       8  WARNING: ODEBUG bug in mgmt_index_removed
       9  WARNING: ODEBUG bug in mgmt_index_removed
       9  WARNING: ODEBUG bug in mgmt_index_removed
       9  WARNING: ODEBUG bug in mgmt_index_removed
       9  WARNING: ODEBUG bug in mgmt_index_removed
       9  WARNING: ODEBUG bug in mgmt_index_removed
      10  WARNING: ODEBUG bug in mgmt_index_removed
      10  WARNING: ODEBUG bug in mgmt_index_removed
      10  WARNING: ODEBUG bug in mgmt_index_removed
      10  WARNING: ODEBUG bug in mgmt_index_removed
      10  WARNING: ODEBUG bug in mgmt_index_removed
      10  WARNING: ODEBUG bug in mgmt_index_removed
      10  WARNING: ODEBUG bug in mgmt_index_removed
The bug was not found.

2023-03-14 20:19:15
Session:   6
Template:  2022-06-17 - 8f633d840e3eb6454f036e9da3285bcf27345616
Syzkaller: 2022-06-17 - 8f633d840e3eb6454f036e9da3285bcf27345616
Kernel:    2022-08-11 - 786da5da5671c2d4cf812fe1ccc980bdde30c69e
Compiler:  gcc-10.2.1-20210110
Attempt 1:
    Time  Bug Name
       2  WARNING: ODEBUG bug in mgmt_index_removed
       2  WARNING: ODEBUG bug in mgmt_index_removed
       2  WARNING: ODEBUG bug in mgmt_index_removed
       3  WARNING: ODEBUG bug in mgmt_index_removed
       3  WARNING: ODEBUG bug in mgmt_index_removed
       3  WARNING: ODEBUG bug in mgmt_index_removed
       3  WARNING: ODEBUG bug in mgmt_index_removed
       3  WARNING: ODEBUG bug in mgmt_index_removed
       3  WARNING: ODEBUG bug in mgmt_index_removed
       4  WARNING: ODEBUG bug in mgmt_index_removed
       4  WARNING: ODEBUG bug in mgmt_index_removed
       4  WARNING: ODEBUG bug in mgmt_index_removed
       4  WARNING: ODEBUG bug in mgmt_index_removed
       4  WARNING: ODEBUG bug in mgmt_index_removed
       4  WARNING: ODEBUG bug in mgmt_index_removed
       5  WARNING: ODEBUG bug in mgmt_index_removed
       5  WARNING: ODEBUG bug in mgmt_index_removed
       5  WARNING: ODEBUG bug in mgmt_index_removed
       5  WARNING: ODEBUG bug in mgmt_index_removed
       6  WARNING: ODEBUG bug in mgmt_index_removed
       6  WARNING: ODEBUG bug in mgmt_index_removed
       6  WARNING: ODEBUG bug in mgmt_index_removed
       6  WARNING: ODEBUG bug in mgmt_index_removed
       6  WARNING: ODEBUG bug in mgmt_index_removed
       6  WARNING: ODEBUG bug in mgmt_index_removed
       6  WARNING: ODEBUG bug in mgmt_index_removed
       6  WARNING: ODEBUG bug in mgmt_index_removed
       7  WARNING: ODEBUG bug in mgmt_index_removed
       7  WARNING: ODEBUG bug in mgmt_index_removed
       7  WARNING: ODEBUG bug in mgmt_index_removed
       7  WARNING: ODEBUG bug in mgmt_index_removed
       8  WARNING: ODEBUG bug in mgmt_index_removed
       8  WARNING: ODEBUG bug in mgmt_index_removed
       8  WARNING: ODEBUG bug in mgmt_index_removed
       8  WARNING: ODEBUG bug in mgmt_index_removed
       8  WARNING: ODEBUG bug in mgmt_index_removed
       8  WARNING: ODEBUG bug in mgmt_index_removed
       9  WARNING: ODEBUG bug in mgmt_index_removed
       9  WARNING: ODEBUG bug in mgmt_index_removed
       9  WARNING: ODEBUG bug in mgmt_index_removed
       9  WARNING: ODEBUG bug in mgmt_index_removed
       9  WARNING: ODEBUG bug in mgmt_index_removed
       9  WARNING: ODEBUG bug in mgmt_index_removed
       9  WARNING: ODEBUG bug in mgmt_index_removed
       9  WARNING: ODEBUG bug in mgmt_index_removed
      10  WARNING: ODEBUG bug in mgmt_index_removed
      10  WARNING: ODEBUG bug in mgmt_index_removed
      10  WARNING: ODEBUG bug in mgmt_index_removed
      10  WARNING: ODEBUG bug in mgmt_index_removed
Attempt 2:
    Time  Bug Name
       2  WARNING: ODEBUG bug in mgmt_index_removed
       2  WARNING: ODEBUG bug in mgmt_index_removed
       2  WARNING: ODEBUG bug in mgmt_index_removed
       2  WARNING: ODEBUG bug in mgmt_index_removed
       2  WARNING: ODEBUG bug in mgmt_index_removed
       3  WARNING: ODEBUG bug in mgmt_index_removed
       3  WARNING: ODEBUG bug in mgmt_index_removed
       3  WARNING: ODEBUG bug in mgmt_index_removed
       3  WARNING: ODEBUG bug in mgmt_index_removed
       3  WARNING: ODEBUG bug in mgmt_index_removed
       3  WARNING: ODEBUG bug in mgmt_index_removed
       3  WARNING: ODEBUG bug in mgmt_index_removed
       3  WARNING: ODEBUG bug in mgmt_index_removed
       4  WARNING: ODEBUG bug in mgmt_index_removed
       4  WARNING: ODEBUG bug in mgmt_index_removed
       4  WARNING: ODEBUG bug in mgmt_index_removed
       4  WARNING: ODEBUG bug in mgmt_index_removed
       4  WARNING: ODEBUG bug in mgmt_index_removed
       4  WARNING: ODEBUG bug in mgmt_index_removed
       5  WARNING: ODEBUG bug in mgmt_index_removed
       5  WARNING: ODEBUG bug in mgmt_index_removed
       5  WARNING: ODEBUG bug in mgmt_index_removed
       5  WARNING: ODEBUG bug in mgmt_index_removed
       5  WARNING: ODEBUG bug in mgmt_index_removed
       5  WARNING: ODEBUG bug in mgmt_index_removed
       5  WARNING: ODEBUG bug in mgmt_index_removed
       5  WARNING: ODEBUG bug in mgmt_index_removed
       5  WARNING: ODEBUG bug in mgmt_index_removed
       6  WARNING: ODEBUG bug in mgmt_index_removed
       6  WARNING: ODEBUG bug in mgmt_index_removed
       6  WARNING: ODEBUG bug in mgmt_index_removed
       6  WARNING: ODEBUG bug in mgmt_index_removed
       6  WARNING: ODEBUG bug in mgmt_index_removed
       7  WARNING: ODEBUG bug in mgmt_index_removed
       7  WARNING: ODEBUG bug in mgmt_index_removed
       7  WARNING: ODEBUG bug in mgmt_index_removed
       7  WARNING: ODEBUG bug in mgmt_index_removed
       7  WARNING: ODEBUG bug in mgmt_index_removed
       7  WARNING: ODEBUG bug in mgmt_index_removed
       7  WARNING: ODEBUG bug in mgmt_index_removed
       7  WARNING: ODEBUG bug in mgmt_index_removed
       7  WARNING: ODEBUG bug in mgmt_index_removed
       8  WARNING: ODEBUG bug in mgmt_index_removed
       8  WARNING: ODEBUG bug in mgmt_index_removed
       8  WARNING: ODEBUG bug in mgmt_index_removed
       8  WARNING: ODEBUG bug in mgmt_index_removed
       8  WARNING: ODEBUG bug in mgmt_index_removed
       8  WARNING: ODEBUG bug in mgmt_index_removed
       8  WARNING: ODEBUG bug in mgmt_index_removed
       8  WARNING: ODEBUG bug in mgmt_index_removed
       9  WARNING: ODEBUG bug in mgmt_index_removed
       9  WARNING: ODEBUG bug in mgmt_index_removed
       9  WARNING: ODEBUG bug in mgmt_index_removed
       9  WARNING: ODEBUG bug in mgmt_index_removed
       9  WARNING: ODEBUG bug in mgmt_index_removed
       9  WARNING: ODEBUG bug in mgmt_index_removed
       9  WARNING: ODEBUG bug in mgmt_index_removed
       9  WARNING: ODEBUG bug in mgmt_index_removed
      10  WARNING: ODEBUG bug in mgmt_index_removed
      10  WARNING: ODEBUG bug in mgmt_index_removed
      10  WARNING: ODEBUG bug in mgmt_index_removed
      10  WARNING: ODEBUG bug in mgmt_index_removed
      10  WARNING: ODEBUG bug in mgmt_index_removed
      10  WARNING: ODEBUG bug in mgmt_index_removed
      10  WARNING: ODEBUG bug in mgmt_index_removed
Attempt 3:
    Time  Bug Name
       2  WARNING: ODEBUG bug in mgmt_index_removed
       2  WARNING: ODEBUG bug in mgmt_index_removed
       2  WARNING: ODEBUG bug in mgmt_index_removed
       2  WARNING: ODEBUG bug in mgmt_index_removed
       2  WARNING: ODEBUG bug in mgmt_index_removed
       2  WARNING: ODEBUG bug in mgmt_index_removed
       3  WARNING: ODEBUG bug in mgmt_index_removed
       3  WARNING: ODEBUG bug in mgmt_index_removed
       3  WARNING: ODEBUG bug in mgmt_index_removed
       3  WARNING: ODEBUG bug in mgmt_index_removed
       3  WARNING: ODEBUG bug in mgmt_index_removed
       3  WARNING: ODEBUG bug in mgmt_index_removed
       3  WARNING: ODEBUG bug in mgmt_index_removed
       3  WARNING: ODEBUG bug in mgmt_index_removed
       4  WARNING: ODEBUG bug in mgmt_index_removed
       4  WARNING: ODEBUG bug in mgmt_index_removed
       4  WARNING: ODEBUG bug in mgmt_index_removed
       4  WARNING: ODEBUG bug in mgmt_index_removed
       4  WARNING: ODEBUG bug in mgmt_index_removed
       4  WARNING: ODEBUG bug in mgmt_index_removed
       4  WARNING: ODEBUG bug in mgmt_index_removed
       5  WARNING: ODEBUG bug in mgmt_index_removed
       5  WARNING: ODEBUG bug in mgmt_index_removed
       5  WARNING: ODEBUG bug in mgmt_index_removed
       5  WARNING: ODEBUG bug in mgmt_index_removed
       5  WARNING: ODEBUG bug in mgmt_index_removed
       6  WARNING: ODEBUG bug in mgmt_index_removed
       6  WARNING: ODEBUG bug in mgmt_index_removed
       6  WARNING: ODEBUG bug in mgmt_index_removed
       6  WARNING: ODEBUG bug in mgmt_index_removed
       6  WARNING: ODEBUG bug in mgmt_index_removed
       6  WARNING: ODEBUG bug in mgmt_index_removed
       6  WARNING: ODEBUG bug in mgmt_index_removed
       7  WARNING: ODEBUG bug in mgmt_index_removed
       7  WARNING: ODEBUG bug in mgmt_index_removed
       7  WARNING: ODEBUG bug in mgmt_index_removed
       7  WARNING: ODEBUG bug in mgmt_index_removed
       7  WARNING: ODEBUG bug in mgmt_index_removed
       7  WARNING: ODEBUG bug in mgmt_index_removed
       7  WARNING: ODEBUG bug in mgmt_index_removed
       7  WARNING: ODEBUG bug in mgmt_index_removed
       8  WARNING: ODEBUG bug in mgmt_index_removed
       8  WARNING: ODEBUG bug in mgmt_index_removed
       8  WARNING: ODEBUG bug in mgmt_index_removed
       8  WARNING: ODEBUG bug in mgmt_index_removed
       8  WARNING: ODEBUG bug in mgmt_index_removed
       8  WARNING: ODEBUG bug in mgmt_index_removed
       9  WARNING: ODEBUG bug in mgmt_index_removed
       9  WARNING: ODEBUG bug in mgmt_index_removed
       9  WARNING: ODEBUG bug in mgmt_index_removed
       9  WARNING: ODEBUG bug in mgmt_index_removed
       9  WARNING: ODEBUG bug in mgmt_index_removed
       9  WARNING: ODEBUG bug in mgmt_index_removed
       9  WARNING: ODEBUG bug in mgmt_index_removed
       9  WARNING: ODEBUG bug in mgmt_index_removed
      10  WARNING: ODEBUG bug in mgmt_index_removed
      10  WARNING: ODEBUG bug in mgmt_index_removed
The bug was not found.

2023-03-14 21:34:32
Session:   7
Template:  2022-06-17 - 8f633d840e3eb6454f036e9da3285bcf27345616
Syzkaller: 2022-06-17 - 8f633d840e3eb6454f036e9da3285bcf27345616
Kernel:    2022-08-11 - e091ba5cf82714c8691d978781696cd1fc2dec70
Compiler:  gcc-10.2.1-20210110
Attempt 1:
    Time  Bug Name
       2  WARNING: ODEBUG bug in mgmt_index_removed
       2  WARNING: ODEBUG bug in mgmt_index_removed
       2  WARNING: ODEBUG bug in mgmt_index_removed
       2  WARNING: ODEBUG bug in mgmt_index_removed
       2  WARNING: ODEBUG bug in mgmt_index_removed
       3  WARNING: ODEBUG bug in mgmt_index_removed
       3  WARNING: ODEBUG bug in mgmt_index_removed
       3  WARNING: ODEBUG bug in mgmt_index_removed
       3  WARNING: ODEBUG bug in mgmt_index_removed
       4  WARNING: ODEBUG bug in mgmt_index_removed
       4  WARNING: ODEBUG bug in mgmt_index_removed
       4  WARNING: ODEBUG bug in mgmt_index_removed
       4  WARNING: ODEBUG bug in mgmt_index_removed
       4  WARNING: ODEBUG bug in mgmt_index_removed
       4  WARNING: ODEBUG bug in mgmt_index_removed
       4  WARNING: ODEBUG bug in mgmt_index_removed
       5  WARNING: ODEBUG bug in mgmt_index_removed
       5  WARNING: ODEBUG bug in mgmt_index_removed
       5  WARNING: ODEBUG bug in mgmt_index_removed
       5  WARNING: ODEBUG bug in mgmt_index_removed
       5  WARNING: ODEBUG bug in mgmt_index_removed
       5  SYZFATAL: Manager.Check call failed: machine check failed: program execution failed: executor NUM: exit status NUM
       6  WARNING: ODEBUG bug in mgmt_index_removed
       6  WARNING: ODEBUG bug in mgmt_index_removed
       6  WARNING: ODEBUG bug in mgmt_index_removed
       6  WARNING: ODEBUG bug in mgmt_index_removed
       6  WARNING: ODEBUG bug in mgmt_index_removed
       7  WARNING: ODEBUG bug in mgmt_index_removed
       7  WARNING: ODEBUG bug in mgmt_index_removed
       7  WARNING: ODEBUG bug in mgmt_index_removed
       7  WARNING: ODEBUG bug in mgmt_index_removed
       7  WARNING: ODEBUG bug in mgmt_index_removed
       8  WARNING: ODEBUG bug in mgmt_index_removed
       8  WARNING: ODEBUG bug in mgmt_index_removed
       8  WARNING: ODEBUG bug in mgmt_index_removed
       8  WARNING: ODEBUG bug in mgmt_index_removed
       8  WARNING: ODEBUG bug in mgmt_index_removed
       8  WARNING: ODEBUG bug in mgmt_index_removed
       8  WARNING: ODEBUG bug in mgmt_index_removed
       8  WARNING: ODEBUG bug in mgmt_index_removed
       9  WARNING: ODEBUG bug in mgmt_index_removed
       9  WARNING: ODEBUG bug in mgmt_index_removed
       9  WARNING: ODEBUG bug in mgmt_index_removed
       9  WARNING: ODEBUG bug in mgmt_index_removed
       9  WARNING: ODEBUG bug in mgmt_index_removed
      10  WARNING: ODEBUG bug in mgmt_index_removed
      10  WARNING: ODEBUG bug in mgmt_index_removed
      10  WARNING: ODEBUG bug in mgmt_index_removed
      10  WARNING: ODEBUG bug in mgmt_index_removed
Attempt 2:
    Time  Bug Name
       2  WARNING: ODEBUG bug in mgmt_index_removed
       2  WARNING: ODEBUG bug in mgmt_index_removed
       2  WARNING: ODEBUG bug in mgmt_index_removed
       2  WARNING: ODEBUG bug in mgmt_index_removed
       2  WARNING: ODEBUG bug in mgmt_index_removed
       3  WARNING: ODEBUG bug in mgmt_index_removed
       3  WARNING: ODEBUG bug in mgmt_index_removed
       3  WARNING: ODEBUG bug in mgmt_index_removed
       3  WARNING: ODEBUG bug in mgmt_index_removed
       3  WARNING: ODEBUG bug in mgmt_index_removed
       4  WARNING: ODEBUG bug in mgmt_index_removed
       4  WARNING: ODEBUG bug in mgmt_index_removed
       4  WARNING: ODEBUG bug in mgmt_index_removed
       4  WARNING: ODEBUG bug in mgmt_index_removed
       4  WARNING: ODEBUG bug in mgmt_index_removed
       4  WARNING: ODEBUG bug in mgmt_index_removed
       5  WARNING: ODEBUG bug in mgmt_index_removed
       5  WARNING: ODEBUG bug in mgmt_index_removed
       5  WARNING: ODEBUG bug in mgmt_index_removed
       5  WARNING: ODEBUG bug in mgmt_index_removed
       5  WARNING: ODEBUG bug in mgmt_index_removed
       5  WARNING: ODEBUG bug in mgmt_index_removed
       5  WARNING: ODEBUG bug in mgmt_index_removed
       6  WARNING: ODEBUG bug in mgmt_index_removed
       6  WARNING: ODEBUG bug in mgmt_index_removed
       6  WARNING: ODEBUG bug in mgmt_index_removed
       6  WARNING: ODEBUG bug in mgmt_index_removed
       6  WARNING: ODEBUG bug in mgmt_index_removed
       7  WARNING: ODEBUG bug in mgmt_index_removed
       7  WARNING: ODEBUG bug in mgmt_index_removed
       7  WARNING: ODEBUG bug in mgmt_index_removed
       7  WARNING: ODEBUG bug in mgmt_index_removed
       7  WARNING: ODEBUG bug in mgmt_index_removed
       7  WARNING: ODEBUG bug in mgmt_index_removed
       7  WARNING: ODEBUG bug in mgmt_index_removed
       8  WARNING: ODEBUG bug in mgmt_index_removed
       8  WARNING: ODEBUG bug in mgmt_index_removed
       8  WARNING: ODEBUG bug in mgmt_index_removed
       8  WARNING: ODEBUG bug in mgmt_index_removed
       8  WARNING: ODEBUG bug in mgmt_index_removed
       8  WARNING: ODEBUG bug in mgmt_index_removed
       8  WARNING: ODEBUG bug in mgmt_index_removed
       9  WARNING: ODEBUG bug in mgmt_index_removed
       9  WARNING: ODEBUG bug in mgmt_index_removed
       9  WARNING: ODEBUG bug in mgmt_index_removed
       9  WARNING: ODEBUG bug in mgmt_index_removed
       9  WARNING: ODEBUG bug in mgmt_index_removed
       9  WARNING: ODEBUG bug in mgmt_index_removed
      10  WARNING: ODEBUG bug in mgmt_index_removed
      10  WARNING: ODEBUG bug in mgmt_index_removed
      10  WARNING: ODEBUG bug in mgmt_index_removed
      10  WARNING: ODEBUG bug in mgmt_index_removed
      10  WARNING: ODEBUG bug in mgmt_index_removed
Attempt 3:
    Time  Bug Name
       2  WARNING: ODEBUG bug in mgmt_index_removed
       2  WARNING: ODEBUG bug in mgmt_index_removed
       2  WARNING: ODEBUG bug in mgmt_index_removed
       2  WARNING: ODEBUG bug in mgmt_index_removed
       3  WARNING: ODEBUG bug in mgmt_index_removed
       3  WARNING: ODEBUG bug in mgmt_index_removed
       3  WARNING: ODEBUG bug in mgmt_index_removed
       3  WARNING: ODEBUG bug in mgmt_index_removed
       3  WARNING: ODEBUG bug in mgmt_index_removed
       3  WARNING: ODEBUG bug in mgmt_index_removed
       4  WARNING: ODEBUG bug in mgmt_index_removed
       4  WARNING: ODEBUG bug in mgmt_index_removed
       4  WARNING: ODEBUG bug in mgmt_index_removed
       4  WARNING: ODEBUG bug in mgmt_index_removed
       4  WARNING: ODEBUG bug in mgmt_index_removed
       4  WARNING: ODEBUG bug in mgmt_index_removed
       5  WARNING: ODEBUG bug in mgmt_index_removed
       5  WARNING: ODEBUG bug in mgmt_index_removed
       5  WARNING: ODEBUG bug in mgmt_index_removed
       5  WARNING: ODEBUG bug in mgmt_index_removed
       5  WARNING: ODEBUG bug in mgmt_index_removed
       5  WARNING: ODEBUG bug in mgmt_index_removed
       6  WARNING: ODEBUG bug in mgmt_index_removed
       6  WARNING: ODEBUG bug in mgmt_index_removed
       6  WARNING: ODEBUG bug in mgmt_index_removed
       6  WARNING: ODEBUG bug in mgmt_index_removed
       6  WARNING: ODEBUG bug in mgmt_index_removed
       6  WARNING: ODEBUG bug in mgmt_index_removed
       6  WARNING: ODEBUG bug in mgmt_index_removed
       7  WARNING: ODEBUG bug in mgmt_index_removed
       7  WARNING: ODEBUG bug in mgmt_index_removed
       7  WARNING: ODEBUG bug in mgmt_index_removed
       7  WARNING: ODEBUG bug in mgmt_index_removed
       7  WARNING: ODEBUG bug in mgmt_index_removed
       7  WARNING: ODEBUG bug in mgmt_index_removed
       7  WARNING: ODEBUG bug in mgmt_index_removed
       8  WARNING: ODEBUG bug in mgmt_index_removed
       8  WARNING: ODEBUG bug in mgmt_index_removed
       8  WARNING: ODEBUG bug in mgmt_index_removed
       8  WARNING: ODEBUG bug in mgmt_index_removed
       8  WARNING: ODEBUG bug in mgmt_index_removed
       8  WARNING: ODEBUG bug in mgmt_index_removed
       8  WARNING: ODEBUG bug in mgmt_index_removed
       8  WARNING: ODEBUG bug in mgmt_index_removed
       9  WARNING: ODEBUG bug in mgmt_index_removed
       9  WARNING: ODEBUG bug in mgmt_index_removed
       9  WARNING: ODEBUG bug in mgmt_index_removed
      10  WARNING: ODEBUG bug in mgmt_index_removed
      10  WARNING: ODEBUG bug in mgmt_index_removed
      10  WARNING: ODEBUG bug in mgmt_index_removed
      10  WARNING: ODEBUG bug in mgmt_index_removed
      10  WARNING: ODEBUG bug in mgmt_index_removed
      10  WARNING: ODEBUG bug in mgmt_index_removed
Attempt 4: (RETRY)
    Time  Bug Name
       2  WARNING: ODEBUG bug in mgmt_index_removed
       2  WARNING: ODEBUG bug in mgmt_index_removed
       2  WARNING: ODEBUG bug in mgmt_index_removed
       2  WARNING: ODEBUG bug in mgmt_index_removed
       2  WARNING: ODEBUG bug in mgmt_index_removed
       3  WARNING: ODEBUG bug in mgmt_index_removed
       3  WARNING: ODEBUG bug in mgmt_index_removed
       3  WARNING: ODEBUG bug in mgmt_index_removed
       3  WARNING: ODEBUG bug in mgmt_index_removed
       3  WARNING: ODEBUG bug in mgmt_index_removed
       3  WARNING: ODEBUG bug in mgmt_index_removed
       4  WARNING: ODEBUG bug in mgmt_index_removed
       4  WARNING: ODEBUG bug in mgmt_index_removed
       4  WARNING: ODEBUG bug in mgmt_index_removed
       4  WARNING: ODEBUG bug in mgmt_index_removed
       4  WARNING: ODEBUG bug in mgmt_index_removed
       5  WARNING: ODEBUG bug in mgmt_index_removed
       5  WARNING: ODEBUG bug in mgmt_index_removed
       5  WARNING: ODEBUG bug in mgmt_index_removed
       5  WARNING: ODEBUG bug in mgmt_index_removed
       5  WARNING: ODEBUG bug in mgmt_index_removed
       5  WARNING: ODEBUG bug in mgmt_index_removed
       6  WARNING: ODEBUG bug in mgmt_index_removed
       6  WARNING: ODEBUG bug in mgmt_index_removed
       6  WARNING: ODEBUG bug in mgmt_index_removed
       6  WARNING: ODEBUG bug in mgmt_index_removed
       6  WARNING: ODEBUG bug in mgmt_index_removed
       6  WARNING: ODEBUG bug in mgmt_index_removed
       7  WARNING: ODEBUG bug in mgmt_index_removed
       7  WARNING: ODEBUG bug in mgmt_index_removed
       7  WARNING: ODEBUG bug in mgmt_index_removed
       7  WARNING: ODEBUG bug in mgmt_index_removed
       8  WARNING: ODEBUG bug in mgmt_index_removed
       8  WARNING: ODEBUG bug in mgmt_index_removed
       8  WARNING: ODEBUG bug in mgmt_index_removed
       8  WARNING: ODEBUG bug in mgmt_index_removed
       8  WARNING: ODEBUG bug in mgmt_index_removed
       8  WARNING: ODEBUG bug in mgmt_index_removed
       9  WARNING: ODEBUG bug in mgmt_index_removed
       9  WARNING: ODEBUG bug in mgmt_index_removed
       9  WARNING: ODEBUG bug in mgmt_index_removed
       9  WARNING: ODEBUG bug in mgmt_index_removed
       9  WARNING: ODEBUG bug in mgmt_index_removed
       9  WARNING: ODEBUG bug in mgmt_index_removed
       9  WARNING: ODEBUG bug in mgmt_index_removed
      10  WARNING: ODEBUG bug in mgmt_index_removed
      10  WARNING: ODEBUG bug in mgmt_index_removed
      10  WARNING: ODEBUG bug in mgmt_index_removed
      10  WARNING: ODEBUG bug in mgmt_index_removed
      10  WARNING: ODEBUG bug in mgmt_index_removed
The bug was not found.

== Confirming the bisected commit ==

2023-03-14 22:58:33
Session:   8
Template:  2022-06-17 - 8f633d840e3eb6454f036e9da3285bcf27345616
Syzkaller: 2022-06-17 - 8f633d840e3eb6454f036e9da3285bcf27345616
Kernel:    2022-08-11 - 7ebfc85e2cd7b08f518b526173e9a33b56b3913b
The bug was found in a previous identical fuzzing session.

2023-03-14 22:58:33
Session:   9
Template:  2022-06-17 - 8f633d840e3eb6454f036e9da3285bcf27345616
Syzkaller: 2022-06-17 - 8f633d840e3eb6454f036e9da3285bcf27345616
Kernel:    2022-08-11 - e091ba5cf82714c8691d978781696cd1fc2dec70
The bug was not found in a previous identical fuzzing session.

====================================================================================================================================================
Revealing Factor:   Kernel Commit
Version:            2022-08-11 - 7ebfc85e2cd7b08f518b526173e9a33b56b3913b
Commit Name:        Merge tag 'net-6.0-rc1' of git://git.kernel.org/pub/scm/linux/kernel/git/netdev/net

Bug Name:           BUG: unable to handle kernel NULL pointer dereference in gsmld_receive_buf
Bug Link:           https://syzkaller.appspot.com/bug?id=bdf035c61447f8c6e0e6920315d577cb5cc35ac5
Arch:               amd64
Finding Date:       2022-08-21
Finding Commit:     2022-08-20 - 15b3f48a4339e3c16acf18624e2b7f60bc5e9a2c
Guilty Merge:       2022-08-08 - 607ca0f742b7d990b6efb3c3e7a52830f7e96419
Guilty Commit:      2022-07-01 - 01aecd917114577c423f07cec0d186ad007d76fc

Possible Blocking Bugs:
    WARNING: ODEBUG bug in mgmt_index_removed

AUTHOR: Determined to be a blocking bug.
