WARNING: ODEBUG bug in __sk_destruct,https://syzkaller.appspot.com/bug?id=591666b46bf0d9e2fbb8dbb386982d12ba804648
Repository: linux
Arch: amd64
Finding: 2019-05-26 - cd6c84d8f0cdc911df435bb075ba22ce3c605b07
Guilty:  2018-04-27 - 01d2f7e2cdd31becffafa0cb82809a5e36558ec0
Duplicate Names:
    WARNING in debug_check_no_obj_freed
    WARNING: ODEBUG bug in __sk_destruct
Default Allocation.
VMs:4
CPUs:4
Procs:24
Max time:30
Max attempts:3
Testing the finding commit.

2023-05-14 00:03:29
Session:   1
Template:  2019-05-27 - 6bd615015dc05e75bc8979aab3bc710abd1fdffb
Syzkaller: 2019-05-27 - 6bd615015dc05e75bc8979aab3bc710abd1fdffb
Kernel:    2019-05-26 - cd6c84d8f0cdc911df435bb075ba22ce3c605b07
Compiler:  gcc-9.0.0-20181231
Attempt 1:
    Time  Bug Name
***    4  WARNING: ODEBUG bug in __sk_destruct
***    4  WARNING: ODEBUG bug in __sk_destruct
Attempt 2:
    Time  Bug Name
***    2  WARNING: ODEBUG bug in __sk_destruct
Attempt 3:
    Time  Bug Name
***    3  WARNING: ODEBUG bug in __sk_destruct
***    3  WARNING: ODEBUG bug in __sk_destruct
The bug was found.

New Max Time: 10.
Merge Commit: 2018-04-27 - 448c907cd72acc82dab565336defe845f2e235ec.

==== Template Inspection ====
13 template changes in [2018-04-27, 2019-05-27].

2023-05-14 01:29:53
Session:   2
Template:  2018-11-30 - bc6b598a2d3a6dd82a5066d1c9ac742787ac667b
Syzkaller: 2018-11-30 - bc6b598a2d3a6dd82a5066d1c9ac742787ac667b
Kernel:    2018-11-30 - 38c7b224ce22c25fed04007839edf974bd13439d
Compiler:  gcc-8.0.1-20180412
Attempt 1:
    Time  Bug Name
       7  general protection fault in kernel_accept
Attempt 2:
    No crashes found.
Attempt 3:
    No crashes found.
The bug was not found.

2023-05-14 03:40:13
Session:   3
Template:  2018-12-26 - 586a19e7ece21850ff9347ce78245bf19fe1cdcd
Syzkaller: 2018-12-26 - 586a19e7ece21850ff9347ce78245bf19fe1cdcd
Kernel:    2018-12-26 - 17bf423a1f2d134187191f0ceb4b395173cc98a7
Compiler:  gcc-8.0.1-20180412
Attempt 1:
    No crashes found.
Attempt 2:
    No crashes found.
Attempt 3:
    No crashes found.
The bug was not found.

2023-05-14 05:20:14
Session:   4
Template:  2019-05-10 - cfeec859376ebc8256540f14226b0620bf842fc1
Syzkaller: 2019-05-10 - cfeec859376ebc8256540f14226b0620bf842fc1
Kernel:    2019-05-10 - 1fb3b526df3bd7647e7854915ae6b22299408baf
Compiler:  gcc-9.0.0-20181231
Warning: Syzkaller log file exceeded 5000 lines.
Saved at /mnt/sda/author/SyzInspector/wd-inspector-3/log/bug795-boot_failure.log.
Attempt 1:
    Time  Bug Name
       2  boot failure
Warning: Syzkaller log file exceeded 5000 lines.
Saved at /mnt/sda/author/SyzInspector/wd-inspector-3/log/bug795-boot_failure.log.
Attempt 2:
    Time  Bug Name
       2  boot failure
Warning: Syzkaller log file exceeded 5000 lines.
Saved at /mnt/sda/author/SyzInspector/wd-inspector-3/log/bug795-boot_failure.log.
Attempt 3:
    Time  Bug Name
       2  boot failure
Warning: Syzkaller log file exceeded 5000 lines.
Saved at /mnt/sda/author/SyzInspector/wd-inspector-3/log/bug795-boot_failure.log.
Attempt 4: (RETRY)
    Time  Bug Name
       2  boot failure
Warning: Syzkaller log file exceeded 5000 lines.
Saved at /mnt/sda/author/SyzInspector/wd-inspector-3/log/bug795-boot_failure.log.
Attempt 5: (RETRY)
    Time  Bug Name
       2  boot failure
Warning: Syzkaller log file exceeded 5000 lines.
Saved at /mnt/sda/author/SyzInspector/wd-inspector-3/log/bug795-boot_failure.log.
Attempt 6: (RETRY)
    Time  Bug Name
       1  boot failure
The bug was not found.
Warning: This session is unstable.

==== Kernel Inspection ====
132 Linux commits in [2019-05-10, 2019-05-27].

2023-05-14 07:01:14
Session:   5
Template:  2019-05-16 - 7fb690f39a0394eb6691d7014d509c966836c8a1
Syzkaller: 2019-05-16 - 7fb690f39a0394eb6691d7014d509c966836c8a1
Kernel:    2019-05-16 - 27ebbf9d5bc0ab0a8ca875119e0ce4cd267fa2fc
Compiler:  gcc-9.0.0-20181231
Attempt 1:
    Time  Bug Name
***    3  WARNING: ODEBUG bug in __sk_destruct
***    3  WARNING: ODEBUG bug in __sk_destruct
The bug was found.

2023-05-14 08:23:16
Session:   6
Template:  2019-05-14 - bd4e3ac77b56f644b6e5afc8c43c8a77848dbb52
Syzkaller: 2019-05-14 - bd4e3ac77b56f644b6e5afc8c43c8a77848dbb52
Kernel:    2019-05-14 - ebcf5bb28241fe3ddc9e786e3816848a10f688b8
Compiler:  gcc-9.0.0-20181231
Attempt 1:
    Time  Bug Name
***    2  WARNING: ODEBUG bug in __sk_destruct
***    2  WARNING: ODEBUG bug in __sk_destruct
The bug was found.

2023-05-14 09:48:32
Session:   7
Template:  2019-05-12 - 16ab1e89e3b333919112342bd6a147a8ad0f3290
Syzkaller: 2019-05-12 - 16ab1e89e3b333919112342bd6a147a8ad0f3290
Kernel:    2019-05-12 - 4dbf09fea60d158e60a30c419e0cfa1ea138dd57
Compiler:  gcc-9.0.0-20181231
Attempt 1:
    Time  Bug Name
***    2  WARNING: ODEBUG bug in __sk_destruct
The bug was found.

2023-05-14 11:16:46
Session:   8
Template:  2019-05-10 - 46caad94600e423131f4a0072f17ac8d3ee54e0e
Syzkaller: 2019-05-10 - 46caad94600e423131f4a0072f17ac8d3ee54e0e
Kernel:    2019-05-10 - e290e6af1d22c3f5225c9d46faabdde80e27aef2
Compiler:  gcc-9.0.0-20181231
Warning: Syzkaller log file exceeded 5000 lines.
Saved at /mnt/sda/author/SyzInspector/wd-inspector-3/log/bug795-boot_failure.log.
Attempt 1:
    Time  Bug Name
       2  boot failure
Warning: Syzkaller log file exceeded 5000 lines.
Saved at /mnt/sda/author/SyzInspector/wd-inspector-3/log/bug795-boot_failure.log.
Attempt 2:
    Time  Bug Name
       2  boot failure
Warning: Syzkaller log file exceeded 5000 lines.
Saved at /mnt/sda/author/SyzInspector/wd-inspector-3/log/bug795-boot_failure.log.
Attempt 3:
    Time  Bug Name
       2  boot failure
Warning: Syzkaller log file exceeded 5000 lines.
Saved at /mnt/sda/author/SyzInspector/wd-inspector-3/log/bug795-boot_failure.log.
Attempt 4: (RETRY)
    Time  Bug Name
       2  boot failure
Warning: Syzkaller log file exceeded 5000 lines.
Saved at /mnt/sda/author/SyzInspector/wd-inspector-3/log/bug795-boot_failure.log.
Attempt 5: (RETRY)
    Time  Bug Name
       2  boot failure
Warning: Syzkaller log file exceeded 5000 lines.
Saved at /mnt/sda/author/SyzInspector/wd-inspector-3/log/bug795-boot_failure.log.
Attempt 6: (RETRY)
    Time  Bug Name
       2  boot failure
The bug was not found.
Warning: This session is unstable.

2023-05-14 12:49:35
Session:   9
Template:  2019-05-10 - 46caad94600e423131f4a0072f17ac8d3ee54e0e
Syzkaller: 2019-05-10 - 46caad94600e423131f4a0072f17ac8d3ee54e0e
Kernel:    2019-05-10 - 3232b43f7252e04efd703ca8ecb87e2567a36388
Compiler:  gcc-9.0.0-20181231
Warning: Syzkaller log file exceeded 5000 lines.
Saved at /mnt/sda/author/SyzInspector/wd-inspector-3/log/bug795-boot_failure.log.
Attempt 1:
    Time  Bug Name
       2  boot failure
Warning: Syzkaller log file exceeded 5000 lines.
Saved at /mnt/sda/author/SyzInspector/wd-inspector-3/log/bug795-boot_failure.log.
Attempt 2:
    Time  Bug Name
       2  boot failure
Warning: Syzkaller log file exceeded 5000 lines.
Saved at /mnt/sda/author/SyzInspector/wd-inspector-3/log/bug795-boot_failure.log.
Attempt 3:
    Time  Bug Name
       2  boot failure
Warning: Syzkaller log file exceeded 5000 lines.
Saved at /mnt/sda/author/SyzInspector/wd-inspector-3/log/bug795-boot_failure.log.
Attempt 4: (RETRY)
    Time  Bug Name
       2  boot failure
Warning: Syzkaller log file exceeded 5000 lines.
Saved at /mnt/sda/author/SyzInspector/wd-inspector-3/log/bug795-boot_failure.log.
Attempt 5: (RETRY)
    Time  Bug Name
       2  boot failure
Warning: Syzkaller log file exceeded 5000 lines.
Saved at /mnt/sda/author/SyzInspector/wd-inspector-3/log/bug795-boot_failure.log.
Attempt 6: (RETRY)
    Time  Bug Name
       2  boot failure
The bug was not found.
Warning: This session is unstable.

2023-05-14 14:19:17
Session:   10
Template:  2019-05-10 - 46caad94600e423131f4a0072f17ac8d3ee54e0e
Syzkaller: 2019-05-10 - 46caad94600e423131f4a0072f17ac8d3ee54e0e
Kernel:    2019-05-10 - 7817ffd20a0f7fbd5971643b5ef1f577703dad11
Compiler:  gcc-9.0.0-20181231
Warning: Syzkaller log file exceeded 5000 lines.
Saved at /mnt/sda/author/SyzInspector/wd-inspector-3/log/bug795-boot_failure.log.
Attempt 1:
    Time  Bug Name
       2  boot failure
Warning: Syzkaller log file exceeded 5000 lines.
Saved at /mnt/sda/author/SyzInspector/wd-inspector-3/log/bug795-boot_failure.log.
Attempt 2:
    Time  Bug Name
       2  boot failure
Warning: Syzkaller log file exceeded 5000 lines.
Saved at /mnt/sda/author/SyzInspector/wd-inspector-3/log/bug795-boot_failure.log.
Attempt 3:
    Time  Bug Name
       2  boot failure
Warning: Syzkaller log file exceeded 5000 lines.
Saved at /mnt/sda/author/SyzInspector/wd-inspector-3/log/bug795-boot_failure.log.
Attempt 4: (RETRY)
    Time  Bug Name
       3  boot failure
Warning: Syzkaller log file exceeded 5000 lines.
Saved at /mnt/sda/author/SyzInspector/wd-inspector-3/log/bug795-boot_failure.log.
Attempt 5: (RETRY)
    Time  Bug Name
       2  boot failure
Warning: Syzkaller log file exceeded 5000 lines.
Saved at /mnt/sda/author/SyzInspector/wd-inspector-3/log/bug795-boot_failure.log.
Attempt 6: (RETRY)
    Time  Bug Name
       2  boot failure
The bug was not found.
Warning: This session is unstable.

2023-05-14 15:46:34
Session:   11
Template:  2019-05-10 - 46caad94600e423131f4a0072f17ac8d3ee54e0e
Syzkaller: 2019-05-10 - 46caad94600e423131f4a0072f17ac8d3ee54e0e
Kernel:    2019-05-10 - cccd559e98c05b669bdc37b01802f920cff1d6dd
Compiler:  gcc-9.0.0-20181231
Warning: Syzkaller log file exceeded 5000 lines.
Saved at /mnt/sda/author/SyzInspector/wd-inspector-3/log/bug795-boot_failure.log.
Attempt 1:
    Time  Bug Name
       2  boot failure
Warning: Syzkaller log file exceeded 5000 lines.
Saved at /mnt/sda/author/SyzInspector/wd-inspector-3/log/bug795-boot_failure.log.
Attempt 2:
    Time  Bug Name
       2  boot failure
Warning: Syzkaller log file exceeded 5000 lines.
Saved at /mnt/sda/author/SyzInspector/wd-inspector-3/log/bug795-boot_failure.log.
Attempt 3:
    Time  Bug Name
       2  boot failure
Warning: Syzkaller log file exceeded 5000 lines.
Saved at /mnt/sda/author/SyzInspector/wd-inspector-3/log/bug795-boot_failure.log.
Attempt 4: (RETRY)
    Time  Bug Name
       2  boot failure
Warning: Syzkaller log file exceeded 5000 lines.
Saved at /mnt/sda/author/SyzInspector/wd-inspector-3/log/bug795-boot_failure.log.
Attempt 5: (RETRY)
    Time  Bug Name
       2  boot failure
Warning: Syzkaller log file exceeded 5000 lines.
Saved at /mnt/sda/author/SyzInspector/wd-inspector-3/log/bug795-boot_failure.log.
Attempt 6: (RETRY)
    Time  Bug Name
       2  boot failure
The bug was not found.
Warning: This session is unstable.

2023-05-14 17:52:54
Session:   12
Template:  2019-05-10 - 46caad94600e423131f4a0072f17ac8d3ee54e0e
Syzkaller: 2019-05-10 - 46caad94600e423131f4a0072f17ac8d3ee54e0e
Kernel:    2019-05-10 - cece6460c24386d15503ad4e07f740a88f3c8403
Compiler:  gcc-9.0.0-20181231
Warning: Syzkaller log file exceeded 5000 lines.
Saved at /mnt/sda/author/SyzInspector/wd-inspector-3/log/bug795-boot_failure.log.
Attempt 1:
    Time  Bug Name
       2  boot failure
Warning: Syzkaller log file exceeded 5000 lines.
Saved at /mnt/sda/author/SyzInspector/wd-inspector-3/log/bug795-boot_failure.log.
Attempt 2:
    Time  Bug Name
       2  boot failure
Warning: Syzkaller log file exceeded 5000 lines.
Saved at /mnt/sda/author/SyzInspector/wd-inspector-3/log/bug795-boot_failure.log.
Attempt 3:
    Time  Bug Name
       2  boot failure
Warning: Syzkaller log file exceeded 5000 lines.
Saved at /mnt/sda/author/SyzInspector/wd-inspector-3/log/bug795-boot_failure.log.
Attempt 4: (RETRY)
    Time  Bug Name
       2  boot failure
Warning: Syzkaller log file exceeded 5000 lines.
Saved at /mnt/sda/author/SyzInspector/wd-inspector-3/log/bug795-boot_failure.log.
Attempt 5: (RETRY)
    Time  Bug Name
       2  boot failure
Warning: Syzkaller log file exceeded 5000 lines.
Saved at /mnt/sda/author/SyzInspector/wd-inspector-3/log/bug795-boot_failure.log.
Attempt 6: (RETRY)
    Time  Bug Name
       2  boot failure
The bug was not found.
Warning: This session is unstable.

2023-05-14 19:19:40
Session:   13
Template:  2019-05-10 - 46caad94600e423131f4a0072f17ac8d3ee54e0e
Syzkaller: 2019-05-10 - 46caad94600e423131f4a0072f17ac8d3ee54e0e
Kernel:    2019-05-10 - 15500c0a506e256976a81c858e33844bb0781e02
Compiler:  gcc-9.0.0-20181231
Warning: Syzkaller log file exceeded 5000 lines.
Saved at /mnt/sda/author/SyzInspector/wd-inspector-3/log/bug795-boot_failure.log.
Attempt 1:
    Time  Bug Name
       1  boot failure
Warning: Syzkaller log file exceeded 5000 lines.
Saved at /mnt/sda/author/SyzInspector/wd-inspector-3/log/bug795-boot_failure.log.
Attempt 2:
    Time  Bug Name
       1  boot failure
Warning: Syzkaller log file exceeded 5000 lines.
Saved at /mnt/sda/author/SyzInspector/wd-inspector-3/log/bug795-boot_failure.log.
Attempt 3:
    Time  Bug Name
       2  boot failure
Warning: Syzkaller log file exceeded 5000 lines.
Saved at /mnt/sda/author/SyzInspector/wd-inspector-3/log/bug795-boot_failure.log.
Attempt 4: (RETRY)
    Time  Bug Name
       2  boot failure
Warning: Syzkaller log file exceeded 5000 lines.
Saved at /mnt/sda/author/SyzInspector/wd-inspector-3/log/bug795-boot_failure.log.
Attempt 5: (RETRY)
    Time  Bug Name
       1  boot failure
Warning: Syzkaller log file exceeded 5000 lines.
Saved at /mnt/sda/author/SyzInspector/wd-inspector-3/log/bug795-boot_failure.log.
Attempt 6: (RETRY)
    Time  Bug Name
       2  boot failure
The bug was not found.
Warning: This session is unstable.

2023-05-14 20:31:31
Session:   14
Template:  2019-05-10 - 46caad94600e423131f4a0072f17ac8d3ee54e0e
Syzkaller: 2019-05-10 - 46caad94600e423131f4a0072f17ac8d3ee54e0e
Kernel:    2019-05-10 - b970afcfcabd63cd3832e95db096439c177c3592
Compiler:  gcc-9.0.0-20181231
Warning: Syzkaller log file exceeded 5000 lines.
Saved at /mnt/sda/author/SyzInspector/wd-inspector-3/log/bug795-boot_failure.log.
Attempt 1:
    Time  Bug Name
       2  boot failure
Warning: Syzkaller log file exceeded 5000 lines.
Saved at /mnt/sda/author/SyzInspector/wd-inspector-3/log/bug795-boot_failure.log.
Attempt 2:
    Time  Bug Name
       2  boot failure
Warning: Syzkaller log file exceeded 5000 lines.
Saved at /mnt/sda/author/SyzInspector/wd-inspector-3/log/bug795-boot_failure.log.
Attempt 3:
    Time  Bug Name
       2  boot failure
Warning: Syzkaller log file exceeded 5000 lines.
Saved at /mnt/sda/author/SyzInspector/wd-inspector-3/log/bug795-boot_failure.log.
Attempt 4: (RETRY)
    Time  Bug Name
       2  boot failure
Warning: Syzkaller log file exceeded 5000 lines.
Saved at /mnt/sda/author/SyzInspector/wd-inspector-3/log/bug795-boot_failure.log.
Attempt 5: (RETRY)
    Time  Bug Name
       2  boot failure
Warning: Syzkaller log file exceeded 5000 lines.
Saved at /mnt/sda/author/SyzInspector/wd-inspector-3/log/bug795-boot_failure.log.
Attempt 6: (RETRY)
    Time  Bug Name
       2  boot failure
The bug was not found.
Warning: This session is unstable.

2023-05-14 21:56:02
Session:   15
Template:  2019-05-10 - 46caad94600e423131f4a0072f17ac8d3ee54e0e
Syzkaller: 2019-05-10 - 46caad94600e423131f4a0072f17ac8d3ee54e0e
Kernel:    2019-05-10 - 8ea5b2abd07e2280a332bd9c1a7f4dd15b9b6c13
Compiler:  gcc-9.0.0-20181231
Warning: Syzkaller log file exceeded 5000 lines.
Saved at /mnt/sda/author/SyzInspector/wd-inspector-3/log/bug795-boot_failure.log.
Attempt 1:
    Time  Bug Name
       2  boot failure
Warning: Syzkaller log file exceeded 5000 lines.
Saved at /mnt/sda/author/SyzInspector/wd-inspector-3/log/bug795-boot_failure.log.
Attempt 2:
    Time  Bug Name
       2  boot failure
Warning: Syzkaller log file exceeded 5000 lines.
Saved at /mnt/sda/author/SyzInspector/wd-inspector-3/log/bug795-boot_failure.log.
Attempt 3:
    Time  Bug Name
       2  boot failure
Warning: Syzkaller log file exceeded 5000 lines.
Saved at /mnt/sda/author/SyzInspector/wd-inspector-3/log/bug795-boot_failure.log.
Attempt 4: (RETRY)
    Time  Bug Name
       2  boot failure
Warning: Syzkaller log file exceeded 5000 lines.
Saved at /mnt/sda/author/SyzInspector/wd-inspector-3/log/bug795-boot_failure.log.
Attempt 5: (RETRY)
    Time  Bug Name
       2  boot failure
Warning: Syzkaller log file exceeded 5000 lines.
Saved at /mnt/sda/author/SyzInspector/wd-inspector-3/log/bug795-boot_failure.log.
Attempt 6: (RETRY)
    Time  Bug Name
       2  boot failure
The bug was not found.
Warning: This session is unstable.

2023-05-14 23:20:54
Session:   16
Template:  2019-05-10 - 46caad94600e423131f4a0072f17ac8d3ee54e0e
Syzkaller: 2019-05-10 - 46caad94600e423131f4a0072f17ac8d3ee54e0e
Kernel:    2019-05-10 - 1fb3b526df3bd7647e7854915ae6b22299408baf
Compiler:  gcc-9.0.0-20181231
Warning: Syzkaller log file exceeded 5000 lines.
Saved at /mnt/sda/author/SyzInspector/wd-inspector-3/log/bug795-boot_failure.log.
Attempt 1:
    Time  Bug Name
       2  boot failure
Warning: Syzkaller log file exceeded 5000 lines.
Saved at /mnt/sda/author/SyzInspector/wd-inspector-3/log/bug795-boot_failure.log.
Attempt 2:
    Time  Bug Name
       2  boot failure
Warning: Syzkaller log file exceeded 5000 lines.
Saved at /mnt/sda/author/SyzInspector/wd-inspector-3/log/bug795-boot_failure.log.
Attempt 3:
    Time  Bug Name
       2  boot failure
Warning: Syzkaller log file exceeded 5000 lines.
Saved at /mnt/sda/author/SyzInspector/wd-inspector-3/log/bug795-boot_failure.log.
Attempt 4: (RETRY)
    Time  Bug Name
       2  boot failure
Warning: Syzkaller log file exceeded 5000 lines.
Saved at /mnt/sda/author/SyzInspector/wd-inspector-3/log/bug795-boot_failure.log.
Attempt 5: (RETRY)
    Time  Bug Name
       2  boot failure
Warning: Syzkaller log file exceeded 5000 lines.
Saved at /mnt/sda/author/SyzInspector/wd-inspector-3/log/bug795-boot_failure.log.
Attempt 6: (RETRY)
    Time  Bug Name
       2  boot failure
The bug was not found.
Warning: This session is unstable.

2023-05-15 01:09:55
Session:   17
Template:  2019-05-11 - c017728b48d0996df3928156621be26383186a27
Syzkaller: 2019-05-11 - c017728b48d0996df3928156621be26383186a27
Kernel:    2019-05-11 - 7a5575212ce4b6a41581b92fe03b6be1134793ba
Compiler:  gcc-9.0.0-20181231
Warning: Syzkaller log file exceeded 5000 lines.
Saved at /mnt/sda/author/SyzInspector/wd-inspector-3/log/bug795-boot_failure.log.
Attempt 1:
    Time  Bug Name
       2  boot failure
Warning: Syzkaller log file exceeded 5000 lines.
Saved at /mnt/sda/author/SyzInspector/wd-inspector-3/log/bug795-boot_failure.log.
Attempt 2:
    Time  Bug Name
       1  boot failure
Warning: Syzkaller log file exceeded 5000 lines.
Saved at /mnt/sda/author/SyzInspector/wd-inspector-3/log/bug795-boot_failure.log.
Attempt 3:
    Time  Bug Name
       2  boot failure
Warning: Syzkaller log file exceeded 5000 lines.
Saved at /mnt/sda/author/SyzInspector/wd-inspector-3/log/bug795-boot_failure.log.
Attempt 4: (RETRY)
    Time  Bug Name
       1  boot failure
Warning: Syzkaller log file exceeded 5000 lines.
Saved at /mnt/sda/author/SyzInspector/wd-inspector-3/log/bug795-boot_failure.log.
Attempt 5: (RETRY)
    Time  Bug Name
       2  boot failure
Warning: Syzkaller log file exceeded 5000 lines.
Saved at /mnt/sda/author/SyzInspector/wd-inspector-3/log/bug795-boot_failure.log.
Attempt 6: (RETRY)
    Time  Bug Name
       1  boot failure
The bug was not found.
Warning: This session is unstable.

2023-05-15 02:16:09
Session:   18
Template:  2019-05-11 - c017728b48d0996df3928156621be26383186a27
Syzkaller: 2019-05-11 - c017728b48d0996df3928156621be26383186a27
Kernel:    2019-05-11 - c367dc8d0dd2a1e1ed9fdc2dd831053bdfdf0968
Compiler:  gcc-9.0.0-20181231
Attempt 1:
    Time  Bug Name
***    3  WARNING: ODEBUG bug in __sk_destruct
The bug was found.

====================================================================================================================================================
Revealing Factor:   Unstable Commits
Unstable Range:     [2019-05-10, 2019-05-11]
Version:            2019-05-11 - 7a5575212ce4b6a41581b92fe03b6be1134793ba
Commit Name:        Merge tag 'xtensa-20190510' of git://github.com/jcmvbkbc/linux-xtensa

Bug Name:           WARNING: ODEBUG bug in __sk_destruct
Bug Link:           https://syzkaller.appspot.com/bug?id=591666b46bf0d9e2fbb8dbb386982d12ba804648
Arch:               amd64
Finding Date:       2019-05-27
Finding Commit:     2019-05-26 - cd6c84d8f0cdc911df435bb075ba22ce3c605b07
Guilty Merge:       2018-04-27 - 448c907cd72acc82dab565336defe845f2e235ec
Guilty Commit:      2018-04-27 - 01d2f7e2cdd31becffafa0cb82809a5e36558ec0

Possible Blocking Bugs:
