KASAN: slab-out-of-bounds Read in class_equal,https://syzkaller.appspot.com/bug?id=d299ab18d8295ac16f481e28f727e3aa0e01a1cf
Repository: linux
Arch: amd64
Finding: 2019-05-24 - c50bbf615f2f0028ad1771506ef8807130ccc2ce
Guilty:  2018-10-17 - 02c558b2d5d679fbbcaa5b9689484c7e0f8abb7b
Duplicate Names:
    BUG: unable to handle kernel paging request in hrtimer_interrupt
    general protection fault in rcu_core
    general protection fault in mm_update_next_owner
    KASAN: use-after-free Write in validate_chain
    KASAN: use-after-free Read in psi_task_change
    KASAN: slab-out-of-bounds Read in class_equal
    KASAN: slab-out-of-bounds Write in check_noncircular
    WARNING in mark_lock
    KASAN: slab-out-of-bounds Write in validate_chain
    BUG: unable to handle kernel paging request in __do_softirq
    kernel panic: stack is corrupted in validate_chain
    KASAN: slab-out-of-bounds Read in corrupted
    BUG: unable to handle kernel paging request in tls_prots
    kernel panic: corrupted stack end in dput
    BUG: unable to handle kernel paging request in cpuacct_account_field
    BUG: unable to handle kernel NULL pointer dereference in corrupted
    KASAN: use-after-free Read in corrupted
    WARNING in cgroup_rstat_updated
    general protection fault in rb_erase
    KASAN: slab-out-of-bounds Read in usage_accumulate
    memory leak in create_ctx
    kernel panic: corrupted stack end in corrupted
    general protection fault in rb_next
Default Allocation.
VMs:4
CPUs:4
Procs:24
Max time:30
Max attempts:3
Testing the finding commit.

2023-05-11 11:00:52
Session:   1
Template:  2019-05-24 - 85c573157db1baae51178263fe3289c8329e6dc2
Syzkaller: 2019-05-24 - 85c573157db1baae51178263fe3289c8329e6dc2
Kernel:    2019-05-24 - c50bbf615f2f0028ad1771506ef8807130ccc2ce
Compiler:  gcc-9.0.0-20181231
Attempt 1:
    No crashes found.
Attempt 2:
    No crashes found.
Attempt 3:
    No crashes found.
The bug was not found.

Failure: This bug cannot be found at the finding commit.
