KASAN: use-after-free Read in nf_hook_entries_grow,https://syzkaller.appspot.com/bug?id=c7c63c2548579c7e4718d2f8bc079a6e152e4ac8
Repository: linux
Arch: amd64
Finding: 2021-12-17 - 9eaa88c7036eda3f6c215f87ca693594cf90559b
Guilty:  2019-11-15 - ff4bf2f42a40e7dff28379f085b64df322c70b45
No Duplicates
Default Allocation.
VMs:4
CPUs:4
Procs:24
Max time:30
Max attempts:3
Testing the finding commit.

2023-03-23 12:11:47
Session:   1
Template:  2021-12-16 - 44068e196185e2f5a7c94629b6245cdde008b140
Syzkaller: 2021-12-16 - 44068e196185e2f5a7c94629b6245cdde008b140
Kernel:    2021-12-18 - 9eaa88c7036eda3f6c215f87ca693594cf90559b
Compiler:  gcc-10.2.1-20210110
Attempt 1:
    Time  Bug Name
***    2  KASAN: use-after-free Read in nf_hook_entries_grow
Attempt 2:
    Time  Bug Name
***    2  KASAN: use-after-free Read in nf_hook_entries_grow
Attempt 3:
    Time  Bug Name
***    2  KASAN: use-after-free Read in nf_hook_entries_grow
The bug was found.

New Max Time: 10.
Merge Commit: 2019-11-19 - 99638e9d6c854c8b8da6beb06113b4c811c693fd.

==== Template Retrospection ====
43 template changes in [2019-11-19, 2021-12-18].

2023-03-23 13:42:58
Session:   2
Template:  2020-02-18 - b97f1e694a1c096eac2f48c6e3ca47e8a3c4693c
Syzkaller: 2020-02-18 - b97f1e694a1c096eac2f48c6e3ca47e8a3c4693c
Kernel:    2020-02-18 - 0a44cac8105059eb756ed4276e932e54e1ba004d
Compiler:  gcc-9.0.0-20181231
Attempt 1:
    No crashes found.
Attempt 2:
    No crashes found.
Attempt 3:
    No crashes found.
The bug was not found.

2023-03-23 14:44:02
Session:   3
Template:  2020-09-22 - 2450c42f1be626b601353c1e039f8fcbadfaffb1
Syzkaller: 2020-09-22 - 2450c42f1be626b601353c1e039f8fcbadfaffb1
Kernel:    2020-09-22 - 805c6d3c19210c90c109107d189744e960eae025
Compiler:  gcc-10.1.0-syz
Attempt 1:
    No crashes found.
Attempt 2:
    No crashes found.
Attempt 3:
    No crashes found.
The bug was not found.

2023-03-23 15:46:09
Session:   4
Template:  2021-10-13 - 169113bb626eb213f34ad27dcc5988928998cbf4
Syzkaller: 2021-10-13 - 169113bb626eb213f34ad27dcc5988928998cbf4
Kernel:    2021-10-13 - 348949d9a4440abdab3b1dc99a9bb660e8c7da7c
Compiler:  gcc-10.2.1-20210110
Attempt 1:
    Time  Bug Name
***    2  KASAN: use-after-free Read in nf_hook_entries_grow
The bug was found.

2023-03-23 16:22:55
Session:   5
Template:  2021-04-22 - 33c28d0389a6b0dd17a5de7c093a011cdadb33b1
Syzkaller: 2021-04-22 - 33c28d0389a6b0dd17a5de7c093a011cdadb33b1
Kernel:    2021-04-22 - 18a3c5f7abfdf97f88536d35338ebbee119c355c
Compiler:  gcc-10.2.1-20210110
Attempt 1:
    Time  Bug Name
***    2  KASAN: use-after-free Read in nf_hook_entries_grow
The bug was found.

2023-03-23 16:53:57
Session:   6
Template:  2021-04-13 - 8ba8079b119fc956671eed6c7e8cb6efd355ae61
Syzkaller: 2021-04-13 - 8ba8079b119fc956671eed6c7e8cb6efd355ae61
Kernel:    2021-04-13 - eebe426d32e1a10ac7c35f8ffab5f818c32a2454
Compiler:  gcc-10.2.1-20210110
Attempt 1:
    Time  Bug Name
***    2  KASAN: use-after-free Read in nf_hook_entries_grow
The bug was found.

2023-03-23 17:28:27
Session:   7
Template:  2021-03-02 - e1b9a5704d15b1f26f7cae9142c34544768175b2
Syzkaller: 2021-03-02 - e1b9a5704d15b1f26f7cae9142c34544768175b2
Kernel:    2021-03-01 - 7a7fd0de4a9804299793e564a555a49c1fc924cb
Compiler:  gcc-10.2.1-20210110
Warning: Syzkaller log file exceeded 5000 lines.
Saved at /mnt/sda/author/SyzInspector/wd-inspector-1/log/bug51-boot_failure.log.
Attempt 1:
    Time  Bug Name
       2  boot failure
Warning: Syzkaller log file exceeded 5000 lines.
Saved at /mnt/sda/author/SyzInspector/wd-inspector-1/log/bug51-boot_failure.log.
Attempt 2:
    Time  Bug Name
       1  boot failure
Warning: Syzkaller log file exceeded 5000 lines.
Saved at /mnt/sda/author/SyzInspector/wd-inspector-1/log/bug51-boot_failure.log.
Attempt 3:
    Time  Bug Name
       1  boot failure
Warning: Syzkaller log file exceeded 5000 lines.
Saved at /mnt/sda/author/SyzInspector/wd-inspector-1/log/bug51-boot_failure.log.
Attempt 4: (RETRY)
    Time  Bug Name
       2  boot failure
Warning: Syzkaller log file exceeded 5000 lines.
Saved at /mnt/sda/author/SyzInspector/wd-inspector-1/log/bug51-boot_failure.log.
Attempt 5: (RETRY)
    Time  Bug Name
       1  boot failure
Warning: Syzkaller log file exceeded 5000 lines.
Saved at /mnt/sda/author/SyzInspector/wd-inspector-1/log/bug51-boot_failure.log.
Attempt 6: (RETRY)
    Time  Bug Name
       1  boot failure
The bug was not found.
Warning: This session is unstable.

2023-03-23 18:15:53
Session:   8
Template:  2021-03-02 - e1b9a5704d15b1f26f7cae9142c34544768175b2
Syzkaller: 2021-04-13 - 8ba8079b119fc956671eed6c7e8cb6efd355ae61
Kernel:    2021-04-13 - eebe426d32e1a10ac7c35f8ffab5f818c32a2454
Compiler:  gcc-10.2.1-20210110
Attempt 1:
    Time  Bug Name
***    2  KASAN: use-after-free Read in nf_hook_entries_grow
The bug was found.

==== Kernel Retrospection ====
209 Linux commits in [2021-03-01, 2021-04-13].

2023-03-23 18:54:44
Session:   9
Template:  2021-03-21 - bea32f747c3e7858820d1cafae94363136494809
Syzkaller: 2021-03-21 - bea32f747c3e7858820d1cafae94363136494809
Kernel:    2021-03-21 - d7f5f1bd3c240c4d527c0871a38dc3d61255ea9e
Compiler:  gcc-10.2.1-20210110
Attempt 1:
    Time  Bug Name
***    2  KASAN: use-after-free Read in nf_hook_entries_grow
The bug was found.

2023-03-23 19:28:47
Session:   10
Template:  2021-03-13 - 4a003785c5484e99127a20e069a5edddcb8c24d5
Syzkaller: 2021-03-13 - 4a003785c5484e99127a20e069a5edddcb8c24d5
Kernel:    2021-03-13 - e83bad7f77a4348277c3ebe9bea4a5b0cd6dfcb5
Compiler:  gcc-10.2.1-20210110
Warning: Syzkaller log file exceeded 5000 lines.
Saved at /mnt/sda/author/SyzInspector/wd-inspector-1/log/bug51-boot_failure.log.
Attempt 1:
    Time  Bug Name
       1  boot failure
Warning: Syzkaller log file exceeded 5000 lines.
Saved at /mnt/sda/author/SyzInspector/wd-inspector-1/log/bug51-boot_failure.log.
Attempt 2:
    Time  Bug Name
       1  boot failure
Warning: Syzkaller log file exceeded 5000 lines.
Saved at /mnt/sda/author/SyzInspector/wd-inspector-1/log/bug51-boot_failure.log.
Attempt 3:
    Time  Bug Name
       2  boot failure
Warning: Syzkaller log file exceeded 5000 lines.
Saved at /mnt/sda/author/SyzInspector/wd-inspector-1/log/bug51-boot_failure.log.
Attempt 4: (RETRY)
    Time  Bug Name
       1  boot failure
Warning: Syzkaller log file exceeded 5000 lines.
Saved at /mnt/sda/author/SyzInspector/wd-inspector-1/log/bug51-boot_failure.log.
Attempt 5: (RETRY)
    Time  Bug Name
       1  boot failure
Warning: Syzkaller log file exceeded 5000 lines.
Saved at /mnt/sda/author/SyzInspector/wd-inspector-1/log/bug51-boot_failure.log.
Attempt 6: (RETRY)
    Time  Bug Name
       2  boot failure
The bug was not found.
Warning: This session is unstable.

2023-03-23 20:21:11
Session:   11
Template:  2021-03-11 - 429d8a6becba0a60e99331e293e6117597e9e530
Syzkaller: 2021-03-11 - 429d8a6becba0a60e99331e293e6117597e9e530
Kernel:    2021-03-12 - 17f8fc198a6fc64cee2b1e126398d0c41823f5a3
Compiler:  gcc-10.2.1-20210110
Warning: Syzkaller log file exceeded 5000 lines.
Saved at /mnt/sda/author/SyzInspector/wd-inspector-1/log/bug51-boot_failure.log.
Attempt 1:
    Time  Bug Name
       2  boot failure
Warning: Syzkaller log file exceeded 5000 lines.
Saved at /mnt/sda/author/SyzInspector/wd-inspector-1/log/bug51-boot_failure.log.
Attempt 2:
    Time  Bug Name
       2  boot failure
Warning: Syzkaller log file exceeded 5000 lines.
Saved at /mnt/sda/author/SyzInspector/wd-inspector-1/log/bug51-boot_failure.log.
Attempt 3:
    Time  Bug Name
       2  boot failure
Warning: Syzkaller log file exceeded 5000 lines.
Saved at /mnt/sda/author/SyzInspector/wd-inspector-1/log/bug51-boot_failure.log.
Attempt 4: (RETRY)
    Time  Bug Name
       2  boot failure
Warning: Syzkaller log file exceeded 5000 lines.
Saved at /mnt/sda/author/SyzInspector/wd-inspector-1/log/bug51-boot_failure.log.
Attempt 5: (RETRY)
    Time  Bug Name
       2  boot failure
Warning: Syzkaller log file exceeded 5000 lines.
Saved at /mnt/sda/author/SyzInspector/wd-inspector-1/log/bug51-boot_failure.log.
Attempt 6: (RETRY)
    Time  Bug Name
       2  boot failure
The bug was not found.
Warning: This session is unstable.

2023-03-23 21:04:56
Session:   12
Template:  2021-03-07 - 09fbf400324c9aea14031e516d36e905b629b639
Syzkaller: 2021-03-07 - 09fbf400324c9aea14031e516d36e905b629b639
Kernel:    2021-03-07 - 144c79ef33536b4ecb4951e07dbc1f2b7fa99d32
Compiler:  gcc-10.2.1-20210110
Warning: Syzkaller log file exceeded 5000 lines.
Saved at /mnt/sda/author/SyzInspector/wd-inspector-1/log/bug51-boot_failure.log.
Attempt 1:
    Time  Bug Name
       1  boot failure
Warning: Syzkaller log file exceeded 5000 lines.
Saved at /mnt/sda/author/SyzInspector/wd-inspector-1/log/bug51-boot_failure.log.
Attempt 2:
    Time  Bug Name
       2  boot failure
Warning: Syzkaller log file exceeded 5000 lines.
Saved at /mnt/sda/author/SyzInspector/wd-inspector-1/log/bug51-boot_failure.log.
Attempt 3:
    Time  Bug Name
       1  boot failure
Warning: Syzkaller log file exceeded 5000 lines.
Saved at /mnt/sda/author/SyzInspector/wd-inspector-1/log/bug51-boot_failure.log.
Attempt 4: (RETRY)
    Time  Bug Name
       2  WARNING in kvm_wait
       2  boot failure
Warning: Syzkaller log file exceeded 5000 lines.
Saved at /mnt/sda/author/SyzInspector/wd-inspector-1/log/bug51-boot_failure.log.
Attempt 5: (RETRY)
    Time  Bug Name
       2  boot failure
Warning: Syzkaller log file exceeded 5000 lines.
Saved at /mnt/sda/author/SyzInspector/wd-inspector-1/log/bug51-boot_failure.log.
Attempt 6: (RETRY)
    Time  Bug Name
       2  boot failure
The bug was not found.
Warning: This session is unstable.

2023-03-23 21:44:35
Session:   13
Template:  2021-03-05 - e4b4d570a88c0d2e0420c6e21fc20d90564636b1
Syzkaller: 2021-03-05 - e4b4d570a88c0d2e0420c6e21fc20d90564636b1
Kernel:    2021-03-05 - fc2c8d0af05af4c380824e40ff99ede398913ae5
Compiler:  gcc-10.2.1-20210110
Warning: Syzkaller log file exceeded 5000 lines.
Saved at /mnt/sda/author/SyzInspector/wd-inspector-1/log/bug51-boot_failure.log.
Attempt 1:
    Time  Bug Name
       2  boot failure
Warning: Syzkaller log file exceeded 5000 lines.
Saved at /mnt/sda/author/SyzInspector/wd-inspector-1/log/bug51-boot_failure.log.
Attempt 2:
    Time  Bug Name
       2  boot failure
Warning: Syzkaller log file exceeded 5000 lines.
Saved at /mnt/sda/author/SyzInspector/wd-inspector-1/log/bug51-boot_failure.log.
Attempt 3:
    Time  Bug Name
       2  boot failure
Warning: Syzkaller log file exceeded 5000 lines.
Saved at /mnt/sda/author/SyzInspector/wd-inspector-1/log/bug51-boot_failure.log.
Attempt 4: (RETRY)
    Time  Bug Name
       2  boot failure
Warning: Syzkaller log file exceeded 5000 lines.
Saved at /mnt/sda/author/SyzInspector/wd-inspector-1/log/bug51-boot_failure.log.
Attempt 5: (RETRY)
    Time  Bug Name
       1  boot failure
Warning: Syzkaller log file exceeded 5000 lines.
Saved at /mnt/sda/author/SyzInspector/wd-inspector-1/log/bug51-boot_failure.log.
Attempt 6: (RETRY)
    Time  Bug Name
       2  boot failure
The bug was not found.
Warning: This session is unstable.

2023-03-23 22:30:47
Session:   14
Template:  2021-03-14 - cc1cff8f1e1a585894796d6eae8c51eef98037e6
Syzkaller: 2021-03-14 - cc1cff8f1e1a585894796d6eae8c51eef98037e6
Kernel:    2021-03-14 - 19469d2adab9a94e3c1713b7a12a67f9c59c1161
Compiler:  gcc-10.2.1-20210110
Warning: Syzkaller log file exceeded 5000 lines.
Saved at /mnt/sda/author/SyzInspector/wd-inspector-1/log/bug51-boot_failure.log.
Attempt 1:
    Time  Bug Name
       2  boot failure
Warning: Syzkaller log file exceeded 5000 lines.
Saved at /mnt/sda/author/SyzInspector/wd-inspector-1/log/bug51-boot_failure.log.
Attempt 2:
    Time  Bug Name
       2  boot failure
Warning: Syzkaller log file exceeded 5000 lines.
Saved at /mnt/sda/author/SyzInspector/wd-inspector-1/log/bug51-boot_failure.log.
Attempt 3:
    Time  Bug Name
       2  boot failure
Warning: Syzkaller log file exceeded 5000 lines.
Saved at /mnt/sda/author/SyzInspector/wd-inspector-1/log/bug51-boot_failure.log.
Attempt 4: (RETRY)
    Time  Bug Name
       2  boot failure
Warning: Syzkaller log file exceeded 5000 lines.
Saved at /mnt/sda/author/SyzInspector/wd-inspector-1/log/bug51-boot_failure.log.
Attempt 5: (RETRY)
    Time  Bug Name
       2  boot failure
Warning: Syzkaller log file exceeded 5000 lines.
Saved at /mnt/sda/author/SyzInspector/wd-inspector-1/log/bug51-boot_failure.log.
Attempt 6: (RETRY)
    Time  Bug Name
       1  boot failure
The bug was not found.
Warning: This session is unstable.

2023-03-23 23:21:54
Session:   15
Template:  2021-03-18 - 380dcc3e77597144cbaa24d86cc1cc0cc4e90cf1
Syzkaller: 2021-03-18 - 380dcc3e77597144cbaa24d86cc1cc0cc4e90cf1
Kernel:    2021-03-18 - bf152b0b41dc141c8d32eb6e974408f5804f4d00
Compiler:  gcc-10.2.1-20210110
Attempt 1:
    No crashes found.
Attempt 2:
    No crashes found.
Attempt 3:
    No crashes found.
The bug was not found.

2023-03-24 00:35:24
Session:   16
Template:  2021-03-20 - 17810eaefa3a6802fa401bda89898b763680d1e4
Syzkaller: 2021-03-20 - 17810eaefa3a6802fa401bda89898b763680d1e4
Kernel:    2021-03-20 - 1c273e10bc0cc7efb933e0ca10e260cdfc9f0b8c
Compiler:  gcc-10.2.1-20210110
Attempt 1:
    Time  Bug Name
***    2  KASAN: use-after-free Read in nf_hook_entries_grow
The bug was found.

2023-03-24 01:10:10
Session:   17
Template:  2021-03-19 - 3d01c4de549b4e4bddba6102715c212bbcff2fbb
Syzkaller: 2021-03-19 - 3d01c4de549b4e4bddba6102715c212bbcff2fbb
Kernel:    2021-03-19 - ec85720933863015b1c26bc19cf4e044da139bc5
Compiler:  gcc-10.2.1-20210110
Attempt 1:
    No crashes found.
Attempt 2:
    Time  Bug Name
       2  WARNING in kvm_wait
       2  WARNING in kvm_wait
Attempt 3:
    No crashes found.
The bug was not found.

2023-03-24 02:15:50
Session:   18
Template:  2021-03-19 - 3d01c4de549b4e4bddba6102715c212bbcff2fbb
Syzkaller: 2021-03-19 - 3d01c4de549b4e4bddba6102715c212bbcff2fbb
Kernel:    2021-03-19 - ecd8ee7f9c1af253738ca4321509ddee727d468d
Compiler:  gcc-10.2.1-20210110
Attempt 1:
    Time  Bug Name
***    2  KASAN: use-after-free Read in nf_hook_entries_grow
The bug was found.

2023-03-24 03:08:34
Session:   19
Template:  2021-03-19 - 3d01c4de549b4e4bddba6102715c212bbcff2fbb
Syzkaller: 2021-03-19 - 3d01c4de549b4e4bddba6102715c212bbcff2fbb
Kernel:    2021-03-19 - 6bfea141b3d26898705704efd18401d91afcbb0a
Compiler:  gcc-10.2.1-20210110
Attempt 1:
    No crashes found.
Attempt 2:
    No crashes found.
Attempt 3:
    No crashes found.
The bug was not found.

2023-03-24 04:20:02
Session:   20
Template:  2021-03-19 - 3d01c4de549b4e4bddba6102715c212bbcff2fbb
Syzkaller: 2021-03-19 - 3d01c4de549b4e4bddba6102715c212bbcff2fbb
Kernel:    2021-03-19 - 3149860dc717e8dd339d89d17ebe615cb09e158b
Compiler:  gcc-10.2.1-20210110
Attempt 1:
    No crashes found.
Attempt 2:
    No crashes found.
Attempt 3:
    No crashes found.
The bug was not found.

== Confirming the bisected commit ==

2023-03-24 05:22:56
Session:   21
Template:  2021-03-19 - 3d01c4de549b4e4bddba6102715c212bbcff2fbb
Syzkaller: 2021-03-19 - 3d01c4de549b4e4bddba6102715c212bbcff2fbb
Kernel:    2021-03-19 - ecd8ee7f9c1af253738ca4321509ddee727d468d
The bug was found in a previous identical fuzzing session.

2023-03-24 05:22:56
Session:   22
Template:  2021-03-19 - 3d01c4de549b4e4bddba6102715c212bbcff2fbb
Syzkaller: 2021-03-19 - 3d01c4de549b4e4bddba6102715c212bbcff2fbb
Kernel:    2021-03-19 - 3149860dc717e8dd339d89d17ebe615cb09e158b
The bug was not found in a previous identical fuzzing session.

====================================================================================================================================================
Revealing Factor:   Kernel Commit
Version:            2021-03-19 - ecd8ee7f9c1af253738ca4321509ddee727d468d
Commit Name:        Merge tag 'for-linus' of git://git.kernel.org/pub/scm/virt/kvm/kvm

Bug Name:           KASAN: use-after-free Read in nf_hook_entries_grow
Bug Link:           https://syzkaller.appspot.com/bug?id=c7c63c2548579c7e4718d2f8bc079a6e152e4ac8
Arch:               amd64
Finding Date:       2021-12-18
Finding Commit:     2021-12-18 - 9eaa88c7036eda3f6c215f87ca693594cf90559b
Guilty Merge:       2019-11-19 - 99638e9d6c854c8b8da6beb06113b4c811c693fd
Guilty Commit:      2019-11-15 - ff4bf2f42a40e7dff28379f085b64df322c70b45

Possible Blocking Bugs:
