memory leak in ip6_mc_add_src,https://syzkaller.appspot.com/bug?id=c98263b23588b6329c0f2caac14027bb07776ad1
Repository: linux
Arch: amd64
Finding: 2019-08-25 - a55aa89aab90fae7c815b0551b07be37db359d76
Guilty:  2017-01-16 - 1666d49e1d416fcc2cce708242a52fe3317ea8ba
No Duplicates
Multi-Proc Allocation.
VMs:4
CPUs:4
Procs:24
Max time:30
Max attempts:5
Testing the finding commit.

2023-05-08 16:05:49
Session:   1
Template:  2019-08-27 - fd37b39ea8db38458059092f5f94b582392e8922
Syzkaller: 2019-08-27 - fd37b39ea8db38458059092f5f94b582392e8922
Kernel:    2019-08-25 - a55aa89aab90fae7c815b0551b07be37db359d76
Compiler:  gcc-9.0.0-20181231
Attempt 1:
    Time  Bug Name
      16  no output from test machine
      16  no output from test machine
      17  no output from test machine
      17  no output from test machine
      22  no output from test machine
      22  no output from test machine
      24  no output from test machine
      27  no output from test machine
      28  no output from test machine
      29  no output from test machine
Attempt 2:
    Time  Bug Name
      15  no output from test machine
      17  no output from test machine
      19  no output from test machine
      20  no output from test machine
      24  no output from test machine
      25  no output from test machine
      26  no output from test machine
      27  no output from test machine
Attempt 3:
    Time  Bug Name
      15  no output from test machine
      15  no output from test machine
      18  no output from test machine
      18  no output from test machine
      22  no output from test machine
      25  no output from test machine
      25  no output from test machine
      26  no output from test machine
      28  no output from test machine
