WARNING in format_decode,https://syzkaller.appspot.com/bug?id=cb04749ba5c9d6a347380b5b79de8fc5cfe47c24
Repository: linux
Arch: amd64
Finding: 2018-11-09 - aa4330e15c26c5ef8dd184f515c0655db8c6df3a
Guilty:  2015-04-02 - 9c959c863f8217a2ff3d7c296e8223654d240569
No Duplicates
Single Proc Allocation
VMs:8
CPUs:2
Procs:16
Max time:30
Max attempts:3
Testing the finding commit.

2023-03-17 12:18:00
Session:   1
Template:  2018-11-10 - f3c4e6185953baea53d5651b84bd5897c02627f4
Syzkaller: 2018-11-10 - f3c4e6185953baea53d5651b84bd5897c02627f4
Kernel:    2018-11-09 - aa4330e15c26c5ef8dd184f515c0655db8c6df3a
Compiler:  gcc-8.0.1-20180412
Attempt 1:
    Time  Bug Name
***    2  WARNING in format_decode
Attempt 2:
    Time  Bug Name
***    2  WARNING in format_decode
Attempt 3:
    Time  Bug Name
***    2  WARNING in format_decode
The bug was found.

New Max Time: 10.
Merge Commit: 2015-04-14 - 6c8a53c9e6a151fffb07f8b4c34bd1e33dddd467.

==== Template Inspection ====
23 template changes in [2017-07-22, 2018-11-10].

2023-03-17 13:22:48
Session:   2
Template:  2018-02-26 - b37b65b0e69a4d22551aa6a207856ad7b3801e69
Syzkaller: 2018-02-26 - b37b65b0e69a4d22551aa6a207856ad7b3801e69
Kernel:    2018-02-26 - 6f70eb2b00eb416146247c65003d31f4df983ce0
Compiler:  gcc-8.0.1-20180301
Attempt 1:
    No crashes found.
Attempt 2:
    No crashes found.
Attempt 3:
    No crashes found.
The bug was not found.

2023-03-17 15:04:50
Session:   3
Template:  2018-05-18 - d302e8164182e77b558e471c712839fda3ed7779
Syzkaller: 2018-05-18 - d302e8164182e77b558e471c712839fda3ed7779
Kernel:    2018-05-18 - 2c71d338bef2cc8a2e5f8ebe70788eeff246fcd8
Compiler:  gcc-8.0.1-20180412
Attempt 1:
    No crashes found.
Attempt 2:
    No crashes found.
Attempt 3:
    No crashes found.
The bug was not found.

2023-03-17 16:28:58
Session:   4
Template:  2018-07-09 - 59da9e439317c83d5374d06832060fbd66efbbbc
Syzkaller: 2018-07-09 - 59da9e439317c83d5374d06832060fbd66efbbbc
Kernel:    2018-07-09 - bdf33113d89f70186ffb6674e925fa9b8a0266b1
Compiler:  gcc-8.0.1-20180412
Attempt 1:
    Time  Bug Name
***    2  WARNING in format_decode
The bug was found.

2023-03-17 16:59:35
Session:   5
Template:  2018-06-18 - 920b18be87d248413f549d978d7dd68495a6ea7c
Syzkaller: 2018-06-18 - 920b18be87d248413f549d978d7dd68495a6ea7c
Kernel:    2018-06-18 - ba4dbdedd3edc2798659bcd8b1a184ea8bdd04dc
Compiler:  gcc-8.0.1-20180412
Attempt 1:
    No crashes found.
Attempt 2:
    No crashes found.
Attempt 3:
    No crashes found.
The bug was not found.

2023-03-17 18:45:33
Session:   6
Template:  2018-06-18 - 920b18be87d248413f549d978d7dd68495a6ea7c
Syzkaller: 2018-07-09 - 59da9e439317c83d5374d06832060fbd66efbbbc
Kernel:    2018-07-09 - bdf33113d89f70186ffb6674e925fa9b8a0266b1
Compiler:  gcc-8.0.1-20180412
Attempt 1:
    Time  Bug Name
***    2  WARNING in format_decode
The bug was found.

==== Kernel Inspection ====
116 Linux commits in [2018-06-18, 2018-07-09].

2023-03-17 19:21:45
Session:   7
Template:  2018-06-29 - 5739f7bef21ce8e3cee6b67f3cde2b37cb9891d4
Syzkaller: 2018-06-29 - 5739f7bef21ce8e3cee6b67f3cde2b37cb9891d4
Kernel:    2018-06-29 - ff23908bb78bbc0999ff35e6f319f1648c4ded93
Compiler:  gcc-8.0.1-20180412
Attempt 1:
    Time  Bug Name
***    2  WARNING in format_decode
The bug was found.

2023-03-17 20:03:07
Session:   8
Template:  2018-06-23 - 2064fc5c9114c170841328aaa4b124a4062becf6
Syzkaller: 2018-06-23 - 2064fc5c9114c170841328aaa4b124a4062becf6
Kernel:    2018-06-24 - 6242258b6b472f8fdd8ed9b735cc1190c185d16d
Compiler:  gcc-8.0.1-20180412
Attempt 1:
    Time  Bug Name
***    2  WARNING in format_decode
The bug was found.

2023-03-17 20:37:33
Session:   9
Template:  2018-06-19 - 095ef80678981c78c6726af6a3a50a7c8f667d52
Syzkaller: 2018-06-19 - 095ef80678981c78c6726af6a3a50a7c8f667d52
Kernel:    2018-06-21 - 303f311eb47bd7b320246f19c66e8b4af0550e0b
Compiler:  gcc-8.0.1-20180412
Attempt 1:
    No crashes found.
Attempt 2:
    No crashes found.
Attempt 3:
    No crashes found.
The bug was not found.

2023-03-17 22:14:15
Session:   10
Template:  2018-06-23 - 2064fc5c9114c170841328aaa4b124a4062becf6
Syzkaller: 2018-06-23 - 2064fc5c9114c170841328aaa4b124a4062becf6
Kernel:    2018-06-23 - 5e2204832b20ef9db859dd6a2e955ac3e33eef27
Compiler:  gcc-8.0.1-20180412
Attempt 1:
    Time  Bug Name
***    2  WARNING in format_decode
The bug was found.

2023-03-17 22:51:06
Session:   11
Template:  2018-06-22 - 89d2e600233c301002ab9c6a9f7db9f4fd2071f6
Syzkaller: 2018-06-22 - 89d2e600233c301002ab9c6a9f7db9f4fd2071f6
Kernel:    2018-06-22 - 894b8c000ae6c106cc434ee0000dfb77df8bd9db
Compiler:  gcc-8.0.1-20180412
Attempt 1:
    Time  Bug Name
***    2  WARNING in format_decode
The bug was found.

2023-03-17 23:26:31
Session:   12
Template:  2018-06-19 - 095ef80678981c78c6726af6a3a50a7c8f667d52
Syzkaller: 2018-06-19 - 095ef80678981c78c6726af6a3a50a7c8f667d52
Kernel:    2018-06-21 - 27db64f65f1be2f2ee741a1bf20d8d13d62c167f
Compiler:  gcc-8.0.1-20180412
Attempt 1:
    No crashes found.
Attempt 2:
    No crashes found.
Attempt 3:
    No crashes found.
The bug was not found.

2023-03-18 01:20:01
Session:   13
Template:  2018-06-22 - 89d2e600233c301002ab9c6a9f7db9f4fd2071f6
Syzkaller: 2018-06-22 - 89d2e600233c301002ab9c6a9f7db9f4fd2071f6
Kernel:    2018-06-22 - 1cfea546b10c8fec218973c3f3c39ff797a3e50c
Compiler:  gcc-8.0.1-20180412
Attempt 1:
    Time  Bug Name
***    2  WARNING in format_decode
The bug was found.

== Confirming the bisected commit ==

2023-03-18 01:50:10
Session:   14
Template:  2018-06-22 - 89d2e600233c301002ab9c6a9f7db9f4fd2071f6
Syzkaller: 2018-06-22 - 89d2e600233c301002ab9c6a9f7db9f4fd2071f6
Kernel:    2018-06-22 - 1cfea546b10c8fec218973c3f3c39ff797a3e50c
The bug was found in a previous identical fuzzing session.

2023-03-18 01:50:10
Session:   15
Template:  2018-06-22 - 89d2e600233c301002ab9c6a9f7db9f4fd2071f6
Syzkaller: 2018-06-22 - 89d2e600233c301002ab9c6a9f7db9f4fd2071f6
Kernel:    2018-06-21 - 27db64f65f1be2f2ee741a1bf20d8d13d62c167f
Compiler:  gcc-8.0.1-20180412
Attempt 1:
    Time  Bug Name
***    2  WARNING in format_decode
The bug was found.

==== Syzkaller Inspection ====
24 Syzkaller commits from [2018-06-22].

2023-03-18 03:01:45
Session:   16
Template:  2018-06-22 - 89d2e600233c301002ab9c6a9f7db9f4fd2071f6
Syzkaller: 2018-06-22 - 89d2e600233c301002ab9c6a9f7db9f4fd2071f6
Kernel:    2018-06-22 - 1cfea546b10c8fec218973c3f3c39ff797a3e50c
Compiler:  gcc-8.0.1-20180412
The bug was found in a previous identical fuzzing session.

2023-03-18 03:01:45
Session:   17
Template:  2018-06-22 - b9c7c31970e88d97e0d30554e778d35432d84d1d
Syzkaller: 2018-06-22 - b9c7c31970e88d97e0d30554e778d35432d84d1d
Kernel:    2018-06-22 - 1cfea546b10c8fec218973c3f3c39ff797a3e50c
Compiler:  gcc-8.0.1-20180412
Attempt 1:
    Time  Bug Name
       7  no output from test machine
      12  no output from test machine
      14  no output from test machine
      14  no output from test machine
      14  WARNING in smc_unhash_sk
      17  WARNING in smc_unhash_sk
      18  WARNING in smc_unhash_sk
      21  no output from test machine
      22  no output from test machine
      25  WARNING in smc_unhash_sk
      25  WARNING in smc_unhash_sk
      28  no output from test machine
      29  no output from test machine
      30  no output from test machine
      32  WARNING in smc_unhash_sk
      34  no output from test machine
      36  no output from test machine
      36  WARNING in smc_unhash_sk
      37  WARNING in smc_unhash_sk
      38  no output from test machine
      38  no output from test machine
      41  no output from test machine
      41  WARNING in smc_unhash_sk
      43  no output from test machine
      46  WARNING in smc_unhash_sk
      47  no output from test machine
      47  no output from test machine
      47  WARNING in smc_unhash_sk
      48  no output from test machine
      49  WARNING in smc_unhash_sk
      50  no output from test machine
      50  WARNING in smc_unhash_sk
      51  no output from test machine
      52  no output from test machine
      52  WARNING in smc_unhash_sk
      52  WARNING in smc_unhash_sk
      53  WARNING in smc_unhash_sk
      54  no output from test machine
      56  no output from test machine
      56  WARNING in smc_unhash_sk
      56  WARNING in smc_unhash_sk
      57  WARNING in smc_unhash_sk
      58  no output from test machine
      58  no output from test machine
      58  WARNING in smc_unhash_sk
      59  no output from test machine
      60  no output from test machine
      60  WARNING in smc_unhash_sk
Attempt 2:
    Time  Bug Name
       7  no output from test machine
      11  no output from test machine
      12  WARNING in smc_unhash_sk
      13  WARNING in smc_unhash_sk
      14  no output from test machine
      18  no output from test machine
      18  no output from test machine
      19  lost connection to test machine
      20  WARNING in smc_unhash_sk
      22  no output from test machine
      24  no output from test machine
      25  WARNING in smc_unhash_sk
      29  no output from test machine
      29  no output from test machine
      34  no output from test machine
      37  WARNING in smc_unhash_sk
      40  WARNING in smc_unhash_sk
      41  no output from test machine
      42  no output from test machine
      42  WARNING in smc_unhash_sk
      43  WARNING in smc_unhash_sk
      45  WARNING in smc_unhash_sk
      46  no output from test machine
      47  no output from test machine
      47  WARNING in smc_unhash_sk
      48  WARNING in smc_unhash_sk
      50  no output from test machine
      51  no output from test machine
      54  no output from test machine
      54  WARNING in smc_unhash_sk
      55  no output from test machine
      57  WARNING in smc_unhash_sk
      58  no output from test machine
      59  WARNING in smc_unhash_sk
      60  WARNING in smc_unhash_sk
Attempt 3:
    Time  Bug Name
       6  INFO: task hung in __sb_start_write
       6  no output from test machine
       6  no output from test machine
      11  WARNING in smc_unhash_sk
      12  no output from test machine
      16  no output from test machine
      18  no output from test machine
      23  no output from test machine
      23  no output from test machine
      26  no output from test machine
      28  no output from test machine
      28  no output from test machine
      28  WARNING in smc_unhash_sk
      29  no output from test machine
      31  WARNING in smc_unhash_sk
      33  no output from test machine
      34  no output from test machine
      34  WARNING in smc_unhash_sk
      40  no output from test machine
      40  no output from test machine
      41  no output from test machine
      44  no output from test machine
      46  no output from test machine
      46  no output from test machine
      46  no output from test machine
      52  no output from test machine
      52  no output from test machine
      56  no output from test machine
Attempt 4: (RETRY)
    Time  Bug Name
       6  INFO: task hung in __sb_start_write
      11  INFO: task hung in __sb_start_write
      14  no output from test machine
      17  no output from test machine
      40  WARNING in smc_unhash_sk
      44  no output from test machine
      45  no output from test machine
      51  no output from test machine
      54  no output from test machine
      54  no output from test machine
      57  no output from test machine
      58  no output from test machine
      58  no output from test machine
      60  no output from test machine
The bug was not found.

====================================================================================================================================================
Revealing Factor:   Syzkaller Update
Version:            2018-06-22 - 89d2e600233c301002ab9c6a9f7db9f4fd2071f6
Commit Name:        vm/gvisor: fix empty runsc_args

Bug Name:           WARNING in format_decode
Bug Link:           https://syzkaller.appspot.com/bug?id=cb04749ba5c9d6a347380b5b79de8fc5cfe47c24
Arch:               amd64
Finding Date:       2018-11-10
Finding Commit:     2018-11-09 - aa4330e15c26c5ef8dd184f515c0655db8c6df3a
Guilty Merge:       2015-04-14 - 6c8a53c9e6a151fffb07f8b4c34bd1e33dddd467
Guilty Commit:      2015-04-02 - 9c959c863f8217a2ff3d7c296e8223654d240569

Possible Blocking Bugs:
    no output from test machine
    WARNING in smc_unhash_sk
