general protection fault in nft_tunnel_get_init,https://syzkaller.appspot.com/bug?id=3674e1e163310d45ad3b0371f90b06b56af44697
Repository: linux
Arch: amd64
Finding: 2020-01-15 - 51d69817519f5f00041a1a039277f0367d76c82c
Guilty:  2018-08-03 - aaecfdb5c5dd8bac2dfd112166844a9f2d5711f0
No Duplicates
Single Proc Allocation
VMs:8
CPUs:2
Procs:16
Max time:30
Max attempts:3
Testing the finding commit.

2023-03-24 17:13:17
Session:   1
Template:  2020-01-15 - f9b6950728295eb8f52b05a0d9e5dccd99f93eaa
Syzkaller: 2020-01-15 - f9b6950728295eb8f52b05a0d9e5dccd99f93eaa
Kernel:    2020-01-15 - 51d69817519f5f00041a1a039277f0367d76c82c
Compiler:  gcc-9.0.0-20181231
Attempt 1:
    Time  Bug Name
***    2  general protection fault in nft_tunnel_get_init
Attempt 2:
    Time  Bug Name
***    2  general protection fault in nft_tunnel_get_init
Attempt 3:
    Time  Bug Name
***    2  general protection fault in nft_tunnel_get_init
The bug was found.

New Max Time: 10.
Merge Commit: 2018-08-05 - 074fb8801667add0b63083af90a3af6edca9532c.

==== Template Inspection ====
21 template changes in [2018-08-05, 2020-01-15].

2023-03-24 18:14:26
Session:   2
Template:  2019-11-26 - bc992c0ee464a9136203433aa7d282255616ca6e
Syzkaller: 2019-11-26 - bc992c0ee464a9136203433aa7d282255616ca6e
Kernel:    2019-11-26 - 1ae78780eda54023a0fb49ee743dbba39da148e0
Compiler:  gcc-9.0.0-20181231
Attempt 1:
    No crashes found.
Attempt 2:
    No crashes found.
Attempt 3:
    No crashes found.
The bug was not found.

2023-03-24 19:17:54
Session:   3
Template:  2020-01-05 - d83499aa568e869fc4bea4e278a0f2229214b29d
Syzkaller: 2020-01-05 - d83499aa568e869fc4bea4e278a0f2229214b29d
Kernel:    2020-01-05 - c79f46a282390e0f5b306007bf7b11a46d529538
Compiler:  gcc-9.0.0-20181231
Attempt 1:
    No crashes found.
Attempt 2:
    No crashes found.
Attempt 3:
    No crashes found.
The bug was not found.

2023-03-24 20:22:52
Session:   4
Template:  2020-01-14 - 02b6b5430a9dce0f1fa9a6529dde38bf07d43ced
Syzkaller: 2020-01-14 - 02b6b5430a9dce0f1fa9a6529dde38bf07d43ced
Kernel:    2020-01-14 - 95e20af9fb9ce572129b930967dcb762a318c588
Compiler:  gcc-9.0.0-20181231
Attempt 1:
    No crashes found.
Attempt 2:
    No crashes found.
Attempt 3:
    No crashes found.
The bug was not found.

2023-03-24 21:28:58
Session:   5
Template:  2020-01-15 - b67897d4d1e0adbe963dd3bf9ed797586aa88fd1
Syzkaller: 2020-01-15 - b67897d4d1e0adbe963dd3bf9ed797586aa88fd1
Kernel:    2020-01-15 - 51d69817519f5f00041a1a039277f0367d76c82c
Compiler:  gcc-9.0.0-20181231
Attempt 1:
    Time  Bug Name
***    2  general protection fault in nft_tunnel_get_init
The bug was found.

2023-03-24 22:05:52
Session:   6
Template:  2020-01-14 - 02b6b5430a9dce0f1fa9a6529dde38bf07d43ced
Syzkaller: 2020-01-15 - b67897d4d1e0adbe963dd3bf9ed797586aa88fd1
Kernel:    2020-01-15 - 51d69817519f5f00041a1a039277f0367d76c82c
Attempt 1:
    No crashes found.
Attempt 2:
    No crashes found.
Attempt 3:
    No crashes found.
The bug was not found.

====================================================================================================================================================
Revealing Factor:   Template Update
Version:            2020-01-15 - b67897d4d1e0adbe963dd3bf9ed797586aa88fd1
Commit Name:        sys/linux: extend and improve NFNL_SUBSYS_NFTABLES descriptions

Bug Name:           general protection fault in nft_tunnel_get_init
Bug Link:           https://syzkaller.appspot.com/bug?id=3674e1e163310d45ad3b0371f90b06b56af44697
Arch:               amd64
Finding Date:       2020-01-15
Finding Commit:     2020-01-15 - 51d69817519f5f00041a1a039277f0367d76c82c
Guilty Merge:       2018-08-05 - 074fb8801667add0b63083af90a3af6edca9532c
Guilty Commit:      2018-08-03 - aaecfdb5c5dd8bac2dfd112166844a9f2d5711f0

Possible Blocking Bugs:
