KASAN: use-after-free Read in kfree_skb,https://syzkaller.appspot.com/bug?id=7d86f0b7824f2121c9393522a4d7b2e49c1befdc
Repository: linux
Arch: amd64
Finding: 2018-12-09 - 40e020c129cfc991e8ab4736d2665351ffd1468d
Guilty:  2016-08-26 - ef20cd4dd1633987bcf46ac34ace2c8af212361f
No Duplicates
Single Proc Allocation
VMs:8
CPUs:2
Procs:16
Max time:30
Max attempts:3
Testing the finding commit.

2023-03-16 14:19:50
Session:   1
Template:  2018-12-10 - 4093e33b1338f274ae0062f555de9d6af8640d61
Syzkaller: 2018-12-10 - 4093e33b1338f274ae0062f555de9d6af8640d61
Kernel:    2018-12-09 - 40e020c129cfc991e8ab4736d2665351ffd1468d
Compiler:  gcc-8.0.1-20180412
Attempt 1:
    Time  Bug Name
***    2  KASAN: use-after-free Read in kfree_skb
Attempt 2:
    Time  Bug Name
***    2  KASAN: use-after-free Read in kfree_skb
Attempt 3:
    Time  Bug Name
***    2  KASAN: use-after-free Read in kfree_skb
The bug was found.

New Max Time: 10.
Merge Commit: 2016-08-27 - 5b79135af3b884c597d9bf3df404a397b5579c63.

==== Template Inspection ====
26 template changes in [2017-07-22, 2018-12-10].

2023-03-16 15:08:03
Session:   2
Template:  2018-04-06 - 8e4c2e24cb05daf27a600b570d3a774083a1210b
Syzkaller: 2018-04-06 - 8e4c2e24cb05daf27a600b570d3a774083a1210b
Kernel:    2018-04-06 - 9eda2d2dca830f0f8923b1f377d0fb70f576af1d
Compiler:  gcc-8.0.1-20180301
Attempt 1:
    No crashes found.
Attempt 2:
    No crashes found.
Attempt 3:
    No crashes found.
The bug was not found.

2023-03-16 16:49:35
Session:   3
Template:  2018-07-06 - 9636bc933e06475902e46750d5f5198fb9c2ff7a
Syzkaller: 2018-07-06 - 9636bc933e06475902e46750d5f5198fb9c2ff7a
Kernel:    2018-07-06 - c2b58149d21f619e34ed047ac27eaf280db692da
Compiler:  gcc-8.0.1-20180412
Attempt 1:
    Time  Bug Name
      10  INFO: task hung in __sb_start_write
Attempt 2:
    Time  Bug Name
       6  INFO: task hung in __sb_start_write
       8  INFO: task hung in __sb_start_write
Attempt 3:
    Time  Bug Name
       3  lost connection to test machine
       5  WARNING in smc_unhash_sk
Attempt 4: (RETRY)
    No crashes found.
The bug was not found.

2023-03-16 18:07:08
Session:   4
Template:  2018-11-30 - bc6b598a2d3a6dd82a5066d1c9ac742787ac667b
Syzkaller: 2018-11-30 - bc6b598a2d3a6dd82a5066d1c9ac742787ac667b
Kernel:    2018-11-30 - 38c7b224ce22c25fed04007839edf974bd13439d
Compiler:  gcc-8.0.1-20180412
Attempt 1:
    No crashes found.
Attempt 2:
    No crashes found.
Attempt 3:
    No crashes found.
The bug was not found.

2023-03-16 19:01:41
Session:   5
Template:  2018-12-10 - 083e78159dfe39202cfd867a558a1ec6487ec476
Syzkaller: 2018-12-10 - 083e78159dfe39202cfd867a558a1ec6487ec476
Kernel:    2018-12-09 - 40e020c129cfc991e8ab4736d2665351ffd1468d
Compiler:  gcc-8.0.1-20180412
Attempt 1:
    Time  Bug Name
***    2  KASAN: use-after-free Read in kfree_skb
The bug was found.

2023-03-16 19:38:28
Session:   6
Template:  2018-12-09 - 82f11ef0c50d938173b46e102df1eeef3bce46ae
Syzkaller: 2018-12-09 - 82f11ef0c50d938173b46e102df1eeef3bce46ae
Kernel:    2018-12-09 - 40e020c129cfc991e8ab4736d2665351ffd1468d
Compiler:  gcc-8.0.1-20180412
Attempt 1:
    Time  Bug Name
***    2  KASAN: use-after-free Read in kfree_skb
The bug was found.

2023-03-16 20:09:04
Session:   7
Template:  2018-11-30 - bc6b598a2d3a6dd82a5066d1c9ac742787ac667b
Syzkaller: 2018-12-09 - 82f11ef0c50d938173b46e102df1eeef3bce46ae
Kernel:    2018-12-09 - 40e020c129cfc991e8ab4736d2665351ffd1468d
Attempt 1:
    No crashes found.
Attempt 2:
    No crashes found.
Attempt 3:
    No crashes found.
The bug was not found.

====================================================================================================================================================
Revealing Factor:   Template Update
Version:            2018-12-09 - 82f11ef0c50d938173b46e102df1eeef3bce46ae
Commit Name:        sys/linux: add AF_TIPC netlink interface and packet formats

Bug Name:           KASAN: use-after-free Read in kfree_skb
Bug Link:           https://syzkaller.appspot.com/bug?id=7d86f0b7824f2121c9393522a4d7b2e49c1befdc
Arch:               amd64
Finding Date:       2018-12-10
Finding Commit:     2018-12-09 - 40e020c129cfc991e8ab4736d2665351ffd1468d
Guilty Merge:       2016-08-27 - 5b79135af3b884c597d9bf3df404a397b5579c63
Guilty Commit:      2016-08-26 - ef20cd4dd1633987bcf46ac34ace2c8af212361f

Possible Blocking Bugs:
