WARNING: ODEBUG bug in qdisc_create,https://syzkaller.appspot.com/bug?id=e3cd8df8330f976efd72c1a562e96c44a1f2431f
Repository: linux
Arch: amd64
Finding: 2021-09-20 - e8f71f89236ef82d449991bfbc237e3cb6ea584f
Guilty:  2020-12-17 - 44d4775ca51805b376a8db5b34f650434a08e556
No Duplicates
Single Proc Allocation
VMs:8
CPUs:2
Procs:16
Max time:30
Max attempts:3
Testing the finding commit.

2023-05-18 08:35:55
Session:   1
Template:  2021-09-21 - 169724fe58e8d7d0b4be6f59ca7c1e0f300399e1
Syzkaller: 2021-09-21 - 169724fe58e8d7d0b4be6f59ca7c1e0f300399e1
Kernel:    2021-09-20 - e8f71f89236ef82d449991bfbc237e3cb6ea584f
Compiler:  gcc-10.2.1-20210110
Attempt 1:
    Time  Bug Name
***    3  WARNING: ODEBUG bug in qdisc_create
Attempt 2:
    Time  Bug Name
***    3  WARNING: ODEBUG bug in qdisc_create
Attempt 3:
    Time  Bug Name
***    3  WARNING: ODEBUG bug in qdisc_create
The bug was found.

New Max Time: 10.
Merge Commit: 2020-12-17 - d64c6f96ba86bd8b97ed8d6762a8c8cc1770d214.

==== Template Retrospection ====
5 template changes in [2020-12-17, 2021-09-21].

2023-05-18 10:04:55
Session:   2
Template:  2021-04-13 - 8ba8079b119fc956671eed6c7e8cb6efd355ae61
Syzkaller: 2021-04-13 - 8ba8079b119fc956671eed6c7e8cb6efd355ae61
Kernel:    2021-04-13 - eebe426d32e1a10ac7c35f8ffab5f818c32a2454
Compiler:  gcc-10.2.1-20210110
Attempt 1:
    No crashes found.
Attempt 2:
    No crashes found.
Attempt 3:
    No crashes found.
The bug was not found.

2023-05-18 11:58:20
Session:   3
Template:  2021-05-26 - 54f0bcf1949532fe400c3e7d0941909fce7a6d7c
Syzkaller: 2021-05-26 - 54f0bcf1949532fe400c3e7d0941909fce7a6d7c
Kernel:    2021-05-26 - 7ac3a1c1ae5152e1d18cf6df5b6c3c9847535e78
Compiler:  gcc-10.2.1-20210110
Attempt 1:
    Time  Bug Name
***    3  WARNING: ODEBUG bug in qdisc_create
The bug was found.

2023-05-18 13:28:55
Session:   4
Template:  2021-04-22 - 33c28d0389a6b0dd17a5de7c093a011cdadb33b1
Syzkaller: 2021-04-22 - 33c28d0389a6b0dd17a5de7c093a011cdadb33b1
Kernel:    2021-04-22 - 18a3c5f7abfdf97f88536d35338ebbee119c355c
Compiler:  gcc-10.2.1-20210110
Attempt 1:
    Time  Bug Name
***    3  WARNING: ODEBUG bug in qdisc_create
The bug was found.

2023-05-18 14:44:37
Session:   5
Template:  2021-04-13 - 8ba8079b119fc956671eed6c7e8cb6efd355ae61
Syzkaller: 2021-04-22 - 33c28d0389a6b0dd17a5de7c093a011cdadb33b1
Kernel:    2021-04-22 - 18a3c5f7abfdf97f88536d35338ebbee119c355c
Attempt 1:
    Time  Bug Name
***    3  WARNING: ODEBUG bug in qdisc_create
The bug was found.

==== Kernel Retrospection ====
32 Linux commits in [2021-04-13, 2021-04-22].

2023-05-18 14:50:28
Session:   6
Template:  2021-04-16 - 7e2b734bac96c22086fedd1b18135da06d5e4054
Syzkaller: 2021-04-16 - 7e2b734bac96c22086fedd1b18135da06d5e4054
Kernel:    2021-04-17 - fdb5d6cab638a2881687b59b27817c74d8efac76
Compiler:  gcc-10.2.1-20210110
Attempt 1:
    No crashes found.
Attempt 2:
    No crashes found.
Attempt 3:
    No crashes found.
The bug was not found.

2023-05-18 16:42:17
Session:   7
Template:  2021-04-16 - 7e2b734bac96c22086fedd1b18135da06d5e4054
Syzkaller: 2021-04-16 - 7e2b734bac96c22086fedd1b18135da06d5e4054
Kernel:    2021-04-18 - 5ffe04ccd69ae56af304ff7f98fbdaa4478ed47e
Compiler:  gcc-10.2.1-20210110
Attempt 1:
    No crashes found.
Attempt 2:
    No crashes found.
Attempt 3:
    No crashes found.
The bug was not found.

2023-05-18 18:17:35
Session:   8
Template:  2021-04-20 - c0ced5570c6505a80235b64884c93e89733b77f3
Syzkaller: 2021-04-20 - c0ced5570c6505a80235b64884c93e89733b77f3
Kernel:    2021-04-20 - 1fe5501ba1abf2b7e78295df73675423bd6899a0
Compiler:  gcc-10.2.1-20210110
Attempt 1:
    No crashes found.
Attempt 2:
    No crashes found.
Attempt 3:
    No crashes found.
The bug was not found.

2023-05-18 20:06:05
Session:   9
Template:  2021-04-22 - 590921a5bc7ed9ced1d4c5cb517e4b6355813a5d
Syzkaller: 2021-04-22 - 590921a5bc7ed9ced1d4c5cb517e4b6355813a5d
Kernel:    2021-04-22 - 90c911ad7445ccec9936763f05fa5db6a3da53be
Compiler:  gcc-10.2.1-20210110
Attempt 1:
    Time  Bug Name
***    3  WARNING: ODEBUG bug in qdisc_create
The bug was found.

2023-05-18 21:15:02
Session:   10
Template:  2021-04-21 - 2bc8999a98bda25c1c6cad6f8ff4d2bb07ac3be2
Syzkaller: 2021-04-21 - 2bc8999a98bda25c1c6cad6f8ff4d2bb07ac3be2
Kernel:    2021-04-21 - 16fc44d6387e260f4932e9248b985837324705d8
Compiler:  gcc-10.2.1-20210110
Attempt 1:
    Time  Bug Name
***    3  WARNING: ODEBUG bug in qdisc_create
The bug was found.

== Confirming the bisected commit ==

2023-05-18 22:35:42
Session:   11
Template:  2021-04-21 - 2bc8999a98bda25c1c6cad6f8ff4d2bb07ac3be2
Syzkaller: 2021-04-21 - 2bc8999a98bda25c1c6cad6f8ff4d2bb07ac3be2
Kernel:    2021-04-21 - 16fc44d6387e260f4932e9248b985837324705d8
The bug was found in a previous identical fuzzing session.

2023-05-18 22:35:42
Session:   12
Template:  2021-04-21 - 2bc8999a98bda25c1c6cad6f8ff4d2bb07ac3be2
Syzkaller: 2021-04-21 - 2bc8999a98bda25c1c6cad6f8ff4d2bb07ac3be2
Kernel:    2021-04-20 - 1fe5501ba1abf2b7e78295df73675423bd6899a0
Compiler:  gcc-10.2.1-20210110
Attempt 1:
    Time  Bug Name
***    4  WARNING: ODEBUG bug in qdisc_create
The bug was found.

==== Syzkaller Retrospection ====
4 Syzkaller commits from [2021-04-21].

2023-05-19 01:05:18
Session:   13
Template:  2021-04-21 - 2bc8999a98bda25c1c6cad6f8ff4d2bb07ac3be2
Syzkaller: 2021-04-21 - 2bc8999a98bda25c1c6cad6f8ff4d2bb07ac3be2
Kernel:    2021-04-21 - 16fc44d6387e260f4932e9248b985837324705d8
Compiler:  gcc-10.2.1-20210110
The bug was found in a previous identical fuzzing session.

2023-05-19 01:05:18
Session:   14
Template:  2021-04-21 - ad3ce6afab30fb68cfcda40a1910b87279795c5a
Syzkaller: 2021-04-21 - ad3ce6afab30fb68cfcda40a1910b87279795c5a
Kernel:    2021-04-21 - 16fc44d6387e260f4932e9248b985837324705d8
Compiler:  gcc-10.2.1-20210110
Attempt 1:
    No crashes found.
Attempt 2:
    No crashes found.
Attempt 3:
    No crashes found.
The bug was not found.

====================================================================================================================================================
Revealing Factor:   Syzkaller Update
Version:            2021-04-21 - 2bc8999a98bda25c1c6cad6f8ff4d2bb07ac3be2
Commit Name:        docs: extend contributing.md

Bug Name:           WARNING: ODEBUG bug in qdisc_create
Bug Link:           https://syzkaller.appspot.com/bug?id=e3cd8df8330f976efd72c1a562e96c44a1f2431f
Arch:               amd64
Finding Date:       2021-09-21
Finding Commit:     2021-09-20 - e8f71f89236ef82d449991bfbc237e3cb6ea584f
Guilty Merge:       2020-12-17 - d64c6f96ba86bd8b97ed8d6762a8c8cc1770d214
Guilty Commit:      2020-12-17 - 44d4775ca51805b376a8db5b34f650434a08e556

Possible Blocking Bugs:
