BUG: sleeping function called from invalid context at net/core/dev.c:LINE,https://syzkaller.appspot.com/bug?id=5122337eb075dfd1db59b0fb53d17df3ca0cf813
Repository: linux
Arch: amd64
Finding: 2018-10-07 - 0238df646e6224016a45505d2c111a24669ebe21
Guilty:  2018-05-03 - fbfc504a24f53f7ebe128ab55cb5dba634f4ece8
No Duplicates
Single Proc Allocation
VMs:8
CPUs:2
Procs:16
Max time:30
Max attempts:3
Testing the finding commit.

2023-03-22 19:43:09
Session:   1
Template:  2018-10-03 - 8b311eafa7f32ebcae67cdf5e16aa1ab3fc77e7f
Syzkaller: 2018-10-03 - 8b311eafa7f32ebcae67cdf5e16aa1ab3fc77e7f
Kernel:    2018-10-07 - 0238df646e6224016a45505d2c111a24669ebe21
Compiler:  gcc-8.0.1-20180412
Attempt 1:
    Time  Bug Name
***    2  BUG: sleeping function called from invalid context at net/core/dev.c:LINE
Attempt 2:
    Time  Bug Name
***    2  BUG: sleeping function called from invalid context at net/core/dev.c:LINE
Attempt 3:
    Time  Bug Name
***    3  BUG: sleeping function called from invalid context at net/core/dev.c:LINE
The bug was found.

New Max Time: 10.
Merge Commit: 2018-05-03 - 08dbc7a66af2321661173c04d872eba44003cc13.

==== Template Inspection ====
8 template changes in [2018-05-03, 2018-10-08].

2023-03-22 20:28:57
Session:   2
Template:  2018-07-09 - 59da9e439317c83d5374d06832060fbd66efbbbc
Syzkaller: 2018-07-09 - 59da9e439317c83d5374d06832060fbd66efbbbc
Kernel:    2018-07-09 - bdf33113d89f70186ffb6674e925fa9b8a0266b1
Compiler:  gcc-8.0.1-20180412
Attempt 1:
    Time  Bug Name
***    2  BUG: sleeping function called from invalid context at net/core/dev.c:LINE
The bug was found.

2023-03-22 21:35:11
Session:   3
Template:  2018-06-08 - 866118af36a38963903be2bdee4aff0c36ae365f
Syzkaller: 2018-06-08 - 866118af36a38963903be2bdee4aff0c36ae365f
Kernel:    2018-06-08 - a3818841bd5e9b4a7e0e732c19cf3a632fcb525e
Compiler:  gcc-8.0.1-20180412
Attempt 1:
    No crashes found.
Attempt 2:
    No crashes found.
Attempt 3:
    No crashes found.
The bug was not found.

2023-03-22 22:37:24
Session:   4
Template:  2018-06-23 - 2064fc5c9114c170841328aaa4b124a4062becf6
Syzkaller: 2018-06-23 - 2064fc5c9114c170841328aaa4b124a4062becf6
Kernel:    2018-06-23 - 77072ca59fddcb8cefd2cbf5382cfa39c5a10442
Compiler:  gcc-8.0.1-20180412
Attempt 1:
    Time  Bug Name
***    2  BUG: sleeping function called from invalid context at net/core/dev.c:LINE
The bug was found.

2023-03-22 23:26:20
Session:   5
Template:  2018-06-08 - 866118af36a38963903be2bdee4aff0c36ae365f
Syzkaller: 2018-06-23 - 2064fc5c9114c170841328aaa4b124a4062becf6
Kernel:    2018-06-23 - 77072ca59fddcb8cefd2cbf5382cfa39c5a10442
Attempt 1:
    Time  Bug Name
***    2  BUG: sleeping function called from invalid context at net/core/dev.c:LINE
The bug was found.

==== Kernel Inspection ====
124 Linux commits in [2018-06-08, 2018-06-23].

2023-03-22 23:31:33
Session:   6
Template:  2018-06-12 - 27c5f59f504f562333e3cd5e715fea5cb69c396e
Syzkaller: 2018-06-12 - 27c5f59f504f562333e3cd5e715fea5cb69c396e
Kernel:    2018-06-13 - b08fc5277aaa1d8ea15470d38bf36f19dfb0e125
Compiler:  gcc-8.0.1-20180412
Attempt 1:
    No crashes found.
Attempt 2:
    No crashes found.
Attempt 3:
    No crashes found.
The bug was not found.

2023-03-23 01:04:40
Session:   7
Template:  2018-06-12 - 27c5f59f504f562333e3cd5e715fea5cb69c396e
Syzkaller: 2018-06-12 - 27c5f59f504f562333e3cd5e715fea5cb69c396e
Kernel:    2018-06-16 - dbb2816fc78abb0282a803bea1119e2f31354b20
Compiler:  gcc-8.0.1-20180412
Attempt 1:
    No crashes found.
Attempt 2:
    No crashes found.
Attempt 3:
    No crashes found.
The bug was not found.

2023-03-23 03:30:56
Session:   8
Template:  2018-06-19 - 095ef80678981c78c6726af6a3a50a7c8f667d52
Syzkaller: 2018-06-19 - 095ef80678981c78c6726af6a3a50a7c8f667d52
Kernel:    2018-06-21 - 26c92a38cec99ee7b657901ff64bd01a96a2fb22
Compiler:  gcc-8.0.1-20180412
Attempt 1:
    No crashes found.
Attempt 2:
    Time  Bug Name
***   10  BUG: sleeping function called from invalid context at net/core/dev.c:LINE
The bug was found.
Switching to Safe Mode: Fuzzing 5 times at 30 minutes

2023-03-23 04:35:26
Session:   9
Template:  2018-06-18 - 45c54f755c6dee216beaeeef11e98a0375102712
Syzkaller: 2018-06-18 - 45c54f755c6dee216beaeeef11e98a0375102712
Kernel:    2018-06-18 - 6cc22dc08a247b7b4a173e4561e39705a557d300
Compiler:  gcc-8.0.1-20180412
Attempt 1:
    No crashes found.
Attempt 2:
    No crashes found.
Attempt 3:
    Time  Bug Name
***   18  BUG: sleeping function called from invalid context at net/core/dev.c:LINE
The bug was found.

2023-03-23 06:42:52
Session:   10
Template:  2018-06-18 - 45c54f755c6dee216beaeeef11e98a0375102712
Syzkaller: 2018-06-18 - 45c54f755c6dee216beaeeef11e98a0375102712
Kernel:    2018-06-18 - 3ed1d012ac3e60e0e95cda6fbd59352ec6dcbb88
Compiler:  gcc-8.0.1-20180412
Attempt 1:
    No crashes found.
Attempt 2:
    Time  Bug Name
***   30  BUG: sleeping function called from invalid context at net/core/dev.c:LINE
The bug was found.

2023-03-23 08:16:16
Session:   11
Template:  2018-06-12 - 27c5f59f504f562333e3cd5e715fea5cb69c396e
Syzkaller: 2018-06-12 - 27c5f59f504f562333e3cd5e715fea5cb69c396e
Kernel:    2018-06-16 - 265c5596da61a5467b6b3bfbd9ba637f867d3927
Compiler:  gcc-8.0.1-20180412
Attempt 1:
    Time  Bug Name
***   17  BUG: sleeping function called from invalid context at net/core/dev.c:LINE
      17  lost connection to test machine
      17  lost connection to test machine
The bug was found.

2023-03-23 09:00:19
Session:   12
Template:  2018-06-12 - 27c5f59f504f562333e3cd5e715fea5cb69c396e
Syzkaller: 2018-06-12 - 27c5f59f504f562333e3cd5e715fea5cb69c396e
Kernel:    2018-06-16 - 5e7b9212a4a887f42221376445df52cd5991d100
Compiler:  gcc-8.0.1-20180412
Attempt 1:
    Time  Bug Name
***   17  BUG: sleeping function called from invalid context at net/core/dev.c:LINE
The bug was found.

== Confirming the bisected commit ==

2023-03-23 09:42:43
Session:   13
Template:  2018-06-12 - 27c5f59f504f562333e3cd5e715fea5cb69c396e
Syzkaller: 2018-06-12 - 27c5f59f504f562333e3cd5e715fea5cb69c396e
Kernel:    2018-06-16 - 5e7b9212a4a887f42221376445df52cd5991d100
The bug was found in a previous identical fuzzing session.

2023-03-23 09:42:43
Session:   14
Template:  2018-06-12 - 27c5f59f504f562333e3cd5e715fea5cb69c396e
Syzkaller: 2018-06-12 - 27c5f59f504f562333e3cd5e715fea5cb69c396e
Kernel:    2018-06-16 - dbb2816fc78abb0282a803bea1119e2f31354b20
The bug was not found in a previous identical fuzzing session.

====================================================================================================================================================
Revealing Factor:   Kernel Commit
Version:            2018-06-16 - 5e7b9212a4a887f42221376445df52cd5991d100
Commit Name:        Merge tag 'docs-broken-links' of git://linuxtv.org/mchehab/experimental

Bug Name:           BUG: sleeping function called from invalid context at net/core/dev.c:LINE
Bug Link:           https://syzkaller.appspot.com/bug?id=5122337eb075dfd1db59b0fb53d17df3ca0cf813
Arch:               amd64
Finding Date:       2018-10-08
Finding Commit:     2018-10-07 - 0238df646e6224016a45505d2c111a24669ebe21
Guilty Merge:       2018-05-03 - 08dbc7a66af2321661173c04d872eba44003cc13
Guilty Commit:      2018-05-03 - fbfc504a24f53f7ebe128ab55cb5dba634f4ece8

Possible Blocking Bugs:
