general protection fault in sctp_sched_rr_dequeue,https://syzkaller.appspot.com/bug?id=f9cfa5c5564ffc453258d835293bf6e9881c5b1c
Repository: linux
Arch: amd64
Finding: 2019-03-05 - 63bdf4284c38a48af21745ceb148a087b190cd21
Guilty:  2017-10-03 - 5bbbbe32a43199c2b9ea5ea66fab6241c64beb51
Duplicate Names:
    general protection fault in sctp_sched_dequeue_common
    general protection fault in sctp_sched_rr_dequeue
Single Proc Allocation
VMs:8
CPUs:2
Procs:16
Max time:30
Max attempts:3
Testing the finding commit.

2023-06-15 13:54:31
Session:   1
Template:  2019-03-06 - 18215b8d64c9bf653619b9eb9907445e225adf11
Syzkaller: 2019-03-06 - 18215b8d64c9bf653619b9eb9907445e225adf11
Kernel:    2019-03-05 - 63bdf4284c38a48af21745ceb148a087b190cd21
Compiler:  gcc-9.0.0-20181231
Attempt 1:
    Time  Bug Name
***    1  general protection fault in sctp_sched_rr_dequeue
Attempt 2:
    Time  Bug Name
***    1  general protection fault in sctp_sched_rr_dequeue
Attempt 3:
    Time  Bug Name
***    1  general protection fault in sctp_sched_rr_dequeue
The bug was found.

New Max Time: 10.
Merge Commit: 2017-10-03 - 26873308b21654b6e0785b9f9e2c5414d37a4c4c.

==== Template Inspection ====
48 template changes in [2017-10-03, 2019-03-06].

2023-06-15 14:22:02
Session:   2
Template:  2018-04-02 - 3e679c51c03ac13a5b4b601873689925eda3cc16
Syzkaller: 2018-04-02 - 3e679c51c03ac13a5b4b601873689925eda3cc16
Kernel:    2018-04-02 - ce6eba3dba366b607c0a363c7cdbd4ee8fcc6434
Compiler:  gcc-8.0.1-20180301
Attempt 1:
    No crashes found.
Attempt 2:
    No crashes found.
Attempt 3:
    No crashes found.
The bug was not found.

2023-06-15 15:04:23
Session:   3
Template:  2018-12-09 - a3f232631f083a5a8ebe4928a98712f553a6efe7
Syzkaller: 2018-12-09 - a3f232631f083a5a8ebe4928a98712f553a6efe7
Kernel:    2018-12-09 - 40e020c129cfc991e8ab4736d2665351ffd1468d
Compiler:  gcc-8.0.1-20180412
Attempt 1:
    No crashes found.
Attempt 2:
    No crashes found.
Attempt 3:
    No crashes found.
The bug was not found.

2023-06-15 15:50:33
Session:   4
Template:  2018-12-26 - 586a19e7ece21850ff9347ce78245bf19fe1cdcd
Syzkaller: 2018-12-26 - 586a19e7ece21850ff9347ce78245bf19fe1cdcd
Kernel:    2018-12-26 - 17bf423a1f2d134187191f0ceb4b395173cc98a7
Compiler:  gcc-8.0.1-20180412
Attempt 1:
    No crashes found.
Attempt 2:
    No crashes found.
Attempt 3:
    No crashes found.
The bug was not found.

2023-06-15 16:37:05
Session:   5
Template:  2018-12-30 - 5b565c8bdb062fe567a04af40cdba0e929441fe7
Syzkaller: 2018-12-30 - 5b565c8bdb062fe567a04af40cdba0e929441fe7
Kernel:    2018-12-29 - 195303136f192d37b89e20a8d1d2670d0d825266
Compiler:  gcc-8.0.1-20180412
Attempt 1:
    No crashes found.
Attempt 2:
    No crashes found.
Attempt 3:
    No crashes found.
The bug was not found.

2023-06-15 17:22:05
Session:   6
Template:  2019-01-10 - db9b657915c1b95a5e768b249795b1aca278bb4e
Syzkaller: 2019-01-10 - db9b657915c1b95a5e768b249795b1aca278bb4e
Kernel:    2019-01-10 - de6629eb262e0dc52a2367db38e3d2780cff5427
Compiler:  gcc-9.0.0-20181231
Attempt 1:
    No crashes found.
Attempt 2:
    No crashes found.
Attempt 3:
    No crashes found.
The bug was not found.

==== Kernel Inspection ====
280 Linux commits in [2019-01-10, 2019-03-06].

2023-06-15 18:09:58
Session:   7
Template:  2019-02-02 - c198d5ddeb35c810b03f6e7042bc64b5f7a8726c
Syzkaller: 2019-02-02 - c198d5ddeb35c810b03f6e7042bc64b5f7a8726c
Kernel:    2019-02-02 - 74b13e7efe005a600451d024d0c8fd52d58ad959
Compiler:  gcc-9.0.0-20181231
Attempt 1:
    No crashes found.
Attempt 2:
    No crashes found.
Attempt 3:
    No crashes found.
The bug was not found.

2023-06-15 18:54:15
Session:   8
Template:  2019-02-17 - 59f36113ee97b3d2d2c872e23841eda592a4201d
Syzkaller: 2019-02-17 - 59f36113ee97b3d2d2c872e23841eda592a4201d
Kernel:    2019-02-17 - b8c82b6a3a8bee7858df08d25f5ddcfbe6210a69
Compiler:  gcc-9.0.0-20181231
Attempt 1:
    No crashes found.
Attempt 2:
    No crashes found.
Attempt 3:
    No crashes found.
The bug was not found.

2023-06-15 19:40:18
Session:   9
Template:  2019-02-25 - 8022bafd2dabfc45e5b1850f3a8cc1950b0e59a6
Syzkaller: 2019-02-25 - 8022bafd2dabfc45e5b1850f3a8cc1950b0e59a6
Kernel:    2019-02-25 - 5908e6b738e3357af42c10e1183753c70a0117a9
Compiler:  gcc-9.0.0-20181231
Attempt 1:
    No crashes found.
Attempt 2:
    No crashes found.
Attempt 3:
    No crashes found.
The bug was not found.

2023-06-15 20:24:08
Session:   10
Template:  2019-03-01 - 1c0e457aaaae0f885242810950c8a7c3508eabbb
Syzkaller: 2019-03-01 - 1c0e457aaaae0f885242810950c8a7c3508eabbb
Kernel:    2019-03-03 - 1c163f4c7b3f621efff9b28a47abb36f7378d783
Compiler:  gcc-9.0.0-20181231
Attempt 1:
    No crashes found.
Attempt 2:
    No crashes found.
Attempt 3:
    No crashes found.
The bug was not found.

2023-06-15 21:08:02
Session:   11
Template:  2019-03-05 - 16559f86f52b7da53f9156685e32dde788dbe371
Syzkaller: 2019-03-05 - 16559f86f52b7da53f9156685e32dde788dbe371
Kernel:    2019-03-05 - 42eaf1851ea2394d1cacf79de075170300d170c3
Compiler:  gcc-9.0.0-20181231
Attempt 1:
    No crashes found.
Attempt 2:
    No crashes found.
Attempt 3:
    Time  Bug Name
       8  lost connection to test machine
Attempt 4: (RETRY)
    No crashes found.
The bug was not found.

2023-06-15 22:01:36
Session:   12
Template:  2019-03-05 - 16559f86f52b7da53f9156685e32dde788dbe371
Syzkaller: 2019-03-05 - 16559f86f52b7da53f9156685e32dde788dbe371
Kernel:    2019-03-05 - 7629bac64204ff256d3b2415767a7acb1401047b
Compiler:  gcc-9.0.0-20181231
Attempt 1:
    No crashes found.
Attempt 2:
    No crashes found.
Attempt 3:
    No crashes found.
The bug was not found.

2023-06-15 22:46:39
Session:   13
Template:  2019-03-05 - 16559f86f52b7da53f9156685e32dde788dbe371
Syzkaller: 2019-03-05 - 16559f86f52b7da53f9156685e32dde788dbe371
Kernel:    2019-03-05 - 6456300356433873309a1cae6aa05e77d6b59153
Compiler:  gcc-9.0.0-20181231
Attempt 1:
    Time  Bug Name
***    1  general protection fault in sctp_sched_rr_dequeue
The bug was found.

2023-06-15 23:03:37
Session:   14
Template:  2019-03-05 - 16559f86f52b7da53f9156685e32dde788dbe371
Syzkaller: 2019-03-05 - 16559f86f52b7da53f9156685e32dde788dbe371
Kernel:    2019-03-05 - cd2a3bf02625ffad02a6b9f7df758ee36cf12769
Compiler:  gcc-9.0.0-20181231
Attempt 1:
    No crashes found.
Attempt 2:
    No crashes found.
Attempt 3:
    No crashes found.
The bug was not found.

== Confirming the bisected commit ==

2023-06-15 23:48:50
Session:   15
Template:  2019-03-05 - 16559f86f52b7da53f9156685e32dde788dbe371
Syzkaller: 2019-03-05 - 16559f86f52b7da53f9156685e32dde788dbe371
Kernel:    2019-03-05 - 6456300356433873309a1cae6aa05e77d6b59153
The bug was found in a previous identical fuzzing session.

2023-06-15 23:48:50
Session:   16
Template:  2019-03-05 - 16559f86f52b7da53f9156685e32dde788dbe371
Syzkaller: 2019-03-05 - 16559f86f52b7da53f9156685e32dde788dbe371
Kernel:    2019-03-05 - cd2a3bf02625ffad02a6b9f7df758ee36cf12769
The bug was not found in a previous identical fuzzing session.

====================================================================================================================================================
Revealing Factor:   Kernel Commit
Version:            2019-03-05 - 6456300356433873309a1cae6aa05e77d6b59153
Commit Name:        Merge git://git.kernel.org/pub/scm/linux/kernel/git/davem/net-next

Bug Name:           general protection fault in sctp_sched_rr_dequeue
Bug Link:           https://syzkaller.appspot.com/bug?id=f9cfa5c5564ffc453258d835293bf6e9881c5b1c
Arch:               amd64
Finding Date:       2019-03-06
Finding Commit:     2019-03-05 - 63bdf4284c38a48af21745ceb148a087b190cd21
Guilty Merge:       2017-10-03 - 26873308b21654b6e0785b9f9e2c5414d37a4c4c
Guilty Commit:      2017-10-03 - 5bbbbe32a43199c2b9ea5ea66fab6241c64beb51

Possible Blocking Bugs:
