KASAN: use-after-free Write in xfrm_hash_rebuild,https://syzkaller.appspot.com/bug?id=8670f2d214d37784bc4dc56676bec785421c0a15
Repository: linux
Arch: amd64
Finding: 2019-06-25 - 249155c20f9b0754bc1b932a33344cfb4e0c2101
Guilty:  2019-01-09 - 1548bc4e0512700cf757192c106b3a20ab639223
No Duplicates
Single Proc Allocation
VMs:8
CPUs:2
Procs:16
Max time:30
Max attempts:3
Testing the finding commit.

2023-05-21 13:46:07
Session:   1
Template:  2019-06-26 - 7509bf360eba1461ac6059e4cacfbc29c9d2d4c7
Syzkaller: 2019-06-26 - 7509bf360eba1461ac6059e4cacfbc29c9d2d4c7
Kernel:    2019-06-24 - 249155c20f9b0754bc1b932a33344cfb4e0c2101
Compiler:  gcc-9.0.0-20181231
Attempt 1:
    No crashes found.
Attempt 2:
    No crashes found.
Attempt 3:
    No crashes found.
The bug was not found.

Failure: This bug cannot be found at the finding commit.
