UBSAN: shift-out-of-bounds in qdisc_get_rtab,https://syzkaller.appspot.com/bug?id=e4ffb8b46d363add6bfda13799cc0b0f81af4b60
Repository: linux
Arch: amd64
Finding: 2021-01-09 - 2ff90100ace886895e4fbb2850b8d5e49d931ed6
Guilty:  2005-04-16 - 1da177e4c3f41524e886b7f1b8a0c1fc7321cac2
Duplicate Names:
    UBSAN: shift-out-of-bounds in qdisc_get_rtab
    UBSAN: shift-out-of-bounds in tcf_police_init
    UBSAN: shift-out-of-bounds in __detect_linklayer
    UBSAN: shift-out-of-bounds in cbq_dequeue
Single Proc Allocation
VMs:8
CPUs:2
Procs:16
Max time:30
Max attempts:3
Testing the finding commit.

2023-04-11 12:29:05
Session:   1
Template:  2021-01-09 - 2c1f2513486f21d26b1942ce77ffc782677fbf4e
Syzkaller: 2021-01-09 - 2c1f2513486f21d26b1942ce77ffc782677fbf4e
Kernel:    2021-01-09 - 2ff90100ace886895e4fbb2850b8d5e49d931ed6
Compiler:  gcc-10.1.0-syz
Attempt 1:
    Time  Bug Name
***    3  UBSAN: shift-out-of-bounds in qdisc_get_rtab
Attempt 2:
    Time  Bug Name
***    3  UBSAN: shift-out-of-bounds in qdisc_get_rtab
Attempt 3:
    Time  Bug Name
***    3  UBSAN: shift-out-of-bounds in qdisc_get_rtab
The bug was found.

New Max Time: 10.
No Merge Commit.

==== Template Retrospection ====
118 template changes in [2017-07-22, 2021-01-09].

2023-04-11 16:47:45
Session:   2
Template:  2019-01-10 - 0108829095758774257301e06d38003c02aaae7f
Syzkaller: 2019-01-10 - 0108829095758774257301e06d38003c02aaae7f
Kernel:    2019-01-10 - de6629eb262e0dc52a2367db38e3d2780cff5427
Compiler:  gcc-9.0.0-20181231
Attempt 1:
    Time  Bug Name
       2  UBSAN: Undefined behaviour in net/sched/sch_api.c:LINE
Attempt 2:
    Time  Bug Name
       2  UBSAN: Undefined behaviour in net/sched/sch_api.c:LINE
Attempt 3:
    Time  Bug Name
       2  UBSAN: Undefined behaviour in net/sched/sch_api.c:LINE
       6  WARNING in generic_make_request_checks
The bug was not found.

2023-04-11 18:07:21
Session:   3
Template:  2020-01-07 - a0f466387dbca955f3681d7a163a5af174df0a4b
Syzkaller: 2020-01-07 - a0f466387dbca955f3681d7a163a5af174df0a4b
Kernel:    2020-01-06 - ae6088216ce4b99b3a4aaaccd2eb2dd40d473d42
Compiler:  gcc-9.0.0-20181231
Attempt 1:
    Time  Bug Name
       3  UBSAN: undefined-behaviour in qdisc_get_rtab
Attempt 2:
    Time  Bug Name
       2  UBSAN: undefined-behaviour in qdisc_get_rtab
Attempt 3:
    Time  Bug Name
       2  UBSAN: undefined-behaviour in qdisc_get_rtab
The bug was not found.

2023-04-11 19:21:31
Session:   4
Template:  2020-02-10 - d0da558cb16f3fb7cf26f20d24ee89eeb49a6f30
Syzkaller: 2020-02-10 - d0da558cb16f3fb7cf26f20d24ee89eeb49a6f30
Kernel:    2020-02-10 - bb6d3fb354c5ee8d6bde2d576eb7220ea09862b9
Compiler:  gcc-9.0.0-20181231
Attempt 1:
    Time  Bug Name
       3  UBSAN: undefined-behaviour in qdisc_get_rtab
Attempt 2:
    Time  Bug Name
       3  UBSAN: undefined-behaviour in qdisc_get_rtab
Attempt 3:
    Time  Bug Name
       3  UBSAN: undefined-behaviour in qdisc_get_rtab
The bug was not found.

2023-04-11 20:41:48
Session:   5
Template:  2020-04-19 - 0781895e0f8359843b9215ac6ad16925a46b2703
Syzkaller: 2020-04-19 - 0781895e0f8359843b9215ac6ad16925a46b2703
Kernel:    2020-04-19 - ae83d0b416db002fe95601e7f97f64b59514d936
Compiler:  gcc-9.0.0-20181231
Attempt 1:
    Time  Bug Name
       2  UBSAN: shift-out-of-bounds in net/sched/sch_api.c:LINE
Attempt 2:
    Time  Bug Name
       2  UBSAN: shift-out-of-bounds in net/sched/sch_api.c:LINE
Attempt 3:
    Time  Bug Name
       2  UBSAN: shift-out-of-bounds in net/sched/sch_api.c:LINE
The bug was not found.

2023-04-11 21:46:23
Session:   6
Template:  2020-08-10 - d3694ffbb14fdf3e4df43e2ee081898749151d6c
Syzkaller: 2020-08-10 - d3694ffbb14fdf3e4df43e2ee081898749151d6c
Kernel:    2020-08-10 - 4bcf69e57063c9b1b15df1a293c969e80a1c97e6
Compiler:  gcc-10.1.0-syz
Attempt 1:
    Time  Bug Name
       3  UBSAN: shift-out-of-bounds in net/sched/sch_api.c:LINE
Attempt 2:
    Time  Bug Name
       2  UBSAN: shift-out-of-bounds in net/sched/sch_api.c:LINE
Attempt 3:
    Time  Bug Name
       2  UBSAN: shift-out-of-bounds in net/sched/sch_api.c:LINE
The bug was not found.

2023-04-11 22:58:55
Session:   7
Template:  2020-09-22 - 2450c42f1be626b601353c1e039f8fcbadfaffb1
Syzkaller: 2020-09-22 - 2450c42f1be626b601353c1e039f8fcbadfaffb1
Kernel:    2020-09-22 - 805c6d3c19210c90c109107d189744e960eae025
Compiler:  gcc-10.1.0-syz
Attempt 1:
    Time  Bug Name
***    2  UBSAN: shift-out-of-bounds in qdisc_get_rtab
The bug was found.

2023-04-11 23:53:53
Session:   8
Template:  2020-09-22 - 9133037195b4eb6ca586ff9fd3810ae3a780b931
Syzkaller: 2020-09-22 - 9133037195b4eb6ca586ff9fd3810ae3a780b931
Kernel:    2020-09-22 - 805c6d3c19210c90c109107d189744e960eae025
Compiler:  gcc-10.1.0-syz
Attempt 1:
    Time  Bug Name
***    2  UBSAN: shift-out-of-bounds in qdisc_get_rtab
The bug was found.

2023-04-12 00:26:09
Session:   9
Template:  2020-08-10 - d3694ffbb14fdf3e4df43e2ee081898749151d6c
Syzkaller: 2020-09-22 - 9133037195b4eb6ca586ff9fd3810ae3a780b931
Kernel:    2020-09-22 - 805c6d3c19210c90c109107d189744e960eae025
Attempt 1:
    Time  Bug Name
***    3  UBSAN: shift-out-of-bounds in qdisc_get_rtab
The bug was found.

==== Kernel Retrospection ====
268 Linux commits in [2020-08-10, 2020-09-22].

2023-04-12 00:31:35
Session:   10
Template:  2020-08-28 - d5a3ae1f760e7cb2cd5a721d9645ae22eae114fe
Syzkaller: 2020-08-28 - d5a3ae1f760e7cb2cd5a721d9645ae22eae114fe
Kernel:    2020-08-28 - 4d41ead6ead97c3730bbd186a601a64828668f01
Compiler:  gcc-10.1.0-syz
Attempt 1:
    Time  Bug Name
       2  UBSAN: shift-out-of-bounds in net/sched/sch_api.c:LINE
Attempt 2:
    Time  Bug Name
       3  UBSAN: shift-out-of-bounds in net/sched/sch_api.c:LINE
Attempt 3:
    Time  Bug Name
       2  UBSAN: shift-out-of-bounds in net/sched/sch_api.c:LINE
The bug was not found.

2023-04-12 01:40:30
Session:   11
Template:  2020-09-11 - 79fb24e23d3bc27ad2cbb1595e76860ef9743d86
Syzkaller: 2020-09-11 - 79fb24e23d3bc27ad2cbb1595e76860ef9743d86
Kernel:    2020-09-11 - b1df2a0783f3d80d6d37102eb90f06727113c7dc
Compiler:  gcc-10.1.0-syz
Attempt 1:
    Time  Bug Name
       2  UBSAN: shift-out-of-bounds in net/sched/sch_api.c:LINE
Attempt 2:
    Time  Bug Name
       2  UBSAN: shift-out-of-bounds in net/sched/sch_api.c:LINE
Attempt 3:
    Time  Bug Name
       2  UBSAN: shift-out-of-bounds in net/sched/sch_api.c:LINE
The bug was not found.

2023-04-12 02:54:37
Session:   12
Template:  2020-09-18 - 53ce8104a7b0e1c4c79ab17d5faddce6ad16a1f1
Syzkaller: 2020-09-18 - 53ce8104a7b0e1c4c79ab17d5faddce6ad16a1f1
Kernel:    2020-09-18 - 10b82d5176488acee2820e5a2cf0f2ec5c3488b6
Compiler:  gcc-10.1.0-syz
Attempt 1:
    Time  Bug Name
***    2  UBSAN: shift-out-of-bounds in qdisc_get_rtab
The bug was found.

2023-04-12 03:28:23
Session:   13
Template:  2020-09-13 - 2d3cdd63ad4aa5bd204a8e79f8e3e166462c2999
Syzkaller: 2020-09-13 - 2d3cdd63ad4aa5bd204a8e79f8e3e166462c2999
Kernel:    2020-09-13 - 6c7247f6258b2dba353c885a1b00d795a380cc85
Compiler:  gcc-10.1.0-syz
Attempt 1:
    Time  Bug Name
       2  UBSAN: shift-out-of-bounds in net/sched/sch_api.c:LINE
Attempt 2:
    Time  Bug Name
       3  UBSAN: shift-out-of-bounds in net/sched/sch_api.c:LINE
Attempt 3:
    Time  Bug Name
       2  UBSAN: shift-out-of-bounds in net/sched/sch_api.c:LINE
The bug was not found.

2023-04-12 04:34:40
Session:   14
Template:  2020-09-15 - 18d7d030e5660609a142ba7a2ea55d5e72fd23a2
Syzkaller: 2020-09-15 - 18d7d030e5660609a142ba7a2ea55d5e72fd23a2
Kernel:    2020-09-15 - 1e484d388773b0a984236a181fb21e133630df42
Compiler:  gcc-10.1.0-syz
Attempt 1:
    Time  Bug Name
       3  UBSAN: shift-out-of-bounds in net/sched/sch_api.c:LINE
Attempt 2:
    Time  Bug Name
       3  UBSAN: shift-out-of-bounds in net/sched/sch_api.c:LINE
Attempt 3:
    Time  Bug Name
       4  UBSAN: shift-out-of-bounds in net/sched/sch_api.c:LINE
The bug was not found.

2023-04-12 05:51:47
Session:   15
Template:  2020-09-16 - 8247808b71d540d96d8c28ea2854f1c5d1afb8ba
Syzkaller: 2020-09-16 - 8247808b71d540d96d8c28ea2854f1c5d1afb8ba
Kernel:    2020-09-16 - 5925fa68fe8244651b3f78a88c4af99190a88f0d
Compiler:  gcc-10.1.0-syz
Attempt 1:
    Time  Bug Name
***    3  UBSAN: shift-out-of-bounds in qdisc_get_rtab
The bug was found.

2023-04-12 06:43:27
Session:   16
Template:  2020-09-16 - 8247808b71d540d96d8c28ea2854f1c5d1afb8ba
Syzkaller: 2020-09-16 - 8247808b71d540d96d8c28ea2854f1c5d1afb8ba
Kernel:    2020-09-16 - 6279e774b0e4abfab20ff6cfaff99e752a32f27a
Compiler:  gcc-10.1.0-syz
Attempt 1:
    Time  Bug Name
***    2  UBSAN: shift-out-of-bounds in qdisc_get_rtab
The bug was found.

2023-04-12 07:15:58
Session:   17
Template:  2020-09-15 - 18d7d030e5660609a142ba7a2ea55d5e72fd23a2
Syzkaller: 2020-09-15 - 18d7d030e5660609a142ba7a2ea55d5e72fd23a2
Kernel:    2020-09-15 - 9803ab172228d8509c72b34c703b9fe67cb94ddc
Compiler:  gcc-10.1.0-syz
Attempt 1:
    Time  Bug Name
       3  UBSAN: shift-out-of-bounds in net/sched/sch_api.c:LINE
Attempt 2:
    Time  Bug Name
       3  UBSAN: shift-out-of-bounds in net/sched/sch_api.c:LINE
Attempt 3:
    Time  Bug Name
       3  UBSAN: shift-out-of-bounds in net/sched/sch_api.c:LINE
The bug was not found.

== Confirming the bisected commit ==

2023-04-12 08:36:51
Session:   18
Template:  2020-09-16 - 8247808b71d540d96d8c28ea2854f1c5d1afb8ba
Syzkaller: 2020-09-16 - 8247808b71d540d96d8c28ea2854f1c5d1afb8ba
Kernel:    2020-09-16 - 6279e774b0e4abfab20ff6cfaff99e752a32f27a
The bug was found in a previous identical fuzzing session.

2023-04-12 08:36:51
Session:   19
Template:  2020-09-16 - 8247808b71d540d96d8c28ea2854f1c5d1afb8ba
Syzkaller: 2020-09-16 - 8247808b71d540d96d8c28ea2854f1c5d1afb8ba
Kernel:    2020-09-15 - 9803ab172228d8509c72b34c703b9fe67cb94ddc
Compiler:  gcc-10.1.0-syz
Attempt 1:
    Time  Bug Name
       3  UBSAN: shift-out-of-bounds in net/sched/sch_api.c:LINE
Attempt 2:
    Time  Bug Name
       2  UBSAN: shift-out-of-bounds in net/sched/sch_api.c:LINE
Attempt 3:
    Time  Bug Name
       3  UBSAN: shift-out-of-bounds in net/sched/sch_api.c:LINE
The bug was not found.

====================================================================================================================================================
Revealing Factor:   Kernel Commit
Version:            2020-09-16 - 6279e774b0e4abfab20ff6cfaff99e752a32f27a
Commit Name:        MAINTAINERS: Fix Max's and Shravan's emails

Bug Name:           UBSAN: shift-out-of-bounds in qdisc_get_rtab
Bug Link:           https://syzkaller.appspot.com/bug?id=e4ffb8b46d363add6bfda13799cc0b0f81af4b60
Arch:               amd64
Finding Date:       2021-01-09
Finding Commit:     2021-01-09 - 2ff90100ace886895e4fbb2850b8d5e49d931ed6
Guilty Merge:       None
Guilty Commit:      2005-04-16 - 1da177e4c3f41524e886b7f1b8a0c1fc7321cac2

Possible Blocking Bugs:
    UBSAN: shift-out-of-bounds in net/sched/sch_api.c:LINE

AUTHOR: Determined to be a blocking bug.
