general protection fault in qca_setup,https://syzkaller.appspot.com/bug?id=62aaa13b8b6bba7f5bca8c0defef34b9a1623135
Repository: linux
Arch: amd64
Finding: 2019-02-10 - d13937116f1e82bf508a6325111b322c30c85eb9
Guilty:  2010-07-21 - b3190df628617c7a4f188a9465aeabe1f5761933
Duplicate Names:
    WARNING in tty_set_termios
    general protection fault in qca_setup
    BUG: unable to handle kernel NULL pointer dereference in hci_uart_set_flow_control
Single Proc Allocation
VMs:8
CPUs:2
Procs:16
Max time:30
Max attempts:3
Testing the finding commit.

2023-04-06 14:13:16
Session:   1
Template:  2019-02-11 - 65a0d61939d258fe7c6bc6666315603f7a2e52de
Syzkaller: 2019-02-11 - 65a0d61939d258fe7c6bc6666315603f7a2e52de
Kernel:    2019-02-10 - d13937116f1e82bf508a6325111b322c30c85eb9
Compiler:  gcc-9.0.0-20181231
Attempt 1:
    Time  Bug Name
***    2  general protection fault in qca_setup
Attempt 2:
    Time  Bug Name
***    2  general protection fault in qca_setup
Attempt 3:
    Time  Bug Name
***    2  general protection fault in qca_setup
The bug was found.

New Max Time: 10.
Merge Commit: 2010-07-27 - 800f65bba8d2030b3fef62850e203f9f176625a8.

==== Template Inspection ====
7 template changes in [2017-07-22, 2019-02-11].

2023-04-06 15:32:57
Session:   2
Template:  2018-05-18 - d302e8164182e77b558e471c712839fda3ed7779
Syzkaller: 2018-05-18 - d302e8164182e77b558e471c712839fda3ed7779
Kernel:    2018-05-18 - 2c71d338bef2cc8a2e5f8ebe70788eeff246fcd8
Compiler:  gcc-8.0.1-20180412
Attempt 1:
    No crashes found.
Attempt 2:
    No crashes found.
Attempt 3:
    No crashes found.
The bug was not found.

2023-04-06 17:14:27
Session:   3
Template:  2018-08-31 - a4718693a3d9fcabb02299b2ec07c19d8208c539
Syzkaller: 2018-08-31 - a4718693a3d9fcabb02299b2ec07c19d8208c539
Kernel:    2018-08-31 - 420f51f4ab6bce6e580390729fadb89c31123636
Compiler:  gcc-8.0.1-20180412
Attempt 1:
    Time  Bug Name
***    2  general protection fault in qca_setup
The bug was found.

2023-04-06 17:48:19
Session:   4
Template:  2018-07-09 - 59da9e439317c83d5374d06832060fbd66efbbbc
Syzkaller: 2018-07-09 - 59da9e439317c83d5374d06832060fbd66efbbbc
Kernel:    2018-07-09 - bdf33113d89f70186ffb6674e925fa9b8a0266b1
Compiler:  gcc-8.0.1-20180412
Attempt 1:
    Time  Bug Name
       2  WARNING: ODEBUG bug in hci_uart_tty_close
Attempt 2:
    Time  Bug Name
      10  WARNING: ODEBUG bug in hci_uart_tty_close
Attempt 3:
    No crashes found.
The bug was not found.

2023-04-06 18:49:57
Session:   5
Template:  2018-07-09 - 59da9e439317c83d5374d06832060fbd66efbbbc
Syzkaller: 2018-08-31 - a4718693a3d9fcabb02299b2ec07c19d8208c539
Kernel:    2018-08-31 - 420f51f4ab6bce6e580390729fadb89c31123636
Compiler:  gcc-8.0.1-20180412
Attempt 1:
    Time  Bug Name
***    2  general protection fault in qca_setup
The bug was found.

==== Kernel Inspection ====
390 Linux commits in [2018-07-09, 2018-08-31].

2023-04-06 19:19:50
Session:   6
Template:  2018-08-14 - 9ccc1d4565436890480aea12b6ae347384b2d1ab
Syzkaller: 2018-08-14 - 9ccc1d4565436890480aea12b6ae347384b2d1ab
Kernel:    2018-08-14 - 10f3e23f07cb0c20f9bcb77a5b5a7eb2a1b2a2fe
Compiler:  gcc-8.0.1-20180412
Attempt 1:
    No crashes found.
Attempt 2:
    No crashes found.
Attempt 3:
    No crashes found.
The bug was not found.

2023-04-06 20:33:49
Session:   7
Template:  2018-08-20 - 95b5c82b28c3107383df2cd38d9af8c7984bd31c
Syzkaller: 2018-08-20 - 95b5c82b28c3107383df2cd38d9af8c7984bd31c
Kernel:    2018-08-20 - 3933ec73cd9bbff4a98259d0eae606af4e2850a2
Compiler:  gcc-8.0.1-20180412
Attempt 1:
    Time  Bug Name
***    2  general protection fault in qca_setup
The bug was found.

2023-04-06 21:25:06
Session:   8
Template:  2018-08-14 - 9ccc1d4565436890480aea12b6ae347384b2d1ab
Syzkaller: 2018-08-14 - 9ccc1d4565436890480aea12b6ae347384b2d1ab
Kernel:    2018-08-16 - 5bae2be4efd557ba3ec18f125d18c546f6b03cd2
Compiler:  gcc-8.0.1-20180412
Attempt 1:
    Time  Bug Name
***    2  general protection fault in qca_setup
The bug was found.

2023-04-06 22:09:12
Session:   9
Template:  2018-08-14 - 9ccc1d4565436890480aea12b6ae347384b2d1ab
Syzkaller: 2018-08-14 - 9ccc1d4565436890480aea12b6ae347384b2d1ab
Kernel:    2018-08-15 - 3529b9703c112279d3c302ba0a941ac3a33daa37
Compiler:  gcc-8.0.1-20180412
Attempt 1:
    Time  Bug Name
       2  WARNING: ODEBUG bug in hci_uart_tty_close
Attempt 2:
    No crashes found.
Attempt 3:
    No crashes found.
The bug was not found.

2023-04-06 23:16:35
Session:   10
Template:  2018-08-14 - 9ccc1d4565436890480aea12b6ae347384b2d1ab
Syzkaller: 2018-08-14 - 9ccc1d4565436890480aea12b6ae347384b2d1ab
Kernel:    2018-08-15 - dafa5f6577a9eecd2941add553d1672c30b02364
Compiler:  gcc-8.0.1-20180412
Attempt 1:
    Time  Bug Name
***    2  general protection fault in qca_setup
The bug was found.

2023-04-06 23:55:36
Session:   11
Template:  2018-08-14 - 9ccc1d4565436890480aea12b6ae347384b2d1ab
Syzkaller: 2018-08-14 - 9ccc1d4565436890480aea12b6ae347384b2d1ab
Kernel:    2018-08-15 - 7c7b562c6f0a4fb13eee01cb39b111addfb165e6
Compiler:  gcc-8.0.1-20180412
Attempt 1:
    Time  Bug Name
       2  WARNING: ODEBUG bug in hci_uart_tty_close
      10  possible deadlock in console_unlock
Attempt 2:
    Time  Bug Name
       2  WARNING: ODEBUG bug in hci_uart_tty_close
Attempt 3:
    Time  Bug Name
       3  WARNING: ODEBUG bug in hci_uart_tty_close
The bug was not found.

2023-04-07 00:51:38
Session:   12
Template:  2018-08-14 - 9ccc1d4565436890480aea12b6ae347384b2d1ab
Syzkaller: 2018-08-14 - 9ccc1d4565436890480aea12b6ae347384b2d1ab
Kernel:    2018-08-15 - fa1b5d09d0771247d407df89228b3902de8e2ce6
Compiler:  gcc-8.0.1-20180412
Attempt 1:
    No crashes found.
Attempt 2:
    Time  Bug Name
       2  WARNING: ODEBUG bug in hci_uart_tty_close
Attempt 3:
    Time  Bug Name
       2  WARNING: ODEBUG bug in hci_uart_tty_close
The bug was not found.

2023-04-07 01:57:06
Session:   13
Template:  2018-08-14 - 9ccc1d4565436890480aea12b6ae347384b2d1ab
Syzkaller: 2018-08-14 - 9ccc1d4565436890480aea12b6ae347384b2d1ab
Kernel:    2018-08-15 - 9a76aba02a37718242d7cdc294f0a3901928aa57
Compiler:  gcc-8.0.1-20180412
Attempt 1:
    Time  Bug Name
***    2  general protection fault in qca_setup
The bug was found.

2023-04-07 02:31:19
Session:   14
Template:  2018-08-14 - 9ccc1d4565436890480aea12b6ae347384b2d1ab
Syzkaller: 2018-08-14 - 9ccc1d4565436890480aea12b6ae347384b2d1ab
Kernel:    2018-08-15 - 0a957467c5fd46142bc9c52758ffc552d4c5e2f7
Compiler:  gcc-8.0.1-20180412
Attempt 1:
    Time  Bug Name
       2  WARNING: ODEBUG bug in hci_uart_tty_close
Attempt 2:
    Time  Bug Name
       2  WARNING: ODEBUG bug in hci_uart_tty_close
       8  possible deadlock in console_unlock
Attempt 3:
    Time  Bug Name
       3  WARNING: ODEBUG bug in hci_uart_tty_close
       9  possible deadlock in console_unlock
       9  lost connection to test machine
Attempt 4: (RETRY)
    Time  Bug Name
       2  WARNING: ODEBUG bug in hci_uart_tty_close
       3  possible deadlock in console_unlock
The bug was not found.

== Confirming the bisected commit ==

2023-04-07 03:41:25
Session:   15
Template:  2018-08-14 - 9ccc1d4565436890480aea12b6ae347384b2d1ab
Syzkaller: 2018-08-14 - 9ccc1d4565436890480aea12b6ae347384b2d1ab
Kernel:    2018-08-15 - 9a76aba02a37718242d7cdc294f0a3901928aa57
The bug was found in a previous identical fuzzing session.

2023-04-07 03:41:25
Session:   16
Template:  2018-08-14 - 9ccc1d4565436890480aea12b6ae347384b2d1ab
Syzkaller: 2018-08-14 - 9ccc1d4565436890480aea12b6ae347384b2d1ab
Kernel:    2018-08-15 - 0a957467c5fd46142bc9c52758ffc552d4c5e2f7
The bug was not found in a previous identical fuzzing session.

====================================================================================================================================================
Revealing Factor:   Kernel Commit
Version:            2018-08-15 - 9a76aba02a37718242d7cdc294f0a3901928aa57
Commit Name:        Merge git://git.kernel.org/pub/scm/linux/kernel/git/davem/net-next

Bug Name:           general protection fault in qca_setup
Bug Link:           https://syzkaller.appspot.com/bug?id=62aaa13b8b6bba7f5bca8c0defef34b9a1623135
Arch:               amd64
Finding Date:       2019-02-11
Finding Commit:     2019-02-10 - d13937116f1e82bf508a6325111b322c30c85eb9
Guilty Merge:       2010-07-27 - 800f65bba8d2030b3fef62850e203f9f176625a8
Guilty Commit:      2010-07-21 - b3190df628617c7a4f188a9465aeabe1f5761933

Possible Blocking Bugs:
    WARNING: ODEBUG bug in hci_uart_tty_close
