general protection fault in fib_dump_info,https://syzkaller.appspot.com/bug?id=c5c6967def50d913e0c680731eaf6ec962694511
Repository: linux
Arch: amd64
Finding: 2020-08-18 - 18445bf405cb331117bc98427b1ba6f12418ad17
Guilty:  2019-05-28 - 430a049190de3c9e219f43084de9f1122da04570
No Duplicates
Single Proc Allocation
VMs:8
CPUs:2
Procs:16
Max time:30
Max attempts:3
Testing the finding commit.

2023-06-03 20:20:00
Session:   1
Template:  2020-08-20 - 1d75fe458f90d0a3dbb1578b88cdb64ae0a37398
Syzkaller: 2020-08-20 - 1d75fe458f90d0a3dbb1578b88cdb64ae0a37398
Kernel:    2020-08-18 - 18445bf405cb331117bc98427b1ba6f12418ad17
Compiler:  gcc-10.1.0-syz
Attempt 1:
    Time  Bug Name
***    3  general protection fault in fib_dump_info
Attempt 2:
    Time  Bug Name
***    2  general protection fault in fib_dump_info
Attempt 3:
    Time  Bug Name
***    2  general protection fault in fib_dump_info
The bug was found.

New Max Time: 10.
Merge Commit: 2019-05-29 - c38e57aecbb4244b1ada82b059a0b79dde7309f9.

==== Template Retrospection ====
78 template changes in [2019-05-29, 2020-08-20].

2023-06-04 00:27:58
Session:   2
Template:  2020-01-19 - 0342f8c7bc656ea8ee3c45e49edeb4ee9cc12cce
Syzkaller: 2020-01-19 - 0342f8c7bc656ea8ee3c45e49edeb4ee9cc12cce
Kernel:    2020-01-19 - 7008ee121089b8193aea918b98850fe87d996508
Compiler:  gcc-9.0.0-20181231
Attempt 1:
    No crashes found.
Attempt 2:
    No crashes found.
Attempt 3:
    No crashes found.
The bug was not found.

2023-06-04 02:00:04
Session:   3
Template:  2020-05-25 - 8ca3b7d2bb7672b5608051fab4b825fdbbf2356a
Syzkaller: 2020-05-25 - 8ca3b7d2bb7672b5608051fab4b825fdbbf2356a
Kernel:    2020-05-24 - 9cb1fd0efd195590b828b9b865421ad345a4a145
Compiler:  gcc-10.1.0-syz
Attempt 1:
    No crashes found.
Attempt 2:
    No crashes found.
Attempt 3:
    No crashes found.
The bug was not found.

2023-06-04 03:27:21
Session:   4
Template:  2020-07-24 - 6d8002b4d37767ccf97f55753e31b6007727c1b2
Syzkaller: 2020-07-24 - 6d8002b4d37767ccf97f55753e31b6007727c1b2
Kernel:    2020-07-24 - 5876aa073f52541f4787b6111c8494ea9cfcde15
Compiler:  gcc-10.1.0-syz
Attempt 1:
    No crashes found.
Attempt 2:
    No crashes found.
Attempt 3:
    No crashes found.
The bug was not found.

2023-06-04 04:58:40
Session:   5
Template:  2020-07-24 - b9a80ab13ac20510ef474cb1df6fda5807c4edfc
Syzkaller: 2020-07-24 - b9a80ab13ac20510ef474cb1df6fda5807c4edfc
Kernel:    2020-07-24 - 5876aa073f52541f4787b6111c8494ea9cfcde15
Compiler:  gcc-10.1.0-syz
Attempt 1:
    No crashes found.
Attempt 2:
    No crashes found.
Attempt 3:
    No crashes found.
The bug was not found.

2023-06-04 06:36:07
Session:   6
Template:  2020-08-08 - f721e4a097714a9054b9fe1aadf427afbbd2c157
Syzkaller: 2020-08-08 - f721e4a097714a9054b9fe1aadf427afbbd2c157
Kernel:    2020-08-08 - 06a81c1c7db9bd5de0bd38cd5acc44bb22b99150
Compiler:  gcc-10.1.0-syz
Attempt 1:
    Time  Bug Name
***    2  general protection fault in fib_dump_info
The bug was found.

2023-06-04 07:29:46
Session:   7
Template:  2020-08-08 - cb9c120a74bbfc083572692616096a4ee5ad11cc
Syzkaller: 2020-08-08 - cb9c120a74bbfc083572692616096a4ee5ad11cc
Kernel:    2020-08-08 - 06a81c1c7db9bd5de0bd38cd5acc44bb22b99150
Compiler:  gcc-10.1.0-syz
Attempt 1:
    Time  Bug Name
***    3  general protection fault in fib_dump_info
The bug was found.

2023-06-04 08:31:31
Session:   8
Template:  2020-07-24 - b9a80ab13ac20510ef474cb1df6fda5807c4edfc
Syzkaller: 2020-08-08 - cb9c120a74bbfc083572692616096a4ee5ad11cc
Kernel:    2020-08-08 - 06a81c1c7db9bd5de0bd38cd5acc44bb22b99150
Attempt 1:
    No crashes found.
Attempt 2:
    No crashes found.
Attempt 3:
    No crashes found.
The bug was not found.

====================================================================================================================================================
Revealing Factor:   Template Update
Version:            2020-08-08 - cb9c120a74bbfc083572692616096a4ee5ad11cc
Commit Name:        sys/linux: add descriptions for RTM_(NEW|DEL|GET)NEXTHOP

Bug Name:           general protection fault in fib_dump_info
Bug Link:           https://syzkaller.appspot.com/bug?id=c5c6967def50d913e0c680731eaf6ec962694511
Arch:               amd64
Finding Date:       2020-08-20
Finding Commit:     2020-08-18 - 18445bf405cb331117bc98427b1ba6f12418ad17
Guilty Merge:       2019-05-29 - c38e57aecbb4244b1ada82b059a0b79dde7309f9
Guilty Commit:      2019-05-28 - 430a049190de3c9e219f43084de9f1122da04570

Possible Blocking Bugs:
