general protection fault in cgroup_mt_destroy_v1,https://syzkaller.appspot.com/bug?id=ee457b2cba3e3024975558b64771c7772d200d26
Repository: linux
Arch: amd64
Finding: 2018-01-26 - c4e0ca7fa24137e372d6135fe16e8df8e123f116
Guilty:  2015-12-14 - c38c4597e4bf3e99860eac98211748e1ecb0e139
Duplicate Names:
    BUG: unable to handle kernel paging request in cgroup_mt_destroy_v1
    general protection fault in cgroup_mt_destroy_v1
VMs:4
CPUs:4
Procs:24
Max time:30
Max attempts:3
Testing the finding commit.

2023-04-30 08:23:21
Session:   1
Template:  2018-01-27 - 08146b1a84f975e2cc1007242b4202dc5cc0e5c5
Syzkaller: 2018-01-27 - 08146b1a84f975e2cc1007242b4202dc5cc0e5c5
Kernel:    2018-01-26 - c4e0ca7fa24137e372d6135fe16e8df8e123f116
Compiler:  gcc-7.1.1-20170620
Attempt 1:
    Time  Bug Name
      15  lost connection to test machine
Attempt 2:
    No crashes found.
Attempt 3:
    No crashes found.
Attempt 4: (RETRY)
    No crashes found.
The bug was not found.

Failure: This bug cannot be found at the finding commit.
