divide error in ___bpf_prog_run,https://syzkaller.appspot.com/bug?id=f698e37dae8c3eda978622cbd7747f61259c9d3a
Repository: linux
Arch: i386
Finding: 2018-01-12 - c92a9a461dff6140c539c61e457aa97df29517d6
Guilty:  2014-05-15 - 622582786c9e041d0bd52bde201787adeab249f8
Duplicate Names:
    divide error in ___bpf_prog_run
    divide error
VMs:4
CPUs:4
Procs:24
Max time:30
Max attempts:3
Testing the finding commit.

2023-06-19 20:11:45
Session:   1
Template:  2018-01-11 - 9dc808a65eb3f44d64e078b79bcac0f0510629f6
Syzkaller: 2018-01-11 - 9dc808a65eb3f44d64e078b79bcac0f0510629f6
Kernel:    2018-01-12 - c92a9a461dff6140c539c61e457aa97df29517d6
Compiler:  gcc-7.1.1-20170620
Attempt 1:
    Time  Bug Name
***    6  divide error
Attempt 2:
    Time  Bug Name
***    3  divide error
Attempt 3:
    Time  Bug Name
***    3  divide error
The bug was found.

New Max Time: 10.
Merge Commit: 2014-05-15 - 1f499d6a3b5e377312d607e6e9c055f4210ad0b7.

==== Template Retrospection ====
13 template changes in [2017-07-22, 2018-01-12].

2023-06-19 20:37:52
Session:   2
Template:  2017-12-27 - 7d240098d863e389e2fc6f1bc2240ea4e78a7afe
Syzkaller: 2017-12-27 - 7d240098d863e389e2fc6f1bc2240ea4e78a7afe
Kernel:    2017-12-27 - 5f520fc318764df800789edd202b5e3b55130613
Compiler:  gcc-7.1.1-20170620
Attempt 1:
    Time  Bug Name
       9  WARNING in dio_complete
Attempt 2:
    No crashes found.
Attempt 3:
    No crashes found.
The bug was not found.

2023-06-19 21:18:39
Session:   3
Template:  2018-01-08 - 8ac12551c242ee54ea65b21c4c81ab41b838a602
Syzkaller: 2018-01-08 - 8ac12551c242ee54ea65b21c4c81ab41b838a602
Kernel:    2018-01-08 - d32da5841b0f8b73dddb35c59c447d9749a47f6c
Compiler:  gcc-7.1.1-20170620
Attempt 1:
    Time  Bug Name
***    4  divide error
The bug was found.

2023-06-19 21:32:50
Session:   4
Template:  2017-12-29 - c25d74ee514fe00f228a0cc7c158cf2906329ea8
Syzkaller: 2017-12-29 - c25d74ee514fe00f228a0cc7c158cf2906329ea8
Kernel:    2017-12-29 - 61233580f1f33c50e159c50e24d80ffd2ba2e06b
Compiler:  gcc-7.1.1-20170620
Attempt 1:
    Time  Bug Name
       6  WARNING in dio_complete
       7  WARNING in dio_complete
       7  WARNING in dio_complete
       8  WARNING in dio_complete
       8  WARNING in dio_complete
       8  WARNING in dio_complete
       9  WARNING in dio_complete
       9  WARNING in dio_complete
       9  WARNING in dio_complete
      10  WARNING in dio_complete
      10  WARNING in dio_complete
Attempt 2:
    Time  Bug Name
       8  WARNING in dio_complete
       8  WARNING in dio_complete
       8  WARNING in dio_complete
       8  WARNING in dio_complete
       9  WARNING in dio_complete
       9  WARNING in dio_complete
      10  WARNING in dio_complete
Attempt 3:
    Time  Bug Name
       5  WARNING in dio_complete
       5  WARNING in dio_complete
       6  WARNING in dio_complete
       6  WARNING in dio_complete
       7  WARNING in dio_complete
       7  WARNING in dio_complete
       8  WARNING in dio_complete
       8  WARNING in dio_complete
       8  WARNING in dio_complete
       9  WARNING in dio_complete
       9  WARNING in dio_complete
      10  WARNING in dio_complete
      10  WARNING in dio_complete
      10  WARNING in dio_complete
The bug was not found.

2023-06-19 22:12:40
Session:   5
Template:  2017-12-29 - bb6384b81a9f3d4e4d4b3b16bc5c36a87239ae96
Syzkaller: 2017-12-29 - bb6384b81a9f3d4e4d4b3b16bc5c36a87239ae96
Kernel:    2017-12-29 - 61233580f1f33c50e159c50e24d80ffd2ba2e06b
Compiler:  gcc-7.1.1-20170620
Attempt 1:
    No crashes found.
Attempt 2:
    Time  Bug Name
       7  WARNING in dio_complete
       8  WARNING in dio_complete
Attempt 3:
    Time  Bug Name
       6  WARNING in dio_complete
       6  WARNING in dio_complete
       6  WARNING in dio_complete
       6  WARNING in dio_complete
       6  WARNING in dio_complete
       7  WARNING in dio_complete
       7  WARNING in dio_complete
       7  WARNING in dio_complete
       7  WARNING in dio_complete
       8  WARNING in dio_complete
       8  WARNING in dio_complete
       9  WARNING in dio_complete
       9  WARNING in dio_complete
       9  WARNING in dio_complete
      10  WARNING in dio_complete
      10  WARNING in dio_complete
      10  WARNING in dio_complete
      10  WARNING in dio_complete
The bug was not found.

2023-06-19 22:53:30
Session:   6
Template:  2017-12-29 - bb6384b81a9f3d4e4d4b3b16bc5c36a87239ae96
Syzkaller: 2018-01-08 - 8ac12551c242ee54ea65b21c4c81ab41b838a602
Kernel:    2018-01-08 - d32da5841b0f8b73dddb35c59c447d9749a47f6c
Compiler:  gcc-7.1.1-20170620
Attempt 1:
    Time  Bug Name
***    2  divide error
The bug was found.

==== Kernel Retrospection ====
54 Linux commits in [2017-12-29, 2018-01-08].

2023-06-19 23:05:09
Session:   7
Template:  2017-12-31 - 00193447522daf7bae569c70cfa263e45eafc8ca
Syzkaller: 2017-12-31 - 00193447522daf7bae569c70cfa263e45eafc8ca
Kernel:    2018-01-03 - b4df268dd4031fd2f8729e7650bc516a0a5f315b
Compiler:  gcc-7.1.1-20170620
Attempt 1:
    No crashes found.
Attempt 2:
    No crashes found.
Attempt 3:
    No crashes found.
The bug was not found.

2023-06-19 23:43:02
Session:   8
Template:  2017-12-31 - 00193447522daf7bae569c70cfa263e45eafc8ca
Syzkaller: 2017-12-31 - 00193447522daf7bae569c70cfa263e45eafc8ca
Kernel:    2018-01-05 - 89876f275e8d562912d9c238cd888b52065cf25c
Compiler:  gcc-7.1.1-20170620
Attempt 1:
    No crashes found.
Attempt 2:
    Time  Bug Name
       4  WARNING in dio_complete
       5  WARNING in dio_complete
       5  WARNING in dio_complete
       6  WARNING in dio_complete
       7  WARNING in dio_complete
       9  WARNING in dio_complete
       9  WARNING in dio_complete
       9  WARNING in dio_complete
      10  WARNING in dio_complete
      10  WARNING in dio_complete
      10  WARNING in dio_complete
Attempt 3:
    Time  Bug Name
       4  WARNING in dio_complete
       4  WARNING in dio_complete
       6  WARNING in dio_complete
       6  WARNING in dio_complete
       6  WARNING in dio_complete
       8  WARNING in dio_complete
       8  WARNING in dio_complete
The bug was not found.

2023-06-20 00:22:51
Session:   9
Template:  2018-01-06 - 19c05fffcb1860b2dcf17989b40ca16ed259fdea
Syzkaller: 2018-01-06 - 19c05fffcb1860b2dcf17989b40ca16ed259fdea
Kernel:    2018-01-07 - c11a5fe66ff2e5c17a7634901288e7f444701ffb
Compiler:  gcc-7.1.1-20170620
Attempt 1:
    Time  Bug Name
***    1  divide error
The bug was found.

2023-06-20 00:34:39
Session:   10
Template:  2018-01-06 - 19c05fffcb1860b2dcf17989b40ca16ed259fdea
Syzkaller: 2018-01-06 - 19c05fffcb1860b2dcf17989b40ca16ed259fdea
Kernel:    2018-01-06 - 3219e264b984ec0a13923aa66385819c2e98d582
Compiler:  gcc-7.1.1-20170620
Attempt 1:
    Time  Bug Name
***    2  divide error
The bug was found.

2023-06-20 00:43:32
Session:   11
Template:  2018-01-06 - 19c05fffcb1860b2dcf17989b40ca16ed259fdea
Syzkaller: 2018-01-06 - 19c05fffcb1860b2dcf17989b40ca16ed259fdea
Kernel:    2018-01-06 - 313243aa1a8c6e5ac8749338139d11ede860ae81
Compiler:  gcc-7.1.1-20170620
Attempt 1:
    Time  Bug Name
***    2  divide error
The bug was found.

2023-06-20 00:53:34
Session:   12
Template:  2018-01-06 - 19c05fffcb1860b2dcf17989b40ca16ed259fdea
Syzkaller: 2018-01-06 - 19c05fffcb1860b2dcf17989b40ca16ed259fdea
Kernel:    2018-01-06 - f84d595a5b6e11620a56db6c1cf0988834e6eb5b
Compiler:  gcc-7.1.1-20170620
Attempt 1:
    Time  Bug Name
***    1  divide error
The bug was found.

== Confirming the bisected commit ==

2023-06-20 01:02:35
Session:   13
Template:  2018-01-06 - 19c05fffcb1860b2dcf17989b40ca16ed259fdea
Syzkaller: 2018-01-06 - 19c05fffcb1860b2dcf17989b40ca16ed259fdea
Kernel:    2018-01-06 - f84d595a5b6e11620a56db6c1cf0988834e6eb5b
The bug was found in a previous identical fuzzing session.

2023-06-20 01:02:35
Session:   14
Template:  2018-01-06 - 19c05fffcb1860b2dcf17989b40ca16ed259fdea
Syzkaller: 2018-01-06 - 19c05fffcb1860b2dcf17989b40ca16ed259fdea
Kernel:    2018-01-05 - 89876f275e8d562912d9c238cd888b52065cf25c
Compiler:  gcc-7.1.1-20170620
Attempt 1:
    Time  Bug Name
***    2  divide error
The bug was found.

==== Syzkaller Retrospection ====
11 Syzkaller commits from [2018-01-06].

2023-06-20 01:21:08
Session:   15
Template:  2018-01-06 - 19c05fffcb1860b2dcf17989b40ca16ed259fdea
Syzkaller: 2018-01-06 - 19c05fffcb1860b2dcf17989b40ca16ed259fdea
Kernel:    2018-01-06 - f84d595a5b6e11620a56db6c1cf0988834e6eb5b
Compiler:  gcc-7.1.1-20170620
The bug was found in a previous identical fuzzing session.

2023-06-20 01:21:08
Session:   16
Template:  2018-01-06 - 07703435fa60e47c5730c5dd243534d8669b3152
Syzkaller: 2018-01-06 - 07703435fa60e47c5730c5dd243534d8669b3152
Kernel:    2018-01-06 - f84d595a5b6e11620a56db6c1cf0988834e6eb5b
Compiler:  gcc-7.1.1-20170620
Attempt 1:
    Time  Bug Name
      13  WARNING in dio_complete
      13  WARNING in dio_complete
      13  WARNING in dio_complete
      14  WARNING in dio_complete
      18  WARNING in dio_complete
      22  WARNING in dio_complete
      46  WARNING in dio_complete
Attempt 2:
    No crashes found.
Attempt 3:
    Time  Bug Name
      26  WARNING in dio_complete
      26  WARNING in dio_complete
      27  WARNING in dio_complete
      27  WARNING in dio_complete
      28  WARNING in dio_complete
      28  WARNING in dio_complete
      29  WARNING in dio_complete
      30  WARNING in dio_complete
      30  WARNING in dio_complete
      30  WARNING in dio_complete
      31  WARNING in dio_complete
      32  WARNING in dio_complete
      33  WARNING in dio_complete
      33  WARNING in dio_complete
      33  WARNING in dio_complete
      35  WARNING in dio_complete
      35  WARNING in dio_complete
      35  WARNING in dio_complete
      36  WARNING in dio_complete
      36  WARNING in dio_complete
      37  WARNING in dio_complete
      37  WARNING in dio_complete
      38  WARNING in dio_complete
      38  WARNING in dio_complete
      39  WARNING in dio_complete
      39  WARNING in dio_complete
      39  WARNING in dio_complete
      39  WARNING in dio_complete
      40  WARNING in dio_complete
      41  WARNING in dio_complete
      41  WARNING in dio_complete
      42  WARNING in dio_complete
      42  WARNING in dio_complete
      43  WARNING in dio_complete
      43  WARNING in dio_complete
      44  WARNING in dio_complete
      44  WARNING in dio_complete
      44  WARNING in dio_complete
      45  WARNING in dio_complete
      45  WARNING in dio_complete
      46  WARNING in dio_complete
      46  WARNING in dio_complete
      46  WARNING in dio_complete
      46  WARNING in dio_complete
      47  WARNING in dio_complete
      47  WARNING in dio_complete
      47  WARNING in dio_complete
      48  WARNING in dio_complete
      49  WARNING in dio_complete
      49  WARNING in dio_complete
      49  WARNING in dio_complete
      50  WARNING in dio_complete
      50  WARNING in dio_complete
      50  WARNING in dio_complete
      51  WARNING in dio_complete
      51  WARNING in dio_complete
      51  WARNING in dio_complete
      52  WARNING in dio_complete
      52  WARNING in dio_complete
      52  WARNING in dio_complete
      53  WARNING in dio_complete
      53  WARNING in dio_complete
      55  WARNING in dio_complete
      55  WARNING in dio_complete
      56  WARNING in dio_complete
      57  WARNING in dio_complete
      57  WARNING in dio_complete
      58  WARNING in dio_complete
      59  WARNING in dio_complete
      59  WARNING in dio_complete
      59  WARNING in dio_complete
      60  WARNING in dio_complete
      60  WARNING in dio_complete
      60  WARNING in dio_complete
The bug was not found.

====================================================================================================================================================
Revealing Factor:   Syzkaller Update
Version:            2018-01-06 - 19c05fffcb1860b2dcf17989b40ca16ed259fdea
Commit Name:        dashboard/app: receive and log email bounces

Bug Name:           divide error in ___bpf_prog_run
Bug Link:           https://syzkaller.appspot.com/bug?id=f698e37dae8c3eda978622cbd7747f61259c9d3a
Arch:               i386
Finding Date:       2018-01-12
Finding Commit:     2018-01-12 - c92a9a461dff6140c539c61e457aa97df29517d6
Guilty Merge:       2014-05-15 - 1f499d6a3b5e377312d607e6e9c055f4210ad0b7
Guilty Commit:      2014-05-15 - 622582786c9e041d0bd52bde201787adeab249f8

Possible Blocking Bugs:
    WARNING in dio_complete
