WARNING: ODEBUG bug in __queue_work,https://syzkaller.appspot.com/bug?id=a9059e35fd1d9ce78727787e3c542be2d8c23b5b
Repository: linux
Arch: amd64
Finding: 2018-02-16 - 1a2a7d3ee659e477e0768ac3fc7579794f89071b
Guilty:  2010-06-15 - 0902b469bd25065aa0688c3cee6f11744c817e7c
Duplicate Names:
    WARNING: ODEBUG bug in __queue_work
    WARNING in __queue_work
VMs:4
CPUs:4
Procs:24
Max time:30
Max attempts:3
Testing the finding commit.

2023-04-29 09:42:59
Session:   1
Template:  2018-02-15 - c8b3f7c1d16a970f1c8c61f1d514188502bbe571
Syzkaller: 2018-02-15 - c8b3f7c1d16a970f1c8c61f1d514188502bbe571
Kernel:    2018-02-16 - 1a2a7d3ee659e477e0768ac3fc7579794f89071b
Compiler:  gcc-8.0.1-20180301
Attempt 1:
    Time  Bug Name
      30  lost connection to test machine
      30  lost connection to test machine
Attempt 2:
    Time  Bug Name
      26  lost connection to test machine
Attempt 3:
    No crashes found.
Attempt 4: (RETRY)
    Time  Bug Name
      29  lost connection to test machine
Attempt 5: (RETRY)
    Time  Bug Name
      29  lost connection to test machine
      29  lost connection to test machine
      29  lost connection to test machine
Attempt 6: (RETRY)
    Time  Bug Name
      27  lost connection to test machine
      27  lost connection to test machine
      27  lost connection to test machine
The bug was not found.
Warning: This session is unstable.

Failure: This bug cannot be found at the finding commit.
