general protection fault in skb_segment,https://syzkaller.appspot.com/bug?id=acb8c86b04c5631736c851bb750e527350d76164
Repository: linux
Arch: amd64
Finding: 2018-01-05 - 89876f275e8d562912d9c238cd888b52065cf25c
Guilty:  2016-06-03 - 90017accff61ae89283ad9a51f9ac46ca01633fb
No Duplicates
VMs:4
CPUs:4
Procs:24
Max time:30
Max attempts:3
Testing the finding commit.

2023-05-02 07:03:04
Session:   1
Template:  2018-01-06 - 19c05fffcb1860b2dcf17989b40ca16ed259fdea
Syzkaller: 2018-01-06 - 19c05fffcb1860b2dcf17989b40ca16ed259fdea
Kernel:    2018-01-05 - 89876f275e8d562912d9c238cd888b52065cf25c
Compiler:  gcc-7.1.1-20170620
Attempt 1:
    No crashes found.
Attempt 2:
    No crashes found.
Attempt 3:
    No crashes found.
The bug was not found.

Failure: This bug cannot be found at the finding commit.
