INFO: rcu detected stall,https://syzkaller.appspot.com/bug?id=6c1b04a3fa68d252d38ef6aa79993865d4124a88
Repository: linux
Arch: i386
Finding: 2017-11-01 - 3a99df9a3d14cd866b5516f8cba515a3bfd554ab
Guilty:  2009-02-05 - 33dccbb050bbe35b88ca8cf1228dcf3e4d4b3554
No Duplicates
VMs:4
CPUs:4
Procs:24
Max time:30
Max attempts:3
Testing the finding commit.

2023-06-20 23:28:25
Session:   1
Template:  2017-11-01 - e511d9f8d8f1889892d53dd0317f3e99c024f3d5
Syzkaller: 2017-11-01 - e511d9f8d8f1889892d53dd0317f3e99c024f3d5
Kernel:    2017-11-01 - 3a99df9a3d14cd866b5516f8cba515a3bfd554ab
Compiler:  gcc-7.1.1-20170620
Attempt 1:
    No crashes found.
Attempt 2:
    No crashes found.
Attempt 3:
    Time  Bug Name
      23  WARNING in dio_complete
      29  WARNING in dio_complete
      29  WARNING in dio_complete
The bug was not found.

Failure: This bug cannot be found at the finding commit.
