general protection fault in crypto_chacha20_crypt,https://syzkaller.appspot.com/bug?id=d767177245c54af614d5241159cce56995eef0db
Repository: linux
Arch: amd64
Finding: 2017-12-10 - 50c4c4e268a2d7a3e58ebb698ac74da0de40ae36
Guilty:  2017-10-07 - 0cabf2af6f5ac3c88cb106c4e06087a5a39b8e1e
Duplicate Names:
    general protection fault in crypto_chacha20_crypt
    KASAN: global-out-of-bounds Read in crypto_chacha20_crypt
    possible deadlock
VMs:4
CPUs:4
Procs:24
Max time:30
Max attempts:3
Testing the finding commit.

2023-05-06 15:39:33
Session:   1
Template:  2017-12-11 - da131727fbd586457e2dc17855f8b3967d01373f
Syzkaller: 2017-12-11 - da131727fbd586457e2dc17855f8b3967d01373f
Kernel:    2017-12-11 - 50c4c4e268a2d7a3e58ebb698ac74da0de40ae36
Compiler:  gcc-7.1.1-20170620
Attempt 1:
    Time  Bug Name
      27  lost connection to test machine
      28  BUG: unable to handle kernel NULL pointer dereference in qlist_free_all
      29  KASAN: stack-out-of-bounds Read in crypto_chacha20_crypt
      30  general protection fault in af_alg_free_areq_sgls
      30  general protection fault in af_alg_free_areq_sgls
      30  KASAN: use-after-free Read in crypto_chacha20_crypt
Attempt 2:
    Time  Bug Name
      14  general protection fault in af_alg_free_areq_sgls
      15  general protection fault in af_alg_free_areq_sgls
      15  general protection fault in af_alg_free_areq_sgls
      16  general protection fault in af_alg_free_areq_sgls
      17  general protection fault in af_alg_free_areq_sgls
      18  general protection fault in af_alg_free_areq_sgls
      19  general protection fault in af_alg_free_areq_sgls
      20  BUG: bad usercopy in ___sys_sendmsg
      21  WARNING: kernel stack regs has bad 'bp' value
      22  general protection fault in af_alg_free_areq_sgls
      22  general protection fault in af_alg_free_areq_sgls
      22  WARNING: kernel stack regs has bad 'bp' value
      23  WARNING: kernel stack regs has bad 'bp' value
      23  WARNING: kernel stack regs has bad 'bp' value
      24  WARNING: kernel stack regs has bad 'bp' value
      25  general protection fault in af_alg_free_areq_sgls
      25  WARNING: kernel stack regs has bad 'bp' value
      25  WARNING: kernel stack regs has bad 'bp' value
      26  WARNING: kernel stack regs has bad 'bp' value
      26  BUG: unable to handle kernel paging request in crypto_chacha20_crypt
      27  general protection fault in af_alg_free_areq_sgls
      27  WARNING: kernel stack regs has bad 'bp' value
      27  WARNING: kernel stack regs has bad 'bp' value
      28  WARNING: kernel stack regs has bad 'bp' value
      28  WARNING: kernel stack regs has bad 'bp' value
      29  general protection fault in af_alg_free_areq_sgls
***   29  general protection fault in crypto_chacha20_crypt
      29  WARNING: kernel stack regs has bad 'bp' value
Attempt 3:
    Time  Bug Name
      25  WARNING: kernel stack regs has bad 'bp' value
      25  BUG: unable to handle kernel paging request in qlist_free_all
      26  general protection fault in af_alg_free_areq_sgls
      27  general protection fault in af_alg_free_areq_sgls
      27  WARNING: kernel stack regs has bad 'bp' value
      28  BUG: bad usercopy in ___sys_sendmsg
      29  WARNING: kernel stack regs has bad 'bp' value
      29  WARNING: kernel stack regs has bad 'bp' value
      29  suspicious RCU usage at ./include/trace/events/kmem.h:LINE
      30  WARNING: kernel stack regs has bad 'bp' value
      30  WARNING: kernel stack regs has bad 'bp' value
Attempt 4: (RETRY)
    Time  Bug Name
      13  general protection fault in af_alg_free_areq_sgls
      15  suspicious RCU usage at ./include/trace/events/kmem.h:LINE
      16  general protection fault in af_alg_free_areq_sgls
      16  BUG: bad usercopy in SyS_add_key
      16  suspicious RCU usage at ./include/trace/events/kmem.h:LINE
      17  general protection fault in af_alg_free_areq_sgls
      18  general protection fault in af_alg_free_areq_sgls
      18  BUG: bad usercopy in ___sys_sendmsg
      19  general protection fault in af_alg_free_areq_sgls
      19  general protection fault in af_alg_free_areq_sgls
      19  BUG: unable to handle kernel NULL pointer dereference in kfree
      21  general protection fault in af_alg_free_areq_sgls
      21  BUG: bad usercopy in ___sys_sendmsg
***   22  general protection fault in crypto_chacha20_crypt
      22  WARNING: kernel stack regs has bad 'bp' value
      22  WARNING: kernel stack regs has bad 'bp' value
      22  suspicious RCU usage at ./include/trace/events/kmem.h:LINE
The bug was found.

New Max Time: 31.
Merge Commit: 2017-10-12 - 73a752cce2d4e9f704b097e63a79c68d71f7992d.

==== Template Inspection ====
6 template changes in [2017-10-12, 2017-12-11].

2023-05-06 18:29:31
Session:   2
Template:  2017-11-24 - ddf7b3e0655cf6dfeacfe509e477c1486d2cc7db
Syzkaller: 2017-11-24 - ddf7b3e0655cf6dfeacfe509e477c1486d2cc7db
Kernel:    2017-11-24 - 1d3b78bbc6e983fabb3fbf91b76339bf66e4a12c
Compiler:  gcc-7.1.1-20170620
Attempt 1:
    Time  Bug Name
      14  general protection fault in af_alg_free_areq_sgls
      17  general protection fault in af_alg_free_areq_sgls
      17  general protection fault in af_alg_free_areq_sgls
      19  general protection fault in af_alg_free_areq_sgls
      20  WARNING: kernel stack regs has bad 'bp' value
      21  general protection fault in af_alg_free_areq_sgls
      21  general protection fault in af_alg_free_areq_sgls
      23  general protection fault in af_alg_free_areq_sgls
      23  general protection fault in af_alg_free_areq_sgls
      23  suspicious RCU usage at ./include/trace/events/kmem.h:LINE
      24  suspicious RCU usage at ./include/trace/events/kmem.h:LINE
***   26  general protection fault in crypto_chacha20_crypt
      26  WARNING: kernel stack regs has bad 'bp' value
      26  WARNING: kernel stack regs has bad 'bp' value
The bug was found.
Switching to Safe Mode: Fuzzing 5 times at 31 minutes

2023-05-06 19:33:11
Session:   3
Template:  2017-11-03 - 2fb815f28638fe96ce053c39844311dc4c39d4c0
Syzkaller: 2017-11-03 - 2fb815f28638fe96ce053c39844311dc4c39d4c0
Kernel:    2017-11-03 - d4c2e9fca5b7db8d315d93a072e65d0847f8e0c5
Compiler:  gcc-7.1.1-20170620
Attempt 1:
    No crashes found.
Attempt 2:
    No crashes found.
Attempt 3:
    No crashes found.
Attempt 4:
    No crashes found.
Attempt 5:
    No crashes found.
The bug was not found.

2023-05-06 22:47:58
Session:   4
Template:  2017-11-03 - 494a18d9f8ac662b9bf6a94c910318cf59173ad1
Syzkaller: 2017-11-03 - 494a18d9f8ac662b9bf6a94c910318cf59173ad1
Kernel:    2017-11-03 - d4c2e9fca5b7db8d315d93a072e65d0847f8e0c5
Compiler:  gcc-7.1.1-20170620
Attempt 1:
    No crashes found.
Attempt 2:
    No crashes found.
Attempt 3:
    No crashes found.
Attempt 4:
    No crashes found.
Attempt 5:
    No crashes found.
The bug was not found.

2023-05-07 02:43:23
Session:   5
Template:  2017-11-03 - 494a18d9f8ac662b9bf6a94c910318cf59173ad1
Syzkaller: 2017-11-24 - ddf7b3e0655cf6dfeacfe509e477c1486d2cc7db
Kernel:    2017-11-24 - 1d3b78bbc6e983fabb3fbf91b76339bf66e4a12c
Compiler:  gcc-7.1.1-20170620
Attempt 1:
    No crashes found.
Attempt 2:
    Time  Bug Name
      26  kernel BUG at mm/usercopy.c:LINE!
Attempt 3:
    No crashes found.
Attempt 4:
    Time  Bug Name
      27  BUG: unable to handle kernel NULL pointer dereference in qlist_free_all
Attempt 5:
    No crashes found.
The bug was not found.

====================================================================================================================================================
Revealing Factor:   Template Update
Version:            2017-11-24 - ddf7b3e0655cf6dfeacfe509e477c1486d2cc7db
Commit Name:        sys/linux: improve AF_ALG alg name generation

Bug Name:           general protection fault in crypto_chacha20_crypt
Bug Link:           https://syzkaller.appspot.com/bug?id=d767177245c54af614d5241159cce56995eef0db
Arch:               amd64
Finding Date:       2017-12-11
Finding Commit:     2017-12-11 - 50c4c4e268a2d7a3e58ebb698ac74da0de40ae36
Guilty Merge:       2017-10-12 - 73a752cce2d4e9f704b097e63a79c68d71f7992d
Guilty Commit:      2017-10-07 - 0cabf2af6f5ac3c88cb106c4e06087a5a39b8e1e

Possible Blocking Bugs:
    WARNING: kernel stack regs has bad 'bp' value
