possible deadlock in smc_close_non_accepted,https://syzkaller.appspot.com/bug?id=aa3dcb8dc275eeec3958f09873547b76ae4434de
Repository: linux
Arch: i386
Finding: 2018-03-01 - 8da5db7ddae1bed11e81ff419496cdea0ad77791
Guilty:  2018-01-26 - 127f497058236e5f07672e11382232f80cb7e8c4
No Duplicates
VMs:4
CPUs:4
Procs:24
Max time:30
Max attempts:3
Testing the finding commit.

2023-06-16 11:49:23
Session:   1
Template:  2018-03-01 - 2c6f473e0f0965926877f7d05d4203e466d8dcc0
Syzkaller: 2018-03-01 - 2c6f473e0f0965926877f7d05d4203e466d8dcc0
Kernel:    2018-03-01 - 8da5db7ddae1bed11e81ff419496cdea0ad77791
Compiler:  gcc-8.0.1-20180301
Attempt 1:
    Time  Bug Name
***    2  possible deadlock in smc_close_non_accepted
Attempt 2:
    Time  Bug Name
***    2  possible deadlock in smc_close_non_accepted
Attempt 3:
    Time  Bug Name
***    1  possible deadlock in smc_close_non_accepted
The bug was found.

New Max Time: 10.
Merge Commit: 2018-01-26 - 72a231b7a7c801d413fb3aacaff04af6457a59b7.

==== Template Inspection ====
9 template changes in [2018-01-26, 2018-03-02].

2023-06-16 12:07:22
Session:   2
Template:  2018-02-23 - e229ac7779c82d5cdf27243e7699a2175c785f80
Syzkaller: 2018-02-23 - e229ac7779c82d5cdf27243e7699a2175c785f80
Kernel:    2018-02-23 - 9cb9c07d6b0c5fd97d83b8ab14d7e308ba4b612f
Compiler:  gcc-8.0.1-20180301
Attempt 1:
    Time  Bug Name
       2  KASAN: alloca-out-of-bounds Read in tick_sched_handle
Attempt 2:
    No crashes found.
Attempt 3:
    No crashes found.
The bug was not found.

2023-06-16 12:46:56
Session:   3
Template:  2018-02-26 - b37b65b0e69a4d22551aa6a207856ad7b3801e69
Syzkaller: 2018-02-26 - b37b65b0e69a4d22551aa6a207856ad7b3801e69
Kernel:    2018-02-26 - 6f70eb2b00eb416146247c65003d31f4df983ce0
Compiler:  gcc-8.0.1-20180301
Attempt 1:
    Time  Bug Name
       2  KASAN: alloca-out-of-bounds Read in tick_sched_handle
***    2  possible deadlock in smc_close_non_accepted
The bug was found.

2023-06-16 12:59:33
Session:   4
Template:  2018-02-26 - 67f0e5ba11d8226e59fdd33923961e0b4db9f66f
Syzkaller: 2018-02-26 - 67f0e5ba11d8226e59fdd33923961e0b4db9f66f
Kernel:    2018-02-26 - 6f70eb2b00eb416146247c65003d31f4df983ce0
Compiler:  gcc-8.0.1-20180301
Attempt 1:
    No crashes found.
Attempt 2:
    Time  Bug Name
       2  KASAN: alloca-out-of-bounds Read in tick_sched_handle
Attempt 3:
    No crashes found.
The bug was not found.

2023-06-16 13:39:05
Session:   5
Template:  2018-02-26 - 67f0e5ba11d8226e59fdd33923961e0b4db9f66f
Syzkaller: 2018-02-26 - b37b65b0e69a4d22551aa6a207856ad7b3801e69
Kernel:    2018-02-26 - 6f70eb2b00eb416146247c65003d31f4df983ce0
Compiler:  gcc-8.0.1-20180301
Attempt 1:
    No crashes found.
Attempt 2:
    Time  Bug Name
       2  KASAN: alloca-out-of-bounds Read in tick_sched_handle
Attempt 3:
    No crashes found.
The bug was not found.

====================================================================================================================================================
Revealing Factor:   Template Update
Version:            2018-02-26 - b37b65b0e69a4d22551aa6a207856ad7b3801e69
Commit Name:        sys/linux: remove proc type from network descriptions

Bug Name:           possible deadlock in smc_close_non_accepted
Bug Link:           https://syzkaller.appspot.com/bug?id=aa3dcb8dc275eeec3958f09873547b76ae4434de
Arch:               i386
Finding Date:       2018-03-02
Finding Commit:     2018-03-01 - 8da5db7ddae1bed11e81ff419496cdea0ad77791
Guilty Merge:       2018-01-26 - 72a231b7a7c801d413fb3aacaff04af6457a59b7
Guilty Commit:      2018-01-26 - 127f497058236e5f07672e11382232f80cb7e8c4

Possible Blocking Bugs:
