KASAN: use-after-free Read in crypto_morus640_decrypt_chunk,https://syzkaller.appspot.com/bug?id=31ff36b2c31145d03c7469e4a54c1cf32682864e
Repository: linux
Arch: amd64
Finding: 2018-06-12 - f5b7769eb0400ec5217a47e41148a9f816ca1f9f
Guilty:  2018-05-19 - 396be41f16fd05af6c914eeb2c96e0cc2dadf28c
Duplicate Names:
    KASAN: slab-out-of-bounds Read in crypto_morus640_decrypt_chunk
    KASAN: use-after-free Read in crypto_morus640_decrypt_chunk
Multi-Proc Allocation.
VMs:4
CPUs:4
Procs:24
Max time:30
Max attempts:3
Testing the finding commit.

2023-04-15 18:23:32
Session:   1
Template:  2018-06-12 - 27c5f59f504f562333e3cd5e715fea5cb69c396e
Syzkaller: 2018-06-12 - 27c5f59f504f562333e3cd5e715fea5cb69c396e
Kernel:    2018-06-13 - f5b7769eb0400ec5217a47e41148a9f816ca1f9f
Compiler:  gcc-8.0.1-20180412
Attempt 1:
    Time  Bug Name
      25  lost connection to test machine
      29  WARNING: kernel stack regs has bad 'bp' value
      30  WARNING: kernel stack regs has bad 'bp' value
Attempt 2:
    Time  Bug Name
      30  WARNING: kernel stack regs has bad 'bp' value
Attempt 3:
    No crashes found.
Attempt 4: (RETRY)
    Time  Bug Name
      24  lost connection to test machine
      24  lost connection to test machine
***   25  KASAN: use-after-free Read in crypto_morus640_decrypt_chunk
Attempt 5: (RETRY)
    Time  Bug Name
      21  lost connection to test machine
      21  lost connection to test machine
      23  WARNING: kernel stack regs has bad 'bp' value
Attempt 6: (RETRY)
    No crashes found.
The bug was found.

New Max Time: 31.
Merge Commit: 2018-06-05 - 3e1a29b3bf66c2850ea8eba78c59c234921c0b69.

==== Template Retrospection ====
1 template change in [2018-06-05, 2018-06-13].

2023-04-15 22:09:48
Session:   2
Template:  2018-06-07 - 85e7c1404ffb155db3fd40b21467402b308f2a7c
Syzkaller: 2018-06-07 - 85e7c1404ffb155db3fd40b21467402b308f2a7c
Kernel:    2018-06-07 - ba1b7309fc2e909a5828c36a7cd187e5d7df6f53
Compiler:  gcc-8.0.1-20180412
Attempt 1:
    Time  Bug Name
      20  lost connection to test machine
      25  WARNING: kernel stack regs has bad 'bp' value
      28  WARNING in set_precision
Attempt 2:
    Time  Bug Name
      23  WARNING: kernel stack frame pointer has bad value
Attempt 3:
    Time  Bug Name
      30  WARNING: kernel stack regs has bad 'bp' value
      30  lost connection to test machine
Attempt 4: (RETRY)
    Time  Bug Name
      24  no output from test machine
Attempt 5: (RETRY)
    Time  Bug Name
      29  no output from test machine
The bug was not found.
Warning: This session is unstable.

==== Kernel Retrospection ====
82 Linux commits in [2018-06-07, 2018-06-13].

2023-04-16 02:06:36
Session:   3
Template:  2018-06-08 - 866118af36a38963903be2bdee4aff0c36ae365f
Syzkaller: 2018-06-08 - 866118af36a38963903be2bdee4aff0c36ae365f
Kernel:    2018-06-10 - a8a4021b776b4475e8a4657185a718cdfc07b88c
Compiler:  gcc-8.0.1-20180412
Warning: Syzkaller log file exceeded 5000 lines.
Saved at /mnt/sda/author/SyzInspector/wd-inspector-4/log/bug1004-boot_failure.log.
Attempt 1:
    Time  Bug Name
      31  boot failure
Warning: Syzkaller log file exceeded 5000 lines.
Saved at /mnt/sda/author/SyzInspector/wd-inspector-4/log/bug1004-boot_failure.log.
Attempt 2:
    Time  Bug Name
      31  boot failure
Warning: Syzkaller log file exceeded 5000 lines.
Saved at /mnt/sda/author/SyzInspector/wd-inspector-4/log/bug1004-boot_failure.log.
Attempt 3:
    Time  Bug Name
      21  boot failure
Warning: Syzkaller log file exceeded 5000 lines.
Saved at /mnt/sda/author/SyzInspector/wd-inspector-4/log/bug1004-boot_failure.log.
Attempt 4: (RETRY)
    Time  Bug Name
      31  boot failure
Warning: Syzkaller log file exceeded 5000 lines.
Saved at /mnt/sda/author/SyzInspector/wd-inspector-4/log/bug1004-boot_failure.log.
Attempt 5: (RETRY)
    Time  Bug Name
      21  boot failure
Warning: Syzkaller log file exceeded 5000 lines.
Saved at /mnt/sda/author/SyzInspector/wd-inspector-4/log/bug1004-boot_failure.log.
Attempt 6: (RETRY)
    Time  Bug Name
      21  boot failure
The bug was not found.
Warning: This session is unstable.

2023-04-16 06:11:43
Session:   4
Template:  2018-06-08 - 866118af36a38963903be2bdee4aff0c36ae365f
Syzkaller: 2018-06-08 - 866118af36a38963903be2bdee4aff0c36ae365f
Kernel:    2018-06-09 - 7d3bf613e99abbd96ac7b90ee3694a246c975021
Compiler:  gcc-8.0.1-20180412
Warning: Syzkaller log file exceeded 5000 lines.
Saved at /mnt/sda/author/SyzInspector/wd-inspector-4/log/bug1004-boot_failure.log.
Attempt 1:
    Time  Bug Name
      31  boot failure
Warning: Syzkaller log file exceeded 5000 lines.
Saved at /mnt/sda/author/SyzInspector/wd-inspector-4/log/bug1004-boot_failure.log.
Attempt 2:
    Time  Bug Name
      31  boot failure
Warning: Syzkaller log file exceeded 5000 lines.
Saved at /mnt/sda/author/SyzInspector/wd-inspector-4/log/bug1004-boot_failure.log.
Attempt 3:
    Time  Bug Name
      21  boot failure
Warning: Syzkaller log file exceeded 5000 lines.
Saved at /mnt/sda/author/SyzInspector/wd-inspector-4/log/bug1004-boot_failure.log.
Attempt 4: (RETRY)
    Time  Bug Name
      31  boot failure
Warning: Syzkaller log file exceeded 5000 lines.
Saved at /mnt/sda/author/SyzInspector/wd-inspector-4/log/bug1004-boot_failure.log.
Attempt 5: (RETRY)
    Time  Bug Name
      31  boot failure
Warning: Syzkaller log file exceeded 5000 lines.
Saved at /mnt/sda/author/SyzInspector/wd-inspector-4/log/bug1004-boot_failure.log.
Attempt 6: (RETRY)
    Time  Bug Name
      21  boot failure
The bug was not found.
Warning: This session is unstable.

2023-04-16 10:30:34
Session:   5
Template:  2018-06-08 - 866118af36a38963903be2bdee4aff0c36ae365f
Syzkaller: 2018-06-08 - 866118af36a38963903be2bdee4aff0c36ae365f
Kernel:    2018-06-08 - 4a189982e293e662d719f5dd3ba6eec247d7bbc2
Compiler:  gcc-8.0.1-20180412
Attempt 1:
    Time  Bug Name
      19  lost connection to test machine
      21  INFO: task hung in __sb_start_write
      27  INFO: task hung in __sb_start_write
Attempt 2:
    Time  Bug Name
      18  lost connection to test machine
      20  WARNING: kernel stack frame pointer has bad value
      25  WARNING: kernel stack regs has bad 'bp' value
      29  WARNING: kernel stack regs has bad 'bp' value
Attempt 3:
    No crashes found.
Attempt 4: (RETRY)
    Time  Bug Name
      30  WARNING: kernel stack regs has bad 'bp' value
      30  lost connection to test machine
      30  lost connection to test machine
Attempt 5: (RETRY)
    Time  Bug Name
      14  WARNING: kernel stack regs has bad 'bp' value
Attempt 6: (RETRY)
    Time  Bug Name
      19  lost connection to test machine
      23  lost connection to test machine
      24  WARNING: kernel stack regs has bad 'bp' value
      28  WARNING: kernel stack regs has bad 'bp' value
The bug was not found.
Warning: This session is unstable.

2023-04-16 14:54:03
Session:   6
Template:  2018-06-07 - 645e75f8038d1b177ead2d6ea0b3ade6f7f9d985
Syzkaller: 2018-06-07 - 645e75f8038d1b177ead2d6ea0b3ade6f7f9d985
Kernel:    2018-06-07 - 3a979e8c07e3ee9933016368db0a55943b00a089
Compiler:  gcc-8.0.1-20180412
Attempt 1:
    Time  Bug Name
      17  lost connection to test machine
      27  WARNING: kernel stack regs has bad 'bp' value
Attempt 2:
    Time  Bug Name
      23  WARNING: kernel stack regs has bad 'bp' value
      24  WARNING: kernel stack regs has bad 'bp' value
Attempt 3:
    Time  Bug Name
      16  lost connection to test machine
      29  no output from test machine
      29  WARNING in smc_unhash_sk
Attempt 4: (RETRY)
    Time  Bug Name
      15  lost connection to test machine
      19  WARNING: kernel stack frame pointer has bad value
      27  INFO: task hung in aead_recvmsg
Attempt 5: (RETRY)
    Time  Bug Name
      25  WARNING: kernel stack frame pointer has bad value
      31  no output from test machine
Attempt 6: (RETRY)
    Time  Bug Name
      17  WARNING: kernel stack regs has bad 'bp' value
The bug was not found.
Warning: This session is unstable.

2023-04-16 19:23:54
Session:   7
Template:  2018-06-07 - 645e75f8038d1b177ead2d6ea0b3ade6f7f9d985
Syzkaller: 2018-06-07 - 645e75f8038d1b177ead2d6ea0b3ade6f7f9d985
Kernel:    2018-06-07 - 1c8c5a9d38f607c0b6fd12c91cbe1a4418762a21
Compiler:  gcc-8.0.1-20180412
Attempt 1:
    Time  Bug Name
      13  no output from test machine
      23  WARNING in smc_unhash_sk
      24  WARNING: kernel stack frame pointer has bad value
      31  lost connection to test machine
Attempt 2:
    Time  Bug Name
      22  no output from test machine
      29  WARNING: kernel stack frame pointer has bad value
      31  WARNING: kernel stack regs has bad 'bp' value
Attempt 3:
    Time  Bug Name
      15  no output from test machine
Attempt 4: (RETRY)
    Time  Bug Name
      15  no output from test machine
      21  general protection fault in __vfs_write
The bug was not found.

2023-04-16 22:29:15
Session:   8
Template:  2018-06-08 - 866118af36a38963903be2bdee4aff0c36ae365f
Syzkaller: 2018-06-08 - 866118af36a38963903be2bdee4aff0c36ae365f
Kernel:    2018-06-10 - 9f3fbe852a510fbc0782f71e3b767418ed809cf4
Compiler:  gcc-8.0.1-20180412
Warning: Syzkaller log file exceeded 5000 lines.
Saved at /mnt/sda/author/SyzInspector/wd-inspector-4/log/bug1004-boot_failure.log.
Attempt 1:
    Time  Bug Name
      21  boot failure
Warning: Syzkaller log file exceeded 5000 lines.
Saved at /mnt/sda/author/SyzInspector/wd-inspector-4/log/bug1004-boot_failure.log.
Attempt 2:
    Time  Bug Name
      31  boot failure
Warning: Syzkaller log file exceeded 5000 lines.
Saved at /mnt/sda/author/SyzInspector/wd-inspector-4/log/bug1004-boot_failure.log.
Attempt 3:
    Time  Bug Name
      21  boot failure
Warning: Syzkaller log file exceeded 5000 lines.
Saved at /mnt/sda/author/SyzInspector/wd-inspector-4/log/bug1004-boot_failure.log.
Attempt 4: (RETRY)
    Time  Bug Name
      31  boot failure
Warning: Syzkaller log file exceeded 5000 lines.
Saved at /mnt/sda/author/SyzInspector/wd-inspector-4/log/bug1004-boot_failure.log.
Attempt 5: (RETRY)
    Time  Bug Name
      31  boot failure
Warning: Syzkaller log file exceeded 5000 lines.
Saved at /mnt/sda/author/SyzInspector/wd-inspector-4/log/bug1004-boot_failure.log.
Attempt 6: (RETRY)
    Time  Bug Name
      31  boot failure
The bug was not found.
Warning: This session is unstable.

2023-04-17 02:36:16
Session:   9
Template:  2018-06-08 - 866118af36a38963903be2bdee4aff0c36ae365f
Syzkaller: 2018-06-08 - 866118af36a38963903be2bdee4aff0c36ae365f
Kernel:    2018-06-09 - eafdca4d7010a0e019aaaace3dd71b432a69b54c
Compiler:  gcc-8.0.1-20180412
Warning: Syzkaller log file exceeded 5000 lines.
Saved at /mnt/sda/author/SyzInspector/wd-inspector-4/log/bug1004-boot_failure.log.
Attempt 1:
    Time  Bug Name
      31  boot failure
Warning: Syzkaller log file exceeded 5000 lines.
Saved at /mnt/sda/author/SyzInspector/wd-inspector-4/log/bug1004-boot_failure.log.
Attempt 2:
    Time  Bug Name
      21  boot failure
Warning: Syzkaller log file exceeded 5000 lines.
Saved at /mnt/sda/author/SyzInspector/wd-inspector-4/log/bug1004-boot_failure.log.
Attempt 3:
    Time  Bug Name
      31  boot failure
Warning: Syzkaller log file exceeded 5000 lines.
Saved at /mnt/sda/author/SyzInspector/wd-inspector-4/log/bug1004-boot_failure.log.
Attempt 4: (RETRY)
    Time  Bug Name
      31  boot failure
Warning: Syzkaller log file exceeded 5000 lines.
Saved at /mnt/sda/author/SyzInspector/wd-inspector-4/log/bug1004-boot_failure.log.
Attempt 5: (RETRY)
    Time  Bug Name
      21  boot failure
Warning: Syzkaller log file exceeded 5000 lines.
Saved at /mnt/sda/author/SyzInspector/wd-inspector-4/log/bug1004-boot_failure.log.
Attempt 6: (RETRY)
    Time  Bug Name
      31  boot failure
The bug was not found.
Warning: This session is unstable.

2023-04-17 06:47:41
Session:   10
Template:  2018-06-08 - 866118af36a38963903be2bdee4aff0c36ae365f
Syzkaller: 2018-06-08 - 866118af36a38963903be2bdee4aff0c36ae365f
Kernel:    2018-06-08 - 9eb86c75494ee6a5f789bc6c11b43feff2ccfeb6
Compiler:  gcc-8.0.1-20180412
Attempt 1:
    Time  Bug Name
      28  lost connection to test machine
      31  WARNING: kernel stack frame pointer has bad value
Attempt 2:
    Time  Bug Name
      11  no output from test machine
      27  WARNING: kernel stack frame pointer has bad value
      31  WARNING: kernel stack regs has bad 'bp' value
Attempt 3:
    Time  Bug Name
      21  lost connection to test machine
      24  WARNING: kernel stack regs has bad 'bp' value
Attempt 4: (RETRY)
    Time  Bug Name
      20  lost connection to test machine
      23  no output from test machine
      26  WARNING: kernel stack regs has bad 'bp' value
Attempt 5: (RETRY)
    Time  Bug Name
      23  no output from test machine
Attempt 6: (RETRY)
    Time  Bug Name
      17  lost connection to test machine
The bug was not found.
Warning: This session is unstable.

2023-04-17 11:06:04
Session:   11
Template:  2018-06-07 - 645e75f8038d1b177ead2d6ea0b3ade6f7f9d985
Syzkaller: 2018-06-07 - 645e75f8038d1b177ead2d6ea0b3ade6f7f9d985
Kernel:    2018-06-07 - edb2a385ec331fda7ecb5502d63e5e8be86b7a84
Compiler:  gcc-8.0.1-20180412
Attempt 1:
    Time  Bug Name
      15  no output from test machine
Attempt 2:
    Time  Bug Name
      23  lost connection to test machine
      30  WARNING in smc_unhash_sk
      31  WARNING: kernel stack regs has bad 'bp' value
Attempt 3:
    Time  Bug Name
      25  WARNING: kernel stack regs has bad 'bp' value
      27  INFO: task hung in __sb_start_write
      31  WARNING in smc_unhash_sk
Attempt 4: (RETRY)
    Time  Bug Name
      22  lost connection to test machine
      24  WARNING: kernel stack regs has bad 'bp' value
Attempt 5: (RETRY)
    Time  Bug Name
      16  no output from test machine
      31  WARNING in smc_unhash_sk
The bug was not found.
Warning: This session is unstable.

2023-04-17 14:54:52
Session:   12
Template:  2018-06-11 - 62d1af2467768d46623d446efaaf2f2cb6e8350e
Syzkaller: 2018-06-11 - 62d1af2467768d46623d446efaaf2f2cb6e8350e
Kernel:    2018-06-11 - f0dc7f9c6dd99891611fca5849cbc4c6965b690e
Compiler:  gcc-8.0.1-20180412
Attempt 1:
    Time  Bug Name
      17  no output from test machine
      19  WARNING: kernel stack regs has bad 'bp' value
      19  lost connection to test machine
      28  WARNING in smc_unhash_sk
Attempt 2:
    Time  Bug Name
      20  lost connection to test machine
      27  WARNING: kernel stack regs has bad 'bp' value
Attempt 3:
    Time  Bug Name
      21  WARNING: kernel stack regs has bad 'bp' value
      21  lost connection to test machine
      21  lost connection to test machine
      26  WARNING in smc_unhash_sk
      29  INFO: task hung in __sb_start_write
Attempt 4: (RETRY)
    Time  Bug Name
      28  WARNING: kernel stack regs has bad 'bp' value
      30  WARNING: kernel stack regs has bad 'bp' value
Attempt 5: (RETRY)
    Time  Bug Name
      21  lost connection to test machine
      22  WARNING in set_precision
      22  WARNING: kernel stack regs has bad 'bp' value
      28  WARNING in set_precision
Attempt 6: (RETRY)
    Time  Bug Name
      21  INFO: task hung in __sb_start_write
      21  WARNING: kernel stack regs has bad 'bp' value
      21  no output from test machine
      26  WARNING: kernel stack regs has bad 'bp' value
The bug was not found.
Warning: This session is unstable.

2023-04-17 18:31:27
Session:   13
Template:  2018-06-11 - 62d1af2467768d46623d446efaaf2f2cb6e8350e
Syzkaller: 2018-06-11 - 62d1af2467768d46623d446efaaf2f2cb6e8350e
Kernel:    2018-06-11 - e16c4790de39dc861b749674c2a9319507f6f64f
Compiler:  gcc-8.0.1-20180412
Attempt 1:
    Time  Bug Name
      14  no output from test machine
      17  WARNING: kernel stack regs has bad 'bp' value
      17  WARNING: kernel stack regs has bad 'bp' value
      26  INFO: task hung in __sb_start_write
      26  no output from test machine
      28  WARNING in smc_unhash_sk
      28  WARNING: kernel stack frame pointer has bad value
Attempt 2:
    Time  Bug Name
      26  lost connection to test machine
      29  WARNING in set_precision
      29  WARNING: kernel stack regs has bad 'bp' value
      31  WARNING: kernel stack regs has bad 'bp' value
      31  WARNING: kernel stack regs has bad 'bp' value
Attempt 3:
    Time  Bug Name
      21  lost connection to test machine
      23  WARNING: kernel stack regs has bad 'bp' value
      25  WARNING in smc_unhash_sk
      25  WARNING in smc_unhash_sk
      29  WARNING in smc_unhash_sk
      30  WARNING: kernel stack regs has bad 'bp' value
Attempt 4: (RETRY)
    Time  Bug Name
      26  WARNING: kernel stack regs has bad 'bp' value
Attempt 5: (RETRY)
    Time  Bug Name
      23  lost connection to test machine
      26  WARNING: kernel stack regs has bad 'bp' value
      26  no output from test machine
      26  WARNING in smc_unhash_sk
Attempt 6: (RETRY)
    Time  Bug Name
      18  lost connection to test machine
      21  WARNING: kernel stack regs has bad 'bp' value
      31  WARNING in smc_unhash_sk
The bug was not found.
Warning: This session is unstable.

2023-04-17 22:01:32
Session:   14
Template:  2018-06-12 - 27c5f59f504f562333e3cd5e715fea5cb69c396e
Syzkaller: 2018-06-12 - 27c5f59f504f562333e3cd5e715fea5cb69c396e
Kernel:    2018-06-12 - 763f96944c954ce0e00a10a7bdfe29adbe4f92eb
Compiler:  gcc-8.0.1-20180412
Attempt 1:
    Time  Bug Name
      29  no output from test machine
      29  WARNING: kernel stack frame pointer has bad value
Attempt 2:
    No crashes found.
Attempt 3:
    Time  Bug Name
      24  WARNING: kernel stack regs has bad 'bp' value
      28  WARNING in smc_unhash_sk
The bug was not found.

2023-04-18 00:03:57
Session:   15
Template:  2018-06-12 - 27c5f59f504f562333e3cd5e715fea5cb69c396e
Syzkaller: 2018-06-12 - 27c5f59f504f562333e3cd5e715fea5cb69c396e
Kernel:    2018-06-12 - a205f0c974db78c6a1a8ce31cd4c0b45ac45ea40
Compiler:  gcc-8.0.1-20180412
Attempt 1:
    Time  Bug Name
      17  lost connection to test machine
      18  WARNING: kernel stack frame pointer has bad value
      25  WARNING: kernel stack frame pointer has bad value
      29  WARNING in smc_unhash_sk
      30  INFO: task hung in __sb_start_write
      31  WARNING in smc_unhash_sk
Attempt 2:
    Time  Bug Name
      23  no output from test machine
      29  WARNING: kernel stack frame pointer has bad value
Attempt 3:
    Time  Bug Name
      18  WARNING: kernel stack frame pointer has bad value
      21  WARNING: kernel stack regs has bad 'bp' value
      29  WARNING in smc_unhash_sk
Attempt 4: (RETRY)
    No crashes found.
The bug was not found.

2023-04-18 02:37:27
Session:   16
Template:  2018-06-12 - 27c5f59f504f562333e3cd5e715fea5cb69c396e
Syzkaller: 2018-06-12 - 27c5f59f504f562333e3cd5e715fea5cb69c396e
Kernel:    2018-06-13 - dbee3d02458b129b847c21f5fa60baba3eafc6f7
Compiler:  gcc-8.0.1-20180412
Attempt 1:
    Time  Bug Name
      31  lost connection to test machine
      31  lost connection to test machine
Attempt 2:
    Time  Bug Name
      25  INFO: task hung in __sb_start_write
      29  WARNING: kernel stack frame pointer has bad value
Attempt 3:
    Time  Bug Name
      20  lost connection to test machine
      25  WARNING: kernel stack regs has bad 'bp' value
      30  WARNING: kernel stack regs has bad 'bp' value
Attempt 4: (RETRY)
    No crashes found.
Attempt 5: (RETRY)
    Time  Bug Name
      20  lost connection to test machine
      24  WARNING: kernel stack regs has bad 'bp' value
      27  WARNING: kernel stack regs has bad 'bp' value
      28  WARNING in smc_unhash_sk
      29  WARNING in smc_unhash_sk
Attempt 6: (RETRY)
    Time  Bug Name
      29  no output from test machine
      31  WARNING: kernel stack regs has bad 'bp' value
The bug was not found.
Warning: This session is unstable.

2023-04-18 06:16:15
Session:   17
Template:  2018-06-12 - 27c5f59f504f562333e3cd5e715fea5cb69c396e
Syzkaller: 2018-06-12 - 27c5f59f504f562333e3cd5e715fea5cb69c396e
Kernel:    2018-06-13 - b08fc5277aaa1d8ea15470d38bf36f19dfb0e125
Compiler:  gcc-8.0.1-20180412
Attempt 1:
    Time  Bug Name
      16  lost connection to test machine
      18  WARNING: kernel stack regs has bad 'bp' value
      31  no output from test machine
Attempt 2:
    Time  Bug Name
      27  WARNING: kernel stack frame pointer has bad value
      27  lost connection to test machine
Attempt 3:
    Time  Bug Name
      26  lost connection to test machine
      26  lost connection to test machine
      27  WARNING: kernel stack regs has bad 'bp' value
Attempt 4: (RETRY)
    Time  Bug Name
      23  lost connection to test machine
      28  WARNING: kernel stack regs has bad 'bp' value
      29  WARNING in smc_unhash_sk
      30  WARNING: kernel stack frame pointer has bad value
      31  WARNING: kernel stack regs has bad 'bp' value
Attempt 5: (RETRY)
    Time  Bug Name
      16  lost connection to test machine
      20  no output from test machine
      24  WARNING: kernel stack regs has bad 'bp' value
      24  WARNING: kernel stack regs has bad 'bp' value
      25  WARNING in smc_unhash_sk
      26  WARNING in smc_unhash_sk
Attempt 6: (RETRY)
    No crashes found.
The bug was not found.
Warning: This session is unstable.

====================================================================================================================================================
Revealing Factor:   Unstable Commits
Unstable Range:     [2018-06-13, 2018-06-13]
Version:            2018-06-13 - f5b7769eb0400ec5217a47e41148a9f816ca1f9f
Commit Name:        Revert "debugfs: inode: debugfs_create_dir uses mode permission from parent"

Bug Name:           KASAN: use-after-free Read in crypto_morus640_decrypt_chunk
Bug Link:           https://syzkaller.appspot.com/bug?id=31ff36b2c31145d03c7469e4a54c1cf32682864e
Arch:               amd64
Finding Date:       2018-06-13
Finding Commit:     2018-06-13 - f5b7769eb0400ec5217a47e41148a9f816ca1f9f
Guilty Merge:       2018-06-05 - 3e1a29b3bf66c2850ea8eba78c59c234921c0b69
Guilty Commit:      2018-05-19 - 396be41f16fd05af6c914eeb2c96e0cc2dadf28c

Possible Blocking Bugs:
    WARNING: kernel stack regs has bad 'bp' value
