KASAN: use-after-free Read in inet_shutdown,https://syzkaller.appspot.com/bug?id=418578d2a4389074524e04d641eacb091961b2cf
Repository: linux
Arch: amd64
Finding: 2018-01-18 - dda3e15231b35840fe6f0973f803cc70ddb86281
Guilty:  2013-02-05 - f8ccac0e44934ff9414b31cc3167a5c828afec73
Duplicate Names:
    general protection fault in pppol2tp_connect
    WARNING in debug_print_object
    KASAN: use-after-free Read in inet_shutdown
    KASAN: use-after-free Read in pppol2tp_connect
VMs:4
CPUs:4
Procs:24
Max time:30
Max attempts:3
Testing the finding commit.

2023-04-28 20:07:16
Session:   1
Template:  2018-01-19 - fbbdcd922893cc95f78a9e00adbf5fec1b5fcff6
Syzkaller: 2018-01-19 - fbbdcd922893cc95f78a9e00adbf5fec1b5fcff6
Kernel:    2018-01-18 - dda3e15231b35840fe6f0973f803cc70ddb86281
Compiler:  gcc-7.1.1-20170620
Attempt 1:
    Time  Bug Name
      29  lost connection to test machine
Attempt 2:
    No crashes found.
Attempt 3:
    Time  Bug Name
      22  no output from test machine
Attempt 4: (RETRY)
    Time  Bug Name
      23  lost connection to test machine
      23  lost connection to test machine
      25  WARNING in tracepoint_probe_register_prio
Attempt 5: (RETRY)
    No crashes found.
The bug was not found.
Warning: This session is unstable.

Failure: This bug cannot be found at the finding commit.
