general protection fault in proc_flush_task,https://syzkaller.appspot.com/bug?id=c27658dc617a8c1e21013eb2def2b532c2dc11e8
Repository: linux
Arch: amd64
Finding: 2017-12-15 - f6f3732162b5ae3c771b9285a5a32d72b8586920
Guilty:  2007-10-19 - 8ef047aaaeb811247a5639c92e2f2ae1221a28dd
Duplicate Names:
    general protection fault in proc_flush_task
    BUG: unable to handle kernel NULL pointer dereference in proc_flush_task
VMs:4
CPUs:4
Procs:24
Max time:30
Max attempts:3
Testing the finding commit.

2023-05-02 13:44:03
Session:   1
Template:  2017-12-16 - b6f0c91b3a2b8f7a6a6d956e21d3e26e2d1d8fee
Syzkaller: 2017-12-16 - b6f0c91b3a2b8f7a6a6d956e21d3e26e2d1d8fee
Kernel:    2017-12-16 - f6f3732162b5ae3c771b9285a5a32d72b8586920
Compiler:  gcc-7.1.1-20170620
Attempt 1:
    Time  Bug Name
      30  WARNING in tracepoint_probe_register_prio
Attempt 2:
    Time  Bug Name
      23  WARNING in tracepoint_probe_register_prio
      27  BUG: soft lockup
Attempt 3:
    No crashes found.
The bug was not found.

Failure: This bug cannot be found at the finding commit.
