BUG: unable to handle kernel NULL pointer dereference in sha512_mb_mgr_get_comp_job_avx2,https://syzkaller.appspot.com/bug?id=a38fc3fb577eb9e1bbd1ea1f0a031bd988e6c862
Repository: linux
Arch: amd64
Finding: 2017-12-04 - 2391f0b4808e3d5af348324d69f5f45c56a26836
Guilty:  2016-06-28 - 45691e2d9b18a0a1675b2c7504847f7c228f7657
No Duplicates
VMs:4
CPUs:4
Procs:24
Max time:30
Max attempts:3
Testing the finding commit.

2023-04-30 04:31:04
Session:   1
Template:  2017-12-05 - e8062ae15f9c400ee4ae5d4b04baecf23cf16852
Syzkaller: 2017-12-05 - e8062ae15f9c400ee4ae5d4b04baecf23cf16852
Kernel:    2017-12-04 - 2391f0b4808e3d5af348324d69f5f45c56a26836
Compiler:  gcc-7.1.1-20170620
Attempt 1:
    Time  Bug Name
      28  no output from test machine
      29  general protection fault in af_alg_free_areq_sgls
Attempt 2:
    Time  Bug Name
      25  general protection fault in af_alg_free_areq_sgls
      26  general protection fault in af_alg_free_areq_sgls
      26  general protection fault in af_alg_free_areq_sgls
      29  suspicious RCU usage at ./include/trace/events/kmem.h:LINE
      30  suspicious RCU usage at ./include/trace/events/kmem.h:LINE
Attempt 3:
    Time  Bug Name
      24  general protection fault in af_alg_free_areq_sgls
      27  no output from test machine
      30  suspicious RCU usage at ./include/trace/events/kmem.h:LINE
The bug was not found.

Failure: This bug cannot be found at the finding commit.
