WARNING in ___bpf_prog_run,https://syzkaller.appspot.com/bug?id=328d6f70543acb880ffeb862340d96fcfb925dd2
Repository: linux
Arch: amd64
Finding: 2018-01-09 - cf1fb158230edce8a0482bfb2e59b9c390477fb6
Guilty:  2014-09-26 - 17a5267067f3c372fec9ffb798d6eaba6b5e6a4c
No Duplicates
VMs:4
CPUs:4
Procs:24
Max time:30
Max attempts:3
Testing the finding commit.

2023-05-03 21:24:27
Session:   1
Template:  2018-01-10 - 02a19b646c19a4a75c3efc00a32c564eeabb4bdf
Syzkaller: 2018-01-10 - 02a19b646c19a4a75c3efc00a32c564eeabb4bdf
Kernel:    2018-01-09 - cf1fb158230edce8a0482bfb2e59b9c390477fb6
Compiler:  gcc-7.1.1-20170620
Attempt 1:
    No crashes found.
Attempt 2:
    No crashes found.
Attempt 3:
    Time  Bug Name
      30  WARNING in dio_complete
The bug was not found.

Failure: This bug cannot be found at the finding commit.
