possible deadlock in __might_fault,https://syzkaller.appspot.com/bug?id=3020f475b83b979b1c6d36016260b0c0513364e6
Repository: linux
Arch: i386
Finding: 2018-02-22 - 0f9da844d87796ac31b04e81ee95e155e9043132
Guilty:  2018-02-16 - ce8a3a9e76d0193e2e8d74a06d275b3c324ca652
No Duplicates
VMs:4
CPUs:4
Procs:24
Max time:30
Max attempts:3
Testing the finding commit.

2023-06-18 07:30:02
Session:   1
Template:  2018-02-23 - 5c1e02070621f89371ac87c68e0083893a9f9461
Syzkaller: 2018-02-23 - 5c1e02070621f89371ac87c68e0083893a9f9461
Kernel:    2018-02-23 - 0f9da844d87796ac31b04e81ee95e155e9043132
Compiler:  gcc-8.0.1-20180301
Attempt 1:
    No crashes found.
Attempt 2:
    No crashes found.
Attempt 3:
    No crashes found.
The bug was not found.

Failure: This bug cannot be found at the finding commit.
