WARNING: kernel stack regs at (ptrval) in syzkaller has bad 'bp' value (ptrval),https://syzkaller.appspot.com/bug?id=3bceb46d41d762943e66c17156fd647fe2e933d3
Repository: linux
Arch: amd64
Finding: 2018-04-22 - 5ec83b22a2dd13180762c89698e4e2c2881a423c
Guilty:  2018-01-26 - 83dee2ce1ae791c3dc0c9d4d3a8d42cb109613f6
No Duplicates
VMs:4
CPUs:4
Procs:24
Max time:30
Max attempts:3
Testing the finding commit.

2023-04-15 14:04:37
Session:   1
Template:  2018-04-23 - e7e85d36095eba69f23c830bfa8277713ee279f2
Syzkaller: 2018-04-23 - e7e85d36095eba69f23c830bfa8277713ee279f2
Kernel:    2018-04-22 - 5ec83b22a2dd13180762c89698e4e2c2881a423c
Compiler:  gcc-8.0.1-20180412
Attempt 1:
    No crashes found.
Attempt 2:
    Time  Bug Name
      21  WARNING: kernel stack regs has bad 'bp' value
      22  WARNING: kernel stack regs has bad 'bp' value
      23  WARNING: kernel stack regs has bad 'bp' value
      23  WARNING: kernel stack regs has bad 'bp' value
      24  WARNING: kernel stack regs has bad 'bp' value
      24  WARNING: kernel stack regs has bad 'bp' value
      25  WARNING: kernel stack regs has bad 'bp' value
      25  WARNING: kernel stack regs has bad 'bp' value
      25  WARNING: kernel stack regs has bad 'bp' value
      26  WARNING: kernel stack regs has bad 'bp' value
      26  WARNING: kernel stack regs has bad 'bp' value
      26  WARNING: kernel stack regs has bad 'bp' value
      27  WARNING: kernel stack regs has bad 'bp' value
      28  WARNING: kernel stack regs has bad 'bp' value
      28  WARNING: kernel stack regs has bad 'bp' value
      28  WARNING: kernel stack frame pointer has bad value
      29  WARNING: kernel stack regs has bad 'bp' value
      29  WARNING: kernel stack regs has bad 'bp' value
      29  WARNING: kernel stack regs has bad 'bp' value
      30  WARNING: kernel stack regs has bad 'bp' value
      30  WARNING: kernel stack regs has bad 'bp' value
      30  WARNING: kernel stack frame pointer has bad value
Attempt 3:
    Time  Bug Name
      22  WARNING: kernel stack regs has bad 'bp' value
      23  WARNING: kernel stack regs has bad 'bp' value
      23  WARNING: kernel stack regs has bad 'bp' value
      23  WARNING: kernel stack frame pointer has bad value
      24  WARNING: kernel stack regs has bad 'bp' value
      24  WARNING: kernel stack regs has bad 'bp' value
      24  WARNING: kernel stack frame pointer has bad value
      24  WARNING: kernel stack frame pointer has bad value
      25  WARNING: kernel stack regs has bad 'bp' value
      25  WARNING: kernel stack regs has bad 'bp' value
      25  WARNING: kernel stack frame pointer has bad value
      26  WARNING: kernel stack regs has bad 'bp' value
      26  WARNING: kernel stack regs has bad 'bp' value
      26  WARNING: kernel stack regs has bad 'bp' value
      27  WARNING: kernel stack regs has bad 'bp' value
      27  WARNING: kernel stack regs has bad 'bp' value
      27  WARNING: kernel stack frame pointer has bad value
      28  WARNING: kernel stack regs has bad 'bp' value
      28  WARNING: kernel stack regs has bad 'bp' value
      28  WARNING: kernel stack regs has bad 'bp' value
      29  WARNING: kernel stack regs has bad 'bp' value
      29  WARNING: kernel stack regs has bad 'bp' value
      29  WARNING: kernel stack frame pointer has bad value
      30  WARNING: kernel stack regs has bad 'bp' value
      30  WARNING: kernel stack regs has bad 'bp' value
      30  WARNING: kernel stack regs has bad 'bp' value
The bug was not found.

Failure: This bug cannot be found at the finding commit.
