INFO: task hung in stop_sync_thread,https://syzkaller.appspot.com/bug?id=172a5a40a8625bda8f1fa7ec32137988b13c2ef4
Repository: linux
Arch: amd64
Finding: 2018-04-03 - f2d285669aae656dfeafa0bf25e86bbbc5d22329
Guilty:  2015-08-21 - e0b26cc997d57305b4097711e12e13992580ae34
Duplicate Names:
    possible deadlock in rtnl_lock
    INFO: task hung in stop_sync_thread
VMs:4
CPUs:4
Procs:24
Max time:30
Max attempts:3
Testing the finding commit.

2023-04-25 06:20:15
Session:   1
Template:  2018-04-02 - 676bd07e7e80f8a270af7f0276443c68f4a99e25
Syzkaller: 2018-04-02 - 676bd07e7e80f8a270af7f0276443c68f4a99e25
Kernel:    2018-04-03 - f2d285669aae656dfeafa0bf25e86bbbc5d22329
Compiler:  gcc-8.0.1-20180301
Attempt 1:
    No crashes found.
Attempt 2:
    No crashes found.
Attempt 3:
    No crashes found.
The bug was not found.

Failure: This bug cannot be found at the finding commit.
