BUG: corrupted list in remove_wait_queue,https://syzkaller.appspot.com/bug?id=c11299b410c0feaf0d861c64bcb3a67a639d17a6
Repository: linux
Arch: amd64
Finding: 2018-03-20 - 3215b9d57a2c75c4305a3956ca303d7004485200
Guilty:  2013-01-29 - 2b8b328b61c799957a456a5a8dab8cc7dea68575
No Duplicates
VMs:4
CPUs:4
Procs:24
Max time:30
Max attempts:3
Testing the finding commit.

2023-04-26 19:35:57
Session:   1
Template:  2018-03-21 - 95c88d7a6e4ff78e78eea21f98260104fe7b55fa
Syzkaller: 2018-03-21 - 95c88d7a6e4ff78e78eea21f98260104fe7b55fa
Kernel:    2018-03-21 - 3215b9d57a2c75c4305a3956ca303d7004485200
Compiler:  gcc-8.0.1-20180301
Attempt 1:
    No crashes found.
Attempt 2:
    No crashes found.
Attempt 3:
    Time  Bug Name
      19  lost connection to test machine
      24  WARNING in tracepoint_probe_register_prio
Attempt 4: (RETRY)
    Time  Bug Name
      29  lost connection to test machine
Attempt 5: (RETRY)
    Time  Bug Name
      27  lost connection to test machine
Attempt 6: (RETRY)
    No crashes found.
The bug was not found.
Warning: This session is unstable.

Failure: This bug cannot be found at the finding commit.
