general protection fault in blkcipher_walk_first,https://syzkaller.appspot.com/bug?id=f8d4f67fe01399591448f63f31ffe3bc49116c06
Repository: linux
Arch: amd64
Finding: 2017-12-10 - 50c4c4e268a2d7a3e58ebb698ac74da0de40ae36
Guilty:  2017-07-28 - e870456d8e7c8d57c059ea479b5aadbb55ff4c3a
Duplicate Names:
    general protection fault in blkcipher_walk_done
    general protection fault in blkcipher_walk_first
VMs:4
CPUs:4
Procs:24
Max time:30
Max attempts:3
Testing the finding commit.

2023-05-07 06:10:47
Session:   1
Template:  2017-12-11 - da131727fbd586457e2dc17855f8b3967d01373f
Syzkaller: 2017-12-11 - da131727fbd586457e2dc17855f8b3967d01373f
Kernel:    2017-12-11 - 50c4c4e268a2d7a3e58ebb698ac74da0de40ae36
Compiler:  gcc-7.1.1-20170620
Attempt 1:
    Time  Bug Name
***   25  general protection fault in blkcipher_walk_first
      25  suspicious RCU usage
Attempt 2:
    Time  Bug Name
***   26  general protection fault in blkcipher_walk_first
Attempt 3:
    Time  Bug Name
***   24  general protection fault in blkcipher_walk_first
The bug was found.

New Max Time: 25.
Merge Commit: 2017-09-06 - 80cee03bf1d626db0278271b505d7f5febb37bba.

==== Template Retrospection ====
6 template changes in [2017-09-06, 2017-12-11].

2023-05-07 08:10:28
Session:   2
Template:  2017-11-24 - ddf7b3e0655cf6dfeacfe509e477c1486d2cc7db
Syzkaller: 2017-11-24 - ddf7b3e0655cf6dfeacfe509e477c1486d2cc7db
Kernel:    2017-11-24 - 1d3b78bbc6e983fabb3fbf91b76339bf66e4a12c
Compiler:  gcc-7.1.1-20170620
Attempt 1:
    Time  Bug Name
      15  general protection fault in scatterwalk_copychunks
      17  general protection fault in af_alg_free_areq_sgls
      17  general protection fault in scatterwalk_copychunks
      18  general protection fault in af_alg_free_areq_sgls
      19  general protection fault in scatterwalk_copychunks
      19  general protection fault in scatterwalk_copychunks
      21  general protection fault in af_alg_free_areq_sgls
      21  INFO: task hung
      21  general protection fault in scatterwalk_copychunks
      23  general protection fault in scatterwalk_copychunks
      24  general protection fault in scatterwalk_copychunks
      24  general protection fault in scatterwalk_copychunks
      25  general protection fault in scatterwalk_copychunks
      25  general protection fault in scatterwalk_copychunks
Attempt 2:
    Time  Bug Name
      18  general protection fault in crypto_remove_spawns
      18  general protection fault in scatterwalk_copychunks
      20  general protection fault in af_alg_free_areq_sgls
      20  general protection fault in af_alg_free_areq_sgls
      20  general protection fault in scatterwalk_copychunks
      21  general protection fault in af_alg_free_areq_sgls
      21  general protection fault in scatterwalk_copychunks
      21  general protection fault in scatterwalk_copychunks
      22  general protection fault in af_alg_free_areq_sgls
      22  general protection fault in scatterwalk_copychunks
      22  general protection fault in scatterwalk_copychunks
      23  WARNING: kernel stack regs has bad 'bp' value
      23  general protection fault in scatterwalk_copychunks
      23  general protection fault in scatterwalk_copychunks
      24  WARNING: kernel stack regs has bad 'bp' value
      25  general protection fault in scatterwalk_copychunks
Attempt 3:
    Time  Bug Name
      20  general protection fault in af_alg_free_areq_sgls
      21  general protection fault in scatterwalk_copychunks
      21  general protection fault in scatterwalk_copychunks
      23  general protection fault in scatterwalk_copychunks
      23  general protection fault in scatterwalk_copychunks
      24  general protection fault in scatterwalk_copychunks
      24  general protection fault in scatterwalk_copychunks
      25  no output from test machine
      25  no output from test machine
      25  general protection fault in scatterwalk_copychunks
      25  general protection fault in scatterwalk_copychunks
The bug was not found.

2023-05-07 09:50:02
Session:   3
Template:  2017-11-27 - 502d78153c51e6e1d118de6188be6a2e05dc8b81
Syzkaller: 2017-11-27 - 502d78153c51e6e1d118de6188be6a2e05dc8b81
Kernel:    2017-11-27 - 1751e8a6cb935e555fcdbcb9ab4f0446e322ca3e
Compiler:  gcc-7.1.1-20170620
Attempt 1:
    No crashes found.
Attempt 2:
    Time  Bug Name
      24  general protection fault in scatterwalk_copychunks
      25  general protection fault in af_alg_free_areq_sgls
Attempt 3:
    Time  Bug Name
      22  general protection fault in scatterwalk_copychunks
      24  general protection fault in scatterwalk_copychunks
The bug was not found.

==== Kernel Retrospection ====
86 Linux commits in [2017-11-27, 2017-12-11].

2023-05-07 11:35:50
Session:   4
Template:  2017-12-05 - e8062ae15f9c400ee4ae5d4b04baecf23cf16852
Syzkaller: 2017-12-05 - e8062ae15f9c400ee4ae5d4b04baecf23cf16852
Kernel:    2017-12-05 - f81c7287452d0acd7839da2b66686087151c3a01
Compiler:  gcc-7.1.1-20170620
Attempt 1:
    Time  Bug Name
      21  lost connection to test machine
      23  WARNING: kernel stack regs has bad 'bp' value
      23  WARNING: kernel stack regs has bad 'bp' value
      24  no output from test machine
      25  WARNING: kernel stack regs has bad 'bp' value
      25  WARNING: kernel stack regs has bad 'bp' value
***   25  general protection fault in blkcipher_walk_first
The bug was found.
Switching to Safe Mode: Fuzzing 5 times at 30 minutes

2023-05-07 12:34:55
Session:   5
Template:  2017-11-30 - 16668351f69d83e3e9b094338e43a0383821d94d
Syzkaller: 2017-11-30 - 16668351f69d83e3e9b094338e43a0383821d94d
Kernel:    2017-11-30 - 9c41180be47a6c08105894e1289182995749fc9a
Compiler:  gcc-7.1.1-20170620
Attempt 1:
    Time  Bug Name
      15  general protection fault in af_alg_free_areq_sgls
      15  suspicious RCU usage at ./include/trace/events/kmem.h:LINE
***   17  general protection fault in blkcipher_walk_first
      17  BUG: unable to handle kernel NULL pointer dereference in qlist_free_all
The bug was found.

2023-05-07 13:20:07
Session:   6
Template:  2017-11-29 - 29b0fd90e6ac720fb21cc98ae89acfa6704b35bc
Syzkaller: 2017-11-29 - 29b0fd90e6ac720fb21cc98ae89acfa6704b35bc
Kernel:    2017-11-29 - da6af54dc0014d733ce014a196e4c84ee43cabec
Compiler:  gcc-7.1.1-20170620
Attempt 1:
    Time  Bug Name
***   24  general protection fault in blkcipher_walk_first
      24  general protection fault in ext4_htree_store_dirent
The bug was found.

2023-05-07 14:13:51
Session:   7
Template:  2017-11-28 - 1808de66ce1b8db0fc76b5b6398e3386ca2e7ad6
Syzkaller: 2017-11-28 - 1808de66ce1b8db0fc76b5b6398e3386ca2e7ad6
Kernel:    2017-11-28 - 8f5abe842e84ba9e72485ddd9dc02a3562b54e2a
Compiler:  gcc-7.1.1-20170620
Attempt 1:
    Time  Bug Name
      18  general protection fault in scatterwalk_copychunks
      19  general protection fault in scatterwalk_copychunks
      20  general protection fault in af_alg_free_areq_sgls
      21  general protection fault in af_alg_free_areq_sgls
      21  general protection fault in scatterwalk_copychunks
      21  general protection fault in scatterwalk_copychunks
      22  suspicious RCU usage at ./include/trace/events/kmem.h:LINE
      23  general protection fault in scatterwalk_copychunks
      23  general protection fault in scatterwalk_copychunks
      24  general protection fault in scatterwalk_copychunks
      24  general protection fault in scatterwalk_copychunks
      25  general protection fault in scatterwalk_copychunks
      25  general protection fault in scatterwalk_copychunks
      25  general protection fault in scatterwalk_copychunks
      26  general protection fault in scatterwalk_copychunks
      26  general protection fault in scatterwalk_copychunks
      26  general protection fault in scatterwalk_copychunks
      27  INFO: task hung
      27  general protection fault in scatterwalk_copychunks
      27  general protection fault in scatterwalk_copychunks
      27  general protection fault in scatterwalk_copychunks
      28  general protection fault in scatterwalk_copychunks
      28  general protection fault in scatterwalk_copychunks
      29  suspicious RCU usage at ./include/trace/events/kmem.h:LINE
      29  kernel BUG at mm/usercopy.c:LINE!
      29  general protection fault in scatterwalk_copychunks
      30  general protection fault in scatterwalk_copychunks
      30  general protection fault in scatterwalk_copychunks
      30  general protection fault in scatterwalk_copychunks
      30  general protection fault in scatterwalk_copychunks
Attempt 2:
    Time  Bug Name
      23  BUG: unable to handle kernel NULL pointer dereference in qlist_free_all
      24  general protection fault in af_alg_free_areq_sgls
      25  general protection fault in af_alg_free_areq_sgls
      26  general protection fault in scatterwalk_copychunks
      28  INFO: task hung
      28  suspicious RCU usage at ./include/trace/events/kmem.h:LINE
      28  general protection fault in scatterwalk_copychunks
      29  general protection fault in af_alg_free_areq_sgls
      29  no output from test machine
      29  general protection fault in scatterwalk_copychunks
      30  general protection fault in scatterwalk_copychunks
      30  general protection fault in scatterwalk_copychunks
Attempt 3:
    Time  Bug Name
      13  general protection fault in scatterwalk_copychunks
      16  general protection fault in af_alg_free_areq_sgls
      17  suspicious RCU usage at ./include/trace/events/kmem.h:LINE
      18  INFO: task hung
      18  suspicious RCU usage at ./include/trace/events/kmem.h:LINE
      18  general protection fault in scatterwalk_copychunks
      19  general protection fault in scatterwalk_copychunks
      20  no output from test machine
      21  no output from test machine
      21  general protection fault in scatterwalk_copychunks
      22  general protection fault in af_alg_free_areq_sgls
      22  general protection fault in scatterwalk_copychunks
      23  no output from test machine
      24  no output from test machine
      25  no output from test machine
      26  no output from test machine
      27  no output from test machine
      28  no output from test machine
      29  no output from test machine
      29  no output from test machine
      30  no output from test machine
Attempt 4:
    Time  Bug Name
      20  general protection fault in scatterwalk_copychunks
      23  general protection fault in scatterwalk_copychunks
      24  general protection fault in scatterwalk_copychunks
      25  INFO: task hung
      26  general protection fault in scatterwalk_copychunks
      26  general protection fault in scatterwalk_copychunks
      26  general protection fault in scatterwalk_copychunks
      27  general protection fault in scatterwalk_copychunks
      28  general protection fault in scatterwalk_copychunks
      29  INFO: task hung
      29  no output from test machine
Attempt 5:
    Time  Bug Name
      26  general protection fault in scatterwalk_copychunks
      27  KASAN: use-after-free Read in __close_fd
      27  general protection fault in scatterwalk_copychunks
      28  general protection fault in af_alg_free_areq_sgls
      28  general protection fault in scatterwalk_copychunks
      29  general protection fault in scatterwalk_copychunks
      29  general protection fault in scatterwalk_copychunks
      30  general protection fault in scatterwalk_copychunks
The bug was not found.

2023-05-07 17:12:18
Session:   8
Template:  2017-11-29 - 29b0fd90e6ac720fb21cc98ae89acfa6704b35bc
Syzkaller: 2017-11-29 - 29b0fd90e6ac720fb21cc98ae89acfa6704b35bc
Kernel:    2017-11-29 - 43570f0383d6d5879ae585e6c3cf027ba321546f
Compiler:  gcc-7.1.1-20170620
Attempt 1:
    Time  Bug Name
***   26  general protection fault in blkcipher_walk_first
The bug was found.

2023-05-07 18:16:07
Session:   9
Template:  2017-11-28 - 1808de66ce1b8db0fc76b5b6398e3386ca2e7ad6
Syzkaller: 2017-11-28 - 1808de66ce1b8db0fc76b5b6398e3386ca2e7ad6
Kernel:    2017-11-28 - 43f462f1c2e111d2882b48baeeff774ae42e7c56
Compiler:  gcc-7.1.1-20170620
Attempt 1:
    Time  Bug Name
      23  general protection fault in scatterwalk_copychunks
      25  suspicious RCU usage at ./include/trace/events/kmem.h:LINE
      26  general protection fault in af_alg_free_areq_sgls
      27  general protection fault in af_alg_free_areq_sgls
      27  general protection fault in scatterwalk_copychunks
      28  suspicious RCU usage at ./include/trace/events/kmem.h:LINE
      28  suspicious RCU usage at ./include/trace/events/kmem.h:LINE
      29  no output from test machine
Attempt 2:
    Time  Bug Name
      25  general protection fault in af_alg_free_areq_sgls
      27  INFO: task hung
      27  general protection fault in scatterwalk_copychunks
      28  general protection fault in af_alg_free_areq_sgls
      28  INFO: task hung
      28  general protection fault in scatterwalk_copychunks
      29  general protection fault in scatterwalk_copychunks
      29  general protection fault in scatterwalk_copychunks
      29  general protection fault in scatterwalk_copychunks
      30  general protection fault in scatterwalk_copychunks
Attempt 3:
    Time  Bug Name
      22  general protection fault in af_alg_free_areq_sgls
      24  general protection fault in scatterwalk_copychunks
      25  general protection fault in crypto_chacha20_crypt
      25  general protection fault in scatterwalk_copychunks
      26  no output from test machine
      26  general protection fault in scatterwalk_copychunks
      26  general protection fault in scatterwalk_copychunks
      28  general protection fault in scatterwalk_copychunks
      28  general protection fault in scatterwalk_copychunks
      29  suspicious RCU usage at ./include/trace/events/kmem.h:LINE
      29  general protection fault in scatterwalk_copychunks
      29  general protection fault in scatterwalk_copychunks
      30  general protection fault in scatterwalk_copychunks
Attempt 4:
    Time  Bug Name
      26  lost connection to test machine
      27  general protection fault in scatterwalk_copychunks
      29  general protection fault in scatterwalk_copychunks
      29  general protection fault in scatterwalk_copychunks
      30  suspicious RCU usage at ./include/trace/events/kmem.h:LINE
Attempt 5:
    Time  Bug Name
      24  general protection fault in crypto_remove_spawns
      25  INFO: task hung
      26  WARNING: kernel stack regs has bad 'bp' value
      27  no output from test machine
      28  no output from test machine
      29  no output from test machine
      30  no output from test machine
Attempt 6: (RETRY)
    Time  Bug Name
      24  general protection fault in af_alg_free_areq_sgls
      24  general protection fault in scatterwalk_copychunks
      25  general protection fault in scatterwalk_copychunks
      26  no output from test machine
      26  suspicious RCU usage at ./include/trace/events/kmem.h:LINE
      26  general protection fault in scatterwalk_copychunks
      26  general protection fault in scatterwalk_copychunks
      27  general protection fault in scatterwalk_copychunks
      29  general protection fault in scatterwalk_copychunks
      30  no output from test machine
The bug was not found.

== Confirming the bisected commit ==

2023-05-07 22:09:23
Session:   10
Template:  2017-11-29 - 29b0fd90e6ac720fb21cc98ae89acfa6704b35bc
Syzkaller: 2017-11-29 - 29b0fd90e6ac720fb21cc98ae89acfa6704b35bc
Kernel:    2017-11-29 - 43570f0383d6d5879ae585e6c3cf027ba321546f
The bug was found in a previous identical fuzzing session.

2023-05-07 22:09:23
Session:   11
Template:  2017-11-29 - 29b0fd90e6ac720fb21cc98ae89acfa6704b35bc
Syzkaller: 2017-11-29 - 29b0fd90e6ac720fb21cc98ae89acfa6704b35bc
Kernel:    2017-11-28 - 43f462f1c2e111d2882b48baeeff774ae42e7c56
Compiler:  gcc-7.1.1-20170620
Attempt 1:
    Time  Bug Name
      23  general protection fault in scatterwalk_copychunks
      27  general protection fault in af_alg_free_areq_sgls
      30  general protection fault in af_alg_free_areq_sgls
      30  INFO: task hung
      30  suspicious RCU usage at ./include/trace/events/kmem.h:LINE
Attempt 2:
    Time  Bug Name
      25  general protection fault in scatterwalk_copychunks
      26  lost connection to test machine
      28  general protection fault in af_alg_free_areq_sgls
      28  general protection fault in af_alg_free_areq_sgls
      30  general protection fault in af_alg_free_areq_sgls
Attempt 3:
    Time  Bug Name
      18  suspicious RCU usage at ./include/trace/events/kmem.h:LINE
      18  general protection fault in scatterwalk_copychunks
      19  suspicious RCU usage at ./include/trace/events/kmem.h:LINE
      19  general protection fault in scatterwalk_copychunks
      21  general protection fault in af_alg_free_areq_sgls
      21  suspicious RCU usage at ./include/trace/events/kmem.h:LINE
      22  suspicious RCU usage at ./include/trace/events/kmem.h:LINE
      24  general protection fault in scatterwalk_copychunks
      25  no output from test machine
      25  suspicious RCU usage at ./include/trace/events/kmem.h:LINE
      26  no output from test machine
      26  general protection fault in scatterwalk_copychunks
      27  WARNING: kernel stack regs has bad 'bp' value
      27  no output from test machine
      27  general protection fault in scatterwalk_copychunks
      28  general protection fault in af_alg_free_areq_sgls
      28  general protection fault in scatterwalk_copychunks
      28  general protection fault in scatterwalk_copychunks
      28  general protection fault in scatterwalk_copychunks
      29  suspicious RCU usage at ./include/trace/events/kmem.h:LINE
      29  general protection fault in scatterwalk_copychunks
      30  general protection fault in af_alg_free_areq_sgls
      30  suspicious RCU usage at ./include/trace/events/kmem.h:LINE
Attempt 4:
    Time  Bug Name
      16  general protection fault in scatterwalk_copychunks
      17  general protection fault in scatterwalk_copychunks
      18  suspicious RCU usage at ./include/trace/events/kmem.h:LINE
      19  suspicious RCU usage at ./include/trace/events/kmem.h:LINE
      20  general protection fault in af_alg_free_areq_sgls
      20  general protection fault in scatterwalk_copychunks
      21  general protection fault in scatterwalk_copychunks
      22  suspicious RCU usage at ./include/trace/events/kmem.h:LINE
      22  general protection fault in scatterwalk_copychunks
      24  no output from test machine
      24  suspicious RCU usage at ./include/trace/events/kmem.h:LINE
      25  INFO: task hung
      25  general protection fault in scatterwalk_copychunks
      25  general protection fault in scatterwalk_copychunks
      26  INFO: task hung
      26  general protection fault in scatterwalk_copychunks
      26  general protection fault in scatterwalk_copychunks
      27  general protection fault in af_alg_free_areq_sgls
      28  general protection fault in scatterwalk_copychunks
      28  general protection fault in scatterwalk_copychunks
      28  general protection fault in scatterwalk_copychunks
      28  general protection fault in scatterwalk_copychunks
      29  general protection fault in scatterwalk_copychunks
      29  general protection fault in scatterwalk_copychunks
      29  general protection fault in scatterwalk_copychunks
      30  general protection fault in scatterwalk_copychunks
      30  general protection fault in scatterwalk_copychunks
Attempt 5:
    Time  Bug Name
      23  general protection fault in scatterwalk_copychunks
      23  lost connection to test machine
      24  general protection fault in scatterwalk_copychunks
      25  general protection fault in scatterwalk_copychunks
      25  general protection fault in scatterwalk_copychunks
      26  general protection fault in scatterwalk_copychunks
      27  suspicious RCU usage at ./include/trace/events/kmem.h:LINE
      28  general protection fault in af_alg_free_areq_sgls
      29  general protection fault in af_alg_free_areq_sgls
      29  general protection fault in scatterwalk_copychunks
      30  general protection fault in af_alg_free_areq_sgls
      30  INFO: task hung
Attempt 6: (RETRY)
    Time  Bug Name
      26  general protection fault in scatterwalk_copychunks
      29  general protection fault in scatterwalk_copychunks
      30  suspicious RCU usage at ./include/trace/events/kmem.h:LINE
Attempt 7: (RETRY)
    Time  Bug Name
      23  general protection fault in scatterwalk_copychunks
      25  general protection fault in af_alg_free_areq_sgls
      26  general protection fault in af_alg_free_areq_sgls
      28  general protection fault in af_alg_free_areq_sgls
      29  INFO: task hung
      29  suspicious RCU usage at ./include/trace/events/kmem.h:LINE
      29  general protection fault in scatterwalk_copychunks
      29  general protection fault in scatterwalk_copychunks
      30  general protection fault in af_alg_free_areq_sgls
      30  general protection fault in crypto_chacha20_crypt
      30  general protection fault in scatterwalk_copychunks
The bug was not found.

====================================================================================================================================================
Revealing Factor:   Kernel Commit
Version:            2017-11-29 - 43570f0383d6d5879ae585e6c3cf027ba321546f
Commit Name:        Merge branch 'linus' of git://git.kernel.org/pub/scm/linux/kernel/git/herbert/crypto-2.6

Bug Name:           general protection fault in blkcipher_walk_first
Bug Link:           https://syzkaller.appspot.com/bug?id=f8d4f67fe01399591448f63f31ffe3bc49116c06
Arch:               amd64
Finding Date:       2017-12-11
Finding Commit:     2017-12-11 - 50c4c4e268a2d7a3e58ebb698ac74da0de40ae36
Guilty Merge:       2017-09-06 - 80cee03bf1d626db0278271b505d7f5febb37bba
Guilty Commit:      2017-07-28 - e870456d8e7c8d57c059ea479b5aadbb55ff4c3a

Possible Blocking Bugs:
    general protection fault in scatterwalk_copychunks
    general protection fault in af_alg_free_areq_sgls
    INFO: task hung
    no output from test machine
    suspicious RCU usage at ./include/trace/events/kmem.h:LINE
