KASAN: use-after-free Read in ip6_xmit,https://syzkaller.appspot.com/bug?id=8af2597890938b642c3bf44a85859691fb9d5cfa
Repository: linux
Arch: amd64
Finding: 2017-12-30 - 71ee203389f7cb1c1927eab22b95baa01405791c
Guilty:  2017-06-15 - 3c4d7559159bfe1e3b94df3a657b2cda3a34e218
Duplicate Names:
    KASAN: use-after-free Read in ip6_xmit
    KASAN: slab-out-of-bounds Read in ip6_xmit
VMs:4
CPUs:4
Procs:24
Max time:30
Max attempts:3
Testing the finding commit.

2023-04-24 12:48:18
Session:   1
Template:  2017-12-31 - 00193447522daf7bae569c70cfa263e45eafc8ca
Syzkaller: 2017-12-31 - 00193447522daf7bae569c70cfa263e45eafc8ca
Kernel:    2017-12-30 - 71ee203389f7cb1c1927eab22b95baa01405791c
Compiler:  gcc-7.1.1-20170620
Attempt 1:
    No crashes found.
Attempt 2:
    Time  Bug Name
      25  WARNING in dio_complete
      27  WARNING in dio_complete
      27  WARNING in dio_complete
      28  WARNING in dio_complete
      28  WARNING in dio_complete
      29  WARNING in dio_complete
      29  WARNING in dio_complete
      29  WARNING in dio_complete
Attempt 3:
    Time  Bug Name
      30  kernel BUG at ./include/linux/skbuff.h:LINE!
The bug was not found.

Failure: This bug cannot be found at the finding commit.
