KASAN: use-after-free Read in skb_copy_datagram_iter,https://syzkaller.appspot.com/bug?id=55a499bb9fcef61ae7100e29ef7470efc8059e65
Repository: linux
Arch: amd64
Finding: 2018-03-25 - 3eb2ce825ea1ad89d20f7a3b5780df850e4be274
Guilty:  2016-03-09 - 9ed988cd591500c040b2a6257bc68543e08ceeef
Duplicate Names:
    KASAN: use-after-free Read in ip6_tnl_start_xmit
    KMSAN: uninit-value in ip_tunnel_xmit
    KMSAN: uninit-value in br_nf_forward_arp
    KASAN: use-after-free Read in copyout
    KASAN: use-after-free Read in skb_copy_datagram_iter
    KASAN: use-after-free Read in sock_recv_errqueue
    KASAN: use-after-free Read in __dev_queue_xmit
VMs:4
CPUs:4
Procs:24
Max time:30
Max attempts:3
Testing the finding commit.

2023-04-19 01:31:46
Session:   1
Template:  2018-03-26 - 0ca7878bc33e9f95369c609dd1eb56a6405479cc
Syzkaller: 2018-03-26 - 0ca7878bc33e9f95369c609dd1eb56a6405479cc
Kernel:    2018-03-25 - 3eb2ce825ea1ad89d20f7a3b5780df850e4be274
Compiler:  gcc-8.0.1-20180301
Attempt 1:
    No crashes found.
Attempt 2:
    No crashes found.
Attempt 3:
    No crashes found.
The bug was not found.

Failure: This bug cannot be found at the finding commit.
