KASAN: slab-out-of-bounds Read in erspan_build_header,https://syzkaller.appspot.com/bug?id=e47e4fde63997372ec591e8cf4584e12418d2a66
Repository: linux
Arch: amd64
Finding: 2018-01-22 - a0ec1ded22e6a6bc41981fae22406835b006a66e
Guilty:  2017-08-22 - 84e54fe0a5eaed696dee4019c396f8396f5a908b
Duplicate Names:
    KASAN: use-after-free Read in erspan_xmit
    KASAN: use-after-free Read in erspan_build_header
    KASAN: slab-out-of-bounds Read in erspan_xmit
    KASAN: slab-out-of-bounds Read in erspan_build_header
VMs:4
CPUs:4
Procs:24
Max time:30
Max attempts:3
Testing the finding commit.

2023-05-02 05:05:37
Session:   1
Template:  2018-01-23 - a5b7566c4a75cf70b3714f8dd2edc772174f28f9
Syzkaller: 2018-01-23 - a5b7566c4a75cf70b3714f8dd2edc772174f28f9
Kernel:    2018-01-22 - a0ec1ded22e6a6bc41981fae22406835b006a66e
Compiler:  gcc-7.1.1-20170620
Attempt 1:
    No crashes found.
Attempt 2:
    No crashes found.
Attempt 3:
    No crashes found.
The bug was not found.

Failure: This bug cannot be found at the finding commit.
