WARNING in snd_pcm_hw_params,https://syzkaller.appspot.com/bug?id=5fae6cfbe79ca79164f070ce9b69045d05dc2c51
Repository: linux
Arch: amd64
Finding: 2018-04-05 - e02d37bf55a9a36f22427fd6dd733fe104d817b6
Guilty:  2018-03-13 - 5730f9f744cfe20b771adc33f3b476b95d3eebba
No Duplicates
VMs:4
CPUs:4
Procs:24
Max time:30
Max attempts:3
Testing the finding commit.

2023-04-24 20:36:07
Session:   1
Template:  2018-04-05 - a932eae6715ca734af91be8cbb37ca5d19f36654
Syzkaller: 2018-04-05 - a932eae6715ca734af91be8cbb37ca5d19f36654
Kernel:    2018-04-05 - e02d37bf55a9a36f22427fd6dd733fe104d817b6
Compiler:  gcc-8.0.1-20180301
Attempt 1:
    Time  Bug Name
      23  lost connection to test machine
      23  lost connection to test machine
      24  WARNING in tracepoint_probe_register_prio
      27  WARNING in tracepoint_probe_register_prio
Attempt 2:
    Time  Bug Name
      20  lost connection to test machine
      20  lost connection to test machine
      23  WARNING in tracepoint_probe_register_prio
      23  WARNING in tracepoint_probe_register_prio
      24  WARNING in tracepoint_probe_register_prio
      28  WARNING in tracepoint_probe_register_prio
      29  WARNING in tracepoint_probe_register_prio
Attempt 3:
    No crashes found.
Attempt 4: (RETRY)
    No crashes found.
Attempt 5: (RETRY)
    No crashes found.
The bug was not found.
Warning: This session is unstable.

Failure: This bug cannot be found at the finding commit.
