KASAN: use-after-free Read in mpi_free,https://syzkaller.appspot.com/bug?id=b0f0a3d34f0e9d551e1c0ab1fd911aaaa18bdcb9
Repository: linux
Arch: amd64
Finding: 2017-11-08 - 87df26175e67c26ccdd3a002fbbb8cde78e28a19
Guilty:  2016-06-23 - 802c7f1c84e4b5a6ac78635878041023fc5831b1
No Duplicates
VMs:4
CPUs:4
Procs:24
Max time:30
Max attempts:3
Testing the finding commit.

2023-05-09 04:22:50
Session:   1
Template:  2017-11-08 - e0a2b1953bbae62ca70723be7a152ac6dda7cb5f
Syzkaller: 2017-11-08 - e0a2b1953bbae62ca70723be7a152ac6dda7cb5f
Kernel:    2017-11-08 - 87df26175e67c26ccdd3a002fbbb8cde78e28a19
Compiler:  gcc-7.1.1-20170620
Attempt 1:
    Time  Bug Name
      24  kernel panic: n_tty: init_tty
      24  kernel panic: n_tty: init_tty
      25  kernel panic: n_tty: init_tty
Attempt 2:
    Time  Bug Name
      20  kernel panic: n_tty: init_tty
      23  no output from test machine
Attempt 3:
    Time  Bug Name
      20  kernel panic: n_tty: init_tty
      20  kernel panic: n_tty: init_tty
      20  kernel panic: n_tty: init_tty
The bug was not found.

Failure: This bug cannot be found at the finding commit.
