KASAN: use-after-free Read in perf_trace_lock_acquire,https://syzkaller.appspot.com/bug?id=247a5fa16b0c71424d2447c4190e2d60062cbaaf
Repository: linux
Arch: amd64
Finding: 2017-12-31 - 30a7acd573899fd8b8ac39236eff6468b195ac7d
Guilty:  2010-01-15 - 3a4d5c94e959359ece6d6b55045c3f046677f55c
Duplicate Names:
    KASAN: use-after-free Read in perf_trace_lock_acquire
    KASAN: use-after-free Read in __list_add_valid
    KASAN: use-after-free Read in __wake_up_common
    WARNING in vhost_dev_cleanup
VMs:4
CPUs:4
Procs:24
Max time:30
Max attempts:3
Testing the finding commit.

2023-04-26 02:16:56
Session:   1
Template:  2017-12-31 - 00193447522daf7bae569c70cfa263e45eafc8ca
Syzkaller: 2017-12-31 - 00193447522daf7bae569c70cfa263e45eafc8ca
Kernel:    2017-12-31 - 30a7acd573899fd8b8ac39236eff6468b195ac7d
Compiler:  gcc-7.1.1-20170620
Attempt 1:
    Time  Bug Name
      24  lost connection to test machine
Attempt 2:
    Time  Bug Name
      27  lost connection to test machine
Attempt 3:
    Time  Bug Name
      28  lost connection to test machine
      28  lost connection to test machine
      28  lost connection to test machine
Attempt 4: (RETRY)
    No crashes found.
Attempt 5: (RETRY)
    Time  Bug Name
      28  BUG: soft lockup
      28  lost connection to test machine
      28  lost connection to test machine
      29  lost connection to test machine
Attempt 6: (RETRY)
    Time  Bug Name
      12  lost connection to test machine
      14  lost connection to test machine
      15  no output from test machine
      15  no output from test machine
The bug was not found.
Warning: This session is unstable.

Failure: This bug cannot be found at the finding commit.
