WARNING: kmalloc bug in xfrm_add_sa,https://syzkaller.appspot.com/bug?id=cdbe3c90a4e82721cf40b1d260aa2f7905889339
Repository: linux
Arch: amd64
Finding: 2018-02-07 - 581e400ff935d34d95811258586128bf11baef15
Guilty:  2011-03-13 - d8647b79c3b7e223ac051439d165bc8e7bbb832f
Duplicate Names:
    general protection fault in xfrm_init_replay
    WARNING in kmalloc_slab
    WARNING: kmalloc bug in xfrm_add_sa
VMs:4
CPUs:4
Procs:24
Max time:30
Max attempts:3
Testing the finding commit.

2023-04-28 04:56:10
Session:   1
Template:  2018-02-07 - bb826eb26c510f5faa418b8a37302be43d535088
Syzkaller: 2018-02-07 - bb826eb26c510f5faa418b8a37302be43d535088
Kernel:    2018-02-07 - 581e400ff935d34d95811258586128bf11baef15
Compiler:  gcc-7.1.1-20170620
Attempt 1:
    No crashes found.
Attempt 2:
    No crashes found.
Attempt 3:
    No crashes found.
The bug was not found.

Failure: This bug cannot be found at the finding commit.
