KASAN: slab-out-of-bounds Write in tcp_v6_syn_recv_sock,https://syzkaller.appspot.com/bug?id=29bd73ed27734a53a46318ed8921a0087df8f5fd
Repository: linux
Arch: i386
Finding: 2017-12-29 - 61233580f1f33c50e159c50e24d80ffd2ba2e06b
Guilty:  2017-06-15 - 3c4d7559159bfe1e3b94df3a657b2cda3a34e218
Duplicate Names:
    KASAN: slab-out-of-bounds Write in tcp_v6_syn_recv_sock
    KASAN: use-after-free Read in tls_sk_proto_close
VMs:4
CPUs:4
Procs:24
Max time:30
Max attempts:3
Testing the finding commit.

2023-06-16 14:20:07
Session:   1
Template:  2017-12-29 - bb6384b81a9f3d4e4d4b3b16bc5c36a87239ae96
Syzkaller: 2017-12-29 - bb6384b81a9f3d4e4d4b3b16bc5c36a87239ae96
Kernel:    2017-12-29 - 61233580f1f33c50e159c50e24d80ffd2ba2e06b
Compiler:  gcc-7.1.1-20170620
Attempt 1:
    No crashes found.
Attempt 2:
    No crashes found.
Attempt 3:
    Time  Bug Name
      24  WARNING in dio_complete
      25  WARNING in dio_complete
      25  WARNING in dio_complete
      25  WARNING in dio_complete
      26  WARNING in dio_complete
      26  WARNING in dio_complete
      26  WARNING in dio_complete
      28  WARNING in dio_complete
      28  WARNING in dio_complete
      29  WARNING in dio_complete
The bug was not found.

Failure: This bug cannot be found at the finding commit.
