WARNING in wiphy_register,https://syzkaller.appspot.com/bug?id=71d19ff127410a28ebb96c74e20dcc5dd0476fb8
Repository: linux
Arch: amd64
Finding: 2018-01-12 - c92a9a461dff6140c539c61e457aa97df29517d6
Guilty:  2014-02-07 - b59ec8dd4394cf11e3253e849a04734be6d3d694
No Duplicates
VMs:4
CPUs:4
Procs:24
Max time:30
Max attempts:3
Testing the finding commit.

2023-05-02 17:53:02
Session:   1
Template:  2018-01-13 - c9e7aeaef64e4e16a32baac1c66d772afbaf8ed0
Syzkaller: 2018-01-13 - c9e7aeaef64e4e16a32baac1c66d772afbaf8ed0
Kernel:    2018-01-12 - c92a9a461dff6140c539c61e457aa97df29517d6
Compiler:  gcc-7.1.1-20170620
Attempt 1:
    No crashes found.
Attempt 2:
    No crashes found.
Attempt 3:
    No crashes found.
The bug was not found.

Failure: This bug cannot be found at the finding commit.
