KASAN: use-after-free Read in mld_in_v1_mode,https://syzkaller.appspot.com/bug?id=08e208f050294509ab8e18439a8809bc54d91957
Repository: linux
Arch: i386
Finding: 2020-02-12 - 0bf999f9c5e74c7ecf9dafb527146601e5c848b9
Guilty:  2019-10-01 - 36fbf1e52bd3ff8a5cb604955eedfc9350c2e6cc
Duplicate Names:
    KMSAN: use-after-free in find_match
    KMSAN: use-after-free in inet_gifconf
    KMSAN: use-after-free in veth_xmit
    KASAN: use-after-free Read in mld_in_v1_mode
Single Proc Allocation
VMs:8
CPUs:2
Procs:16
Max time:30
Max attempts:3
Testing the finding commit.

2023-06-07 09:42:07
Session:   1
Template:  2020-02-13 - 5d7b90f1af2e3bf33992b75e7fcf0bab6bf49bd6
Syzkaller: 2020-02-13 - 5d7b90f1af2e3bf33992b75e7fcf0bab6bf49bd6
Kernel:    2020-02-12 - 0bf999f9c5e74c7ecf9dafb527146601e5c848b9
Compiler:  gcc-9.0.0-20181231
Attempt 1:
    Time  Bug Name
       2  KASAN: use-after-free Read in find_match
Attempt 2:
    Time  Bug Name
       2  KASAN: use-after-free Read in find_match
Attempt 3:
    Time  Bug Name
       2  KASAN: use-after-free Read in find_match
The bug was not found.

Failure: This bug cannot be found at the finding commit.
