KASAN: vmalloc-out-of-bounds Write in kvm_dev_ioctl_get_cpuid,https://syzkaller.appspot.com/bug?id=daeccafbaf10d3ac82b2aa792c5f8acd6e3a675c
Repository: linux
Arch: i386
Finding: 2019-12-01 - 596cf45cbf6e4fa7bcb0df33e373a7d062b644b5
Guilty:  2013-10-30 - 84cffe499b9418d6c3b4de2ad9599cc2ec50c607
No Duplicates
Single Proc Allocation
VMs:8
CPUs:2
Procs:16
Max time:30
Max attempts:3
Testing the finding commit.

2023-06-09 21:43:42
Session:   1
Template:  2019-12-02 - ab342da3f9aa45e3f2d9e872576ab5cd3e3c350b
Syzkaller: 2019-12-02 - ab342da3f9aa45e3f2d9e872576ab5cd3e3c350b
Kernel:    2019-12-02 - 596cf45cbf6e4fa7bcb0df33e373a7d062b644b5
Compiler:  gcc-9.0.0-20181231
Attempt 1:
    Time  Bug Name
***    3  KASAN: vmalloc-out-of-bounds Write in kvm_dev_ioctl_get_cpuid
Attempt 2:
    Time  Bug Name
***    3  KASAN: vmalloc-out-of-bounds Write in kvm_dev_ioctl_get_cpuid
Attempt 3:
    Time  Bug Name
***    3  KASAN: vmalloc-out-of-bounds Write in kvm_dev_ioctl_get_cpuid
The bug was found.

New Max Time: 10.
Merge Commit: 2013-11-15 - f080480488028bcc25357f85e8ae54ccc3bb7173.

==== Template Retrospection ====
98 template changes in [2017-07-22, 2019-12-02].

2023-06-09 23:07:13
Session:   2
Template:  2018-07-09 - 40ed7e838ad29ec97a110db15aaab69b350756b0
Syzkaller: 2018-07-09 - 40ed7e838ad29ec97a110db15aaab69b350756b0
Kernel:    2018-07-09 - bdf33113d89f70186ffb6674e925fa9b8a0266b1
Compiler:  gcc-8.0.1-20180412
Attempt 1:
    No crashes found.
Attempt 2:
    No crashes found.
Attempt 3:
    No crashes found.
The bug was not found.

2023-06-09 23:50:12
Session:   3
Template:  2019-01-10 - db9b657915c1b95a5e768b249795b1aca278bb4e
Syzkaller: 2019-01-10 - db9b657915c1b95a5e768b249795b1aca278bb4e
Kernel:    2019-01-10 - de6629eb262e0dc52a2367db38e3d2780cff5427
Compiler:  gcc-9.0.0-20181231
Attempt 1:
    No crashes found.
Attempt 2:
    No crashes found.
Attempt 3:
    No crashes found.
The bug was not found.

2023-06-10 00:36:49
Session:   4
Template:  2019-09-18 - c2dcd7009f76ef614ef3f5cc7c11a89d6d83d08c
Syzkaller: 2019-09-18 - c2dcd7009f76ef614ef3f5cc7c11a89d6d83d08c
Kernel:    2019-09-18 - f60c55a94e1d127186566f06294f2dadd966e9b4
Compiler:  gcc-9.0.0-20181231
Attempt 1:
    No crashes found.
Attempt 2:
    No crashes found.
Attempt 3:
    No crashes found.
The bug was not found.

2023-06-10 01:26:32
Session:   5
Template:  2019-11-03 - 99d946ccff4e757395f5607f06645c79c2c951df
Syzkaller: 2019-11-03 - 99d946ccff4e757395f5607f06645c79c2c951df
Kernel:    2019-11-03 - a99d8080aaf358d5d23581244e5da23b35e340b9
Compiler:  gcc-9.0.0-20181231
Attempt 1:
    No crashes found.
Attempt 2:
    No crashes found.
Attempt 3:
    No crashes found.
The bug was not found.

2023-06-10 02:16:22
Session:   6
Template:  2019-11-25 - 6bfd3dd23bb76adbc71f245930d5969243843641
Syzkaller: 2019-11-25 - 6bfd3dd23bb76adbc71f245930d5969243843641
Kernel:    2019-11-25 - 4ba380f61624113395bebdc2f9f6da990a0738f9
Compiler:  gcc-9.0.0-20181231
Attempt 1:
    No crashes found.
Attempt 2:
    No crashes found.
Attempt 3:
    No crashes found.
The bug was not found.

2023-06-10 03:00:20
Session:   7
Template:  2019-11-29 - 7a53a9d93f72f95e21d7c54af1421f2b508ff397
Syzkaller: 2019-11-29 - 7a53a9d93f72f95e21d7c54af1421f2b508ff397
Kernel:    2019-11-28 - 81b6b96475ac7a4ebfceae9f16fb3758327adbfe
Compiler:  gcc-9.0.0-20181231
Attempt 1:
    No crashes found.
Attempt 2:
    No crashes found.
Attempt 3:
    No crashes found.
The bug was not found.

==== Kernel Retrospection ====
50 Linux commits in [2019-11-28, 2019-12-02].

2023-06-10 03:48:14
Session:   8
Template:  2019-12-01 - f879db37f90dcefb681897d2e486c11d8298cb72
Syzkaller: 2019-12-01 - f879db37f90dcefb681897d2e486c11d8298cb72
Kernel:    2019-12-01 - 3b805ca177a24ff78b466ca73febe8466c67ea61
Compiler:  gcc-9.0.0-20181231
Attempt 1:
    No crashes found.
Attempt 2:
    No crashes found.
Attempt 3:
    No crashes found.
The bug was not found.

2023-06-10 04:34:17
Session:   9
Template:  2019-12-02 - ab342da3f9aa45e3f2d9e872576ab5cd3e3c350b
Syzkaller: 2019-12-02 - ab342da3f9aa45e3f2d9e872576ab5cd3e3c350b
Kernel:    2019-12-02 - 67b8ed29e0d472bda2f3afe48d6ff99e127eff0c
Compiler:  gcc-9.0.0-20181231
Attempt 1:
    No crashes found.
Attempt 2:
    No crashes found.
Attempt 3:
    No crashes found.
The bug was not found.

2023-06-10 05:18:37
Session:   10
Template:  2019-12-02 - ab342da3f9aa45e3f2d9e872576ab5cd3e3c350b
Syzkaller: 2019-12-02 - ab342da3f9aa45e3f2d9e872576ab5cd3e3c350b
Kernel:    2019-12-02 - d10032dd539c93dbff016f5667e5627c6c2a4467
Compiler:  gcc-9.0.0-20181231
Attempt 1:
    No crashes found.
Attempt 2:
    No crashes found.
Attempt 3:
    No crashes found.
The bug was not found.

2023-06-10 06:04:57
Session:   11
Template:  2019-12-02 - ab342da3f9aa45e3f2d9e872576ab5cd3e3c350b
Syzkaller: 2019-12-02 - ab342da3f9aa45e3f2d9e872576ab5cd3e3c350b
Kernel:    2019-12-02 - e5b3fc125d768eacd73bb4dc5019f0ce95635af4
Compiler:  gcc-9.0.0-20181231
Attempt 1:
    No crashes found.
Attempt 2:
    No crashes found.
Attempt 3:
    No crashes found.
The bug was not found.

2023-06-10 06:51:19
Session:   12
Template:  2019-12-02 - ab342da3f9aa45e3f2d9e872576ab5cd3e3c350b
Syzkaller: 2019-12-02 - ab342da3f9aa45e3f2d9e872576ab5cd3e3c350b
Kernel:    2019-12-02 - 596cf45cbf6e4fa7bcb0df33e373a7d062b644b5
The bug was found in a previous identical fuzzing session.

2023-06-10 06:51:19
Session:   13
Template:  2019-12-02 - ab342da3f9aa45e3f2d9e872576ab5cd3e3c350b
Syzkaller: 2019-12-02 - ab342da3f9aa45e3f2d9e872576ab5cd3e3c350b
Kernel:    2019-12-02 - c3bfc5dd73c6f519ff0636d4e709515f06edef78
Compiler:  gcc-9.0.0-20181231
Attempt 1:
    No crashes found.
Attempt 2:
    No crashes found.
Attempt 3:
    No crashes found.
The bug was not found.

== Confirming the bisected commit ==

2023-06-10 07:36:38
Session:   14
Template:  2019-12-02 - ab342da3f9aa45e3f2d9e872576ab5cd3e3c350b
Syzkaller: 2019-12-02 - ab342da3f9aa45e3f2d9e872576ab5cd3e3c350b
Kernel:    2019-12-02 - 596cf45cbf6e4fa7bcb0df33e373a7d062b644b5
The bug was found in a previous identical fuzzing session.

2023-06-10 07:36:38
Session:   15
Template:  2019-12-02 - ab342da3f9aa45e3f2d9e872576ab5cd3e3c350b
Syzkaller: 2019-12-02 - ab342da3f9aa45e3f2d9e872576ab5cd3e3c350b
Kernel:    2019-12-02 - c3bfc5dd73c6f519ff0636d4e709515f06edef78
The bug was not found in a previous identical fuzzing session.

====================================================================================================================================================
Revealing Factor:   Kernel Commit
Version:            2019-12-02 - 596cf45cbf6e4fa7bcb0df33e373a7d062b644b5
Commit Name:        Merge branch 'akpm' (patches from Andrew)

Bug Name:           KASAN: vmalloc-out-of-bounds Write in kvm_dev_ioctl_get_cpuid
Bug Link:           https://syzkaller.appspot.com/bug?id=daeccafbaf10d3ac82b2aa792c5f8acd6e3a675c
Arch:               i386
Finding Date:       2019-12-02
Finding Commit:     2019-12-02 - 596cf45cbf6e4fa7bcb0df33e373a7d062b644b5
Guilty Merge:       2013-11-15 - f080480488028bcc25357f85e8ae54ccc3bb7173
Guilty Commit:      2013-10-30 - 84cffe499b9418d6c3b4de2ad9599cc2ec50c607

Possible Blocking Bugs:
