KASAN: slab-out-of-bounds Read in batadv_interface_tx,https://syzkaller.appspot.com/bug?id=b7575418eb496c7def8d76caff2c1c8755682e90
Repository: linux
Arch: i386
Finding: 2018-12-27 - b71acb0e372160167bf6d5500b88b30b52ccef6e
Guilty:  2010-12-16 - c6c8fea29769d998d94fcec9b9f14d4b52b349d3
Duplicate Names:
    KASAN: slab-out-of-bounds Read in batadv_interface_tx
    KASAN: use-after-free Read in batadv_interface_tx
Single Proc Allocation
VMs:8
CPUs:2
Procs:16
Max time:30
Max attempts:3
Testing the finding commit.

2023-06-12 04:54:59
Session:   1
Template:  2018-12-28 - e33ad0f1875349ef73a89aad2473594de21ad9c0
Syzkaller: 2018-12-28 - e33ad0f1875349ef73a89aad2473594de21ad9c0
Kernel:    2018-12-27 - b71acb0e372160167bf6d5500b88b30b52ccef6e
Compiler:  gcc-8.0.1-20180412
Attempt 1:
    Time  Bug Name
***    1  KASAN: slab-out-of-bounds Read in batadv_interface_tx
Attempt 2:
    Time  Bug Name
***    1  KASAN: use-after-free Read in batadv_interface_tx
Attempt 3:
    Time  Bug Name
***    2  KASAN: slab-out-of-bounds Read in batadv_interface_tx
The bug was found.

New Max Time: 10.
No Merge Commit.

==== Template Retrospection ====
30 template changes in [2017-07-22, 2018-12-28].

2023-06-12 05:20:59
Session:   2
Template:  2018-03-05 - db01d57e9144125b368d14815d08e897ff496604
Syzkaller: 2018-03-05 - db01d57e9144125b368d14815d08e897ff496604
Kernel:    2018-03-05 - 094b58e1040a44f991d7ab628035e69c4d6b79c9
Compiler:  gcc-8.0.1-20180301
Attempt 1:
    No crashes found.
Attempt 2:
    No crashes found.
Attempt 3:
    No crashes found.
The bug was not found.

2023-06-12 06:02:56
Session:   3
Template:  2018-07-09 - 59da9e439317c83d5374d06832060fbd66efbbbc
Syzkaller: 2018-07-09 - 59da9e439317c83d5374d06832060fbd66efbbbc
Kernel:    2018-07-09 - bdf33113d89f70186ffb6674e925fa9b8a0266b1
Compiler:  gcc-8.0.1-20180412
Attempt 1:
    No crashes found.
Attempt 2:
    No crashes found.
Attempt 3:
    Time  Bug Name
      10  INFO: task hung in __sb_start_write
The bug was not found.

2023-06-12 06:47:56
Session:   4
Template:  2018-12-24 - dd61e58d94240df628a568c5609b1441746f4a54
Syzkaller: 2018-12-24 - dd61e58d94240df628a568c5609b1441746f4a54
Kernel:    2018-12-23 - 8fe28cb58bcb235034b64cbbb7550a8a43fd88be
Compiler:  gcc-8.0.1-20180412
Attempt 1:
    No crashes found.
Attempt 2:
    No crashes found.
Attempt 3:
    No crashes found.
The bug was not found.

2023-06-12 07:31:26
Session:   5
Template:  2018-12-26 - 586a19e7ece21850ff9347ce78245bf19fe1cdcd
Syzkaller: 2018-12-26 - 586a19e7ece21850ff9347ce78245bf19fe1cdcd
Kernel:    2018-12-26 - 17bf423a1f2d134187191f0ceb4b395173cc98a7
Compiler:  gcc-8.0.1-20180412
Attempt 1:
    Time  Bug Name
***    2  KASAN: use-after-free Read in batadv_interface_tx
The bug was found.

2023-06-12 07:47:46
Session:   6
Template:  2018-12-24 - 57541e29d9d7fba916a77292d80e8f35a132bcb4
Syzkaller: 2018-12-24 - 57541e29d9d7fba916a77292d80e8f35a132bcb4
Kernel:    2018-12-23 - 8fe28cb58bcb235034b64cbbb7550a8a43fd88be
Compiler:  gcc-8.0.1-20180412
Attempt 1:
    No crashes found.
Attempt 2:
    No crashes found.
Attempt 3:
    No crashes found.
The bug was not found.

2023-06-12 08:30:08
Session:   7
Template:  2018-12-24 - 57541e29d9d7fba916a77292d80e8f35a132bcb4
Syzkaller: 2018-12-26 - 586a19e7ece21850ff9347ce78245bf19fe1cdcd
Kernel:    2018-12-26 - 17bf423a1f2d134187191f0ceb4b395173cc98a7
Compiler:  gcc-8.0.1-20180412
Attempt 1:
    Time  Bug Name
***    2  KASAN: use-after-free Read in batadv_interface_tx
The bug was found.

==== Kernel Retrospection ====
40 Linux commits in [2018-12-23, 2018-12-26].

2023-06-12 08:46:27
Session:   8
Template:  2018-12-24 - 8a41a0ad8ed91a6c7a65663b1bacaf6d79cde558
Syzkaller: 2018-12-24 - 8a41a0ad8ed91a6c7a65663b1bacaf6d79cde558
Kernel:    2018-12-25 - 9f687dddc4e1a3101f1ceb7fbaddbf93f93a7788
Compiler:  gcc-8.0.1-20180412
Attempt 1:
    No crashes found.
Attempt 2:
    No crashes found.
Attempt 3:
    No crashes found.
The bug was not found.

2023-06-12 09:28:08
Session:   9
Template:  2018-12-26 - e747ec987b53b3b5ff8886c871f2c33a2a8e5631
Syzkaller: 2018-12-26 - e747ec987b53b3b5ff8886c871f2c33a2a8e5631
Kernel:    2018-12-26 - 460023a5d1d2aa0f733b6708b2fae5ea9f9dfec0
Compiler:  gcc-8.0.1-20180412
Attempt 1:
    Time  Bug Name
***    1  KASAN: slab-out-of-bounds Read in batadv_interface_tx
The bug was found.

2023-06-12 09:42:38
Session:   10
Template:  2018-12-26 - e747ec987b53b3b5ff8886c871f2c33a2a8e5631
Syzkaller: 2018-12-26 - e747ec987b53b3b5ff8886c871f2c33a2a8e5631
Kernel:    2018-12-26 - 30807ef2b76e01ea209fcad66a87e534ed1edb40
Compiler:  gcc-8.0.1-20180412
Attempt 1:
    Time  Bug Name
***    2  KASAN: slab-out-of-bounds Read in batadv_interface_tx
The bug was found.

2023-06-12 09:56:59
Session:   11
Template:  2018-12-26 - e747ec987b53b3b5ff8886c871f2c33a2a8e5631
Syzkaller: 2018-12-26 - e747ec987b53b3b5ff8886c871f2c33a2a8e5631
Kernel:    2018-12-26 - e0783bb42448a4f2a6bd405c890010a3950feada
Compiler:  gcc-8.0.1-20180412
Attempt 1:
    Time  Bug Name
***    2  KASAN: slab-out-of-bounds Read in batadv_interface_tx
The bug was found.

2023-06-12 10:12:32
Session:   12
Template:  2018-12-26 - e747ec987b53b3b5ff8886c871f2c33a2a8e5631
Syzkaller: 2018-12-26 - e747ec987b53b3b5ff8886c871f2c33a2a8e5631
Kernel:    2018-12-26 - 5694cecdb092656a822287a6691aa7ce668c8160
Compiler:  gcc-8.0.1-20180412
Attempt 1:
    Time  Bug Name
***    2  KASAN: slab-out-of-bounds Read in batadv_interface_tx
The bug was found.

2023-06-12 10:27:12
Session:   13
Template:  2018-12-26 - e747ec987b53b3b5ff8886c871f2c33a2a8e5631
Syzkaller: 2018-12-26 - e747ec987b53b3b5ff8886c871f2c33a2a8e5631
Kernel:    2018-12-26 - 13e1ad2be3a85f5c0f76e82af9806b3d12a574d0
Compiler:  gcc-8.0.1-20180412
Attempt 1:
    Time  Bug Name
***    2  KASAN: slab-out-of-bounds Read in batadv_interface_tx
The bug was found.

== Confirming the bisected commit ==

2023-06-12 10:41:45
Session:   14
Template:  2018-12-26 - e747ec987b53b3b5ff8886c871f2c33a2a8e5631
Syzkaller: 2018-12-26 - e747ec987b53b3b5ff8886c871f2c33a2a8e5631
Kernel:    2018-12-26 - 13e1ad2be3a85f5c0f76e82af9806b3d12a574d0
The bug was found in a previous identical fuzzing session.

2023-06-12 10:41:45
Session:   15
Template:  2018-12-26 - e747ec987b53b3b5ff8886c871f2c33a2a8e5631
Syzkaller: 2018-12-26 - e747ec987b53b3b5ff8886c871f2c33a2a8e5631
Kernel:    2018-12-25 - 9f687dddc4e1a3101f1ceb7fbaddbf93f93a7788
Compiler:  gcc-8.0.1-20180412
Attempt 1:
    Time  Bug Name
***    2  KASAN: slab-out-of-bounds Read in batadv_interface_tx
The bug was found.

==== Syzkaller Retrospection ====
6 Syzkaller commits from [2018-12-26].

2023-06-12 11:10:18
Session:   16
Template:  2018-12-26 - e747ec987b53b3b5ff8886c871f2c33a2a8e5631
Syzkaller: 2018-12-26 - e747ec987b53b3b5ff8886c871f2c33a2a8e5631
Kernel:    2018-12-26 - 13e1ad2be3a85f5c0f76e82af9806b3d12a574d0
Compiler:  gcc-8.0.1-20180412
The bug was found in a previous identical fuzzing session.

2023-06-12 11:10:18
Session:   17
Template:  2018-12-26 - 82c9e6774f52bf4e299c7d5a5dff7530e104715a
Syzkaller: 2018-12-26 - 82c9e6774f52bf4e299c7d5a5dff7530e104715a
Kernel:    2018-12-26 - 13e1ad2be3a85f5c0f76e82af9806b3d12a574d0
Compiler:  gcc-8.0.1-20180412
Attempt 1:
    Time  Bug Name
      12  WARNING in hsr_addr_subst_dest
Attempt 2:
    Time  Bug Name
       7  kernel panic: corrupted stack end detected inside scheduler
      13  unregister_netdevice: waiting for DEV to become free
      24  unregister_netdevice: waiting for DEV to become free
      31  kernel panic: corrupted stack end detected inside scheduler
      33  WARNING in hsr_addr_subst_dest
      41  unregister_netdevice: waiting for DEV to become free
      45  unregister_netdevice: waiting for DEV to become free
Attempt 3:
    Time  Bug Name
      42  kernel panic: corrupted stack end detected inside scheduler
      50  kernel panic: corrupted stack end detected inside scheduler
      53  unregister_netdevice: waiting for DEV to become free
      54  unregister_netdevice: waiting for DEV to become free
      55  unregister_netdevice: waiting for DEV to become free
The bug was not found.

====================================================================================================================================================
Revealing Factor:   Syzkaller Update
Version:            2018-12-26 - e747ec987b53b3b5ff8886c871f2c33a2a8e5631
Commit Name:        pkg/csource: fix PRINTF removal

Bug Name:           KASAN: slab-out-of-bounds Read in batadv_interface_tx
Bug Link:           https://syzkaller.appspot.com/bug?id=b7575418eb496c7def8d76caff2c1c8755682e90
Arch:               i386
Finding Date:       2018-12-28
Finding Commit:     2018-12-27 - b71acb0e372160167bf6d5500b88b30b52ccef6e
Guilty Merge:       None
Guilty Commit:      2010-12-16 - c6c8fea29769d998d94fcec9b9f14d4b52b349d3

Possible Blocking Bugs:
    unregister_netdevice: waiting for DEV to become free
