WARNING: suspicious RCU usage in inet_csk_route_req,https://syzkaller.appspot.com/bug?id=0dff2aa3fa84578d53125d241f12befb9def248b
Repository: linux
Arch: amd64
Finding: 2018-02-10 - d48fcbd864a008802a90c58a9ceddd9436d11a49
Guilty:  2017-10-26 - 06f877d613be3621604c2520ec0351d9fbdca15f
No Duplicates
Multi-Proc Allocation.
VMs:4
CPUs:4
Procs:24
Max time:30
Max attempts:3
Testing the finding commit.

2023-03-24 21:04:04
Session:   1
Template:  2018-02-10 - 4e9b726d97da090a8487a742536eaf1cc5880c16
Syzkaller: 2018-02-10 - 4e9b726d97da090a8487a742536eaf1cc5880c16
Kernel:    2018-02-10 - d48fcbd864a008802a90c58a9ceddd9436d11a49
Compiler:  gcc-7.1.1-20170620
Attempt 1:
    No crashes found.
Attempt 2:
    No crashes found.
Attempt 3:
    No crashes found.
The bug was not found.

Failure: This bug cannot be found at the finding commit.
