general protection fault in ovl_free_fs,https://syzkaller.appspot.com/bug?id=603f369e687f580d19ce56b553219452128804c1
Repository: linux
Arch: amd64
Finding: 2018-09-05 - b36fdc6853a38a6f8749897a33435635019e0647
Guilty:  2017-11-09 - 95e6d4177cb7a2d7a760180e13f32adaf4188833
No Duplicates
Single Proc Allocation
VMs:8
CPUs:2
Procs:16
Max time:30
Max attempts:3
Testing the finding commit.

2023-03-25 16:49:44
Session:   1
Template:  2018-09-06 - e30d3b524053cf8d688a1f486a5cde9b67d49e87
Syzkaller: 2018-09-06 - e30d3b524053cf8d688a1f486a5cde9b67d49e87
Kernel:    2018-09-05 - b36fdc6853a38a6f8749897a33435635019e0647
Compiler:  gcc-8.0.1-20180412
Attempt 1:
    Time  Bug Name
       7  lost connection to test machine
***   21  general protection fault in ovl_free_fs
Attempt 2:
    No crashes found.
Attempt 3:
    Time  Bug Name
      25  lost connection to test machine
Attempt 4: (RETRY)
    No crashes found.
Attempt 5: (RETRY)
    No crashes found.
The bug was found.

New Max Time: 31.
Merge Commit: 2017-11-17 - b04a23421bf63d3fde3227041b31e39cb5b5349d.

==== Template Retrospection ====
12 template changes in [2017-11-17, 2018-09-06].

2023-03-25 19:40:45
Session:   2
Template:  2018-07-06 - 9636bc933e06475902e46750d5f5198fb9c2ff7a
Syzkaller: 2018-07-06 - 9636bc933e06475902e46750d5f5198fb9c2ff7a
Kernel:    2018-07-06 - c2b58149d21f619e34ed047ac27eaf280db692da
Compiler:  gcc-8.0.1-20180412
Attempt 1:
    Time  Bug Name
       1  lost connection to test machine
       1  lost connection to test machine
       1  lost connection to test machine
       1  lost connection to test machine
       1  lost connection to test machine
       1  lost connection to test machine
       1  lost connection to test machine
       1  lost connection to test machine
       2  lost connection to test machine
       2  lost connection to test machine
       2  lost connection to test machine
       2  lost connection to test machine
       2  lost connection to test machine
       2  lost connection to test machine
       2  lost connection to test machine
       2  lost connection to test machine
       3  lost connection to test machine
       3  lost connection to test machine
       3  lost connection to test machine
       3  lost connection to test machine
       3  lost connection to test machine
       3  lost connection to test machine
       3  lost connection to test machine
       3  lost connection to test machine
       3  lost connection to test machine
       3  lost connection to test machine
       3  lost connection to test machine
       3  lost connection to test machine
       3  lost connection to test machine
       3  lost connection to test machine
       3  lost connection to test machine
       4  lost connection to test machine
       4  lost connection to test machine
       4  lost connection to test machine
       4  lost connection to test machine
       4  lost connection to test machine
       4  lost connection to test machine
       4  lost connection to test machine
       4  lost connection to test machine
       4  lost connection to test machine
       5  lost connection to test machine
       5  lost connection to test machine
       5  lost connection to test machine
       5  lost connection to test machine
       5  lost connection to test machine
       5  lost connection to test machine
       5  lost connection to test machine
       5  lost connection to test machine
       5  lost connection to test machine
       5  lost connection to test machine
       5  lost connection to test machine
       5  lost connection to test machine
       5  lost connection to test machine
       5  lost connection to test machine
       5  lost connection to test machine
       6  lost connection to test machine
       6  lost connection to test machine
       6  lost connection to test machine
       6  lost connection to test machine
       6  lost connection to test machine
       6  lost connection to test machine
       6  lost connection to test machine
       6  lost connection to test machine
       6  lost connection to test machine
       7  lost connection to test machine
       7  lost connection to test machine
       7  lost connection to test machine
       7  lost connection to test machine
       7  lost connection to test machine
       7  lost connection to test machine
       7  lost connection to test machine
       7  lost connection to test machine
       7  lost connection to test machine
       7  lost connection to test machine
       7  lost connection to test machine
       8  lost connection to test machine
       8  lost connection to test machine
       8  lost connection to test machine
       8  lost connection to test machine
       8  lost connection to test machine
       8  lost connection to test machine
       8  lost connection to test machine
       8  lost connection to test machine
       8  lost connection to test machine
       8  lost connection to test machine
       8  lost connection to test machine
       8  lost connection to test machine
       8  lost connection to test machine
       9  lost connection to test machine
       9  lost connection to test machine
       9  lost connection to test machine
       9  lost connection to test machine
       9  lost connection to test machine
       9  lost connection to test machine
       9  lost connection to test machine
       9  lost connection to test machine
       9  lost connection to test machine
       9  lost connection to test machine
      10  lost connection to test machine
      10  lost connection to test machine
Attempt 2:
    Time  Bug Name
       1  lost connection to test machine
       1  lost connection to test machine
       1  lost connection to test machine
       1  lost connection to test machine
       1  lost connection to test machine
       1  lost connection to test machine
       1  lost connection to test machine
       1  lost connection to test machine
       2  lost connection to test machine
       2  lost connection to test machine
       2  lost connection to test machine
       2  lost connection to test machine
       2  lost connection to test machine
       2  lost connection to test machine
       2  lost connection to test machine
       2  lost connection to test machine
       3  lost connection to test machine
       3  lost connection to test machine
       3  lost connection to test machine
       3  lost connection to test machine
       3  lost connection to test machine
       3  lost connection to test machine
       3  lost connection to test machine
       3  lost connection to test machine
       3  lost connection to test machine
       3  lost connection to test machine
       3  lost connection to test machine
       3  lost connection to test machine
       3  lost connection to test machine
       3  lost connection to test machine
       3  lost connection to test machine
       4  lost connection to test machine
       4  lost connection to test machine
       4  lost connection to test machine
       4  lost connection to test machine
       4  lost connection to test machine
       4  lost connection to test machine
       4  lost connection to test machine
       4  lost connection to test machine
       4  lost connection to test machine
       4  lost connection to test machine
       4  lost connection to test machine
       5  lost connection to test machine
       5  lost connection to test machine
       5  lost connection to test machine
       5  lost connection to test machine
       5  lost connection to test machine
       5  lost connection to test machine
       5  lost connection to test machine
       5  lost connection to test machine
       5  lost connection to test machine
       5  lost connection to test machine
       5  lost connection to test machine
       6  lost connection to test machine
       6  lost connection to test machine
       6  lost connection to test machine
       6  lost connection to test machine
       6  lost connection to test machine
       6  lost connection to test machine
       6  lost connection to test machine
       6  lost connection to test machine
       6  lost connection to test machine
       6  lost connection to test machine
       6  lost connection to test machine
       7  lost connection to test machine
       7  lost connection to test machine
       7  lost connection to test machine
       7  lost connection to test machine
       7  lost connection to test machine
       7  lost connection to test machine
       7  lost connection to test machine
       7  lost connection to test machine
       7  lost connection to test machine
       7  lost connection to test machine
       7  lost connection to test machine
       7  lost connection to test machine
       7  lost connection to test machine
       8  lost connection to test machine
       8  lost connection to test machine
       8  lost connection to test machine
       8  lost connection to test machine
       8  lost connection to test machine
       8  lost connection to test machine
       8  lost connection to test machine
       8  lost connection to test machine
       8  lost connection to test machine
       8  lost connection to test machine
       8  lost connection to test machine
       9  lost connection to test machine
       9  lost connection to test machine
       9  lost connection to test machine
       9  lost connection to test machine
       9  lost connection to test machine
       9  lost connection to test machine
       9  lost connection to test machine
       9  lost connection to test machine
       9  lost connection to test machine
       9  lost connection to test machine
       9  lost connection to test machine
       9  lost connection to test machine
Attempt 3:
    Time  Bug Name
       1  lost connection to test machine
       1  lost connection to test machine
       1  lost connection to test machine
       1  lost connection to test machine
       1  lost connection to test machine
       1  lost connection to test machine
       1  lost connection to test machine
       1  lost connection to test machine
       2  lost connection to test machine
       2  lost connection to test machine
       2  lost connection to test machine
       2  lost connection to test machine
       2  lost connection to test machine
       2  lost connection to test machine
       2  lost connection to test machine
       2  lost connection to test machine
       3  lost connection to test machine
       3  lost connection to test machine
       3  lost connection to test machine
       3  lost connection to test machine
       3  lost connection to test machine
       3  lost connection to test machine
       3  lost connection to test machine
       3  lost connection to test machine
       3  lost connection to test machine
       3  lost connection to test machine
       4  lost connection to test machine
       4  lost connection to test machine
       4  lost connection to test machine
       4  lost connection to test machine
       4  lost connection to test machine
       4  lost connection to test machine
       4  lost connection to test machine
       4  lost connection to test machine
       4  lost connection to test machine
       4  lost connection to test machine
       4  lost connection to test machine
       4  lost connection to test machine
       4  lost connection to test machine
       5  lost connection to test machine
       5  lost connection to test machine
       5  lost connection to test machine
       5  lost connection to test machine
       5  lost connection to test machine
       5  lost connection to test machine
       5  lost connection to test machine
       5  lost connection to test machine
       5  lost connection to test machine
       5  lost connection to test machine
       5  lost connection to test machine
       6  lost connection to test machine
       6  lost connection to test machine
       6  lost connection to test machine
       6  lost connection to test machine
       6  lost connection to test machine
       6  lost connection to test machine
       6  lost connection to test machine
       6  lost connection to test machine
       6  lost connection to test machine
       6  lost connection to test machine
       6  lost connection to test machine
       6  lost connection to test machine
       7  lost connection to test machine
       7  lost connection to test machine
       7  lost connection to test machine
       7  lost connection to test machine
       7  lost connection to test machine
       7  lost connection to test machine
       7  lost connection to test machine
       7  lost connection to test machine
       7  lost connection to test machine
       7  lost connection to test machine
       7  lost connection to test machine
       7  lost connection to test machine
       8  lost connection to test machine
       8  lost connection to test machine
       8  lost connection to test machine
       8  lost connection to test machine
       8  lost connection to test machine
       8  lost connection to test machine
       8  lost connection to test machine
       8  lost connection to test machine
       8  lost connection to test machine
       8  lost connection to test machine
       8  lost connection to test machine
       8  lost connection to test machine
       8  lost connection to test machine
       9  lost connection to test machine
       9  lost connection to test machine
       9  lost connection to test machine
       9  lost connection to test machine
       9  lost connection to test machine
       9  lost connection to test machine
       9  lost connection to test machine
       9  lost connection to test machine
       9  lost connection to test machine
       9  lost connection to test machine
       9  lost connection to test machine
      10  lost connection to test machine
      10  lost connection to test machine
Attempt 4: (RETRY)
    Time  Bug Name
       1  lost connection to test machine
       1  lost connection to test machine
       1  lost connection to test machine
       1  lost connection to test machine
       1  lost connection to test machine
       1  lost connection to test machine
       1  lost connection to test machine
       1  lost connection to test machine
       2  lost connection to test machine
       2  lost connection to test machine
       2  lost connection to test machine
       2  lost connection to test machine
       2  lost connection to test machine
       2  lost connection to test machine
       2  lost connection to test machine
       2  lost connection to test machine
       3  lost connection to test machine
       3  lost connection to test machine
       3  lost connection to test machine
       3  lost connection to test machine
       3  lost connection to test machine
       3  lost connection to test machine
       3  lost connection to test machine
       3  lost connection to test machine
       3  lost connection to test machine
       3  lost connection to test machine
       3  lost connection to test machine
       3  lost connection to test machine
       3  lost connection to test machine
       3  lost connection to test machine
       4  lost connection to test machine
       4  lost connection to test machine
       4  lost connection to test machine
       4  lost connection to test machine
       4  lost connection to test machine
       4  lost connection to test machine
       4  lost connection to test machine
       4  lost connection to test machine
       4  lost connection to test machine
       4  lost connection to test machine
       4  lost connection to test machine
       4  lost connection to test machine
       5  lost connection to test machine
       5  lost connection to test machine
       5  lost connection to test machine
       5  lost connection to test machine
       5  lost connection to test machine
       5  lost connection to test machine
       5  lost connection to test machine
       5  lost connection to test machine
       5  lost connection to test machine
       5  lost connection to test machine
       5  lost connection to test machine
       5  lost connection to test machine
       5  lost connection to test machine
       5  lost connection to test machine
       6  lost connection to test machine
       6  lost connection to test machine
       6  lost connection to test machine
       6  lost connection to test machine
       6  lost connection to test machine
       6  lost connection to test machine
       6  lost connection to test machine
       6  lost connection to test machine
       6  lost connection to test machine
       6  lost connection to test machine
       7  lost connection to test machine
       7  lost connection to test machine
       7  lost connection to test machine
       7  lost connection to test machine
       7  lost connection to test machine
       7  lost connection to test machine
       7  lost connection to test machine
       7  lost connection to test machine
       7  lost connection to test machine
       7  lost connection to test machine
       7  lost connection to test machine
       7  lost connection to test machine
       7  lost connection to test machine
       7  lost connection to test machine
       8  lost connection to test machine
       8  lost connection to test machine
       8  lost connection to test machine
       8  lost connection to test machine
       8  lost connection to test machine
       8  lost connection to test machine
       8  lost connection to test machine
       8  lost connection to test machine
       9  lost connection to test machine
       9  lost connection to test machine
       9  lost connection to test machine
       9  lost connection to test machine
       9  lost connection to test machine
       9  lost connection to test machine
       9  lost connection to test machine
       9  lost connection to test machine
       9  lost connection to test machine
       9  lost connection to test machine
       9  lost connection to test machine
       9  lost connection to test machine
Attempt 5: (RETRY)
    Time  Bug Name
       1  lost connection to test machine
       1  lost connection to test machine
       1  lost connection to test machine
       1  lost connection to test machine
       1  lost connection to test machine
       1  lost connection to test machine
       1  lost connection to test machine
       1  lost connection to test machine
       2  lost connection to test machine
       2  lost connection to test machine
       2  lost connection to test machine
       2  lost connection to test machine
       2  lost connection to test machine
       2  lost connection to test machine
       2  lost connection to test machine
       2  lost connection to test machine
       3  lost connection to test machine
       3  lost connection to test machine
       3  lost connection to test machine
       3  lost connection to test machine
       3  lost connection to test machine
       3  lost connection to test machine
       3  lost connection to test machine
       3  lost connection to test machine
       3  lost connection to test machine
       3  lost connection to test machine
       3  lost connection to test machine
       3  lost connection to test machine
       3  lost connection to test machine
       3  lost connection to test machine
       3  lost connection to test machine
       3  lost connection to test machine
       4  lost connection to test machine
       4  lost connection to test machine
       4  lost connection to test machine
       4  lost connection to test machine
       4  lost connection to test machine
       4  lost connection to test machine
       4  lost connection to test machine
       4  lost connection to test machine
       5  lost connection to test machine
       5  lost connection to test machine
       5  lost connection to test machine
       5  lost connection to test machine
       5  lost connection to test machine
       5  lost connection to test machine
       5  lost connection to test machine
       5  lost connection to test machine
       5  lost connection to test machine
       5  lost connection to test machine
       5  lost connection to test machine
       5  lost connection to test machine
       5  lost connection to test machine
       5  lost connection to test machine
       5  lost connection to test machine
       5  lost connection to test machine
       6  lost connection to test machine
       6  lost connection to test machine
       6  lost connection to test machine
       6  lost connection to test machine
       6  lost connection to test machine
       6  lost connection to test machine
       6  lost connection to test machine
       6  lost connection to test machine
       6  lost connection to test machine
       6  lost connection to test machine
       6  lost connection to test machine
       7  lost connection to test machine
       7  lost connection to test machine
       7  lost connection to test machine
       7  lost connection to test machine
       7  lost connection to test machine
       7  lost connection to test machine
       7  lost connection to test machine
       7  lost connection to test machine
       7  lost connection to test machine
       7  lost connection to test machine
       7  lost connection to test machine
       7  lost connection to test machine
       7  lost connection to test machine
       8  lost connection to test machine
       8  lost connection to test machine
       8  lost connection to test machine
       8  lost connection to test machine
       8  lost connection to test machine
       8  lost connection to test machine
       8  lost connection to test machine
       8  lost connection to test machine
       8  lost connection to test machine
       8  lost connection to test machine
       8  lost connection to test machine
       9  lost connection to test machine
       9  lost connection to test machine
       9  lost connection to test machine
       9  lost connection to test machine
       9  lost connection to test machine
       9  lost connection to test machine
       9  lost connection to test machine
       9  lost connection to test machine
       9  lost connection to test machine
Attempt 6: (RETRY)
    Time  Bug Name
       1  lost connection to test machine
       1  lost connection to test machine
       1  lost connection to test machine
       1  lost connection to test machine
       1  lost connection to test machine
       1  lost connection to test machine
       1  lost connection to test machine
       1  lost connection to test machine
       2  lost connection to test machine
       2  lost connection to test machine
       2  lost connection to test machine
       2  lost connection to test machine
       2  lost connection to test machine
       2  lost connection to test machine
       2  lost connection to test machine
       2  lost connection to test machine
       3  lost connection to test machine
       3  lost connection to test machine
       3  lost connection to test machine
       3  lost connection to test machine
       3  lost connection to test machine
       3  lost connection to test machine
       3  lost connection to test machine
       3  lost connection to test machine
       3  lost connection to test machine
       3  lost connection to test machine
       3  lost connection to test machine
       3  lost connection to test machine
       3  lost connection to test machine
       3  lost connection to test machine
       3  lost connection to test machine
       4  lost connection to test machine
       4  lost connection to test machine
       4  lost connection to test machine
       4  lost connection to test machine
       4  lost connection to test machine
       4  lost connection to test machine
       4  lost connection to test machine
       4  lost connection to test machine
       4  lost connection to test machine
       4  lost connection to test machine
       5  lost connection to test machine
       5  lost connection to test machine
       5  lost connection to test machine
       5  lost connection to test machine
       5  lost connection to test machine
       5  lost connection to test machine
       5  lost connection to test machine
       5  lost connection to test machine
       5  lost connection to test machine
       5  lost connection to test machine
       5  lost connection to test machine
       5  lost connection to test machine
       5  lost connection to test machine
       5  lost connection to test machine
       6  lost connection to test machine
       6  lost connection to test machine
       6  lost connection to test machine
       6  lost connection to test machine
       6  lost connection to test machine
       6  lost connection to test machine
       6  lost connection to test machine
       6  lost connection to test machine
       6  lost connection to test machine
       7  lost connection to test machine
       7  lost connection to test machine
       7  lost connection to test machine
       7  lost connection to test machine
       7  lost connection to test machine
       7  lost connection to test machine
       7  lost connection to test machine
       7  lost connection to test machine
       7  lost connection to test machine
       7  lost connection to test machine
       7  lost connection to test machine
       7  lost connection to test machine
       7  lost connection to test machine
       8  lost connection to test machine
       8  lost connection to test machine
       8  lost connection to test machine
       8  lost connection to test machine
       8  lost connection to test machine
       8  lost connection to test machine
       8  lost connection to test machine
       8  lost connection to test machine
       8  lost connection to test machine
       8  lost connection to test machine
       8  lost connection to test machine
       9  lost connection to test machine
       9  lost connection to test machine
       9  lost connection to test machine
       9  lost connection to test machine
       9  lost connection to test machine
       9  lost connection to test machine
       9  lost connection to test machine
       9  lost connection to test machine
       9  lost connection to test machine
       9  lost connection to test machine
      10  lost connection to test machine
      10  lost connection to test machine
The bug was not found.
Warning: This session is unstable.

2023-03-25 23:09:48
Session:   3
Template:  2018-07-09 - 40ed7e838ad29ec97a110db15aaab69b350756b0
Syzkaller: 2018-07-09 - 40ed7e838ad29ec97a110db15aaab69b350756b0
Kernel:    2018-07-09 - bdf33113d89f70186ffb6674e925fa9b8a0266b1
Compiler:  gcc-8.0.1-20180412
Attempt 1:
    No crashes found.
Attempt 2:
    No crashes found.
Attempt 3:
    No crashes found.
The bug was not found.

2023-03-26 01:03:21
Session:   4
Template:  2018-08-31 - a4718693a3d9fcabb02299b2ec07c19d8208c539
Syzkaller: 2018-08-31 - a4718693a3d9fcabb02299b2ec07c19d8208c539
Kernel:    2018-08-31 - 420f51f4ab6bce6e580390729fadb89c31123636
Compiler:  gcc-8.0.1-20180412
Attempt 1:
    Time  Bug Name
      12  lost connection to test machine
      13  lost connection to test machine
      14  lost connection to test machine
      17  lost connection to test machine
      20  lost connection to test machine
      26  lost connection to test machine
      28  lost connection to test machine
Attempt 2:
    Time  Bug Name
      12  lost connection to test machine
      15  lost connection to test machine
      15  lost connection to test machine
      16  lost connection to test machine
      16  lost connection to test machine
      17  lost connection to test machine
      23  lost connection to test machine
      25  lost connection to test machine
Attempt 3:
    Time  Bug Name
       7  lost connection to test machine
       9  lost connection to test machine
       9  lost connection to test machine
      12  lost connection to test machine
      18  lost connection to test machine
      21  lost connection to test machine
Attempt 4: (RETRY)
    Time  Bug Name
       7  lost connection to test machine
       9  lost connection to test machine
      12  lost connection to test machine
      13  lost connection to test machine
      19  lost connection to test machine
      20  lost connection to test machine
Attempt 5: (RETRY)
    Time  Bug Name
       2  lost connection to test machine
       8  lost connection to test machine
       9  lost connection to test machine
      13  lost connection to test machine
      18  lost connection to test machine
      25  lost connection to test machine
      30  lost connection to test machine
Attempt 6: (RETRY)
    Time  Bug Name
       2  lost connection to test machine
      10  lost connection to test machine
      11  lost connection to test machine
      12  lost connection to test machine
      13  lost connection to test machine
      14  lost connection to test machine
      14  lost connection to test machine
      21  lost connection to test machine
      23  lost connection to test machine
The bug was not found.
Warning: This session is unstable.

==== Kernel Retrospection ====
20 Linux commits in [2018-08-31, 2018-09-06].

2023-03-26 04:33:07
Session:   5
Template:  2018-09-02 - 8d971420eead44f8995c02d0f01e81d978f90b89
Syzkaller: 2018-09-02 - 8d971420eead44f8995c02d0f01e81d978f90b89
Kernel:    2018-09-02 - 1395d109cddcf6c8ebf20ba3bfaa2beb48febfbc
Compiler:  gcc-8.0.1-20180412
Attempt 1:
    Time  Bug Name
       8  lost connection to test machine
       8  lost connection to test machine
      18  lost connection to test machine
      25  lost connection to test machine
Attempt 2:
    Time  Bug Name
       2  lost connection to test machine
       7  lost connection to test machine
       9  lost connection to test machine
      12  lost connection to test machine
      16  lost connection to test machine
      21  lost connection to test machine
      24  lost connection to test machine
Attempt 3:
    Time  Bug Name
       9  lost connection to test machine
      12  lost connection to test machine
      14  lost connection to test machine
Attempt 4: (RETRY)
    Time  Bug Name
       7  lost connection to test machine
       8  lost connection to test machine
      10  lost connection to test machine
      11  lost connection to test machine
      11  lost connection to test machine
      16  lost connection to test machine
Attempt 5: (RETRY)
    Time  Bug Name
       7  lost connection to test machine
      10  lost connection to test machine
      25  lost connection to test machine
Attempt 6: (RETRY)
    Time  Bug Name
       2  lost connection to test machine
      19  lost connection to test machine
      21  lost connection to test machine
      22  lost connection to test machine
      29  lost connection to test machine
The bug was not found.
Warning: This session is unstable.

2023-03-26 08:00:58
Session:   6
Template:  2018-08-31 - 19cfcead69273559ae293a84ce108d00416a3e55
Syzkaller: 2018-08-31 - 19cfcead69273559ae293a84ce108d00416a3e55
Kernel:    2018-09-01 - 360bd62dc4943a0754e6cb5637e01b5b43143cfc
Compiler:  gcc-8.0.1-20180412
Attempt 1:
    Time  Bug Name
       2  lost connection to test machine
      12  lost connection to test machine
      16  lost connection to test machine
      17  lost connection to test machine
      19  lost connection to test machine
      30  lost connection to test machine
Attempt 2:
    Time  Bug Name
      10  lost connection to test machine
      13  lost connection to test machine
      13  lost connection to test machine
      16  lost connection to test machine
      29  lost connection to test machine
Attempt 3:
    Time  Bug Name
       2  lost connection to test machine
       2  lost connection to test machine
      14  lost connection to test machine
      15  lost connection to test machine
      15  lost connection to test machine
      17  lost connection to test machine
Attempt 4: (RETRY)
    Time  Bug Name
      18  lost connection to test machine
      18  lost connection to test machine
      19  lost connection to test machine
      21  lost connection to test machine
      24  lost connection to test machine
      29  lost connection to test machine
      31  lost connection to test machine
Attempt 5: (RETRY)
    Time  Bug Name
       8  lost connection to test machine
      11  lost connection to test machine
      13  lost connection to test machine
      17  lost connection to test machine
      18  lost connection to test machine
Attempt 6: (RETRY)
    Time  Bug Name
       8  lost connection to test machine
      12  lost connection to test machine
      14  lost connection to test machine
      16  lost connection to test machine
The bug was not found.
Warning: This session is unstable.

2023-03-26 11:36:18
Session:   7
Template:  2018-08-31 - 19cfcead69273559ae293a84ce108d00416a3e55
Syzkaller: 2018-08-31 - 19cfcead69273559ae293a84ce108d00416a3e55
Kernel:    2018-08-31 - 420f51f4ab6bce6e580390729fadb89c31123636
Compiler:  gcc-8.0.1-20180412
Attempt 1:
    Time  Bug Name
       8  lost connection to test machine
      10  lost connection to test machine
      10  lost connection to test machine
      11  lost connection to test machine
Attempt 2:
    Time  Bug Name
       8  lost connection to test machine
       8  lost connection to test machine
       8  lost connection to test machine
      12  lost connection to test machine
Attempt 3:
    Time  Bug Name
       7  lost connection to test machine
Attempt 4: (RETRY)
    Time  Bug Name
       7  lost connection to test machine
      14  lost connection to test machine
Attempt 5: (RETRY)
    Time  Bug Name
       9  lost connection to test machine
      25  lost connection to test machine
      27  lost connection to test machine
      30  lost connection to test machine
Attempt 6: (RETRY)
    Time  Bug Name
       6  lost connection to test machine
       8  lost connection to test machine
       8  lost connection to test machine
      10  lost connection to test machine
      13  lost connection to test machine
      14  lost connection to test machine
      14  lost connection to test machine
      17  lost connection to test machine
      18  lost connection to test machine
      21  lost connection to test machine
      22  lost connection to test machine
The bug was not found.
Warning: This session is unstable.

2023-03-26 15:07:40
Session:   8
Template:  2018-08-31 - 19cfcead69273559ae293a84ce108d00416a3e55
Syzkaller: 2018-08-31 - 19cfcead69273559ae293a84ce108d00416a3e55
Kernel:    2018-08-31 - 01f6543a0dacd8d9901a130b26e9fec080c1f276
Compiler:  gcc-8.0.1-20180412
Attempt 1:
    Time  Bug Name
       8  lost connection to test machine
       9  lost connection to test machine
      15  lost connection to test machine
      22  lost connection to test machine
      24  lost connection to test machine
Attempt 2:
    Time  Bug Name
       9  lost connection to test machine
      13  lost connection to test machine
      15  lost connection to test machine
Attempt 3:
    Time  Bug Name
       2  lost connection to test machine
      11  lost connection to test machine
      12  lost connection to test machine
      12  lost connection to test machine
      12  lost connection to test machine
      16  lost connection to test machine
Attempt 4: (RETRY)
    Time  Bug Name
      11  lost connection to test machine
      14  lost connection to test machine
      18  lost connection to test machine
Attempt 5: (RETRY)
    Time  Bug Name
      10  lost connection to test machine
      11  lost connection to test machine
      14  lost connection to test machine
      16  lost connection to test machine
      22  lost connection to test machine
Attempt 6: (RETRY)
    Time  Bug Name
       8  lost connection to test machine
       8  lost connection to test machine
       9  lost connection to test machine
      14  lost connection to test machine
      14  lost connection to test machine
      17  lost connection to test machine
      17  lost connection to test machine
      24  lost connection to test machine
The bug was not found.
Warning: This session is unstable.

2023-03-26 18:33:43
Session:   9
Template:  2018-08-31 - 19cfcead69273559ae293a84ce108d00416a3e55
Syzkaller: 2018-08-31 - 19cfcead69273559ae293a84ce108d00416a3e55
Kernel:    2018-08-31 - 4658aff6eeaaf0b049ce787513abfc985c452e3a
Compiler:  gcc-8.0.1-20180412
Attempt 1:
    Time  Bug Name
       4  lost connection to test machine
       8  lost connection to test machine
      10  lost connection to test machine
      11  lost connection to test machine
      11  lost connection to test machine
      12  lost connection to test machine
      13  lost connection to test machine
      14  lost connection to test machine
      14  lost connection to test machine
      18  lost connection to test machine
      21  lost connection to test machine
Attempt 2:
    Time  Bug Name
      17  lost connection to test machine
      19  lost connection to test machine
      26  lost connection to test machine
      27  lost connection to test machine
Attempt 3:
    Time  Bug Name
       2  lost connection to test machine
       7  lost connection to test machine
       7  lost connection to test machine
      13  lost connection to test machine
      21  lost connection to test machine
      26  lost connection to test machine
      28  lost connection to test machine
Attempt 4: (RETRY)
    Time  Bug Name
       9  lost connection to test machine
      10  lost connection to test machine
      11  lost connection to test machine
      11  lost connection to test machine
      27  lost connection to test machine
      30  lost connection to test machine
Attempt 5: (RETRY)
    Time  Bug Name
       6  lost connection to test machine
       9  lost connection to test machine
      13  lost connection to test machine
Attempt 6: (RETRY)
    Time  Bug Name
       2  lost connection to test machine
       2  lost connection to test machine
       9  lost connection to test machine
      14  lost connection to test machine
      18  lost connection to test machine
      18  lost connection to test machine
The bug was not found.
Warning: This session is unstable.

2023-03-26 22:02:20
Session:   10
Template:  2018-09-02 - 8d971420eead44f8995c02d0f01e81d978f90b89
Syzkaller: 2018-09-02 - 8d971420eead44f8995c02d0f01e81d978f90b89
Kernel:    2018-09-02 - a3ea9911e225337472fe7cc9278966049a1571e5
Compiler:  gcc-8.0.1-20180412
Attempt 1:
    Time  Bug Name
      10  lost connection to test machine
      13  lost connection to test machine
      15  lost connection to test machine
      17  lost connection to test machine
      17  lost connection to test machine
Attempt 2:
    Time  Bug Name
       7  lost connection to test machine
       8  lost connection to test machine
       8  lost connection to test machine
       9  lost connection to test machine
       9  lost connection to test machine
      13  lost connection to test machine
      16  lost connection to test machine
      16  lost connection to test machine
      17  lost connection to test machine
Attempt 3:
    Time  Bug Name
       7  lost connection to test machine
       9  lost connection to test machine
      10  lost connection to test machine
      16  lost connection to test machine
      26  lost connection to test machine
Attempt 4: (RETRY)
    Time  Bug Name
       2  lost connection to test machine
      10  lost connection to test machine
      13  lost connection to test machine
Attempt 5: (RETRY)
    Time  Bug Name
       2  lost connection to test machine
       2  lost connection to test machine
       5  lost connection to test machine
       9  lost connection to test machine
      15  lost connection to test machine
      15  lost connection to test machine
      25  lost connection to test machine
      26  lost connection to test machine
Attempt 6: (RETRY)
    Time  Bug Name
      13  lost connection to test machine
      20  lost connection to test machine
The bug was not found.
Warning: This session is unstable.

2023-03-27 01:25:42
Session:   11
Template:  2018-09-02 - 8d971420eead44f8995c02d0f01e81d978f90b89
Syzkaller: 2018-09-02 - 8d971420eead44f8995c02d0f01e81d978f90b89
Kernel:    2018-09-02 - 57361846b52bc686112da6ca5368d11210796804
Compiler:  gcc-8.0.1-20180412
Attempt 1:
    Time  Bug Name
       6  lost connection to test machine
       6  lost connection to test machine
      11  lost connection to test machine
      14  lost connection to test machine
      16  lost connection to test machine
      18  lost connection to test machine
      19  lost connection to test machine
      22  lost connection to test machine
      24  lost connection to test machine
Attempt 2:
    Time  Bug Name
       7  lost connection to test machine
      12  lost connection to test machine
      14  lost connection to test machine
      16  lost connection to test machine
      17  lost connection to test machine
      19  lost connection to test machine
Attempt 3:
    Time  Bug Name
       2  lost connection to test machine
       3  lost connection to test machine
      12  lost connection to test machine
      13  lost connection to test machine
      15  lost connection to test machine
Attempt 4: (RETRY)
    Time  Bug Name
       2  lost connection to test machine
       9  lost connection to test machine
      12  lost connection to test machine
      14  lost connection to test machine
      17  lost connection to test machine
      18  lost connection to test machine
      21  lost connection to test machine
      23  lost connection to test machine
      24  lost connection to test machine
Attempt 5: (RETRY)
    Time  Bug Name
      11  lost connection to test machine
      13  lost connection to test machine
      16  lost connection to test machine
      18  lost connection to test machine
Attempt 6: (RETRY)
    Time  Bug Name
       2  lost connection to test machine
       9  lost connection to test machine
      16  lost connection to test machine
      16  lost connection to test machine
The bug was not found.
Warning: This session is unstable.

2023-03-27 04:55:40
Session:   12
Template:  2018-09-04 - 67669d119077d09ec956a0203c5611b7a2413935
Syzkaller: 2018-09-04 - 67669d119077d09ec956a0203c5611b7a2413935
Kernel:    2018-09-04 - 28619527b8a712590c93d0a9e24b4425b9376a8c
Compiler:  gcc-8.0.1-20180412
Attempt 1:
    Time  Bug Name
      11  lost connection to test machine
      29  lost connection to test machine
Attempt 2:
    No crashes found.
Attempt 3:
    Time  Bug Name
***   26  general protection fault in ovl_free_fs
The bug was found.
Switching to Safe Mode: Fuzzing 5 times at 31 minutes

2023-03-27 06:44:50
Session:   13
Template:  2018-08-31 - 19cfcead69273559ae293a84ce108d00416a3e55
Syzkaller: 2018-08-31 - 19cfcead69273559ae293a84ce108d00416a3e55
Kernel:    2018-09-01 - b18ed664c262e6c2f7067f2d12e566d134d13505
Compiler:  gcc-8.0.1-20180412
Attempt 1:
    Time  Bug Name
       7  lost connection to test machine
      12  lost connection to test machine
      14  lost connection to test machine
Attempt 2:
    Time  Bug Name
       8  lost connection to test machine
       8  lost connection to test machine
      12  lost connection to test machine
      14  lost connection to test machine
      15  lost connection to test machine
      16  lost connection to test machine
      16  lost connection to test machine
      19  lost connection to test machine
      25  lost connection to test machine
Attempt 3:
    Time  Bug Name
       6  lost connection to test machine
      10  lost connection to test machine
      12  lost connection to test machine
      26  lost connection to test machine
Attempt 4:
    Time  Bug Name
       1  lost connection to test machine
      10  lost connection to test machine
      10  lost connection to test machine
      15  lost connection to test machine
Attempt 5:
    Time  Bug Name
       8  lost connection to test machine
      11  lost connection to test machine
      13  lost connection to test machine
      19  lost connection to test machine
Attempt 6: (RETRY)
    Time  Bug Name
       7  lost connection to test machine
      11  lost connection to test machine
      16  lost connection to test machine
      18  lost connection to test machine
      18  lost connection to test machine
Attempt 7: (RETRY)
    Time  Bug Name
       8  lost connection to test machine
       9  lost connection to test machine
      15  lost connection to test machine
      16  lost connection to test machine
      17  lost connection to test machine
      28  lost connection to test machine
Attempt 8: (RETRY)
    Time  Bug Name
      15  lost connection to test machine
      15  lost connection to test machine
      25  lost connection to test machine
Attempt 9: (RETRY)
    Time  Bug Name
       2  lost connection to test machine
       7  lost connection to test machine
      10  lost connection to test machine
      10  lost connection to test machine
      15  lost connection to test machine
      17  lost connection to test machine
Attempt 10: (RETRY)
    Time  Bug Name
       1  lost connection to test machine
      10  lost connection to test machine
      11  lost connection to test machine
      12  lost connection to test machine
      20  lost connection to test machine
The bug was not found.
Warning: This session is unstable.

2023-03-27 12:17:07
Session:   14
Template:  2018-08-31 - 19cfcead69273559ae293a84ce108d00416a3e55
Syzkaller: 2018-08-31 - 19cfcead69273559ae293a84ce108d00416a3e55
Kernel:    2018-08-31 - 4290d5b9ca018be10c7582524f7500df731bfab0
Compiler:  gcc-8.0.1-20180412
Attempt 1:
    Time  Bug Name
      11  lost connection to test machine
      11  lost connection to test machine
      17  lost connection to test machine
      17  lost connection to test machine
      19  lost connection to test machine
      24  lost connection to test machine
***   30  general protection fault in ovl_free_fs
The bug was found.

2023-03-27 13:07:51
Session:   15
Template:  2018-08-31 - 19cfcead69273559ae293a84ce108d00416a3e55
Syzkaller: 2018-08-31 - 19cfcead69273559ae293a84ce108d00416a3e55
Kernel:    2018-08-31 - 217c3e0196758662aa0429863b09d1c13da1c5d6
Compiler:  gcc-8.0.1-20180412
Attempt 1:
    Time  Bug Name
      10  lost connection to test machine
      13  lost connection to test machine
      15  lost connection to test machine
      19  lost connection to test machine
      26  lost connection to test machine
Attempt 2:
    Time  Bug Name
       2  lost connection to test machine
       7  lost connection to test machine
      16  lost connection to test machine
      16  lost connection to test machine
      29  lost connection to test machine
Attempt 3:
    Time  Bug Name
       9  lost connection to test machine
       9  lost connection to test machine
      14  lost connection to test machine
Attempt 4:
    Time  Bug Name
       9  lost connection to test machine
      10  lost connection to test machine
Attempt 5:
    Time  Bug Name
      13  lost connection to test machine
      14  lost connection to test machine
      16  lost connection to test machine
      19  lost connection to test machine
Attempt 6: (RETRY)
    Time  Bug Name
       9  lost connection to test machine
      10  lost connection to test machine
      13  lost connection to test machine
      14  lost connection to test machine
      21  lost connection to test machine
      25  lost connection to test machine
Attempt 7: (RETRY)
    Time  Bug Name
       2  lost connection to test machine
       9  lost connection to test machine
      13  lost connection to test machine
      14  lost connection to test machine
      14  lost connection to test machine
      14  lost connection to test machine
      15  lost connection to test machine
      18  lost connection to test machine
      24  lost connection to test machine
Attempt 8: (RETRY)
    Time  Bug Name
       9  lost connection to test machine
      12  lost connection to test machine
      15  lost connection to test machine
      19  lost connection to test machine
Attempt 9: (RETRY)
    Time  Bug Name
       8  lost connection to test machine
      11  lost connection to test machine
      13  lost connection to test machine
      15  lost connection to test machine
      18  lost connection to test machine
      19  lost connection to test machine
      19  lost connection to test machine
      23  lost connection to test machine
      27  lost connection to test machine
      29  lost connection to test machine
      30  lost connection to test machine
Attempt 10: (RETRY)
    Time  Bug Name
      10  lost connection to test machine
      11  lost connection to test machine
      17  lost connection to test machine
      18  lost connection to test machine
      18  lost connection to test machine
      20  lost connection to test machine
      23  lost connection to test machine
      24  lost connection to test machine
The bug was not found.
Warning: This session is unstable.

2023-03-27 18:39:53
Session:   16
Template:  2018-08-31 - 19cfcead69273559ae293a84ce108d00416a3e55
Syzkaller: 2018-08-31 - 19cfcead69273559ae293a84ce108d00416a3e55
Kernel:    2018-08-31 - 754cf4b2432dfea0f925a0b760506a9c97c8f00b
Compiler:  gcc-8.0.1-20180412
Attempt 1:
    Time  Bug Name
       8  lost connection to test machine
       9  lost connection to test machine
      10  lost connection to test machine
      12  lost connection to test machine
      14  lost connection to test machine
      14  lost connection to test machine
      20  lost connection to test machine
Attempt 2:
    Time  Bug Name
       2  lost connection to test machine
      13  lost connection to test machine
      14  lost connection to test machine
      17  lost connection to test machine
      19  lost connection to test machine
      22  lost connection to test machine
      30  lost connection to test machine
Attempt 3:
    Time  Bug Name
      11  lost connection to test machine
      12  lost connection to test machine
      12  lost connection to test machine
      15  lost connection to test machine
Attempt 4:
    Time  Bug Name
       7  lost connection to test machine
       7  lost connection to test machine
      10  lost connection to test machine
      11  lost connection to test machine
      12  lost connection to test machine
      20  lost connection to test machine
      20  lost connection to test machine
      26  lost connection to test machine
Attempt 5:
    Time  Bug Name
      11  lost connection to test machine
      20  lost connection to test machine
      22  lost connection to test machine
Attempt 6: (RETRY)
    Time  Bug Name
      10  lost connection to test machine
      10  lost connection to test machine
      10  lost connection to test machine
      16  lost connection to test machine
      16  lost connection to test machine
      17  lost connection to test machine
      17  lost connection to test machine
      18  lost connection to test machine
      21  lost connection to test machine
      26  lost connection to test machine
Attempt 7: (RETRY)
    Time  Bug Name
      10  lost connection to test machine
      12  lost connection to test machine
      13  lost connection to test machine
      14  lost connection to test machine
      17  lost connection to test machine
Attempt 8: (RETRY)
    Time  Bug Name
       2  lost connection to test machine
      12  lost connection to test machine
      16  lost connection to test machine
      18  lost connection to test machine
Attempt 9: (RETRY)
    Time  Bug Name
       8  lost connection to test machine
      10  lost connection to test machine
Attempt 10: (RETRY)
    Time  Bug Name
       2  lost connection to test machine
      11  lost connection to test machine
      18  lost connection to test machine
      27  lost connection to test machine
The bug was not found.
Warning: This session is unstable.

====================================================================================================================================================
Revealing Factor:   Unstable Commits
Unstable Range:     [2018-08-31, 2018-08-31]
Version:            2018-08-31 - 01f6543a0dacd8d9901a130b26e9fec080c1f276
Commit Name:        Merge tag 'm68k-for-v4.19-tag2' of git://git.kernel.org/pub/scm/linux/kernel/git/geert/linux-m68k

Bug Name:           general protection fault in ovl_free_fs
Bug Link:           https://syzkaller.appspot.com/bug?id=603f369e687f580d19ce56b553219452128804c1
Arch:               amd64
Finding Date:       2018-09-06
Finding Commit:     2018-09-05 - b36fdc6853a38a6f8749897a33435635019e0647
Guilty Merge:       2017-11-17 - b04a23421bf63d3fde3227041b31e39cb5b5349d
Guilty Commit:      2017-11-09 - 95e6d4177cb7a2d7a760180e13f32adaf4188833

Possible Blocking Bugs:
Warning: Revealing factor may be faulty.
