general protection fault in ip6erspan_set_version,https://syzkaller.appspot.com/bug?id=1a7792e0143b23b9912cf187054052ffaf849714
Repository: linux
Arch: amd64
Finding: 2019-02-19 - 40e196a906d969fd10d885c692d2674b3d657006
Guilty:  2019-02-15 - 4974d5f678abb34401558559d47e2ea3d1c15cba
No Duplicates
Single Proc Allocation
VMs:8
CPUs:2
Procs:16
Max time:30
Max attempts:3
Testing the finding commit.

2023-03-07 23:58:50
Session:   1
Template:  2019-02-20 - c95f0707e9c783effcd7cc0212dfdd548def8735
Syzkaller: 2019-02-20 - c95f0707e9c783effcd7cc0212dfdd548def8735
Kernel:    2019-02-20 - 40e196a906d969fd10d885c692d2674b3d657006
Compiler:  gcc-9.0.0-20181231
Attempt 1:
    Time  Bug Name
***    2  general protection fault in ip6erspan_set_version
Attempt 2:
    Time  Bug Name
***    2  general protection fault in ip6erspan_set_version
Attempt 3:
    Time  Bug Name
***    1  general protection fault in ip6erspan_set_version
The bug was found.

New Max Time: 10.
Merge Commit: 2019-02-20 - 40e196a906d969fd10d885c692d2674b3d657006.
No template updates to inspect.

==== Kernel Retrospection ====
0 Linux commits in [2019-02-20, 2019-02-20].

2023-03-08 00:33:33
Session:   2
Template:  2019-02-20 - c95f0707e9c783effcd7cc0212dfdd548def8735
Syzkaller: 2019-02-20 - c95f0707e9c783effcd7cc0212dfdd548def8735
Kernel:    2019-02-20 - 40e196a906d969fd10d885c692d2674b3d657006
The bug was found in a previous identical fuzzing session.

== Confirming the bisected commit ==

2023-03-08 00:33:33
Session:   3
Template:  2019-02-20 - c95f0707e9c783effcd7cc0212dfdd548def8735
Syzkaller: 2019-02-20 - c95f0707e9c783effcd7cc0212dfdd548def8735
Kernel:    2019-02-20 - 40e196a906d969fd10d885c692d2674b3d657006
The bug was found in a previous identical fuzzing session.

====================================================================================================================================================
Revealing Factor:   Guilty Merge
Version:            2019-02-20 - 40e196a906d969fd10d885c692d2674b3d657006
Commit Name:        Merge git://git.kernel.org/pub/scm/linux/kernel/git/davem/net

Bug Name:           general protection fault in ip6erspan_set_version
Bug Link:           https://syzkaller.appspot.com/bug?id=1a7792e0143b23b9912cf187054052ffaf849714
Arch:               amd64
Finding Date:       2019-02-20
Finding Commit:     2019-02-20 - 40e196a906d969fd10d885c692d2674b3d657006
Guilty Merge:       2019-02-20 - 40e196a906d969fd10d885c692d2674b3d657006
Guilty Commit:      2019-02-15 - 4974d5f678abb34401558559d47e2ea3d1c15cba

Possible Blocking Bugs:
