WARNING in tcp_close,https://syzkaller.appspot.com/bug?id=299ee54dcbcc5a4da36a0e57a09e0e3cfeaa335b
Repository: linux
Arch: amd64
Finding: 2018-08-04 - 60f5a21736322c25b297b022aa48aeb28fd56f9e
Guilty:  2016-11-09 - 67db3e4bfbc90657c7be840aad5585be46240d6f
No Duplicates
Default Allocation.
VMs:4
CPUs:4
Procs:24
Max time:30
Max attempts:3
Testing the finding commit.

2023-03-20 09:54:14
Session:   1
Template:  2018-08-05 - 1beb81367ce08594953fd11d686589b9613c3a97
Syzkaller: 2018-08-05 - 1beb81367ce08594953fd11d686589b9613c3a97
Kernel:    2018-08-05 - 60f5a21736322c25b297b022aa48aeb28fd56f9e
Compiler:  gcc-8.0.1-20180412
Attempt 1:
    Time  Bug Name
      15  lost connection to test machine
Attempt 2:
    Time  Bug Name
       5  lost connection to test machine
       6  lost connection to test machine
Attempt 3:
    Time  Bug Name
       9  lost connection to test machine
***   11  WARNING in tcp_close
Attempt 4: (RETRY)
    Time  Bug Name
      26  lost connection to test machine
Attempt 5: (RETRY)
    Time  Bug Name
       4  lost connection to test machine
***    5  WARNING in tcp_close
Attempt 6: (RETRY)
    Time  Bug Name
       5  lost connection to test machine
      27  lost connection to test machine
The bug was found.

New Max Time: 33.
Merge Commit: 2016-11-09 - c68d7f1b637cfd1e09801b38a9dc9200e15f1337.

==== Template Retrospection ====
30 template changes in [2017-07-22, 2018-08-05].

2023-03-20 12:48:01
Session:   2
Template:  2018-01-14 - 36e37bdf6ce1243e86e31d5cc17d6468aa3847d0
Syzkaller: 2018-01-14 - 36e37bdf6ce1243e86e31d5cc17d6468aa3847d0
Kernel:    2018-01-14 - a8750ddca918032d6349adbf9a4b6555e7db20da
Compiler:  gcc-7.1.1-20170620
Attempt 1:
    No crashes found.
Attempt 2:
    Time  Bug Name
      24  WARNING in dio_complete
Attempt 3:
    No crashes found.
The bug was not found.

2023-03-20 14:49:31
Session:   3
Template:  2018-04-06 - 2d0ec246252ea185220382066519862ab8bfcd4b
Syzkaller: 2018-04-06 - 2d0ec246252ea185220382066519862ab8bfcd4b
Kernel:    2018-04-06 - 9eda2d2dca830f0f8923b1f377d0fb70f576af1d
Compiler:  gcc-8.0.1-20180301
Attempt 1:
    Time  Bug Name
      28  KASAN: use-after-free Read in tipc_sub_unsubscribe
Attempt 2:
    Time  Bug Name
      18  KASAN: use-after-free Read in tipc_sub_unsubscribe
      23  KASAN: use-after-free Read in tipc_sub_unsubscribe
Attempt 3:
    Time  Bug Name
      22  KASAN: use-after-free Read in tipc_sub_unsubscribe
The bug was not found.

2023-03-20 16:46:42
Session:   4
Template:  2018-06-18 - 920b18be87d248413f549d978d7dd68495a6ea7c
Syzkaller: 2018-06-18 - 920b18be87d248413f549d978d7dd68495a6ea7c
Kernel:    2018-06-18 - ba4dbdedd3edc2798659bcd8b1a184ea8bdd04dc
Compiler:  gcc-8.0.1-20180412
Attempt 1:
    Time  Bug Name
      17  no output from test machine
Attempt 2:
    Time  Bug Name
      19  no output from test machine
      31  no output from test machine
      32  no output from test machine
Attempt 3:
    Time  Bug Name
      21  lost connection to test machine
      21  lost connection to test machine
      24  no output from test machine
Attempt 4: (RETRY)
    No crashes found.
The bug was not found.

2023-03-20 19:18:28
Session:   5
Template:  2018-07-09 - 59da9e439317c83d5374d06832060fbd66efbbbc
Syzkaller: 2018-07-09 - 59da9e439317c83d5374d06832060fbd66efbbbc
Kernel:    2018-07-09 - bdf33113d89f70186ffb6674e925fa9b8a0266b1
Compiler:  gcc-8.0.1-20180412
Attempt 1:
    Time  Bug Name
***    5  WARNING in tcp_close
The bug was found.

2023-03-20 19:49:09
Session:   6
Template:  2018-06-23 - 2064fc5c9114c170841328aaa4b124a4062becf6
Syzkaller: 2018-06-23 - 2064fc5c9114c170841328aaa4b124a4062becf6
Kernel:    2018-06-23 - 77072ca59fddcb8cefd2cbf5382cfa39c5a10442
Compiler:  gcc-8.0.1-20180412
Attempt 1:
    Time  Bug Name
       6  lost connection to test machine
       9  WARNING in smc_unhash_sk
      10  WARNING in smc_unhash_sk
      22  no output from test machine
      23  WARNING in smc_unhash_sk
      24  WARNING in smc_unhash_sk
      25  WARNING in smc_unhash_sk
      26  no output from test machine
      26  WARNING in smc_unhash_sk
      26  WARNING in smc_unhash_sk
      27  WARNING in smc_unhash_sk
      28  WARNING in smc_unhash_sk
      28  WARNING in smc_unhash_sk
      29  WARNING in smc_unhash_sk
      30  WARNING in smc_unhash_sk
      30  WARNING in smc_unhash_sk
      31  WARNING in smc_unhash_sk
      32  WARNING in smc_unhash_sk
      33  WARNING in smc_unhash_sk
      33  lost connection to test machine
Attempt 2:
    Time  Bug Name
       8  no output from test machine
      32  lost connection to test machine
Attempt 3:
    Time  Bug Name
       8  INFO: task hung in __sb_start_write
      19  WARNING in smc_unhash_sk
      33  WARNING in smc_unhash_sk
Attempt 4: (RETRY)
    Time  Bug Name
       5  WARNING in smc_unhash_sk
      10  no output from test machine
      12  WARNING in smc_unhash_sk
      20  INFO: task hung in __sb_start_write
      28  no output from test machine
      29  no output from test machine
      31  WARNING in smc_unhash_sk
      31  WARNING in smc_unhash_sk
      32  WARNING in smc_unhash_sk
Attempt 5: (RETRY)
    Time  Bug Name
       6  no output from test machine
      14  INFO: task hung in __sb_start_write
      15  WARNING in smc_unhash_sk
      16  WARNING in smc_unhash_sk
      19  WARNING in smc_unhash_sk
      30  no output from test machine
The bug was not found.
Warning: This session is unstable.

2023-03-20 22:58:40
Session:   7
Template:  2018-06-23 - 2064fc5c9114c170841328aaa4b124a4062becf6
Syzkaller: 2018-07-09 - 59da9e439317c83d5374d06832060fbd66efbbbc
Kernel:    2018-07-09 - bdf33113d89f70186ffb6674e925fa9b8a0266b1
Compiler:  gcc-8.0.1-20180412
Attempt 1:
    Time  Bug Name
      13  INFO: task hung in __sb_start_write
      18  WARNING in smc_unhash_sk
Attempt 2:
    Time  Bug Name
       8  WARNING in smc_unhash_sk
       9  WARNING in smc_unhash_sk
      13  WARNING in smc_unhash_sk
      26  INFO: task hung in __sb_start_write
Attempt 3:
    Time  Bug Name
       8  WARNING in smc_unhash_sk
      12  WARNING in smc_unhash_sk
      13  WARNING in smc_unhash_sk
      29  WARNING in smc_unhash_sk
The bug was not found.

====================================================================================================================================================
Revealing Factor:   Template Update
Version:            2018-07-09 - 59da9e439317c83d5374d06832060fbd66efbbbc
Commit Name:        sys/linux: use negative consts where useful

Bug Name:           WARNING in tcp_close
Bug Link:           https://syzkaller.appspot.com/bug?id=299ee54dcbcc5a4da36a0e57a09e0e3cfeaa335b
Arch:               amd64
Finding Date:       2018-08-05
Finding Commit:     2018-08-05 - 60f5a21736322c25b297b022aa48aeb28fd56f9e
Guilty Merge:       2016-11-09 - c68d7f1b637cfd1e09801b38a9dc9200e15f1337
Guilty Commit:      2016-11-09 - 67db3e4bfbc90657c7be840aad5585be46240d6f

Possible Blocking Bugs:
    no output from test machine
    WARNING in smc_unhash_sk
