general protection fault in fuse_ctl_remove_conn,https://syzkaller.appspot.com/bug?id=f396d863067238959c91c0b7cfc10b163638cac6
Repository: linux
Arch: amd64
Finding: 2018-04-26 - 0644f186fc9d77bb5bd198369e59fb28927a3692
Guilty:  2006-06-25 - bafa96541b250a7051e3fbc5de6e8369daf8ffec
No Duplicates
VMs:4
CPUs:4
Procs:24
Max time:30
Max attempts:3
Testing the finding commit.

2023-04-07 16:45:23
Session:   1
Template:  2018-04-27 - d5a5d045176c34bd1066e2b8ce843b3dc8a67ee0
Syzkaller: 2018-04-27 - d5a5d045176c34bd1066e2b8ce843b3dc8a67ee0
Kernel:    2018-04-26 - 0644f186fc9d77bb5bd198369e59fb28927a3692
Compiler:  gcc-8.0.1-20180412
Attempt 1:
    No crashes found.
Attempt 2:
    No crashes found.
Attempt 3:
    No crashes found.
The bug was not found.

Failure: This bug cannot be found at the finding commit.
