WARNING in ip6_sk_dst_lookup_flow,https://syzkaller.appspot.com/bug?id=acbf2e6edaa0407ab863b0a3ea249c4d93a7348b
Repository: linux
Arch: amd64
Finding: 2018-07-16 - 706bf68b4339adf57cf7325561fddd8a3b41fa8e
Guilty:  2018-04-17 - 93531c6743157d7e8c5792f8ed1a57641149d62c
Duplicate Names:
    KASAN: use-after-free Write in ip6_dst_destroy
    kernel BUG at net/ipv6/route.c:LINE!
    WARNING in __ip6_make_skb
    WARNING in ip6_sk_dst_lookup_flow
    WARNING in ip6_setup_cork
    BUG: unable to handle kernel paging request in neigh_update
Single Proc Allocation
VMs:8
CPUs:2
Procs:16
Max time:30
Max attempts:3
Testing the finding commit.

2023-04-02 19:49:40
Session:   1
Template:  2018-07-16 - 1376136672ebb6f7f1dd583f2fbf95e178eb3f09
Syzkaller: 2018-07-16 - 1376136672ebb6f7f1dd583f2fbf95e178eb3f09
Kernel:    2018-07-16 - 706bf68b4339adf57cf7325561fddd8a3b41fa8e
Compiler:  gcc-8.0.1-20180412
Attempt 1:
    Time  Bug Name
***    2  kernel BUG at net/ipv6/route.c:LINE!
Attempt 2:
    Time  Bug Name
***    2  kernel BUG at net/ipv6/route.c:LINE!
Attempt 3:
    No crashes found.
The bug was found.

New Max Time: 24.
Merge Commit: 2018-04-18 - 0565de29cbd65b378147d36f9642f93a046240dc.

==== Template Retrospection ====
6 template changes in [2018-04-18, 2018-07-16].

2023-04-02 21:06:09
Session:   2
Template:  2018-06-08 - 866118af36a38963903be2bdee4aff0c36ae365f
Syzkaller: 2018-06-08 - 866118af36a38963903be2bdee4aff0c36ae365f
Kernel:    2018-06-08 - a3818841bd5e9b4a7e0e732c19cf3a632fcb525e
Compiler:  gcc-8.0.1-20180412
Warning: Syzkaller log file exceeded 5000 lines.
Saved at /mnt/sda/jtbursey/SyzInspector/wd-inspector-4/log/bug957-boot_failure.log.
Attempt 1:
    Time  Bug Name
      11  boot failure
Warning: Syzkaller log file exceeded 5000 lines.
Saved at /mnt/sda/jtbursey/SyzInspector/wd-inspector-4/log/bug957-boot_failure.log.
Attempt 2:
    Time  Bug Name
      11  boot failure
Warning: Syzkaller log file exceeded 5000 lines.
Saved at /mnt/sda/jtbursey/SyzInspector/wd-inspector-4/log/bug957-boot_failure.log.
Attempt 3:
    Time  Bug Name
      11  boot failure
Warning: Syzkaller log file exceeded 5000 lines.
Saved at /mnt/sda/jtbursey/SyzInspector/wd-inspector-4/log/bug957-boot_failure.log.
Attempt 4: (RETRY)
    Time  Bug Name
      11  boot failure
Warning: Syzkaller log file exceeded 5000 lines.
Saved at /mnt/sda/jtbursey/SyzInspector/wd-inspector-4/log/bug957-boot_failure.log.
Attempt 5: (RETRY)
    Time  Bug Name
      11  boot failure
Warning: Syzkaller log file exceeded 5000 lines.
Saved at /mnt/sda/jtbursey/SyzInspector/wd-inspector-4/log/bug957-boot_failure.log.
Attempt 6: (RETRY)
    Time  Bug Name
      11  boot failure
The bug was not found.
Warning: This session is unstable.

2023-04-02 23:48:08
Session:   3
Template:  2018-07-09 - 59da9e439317c83d5374d06832060fbd66efbbbc
Syzkaller: 2018-07-09 - 59da9e439317c83d5374d06832060fbd66efbbbc
Kernel:    2018-07-09 - bdf33113d89f70186ffb6674e925fa9b8a0266b1
Compiler:  gcc-8.0.1-20180412
Attempt 1:
    Time  Bug Name
***    2  kernel BUG at net/ipv6/route.c:LINE!
The bug was found.

2023-04-03 00:16:31
Session:   4
Template:  2018-06-18 - dde158e0af7bc1acf328d393a1fcb4eca60a5dfe
Syzkaller: 2018-06-18 - dde158e0af7bc1acf328d393a1fcb4eca60a5dfe
Kernel:    2018-06-18 - ba4dbdedd3edc2798659bcd8b1a184ea8bdd04dc
Compiler:  gcc-8.0.1-20180412
Attempt 1:
    No crashes found.
Attempt 2:
    Time  Bug Name
***   18  kernel BUG at net/ipv6/route.c:LINE!
The bug was found.

2023-04-03 01:25:46
Session:   5
Template:  2018-06-08 - 866118af36a38963903be2bdee4aff0c36ae365f
Syzkaller: 2018-06-18 - dde158e0af7bc1acf328d393a1fcb4eca60a5dfe
Kernel:    2018-06-18 - ba4dbdedd3edc2798659bcd8b1a184ea8bdd04dc
Attempt 1:
    Time  Bug Name
      16  lost connection to test machine
Attempt 2:
    Time  Bug Name
      12  lost connection to test machine
      18  INFO: task hung in __sb_start_write
Attempt 3:
    No crashes found.
Attempt 4: (RETRY)
    No crashes found.
Attempt 5: (RETRY)
    No crashes found.
The bug was not found.
Warning: This session is unstable.

====================================================================================================================================================
Revealing Factor:   Template Update
Version:            2018-06-18 - dde158e0af7bc1acf328d393a1fcb4eca60a5dfe
Commit Name:        sys/linux: refine xdp description

Bug Name:           WARNING in ip6_sk_dst_lookup_flow
Bug Link:           https://syzkaller.appspot.com/bug?id=acbf2e6edaa0407ab863b0a3ea249c4d93a7348b
Arch:               amd64
Finding Date:       2018-07-16
Finding Commit:     2018-07-16 - 706bf68b4339adf57cf7325561fddd8a3b41fa8e
Guilty Merge:       2018-04-18 - 0565de29cbd65b378147d36f9642f93a046240dc
Guilty Commit:      2018-04-17 - 93531c6743157d7e8c5792f8ed1a57641149d62c

Possible Blocking Bugs:
