WARNING in bpf_check,https://syzkaller.appspot.com/bug?id=0ec05481e31f2772a2c6f16aecb38f48467da26e
Repository: linux
Arch: amd64
Finding: 2018-11-11 - ccda4af0f4b92f7b4c308d3acc262f4a7e3affad
Guilty:  2017-12-17 - cc8b0b92a1699bc32f7fec71daa2bfc90de43a4d
No Duplicates
Single Proc Allocation
VMs:8
CPUs:2
Procs:16
Max time:30
Max attempts:3
Testing the finding commit.

2023-03-18 21:14:38
Session:   1
Template:  2018-11-13 - 5f5f6d14e80b8bd6b42db961118e902387716bcb
Syzkaller: 2018-11-13 - 5f5f6d14e80b8bd6b42db961118e902387716bcb
Kernel:    2018-11-11 - ccda4af0f4b92f7b4c308d3acc262f4a7e3affad
Compiler:  gcc-8.0.1-20180412
Attempt 1:
    Time  Bug Name
***    2  WARNING in bpf_check
Attempt 2:
    Time  Bug Name
***    2  WARNING in bpf_check
Attempt 3:
    Time  Bug Name
***    3  WARNING in bpf_check
The bug was found.

New Max Time: 10.
Merge Commit: 2017-12-17 - ef9fde06a259f5da660ada63214addf8cd86a7b9.

==== Template Retrospection ====
21 template changes in [2017-12-17, 2018-11-14].

2023-03-18 22:33:07
Session:   2
Template:  2018-04-06 - 8e4c2e24cb05daf27a600b570d3a774083a1210b
Syzkaller: 2018-04-06 - 8e4c2e24cb05daf27a600b570d3a774083a1210b
Kernel:    2018-04-06 - 9eda2d2dca830f0f8923b1f377d0fb70f576af1d
Compiler:  gcc-8.0.1-20180301
Attempt 1:
    No crashes found.
Attempt 2:
    No crashes found.
Attempt 3:
    No crashes found.
The bug was not found.

2023-03-19 00:17:22
Session:   3
Template:  2018-06-18 - 920b18be87d248413f549d978d7dd68495a6ea7c
Syzkaller: 2018-06-18 - 920b18be87d248413f549d978d7dd68495a6ea7c
Kernel:    2018-06-18 - ba4dbdedd3edc2798659bcd8b1a184ea8bdd04dc
Compiler:  gcc-8.0.1-20180412
Attempt 1:
    No crashes found.
Attempt 2:
    No crashes found.
Attempt 3:
    No crashes found.
The bug was not found.

2023-03-19 02:42:03
Session:   4
Template:  2018-10-30 - 8dbb755a2ec29c46434f3fb35b7bef3aac0c6b3e
Syzkaller: 2018-10-30 - 8dbb755a2ec29c46434f3fb35b7bef3aac0c6b3e
Kernel:    2018-10-30 - 310c7585e8300ddc46211df0757c11e4299ec482
Compiler:  gcc-8.0.1-20180412
Attempt 1:
    Time  Bug Name
***    2  WARNING in bpf_check
The bug was found.

2023-03-19 03:26:40
Session:   5
Template:  2018-08-31 - a4718693a3d9fcabb02299b2ec07c19d8208c539
Syzkaller: 2018-08-31 - a4718693a3d9fcabb02299b2ec07c19d8208c539
Kernel:    2018-08-31 - 420f51f4ab6bce6e580390729fadb89c31123636
Compiler:  gcc-8.0.1-20180412
Attempt 1:
    Time  Bug Name
***    2  WARNING in bpf_check
The bug was found.

2023-03-19 03:54:45
Session:   6
Template:  2018-07-09 - 59da9e439317c83d5374d06832060fbd66efbbbc
Syzkaller: 2018-07-09 - 59da9e439317c83d5374d06832060fbd66efbbbc
Kernel:    2018-07-09 - bdf33113d89f70186ffb6674e925fa9b8a0266b1
Compiler:  gcc-8.0.1-20180412
Attempt 1:
    Time  Bug Name
***    2  WARNING in bpf_check
The bug was found.

2023-03-19 04:27:11
Session:   7
Template:  2018-06-18 - 920b18be87d248413f549d978d7dd68495a6ea7c
Syzkaller: 2018-07-09 - 59da9e439317c83d5374d06832060fbd66efbbbc
Kernel:    2018-07-09 - bdf33113d89f70186ffb6674e925fa9b8a0266b1
Attempt 1:
    Time  Bug Name
***    2  WARNING in bpf_check
The bug was found.

==== Kernel Retrospection ====
116 Linux commits in [2018-06-18, 2018-07-09].

2023-03-19 04:34:24
Session:   8
Template:  2018-06-29 - 5739f7bef21ce8e3cee6b67f3cde2b37cb9891d4
Syzkaller: 2018-06-29 - 5739f7bef21ce8e3cee6b67f3cde2b37cb9891d4
Kernel:    2018-06-29 - ff23908bb78bbc0999ff35e6f319f1648c4ded93
Compiler:  gcc-8.0.1-20180412
Attempt 1:
    Time  Bug Name
***    2  WARNING in bpf_check
The bug was found.

2023-03-19 05:09:20
Session:   9
Template:  2018-06-23 - 2064fc5c9114c170841328aaa4b124a4062becf6
Syzkaller: 2018-06-23 - 2064fc5c9114c170841328aaa4b124a4062becf6
Kernel:    2018-06-24 - 6242258b6b472f8fdd8ed9b735cc1190c185d16d
Compiler:  gcc-8.0.1-20180412
Attempt 1:
    Time  Bug Name
***    2  WARNING in bpf_check
The bug was found.

2023-03-19 05:43:08
Session:   10
Template:  2018-06-19 - 095ef80678981c78c6726af6a3a50a7c8f667d52
Syzkaller: 2018-06-19 - 095ef80678981c78c6726af6a3a50a7c8f667d52
Kernel:    2018-06-21 - 303f311eb47bd7b320246f19c66e8b4af0550e0b
Compiler:  gcc-8.0.1-20180412
Attempt 1:
    No crashes found.
Attempt 2:
    No crashes found.
Attempt 3:
    No crashes found.
The bug was not found.

2023-03-19 07:22:48
Session:   11
Template:  2018-06-23 - 2064fc5c9114c170841328aaa4b124a4062becf6
Syzkaller: 2018-06-23 - 2064fc5c9114c170841328aaa4b124a4062becf6
Kernel:    2018-06-23 - 5e2204832b20ef9db859dd6a2e955ac3e33eef27
Compiler:  gcc-8.0.1-20180412
Attempt 1:
    Time  Bug Name
***    2  WARNING in bpf_check
The bug was found.

2023-03-19 07:59:09
Session:   12
Template:  2018-06-22 - 89d2e600233c301002ab9c6a9f7db9f4fd2071f6
Syzkaller: 2018-06-22 - 89d2e600233c301002ab9c6a9f7db9f4fd2071f6
Kernel:    2018-06-22 - 894b8c000ae6c106cc434ee0000dfb77df8bd9db
Compiler:  gcc-8.0.1-20180412
Attempt 1:
    Time  Bug Name
***    2  WARNING in bpf_check
The bug was found.

2023-03-19 08:37:18
Session:   13
Template:  2018-06-19 - 095ef80678981c78c6726af6a3a50a7c8f667d52
Syzkaller: 2018-06-19 - 095ef80678981c78c6726af6a3a50a7c8f667d52
Kernel:    2018-06-21 - 27db64f65f1be2f2ee741a1bf20d8d13d62c167f
Compiler:  gcc-8.0.1-20180412
Attempt 1:
    No crashes found.
Attempt 2:
    No crashes found.
Attempt 3:
    No crashes found.
The bug was not found.

2023-03-19 10:07:23
Session:   14
Template:  2018-06-22 - 89d2e600233c301002ab9c6a9f7db9f4fd2071f6
Syzkaller: 2018-06-22 - 89d2e600233c301002ab9c6a9f7db9f4fd2071f6
Kernel:    2018-06-22 - 1cfea546b10c8fec218973c3f3c39ff797a3e50c
Compiler:  gcc-8.0.1-20180412
Attempt 1:
    Time  Bug Name
***    2  WARNING in bpf_check
The bug was found.

== Confirming the bisected commit ==

2023-03-19 10:44:24
Session:   15
Template:  2018-06-22 - 89d2e600233c301002ab9c6a9f7db9f4fd2071f6
Syzkaller: 2018-06-22 - 89d2e600233c301002ab9c6a9f7db9f4fd2071f6
Kernel:    2018-06-22 - 1cfea546b10c8fec218973c3f3c39ff797a3e50c
The bug was found in a previous identical fuzzing session.

2023-03-19 10:44:24
Session:   16
Template:  2018-06-22 - 89d2e600233c301002ab9c6a9f7db9f4fd2071f6
Syzkaller: 2018-06-22 - 89d2e600233c301002ab9c6a9f7db9f4fd2071f6
Kernel:    2018-06-21 - 27db64f65f1be2f2ee741a1bf20d8d13d62c167f
Compiler:  gcc-8.0.1-20180412
Attempt 1:
    Time  Bug Name
***    2  WARNING in bpf_check
The bug was found.

==== Syzkaller Retrospection ====
24 Syzkaller commits from [2018-06-22].

2023-03-19 11:42:02
Session:   17
Template:  2018-06-22 - 89d2e600233c301002ab9c6a9f7db9f4fd2071f6
Syzkaller: 2018-06-22 - 89d2e600233c301002ab9c6a9f7db9f4fd2071f6
Kernel:    2018-06-22 - 1cfea546b10c8fec218973c3f3c39ff797a3e50c
Compiler:  gcc-8.0.1-20180412
The bug was found in a previous identical fuzzing session.

2023-03-19 11:42:02
Session:   18
Template:  2018-06-22 - b9c7c31970e88d97e0d30554e778d35432d84d1d
Syzkaller: 2018-06-22 - b9c7c31970e88d97e0d30554e778d35432d84d1d
Kernel:    2018-06-22 - 1cfea546b10c8fec218973c3f3c39ff797a3e50c
Compiler:  gcc-8.0.1-20180412
Attempt 1:
    Time  Bug Name
       7  no output from test machine
       7  no output from test machine
      12  no output from test machine
      13  INFO: task hung in __sb_start_write
      15  INFO: task hung in __sb_start_write
      18  WARNING in smc_unhash_sk
      20  WARNING in smc_unhash_sk
      20  WARNING in smc_unhash_sk
      23  WARNING in smc_unhash_sk
      27  WARNING in smc_unhash_sk
      28  WARNING in smc_unhash_sk
      29  WARNING in smc_unhash_sk
      29  WARNING in smc_unhash_sk
      31  WARNING in smc_unhash_sk
      33  no output from test machine
      33  WARNING in smc_unhash_sk
      35  WARNING in smc_unhash_sk
      35  WARNING in smc_unhash_sk
      36  WARNING in smc_unhash_sk
      38  WARNING in smc_unhash_sk
      40  no output from test machine
      41  WARNING in smc_unhash_sk
      44  WARNING in smc_unhash_sk
      46  WARNING in smc_unhash_sk
      46  WARNING in smc_unhash_sk
      51  WARNING in smc_unhash_sk
      51  WARNING in smc_unhash_sk
      52  WARNING in smc_unhash_sk
      52  WARNING in smc_unhash_sk
      55  WARNING in smc_unhash_sk
      55  WARNING in smc_unhash_sk
      57  WARNING in smc_unhash_sk
      59  WARNING in smc_unhash_sk
      59  WARNING in smc_unhash_sk
      59  WARNING in smc_unhash_sk
Attempt 2:
    Time  Bug Name
       7  no output from test machine
       7  no output from test machine
      20  WARNING in smc_unhash_sk
      24  WARNING in smc_unhash_sk
      29  INFO: task hung in __sb_start_write
      29  WARNING in smc_unhash_sk
      35  WARNING in smc_unhash_sk
      40  WARNING in smc_unhash_sk
      45  WARNING in smc_unhash_sk
      46  INFO: task hung in __sb_start_write
      47  WARNING in smc_unhash_sk
      48  WARNING in smc_unhash_sk
      52  WARNING in smc_unhash_sk
      52  WARNING in smc_unhash_sk
      53  WARNING in smc_unhash_sk
      55  WARNING in smc_unhash_sk
      55  WARNING in smc_unhash_sk
      56  no output from test machine
      56  WARNING in smc_unhash_sk
      58  WARNING in smc_unhash_sk
      58  WARNING in smc_unhash_sk
      59  WARNING in smc_unhash_sk
Attempt 3:
    Time  Bug Name
       6  no output from test machine
       7  no output from test machine
       7  no output from test machine
      12  WARNING in smc_unhash_sk
      30  WARNING in smc_unhash_sk
      31  WARNING in smc_unhash_sk
      34  WARNING in smc_unhash_sk
      37  WARNING in smc_unhash_sk
      40  WARNING in smc_unhash_sk
      41  WARNING in smc_unhash_sk
      44  WARNING in smc_unhash_sk
      45  WARNING in smc_unhash_sk
      47  WARNING in smc_unhash_sk
      50  WARNING in smc_unhash_sk
      53  WARNING in smc_unhash_sk
      57  WARNING in smc_unhash_sk
The bug was not found.

====================================================================================================================================================
Revealing Factor:   Syzkaller Update
Version:            2018-06-22 - 89d2e600233c301002ab9c6a9f7db9f4fd2071f6
Commit Name:        vm/gvisor: fix empty runsc_args

Bug Name:           WARNING in bpf_check
Bug Link:           https://syzkaller.appspot.com/bug?id=0ec05481e31f2772a2c6f16aecb38f48467da26e
Arch:               amd64
Finding Date:       2018-11-14
Finding Commit:     2018-11-11 - ccda4af0f4b92f7b4c308d3acc262f4a7e3affad
Guilty Merge:       2017-12-17 - ef9fde06a259f5da660ada63214addf8cd86a7b9
Guilty Commit:      2017-12-17 - cc8b0b92a1699bc32f7fec71daa2bfc90de43a4d

Possible Blocking Bugs:
    no output from test machine
    WARNING in smc_unhash_sk
