WARNING in __snd_rawmidi_transmit_ack,https://syzkaller.appspot.com/bug?id=5e794587e5bb5e30cf1458538768c0800209de5e
Repository: linux
Arch: amd64
Finding: 2018-08-14 - d0055f351e647f33f3b0329bff022213bf8aa085
Guilty:  2018-07-30 - f7debfe54090d1a1c38e1f070be20d83bb70a8e0
No Duplicates
Multi-Proc Allocation.
VMs:4
CPUs:4
Procs:24
Max time:30
Max attempts:3
Testing the finding commit.

2023-04-01 07:31:07
Session:   1
Template:  2018-08-14 - 9ccc1d4565436890480aea12b6ae347384b2d1ab
Syzkaller: 2018-08-14 - 9ccc1d4565436890480aea12b6ae347384b2d1ab
Kernel:    2018-08-14 - d0055f351e647f33f3b0329bff022213bf8aa085
Compiler:  gcc-8.0.1-20180412
Attempt 1:
    Time  Bug Name
       3  lost connection to test machine
       3  lost connection to test machine
       5  lost connection to test machine
       7  lost connection to test machine
       8  lost connection to test machine
       8  lost connection to test machine
       8  lost connection to test machine
      13  lost connection to test machine
      15  lost connection to test machine
      16  lost connection to test machine
      16  lost connection to test machine
      16  lost connection to test machine
      19  lost connection to test machine
      22  lost connection to test machine
      23  lost connection to test machine
***   27  WARNING in __snd_rawmidi_transmit_ack
      27  lost connection to test machine
Attempt 2:
    Time  Bug Name
       3  lost connection to test machine
       3  lost connection to test machine
       4  lost connection to test machine
       5  lost connection to test machine
       5  lost connection to test machine
       6  lost connection to test machine
       6  lost connection to test machine
       7  lost connection to test machine
       8  lost connection to test machine
      11  lost connection to test machine
      11  lost connection to test machine
      12  lost connection to test machine
      15  lost connection to test machine
      19  lost connection to test machine
      19  lost connection to test machine
      22  lost connection to test machine
      26  lost connection to test machine
      29  lost connection to test machine
Attempt 3:
    Time  Bug Name
       3  lost connection to test machine
       3  lost connection to test machine
       4  lost connection to test machine
       4  lost connection to test machine
       4  lost connection to test machine
       6  lost connection to test machine
       6  lost connection to test machine
      11  lost connection to test machine
      13  lost connection to test machine
      24  lost connection to test machine
Attempt 4: (RETRY)
    Time  Bug Name
       2  lost connection to test machine
       2  lost connection to test machine
       2  lost connection to test machine
       3  lost connection to test machine
       3  lost connection to test machine
       4  lost connection to test machine
       5  lost connection to test machine
       7  lost connection to test machine
       8  lost connection to test machine
***   10  WARNING in __snd_rawmidi_transmit_ack
      10  lost connection to test machine
Attempt 5: (RETRY)
    Time  Bug Name
       2  lost connection to test machine
       2  lost connection to test machine
       2  lost connection to test machine
       3  lost connection to test machine
       4  lost connection to test machine
       4  lost connection to test machine
       5  lost connection to test machine
       5  lost connection to test machine
       8  lost connection to test machine
      11  lost connection to test machine
      15  lost connection to test machine
      15  lost connection to test machine
      16  lost connection to test machine
      16  lost connection to test machine
      18  lost connection to test machine
      20  lost connection to test machine
      21  lost connection to test machine
      21  lost connection to test machine
      22  lost connection to test machine
***   24  WARNING in __snd_rawmidi_transmit_ack
Attempt 6: (RETRY)
    Time  Bug Name
       4  lost connection to test machine
       4  lost connection to test machine
       6  lost connection to test machine
       6  lost connection to test machine
       7  lost connection to test machine
       8  lost connection to test machine
      11  lost connection to test machine
      12  lost connection to test machine
      14  lost connection to test machine
      14  lost connection to test machine
      15  lost connection to test machine
      18  lost connection to test machine
      18  lost connection to test machine
      22  lost connection to test machine
      25  lost connection to test machine
      25  lost connection to test machine
***   29  WARNING in __snd_rawmidi_transmit_ack
The bug was found.

New Max Time: 32.
Merge Commit: 2018-08-12 - 73b383141d296c55bfbc0ce336a4a946627e7780.
No template updates to inspect.

==== Kernel Retrospection ====
5 Linux commits in [2018-08-12, 2018-08-14].

2023-04-01 10:29:24
Session:   2
Template:  2018-08-14 - 9ccc1d4565436890480aea12b6ae347384b2d1ab
Syzkaller: 2018-08-14 - 9ccc1d4565436890480aea12b6ae347384b2d1ab
Kernel:    2018-08-14 - e6ecec342fefc2df01438cb0b8bacdd8641a6418
Compiler:  gcc-8.0.1-20180412
Attempt 1:
    Time  Bug Name
       2  lost connection to test machine
       2  lost connection to test machine
       4  lost connection to test machine
       5  lost connection to test machine
       5  lost connection to test machine
       6  lost connection to test machine
       6  lost connection to test machine
       8  lost connection to test machine
      10  lost connection to test machine
      13  lost connection to test machine
      15  lost connection to test machine
      18  lost connection to test machine
***   19  WARNING in __snd_rawmidi_transmit_ack
The bug was found.

2023-04-01 11:06:51
Session:   3
Template:  2018-08-10 - 7a88b14122b5b70ed04bcd75932f411256e1662b
Syzkaller: 2018-08-10 - 7a88b14122b5b70ed04bcd75932f411256e1662b
Kernel:    2018-08-13 - f5b6c1fcb42fe7d6f2f6eb2220512e2a5f875133
Compiler:  gcc-8.0.1-20180412
Attempt 1:
    Time  Bug Name
       2  lost connection to test machine
       3  lost connection to test machine
       4  lost connection to test machine
       4  lost connection to test machine
       4  lost connection to test machine
       5  lost connection to test machine
       5  lost connection to test machine
       6  lost connection to test machine
       8  lost connection to test machine
       8  lost connection to test machine
       8  lost connection to test machine
      10  lost connection to test machine
      10  lost connection to test machine
      10  lost connection to test machine
      11  lost connection to test machine
      17  lost connection to test machine
      18  lost connection to test machine
      19  lost connection to test machine
      19  lost connection to test machine
      21  lost connection to test machine
      26  lost connection to test machine
      26  lost connection to test machine
      27  lost connection to test machine
***   28  WARNING in __snd_rawmidi_transmit_ack
The bug was found.
Switching to Safe Mode: Fuzzing 5 times at 32 minutes

2023-04-01 12:01:22
Session:   4
Template:  2018-08-10 - 7a88b14122b5b70ed04bcd75932f411256e1662b
Syzkaller: 2018-08-10 - 7a88b14122b5b70ed04bcd75932f411256e1662b
Kernel:    2018-08-12 - 73b383141d296c55bfbc0ce336a4a946627e7780
Compiler:  gcc-8.0.1-20180412
Attempt 1:
    Time  Bug Name
       5  lost connection to test machine
       5  lost connection to test machine
       6  lost connection to test machine
       6  lost connection to test machine
       7  lost connection to test machine
       9  lost connection to test machine
      10  lost connection to test machine
      10  lost connection to test machine
      13  lost connection to test machine
      13  lost connection to test machine
      15  lost connection to test machine
***   18  WARNING in __snd_rawmidi_transmit_ack
The bug was found.

== Confirming the bisected commit ==

2023-04-01 12:45:57
Session:   5
Template:  2018-08-10 - 7a88b14122b5b70ed04bcd75932f411256e1662b
Syzkaller: 2018-08-10 - 7a88b14122b5b70ed04bcd75932f411256e1662b
Kernel:    2018-08-12 - 73b383141d296c55bfbc0ce336a4a946627e7780
The bug was found in a previous identical fuzzing session.

====================================================================================================================================================
Revealing Factor:   Guilty Merge
Version:            2018-08-12 - 73b383141d296c55bfbc0ce336a4a946627e7780
Commit Name:        Merge branch 'for-next' into for-linus

Bug Name:           WARNING in __snd_rawmidi_transmit_ack
Bug Link:           https://syzkaller.appspot.com/bug?id=5e794587e5bb5e30cf1458538768c0800209de5e
Arch:               amd64
Finding Date:       2018-08-14
Finding Commit:     2018-08-14 - d0055f351e647f33f3b0329bff022213bf8aa085
Guilty Merge:       2018-08-12 - 73b383141d296c55bfbc0ce336a4a946627e7780
Guilty Commit:      2018-07-30 - f7debfe54090d1a1c38e1f070be20d83bb70a8e0

Possible Blocking Bugs:
