INFO: rcu detected stall in smp_call_function,https://syzkaller.appspot.com/bug?id=344259d583eabeae7ce122fa5a79fe4e8a99f535
Repository: linux
Arch: amd64
Finding: 2020-07-08 - 0bddd227f3dc55975e2b8dfa7fc6f959b062a2c7
Guilty:  2020-04-27 - 5bef8da66a9c45d3c371d74463894f1fc31dfdda
Duplicate Names:
    INFO: rcu detected stall in smp_call_function
    INFO: rcu detected stall in sys_exit_group
Default Allocation.
VMs:4
CPUs:4
Procs:24
Max time:30
Max attempts:3
Testing the finding commit.

2023-04-12 13:28:51
Session:   1
Template:  2020-07-08 - bc238812ae6d1f5a7e99ff60b5b3089a73f1cfb3
Syzkaller: 2020-07-08 - bc238812ae6d1f5a7e99ff60b5b3089a73f1cfb3
Kernel:    2020-07-08 - 0bddd227f3dc55975e2b8dfa7fc6f959b062a2c7
Compiler:  gcc-10.1.0-syz
Attempt 1:
    No crashes found.
Attempt 2:
    Time  Bug Name
       3  BUG: soft lockup in addrconf_rs_timer
       6  BUG: soft lockup in addrconf_rs_timer
Attempt 3:
    No crashes found.
The bug was not found.

Failure: This bug cannot be found at the finding commit.
