memory leak in qrtr_create,https://syzkaller.appspot.com/bug?id=7c512c7b421b211e4408a4bc7ac759e3a3eb0d44
Repository: linux
Arch: amd64
Finding: 2021-01-25 - 13391c60da3308ed9980de0168f74cce6c62ac1d
Guilty:  2016-05-08 - bdabad3e363d825ddf9679dd431cca0b2c30f881
No Duplicates
Multi-Proc Allocation.
VMs:4
CPUs:4
Procs:24
Max time:30
Max attempts:5
Testing the finding commit.

2023-03-22 16:51:47
Session:   1
Template:  2021-01-27 - eefc07f2541beeb1bcd50b1d75f40b5f04af2b06
Syzkaller: 2021-01-27 - eefc07f2541beeb1bcd50b1d75f40b5f04af2b06
Kernel:    2021-01-25 - 13391c60da3308ed9980de0168f74cce6c62ac1d
Compiler:  gcc-10.2.1-20210110
Attempt 1:
    Time  Bug Name
***    3  memory leak in qrtr_create
Attempt 2:
    Time  Bug Name
***    3  memory leak in qrtr_create
Attempt 3:
    Time  Bug Name
***    3  memory leak in qrtr_create
Attempt 4:
    Time  Bug Name
***    3  memory leak in qrtr_create
***    3  memory leak in qrtr_create
Attempt 5:
    Time  Bug Name
***    3  memory leak in qrtr_create
The bug was found.

New Max Time: 30.
No Merge Commit.

==== Template Retrospection ====
15 template changes in [2017-07-22, 2021-01-27].

2023-03-22 18:16:46
Session:   2
Template:  2018-08-31 - a4718693a3d9fcabb02299b2ec07c19d8208c539
Syzkaller: 2018-08-31 - a4718693a3d9fcabb02299b2ec07c19d8208c539
Kernel:    2018-08-31 - 420f51f4ab6bce6e580390729fadb89c31123636
Compiler:  gcc-8.0.1-20180412
Attempt 1:
    No crashes found.
Attempt 2:
    No crashes found.
Attempt 3:
    Time  Bug Name
      10  no output from test machine
      21  no output from test machine
      24  no output from test machine
Attempt 4:
    No crashes found.
Attempt 5:
    No crashes found.
The bug was not found.

2023-03-22 21:23:31
Session:   3
Template:  2020-03-17 - 924f7606047a430a9b313c135b782e1e8f852bec
Syzkaller: 2020-03-17 - 924f7606047a430a9b313c135b782e1e8f852bec
Kernel:    2020-03-17 - ac309e7744bee222df6de0122facaf2d9706fa70
Compiler:  gcc-9.0.0-20181231
Attempt 1:
    No crashes found.
Attempt 2:
    No crashes found.
Attempt 3:
    No crashes found.
Attempt 4:
    No crashes found.
Attempt 5:
    No crashes found.
The bug was not found.

2023-03-23 00:26:59
Session:   4
Template:  2020-06-23 - 39240c9e937ac9b29eb0c378d75d9fb405c58f27
Syzkaller: 2020-06-23 - 39240c9e937ac9b29eb0c378d75d9fb405c58f27
Kernel:    2020-06-23 - 26e122e97a3d0390ebec389347f64f3730fdf48f
Compiler:  gcc-10.1.0-syz
Attempt 1:
    Time  Bug Name
***    2  memory leak in qrtr_create
The bug was found.

2023-03-23 01:07:29
Session:   5
Template:  2020-06-23 - 0c8fbbfce1e43634a1c3d71a173e6944e86da76b
Syzkaller: 2020-06-23 - 0c8fbbfce1e43634a1c3d71a173e6944e86da76b
Kernel:    2020-06-23 - 26e122e97a3d0390ebec389347f64f3730fdf48f
Compiler:  gcc-10.1.0-syz
Attempt 1:
    Time  Bug Name
***    2  memory leak in qrtr_create
The bug was found.

2023-03-23 01:46:54
Session:   6
Template:  2020-03-17 - 924f7606047a430a9b313c135b782e1e8f852bec
Syzkaller: 2020-06-23 - 0c8fbbfce1e43634a1c3d71a173e6944e86da76b
Kernel:    2020-06-23 - 26e122e97a3d0390ebec389347f64f3730fdf48f
Attempt 1:
    No crashes found.
Attempt 2:
    No crashes found.
Attempt 3:
    No crashes found.
Attempt 4:
    No crashes found.
Attempt 5:
    No crashes found.
The bug was not found.

====================================================================================================================================================
Revealing Factor:   Template Update
Version:            2020-06-23 - 0c8fbbfce1e43634a1c3d71a173e6944e86da76b
Commit Name:        sys/linux: add descriptions for qrtr socket

Bug Name:           memory leak in qrtr_create
Bug Link:           https://syzkaller.appspot.com/bug?id=7c512c7b421b211e4408a4bc7ac759e3a3eb0d44
Arch:               amd64
Finding Date:       2021-01-27
Finding Commit:     2021-01-25 - 13391c60da3308ed9980de0168f74cce6c62ac1d
Guilty Merge:       None
Guilty Commit:      2016-05-08 - bdabad3e363d825ddf9679dd431cca0b2c30f881

Possible Blocking Bugs:
