INFO: task hung in fuse_launder_page,https://syzkaller.appspot.com/bug?id=395da6c07904501ae0731d94da67e754561618f2
Repository: linux
Arch: amd64
Finding: 2021-08-08 - 36a21d51725af2ce0700c6ebcb6b9594aac658a6
Guilty:  2019-10-23 - e4648309b85a78f8c787457832269a8712a8673e
No Duplicates
Single Proc Allocation
VMs:8
CPUs:2
Procs:16
Max time:30
Max attempts:3
Testing the finding commit.

2023-03-29 12:13:45
Session:   1
Template:  2021-08-06 - 6972b10616d785401dea17cec890cca8916424a7
Syzkaller: 2021-08-06 - 6972b10616d785401dea17cec890cca8916424a7
Kernel:    2021-08-08 - 36a21d51725af2ce0700c6ebcb6b9594aac658a6
Compiler:  gcc-10.2.1-20210110
Attempt 1:
    Time  Bug Name
       5  INFO: task hung in fuse_flush
Attempt 2:
    No crashes found.
Attempt 3:
    No crashes found.
The bug was not found.

Failure: This bug cannot be found at the finding commit.
