WARNING in mntput_no_expire,https://syzkaller.appspot.com/bug?id=710ac9b87ae9be9fd71eec41f5edcadbc64b76e1
Repository: linux
Arch: amd64
Finding: 2021-03-31 - d19cc4bfbff1ae72c3505a00fb8ce0d3fa519e6c
Guilty:  2021-01-04 - 6c6ec2b0a3e0381d886d531bd1471dfdb1509237
No Duplicates
Single Proc Allocation
VMs:8
CPUs:2
Procs:16
Max time:30
Max attempts:3
Testing the finding commit.

2023-03-26 00:19:05
Session:   1
Template:  2021-03-29 - 6a81331a1d4c744da9204d02ec88d558f7eea9c9
Syzkaller: 2021-03-29 - 6a81331a1d4c744da9204d02ec88d558f7eea9c9
Kernel:    2021-03-31 - d19cc4bfbff1ae72c3505a00fb8ce0d3fa519e6c
Compiler:  gcc-10.2.1-20210110
Attempt 1:
    Time  Bug Name
      12  unregister_netdevice: waiting for DEV to become free
Attempt 2:
    Time  Bug Name
       7  unregister_netdevice: waiting for DEV to become free
       7  panic: disabled syscall
      11  unregister_netdevice: waiting for DEV to become free
      23  unregister_netdevice: waiting for DEV to become free
      26  unregister_netdevice: waiting for DEV to become free
Attempt 3:
    Time  Bug Name
      14  unregister_netdevice: waiting for DEV to become free
      21  unregister_netdevice: waiting for DEV to become free
      22  unregister_netdevice: waiting for DEV to become free
      26  unregister_netdevice: waiting for DEV to become free
Attempt 4: (RETRY)
    Time  Bug Name
       9  unregister_netdevice: waiting for DEV to become free
       9  unregister_netdevice: waiting for DEV to become free
      18  unregister_netdevice: waiting for DEV to become free
      22  unregister_netdevice: waiting for DEV to become free
      28  unregister_netdevice: waiting for DEV to become free
      28  unregister_netdevice: waiting for DEV to become free
      30  unregister_netdevice: waiting for DEV to become free
The bug was not found.

Failure: This bug cannot be found at the finding commit.
