KASAN: use-after-free Write in get_ucounts,https://syzkaller.appspot.com/bug?id=a73dfb7d2fa1dc17478bccb3d15b15a9d214a127
Repository: linux
Arch: amd64
Finding: 2021-07-01 - 3dbdb38e286903ec220aaf1fb29a8d94297da246
Guilty:  2021-04-30 - b6c336528926ef73b0f70260f2636de2c3b94c14
Duplicate Names:
    KASAN: use-after-free Write in dec_rlimit_ucounts
    KASAN: use-after-free Write in alloc_ucounts
    kernel BUG in put_ucounts
    KASAN: use-after-free Write in put_ucounts
    KASAN: use-after-free Write in get_ucounts
Single Proc Allocation
VMs:8
CPUs:2
Procs:16
Max time:30
Max attempts:3
Testing the finding commit.

2023-03-13 13:22:05
Session:   1
Template:  2021-07-07 - 95793bce7d3eaa26fe814335010d7514e9da46fa
Syzkaller: 2021-07-07 - 95793bce7d3eaa26fe814335010d7514e9da46fa
Kernel:    2021-07-02 - 3dbdb38e286903ec220aaf1fb29a8d94297da246
Compiler:  gcc-10.2.1-20210110
Attempt 1:
    Time  Bug Name
***    6  KASAN: use-after-free Write in alloc_ucounts
Attempt 2:
    Time  Bug Name
       3  BUG: sleeping function called from invalid context in lock_sock_nested
      30  suppressed report
Attempt 3:
    Time  Bug Name
       5  BUG: sleeping function called from invalid context in stack_depot_save
Attempt 4: (RETRY)
    Time  Bug Name
      12  suppressed report
      18  suppressed report
Attempt 5: (RETRY)
    Time  Bug Name
      24  BUG: sleeping function called from invalid context in stack_depot_save
      26  BUG: sleeping function called from invalid context in lock_sock_nested
The bug was found.

New Max Time: 34.
Merge Commit: 2021-04-30 - 9b624988221b7cb259da77dd67ef0ee4d6b56d12.
No template updates to inspect.

==== Kernel Retrospection ====
48 Linux commits in [2021-04-30, 2021-07-07].

2023-03-13 16:04:04
Session:   2
Template:  2021-06-30 - 38a885d1c94053040c0881240224dd60328a4836
Syzkaller: 2021-06-30 - 38a885d1c94053040c0881240224dd60328a4836
Kernel:    2021-06-30 - 776ba3ad659e4955079f57f8d859e7994ea35076
Compiler:  gcc-10.2.1-20210110
Attempt 1:
    Time  Bug Name
       2  BUG: sleeping function called from invalid context in lock_sock_nested
       6  suppressed report
       9  INFO: rcu detected stall in mac80211_hwsim_beacon
      23  possible deadlock in fs_reclaim_acquire
      26  suppressed report
Attempt 2:
    Time  Bug Name
       2  BUG: sleeping function called from invalid context in lock_sock_nested
Attempt 3:
    Time  Bug Name
       3  BUG: sleeping function called from invalid context in lock_sock_nested
       5  possible deadlock in fs_reclaim_acquire
       5  suppressed report
      11  INFO: rcu detected stall in ieee80211_tasklet_handler
      24  possible deadlock in fs_reclaim_acquire
Attempt 4: (RETRY)
    No crashes found.
Attempt 5: (RETRY)
    Time  Bug Name
      22  BUG: sleeping function called from invalid context in stack_depot_save
The bug was not found.
Warning: This session is unstable.

2023-03-13 19:27:50
Session:   3
Template:  2021-06-30 - 38a885d1c94053040c0881240224dd60328a4836
Syzkaller: 2021-06-30 - 38a885d1c94053040c0881240224dd60328a4836
Kernel:    2021-06-30 - b97902b62ae8d5bdd20f56278d8083b4324bf7b5
Compiler:  gcc-10.2.1-20210110
Attempt 1:
    Time  Bug Name
       4  BUG: sleeping function called from invalid context in lock_sock_nested
Attempt 2:
    Time  Bug Name
       7  possible deadlock in fs_reclaim_acquire
Attempt 3:
    Time  Bug Name
      31  BUG: sleeping function called from invalid context in stack_depot_save
      33  BUG: sleeping function called from invalid context in lock_sock_nested
The bug was not found.

2023-03-13 21:48:16
Session:   4
Template:  2021-06-30 - 38a885d1c94053040c0881240224dd60328a4836
Syzkaller: 2021-06-30 - 38a885d1c94053040c0881240224dd60328a4836
Kernel:    2021-06-30 - 92183137e6c14b68ff4de51f6ef371b2b1fe6e68
Compiler:  gcc-10.2.1-20210110
Attempt 1:
    Time  Bug Name
      24  BUG: sleeping function called from invalid context in stack_depot_save
Attempt 2:
    No crashes found.
Attempt 3:
    Time  Bug Name
       4  BUG: sleeping function called from invalid context in lock_sock_nested
The bug was not found.

2023-03-14 00:04:29
Session:   5
Template:  2021-07-01 - 658ebc66ddf4b2d7ebaf8ecf291da16a1528eeef
Syzkaller: 2021-07-01 - 658ebc66ddf4b2d7ebaf8ecf291da16a1528eeef
Kernel:    2021-07-01 - e058a84bfddc42ba356a2316f2cf1141974625c9
Compiler:  gcc-10.2.1-20210110
Attempt 1:
    Time  Bug Name
       2  BUG: sleeping function called from invalid context in lock_sock_nested
       3  possible deadlock in fs_reclaim_acquire
Attempt 2:
    No crashes found.
Attempt 3:
    Time  Bug Name
      26  INFO: rcu detected stall in mac80211_hwsim_beacon
The bug was not found.

2023-03-14 02:30:16
Session:   6
Template:  2021-07-02 - 55aa55c24fe77aae07d530662f91b4d50c4990f0
Syzkaller: 2021-07-02 - 55aa55c24fe77aae07d530662f91b4d50c4990f0
Kernel:    2021-07-02 - 19b438592238b3b40c3f945bb5f9c4ca971c0c45
Compiler:  gcc-10.2.1-20210110
Attempt 1:
    Time  Bug Name
      25  no output from test machine
Attempt 2:
    No crashes found.
Attempt 3:
    Time  Bug Name
      15  BUG: sleeping function called from invalid context in stack_depot_save
The bug was not found.

2023-03-14 04:59:10
Session:   7
Template:  2021-07-02 - 55aa55c24fe77aae07d530662f91b4d50c4990f0
Syzkaller: 2021-07-02 - 55aa55c24fe77aae07d530662f91b4d50c4990f0
Kernel:    2021-07-02 - 3dbdb38e286903ec220aaf1fb29a8d94297da246
Compiler:  gcc-10.2.1-20210110
Attempt 1:
    No crashes found.
Attempt 2:
    Time  Bug Name
      30  possible deadlock in fs_reclaim_acquire
Attempt 3:
    Time  Bug Name
       3  BUG: sleeping function called from invalid context in lock_sock_nested
The bug was not found.

== Confirming the bisected commit ==

2023-03-14 07:21:26
Session:   8
Template:  2021-07-02 - 55aa55c24fe77aae07d530662f91b4d50c4990f0
Syzkaller: 2021-07-02 - 55aa55c24fe77aae07d530662f91b4d50c4990f0
Kernel:    2021-07-02 - 3dbdb38e286903ec220aaf1fb29a8d94297da246
The bug was not found in a previous identical fuzzing session.

2023-03-14 07:21:26
Session:   9
Template:  2021-07-02 - 55aa55c24fe77aae07d530662f91b4d50c4990f0
Syzkaller: 2021-07-02 - 55aa55c24fe77aae07d530662f91b4d50c4990f0
Kernel:    2021-07-02 - e267992f9ef0bf717d70a9ee18049782f77e4b3a
Compiler:  gcc-10.2.1-20210110
Attempt 1:
    Time  Bug Name
       3  BUG: sleeping function called from invalid context in lock_sock_nested
      11  possible deadlock in fs_reclaim_acquire
      16  BUG: sleeping function called from invalid context in stack_depot_save
Attempt 2:
    No crashes found.
Attempt 3:
    Time  Bug Name
      25  possible deadlock in fs_reclaim_acquire
The bug was not found.

==== Syzkaller Retrospection ====
1 Syzkaller commit from [2021-07-02].

2023-03-14 10:16:47
Session:   10
Template:  2021-07-02 - 55aa55c24fe77aae07d530662f91b4d50c4990f0
Syzkaller: 2021-07-02 - 55aa55c24fe77aae07d530662f91b4d50c4990f0
Kernel:    2021-07-02 - 3dbdb38e286903ec220aaf1fb29a8d94297da246
Compiler:  gcc-10.2.1-20210110
The bug was not found in a previous identical fuzzing session.

====================================================================================================================================================
Revealing Factor:   Syzkaller Update
Version:            2021-07-06 - 6c4484ebaecbcb0a8f35e763586fb48d2315ba8b
Commit Name:        dashboard/config/linux: disable CONFIG_DEBUG_INFO_BTF for upstream kernels

Bug Name:           KASAN: use-after-free Write in get_ucounts
Bug Link:           https://syzkaller.appspot.com/bug?id=a73dfb7d2fa1dc17478bccb3d15b15a9d214a127
Arch:               amd64
Finding Date:       2021-07-07
Finding Commit:     2021-07-02 - 3dbdb38e286903ec220aaf1fb29a8d94297da246
Guilty Merge:       2021-04-30 - 9b624988221b7cb259da77dd67ef0ee4d6b56d12
Guilty Commit:      2021-04-30 - b6c336528926ef73b0f70260f2636de2c3b94c14

Possible Blocking Bugs:
    BUG: sleeping function called from invalid context in lock_sock_nested
