general protection fault in j1939_netdev_notify,https://syzkaller.appspot.com/bug?id=b66d8de2cec1e3878a0524807b93d96bba182fba
Repository: linux
Arch: amd64
Finding: 2020-12-15 - d635a69dd4981cc51f90293f5f64268620ed1565
Guilty:  2010-01-03 - 20dd3850bcf860561496827b711fa10fecf6e787
No Duplicates
Single Proc Allocation
VMs:8
CPUs:2
Procs:16
Max time:30
Max attempts:3
Testing the finding commit.

2023-04-13 06:17:10
Session:   1
Template:  2020-12-16 - 04201c0669446145fd9c347c5538da0ca13ff29b
Syzkaller: 2020-12-16 - 04201c0669446145fd9c347c5538da0ca13ff29b
Kernel:    2020-12-15 - d635a69dd4981cc51f90293f5f64268620ed1565
Compiler:  gcc-10.1.0-syz
Attempt 1:
    Time  Bug Name
       3  general protection fault in j1939_priv_get_by_ndev_locked
Attempt 2:
    Time  Bug Name
       4  general protection fault in j1939_priv_get_by_ndev_locked
Attempt 3:
    Time  Bug Name
       3  general protection fault in j1939_priv_get_by_ndev_locked
The bug was not found.

Failure: This bug cannot be found at the finding commit.
