memory leak in dvb_create_media_graph,https://syzkaller.appspot.com/bug?id=9bbe4b842c98f0ed05c5eed77a226e9de33bf298
Repository: linux
Arch: amd64
Finding: 2020-11-08 - f8394f232b1eab649ce2df5c5f15b0e528c92091
Guilty:  2016-01-11 - 0230d60e4661d9ced6fb0b9a30f182ebdafbba7a
No Duplicates
Single Proc Allocation
VMs:8
CPUs:2
Procs:16
Max time:30
Max attempts:5
Testing the finding commit.

2023-03-16 06:07:11
Session:   1
Template:  2020-11-04 - 64069d48f293e0be98d4a78a6f7be23861cc1e06
Syzkaller: 2020-11-04 - 64069d48f293e0be98d4a78a6f7be23861cc1e06
Kernel:    2020-11-09 - f8394f232b1eab649ce2df5c5f15b0e528c92091
Compiler:  gcc-10.1.0-syz
Attempt 1:
    Time  Bug Name
***    3  memory leak in dvb_create_media_graph
       3  WARNING in put_i2c_dev
Attempt 2:
    Time  Bug Name
***    2  memory leak in dvb_create_media_graph
Attempt 3:
    Time  Bug Name
***    3  memory leak in dvb_create_media_graph
Attempt 4:
    Time  Bug Name
***    3  memory leak in dvb_create_media_graph
       3  memory leak in usb_set_configuration
Attempt 5:
    Time  Bug Name
***    3  memory leak in dvb_create_media_graph
       3  memory leak in r8712_init_recv_priv
The bug was found.

New Max Time: 30.
Merge Commit: 2016-01-13 - 77a76b04d2be1c45b8fd746b7ef754525029340c.

==== Template Retrospection ====
40 template changes in [2017-07-22, 2020-11-09].

2023-03-16 07:53:15
Session:   2
Template:  2019-08-23 - 78ded1969a3882c1a5dc9cf32ed2ffc23119a4ca
Syzkaller: 2019-08-23 - 78ded1969a3882c1a5dc9cf32ed2ffc23119a4ca
Kernel:    2019-08-23 - 9140d8bdd4c5a04abe181bb300378355d56990a4
Compiler:  gcc-9.0.0-20181231
Attempt 1:
    Time  Bug Name
      12  no output from test machine
      13  no output from test machine
      15  no output from test machine
      18  no output from test machine
      19  no output from test machine
Attempt 2:
    Time  Bug Name
      15  no output from test machine
      15  no output from test machine
      15  no output from test machine
      15  no output from test machine
      16  no output from test machine
Attempt 3:
    Time  Bug Name
       7  no output from test machine
      18  no output from test machine
      18  no output from test machine
      19  lost connection to test machine
      25  no output from test machine
Attempt 4:
    No crashes found.
Attempt 5:
    Time  Bug Name
       7  no output from test machine
Attempt 6: (RETRY)
    Time  Bug Name
       7  no output from test machine
      19  no output from test machine
The bug was not found.

2023-03-16 11:17:51
Session:   3
Template:  2020-01-18 - 22535fecd5b37c6a14b92b17e548c8061ef77924
Syzkaller: 2020-01-18 - 22535fecd5b37c6a14b92b17e548c8061ef77924
Kernel:    2020-01-18 - 244dc2689085d7ff478f7b61841e62e59bea4557
Compiler:  gcc-9.0.0-20181231
Attempt 1:
    No crashes found.
Attempt 2:
    No crashes found.
Attempt 3:
    No crashes found.
Attempt 4:
    Time  Bug Name
      25  no output from test machine
Attempt 5:
    No crashes found.
The bug was not found.

2023-03-16 14:13:27
Session:   4
Template:  2020-02-10 - d0da558cb16f3fb7cf26f20d24ee89eeb49a6f30
Syzkaller: 2020-02-10 - d0da558cb16f3fb7cf26f20d24ee89eeb49a6f30
Kernel:    2020-02-10 - bb6d3fb354c5ee8d6bde2d576eb7220ea09862b9
Compiler:  gcc-9.0.0-20181231
Attempt 1:
    No crashes found.
Attempt 2:
    No crashes found.
Attempt 3:
    No crashes found.
Attempt 4:
    No crashes found.
Attempt 5:
    No crashes found.
The bug was not found.

2023-03-16 17:09:41
Session:   5
Template:  2020-03-17 - 924f7606047a430a9b313c135b782e1e8f852bec
Syzkaller: 2020-03-17 - 924f7606047a430a9b313c135b782e1e8f852bec
Kernel:    2020-03-17 - ac309e7744bee222df6de0122facaf2d9706fa70
Compiler:  gcc-9.0.0-20181231
Attempt 1:
    No crashes found.
Attempt 2:
    No crashes found.
Attempt 3:
    No crashes found.
Attempt 4:
    No crashes found.
Attempt 5:
    No crashes found.
The bug was not found.

2023-03-16 20:03:36
Session:   6
Template:  2020-04-19 - cc8708904da08f9c884253477fc003cc6f6d5945
Syzkaller: 2020-04-19 - cc8708904da08f9c884253477fc003cc6f6d5945
Kernel:    2020-04-19 - ae83d0b416db002fe95601e7f97f64b59514d936
Compiler:  gcc-9.0.0-20181231
Attempt 1:
    Time  Bug Name
       2  memory leak in gadget_setup
       2  memory leak in gadget_setup
       2  memory leak in gadget_bind
       3  memory leak in gadget_bind
       3  memory leak in gadget_bind
       3  memory leak in gadget_bind
       3  memory leak in gadget_bind
       3  memory leak in gadget_bind
       5  memory leak in usb_set_configuration
      12  memory leak in usb_set_configuration
      26  memory leak in usb_set_configuration
      30  WARNING in r871xu_dev_remove
Attempt 2:
    Time  Bug Name
       2  memory leak in gadget_setup
       2  memory leak in gadget_bind
       2  memory leak in gadget_bind
       3  memory leak in gadget_setup
       3  memory leak in gadget_setup
       3  memory leak in gadget_bind
       4  memory leak in gadget_setup
       4  memory leak in usb_set_configuration
Attempt 3:
    Time  Bug Name
       3  memory leak in gadget_setup
       3  memory leak in gadget_bind
       3  memory leak in gadget_bind
       3  memory leak in gadget_bind
       3  memory leak in gadget_bind
       3  memory leak in gadget_bind
       3  memory leak in gadget_bind
       4  memory leak in gadget_setup
       4  BUG: unable to handle kernel NULL pointer dereference in dvb_usb_device_exit
      11  memory leak in usb_set_configuration
      22  memory leak in usb_set_configuration
      28  WARNING in r871xu_dev_remove
Attempt 4:
    Time  Bug Name
       2  memory leak in gadget_bind
       3  memory leak in gadget_setup
       3  memory leak in gadget_setup
       3  memory leak in gadget_setup
       3  memory leak in gadget_setup
       3  memory leak in gadget_setup
       3  memory leak in gadget_bind
       4  WARNING in put_i2c_dev
       4  memory leak in usb_set_configuration
Attempt 5:
    Time  Bug Name
       2  memory leak in gadget_setup
       2  memory leak in gadget_setup
       2  memory leak in gadget_setup
       3  memory leak in gadget_setup
       3  memory leak in gadget_bind
       3  memory leak in gadget_bind
       3  memory leak in gadget_bind
       3  memory leak in gadget_bind
       4  memory leak in gadget_bind
       4  memory leak in gadget_bind
       6  memory leak in usb_set_configuration
      17  memory leak in hub_event
      17  memory leak in usb_set_configuration
      24  memory leak in r8712_init_recv_priv
      26  memory leak in usb_set_configuration
The bug was not found.

==== Kernel Retrospection ====
1568 Linux commits in [2020-04-19, 2020-11-09].

2023-03-16 23:02:10
Session:   7
Template:  2020-08-04 - 02034dac31a9c4dfecfa163f445ef1921c442268
Syzkaller: 2020-08-04 - 02034dac31a9c4dfecfa163f445ef1921c442268
Kernel:    2020-08-04 - 2baa85d6927d11b8d946da2e4ad00dddca5b8da2
Compiler:  gcc-10.1.0-syz
Attempt 1:
    Time  Bug Name
       2  memory leak in gadget_setup
       2  memory leak in gadget_bind
       2  memory leak in gadget_bind
       3  memory leak in gadget_setup
       3  memory leak in gadget_setup
       3  memory leak in gadget_setup
       3  memory leak in gadget_setup
       3  memory leak in gadget_bind
       5  memory leak in usb_set_configuration
       5  memory leak in usb_set_configuration
       7  memory leak in usb_set_configuration
      11  WARNING in r871xu_dev_remove
Attempt 2:
    Time  Bug Name
       2  memory leak in gadget_setup
       2  memory leak in gadget_setup
       2  memory leak in gadget_setup
       2  memory leak in gadget_bind
       3  memory leak in hub_event
       3  memory leak in gadget_setup
       3  memory leak in gadget_setup
       3  memory leak in gadget_bind
      21  memory leak in r8712_init_recv_priv
Attempt 3:
    Time  Bug Name
       2  memory leak in gadget_bind
       3  memory leak in gadget_setup
       3  memory leak in gadget_setup
       3  memory leak in gadget_setup
       3  memory leak in gadget_bind
       3  memory leak in gadget_bind
       3  memory leak in gadget_bind
       3  WARNING in r871xu_dev_remove
       4  memory leak in gadget_setup
       7  WARNING in r871xu_dev_remove
      24  memory leak in usb_set_configuration
      30  memory leak in batadv_tvlv_container_register
Attempt 4:
    Time  Bug Name
***    3  memory leak in dvb_create_media_graph
       3  memory leak in gadget_setup
       3  memory leak in gadget_setup
       3  memory leak in gadget_bind
       3  memory leak in gadget_bind
       3  memory leak in gadget_bind
The bug was found.

2023-03-17 00:59:04
Session:   8
Template:  2020-06-10 - 3ab7a05ad80cc06be6bbf3744e5272795a078fbf
Syzkaller: 2020-06-10 - 3ab7a05ad80cc06be6bbf3744e5272795a078fbf
Kernel:    2020-06-10 - 77d22a4388d33a76180cad69a4309d6636d30855
Compiler:  gcc-10.1.0-syz
Attempt 1:
    Time  Bug Name
       2  memory leak in gadget_setup
       2  memory leak in gadget_bind
       3  memory leak in gadget_setup
       3  memory leak in gadget_setup
       3  memory leak in gadget_bind
       3  memory leak in gadget_bind
       6  memory leak in usb_set_configuration
       8  WARNING in r871xu_dev_remove
      15  memory leak in usb_set_configuration
      19  WARNING in r871xu_dev_remove
      29  WARNING in r871xu_dev_remove
Attempt 2:
    Time  Bug Name
       2  memory leak in gadget_setup
       2  memory leak in gadget_setup
       3  memory leak in gadget_setup
       3  memory leak in gadget_setup
       3  memory leak in gadget_bind
       3  memory leak in gadget_bind
       3  memory leak in gadget_bind
       3  memory leak in gadget_bind
       8  WARNING in r871xu_dev_remove
      28  memory leak in usb_set_configuration
Attempt 3:
    Time  Bug Name
       3  memory leak in gadget_setup
       3  memory leak in gadget_setup
       3  memory leak in gadget_setup
       3  memory leak in gadget_bind
       3  memory leak in gadget_bind
       3  memory leak in gadget_bind
       4  memory leak in gadget_setup
       4  memory leak in gadget_setup
       5  BUG: unable to handle kernel NULL pointer dereference in go7007_usb_probe
       9  WARNING in pvr2_i2c_core_done
      10  BUG: unable to handle kernel NULL pointer dereference in dvb_usb_device_exit
      24  memory leak in usb_set_configuration
      25  memory leak in usb_set_configuration
      27  WARNING in r871xu_dev_remove
      30  WARNING in r871xu_dev_remove
Attempt 4:
    Time  Bug Name
       3  WARNING in pvr2_i2c_core_done
       3  memory leak in gadget_setup
       3  memory leak in gadget_setup
       3  memory leak in gadget_bind
       4  memory leak in gadget_setup
       4  memory leak in gadget_setup
       4  memory leak in gadget_setup
       4  memory leak in gadget_bind
       5  memory leak in usb_set_configuration
      25  memory leak in usb_set_configuration
      28  memory leak in usb_set_configuration
Attempt 5:
    Time  Bug Name
       2  memory leak in gadget_setup
       3  memory leak in gadget_setup
       3  memory leak in gadget_bind
       3  memory leak in gadget_bind
       3  memory leak in gadget_bind
       3  memory leak in gadget_bind
       3  memory leak in usb_set_configuration
       4  memory leak in gadget_bind
The bug was not found.

2023-03-17 03:56:13
Session:   9
Template:  2020-07-06 - ef278c737f9a393f2d22adf1f1e1e4325d4d190c
Syzkaller: 2020-07-06 - ef278c737f9a393f2d22adf1f1e1e4325d4d190c
Kernel:    2020-07-06 - 5c82ec00dd00c7a2b02d4b42cf59ae87592cb75f
Compiler:  gcc-10.1.0-syz
Attempt 1:
    Time  Bug Name
       2  memory leak in gadget_setup
       2  memory leak in gadget_bind
       3  memory leak in gadget_setup
       3  memory leak in gadget_setup
       3  memory leak in gadget_setup
       3  memory leak in gadget_bind
       5  memory leak in usb_set_configuration
      14  memory leak in usb_set_configuration
      16  WARNING in r871xu_dev_remove
Attempt 2:
    Time  Bug Name
       2  memory leak in gadget_setup
       3  memory leak in gadget_setup
       3  memory leak in gadget_bind
       3  memory leak in gadget_bind
       3  memory leak in gadget_bind
       3  memory leak in gadget_bind
       3  memory leak in gadget_bind
       4  memory leak in gadget_bind
       5  memory leak in usb_set_configuration
Attempt 3:
    Time  Bug Name
       2  memory leak in gadget_bind
       3  memory leak in gadget_setup
       3  memory leak in gadget_setup
       3  memory leak in gadget_setup
       3  memory leak in gadget_setup
       3  memory leak in gadget_bind
       4  memory leak in gadget_setup
       7  memory leak in r8712_init_recv_priv
       7  memory leak in usb_set_configuration
      26  memory leak in hub_event
Attempt 4:
    Time  Bug Name
       3  memory leak in gadget_setup
       3  memory leak in gadget_setup
       3  memory leak in gadget_bind
       3  memory leak in gadget_bind
       4  memory leak in gadget_setup
       4  memory leak in gadget_setup
       4  memory leak in gadget_setup
       4  memory leak in gadget_setup
       5  memory leak in usb_set_configuration
      19  WARNING in r871xu_dev_remove
      30  WARNING in r871xu_dev_remove
Attempt 5:
    Time  Bug Name
       2  memory leak in gadget_setup
       2  memory leak in gadget_setup
       2  memory leak in gadget_setup
       3  memory leak in gadget_setup
       3  memory leak in gadget_bind
       3  memory leak in gadget_bind
       3  memory leak in gadget_bind
       3  memory leak in gadget_bind
       3  BUG: unable to handle kernel NULL pointer dereference in go7007_usb_probe
       4  memory leak in gadget_bind
       6  memory leak in usb_set_configuration
      20  WARNING in r871xu_dev_remove
      22  WARNING in r871xu_dev_remove
      29  WARNING in r871xu_dev_remove
The bug was not found.

2023-03-17 06:48:43
Session:   10
Template:  2020-07-24 - 0a13649c058c68a7707b22beb08b0806ce3a1d42
Syzkaller: 2020-07-24 - 0a13649c058c68a7707b22beb08b0806ce3a1d42
Kernel:    2020-07-24 - 5876aa073f52541f4787b6111c8494ea9cfcde15
Compiler:  gcc-10.1.0-syz
Attempt 1:
    Time  Bug Name
       2  memory leak in gadget_setup
       2  memory leak in gadget_bind
       3  memory leak in gadget_setup
       3  memory leak in gadget_setup
       3  memory leak in gadget_setup
***    6  memory leak in dvb_create_media_graph
The bug was found.

2023-03-17 07:20:34
Session:   11
Template:  2020-07-16 - 54b3c45e2881a2cc71d06d21f0ca39b6e47666db
Syzkaller: 2020-07-16 - 54b3c45e2881a2cc71d06d21f0ca39b6e47666db
Kernel:    2020-07-16 - 7e8d2f6d4d8fa6adc5075d39184c2ce713ce168e
Compiler:  gcc-10.1.0-syz
Attempt 1:
    Time  Bug Name
       2  memory leak in gadget_setup
       2  memory leak in gadget_setup
       2  memory leak in gadget_bind
       3  memory leak in gadget_setup
       3  memory leak in gadget_bind
       3  memory leak in gadget_bind
       5  WARNING in r871xu_dev_remove
       5  memory leak in usb_set_configuration
       7  memory leak in hub_event
      10  memory leak in usb_set_configuration
Attempt 2:
    Time  Bug Name
       3  memory leak in gadget_setup
       3  memory leak in gadget_bind
       3  memory leak in gadget_bind
       4  memory leak in gadget_setup
       4  memory leak in gadget_setup
       4  memory leak in gadget_setup
       4  memory leak in gadget_bind
      17  WARNING in r871xu_dev_remove
      18  memory leak in usb_set_configuration
      19  WARNING in r871xu_dev_remove
      25  memory leak in usb_set_configuration
Attempt 3:
    Time  Bug Name
       2  memory leak in gadget_setup
       2  memory leak in gadget_bind
       2  memory leak in gadget_bind
       3  memory leak in gadget_setup
       3  memory leak in gadget_setup
       3  memory leak in gadget_bind
       3  memory leak in gadget_bind
      15  memory leak in r8712_init_recv_priv
      15  WARNING in r871xu_dev_remove
      18  WARNING in r871xu_dev_remove
Attempt 4:
    Time  Bug Name
       2  memory leak in gadget_setup
       3  memory leak in gadget_setup
       3  memory leak in gadget_setup
       3  memory leak in gadget_setup
       3  memory leak in gadget_bind
       3  memory leak in gadget_bind
       3  memory leak in gadget_bind
       3  memory leak in gadget_bind
       4  memory leak in hub_event
      13  WARNING in r871xu_dev_remove
      17  memory leak in usb_set_configuration
      20  memory leak in r8712_init_recv_priv
      29  WARNING in r871xu_dev_remove
Attempt 5:
    Time  Bug Name
       2  memory leak in gadget_setup
       2  memory leak in gadget_bind
       3  memory leak in hub_event
       3  memory leak in gadget_setup
       3  memory leak in gadget_setup
       3  memory leak in gadget_setup
       3  memory leak in gadget_setup
      13  memory leak in usb_set_configuration
The bug was not found.

2023-03-17 10:15:18
Session:   12
Template:  2020-07-17 - 9c8124727c791c492f98fceaebf7b74d9ab78878
Syzkaller: 2020-07-17 - 9c8124727c791c492f98fceaebf7b74d9ab78878
Kernel:    2020-07-19 - 9413cd7792dc03608ec9b1f1f5c74fc54e714ed3
Compiler:  gcc-10.1.0-syz
Attempt 1:
    Time  Bug Name
       2  memory leak in gadget_setup
       2  memory leak in gadget_setup
       2  memory leak in gadget_bind
       3  memory leak in hub_event
       3  memory leak in gadget_bind
       3  memory leak in gadget_bind
Attempt 2:
    Time  Bug Name
       2  memory leak in gadget_bind
       2  memory leak in gadget_bind
       3  memory leak in gadget_setup
       3  memory leak in gadget_setup
       3  memory leak in gadget_setup
       3  memory leak in gadget_bind
       4  memory leak in hub_event
       4  memory leak in gadget_setup
      17  memory leak in usb_set_configuration
Attempt 3:
    Time  Bug Name
       2  memory leak in gadget_bind
       2  memory leak in gadget_bind
       3  memory leak in gadget_setup
       3  memory leak in gadget_setup
       3  memory leak in gadget_setup
       3  memory leak in gadget_bind
       3  memory leak in usb_set_configuration
       4  memory leak in gadget_setup
      16  WARNING in r871xu_dev_remove
      20  memory leak in hub_event
Attempt 4:
    Time  Bug Name
       2  memory leak in gadget_setup
       2  memory leak in gadget_bind
       3  memory leak in gadget_setup
       3  memory leak in gadget_setup
       3  memory leak in gadget_bind
       3  memory leak in gadget_bind
       5  memory leak in usb_set_configuration
       6  WARNING in r871xu_dev_remove
       7  memory leak in usb_set_configuration
      19  memory leak in usb_set_configuration
Attempt 5:
    Time  Bug Name
       3  memory leak in hub_event
       3  memory leak in gadget_setup
       3  memory leak in gadget_setup
       3  memory leak in gadget_setup
       3  memory leak in gadget_bind
       3  memory leak in gadget_bind
       3  memory leak in gadget_bind
       4  memory leak in gadget_setup
      14  memory leak in r8712_init_recv_priv
The bug was not found.

2023-03-17 13:08:59
Session:   13
Template:  2020-07-24 - 0a13649c058c68a7707b22beb08b0806ce3a1d42
Syzkaller: 2020-07-24 - 0a13649c058c68a7707b22beb08b0806ce3a1d42
Kernel:    2020-07-24 - 88fff0b7dcc132c924d710d75d1401264b6d0ef6
Compiler:  gcc-10.1.0-syz
Attempt 1:
    Time  Bug Name
       2  memory leak in gadget_bind
       2  memory leak in gadget_bind
       3  memory leak in gadget_setup
       3  memory leak in gadget_setup
       3  memory leak in gadget_setup
       3  memory leak in gadget_bind
       4  memory leak in gadget_setup
       6  WARNING in r871xu_dev_remove
      16  memory leak in usb_set_configuration
Attempt 2:
    Time  Bug Name
       2  memory leak in gadget_bind
       3  memory leak in gadget_setup
       3  memory leak in gadget_setup
       3  memory leak in gadget_bind
       3  memory leak in gadget_bind
       4  memory leak in gadget_setup
       4  memory leak in gadget_setup
       4  memory leak in gadget_setup
      22  memory leak in usb_set_configuration
      26  WARNING in r871xu_dev_remove
Attempt 3:
    Time  Bug Name
       3  memory leak in gadget_setup
       4  memory leak in gadget_setup
       4  memory leak in gadget_setup
       4  memory leak in gadget_setup
       4  memory leak in gadget_setup
       4  memory leak in gadget_bind
       4  memory leak in gadget_bind
       5  memory leak in gadget_bind
Attempt 4:
    Time  Bug Name
       2  memory leak in gadget_setup
       2  memory leak in gadget_setup
       2  memory leak in gadget_bind
       3  memory leak in gadget_bind
       3  memory leak in gadget_bind
       3  memory leak in gadget_bind
       3  memory leak in gadget_bind
       4  WARNING in r871xu_dev_remove
       7  memory leak in usb_set_configuration
      16  memory leak in usb_set_configuration
      20  memory leak in usb_set_configuration
Attempt 5:
    Time  Bug Name
       2  memory leak in gadget_setup
       3  memory leak in gadget_setup
       3  memory leak in gadget_setup
       3  memory leak in gadget_bind
       3  memory leak in gadget_bind
       3  memory leak in gadget_bind
       3  memory leak in gadget_bind
       4  memory leak in gadget_bind
       5  WARNING in r871xu_dev_remove
      22  WARNING in r871xu_dev_remove
      28  memory leak in hub_event
The bug was not found.

2023-03-17 16:06:29
Session:   14
Template:  2020-07-24 - 0a13649c058c68a7707b22beb08b0806ce3a1d42
Syzkaller: 2020-07-24 - 0a13649c058c68a7707b22beb08b0806ce3a1d42
Kernel:    2020-07-24 - 1f68f31b51507e1ad647aa3a43c295eb024490ad
Compiler:  gcc-10.1.0-syz
Attempt 1:
    Time  Bug Name
       2  memory leak in gadget_setup
       2  memory leak in usb_set_configuration
       3  memory leak in gadget_setup
       3  memory leak in gadget_setup
       3  memory leak in gadget_bind
       3  memory leak in gadget_bind
       3  memory leak in gadget_bind
Attempt 2:
    Time  Bug Name
       2  memory leak in gadget_setup
       2  memory leak in gadget_bind
       3  memory leak in hub_event
       3  memory leak in gadget_setup
       3  memory leak in gadget_setup
       3  memory leak in gadget_bind
       3  memory leak in gadget_bind
       6  memory leak in usb_set_configuration
      11  WARNING in r871xu_dev_remove
Attempt 3:
    Time  Bug Name
       3  memory leak in gadget_setup
       3  memory leak in gadget_bind
       3  memory leak in gadget_bind
       4  memory leak in hub_event
       4  memory leak in gadget_setup
       4  memory leak in gadget_bind
       4  memory leak in gadget_bind
       4  memory leak in gadget_bind
       6  memory leak in r8712_init_recv_priv
      24  WARNING in pvr2_i2c_core_done
Attempt 4:
    Time  Bug Name
       2  memory leak in gadget_bind
       3  memory leak in gadget_setup
       3  memory leak in gadget_setup
       3  memory leak in gadget_setup
       3  memory leak in gadget_bind
       3  memory leak in gadget_bind
       4  memory leak in gadget_setup
       4  memory leak in gadget_setup
       6  memory leak in r8712_init_recv_priv
       6  WARNING in r871xu_dev_remove
       7  memory leak in usb_set_configuration
      20  WARNING in r871xu_dev_remove
      22  memory leak in hub_event
      23  memory leak in usb_set_configuration
Attempt 5:
    Time  Bug Name
***    2  memory leak in dvb_create_media_graph
The bug was found.

2023-03-17 18:36:02
Session:   15
Template:  2020-07-24 - 0a13649c058c68a7707b22beb08b0806ce3a1d42
Syzkaller: 2020-07-24 - 0a13649c058c68a7707b22beb08b0806ce3a1d42
Kernel:    2020-07-24 - a38a19efcd9b7b536e2820df91e9f0be806f9a42
Compiler:  gcc-10.1.0-syz
Attempt 1:
    Time  Bug Name
       3  memory leak in gadget_setup
       3  memory leak in gadget_bind
       3  memory leak in gadget_bind
       3  memory leak in gadget_bind
       3  memory leak in gadget_bind
       3  BUG: unable to handle kernel NULL pointer dereference in go7007_usb_probe
       4  memory leak in gadget_setup
       4  memory leak in gadget_bind
      15  memory leak in usb_set_configuration
Attempt 2:
    Time  Bug Name
       2  memory leak in gadget_bind
       3  memory leak in gadget_setup
       3  memory leak in gadget_setup
       3  memory leak in gadget_setup
       3  memory leak in gadget_setup
       3  memory leak in gadget_bind
       3  memory leak in gadget_bind
       4  memory leak in gadget_setup
Attempt 3:
    Time  Bug Name
       3  memory leak in gadget_setup
       3  memory leak in gadget_setup
       3  memory leak in gadget_bind
       3  memory leak in gadget_bind
       3  memory leak in gadget_bind
       3  memory leak in gadget_bind
       4  memory leak in gadget_bind
       4  memory leak in usb_set_configuration
       6  WARNING in r871xu_dev_remove
       8  WARNING in r871xu_dev_remove
      12  memory leak in hub_event
Attempt 4:
    Time  Bug Name
       3  memory leak in gadget_bind
       3  memory leak in gadget_bind
       3  memory leak in gadget_bind
       3  memory leak in gadget_bind
       4  memory leak in gadget_setup
       4  memory leak in gadget_setup
       4  memory leak in gadget_setup
       4  memory leak in gadget_setup
       4  memory leak in gadget_setup
       5  WARNING in r871xu_dev_remove
       9  memory leak in r8712_init_recv_priv
      21  memory leak in usb_set_configuration
      29  memory leak in r8712_init_recv_priv
Attempt 5:
    Time  Bug Name
       2  memory leak in gadget_setup
       2  memory leak in gadget_bind
       3  memory leak in gadget_setup
       3  memory leak in gadget_setup
       3  memory leak in gadget_bind
       4  memory leak in gadget_setup
       6  memory leak in usb_set_configuration
The bug was not found.

2023-03-17 21:34:14
Session:   16
Template:  2020-07-24 - 0a13649c058c68a7707b22beb08b0806ce3a1d42
Syzkaller: 2020-07-24 - 0a13649c058c68a7707b22beb08b0806ce3a1d42
Kernel:    2020-07-24 - 5a0b8af0719fd0710d9d1a9ad83b7fbdf4bfca66
Compiler:  gcc-10.1.0-syz
Attempt 1:
    Time  Bug Name
       3  memory leak in gadget_setup
       3  memory leak in gadget_setup
       3  memory leak in gadget_setup
       3  memory leak in gadget_setup
       3  memory leak in gadget_bind
       3  BUG: unable to handle kernel NULL pointer dereference in go7007_usb_probe
       4  memory leak in gadget_bind
       4  memory leak in gadget_bind
      17  memory leak in hub_event
      20  memory leak in usb_set_configuration
      22  memory leak in usb_set_configuration
      28  memory leak in usb_set_configuration
Attempt 2:
    Time  Bug Name
       2  memory leak in gadget_setup
       2  memory leak in gadget_bind
       2  memory leak in gadget_bind
       3  memory leak in gadget_setup
       3  memory leak in gadget_setup
       3  memory leak in gadget_setup
       3  memory leak in gadget_bind
      11  WARNING in r871xu_dev_remove
      17  WARNING in pvr2_i2c_core_done
Attempt 3:
    Time  Bug Name
***    3  memory leak in dvb_create_media_graph
       3  memory leak in gadget_setup
       3  memory leak in gadget_bind
       3  memory leak in gadget_bind
       3  memory leak in gadget_bind
       3  memory leak in gadget_bind
The bug was found.

2023-03-17 23:22:11
Session:   17
Template:  2020-07-24 - 0a13649c058c68a7707b22beb08b0806ce3a1d42
Syzkaller: 2020-07-24 - 0a13649c058c68a7707b22beb08b0806ce3a1d42
Kernel:    2020-07-24 - fcef1046eb1b78c98105e9b68e48df6022c23a06
Compiler:  gcc-10.1.0-syz
Attempt 1:
    Time  Bug Name
       2  general protection fault in dvb_usb_device_exit
       3  memory leak in gadget_setup
       3  memory leak in gadget_setup
       3  memory leak in gadget_bind
       3  memory leak in gadget_bind
       4  memory leak in gadget_setup
       4  memory leak in gadget_setup
       4  memory leak in gadget_setup
      25  memory leak in usb_set_configuration
Attempt 2:
    Time  Bug Name
       3  memory leak in gadget_setup
       3  memory leak in gadget_setup
       3  memory leak in gadget_setup
       3  memory leak in gadget_setup
       3  memory leak in gadget_setup
       3  memory leak in gadget_bind
       4  memory leak in gadget_bind
       4  BUG: unable to handle kernel NULL pointer dereference in go7007_usb_probe
      19  memory leak in usb_set_configuration
      23  memory leak in usb_set_configuration
Attempt 3:
    Time  Bug Name
       2  memory leak in gadget_setup
       2  memory leak in gadget_setup
       3  memory leak in gadget_setup
       3  memory leak in gadget_setup
       3  memory leak in gadget_bind
       3  memory leak in gadget_bind
       3  memory leak in gadget_bind
       3  memory leak in gadget_bind
       4  memory leak in usb_set_configuration
      22  memory leak in usb_set_configuration
Attempt 4:
    Time  Bug Name
       2  memory leak in gadget_bind
       2  memory leak in gadget_bind
       2  memory leak in gadget_bind
       3  memory leak in gadget_setup
       3  memory leak in gadget_setup
       3  memory leak in gadget_bind
       3  memory leak in gadget_bind
       3  memory leak in usb_set_configuration
       4  memory leak in gadget_setup
       4  memory leak in gadget_setup
       4  memory leak in gadget_setup
       5  memory leak in hub_event
      10  memory leak in hub_event
      25  memory leak in hub_event
Attempt 5:
    Time  Bug Name
       2  memory leak in gadget_setup
       2  memory leak in gadget_bind
       3  memory leak in gadget_setup
       3  memory leak in gadget_setup
       3  memory leak in gadget_bind
       3  memory leak in gadget_bind
       5  memory leak in usb_set_configuration
       8  WARNING in r871xu_dev_remove
The bug was not found.

== Confirming the bisected commit ==

2023-03-18 02:26:32
Session:   18
Template:  2020-07-24 - 0a13649c058c68a7707b22beb08b0806ce3a1d42
Syzkaller: 2020-07-24 - 0a13649c058c68a7707b22beb08b0806ce3a1d42
Kernel:    2020-07-24 - 5a0b8af0719fd0710d9d1a9ad83b7fbdf4bfca66
The bug was found in a previous identical fuzzing session.

2023-03-18 02:26:32
Session:   19
Template:  2020-07-24 - 0a13649c058c68a7707b22beb08b0806ce3a1d42
Syzkaller: 2020-07-24 - 0a13649c058c68a7707b22beb08b0806ce3a1d42
Kernel:    2020-07-24 - fcef1046eb1b78c98105e9b68e48df6022c23a06
The bug was not found in a previous identical fuzzing session.

====================================================================================================================================================
Revealing Factor:   Kernel Commit
Version:            2020-07-24 - 5a0b8af0719fd0710d9d1a9ad83b7fbdf4bfca66
Commit Name:        Merge tag 'iommu-fix-v5.8-rc6' of git://git.kernel.org/pub/scm/linux/kernel/git/joro/iommu into master

Bug Name:           memory leak in dvb_create_media_graph
Bug Link:           https://syzkaller.appspot.com/bug?id=9bbe4b842c98f0ed05c5eed77a226e9de33bf298
Arch:               amd64
Finding Date:       2020-11-09
Finding Commit:     2020-11-09 - f8394f232b1eab649ce2df5c5f15b0e528c92091
Guilty Merge:       2016-01-13 - 77a76b04d2be1c45b8fd746b7ef754525029340c
Guilty Commit:      2016-01-11 - 0230d60e4661d9ced6fb0b9a30f182ebdafbba7a

Possible Blocking Bugs:
    memory leak in gadget_setup
    memory leak in gadget_bind
    memory leak in usb_set_configuration
    WARNING in r871xu_dev_remove
