memory leak in radix_tree_insert,https://syzkaller.appspot.com/bug?id=5ba1872f05d4b8a4491b0b9df9b2c83203ff62aa
Repository: linux
Arch: amd64
Finding: 2021-03-29 - 1e43c377a79f9189fea8f2711b399d4e8b4e609b
Guilty:  2020-01-14 - 5fdeb0d372ab33b4175043a2a4a1730239a217f1
No Duplicates
Single Proc Allocation
VMs:8
CPUs:2
Procs:16
Max time:30
Max attempts:5
Testing the finding commit.

2023-03-27 11:45:19
Session:   1
Template:  2021-03-29 - 6a81331a1d4c744da9204d02ec88d558f7eea9c9
Syzkaller: 2021-03-29 - 6a81331a1d4c744da9204d02ec88d558f7eea9c9
Kernel:    2021-03-29 - 1e43c377a79f9189fea8f2711b399d4e8b4e609b
Compiler:  gcc-10.2.1-20210110
Attempt 1:
    Time  Bug Name
      13  memory leak in qrtr_create
Attempt 2:
    No crashes found.
Attempt 3:
    Time  Bug Name
      16  memory leak in qrtr_create
      25  memory leak in qrtr_create
Attempt 4:
    Time  Bug Name
      27  memory leak in qrtr_create
Attempt 5:
    No crashes found.
The bug was not found.

Failure: This bug cannot be found at the finding commit.
Warning: Revealing factor may be faulty.
