UBSAN: shift-out-of-bounds in est_timer,https://syzkaller.appspot.com/bug?id=5f91b930a5ab2ada65a5c6090d13f0760618fadc
Repository: linux
Arch: amd64
Finding: 2020-12-16 - 5e60366d56c630e32befce7ef05c569e04391ca3
Guilty:  2016-12-05 - 1c0d32fde5bdf1184bc274f864c09799278a1114
No Duplicates
Default Allocation.
VMs:4
CPUs:4
Procs:24
Max time:30
Max attempts:3
Testing the finding commit.

2023-04-17 03:49:33
Session:   1
Template:  2020-12-16 - 04201c0669446145fd9c347c5538da0ca13ff29b
Syzkaller: 2020-12-16 - 04201c0669446145fd9c347c5538da0ca13ff29b
Kernel:    2020-12-16 - 5e60366d56c630e32befce7ef05c569e04391ca3
Compiler:  gcc-10.1.0-syz
Attempt 1:
    Time  Bug Name
***    3  UBSAN: shift-out-of-bounds in est_timer
Attempt 2:
    Time  Bug Name
***    3  UBSAN: shift-out-of-bounds in est_timer
Attempt 3:
    Time  Bug Name
***    3  UBSAN: shift-out-of-bounds in est_timer
The bug was found.

New Max Time: 10.
No Merge Commit.
