general protection fault in gfs2_withdraw,https://syzkaller.appspot.com/bug?id=15bf7d92374ccf44446d19de1fc0e11724b632a2
Repository: linux
Arch: amd64
Finding: 2020-09-20 - ba4f184e126b751d1bffad5897f263108befc780
Guilty:  2020-02-27 - 601ef0d52e9617588fcff3df26953592f2eb44ac
No Duplicates
Single Proc Allocation
VMs:8
CPUs:2
Procs:16
Max time:30
Max attempts:3
Testing the finding commit.

2023-04-16 14:28:00
Session:   1
Template:  2020-09-21 - 9e1fa68ee1625a7f0ef03906ee1abb40cb987fbf
Syzkaller: 2020-09-21 - 9e1fa68ee1625a7f0ef03906ee1abb40cb987fbf
Kernel:    2020-09-20 - ba4f184e126b751d1bffad5897f263108befc780
Compiler:  gcc-10.1.0-syz
Attempt 1:
    Time  Bug Name
***    2  general protection fault in gfs2_withdraw
Attempt 2:
    Time  Bug Name
***    3  general protection fault in gfs2_withdraw
***    3  general protection fault in gfs2_withdraw
***    3  general protection fault in gfs2_withdraw
***    3  general protection fault in gfs2_withdraw
Attempt 3:
    Time  Bug Name
***    2  general protection fault in gfs2_withdraw
The bug was found.

New Max Time: 10.
Merge Commit: 2020-03-31 - 018d21f5c58c3854ebd7ee18540fc4a03f244d2f.

==== Template Retrospection ====
2 template changes in [2020-03-31, 2020-09-21].

2023-04-16 15:13:03
Session:   2
Template:  2020-08-14 - a1481759c36a84dd1316d40531fc65b3dd6f5b8f
Syzkaller: 2020-08-14 - a1481759c36a84dd1316d40531fc65b3dd6f5b8f
Kernel:    2020-08-14 - c9c9735c46f589b9877b7fc00c89ef1b61a31e18
Compiler:  gcc-10.1.0-syz
Attempt 1:
    Time  Bug Name
***    2  general protection fault in gfs2_withdraw
The bug was found.

2023-04-16 15:49:40
Session:   3
Template:  2020-04-19 - cc8708904da08f9c884253477fc003cc6f6d5945
Syzkaller: 2020-04-19 - cc8708904da08f9c884253477fc003cc6f6d5945
Kernel:    2020-04-19 - ae83d0b416db002fe95601e7f97f64b59514d936
Compiler:  gcc-9.0.0-20181231
Attempt 1:
    Time  Bug Name
***    2  general protection fault in gfs2_withdraw
***    2  general protection fault in gfs2_withdraw
The bug was found.

2023-04-16 16:36:59
Session:   4
Template:  2020-03-30 - c8d1cc20df5ca5d9ea437054720fa3cfdfa1f578
Syzkaller: 2020-04-19 - cc8708904da08f9c884253477fc003cc6f6d5945
Kernel:    2020-04-19 - ae83d0b416db002fe95601e7f97f64b59514d936
Attempt 1:
    Time  Bug Name
***    2  general protection fault in gfs2_withdraw
***    2  general protection fault in gfs2_withdraw
The bug was found.

==== Kernel Retrospection ====
199 Linux commits in [2020-03-31, 2020-04-19].

2023-04-16 16:42:55
Session:   5
Template:  2020-04-07 - db9bcd4b9fd510dc1b4b2b2021180c8432844b9b
Syzkaller: 2020-04-07 - db9bcd4b9fd510dc1b4b2b2021180c8432844b9b
Kernel:    2020-04-08 - c7b6a566b98524baea6a244186e665d22b633545
Compiler:  gcc-9.0.0-20181231
Attempt 1:
    Time  Bug Name
***    2  general protection fault in gfs2_withdraw
***    2  general protection fault in gfs2_withdraw
The bug was found.

2023-04-16 17:26:22
Session:   6
Template:  2020-04-03 - d9ed075d1a287f63cfa1dc84cbf609e624b26bc7
Syzkaller: 2020-04-03 - d9ed075d1a287f63cfa1dc84cbf609e624b26bc7
Kernel:    2020-04-03 - 0adb8bc0391f1fa7820529c0200fb0c4912fe365
Compiler:  gcc-9.0.0-20181231
Attempt 1:
    Time  Bug Name
***    3  general protection fault in gfs2_withdraw
***    3  general protection fault in gfs2_withdraw
The bug was found.

2023-04-16 18:07:01
Session:   7
Template:  2020-03-31 - a34e2c332411388ed2b3f6f1a3acdc062feceb79
Syzkaller: 2020-03-31 - a34e2c332411388ed2b3f6f1a3acdc062feceb79
Kernel:    2020-04-02 - 50a5de895dbe5df947b3a695777db5b2c313e065
Compiler:  gcc-9.0.0-20181231
Attempt 1:
    Time  Bug Name
***    2  general protection fault in gfs2_withdraw
The bug was found.

2023-04-16 18:51:33
Session:   8
Template:  2020-03-31 - a34e2c332411388ed2b3f6f1a3acdc062feceb79
Syzkaller: 2020-03-31 - a34e2c332411388ed2b3f6f1a3acdc062feceb79
Kernel:    2020-04-01 - 1a323ea5356edbb3073dc59d51b9e6b86908857d
Compiler:  gcc-9.0.0-20181231
Attempt 1:
    Time  Bug Name
***    2  general protection fault in gfs2_withdraw
The bug was found.

2023-04-16 19:31:11
Session:   9
Template:  2020-03-31 - a34e2c332411388ed2b3f6f1a3acdc062feceb79
Syzkaller: 2020-03-31 - a34e2c332411388ed2b3f6f1a3acdc062feceb79
Kernel:    2020-03-31 - dfabb077d62552797ca0ae7756cb30d3e195ead5
Compiler:  gcc-9.0.0-20181231
Attempt 1:
    Time  Bug Name
***    2  general protection fault in gfs2_withdraw
The bug was found.

2023-04-16 20:10:58
Session:   10
Template:  2020-03-31 - a34e2c332411388ed2b3f6f1a3acdc062feceb79
Syzkaller: 2020-03-31 - a34e2c332411388ed2b3f6f1a3acdc062feceb79
Kernel:    2020-03-31 - b3aa112d57b704441143d84b0475fb633a750035
Compiler:  gcc-9.0.0-20181231
Attempt 1:
    Time  Bug Name
***    2  general protection fault in gfs2_withdraw
***    2  general protection fault in gfs2_withdraw
The bug was found.

2023-04-16 20:51:27
Session:   11
Template:  2020-03-31 - a34e2c332411388ed2b3f6f1a3acdc062feceb79
Syzkaller: 2020-03-31 - a34e2c332411388ed2b3f6f1a3acdc062feceb79
Kernel:    2020-03-31 - 645c248d6fc4350562766fefd8ba1d7defe4b5e7
Compiler:  gcc-9.0.0-20181231
Attempt 1:
    Time  Bug Name
***    2  general protection fault in gfs2_withdraw
***    2  general protection fault in gfs2_withdraw
The bug was found.

2023-04-16 21:29:35
Session:   12
Template:  2020-03-31 - a34e2c332411388ed2b3f6f1a3acdc062feceb79
Syzkaller: 2020-03-31 - a34e2c332411388ed2b3f6f1a3acdc062feceb79
Kernel:    2020-03-31 - 018d21f5c58c3854ebd7ee18540fc4a03f244d2f
Compiler:  gcc-9.0.0-20181231
Attempt 1:
    Time  Bug Name
***    3  general protection fault in gfs2_withdraw
***    3  general protection fault in gfs2_withdraw
The bug was found.

== Confirming the bisected commit ==

2023-04-16 22:11:32
Session:   13
Template:  2020-03-31 - a34e2c332411388ed2b3f6f1a3acdc062feceb79
Syzkaller: 2020-03-31 - a34e2c332411388ed2b3f6f1a3acdc062feceb79
Kernel:    2020-03-31 - 018d21f5c58c3854ebd7ee18540fc4a03f244d2f
The bug was found in a previous identical fuzzing session.

====================================================================================================================================================
Revealing Factor:   Guilty Merge
Version:            2020-03-31 - 018d21f5c58c3854ebd7ee18540fc4a03f244d2f
Commit Name:        Merge tag 'gfs2-for-5.7' of git://git.kernel.org/pub/scm/linux/kernel/git/gfs2/linux-gfs2

Bug Name:           general protection fault in gfs2_withdraw
Bug Link:           https://syzkaller.appspot.com/bug?id=15bf7d92374ccf44446d19de1fc0e11724b632a2
Arch:               amd64
Finding Date:       2020-09-21
Finding Commit:     2020-09-20 - ba4f184e126b751d1bffad5897f263108befc780
Guilty Merge:       2020-03-31 - 018d21f5c58c3854ebd7ee18540fc4a03f244d2f
Guilty Commit:      2020-02-27 - 601ef0d52e9617588fcff3df26953592f2eb44ac

Possible Blocking Bugs:
