possible deadlock in io_poll_double_wake,https://syzkaller.appspot.com/bug?id=12e4415bf5272f433acefa690478208f3be3be2d
Repository: linux
Arch: amd64
Finding: 2020-09-29 - 02de58b24d2e1b2cf947d57205bd2221d897193c
Guilty:  2020-05-15 - 18bceab101adde8f38de76016bc77f3f25cf22f4
No Duplicates
Single Proc Allocation
VMs:8
CPUs:2
Procs:16
Max time:30
Max attempts:3
Testing the finding commit.

2023-04-16 22:11:46
Session:   1
Template:  2020-10-01 - 9602ddf403bdf3cfd87efef14becc76f9a38b81d
Syzkaller: 2020-10-01 - 9602ddf403bdf3cfd87efef14becc76f9a38b81d
Kernel:    2020-09-30 - 02de58b24d2e1b2cf947d57205bd2221d897193c
Compiler:  gcc-10.1.0-syz
Attempt 1:
    No crashes found.
Attempt 2:
    Time  Bug Name
      10  panic: disabled syscall
      20  panic: disabled syscall
Attempt 3:
    Time  Bug Name
      23  panic: disabled syscall
Attempt 4: (RETRY)
    No crashes found.
Attempt 5: (RETRY)
    Time  Bug Name
      13  panic: disabled syscall
Attempt 6: (RETRY)
    Time  Bug Name
       7  panic: disabled syscall
The bug was not found.
Warning: This session is unstable.

Failure: This bug cannot be found at the finding commit.
