possible deadlock in hugetlb_cow,https://syzkaller.appspot.com/bug?id=2ab604026b7cba90c41c4dc98218595511795c78
Repository: linux
Arch: amd64
Finding: 2020-12-01 - 509a15421674b9e1a3e1916939d0d0efd3e578da
Guilty:  2020-04-02 - c0d0381ade79885c04a04c303284b040616b116e
No Duplicates
Default Allocation.
VMs:4
CPUs:4
Procs:24
Max time:30
Max attempts:3
Testing the finding commit.

2023-04-30 21:04:41
Session:   1
Template:  2020-12-02 - 8c9190ef9ef69993519136740a4e67c74f45fdb3
Syzkaller: 2020-12-02 - 8c9190ef9ef69993519136740a4e67c74f45fdb3
Kernel:    2020-12-01 - 509a15421674b9e1a3e1916939d0d0efd3e578da
Compiler:  gcc-10.1.0-syz
Attempt 1:
    Time  Bug Name
       7  panic: disabled syscall
***   21  possible deadlock in hugetlb_cow
Attempt 2:
    Time  Bug Name
***    8  possible deadlock in hugetlb_cow
Attempt 3:
    Time  Bug Name
***    7  possible deadlock in hugetlb_cow
Attempt 4: (RETRY)
    No crashes found.
The bug was found.

New Max Time: 26.
Merge Commit: 2020-04-02 - 6cad420cc695867b4ca710bac21fde21a4102e4b.

==== Template Retrospection ====
4 template changes in [2020-04-02, 2020-12-02].

2023-04-30 23:18:53
Session:   2
Template:  2020-06-23 - 0c8fbbfce1e43634a1c3d71a173e6944e86da76b
Syzkaller: 2020-06-23 - 0c8fbbfce1e43634a1c3d71a173e6944e86da76b
Kernel:    2020-06-23 - 26e122e97a3d0390ebec389347f64f3730fdf48f
Compiler:  gcc-10.1.0-syz
Attempt 1:
    Time  Bug Name
       3  KASAN: use-after-free Write in afs_wake_up_async_call
       3  KASAN: use-after-free Write in afs_wake_up_async_call
       3  KASAN: use-after-free Write in afs_wake_up_async_call
       3  KASAN: use-after-free Write in afs_wake_up_async_call
       4  KASAN: use-after-free Write in afs_wake_up_async_call
       4  KASAN: use-after-free Write in afs_wake_up_async_call
       4  KASAN: use-after-free Write in afs_wake_up_async_call
       4  KASAN: use-after-free Write in afs_wake_up_async_call
       5  KASAN: use-after-free Write in afs_wake_up_async_call
       6  KASAN: use-after-free Write in afs_wake_up_async_call
       6  KASAN: use-after-free Write in afs_wake_up_async_call
       6  KASAN: use-after-free Write in afs_wake_up_async_call
       7  KASAN: use-after-free Write in afs_wake_up_async_call
       7  KASAN: use-after-free Write in afs_wake_up_async_call
       7  KASAN: use-after-free Write in afs_wake_up_async_call
       8  KASAN: use-after-free Write in afs_wake_up_async_call
       8  KASAN: use-after-free Write in afs_wake_up_async_call
       9  KASAN: use-after-free Write in afs_wake_up_async_call
       9  KASAN: use-after-free Write in afs_wake_up_async_call
      10  KASAN: use-after-free Write in afs_wake_up_async_call
      10  KASAN: use-after-free Write in afs_wake_up_async_call
      10  KASAN: use-after-free Write in afs_wake_up_async_call
      11  KASAN: use-after-free Write in afs_wake_up_async_call
      11  KASAN: use-after-free Write in afs_wake_up_async_call
      11  KASAN: use-after-free Write in afs_wake_up_async_call
      12  KASAN: use-after-free Write in afs_wake_up_async_call
      12  KASAN: use-after-free Write in afs_wake_up_async_call
      13  KASAN: use-after-free Write in afs_wake_up_async_call
      13  KASAN: use-after-free Write in afs_wake_up_async_call
      14  KASAN: use-after-free Write in afs_wake_up_async_call
      14  KASAN: use-after-free Write in afs_wake_up_async_call
      15  KASAN: use-after-free Write in afs_wake_up_async_call
      15  KASAN: use-after-free Write in afs_wake_up_async_call
      16  KASAN: use-after-free Write in afs_wake_up_async_call
      16  KASAN: use-after-free Write in afs_wake_up_async_call
      16  KASAN: use-after-free Write in afs_wake_up_async_call
      16  KASAN: use-after-free Write in afs_wake_up_async_call
      18  KASAN: use-after-free Write in afs_wake_up_async_call
      18  KASAN: use-after-free Write in afs_wake_up_async_call
      18  KASAN: use-after-free Write in afs_wake_up_async_call
      18  KASAN: use-after-free Write in afs_wake_up_async_call
      19  KASAN: use-after-free Write in afs_wake_up_async_call
      19  KASAN: use-after-free Write in afs_wake_up_async_call
      20  KASAN: use-after-free Write in afs_wake_up_async_call
      20  KASAN: use-after-free Write in afs_wake_up_async_call
      21  KASAN: use-after-free Write in afs_wake_up_async_call
      21  KASAN: use-after-free Write in afs_wake_up_async_call
      21  KASAN: use-after-free Write in afs_wake_up_async_call
      21  KASAN: use-after-free Write in afs_wake_up_async_call
      22  KASAN: use-after-free Write in afs_wake_up_async_call
      22  KASAN: use-after-free Write in afs_wake_up_async_call
      23  KASAN: use-after-free Write in afs_wake_up_async_call
      23  KASAN: use-after-free Write in afs_wake_up_async_call
      24  KASAN: use-after-free Write in afs_wake_up_async_call
      24  KASAN: use-after-free Write in afs_wake_up_async_call
      24  KASAN: use-after-free Write in afs_wake_up_async_call
      24  KASAN: use-after-free Write in afs_wake_up_async_call
      25  KASAN: use-after-free Write in afs_wake_up_async_call
      26  KASAN: use-after-free Write in afs_wake_up_async_call
      26  KASAN: use-after-free Write in afs_wake_up_async_call
      26  KASAN: use-after-free Write in afs_wake_up_async_call
Attempt 2:
    Time  Bug Name
       2  KASAN: use-after-free Write in afs_wake_up_async_call
       3  KASAN: use-after-free Write in afs_wake_up_async_call
       3  KASAN: use-after-free Write in afs_wake_up_async_call
       3  KASAN: use-after-free Write in afs_wake_up_async_call
       3  KASAN: use-after-free Write in afs_wake_up_async_call
       4  KASAN: use-after-free Write in afs_wake_up_async_call
       5  KASAN: use-after-free Write in afs_wake_up_async_call
       5  KASAN: use-after-free Write in afs_wake_up_async_call
       5  KASAN: use-after-free Write in afs_wake_up_async_call
       6  KASAN: use-after-free Write in afs_wake_up_async_call
       6  KASAN: use-after-free Write in afs_wake_up_async_call
       7  KASAN: use-after-free Write in afs_wake_up_async_call
       7  KASAN: use-after-free Write in afs_wake_up_async_call
       8  KASAN: use-after-free Write in afs_wake_up_async_call
       8  KASAN: use-after-free Write in afs_wake_up_async_call
       8  KASAN: use-after-free Write in afs_wake_up_async_call
       8  KASAN: use-after-free Write in afs_wake_up_async_call
       9  KASAN: use-after-free Write in afs_wake_up_async_call
       9  KASAN: use-after-free Write in afs_wake_up_async_call
      10  KASAN: use-after-free Write in afs_wake_up_async_call
      10  KASAN: use-after-free Write in afs_wake_up_async_call
      11  KASAN: use-after-free Write in afs_wake_up_async_call
      11  KASAN: use-after-free Write in afs_wake_up_async_call
      11  KASAN: use-after-free Write in afs_wake_up_async_call
      12  KASAN: use-after-free Write in afs_wake_up_async_call
      13  KASAN: use-after-free Write in afs_wake_up_async_call
      13  KASAN: use-after-free Write in afs_wake_up_async_call
      13  KASAN: use-after-free Write in afs_wake_up_async_call
      14  KASAN: use-after-free Write in afs_wake_up_async_call
      14  KASAN: use-after-free Write in afs_wake_up_async_call
      14  KASAN: use-after-free Write in afs_wake_up_async_call
      15  KASAN: use-after-free Write in afs_wake_up_async_call
      15  KASAN: use-after-free Write in afs_wake_up_async_call
      16  KASAN: use-after-free Write in afs_wake_up_async_call
      16  KASAN: use-after-free Write in afs_wake_up_async_call
      16  KASAN: use-after-free Write in afs_wake_up_async_call
      17  KASAN: use-after-free Write in afs_wake_up_async_call
      17  KASAN: use-after-free Write in afs_wake_up_async_call
      17  KASAN: use-after-free Write in afs_wake_up_async_call
      18  KASAN: use-after-free Write in afs_wake_up_async_call
      18  KASAN: use-after-free Write in afs_wake_up_async_call
      19  KASAN: use-after-free Write in afs_wake_up_async_call
      19  KASAN: use-after-free Write in afs_wake_up_async_call
      20  KASAN: use-after-free Write in afs_wake_up_async_call
      20  KASAN: use-after-free Write in afs_wake_up_async_call
      20  KASAN: use-after-free Write in afs_wake_up_async_call
      20  KASAN: use-after-free Write in afs_wake_up_async_call
      21  KASAN: use-after-free Write in afs_wake_up_async_call
      22  KASAN: use-after-free Write in afs_wake_up_async_call
      22  KASAN: use-after-free Write in afs_wake_up_async_call
      22  KASAN: use-after-free Write in afs_wake_up_async_call
      23  KASAN: use-after-free Write in afs_wake_up_async_call
      23  KASAN: use-after-free Write in afs_wake_up_async_call
      23  KASAN: use-after-free Write in afs_wake_up_async_call
      24  KASAN: use-after-free Write in afs_wake_up_async_call
      25  KASAN: use-after-free Write in afs_wake_up_async_call
      25  KASAN: use-after-free Write in afs_wake_up_async_call
      25  KASAN: use-after-free Write in afs_wake_up_async_call
      25  KASAN: use-after-free Write in afs_wake_up_async_call
      26  KASAN: use-after-free Write in afs_wake_up_async_call
Attempt 3:
    Time  Bug Name
       2  KASAN: use-after-free Write in afs_wake_up_async_call
       3  KASAN: use-after-free Write in afs_wake_up_async_call
       3  KASAN: use-after-free Write in afs_wake_up_async_call
       3  KASAN: use-after-free Write in afs_wake_up_async_call
       4  KASAN: use-after-free Write in afs_wake_up_async_call
       4  KASAN: use-after-free Write in afs_wake_up_async_call
       4  KASAN: use-after-free Write in afs_wake_up_async_call
       4  KASAN: use-after-free Write in afs_wake_up_async_call
       5  KASAN: use-after-free Write in afs_wake_up_async_call
       5  KASAN: use-after-free Write in afs_wake_up_async_call
       6  KASAN: use-after-free Write in afs_wake_up_async_call
       6  KASAN: use-after-free Write in afs_wake_up_async_call
       6  KASAN: use-after-free Write in afs_wake_up_async_call
       7  KASAN: use-after-free Write in afs_wake_up_async_call
       7  KASAN: use-after-free Write in afs_wake_up_async_call
       7  KASAN: use-after-free Write in afs_wake_up_async_call
       8  KASAN: use-after-free Write in afs_wake_up_async_call
       8  KASAN: use-after-free Write in afs_wake_up_async_call
       8  KASAN: use-after-free Write in afs_wake_up_async_call
       8  KASAN: use-after-free Write in afs_wake_up_async_call
       9  KASAN: use-after-free Write in afs_wake_up_async_call
       9  KASAN: use-after-free Write in afs_wake_up_async_call
      10  KASAN: use-after-free Write in afs_wake_up_async_call
      10  KASAN: use-after-free Write in afs_wake_up_async_call
      11  KASAN: use-after-free Write in afs_wake_up_async_call
      11  KASAN: use-after-free Write in afs_wake_up_async_call
      11  KASAN: use-after-free Write in afs_wake_up_async_call
      11  KASAN: use-after-free Write in afs_wake_up_async_call
      12  KASAN: use-after-free Write in afs_wake_up_async_call
      12  KASAN: use-after-free Write in afs_wake_up_async_call
      12  KASAN: use-after-free Write in afs_wake_up_async_call
      12  KASAN: use-after-free Write in afs_wake_up_async_call
      13  KASAN: use-after-free Write in afs_wake_up_async_call
      14  KASAN: use-after-free Write in afs_wake_up_async_call
      14  KASAN: use-after-free Write in afs_wake_up_async_call
      14  KASAN: use-after-free Write in afs_wake_up_async_call
      15  KASAN: use-after-free Write in afs_wake_up_async_call
      15  KASAN: use-after-free Write in afs_wake_up_async_call
      15  KASAN: use-after-free Write in afs_wake_up_async_call
      16  KASAN: use-after-free Write in afs_wake_up_async_call
      16  KASAN: use-after-free Write in afs_wake_up_async_call
      16  KASAN: use-after-free Write in afs_wake_up_async_call
      16  KASAN: use-after-free Write in afs_wake_up_async_call
      17  KASAN: use-after-free Write in afs_wake_up_async_call
      17  KASAN: use-after-free Write in afs_wake_up_async_call
      18  KASAN: use-after-free Write in afs_wake_up_async_call
      18  KASAN: use-after-free Write in afs_wake_up_async_call
      19  KASAN: use-after-free Write in afs_wake_up_async_call
      19  KASAN: use-after-free Write in afs_wake_up_async_call
      19  KASAN: use-after-free Write in afs_wake_up_async_call
      19  KASAN: use-after-free Write in afs_wake_up_async_call
      20  KASAN: use-after-free Write in afs_wake_up_async_call
      20  KASAN: use-after-free Write in afs_wake_up_async_call
      20  KASAN: use-after-free Write in afs_wake_up_async_call
      21  KASAN: use-after-free Write in afs_wake_up_async_call
      21  KASAN: use-after-free Write in afs_wake_up_async_call
      22  KASAN: use-after-free Write in afs_wake_up_async_call
      22  KASAN: use-after-free Write in afs_wake_up_async_call
      22  KASAN: use-after-free Write in afs_wake_up_async_call
      23  KASAN: use-after-free Write in afs_wake_up_async_call
      23  KASAN: use-after-free Write in afs_wake_up_async_call
      23  KASAN: use-after-free Write in afs_wake_up_async_call
      24  KASAN: use-after-free Write in afs_wake_up_async_call
      24  KASAN: use-after-free Write in afs_wake_up_async_call
      25  KASAN: use-after-free Write in afs_wake_up_async_call
      25  KASAN: use-after-free Write in afs_wake_up_async_call
      25  KASAN: use-after-free Write in afs_wake_up_async_call
      26  KASAN: use-after-free Write in afs_wake_up_async_call
      26  KASAN: use-after-free Write in afs_wake_up_async_call
      26  KASAN: use-after-free Write in afs_wake_up_async_call
      26  KASAN: use-after-free Write in afs_wake_up_async_call
The bug was not found.

2023-05-01 02:05:02
Session:   3
Template:  2020-09-22 - 2450c42f1be626b601353c1e039f8fcbadfaffb1
Syzkaller: 2020-09-22 - 2450c42f1be626b601353c1e039f8fcbadfaffb1
Kernel:    2020-09-22 - 805c6d3c19210c90c109107d189744e960eae025
Compiler:  gcc-10.1.0-syz
Attempt 1:
    Time  Bug Name
      10  WARNING in send_hsr_supervision_frame
      25  WARNING in send_hsr_supervision_frame
Attempt 2:
    Time  Bug Name
       9  WARNING in send_hsr_supervision_frame
Attempt 3:
    No crashes found.
The bug was not found.

==== Kernel Retrospection ====
548 Linux commits in [2020-09-22, 2020-12-02].

2023-05-01 04:41:29
Session:   4
Template:  2020-10-22 - 4e740c00a474b578896830c7d27d90d9474364bb
Syzkaller: 2020-10-22 - 4e740c00a474b578896830c7d27d90d9474364bb
Kernel:    2020-10-22 - 746b25b1aa0f5736d585728ded70a8141da91edb
Compiler:  gcc-10.1.0-syz
Attempt 1:
    Time  Bug Name
       3  BUG: using __this_cpu_read() in preemptible code in trace_hardirqs_on
       3  BUG: using __this_cpu_read() in preemptible code in trace_hardirqs_on
       4  BUG: using __this_cpu_read() in preemptible code in trace_hardirqs_on
       5  BUG: using __this_cpu_read() in preemptible code in trace_hardirqs_on
       6  BUG: using __this_cpu_read() in preemptible code in trace_hardirqs_on
       7  BUG: using __this_cpu_read() in preemptible code in trace_hardirqs_on
       7  BUG: using __this_cpu_read() in preemptible code in trace_hardirqs_on
       8  BUG: using __this_cpu_read() in preemptible code in trace_hardirqs_on
       9  BUG: using __this_cpu_read() in preemptible code in trace_hardirqs_on
       9  BUG: using __this_cpu_read() in preemptible code in trace_hardirqs_on
      11  BUG: using __this_cpu_read() in preemptible code in trace_hardirqs_on
      12  BUG: using __this_cpu_read() in preemptible code in trace_hardirqs_on
      13  BUG: using __this_cpu_read() in preemptible code in trace_hardirqs_on
      15  BUG: using __this_cpu_read() in preemptible code in trace_hardirqs_on
      17  BUG: using __this_cpu_read() in preemptible code in trace_hardirqs_on
      18  BUG: using __this_cpu_read() in preemptible code in trace_hardirqs_on
      22  BUG: using __this_cpu_read() in preemptible code in trace_hardirqs_on
      22  BUG: using __this_cpu_read() in preemptible code in trace_hardirqs_on
Attempt 2:
    Time  Bug Name
       3  BUG: using __this_cpu_read() in preemptible code in trace_hardirqs_on
       3  BUG: using __this_cpu_read() in preemptible code in trace_hardirqs_on
       3  BUG: using __this_cpu_read() in preemptible code in trace_hardirqs_on
       4  BUG: using __this_cpu_read() in preemptible code in trace_hardirqs_on
       5  BUG: using __this_cpu_read() in preemptible code in trace_hardirqs_on
       6  BUG: using __this_cpu_read() in preemptible code in trace_hardirqs_on
       8  BUG: using __this_cpu_read() in preemptible code in trace_hardirqs_on
       8  BUG: using __this_cpu_read() in preemptible code in trace_hardirqs_on
      10  BUG: using __this_cpu_read() in preemptible code in trace_hardirqs_on
      11  BUG: using __this_cpu_read() in preemptible code in trace_hardirqs_on
      14  BUG: using __this_cpu_read() in preemptible code in trace_hardirqs_on
      15  BUG: using __this_cpu_read() in preemptible code in trace_hardirqs_on
      17  BUG: using __this_cpu_read() in preemptible code in trace_hardirqs_on
      20  BUG: using __this_cpu_read() in preemptible code in trace_hardirqs_on
      24  BUG: using __this_cpu_read() in preemptible code in trace_hardirqs_on
      26  BUG: using __this_cpu_read() in preemptible code in trace_hardirqs_on
Attempt 3:
    Time  Bug Name
       2  BUG: using __this_cpu_read() in preemptible code in trace_hardirqs_on
       3  BUG: using __this_cpu_read() in preemptible code in trace_hardirqs_on
       4  BUG: using __this_cpu_read() in preemptible code in trace_hardirqs_on
       5  BUG: using __this_cpu_read() in preemptible code in trace_hardirqs_on
       5  BUG: using __this_cpu_read() in preemptible code in trace_hardirqs_on
       5  BUG: using __this_cpu_read() in preemptible code in trace_hardirqs_on
       8  BUG: using __this_cpu_read() in preemptible code in trace_hardirqs_on
       8  BUG: using __this_cpu_read() in preemptible code in trace_hardirqs_on
       9  BUG: using __this_cpu_read() in preemptible code in trace_hardirqs_on
       9  BUG: using __this_cpu_read() in preemptible code in trace_hardirqs_on
      11  BUG: using __this_cpu_read() in preemptible code in trace_hardirqs_on
      12  BUG: using __this_cpu_read() in preemptible code in trace_hardirqs_on
      12  BUG: using __this_cpu_read() in preemptible code in trace_hardirqs_on
      13  BUG: using __this_cpu_read() in preemptible code in trace_hardirqs_on
      13  BUG: using __this_cpu_read() in preemptible code in trace_hardirqs_on
      14  BUG: using __this_cpu_read() in preemptible code in trace_hardirqs_on
      16  BUG: using __this_cpu_read() in preemptible code in trace_hardirqs_on
      16  BUG: using __this_cpu_read() in preemptible code in trace_hardirqs_on
      17  BUG: using __this_cpu_read() in preemptible code in trace_hardirqs_on
      18  BUG: using __this_cpu_read() in preemptible code in trace_hardirqs_on
      18  BUG: using __this_cpu_read() in preemptible code in trace_hardirqs_on
      20  BUG: using __this_cpu_read() in preemptible code in trace_hardirqs_on
      20  BUG: using __this_cpu_read() in preemptible code in trace_hardirqs_on
      24  BUG: using __this_cpu_read() in preemptible code in trace_hardirqs_on
      24  BUG: using __this_cpu_read() in preemptible code in trace_hardirqs_on
      25  BUG: using __this_cpu_read() in preemptible code in trace_hardirqs_on
The bug was not found.

2023-05-01 07:00:23
Session:   5
Template:  2020-11-04 - 64069d48f293e0be98d4a78a6f7be23861cc1e06
Syzkaller: 2020-11-04 - 64069d48f293e0be98d4a78a6f7be23861cc1e06
Kernel:    2020-11-08 - 40be821d627c61ee5beb51d265af372ab29804e4
Compiler:  gcc-10.1.0-syz
Attempt 1:
    Time  Bug Name
       4  BUG: sleeping function called from invalid context in sta_info_move_state
       8  panic: disabled syscall
Attempt 2:
    Time  Bug Name
       3  BUG: sleeping function called from invalid context in sta_info_move_state
Attempt 3:
    Time  Bug Name
       6  BUG: sleeping function called from invalid context in sta_info_move_state
Attempt 4: (RETRY)
    No crashes found.
The bug was not found.

2023-05-01 10:04:49
Session:   6
Template:  2020-11-18 - 0767f13fbd87c99aea7893eb64199b76be42cd61
Syzkaller: 2020-11-18 - 0767f13fbd87c99aea7893eb64199b76be42cd61
Kernel:    2020-11-19 - 3494d58865ad4a47611dbb427b214cc5227fa5eb
Compiler:  gcc-10.1.0-syz
Attempt 1:
    No crashes found.
Attempt 2:
    Time  Bug Name
       9  no output from test machine
      10  no output from test machine
      11  no output from test machine
Attempt 3:
    No crashes found.
The bug was not found.

2023-05-01 12:34:39
Session:   7
Template:  2020-11-26 - 5018c94665bf383298ac7085fb34eda9cb9b1427
Syzkaller: 2020-11-26 - 5018c94665bf383298ac7085fb34eda9cb9b1427
Kernel:    2020-11-26 - 4df910620bebb5cfe234af16ac8f6474b60215fd
Compiler:  gcc-10.1.0-syz
Attempt 1:
    Time  Bug Name
       7  panic: disabled syscall
Attempt 2:
    No crashes found.
Attempt 3:
    No crashes found.
Attempt 4: (RETRY)
    No crashes found.
The bug was not found.

2023-05-01 15:52:17
Session:   8
Template:  2020-11-27 - 486f93ef445f733b35d844f33ba9edeb8423f5fa
Syzkaller: 2020-11-27 - 486f93ef445f733b35d844f33ba9edeb8423f5fa
Kernel:    2020-11-27 - 80e1e1761d1a9eefda4d1545f8b6c0a2e46d4e3f
Compiler:  gcc-10.1.0-syz
Attempt 1:
    No crashes found.
Attempt 2:
    No crashes found.
Attempt 3:
    No crashes found.
The bug was not found.

2023-05-01 18:37:38
Session:   9
Template:  2020-11-28 - a0092f9dfdd33924abe5cf5565e4ec4748217c7b
Syzkaller: 2020-11-28 - a0092f9dfdd33924abe5cf5565e4ec4748217c7b
Kernel:    2020-11-29 - 7255a39d24a7960da3a55e840ca5cbed5fcb476f
Compiler:  gcc-10.1.0-syz
Attempt 1:
    No crashes found.
Attempt 2:
    No crashes found.
Attempt 3:
    No crashes found.
The bug was not found.

2023-05-01 21:06:28
Session:   10
Template:  2020-11-28 - a0092f9dfdd33924abe5cf5565e4ec4748217c7b
Syzkaller: 2020-11-28 - a0092f9dfdd33924abe5cf5565e4ec4748217c7b
Kernel:    2020-11-29 - b65054597872ce3aefbc6a666385eabdf9e288da
Compiler:  gcc-10.1.0-syz
Attempt 1:
    No crashes found.
Attempt 2:
    No crashes found.
Attempt 3:
    No crashes found.
The bug was not found.

2023-05-01 23:29:07
Session:   11
Template:  2020-12-01 - c42a35e9053074ec924558e4aa4077ac0d86cfff
Syzkaller: 2020-12-01 - c42a35e9053074ec924558e4aa4077ac0d86cfff
Kernel:    2020-12-01 - ef6900acc89ecfc78ceb0eb1605c954dd6f2ca05
Compiler:  gcc-10.1.0-syz
Attempt 1:
    No crashes found.
Attempt 2:
    No crashes found.
Attempt 3:
    Time  Bug Name
***    7  possible deadlock in hugetlb_cow
The bug was found.

2023-05-02 01:30:29
Session:   12
Template:  2020-12-01 - c42a35e9053074ec924558e4aa4077ac0d86cfff
Syzkaller: 2020-12-01 - c42a35e9053074ec924558e4aa4077ac0d86cfff
Kernel:    2020-12-01 - f43691b59fae581ca83349539c686ecf4a01e42d
Compiler:  gcc-10.1.0-syz
Attempt 1:
    No crashes found.
Attempt 2:
    No crashes found.
Attempt 3:
    Time  Bug Name
***    9  possible deadlock in hugetlb_cow
***    9  possible deadlock in hugetlb_cow
The bug was found.

== Confirming the bisected commit ==

2023-05-02 03:39:05
Session:   13
Template:  2020-12-01 - c42a35e9053074ec924558e4aa4077ac0d86cfff
Syzkaller: 2020-12-01 - c42a35e9053074ec924558e4aa4077ac0d86cfff
Kernel:    2020-12-01 - f43691b59fae581ca83349539c686ecf4a01e42d
The bug was found in a previous identical fuzzing session.

2023-05-02 03:39:05
Session:   14
Template:  2020-12-01 - c42a35e9053074ec924558e4aa4077ac0d86cfff
Syzkaller: 2020-12-01 - c42a35e9053074ec924558e4aa4077ac0d86cfff
Kernel:    2020-11-29 - b65054597872ce3aefbc6a666385eabdf9e288da
Compiler:  gcc-10.1.0-syz
Attempt 1:
    Time  Bug Name
       7  panic: disabled syscall
***   14  possible deadlock in hugetlb_cow
The bug was found.

==== Syzkaller Retrospection ====
3 Syzkaller commits from [2020-12-01].

2023-05-02 05:45:03
Session:   15
Template:  2020-12-01 - c42a35e9053074ec924558e4aa4077ac0d86cfff
Syzkaller: 2020-12-01 - c42a35e9053074ec924558e4aa4077ac0d86cfff
Kernel:    2020-12-01 - f43691b59fae581ca83349539c686ecf4a01e42d
Compiler:  gcc-10.1.0-syz
The bug was found in a previous identical fuzzing session.

2023-05-02 05:45:03
Session:   16
Template:  2020-12-01 - 57aef9d9a2a3f567568a77c4b3209d86f9340013
Syzkaller: 2020-12-01 - 57aef9d9a2a3f567568a77c4b3209d86f9340013
Kernel:    2020-12-01 - f43691b59fae581ca83349539c686ecf4a01e42d
Compiler:  gcc-10.1.0-syz
Attempt 1:
    Time  Bug Name
***   59  possible deadlock in hugetlb_cow
The bug was found.

2023-05-02 06:45:58
Session:   17
Template:  2020-12-01 - 07bfe8a540418c37449ef29dfc84ccf4d15ea0e0
Syzkaller: 2020-12-01 - 07bfe8a540418c37449ef29dfc84ccf4d15ea0e0
Kernel:    2020-12-01 - f43691b59fae581ca83349539c686ecf4a01e42d
Compiler:  gcc-10.1.0-syz
Attempt 1:
    No crashes found.
Attempt 2:
    No crashes found.
Attempt 3:
    Time  Bug Name
      41  INFO: task hung in jbd2_journal_commit_transaction
The bug was not found.

====================================================================================================================================================
Revealing Factor:   Syzkaller Update
Version:            2020-12-01 - 57aef9d9a2a3f567568a77c4b3209d86f9340013
Commit Name:        executor: tune few more sysctl's

Bug Name:           possible deadlock in hugetlb_cow
Bug Link:           https://syzkaller.appspot.com/bug?id=2ab604026b7cba90c41c4dc98218595511795c78
Arch:               amd64
Finding Date:       2020-12-02
Finding Commit:     2020-12-01 - 509a15421674b9e1a3e1916939d0d0efd3e578da
Guilty Merge:       2020-04-02 - 6cad420cc695867b4ca710bac21fde21a4102e4b
Guilty Commit:      2020-04-02 - c0d0381ade79885c04a04c303284b040616b116e

Possible Blocking Bugs:
    KASAN: use-after-free Write in afs_wake_up_async_call
    BUG: using __this_cpu_read() in preemptible code in trace_hardirqs_on
