unregister_netdevice: waiting for DEV to become free,https://syzkaller.appspot.com/bug?id=949ecf93b67ab1df8f890571d24ef9db50872c96
Repository: linux
Arch: amd64
Finding: 2020-08-18 - 18445bf405cb331117bc98427b1ba6f12418ad17
Guilty:  2018-10-08 - 5271953cad31b97dea80f848c16e96ad66401199
No Duplicates
Default Allocation.
VMs:4
CPUs:4
Procs:24
Max time:30
Max attempts:3
Testing the finding commit.

2023-04-23 23:37:25
Session:   1
Template:  2020-08-19 - ed282a3a908662a18525a686f2adfa76731df95e
Syzkaller: 2020-08-19 - ed282a3a908662a18525a686f2adfa76731df95e
Kernel:    2020-08-18 - 18445bf405cb331117bc98427b1ba6f12418ad17
Compiler:  gcc-10.1.0-syz
Error: Syzkaller failed to make.
