WARNING: suspicious RCU usage in get_wiphy_regdom,https://syzkaller.appspot.com/bug?id=c52f0290d730ffb8a934e281e028be732673a1b9
Repository: linux
Arch: amd64
Finding: 2020-12-27 - 5c8fe583cce542aa0b84adc939ce85293de36e5e
Guilty:  2020-12-11 - beee246951571cc5452176f3dbfe9aa5a10ba2b9
Duplicate Names:
    WARNING: suspicious RCU usage in get_wiphy_regdom
    WARNING: suspicious RCU usage in wiphy_apply_custom_regulatory
Single Proc Allocation
VMs:8
CPUs:2
Procs:16
Max time:30
Max attempts:3
Testing the finding commit.

2023-04-19 16:34:22
Session:   1
Template:  2020-12-28 - 8259d56c46408d79f7a64443f7c25dcafb1cdc45
Syzkaller: 2020-12-28 - 8259d56c46408d79f7a64443f7c25dcafb1cdc45
Kernel:    2020-12-27 - 5c8fe583cce542aa0b84adc939ce85293de36e5e
Compiler:  gcc-10.1.0-syz
Attempt 1:
    Time  Bug Name
***    2  WARNING: suspicious RCU usage in get_wiphy_regdom
***    2  WARNING: suspicious RCU usage in get_wiphy_regdom
Attempt 2:
    Time  Bug Name
***    2  WARNING: suspicious RCU usage in get_wiphy_regdom
Attempt 3:
    Time  Bug Name
***    2  WARNING: suspicious RCU usage in get_wiphy_regdom
The bug was found.

New Max Time: 10.
Merge Commit: 2020-12-12 - 00f7763a26cbf6673bceca7d69f931df31e48144.
No template updates to inspect.

==== Kernel Retrospection ====
203 Linux commits in [2020-12-12, 2020-12-28].

2023-04-19 17:14:13
Session:   2
Template:  2020-12-16 - 04201c0669446145fd9c347c5538da0ca13ff29b
Syzkaller: 2020-12-16 - 04201c0669446145fd9c347c5538da0ca13ff29b
Kernel:    2020-12-16 - 84e010ec8f8668c579b78a27b0e81a49ac6c837a
Compiler:  gcc-10.1.0-syz
Attempt 1:
    Time  Bug Name
***    2  WARNING: suspicious RCU usage in get_wiphy_regdom
***    2  WARNING: suspicious RCU usage in get_wiphy_regdom
The bug was found.

2023-04-19 17:53:08
Session:   3
Template:  2020-12-16 - 04201c0669446145fd9c347c5538da0ca13ff29b
Syzkaller: 2020-12-16 - 04201c0669446145fd9c347c5538da0ca13ff29b
Kernel:    2020-12-16 - b109bc72295363fb746bc42bdd777f7a8abb177b
Compiler:  gcc-10.1.0-syz
Attempt 1:
    Time  Bug Name
***    2  WARNING: suspicious RCU usage in get_wiphy_regdom
***    2  WARNING: suspicious RCU usage in get_wiphy_regdom
The bug was found.

2023-04-19 18:30:05
Session:   4
Template:  2020-12-15 - f213e07ead587b07a84e60c356520bce7277166c
Syzkaller: 2020-12-15 - f213e07ead587b07a84e60c356520bce7277166c
Kernel:    2020-12-15 - 8163962aadde4ab23ec794f30bf4972325bd6439
Compiler:  gcc-10.1.0-syz
Attempt 1:
    Time  Bug Name
***    3  WARNING: suspicious RCU usage in get_wiphy_regdom
The bug was found.

2023-04-19 19:10:12
Session:   5
Template:  2020-12-15 - f213e07ead587b07a84e60c356520bce7277166c
Syzkaller: 2020-12-15 - f213e07ead587b07a84e60c356520bce7277166c
Kernel:    2020-12-15 - ebf322822cc93259316480266afeb889dd65522a
Compiler:  gcc-10.1.0-syz
Attempt 1:
    Time  Bug Name
***    3  WARNING: suspicious RCU usage in get_wiphy_regdom
***    3  WARNING: suspicious RCU usage in get_wiphy_regdom
The bug was found.

2023-04-19 19:47:18
Session:   6
Template:  2020-12-13 - b22a7ec30951c01f7f54f811b7f636987c86b0ca
Syzkaller: 2020-12-13 - b22a7ec30951c01f7f54f811b7f636987c86b0ca
Kernel:    2020-12-13 - 13458ffe0a953e17587f172a8e5059c243e6850a
Compiler:  gcc-10.1.0-syz
Attempt 1:
    Time  Bug Name
***    3  WARNING: suspicious RCU usage in get_wiphy_regdom
The bug was found.

2023-04-19 20:22:45
Session:   7
Template:  2020-12-11 - bca53db974f570410921f59b8c2c59a3d263cb44
Syzkaller: 2020-12-11 - bca53db974f570410921f59b8c2c59a3d263cb44
Kernel:    2020-12-12 - 771c8901568dd8776a260aa93db41be88a60389e
Compiler:  gcc-10.1.0-syz
Attempt 1:
    Time  Bug Name
***    2  WARNING: suspicious RCU usage in get_wiphy_regdom
The bug was found.

2023-04-19 20:55:49
Session:   8
Template:  2020-12-11 - bca53db974f570410921f59b8c2c59a3d263cb44
Syzkaller: 2020-12-11 - bca53db974f570410921f59b8c2c59a3d263cb44
Kernel:    2020-12-12 - e5795aacd71b697c739f2d193b0e275993d93187
Compiler:  gcc-10.1.0-syz
Attempt 1:
    Time  Bug Name
***    2  WARNING: suspicious RCU usage in get_wiphy_regdom
***    2  WARNING: suspicious RCU usage in get_wiphy_regdom
The bug was found.

2023-04-19 21:30:04
Session:   9
Template:  2020-12-11 - bca53db974f570410921f59b8c2c59a3d263cb44
Syzkaller: 2020-12-11 - bca53db974f570410921f59b8c2c59a3d263cb44
Kernel:    2020-12-12 - 00f7763a26cbf6673bceca7d69f931df31e48144
Compiler:  gcc-10.1.0-syz
Attempt 1:
    Time  Bug Name
***    3  WARNING: suspicious RCU usage in get_wiphy_regdom
       3  UBSAN: shift-out-of-bounds in option_probe
The bug was found.

== Confirming the bisected commit ==

2023-04-19 22:06:30
Session:   10
Template:  2020-12-11 - bca53db974f570410921f59b8c2c59a3d263cb44
Syzkaller: 2020-12-11 - bca53db974f570410921f59b8c2c59a3d263cb44
Kernel:    2020-12-12 - 00f7763a26cbf6673bceca7d69f931df31e48144
The bug was found in a previous identical fuzzing session.

====================================================================================================================================================
Revealing Factor:   Guilty Merge
Version:            2020-12-12 - 00f7763a26cbf6673bceca7d69f931df31e48144
Commit Name:        Merge tag 'mac80211-next-for-net-next-2020-12-11' of git://git.kernel.org/pub/scm/linux/kernel/git/jberg/mac80211-next

Bug Name:           WARNING: suspicious RCU usage in get_wiphy_regdom
Bug Link:           https://syzkaller.appspot.com/bug?id=c52f0290d730ffb8a934e281e028be732673a1b9
Arch:               amd64
Finding Date:       2020-12-28
Finding Commit:     2020-12-27 - 5c8fe583cce542aa0b84adc939ce85293de36e5e
Guilty Merge:       2020-12-12 - 00f7763a26cbf6673bceca7d69f931df31e48144
Guilty Commit:      2020-12-11 - beee246951571cc5452176f3dbfe9aa5a10ba2b9

Possible Blocking Bugs:
