possible deadlock in dev_mc_unsync,https://syzkaller.appspot.com/bug?id=a7a5209c77aa59d1987eca88025c22401677a6f2
Repository: linux
Arch: amd64
Finding: 2020-06-28 - 9ebcfadb0610322ac537dd7aa5d9cbc2b2894c68
Guilty:  2020-06-09 - 845e0ebb4408d4473cf60d21224a897037e9a77a
Duplicate Names:
    possible deadlock in dev_mc_unsync
    possible deadlock in dev_uc_sync_multiple
Single Proc Allocation
VMs:8
CPUs:2
Procs:16
Max time:30
Max attempts:3
Testing the finding commit.

2023-06-10 08:27:51
Session:   1
Template:  2020-06-27 - a2cdad9d42694059bd75f809d297ed9bf853da12
Syzkaller: 2020-06-27 - a2cdad9d42694059bd75f809d297ed9bf853da12
Kernel:    2020-06-28 - 9ebcfadb0610322ac537dd7aa5d9cbc2b2894c68
Compiler:  gcc-10.1.0-syz
Error: Syzkaller failed to make.
