KASAN: use-after-free Read in smk_write_relabel_self,https://syzkaller.appspot.com/bug?id=0041819555034a3ccec38f9ab50c84bd040bf205
Repository: linux
Arch: amd64
Finding: 2020-06-04 - acf25aa66371359f542d14e8d993b530fe25d7ac
Guilty:  2015-10-19 - 38416e53936ecf896948fdeffc36b76979117952
No Duplicates
Single Proc Allocation
VMs:8
CPUs:2
Procs:16
Max time:30
Max attempts:3
Testing the finding commit.

2023-06-10 07:31:24
Session:   1
Template:  2020-06-04 - 2420d1bcbcd9f5d5893c1aab8096cce81721dac2
Syzkaller: 2020-06-04 - 2420d1bcbcd9f5d5893c1aab8096cce81721dac2
Kernel:    2020-06-04 - acf25aa66371359f542d14e8d993b530fe25d7ac
Compiler:  gcc-10.1.0-syz
Attempt 1:
    No crashes found.
