KASAN: use-after-free Read in netdev_name_node_lookup_rcu,https://syzkaller.appspot.com/bug?id=ad6e459b5804609befe3e5c24001b25185b073fc
Repository: linux
Arch: amd64
Finding: 2020-06-26 - 1590a2e1c681b0991bd42c992cabfd380e0338f2
Guilty:  2019-10-06 - 75cdbdd089003cd53560ff87b690ae911fa7df8e
Duplicate Names:
    KASAN: use-after-free Read in __cfg8NUM_wpan_dev_from_attrs
    KASAN: vmalloc-out-of-bounds Read in netdev_name_node_lookup_rcu
    KASAN: vmalloc-out-of-bounds Read in tipc_nl_publ_dump
    KASAN: use-after-free Read in netdev_name_node_lookup_rcu
    KASAN: use-after-free Read in nl8NUM_dump_wpan_phy
    KASAN: vmalloc-out-of-bounds Read in __nla_validate_parse
    KASAN: use-after-free Read in tipc_nl_publ_dump
    KASAN: use-after-free Read in tipc_nl_node_dump_monitor_peer
    KASAN: use-after-free Read in tipc_udp_nl_dump_remoteip
    KASAN: use-after-free Read in devlink_get_from_attrs
    KASAN: vmalloc-out-of-bounds Read in nl8NUM_dump_wpan_phy
    KASAN: vmalloc-out-of-bounds Read in __cfg8NUM_wpan_dev_from_attrs
    KASAN: use-after-free Read in tipc_nl_node_dump_link
    KASAN: use-after-free Read in dev_get_by_name
    KASAN: vmalloc-out-of-bounds Read in tipc_nl_node_dump_monitor_peer
Default Allocation.
VMs:4
CPUs:4
Procs:24
Max time:30
Max attempts:3
Testing the finding commit.

2023-06-12 04:01:57
Session:   1
Template:  2020-06-27 - a2cdad9d42694059bd75f809d297ed9bf853da12
Syzkaller: 2020-06-27 - a2cdad9d42694059bd75f809d297ed9bf853da12
Kernel:    2020-06-26 - 1590a2e1c681b0991bd42c992cabfd380e0338f2
Compiler:  gcc-10.1.0-syz
Error: Syzkaller failed to make.
