KASAN: slab-out-of-bounds Read in vsscanf,https://syzkaller.appspot.com/bug?id=c4b103b0a86ade03d8ff1b2a53758248ee9c8f6e
Repository: linux
Arch: amd64
Finding: 2020-07-18 - f932d58abc38c898d7d3fe635ecb2b821a256f54
Guilty:  2012-05-14 - f7112e6c9abf1c70f001dcf097c1d6e218a93f5c
No Duplicates
Single Proc Allocation
VMs:8
CPUs:2
Procs:16
Max time:30
Max attempts:3
Testing the finding commit.

2023-06-04 09:06:03
Session:   1
Template:  2020-07-17 - 9c8124727c791c492f98fceaebf7b74d9ab78878
Syzkaller: 2020-07-17 - 9c8124727c791c492f98fceaebf7b74d9ab78878
Kernel:    2020-07-18 - f932d58abc38c898d7d3fe635ecb2b821a256f54
Compiler:  gcc-10.1.0-syz
Attempt 1:
    No crashes found.
Attempt 2:
    No crashes found.
Attempt 3:
    No crashes found.
The bug was not found.

Failure: This bug cannot be found at the finding commit.
