KASAN: use-after-free Read in tipc_nl_node_dump_link,https://syzkaller.appspot.com/bug?id=4f6ce6f5223c2c8e75c92ce8cb619b227a8b0277
Repository: linux
Arch: amd64
Finding: 2020-06-25 - 4a21185cda0fbb860580eeeb4f1a70a9cda332a4
Guilty:  2019-10-06 - 75cdbdd089003cd53560ff87b690ae911fa7df8e
Duplicate Names:
    KASAN: use-after-free Read in __cfg8NUM_wpan_dev_from_attrs
    KASAN: vmalloc-out-of-bounds Read in netdev_name_node_lookup_rcu
    KASAN: vmalloc-out-of-bounds Read in tipc_nl_publ_dump
    KASAN: use-after-free Read in netdev_name_node_lookup_rcu
    KASAN: use-after-free Read in nl8NUM_dump_wpan_phy
    KASAN: vmalloc-out-of-bounds Read in __nla_validate_parse
    KASAN: use-after-free Read in tipc_nl_publ_dump
    KASAN: use-after-free Read in tipc_nl_node_dump_monitor_peer
    KASAN: use-after-free Read in tipc_udp_nl_dump_remoteip
    KASAN: use-after-free Read in devlink_get_from_attrs
    KASAN: vmalloc-out-of-bounds Read in nl8NUM_dump_wpan_phy
    KASAN: vmalloc-out-of-bounds Read in __cfg8NUM_wpan_dev_from_attrs
    KASAN: use-after-free Read in tipc_nl_node_dump_link
    KASAN: use-after-free Read in dev_get_by_name
    KASAN: vmalloc-out-of-bounds Read in tipc_nl_node_dump_monitor_peer
Default Allocation.
VMs:4
CPUs:4
Procs:24
Max time:30
Max attempts:3
Testing the finding commit.

2023-06-13 17:51:58
Session:   1
Template:  2020-06-26 - ffec44b5d1e024359410f6ba8d5e965973ede8f5
Syzkaller: 2020-06-26 - ffec44b5d1e024359410f6ba8d5e965973ede8f5
Kernel:    2020-06-26 - 4a21185cda0fbb860580eeeb4f1a70a9cda332a4
Compiler:  gcc-10.1.0-syz
Attempt 1:
    Time  Bug Name
***    4  KASAN: use-after-free Read in tipc_nl_node_dump_link
Attempt 2:
    Time  Bug Name
***    5  KASAN: use-after-free Read in tipc_nl_node_dump_link
Attempt 3:
    Time  Bug Name
***    8  KASAN: use-after-free Read in tipc_nl_node_dump_link
The bug was found.

New Max Time: 10.
Merge Commit: 2019-10-06 - d44dc741327906b6eaf9f69c626cfc48d13f7250.

==== Template Retrospection ====
52 template changes in [2019-10-06, 2020-06-26].

2023-06-13 19:11:45
Session:   2
Template:  2020-01-15 - b67897d4d1e0adbe963dd3bf9ed797586aa88fd1
Syzkaller: 2020-01-15 - b67897d4d1e0adbe963dd3bf9ed797586aa88fd1
Kernel:    2020-01-15 - f5ae2ea6347a308cfe91f53b53682ce635497d0d
Compiler:  gcc-9.0.0-20181231
Attempt 1:
    No crashes found.
Attempt 2:
    No crashes found.
Attempt 3:
    No crashes found.
The bug was not found.

2023-06-13 19:56:59
Session:   3
Template:  2020-01-31 - 96ce537b15c550775cd9ca09002992d9254095c7
Syzkaller: 2020-01-31 - 96ce537b15c550775cd9ca09002992d9254095c7
Kernel:    2020-01-31 - 26dca6dbd62d74a5012cafab6b2d6d65a01ea69c
Compiler:  gcc-9.0.0-20181231
Warning: Syzkaller log file exceeded 5000 lines.
Saved at /mnt/sdd/jtbursey/SyzInspector/wd-inspector-2/log/bug562-boot_failure.log.
Attempt 1:
    Time  Bug Name
       1  boot failure
Warning: Syzkaller log file exceeded 5000 lines.
Saved at /mnt/sdd/jtbursey/SyzInspector/wd-inspector-2/log/bug562-boot_failure.log.
Attempt 2:
    Time  Bug Name
       1  boot failure
Warning: Syzkaller log file exceeded 5000 lines.
Saved at /mnt/sdd/jtbursey/SyzInspector/wd-inspector-2/log/bug562-boot_failure.log.
Attempt 3:
    Time  Bug Name
       1  boot failure
The bug was not found.
Warning: This session is unstable.

2023-06-13 20:16:34
Session:   4
Template:  2020-03-17 - 2e9037c55f6a3308190ab4eb0ce110dddc7a6f2b
Syzkaller: 2020-03-17 - 2e9037c55f6a3308190ab4eb0ce110dddc7a6f2b
Kernel:    2020-03-17 - ac309e7744bee222df6de0122facaf2d9706fa70
Compiler:  gcc-9.0.0-20181231
Attempt 1:
    No crashes found.
Attempt 2:
    No crashes found.
Attempt 3:
    No crashes found.
The bug was not found.

2023-06-13 21:02:38
Session:   5
Template:  2020-06-18 - b1b22865fc4567c79793620400109f2220335f84
Syzkaller: 2020-06-18 - b1b22865fc4567c79793620400109f2220335f84
Kernel:    2020-06-18 - 5e857ce6eae7ca21b2055cca4885545e29228fe2
Compiler:  gcc-10.1.0-syz
Attempt 1:
    Time  Bug Name
       1  KASAN: use-after-free Write in afs_wake_up_async_call
       2  KASAN: use-after-free Write in afs_wake_up_async_call
       2  KASAN: use-after-free Write in afs_wake_up_async_call
       2  KASAN: use-after-free Write in afs_wake_up_async_call
       2  KASAN: use-after-free Write in afs_wake_up_async_call
       3  KASAN: use-after-free Write in afs_wake_up_async_call
       3  KASAN: use-after-free Write in afs_wake_up_async_call
       3  KASAN: use-after-free Write in afs_wake_up_async_call
       3  KASAN: use-after-free Write in afs_wake_up_async_call
       3  KASAN: use-after-free Write in afs_wake_up_async_call
       4  KASAN: use-after-free Write in afs_wake_up_async_call
       4  KASAN: use-after-free Write in afs_wake_up_async_call
       4  KASAN: use-after-free Write in afs_wake_up_async_call
       4  KASAN: use-after-free Write in afs_wake_up_async_call
       5  KASAN: use-after-free Write in afs_wake_up_async_call
       5  KASAN: use-after-free Write in afs_wake_up_async_call
       5  KASAN: use-after-free Write in afs_wake_up_async_call
       5  KASAN: use-after-free Write in afs_wake_up_async_call
       6  KASAN: use-after-free Write in afs_wake_up_async_call
       6  KASAN: use-after-free Write in afs_wake_up_async_call
       6  KASAN: use-after-free Write in afs_wake_up_async_call
       6  KASAN: use-after-free Write in afs_wake_up_async_call
       7  KASAN: use-after-free Write in afs_wake_up_async_call
       7  KASAN: use-after-free Write in afs_wake_up_async_call
       7  KASAN: use-after-free Write in afs_wake_up_async_call
       7  KASAN: use-after-free Write in afs_wake_up_async_call
       8  KASAN: use-after-free Write in afs_wake_up_async_call
       8  KASAN: use-after-free Write in afs_wake_up_async_call
       8  KASAN: use-after-free Write in afs_wake_up_async_call
       8  KASAN: use-after-free Write in afs_wake_up_async_call
       9  KASAN: use-after-free Write in afs_wake_up_async_call
       9  KASAN: use-after-free Write in afs_wake_up_async_call
       9  KASAN: use-after-free Write in afs_wake_up_async_call
       9  KASAN: use-after-free Write in afs_wake_up_async_call
       9  KASAN: use-after-free Write in afs_wake_up_async_call
      10  KASAN: use-after-free Write in afs_wake_up_async_call
      10  KASAN: use-after-free Write in afs_wake_up_async_call
      10  KASAN: use-after-free Write in afs_wake_up_async_call
      10  KASAN: use-after-free Write in afs_wake_up_async_call
      10  KASAN: use-after-free Write in afs_wake_up_async_call
Attempt 2:
    Time  Bug Name
       1  KASAN: use-after-free Write in afs_wake_up_async_call
       2  KASAN: use-after-free Write in afs_wake_up_async_call
       2  KASAN: use-after-free Write in afs_wake_up_async_call
       2  KASAN: use-after-free Write in afs_wake_up_async_call
       2  KASAN: use-after-free Write in afs_wake_up_async_call
       3  KASAN: use-after-free Write in afs_wake_up_async_call
       3  KASAN: use-after-free Write in afs_wake_up_async_call
       3  KASAN: use-after-free Write in afs_wake_up_async_call
       3  KASAN: use-after-free Write in afs_wake_up_async_call
       3  KASAN: use-after-free Write in afs_wake_up_async_call
       4  KASAN: use-after-free Write in afs_wake_up_async_call
       4  KASAN: use-after-free Write in afs_wake_up_async_call
       4  KASAN: use-after-free Write in afs_wake_up_async_call
       4  KASAN: use-after-free Write in afs_wake_up_async_call
       5  KASAN: use-after-free Write in afs_wake_up_async_call
       5  KASAN: use-after-free Write in afs_wake_up_async_call
       5  KASAN: use-after-free Write in afs_wake_up_async_call
       5  KASAN: use-after-free Write in afs_wake_up_async_call
       6  KASAN: use-after-free Write in afs_wake_up_async_call
       6  KASAN: use-after-free Write in afs_wake_up_async_call
       6  KASAN: use-after-free Write in afs_wake_up_async_call
       6  KASAN: use-after-free Write in afs_wake_up_async_call
       7  KASAN: use-after-free Write in afs_wake_up_async_call
       7  KASAN: use-after-free Write in afs_wake_up_async_call
       7  KASAN: use-after-free Write in afs_wake_up_async_call
       7  KASAN: use-after-free Write in afs_wake_up_async_call
       7  KASAN: use-after-free Write in afs_wake_up_async_call
       8  KASAN: use-after-free Write in afs_wake_up_async_call
       8  KASAN: use-after-free Write in afs_wake_up_async_call
       8  KASAN: use-after-free Write in afs_wake_up_async_call
       8  KASAN: use-after-free Write in afs_wake_up_async_call
       9  KASAN: use-after-free Write in afs_wake_up_async_call
       9  KASAN: use-after-free Write in afs_wake_up_async_call
       9  KASAN: use-after-free Write in afs_wake_up_async_call
       9  KASAN: use-after-free Write in afs_wake_up_async_call
       9  KASAN: use-after-free Write in afs_wake_up_async_call
      10  KASAN: use-after-free Write in afs_wake_up_async_call
      10  KASAN: use-after-free Write in afs_wake_up_async_call
      10  KASAN: use-after-free Write in afs_wake_up_async_call
      10  KASAN: use-after-free Write in afs_wake_up_async_call
Attempt 3:
    Time  Bug Name
       1  KASAN: use-after-free Write in afs_wake_up_async_call
       2  KASAN: use-after-free Write in afs_wake_up_async_call
       2  KASAN: use-after-free Write in afs_wake_up_async_call
       2  KASAN: use-after-free Write in afs_wake_up_async_call
       2  KASAN: use-after-free Write in afs_wake_up_async_call
       3  KASAN: use-after-free Write in afs_wake_up_async_call
       3  KASAN: use-after-free Write in afs_wake_up_async_call
       3  KASAN: use-after-free Write in afs_wake_up_async_call
       3  KASAN: use-after-free Write in afs_wake_up_async_call
       3  KASAN: use-after-free Write in afs_wake_up_async_call
       3  KASAN: use-after-free Write in afs_wake_up_async_call
       4  KASAN: use-after-free Write in afs_wake_up_async_call
       4  KASAN: use-after-free Write in afs_wake_up_async_call
       4  KASAN: use-after-free Write in afs_wake_up_async_call
       4  KASAN: use-after-free Write in afs_wake_up_async_call
       5  KASAN: use-after-free Write in afs_wake_up_async_call
       5  KASAN: use-after-free Write in afs_wake_up_async_call
       5  KASAN: use-after-free Write in afs_wake_up_async_call
       5  KASAN: use-after-free Write in afs_wake_up_async_call
       6  KASAN: use-after-free Write in afs_wake_up_async_call
       6  KASAN: use-after-free Write in afs_wake_up_async_call
       6  KASAN: use-after-free Write in afs_wake_up_async_call
       6  KASAN: use-after-free Write in afs_wake_up_async_call
       7  KASAN: use-after-free Write in afs_wake_up_async_call
       7  KASAN: use-after-free Write in afs_wake_up_async_call
       7  KASAN: use-after-free Write in afs_wake_up_async_call
       7  KASAN: use-after-free Write in afs_wake_up_async_call
       8  KASAN: use-after-free Write in afs_wake_up_async_call
       8  KASAN: use-after-free Write in afs_wake_up_async_call
       9  KASAN: use-after-free Write in afs_wake_up_async_call
       9  KASAN: use-after-free Write in afs_wake_up_async_call
       9  KASAN: use-after-free Write in afs_wake_up_async_call
       9  KASAN: use-after-free Write in afs_wake_up_async_call
       9  KASAN: use-after-free Write in afs_wake_up_async_call
       9  KASAN: use-after-free Write in afs_wake_up_async_call
      10  KASAN: use-after-free Write in afs_wake_up_async_call
      10  KASAN: use-after-free Write in afs_wake_up_async_call
      10  KASAN: use-after-free Write in afs_wake_up_async_call
      10  KASAN: use-after-free Write in afs_wake_up_async_call
The bug was not found.

2023-06-13 21:46:48
Session:   6
Template:  2020-06-23 - 39240c9e937ac9b29eb0c378d75d9fb405c58f27
Syzkaller: 2020-06-23 - 39240c9e937ac9b29eb0c378d75d9fb405c58f27
Kernel:    2020-06-23 - 26e122e97a3d0390ebec389347f64f3730fdf48f
Compiler:  gcc-10.1.0-syz
Attempt 1:
    Time  Bug Name
       1  KASAN: use-after-free Write in afs_wake_up_async_call
       2  KASAN: use-after-free Write in afs_wake_up_async_call
       2  KASAN: use-after-free Write in afs_wake_up_async_call
       2  KASAN: use-after-free Write in afs_wake_up_async_call
       2  KASAN: use-after-free Write in afs_wake_up_async_call
       3  KASAN: use-after-free Write in afs_wake_up_async_call
       3  KASAN: use-after-free Write in afs_wake_up_async_call
       3  KASAN: use-after-free Write in afs_wake_up_async_call
       4  KASAN: use-after-free Write in afs_wake_up_async_call
       4  KASAN: use-after-free Write in afs_wake_up_async_call
       4  KASAN: use-after-free Write in afs_wake_up_async_call
       4  KASAN: use-after-free Write in afs_wake_up_async_call
       5  KASAN: use-after-free Write in afs_wake_up_async_call
       5  KASAN: use-after-free Write in afs_wake_up_async_call
       5  KASAN: use-after-free Write in afs_wake_up_async_call
       5  KASAN: use-after-free Write in afs_wake_up_async_call
       6  KASAN: use-after-free Write in afs_wake_up_async_call
       6  KASAN: use-after-free Write in afs_wake_up_async_call
       6  KASAN: use-after-free Write in afs_wake_up_async_call
       6  KASAN: use-after-free Write in afs_wake_up_async_call
       7  KASAN: use-after-free Write in afs_wake_up_async_call
       7  KASAN: use-after-free Write in afs_wake_up_async_call
       7  KASAN: use-after-free Write in afs_wake_up_async_call
       7  KASAN: use-after-free Write in afs_wake_up_async_call
       8  KASAN: use-after-free Write in afs_wake_up_async_call
       8  KASAN: use-after-free Write in afs_wake_up_async_call
       8  KASAN: use-after-free Write in afs_wake_up_async_call
       8  KASAN: use-after-free Write in afs_wake_up_async_call
       8  KASAN: use-after-free Write in afs_wake_up_async_call
       9  KASAN: use-after-free Write in afs_wake_up_async_call
       9  KASAN: use-after-free Write in afs_wake_up_async_call
       9  KASAN: use-after-free Write in afs_wake_up_async_call
       9  KASAN: use-after-free Write in afs_wake_up_async_call
      10  KASAN: use-after-free Write in afs_wake_up_async_call
      10  KASAN: use-after-free Write in afs_wake_up_async_call
      10  KASAN: use-after-free Write in afs_wake_up_async_call
      10  KASAN: use-after-free Write in afs_wake_up_async_call
Attempt 2:
    Time  Bug Name
       2  KASAN: use-after-free Write in afs_wake_up_async_call
       2  KASAN: use-after-free Write in afs_wake_up_async_call
       2  KASAN: use-after-free Write in afs_wake_up_async_call
       2  KASAN: use-after-free Write in afs_wake_up_async_call
       2  KASAN: use-after-free Write in afs_wake_up_async_call
       3  KASAN: use-after-free Write in afs_wake_up_async_call
       3  KASAN: use-after-free Write in afs_wake_up_async_call
       3  KASAN: use-after-free Write in afs_wake_up_async_call
       3  KASAN: use-after-free Write in afs_wake_up_async_call
       4  KASAN: use-after-free Write in afs_wake_up_async_call
       4  KASAN: use-after-free Write in afs_wake_up_async_call
       4  KASAN: use-after-free Write in afs_wake_up_async_call
       4  KASAN: use-after-free Write in afs_wake_up_async_call
       5  KASAN: use-after-free Write in afs_wake_up_async_call
       5  KASAN: use-after-free Write in afs_wake_up_async_call
       5  KASAN: use-after-free Write in afs_wake_up_async_call
       5  KASAN: use-after-free Write in afs_wake_up_async_call
       6  KASAN: use-after-free Write in afs_wake_up_async_call
       6  KASAN: use-after-free Write in afs_wake_up_async_call
       6  KASAN: use-after-free Write in afs_wake_up_async_call
       6  KASAN: use-after-free Write in afs_wake_up_async_call
       6  KASAN: use-after-free Write in afs_wake_up_async_call
       7  KASAN: use-after-free Write in afs_wake_up_async_call
       7  KASAN: use-after-free Write in afs_wake_up_async_call
       7  KASAN: use-after-free Write in afs_wake_up_async_call
       7  KASAN: use-after-free in afs_wake_up_async_call
       8  KASAN: use-after-free Write in afs_wake_up_async_call
       8  KASAN: use-after-free Write in afs_wake_up_async_call
       8  KASAN: use-after-free Write in afs_wake_up_async_call
       8  KASAN: use-after-free Write in afs_wake_up_async_call
       9  KASAN: use-after-free Write in afs_wake_up_async_call
       9  KASAN: use-after-free Write in afs_wake_up_async_call
       9  KASAN: use-after-free Write in afs_wake_up_async_call
       9  KASAN: use-after-free Write in afs_wake_up_async_call
      10  KASAN: use-after-free Write in afs_wake_up_async_call
      10  KASAN: use-after-free Write in afs_wake_up_async_call
      10  KASAN: use-after-free Write in afs_wake_up_async_call
      10  KASAN: use-after-free Write in afs_wake_up_async_call
Attempt 3:
    Time  Bug Name
       1  KASAN: use-after-free Write in afs_wake_up_async_call
       2  KASAN: use-after-free Write in afs_wake_up_async_call
       2  KASAN: use-after-free Write in afs_wake_up_async_call
       2  KASAN: use-after-free Write in afs_wake_up_async_call
       3  KASAN: use-after-free Write in afs_wake_up_async_call
       3  KASAN: use-after-free Write in afs_wake_up_async_call
       3  KASAN: use-after-free Write in afs_wake_up_async_call
       3  KASAN: use-after-free Write in afs_wake_up_async_call
       4  KASAN: use-after-free Write in afs_wake_up_async_call
       4  KASAN: use-after-free Write in afs_wake_up_async_call
       4  KASAN: use-after-free Write in afs_wake_up_async_call
       4  KASAN: use-after-free Write in afs_wake_up_async_call
       5  KASAN: use-after-free Write in afs_wake_up_async_call
       5  KASAN: use-after-free Write in afs_wake_up_async_call
       5  KASAN: use-after-free Write in afs_wake_up_async_call
       5  KASAN: use-after-free Write in afs_wake_up_async_call
       6  KASAN: use-after-free Write in afs_wake_up_async_call
       6  KASAN: use-after-free Write in afs_wake_up_async_call
       6  KASAN: use-after-free Write in afs_wake_up_async_call
       6  KASAN: use-after-free Write in afs_wake_up_async_call
       6  KASAN: use-after-free Write in afs_wake_up_async_call
       7  KASAN: use-after-free Write in afs_wake_up_async_call
       7  KASAN: use-after-free Write in afs_wake_up_async_call
       7  KASAN: use-after-free Write in afs_wake_up_async_call
       7  KASAN: use-after-free Write in afs_wake_up_async_call
       7  KASAN: use-after-free Write in afs_wake_up_async_call
       8  KASAN: use-after-free Write in afs_wake_up_async_call
       8  KASAN: use-after-free Write in afs_wake_up_async_call
       8  KASAN: use-after-free Write in afs_wake_up_async_call
       8  KASAN: use-after-free Write in afs_wake_up_async_call
       9  KASAN: use-after-free Write in afs_wake_up_async_call
       9  KASAN: use-after-free Write in afs_wake_up_async_call
       9  KASAN: use-after-free Write in afs_wake_up_async_call
       9  KASAN: use-after-free Write in afs_wake_up_async_call
      10  KASAN: use-after-free Write in afs_wake_up_async_call
      10  KASAN: use-after-free Write in afs_wake_up_async_call
      10  KASAN: use-after-free Write in afs_wake_up_async_call
      10  KASAN: use-after-free Write in afs_wake_up_async_call
The bug was not found.

==== Kernel Retrospection ====
10 Linux commits in [2020-06-23, 2020-06-26].

2023-06-13 22:30:36
Session:   7
Template:  2020-06-25 - aea82c003a1826ebd9bf53194bb40fe911f9c23e
Syzkaller: 2020-06-25 - aea82c003a1826ebd9bf53194bb40fe911f9c23e
Kernel:    2020-06-25 - a4d3712b510534ef2ab5b15429aa94283c233a31
Compiler:  gcc-10.1.0-syz
Attempt 1:
    Time  Bug Name
       2  KASAN: use-after-free Write in afs_wake_up_async_call
       2  KASAN: use-after-free Write in afs_wake_up_async_call
       2  KASAN: use-after-free Write in afs_wake_up_async_call
       2  KASAN: use-after-free Write in afs_wake_up_async_call
       3  KASAN: use-after-free Write in afs_wake_up_async_call
       3  KASAN: use-after-free Write in afs_wake_up_async_call
       3  KASAN: use-after-free Write in afs_wake_up_async_call
       3  KASAN: use-after-free Write in afs_wake_up_async_call
       4  KASAN: use-after-free Write in afs_wake_up_async_call
       4  KASAN: use-after-free Write in afs_wake_up_async_call
       4  KASAN: use-after-free Write in afs_wake_up_async_call
       4  KASAN: use-after-free Write in afs_wake_up_async_call
       5  KASAN: use-after-free Write in afs_wake_up_async_call
       5  KASAN: use-after-free Write in afs_wake_up_async_call
       5  KASAN: use-after-free Write in afs_wake_up_async_call
       5  KASAN: use-after-free Write in afs_wake_up_async_call
       5  KASAN: use-after-free Write in afs_wake_up_async_call
       6  KASAN: use-after-free Write in afs_wake_up_async_call
       6  KASAN: use-after-free Write in afs_wake_up_async_call
       6  KASAN: use-after-free Write in afs_wake_up_async_call
       6  KASAN: use-after-free Write in afs_wake_up_async_call
       7  KASAN: use-after-free Write in afs_wake_up_async_call
       7  KASAN: use-after-free Write in afs_wake_up_async_call
       7  KASAN: use-after-free Write in afs_wake_up_async_call
       7  KASAN: use-after-free Write in afs_wake_up_async_call
       8  KASAN: use-after-free Write in afs_wake_up_async_call
       8  KASAN: use-after-free Write in afs_wake_up_async_call
       8  KASAN: use-after-free Write in afs_wake_up_async_call
       8  KASAN: use-after-free Write in afs_wake_up_async_call
       9  KASAN: use-after-free Write in afs_wake_up_async_call
       9  KASAN: use-after-free Write in afs_wake_up_async_call
       9  KASAN: use-after-free Write in afs_wake_up_async_call
       9  KASAN: use-after-free Write in afs_wake_up_async_call
      10  KASAN: use-after-free Write in afs_wake_up_async_call
      10  KASAN: use-after-free Write in afs_wake_up_async_call
      10  KASAN: use-after-free Write in afs_wake_up_async_call
      10  KASAN: use-after-free in afs_wake_up_async_call
Attempt 2:
    Time  Bug Name
       2  KASAN: use-after-free Write in afs_wake_up_async_call
       2  KASAN: use-after-free Write in afs_wake_up_async_call
       2  KASAN: use-after-free Write in afs_wake_up_async_call
       2  KASAN: use-after-free Write in afs_wake_up_async_call
       3  KASAN: use-after-free Write in afs_wake_up_async_call
       3  KASAN: use-after-free Write in afs_wake_up_async_call
       3  KASAN: use-after-free Write in afs_wake_up_async_call
       3  KASAN: use-after-free Write in afs_wake_up_async_call
       4  KASAN: use-after-free Write in afs_wake_up_async_call
       4  KASAN: use-after-free Write in afs_wake_up_async_call
       4  KASAN: use-after-free Write in afs_wake_up_async_call
       4  KASAN: use-after-free Write in afs_wake_up_async_call
       5  KASAN: use-after-free Write in afs_wake_up_async_call
       5  KASAN: use-after-free Write in afs_wake_up_async_call
       5  KASAN: use-after-free Write in afs_wake_up_async_call
       5  KASAN: use-after-free Write in afs_wake_up_async_call
       6  KASAN: use-after-free Write in afs_wake_up_async_call
       6  KASAN: use-after-free Write in afs_wake_up_async_call
       6  KASAN: use-after-free Write in afs_wake_up_async_call
       6  KASAN: use-after-free Write in afs_wake_up_async_call
       6  KASAN: use-after-free Write in afs_wake_up_async_call
       7  KASAN: use-after-free Write in afs_wake_up_async_call
       7  KASAN: use-after-free Write in afs_wake_up_async_call
       7  KASAN: use-after-free Write in afs_wake_up_async_call
       8  KASAN: use-after-free Write in afs_wake_up_async_call
       8  KASAN: use-after-free Write in afs_wake_up_async_call
       8  KASAN: use-after-free Write in afs_wake_up_async_call
       8  KASAN: use-after-free Write in afs_wake_up_async_call
       9  KASAN: use-after-free Write in afs_wake_up_async_call
       9  KASAN: use-after-free Write in afs_wake_up_async_call
       9  KASAN: use-after-free Write in afs_wake_up_async_call
       9  KASAN: use-after-free Write in afs_wake_up_async_call
      10  KASAN: use-after-free Write in afs_wake_up_async_call
      10  KASAN: use-after-free Write in afs_wake_up_async_call
      10  KASAN: use-after-free Write in afs_wake_up_async_call
      10  KASAN: use-after-free Write in afs_wake_up_async_call
Attempt 3:
    Time  Bug Name
       1  KASAN: use-after-free Write in afs_wake_up_async_call
       2  KASAN: use-after-free Write in afs_wake_up_async_call
       2  KASAN: use-after-free Write in afs_wake_up_async_call
       2  KASAN: use-after-free Write in afs_wake_up_async_call
       3  KASAN: use-after-free Write in afs_wake_up_async_call
       3  KASAN: use-after-free Write in afs_wake_up_async_call
       3  KASAN: use-after-free Write in afs_wake_up_async_call
       3  KASAN: use-after-free Write in afs_wake_up_async_call
       4  KASAN: use-after-free Write in afs_wake_up_async_call
       4  KASAN: use-after-free Write in afs_wake_up_async_call
       4  KASAN: use-after-free Write in afs_wake_up_async_call
       4  KASAN: use-after-free Write in afs_wake_up_async_call
       4  KASAN: use-after-free Write in afs_wake_up_async_call
       5  KASAN: use-after-free Write in afs_wake_up_async_call
       5  KASAN: use-after-free Write in afs_wake_up_async_call
       5  KASAN: use-after-free Write in afs_wake_up_async_call
       5  KASAN: use-after-free Write in afs_wake_up_async_call
       6  KASAN: use-after-free Write in afs_wake_up_async_call
       6  KASAN: use-after-free Write in afs_wake_up_async_call
       6  KASAN: use-after-free Write in afs_wake_up_async_call
       6  KASAN: use-after-free Write in afs_wake_up_async_call
       7  KASAN: use-after-free Write in afs_wake_up_async_call
       7  KASAN: use-after-free Write in afs_wake_up_async_call
       7  KASAN: use-after-free Write in afs_wake_up_async_call
       7  KASAN: use-after-free Write in afs_wake_up_async_call
       7  KASAN: use-after-free Write in afs_wake_up_async_call
       8  KASAN: use-after-free Write in afs_wake_up_async_call
       8  KASAN: use-after-free Write in afs_wake_up_async_call
       8  KASAN: use-after-free Write in afs_wake_up_async_call
       8  KASAN: use-after-free Write in afs_wake_up_async_call
       9  KASAN: use-after-free Write in afs_wake_up_async_call
       9  KASAN: use-after-free Write in afs_wake_up_async_call
       9  KASAN: use-after-free Write in afs_wake_up_async_call
       9  KASAN: use-after-free Write in afs_wake_up_async_call
       9  KASAN: use-after-free Write in afs_wake_up_async_call
      10  KASAN: use-after-free Write in afs_wake_up_async_call
      10  KASAN: use-after-free Write in afs_wake_up_async_call
      10  KASAN: use-after-free Write in afs_wake_up_async_call
      10  KASAN: use-after-free Write in afs_wake_up_async_call
The bug was not found.

2023-06-13 23:14:59
Session:   8
Template:  2020-06-25 - aea82c003a1826ebd9bf53194bb40fe911f9c23e
Syzkaller: 2020-06-25 - aea82c003a1826ebd9bf53194bb40fe911f9c23e
Kernel:    2020-06-25 - 52366a107bf0600cf366f5ff3ea1f147b285e41f
Compiler:  gcc-10.1.0-syz
Attempt 1:
    Time  Bug Name
       2  KASAN: use-after-free Write in afs_wake_up_async_call
       2  KASAN: use-after-free Write in afs_wake_up_async_call
       2  KASAN: use-after-free Write in afs_wake_up_async_call
       2  KASAN: use-after-free Write in afs_wake_up_async_call
       2  KASAN: use-after-free Write in afs_wake_up_async_call
       3  KASAN: use-after-free Write in afs_wake_up_async_call
       3  KASAN: use-after-free Write in afs_wake_up_async_call
       3  KASAN: use-after-free Write in afs_wake_up_async_call
       4  KASAN: use-after-free Write in afs_wake_up_async_call
       4  KASAN: use-after-free Write in afs_wake_up_async_call
       4  KASAN: use-after-free Write in afs_wake_up_async_call
       4  KASAN: use-after-free Write in afs_wake_up_async_call
       5  KASAN: use-after-free Write in afs_wake_up_async_call
       5  KASAN: use-after-free Write in afs_wake_up_async_call
       5  KASAN: use-after-free Write in afs_wake_up_async_call
       5  KASAN: use-after-free Write in afs_wake_up_async_call
       5  KASAN: use-after-free Write in afs_wake_up_async_call
       6  KASAN: use-after-free Write in afs_wake_up_async_call
       6  KASAN: use-after-free Write in afs_wake_up_async_call
       6  KASAN: use-after-free Write in afs_wake_up_async_call
       6  KASAN: use-after-free Write in afs_wake_up_async_call
       7  KASAN: use-after-free Write in afs_wake_up_async_call
       7  KASAN: use-after-free Write in afs_wake_up_async_call
       7  KASAN: use-after-free Write in afs_wake_up_async_call
       7  KASAN: use-after-free Write in afs_wake_up_async_call
       8  KASAN: use-after-free Write in afs_wake_up_async_call
       8  KASAN: use-after-free Write in afs_wake_up_async_call
       8  KASAN: use-after-free Write in afs_wake_up_async_call
       8  KASAN: use-after-free Write in afs_wake_up_async_call
       8  KASAN: use-after-free Write in afs_wake_up_async_call
       9  KASAN: use-after-free Write in afs_wake_up_async_call
       9  KASAN: use-after-free Write in afs_wake_up_async_call
       9  KASAN: use-after-free Write in afs_wake_up_async_call
       9  KASAN: use-after-free Write in afs_wake_up_async_call
       9  KASAN: use-after-free Write in afs_wake_up_async_call
      10  KASAN: use-after-free Write in afs_wake_up_async_call
      10  KASAN: use-after-free Write in afs_wake_up_async_call
      10  KASAN: use-after-free Write in afs_wake_up_async_call
      10  KASAN: use-after-free Write in afs_wake_up_async_call
Attempt 2:
    Time  Bug Name
       2  KASAN: use-after-free Write in afs_wake_up_async_call
       2  KASAN: use-after-free Write in afs_wake_up_async_call
       2  KASAN: use-after-free Write in afs_wake_up_async_call
       2  KASAN: use-after-free Write in afs_wake_up_async_call
       2  KASAN: use-after-free Write in afs_wake_up_async_call
       3  KASAN: use-after-free Write in afs_wake_up_async_call
       3  KASAN: use-after-free Write in afs_wake_up_async_call
       3  KASAN: use-after-free Write in afs_wake_up_async_call
       3  KASAN: use-after-free Write in afs_wake_up_async_call
       4  KASAN: use-after-free Write in afs_wake_up_async_call
       4  KASAN: use-after-free Write in afs_wake_up_async_call
       4  KASAN: use-after-free Write in afs_wake_up_async_call
       5  KASAN: use-after-free Write in afs_wake_up_async_call
       5  KASAN: use-after-free Write in afs_wake_up_async_call
       5  KASAN: use-after-free Write in afs_wake_up_async_call
       5  KASAN: use-after-free Write in afs_wake_up_async_call
       6  KASAN: use-after-free Write in afs_wake_up_async_call
       6  KASAN: use-after-free Write in afs_wake_up_async_call
       6  KASAN: use-after-free Write in afs_wake_up_async_call
       6  KASAN: use-after-free Write in afs_wake_up_async_call
       7  KASAN: use-after-free Write in afs_wake_up_async_call
       7  KASAN: use-after-free Write in afs_wake_up_async_call
       7  KASAN: use-after-free Write in afs_wake_up_async_call
       7  KASAN: use-after-free Write in afs_wake_up_async_call
       8  KASAN: use-after-free Write in afs_wake_up_async_call
       8  KASAN: use-after-free Write in afs_wake_up_async_call
       8  KASAN: use-after-free Write in afs_wake_up_async_call
       9  KASAN: use-after-free Write in afs_wake_up_async_call
       9  KASAN: use-after-free Write in afs_wake_up_async_call
       9  KASAN: use-after-free Write in afs_wake_up_async_call
       9  KASAN: use-after-free Write in afs_wake_up_async_call
       9  KASAN: use-after-free Write in afs_wake_up_async_call
      10  KASAN: use-after-free Write in afs_wake_up_async_call
      10  KASAN: use-after-free Write in afs_wake_up_async_call
      10  KASAN: use-after-free Write in afs_wake_up_async_call
      10  KASAN: use-after-free Write in afs_wake_up_async_call
Attempt 3:
    Time  Bug Name
       1  KASAN: use-after-free Write in afs_wake_up_async_call
       2  KASAN: use-after-free Write in afs_wake_up_async_call
       2  KASAN: use-after-free Write in afs_wake_up_async_call
       2  KASAN: use-after-free Write in afs_wake_up_async_call
       2  KASAN: use-after-free Write in afs_wake_up_async_call
       3  KASAN: use-after-free Write in afs_wake_up_async_call
       3  KASAN: use-after-free Write in afs_wake_up_async_call
       3  KASAN: use-after-free Write in afs_wake_up_async_call
       3  KASAN: use-after-free Write in afs_wake_up_async_call
       3  KASAN: use-after-free Write in afs_wake_up_async_call
       4  KASAN: use-after-free Write in afs_wake_up_async_call
       4  KASAN: use-after-free Write in afs_wake_up_async_call
       4  KASAN: use-after-free Write in afs_wake_up_async_call
       4  KASAN: use-after-free Write in afs_wake_up_async_call
       5  KASAN: use-after-free Write in afs_wake_up_async_call
       5  KASAN: use-after-free Write in afs_wake_up_async_call
       5  KASAN: use-after-free Write in afs_wake_up_async_call
       5  KASAN: use-after-free Write in afs_wake_up_async_call
       5  KASAN: use-after-free Write in afs_wake_up_async_call
       6  KASAN: use-after-free Write in afs_wake_up_async_call
       6  KASAN: use-after-free Write in afs_wake_up_async_call
       6  KASAN: use-after-free Write in afs_wake_up_async_call
       6  KASAN: use-after-free Write in afs_wake_up_async_call
       7  KASAN: use-after-free Write in afs_wake_up_async_call
       7  KASAN: use-after-free Write in afs_wake_up_async_call
       7  KASAN: use-after-free Write in afs_wake_up_async_call
       7  KASAN: use-after-free Write in afs_wake_up_async_call
       8  KASAN: use-after-free Write in afs_wake_up_async_call
       8  KASAN: use-after-free Write in afs_wake_up_async_call
       8  KASAN: use-after-free Write in afs_wake_up_async_call
       8  KASAN: use-after-free Write in afs_wake_up_async_call
       9  KASAN: use-after-free Write in afs_wake_up_async_call
       9  KASAN: use-after-free Write in afs_wake_up_async_call
       9  KASAN: use-after-free Write in afs_wake_up_async_call
       9  KASAN: use-after-free Write in afs_wake_up_async_call
      10  KASAN: use-after-free Write in afs_wake_up_async_call
      10  KASAN: use-after-free Write in afs_wake_up_async_call
      10  KASAN: use-after-free Write in afs_wake_up_async_call
      10  KASAN: use-after-free Write in afs_wake_up_async_call
The bug was not found.

2023-06-14 00:00:16
Session:   9
Template:  2020-06-26 - ffec44b5d1e024359410f6ba8d5e965973ede8f5
Syzkaller: 2020-06-26 - ffec44b5d1e024359410f6ba8d5e965973ede8f5
Kernel:    2020-06-26 - 4a21185cda0fbb860580eeeb4f1a70a9cda332a4
The bug was found in a previous identical fuzzing session.

2023-06-14 00:00:16
Session:   10
Template:  2020-06-25 - aea82c003a1826ebd9bf53194bb40fe911f9c23e
Syzkaller: 2020-06-25 - aea82c003a1826ebd9bf53194bb40fe911f9c23e
Kernel:    2020-06-25 - 42e9c85f5c7296c4ec02644a2b3debc7120e2bf4
Compiler:  gcc-10.1.0-syz
Attempt 1:
    Time  Bug Name
       1  KASAN: use-after-free Write in afs_wake_up_async_call
       2  KASAN: use-after-free Write in afs_wake_up_async_call
       2  KASAN: use-after-free Write in afs_wake_up_async_call
       2  KASAN: use-after-free Write in afs_wake_up_async_call
       2  KASAN: use-after-free Write in afs_wake_up_async_call
       3  KASAN: use-after-free Write in afs_wake_up_async_call
       3  KASAN: use-after-free Write in afs_wake_up_async_call
       3  KASAN: use-after-free Write in afs_wake_up_async_call
       3  KASAN: use-after-free Write in afs_wake_up_async_call
       4  KASAN: use-after-free Write in afs_wake_up_async_call
       4  KASAN: use-after-free Write in afs_wake_up_async_call
       4  KASAN: use-after-free Write in afs_wake_up_async_call
       4  KASAN: use-after-free Write in afs_wake_up_async_call
       5  KASAN: use-after-free Write in afs_wake_up_async_call
       5  KASAN: use-after-free Write in afs_wake_up_async_call
       5  KASAN: use-after-free Write in afs_wake_up_async_call
       5  KASAN: use-after-free Write in afs_wake_up_async_call
       6  KASAN: use-after-free Write in afs_wake_up_async_call
       6  KASAN: use-after-free Write in afs_wake_up_async_call
       6  KASAN: use-after-free Write in afs_wake_up_async_call
       6  KASAN: use-after-free Write in afs_wake_up_async_call
       7  KASAN: use-after-free Write in afs_wake_up_async_call
       7  KASAN: use-after-free Write in afs_wake_up_async_call
       7  KASAN: use-after-free Write in afs_wake_up_async_call
       7  KASAN: use-after-free Write in afs_wake_up_async_call
       8  KASAN: use-after-free Write in afs_wake_up_async_call
       8  KASAN: use-after-free Write in afs_wake_up_async_call
       8  KASAN: use-after-free Write in afs_wake_up_async_call
       8  KASAN: use-after-free Write in afs_wake_up_async_call
       9  KASAN: use-after-free Write in afs_wake_up_async_call
       9  KASAN: use-after-free Write in afs_wake_up_async_call
       9  KASAN: use-after-free Write in afs_wake_up_async_call
       9  KASAN: use-after-free Write in afs_wake_up_async_call
       9  KASAN: use-after-free Write in afs_wake_up_async_call
      10  KASAN: use-after-free Write in afs_wake_up_async_call
      10  KASAN: use-after-free Write in afs_wake_up_async_call
      10  KASAN: use-after-free Write in afs_wake_up_async_call
Attempt 2:
    Time  Bug Name
       2  KASAN: use-after-free Write in afs_wake_up_async_call
       2  KASAN: use-after-free Write in afs_wake_up_async_call
       2  KASAN: use-after-free Write in afs_wake_up_async_call
       2  KASAN: use-after-free Write in afs_wake_up_async_call
       3  KASAN: use-after-free Write in afs_wake_up_async_call
       3  KASAN: use-after-free Write in afs_wake_up_async_call
       3  KASAN: use-after-free Write in afs_wake_up_async_call
       3  KASAN: use-after-free Write in afs_wake_up_async_call
       4  KASAN: use-after-free Write in afs_wake_up_async_call
       4  KASAN: use-after-free Write in afs_wake_up_async_call
       4  KASAN: use-after-free Write in afs_wake_up_async_call
       4  KASAN: use-after-free Write in afs_wake_up_async_call
       5  KASAN: use-after-free Write in afs_wake_up_async_call
       5  KASAN: use-after-free Write in afs_wake_up_async_call
       5  KASAN: use-after-free Write in afs_wake_up_async_call
       6  KASAN: use-after-free Write in afs_wake_up_async_call
       6  KASAN: use-after-free Write in afs_wake_up_async_call
       6  KASAN: use-after-free Write in afs_wake_up_async_call
       6  KASAN: use-after-free Write in afs_wake_up_async_call
       7  KASAN: use-after-free Write in afs_wake_up_async_call
       7  KASAN: use-after-free Write in afs_wake_up_async_call
       7  KASAN: use-after-free Write in afs_wake_up_async_call
       7  KASAN: use-after-free Write in afs_wake_up_async_call
       8  KASAN: use-after-free Write in afs_wake_up_async_call
       8  KASAN: use-after-free Write in afs_wake_up_async_call
       8  KASAN: use-after-free Write in afs_wake_up_async_call
       8  KASAN: use-after-free Write in afs_wake_up_async_call
       8  KASAN: use-after-free Write in afs_wake_up_async_call
       9  KASAN: use-after-free Write in afs_wake_up_async_call
       9  KASAN: use-after-free Write in afs_wake_up_async_call
       9  KASAN: use-after-free Write in afs_wake_up_async_call
       9  KASAN: use-after-free Write in afs_wake_up_async_call
      10  KASAN: use-after-free Write in afs_wake_up_async_call
      10  KASAN: use-after-free Write in afs_wake_up_async_call
      10  KASAN: use-after-free Write in afs_wake_up_async_call
      10  KASAN: use-after-free Write in afs_wake_up_async_call
Attempt 3:
    Time  Bug Name
       2  KASAN: use-after-free Write in afs_wake_up_async_call
       2  KASAN: use-after-free Write in afs_wake_up_async_call
       2  KASAN: use-after-free Write in afs_wake_up_async_call
       2  KASAN: use-after-free Write in afs_wake_up_async_call
       2  KASAN: use-after-free Write in afs_wake_up_async_call
       3  KASAN: use-after-free Write in afs_wake_up_async_call
       3  KASAN: use-after-free Write in afs_wake_up_async_call
       3  KASAN: use-after-free Write in afs_wake_up_async_call
       3  KASAN: use-after-free Write in afs_wake_up_async_call
       4  KASAN: use-after-free Write in afs_wake_up_async_call
       4  KASAN: use-after-free Write in afs_wake_up_async_call
       4  KASAN: use-after-free Write in afs_wake_up_async_call
       4  KASAN: use-after-free Write in afs_wake_up_async_call
       5  KASAN: use-after-free Write in afs_wake_up_async_call
       5  KASAN: use-after-free Write in afs_wake_up_async_call
       5  KASAN: use-after-free Write in afs_wake_up_async_call
       5  KASAN: use-after-free Write in afs_wake_up_async_call
       5  KASAN: use-after-free Write in afs_wake_up_async_call
       6  KASAN: use-after-free Write in afs_wake_up_async_call
       6  KASAN: use-after-free Write in afs_wake_up_async_call
       6  KASAN: use-after-free Write in afs_wake_up_async_call
       6  KASAN: use-after-free Write in afs_wake_up_async_call
       7  KASAN: use-after-free Write in afs_wake_up_async_call
       7  KASAN: use-after-free Write in afs_wake_up_async_call
       7  KASAN: use-after-free Write in afs_wake_up_async_call
       7  KASAN: use-after-free Write in afs_wake_up_async_call
       8  KASAN: use-after-free Write in afs_wake_up_async_call
       8  KASAN: use-after-free Write in afs_wake_up_async_call
       8  KASAN: use-after-free Write in afs_wake_up_async_call
       8  KASAN: use-after-free Write in afs_wake_up_async_call
       8  KASAN: use-after-free Write in afs_wake_up_async_call
       9  KASAN: use-after-free Write in afs_wake_up_async_call
       9  KASAN: use-after-free Write in afs_wake_up_async_call
       9  KASAN: use-after-free Write in afs_wake_up_async_call
       9  KASAN: use-after-free Write in afs_wake_up_async_call
       9  KASAN: use-after-free Write in afs_wake_up_async_call
      10  KASAN: use-after-free Write in afs_wake_up_async_call
      10  KASAN: use-after-free Write in afs_wake_up_async_call
      10  KASAN: use-after-free Write in afs_wake_up_async_call
      10  KASAN: use-after-free Write in afs_wake_up_async_call
The bug was not found.

== Confirming the bisected commit ==

2023-06-14 00:46:30
Session:   11
Template:  2020-06-26 - ffec44b5d1e024359410f6ba8d5e965973ede8f5
Syzkaller: 2020-06-26 - ffec44b5d1e024359410f6ba8d5e965973ede8f5
Kernel:    2020-06-26 - 4a21185cda0fbb860580eeeb4f1a70a9cda332a4
The bug was found in a previous identical fuzzing session.

2023-06-14 00:46:30
Session:   12
Template:  2020-06-26 - ffec44b5d1e024359410f6ba8d5e965973ede8f5
Syzkaller: 2020-06-26 - ffec44b5d1e024359410f6ba8d5e965973ede8f5
Kernel:    2020-06-25 - 42e9c85f5c7296c4ec02644a2b3debc7120e2bf4
Compiler:  gcc-10.1.0-syz
Attempt 1:
    Time  Bug Name
       1  KASAN: use-after-free Write in afs_wake_up_async_call
       2  KASAN: use-after-free Write in afs_wake_up_async_call
       2  KASAN: use-after-free Write in afs_wake_up_async_call
       2  KASAN: use-after-free Write in afs_wake_up_async_call
       2  KASAN: use-after-free Write in afs_wake_up_async_call
       3  KASAN: use-after-free Write in afs_wake_up_async_call
       3  KASAN: use-after-free Write in afs_wake_up_async_call
       3  KASAN: use-after-free Write in afs_wake_up_async_call
       3  KASAN: use-after-free Write in afs_wake_up_async_call
       4  KASAN: use-after-free Write in afs_wake_up_async_call
       4  KASAN: use-after-free Write in afs_wake_up_async_call
       4  KASAN: use-after-free Write in afs_wake_up_async_call
       4  KASAN: use-after-free Write in afs_wake_up_async_call
       4  KASAN: use-after-free Write in afs_wake_up_async_call
       5  KASAN: use-after-free Write in afs_wake_up_async_call
       5  KASAN: use-after-free Write in afs_wake_up_async_call
       5  KASAN: use-after-free Write in afs_wake_up_async_call
       5  KASAN: use-after-free Write in afs_wake_up_async_call
       6  KASAN: use-after-free Write in afs_wake_up_async_call
       6  KASAN: use-after-free Write in afs_wake_up_async_call
       6  KASAN: use-after-free Write in afs_wake_up_async_call
       6  KASAN: use-after-free Write in afs_wake_up_async_call
       6  KASAN: use-after-free Write in afs_wake_up_async_call
       7  KASAN: use-after-free Write in afs_wake_up_async_call
       7  KASAN: use-after-free Write in afs_wake_up_async_call
       7  KASAN: use-after-free Write in afs_wake_up_async_call
       7  KASAN: use-after-free Write in afs_wake_up_async_call
       7  KASAN: use-after-free Write in afs_wake_up_async_call
       8  KASAN: use-after-free Write in afs_wake_up_async_call
       8  KASAN: use-after-free Write in afs_wake_up_async_call
       8  KASAN: use-after-free Write in afs_wake_up_async_call
       8  KASAN: use-after-free Write in afs_wake_up_async_call
       9  KASAN: use-after-free Write in afs_wake_up_async_call
       9  KASAN: use-after-free Write in afs_wake_up_async_call
       9  KASAN: use-after-free Write in afs_wake_up_async_call
       9  KASAN: use-after-free Write in afs_wake_up_async_call
      10  KASAN: use-after-free Write in afs_wake_up_async_call
      10  KASAN: use-after-free Write in afs_wake_up_async_call
      10  KASAN: use-after-free Write in afs_wake_up_async_call
      10  KASAN: use-after-free Write in afs_wake_up_async_call
Attempt 2:
    Time  Bug Name
       1  KASAN: use-after-free Write in afs_wake_up_async_call
       2  KASAN: use-after-free Write in afs_wake_up_async_call
       2  KASAN: use-after-free Write in afs_wake_up_async_call
       2  KASAN: use-after-free Write in afs_wake_up_async_call
       2  KASAN: use-after-free Write in afs_wake_up_async_call
       2  KASAN: use-after-free Write in afs_wake_up_async_call
       3  KASAN: use-after-free Write in afs_wake_up_async_call
       3  KASAN: use-after-free Write in afs_wake_up_async_call
       3  KASAN: use-after-free Write in afs_wake_up_async_call
       3  KASAN: use-after-free Write in afs_wake_up_async_call
       3  KASAN: use-after-free Write in afs_wake_up_async_call
       4  KASAN: use-after-free Write in afs_wake_up_async_call
       4  KASAN: use-after-free Write in afs_wake_up_async_call
       4  KASAN: use-after-free Write in afs_wake_up_async_call
       4  KASAN: use-after-free Write in afs_wake_up_async_call
       5  KASAN: use-after-free Write in afs_wake_up_async_call
       5  KASAN: use-after-free Write in afs_wake_up_async_call
       5  KASAN: use-after-free Write in afs_wake_up_async_call
       5  KASAN: use-after-free Write in afs_wake_up_async_call
       5  KASAN: use-after-free Write in afs_wake_up_async_call
       6  KASAN: use-after-free Write in afs_wake_up_async_call
       6  KASAN: use-after-free Write in afs_wake_up_async_call
       6  KASAN: use-after-free Write in afs_wake_up_async_call
       6  KASAN: use-after-free Write in afs_wake_up_async_call
       7  KASAN: use-after-free Write in afs_wake_up_async_call
       7  KASAN: use-after-free Write in afs_wake_up_async_call
       7  KASAN: use-after-free Write in afs_wake_up_async_call
       7  KASAN: use-after-free Write in afs_wake_up_async_call
       8  KASAN: use-after-free Write in afs_wake_up_async_call
       8  KASAN: use-after-free Write in afs_wake_up_async_call
       8  KASAN: use-after-free Write in afs_wake_up_async_call
       8  KASAN: use-after-free Write in afs_wake_up_async_call
       9  KASAN: use-after-free Write in afs_wake_up_async_call
       9  KASAN: use-after-free Write in afs_wake_up_async_call
       9  KASAN: use-after-free Write in afs_wake_up_async_call
      10  KASAN: use-after-free Write in afs_wake_up_async_call
      10  KASAN: use-after-free Write in afs_wake_up_async_call
      10  KASAN: use-after-free Write in afs_wake_up_async_call
      10  KASAN: use-after-free Write in afs_wake_up_async_call
      10  KASAN: use-after-free Write in afs_wake_up_async_call
Attempt 3:
    Time  Bug Name
       1  KASAN: use-after-free Write in afs_wake_up_async_call
       2  KASAN: use-after-free Write in afs_wake_up_async_call
       2  KASAN: use-after-free Write in afs_wake_up_async_call
       2  KASAN: use-after-free Write in afs_wake_up_async_call
       2  KASAN: use-after-free Write in afs_wake_up_async_call
       3  KASAN: use-after-free Write in afs_wake_up_async_call
       3  KASAN: use-after-free Write in afs_wake_up_async_call
       3  KASAN: use-after-free Write in afs_wake_up_async_call
       3  KASAN: use-after-free Write in afs_wake_up_async_call
       3  KASAN: use-after-free Write in afs_wake_up_async_call
       4  KASAN: use-after-free Write in afs_wake_up_async_call
       4  KASAN: use-after-free Write in afs_wake_up_async_call
       4  KASAN: use-after-free Write in afs_wake_up_async_call
       4  KASAN: use-after-free Write in afs_wake_up_async_call
       4  KASAN: use-after-free Write in afs_wake_up_async_call
       5  KASAN: use-after-free Write in afs_wake_up_async_call
       5  KASAN: use-after-free Write in afs_wake_up_async_call
       5  KASAN: use-after-free Write in afs_wake_up_async_call
       5  KASAN: use-after-free Write in afs_wake_up_async_call
       5  KASAN: use-after-free Write in afs_wake_up_async_call
       6  KASAN: use-after-free Write in afs_wake_up_async_call
       6  KASAN: use-after-free Write in afs_wake_up_async_call
       7  KASAN: use-after-free Write in afs_wake_up_async_call
       7  KASAN: use-after-free Write in afs_wake_up_async_call
       7  KASAN: use-after-free Write in afs_wake_up_async_call
       7  KASAN: use-after-free Write in afs_wake_up_async_call
       7  KASAN: use-after-free Write in afs_wake_up_async_call
       7  KASAN: use-after-free Write in afs_wake_up_async_call
       8  KASAN: use-after-free Write in afs_wake_up_async_call
       8  KASAN: use-after-free Write in afs_wake_up_async_call
       8  KASAN: use-after-free Write in afs_wake_up_async_call
       8  KASAN: use-after-free Write in afs_wake_up_async_call
       9  KASAN: use-after-free Write in afs_wake_up_async_call
       9  KASAN: use-after-free Write in afs_wake_up_async_call
       9  KASAN: use-after-free Write in afs_wake_up_async_call
       9  KASAN: use-after-free Write in afs_wake_up_async_call
      10  KASAN: use-after-free Write in afs_wake_up_async_call
      10  KASAN: use-after-free Write in afs_wake_up_async_call
      10  KASAN: use-after-free Write in afs_wake_up_async_call
      10  KASAN: use-after-free Write in afs_wake_up_async_call
The bug was not found.

====================================================================================================================================================
Revealing Factor:   Kernel Commit
Version:            2020-06-26 - 4a21185cda0fbb860580eeeb4f1a70a9cda332a4
Commit Name:        Merge git://git.kernel.org/pub/scm/linux/kernel/git/netdev/net

Bug Name:           KASAN: use-after-free Read in tipc_nl_node_dump_link
Bug Link:           https://syzkaller.appspot.com/bug?id=4f6ce6f5223c2c8e75c92ce8cb619b227a8b0277
Arch:               amd64
Finding Date:       2020-06-26
Finding Commit:     2020-06-26 - 4a21185cda0fbb860580eeeb4f1a70a9cda332a4
Guilty Merge:       2019-10-06 - d44dc741327906b6eaf9f69c626cfc48d13f7250
Guilty Commit:      2019-10-06 - 75cdbdd089003cd53560ff87b690ae911fa7df8e

Possible Blocking Bugs:
    KASAN: use-after-free Write in afs_wake_up_async_call
