general protection fault in qrtr_endpoint_post,https://syzkaller.appspot.com/bug?id=f56bbe6668873ee245986bbd23312b895fa5a50a
Repository: linux
Arch: amd64
Finding: 2020-06-05 - 7ae77150d94d3b535c7b85e6b3647113095e79bf
Guilty:  2017-10-11 - 194ccc88297ae78d0803adad83c6dcc369787c9e
Duplicate Names:
    general protection fault in qrtr_endpoint_post
    KASAN: slab-out-of-bounds Read in qrtr_endpoint_post
Single Proc Allocation
VMs:8
CPUs:2
Procs:16
Max time:30
Max attempts:3
Testing the finding commit.

2023-06-10 08:43:17
Session:   1
Template:  2020-06-24 - 9d60b18e94847a3e124d344a2255a75fb175c06c
Syzkaller: 2020-06-24 - 9d60b18e94847a3e124d344a2255a75fb175c06c
Kernel:    2020-06-05 - 7ae77150d94d3b535c7b85e6b3647113095e79bf
Compiler:  gcc-10.1.0-syz
Attempt 1:
    Time  Bug Name
***    2  general protection fault in qrtr_endpoint_post
Attempt 2:
    Time  Bug Name
***    2  general protection fault in qrtr_endpoint_post
Attempt 3:
    Time  Bug Name
***    2  general protection fault in qrtr_endpoint_post
The bug was found.

New Max Time: 10.
Merge Commit: 2017-10-11 - c7c64bca62f35351cf033a1dcea05cba522200a2.

==== Template Retrospection ====
24 template changes in [2017-10-11, 2020-06-24].

2023-06-10 09:13:53
Session:   2
Template:  2018-08-14 - 0e6dcb8809ad92abc3828b58e2e383f8d98b03da
Syzkaller: 2018-08-14 - 0e6dcb8809ad92abc3828b58e2e383f8d98b03da
Kernel:    2018-08-14 - 31130a16d459de809cd1c03eabc9567d094aae6a
Compiler:  gcc-8.0.1-20180412
Attempt 1:
    No crashes found.
Attempt 2:
    No crashes found.
Attempt 3:
    No crashes found.
The bug was not found.

2023-06-10 09:57:39
Session:   3
Template:  2019-12-20 - bc5869180f69e2ad6c6b823e129e08a8e523d800
Syzkaller: 2019-12-20 - bc5869180f69e2ad6c6b823e129e08a8e523d800
Kernel:    2019-12-20 - f1fd1610cbb6655883d1838ac79e53301596685d
Compiler:  gcc-9.0.0-20181231
Attempt 1:
    No crashes found.
Attempt 2:
    No crashes found.
Attempt 3:
    No crashes found.
The bug was not found.

2023-06-10 10:46:44
Session:   4
Template:  2020-01-18 - 543c012b4ec683a624e7cffc927ad246e238cc27
Syzkaller: 2020-01-18 - 543c012b4ec683a624e7cffc927ad246e238cc27
Kernel:    2020-01-18 - 244dc2689085d7ff478f7b61841e62e59bea4557
Compiler:  gcc-9.0.0-20181231
Attempt 1:
    No crashes found.
Attempt 2:
    No crashes found.
Attempt 3:
    No crashes found.
The bug was not found.

2023-06-10 11:35:18
Session:   5
Template:  2020-06-23 - 54566aff1679fc74487d3efb9f7bbfbc21beed4b
Syzkaller: 2020-06-23 - 54566aff1679fc74487d3efb9f7bbfbc21beed4b
Kernel:    2020-06-05 - 7ae77150d94d3b535c7b85e6b3647113095e79bf
Compiler:  gcc-10.1.0-syz
Attempt 1:
    Time  Bug Name
***    2  general protection fault in qrtr_endpoint_post
The bug was found.

2023-06-10 11:56:03
Session:   6
Template:  2020-03-17 - 924f7606047a430a9b313c135b782e1e8f852bec
Syzkaller: 2020-03-17 - 924f7606047a430a9b313c135b782e1e8f852bec
Kernel:    2020-03-17 - ac309e7744bee222df6de0122facaf2d9706fa70
Compiler:  gcc-9.0.0-20181231
Attempt 1:
    No crashes found.
Attempt 2:
    No crashes found.
Attempt 3:
    No crashes found.
The bug was not found.

2023-06-10 12:43:37
Session:   7
Template:  2020-03-17 - 924f7606047a430a9b313c135b782e1e8f852bec
Syzkaller: 2020-06-23 - 54566aff1679fc74487d3efb9f7bbfbc21beed4b
Kernel:    2020-06-05 - 7ae77150d94d3b535c7b85e6b3647113095e79bf
Compiler:  gcc-10.1.0-syz
Attempt 1:
    No crashes found.
Attempt 2:
    No crashes found.
Attempt 3:
    No crashes found.
The bug was not found.

====================================================================================================================================================
Revealing Factor:   Template Update
Version:            2020-06-23 - 54566aff1679fc74487d3efb9f7bbfbc21beed4b
Commit Name:        sys/linux: add descriptions for qrtr-tun

Bug Name:           general protection fault in qrtr_endpoint_post
Bug Link:           https://syzkaller.appspot.com/bug?id=f56bbe6668873ee245986bbd23312b895fa5a50a
Arch:               amd64
Finding Date:       2020-06-24
Finding Commit:     2020-06-05 - 7ae77150d94d3b535c7b85e6b3647113095e79bf
Guilty Merge:       2017-10-11 - c7c64bca62f35351cf033a1dcea05cba522200a2
Guilty Commit:      2017-10-11 - 194ccc88297ae78d0803adad83c6dcc369787c9e

Possible Blocking Bugs:
