WARNING in idr_alloc,https://syzkaller.appspot.com/bug?id=ca2299cf11b3e3d3d0f44ac479410a14eecbd326
Repository: linux
Arch: amd64
Finding: 2020-06-05 - 7ae77150d94d3b535c7b85e6b3647113095e79bf
Guilty:  2016-05-08 - bdabad3e363d825ddf9679dd431cca0b2c30f881
No Duplicates
Single Proc Allocation
VMs:8
CPUs:2
Procs:16
Max time:30
Max attempts:3
Testing the finding commit.

2023-06-03 09:45:48
Session:   1
Template:  2020-06-25 - aea82c003a1826ebd9bf53194bb40fe911f9c23e
Syzkaller: 2020-06-25 - aea82c003a1826ebd9bf53194bb40fe911f9c23e
Kernel:    2020-06-05 - 7ae77150d94d3b535c7b85e6b3647113095e79bf
Compiler:  gcc-10.1.0-syz
Attempt 1:
    Time  Bug Name
***    2  WARNING in idr_alloc
Attempt 2:
    Time  Bug Name
***    2  WARNING in idr_alloc
Attempt 3:
    Time  Bug Name
***    3  WARNING in idr_alloc
The bug was found.

New Max Time: 10.
No Merge Commit.

==== Template Retrospection ====
12 template changes in [2017-07-22, 2020-06-25].

2023-06-03 11:53:42
Session:   2
Template:  2019-07-22 - 6a786da97c822c3ad536290c412f472e58342c91
Syzkaller: 2019-07-22 - 6a786da97c822c3ad536290c412f472e58342c91
Kernel:    2019-07-22 - 7b5cf701ea9c395c792e2a7e3b7caf4c68b87721
Compiler:  gcc-9.0.0-20181231
Attempt 1:
    No crashes found.
Attempt 2:
    No crashes found.
Attempt 3:
    No crashes found.
The bug was not found.

2023-06-03 13:30:27
Session:   3
Template:  2020-03-17 - 924f7606047a430a9b313c135b782e1e8f852bec
Syzkaller: 2020-03-17 - 924f7606047a430a9b313c135b782e1e8f852bec
Kernel:    2020-03-17 - ac309e7744bee222df6de0122facaf2d9706fa70
Compiler:  gcc-9.0.0-20181231
Attempt 1:
    No crashes found.
Attempt 2:
    No crashes found.
Attempt 3:
    No crashes found.
The bug was not found.

2023-06-03 14:56:04
Session:   4
Template:  2020-06-23 - 39240c9e937ac9b29eb0c378d75d9fb405c58f27
Syzkaller: 2020-06-23 - 39240c9e937ac9b29eb0c378d75d9fb405c58f27
Kernel:    2020-06-05 - 7ae77150d94d3b535c7b85e6b3647113095e79bf
Compiler:  gcc-10.1.0-syz
Attempt 1:
    Time  Bug Name
***    2  WARNING in idr_alloc
The bug was found.

2023-06-03 15:48:47
Session:   5
Template:  2020-06-23 - 0c8fbbfce1e43634a1c3d71a173e6944e86da76b
Syzkaller: 2020-06-23 - 0c8fbbfce1e43634a1c3d71a173e6944e86da76b
Kernel:    2020-06-05 - 7ae77150d94d3b535c7b85e6b3647113095e79bf
Compiler:  gcc-10.1.0-syz
Attempt 1:
    Time  Bug Name
***    3  WARNING in idr_alloc
The bug was found.

2023-06-03 16:59:24
Session:   6
Template:  2020-03-17 - 924f7606047a430a9b313c135b782e1e8f852bec
Syzkaller: 2020-06-23 - 0c8fbbfce1e43634a1c3d71a173e6944e86da76b
Kernel:    2020-06-05 - 7ae77150d94d3b535c7b85e6b3647113095e79bf
Attempt 1:
    No crashes found.
Attempt 2:
    No crashes found.
Attempt 3:
    No crashes found.
The bug was not found.

====================================================================================================================================================
Revealing Factor:   Template Update
Version:            2020-06-23 - 0c8fbbfce1e43634a1c3d71a173e6944e86da76b
Commit Name:        sys/linux: add descriptions for qrtr socket

Bug Name:           WARNING in idr_alloc
Bug Link:           https://syzkaller.appspot.com/bug?id=ca2299cf11b3e3d3d0f44ac479410a14eecbd326
Arch:               amd64
Finding Date:       2020-06-25
Finding Commit:     2020-06-05 - 7ae77150d94d3b535c7b85e6b3647113095e79bf
Guilty Merge:       None
Guilty Commit:      2016-05-08 - bdabad3e363d825ddf9679dd431cca0b2c30f881

Possible Blocking Bugs:
