KASAN: use-after-free Read in tcindex_dump,https://syzkaller.appspot.com/bug?id=e74a75190f06cfe3df50b663e2202b0035472741
Repository: linux
Arch: amd64
Finding: 2020-03-07 - c20037652700024cffeb6b0f74306ce9b391248f
Guilty:  2019-02-20 - 3d210534cc93dab39a9d1a8d674aa2872c268d38
No Duplicates
Default Allocation.
VMs:4
CPUs:4
Procs:24
Max time:30
Max attempts:3
Testing the finding commit.

2023-06-13 23:10:55
Session:   1
Template:  2020-03-07 - 2e9971bbbfb4df6ba0118353163a7703f3dbd6ec
Syzkaller: 2020-03-07 - 2e9971bbbfb4df6ba0118353163a7703f3dbd6ec
Kernel:    2020-03-07 - c20037652700024cffeb6b0f74306ce9b391248f
Compiler:  gcc-9.0.0-20181231
Attempt 1:
    Time  Bug Name
      26  WARNING: can't dereference registers at ADDR for ip interrupt_entry
Attempt 2:
    No crashes found.
Attempt 3:
    No crashes found.
The bug was not found.

Failure: This bug cannot be found at the finding commit.
