possible deadlock in shmem_uncharge,https://syzkaller.appspot.com/bug?id=02581f45992de8ece5a64d3117290d822e856945
Repository: linux
Arch: amd64
Finding: 2020-04-07 - f5e94d10e4c468357019e5c28d48499f677b284f
Guilty:  2016-07-26 - 4595ef88d136134a9470c955575640f5c96344ed
Duplicate Names:
    possible deadlock in user_shm_lock
    possible deadlock in shmem_uncharge
Default Allocation.
VMs:4
CPUs:4
Procs:24
Max time:30
Max attempts:3
Testing the finding commit.

2023-06-13 14:04:37
Session:   1
Template:  2020-04-07 - db9bcd4b9fd510dc1b4b2b2021180c8432844b9b
Syzkaller: 2020-04-07 - db9bcd4b9fd510dc1b4b2b2021180c8432844b9b
Kernel:    2020-04-08 - f5e94d10e4c468357019e5c28d48499f677b284f
Compiler:  gcc-9.0.0-20181231
Attempt 1:
    Time  Bug Name
***    2  possible deadlock in shmem_uncharge
Attempt 2:
    Time  Bug Name
***    2  possible deadlock in shmem_uncharge
Attempt 3:
    Time  Bug Name
***    2  possible deadlock in shmem_uncharge
The bug was found.

New Max Time: 10.
Merge Commit: 2016-07-27 - 0e06f5c0deeef0332a5da2ecb8f1fcf3e024d958.

==== Template Retrospection ====
29 template changes in [2017-07-22, 2020-04-08].

2023-06-13 14:40:00
Session:   2
Template:  2018-06-23 - 2064fc5c9114c170841328aaa4b124a4062becf6
Syzkaller: 2018-06-23 - 2064fc5c9114c170841328aaa4b124a4062becf6
Kernel:    2018-06-23 - 77072ca59fddcb8cefd2cbf5382cfa39c5a10442
Compiler:  gcc-8.0.1-20180412
Attempt 1:
    Time  Bug Name
      10  no output from test machine
Attempt 2:
    Time  Bug Name
       5  lost connection to test machine
       8  lost connection to test machine
      10  INFO: task hung in __sb_start_write
Attempt 3:
    Time  Bug Name
       4  lost connection to test machine
Attempt 4: (RETRY)
    Time  Bug Name
       4  WARNING: can't dereference registers at ADDR for ip interrupt_entry
Attempt 5: (RETRY)
    Time  Bug Name
       7  WARNING: can't dereference registers at ADDR for ip interrupt_entry
      10  no output from test machine
The bug was not found.
Warning: This session is unstable.

2023-06-13 15:45:01
Session:   3
Template:  2019-10-25 - f2635abc2ab7c5581a369c7907278190e72520cc
Syzkaller: 2019-10-25 - f2635abc2ab7c5581a369c7907278190e72520cc
Kernel:    2019-10-25 - b4b61b224d12ef12ff21cc598acce0ee818903ab
Compiler:  gcc-9.0.0-20181231
Attempt 1:
    Time  Bug Name
       7  WARNING: can't dereference registers at ADDR for ip interrupt_entry
Attempt 2:
    No crashes found.
Attempt 3:
    Time  Bug Name
       6  WARNING: can't dereference registers at ADDR for ip interrupt_entry
The bug was not found.

2023-06-13 16:28:27
Session:   4
Template:  2020-01-18 - 22535fecd5b37c6a14b92b17e548c8061ef77924
Syzkaller: 2020-01-18 - 22535fecd5b37c6a14b92b17e548c8061ef77924
Kernel:    2020-01-18 - 244dc2689085d7ff478f7b61841e62e59bea4557
Compiler:  gcc-9.0.0-20181231
Attempt 1:
    No crashes found.
Attempt 2:
    No crashes found.
Attempt 3:
    No crashes found.
The bug was not found.

2023-06-13 17:13:39
Session:   5
Template:  2020-03-17 - 2e9037c55f6a3308190ab4eb0ce110dddc7a6f2b
Syzkaller: 2020-03-17 - 2e9037c55f6a3308190ab4eb0ce110dddc7a6f2b
Kernel:    2020-03-17 - ac309e7744bee222df6de0122facaf2d9706fa70
Compiler:  gcc-9.0.0-20181231
Attempt 1:
    No crashes found.
Attempt 2:
    Time  Bug Name
       7  WARNING: can't dereference registers at ADDR for ip interrupt_entry
Attempt 3:
    Time  Bug Name
       5  WARNING: can't dereference registers at ADDR for ip interrupt_entry
The bug was not found.

==== Kernel Retrospection ====
206 Linux commits in [2020-03-17, 2020-04-08].

2023-06-13 17:58:23
Session:   6
Template:  2020-03-31 - a34e2c332411388ed2b3f6f1a3acdc062feceb79
Syzkaller: 2020-03-31 - a34e2c332411388ed2b3f6f1a3acdc062feceb79
Kernel:    2020-03-31 - b3aa112d57b704441143d84b0475fb633a750035
Compiler:  gcc-9.0.0-20181231
Attempt 1:
    Time  Bug Name
       6  WARNING: can't dereference registers at ADDR for ip interrupt_entry
Attempt 2:
    No crashes found.
Attempt 3:
    No crashes found.
The bug was not found.

2023-06-13 18:43:49
Session:   7
Template:  2020-04-03 - d9ed075d1a287f63cfa1dc84cbf609e624b26bc7
Syzkaller: 2020-04-03 - d9ed075d1a287f63cfa1dc84cbf609e624b26bc7
Kernel:    2020-04-03 - de3c913c6e9d8bbf8b2d3caaed55ff3e40a62e56
Compiler:  gcc-9.0.0-20181231
Attempt 1:
    No crashes found.
Attempt 2:
    No crashes found.
Attempt 3:
    No crashes found.
The bug was not found.

2023-06-13 19:27:38
Session:   8
Template:  2020-04-06 - 99a9604483616177d7cd7d3e092ce42a3eaff74a
Syzkaller: 2020-04-06 - 99a9604483616177d7cd7d3e092ce42a3eaff74a
Kernel:    2020-04-06 - 77a73eecd47c2c290cf4ecba2c5b9d26d5d812be
Compiler:  gcc-9.0.0-20181231
Attempt 1:
    No crashes found.
Attempt 2:
    Time  Bug Name
       8  WARNING: can't dereference registers at ADDR for ip interrupt_entry
Attempt 3:
    No crashes found.
The bug was not found.

2023-06-13 20:12:12
Session:   9
Template:  2020-04-07 - db9bcd4b9fd510dc1b4b2b2021180c8432844b9b
Syzkaller: 2020-04-07 - db9bcd4b9fd510dc1b4b2b2021180c8432844b9b
Kernel:    2020-04-07 - 762a9f2f0144246872d61bce60085f62992f4ca0
Compiler:  gcc-9.0.0-20181231
Attempt 1:
    No crashes found.
Attempt 2:
    No crashes found.
Attempt 3:
    No crashes found.
The bug was not found.

2023-06-13 20:57:07
Session:   10
Template:  2020-04-07 - db9bcd4b9fd510dc1b4b2b2021180c8432844b9b
Syzkaller: 2020-04-07 - db9bcd4b9fd510dc1b4b2b2021180c8432844b9b
Kernel:    2020-04-08 - 38e2c63ec3d323310ba873601e864af79b90b457
Compiler:  gcc-9.0.0-20181231
Attempt 1:
    Time  Bug Name
***    2  possible deadlock in shmem_uncharge
The bug was found.

2023-06-13 21:14:41
Session:   11
Template:  2020-04-07 - db9bcd4b9fd510dc1b4b2b2021180c8432844b9b
Syzkaller: 2020-04-07 - db9bcd4b9fd510dc1b4b2b2021180c8432844b9b
Kernel:    2020-04-07 - 63bef48fd6c9d3f1ba4f0e23b4da1e007db6a3c0
Compiler:  gcc-9.0.0-20181231
Attempt 1:
    Time  Bug Name
      10  WARNING: can't dereference registers at ADDR for ip interrupt_entry
Attempt 2:
    Time  Bug Name
***    2  possible deadlock in shmem_uncharge
The bug was found.

2023-06-13 21:40:39
Session:   12
Template:  2020-04-07 - db9bcd4b9fd510dc1b4b2b2021180c8432844b9b
Syzkaller: 2020-04-07 - db9bcd4b9fd510dc1b4b2b2021180c8432844b9b
Kernel:    2020-04-07 - f40f31cadc0ea5dcdd224c8b324add26469c2379
Compiler:  gcc-9.0.0-20181231
Attempt 1:
    No crashes found.
Attempt 2:
    No crashes found.
Attempt 3:
    No crashes found.
The bug was not found.

2023-06-13 22:25:32
Session:   13
Template:  2020-04-07 - db9bcd4b9fd510dc1b4b2b2021180c8432844b9b
Syzkaller: 2020-04-07 - db9bcd4b9fd510dc1b4b2b2021180c8432844b9b
Kernel:    2020-04-07 - 04de788e61a576820baf03ff8accc246ca146cb3
Compiler:  gcc-9.0.0-20181231
Attempt 1:
    No crashes found.
Attempt 2:
    No crashes found.
Attempt 3:
    No crashes found.
The bug was not found.

== Confirming the bisected commit ==

2023-06-13 23:10:36
Session:   14
Template:  2020-04-07 - db9bcd4b9fd510dc1b4b2b2021180c8432844b9b
Syzkaller: 2020-04-07 - db9bcd4b9fd510dc1b4b2b2021180c8432844b9b
Kernel:    2020-04-07 - 63bef48fd6c9d3f1ba4f0e23b4da1e007db6a3c0
The bug was found in a previous identical fuzzing session.

2023-06-13 23:10:36
Session:   15
Template:  2020-04-07 - db9bcd4b9fd510dc1b4b2b2021180c8432844b9b
Syzkaller: 2020-04-07 - db9bcd4b9fd510dc1b4b2b2021180c8432844b9b
Kernel:    2020-04-07 - 04de788e61a576820baf03ff8accc246ca146cb3
The bug was not found in a previous identical fuzzing session.

====================================================================================================================================================
Revealing Factor:   Kernel Commit
Version:            2020-04-07 - 63bef48fd6c9d3f1ba4f0e23b4da1e007db6a3c0
Commit Name:        Merge branch 'akpm' (patches from Andrew)

Bug Name:           possible deadlock in shmem_uncharge
Bug Link:           https://syzkaller.appspot.com/bug?id=02581f45992de8ece5a64d3117290d822e856945
Arch:               amd64
Finding Date:       2020-04-08
Finding Commit:     2020-04-08 - f5e94d10e4c468357019e5c28d48499f677b284f
Guilty Merge:       2016-07-27 - 0e06f5c0deeef0332a5da2ecb8f1fcf3e024d958
Guilty Commit:      2016-07-26 - 4595ef88d136134a9470c955575640f5c96344ed

Possible Blocking Bugs:
