WARNING in geneve_exit_batch_net,https://syzkaller.appspot.com/bug?id=d069a9a8eeae423e9c4883ff7e046f353977c9f3
Repository: linux
Arch: amd64
Finding: 2020-02-23 - f8788d86ab28f61f7b46eb6be375f8a726783636
Guilty:  2017-12-19 - 2843a25348f8c7e8f0c969d506429d7a2ded186e
Duplicate Names:
    WARNING in geneve_exit_batch_net
    KASAN: null-ptr-deref Read in tcf_generic_walker
Single Proc Allocation
VMs:8
CPUs:2
Procs:16
Max time:30
Max attempts:3
Testing the finding commit.

2023-06-14 05:15:24
Session:   1
Template:  2020-02-27 - c88c7b75a4e022b758f4b0f1bf3db8ebb2fb25e6
Syzkaller: 2020-02-27 - c88c7b75a4e022b758f4b0f1bf3db8ebb2fb25e6
Kernel:    2020-02-24 - f8788d86ab28f61f7b46eb6be375f8a726783636
Compiler:  gcc-9.0.0-20181231
Attempt 1:
    Time  Bug Name
***    2  WARNING in geneve_exit_batch_net
Attempt 2:
    Time  Bug Name
***    2  WARNING in geneve_exit_batch_net
Attempt 3:
    No crashes found.
The bug was found.

New Max Time: 24.
Merge Commit: 2017-12-19 - 8e6d60435da8a911b67c36b17ff0319162e29563.

==== Template Retrospection ====
134 template changes in [2017-12-19, 2020-02-28].

2023-06-14 07:34:01
Session:   2
Template:  2018-12-29 - 204cb1446fa9aee09a506bc33f8fe605dbf709d2
Syzkaller: 2018-12-29 - 204cb1446fa9aee09a506bc33f8fe605dbf709d2
Kernel:    2018-12-29 - 195303136f192d37b89e20a8d1d2670d0d825266
Compiler:  gcc-8.0.1-20180412
Attempt 1:
    No crashes found.
Attempt 2:
    Time  Bug Name
       1  possible deadlock in try_to_wake_up
Attempt 3:
    No crashes found.
The bug was not found.

2023-06-14 09:01:26
Session:   3
Template:  2019-12-31 - 25a0186eba20ef6f4f657039ff02eff52a838b1c
Syzkaller: 2019-12-31 - 25a0186eba20ef6f4f657039ff02eff52a838b1c
Kernel:    2019-12-31 - 738d2902773e30939a982c8df7a7f94293659810
Compiler:  gcc-9.0.0-20181231
Attempt 1:
    No crashes found.
Attempt 2:
    No crashes found.
Attempt 3:
    No crashes found.
The bug was not found.

2023-06-14 10:28:46
Session:   4
Template:  2020-01-18 - 543c012b4ec683a624e7cffc927ad246e238cc27
Syzkaller: 2020-01-18 - 543c012b4ec683a624e7cffc927ad246e238cc27
Kernel:    2020-01-18 - 244dc2689085d7ff478f7b61841e62e59bea4557
Compiler:  gcc-9.0.0-20181231
Attempt 1:
    No crashes found.
Attempt 2:
    Time  Bug Name
      17  no output from test machine
Attempt 3:
    Time  Bug Name
      14  INFO: task hung in raw_release
The bug was not found.

2023-06-14 11:55:07
Session:   5
Template:  2020-01-25 - f4e7270e33225b8f25b74ab9072e9b670f2f82ae
Syzkaller: 2020-01-25 - f4e7270e33225b8f25b74ab9072e9b670f2f82ae
Kernel:    2020-01-25 - 2821e26f3a0a3872184581caac8115bb02641941
Compiler:  gcc-9.0.0-20181231
Attempt 1:
    Time  Bug Name
      18  INFO: task hung in register_netdevice_notifier
Attempt 2:
    Time  Bug Name
      11  INFO: task hung in register_netdevice_notifier
Attempt 3:
    Time  Bug Name
***   21  WARNING in geneve_exit_batch_net
The bug was found.
Switching to Safe Mode: Fuzzing 5 times at 30 minutes

2023-06-14 13:18:00
Session:   6
Template:  2020-01-22 - e4c56f390e76bddfd2911006d7036e2970b3f5d1
Syzkaller: 2020-01-22 - e4c56f390e76bddfd2911006d7036e2970b3f5d1
Kernel:    2020-01-22 - 131701c697e85d5d0726e6152219359639fae98f
Compiler:  gcc-9.0.0-20181231
Attempt 1:
    Time  Bug Name
      19  INFO: task hung in register_netdevice_notifier
      25  no output from test machine
Attempt 2:
    Time  Bug Name
      15  no output from test machine
      19  INFO: task hung in register_netdevice_notifier
Attempt 3:
    No crashes found.
Attempt 4:
    No crashes found.
Attempt 5:
    No crashes found.
The bug was not found.

2023-06-14 16:04:13
Session:   7
Template:  2020-01-22 - 3334d684ce742ce58ad66b7dcb7a6d4da5185796
Syzkaller: 2020-01-22 - 3334d684ce742ce58ad66b7dcb7a6d4da5185796
Kernel:    2020-01-22 - 131701c697e85d5d0726e6152219359639fae98f
Compiler:  gcc-9.0.0-20181231
Attempt 1:
    Time  Bug Name
      12  no output from test machine
Attempt 2:
    No crashes found.
Attempt 3:
    No crashes found.
Attempt 4:
    No crashes found.
Attempt 5:
    No crashes found.
The bug was not found.

2023-06-14 18:47:07
Session:   8
Template:  2020-01-23 - 9ab9b329d9c8d1477d5b2921671701d9a7a6d2cd
Syzkaller: 2020-01-23 - 9ab9b329d9c8d1477d5b2921671701d9a7a6d2cd
Kernel:    2020-01-23 - 4703d9119972bf586d2cca76ec6438f819ffa30e
Compiler:  gcc-9.0.0-20181231
Attempt 1:
    Time  Bug Name
***   24  WARNING in geneve_exit_batch_net
The bug was found.

2023-06-14 19:27:54
Session:   9
Template:  2020-01-22 - 3334d684ce742ce58ad66b7dcb7a6d4da5185796
Syzkaller: 2020-01-23 - 9ab9b329d9c8d1477d5b2921671701d9a7a6d2cd
Kernel:    2020-01-23 - 4703d9119972bf586d2cca76ec6438f819ffa30e
Error: Syzkaller failed to make.
