general protection fault in qdisc_put,https://syzkaller.appspot.com/bug?id=1af601071e6a3aabdd4f71277fda3e61cbd14794
Repository: linux
Arch: amd64
Finding: 2019-09-04 - 3b47fd5ca9ead91156bcdf6435279ad0b14a650c
Guilty:  2017-05-17 - 6529eaba33f0465fc6d228e1d05b1745f7d0e8c9
No Duplicates
Single Proc Allocation
VMs:8
CPUs:2
Procs:16
Max time:30
Max attempts:3
Testing the finding commit.

2023-04-29 21:52:42
Session:   1
Template:  2019-09-06 - a60cb4cd840ce786236a00480e8bb1025e0c5fef
Syzkaller: 2019-09-06 - a60cb4cd840ce786236a00480e8bb1025e0c5fef
Kernel:    2019-09-04 - 3b47fd5ca9ead91156bcdf6435279ad0b14a650c
Compiler:  gcc-9.0.0-20181231
Attempt 1:
    Time  Bug Name
       7  no output from test machine
       7  no output from test machine
       7  no output from test machine
       7  no output from test machine
       7  no output from test machine
      13  no output from test machine
      13  no output from test machine
      14  no output from test machine
      17  no output from test machine
      19  no output from test machine
      20  no output from test machine
      20  no output from test machine
      23  no output from test machine
      26  no output from test machine
      26  no output from test machine
      27  no output from test machine
      29  no output from test machine
Attempt 2:
    Time  Bug Name
       7  no output from test machine
       7  no output from test machine
       7  no output from test machine
       7  no output from test machine
       7  no output from test machine
       9  no output from test machine
      13  no output from test machine
      13  no output from test machine
      14  no output from test machine
      14  no output from test machine
      15  no output from test machine
      20  no output from test machine
      20  no output from test machine
      20  no output from test machine
      20  no output from test machine
      22  no output from test machine
      26  no output from test machine
      26  no output from test machine
      26  no output from test machine
      26  no output from test machine
      28  no output from test machine
Attempt 3:
    Time  Bug Name
***    3  general protection fault in qdisc_put
The bug was found.

New Max Time: 33.
Merge Commit: 2017-05-17 - 656aae43057ee3e85c9b4170706bc864108ee1cc.

==== Template Retrospection ====
50 template changes in [2017-07-22, 2019-09-06].

2023-04-30 00:58:51
Session:   2
Template:  2018-04-06 - 8e4c2e24cb05daf27a600b570d3a774083a1210b
Syzkaller: 2018-04-06 - 8e4c2e24cb05daf27a600b570d3a774083a1210b
Kernel:    2018-04-06 - 9eda2d2dca830f0f8923b1f377d0fb70f576af1d
Compiler:  gcc-8.0.1-20180301
Attempt 1:
    No crashes found.
Attempt 2:
    No crashes found.
Attempt 3:
    Time  Bug Name
      31  KASAN: use-after-free Read in tipc_sub_unsubscribe
      33  KASAN: use-after-free Read in tipc_sub_unsubscribe
The bug was not found.

2023-04-30 03:47:09
Session:   3
Template:  2018-09-23 - 28d9ac763d53923f0304a940e2692b52c71fe2a1
Syzkaller: 2018-09-23 - 28d9ac763d53923f0304a940e2692b52c71fe2a1
Kernel:    2018-09-23 - 6bf4ca7fbc85d80446ac01c0d1d77db4d91a6d84
Compiler:  gcc-8.0.1-20180412
Attempt 1:
    Time  Bug Name
       2  general protection fault in qdisc_destroy
Attempt 2:
    Time  Bug Name
       2  general protection fault in qdisc_destroy
Attempt 3:
    Time  Bug Name
       2  general protection fault in qdisc_destroy
The bug was not found.

2023-04-30 06:28:57
Session:   4
Template:  2018-12-24 - 57541e29d9d7fba916a77292d80e8f35a132bcb4
Syzkaller: 2018-12-24 - 57541e29d9d7fba916a77292d80e8f35a132bcb4
Kernel:    2018-12-23 - 8fe28cb58bcb235034b64cbbb7550a8a43fd88be
Compiler:  gcc-8.0.1-20180412
Attempt 1:
    Time  Bug Name
***    2  general protection fault in qdisc_put
The bug was found.

2023-04-30 07:20:53
Session:   5
Template:  2018-12-09 - 82f11ef0c50d938173b46e102df1eeef3bce46ae
Syzkaller: 2018-12-09 - 82f11ef0c50d938173b46e102df1eeef3bce46ae
Kernel:    2018-12-09 - 40e020c129cfc991e8ab4736d2665351ffd1468d
Compiler:  gcc-8.0.1-20180412
Attempt 1:
    Time  Bug Name
***    2  general protection fault in qdisc_put
The bug was found.

2023-04-30 08:22:44
Session:   6
Template:  2018-11-30 - bc6b598a2d3a6dd82a5066d1c9ac742787ac667b
Syzkaller: 2018-11-30 - bc6b598a2d3a6dd82a5066d1c9ac742787ac667b
Kernel:    2018-11-30 - 38c7b224ce22c25fed04007839edf974bd13439d
Compiler:  gcc-8.0.1-20180412
Attempt 1:
    Time  Bug Name
***    2  general protection fault in qdisc_put
The bug was found.

2023-04-30 09:07:48
Session:   7
Template:  2018-09-25 - 134f5f14f48751d5c67a6816f6b09a9f59f0606b
Syzkaller: 2018-09-25 - 134f5f14f48751d5c67a6816f6b09a9f59f0606b
Kernel:    2018-09-25 - a38523185b40fd85d2afe5b5fbfb0952f7153e96
Compiler:  gcc-8.0.1-20180412
Attempt 1:
    Time  Bug Name
       2  general protection fault in qdisc_destroy
Attempt 2:
    Time  Bug Name
       2  general protection fault in qdisc_destroy
Attempt 3:
    Time  Bug Name
       1  general protection fault in qdisc_destroy
The bug was not found.

2023-04-30 11:42:55
Session:   8
Template:  2018-09-25 - 134f5f14f48751d5c67a6816f6b09a9f59f0606b
Syzkaller: 2018-11-30 - bc6b598a2d3a6dd82a5066d1c9ac742787ac667b
Kernel:    2018-11-30 - 38c7b224ce22c25fed04007839edf974bd13439d
Compiler:  gcc-8.0.1-20180412
Attempt 1:
    Time  Bug Name
***    2  general protection fault in qdisc_put
The bug was found.

==== Kernel Retrospection ====
453 Linux commits in [2018-09-25, 2018-11-30].

2023-04-30 12:52:11
Session:   9
Template:  2018-10-23 - a8292de95851bd79cba2006dd032e28142f06c25
Syzkaller: 2018-10-23 - a8292de95851bd79cba2006dd032e28142f06c25
Kernel:    2018-10-26 - befa93633193e5327e4045d1e5fa29114580fa5d
Compiler:  gcc-8.0.1-20180412
Attempt 1:
    Time  Bug Name
***    2  general protection fault in qdisc_put
The bug was found.

2023-04-30 14:00:27
Session:   10
Template:  2018-10-18 - 9aba67b521aa5a2669f2f0c3cee2c4f46d23a4f3
Syzkaller: 2018-10-18 - 9aba67b521aa5a2669f2f0c3cee2c4f46d23a4f3
Kernel:    2018-10-18 - 19e6420e4170acce7a8651dfb87195dff5adbe72
Compiler:  gcc-8.0.1-20180412
Attempt 1:
    Time  Bug Name
       2  general protection fault in qdisc_destroy
Attempt 2:
    Time  Bug Name
       2  general protection fault in qdisc_destroy
Attempt 3:
    Time  Bug Name
       2  general protection fault in qdisc_destroy
The bug was not found.

2023-04-30 16:40:11
Session:   11
Template:  2018-10-23 - a8292de95851bd79cba2006dd032e28142f06c25
Syzkaller: 2018-10-23 - a8292de95851bd79cba2006dd032e28142f06c25
Kernel:    2018-10-23 - fec98069fb72fb656304a3e52265e0c2fc9adf87
Compiler:  gcc-8.0.1-20180412
Attempt 1:
    Time  Bug Name
       2  general protection fault in qdisc_destroy
Attempt 2:
    Time  Bug Name
       2  general protection fault in qdisc_destroy
Attempt 3:
    Time  Bug Name
       2  general protection fault in qdisc_destroy
The bug was not found.

2023-04-30 19:20:00
Session:   12
Template:  2018-10-23 - a8292de95851bd79cba2006dd032e28142f06c25
Syzkaller: 2018-10-23 - a8292de95851bd79cba2006dd032e28142f06c25
Kernel:    2018-10-25 - 96f2f66a985699d201b3a84222b8dd42262a71fe
Compiler:  gcc-8.0.1-20180412
Attempt 1:
    Time  Bug Name
***    2  general protection fault in qdisc_put
The bug was found.

2023-04-30 20:36:16
Session:   13
Template:  2018-10-23 - a8292de95851bd79cba2006dd032e28142f06c25
Syzkaller: 2018-10-23 - a8292de95851bd79cba2006dd032e28142f06c25
Kernel:    2018-10-24 - 638820d8da8ededd6dc609beaef02d5396599c03
Compiler:  gcc-8.0.1-20180412
Attempt 1:
    Time  Bug Name
***    2  general protection fault in qdisc_put
The bug was found.

2023-04-30 21:36:42
Session:   14
Template:  2018-10-23 - a8292de95851bd79cba2006dd032e28142f06c25
Syzkaller: 2018-10-23 - a8292de95851bd79cba2006dd032e28142f06c25
Kernel:    2018-10-23 - 07171da26424bcdb5d8c4571544c8c7b11137d34
Compiler:  gcc-8.0.1-20180412
Attempt 1:
    Time  Bug Name
       2  general protection fault in qdisc_destroy
Attempt 2:
    Time  Bug Name
       2  general protection fault in qdisc_destroy
Attempt 3:
    Time  Bug Name
       2  general protection fault in qdisc_destroy
The bug was not found.

2023-05-01 00:14:30
Session:   15
Template:  2018-10-23 - a8292de95851bd79cba2006dd032e28142f06c25
Syzkaller: 2018-10-23 - a8292de95851bd79cba2006dd032e28142f06c25
Kernel:    2018-10-24 - a978a5b8d83f795e107a2ff759b28643739be70e
Compiler:  gcc-8.0.1-20180412
Attempt 1:
    Time  Bug Name
***    2  general protection fault in qdisc_put
The bug was found.

2023-05-01 01:23:46
Session:   16
Template:  2018-10-23 - a8292de95851bd79cba2006dd032e28142f06c25
Syzkaller: 2018-10-23 - a8292de95851bd79cba2006dd032e28142f06c25
Kernel:    2018-10-24 - a97a2d4d56ea596871b739d63d41b084733bd9fb
Compiler:  gcc-8.0.1-20180412
Attempt 1:
    Time  Bug Name
       2  general protection fault in qdisc_destroy
Attempt 2:
    Time  Bug Name
       2  general protection fault in qdisc_destroy
Attempt 3:
    Time  Bug Name
       2  general protection fault in qdisc_destroy
The bug was not found.

2023-05-01 04:13:53
Session:   17
Template:  2018-10-23 - a8292de95851bd79cba2006dd032e28142f06c25
Syzkaller: 2018-10-23 - a8292de95851bd79cba2006dd032e28142f06c25
Kernel:    2018-10-24 - 50b825d7e87f4cff7070df6eb26390152bb29537
Compiler:  gcc-8.0.1-20180412
Attempt 1:
    Time  Bug Name
***    2  general protection fault in qdisc_put
The bug was found.

== Confirming the bisected commit ==

2023-05-01 05:23:52
Session:   18
Template:  2018-10-23 - a8292de95851bd79cba2006dd032e28142f06c25
Syzkaller: 2018-10-23 - a8292de95851bd79cba2006dd032e28142f06c25
Kernel:    2018-10-24 - 50b825d7e87f4cff7070df6eb26390152bb29537
The bug was found in a previous identical fuzzing session.

2023-05-01 05:23:52
Session:   19
Template:  2018-10-23 - a8292de95851bd79cba2006dd032e28142f06c25
Syzkaller: 2018-10-23 - a8292de95851bd79cba2006dd032e28142f06c25
Kernel:    2018-10-24 - a97a2d4d56ea596871b739d63d41b084733bd9fb
The bug was not found in a previous identical fuzzing session.

====================================================================================================================================================
Revealing Factor:   Kernel Commit
Version:            2018-10-24 - 50b825d7e87f4cff7070df6eb26390152bb29537
Commit Name:        Merge git://git.kernel.org/pub/scm/linux/kernel/git/davem/net-next

Bug Name:           general protection fault in qdisc_put
Bug Link:           https://syzkaller.appspot.com/bug?id=1af601071e6a3aabdd4f71277fda3e61cbd14794
Arch:               amd64
Finding Date:       2019-09-06
Finding Commit:     2019-09-04 - 3b47fd5ca9ead91156bcdf6435279ad0b14a650c
Guilty Merge:       2017-05-17 - 656aae43057ee3e85c9b4170706bc864108ee1cc
Guilty Commit:      2017-05-17 - 6529eaba33f0465fc6d228e1d05b1745f7d0e8c9

Possible Blocking Bugs:
    no output from test machine
    general protection fault in qdisc_destroy

AUTHOR: This commit completed the code path to the crash. Correct.
