WARNING: ODEBUG bug in batadv_v_ogm_free,https://syzkaller.appspot.com/bug?id=91f90dc447a9c287cebfe95782fa7b6d5c92ff6f
Repository: linux
Arch: amd64
Finding: 2021-10-17 - cf52ad5ff16c38a62a6536b5e7612b56794f5a5e
Guilty:  2010-12-16 - c6c8fea29769d998d94fcec9b9f14d4b52b349d3
Duplicate Names:
    WARNING: ODEBUG bug in batadv_v_ogm_free
    WARNING in batadv_v_ogm_free
    WARNING in batadv_nc_mesh_free
Single Proc Allocation
VMs:8
CPUs:2
Procs:16
Max time:30
Max attempts:3
Testing the finding commit.

2023-05-25 14:44:04
Session:   1
Template:  2021-10-18 - 24dc29dba51a8ae7ae86ebc04521a0b2223c531f
Syzkaller: 2021-10-18 - 24dc29dba51a8ae7ae86ebc04521a0b2223c531f
Kernel:    2021-10-18 - cf52ad5ff16c38a62a6536b5e7612b56794f5a5e
Compiler:  gcc-10.2.1-20210110
Attempt 1:
    Time  Bug Name
***    3  WARNING: ODEBUG bug in batadv_v_ogm_free
Attempt 2:
    Time  Bug Name
***    3  WARNING: ODEBUG bug in batadv_v_ogm_free
Attempt 3:
    Time  Bug Name
***    3  WARNING: ODEBUG bug in batadv_v_ogm_free
The bug was found.

New Max Time: 10.
No Merge Commit.

==== Template Inspection ====
100 template changes in [2017-07-22, 2021-10-18].

2023-05-25 20:46:13
Session:   2
Template:  2018-12-26 - 586a19e7ece21850ff9347ce78245bf19fe1cdcd
Syzkaller: 2018-12-26 - 586a19e7ece21850ff9347ce78245bf19fe1cdcd
Kernel:    2018-12-26 - 17bf423a1f2d134187191f0ceb4b395173cc98a7
Compiler:  gcc-8.0.1-20180412
Attempt 1:
    No crashes found.
Attempt 2:
    No crashes found.
Attempt 3:
    No crashes found.
The bug was not found.

2023-05-25 22:53:19
Session:   3
Template:  2020-01-18 - 543c012b4ec683a624e7cffc927ad246e238cc27
Syzkaller: 2020-01-18 - 543c012b4ec683a624e7cffc927ad246e238cc27
Kernel:    2020-01-18 - 244dc2689085d7ff478f7b61841e62e59bea4557
Compiler:  gcc-9.0.0-20181231
Attempt 1:
    No crashes found.
Attempt 2:
    No crashes found.
Attempt 3:
    No crashes found.
The bug was not found.

2023-05-26 00:25:24
Session:   4
Template:  2020-06-23 - 39240c9e937ac9b29eb0c378d75d9fb405c58f27
Syzkaller: 2020-06-23 - 39240c9e937ac9b29eb0c378d75d9fb405c58f27
Kernel:    2020-06-23 - 26e122e97a3d0390ebec389347f64f3730fdf48f
Compiler:  gcc-10.1.0-syz
Attempt 1:
    Time  Bug Name
       2  KASAN: use-after-free Write in afs_wake_up_async_call
       2  KASAN: use-after-free Write in afs_wake_up_async_call
       3  KASAN: use-after-free Write in afs_wake_up_async_call
       3  KASAN: use-after-free Write in afs_wake_up_async_call
       3  KASAN: use-after-free Write in afs_wake_up_async_call
       3  KASAN: use-after-free Write in afs_wake_up_async_call
       3  KASAN: use-after-free Write in afs_wake_up_async_call
       4  KASAN: use-after-free Write in afs_wake_up_async_call
       5  KASAN: use-after-free Write in afs_wake_up_async_call
       5  KASAN: use-after-free Write in afs_wake_up_async_call
       5  KASAN: use-after-free Write in afs_wake_up_async_call
       5  KASAN: use-after-free Write in afs_wake_up_async_call
       6  KASAN: use-after-free Write in afs_wake_up_async_call
       6  KASAN: use-after-free Write in afs_wake_up_async_call
       7  KASAN: use-after-free Write in afs_wake_up_async_call
       7  KASAN: use-after-free Write in afs_wake_up_async_call
       8  KASAN: use-after-free Write in afs_wake_up_async_call
       8  KASAN: use-after-free Write in afs_wake_up_async_call
       8  KASAN: use-after-free Write in afs_wake_up_async_call
       8  KASAN: use-after-free Write in afs_wake_up_async_call
       8  KASAN: use-after-free Write in afs_wake_up_async_call
       9  KASAN: use-after-free Write in afs_wake_up_async_call
       9  KASAN: use-after-free Write in afs_wake_up_async_call
       9  KASAN: use-after-free Write in afs_wake_up_async_call
      10  KASAN: use-after-free Write in afs_wake_up_async_call
      10  KASAN: use-after-free Write in afs_wake_up_async_call
Attempt 2:
    Time  Bug Name
       3  KASAN: use-after-free Write in afs_wake_up_async_call
       4  KASAN: use-after-free Write in afs_wake_up_async_call
       4  KASAN: use-after-free Write in afs_wake_up_async_call
       4  KASAN: use-after-free Write in afs_wake_up_async_call
       5  KASAN: use-after-free Write in afs_wake_up_async_call
       5  KASAN: use-after-free Write in afs_wake_up_async_call
       5  KASAN: use-after-free Write in afs_wake_up_async_call
       5  KASAN: use-after-free Write in afs_wake_up_async_call
       5  KASAN: use-after-free Write in afs_wake_up_async_call
       6  KASAN: use-after-free Write in afs_wake_up_async_call
       6  KASAN: use-after-free Write in afs_wake_up_async_call
       6  KASAN: use-after-free Write in afs_wake_up_async_call
       6  KASAN: use-after-free Write in afs_wake_up_async_call
       7  KASAN: use-after-free Write in afs_wake_up_async_call
       7  KASAN: use-after-free Write in afs_wake_up_async_call
       7  KASAN: use-after-free Write in afs_wake_up_async_call
       7  KASAN: use-after-free Write in afs_wake_up_async_call
       7  KASAN: use-after-free Write in afs_wake_up_async_call
       8  KASAN: use-after-free Write in afs_wake_up_async_call
       8  KASAN: use-after-free Write in afs_wake_up_async_call
       9  KASAN: use-after-free Write in afs_wake_up_async_call
       9  KASAN: use-after-free Write in afs_wake_up_async_call
      10  KASAN: use-after-free Write in afs_wake_up_async_call
      10  KASAN: use-after-free Write in afs_wake_up_async_call
      10  KASAN: use-after-free Write in afs_wake_up_async_call
      10  KASAN: use-after-free Write in afs_wake_up_async_call
      10  KASAN: use-after-free Write in afs_wake_up_async_call
      10  KASAN: use-after-free Write in afs_wake_up_async_call
      10  KASAN: use-after-free Write in afs_wake_up_async_call
      10  KASAN: use-after-free Write in afs_wake_up_async_call
Attempt 3:
    Time  Bug Name
       4  KASAN: use-after-free Write in afs_wake_up_async_call
       4  KASAN: use-after-free Write in afs_wake_up_async_call
       5  KASAN: use-after-free Write in afs_wake_up_async_call
       5  KASAN: use-after-free Write in afs_wake_up_async_call
       5  KASAN: use-after-free Write in afs_wake_up_async_call
       5  KASAN: use-after-free Write in afs_wake_up_async_call
       5  KASAN: use-after-free Write in afs_wake_up_async_call
       6  KASAN: use-after-free Write in afs_wake_up_async_call
       6  KASAN: use-after-free Write in afs_wake_up_async_call
       6  KASAN: use-after-free Write in afs_wake_up_async_call
       6  KASAN: use-after-free Write in afs_wake_up_async_call
       7  KASAN: use-after-free Write in afs_wake_up_async_call
       7  KASAN: use-after-free Write in afs_wake_up_async_call
       7  KASAN: use-after-free Write in afs_wake_up_async_call
       8  KASAN: use-after-free Write in afs_wake_up_async_call
       8  KASAN: use-after-free Write in afs_wake_up_async_call
       8  KASAN: use-after-free Write in afs_wake_up_async_call
       8  KASAN: use-after-free Write in afs_wake_up_async_call
       9  KASAN: use-after-free Write in afs_wake_up_async_call
       9  KASAN: use-after-free Write in afs_wake_up_async_call
       9  KASAN: use-after-free Write in afs_wake_up_async_call
      10  KASAN: use-after-free Write in afs_wake_up_async_call
      10  KASAN: use-after-free Write in afs_wake_up_async_call
The bug was not found.

2023-05-26 02:04:19
Session:   5
Template:  2021-04-13 - 8ba8079b119fc956671eed6c7e8cb6efd355ae61
Syzkaller: 2021-04-13 - 8ba8079b119fc956671eed6c7e8cb6efd355ae61
Kernel:    2021-04-13 - eebe426d32e1a10ac7c35f8ffab5f818c32a2454
Compiler:  gcc-10.2.1-20210110
Attempt 1:
    No crashes found.
Attempt 2:
    No crashes found.
Attempt 3:
    No crashes found.
The bug was not found.

2023-05-26 03:51:27
Session:   6
Template:  2021-09-28 - 6b6e15b0ff6d7ddfc1c029250f1fb8fcc2d4a204
Syzkaller: 2021-09-28 - 6b6e15b0ff6d7ddfc1c029250f1fb8fcc2d4a204
Kernel:    2021-09-28 - a4e6f95a891ac08bd09d62e3e6dae239b150f4c1
Compiler:  gcc-10.2.1-20210110
Attempt 1:
    Time  Bug Name
***    4  WARNING: ODEBUG bug in batadv_v_ogm_free
The bug was found.

2023-05-26 05:12:40
Session:   7
Template:  2021-07-29 - c585c7b0ea16dc4326bf5e8f2f00cc6638e2feb1
Syzkaller: 2021-07-29 - c585c7b0ea16dc4326bf5e8f2f00cc6638e2feb1
Kernel:    2021-07-29 - 7e96bf476270aecea66740a083e51b38c1371cd2
Compiler:  gcc-10.2.1-20210110
Attempt 1:
    Time  Bug Name
      10  suppressed report
Attempt 2:
    Time  Bug Name
       6  BUG: sleeping function called from invalid context in lock_sock_nested
       7  BUG: sleeping function called from invalid context in lock_sock_nested
       7  BUG: sleeping function called from invalid context in lock_sock_nested
       7  BUG: sleeping function called from invalid context in lock_sock_nested
      10  suppressed report
Attempt 3:
    Time  Bug Name
       5  BUG: sleeping function called from invalid context in lock_sock_nested
       6  BUG: sleeping function called from invalid context in lock_sock_nested
       9  suppressed report
       9  BUG: sleeping function called from invalid context in lock_sock_nested
      10  suppressed report
      10  suppressed report
The bug was not found.
Warning: This session is unstable.

2023-05-26 06:57:02
Session:   8
Template:  2021-07-29 - c585c7b0ea16dc4326bf5e8f2f00cc6638e2feb1
Syzkaller: 2021-09-28 - 6b6e15b0ff6d7ddfc1c029250f1fb8fcc2d4a204
Kernel:    2021-09-28 - a4e6f95a891ac08bd09d62e3e6dae239b150f4c1
Compiler:  gcc-10.2.1-20210110
Attempt 1:
    Time  Bug Name
***    4  WARNING: ODEBUG bug in batadv_v_ogm_free
The bug was found.

==== Kernel Inspection ====
484 Linux commits in [2021-07-29, 2021-09-28].

2023-05-26 08:35:33
Session:   9
Template:  2021-09-02 - f62a58290e2f1200a2b21f2707a9ff0394a2a724
Syzkaller: 2021-09-02 - f62a58290e2f1200a2b21f2707a9ff0394a2a724
Kernel:    2021-09-02 - 815409a12c0a9c0de17a910fd95fe11e1eb97f32
Compiler:  gcc-10.2.1-20210110
Attempt 1:
    Time  Bug Name
       6  suppressed report
Attempt 2:
    Time  Bug Name
       7  suppressed report
       7  suppressed report
       8  suppressed report
Attempt 3:
    Time  Bug Name
       7  suppressed report
The bug was not found.
Warning: This session is unstable.

2023-05-26 10:50:45
Session:   10
Template:  2021-08-30 - 8f58a0efbf867526a0adee8d9a5cb38e2ebf1ee4
Syzkaller: 2021-08-30 - 8f58a0efbf867526a0adee8d9a5cb38e2ebf1ee4
Kernel:    2021-08-30 - 8596e589b787732c8346f0482919e83cc9362db1
Compiler:  gcc-10.2.1-20210110
Attempt 1:
    No crashes found.
Attempt 2:
    Time  Bug Name
       7  suppressed report
       7  suppressed report
       8  suppressed report
Attempt 3:
    Time  Bug Name
       8  suppressed report
Attempt 4: (RETRY)
    Time  Bug Name
       8  suppressed report
       9  suppressed report
       9  suppressed report
The bug was not found.
Warning: This session is unstable.

2023-05-26 13:04:33
Session:   11
Template:  2021-08-19 - b599f2fcc734e2183016a340d4f6fc2891d8e41f
Syzkaller: 2021-08-19 - b599f2fcc734e2183016a340d4f6fc2891d8e41f
Kernel:    2021-08-24 - 6e764bcd1cf72a2846c0e53d3975a09b242c04c9
Compiler:  gcc-10.2.1-20210110
Attempt 1:
    No crashes found.
Attempt 2:
    Time  Bug Name
       7  suppressed report
      10  suppressed report
Attempt 3:
    Time  Bug Name
       8  suppressed report
       8  suppressed report
Attempt 4: (RETRY)
    Time  Bug Name
       9  suppressed report
The bug was not found.
Warning: This session is unstable.

2023-05-26 15:57:26
Session:   12
Template:  2021-08-12 - 3fd2ea69e05557e7e0fef9b68263b4150670671c
Syzkaller: 2021-08-12 - 3fd2ea69e05557e7e0fef9b68263b4150670671c
Kernel:    2021-08-12 - 1746f4db513563bb22e0ba0c419d0c90912dfae1
Compiler:  gcc-10.2.1-20210110
Attempt 1:
    No crashes found.
Attempt 2:
    No crashes found.
Attempt 3:
    No crashes found.
The bug was not found.

2023-05-26 18:26:09
Session:   13
Template:  2021-09-03 - d236a457274375e5273ac4e958722659929c469f
Syzkaller: 2021-09-03 - d236a457274375e5273ac4e958722659929c469f
Kernel:    2021-09-03 - b250e6d141ce4f0d0ada60e4b5db577050e5feb0
Compiler:  gcc-10.2.1-20210110
Attempt 1:
    Time  Bug Name
       3  KFENCE: use-after-free in kvm_fastop_exception
       8  suppressed report
       9  suppressed report
       9  suppressed report
Attempt 2:
    Time  Bug Name
       7  suppressed report
Attempt 3:
    Time  Bug Name
       8  suppressed report
      10  suppressed report
The bug was not found.
Warning: This session is unstable.

2023-05-26 20:25:56
Session:   14
Template:  2021-08-31 - 7eb7e15259fddd67759f90feb2b016da878f76c7
Syzkaller: 2021-08-31 - 7eb7e15259fddd67759f90feb2b016da878f76c7
Kernel:    2021-09-01 - 0d290223a6c77107b1c3988959e49279a8dafaba
Compiler:  gcc-10.2.1-20210110
Attempt 1:
    Time  Bug Name
       7  suppressed report
Attempt 2:
    Time  Bug Name
       7  suppressed report
Attempt 3:
    Time  Bug Name
       5  suppressed report
The bug was not found.
Warning: This session is unstable.

2023-05-26 22:42:05
Session:   15
Template:  2021-08-30 - 8f58a0efbf867526a0adee8d9a5cb38e2ebf1ee4
Syzkaller: 2021-08-30 - 8f58a0efbf867526a0adee8d9a5cb38e2ebf1ee4
Kernel:    2021-08-30 - 42f6e869a028abcf61422bc0d5de59d823db17b1
Compiler:  gcc-10.2.1-20210110
Attempt 1:
    Time  Bug Name
       9  INFO: task hung in linkwatch_event
Attempt 2:
    Time  Bug Name
      10  suppressed report
Attempt 3:
    No crashes found.
Attempt 4: (RETRY)
    No crashes found.
The bug was not found.

2023-05-27 01:01:40
Session:   16
Template:  2021-09-08 - e2776ee417c18d6e0056b058f3b6055f65206ee9
Syzkaller: 2021-09-08 - e2776ee417c18d6e0056b058f3b6055f65206ee9
Kernel:    2021-09-09 - 70868a180501d17fea58153c649d56bc18435315
Compiler:  gcc-10.2.1-20210110
Attempt 1:
    No crashes found.
Attempt 2:
    Time  Bug Name
       9  suppressed report
Attempt 3:
    Time  Bug Name
       8  suppressed report
       8  suppressed report
Attempt 4: (RETRY)
    No crashes found.
Attempt 5: (RETRY)
    Time  Bug Name
      10  suppressed report
The bug was not found.
Warning: This session is unstable.

2023-05-27 03:43:43
Session:   17
Template:  2021-09-06 - 6ca601483d056968f63fd4735fc54073f4fe3c75
Syzkaller: 2021-09-06 - 6ca601483d056968f63fd4735fc54073f4fe3c75
Kernel:    2021-09-06 - 60f8fbaa954452104a1914e21c5cc109f7bf276a
Compiler:  gcc-10.2.1-20210110
Attempt 1:
    Time  Bug Name
       7  suppressed report
       8  suppressed report
      10  suppressed report
Attempt 2:
    Time  Bug Name
      10  suppressed report
Attempt 3:
    Time  Bug Name
       7  suppressed report
       7  suppressed report
The bug was not found.
Warning: This session is unstable.

2023-05-27 05:29:41
Session:   18
Template:  2021-09-02 - f62a58290e2f1200a2b21f2707a9ff0394a2a724
Syzkaller: 2021-09-02 - f62a58290e2f1200a2b21f2707a9ff0394a2a724
Kernel:    2021-09-02 - c815f04ba94940fbc303a6ea9669e7da87f8e77d
Compiler:  gcc-10.2.1-20210110
Attempt 1:
    Time  Bug Name
      10  suppressed report
Attempt 2:
    Time  Bug Name
       9  suppressed report
Attempt 3:
    Time  Bug Name
       8  suppressed report
The bug was not found.
Warning: This session is unstable.

2023-05-27 08:12:19
Session:   19
Template:  2021-08-31 - 7eb7e15259fddd67759f90feb2b016da878f76c7
Syzkaller: 2021-08-31 - 7eb7e15259fddd67759f90feb2b016da878f76c7
Kernel:    2021-08-31 - efa916af13206eb15916e102c45c99a13ea78f33
Compiler:  gcc-10.2.1-20210110
Attempt 1:
    Time  Bug Name
       7  suppressed report
       7  suppressed report
Attempt 2:
    Time  Bug Name
       6  suppressed report
       9  suppressed report
       9  suppressed report
Attempt 3:
    Time  Bug Name
       9  suppressed report
The bug was not found.
Warning: This session is unstable.

2023-05-27 09:52:28
Session:   20
Template:  2021-08-30 - 8f58a0efbf867526a0adee8d9a5cb38e2ebf1ee4
Syzkaller: 2021-08-30 - 8f58a0efbf867526a0adee8d9a5cb38e2ebf1ee4
Kernel:    2021-08-30 - 5d3c0db4598c5de511824649df2aa976259cf10a
Compiler:  gcc-10.2.1-20210110
Attempt 1:
    Time  Bug Name
      10  INFO: task hung in linkwatch_event
      10  no output from test machine
Attempt 2:
    Time  Bug Name
      10  suppressed report
Attempt 3:
    Time  Bug Name
      10  suppressed report
Attempt 4: (RETRY)
    Time  Bug Name
       9  INFO: task hung in addrconf_dad_work
Attempt 5: (RETRY)
    Time  Bug Name
       8  INFO: task hung in switchdev_deferred_process_work
The bug was not found.
Warning: This session is unstable.

2023-05-27 12:06:12
Session:   21
Template:  2021-09-10 - 3ce60af85b4644bd7f2d2ef01a7d2b9a41545b76
Syzkaller: 2021-09-10 - 3ce60af85b4644bd7f2d2ef01a7d2b9a41545b76
Kernel:    2021-09-12 - d8e988b62f948d47dd86ec655c89d54053df1754
Compiler:  gcc-10.2.1-20210110
Attempt 1:
    Time  Bug Name
       9  suppressed report
Attempt 2:
    No crashes found.
Attempt 3:
    Time  Bug Name
       8  suppressed report
      10  suppressed report
      10  INFO: task hung in switchdev_deferred_process_work
Attempt 4: (RETRY)
    Time  Bug Name
      10  suppressed report
The bug was not found.
Warning: This session is unstable.

2023-05-27 14:15:05
Session:   22
Template:  2021-09-17 - 70b76c1d627711cc3ef109af16d6cb7429a61fe3
Syzkaller: 2021-09-17 - 70b76c1d627711cc3ef109af16d6cb7429a61fe3
Kernel:    2021-09-18 - d1a88690cea3872f83a1004b1a08a39879715fa1
Compiler:  gcc-10.2.1-20210110
Attempt 1:
    Time  Bug Name
       7  suppressed report
       8  suppressed report
Attempt 2:
    Time  Bug Name
       9  suppressed report
      10  suppressed report
Attempt 3:
    Time  Bug Name
       7  suppressed report
       9  suppressed report
The bug was not found.
Warning: This session is unstable.

2023-05-27 16:21:14
Session:   23
Template:  2021-09-22 - 8cac236e8c3741446e540b2fe0702086a4ae4c17
Syzkaller: 2021-09-22 - 8cac236e8c3741446e540b2fe0702086a4ae4c17
Kernel:    2021-09-24 - e61b2ad3e1914b70c657a8fd7524078ae37a7da4
Compiler:  gcc-10.2.1-20210110
Attempt 1:
    Time  Bug Name
       4  WARNING: ODEBUG bug in batadv_nc_mesh_free
Attempt 2:
    Time  Bug Name
***    4  WARNING: ODEBUG bug in batadv_v_ogm_free
The bug was found.

2023-05-27 17:55:15
Session:   24
Template:  2021-09-07 - 064c9eb76747f86a8270c8cfc3766316ebdf3167
Syzkaller: 2021-09-07 - 064c9eb76747f86a8270c8cfc3766316ebdf3167
Kernel:    2021-09-07 - 4c00e1e2e58eefb288ba9ef585b6f19e1f33bf1e
Compiler:  gcc-10.2.1-20210110
Attempt 1:
    Time  Bug Name
       8  INFO: task hung in switchdev_deferred_process_work
       9  suppressed report
      10  INFO: task hung in addrconf_dad_work
Attempt 2:
    Time  Bug Name
       8  suppressed report
       9  suppressed report
Attempt 3:
    Time  Bug Name
       9  suppressed report
The bug was not found.
Warning: This session is unstable.

2023-05-27 20:00:28
Session:   25
Template:  2021-09-02 - f62a58290e2f1200a2b21f2707a9ff0394a2a724
Syzkaller: 2021-09-02 - f62a58290e2f1200a2b21f2707a9ff0394a2a724
Kernel:    2021-09-02 - 89594c746b00d3755e0792a2407f0b557a30ef37
Compiler:  gcc-10.2.1-20210110
Attempt 1:
    Time  Bug Name
       6  suppressed report
       8  suppressed report
Attempt 2:
    Time  Bug Name
       2  possible deadlock in blktrans_open
       5  suppressed report
      10  suppressed report
Attempt 3:
    Time  Bug Name
       5  suppressed report
The bug was not found.
Warning: This session is unstable.

2023-05-27 21:42:55
Session:   26
Template:  2021-08-31 - 7eb7e15259fddd67759f90feb2b016da878f76c7
Syzkaller: 2021-08-31 - 7eb7e15259fddd67759f90feb2b016da878f76c7
Kernel:    2021-08-31 - 8e235ff9a1e3dc3d800224ab97bcd2418d3b19c3
Compiler:  gcc-10.2.1-20210110
Attempt 1:
    Time  Bug Name
       4  suppressed report
       4  suppressed report
       5  suppressed report
       6  suppressed report
       7  suppressed report
Attempt 2:
    Time  Bug Name
       8  suppressed report
Attempt 3:
    Time  Bug Name
       8  suppressed report
The bug was not found.
Warning: This session is unstable.

2023-05-27 23:16:09
Session:   27
Template:  2021-09-10 - 3ce60af85b4644bd7f2d2ef01a7d2b9a41545b76
Syzkaller: 2021-09-10 - 3ce60af85b4644bd7f2d2ef01a7d2b9a41545b76
Kernel:    2021-09-10 - 589e5cab170843b2f7f8260168ab2d77163d4384
Compiler:  gcc-10.2.1-20210110
Attempt 1:
    Time  Bug Name
       9  no output from test machine
      10  no output from test machine
      10  INFO: task hung in switchdev_deferred_process_work
Attempt 2:
    Time  Bug Name
       7  suppressed report
Attempt 3:
    Time  Bug Name
       8  suppressed report
Attempt 4: (RETRY)
    Time  Bug Name
       8  INFO: task hung in linkwatch_event
      10  suppressed report
The bug was not found.
Warning: This session is unstable.

2023-05-28 01:19:13
Session:   28
Template:  2021-09-14 - 07e953c105af057cb474bc086f68fb7ec5b241ec
Syzkaller: 2021-09-14 - 07e953c105af057cb474bc086f68fb7ec5b241ec
Kernel:    2021-09-14 - 1619b69edce14c4a4665fa8ff4c587dcc77202a9
Compiler:  gcc-10.2.1-20210110
Attempt 1:
    No crashes found.
Attempt 2:
    Time  Bug Name
       8  INFO: task hung in addrconf_dad_work
      10  suppressed report
Attempt 3:
    Time  Bug Name
       9  suppressed report
Attempt 4: (RETRY)
    Time  Bug Name
       7  suppressed report
       7  suppressed report
       8  suppressed report
The bug was not found.
Warning: This session is unstable.

2023-05-28 03:23:21
Session:   29
Template:  2021-09-17 - 70b76c1d627711cc3ef109af16d6cb7429a61fe3
Syzkaller: 2021-09-17 - 70b76c1d627711cc3ef109af16d6cb7429a61fe3
Kernel:    2021-09-19 - b1044a9b8100a0cc5c9d2e1e2f9ca4bb8e32b23a
Compiler:  gcc-10.2.1-20210110
Attempt 1:
    Time  Bug Name
       8  suppressed report
Attempt 2:
    No crashes found.
Attempt 3:
    Time  Bug Name
       9  suppressed report
Attempt 4: (RETRY)
    Time  Bug Name
       9  suppressed report
      10  suppressed report
The bug was not found.
Warning: This session is unstable.

====================================================================================================================================================
Revealing Factor:   Unstable Commits
Unstable Range:     [2021-08-30, 2021-09-23]
Version:            2021-09-23 - f9e36107ec70445fbdc2562ba5b60c0a7ed57c20
Commit Name:        Merge tag 'for-5.15-rc2-tag' of git://git.kernel.org/pub/scm/linux/kernel/git/kdave/linux

Bug Name:           WARNING: ODEBUG bug in batadv_v_ogm_free
Bug Link:           https://syzkaller.appspot.com/bug?id=91f90dc447a9c287cebfe95782fa7b6d5c92ff6f
Arch:               amd64
Finding Date:       2021-10-18
Finding Commit:     2021-10-18 - cf52ad5ff16c38a62a6536b5e7612b56794f5a5e
Guilty Merge:       None
Guilty Commit:      2010-12-16 - c6c8fea29769d998d94fcec9b9f14d4b52b349d3

Possible Blocking Bugs:
    KASAN: use-after-free Write in afs_wake_up_async_call

AUTHOR: This commit is not related to the bug. Incorrect.
AUTHOR: Was revealed by syzkaller commit a7ce77be27d8e3728b97122a005bc5b23298cfc3 (2021-09-22),
which added call properties. '(fail_nth: 28)' is used by the reproducer. Off by 1 day.
