BUG: assuming atomic context at net/core/flow_dissector.c:LINE,https://syzkaller.appspot.com/bug?id=d97d08a129b1f62da5b97b4a66e59f62b65e0a24
Repository: linux
Arch: amd64
Finding: 2019-05-10 - b970afcfcabd63cd3832e95db096439c177c3592
Guilty:  2018-09-14 - d58e468b1112dcd1d5193c0a89ff9f98b5a3e8b9
No Duplicates
Default Allocation.
VMs:4
CPUs:4
Procs:24
Max time:30
Max attempts:3
Testing the finding commit.

2023-06-15 16:27:05
Session:   1
Template:  2019-05-10 - 46caad94600e423131f4a0072f17ac8d3ee54e0e
Syzkaller: 2019-05-10 - 46caad94600e423131f4a0072f17ac8d3ee54e0e
Kernel:    2019-05-10 - b970afcfcabd63cd3832e95db096439c177c3592
Compiler:  gcc-9.0.0-20181231
Attempt 1:
    Time  Bug Name
***    2  BUG: assuming atomic context at net/core/flow_dissector.c:LINE
Attempt 2:
    Time  Bug Name
***    2  BUG: assuming atomic context at net/core/flow_dissector.c:LINE
Attempt 3:
    Time  Bug Name
***    2  BUG: assuming atomic context at net/core/flow_dissector.c:LINE
The bug was found.

New Max Time: 10.
Merge Commit: 2018-09-14 - 4a9f42c9dcbfb8da40bfeaa923b6a740a64a889b.

==== Template Inspection ====
21 template changes in [2018-09-14, 2019-05-10].

2023-06-15 17:00:32
Session:   2
Template:  2018-12-24 - a961943f0246ba8ca0ef00b3f990617d35a6d0c1
Syzkaller: 2018-12-24 - a961943f0246ba8ca0ef00b3f990617d35a6d0c1
Kernel:    2018-12-23 - 8fe28cb58bcb235034b64cbbb7550a8a43fd88be
Compiler:  gcc-8.0.1-20180412
Attempt 1:
    No crashes found.
Attempt 2:
    No crashes found.
Attempt 3:
    No crashes found.
The bug was not found.

2023-06-15 17:47:49
Session:   3
Template:  2019-01-10 - db9b657915c1b95a5e768b249795b1aca278bb4e
Syzkaller: 2019-01-10 - db9b657915c1b95a5e768b249795b1aca278bb4e
Kernel:    2019-01-10 - de6629eb262e0dc52a2367db38e3d2780cff5427
Compiler:  gcc-9.0.0-20181231
Attempt 1:
    No crashes found.
Attempt 2:
    No crashes found.
Attempt 3:
    No crashes found.
The bug was not found.

2023-06-15 18:34:47
Session:   4
Template:  2019-03-29 - 934bb8cadebb5713f5f118f1e846fdc890fea9df
Syzkaller: 2019-03-29 - 934bb8cadebb5713f5f118f1e846fdc890fea9df
Kernel:    2019-03-29 - 922c010cf236357dea020f483c18373d6a494ffb
Compiler:  gcc-9.0.0-20181231
Attempt 1:
    Time  Bug Name
***    1  BUG: assuming atomic context at net/core/flow_dissector.c:LINE
The bug was found.

2023-06-15 18:55:51
Session:   5
Template:  2019-02-11 - 13f1d0047ae34d1cd02d89c52a1bd6a0a02b497e
Syzkaller: 2019-02-11 - 13f1d0047ae34d1cd02d89c52a1bd6a0a02b497e
Kernel:    2019-02-11 - aa0c38cf39de73bf7360a3da8f1707601261e518
Compiler:  gcc-9.0.0-20181231
Attempt 1:
    No crashes found.
Attempt 2:
    No crashes found.
Attempt 3:
    No crashes found.
The bug was not found.

2023-06-15 19:41:25
Session:   6
Template:  2019-02-11 - 13f1d0047ae34d1cd02d89c52a1bd6a0a02b497e
Syzkaller: 2019-03-29 - 934bb8cadebb5713f5f118f1e846fdc890fea9df
Kernel:    2019-03-29 - 922c010cf236357dea020f483c18373d6a494ffb
Compiler:  gcc-9.0.0-20181231
Attempt 1:
    Time  Bug Name
***    2  BUG: assuming atomic context at net/core/flow_dissector.c:LINE
The bug was found.

==== Kernel Inspection ====
328 Linux commits in [2019-02-11, 2019-03-29].

2023-06-15 19:56:50
Session:   7
Template:  2019-03-08 - 12365b99ce83b8a58433eaedbe412dff563ef8fb
Syzkaller: 2019-03-08 - 12365b99ce83b8a58433eaedbe412dff563ef8fb
Kernel:    2019-03-08 - e4ff63b437e29d305dfc17eed69559354ad48167
Compiler:  gcc-9.0.0-20181231
Attempt 1:
    Time  Bug Name
***    1  BUG: assuming atomic context at net/core/flow_dissector.c:LINE
The bug was found.

2023-06-15 20:13:13
Session:   8
Template:  2019-03-04 - 7c693b524162a8621413305d441a29376d84e28b
Syzkaller: 2019-03-04 - 7c693b524162a8621413305d441a29376d84e28b
Kernel:    2019-03-04 - 736706bee3298208343a76096370e4f6a5c55915
Compiler:  gcc-9.0.0-20181231
Attempt 1:
    No crashes found.
Attempt 2:
    No crashes found.
Attempt 3:
    No crashes found.
The bug was not found.

2023-06-15 21:00:33
Session:   9
Template:  2019-03-06 - 18215b8d64c9bf653619b9eb9907445e225adf11
Syzkaller: 2019-03-06 - 18215b8d64c9bf653619b9eb9907445e225adf11
Kernel:    2019-03-06 - 542d0e583b7b366527175b2b5fc0aad262fa33b0
Compiler:  gcc-9.0.0-20181231
Attempt 1:
    Time  Bug Name
       1  general protection fault in xfrmi_decode_session
***    2  BUG: assuming atomic context at net/core/flow_dissector.c:LINE
The bug was found.

2023-06-15 21:19:11
Session:   10
Template:  2019-03-05 - 16559f86f52b7da53f9156685e32dde788dbe371
Syzkaller: 2019-03-05 - 16559f86f52b7da53f9156685e32dde788dbe371
Kernel:    2019-03-05 - 78f860135433a8bba406352fbdcea8e8980583bf
Compiler:  gcc-9.0.0-20181231
Attempt 1:
    Time  Bug Name
***    2  BUG: assuming atomic context at net/core/flow_dissector.c:LINE
The bug was found.

2023-06-15 21:36:38
Session:   11
Template:  2019-03-05 - 16559f86f52b7da53f9156685e32dde788dbe371
Syzkaller: 2019-03-05 - 16559f86f52b7da53f9156685e32dde788dbe371
Kernel:    2019-03-05 - cd2a3bf02625ffad02a6b9f7df758ee36cf12769
Compiler:  gcc-9.0.0-20181231
Attempt 1:
    No crashes found.
Attempt 2:
    No crashes found.
Attempt 3:
    No crashes found.
The bug was not found.

2023-06-15 22:23:25
Session:   12
Template:  2019-03-05 - 16559f86f52b7da53f9156685e32dde788dbe371
Syzkaller: 2019-03-05 - 16559f86f52b7da53f9156685e32dde788dbe371
Kernel:    2019-03-05 - 45f5532a2f65afeda9e8a02bf1aca15c2b4c9be8
Compiler:  gcc-9.0.0-20181231
Attempt 1:
    Time  Bug Name
***    2  BUG: assuming atomic context at net/core/flow_dissector.c:LINE
The bug was found.

2023-06-15 22:42:48
Session:   13
Template:  2019-03-05 - 16559f86f52b7da53f9156685e32dde788dbe371
Syzkaller: 2019-03-05 - 16559f86f52b7da53f9156685e32dde788dbe371
Kernel:    2019-03-05 - 08300f4402abc0eb3bc9c91b27a529836710d32d
Compiler:  gcc-9.0.0-20181231
Attempt 1:
    Time  Bug Name
***    1  BUG: assuming atomic context at net/core/flow_dissector.c:LINE
The bug was found.

2023-06-15 23:00:46
Session:   14
Template:  2019-03-05 - 16559f86f52b7da53f9156685e32dde788dbe371
Syzkaller: 2019-03-05 - 16559f86f52b7da53f9156685e32dde788dbe371
Kernel:    2019-03-05 - 63bdf4284c38a48af21745ceb148a087b190cd21
Compiler:  gcc-9.0.0-20181231
Attempt 1:
    Time  Bug Name
***    1  BUG: assuming atomic context at net/core/flow_dissector.c:LINE
The bug was found.

2023-06-15 23:17:22
Session:   15
Template:  2019-03-05 - 16559f86f52b7da53f9156685e32dde788dbe371
Syzkaller: 2019-03-05 - 16559f86f52b7da53f9156685e32dde788dbe371
Kernel:    2019-03-05 - 6456300356433873309a1cae6aa05e77d6b59153
Compiler:  gcc-9.0.0-20181231
Attempt 1:
    Time  Bug Name
***    2  BUG: assuming atomic context at net/core/flow_dissector.c:LINE
The bug was found.

== Confirming the bisected commit ==

2023-06-15 23:33:53
Session:   16
Template:  2019-03-05 - 16559f86f52b7da53f9156685e32dde788dbe371
Syzkaller: 2019-03-05 - 16559f86f52b7da53f9156685e32dde788dbe371
Kernel:    2019-03-05 - 6456300356433873309a1cae6aa05e77d6b59153
The bug was found in a previous identical fuzzing session.

2023-06-15 23:33:53
Session:   17
Template:  2019-03-05 - 16559f86f52b7da53f9156685e32dde788dbe371
Syzkaller: 2019-03-05 - 16559f86f52b7da53f9156685e32dde788dbe371
Kernel:    2019-03-05 - cd2a3bf02625ffad02a6b9f7df758ee36cf12769
The bug was not found in a previous identical fuzzing session.

====================================================================================================================================================
Revealing Factor:   Kernel Commit
Version:            2019-03-05 - 6456300356433873309a1cae6aa05e77d6b59153
Commit Name:        Merge git://git.kernel.org/pub/scm/linux/kernel/git/davem/net-next

Bug Name:           BUG: assuming atomic context at net/core/flow_dissector.c:LINE
Bug Link:           https://syzkaller.appspot.com/bug?id=d97d08a129b1f62da5b97b4a66e59f62b65e0a24
Arch:               amd64
Finding Date:       2019-05-10
Finding Commit:     2019-05-10 - b970afcfcabd63cd3832e95db096439c177c3592
Guilty Merge:       2018-09-14 - 4a9f42c9dcbfb8da40bfeaa923b6a740a64a889b
Guilty Commit:      2018-09-14 - d58e468b1112dcd1d5193c0a89ff9f98b5a3e8b9

Possible Blocking Bugs:

AUTHOR: This commit changed the control flow and revealed the bug. Correct.
