general protection fault in cdev_del,https://syzkaller.appspot.com/bug?id=9936b32dd3a4a278f06a2cb07eb13df9e113ca84
Repository: linux
Arch: amd64
Finding: 2020-09-21 - 98477740630f270aecf648f1d6a9dbc6027d4ff1
Guilty:  2008-06-11 - 72dc1c096c7051a48ab1dbb12f71976656b55eb5
No Duplicates
Default Allocation.
VMs:4
CPUs:4
Procs:24
Max time:30
Max attempts:3
Testing the finding commit.

2023-03-18 02:27:46
Session:   1
Template:  2020-09-22 - 3e8f6c27551f163a2fd2661e4b3cac126a5e7ef2
Syzkaller: 2020-09-22 - 3e8f6c27551f163a2fd2661e4b3cac126a5e7ef2
Kernel:    2020-09-21 - 98477740630f270aecf648f1d6a9dbc6027d4ff1
Compiler:  gcc-10.1.0-syz
Attempt 1:
    No crashes found.
Attempt 2:
    No crashes found.
Attempt 3:
    Time  Bug Name
***   30  general protection fault in cdev_del
The bug was found.

New Max Time: 30.
Merge Commit: 2008-06-12 - 030352a9c7715780b2c01033ae9afe56249bb7cc.

==== Template Retrospection ====
58 template changes in [2017-07-22, 2020-09-22].

2023-03-18 06:40:49
Session:   2
Template:  2019-08-14 - 0d298d6b2e4a48a2b4d3413cabc199e5f61c1dd4
Syzkaller: 2019-08-14 - 0d298d6b2e4a48a2b4d3413cabc199e5f61c1dd4
Kernel:    2019-08-14 - 41de59634046b19cd53a1983594a95135c656997
Compiler:  gcc-9.0.0-20181231
Attempt 1:
    Time  Bug Name
***   12  general protection fault in cdev_del
The bug was found.

2023-03-18 07:27:23
Session:   3
Template:  2018-10-30 - 362ef7639733f957b6d17bb4c730572958aa298c
Syzkaller: 2018-10-30 - 362ef7639733f957b6d17bb4c730572958aa298c
Kernel:    2018-10-30 - 310c7585e8300ddc46211df0757c11e4299ec482
Compiler:  gcc-8.0.1-20180412
Attempt 1:
    Time  Bug Name
       6  possible deadlock in console_unlock
      10  possible deadlock in vprintk_emit
      14  WARNING: locking bug in corrupted
      14  KASAN: invalid-free in x25_asy_free
***   19  general protection fault in cdev_del
The bug was found.

2023-03-18 08:20:04
Session:   4
Template:  2018-03-25 - 2675f920652cc9218b4b3dc513c76b0546a5a5ae
Syzkaller: 2018-03-25 - 2675f920652cc9218b4b3dc513c76b0546a5a5ae
Kernel:    2018-03-25 - 3eb2ce825ea1ad89d20f7a3b5780df850e4be274
Compiler:  gcc-8.0.1-20180301
Attempt 1:
    Time  Bug Name
      30  UBSAN: Undefined behaviour in ./include/crypto/hash.h:LINE
      30  lost connection to test machine
Attempt 2:
    Time  Bug Name
      29  lost connection to test machine
      29  lost connection to test machine
      29  lost connection to test machine
      29  lost connection to test machine
      30  UBSAN: Undefined behaviour in ./include/crypto/hash.h:LINE
      30  UBSAN: Undefined behaviour in ./include/crypto/hash.h:LINE
      30  UBSAN: Undefined behaviour in ./include/crypto/hash.h:LINE
      30  UBSAN: Undefined behaviour in ./include/crypto/hash.h:LINE
Attempt 3:
    No crashes found.
Attempt 4: (RETRY)
    Time  Bug Name
      30  UBSAN: Undefined behaviour in ./include/crypto/hash.h:LINE
      30  lost connection to test machine
      30  lost connection to test machine
      30  lost connection to test machine
Attempt 5: (RETRY)
    Time  Bug Name
      25  lost connection to test machine
      25  lost connection to test machine
      26  UBSAN: Undefined behaviour in ./include/crypto/hash.h:LINE
      26  UBSAN: Undefined behaviour in ./include/crypto/hash.h:LINE
      26  UBSAN: Undefined behaviour in ./include/crypto/hash.h:LINE
      27  UBSAN: Undefined behaviour in ./include/net/route.h:LINE
      27  UBSAN: Undefined behaviour in ./include/net/route.h:LINE
      27  UBSAN: Undefined behaviour in ./include/crypto/hash.h:LINE
      27  UBSAN: Undefined behaviour in ./include/crypto/hash.h:LINE
      28  no output from test machine
      28  UBSAN: Undefined behaviour in ./include/crypto/hash.h:LINE
      28  UBSAN: Undefined behaviour in ./include/crypto/hash.h:LINE
      29  UBSAN: Undefined behaviour in ./include/crypto/hash.h:LINE
      29  UBSAN: Undefined behaviour in ./include/crypto/hash.h:LINE
      29  UBSAN: Undefined behaviour in ./include/crypto/hash.h:LINE
      29  UBSAN: Undefined behaviour in ./include/crypto/hash.h:LINE
      29  UBSAN: Undefined behaviour in ./include/crypto/hash.h:LINE
      30  UBSAN: Undefined behaviour in ./include/crypto/hash.h:LINE
      30  UBSAN: Undefined behaviour in ./include/crypto/hash.h:LINE
      30  UBSAN: Undefined behaviour in ./include/crypto/hash.h:LINE
      30  UBSAN: Undefined behaviour in ./include/crypto/hash.h:LINE
Attempt 6: (RETRY)
    Time  Bug Name
      10  UBSAN: Undefined behaviour in ./include/crypto/hash.h:LINE
      11  UBSAN: Undefined behaviour in ./include/crypto/hash.h:LINE
      12  UBSAN: Undefined behaviour in ./include/crypto/hash.h:LINE
      13  no output from test machine
      13  no output from test machine
      13  no output from test machine
      13  UBSAN: Undefined behaviour in ./include/crypto/hash.h:LINE
      14  UBSAN: Undefined behaviour in ./include/crypto/hash.h:LINE
      14  UBSAN: Undefined behaviour in ./include/crypto/hash.h:LINE
      14  UBSAN: Undefined behaviour in ./include/crypto/hash.h:LINE
      14  UBSAN: Undefined behaviour in fs/ioctl.c:LINE
      15  UBSAN: Undefined behaviour in ./include/crypto/hash.h:LINE
      16  UBSAN: Undefined behaviour in ./include/crypto/hash.h:LINE
      16  UBSAN: Undefined behaviour in ./include/crypto/hash.h:LINE
      16  UBSAN: Undefined behaviour in fs/ioctl.c:LINE
      16  UBSAN: Undefined behaviour in fs/ioctl.c:LINE
      17  UBSAN: Undefined behaviour in ./include/net/route.h:LINE
      17  UBSAN: Undefined behaviour in ./include/crypto/hash.h:LINE
      17  UBSAN: Undefined behaviour in ./include/crypto/hash.h:LINE
      17  UBSAN: Undefined behaviour in fs/ioctl.c:LINE
      18  UBSAN: Undefined behaviour in ./include/crypto/hash.h:LINE
      18  UBSAN: Undefined behaviour in ./include/crypto/hash.h:LINE
      18  UBSAN: Undefined behaviour in ./include/crypto/hash.h:LINE
      18  UBSAN: Undefined behaviour in ./include/crypto/hash.h:LINE
      19  UBSAN: Undefined behaviour in ./include/crypto/hash.h:LINE
      19  UBSAN: Undefined behaviour in ./include/crypto/hash.h:LINE
      19  UBSAN: Undefined behaviour in fs/ioctl.c:LINE
      19  UBSAN: Undefined behaviour in fs/ioctl.c:LINE
      20  UBSAN: Undefined behaviour in ./include/crypto/hash.h:LINE
      20  UBSAN: Undefined behaviour in ./include/crypto/hash.h:LINE
      20  UBSAN: Undefined behaviour in ./include/crypto/hash.h:LINE
      20  UBSAN: Undefined behaviour in ./include/crypto/hash.h:LINE
      21  UBSAN: Undefined behaviour in ./include/crypto/hash.h:LINE
      21  UBSAN: Undefined behaviour in ./include/crypto/hash.h:LINE
      21  UBSAN: Undefined behaviour in fs/ioctl.c:LINE
      22  UBSAN: Undefined behaviour in ./include/net/route.h:LINE
      22  UBSAN: Undefined behaviour in ./include/net/route.h:LINE
      22  UBSAN: Undefined behaviour in ./include/crypto/hash.h:LINE
      22  UBSAN: Undefined behaviour in ./include/crypto/hash.h:LINE
      22  UBSAN: Undefined behaviour in ./include/crypto/hash.h:LINE
      22  UBSAN: Undefined behaviour in ./include/crypto/hash.h:LINE
      22  UBSAN: Undefined behaviour in ./include/crypto/hash.h:LINE
      23  UBSAN: Undefined behaviour in ./include/crypto/hash.h:LINE
      23  UBSAN: Undefined behaviour in fs/ioctl.c:LINE
      24  UBSAN: Undefined behaviour in ./include/net/route.h:LINE
      24  UBSAN: Undefined behaviour in ./include/crypto/hash.h:LINE
      24  UBSAN: Undefined behaviour in ./include/crypto/hash.h:LINE
      24  UBSAN: Undefined behaviour in ./include/crypto/hash.h:LINE
      24  UBSAN: Undefined behaviour in ./include/crypto/hash.h:LINE
      24  UBSAN: Undefined behaviour in ./include/crypto/hash.h:LINE
      25  UBSAN: Undefined behaviour in ./include/crypto/hash.h:LINE
      25  UBSAN: Undefined behaviour in ./include/crypto/hash.h:LINE
      25  UBSAN: Undefined behaviour in fs/ioctl.c:LINE
      25  UBSAN: Undefined behaviour in fs/ioctl.c:LINE
      26  UBSAN: Undefined behaviour in ./include/net/route.h:LINE
      26  UBSAN: Undefined behaviour in ./include/crypto/hash.h:LINE
      26  UBSAN: Undefined behaviour in ./include/crypto/hash.h:LINE
      26  UBSAN: Undefined behaviour in fs/ioctl.c:LINE
      27  UBSAN: Undefined behaviour in ./include/crypto/hash.h:LINE
      27  UBSAN: Undefined behaviour in ./include/crypto/hash.h:LINE
      27  UBSAN: Undefined behaviour in ./include/crypto/hash.h:LINE
      27  UBSAN: Undefined behaviour in fs/ioctl.c:LINE
      28  UBSAN: Undefined behaviour in ./include/crypto/hash.h:LINE
      28  UBSAN: Undefined behaviour in ./include/crypto/hash.h:LINE
      28  UBSAN: Undefined behaviour in ./include/crypto/hash.h:LINE
      29  UBSAN: Undefined behaviour in ./include/crypto/hash.h:LINE
      29  UBSAN: Undefined behaviour in ./include/crypto/hash.h:LINE
      29  UBSAN: Undefined behaviour in ./include/crypto/hash.h:LINE
      29  UBSAN: Undefined behaviour in fs/ioctl.c:LINE
      30  UBSAN: Undefined behaviour in ./include/crypto/hash.h:LINE
      30  UBSAN: Undefined behaviour in ./include/crypto/hash.h:LINE
      30  UBSAN: Undefined behaviour in ./include/crypto/hash.h:LINE
      30  UBSAN: Undefined behaviour in fs/ioctl.c:LINE
The bug was not found.
Warning: This session is unstable.

2023-03-18 12:01:18
Session:   5
Template:  2018-08-31 - a4718693a3d9fcabb02299b2ec07c19d8208c539
Syzkaller: 2018-08-31 - a4718693a3d9fcabb02299b2ec07c19d8208c539
Kernel:    2018-08-31 - 420f51f4ab6bce6e580390729fadb89c31123636
Compiler:  gcc-8.0.1-20180412
Attempt 1:
    Time  Bug Name
       3  KASAN: invalid-free in x25_asy_free
***    3  general protection fault in cdev_del
The bug was found.

2023-03-18 12:52:14
Session:   6
Template:  2018-06-18 - 920b18be87d248413f549d978d7dd68495a6ea7c
Syzkaller: 2018-06-18 - 920b18be87d248413f549d978d7dd68495a6ea7c
Kernel:    2018-06-18 - ba4dbdedd3edc2798659bcd8b1a184ea8bdd04dc
Compiler:  gcc-8.0.1-20180412
Attempt 1:
    No crashes found.
Attempt 2:
    No crashes found.
Attempt 3:
    No crashes found.
The bug was not found.

2023-03-18 15:17:29
Session:   7
Template:  2018-07-09 - 59da9e439317c83d5374d06832060fbd66efbbbc
Syzkaller: 2018-07-09 - 59da9e439317c83d5374d06832060fbd66efbbbc
Kernel:    2018-07-09 - bdf33113d89f70186ffb6674e925fa9b8a0266b1
Compiler:  gcc-8.0.1-20180412
Attempt 1:
    Time  Bug Name
       2  UBSAN: Undefined behaviour in ./include/crypto/hash.h:LINE
       2  UBSAN: Undefined behaviour in ./include/crypto/hash.h:LINE
       2  UBSAN: Undefined behaviour in ./include/crypto/hash.h:LINE
       2  UBSAN: Undefined behaviour in ./include/crypto/hash.h:LINE
      17  UBSAN: Undefined behaviour in kernel/events/core.c:NUM:LINE
Attempt 2:
    Time  Bug Name
       1  UBSAN: Undefined behaviour in ./include/crypto/hash.h:LINE
       1  UBSAN: Undefined behaviour in ./include/crypto/hash.h:LINE
       2  UBSAN: Undefined behaviour in ./include/crypto/hash.h:LINE
      15  BUG: workqueue lockup
Attempt 3:
    Time  Bug Name
       2  UBSAN: Undefined behaviour in ./include/crypto/hash.h:LINE
       2  UBSAN: Undefined behaviour in ./include/crypto/hash.h:LINE
       2  UBSAN: Undefined behaviour in ./include/crypto/hash.h:LINE
       2  UBSAN: Undefined behaviour in ./include/crypto/hash.h:LINE
      23  UBSAN: Undefined behaviour in fs/char_dev.c:LINE
      24  UBSAN: Undefined behaviour in fs/ioctl.c:LINE
      28  UBSAN: Undefined behaviour in fs/ioctl.c:LINE
The bug was not found.

2023-03-18 17:16:19
Session:   8
Template:  2018-07-09 - 59da9e439317c83d5374d06832060fbd66efbbbc
Syzkaller: 2018-08-31 - a4718693a3d9fcabb02299b2ec07c19d8208c539
Kernel:    2018-08-31 - 420f51f4ab6bce6e580390729fadb89c31123636
Compiler:  gcc-8.0.1-20180412
Attempt 1:
    Time  Bug Name
      18  lost connection to test machine
      22  possible deadlock in console_unlock
***   26  general protection fault in cdev_del
The bug was found.
Switching to Safe Mode: Fuzzing 5 times at 30 minutes

==== Kernel Retrospection ====
390 Linux commits in [2018-07-09, 2018-08-31].

2023-03-18 18:12:17
Session:   9
Template:  2018-08-14 - 9ccc1d4565436890480aea12b6ae347384b2d1ab
Syzkaller: 2018-08-14 - 9ccc1d4565436890480aea12b6ae347384b2d1ab
Kernel:    2018-08-14 - 10f3e23f07cb0c20f9bcb77a5b5a7eb2a1b2a2fe
Compiler:  gcc-8.0.1-20180412
Attempt 1:
    Time  Bug Name
***   19  general protection fault in cdev_del
The bug was found.

2023-03-18 19:20:54
Session:   10
Template:  2018-07-30 - b8bd991ee2f77d225913d41c57b9a420b4559900
Syzkaller: 2018-07-30 - b8bd991ee2f77d225913d41c57b9a420b4559900
Kernel:    2018-07-30 - ae3e10aba57c284818fd493b18732ce8a4632e1e
Compiler:  gcc-8.0.1-20180412
Attempt 1:
    Time  Bug Name
       2  UBSAN: Undefined behaviour in ./include/crypto/hash.h:LINE
       6  BUG: workqueue lockup
      21  UBSAN: Undefined behaviour in fs/ioctl.c:LINE
      24  UBSAN: Undefined behaviour in fs/ioctl.c:LINE
      26  UBSAN: Undefined behaviour in fs/ioctl.c:LINE
      28  UBSAN: Undefined behaviour in fs/ioctl.c:LINE
      29  UBSAN: Undefined behaviour in fs/ioctl.c:LINE
Attempt 2:
    Time  Bug Name
       2  UBSAN: Undefined behaviour in ./include/crypto/hash.h:LINE
       2  UBSAN: Undefined behaviour in ./include/crypto/hash.h:LINE
       2  UBSAN: Undefined behaviour in ./include/crypto/hash.h:LINE
       2  UBSAN: Undefined behaviour in ./include/crypto/hash.h:LINE
      17  WARNING: can't dereference registers at ADDR for ip interrupt_entry
      18  UBSAN: Undefined behaviour in fs/ioctl.c:LINE
      18  UBSAN: Undefined behaviour in fs/ioctl.c:LINE
      22  possible deadlock in console_unlock
      28  possible deadlock in console_unlock
      28  UBSAN: Undefined behaviour in fs/ioctl.c:LINE
Attempt 3:
    Time  Bug Name
       1  UBSAN: Undefined behaviour in ./include/crypto/hash.h:LINE
       4  UBSAN: Undefined behaviour in ./include/crypto/hash.h:LINE
      11  UBSAN: Undefined behaviour in ./include/asm-generic/termios.h:LINE
      16  UBSAN: Undefined behaviour in kernel/events/core.c:NUM:LINE
      19  possible deadlock in console_unlock
      27  possible deadlock in console_unlock
      27  UBSAN: Undefined behaviour in fs/ioctl.c:LINE
Attempt 4:
    Time  Bug Name
       1  UBSAN: Undefined behaviour in ./include/crypto/hash.h:LINE
       2  UBSAN: Undefined behaviour in ./include/crypto/hash.h:LINE
       2  UBSAN: Undefined behaviour in ./include/crypto/hash.h:LINE
       5  UBSAN: Undefined behaviour in fs/ioctl.c:LINE
      15  UBSAN: Undefined behaviour in kernel/events/core.c:NUM:LINE
      25  possible deadlock in console_unlock
Attempt 5:
    Time  Bug Name
       2  UBSAN: Undefined behaviour in ./include/crypto/hash.h:LINE
       2  UBSAN: Undefined behaviour in ./include/crypto/hash.h:LINE
       2  UBSAN: Undefined behaviour in ./include/crypto/hash.h:LINE
      23  UBSAN: Undefined behaviour in fs/ioctl.c:LINE
      30  possible deadlock in console_unlock
The bug was not found.

2023-03-18 22:45:23
Session:   11
Template:  2018-08-10 - 7a88b14122b5b70ed04bcd75932f411256e1662b
Syzkaller: 2018-08-10 - 7a88b14122b5b70ed04bcd75932f411256e1662b
Kernel:    2018-08-11 - 24eee1e4c47977bdfb71d6f15f6011e7b6188d04
Compiler:  gcc-8.0.1-20180412
Attempt 1:
    Time  Bug Name
       5  KASAN: invalid-free in x25_asy_free
      25  possible deadlock in console_unlock
***   27  general protection fault in cdev_del
The bug was found.

2023-03-18 23:54:25
Session:   12
Template:  2018-08-03 - df7f6947ba33144e6f1845faf37f62194d3f3c36
Syzkaller: 2018-08-03 - df7f6947ba33144e6f1845faf37f62194d3f3c36
Kernel:    2018-08-03 - 7123fd41e35a2868cbc2fc611c15a745692b3d78
Compiler:  gcc-8.0.1-20180412
Attempt 1:
    Time  Bug Name
       1  UBSAN: Undefined behaviour in ./include/crypto/hash.h:LINE
      15  KASAN: invalid-free in x25_asy_free
      16  UBSAN: Undefined behaviour in fs/ioctl.c:LINE
      17  UBSAN: Undefined behaviour in kernel/events/core.c:NUM:LINE
      21  possible deadlock in console_unlock
Attempt 2:
    Time  Bug Name
       3  UBSAN: Undefined behaviour in ./include/crypto/hash.h:LINE
       3  UBSAN: Undefined behaviour in ./include/crypto/hash.h:LINE
       3  UBSAN: Undefined behaviour in ./include/crypto/hash.h:LINE
       3  UBSAN: Undefined behaviour in ./include/crypto/hash.h:LINE
       4  UBSAN: Undefined behaviour in ./include/crypto/hash.h:LINE
Attempt 3:
    Time  Bug Name
       2  UBSAN: Undefined behaviour in ./include/crypto/hash.h:LINE
      12  WARNING: can't dereference registers at ADDR for ip interrupt_entry
      18  UBSAN: Undefined behaviour in fs/ioctl.c:LINE
Attempt 4:
    Time  Bug Name
       2  UBSAN: Undefined behaviour in ./include/crypto/hash.h:LINE
       5  UBSAN: Undefined behaviour in ./include/crypto/hash.h:LINE
Attempt 5:
    Time  Bug Name
       2  UBSAN: Undefined behaviour in ./include/crypto/hash.h:LINE
       2  UBSAN: Undefined behaviour in ./include/crypto/hash.h:LINE
      22  UBSAN: Undefined behaviour in fs/ioctl.c:LINE
      28  possible deadlock in console_unlock
The bug was not found.

2023-03-19 03:04:11
Session:   13
Template:  2018-08-05 - 1beb81367ce08594953fd11d686589b9613c3a97
Syzkaller: 2018-08-05 - 1beb81367ce08594953fd11d686589b9613c3a97
Kernel:    2018-08-05 - 0cdf6d4607df37804955530e153cee2d363c426e
Compiler:  gcc-8.0.1-20180412
Attempt 1:
    Time  Bug Name
       2  UBSAN: Undefined behaviour in ./include/crypto/hash.h:LINE
       2  UBSAN: Undefined behaviour in ./include/crypto/hash.h:LINE
       2  UBSAN: Undefined behaviour in ./include/crypto/hash.h:LINE
       5  UBSAN: Undefined behaviour in kernel/events/core.c:NUM:LINE
Attempt 2:
    Time  Bug Name
       1  UBSAN: Undefined behaviour in ./include/crypto/hash.h:LINE
       1  UBSAN: Undefined behaviour in ./include/crypto/hash.h:LINE
       2  UBSAN: Undefined behaviour in ./include/crypto/hash.h:LINE
       2  UBSAN: Undefined behaviour in ./include/crypto/hash.h:LINE
       9  UBSAN: Undefined behaviour in kernel/events/core.c:NUM:LINE
      15  UBSAN: Undefined behaviour in kernel/events/core.c:NUM:LINE
      16  UBSAN: Undefined behaviour in ./include/asm-generic/termios.h:LINE
      26  UBSAN: Undefined behaviour in fs/char_dev.c:LINE
      30  UBSAN: Undefined behaviour in fs/ioctl.c:LINE
Attempt 3:
    Time  Bug Name
       1  UBSAN: Undefined behaviour in ./include/crypto/hash.h:LINE
       2  UBSAN: Undefined behaviour in ./include/crypto/hash.h:LINE
      12  UBSAN: Undefined behaviour in ./include/crypto/hash.h:LINE
      14  UBSAN: Undefined behaviour in fs/ioctl.c:LINE
      15  UBSAN: Undefined behaviour in ./include/crypto/hash.h:LINE
      22  UBSAN: Undefined behaviour in fs/ioctl.c:LINE
      23  UBSAN: Undefined behaviour in fs/ioctl.c:LINE
      26  UBSAN: Undefined behaviour in fs/ioctl.c:LINE
      27  BUG: unable to handle kernel paging request in slhc_free
      28  possible deadlock in console_unlock
Attempt 4:
    Time  Bug Name
       2  UBSAN: Undefined behaviour in ./include/crypto/hash.h:LINE
       6  KASAN: invalid-free in x25_asy_free
      26  possible deadlock in console_unlock
      29  UBSAN: Undefined behaviour in kernel/events/core.c:NUM:LINE
      29  KASAN: invalid-free in x25_asy_free
Attempt 5:
    Time  Bug Name
       1  UBSAN: Undefined behaviour in ./include/crypto/hash.h:LINE
      10  possible deadlock in console_unlock
      11  UBSAN: Undefined behaviour in kernel/events/core.c:NUM:LINE
      19  KASAN: invalid-free in x25_asy_free
      21  UBSAN: Undefined behaviour in fs/ioctl.c:LINE
      25  UBSAN: Undefined behaviour in fs/char_dev.c:LINE
      28  UBSAN: Undefined behaviour in fs/ioctl.c:LINE
The bug was not found.

2023-03-19 06:04:16
Session:   14
Template:  2018-08-08 - 2eeda842c89d39fee894ae34dca9829e3d77cf43
Syzkaller: 2018-08-08 - 2eeda842c89d39fee894ae34dca9829e3d77cf43
Kernel:    2018-08-08 - fedb8da96355f5f64353625bf96dc69423ad1826
Compiler:  gcc-8.0.1-20180412
Attempt 1:
    Time  Bug Name
       2  UBSAN: Undefined behaviour in ./include/crypto/hash.h:LINE
       2  UBSAN: Undefined behaviour in ./include/crypto/hash.h:LINE
       2  UBSAN: Undefined behaviour in ./include/crypto/hash.h:LINE
       2  UBSAN: Undefined behaviour in ./include/crypto/hash.h:LINE
      13  KASAN: invalid-free in x25_asy_free
      21  BUG: unable to handle kernel paging request in slhc_free
      25  possible deadlock in console_unlock
Attempt 2:
    Time  Bug Name
       2  UBSAN: Undefined behaviour in ./include/crypto/hash.h:LINE
       2  UBSAN: Undefined behaviour in ./include/crypto/hash.h:LINE
       2  UBSAN: Undefined behaviour in ./include/crypto/hash.h:LINE
       5  KASAN: invalid-free in x25_asy_free
      14  UBSAN: Undefined behaviour in fs/ioctl.c:LINE
      18  possible deadlock in console_unlock
      28  KASAN: invalid-free in x25_asy_free
Attempt 3:
    Time  Bug Name
       2  UBSAN: Undefined behaviour in ./include/crypto/hash.h:LINE
       2  UBSAN: Undefined behaviour in ./include/crypto/hash.h:LINE
       6  possible deadlock in console_unlock
      20  UBSAN: Undefined behaviour in fs/ioctl.c:LINE
      25  UBSAN: Undefined behaviour in fs/ioctl.c:LINE
Attempt 4:
    Time  Bug Name
       2  UBSAN: Undefined behaviour in ./include/crypto/hash.h:LINE
       2  UBSAN: Undefined behaviour in ./include/crypto/hash.h:LINE
       2  UBSAN: Undefined behaviour in ./include/crypto/hash.h:LINE
      17  possible deadlock in console_unlock
      17  UBSAN: Undefined behaviour in kernel/events/core.c:NUM:LINE
      20  UBSAN: Undefined behaviour in drivers/tty/tty_io.c:LINE
      24  BUG: unable to handle kernel paging request in slhc_free
      26  possible deadlock in console_unlock
      28  UBSAN: Undefined behaviour in fs/ioctl.c:LINE
Attempt 5:
    Time  Bug Name
       2  UBSAN: Undefined behaviour in ./include/crypto/hash.h:LINE
       2  UBSAN: Undefined behaviour in ./include/crypto/hash.h:LINE
      29  possible deadlock in console_unlock
      30  UBSAN: Undefined behaviour in kernel/events/core.c:NUM:LINE
The bug was not found.

2023-03-19 09:07:02
Session:   15
Template:  2018-08-10 - 7a88b14122b5b70ed04bcd75932f411256e1662b
Syzkaller: 2018-08-10 - 7a88b14122b5b70ed04bcd75932f411256e1662b
Kernel:    2018-08-10 - f313b43be461f157755a57c1156f86abe10588de
Compiler:  gcc-8.0.1-20180412
Attempt 1:
    Time  Bug Name
       2  UBSAN: Undefined behaviour in ./include/crypto/hash.h:LINE
       2  UBSAN: Undefined behaviour in ./include/crypto/hash.h:LINE
       2  UBSAN: Undefined behaviour in ./include/crypto/hash.h:LINE
       8  UBSAN: Undefined behaviour in fs/char_dev.c:LINE
      15  possible deadlock in console_unlock
      19  WARNING: can't dereference registers at ADDR for ip interrupt_entry
      22  UBSAN: Undefined behaviour in kernel/events/core.c:NUM:LINE
      29  possible deadlock in console_unlock
      29  possible deadlock in console_unlock
Attempt 2:
    Time  Bug Name
       2  UBSAN: Undefined behaviour in ./include/crypto/hash.h:LINE
       2  UBSAN: Undefined behaviour in ./include/crypto/hash.h:LINE
       2  UBSAN: Undefined behaviour in ./include/crypto/hash.h:LINE
       4  BUG: soft lockup in __save_stack_trace
       6  KASAN: invalid-free in x25_asy_free
Attempt 3:
    Time  Bug Name
       2  UBSAN: Undefined behaviour in ./include/crypto/hash.h:LINE
       2  UBSAN: Undefined behaviour in ./include/crypto/hash.h:LINE
       2  UBSAN: Undefined behaviour in ./include/crypto/hash.h:LINE
       5  BUG: unable to handle kernel paging request in slhc_free
       7  BUG: soft lockup in corrupted
       8  UBSAN: Undefined behaviour in kernel/events/core.c:NUM:LINE
      11  UBSAN: Undefined behaviour in ./include/crypto/hash.h:LINE
      16  UBSAN: Undefined behaviour in ./include/crypto/hash.h:LINE
      17  UBSAN: Undefined behaviour in ./include/crypto/hash.h:LINE
      21  UBSAN: Undefined behaviour in fs/ioctl.c:LINE
      25  UBSAN: Undefined behaviour in kernel/events/core.c:NUM:LINE
      27  UBSAN: Undefined behaviour in drivers/tty/tty_io.c:LINE
      27  possible deadlock in console_unlock
      29  UBSAN: Undefined behaviour in ./include/net/route.h:LINE
Attempt 4:
    Time  Bug Name
       2  UBSAN: Undefined behaviour in ./include/crypto/hash.h:LINE
       2  UBSAN: Undefined behaviour in ./include/crypto/hash.h:LINE
      20  UBSAN: Undefined behaviour in ./include/net/route.h:LINE
      23  UBSAN: Undefined behaviour in fs/ioctl.c:LINE
      24  KASAN: invalid-free in x25_asy_free
      29  UBSAN: Undefined behaviour in ./include/crypto/hash.h:LINE
      30  UBSAN: Undefined behaviour in fs/ioctl.c:LINE
Attempt 5:
    Time  Bug Name
       2  UBSAN: Undefined behaviour in ./include/crypto/hash.h:LINE
       2  UBSAN: Undefined behaviour in ./include/crypto/hash.h:LINE
       5  BUG: workqueue lockup
      15  KASAN: invalid-free in x25_asy_free
      19  UBSAN: Undefined behaviour in kernel/events/core.c:NUM:LINE
      20  possible deadlock in console_unlock
      21  UBSAN: Undefined behaviour in ./include/net/route.h:LINE
      23  UBSAN: Undefined behaviour in kernel/events/core.c:NUM:LINE
      27  possible deadlock in console_unlock
The bug was not found.

2023-03-19 12:11:01
Session:   16
Template:  2018-08-10 - 7a88b14122b5b70ed04bcd75932f411256e1662b
Syzkaller: 2018-08-10 - 7a88b14122b5b70ed04bcd75932f411256e1662b
Kernel:    2018-08-11 - 3ca17b1f3628f916f79e0ab62f1bf0e45ec9ba92
Compiler:  gcc-8.0.1-20180412
Attempt 1:
    Time  Bug Name
       8  KASAN: invalid-free in x25_asy_free
      11  BUG: unable to handle kernel paging request in slhc_free
      26  WARNING: ODEBUG bug in hci_uart_tty_close
      27  KASAN: invalid-free in x25_asy_free
      30  lost connection to test machine
Attempt 2:
    Time  Bug Name
       4  BUG: workqueue lockup
      12  KASAN: invalid-free in x25_asy_free
      18  KASAN: invalid-free in x25_asy_free
      20  WARNING: can't dereference registers at ADDR for ip interrupt_entry
      23  possible deadlock in console_unlock
      27  lost connection to test machine
      29  possible deadlock in console_unlock
Attempt 3:
    Time  Bug Name
      10  KASAN: invalid-free in x25_asy_free
      13  possible deadlock in console_unlock
      22  possible deadlock in console_unlock
      24  lost connection to test machine
      27  possible deadlock in vprintk_emit
Attempt 4:
    Time  Bug Name
      11  lost connection to test machine
      21  lost connection to test machine
***   27  general protection fault in cdev_del
The bug was found.

2023-03-19 14:41:30
Session:   17
Template:  2018-08-10 - 7a88b14122b5b70ed04bcd75932f411256e1662b
Syzkaller: 2018-08-10 - 7a88b14122b5b70ed04bcd75932f411256e1662b
Kernel:    2018-08-11 - 5832fcf9990c0e72c468e0dc6022836bb1b8d1e8
Compiler:  gcc-8.0.1-20180412
Attempt 1:
    Time  Bug Name
       1  UBSAN: Undefined behaviour in ./include/crypto/hash.h:LINE
       2  UBSAN: Undefined behaviour in ./include/crypto/hash.h:LINE
       2  UBSAN: Undefined behaviour in ./include/crypto/hash.h:LINE
      16  UBSAN: Undefined behaviour in kernel/events/core.c:NUM:LINE
      16  UBSAN: Undefined behaviour in fs/ioctl.c:LINE
      17  possible deadlock in __queue_work
      19  UBSAN: Undefined behaviour in kernel/events/core.c:NUM:LINE
      21  UBSAN: Undefined behaviour in fs/char_dev.c:LINE
      21  UBSAN: Undefined behaviour in kernel/events/core.c:NUM:LINE
      30  UBSAN: Undefined behaviour in kernel/events/core.c:NUM:LINE
Attempt 2:
    Time  Bug Name
       2  UBSAN: Undefined behaviour in ./include/crypto/hash.h:LINE
      10  UBSAN: Undefined behaviour in ./include/net/route.h:LINE
      13  possible deadlock in console_unlock
Attempt 3:
    Time  Bug Name
       2  UBSAN: Undefined behaviour in ./include/crypto/hash.h:LINE
       6  UBSAN: Undefined behaviour in fs/ioctl.c:LINE
       7  UBSAN: Undefined behaviour in ./include/asm-generic/termios.h:LINE
      12  possible deadlock in console_unlock
      17  possible deadlock in console_unlock
      29  UBSAN: Undefined behaviour in fs/ioctl.c:LINE
      30  KASAN: invalid-free in x25_asy_free
Attempt 4:
    Time  Bug Name
       2  UBSAN: Undefined behaviour in ./include/crypto/hash.h:LINE
       2  UBSAN: Undefined behaviour in ./include/crypto/hash.h:LINE
       2  UBSAN: Undefined behaviour in ./include/crypto/hash.h:LINE
       9  UBSAN: Undefined behaviour in fs/ioctl.c:LINE
      17  UBSAN: Undefined behaviour in kernel/events/core.c:NUM:LINE
      27  UBSAN: Undefined behaviour in fs/ioctl.c:LINE
      28  UBSAN: Undefined behaviour in fs/ioctl.c:LINE
      29  UBSAN: Undefined behaviour in ./include/net/route.h:LINE
      30  UBSAN: Undefined behaviour in kernel/events/core.c:NUM:LINE
Attempt 5:
    Time  Bug Name
       2  UBSAN: Undefined behaviour in ./include/crypto/hash.h:LINE
       2  UBSAN: Undefined behaviour in ./include/crypto/hash.h:LINE
       7  UBSAN: Undefined behaviour in fs/ioctl.c:LINE
      17  UBSAN: Undefined behaviour in ./include/net/route.h:LINE
      21  UBSAN: Undefined behaviour in fs/ioctl.c:LINE
      22  possible deadlock in console_unlock
      24  possible deadlock in console_unlock
      24  possible deadlock in console_unlock
      26  UBSAN: Undefined behaviour in ./include/crypto/hash.h:LINE
      27  UBSAN: Undefined behaviour in kernel/events/core.c:NUM:LINE
      28  UBSAN: Undefined behaviour in kernel/events/core.c:NUM:LINE
      29  possible deadlock in console_unlock
      29  UBSAN: Undefined behaviour in kernel/events/core.c:NUM:LINE
      30  UBSAN: Undefined behaviour in fs/ioctl.c:LINE
The bug was not found.

== Confirming the bisected commit ==

2023-03-19 17:38:41
Session:   18
Template:  2018-08-10 - 7a88b14122b5b70ed04bcd75932f411256e1662b
Syzkaller: 2018-08-10 - 7a88b14122b5b70ed04bcd75932f411256e1662b
Kernel:    2018-08-11 - 3ca17b1f3628f916f79e0ab62f1bf0e45ec9ba92
The bug was found in a previous identical fuzzing session.

2023-03-19 17:38:41
Session:   19
Template:  2018-08-10 - 7a88b14122b5b70ed04bcd75932f411256e1662b
Syzkaller: 2018-08-10 - 7a88b14122b5b70ed04bcd75932f411256e1662b
Kernel:    2018-08-11 - 5832fcf9990c0e72c468e0dc6022836bb1b8d1e8
The bug was not found in a previous identical fuzzing session.

====================================================================================================================================================
Revealing Factor:   Kernel Commit
Version:            2018-08-11 - 3ca17b1f3628f916f79e0ab62f1bf0e45ec9ba92
Commit Name:        lib/ubsan: remove null-pointer checks

Bug Name:           general protection fault in cdev_del
Bug Link:           https://syzkaller.appspot.com/bug?id=9936b32dd3a4a278f06a2cb07eb13df9e113ca84
Arch:               amd64
Finding Date:       2020-09-22
Finding Commit:     2020-09-21 - 98477740630f270aecf648f1d6a9dbc6027d4ff1
Guilty Merge:       2008-06-12 - 030352a9c7715780b2c01033ae9afe56249bb7cc
Guilty Commit:      2008-06-11 - 72dc1c096c7051a48ab1dbb12f71976656b55eb5

Possible Blocking Bugs:
    UBSAN: Undefined behaviour in ./include/crypto/hash.h:LINE
    UBSAN: Undefined behaviour in fs/ioctl.c:LINE
    UBSAN: Undefined behaviour in kernel/events/core.c:NUM:LINE
    possible deadlock in console_unlock
    KASAN: invalid-free in x25_asy_free

AUTHOR: Determined to be a blocking bug.

AUTHOR: This commit removed the null checks from ubsan, which removed the blocking bugs. Correct.
