WARNING in tracepoint_probe_register_prio,https://syzkaller.appspot.com/bug?id=c1b9f161150c64f00b24c61b548fbbbd5808aa92
Repository: linux
Arch: amd64
Finding: 2018-04-29 - 6da6c0db5316275015e8cc2959f12a17584aeb64
Guilty:  2014-04-08 - de7b2973903c6cc50b31ee5682a69b2219b9919d
Duplicate Names:
    WARNING in tracepoint_probe_unregister
    WARNING in tracepoint_probe_register_prio
VMs:4
CPUs:4
Procs:24
Max time:30
Max attempts:3
Testing the finding commit.

2023-04-23 08:11:43
Session:   1
Template:  2018-04-30 - d5b114b4015bcfb0ea2724efc01f478f6ea96b4f
Syzkaller: 2018-04-30 - d5b114b4015bcfb0ea2724efc01f478f6ea96b4f
Kernel:    2018-04-29 - 6da6c0db5316275015e8cc2959f12a17584aeb64
Compiler:  gcc-8.0.1-20180412
Attempt 1:
    No crashes found.
Attempt 2:
    No crashes found.
Attempt 3:
    Time  Bug Name
***   18  WARNING in tracepoint_probe_register_prio
      18  lost connection to test machine
Attempt 4: (RETRY)
    Time  Bug Name
***   14  WARNING in tracepoint_probe_register_prio
The bug was found.

New Max Time: 30.
Merge Commit: 2014-04-12 - 0a7418f5f569512e98789c439198eed4b507cce3.

==== Template Retrospection ====
7 template changes in [2017-07-22, 2018-04-30].

2023-04-23 10:52:46
Session:   2
Template:  2017-12-29 - b888d0cf5c4db046eef7d5c259b41d7f0719ecfc
Syzkaller: 2017-12-29 - b888d0cf5c4db046eef7d5c259b41d7f0719ecfc
Kernel:    2017-12-29 - 61233580f1f33c50e159c50e24d80ffd2ba2e06b
Compiler:  gcc-7.1.1-20170620
Attempt 1:
    Time  Bug Name
      29  lost connection to test machine
      29  lost connection to test machine
Attempt 2:
    Time  Bug Name
***   29  WARNING in tracepoint_probe_register_prio
The bug was found.
Switching to Safe Mode: Fuzzing 5 times at 30 minutes

2023-04-23 12:51:30
Session:   3
Template:  2017-12-27 - 7d240098d863e389e2fc6f1bc2240ea4e78a7afe
Syzkaller: 2017-12-27 - 7d240098d863e389e2fc6f1bc2240ea4e78a7afe
Kernel:    2017-12-27 - 5f520fc318764df800789edd202b5e3b55130613
Compiler:  gcc-7.1.1-20170620
Attempt 1:
    Time  Bug Name
      22  lost connection to test machine
      22  lost connection to test machine
***   23  WARNING in tracepoint_probe_register_prio
The bug was found.

2023-04-23 13:41:58
Session:   4
Template:  2017-09-05 - 19cc67af5b0ba82b4ac0685df7879cbdfc0f4c71
Syzkaller: 2017-09-05 - 19cc67af5b0ba82b4ac0685df7879cbdfc0f4c71
Kernel:    2017-09-05 - e7d0c41ecc2e372a81741a30894f556afec24315
Compiler:  gcc-7.1.1-20170620
Attempt 1:
    Time  Bug Name
***   19  WARNING in tracepoint_probe_register_prio
The bug was found.

2023-04-23 14:39:33
Session:   5
Template:  2017-07-21 - 87f9bdb8688ceafa804eb49d566bdc38dfb9fd5e
Syzkaller: 2017-09-05 - 19cc67af5b0ba82b4ac0685df7879cbdfc0f4c71
Kernel:    2017-09-05 - e7d0c41ecc2e372a81741a30894f556afec24315
Attempt 1:
    Time  Bug Name
***    4  WARNING in tracepoint_probe_register_prio
***    4  WARNING in tracepoint_probe_register_prio
***    4  WARNING in tracepoint_probe_register_prio
       4  lost connection to test machine
The bug was found.

==== Kernel Retrospection ====
262 Linux commits in [2017-07-22, 2017-09-05].

2023-04-23 14:48:03
Session:   6
Template:  2017-08-18 - b19edae95464132db61928670f18602653d82f06
Syzkaller: 2017-08-18 - b19edae95464132db61928670f18602653d82f06
Kernel:    2017-08-18 - cc28fcdc017e553375c999ca12107ceb27f34ab3
Compiler:  gcc-7.1.1-20170620
Attempt 1:
    Time  Bug Name
      20  BUG: soft lockup
***   20  WARNING in tracepoint_probe_register_prio
***   20  WARNING in tracepoint_probe_register_prio
***   20  WARNING in tracepoint_probe_register_prio
The bug was found.

2023-04-23 15:47:21
Session:   7
Template:  2017-08-04 - d23bf3250e6705f2272f5ffa5970948feb202a72
Syzkaller: 2017-08-04 - d23bf3250e6705f2272f5ffa5970948feb202a72
Kernel:    2017-08-04 - ef9ca02baa87c619aa4aa3d9784931ebf0c1ece2
Compiler:  gcc-7.1.1-20170620
Attempt 1:
    Time  Bug Name
      22  BUG: soft lockup
Attempt 2:
    Time  Bug Name
***   12  WARNING in tracepoint_probe_register_prio
***   12  WARNING in tracepoint_probe_register_prio
The bug was found.

2023-04-23 17:11:30
Session:   8
Template:  2017-07-28 - 032fb6f70ae1f26d2febedb6c566e341aaa5e039
Syzkaller: 2017-07-28 - 032fb6f70ae1f26d2febedb6c566e341aaa5e039
Kernel:    2017-07-28 - 19993e7378533d8d802d707be271074f2eb8e4fd
Compiler:  gcc-7.1.1-20170620
Attempt 1:
    No crashes found.
Attempt 2:
    Time  Bug Name
***    8  WARNING in tracepoint_probe_register_prio
***    8  WARNING in tracepoint_probe_register_prio
***    8  WARNING in tracepoint_probe_register_prio
The bug was found.

2023-04-23 18:40:02
Session:   9
Template:  2017-07-26 - 240fb175d9a4dc4ff79dfefa60c51096be302e4a
Syzkaller: 2017-07-26 - 240fb175d9a4dc4ff79dfefa60c51096be302e4a
Kernel:    2017-07-26 - da08f35b0f82b0a7a79f518faf8d0c0b477f91bc
Compiler:  gcc-7.1.1-20170620
Attempt 1:
    Time  Bug Name
       1  lost connection to test machine
       2  lost connection to test machine
       2  lost connection to test machine
***   20  WARNING in tracepoint_probe_register_prio
      20  lost connection to test machine
      20  lost connection to test machine
      20  lost connection to test machine
The bug was found.

2023-04-23 19:27:42
Session:   10
Template:  2017-07-21 - 87f9bdb8688ceafa804eb49d566bdc38dfb9fd5e
Syzkaller: 2017-07-21 - 87f9bdb8688ceafa804eb49d566bdc38dfb9fd5e
Kernel:    2017-07-23 - 7683e9e529258d01ce99216ad3be21f59eff83ec
Compiler:  gcc-7.1.1-20170620
Attempt 1:
    Time  Bug Name
***   30  WARNING in tracepoint_probe_register_prio
The bug was found.

2023-04-23 20:47:39
Session:   11
Template:  2017-07-21 - 87f9bdb8688ceafa804eb49d566bdc38dfb9fd5e
Syzkaller: 2017-07-21 - 87f9bdb8688ceafa804eb49d566bdc38dfb9fd5e
Kernel:    2017-07-22 - ae75d1aefe04c30de9b344abc69939cf7b537ac6
Compiler:  gcc-7.1.1-20170620
Attempt 1:
    No crashes found.
Attempt 2:
    Time  Bug Name
***   29  WARNING in tracepoint_probe_register_prio
***   29  WARNING in tracepoint_probe_register_prio
The bug was found.

2023-04-23 22:41:31
Session:   12
Template:  2017-07-21 - 87f9bdb8688ceafa804eb49d566bdc38dfb9fd5e
Syzkaller: 2017-07-21 - 87f9bdb8688ceafa804eb49d566bdc38dfb9fd5e
Kernel:    2017-07-22 - 55fd939e8ee4538c3b66a28975dcc3beb96f80ba
Compiler:  gcc-7.1.1-20170620
Attempt 1:
    Time  Bug Name
***   25  WARNING in tracepoint_probe_register_prio
***   25  WARNING in tracepoint_probe_register_prio
***   25  WARNING in tracepoint_probe_register_prio
The bug was found.

2023-04-23 23:38:47
Session:   13
Template:  2017-07-21 - 87f9bdb8688ceafa804eb49d566bdc38dfb9fd5e
Syzkaller: 2017-07-21 - 87f9bdb8688ceafa804eb49d566bdc38dfb9fd5e
Kernel:    2017-07-22 - bcb53e5769227813b7878df1ec9d329b0bd68f74
Compiler:  gcc-7.1.1-20170620
Attempt 1:
    Time  Bug Name
***   21  WARNING in tracepoint_probe_register_prio
***   21  WARNING in tracepoint_probe_register_prio
The bug was found.

2023-04-24 00:26:30
Session:   14
Template:  2017-07-21 - 87f9bdb8688ceafa804eb49d566bdc38dfb9fd5e
Syzkaller: 2017-07-21 - 87f9bdb8688ceafa804eb49d566bdc38dfb9fd5e
Kernel:    2017-07-22 - 82abbea734d659b4218ad06734b4927b43261985
Compiler:  gcc-7.1.1-20170620
Attempt 1:
    No crashes found.
Attempt 2:
    Time  Bug Name
***   14  WARNING in tracepoint_probe_register_prio
***   14  WARNING in tracepoint_probe_register_prio
***   14  WARNING in tracepoint_probe_register_prio
The bug was found.

== Confirming the bisected commit ==

2023-04-24 01:38:31
Session:   15
Template:  2017-07-21 - 87f9bdb8688ceafa804eb49d566bdc38dfb9fd5e
Syzkaller: 2017-07-21 - 87f9bdb8688ceafa804eb49d566bdc38dfb9fd5e
Kernel:    2017-07-22 - 82abbea734d659b4218ad06734b4927b43261985
The bug was found in a previous identical fuzzing session.

2023-04-24 01:38:32
Session:   16
Template:  2017-07-21 - 87f9bdb8688ceafa804eb49d566bdc38dfb9fd5e
Syzkaller: 2017-07-21 - 87f9bdb8688ceafa804eb49d566bdc38dfb9fd5e
Kernel:    2017-07-21 - 505d5c11192960a3f0639d1d9e05dffeddd4e874
Compiler:  gcc-7.1.1-20170620
Attempt 1:
    No crashes found.
Attempt 2:
    Time  Bug Name
***   20  WARNING in tracepoint_probe_register_prio
***   20  WARNING in tracepoint_probe_register_prio
***   20  WARNING in tracepoint_probe_register_prio
The bug was found.

==== Syzkaller Retrospection ====
0 Syzkaller commits from [2017-07-22].

====================================================================================================================================================
Revealing Factor:   Syzkaller Update
Version:            2017-07-21 - Unknown
Commit Name:        Unknown

Bug Name:           WARNING in tracepoint_probe_register_prio
Bug Link:           https://syzkaller.appspot.com/bug?id=c1b9f161150c64f00b24c61b548fbbbd5808aa92
Arch:               amd64
Finding Date:       2018-04-30
Finding Commit:     2018-04-29 - 6da6c0db5316275015e8cc2959f12a17584aeb64
Guilty Merge:       2014-04-12 - 0a7418f5f569512e98789c439198eed4b507cce3
Guilty Commit:      2014-04-08 - de7b2973903c6cc50b31ee5682a69b2219b9919d

Possible Blocking Bugs:

AUTHOR: This bug was revealed by the beginning of Syzbot. Correct.
