memory leak in gs_usb_probe,https://syzkaller.appspot.com/bug?extid=4d0ae90a195b269f102d
Repository: linux
Arch: amd64
Finding: 2022-03-24 - 52deda9551a01879b3562e7b41748e85c591f14c
Guilty:  2022-03-10 - 6679f4c5e5a6a783b004577a987f9815b877abce
No Duplicates
Single Proc Allocation
VMs:8
CPUs:2
Procs:16
Max time:30
Max attempts:5
Testing the finding commit.

2024-06-09 06:10:17
Session:   1
Template:  2022-03-24 - 89bc860804252dbacb8c2bea60b9204859f4afd7
Syzkaller: 2022-03-24 - 89bc860804252dbacb8c2bea60b9204859f4afd7
Kernel:    2022-03-24 - 52deda9551a01879b3562e7b41748e85c591f14c
Compiler:  gcc-10.2.1-20210110
Attempt 1:
    Time  Bug Name
***    2  memory leak in gs_usb_probe
Attempt 2:
    Time  Bug Name
***    2  memory leak in gs_usb_probe
Attempt 3:
    Time  Bug Name
***    2  memory leak in gs_usb_probe
Attempt 4:
    Time  Bug Name
***    2  memory leak in gs_usb_probe
       2  SYZFAIL: wrong response packet
       2  SYZFAIL: wrong response packet
Attempt 5:
    Time  Bug Name
***    2  memory leak in gs_usb_probe
       2  lost connection to test machine
Attempt 6: (RETRY)
    Time  Bug Name
***    2  memory leak in gs_usb_probe
Attempt 7: (RETRY)
    Time  Bug Name
***    2  memory leak in gs_usb_probe
The bug was found.

New Max Time: 30.
Merge Commit: 2022-03-11 - 8bed3d02a663aadcf21d841397acb7a46c2e554b.
No template updates to inspect.

==== Kernel Inspection ====
129 Linux commits in [2022-03-11, 2022-03-25].

2024-06-09 06:34:12
Session:   2
Template:  2022-03-17 - e2d91b1d0dd8c8b4760986ec8114469246022bb8
Syzkaller: 2022-03-17 - e2d91b1d0dd8c8b4760986ec8114469246022bb8
Kernel:    2022-03-17 - 435fe1c0c1f74b682dba85641406abf4337aade6
Compiler:  gcc-10.2.1-20210110
Attempt 1:
    Time  Bug Name
***    2  memory leak in gs_usb_probe
The bug was found.

2024-06-09 06:45:44
Session:   3
Template:  2022-03-08 - 9e8eaa75a18a5cf8102e862be692c0781759e51b
Syzkaller: 2022-03-08 - 9e8eaa75a18a5cf8102e862be692c0781759e51b
Kernel:    2022-03-14 - fbd9a2ceba5c74bbfa19cf257ae4b4b2c820860d
Compiler:  gcc-10.2.1-20210110
Attempt 1:
    Time  Bug Name
***    2  memory leak in gs_usb_probe
       2  SYZFAIL: wrong response packet
The bug was found.

2024-06-09 06:57:14
Session:   4
Template:  2022-03-08 - 9e8eaa75a18a5cf8102e862be692c0781759e51b
Syzkaller: 2022-03-08 - 9e8eaa75a18a5cf8102e862be692c0781759e51b
Kernel:    2022-03-11 - 59d5923536ac8640f4ff20d011a4851a3c143764
Compiler:  gcc-10.2.1-20210110
Attempt 1:
    Time  Bug Name
***    2  memory leak in gs_usb_probe
The bug was found.

2024-06-09 07:09:00
Session:   5
Template:  2022-03-08 - 9e8eaa75a18a5cf8102e862be692c0781759e51b
Syzkaller: 2022-03-08 - 9e8eaa75a18a5cf8102e862be692c0781759e51b
Kernel:    2022-03-11 - 8ef1dc4d204a5329eeeaf6edd9b62f6f2a64ebef
Compiler:  gcc-10.2.1-20210110
Attempt 1:
    Time  Bug Name
***    2  memory leak in gs_usb_probe
The bug was found.

2024-06-09 07:19:42
Session:   6
Template:  2022-03-08 - 9e8eaa75a18a5cf8102e862be692c0781759e51b
Syzkaller: 2022-03-08 - 9e8eaa75a18a5cf8102e862be692c0781759e51b
Kernel:    2022-03-11 - 4c7d2e179576e821b461bb4a58d0a834916601fa
Compiler:  gcc-10.2.1-20210110
Attempt 1:
    Time  Bug Name
***    2  memory leak in gs_usb_probe
The bug was found.

2024-06-09 07:30:44
Session:   7
Template:  2022-03-08 - 9e8eaa75a18a5cf8102e862be692c0781759e51b
Syzkaller: 2022-03-08 - 9e8eaa75a18a5cf8102e862be692c0781759e51b
Kernel:    2022-03-11 - 1926407a4ab0e59d5a27bed7b82029b356d80fa0
Compiler:  gcc-10.2.1-20210110
Attempt 1:
    Time  Bug Name
***    2  memory leak in gs_usb_probe
The bug was found.

2024-06-09 07:41:41
Session:   8
Template:  2022-03-08 - 9e8eaa75a18a5cf8102e862be692c0781759e51b
Syzkaller: 2022-03-08 - 9e8eaa75a18a5cf8102e862be692c0781759e51b
Kernel:    2022-03-11 - c40bb4fedcd6b8b6a714da5dd466eb88ed2652d1
Compiler:  gcc-10.2.1-20210110
Attempt 1:
    Time  Bug Name
***    2  memory leak in gs_usb_probe
       2  SYZFAIL: wrong response packet
The bug was found.

2024-06-09 07:52:09
Session:   9
Template:  2022-03-08 - 9e8eaa75a18a5cf8102e862be692c0781759e51b
Syzkaller: 2022-03-08 - 9e8eaa75a18a5cf8102e862be692c0781759e51b
Kernel:    2022-03-11 - 8bed3d02a663aadcf21d841397acb7a46c2e554b
Compiler:  gcc-10.2.1-20210110
Attempt 1:
    Time  Bug Name
       2  SYZFAIL: wrong response packet
       2  SYZFAIL: wrong response packet
Attempt 2:
    Time  Bug Name
       2  SYZFAIL: wrong response packet
Attempt 3:
    Time  Bug Name
***    2  memory leak in gs_usb_probe
The bug was found.

== Confirming the bisected commit ==

2024-06-09 09:02:31
Session:   10
Template:  2022-03-08 - 9e8eaa75a18a5cf8102e862be692c0781759e51b
Syzkaller: 2022-03-08 - 9e8eaa75a18a5cf8102e862be692c0781759e51b
Kernel:    2022-03-11 - 8bed3d02a663aadcf21d841397acb7a46c2e554b
The bug was found in a previous identical fuzzing session.

====================================================================================================================================================
Revealing Factor:   Guilty Merge
Version:            2022-03-11 - 8bed3d02a663aadcf21d841397acb7a46c2e554b
Commit Name:        Merge tag 'linux-can-next-for-5.18-20220310' of git://git.kernel.org/pub/scm/linux/kernel/git/mkl/linux-can-next

Bug Name:           memory leak in gs_usb_probe
Bug Link:           https://syzkaller.appspot.com/bug?extid=4d0ae90a195b269f102d
Arch:               amd64
Finding Date:       2022-03-25
Finding Commit:     2022-03-24 - 52deda9551a01879b3562e7b41748e85c591f14c
Guilty Merge:       2022-03-11 - 8bed3d02a663aadcf21d841397acb7a46c2e554b
Guilty Commit:      2022-03-10 - 6679f4c5e5a6a783b004577a987f9815b877abce

Possible Blocking Bugs:

AUTHOR: This bug reproduces at its guilty merge. Correct.
