WARNING in _copy_from_iter,https://syzkaller.appspot.com/bug?extid=d43608d061e8847ec9f3
Repository: linux
Arch: amd64
Finding: 2022-12-17 - f9ff5644bcc04221bae56f922122f2b7f5d24d62
Guilty:  2015-02-04 - f25dcc7687d42a72de18aa41b04990a24c9e77c7
No Duplicates
Single Proc Allocation
VMs:8
CPUs:2
Procs:16
Max time:30
Max attempts:3
Testing the finding commit.

2024-06-03 18:37:07
Session:   1
Template:  2022-12-16 - 05494336991504e3c6137b89eeddd492e17af6b6
Syzkaller: 2022-12-16 - 05494336991504e3c6137b89eeddd492e17af6b6
Kernel:    2022-12-17 - f9ff5644bcc04221bae56f922122f2b7f5d24d62
Compiler:  gcc-10.2.1-20210110
Attempt 1:
    Time  Bug Name
***    2  WARNING in _copy_from_iter
***    2  WARNING in _copy_from_iter
***    2  WARNING in _copy_from_iter
Attempt 2:
    Time  Bug Name
       2  INFO: rcu detected stall in corrupted
***    5  WARNING in _copy_from_iter
***    5  WARNING in _copy_from_iter
***    5  WARNING in _copy_from_iter
Attempt 3:
    Time  Bug Name
***    2  WARNING in _copy_from_iter
***    2  WARNING in _copy_from_iter
***    2  WARNING in _copy_from_iter
***    2  WARNING in _copy_from_iter
The bug was found.

New Max Time: 10.
Merge Commit: 2015-02-05 - f2683b743f2334ef49a5361bf596dd1fbd2c9be4.

==== Template Retrospection ====
156 template changes in [2017-07-22, 2022-12-18].

2024-06-03 21:01:37
Session:   2
Template:  2020-01-05 - d646e21ff436cd2a40b23314436cd53f21ae9500
Syzkaller: 2020-01-05 - d646e21ff436cd2a40b23314436cd53f21ae9500
Kernel:    2020-01-05 - c79f46a282390e0f5b306007bf7b11a46d529538
Compiler:  gcc-9.0.0-20181231
Attempt 1:
    No crashes found.
Attempt 2:
    No crashes found.
Attempt 3:
    No crashes found.
The bug was not found.

2024-06-03 21:46:40
Session:   3
Template:  2021-04-22 - 33c28d0389a6b0dd17a5de7c093a011cdadb33b1
Syzkaller: 2021-04-22 - 33c28d0389a6b0dd17a5de7c093a011cdadb33b1
Kernel:    2021-04-22 - 18a3c5f7abfdf97f88536d35338ebbee119c355c
Compiler:  gcc-10.2.1-20210110
Attempt 1:
    No crashes found.
Attempt 2:
    No crashes found.
Attempt 3:
    Time  Bug Name
       9  panic: disabled syscall
Attempt 4: (RETRY)
    No crashes found.
The bug was not found.

2024-06-03 22:41:36
Session:   4
Template:  2022-06-02 - 9305d4f6a615844e1e610074e97c8ade3b138e06
Syzkaller: 2022-06-02 - 9305d4f6a615844e1e610074e97c8ade3b138e06
Kernel:    2022-06-02 - 50fd82b3a9a9335df5d50c7ddcb81c81d358c4fc
Compiler:  gcc-10.2.1-20210110
Attempt 1:
    No crashes found.
Attempt 2:
    No crashes found.
Attempt 3:
    No crashes found.
The bug was not found.

2024-06-03 23:28:26
Session:   5
Template:  2022-09-22 - 5088f152247b1ec7659f72a05309254ca1b2b1d7
Syzkaller: 2022-09-22 - 5088f152247b1ec7659f72a05309254ca1b2b1d7
Kernel:    2022-09-22 - bf682942cd26ce9cd5e87f73ae099b383041e782
Compiler:  gcc-10.2.1-20210110
Attempt 1:
    Time  Bug Name
       3  SYZFATAL: executor NUM failed NUM times: executor NUM: exit status NUM
Attempt 2:
    No crashes found.
Attempt 3:
    Time  Bug Name
       2  INFO: rcu detected stall in corrupted
Attempt 4: (RETRY)
    No crashes found.
The bug was not found.

2024-06-04 00:26:44
Session:   6
Template:  2022-11-21 - 8cc0c5c595cd14fb40a0052bbedd7ff3e96f64c8
Syzkaller: 2022-11-21 - 8cc0c5c595cd14fb40a0052bbedd7ff3e96f64c8
Kernel:    2022-11-21 - eb7081409f94a9a8608593d0fb63a1aa3d6f95d8
Compiler:  gcc-10.2.1-20210110
Attempt 1:
    Time  Bug Name
       2  INFO: rcu detected stall in corrupted
Attempt 2:
    Time  Bug Name
       2  INFO: rcu detected stall in corrupted
Attempt 3:
    No crashes found.
The bug was not found.

2024-06-04 01:13:13
Session:   7
Template:  2022-11-28 - c978b4f429a62874e204961190136ab086828292
Syzkaller: 2022-11-28 - c978b4f429a62874e204961190136ab086828292
Kernel:    2022-11-28 - 4009166c3918ccfbf4daf0790630261153d6b646
Compiler:  gcc-10.2.1-20210110
Attempt 1:
    No crashes found.
Attempt 2:
    Time  Bug Name
       2  INFO: rcu detected stall in corrupted
Attempt 3:
    Time  Bug Name
       2  INFO: rcu detected stall in corrupted
The bug was not found.

2024-06-04 02:00:34
Session:   8
Template:  2022-11-28 - f0554c3b26cac12337570e5a4c212df8a59e3cef
Syzkaller: 2022-11-28 - f0554c3b26cac12337570e5a4c212df8a59e3cef
Kernel:    2022-11-28 - 4009166c3918ccfbf4daf0790630261153d6b646
Compiler:  gcc-10.2.1-20210110
Attempt 1:
    No crashes found.
Attempt 2:
    Time  Bug Name
       2  INFO: rcu detected stall in corrupted
Attempt 3:
    Time  Bug Name
       2  INFO: rcu detected stall in corrupted
The bug was not found.

==== Kernel Retrospection ====
221 Linux commits in [2022-11-28, 2022-12-18].

2024-06-04 02:46:15
Session:   9
Template:  2022-12-13 - f6511626584e1f100818d9036909e0480ffd34c1
Syzkaller: 2022-12-13 - f6511626584e1f100818d9036909e0480ffd34c1
Kernel:    2022-12-13 - eb4511538191ac758faa0735fe06c5ce8202ae04
Compiler:  gcc-10.2.1-20210110
Attempt 1:
    No crashes found.
Attempt 2:
    No crashes found.
Attempt 3:
    No crashes found.
The bug was not found.

2024-06-04 03:32:25
Session:   10
Template:  2022-12-13 - f6511626584e1f100818d9036909e0480ffd34c1
Syzkaller: 2022-12-13 - f6511626584e1f100818d9036909e0480ffd34c1
Kernel:    2022-12-13 - 3ba2c3ff98ea8bfb219288dbacf2a23a902c751b
Compiler:  gcc-10.2.1-20210110
Attempt 1:
    Time  Bug Name
***    2  WARNING in _copy_from_iter
***    2  WARNING in _copy_from_iter
The bug was found.

2024-06-04 03:51:54
Session:   11
Template:  2022-12-13 - f6511626584e1f100818d9036909e0480ffd34c1
Syzkaller: 2022-12-13 - f6511626584e1f100818d9036909e0480ffd34c1
Kernel:    2022-12-13 - e529d3507a93d3c9528580081bbaf931a50de154
Compiler:  gcc-10.2.1-20210110
Attempt 1:
    Time  Bug Name
       2  INFO: rcu detected stall in corrupted
***    4  WARNING in _copy_from_iter
***    4  WARNING in _copy_from_iter
***    4  WARNING in _copy_from_iter
***    4  WARNING in _copy_from_iter
***    4  WARNING in _copy_from_iter
The bug was found.

2024-06-04 04:12:32
Session:   12
Template:  2022-12-13 - f6511626584e1f100818d9036909e0480ffd34c1
Syzkaller: 2022-12-13 - f6511626584e1f100818d9036909e0480ffd34c1
Kernel:    2022-12-13 - 8129bac60f30936d2339535841db5b66d0520a67
Compiler:  gcc-10.2.1-20210110
Attempt 1:
    Time  Bug Name
***    2  WARNING in _copy_from_iter
***    2  WARNING in _copy_from_iter
       2  INFO: rcu detected stall in corrupted
The bug was found.

2024-06-04 04:32:42
Session:   13
Template:  2022-12-13 - f6511626584e1f100818d9036909e0480ffd34c1
Syzkaller: 2022-12-13 - f6511626584e1f100818d9036909e0480ffd34c1
Kernel:    2022-12-13 - 13c574fec815f449fa812df60844bbb4b1548d19
Compiler:  gcc-10.2.1-20210110
Attempt 1:
    Time  Bug Name
***    2  WARNING in _copy_from_iter
       2  INFO: rcu detected stall in corrupted
The bug was found.

2024-06-04 04:52:31
Session:   14
Template:  2022-12-13 - f6511626584e1f100818d9036909e0480ffd34c1
Syzkaller: 2022-12-13 - f6511626584e1f100818d9036909e0480ffd34c1
Kernel:    2022-12-13 - 405b2fc66333cf12e613634d49de301658e26426
Compiler:  gcc-10.2.1-20210110
Attempt 1:
    No crashes found.
Attempt 2:
    Time  Bug Name
       2  INFO: rcu detected stall in corrupted
Attempt 3:
    Time  Bug Name
       2  INFO: rcu detected stall in corrupted
The bug was not found.

2024-06-04 05:40:22
Session:   15
Template:  2022-12-13 - f6511626584e1f100818d9036909e0480ffd34c1
Syzkaller: 2022-12-13 - f6511626584e1f100818d9036909e0480ffd34c1
Kernel:    2022-12-13 - 75f4d9af8b67d7415afe50afcb4e96fd0bbd3ae2
Compiler:  gcc-10.2.1-20210110
Attempt 1:
    Time  Bug Name
***    2  WARNING in _copy_from_iter
The bug was found.

2024-06-04 05:58:39
Session:   16
Template:  2022-12-13 - f6511626584e1f100818d9036909e0480ffd34c1
Syzkaller: 2022-12-13 - f6511626584e1f100818d9036909e0480ffd34c1
Kernel:    2022-12-13 - 268369b171ff1be6a68ae8f33d0602c6bea48d2e
Compiler:  gcc-10.2.1-20210110
Attempt 1:
    No crashes found.
Attempt 2:
    Time  Bug Name
       2  INFO: rcu detected stall in corrupted
Attempt 3:
    Time  Bug Name
       2  INFO: rcu detected stall in corrupted
The bug was not found.

== Confirming the bisected commit ==

2024-06-04 06:44:33
Session:   17
Template:  2022-12-13 - f6511626584e1f100818d9036909e0480ffd34c1
Syzkaller: 2022-12-13 - f6511626584e1f100818d9036909e0480ffd34c1
Kernel:    2022-12-13 - 75f4d9af8b67d7415afe50afcb4e96fd0bbd3ae2
The bug was found in a previous identical fuzzing session.

2024-06-04 06:44:33
Session:   18
Template:  2022-12-13 - f6511626584e1f100818d9036909e0480ffd34c1
Syzkaller: 2022-12-13 - f6511626584e1f100818d9036909e0480ffd34c1
Kernel:    2022-12-13 - 268369b171ff1be6a68ae8f33d0602c6bea48d2e
The bug was not found in a previous identical fuzzing session.

====================================================================================================================================================
Revealing Factor:   Kernel Commit
Version:            2022-12-13 - 75f4d9af8b67d7415afe50afcb4e96fd0bbd3ae2
Commit Name:        Merge tag 'pull-iov_iter' of git://git.kernel.org/pub/scm/linux/kernel/git/viro/vfs

Bug Name:           WARNING in _copy_from_iter
Bug Link:           https://syzkaller.appspot.com/bug?extid=d43608d061e8847ec9f3
Arch:               amd64
Finding Date:       2022-12-18
Finding Commit:     2022-12-17 - f9ff5644bcc04221bae56f922122f2b7f5d24d62
Guilty Merge:       2015-02-05 - f2683b743f2334ef49a5361bf596dd1fbd2c9be4
Guilty Commit:      2015-02-04 - f25dcc7687d42a72de18aa41b04990a24c9e77c7

Possible Blocking Bugs:
    INFO: rcu detected stall in corrupted

AUTHOR: This commit changed what triggers the warning and revealed the bug. Correct.
