./bin/meerkat -i 1 -c /home/author/meerkat/wd-meerkat-1/meerkat.cfg -a b19edac5992da0188be98454ca592621d3d89844 -F ff-test,stateful-corpus,poc-test,ff-no-find-backup
Bisecting:          kernel BUG in prepare_to_merge
Warning: No syscall found that uses dirid.
Syzbot Link:        https://syzkaller.appspot.com/bug?extid=ae97a827ae1c3336bbb4
Working Name:       bug0841

Aliases:
    kernel BUG in prepare_to_merge

Anchor Commit:      b19edac5992da0188be98454ca592621d3d89844
Repository:         https://git.kernel.org/pub/scm/linux/kernel/git/torvalds/linux.git
Branch:             master
Arch:               amd64

Meerkat:            /home/author/meerkat/
Version:            1.2.0
Kernel:             /home/author/meerkat/wd-meerkat-1/kernel/
Syzkaller:          /home/author/meerkat/syzkaller/
Compilers:          /home/author/meerkat/compilers/
Compiler:           gcc (Ubuntu 12.3.0-1ubuntu1~22.04.3) 12.3.0
Linker:             GNU ld (GNU Binutils for Ubuntu) 2.38
Ccache:             ccache version 4.5.1
Image:              /home/author/meerkat/image/stretch/stretch.img
Image Key:          /home/author/meerkat/image/stretch/stretch.id_rsa

Workdir:            /home/author/meerkat/wd-meerkat-1/
Kconfig:            /home/author/meerkat/wd-meerkat-1/config-bug0841.txt
Reproducers: (1)    /home/author/meerkat/wd-meerkat-1/reproducers/
Primary PoC:        /home/author/meerkat/wd-meerkat-1/reproducers/repro-bug0841-3.prog
Syzkaller Workdir:  /home/author/meerkat/wd-meerkat-1/wd-kaller/
Log Directory:      /home/author/meerkat/wd-meerkat-1/log/

Syscalls: (23)      ["ioctl$BTRFS_IOC_GET_SUBVOL_INFO", "ioctl$BTRFS_IOC_GET_SUBVOL_ROOTREF", "ioctl$BTRFS_IOC_INO_LOOKUP", "ioctl$BTRFS_IOC_QUOTA_CTL", "ioctl$BTRFS_IOC_SNAP_CREATE", "ioctl$BTRFS_IOC_SUBVOL_CREATE_V2", "open", "openat", "openat$smack_thread_current", "read$FUSE", "syz_mount_image$btrfs", "syz_mount_image$msdos", "write$RDMA_USER_CM_CMD_RESOLVE_IP", "open$dir", "openat$fuse", "openat$rdma_cm", "write$FUSE_INTERRUPT", "getuid", "setgid", "getgid", "get_robust_list", "write$RDMA_USER_CM_CMD_CREATE_ID", "ioctl$BTRFS_IOC_BALANCE_PROGRESS"]
VM Count:           4
CPU Count:          4
Procs:              24
Memory:             4096
Make Procs:         16
Max Time:           10
Max Attempts:       1

==== Anchor Commit ====

2026-04-27 12:40:21
Session:   1
Kernel:    2023-06-27 - b19edac5992da0188be98454ca592621d3d89844
Compiler:  ccache gcc
Attempt 1:
    Time  Bug Name
       8  suppressed report
Attempt 2: (RETRY)
    No crashes found.
Attempt 3: (RETRY)
    No crashes found.
The bug was not found.

Failure: This bug cannot be found at the anchor commit.

==== Partial Result: Focused Fuzzing ====
Bisection Result:     Failed to reproduce at the anchor commit.
Stage Time:           1h2m1s
Run Time:             1h2m5s
=========================================
