./bin/meerkat -i 1 -c /home/author/meerkat/wd-meerkat-1/meerkat.cfg -a 9b59ec8d50a1f28747ceff9a4f39af5deba9540e -F ff-test,stateful-corpus,poc-test,ff-no-find-backup
Bisecting:          KASAN: use-after-free Write in sctp_auth_shkey_hold
Syzbot Link:        https://syzkaller.appspot.com/bug?id=4b0830ac666c3cae350904be00dca27f8be86715
Working Name:       bug0079

Aliases:
    KASAN: use-after-free Write in sctp_auth_shkey_hold

Anchor Commit:      9b59ec8d50a1f28747ceff9a4f39af5deba9540e
Repository:         https://git.kernel.org/pub/scm/linux/kernel/git/torvalds/linux.git
Branch:             master
Arch:               amd64

Meerkat:            /home/author/meerkat/
Version:            1.2.0
Kernel:             /home/author/meerkat/wd-meerkat-1/kernel/
Syzkaller:          /home/author/meerkat/syzkaller/
Compilers:          /home/author/meerkat/compilers/
Compiler:           gcc (Ubuntu 12.3.0-1ubuntu1~22.04.3) 12.3.0
Linker:             GNU ld (GNU Binutils for Ubuntu) 2.38
Ccache:             ccache version 4.5.1
Image:              /home/author/meerkat/image/stretch/stretch.img
Image Key:          /home/author/meerkat/image/stretch/stretch.id_rsa

Workdir:            /home/author/meerkat/wd-meerkat-1/
Kconfig:            /home/author/meerkat/wd-meerkat-1/config-bug0079.txt
Reproducers: (1)    /home/author/meerkat/wd-meerkat-1/reproducers/
Primary PoC:        /home/author/meerkat/wd-meerkat-1/reproducers/repro-bug0079-4.prog
Syzkaller Workdir:  /home/author/meerkat/wd-meerkat-1/wd-kaller/
Log Directory:      /home/author/meerkat/wd-meerkat-1/log/

Syscalls: (13)      ["sendto$inet6", "setsockopt", "setsockopt$inet_sctp6_SCTP_AUTH_CHUNK", "setsockopt$inet_sctp6_SCTP_AUTH_KEY", "setsockopt$inet_sctp_SCTP_SOCKOPT_BINDX_ADD", "socket$inet6_sctp", "socket$inet6", "socket", "getsockopt", "socket$inet_sctp", "ioctl$F2FS_IOC_START_ATOMIC_WRITE", "openat$selinux_enforce", "socket$inet"]
VM Count:           4
CPU Count:          4
Procs:              24
Memory:             4096
Make Procs:         16
Max Time:           10
Max Attempts:       1

==== Anchor Commit ====

2026-04-23 18:16:54
Session:   1
Kernel:    2022-07-15 - 9b59ec8d50a1f28747ceff9a4f39af5deba9540e
Compiler:  ccache gcc
Attempt 1:
    Time  Bug Name
       2  INFO: trying to register non-static key in ieee80211_do_stop
***    2  KASAN: use-after-free Write in sctp_auth_shkey_hold (has report)
Attempt 2: (RETRY)
    Time  Bug Name
       2  INFO: trying to register non-static key in ieee80211_do_stop
***    2  KASAN: use-after-free Write in sctp_auth_shkey_hold (3) (has report)
Attempt 3: (RETRY)
    Time  Bug Name
       2  INFO: trying to register non-static key in ieee80211_do_stop
       3  INFO: trying to register non-static key in ieee80211_do_stop (3)
***    4  KASAN: use-after-free Write in sctp_auth_shkey_hold (has report)
The bug was found.

New Max Time: 10

==== Major Release Search ====
11 Releases

2026-04-23 18:38:22
Session:   2
Kernel:    2022-05-22 - 4b0986a3613c92f4ec1bdc7f60ec66fea135991f (v5.18)
Compiler:  ccache gcc
Attempt 1:
    Time  Bug Name
***    2  KASAN: use-after-free Write in sctp_auth_shkey_hold (has report)
Running syz-repro.
New PoC saved at /home/author/meerkat/wd-meerkat-1/reproducers/repro-bug0079-0.prog
Primary PoC:     /home/author/meerkat/wd-meerkat-1/reproducers/repro-bug0079-0.prog
Run Time:        0h21m0s
The bug was found.
About 10 releases remaining

2026-04-23 19:13:53
Session:   3
Kernel:    2022-03-20 - f443e374ae131c168a065ea1748feac6b2e76613 (v5.17)
Compiler:  ccache gcc
Attempt 1:
    Time  Bug Name
***    2  KASAN: use-after-free Write in sctp_auth_shkey_hold (has report)
The bug was found.
About 9 releases remaining

2026-04-23 19:28:13
Session:   4
Kernel:    2022-01-09 - df0cc57e057f18e44dac8e6c18aba47ab53202f9 (v5.16)
Compiler:  ccache gcc
Attempt 1:
    Time  Bug Name
***    3  KASAN: use-after-free Write in sctp_auth_shkey_hold (has report)
The bug was found.
About 8 releases remaining

2026-04-23 19:43:46
Session:   5
Kernel:    2021-08-29 - 7d2a07b769330c34b4deabeed939325c77a7ec2f (v5.14)
Compiler:  ccache /home/author/meerkat/compilers/gcc-10.1.0/bin/gcc
Attempt 1:
    Time  Bug Name
***    5  KASAN: use-after-free Write in sctp_auth_shkey_hold (2) (has report)
Running syz-repro.
New PoC saved at /home/author/meerkat/wd-meerkat-1/reproducers/repro-bug0079-1.prog
Primary PoC:     /home/author/meerkat/wd-meerkat-1/reproducers/repro-bug0079-1.prog
Run Time:        0h25m0s
The bug was found.
About 7 releases remaining

2026-04-23 20:25:19
Session:   6
Kernel:    2021-04-25 - 9f4ad9e425a1d3b6a34617b8ea226d56a119a717 (v5.12)
Compiler:  ccache /home/author/meerkat/compilers/gcc-10.1.0/bin/gcc
Attempt 1:
    Time  Bug Name
       4  possible deadlock in sctp_addr_wq_timeout_handler
***    5  KASAN: use-after-free Write in sctp_auth_shkey_hold (has report)
The bug was found.
About 6 releases remaining

2026-04-23 20:41:31
Session:   7
Kernel:    2020-12-13 - 2c85ebc57b3e1817b6ce1a6b703928e113a90442 (v5.10)
Compiler:  ccache /home/author/meerkat/compilers/gcc-10.1.0/bin/gcc
Attempt 1:
    Time  Bug Name
***    5  KASAN: use-after-free Write in sctp_auth_shkey_hold (has report)
The bug was found.
About 5 releases remaining

2026-04-23 20:57:36
Session:   8
Kernel:    2020-08-02 - bcf876870b95592b52519ed4aafcf9d95999bc9c (v5.8)
Compiler:  ccache /home/author/meerkat/compilers/gcc-10.1.0/bin/gcc
Attempt 1:
    Time  Bug Name
***    2  KASAN: use-after-free Write in sctp_auth_shkey_hold (has report)
Running syz-repro.
New PoC saved at /home/author/meerkat/wd-meerkat-1/reproducers/repro-bug0079-0.prog
Primary PoC:     /home/author/meerkat/wd-meerkat-1/reproducers/repro-bug0079-0.prog
Run Time:        0h19m0s
The bug was found.
About 4 releases remaining

2026-04-23 21:28:58
Session:   9
Kernel:    2020-03-29 - 7111951b8d4973bda27ff663f2cf18b663d15b48 (v5.6)
Compiler:  ccache /home/author/meerkat/compilers/gcc-8.1.0/bin/gcc
Attempt 1:
    Time  Bug Name
       4  BUG: MAX_LOCKDEP_ENTRIES too low! (2) (has report)
***    5  KASAN: use-after-free Write in sctp_auth_shkey_hold (has report)
The bug was found.
About 3 releases remaining

2026-04-23 21:44:45
Session:   10
Kernel:    2019-11-24 - 219d54332a09e8d8741c1e1982f5eae56099de85 (v5.4)
Compiler:  ccache /home/author/meerkat/compilers/gcc-8.1.0/bin/gcc
Error: index error parsing basic report
Attempt 1:
    Time  Bug Name
       3  KASAN: use-after-free Read in sctp_packet_append_chunk (3) (has report)
       5  KASAN: use-after-free Read in sctp_packet_append_chunk (has report)
       5  BUG: MAX_LOCKDEP_ENTRIES too low! (has report)
       7  KASAN: use-after-free Read in sctp_auth_destroy_hmacs (2) (has report)
       9  KASAN: use-after-free Read in sctp_packet_append_chunk (3) (has report)
       9  BUG: MAX_LOCKDEP_ENTRIES too low! (has report)
The bug was not found.
About 2 releases remaining

==== Kernel Bisection ====
29189 Linux commits

2026-04-23 22:05:33
Session:   11
Kernel:    2020-01-03 - 3a562aee727a7bfbb3a37b1aa934118397dad701
Compiler:  ccache /home/author/meerkat/compilers/gcc-8.1.0/bin/gcc
Attempt 1:
    Time  Bug Name
       2  WARNING in __dev_mc_add (has report)
***    3  KASAN: use-after-free Write in sctp_auth_shkey_hold (has report)
The bug was found.
About 14582 commits remaining

2026-04-23 22:19:09
Session:   12
Kernel:    2019-11-27 - 8c39f71ee2019e77ee14f88b1321b2348db51820
Compiler:  ccache /home/author/meerkat/compilers/gcc-8.1.0/bin/gcc
Attempt 1:
    Time  Bug Name
       4  BUG: MAX_LOCKDEP_ENTRIES too low! (has report)
       5  BUG: MAX_LOCKDEP_ENTRIES too low! (3) (has report)
       8  BUG: MAX_LOCKDEP_ENTRIES too low! (2) (has report)
       9  BUG: MAX_LOCKDEP_ENTRIES too low! (2) (has report)
The bug was not found.
About 7725 commits remaining

2026-04-23 22:39:34
Session:   13
Kernel:    2019-12-02 - 937d6eefc716a9071f0e3bada19200de1bb9d048
Compiler:  ccache /home/author/meerkat/compilers/gcc-8.1.0/bin/gcc
Attempt 1:
    Time  Bug Name
       4  BUG: MAX_LOCKDEP_ENTRIES too low! (3) (has report)
       5  BUG: MAX_LOCKDEP_ENTRIES too low! (has report)
       8  BUG: MAX_LOCKDEP_ENTRIES too low! (has report)
       9  BUG: MAX_LOCKDEP_ENTRIES too low! (3) (has report)
The bug was not found.
About 3944 commits remaining

2026-04-23 23:00:00
Session:   14
Kernel:    2019-12-05 - eb275167d18684e07ee43bdc0e09a18326540461
Compiler:  ccache /home/author/meerkat/compilers/gcc-8.1.0/bin/gcc
Attempt 1:
    Time  Bug Name
       4  BUG: MAX_LOCKDEP_ENTRIES too low! (has report)
       5  BUG: MAX_LOCKDEP_ENTRIES too low! (3) (has report)
       8  BUG: MAX_LOCKDEP_ENTRIES too low! (2) (has report)
       9  BUG: MAX_LOCKDEP_ENTRIES too low! (2) (has report)
The bug was not found.
About 1753 commits remaining

2026-04-23 23:20:26
Session:   15
Kernel:    2019-12-14 - 894554c1ca793ad96a26b7c9f1eedd043e9e8164
Compiler:  ccache /home/author/meerkat/compilers/gcc-8.1.0/bin/gcc
Attempt 1:
    Time  Bug Name
       4  BUG: MAX_LOCKDEP_ENTRIES too low! (has report)
***    5  KASAN: use-after-free Write in sctp_auth_shkey_hold (has report)
Running syz-repro.
New PoC saved at /home/author/meerkat/wd-meerkat-1/reproducers/repro-bug0079-1.prog
Primary PoC:     /home/author/meerkat/wd-meerkat-1/reproducers/repro-bug0079-1.prog
Run Time:        0h54m0s
The bug was found.
About 877 commits remaining

2026-04-24 00:29:50
Session:   16
Kernel:    2019-12-07 - fb9bf40cf028ebbe7d5bdf8f7e93abe8e30bed0d
Compiler:  ccache /home/author/meerkat/compilers/gcc-8.1.0/bin/gcc
Error: index error parsing basic report
Attempt 1:
    Time  Bug Name
       4  BUG: MAX_LOCKDEP_ENTRIES too low! (has report)
       5  BUG: MAX_LOCKDEP_ENTRIES too low! (has report)
       7  BUG: MAX_LOCKDEP_ENTRIES too low! (2) (has report)
       8  KASAN: use-after-free Read in sctp_auth_destroy_hmacs (has report)
***    8  KASAN: use-after-free Write in sctp_auth_shkey_hold (2) (has report)
The bug was found.
About 458 commits remaining

2026-04-24 00:48:21
Session:   17
Kernel:    2019-12-06 - 7ada90eb9c7ae4a8eb066f8e9b4d80122f0363db
Compiler:  ccache /home/author/meerkat/compilers/gcc-8.1.0/bin/gcc
Error: index error parsing basic report
Attempt 1:
    Time  Bug Name
       4  BUG: MAX_LOCKDEP_ENTRIES too low! (has report)
***    5  KASAN: use-after-free Write in sctp_auth_shkey_hold (has report)
The bug was found.
About 261 commits remaining

2026-04-24 01:05:00
Session:   18
Kernel:    2019-12-06 - 0aecba6173216931c436a03183f4759a4fd4c2f2
Compiler:  ccache /home/author/meerkat/compilers/gcc-8.1.0/bin/gcc
Attempt 1:
    Time  Bug Name
       5  BUG: MAX_LOCKDEP_ENTRIES too low! (4) (has report)
       9  BUG: MAX_LOCKDEP_ENTRIES too low! (4) (has report)
The bug was not found.
About 144 commits remaining

2026-04-24 01:27:20
Session:   19
Kernel:    2019-12-04 - 909a60652624b837aff16825197c6a21d84fec82
Compiler:  ccache /home/author/meerkat/compilers/gcc-8.1.0/bin/gcc
Attempt 1:
    Time  Bug Name
       3  KASAN: use-after-free Read in sctp_packet_append_chunk (2) (has report)
       6  BUG: MAX_LOCKDEP_ENTRIES too low! (has report)
       7  KASAN: use-after-free Read in sctp_packet_append_chunk (has report)
       7  KASAN: use-after-free Read in sctp_wfree (has report)
       9  KASAN: use-after-free Read in sctp_packet_append_chunk (has report)
       9  KASAN: use-after-free Read in sctp_auth_destroy_hmacs (has report)
      10  KASAN: use-after-free Read in sctp_packet_append_chunk (has report)
      10  BUG: MAX_LOCKDEP_ENTRIES too low! (has report)
The bug was not found.
About 11450 commits remaining

2026-04-24 01:47:37
Session:   20
Kernel:    2019-12-05 - 0b4295b5e2b9b42f3f3096496fe4775b656c9ba6
Compiler:  ccache /home/author/meerkat/compilers/gcc-8.1.0/bin/gcc
Error: index error parsing basic report
Attempt 1:
    Time  Bug Name
       4  BUG: MAX_LOCKDEP_ENTRIES too low! (2) (has report)
***    6  KASAN: use-after-free Write in sctp_auth_shkey_hold (has report)
Error: index error parsing basic report
Running syz-repro.
New PoC saved at /home/author/meerkat/wd-meerkat-1/reproducers/repro-bug0079-0.prog
Primary PoC:     /home/author/meerkat/wd-meerkat-1/reproducers/repro-bug0079-0.prog
Run Time:        0h36m0s
The bug was found.
About 8536 commits remaining

2026-04-24 02:40:07
Session:   21
Kernel:    2019-12-03 - 9b38bb4b1e6de47b379afaad2c707df639bb4dc7
Compiler:  ccache /home/author/meerkat/compilers/gcc-8.1.0/bin/gcc
Attempt 1:
    Time  Bug Name
       4  BUG: MAX_LOCKDEP_ENTRIES too low! (2) (has report)
       6  BUG: MAX_LOCKDEP_ENTRIES too low! (has report)
***    7  KASAN: use-after-free Write in sctp_auth_shkey_hold (has report)
The bug was found.
About 8520 commits remaining

2026-04-24 02:54:49
Session:   22
Kernel:    2019-12-03 - f499a021ea8c9f70321fce3d674d8eca5bbeee2c
Compiler:  ccache /home/author/meerkat/compilers/gcc-8.1.0/bin/gcc
Attempt 1:
    Time  Bug Name
***    3  KASAN: use-after-free Write in sctp_auth_shkey_hold (has report)
The bug was found.
About 8512 commits remaining

2026-04-24 03:06:14
Session:   23
Kernel:    2019-12-02 - 490547ca2df66b8413bce97cb651630f2c531487
Compiler:  ccache /home/author/meerkat/compilers/gcc-8.1.0/bin/gcc
Attempt 1:
    Time  Bug Name
***    5  KASAN: use-after-free Write in sctp_auth_shkey_hold (has report)
Running syz-repro.
New PoC saved at /home/author/meerkat/wd-meerkat-1/reproducers/repro-bug0079-1.prog
Primary PoC:     /home/author/meerkat/wd-meerkat-1/reproducers/repro-bug0079-1.prog
Run Time:        0h20m0s
The bug was found.
About 8508 commits remaining

2026-04-24 03:38:50
Session:   24
Kernel:    2019-12-02 - 441cdbd5449b4923cd413d3ba748124f91388be9
Compiler:  ccache /home/author/meerkat/compilers/gcc-8.1.0/bin/gcc
Attempt 1:
    Time  Bug Name
       4  BUG: MAX_LOCKDEP_ENTRIES too low! (2) (has report)
       5  BUG: MAX_LOCKDEP_ENTRIES too low! (2) (has report)
       8  BUG: MAX_LOCKDEP_ENTRIES too low! (has report)
       9  BUG: MAX_LOCKDEP_ENTRIES too low! (3) (has report)
The bug was not found.
About 2 commits remaining

==== Partial Result: Focused Fuzzing ====
Reproducer:           /home/author/meerkat/wd-meerkat-1/reproducers/repro-bug0079-1.prog
Bisection Result:     2019-12-02 - 490547ca2df66b8413bce97cb651630f2c531487
Bisected Commit Name: block: don't send uevent for empty disk when not invalidating
Stage Time:           9h36m10s
Run Time:             9h36m11s
=========================================

==== Anchor Commit ====

2026-04-24 03:53:03
Session:   25
Kernel:    2019-12-02 - 441cdbd5449b4923cd413d3ba748124f91388be9
Compiler:  ccache /home/author/meerkat/compilers/gcc-8.1.0/bin/gcc
PoC:       /home/author/meerkat/wd-meerkat-1/reproducers/repro-bug0079-1.prog
Attempt 0:
*** KASAN: use-after-free Write in sctp_auth_shkey_hold (has report)
Attempt 1:
*** KASAN: use-after-free Write in sctp_auth_shkey_hold (has report)
Attempt 2:
    WARNING in devlink_port_type_warn (has report)
Attempt 3:
*** KASAN: use-after-free Write in sctp_auth_shkey_hold (has report)
Attempt 4:
*** KASAN: use-after-free Write in sctp_auth_shkey_hold (has report)
Attempt 5:
    WARNING in devlink_port_type_warn (has report)
Attempt 6:
    BUG: MAX_LOCKDEP_ENTRIES too low! (has report)
*** KASAN: use-after-free Write in sctp_auth_shkey_hold (has report)
Error: index error parsing basic report
Attempt 7:
    BUG: MAX_LOCKDEP_ENTRIES too low! (has report)
    WARNING in devlink_port_type_warn (has report)
The bug was found.

==== Major Release Search ====
5 Releases

2026-04-24 04:05:45
Session:   26
Kernel:    2019-11-24 - 219d54332a09e8d8741c1e1982f5eae56099de85 (v5.4)
Compiler:  ccache /home/author/meerkat/compilers/gcc-8.1.0/bin/gcc
PoC:       /home/author/meerkat/wd-meerkat-1/reproducers/repro-bug0079-1.prog
Error: index error parsing basic report
Attempt 0:
    KASAN: use-after-free Read in sctp_packet_append_chunk (has report)
    kernel BUG in sctp_auth_shkey_release (has report)
    kernel BUG in corrupted
    invalid opcode in sctp_auth_shkey_release
Error: index error parsing basic report
Attempt 1:
    KASAN: use-after-free Read in sctp_packet_append_chunk (has report)
    kernel BUG in sctp_auth_shkey_release (has report)
    kernel BUG in corrupted
    invalid opcode in sctp_auth_shkey_release
Attempt 2:
    KASAN: use-after-free Read in sctp_packet_append_chunk (has report)
Attempt 3:
    KASAN: use-after-free Read in sctp_packet_append_chunk (has report)
    kernel BUG in sctp_auth_shkey_release (has report)
    invalid opcode in sctp_auth_shkey_release
Attempt 4:
    KASAN: use-after-free Read in sctp_packet_append_chunk (has report)
Attempt 5:
    KASAN: use-after-free Read in sctp_packet_append_chunk (has report)
    kernel BUG in sctp_auth_shkey_release (has report)
    invalid opcode in sctp_auth_shkey_release
Attempt 6:
    KASAN: use-after-free Read in sctp_packet_append_chunk (has report)
    kernel BUG in sctp_auth_shkey_release (has report)
    invalid opcode in sctp_auth_shkey_release
Attempt 7:
    KASAN: use-after-free Read in sctp_packet_append_chunk (has report)
The bug was not found.
About 4 releases remaining

==== Kernel Bisection ====
10069 Linux commits

2026-04-24 04:19:34
Session:   27
Kernel:    2019-11-26 - 3f1b210a7f97f7e75c56174ada476fba2d36f340
Compiler:  ccache /home/author/meerkat/compilers/gcc-8.1.0/bin/gcc
PoC:       /home/author/meerkat/wd-meerkat-1/reproducers/repro-bug0079-1.prog
Attempt 0:
    WARNING in devlink_port_type_warn (has report)
Attempt 1:
*** KASAN: use-after-free Write in sctp_auth_shkey_hold (has report)
Attempt 2:
    WARNING in devlink_port_type_warn (has report)
Attempt 3:
    WARNING in devlink_port_type_warn (has report)
Attempt 4:
*** KASAN: use-after-free Write in sctp_auth_shkey_hold (has report)
Attempt 5:
*** KASAN: use-after-free Write in sctp_auth_shkey_hold (has report)
Attempt 6:
*** KASAN: use-after-free Write in sctp_auth_shkey_hold (has report)
Attempt 7:
*** KASAN: use-after-free Write in sctp_auth_shkey_hold (has report)
The bug was found.
About 4918 commits remaining

2026-04-24 04:37:21
Session:   28
Kernel:    2019-11-25 - 622dc5ad8052f4f0c6b7a12787696a5caa3c6a58
Compiler:  ccache /home/author/meerkat/compilers/gcc-8.1.0/bin/gcc
PoC:       /home/author/meerkat/wd-meerkat-1/reproducers/repro-bug0079-1.prog
Error: index error parsing basic report
Attempt 0:
    KASAN: use-after-free Read in sctp_packet_append_chunk (has report)
    kernel BUG in sctp_auth_shkey_release (has report)
    kernel BUG in corrupted
    invalid opcode in sctp_auth_shkey_release
Attempt 1:
    KASAN: use-after-free Read in sctp_packet_append_chunk (has report)
    kernel BUG in sctp_auth_shkey_release (has report)
    invalid opcode in sctp_auth_shkey_release
Attempt 2:
    KASAN: use-after-free Read in sctp_packet_append_chunk (has report)
Attempt 3:
    KASAN: use-after-free Read in sctp_packet_append_chunk (has report)
    kernel BUG in sctp_auth_shkey_release (has report)
    invalid opcode in sctp_auth_shkey_release
Attempt 4:
    KASAN: use-after-free Read in sctp_packet_append_chunk (has report)
    kernel BUG in sctp_auth_shkey_release (has report)
    invalid opcode in sctp_auth_shkey_release
Attempt 5:
    KASAN: use-after-free Read in sctp_packet_append_chunk (has report)
    kernel BUG in sctp_auth_shkey_release (has report)
    invalid opcode in sctp_auth_shkey_release
Attempt 6:
    KASAN: use-after-free Read in sctp_packet_append_chunk (has report)
Attempt 7:
    KASAN: use-after-free Read in sctp_packet_append_chunk (has report)
    kernel BUG in sctp_auth_shkey_release (has report)
    invalid opcode in sctp_auth_shkey_release
The bug was not found.
About 2870 commits remaining

2026-04-24 04:49:57
Session:   29
Kernel:    2019-11-25 - d873a0cd21dbe2502873feb4b12e3e0ee9a78ac9
Compiler:  ccache /home/author/meerkat/compilers/gcc-8.1.0/bin/gcc
PoC:       /home/author/meerkat/wd-meerkat-1/reproducers/repro-bug0079-1.prog
Attempt 0:
    KASAN: use-after-free Read in sctp_packet_append_chunk (has report)
    kernel BUG in sctp_auth_shkey_release (has report)
    invalid opcode in sctp_auth_shkey_release
Attempt 1:
    KASAN: use-after-free Read in sctp_packet_append_chunk (has report)
Attempt 2:
    WARNING in devlink_port_type_warn (has report)
Attempt 3:
    KASAN: use-after-free Read in sctp_packet_append_chunk (has report)
Attempt 4:
    KASAN: use-after-free Read in sctp_packet_append_chunk (has report)
    BUG: MAX_LOCKDEP_ENTRIES too low! (has report)
Attempt 5:
    KASAN: use-after-free Read in sctp_packet_append_chunk (has report)
Attempt 6:
    KASAN: use-after-free Read in sctp_packet_append_chunk (has report)
Attempt 7:
    BUG: MAX_LOCKDEP_ENTRIES too low! (has report)
The bug was not found.
About 1443 commits remaining

2026-04-24 05:10:00
Session:   30
Kernel:    2019-11-26 - 1ae78780eda54023a0fb49ee743dbba39da148e0
Compiler:  ccache /home/author/meerkat/compilers/gcc-8.1.0/bin/gcc
PoC:       /home/author/meerkat/wd-meerkat-1/reproducers/repro-bug0079-1.prog
Attempt 0:
    KASAN: use-after-free Read in sctp_packet_append_chunk (has report)
Attempt 1:
    KASAN: use-after-free Read in sctp_packet_append_chunk (has report)
Attempt 2:
    KASAN: use-after-free Read in sctp_packet_append_chunk (has report)
Attempt 3:
    WARNING in __dev_mc_add (has report)
Attempt 4:
    KASAN: use-after-free Read in sctp_packet_append_chunk (has report)
Attempt 5:
    KASAN: use-after-free Read in sctp_packet_append_chunk (has report)
Attempt 6:
    KASAN: use-after-free Read in sctp_packet_append_chunk (has report)
    kernel BUG in sctp_auth_shkey_release (has report)
    invalid opcode in sctp_auth_shkey_release
Attempt 7:
    KASAN: use-after-free Read in sctp_packet_append_chunk (has report)
The bug was not found.
About 714 commits remaining

2026-04-24 05:26:09
Session:   31
Kernel:    2019-11-22 - 8c4d2a0bfbd27d030e4652b714cd5a1598f3559b
Compiler:  ccache /home/author/meerkat/compilers/gcc-8.1.0/bin/gcc
PoC:       /home/author/meerkat/wd-meerkat-1/reproducers/repro-bug0079-1.prog
Attempt 0:
    KASAN: use-after-free Read in sctp_packet_append_chunk (has report)
Attempt 1:
    KASAN: use-after-free Read in sctp_packet_append_chunk (has report)
Attempt 2:
    KASAN: use-after-free Read in sctp_packet_append_chunk (has report)
Attempt 3:
    KASAN: use-after-free Read in sctp_packet_append_chunk (has report)
    kernel BUG in sctp_auth_shkey_release (has report)
    invalid opcode in sctp_auth_shkey_release
Attempt 4:
    KASAN: use-after-free Read in sctp_packet_append_chunk (has report)
Attempt 5:
    KASAN: use-after-free Read in sctp_packet_append_chunk (has report)
Attempt 6:
    KASAN: use-after-free Read in sctp_packet_append_chunk (has report)
Attempt 7:
    KASAN: use-after-free Read in sctp_packet_append_chunk (has report)
The bug was not found.
About 4675 commits remaining

2026-04-24 05:38:33
Session:   32
Kernel:    2019-11-26 - 6e9f879684b46331f51d0c76ebee981c788417db
Compiler:  ccache /home/author/meerkat/compilers/gcc-8.1.0/bin/gcc
PoC:       /home/author/meerkat/wd-meerkat-1/reproducers/repro-bug0079-1.prog
Attempt 0:
*** KASAN: use-after-free Write in sctp_auth_shkey_hold (has report)
Attempt 1:
    WARNING in devlink_port_type_warn (has report)
Attempt 2:
    WARNING in devlink_port_type_warn (has report)
Attempt 3:
*** KASAN: use-after-free Write in sctp_auth_shkey_hold (has report)
    WARNING: refcount bug in sctp_auth_shkey_hold (has report)
Attempt 4:
*** KASAN: use-after-free Write in sctp_auth_shkey_hold (has report)
Error: index error parsing basic report
Attempt 5:
    BUG: MAX_LOCKDEP_ENTRIES too low! (has report)
*** KASAN: use-after-free Write in sctp_auth_shkey_hold (has report)
Attempt 6:
*** KASAN: use-after-free Write in sctp_auth_shkey_hold (has report)
Error: index error parsing basic report
Attempt 7:
    BUG: MAX_LOCKDEP_ENTRIES too low! (has report)
The bug was found.
About 4499 commits remaining

2026-04-24 05:58:35
Session:   33
Kernel:    2019-11-26 - e350b60f4e0f089f585d738e27213c8133fe9093
Compiler:  ccache /home/author/meerkat/compilers/gcc-8.1.0/bin/gcc
PoC:       /home/author/meerkat/wd-meerkat-1/reproducers/repro-bug0079-1.prog
Attempt 0:
    KASAN: use-after-free Read in sctp_packet_append_chunk (has report)
    kernel BUG in sctp_auth_shkey_release (has report)
    invalid opcode in sctp_auth_shkey_release
Attempt 1:
    KASAN: use-after-free Read in sctp_packet_append_chunk (has report)
    kernel BUG in sctp_auth_shkey_release (has report)
    invalid opcode in sctp_auth_shkey_release
Error: index error parsing basic report
Attempt 2:
    KASAN: use-after-free Read in sctp_packet_append_chunk (has report)
    kernel BUG in sctp_auth_shkey_release (has report)
    kernel BUG in corrupted
    invalid opcode in sctp_auth_shkey_release
Attempt 3:
    KASAN: use-after-free Read in sctp_packet_append_chunk (has report)
Attempt 4:
    KASAN: use-after-free Read in sctp_packet_append_chunk (has report)
Attempt 5:
    KASAN: use-after-free Read in sctp_packet_append_chunk (has report)
Attempt 6:
    KASAN: use-after-free Read in sctp_packet_append_chunk (has report)
Attempt 7:
    KASAN: use-after-free Read in sctp_packet_append_chunk (has report)
    kernel BUG in sctp_auth_shkey_release (has report)
    invalid opcode in sctp_auth_shkey_release
The bug was not found.
About 4403 commits remaining

2026-04-24 06:10:29
Session:   34
Kernel:    2019-11-26 - 995e2ef08280dab8de6c517acd836613678fe2a3
Compiler:  ccache /home/author/meerkat/compilers/gcc-8.1.0/bin/gcc
PoC:       /home/author/meerkat/wd-meerkat-1/reproducers/repro-bug0079-1.prog
Error: index error parsing basic report
Attempt 0:
    KASAN: use-after-free Read in sctp_packet_append_chunk (has report)
    kernel BUG in sctp_auth_shkey_release (has report)
    kernel BUG in corrupted
    invalid opcode in sctp_auth_shkey_release
Attempt 1:
    KASAN: use-after-free Read in sctp_packet_append_chunk (has report)
Attempt 2:
    KASAN: use-after-free Read in sctp_packet_append_chunk (has report)
    kernel BUG in sctp_auth_shkey_release (has report)
    invalid opcode in sctp_auth_shkey_release
Attempt 3:
    KASAN: use-after-free Read in sctp_packet_append_chunk (has report)
Attempt 4:
    KASAN: use-after-free Read in sctp_packet_append_chunk (has report)
Attempt 5:
    KASAN: use-after-free Read in sctp_packet_append_chunk (has report)
Attempt 6:
    KASAN: use-after-free Read in sctp_packet_append_chunk (has report)
Attempt 7:
    KASAN: use-after-free Read in sctp_packet_append_chunk (has report)
    kernel BUG in sctp_auth_shkey_release (has report)
    invalid opcode in sctp_auth_shkey_release
The bug was not found.
About 4688 commits remaining

2026-04-24 06:23:03
Session:   35
Kernel:    2019-11-25 - 65b008552469f1c37f5e06e0016924502e40b4f5
Compiler:  ccache /home/author/meerkat/compilers/gcc-8.1.0/bin/gcc
PoC:       /home/author/meerkat/wd-meerkat-1/reproducers/repro-bug0079-1.prog
Attempt 0:
    No crashes found.
Attempt 1:
    No crashes found.
Attempt 2:
    No crashes found.
Attempt 3:
    No crashes found.
Attempt 4:
    No crashes found.
Attempt 5:
    No crashes found.
Attempt 6:
    No crashes found.
Attempt 7:
    No crashes found.
The bug was not found.
About 6487 commits remaining

2026-04-24 06:34:18
Session:   36
Kernel:    2019-11-07 - cf8741ac57ed48613e49559d3e5ae43f56291e4c
Compiler:  ccache /home/author/meerkat/compilers/gcc-8.1.0/bin/gcc
PoC:       /home/author/meerkat/wd-meerkat-1/reproducers/repro-bug0079-1.prog
Attempt 0:
    No crashes found.
Attempt 1:
    No crashes found.
Attempt 2:
    No crashes found.
Attempt 3:
    No crashes found.
Attempt 4:
    No crashes found.
Attempt 5:
    No crashes found.
Attempt 6:
    No crashes found.
Attempt 7:
    No crashes found.
The bug was not found.
About 5055 commits remaining

2026-04-24 06:45:40
Session:   37
Kernel:    2019-11-26 - c2da5bdc66a377f0b82ee959f19f5a6774706b83
Compiler:  ccache /home/author/meerkat/compilers/gcc-8.1.0/bin/gcc
PoC:       /home/author/meerkat/wd-meerkat-1/reproducers/repro-bug0079-1.prog
Attempt 0:
    WARNING in devlink_port_type_warn (has report)
Attempt 1:
*** KASAN: use-after-free Write in sctp_auth_shkey_hold (has report)
Attempt 2:
*** KASAN: use-after-free Write in sctp_auth_shkey_hold (has report)
Attempt 3:
    WARNING in devlink_port_type_warn (has report)
Attempt 4:
*** KASAN: use-after-free Write in sctp_auth_shkey_hold (has report)
Attempt 5:
    BUG: MAX_LOCKDEP_ENTRIES too low! (has report)
*** KASAN: use-after-free Write in sctp_auth_shkey_hold (has report)
Attempt 6:
    BUG: MAX_LOCKDEP_ENTRIES too low! (has report)
Attempt 7:
*** KASAN: use-after-free Write in sctp_auth_shkey_hold (has report)
The bug was found.
About 4914 commits remaining

2026-04-24 07:05:35
Session:   38
Kernel:    2019-11-25 - 500543c53a54134ced386aed85cd93cf1363f981
Compiler:  ccache /home/author/meerkat/compilers/gcc-8.1.0/bin/gcc
PoC:       /home/author/meerkat/wd-meerkat-1/reproducers/repro-bug0079-1.prog
Attempt 0:
    No crashes found.
Attempt 1:
    No crashes found.
Attempt 2:
    No crashes found.
Attempt 3:
    No crashes found.
Attempt 4:
    No crashes found.
Attempt 5:
    No crashes found.
Attempt 6:
    No crashes found.
Attempt 7:
    No crashes found.
The bug was not found.
About 6331 commits remaining

2026-04-24 07:16:46
Session:   39
Kernel:    2019-11-26 - 0bcd7762727dd8ba9b9b6f828e5a4cbd5da4f725
Compiler:  ccache /home/author/meerkat/compilers/gcc-8.1.0/bin/gcc
PoC:       /home/author/meerkat/wd-meerkat-1/reproducers/repro-bug0079-1.prog
Attempt 0:
    KASAN: use-after-free Read in sctp_packet_append_chunk (has report)
    kernel BUG in sctp_auth_shkey_release (has report)
    invalid opcode in sctp_auth_shkey_release
Attempt 1:
    KASAN: use-after-free Read in sctp_packet_append_chunk (has report)
Attempt 2:
    KASAN: use-after-free Read in sctp_packet_append_chunk (has report)
Attempt 3:
    KASAN: use-after-free Read in sctp_packet_append_chunk (has report)
Attempt 4:
    KASAN: use-after-free Read in sctp_packet_append_chunk (has report)
Attempt 5:
    KASAN: use-after-free Read in sctp_packet_append_chunk (has report)
    kernel BUG in sctp_auth_shkey_release (has report)
    invalid opcode in sctp_auth_shkey_release
Attempt 6:
    KASAN: use-after-free Read in sctp_packet_append_chunk (has report)
Attempt 7:
    KASAN: use-after-free Read in sctp_packet_append_chunk (has report)
The bug was not found.
About 434 commits remaining

2026-04-24 07:32:07
Session:   40
Kernel:    2019-11-26 - 168829ad09ca9cdfdc664b2110d0e3569932c12d
Compiler:  ccache /home/author/meerkat/compilers/gcc-8.1.0/bin/gcc
PoC:       /home/author/meerkat/wd-meerkat-1/reproducers/repro-bug0079-1.prog
Attempt 0:
*** KASAN: use-after-free Write in sctp_auth_shkey_hold (has report)
Attempt 1:
*** KASAN: use-after-free Write in sctp_auth_shkey_hold (has report)
Error: index error parsing Warning report
Attempt 2:
    WARNING: refcount bug in corrupted
*** KASAN: use-after-free Write in sctp_auth_shkey_hold (has report)
Attempt 3:
*** KASAN: use-after-free Write in sctp_auth_shkey_hold (has report)
    WARNING: refcount bug in sctp_auth_shkey_hold (has report)
Attempt 4:
*** KASAN: use-after-free Write in sctp_auth_shkey_hold (has report)
Attempt 5:
    BUG: MAX_LOCKDEP_ENTRIES too low! (has report)
Attempt 6:
    WARNING in devlink_port_type_warn (has report)
Attempt 7:
*** KASAN: use-after-free Write in sctp_auth_shkey_hold (has report)
The bug was found.
About 433 commits remaining

====================================================================================================================================================
Bug Name:             KASAN: use-after-free Write in sctp_auth_shkey_hold
Bug ID:               bug0079
Bug Link:             https://syzkaller.appspot.com/bug?id=4b0830ac666c3cae350904be00dca27f8be86715
Bisection Result:     2019-11-26 - 168829ad09ca9cdfdc664b2110d0e3569932c12d
Bisected Commit Name: Merge branch 'locking-core-for-linus' of git://git.kernel.org/pub/scm/linux/kernel/git/tip/tip
Run Time:             13h35m1s

Anchor Commit:        2022-07-15 - 9b59ec8d50a1f28747ceff9a4f39af5deba9540e
Bisection Result:     2019-11-26 - 168829ad09ca9cdfdc664b2110d0e3569932c12d
