./bin/meerkat -i 1 -c /home/author/meerkat/wd-meerkat-1/meerkat.cfg -a a70385240892bcbc6442b054e847c74100e72f1a -F ff-test,stateful-corpus,poc-test,ff-no-find-backup
Bisecting:          WARNING in btf_type_id_size
Syzbot Link:        https://syzkaller.appspot.com/bug?id=3897413eb15aa1bd9cd201cea5e58c4326448b51
Working Name:       bug0196

Aliases:
    WARNING in btf_type_id_size

Anchor Commit:      a70385240892bcbc6442b054e847c74100e72f1a
Repository:         https://git.kernel.org/pub/scm/linux/kernel/git/torvalds/linux.git
Branch:             master
Arch:               amd64

Meerkat:            /home/author/meerkat/
Version:            1.2.0
Kernel:             /home/author/meerkat/wd-meerkat-1/kernel/
Syzkaller:          /home/author/meerkat/syzkaller/
Compilers:          /home/author/meerkat/compilers/
Compiler:           gcc (Ubuntu 12.3.0-1ubuntu1~22.04.3) 12.3.0
Linker:             GNU ld (GNU Binutils for Ubuntu) 2.38
Ccache:             ccache version 4.5.1
Image:              /home/author/meerkat/image/stretch/stretch.img
Image Key:          /home/author/meerkat/image/stretch/stretch.id_rsa

Workdir:            /home/author/meerkat/wd-meerkat-1/
Kconfig:            /home/author/meerkat/wd-meerkat-1/config-bug0196.txt
Reproducers: (1)    /home/author/meerkat/wd-meerkat-1/reproducers/
Primary PoC:        /home/author/meerkat/wd-meerkat-1/reproducers/repro-bug0196-1.prog
Syzkaller Workdir:  /home/author/meerkat/wd-meerkat-1/wd-kaller/
Log Directory:      /home/author/meerkat/wd-meerkat-1/log/

Syscalls: (5)       ["bpf$BPF_BTF_LOAD", "bpf$TOKEN_CREATE", "openat$selinux_enforce", "bpf$BPF_PROG_GET_FD_BY_ID", "bpf$BPF_PROG_GET_NEXT_ID"]
VM Count:           8
CPU Count:          2
Procs:              16
Memory:             4096
Make Procs:         16
Max Time:           10
Max Attempts:       1

==== Anchor Commit ====

2026-05-13 12:02:30
Session:   1
Kernel:    2022-10-23 - a70385240892bcbc6442b054e847c74100e72f1a
Compiler:  ccache gcc
Attempt 1:
    Time  Bug Name
       2  INFO: rcu detected stall in corrupted
***    2  WARNING in btf_type_id_size (4) (has report)
Attempt 2: (RETRY)
    Time  Bug Name
***    2  WARNING in btf_type_id_size (4) (has report)
Attempt 3: (RETRY)
    Time  Bug Name
***    2  WARNING in btf_type_id_size (5) (has report)
The bug was found.

New Max Time: 10

==== Major Release Search ====
12 Releases

2026-05-13 12:24:37
Session:   2
Kernel:    2022-10-02 - 4fe89d07dcc2804c8b562f6c7896a45643d34b2f (v6.0)
Compiler:  ccache gcc
Attempt 1:
    Time  Bug Name
***    2  WARNING in btf_type_id_size (4) (has report)
Running syz-repro.
New PoC saved at /home/author/meerkat/wd-meerkat-1/reproducers/repro-bug0196-0.prog
Primary PoC:     /home/author/meerkat/wd-meerkat-1/reproducers/repro-bug0196-0.prog
Run Time:        0h6m0s
The bug was found.
About 11 releases remaining

2026-05-13 12:48:19
Session:   3
Kernel:    2022-07-31 - 3d7cb6b04c3f3115719235cc6866b10326de34cd (v5.19)
Compiler:  ccache gcc
Attempt 1:
    Time  Bug Name
***    2  WARNING in btf_type_id_size (4) (has report)
The bug was found.
About 10 releases remaining

2026-05-13 13:05:13
Session:   4
Kernel:    2022-05-22 - 4b0986a3613c92f4ec1bdc7f60ec66fea135991f (v5.18)
Compiler:  ccache gcc
Attempt 1:
    No crashes found.
The bug was not found.
About 9 releases remaining

==== Kernel Bisection ====
16400 Linux commits

2026-05-13 13:29:28
Session:   5
Kernel:    2022-05-26 - c011dd537ffe47462051930413fed07dbdc80313
Compiler:  ccache gcc
Attempt 1:
    Time  Bug Name
***    2  WARNING in btf_type_id_size (2) (has report)
The bug was found.
About 7906 commits remaining

2026-05-13 13:44:42
Session:   6
Kernel:    2022-05-25 - 7e062cda7d90543ac8c7700fc7c5527d0c0f22ad
Compiler:  ccache gcc
Attempt 1:
    Time  Bug Name
***    2  WARNING in btf_type_id_size (2) (has report)
Running syz-repro.
New PoC saved at /home/author/meerkat/wd-meerkat-1/reproducers/repro-bug0196-1.prog
Primary PoC:     /home/author/meerkat/wd-meerkat-1/reproducers/repro-bug0196-1.prog
Run Time:        0h5m0s
The bug was found.
About 4944 commits remaining

2026-05-13 14:05:03
Session:   7
Kernel:    2022-05-24 - 3842007b1a33589d57f67eac479b132b77767514
Compiler:  ccache gcc
Attempt 1:
    Time  Bug Name
***    2  WARNING in btf_type_id_size (2) (has report)
The bug was found.
About 2405 commits remaining

2026-05-13 14:20:22
Session:   8
Kernel:    2022-05-24 - 22922deae13fc8d3769790c2eb388e9afce9771d
Compiler:  ccache gcc
Attempt 1:
    Time  Bug Name
***    2  WARNING in btf_type_id_size (4) (has report)
The bug was found.
About 1200 commits remaining

2026-05-13 14:35:46
Session:   9
Kernel:    2022-05-23 - 03e1ccd45fa70904e43ddceda140854d22b7e871
Compiler:  ccache gcc
Attempt 1:
    Time  Bug Name
***    2  WARNING in btf_type_id_size (4) (has report)
Running syz-repro.
New PoC saved at /home/author/meerkat/wd-meerkat-1/reproducers/repro-bug0196-0.prog
Primary PoC:     /home/author/meerkat/wd-meerkat-1/reproducers/repro-bug0196-0.prog
Run Time:        0h6m0s
The bug was found.
About 594 commits remaining

2026-05-13 14:57:40
Session:   10
Kernel:    2022-05-23 - e1a8fde7203fa8a3e3f35d4f9df47477d23529c1
Compiler:  ccache gcc
Attempt 1:
    Time  Bug Name
***    2  WARNING in btf_type_id_size (4) (has report)
The bug was found.
About 293 commits remaining

2026-05-13 15:13:50
Session:   11
Kernel:    2022-05-23 - 1e57930e9f4083ad5854ab6eadffe790a8167fb4
Compiler:  ccache gcc
Attempt 1:
    Time  Bug Name
***    2  WARNING in btf_type_id_size (3) (has report)
The bug was found.
About 162 commits remaining

2026-05-13 15:29:02
Session:   12
Kernel:    2022-05-03 - be05ee54378d451e1d60196921566d6087f3079f
Compiler:  ccache gcc
Attempt 1:
    Time  Bug Name
***    2  WARNING in btf_type_id_size (4) (has report)
Running syz-repro.
New PoC saved at /home/author/meerkat/wd-meerkat-1/reproducers/repro-bug0196-1.prog
Primary PoC:     /home/author/meerkat/wd-meerkat-1/reproducers/repro-bug0196-1.prog
Run Time:        0h6m0s
The bug was found.
About 80 commits remaining

2026-05-13 15:51:03
Session:   13
Kernel:    2022-05-03 - 586e31d59c436cda65a2e8ac04ff954bed247023
Compiler:  ccache gcc
Attempt 1:
    Time  Bug Name
***    2  WARNING in btf_type_id_size (4) (has report)
The bug was found.
About 22 commits remaining

2026-05-13 16:06:53
Session:   14
Kernel:    2022-04-11 - 0b56f953908a751716f2c8f907942674b60d8db5
Compiler:  ccache gcc
Attempt 1:
    Time  Bug Name
***    2  WARNING in btf_type_id_size (4) (has report)
The bug was found.
About 11 commits remaining

2026-05-13 16:21:55
Session:   15
Kernel:    2022-04-11 - 2ec303113d978931ef368886c4c6bc854493e8bf
Compiler:  ccache gcc
Attempt 1:
    Time  Bug Name
***    2  WARNING in btf_type_id_size (4) (has report)
Running syz-repro.
New PoC saved at /home/author/meerkat/wd-meerkat-1/reproducers/repro-bug0196-0.prog
Primary PoC:     /home/author/meerkat/wd-meerkat-1/reproducers/repro-bug0196-0.prog
Run Time:        0h6m0s
The bug was found.
About 6 commits remaining

2026-05-13 16:34:40
Session:   16
Kernel:    2022-04-11 - 95ebe80d99de3cb849c522a1f768e5e8befa0b7c
Compiler:  ccache gcc
Attempt 1:
    Time  Bug Name
***    2  WARNING in btf_type_id_size (4) (has report)
The bug was found.
About 3 commits remaining

2026-05-13 16:49:48
Session:   17
Kernel:    2022-04-11 - 8ed00760203d8018bee042fbfe8e076579be2c2b
Compiler:  ccache gcc
Attempt 1:
    Time  Bug Name
***    2  WARNING in btf_type_id_size (4) (has report)
The bug was found.
About 2 commits remaining

==== Partial Result: Focused Fuzzing ====
Reproducer:           /home/author/meerkat/wd-meerkat-1/reproducers/repro-bug0196-0.prog
Bisection Result:     2022-04-11 - 8ed00760203d8018bee042fbfe8e076579be2c2b
Bisected Commit Name: srcu: Tighten cleanup_srcu_struct() GP checks
Stage Time:           5h1m53s
Run Time:             5h1m54s
=========================================

==== Anchor Commit ====

2026-05-13 17:04:23
Session:   18
Kernel:    2022-05-22 - 4b0986a3613c92f4ec1bdc7f60ec66fea135991f (v5.18)
Compiler:  ccache gcc
PoC:       /home/author/meerkat/wd-meerkat-1/reproducers/repro-bug0196-0.prog
Attempt 0:
*** WARNING in btf_type_id_size (has report)
Attempt 1:
*** WARNING in btf_type_id_size (has report)
Attempt 2:
*** WARNING in btf_type_id_size (has report)
Attempt 3:
*** WARNING in btf_type_id_size (has report)
Attempt 4:
*** WARNING in btf_type_id_size (has report)
Attempt 5:
*** WARNING in btf_type_id_size (has report)
Attempt 6:
*** WARNING in btf_type_id_size (has report)
Attempt 7:
*** WARNING in btf_type_id_size (has report)
The bug was found.

==== Major Release Search ====
11 Releases

2026-05-13 17:19:37
Session:   19
Kernel:    2022-05-22 - 4b0986a3613c92f4ec1bdc7f60ec66fea135991f (v5.18)
PoC:       /home/author/meerkat/wd-meerkat-1/reproducers/repro-bug0196-0.prog
Attempt 0:
*** WARNING in btf_type_id_size (has report)
Attempt 1:
*** WARNING in btf_type_id_size (has report)
Attempt 2:
*** WARNING in btf_type_id_size (has report)
Attempt 3:
*** WARNING in btf_type_id_size (has report)
Attempt 4:
*** WARNING in btf_type_id_size (has report)
Attempt 5:
*** WARNING in btf_type_id_size (has report)
Attempt 6:
*** WARNING in btf_type_id_size (has report)
Attempt 7:
*** WARNING in btf_type_id_size (has report)
The bug was found.
About 10 releases remaining

2026-05-13 17:22:02
Session:   20
Kernel:    2022-03-20 - f443e374ae131c168a065ea1748feac6b2e76613 (v5.17)
Compiler:  ccache gcc
PoC:       /home/author/meerkat/wd-meerkat-1/reproducers/repro-bug0196-0.prog
Attempt 0:
*** WARNING in btf_type_id_size (has report)
Attempt 1:
*** WARNING in btf_type_id_size (has report)
Attempt 2:
*** WARNING in btf_type_id_size (has report)
Attempt 3:
*** WARNING in btf_type_id_size (has report)
Attempt 4:
*** WARNING in btf_type_id_size (has report)
Attempt 5:
*** WARNING in btf_type_id_size (has report)
Attempt 6:
*** WARNING in btf_type_id_size (has report)
Attempt 7:
*** WARNING in btf_type_id_size (has report)
The bug was found.
About 9 releases remaining

2026-05-13 17:37:11
Session:   21
Kernel:    2022-01-09 - df0cc57e057f18e44dac8e6c18aba47ab53202f9 (v5.16)
Compiler:  ccache gcc
PoC:       /home/author/meerkat/wd-meerkat-1/reproducers/repro-bug0196-0.prog
Attempt 0:
*** WARNING in btf_type_id_size (has report)
Attempt 1:
*** WARNING in btf_type_id_size (has report)
Attempt 2:
*** WARNING in btf_type_id_size (has report)
Attempt 3:
*** WARNING in btf_type_id_size (has report)
Attempt 4:
*** WARNING in btf_type_id_size (has report)
Attempt 5:
*** WARNING in btf_type_id_size (has report)
Attempt 6:
*** WARNING in btf_type_id_size (has report)
Attempt 7:
*** WARNING in btf_type_id_size (has report)
The bug was found.
About 8 releases remaining

2026-05-13 17:52:53
Session:   22
Kernel:    2021-08-29 - 7d2a07b769330c34b4deabeed939325c77a7ec2f (v5.14)
Compiler:  ccache /home/author/meerkat/compilers/gcc-10.1.0/bin/gcc
PoC:       /home/author/meerkat/wd-meerkat-1/reproducers/repro-bug0196-0.prog
Attempt 0:
    No crashes found.
Attempt 1:
    No crashes found.
Attempt 2:
    No crashes found.
Attempt 3:
    No crashes found.
Attempt 4:
    No crashes found.
Attempt 5:
    No crashes found.
Attempt 6:
    No crashes found.
Attempt 7:
    No crashes found.
The bug was not found.
About 7 releases remaining

==== Kernel Bisection ====
28858 Linux commits

2026-05-13 18:13:13
Session:   23
Kernel:    2021-10-28 - 970eae15600a883e4ad27dd0757b18871cc983ab
Compiler:  ccache /home/author/meerkat/compilers/gcc-10.1.0/bin/gcc
PoC:       /home/author/meerkat/wd-meerkat-1/reproducers/repro-bug0196-0.prog
Attempt 0:
    No crashes found.
Attempt 1:
    No crashes found.
Attempt 2:
    No crashes found.
Attempt 3:
    No crashes found.
Attempt 4:
    No crashes found.
Attempt 5:
    No crashes found.
Attempt 6:
    No crashes found.
Attempt 7:
    No crashes found.
The bug was not found.
About 14451 commits remaining

2026-05-13 18:33:37
Session:   24
Kernel:    2021-11-03 - ae45d84fc36d01dcb1007f4298871eec37907904
Compiler:  ccache /home/author/meerkat/compilers/gcc-10.1.0/bin/gcc
PoC:       /home/author/meerkat/wd-meerkat-1/reproducers/repro-bug0196-0.prog
Attempt 0:
*** WARNING in btf_type_id_size (has report)
Attempt 1:
*** WARNING in btf_type_id_size (has report)
Attempt 2:
*** WARNING in btf_type_id_size (has report)
Attempt 3:
*** WARNING in btf_type_id_size (has report)
Attempt 4:
*** WARNING in btf_type_id_size (has report)
Attempt 5:
*** WARNING in btf_type_id_size (has report)
Attempt 6:
*** WARNING in btf_type_id_size (has report)
Attempt 7:
*** WARNING in btf_type_id_size (has report)
The bug was found.
About 7349 commits remaining

2026-05-13 18:48:43
Session:   25
Kernel:    2021-11-02 - fc02cb2b37fe2cbf1d3334b9f0f0eab9431766c4
Compiler:  ccache /home/author/meerkat/compilers/gcc-10.1.0/bin/gcc
PoC:       /home/author/meerkat/wd-meerkat-1/reproducers/repro-bug0196-0.prog
Attempt 0:
*** WARNING in btf_type_id_size (has report)
Attempt 1:
*** WARNING in btf_type_id_size (has report)
Attempt 2:
*** WARNING in btf_type_id_size (has report)
Attempt 3:
*** WARNING in btf_type_id_size (has report)
Attempt 4:
*** WARNING in btf_type_id_size (has report)
Attempt 5:
*** WARNING in btf_type_id_size (has report)
Attempt 6:
*** WARNING in btf_type_id_size (has report)
Attempt 7:
*** WARNING in btf_type_id_size (has report)
The bug was found.
About 4799 commits remaining

2026-05-13 19:03:53
Session:   26
Kernel:    2021-11-01 - d2fac0afe89fe30c39eaa98dda71f7c4cea190c2
Compiler:  ccache /home/author/meerkat/compilers/gcc-10.1.0/bin/gcc
PoC:       /home/author/meerkat/wd-meerkat-1/reproducers/repro-bug0196-0.prog
Attempt 0:
    No crashes found.
Attempt 1:
    No crashes found.
Attempt 2:
    No crashes found.
Attempt 3:
    No crashes found.
Attempt 4:
    No crashes found.
Attempt 5:
    No crashes found.
Attempt 6:
    No crashes found.
Attempt 7:
    No crashes found.
The bug was not found.
About 2400 commits remaining

2026-05-13 19:24:23
Session:   27
Kernel:    2021-10-18 - 8e25a2bc6687cd45aef909d6d862718745b5a3fc
Compiler:  ccache /home/author/meerkat/compilers/gcc-10.1.0/bin/gcc
PoC:       /home/author/meerkat/wd-meerkat-1/reproducers/repro-bug0196-0.prog
Attempt 0:
*** WARNING in btf_type_id_size (has report)
Attempt 1:
*** WARNING in btf_type_id_size (has report)
Attempt 2:
*** WARNING in btf_type_id_size (has report)
Attempt 3:
*** WARNING in btf_type_id_size (has report)
Attempt 4:
*** WARNING in btf_type_id_size (has report)
Attempt 5:
*** WARNING in btf_type_id_size (has report)
Attempt 6:
*** WARNING in btf_type_id_size (has report)
Attempt 7:
*** WARNING in btf_type_id_size (has report)
The bug was found.
About 1200 commits remaining

2026-05-13 19:39:29
Session:   28
Kernel:    2021-10-04 - cfbe9b002109621bf9a282a4a24f9415ef14b57b
Compiler:  ccache /home/author/meerkat/compilers/gcc-10.1.0/bin/gcc
PoC:       /home/author/meerkat/wd-meerkat-1/reproducers/repro-bug0196-0.prog
Attempt 0:
*** WARNING in btf_type_id_size (has report)
Attempt 1:
*** WARNING in btf_type_id_size (has report)
Attempt 2:
*** WARNING in btf_type_id_size (has report)
Attempt 3:
*** WARNING in btf_type_id_size (has report)
Attempt 4:
*** WARNING in btf_type_id_size (has report)
Attempt 5:
*** WARNING in btf_type_id_size (has report)
Attempt 6:
*** WARNING in btf_type_id_size (has report)
Attempt 7:
*** WARNING in btf_type_id_size (has report)
The bug was found.
About 601 commits remaining

2026-05-13 19:54:26
Session:   29
Kernel:    2021-09-25 - 8765de69e7a18d7d17b9c367ae9ca653bc50e8b0
Compiler:  ccache /home/author/meerkat/compilers/gcc-10.1.0/bin/gcc
PoC:       /home/author/meerkat/wd-meerkat-1/reproducers/repro-bug0196-0.prog
Attempt 0:
*** WARNING in btf_type_id_size (has report)
Attempt 1:
*** WARNING in btf_type_id_size (has report)
Attempt 2:
*** WARNING in btf_type_id_size (has report)
Attempt 3:
*** WARNING in btf_type_id_size (has report)
Attempt 4:
*** WARNING in btf_type_id_size (has report)
Attempt 5:
*** WARNING in btf_type_id_size (has report)
Attempt 6:
*** WARNING in btf_type_id_size (has report)
Attempt 7:
*** WARNING in btf_type_id_size (has report)
The bug was found.
About 301 commits remaining

2026-05-13 20:09:22
Session:   30
Kernel:    2021-09-17 - f68d08c437f98ee19a14142b9de2d7afe2032d5c
Compiler:  ccache /home/author/meerkat/compilers/gcc-10.1.0/bin/gcc
PoC:       /home/author/meerkat/wd-meerkat-1/reproducers/repro-bug0196-0.prog
Attempt 0:
    No crashes found.
Attempt 1:
    No crashes found.
Attempt 2:
    No crashes found.
Attempt 3:
    No crashes found.
Attempt 4:
    No crashes found.
Attempt 5:
    No crashes found.
Attempt 6:
    No crashes found.
Attempt 7:
    No crashes found.
The bug was not found.
About 448 commits remaining

2026-05-13 20:29:35
Session:   31
Kernel:    2021-09-19 - 9ce4e3d6d85600153e61c4b8c3c346bd84d84470
Compiler:  ccache /home/author/meerkat/compilers/gcc-10.1.0/bin/gcc
PoC:       /home/author/meerkat/wd-meerkat-1/reproducers/repro-bug0196-0.prog
Attempt 0:
*** WARNING in btf_type_id_size (has report)
Attempt 1:
*** WARNING in btf_type_id_size (has report)
Attempt 2:
*** WARNING in btf_type_id_size (has report)
Attempt 3:
*** WARNING in btf_type_id_size (has report)
Attempt 4:
*** WARNING in btf_type_id_size (has report)
Attempt 5:
*** WARNING in btf_type_id_size (has report)
Attempt 6:
*** WARNING in btf_type_id_size (has report)
Attempt 7:
*** WARNING in btf_type_id_size (has report)
The bug was found.
About 88 commits remaining

2026-05-13 20:42:54
Session:   32
Kernel:    2021-09-14 - 67dfac47dac67a44d5bbdab2541a35ce33a2729a
Compiler:  ccache /home/author/meerkat/compilers/gcc-10.1.0/bin/gcc
PoC:       /home/author/meerkat/wd-meerkat-1/reproducers/repro-bug0196-0.prog
Warning: VM has not responded after 5 attempts.
Warning: Only booted 7 VMs.
Attempt 0:
    No crashes found.
Attempt 1:
    No crashes found.
Attempt 2:
    KFENCE: use-after-free in kvm_fastop_exception (has report)
Attempt 3:
    No crashes found.
Attempt 4:
    No crashes found.
Attempt 5:
    No crashes found.
Attempt 6:
    No crashes found.
Attempt 7:
    No crashes found.
The bug was not found.
About 1823 commits remaining

2026-05-13 21:04:09
Session:   33
Kernel:    2021-09-17 - 60aed22076b0d0ec2b7c7f9dba3ccd642520e1f3
Compiler:  ccache /home/author/meerkat/compilers/gcc-10.1.0/bin/gcc
PoC:       /home/author/meerkat/wd-meerkat-1/reproducers/repro-bug0196-0.prog
Attempt 0:
*** WARNING in btf_type_id_size (has report)
Attempt 1:
*** WARNING in btf_type_id_size (has report)
Attempt 2:
*** WARNING in btf_type_id_size (has report)
Attempt 3:
*** WARNING in btf_type_id_size (has report)
Attempt 4:
*** WARNING in btf_type_id_size (has report)
Attempt 5:
*** WARNING in btf_type_id_size (has report)
Attempt 6:
*** WARNING in btf_type_id_size (has report)
Attempt 7:
*** WARNING in btf_type_id_size (has report)
The bug was found.
About 23 commits remaining

2026-05-13 21:12:31
Session:   34
Kernel:    2021-09-14 - ad526474aec1d9abb9838e3fb1330bb991715c22
Compiler:  ccache /home/author/meerkat/compilers/gcc-10.1.0/bin/gcc
PoC:       /home/author/meerkat/wd-meerkat-1/reproducers/repro-bug0196-0.prog
Attempt 0:
*** WARNING in btf_type_id_size (has report)
Attempt 1:
*** WARNING in btf_type_id_size (has report)
Attempt 2:
*** WARNING in btf_type_id_size (has report)
Attempt 3:
*** WARNING in btf_type_id_size (has report)
Attempt 4:
*** WARNING in btf_type_id_size (has report)
Attempt 5:
*** WARNING in btf_type_id_size (has report)
Attempt 6:
*** WARNING in btf_type_id_size (has report)
Attempt 7:
*** WARNING in btf_type_id_size (has report)
The bug was found.
About 12 commits remaining

2026-05-13 21:19:29
Session:   35
Kernel:    2021-09-14 - 30025e8bd80fdc5a4159ec7f9511121ea561f456
Compiler:  ccache /home/author/meerkat/compilers/gcc-10.1.0/bin/gcc
PoC:       /home/author/meerkat/wd-meerkat-1/reproducers/repro-bug0196-0.prog
Attempt 0:
*** WARNING in btf_type_id_size (has report)
Attempt 1:
*** WARNING in btf_type_id_size (has report)
Attempt 2:
*** WARNING in btf_type_id_size (has report)
Attempt 3:
*** WARNING in btf_type_id_size (has report)
Attempt 4:
*** WARNING in btf_type_id_size (has report)
Attempt 5:
*** WARNING in btf_type_id_size (has report)
Attempt 6:
*** WARNING in btf_type_id_size (has report)
Attempt 7:
*** WARNING in btf_type_id_size (has report)
The bug was found.
About 6 commits remaining

2026-05-13 21:26:30
Session:   36
Kernel:    2021-09-14 - 8987ede3ed276f669eb88d952184e1d2bf42ea6b
Compiler:  ccache /home/author/meerkat/compilers/gcc-10.1.0/bin/gcc
PoC:       /home/author/meerkat/wd-meerkat-1/reproducers/repro-bug0196-0.prog
Warning: VM has not responded after 5 attempts.
Warning: Only booted 7 VMs.
Attempt 0:
    No crashes found.
Attempt 1:
    No crashes found.
Attempt 2:
    No crashes found.
Attempt 3:
    KFENCE: use-after-free in kvm_fastop_exception (has report)
Attempt 4:
    No crashes found.
Attempt 5:
    No crashes found.
Attempt 6:
    No crashes found.
Attempt 7:
    No crashes found.
The bug was not found.
About 4 commits remaining

2026-05-13 21:39:49
Session:   37
Kernel:    2021-09-14 - b5ea834dde6b6e7f75e51d5f66dac8cd7c97b5ef
Compiler:  ccache /home/author/meerkat/compilers/gcc-10.1.0/bin/gcc
PoC:       /home/author/meerkat/wd-meerkat-1/reproducers/repro-bug0196-0.prog
Attempt 0:
*** WARNING in btf_type_id_size (has report)
Attempt 1:
*** WARNING in btf_type_id_size (has report)
Attempt 2:
*** WARNING in btf_type_id_size (has report)
Attempt 3:
*** WARNING in btf_type_id_size (has report)
Attempt 4:
*** WARNING in btf_type_id_size (has report)
Attempt 5:
*** WARNING in btf_type_id_size (has report)
Attempt 6:
*** WARNING in btf_type_id_size (has report)
Attempt 7:
*** WARNING in btf_type_id_size (has report)
The bug was found.
About 3 commits remaining

2026-05-13 21:46:54
Session:   38
Kernel:    2021-09-14 - 41ced4cd88020c9d4b71ff7c50d020f081efa4a0
Compiler:  ccache /home/author/meerkat/compilers/gcc-10.1.0/bin/gcc
PoC:       /home/author/meerkat/wd-meerkat-1/reproducers/repro-bug0196-0.prog
Attempt 0:
    No crashes found.
Attempt 1:
    No crashes found.
Attempt 2:
    No crashes found.
Attempt 3:
    No crashes found.
Attempt 4:
    No crashes found.
Attempt 5:
    KFENCE: use-after-free in kvm_fastop_exception (has report)
Attempt 6:
    No crashes found.
Attempt 7:
    No crashes found.
The bug was not found.
About 2 commits remaining

====================================================================================================================================================
Bug Name:             WARNING in btf_type_id_size
Bug ID:               bug0196
Bug Link:             https://syzkaller.appspot.com/bug?id=3897413eb15aa1bd9cd201cea5e58c4326448b51
Bisection Result:     2021-09-14 - b5ea834dde6b6e7f75e51d5f66dac8cd7c97b5ef
Bisected Commit Name: bpf: Support for new btf kind BTF_KIND_TAG
Run Time:             9h56m52s

Anchor Commit:        2022-10-23 - a70385240892bcbc6442b054e847c74100e72f1a
Bisection Result:     2021-09-14 - b5ea834dde6b6e7f75e51d5f66dac8cd7c97b5ef
