./bin/meerkat -i 1 -c /home/author/meerkat/wd-meerkat-1/meerkat.cfg -a f0e18b03fcafd8344539101f564ae358950ae892 -F ff-test,stateful-corpus,poc-test,ff-no-find-backup
Bisecting:          kernel BUG in ext4_ind_remove_space
Syzbot Link:        https://syzkaller.appspot.com/bug?id=4a547542bb29dc957c096f0c95ef9154e93d68d3
Working Name:       bug0179

Aliases:
    kernel BUG in ext4_ind_remove_space

Anchor Commit:      f0e18b03fcafd8344539101f564ae358950ae892
Repository:         https://git.kernel.org/pub/scm/linux/kernel/git/torvalds/linux.git
Branch:             master
Arch:               amd64

Meerkat:            /home/author/meerkat/
Version:            1.2.0
Kernel:             /home/author/meerkat/wd-meerkat-1/kernel/
Syzkaller:          /home/author/meerkat/syzkaller/
Compilers:          /home/author/meerkat/compilers/
Compiler:           gcc (Ubuntu 12.3.0-1ubuntu1~22.04.3) 12.3.0
Linker:             GNU ld (GNU Binutils for Ubuntu) 2.38
Ccache:             ccache version 4.5.1
Image:              /home/author/meerkat/image/stretch/stretch.img
Image Key:          /home/author/meerkat/image/stretch/stretch.id_rsa

Workdir:            /home/author/meerkat/wd-meerkat-1/
Kconfig:            /home/author/meerkat/wd-meerkat-1/config-bug0179.txt
Reproducers: (1)    /home/author/meerkat/wd-meerkat-1/reproducers/
Syzkaller Workdir:  /home/author/meerkat/wd-meerkat-1/wd-kaller/
Log Directory:      /home/author/meerkat/wd-meerkat-1/log/

Syscalls: (6)       ["fallocate", "ioctl$FS_IOC_SETFLAGS", "open", "pwrite64", "pwritev2", "setrlimit"]
VM Count:           8
CPU Count:          2
Procs:              16
Memory:             4096
Make Procs:         16
Max Time:           10
Max Attempts:       1

==== Anchor Commit ====

2026-05-12 20:27:49
Session:   1
Kernel:    2022-03-13 - f0e18b03fcafd8344539101f564ae358950ae892
Compiler:  ccache gcc
Attempt 1:
    No crashes found.
Attempt 2: (RETRY)
    No crashes found.
Attempt 3: (RETRY)
    No crashes found.
The bug was not found.

Failure: This bug cannot be found at the anchor commit.

==== Partial Result: Focused Fuzzing ====
Bisection Result:     Failed to reproduce at the anchor commit.
Stage Time:           0h43m10s
Run Time:             0h43m11s
=========================================
