./bin/meerkat -i 1 -c /home/author/meerkat/wd-meerkat-1/meerkat.cfg -a fdf0eaf11452d72945af31804e2a1048ee1b574c -F ff-test,stateful-corpus,poc-test,ff-no-find-backup
Bisecting:          KASAN: slab-use-after-free Read in nilfs_load_inode_block
Syzbot Link:        https://syzkaller.appspot.com/bug?extid=74db8b3087f293d3a13a
Working Name:       bug0825

Aliases:
    KASAN: slab-use-after-free Read in nilfs_load_inode_block

Anchor Commit:      fdf0eaf11452d72945af31804e2a1048ee1b574c
Repository:         https://git.kernel.org/pub/scm/linux/kernel/git/torvalds/linux.git
Branch:             master
Arch:               amd64

Meerkat:            /home/author/meerkat/
Version:            1.2.0
Kernel:             /home/author/meerkat/wd-meerkat-1/kernel/
Syzkaller:          /home/author/meerkat/syzkaller/
Compilers:          /home/author/meerkat/compilers/
Compiler:           gcc (Ubuntu 12.3.0-1ubuntu1~22.04.3) 12.3.0
Linker:             GNU ld (GNU Binutils for Ubuntu) 2.38
Ccache:             ccache version 4.5.1
Image:              /home/author/meerkat/image/stretch/stretch.img
Image Key:          /home/author/meerkat/image/stretch/stretch.id_rsa

Workdir:            /home/author/meerkat/wd-meerkat-1/
Kconfig:            /home/author/meerkat/wd-meerkat-1/config-bug0825.txt
Reproducers: (1)    /home/author/meerkat/wd-meerkat-1/reproducers/
Primary PoC:        /home/author/meerkat/wd-meerkat-1/reproducers/repro-bug0825-1.prog
Syzkaller Workdir:  /home/author/meerkat/wd-meerkat-1/wd-kaller/
Log Directory:      /home/author/meerkat/wd-meerkat-1/log/

Syscalls: (12)      ["ftruncate", "getdents64", "lseek", "open", "openat", "sendfile", "syz_mount_image$nilfs2", "open$dir", "mount$bpf", "getuid", "setgid", "getgid"]
VM Count:           4
CPU Count:          4
Procs:              24
Memory:             4096
Make Procs:         16
Max Time:           10
Max Attempts:       1

==== Anchor Commit ====

2026-04-25 03:37:29
Session:   1
Kernel:    2023-07-16 - fdf0eaf11452d72945af31804e2a1048ee1b574c
Compiler:  ccache gcc
Attempt 1:
    Time  Bug Name
***    5  KASAN: slab-use-after-free Read in nilfs_load_inode_block (has report)
Attempt 2: (RETRY)
    Time  Bug Name
***    7  KASAN: slab-use-after-free Read in nilfs_load_inode_block (has report)
Attempt 3: (RETRY)
    Time  Bug Name
***    5  KASAN: slab-use-after-free Read in nilfs_load_inode_block (has report)
The bug was found.

New Max Time: 10

==== Major Release Search ====
13 Releases

2026-04-25 04:16:42
Session:   2
Kernel:    2023-06-25 - 6995e2de6891c724bfeb2db33d7b87775f913ad1 (v6.4)
Compiler:  ccache gcc
Attempt 1:
    Time  Bug Name
***    3  KASAN: slab-use-after-free Read in nilfs_load_inode_block (3) (has report)
Running syz-repro.
syz-repro was terminated after 60 minutes
Run Time:        1h0m0s
The bug was found.
About 12 releases remaining

2026-04-25 05:46:54
Session:   3
Kernel:    2023-04-23 - 457391b0380335d5e9a5babdec90ac53928b23b4 (v6.3)
Compiler:  ccache gcc
Attempt 1:
    Time  Bug Name
       6  WARNING in mark_buffer_dirty (has report)
       6  INFO: task hung in del_device_store
       8  INFO: task hung in del_device_store
      10  suppressed report (3)
The bug was not found.
About 11 releases remaining

==== Kernel Bisection ====
16012 Linux commits

2026-04-25 06:20:22
Session:   4
Kernel:    2023-04-27 - d42b1c47570eb2ed818dc3fe94b2678124af109d
Compiler:  ccache gcc
Attempt 1:
    Time  Bug Name
       7  INFO: task hung in del_device_store (2)
       9  suppressed report (2)
The bug was not found.
About 8014 commits remaining

2026-04-25 06:56:44
Session:   5
Kernel:    2023-04-30 - 58390c8ce1bddb6c623f62e7ed36383e7fa5c02f
Compiler:  ccache gcc
Attempt 1:
    Time  Bug Name
       5  WARNING in mark_buffer_dirty (has report)
       6  suppressed report (2)
       6  INFO: task hung in del_device_store
      10  suppressed report
      10  INFO: task hung in new_device_store
      10  WARNING in mark_buffer_dirty (has report)
The bug was not found.
About 3965 commits remaining

2026-04-25 07:29:59
Session:   6
Kernel:    2023-05-13 - adfbf653a3ba6bb8bbb84ed90bf4f1533db545d3
Compiler:  ccache gcc
Attempt 1:
    Time  Bug Name
***    4  KASAN: slab-use-after-free Read in nilfs_load_inode_block (2) (has report)
The bug was found.
About 1985 commits remaining

2026-04-25 07:58:13
Session:   7
Kernel:    2023-05-05 - d4fba4dfdcce1e23bc769591bc2e993118391b53
Compiler:  ccache gcc
Attempt 1:
    Time  Bug Name
       6  INFO: task hung in del_device_store (3)
       7  INFO: task hung in del_device_store
      10  suppressed report (2)
The bug was not found.
About 994 commits remaining

2026-04-25 08:30:59
Session:   8
Kernel:    2023-05-07 - 17784de648be93b4eef0ef8fe28a16ff04feecc7
Compiler:  ccache gcc
Attempt 1:
    Time  Bug Name
***    3  KASAN: slab-use-after-free Read in nilfs_load_inode_block (3) (has report)
The bug was found.
About 466 commits remaining

2026-04-25 08:50:23
Session:   9
Kernel:    2023-05-05 - b115d85a9584c98f9a7dec209d835462aa1adc09
Compiler:  ccache gcc
Attempt 1:
    Time  Bug Name
       6  suppressed report
       6  INFO: task hung in del_device_store
       7  INFO: task hung in del_device_store
The bug was not found.
About 233 commits remaining

2026-04-25 09:16:10
Session:   10
Kernel:    2023-05-05 - 2e1e1337881b0e9844d687982aa54b31b1269b11
Compiler:  ccache gcc
Attempt 1:
    Time  Bug Name
       6  WARNING in mark_buffer_dirty (has report)
       6  INFO: task hung in del_device_store (2)
       7  INFO: task hung in del_device_store
      10  suppressed report
The bug was not found.
About 116 commits remaining

2026-04-25 09:36:09
Session:   11
Kernel:    2023-05-06 - dd9e11d6477a52ede9ebe575c83285e79e823889
Compiler:  ccache gcc
Attempt 1:
    Time  Bug Name
       6  INFO: task hung in del_device_store (2)
       7  INFO: task hung in new_device_store
The bug was not found.
About 59 commits remaining

2026-04-25 09:55:27
Session:   12
Kernel:    2023-05-07 - 03e5cb7b50feb687508946a702febaba24c77f0b
Compiler:  ccache gcc
Attempt 1:
    Time  Bug Name
***    5  KASAN: slab-use-after-free Read in nilfs_load_inode_block (has report)
Running syz-repro.
syz-repro was terminated after 60 minutes
Run Time:        1h0m0s
The bug was found.
About 25 commits remaining

2026-04-25 11:11:28
Session:   13
Kernel:    2023-05-06 - da9619a30e73b59605ed998bf7bc4359f5c0029a
Compiler:  ccache gcc
Attempt 1:
    Time  Bug Name
       5  suppressed report
       6  KASAN: slab-use-after-free Write in enqueue_timer (has report)
       7  INFO: task hung in new_device_store
       7  INFO: task hung in del_device_store
The bug was not found.
About 168 commits remaining

2026-04-25 11:34:01
Session:   14
Kernel:    2023-05-06 - 706ce3caea1cc1dab8c7fd6e7d1389b46ad1570e
Compiler:  ccache gcc
Attempt 1:
    Time  Bug Name
       5  WARNING in mark_buffer_dirty (has report)
***    5  KASAN: slab-use-after-free Read in nilfs_load_inode_block (has report)
The bug was found.
About 162 commits remaining

2026-04-25 11:48:44
Session:   15
Kernel:    2023-05-06 - 28a65b49eb53e172d23567005465019658bfdb4d
Compiler:  ccache gcc
Attempt 1:
    Time  Bug Name
***    4  KASAN: slab-use-after-free Read in nilfs_load_inode_block (has report)
The bug was found.
About 5 commits remaining

2026-04-25 12:02:06
Session:   16
Kernel:    2023-05-06 - a6a491c048882e7e424d407d32cba0b52d9ef2bf
Compiler:  ccache gcc
Attempt 1:
    Time  Bug Name
       6  INFO: task hung in del_device_store (2)
       7  INFO: task hung in del_device_store (2)
The bug was not found.
About 3 commits remaining

2026-04-25 12:21:54
Session:   17
Kernel:    2023-05-06 - d824ec2a154677f63c56cc71ffe4578274f6e32e
Compiler:  ccache gcc
Attempt 1:
    Time  Bug Name
       6  suppressed report
       6  INFO: task hung in devlink_free
       6  WARNING in mark_buffer_dirty (has report)
       7  INFO: task hung in del_device_store
The bug was not found.
About 2 commits remaining

==== Partial Result: Focused Fuzzing ====
Reproducer:           /home/author/meerkat/wd-meerkat-1/reproducers/repro-bug0825-1.prog
Bisection Result:     2023-05-06 - 28a65b49eb53e172d23567005465019658bfdb4d
Bisected Commit Name: nilfs2: do not write dirty data after degenerating to read-only
Stage Time:           9h5m41s
Run Time:             9h5m43s
=========================================

==== Anchor Commit ====

2026-04-25 12:43:09
Session:   18
Kernel:    2023-05-06 - d824ec2a154677f63c56cc71ffe4578274f6e32e
Compiler:  ccache gcc
PoC:       /home/author/meerkat/wd-meerkat-1/reproducers/repro-bug0825-1.prog
Attempt 0:
    No crashes found.
Attempt 1:
    No crashes found.
Attempt 2:
    No crashes found.
Attempt 3:
    No crashes found.
Attempt 4:
    INFO: task hung in del_device_store
Attempt 5:
    No crashes found.
Attempt 6:
    No crashes found.
Attempt 7:
    No crashes found.
The bug was not found.

Failure: This bug cannot be found at the anchor commit.

====================================================================================================================================================
Bug Name:             KASAN: slab-use-after-free Read in nilfs_load_inode_block
Bug ID:               bug0825
Bug Link:             https://syzkaller.appspot.com/bug?extid=74db8b3087f293d3a13a
Bisection Result:     2023-05-06 - 28a65b49eb53e172d23567005465019658bfdb4d
Bisected Commit Name: nilfs2: do not write dirty data after degenerating to read-only
Run Time:             9h25m16s

Anchor Commit:        2023-07-16 - fdf0eaf11452d72945af31804e2a1048ee1b574c
Bisection Result:     2023-05-06 - 28a65b49eb53e172d23567005465019658bfdb4d
