./bin/meerkat -i 1 -c /home/author/meerkat/wd-meerkat-1/meerkat.cfg -a a111daf0c53ae91e71fd2bfe7497862d14132e3e -F ff-test,stateful-corpus,poc-test,ff-no-find-backup
Bisecting:          possible deadlock in sco_conn_del
Warning: No syscall found that produces sock_bt.
Syzbot Link:        https://syzkaller.appspot.com/bug?extid=b825d87fe2d043e3e652
Working Name:       bug0860

Aliases:
    possible deadlock in sco_conn_del

Anchor Commit:      a111daf0c53ae91e71fd2bfe7497862d14132e3e
Repository:         https://git.kernel.org/pub/scm/linux/kernel/git/torvalds/linux.git
Branch:             master
Arch:               amd64

Meerkat:            /home/author/meerkat/
Version:            1.2.0
Kernel:             /home/author/meerkat/wd-meerkat-1/kernel/
Syzkaller:          /home/author/meerkat/syzkaller/
Compilers:          /home/author/meerkat/compilers/
Compiler:           gcc (Ubuntu 12.3.0-1ubuntu1~22.04.3) 12.3.0
Linker:             GNU ld (GNU Binutils for Ubuntu) 2.38
Ccache:             ccache version 4.5.1
Image:              /home/author/meerkat/image/stretch/stretch.img
Image Key:          /home/author/meerkat/image/stretch/stretch.id_rsa

Workdir:            /home/author/meerkat/wd-meerkat-1/
Kconfig:            /home/author/meerkat/wd-meerkat-1/config-bug0860.txt
Reproducers: (1)    /home/author/meerkat/wd-meerkat-1/reproducers/
Primary PoC:        /home/author/meerkat/wd-meerkat-1/reproducers/repro-bug0860-1.prog
Syzkaller Workdir:  /home/author/meerkat/wd-meerkat-1/wd-kaller/
Log Directory:      /home/author/meerkat/wd-meerkat-1/log/

Syscalls: (7)       ["connect$bt_sco", "openat$rfkill", "syz_init_net_socket$bt_sco", "write$rfkill", "ioctl$F2FS_IOC_START_ATOMIC_WRITE", "openat$selinux_enforce", "socket"]
VM Count:           4
CPU Count:          4
Procs:              24
Memory:             4096
Make Procs:         16
Max Time:           10
Max Attempts:       1

==== Anchor Commit ====

2026-05-04 11:00:45
Session:   1
Kernel:    2022-06-19 - a111daf0c53ae91e71fd2bfe7497862d14132e3e
Compiler:  ccache gcc
Attempt 1:
    Time  Bug Name
***    2  possible deadlock in sco_conn_del (2)
Attempt 2: (RETRY)
    Time  Bug Name
***    2  possible deadlock in sco_conn_del (2)
Attempt 3: (RETRY)
    Time  Bug Name
***    2  possible deadlock in sco_conn_del
The bug was found.

New Max Time: 10

==== Major Release Search ====
11 Releases

2026-05-04 11:20:36
Session:   2
Kernel:    2022-05-22 - 4b0986a3613c92f4ec1bdc7f60ec66fea135991f (v5.18)
Compiler:  ccache gcc
Attempt 1:
    Time  Bug Name
       7  suppressed report
The bug was not found.
About 10 releases remaining

==== Kernel Bisection ====
14614 Linux commits

2026-05-04 11:43:53
Session:   3
Kernel:    2022-05-25 - d7227785e384d4422b3ca189aa5bf19f462337cc
Compiler:  ccache gcc
Attempt 1:
    Time  Bug Name
***    2  possible deadlock in sco_conn_del
Running syz-repro.
syz-repro was terminated after 60 minutes
Warning: Child process exited with error status 32764.
Run Time:        1h0m0s
The bug was found.
About 7497 commits remaining

2026-05-04 12:58:50
Session:   4
Kernel:    2022-05-25 - 5d1772b1739b085721431eef0c0400f3aff01abf
Compiler:  ccache gcc
Attempt 1:
    Time  Bug Name
       7  WARNING in sco_chan_del (has report)
The bug was not found.
About 4554 commits remaining

2026-05-04 13:21:34
Session:   5
Kernel:    2022-05-25 - 86c87bea6b42100c67418af690919c44de6ede6e
Compiler:  ccache gcc
Attempt 1:
    Time  Bug Name
***    2  possible deadlock in sco_conn_del (3)
The bug was found.
About 2227 commits remaining

2026-05-04 13:36:37
Session:   6
Kernel:    2022-05-04 - 3825a0d02748b4eb355b1d3926ff750fd3846178
Compiler:  ccache gcc
Attempt 1:
    Time  Bug Name
       7  suppressed report
       9  suppressed report
The bug was not found.
About 4931 commits remaining

2026-05-04 14:00:24
Session:   7
Kernel:    2022-05-19 - f01cdcf891a569dee187a5de0c25cd5766151524
Compiler:  ccache gcc
Attempt 1:
    Time  Bug Name
       2  WARNING in sco_chan_del (has report)
       4  suppressed report
       6  WARNING: ODEBUG bug in netdev_run_todo (has report)
The bug was not found.
About 3580 commits remaining

2026-05-04 14:27:48
Session:   8
Kernel:    2022-05-23 - 1ef0736c0711e2633a59b540931406de626f2836
Compiler:  ccache gcc
Attempt 1:
    Time  Bug Name
***    2  possible deadlock in sco_conn_del (3)
The bug was found.
About 291 commits remaining

2026-05-04 14:46:59
Session:   9
Kernel:    2022-05-23 - 8f445a3ec3fd36feb90c5b2ef8d21e2492819cdc
Compiler:  ccache gcc
Attempt 1:
    Time  Bug Name
       5  suppressed report
       8  suppressed report
The bug was not found.
About 156 commits remaining

2026-05-04 15:07:45
Session:   10
Kernel:    2022-05-11 - 0bed8f374a9981d94c6b03376925419ef588f44a
Compiler:  ccache gcc
Attempt 1:
    Time  Bug Name
       9  KASAN: use-after-free Write in sco_conn_del (has report)
The bug was not found.
About 2371 commits remaining

2026-05-04 15:34:00
Session:   11
Kernel:    2022-05-23 - d88bb5eed04ce50cc20e7f9282977841728be798
Compiler:  ccache gcc
Attempt 1:
    Time  Bug Name
       8  suppressed report
The bug was not found.
About 2333 commits remaining

2026-05-04 15:51:21
Session:   12
Kernel:    2022-05-13 - 0d37ddfc50d9a81f46d3b2ffa156d4fea8a410f7
Compiler:  ccache gcc
Attempt 1:
    Time  Bug Name
***    2  possible deadlock in sco_conn_del (3)
Running syz-repro.
syz-repro was terminated after 60 minutes
Warning: Child process exited with error status 32764.
Run Time:        1h0m0s
The bug was found.
About 1645 commits remaining

2026-05-04 17:05:20
Session:   13
Kernel:    2022-05-13 - d44e1dbda36fff5d7c2586683c4adc0963aef908
Compiler:  ccache gcc
Attempt 1:
    Time  Bug Name
***    2  possible deadlock in sco_conn_del (4)
The bug was found.
About 1635 commits remaining

2026-05-04 17:13:07
Session:   14
Kernel:    2022-05-13 - 31396dd53f32d5d82655d84ab31e193ace836688
Compiler:  ccache gcc
Attempt 1:
    Time  Bug Name
***    2  possible deadlock in sco_conn_del (3)
The bug was found.
About 1630 commits remaining

2026-05-04 17:20:53
Session:   15
Kernel:    2022-05-13 - 789f6b8ac3b15bca09b69d5699cad0bf6e2103aa
Compiler:  ccache gcc
Attempt 1:
    No crashes found.
The bug was not found.
About 3 commits remaining

2026-05-04 17:36:41
Session:   16
Kernel:    2022-05-13 - 7aa1e7d15f8a5b65f67bacb100d8fc033b21efa2
Compiler:  ccache gcc
Attempt 1:
    Time  Bug Name
***    2  possible deadlock in sco_conn_del (2)
Running syz-repro.
New PoC saved at /home/author/meerkat/wd-meerkat-1/reproducers/repro-bug0860-0.prog
Primary PoC:     /home/author/meerkat/wd-meerkat-1/reproducers/repro-bug0860-0.prog
Run Time:        0h36m0s
The bug was found.
About 2 commits remaining

==== Partial Result: Focused Fuzzing ====
Reproducer:           /home/author/meerkat/wd-meerkat-1/reproducers/repro-bug0860-0.prog
Bisection Result:     2022-05-13 - 7aa1e7d15f8a5b65f67bacb100d8fc033b21efa2
Bisected Commit Name: Bluetooth: fix dangling sco_conn and use-after-free in sco_sock_timeout
Stage Time:           7h19m51s
Run Time:             7h19m52s
=========================================

==== Anchor Commit ====

2026-05-04 18:20:36
Session:   17
Kernel:    2022-05-13 - 789f6b8ac3b15bca09b69d5699cad0bf6e2103aa
Compiler:  ccache gcc
PoC:       /home/author/meerkat/wd-meerkat-1/reproducers/repro-bug0860-0.prog
Attempt 0:
    No crashes found.
Attempt 1:
    INFO: task hung in rfkill_unregister
    INFO: task hung in misc_open
    INFO: task hung in rfkill_fop_open
    INFO: task hung in scan_update_work
Attempt 2:
    INFO: task hung in misc_open
    INFO: task hung in rfkill_fop_open
    INFO: task hung in scan_update_work
    INFO: task hung in hci_request_cancel_all
Attempt 3:
    No crashes found.
Attempt 4:
    No crashes found.
Attempt 5:
    No crashes found.
Attempt 6:
    No crashes found.
Attempt 7:
    No crashes found.
The bug was not found.

Failure: This bug cannot be found at the anchor commit.

====================================================================================================================================================
Bug Name:             possible deadlock in sco_conn_del
Bug ID:               bug0860
Bug Link:             https://syzkaller.appspot.com/bug?extid=b825d87fe2d043e3e652
Bisection Result:     2022-05-13 - 7aa1e7d15f8a5b65f67bacb100d8fc033b21efa2
Bisected Commit Name: Bluetooth: fix dangling sco_conn and use-after-free in sco_sock_timeout
Run Time:             7h33m33s

Anchor Commit:        2022-06-19 - a111daf0c53ae91e71fd2bfe7497862d14132e3e
Bisection Result:     2022-05-13 - 7aa1e7d15f8a5b65f67bacb100d8fc033b21efa2
