./bin/meerkat -i 1 -c /home/author/meerkat/wd-meerkat-1/meerkat.cfg -a 4652b8e4f3ffa48c706ec334f048c217a7d9750d -F ff-test,stateful-corpus,poc-test,ff-no-find-backup
Bisecting:          WARNING in blk_mq_start_request
Syzbot Link:        https://syzkaller.appspot.com/bug?extid=fcc47ba2476570cbbeb0
Working Name:       bug0778

Aliases:
    WARNING in blk_mq_start_request

Anchor Commit:      4652b8e4f3ffa48c706ec334f048c217a7d9750d
Repository:         https://git.kernel.org/pub/scm/linux/kernel/git/torvalds/linux.git
Branch:             master
Arch:               amd64

Meerkat:            /home/author/meerkat/
Version:            1.2.0
Kernel:             /home/author/meerkat/wd-meerkat-1/kernel/
Syzkaller:          /home/author/meerkat/syzkaller/
Compilers:          /home/author/meerkat/compilers/
Compiler:           gcc (Ubuntu 12.3.0-1ubuntu1~22.04.3) 12.3.0
Linker:             GNU ld (GNU Binutils for Ubuntu) 2.38
Ccache:             ccache version 4.5.1
Image:              /home/author/meerkat/image/stretch/stretch.img
Image Key:          /home/author/meerkat/image/stretch/stretch.id_rsa

Workdir:            /home/author/meerkat/wd-meerkat-1/
Kconfig:            /home/author/meerkat/wd-meerkat-1/config-bug0778.txt
Reproducers: (1)    /home/author/meerkat/wd-meerkat-1/reproducers/
Primary PoC:        /home/author/meerkat/wd-meerkat-1/reproducers/repro-bug0778-2.prog
Syzkaller Workdir:  /home/author/meerkat/wd-meerkat-1/wd-kaller/
Log Directory:      /home/author/meerkat/wd-meerkat-1/log/

Syscalls: (3)       ["creat", "mount", "ioctl$F2FS_IOC_START_ATOMIC_WRITE"]
VM Count:           8
CPU Count:          2
Procs:              16
Memory:             4096
Make Procs:         16
Max Time:           10
Max Attempts:       1

==== Anchor Commit ====

2026-05-17 21:20:54
Session:   1
Kernel:    2023-11-02 - 4652b8e4f3ffa48c706ec334f048c217a7d9750d
Compiler:  ccache gcc
Attempt 1:
    Time  Bug Name
***    3  WARNING in blk_mq_start_request (2) (has report)
Attempt 2: (RETRY)
    Time  Bug Name
***    2  WARNING in blk_mq_start_request (has report)
Attempt 3: (RETRY)
    No crashes found.
The bug was found.

New Max Time: 12

==== Major Release Search ====
14 Releases

2026-05-17 21:53:26
Session:   2
Kernel:    2023-10-29 - ffc253263a1375a65fa6c9f62a893e9767fbebfa (v6.6)
Compiler:  ccache gcc
Attempt 1:
    No crashes found.
The bug was not found.
About 13 releases remaining

==== Kernel Bisection ====
10397 Linux commits

2026-05-17 22:22:25
Session:   3
Kernel:    2023-10-31 - 89ed67ef126c4160349c1b96fdb775ea6170ac90
Compiler:  ccache gcc
Attempt 1:
    No crashes found.
The bug was not found.
About 4554 commits remaining

2026-05-17 22:51:30
Session:   4
Kernel:    2023-10-31 - 631808095a82e6b6f8410a95f8b12b8d0d38b161
Compiler:  ccache gcc
Attempt 1:
    No crashes found.
The bug was not found.
About 8769 commits remaining

2026-05-17 23:20:03
Session:   5
Kernel:    2023-11-01 - 0364249d2073c32c5214f02866999ce940bc35a2
Compiler:  ccache gcc
Attempt 1:
    Time  Bug Name
***    3  WARNING in blk_mq_start_request (2) (has report)
Running syz-repro.
New PoC saved at /home/author/meerkat/wd-meerkat-1/reproducers/repro-bug0778-0.prog
Primary PoC:     /home/author/meerkat/wd-meerkat-1/reproducers/repro-bug0778-0.prog
Run Time:        0h16m0s
The bug was found.
About 7400 commits remaining

2026-05-17 23:56:07
Session:   6
Kernel:    2023-10-31 - 59fff63cc2b75dcfe08f9eeb4b2187d73e53843d
Compiler:  ccache gcc
Attempt 1:
    No crashes found.
The bug was not found.
About 2482 commits remaining

2026-05-18 00:24:44
Session:   7
Kernel:    2023-11-01 - 56ec8e4cd8cbff3c96c53cd8303bba924613b5ce
Compiler:  ccache gcc
Attempt 1:
    No crashes found.
The bug was not found.
About 290 commits remaining

2026-05-18 00:48:55
Session:   8
Kernel:    2023-11-01 - 4de520f1fcefd4ebb7dddcf28bde1b330c2f6b5d
Compiler:  ccache gcc
Attempt 1:
    No crashes found.
The bug was not found.
About 141 commits remaining

2026-05-18 01:08:34
Session:   9
Kernel:    2023-10-17 - 96ff37ceb203426b1bcebbae42399686110b0130
Compiler:  ccache gcc
Attempt 1:
    Time  Bug Name
***    3  WARNING in blk_mq_start_request (has report)
The bug was found.
About 71 commits remaining

2026-05-18 01:28:06
Session:   10
Kernel:    2023-10-10 - 205669f37770772c1ae8c2dac1eba6da521a8b77
Compiler:  ccache gcc
Attempt 1:
    Time  Bug Name
***    3  WARNING in blk_mq_start_request (2) (has report)
The bug was found.
About 36 commits remaining

2026-05-18 01:37:49
Session:   11
Kernel:    2023-09-22 - 158d32af8710777b146f5303a5ca066b493d18e8
Compiler:  ccache gcc
Attempt 1:
    Time  Bug Name
***    4  WARNING in blk_mq_start_request (3) (has report)
Running syz-repro.
New PoC saved at /home/author/meerkat/wd-meerkat-1/reproducers/repro-bug0778-1.prog
Primary PoC:     /home/author/meerkat/wd-meerkat-1/reproducers/repro-bug0778-1.prog
Run Time:        0h36m0s
The bug was found.
About 18 commits remaining

2026-05-18 02:24:39
Session:   12
Kernel:    2023-09-22 - db5e653d7c9fae8ed61da58ab5e9a8db2cd61a2b
Compiler:  ccache gcc
Attempt 1:
    Time  Bug Name
***    2  WARNING in blk_mq_start_request (2) (has report)
The bug was found.
About 9 commits remaining

2026-05-18 02:33:23
Session:   13
Kernel:    2023-09-22 - 217b613a53d3a430aa2e5d1523819dc271f02ff0
Compiler:  ccache gcc
Attempt 1:
    No crashes found.
The bug was not found.
About 5 commits remaining

2026-05-18 02:52:06
Session:   14
Kernel:    2023-09-22 - ac619781967bd5663c29606246b50dbebd8b3473
Compiler:  ccache gcc
Attempt 1:
    Time  Bug Name
***    2  WARNING in blk_mq_start_request (has report)
The bug was found.
About 3 commits remaining

2026-05-18 03:00:51
Session:   15
Kernel:    2023-09-22 - d78bfa1346ab1fe04d20aa45a0678d1fc866f37c
Compiler:  ccache gcc
Attempt 1:
    Time  Bug Name
***    3  WARNING in blk_mq_start_request (2) (has report)
Running syz-repro.
New PoC saved at /home/author/meerkat/wd-meerkat-1/reproducers/repro-bug0778-0.prog
Primary PoC:     /home/author/meerkat/wd-meerkat-1/reproducers/repro-bug0778-0.prog
Run Time:        0h10m0s
The bug was found.
About 2 commits remaining

==== Partial Result: Focused Fuzzing ====
Reproducer:           /home/author/meerkat/wd-meerkat-1/reproducers/repro-bug0778-0.prog
Bisection Result:     2023-09-22 - d78bfa1346ab1fe04d20aa45a0678d1fc866f37c
Bisected Commit Name: block/null_blk: add queue_rqs() support
Stage Time:           5h59m37s
Run Time:             5h59m38s
=========================================

==== Anchor Commit ====

2026-05-18 03:20:31
Session:   16
Kernel:    2023-09-22 - 217b613a53d3a430aa2e5d1523819dc271f02ff0
Compiler:  ccache gcc
PoC:       /home/author/meerkat/wd-meerkat-1/reproducers/repro-bug0778-0.prog
Attempt 0:
    No crashes found.
Attempt 1:
    No crashes found.
Attempt 2:
    No crashes found.
Attempt 3:
    No crashes found.
Attempt 4:
    No crashes found.
Attempt 5:
    No crashes found.
Attempt 6:
    No crashes found.
Attempt 7:
    No crashes found.
The bug was not found.

Failure: This bug cannot be found at the anchor commit.

====================================================================================================================================================
Bug Name:             WARNING in blk_mq_start_request
Bug ID:               bug0778
Bug Link:             https://syzkaller.appspot.com/bug?extid=fcc47ba2476570cbbeb0
Bisection Result:     2023-09-22 - d78bfa1346ab1fe04d20aa45a0678d1fc866f37c
Bisected Commit Name: block/null_blk: add queue_rqs() support
Run Time:             6h15m22s

Anchor Commit:        2023-11-02 - 4652b8e4f3ffa48c706ec334f048c217a7d9750d
Bisection Result:     2023-09-22 - d78bfa1346ab1fe04d20aa45a0678d1fc866f37c
