./bin/meerkat -i 1 -c /home/author/meerkat/wd-meerkat-1/meerkat.cfg -a fc89d7fb499b0162e081f434d45e8d1b47e82ece -F ff-test,stateful-corpus,poc-test,ff-no-find-backup
Bisecting:          WARNING in bpf_xdp_adjust_tail
Warning: No syscall found that uses tcp_seq_num.
Syzbot Link:        https://syzkaller.appspot.com/bug?extid=f817490f5bd20541b90a
Working Name:       bug0836

Aliases:
    WARNING in bpf_xdp_adjust_tail

Anchor Commit:      fc89d7fb499b0162e081f434d45e8d1b47e82ece
Repository:         https://git.kernel.org/pub/scm/linux/kernel/git/torvalds/linux.git
Branch:             master
Arch:               amd64

Meerkat:            /home/author/meerkat/
Version:            1.2.0
Kernel:             /home/author/meerkat/wd-meerkat-1/kernel/
Syzkaller:          /home/author/meerkat/syzkaller/
Compilers:          /home/author/meerkat/compilers/
Compiler:           gcc (Ubuntu 12.3.0-1ubuntu1~22.04.3) 12.3.0
Linker:             GNU ld (GNU Binutils for Ubuntu) 2.38
Ccache:             ccache version 4.5.1
Image:              /home/author/meerkat/image/stretch/stretch.img
Image Key:          /home/author/meerkat/image/stretch/stretch.id_rsa

Workdir:            /home/author/meerkat/wd-meerkat-1/
Kconfig:            /home/author/meerkat/wd-meerkat-1/config-bug0836.txt
Reproducers: (1)    /home/author/meerkat/wd-meerkat-1/reproducers/
Syzkaller Workdir:  /home/author/meerkat/wd-meerkat-1/wd-kaller/
Log Directory:      /home/author/meerkat/wd-meerkat-1/log/

Syscalls: (28)      ["bpf$BPF_LINK_CREATE_XDP", "bpf$PROG_LOAD", "ioctl$sock_SIOCGIFINDEX", "socket$packet", "syz_emit_ethernet", "bpf$LINK_GET_FD_BY_ID", "bpf$BPF_PROG_GET_FD_BY_ID", "socket", "bpf$PROG_LOAD_XDP", "ioctl$F2FS_IOC_START_ATOMIC_WRITE", "openat$selinux_enforce", "bpf$LINK_GET_NEXT_ID", "bpf$BPF_BTF_GET_NEXT_ID", "bpf$BPF_BTF_LOAD", "bpf$OBJ_GET_MAP", "bpf$TOKEN_CREATE", "bpf$BPF_PROG_GET_NEXT_ID", "bpf$BPF_PROG_QUERY", "syz_clone", "openat$cgroup_root", "openat$pidfd", "bpf$BPF_MAP_CONST_STR_FREEZE", "bpf$MAP_UPDATE_ELEM_TAIL_CALL", "bpf$MAP_CREATE_RINGBUF", "syz_extract_tcp_res", "bpf$MAP_UPDATE_CONST_STR", "bpf$MAP_CREATE_TAIL_CALL", "bpf$MAP_CREATE_CONST_STR"]
VM Count:           8
CPU Count:          2
Procs:              16
Memory:             4096
Make Procs:         16
Max Time:           10
Max Attempts:       1

==== Anchor Commit ====

2026-04-26 14:13:03
Session:   1
Kernel:    2023-03-13 - fc89d7fb499b0162e081f434d45e8d1b47e82ece
Compiler:  ccache gcc
Attempt 1:
    Time  Bug Name
       5  INFO: rcu detected stall in corrupted
       8  INFO: rcu detected stall in corrupted
       8  INFO: task hung in del_device_store (2)
       9  INFO: task hung in del_device_store (2)
Attempt 2: (RETRY)
    Time  Bug Name
       9  INFO: task hung in del_device_store (3)
      10  suppressed report
      10  INFO: task hung in del_device_store (2)
Attempt 3: (RETRY)
    Time  Bug Name
       8  suppressed report
       8  INFO: task hung in del_device_store (3)
The bug was not found.

Failure: This bug cannot be found at the anchor commit.

==== Partial Result: Focused Fuzzing ====
Bisection Result:     Failed to reproduce at the anchor commit.
Stage Time:           0h56m3s
Run Time:             0h56m8s
=========================================
