./bin/meerkat -i 1 -c /home/author/meerkat/wd-meerkat-1/meerkat.cfg -a 55be6084c8e0e0ada9278c2ab60b7a584378efda -F ff-test,stateful-corpus,poc-test,ff-no-find-backup
Bisecting:          KASAN: use-after-free Read in net_tx_action
Syzbot Link:        https://syzkaller.appspot.com/bug?id=1ccb246eecb5114c440218336e4c7205aed5f2c8
Working Name:       bug0103

Aliases:
    KASAN: use-after-free Read in net_tx_action

Anchor Commit:      55be6084c8e0e0ada9278c2ab60b7a584378efda
Repository:         https://git.kernel.org/pub/scm/linux/kernel/git/torvalds/linux.git
Branch:             master
Arch:               amd64

Meerkat:            /home/author/meerkat/
Version:            1.2.0
Kernel:             /home/author/meerkat/wd-meerkat-1/kernel/
Syzkaller:          /home/author/meerkat/syzkaller/
Compilers:          /home/author/meerkat/compilers/
Compiler:           gcc (Ubuntu 12.3.0-1ubuntu1~22.04.3) 12.3.0
Linker:             GNU ld (GNU Binutils for Ubuntu) 2.38
Ccache:             ccache version 4.5.1
Image:              /home/author/meerkat/image/stretch/stretch.img
Image Key:          /home/author/meerkat/image/stretch/stretch.id_rsa

Workdir:            /home/author/meerkat/wd-meerkat-1/
Kconfig:            /home/author/meerkat/wd-meerkat-1/config-bug0103.txt
Reproducers: (1)    /home/author/meerkat/wd-meerkat-1/reproducers/
Primary PoC:        /home/author/meerkat/wd-meerkat-1/reproducers/repro-bug0103-1.prog
Syzkaller Workdir:  /home/author/meerkat/wd-meerkat-1/wd-kaller/
Log Directory:      /home/author/meerkat/wd-meerkat-1/log/

Syscalls: (10)      ["ioctl$ifreq_SIOCGIFINDEX_team", "sendmsg$nl_route_sched", "socket", "socket$netlink", "socket$nl_route", "ioctl$F2FS_IOC_START_ATOMIC_WRITE", "openat$selinux_enforce", "ioctl$sock_SIOCGIFINDEX", "bpf$BPF_PROG_GET_FD_BY_ID", "bpf$BPF_PROG_GET_NEXT_ID"]
VM Count:           4
CPU Count:          4
Procs:              24
Memory:             4096
Make Procs:         16
Max Time:           10
Max Attempts:       1

==== Anchor Commit ====

2026-04-27 20:02:38
Session:   1
Kernel:    2022-10-10 - 55be6084c8e0e0ada9278c2ab60b7a584378efda
Compiler:  ccache gcc
Warning: Syzkaller never completed machine check.
Saved log at /home/author/meerkat/wd-meerkat-1/log/bug0103-boot_failure.log.
Attempt 1:
    Time  Bug Name
       1  WARNING in wireless_send_event (has report)
       2  WARNING in wireless_send_event (6) (has report)
       3  WARNING in wireless_send_event (5) (has report)
       4  WARNING in wireless_send_event (6) (has report)
       5  WARNING in wireless_send_event (5) (has report)
       6  WARNING in wireless_send_event (6) (has report)
       7  WARNING in wireless_send_event (5) (has report)
       8  WARNING in wireless_send_event (6) (has report)
       9  WARNING in wireless_send_event (5) (has report)
      10  WARNING in wireless_send_event (5) (has report)
      10  boot failure
Warning: Syzkaller never completed machine check.
Saved log at /home/author/meerkat/wd-meerkat-1/log/bug0103-boot_failure.log.
Attempt 2: (RETRY)
    Time  Bug Name
       1  WARNING in wireless_send_event (has report)
       2  WARNING in wireless_send_event (6) (has report)
       3  WARNING in wireless_send_event (5) (has report)
       4  WARNING in wireless_send_event (6) (has report)
       5  WARNING in wireless_send_event (5) (has report)
       6  WARNING in wireless_send_event (6) (has report)
       7  WARNING in wireless_send_event (5) (has report)
       8  WARNING in wireless_send_event (6) (has report)
       9  WARNING in wireless_send_event (5) (has report)
      10  WARNING in wireless_send_event (5) (has report)
      10  boot failure
Warning: Syzkaller never completed machine check.
Saved log at /home/author/meerkat/wd-meerkat-1/log/bug0103-boot_failure.log.
Attempt 3: (RETRY)
    Time  Bug Name
       1  WARNING in wireless_send_event (has report)
       2  WARNING in wireless_send_event (6) (has report)
       3  WARNING in wireless_send_event (5) (has report)
       4  WARNING in wireless_send_event (6) (has report)
       5  WARNING in wireless_send_event (5) (has report)
       6  WARNING in wireless_send_event (6) (has report)
       7  WARNING in wireless_send_event (5) (has report)
       8  WARNING in wireless_send_event (5) (has report)
       9  WARNING in wireless_send_event (6) (has report)
      10  WARNING in wireless_send_event (5) (has report)
      10  boot failure
The bug was not found.

Failure: This bug cannot be found at the anchor commit.

==== Partial Result: Focused Fuzzing ====
Bisection Result:     Failed to reproduce at the anchor commit.
Stage Time:           0h44m35s
Run Time:             0h44m36s
=========================================
