./bin/meerkat -i 1 -c /home/author/meerkat/wd-meerkat-1/meerkat.cfg -a 3e732ebf7316ac83e8562db7e64cc68aec390a18 -F ff-test,stateful-corpus,poc-test,ff-no-find-backup
Bisecting:          KASAN: use-after-free Read in cfusbl_device_notify
Syzbot Link:        https://syzkaller.appspot.com/bug?extid=b563d33852b893653a9e
Working Name:       bug0879

Aliases:
    KASAN: use-after-free Read in cfusbl_device_notify

Anchor Commit:      3e732ebf7316ac83e8562db7e64cc68aec390a18
Repository:         https://git.kernel.org/pub/scm/linux/kernel/git/torvalds/linux.git
Branch:             master
Arch:               amd64

Meerkat:            /home/author/meerkat/
Version:            1.2.0
Kernel:             /home/author/meerkat/wd-meerkat-1/kernel/
Syzkaller:          /home/author/meerkat/syzkaller/
Compilers:          /home/author/meerkat/compilers/
Compiler:           gcc (Ubuntu 12.3.0-1ubuntu1~22.04.3) 12.3.0
Linker:             GNU ld (GNU Binutils for Ubuntu) 2.38
Ccache:             ccache version 4.5.1
Image:              /home/author/meerkat/image/stretch/stretch.img
Image Key:          /home/author/meerkat/image/stretch/stretch.id_rsa

Workdir:            /home/author/meerkat/wd-meerkat-1/
Kconfig:            /home/author/meerkat/wd-meerkat-1/config-bug0879.txt
Reproducers: (1)    /home/author/meerkat/wd-meerkat-1/reproducers/
Primary PoC:        /home/author/meerkat/wd-meerkat-1/reproducers/repro-bug0879-1.prog
Syzkaller Workdir:  /home/author/meerkat/wd-meerkat-1/wd-kaller/
Log Directory:      /home/author/meerkat/wd-meerkat-1/log/

Syscalls: (7)       ["ioctl$FS_IOC_RESVSP", "openat$cgroup_ro", "sendmsg$RDMA_NLDEV_CMD_NEWLINK", "socket$nl_rdma", "openat$cgroup_root", "socket$netlink", "socket"]
VM Count:           4
CPU Count:          4
Procs:              24
Memory:             4096
Make Procs:         16
Max Time:           10
Max Attempts:       1

==== Anchor Commit ====

2026-05-06 00:28:08
Session:   1
Kernel:    2022-04-05 - 3e732ebf7316ac83e8562db7e64cc68aec390a18
Compiler:  ccache gcc
Warning: Child process make exited with error status 2.
Warning: make exited with error status 0x2
Error: The kernel failed to make.
Error: The kernel failed to make.
Error: Failed to go to anchor commit
