./bin/meerkat -i 1 -c /home/author/meerkat/wd-meerkat-1/meerkat.cfg -a 493ffd6605b2d3d4dc7008ab927dba319f36671f -F ff-test,stateful-corpus,poc-test,ff-no-find-backup
Bisecting:          KASAN: null-ptr-deref Write in kill_f2fs_super
Syzbot Link:        https://syzkaller.appspot.com/bug?id=12d97c08686f3d5cbf221ca421da54312aab7ed4
Working Name:       bug0176

Aliases:
    KASAN: null-ptr-deref Write in kill_f2fs_super

Anchor Commit:      493ffd6605b2d3d4dc7008ab927dba319f36671f
Repository:         https://git.kernel.org/pub/scm/linux/kernel/git/torvalds/linux.git
Branch:             master
Arch:               amd64

Meerkat:            /home/author/meerkat/
Version:            1.2.0
Kernel:             /home/author/meerkat/wd-meerkat-1/kernel/
Syzkaller:          /home/author/meerkat/syzkaller/
Compilers:          /home/author/meerkat/compilers/
Compiler:           gcc (Ubuntu 12.3.0-1ubuntu1~22.04.3) 12.3.0
Linker:             GNU ld (GNU Binutils for Ubuntu) 2.38
Ccache:             ccache version 4.5.1
Image:              /home/author/meerkat/image/stretch/stretch.img
Image Key:          /home/author/meerkat/image/stretch/stretch.id_rsa

Workdir:            /home/author/meerkat/wd-meerkat-1/
Kconfig:            /home/author/meerkat/wd-meerkat-1/config-bug0176.txt
Reproducers: (1)    /home/author/meerkat/wd-meerkat-1/reproducers/
Syzkaller Workdir:  /home/author/meerkat/wd-meerkat-1/wd-kaller/
Log Directory:      /home/author/meerkat/wd-meerkat-1/log/

Syscalls: (8)       ["mount$9p_rdma", "syz_mount_image$f2fs", "open$dir", "setgid", "getgid", "getuid", "ioctl$F2FS_IOC_START_ATOMIC_WRITE", "openat$selinux_enforce"]
VM Count:           8
CPU Count:          2
Procs:              16
Memory:             4096
Make Procs:         16
Max Time:           10
Max Attempts:       1

==== Anchor Commit ====

2026-05-12 19:48:16
Session:   1
Kernel:    2022-10-09 - 493ffd6605b2d3d4dc7008ab927dba319f36671f
Compiler:  ccache gcc
Attempt 1:
    Time  Bug Name
       1  WARNING in wireless_send_event (has report)
       2  WARNING in wireless_send_event (6) (has report)
       3  WARNING in wireless_send_event (6) (has report)
       4  WARNING in wireless_send_event (6) (has report)
       5  WARNING in wireless_send_event (6) (has report)
       6  WARNING in wireless_send_event (6) (has report)
       7  WARNING in wireless_send_event (8) (has report)
       8  WARNING in wireless_send_event (9) (has report)
       9  WARNING in wireless_send_event (9) (has report)
      10  WARNING in wireless_send_event (9) (has report)
Attempt 2: (RETRY)
    Time  Bug Name
       1  WARNING in wireless_send_event (has report)
       2  WARNING in wireless_send_event (has report)
Error: Waitpid on pid 2834318 failed.
Error: Syzkaller has experienced a crash.
Warning: Child process exited with error status 32764.
Attempt 3: (RETRY)
    Time  Bug Name
       1  WARNING in wireless_send_event (has report)
       2  WARNING in wireless_send_event (6) (has report)
       3  WARNING in wireless_send_event (6) (has report)
The bug was not found.

Failure: This bug cannot be found at the anchor commit.

==== Partial Result: Focused Fuzzing ====
Bisection Result:     Failed to reproduce at the anchor commit.
Stage Time:           0h38m50s
Run Time:             0h38m52s
=========================================
