./bin/meerkat -i 1 -c /home/author/meerkat/wd-meerkat-1/meerkat.cfg -a 55be6084c8e0e0ada9278c2ab60b7a584378efda -F ff-test,stateful-corpus,poc-test,ff-no-find-backup
Bisecting:          BUG: sleeping function called from invalid context in sk_psock_skb_ingress_self
Syzbot Link:        https://syzkaller.appspot.com/bug?id=f6df022ea41f34236a5681182603ccb1b0e95c84
Working Name:       bug0078

Aliases:
    BUG: sleeping function called from invalid context in sk_psock_skb_ingress_self

Anchor Commit:      55be6084c8e0e0ada9278c2ab60b7a584378efda
Repository:         https://git.kernel.org/pub/scm/linux/kernel/git/torvalds/linux.git
Branch:             master
Arch:               amd64

Meerkat:            /home/author/meerkat/
Version:            1.2.0
Kernel:             /home/author/meerkat/wd-meerkat-1/kernel/
Syzkaller:          /home/author/meerkat/syzkaller/
Compilers:          /home/author/meerkat/compilers/
Compiler:           gcc (Ubuntu 12.3.0-1ubuntu1~22.04.3) 12.3.0
Linker:             GNU ld (GNU Binutils for Ubuntu) 2.38
Ccache:             ccache version 4.5.1
Image:              /home/author/meerkat/image/stretch/stretch.img
Image Key:          /home/author/meerkat/image/stretch/stretch.id_rsa

Workdir:            /home/author/meerkat/wd-meerkat-1/
Kconfig:            /home/author/meerkat/wd-meerkat-1/config-bug0078.txt
Reproducers: (1)    /home/author/meerkat/wd-meerkat-1/reproducers/
Primary PoC:        /home/author/meerkat/wd-meerkat-1/reproducers/repro-bug0078-1.prog
Syzkaller Workdir:  /home/author/meerkat/wd-meerkat-1/wd-kaller/
Log Directory:      /home/author/meerkat/wd-meerkat-1/log/

Syscalls: (30)      ["bind$inet", "bpf$BPF_PROG_DETACH", "bpf$MAP_CREATE", "bpf$MAP_UPDATE_ELEM", "bpf$PROG_LOAD", "sendto$inet", "socket$inet_tcp", "socket$inet", "openat$cgroup_root", "bpf$LINK_GET_FD_BY_ID", "bpf$BPF_PROG_GET_FD_BY_ID", "socket", "bpf$BPF_PROG_QUERY", "openat$selinux_enforce", "bpf$BPF_BTF_GET_NEXT_ID", "bpf$LINK_GET_NEXT_ID", "socket$inet_udp", "socket$inet6_udp", "socket$inet6_tcp", "ioctl$sock_SIOCGIFINDEX", "bpf$BPF_BTF_LOAD", "socket$inet6", "bpf$TOKEN_CREATE", "bpf$BPF_PROG_GET_NEXT_ID", "bpf$BPF_MAP_CONST_STR_FREEZE", "bpf$MAP_UPDATE_ELEM_TAIL_CALL", "bpf$MAP_CREATE_RINGBUF", "bpf$MAP_UPDATE_CONST_STR", "bpf$MAP_CREATE_TAIL_CALL", "bpf$MAP_CREATE_CONST_STR"]
VM Count:           8
CPU Count:          2
Procs:              16
Memory:             4096
Make Procs:         16
Max Time:           10
Max Attempts:       1

==== Anchor Commit ====

2026-04-23 17:32:06
Session:   1
Kernel:    2022-10-10 - 55be6084c8e0e0ada9278c2ab60b7a584378efda
Compiler:  ccache gcc
Attempt 1:
    Time  Bug Name
       2  BUG: sleeping function called from invalid context in alloc_sk_msg (4) (has report)
       7  INFO: rcu detected stall in corrupted
       8  suppressed report
       9  suppressed report (2)
Attempt 2: (RETRY)
    Time  Bug Name
       2  BUG: sleeping function called from invalid context in alloc_sk_msg (has report)
       6  suppressed report
      10  suppressed report
Attempt 3: (RETRY)
    Time  Bug Name
       2  BUG: sleeping function called from invalid context in alloc_sk_msg (4) (has report)
       2  INFO: rcu detected stall in corrupted
       3  BUG: sleeping function called from invalid context in alloc_sk_msg (has report)
       7  suppressed report
       8  suppressed report
The bug was not found.

Failure: This bug cannot be found at the anchor commit.

==== Partial Result: Focused Fuzzing ====
Bisection Result:     Failed to reproduce at the anchor commit.
Stage Time:           0h44m4s
Run Time:             0h44m6s
=========================================
