WARNING in __blkdev_put,https://syzkaller.appspot.com/bug?id=1ac7a7a8440522302ccb634ba69f8e1e6f203902
Repository: linux
Arch: amd64
Finding: dcb8cfbd8fe9e62c7d64e82288d3ffe2502b7371
Guilty: 89e524c04fa966330e2e80ab2bc50b9944c5847a
No Duplicates
Default Allocation.
VMs:4
CPUs:4
Procs:24
Max time:30
Inspecting the finding commit.
Session 1:
    Template:  2019-08-02 - 6affd8e838ce8a0c7d72445a7f67fe3bde8bbe04
    Syzkaller: 2019-08-02 - 6affd8e838ce8a0c7d72445a7f67fe3bde8bbe04
    Kernel:    2019-08-02 - dcb8cfbd8fe9e62c7d64e82288d3ffe2502b7371
    Compiler:  gcc-9.0.0-20181231
    The bug was found.
        WARNING in __blkdev_put
New Max Time: 10.
Merge Commit: 2019-08-02 - 10e5ddd71fb35cfa4eb86a980b6951d4fe9f68a9.
No template updates to inspect.
Inspecting 6 kernel versions in the range [2019-08-02, 2019-08-02].
Session 2:
    Template:  2019-08-02 - 6affd8e838ce8a0c7d72445a7f67fe3bde8bbe04
    Syzkaller: 2019-08-02 - 6affd8e838ce8a0c7d72445a7f67fe3bde8bbe04
    Kernel:    2019-08-02 - 4dd68199f3ed7ee62f94869a1d7b29749e3696fb
    Compiler:  gcc-9.0.0-20181231
    The bug was found in 2 minutes
        WARNING in __blkdev_put
Session 3:
    Template:  2019-08-02 - 6affd8e838ce8a0c7d72445a7f67fe3bde8bbe04
    Syzkaller: 2019-08-02 - 6affd8e838ce8a0c7d72445a7f67fe3bde8bbe04
    Kernel:    2019-08-02 - 10e5ddd71fb35cfa4eb86a980b6951d4fe9f68a9
    Compiler:  gcc-9.0.0-20181231
    The bug was found in 3 minutes
        WARNING in __blkdev_put
Session 4:
    Template:  2019-08-02 - 6affd8e838ce8a0c7d72445a7f67fe3bde8bbe04
    Syzkaller: 2019-08-02 - 6affd8e838ce8a0c7d72445a7f67fe3bde8bbe04
    Kernel:    2019-08-02 - 41995342b40c418a47603e1321256d2c4a2ed0fb
    Compiler:  gcc-9.0.0-20181231
    The bug was found in 5 minutes
        WARNING in __blkdev_put
Confirming the bisected kernel commit.
Session 5 after:
    Template:  2019-08-02 - 6affd8e838ce8a0c7d72445a7f67fe3bde8bbe04
    Syzkaller: 2019-08-02 - 6affd8e838ce8a0c7d72445a7f67fe3bde8bbe04
    Kernel:    2019-08-02 - 41995342b40c418a47603e1321256d2c4a2ed0fb
The bug was found in a previous identical fuzzing session.
Session 6 before:
    Template:  2019-08-02 - 6affd8e838ce8a0c7d72445a7f67fe3bde8bbe04
    Syzkaller: 2019-08-02 - 6affd8e838ce8a0c7d72445a7f67fe3bde8bbe04
    Kernel:    2019-08-01 - 0eb6ddfb865c7d7ec05cb330050671363515e67f
    Compiler:  gcc-9.0.0-20181231
    The bug was found in 2 minutes
        WARNING in __blkdev_put
Inspecting 3 syzkaller version(s) from 2019-08-02.
Session 7:
    Template:  2019-08-02 - 6affd8e838ce8a0c7d72445a7f67fe3bde8bbe04
    Syzkaller: 2019-08-02 - 6affd8e838ce8a0c7d72445a7f67fe3bde8bbe04
    Kernel:    2019-08-02 - 41995342b40c418a47603e1321256d2c4a2ed0fb
    Compiler:  gcc-9.0.0-20181231
The bug was found in a previous identical fuzzing session.
Session 8:
    Template:  2019-08-02 - bac5ccb8fb2e31ff014f0014a1e3fa5731f5d2cc
    Syzkaller: 2019-08-02 - bac5ccb8fb2e31ff014f0014a1e3fa5731f5d2cc
    Kernel:    2019-08-02 - 41995342b40c418a47603e1321256d2c4a2ed0fb
    Compiler:  gcc-9.0.0-20181231
    The bug was found in 6 minutes
        WARNING in __blkdev_put
Session 9:
    Template:  2019-08-02 - 3faab80738901af37e65a5f1c627004ba189432e
    Syzkaller: 2019-08-02 - 3faab80738901af37e65a5f1c627004ba189432e
    Kernel:    2019-08-02 - 41995342b40c418a47603e1321256d2c4a2ed0fb
    Compiler:  gcc-9.0.0-20181231
    The bug was found in 6 minutes
        WARNING in __blkdev_put

Success
Revealing factor: Syzkaller Update
Syzkaller Version: 2019-08-02 - 3faab80738901af37e65a5f1c627004ba189432e
Commit name: dashboard, sys/linux: extract more HID USB configs (#1310)

AUTHOR: SyzInspector didn't realize it had already gone back to the guilty merge. The
correct revealing factor is Guilty Merge. This bug is fixed in later versions.
