memory leak in ctnetlink_del_conntrack,https://syzkaller.appspot.com/bug?id=c8b0849f2ebb811452100e7d669f290eb7225f4b
Repository: linux
Arch: amd64
Finding: 7ae77150d94d3b535c7b85e6b3647113095e79bf
Guilty: cb8aa9a3affb7d23b11b11fbed41e2feaabc4b0a
No Duplicates
Single Proc Allocation
VMs:8
CPUs:2
Procs:16
Max time:30
Inspecting the finding commit.
Session 1:
    Template:  2020-06-05 - c3e9afb345d6b479ca401f18ceba6f7ae43e45ab
    Syzkaller: 2020-06-05 - c3e9afb345d6b479ca401f18ceba6f7ae43e45ab
    Kernel:    2020-06-05 - 7ae77150d94d3b535c7b85e6b3647113095e79bf
    Compiler:  gcc-10.1.0-syz
    The bug was found.
        memory leak in ctnetlink_del_conntrack
        memory leak in ctnetlink_start
New Max Time: 24.
Merge Commit: 2020-06-01 - af0a2482fa0fe04c63cc63f6d064f011865385fd.
No template updates to inspect.
Inspecting 61 kernel versions in the range [2020-06-01, 2020-06-05].
Session 2:
    Template:  2020-06-04 - 2420d1bcbcd9f5d5893c1aab8096cce81721dac2
    Syzkaller: 2020-06-04 - 2420d1bcbcd9f5d5893c1aab8096cce81721dac2
    Kernel:    2020-06-04 - a98f670e41a99f53acb1fb33cee9c6abbb2e6f23
    Compiler:  gcc-10.1.0-syz
    The bug was found in 2 minutes
        memory leak in ctnetlink_del_conntrack
        memory leak in ctnetlink_start
Session 3:
    Template:  2020-05-31 - a0331e89e036103c95eb898742ea5d5f28a987b0
    Syzkaller: 2020-05-31 - a0331e89e036103c95eb898742ea5d5f28a987b0
    Kernel:    2020-06-01 - 79a1f0ccdbb4ad700590f61b00525b390cb53905
    Compiler:  gcc-10.1.0-syz
    The bug was found in 2 minutes
        memory leak in ctnetlink_del_conntrack
Session 4:
    Template:  2020-05-31 - a0331e89e036103c95eb898742ea5d5f28a987b0
    Syzkaller: 2020-05-31 - a0331e89e036103c95eb898742ea5d5f28a987b0
    Kernel:    2020-06-01 - 96aa1b22bd6bb9fccf62f6261f390ed6f3e7967f
    Compiler:  gcc-10.1.0-syz
    The bug was found in 2 minutes
        memory leak in ctnetlink_del_conntrack
        memory leak in ctnetlink_start
Session 5:
    Template:  2020-05-31 - a0331e89e036103c95eb898742ea5d5f28a987b0
    Syzkaller: 2020-05-31 - a0331e89e036103c95eb898742ea5d5f28a987b0
    Kernel:    2020-06-01 - 0af413bd3e2de73bcf0742ed556be4af83c71964
    Compiler:  gcc-10.1.0-syz
    The bug was found in 3 minutes
        memory leak in ctnetlink_start
        memory leak in ctnetlink_del_conntrack
Session 6:
    Template:  2020-05-31 - a0331e89e036103c95eb898742ea5d5f28a987b0
    Syzkaller: 2020-05-31 - a0331e89e036103c95eb898742ea5d5f28a987b0
    Kernel:    2020-06-01 - ff0f63832984bb665450e200a52b3455431255dd
    Compiler:  gcc-10.1.0-syz
    The bug was found in 2 minutes
        memory leak in ctnetlink_del_conntrack
Session 7:
    Template:  2020-05-31 - a0331e89e036103c95eb898742ea5d5f28a987b0
    Syzkaller: 2020-05-31 - a0331e89e036103c95eb898742ea5d5f28a987b0
    Kernel:    2020-06-01 - af0a2482fa0fe04c63cc63f6d064f011865385fd
    Compiler:  gcc-10.1.0-syz
    The bug was found in 2 minutes
        memory leak in ctnetlink_del_conntrack
Confirming the bisected kernel commit.
Session 8 after:
    Template:  2020-05-31 - a0331e89e036103c95eb898742ea5d5f28a987b0
    Syzkaller: 2020-05-31 - a0331e89e036103c95eb898742ea5d5f28a987b0
    Kernel:    2020-06-01 - af0a2482fa0fe04c63cc63f6d064f011865385fd
The bug was found in a previous identical fuzzing session.
Session 9 before:
    Template:  2020-05-31 - a0331e89e036103c95eb898742ea5d5f28a987b0
    Syzkaller: 2020-05-31 - a0331e89e036103c95eb898742ea5d5f28a987b0
    Kernel:    2020-05-27 - 5b6743fb2c2a1fcb31c8b227558f537095dbece4
    Compiler:  gcc-10.1.0-syz
    The bug was found in 2 minutes
        memory leak in ctnetlink_del_conntrack
Inspecting 0 syzkaller version(s) from 2020-06-01.

Success
Revealing factor: Syzkaller Update
Syzkaller Version: 2020-05-31 - a0331e89e036103c95eb898742ea5d5f28a987b0
Commit name: docs: fix a typo

AUTHOR: SyzInspector didn't realize it had already gone back to the guilty merge. The
correct revealing factor is Guilty Merge. This bug is fixed in later versions.
