BUG: unable to handle kernel NULL pointer dereference in rds_bind,https://syzkaller.appspot.com/bug?id=fa62a0e64459dad5a309eafeffa86d51c938ef7a
Repository: linux
Arch: i386
Finding: cef7298262e9af841fb70d8673af45caf55300a1
Guilty: c5c1a030a7dbf8dd4e1fa4405ae9a89dc1d2a8db
No Duplicates
Default Allocation.
VMs:4
CPUs:4
Procs:24
Max time:30
Inspecting the finding commit.
Session 1:
    Template:  2019-09-16 - 51ca0454d75437183e240f7e23165fe5458908e5
    Syzkaller: 2019-09-16 - 51ca0454d75437183e240f7e23165fe5458908e5
    Kernel:    2019-09-16 - cef7298262e9af841fb70d8673af45caf55300a1
    Compiler:  gcc-9.0.0-20181231
    The bug was found.
        BUG: unable to handle kernel NULL pointer dereference in rds_bind
New Max Time: 10.
Merge Commit: 2019-09-14 - 36024fcf8d28999f270908e75675d43b099ff7b3.
No template updates to inspect.
Inspecting 25 kernel versions in the range [2019-09-14, 2019-09-16].
Session 2:
    Template:  2019-09-16 - 51ca0454d75437183e240f7e23165fe5458908e5
    Syzkaller: 2019-09-16 - 51ca0454d75437183e240f7e23165fe5458908e5
    Kernel:    2019-09-16 - aa62325dc38de2be8b1c27eb180ad3751b3f58ec
    Compiler:  gcc-9.0.0-20181231
    The bug was found in 3 minutes
        BUG: unable to handle kernel NULL pointer dereference in rds_bind
Session 3:
    Template:  2019-09-16 - 51ca0454d75437183e240f7e23165fe5458908e5
    Syzkaller: 2019-09-16 - 51ca0454d75437183e240f7e23165fe5458908e5
    Kernel:    2019-09-16 - c17112a5c413f20188da276c138484e7127cdc84
    Compiler:  gcc-9.0.0-20181231
    The bug was found in 2 minutes
        BUG: unable to handle kernel NULL pointer dereference in rds_bind
Session 4:
    Template:  2019-09-13 - 32d593576a7ee67f588218d3a44a0b69fe31b0a0
    Syzkaller: 2019-09-13 - 32d593576a7ee67f588218d3a44a0b69fe31b0a0
    Kernel:    2019-09-14 - 1609d7604b847a9820e63393d1a3b6cac7286d40
    Compiler:  gcc-9.0.0-20181231
    The bug was found in 3 minutes
        BUG: unable to handle kernel NULL pointer dereference in rds_bind
Session 5:
    Template:  2019-09-13 - 32d593576a7ee67f588218d3a44a0b69fe31b0a0
    Syzkaller: 2019-09-13 - 32d593576a7ee67f588218d3a44a0b69fe31b0a0
    Kernel:    2019-09-14 - b03c036e6f96340dd311817c7b964dad183c4141
    Compiler:  gcc-9.0.0-20181231
    The bug was found in 3 minutes
        BUG: unable to handle kernel NULL pointer dereference in rds_bind
Session 6:
    Template:  2019-09-13 - 32d593576a7ee67f588218d3a44a0b69fe31b0a0
    Syzkaller: 2019-09-13 - 32d593576a7ee67f588218d3a44a0b69fe31b0a0
    Kernel:    2019-09-14 - 36024fcf8d28999f270908e75675d43b099ff7b3
    Compiler:  gcc-9.0.0-20181231
    The bug was found in 3 minutes
        BUG: unable to handle kernel NULL pointer dereference in rds_bind
Confirming the bisected kernel commit.
Session 7 after:
    Template:  2019-09-13 - 32d593576a7ee67f588218d3a44a0b69fe31b0a0
    Syzkaller: 2019-09-13 - 32d593576a7ee67f588218d3a44a0b69fe31b0a0
    Kernel:    2019-09-14 - 36024fcf8d28999f270908e75675d43b099ff7b3
The bug was found in a previous identical fuzzing session.

====================================================================================================================================================
Success
Revealing Factor:   Guilty Merge
Version:            2019-09-14 - 36024fcf8d28999f270908e75675d43b099ff7b3
Commit Name:        Merge git://git.kernel.org/pub/scm/linux/kernel/git/netdev/net

Bug Name:           BUG: unable to handle kernel NULL pointer dereference in rds_bind
Bug Link:           https://syzkaller.appspot.com/bug?id=fa62a0e64459dad5a309eafeffa86d51c938ef7a
Arch:               i386
Finding Commit:     2019-09-16 - cef7298262e9af841fb70d8673af45caf55300a1
Guilty Merge:       2019-09-14 - 36024fcf8d28999f270908e75675d43b099ff7b3
Guilty Commit:      2019-09-11 - c5c1a030a7dbf8dd4e1fa4405ae9a89dc1d2a8db
