BUG: unable to handle kernel paging request in smc_nl_handle_smcr_dev,https://syzkaller.appspot.com/bug?id=35ca150acc791b7283bb643a0edbbc185aa4a69e
Repository: linux
Arch: amd64
Finding: 5e60366d56c630e32befce7ef05c569e04391ca3
Guilty: a3db10efcc4cc9c03a6375920179ade75ea2df7a
Duplicate Names:
    KASAN: slab-out-of-bounds Read in smc_nl_handle_smcr_dev
    BUG: unable to handle kernel paging request in smc_nl_handle_smcr_dev
Single Proc Allocation
VMs:8
CPUs:2
Procs:16
Max time:30
Inspecting the finding commit.
Session 1:
    Template:  2020-12-16 - 04201c0669446145fd9c347c5538da0ca13ff29b
    Syzkaller: 2020-12-16 - 04201c0669446145fd9c347c5538da0ca13ff29b
    Kernel:    2020-12-16 - 5e60366d56c630e32befce7ef05c569e04391ca3
    Compiler:  gcc-10.1.0-syz
    The bug was found.
        BUG: unable to handle kernel paging request in smc_nl_handle_smcr_dev
New Max Time: 10.
No Merge Commit.
No template updates to inspect.
Inspecting 640 kernel versions in the range [2020-12-01, 2020-12-16].
Session 2:
    Template:  2020-12-10 - f900b48c62114547e55ef3513b9333196ebbb5ca
    Syzkaller: 2020-12-10 - f900b48c62114547e55ef3513b9333196ebbb5ca
    Kernel:    2020-12-10 - 5cab30359a4bca343ea08c504aed8ecc86258e13
    Compiler:  gcc-10.1.0-syz
    The bug was found in 2 minutes
        BUG: unable to handle kernel paging request in smc_nl_handle_smcr_dev
Session 3:
    Template:  2020-12-08 - 40cc414d10dabacf34877f4902279729ca3bc011
    Syzkaller: 2020-12-08 - 40cc414d10dabacf34877f4902279729ca3bc011
    Kernel:    2020-12-08 - 41a6351763d8b45cd51001a85563b421a5ad8e28
    Compiler:  gcc-10.1.0-syz
    The bug was found in 2 minutes
        BUG: unable to handle kernel paging request in smc_nl_handle_smcr_dev
Session 4:
    Template:  2020-12-06 - c521566d3f377ad8c69075d3de190738fd12368c
    Syzkaller: 2020-12-06 - c521566d3f377ad8c69075d3de190738fd12368c
    Kernel:    2020-12-06 - 4054eebf0fb07b010098adcdea1e1d3978490b9a
    Compiler:  gcc-10.1.0-syz
    The bug was found in 2 minutes
        BUG: unable to handle kernel paging request in smc_nl_handle_smcr_dev
Session 5:
    Template:  2020-12-04 - 20366b870db78f1d58502dad9ffcf6dad618fae7
    Syzkaller: 2020-12-04 - 20366b870db78f1d58502dad9ffcf6dad618fae7
    Kernel:    2020-12-04 - 2fa3515cc0d3cc8413465e55b85e55aeab090812
    Compiler:  gcc-10.1.0-syz
    The bug was found in 2 minutes
        BUG: unable to handle kernel paging request in smc_nl_handle_smcr_dev
Session 6:
    Template:  2020-12-03 - 9e0b299f6daa2b5e1aee3fb4a049df106157d236
    Syzkaller: 2020-12-03 - 9e0b299f6daa2b5e1aee3fb4a049df106157d236
    Kernel:    2020-12-03 - c9f4633b93ea5a138626fb9ca8fa43e923caad4a
    Compiler:  gcc-10.1.0-syz
    The bug was found in 2 minutes
        BUG: unable to handle kernel paging request in smc_nl_handle_smcr_dev
Session 7:
    Template:  2020-12-02 - 8c9190ef9ef69993519136740a4e67c74f45fdb3
    Syzkaller: 2020-12-02 - 8c9190ef9ef69993519136740a4e67c74f45fdb3
    Kernel:    2020-12-02 - 05e3ecea4a6305597a060da0a123c80df8827bf1
    Compiler:  gcc-10.1.0-syz
    The bug was found in 2 minutes
        BUG: unable to handle kernel paging request in smc_nl_handle_smcr_dev
Session 8:
    Template:  2020-12-02 - 8c9190ef9ef69993519136740a4e67c74f45fdb3
    Syzkaller: 2020-12-02 - 8c9190ef9ef69993519136740a4e67c74f45fdb3
    Kernel:    2020-12-02 - 63e5afc86aeb1a55bdfd8fe6dd5f6fb5fb90ed1a
    Compiler:  gcc-10.1.0-syz
    The bug was found in 2 minutes
        BUG: unable to handle kernel paging request in smc_nl_handle_smcr_dev
Session 9:
    Template:  2020-12-02 - 8c9190ef9ef69993519136740a4e67c74f45fdb3
    Syzkaller: 2020-12-02 - 8c9190ef9ef69993519136740a4e67c74f45fdb3
    Kernel:    2020-12-02 - 6bf754c7e677a0fbd8915316e4a944a0aded9af1
    Compiler:  gcc-10.1.0-syz
    The bug was found in 2 minutes
        BUG: unable to handle kernel paging request in smc_nl_handle_smcr_dev
Session 10:
    Template:  2020-12-02 - 8c9190ef9ef69993519136740a4e67c74f45fdb3
    Syzkaller: 2020-12-02 - 8c9190ef9ef69993519136740a4e67c74f45fdb3
    Kernel:    2020-12-02 - 06f90dde4eb0d9ef9589a876c80f9ebf5d130737
    Compiler:  gcc-10.1.0-syz
    The bug was found in 2 minutes
        BUG: unable to handle kernel paging request in smc_nl_handle_smcr_dev
Session 11:
    Template:  2020-12-01 - c42a35e9053074ec924558e4aa4077ac0d86cfff
    Syzkaller: 2020-12-01 - c42a35e9053074ec924558e4aa4077ac0d86cfff
    Kernel:    2020-12-01 - a3db10efcc4cc9c03a6375920179ade75ea2df7a
    Compiler:  gcc-10.1.0-syz
    The bug was found in 2 minutes
        BUG: unable to handle kernel paging request in smc_nl_handle_smcr_dev
Confirming the bisected kernel commit.
Session 12 after:
    Template:  2020-12-01 - c42a35e9053074ec924558e4aa4077ac0d86cfff
    Syzkaller: 2020-12-01 - c42a35e9053074ec924558e4aa4077ac0d86cfff
    Kernel:    2020-12-01 - a3db10efcc4cc9c03a6375920179ade75ea2df7a
The bug was found in a previous identical fuzzing session.

Success
Revealing factor: Guilty Commit
Kernel Version: 2020-12-01 - a3db10efcc4cc9c03a6375920179ade75ea2df7a
Commit name: net/smc: Add support for obtaining SMCR device list

AUTHOR: This bug should have stopped at the guilty merge, went all the way back to guilty.
