general protection fault in fuse_test_super,https://syzkaller.appspot.com/bug?id=7d1249f90d0d0fe8654e60e906bf929ede22d6fb
Repository: linux
Arch: amd64
Finding: 5af4055fa8133662831ae2fb6e188e8f6c172688
Guilty: 5d5b74aa9c766f0dd37d5cc1a2a7a94586130501
No Duplicates
Default Allocation.
VMs:4
CPUs:4
Procs:24
Max time:30
Inspecting the finding commit.
Session 1:
    Template:  2021-10-07 - efe0f24dd913d90b2c6a2dbe7b8dac779c266144
    Syzkaller: 2021-10-07 - efe0f24dd913d90b2c6a2dbe7b8dac779c266144
    Kernel:    2021-10-07 - 5af4055fa8133662831ae2fb6e188e8f6c172688
    Compiler:  gcc-10.2.1-20210110
    The bug was found.
        general protection fault in fuse_test_super
New Max Time: 26.
Merge Commit: 2021-09-07 - 75b96f0ec5faf730128c32187e3e28441c27a094.
Inspecting 1 template changes in [2021-09-07, 2021-10-07].
Session 2 before:
    Template:  2021-09-06 - 6ca601483d056968f63fd4735fc54073f4fe3c75
    Syzkaller: 2021-09-28 - 6b6e15b0ff6d7ddfc1c029250f1fb8fcc2d4a204
    Kernel:    2021-09-28 - a4e6f95a891ac08bd09d62e3e6dae239b150f4c1
    Compiler:  gcc-10.2.1-20210110
    The bug was found in 18 minutes
        general protection fault in fuse_test_super
Inspecting 218 kernel versions in the range [2021-09-07, 2021-10-07].
Session 3:
    Template:  2021-09-17 - 70b76c1d627711cc3ef109af16d6cb7429a61fe3
    Syzkaller: 2021-09-17 - 70b76c1d627711cc3ef109af16d6cb7429a61fe3
    Kernel:    2021-09-18 - d4d016caa4b85b9aa98d7ec8c84e928621a614bc
    Compiler:  gcc-10.2.1-20210110
    The bug was found in 7 minutes
        KASAN: use-after-free Read in fuse_test_super
        general protection fault in fuse_test_super
Session 4:
    Template:  2021-09-10 - 3ce60af85b4644bd7f2d2ef01a7d2b9a41545b76
    Syzkaller: 2021-09-10 - 3ce60af85b4644bd7f2d2ef01a7d2b9a41545b76
    Kernel:    2021-09-11 - ce4c8f882041341cbb3f1b4632b20440692cbccc
    Compiler:  gcc-10.2.1-20210110
    The bug was found in 18 minutes
        KASAN: use-after-free Read in fuse_test_super
        general protection fault in fuse_test_super
Session 5:
    Template:  2021-09-08 - e2776ee417c18d6e0056b058f3b6055f65206ee9
    Syzkaller: 2021-09-08 - e2776ee417c18d6e0056b058f3b6055f65206ee9
    Kernel:    2021-09-09 - 2e5fd489a4e5fcc97b035c03ace724c1d481a4c1
    Compiler:  gcc-10.2.1-20210110
    The bug was found in 21 minutes
        KASAN: use-after-free Read in fuse_test_super
        general protection fault in fuse_test_super
Session 6:
    Template:  2021-09-08 - e2776ee417c18d6e0056b058f3b6055f65206ee9
    Syzkaller: 2021-09-08 - e2776ee417c18d6e0056b058f3b6055f65206ee9
    Kernel:    2021-09-08 - cc09ee80c3b18ae1a897a30a17fe710b2b2f620a
    Compiler:  gcc-10.2.1-20210110
    The bug was found in 24 minutes
        general protection fault in fuse_test_super
Session 7:
    Template:  2021-09-07 - 064c9eb76747f86a8270c8cfc3766316ebdf3167
    Syzkaller: 2021-09-07 - 064c9eb76747f86a8270c8cfc3766316ebdf3167
    Kernel:    2021-09-07 - a2b28235335fee2586b4bd16448fb59ed6c80eef
    Compiler:  gcc-10.2.1-20210110
    The bug was found in 15 minutes
        general protection fault in fuse_test_super
Session 8:
    Template:  2021-09-07 - 064c9eb76747f86a8270c8cfc3766316ebdf3167
    Syzkaller: 2021-09-07 - 064c9eb76747f86a8270c8cfc3766316ebdf3167
    Kernel:    2021-09-07 - 2d7b4cdbb523cd11a978519f8e11895c27f05258
    Compiler:  gcc-10.2.1-20210110
    The bug was found in 5 minutes
        general protection fault in fuse_test_super
Session 9:
    Template:  2021-09-07 - 064c9eb76747f86a8270c8cfc3766316ebdf3167
    Syzkaller: 2021-09-07 - 064c9eb76747f86a8270c8cfc3766316ebdf3167
    Kernel:    2021-09-07 - 5e6a5845dd651b00754a62edec2f0a439182024d
    Compiler:  gcc-10.2.1-20210110
    The bug was found in 13 minutes
        no output from test machine
        general protection fault in fuse_test_super
Session 10:
    Template:  2021-09-07 - 064c9eb76747f86a8270c8cfc3766316ebdf3167
    Syzkaller: 2021-09-07 - 064c9eb76747f86a8270c8cfc3766316ebdf3167
    Kernel:    2021-09-07 - 75b96f0ec5faf730128c32187e3e28441c27a094
    Compiler:  gcc-10.2.1-20210110
    The bug was found in 10 minutes
        general protection fault in fuse_test_super
Confirming the bisected kernel commit.
Session 11 after:
    Template:  2021-09-07 - 064c9eb76747f86a8270c8cfc3766316ebdf3167
    Syzkaller: 2021-09-07 - 064c9eb76747f86a8270c8cfc3766316ebdf3167
    Kernel:    2021-09-07 - 75b96f0ec5faf730128c32187e3e28441c27a094
The bug was found in a previous identical fuzzing session.
Session 12 before:
    Template:  2021-09-07 - 064c9eb76747f86a8270c8cfc3766316ebdf3167
    Syzkaller: 2021-09-07 - 064c9eb76747f86a8270c8cfc3766316ebdf3167
    Kernel:    2021-09-06 - a9667ac88e2b20f6426e09945e9dbf555fb86ff0
    Compiler:  gcc-10.2.1-20210110
    The bug was found in 9 minutes
        BUG: sleeping function called from invalid context in lock_sock_nested
        general protection fault in fuse_test_super
Inspecting 10 syzkaller version(s) from 2021-09-07.
Session 13:
    Template:  2021-09-07 - 064c9eb76747f86a8270c8cfc3766316ebdf3167
    Syzkaller: 2021-09-07 - 064c9eb76747f86a8270c8cfc3766316ebdf3167
    Kernel:    2021-09-07 - 75b96f0ec5faf730128c32187e3e28441c27a094
    Compiler:  gcc-10.2.1-20210110
The bug was found in a previous identical fuzzing session.
Session 14:
    Template:  2021-09-07 - c803348577fa3e6316faeebdfdee855671169cb7
    Syzkaller: 2021-09-07 - c803348577fa3e6316faeebdfdee855671169cb7
    Kernel:    2021-09-07 - 75b96f0ec5faf730128c32187e3e28441c27a094
    Compiler:  gcc-10.2.1-20210110
    The bug was found in 14 minutes
        general protection fault in fuse_test_super
Session 15:
    Template:  2021-09-07 - b4e8422d67a606dfe5a9ac26c957bce5c70b348b
    Syzkaller: 2021-09-07 - b4e8422d67a606dfe5a9ac26c957bce5c70b348b
    Kernel:    2021-09-07 - 75b96f0ec5faf730128c32187e3e28441c27a094
    Compiler:  gcc-10.2.1-20210110
    The bug was found in 14 minutes
        general protection fault in fuse_test_super
Session 16:
    Template:  2021-09-07 - 34d3eacc5dc802e6db4ce08b8ef586b56764f173
    Syzkaller: 2021-09-07 - 34d3eacc5dc802e6db4ce08b8ef586b56764f173
    Kernel:    2021-09-07 - 75b96f0ec5faf730128c32187e3e28441c27a094
    Compiler:  gcc-10.2.1-20210110
    The bug was found in 9 minutes
        general protection fault in fuse_test_super
Session 17:
    Template:  2021-09-07 - 02e52f0a4a0ef0e4b3b430c611a6429d591319d2
    Syzkaller: 2021-09-07 - 02e52f0a4a0ef0e4b3b430c611a6429d591319d2
    Kernel:    2021-09-07 - 75b96f0ec5faf730128c32187e3e28441c27a094
    Compiler:  gcc-10.2.1-20210110
    The bug was found in 20 minutes
        general protection fault in fuse_test_super
Session 18:
    Template:  2021-09-07 - ec8482fa8d59c65201b65896dbb2cf9eb9a41133
    Syzkaller: 2021-09-07 - ec8482fa8d59c65201b65896dbb2cf9eb9a41133
    Kernel:    2021-09-07 - 75b96f0ec5faf730128c32187e3e28441c27a094
    Compiler:  gcc-10.2.1-20210110
    The bug was found in 17 minutes
        KFENCE: use-after-free in kvm_fastop_exception
        general protection fault in fuse_test_super
Session 19:
    Template:  2021-09-07 - fc4069dadb85624acce464a10ae130c4f02502e9
    Syzkaller: 2021-09-07 - fc4069dadb85624acce464a10ae130c4f02502e9
    Kernel:    2021-09-07 - 75b96f0ec5faf730128c32187e3e28441c27a094
    Compiler:  gcc-10.2.1-20210110
    The bug was found in 20 minutes
        no output from test machine
        general protection fault in fuse_test_super
Session 20:
    Template:  2021-09-07 - e88c746762c0bf947b2b7d28f7de8d7641f99142
    Syzkaller: 2021-09-07 - e88c746762c0bf947b2b7d28f7de8d7641f99142
    Kernel:    2021-09-07 - 75b96f0ec5faf730128c32187e3e28441c27a094
    Compiler:  gcc-10.2.1-20210110
    The bug was found in 33 minutes
        general protection fault in fuse_test_super
Session 21:
    Template:  2021-09-07 - e096c0a2a414e487412c9669426780ce5acdde9d
    Syzkaller: 2021-09-07 - e096c0a2a414e487412c9669426780ce5acdde9d
    Kernel:    2021-09-07 - 75b96f0ec5faf730128c32187e3e28441c27a094
    Compiler:  gcc-10.2.1-20210110
    The bug was found in 46 minutes
        KASAN: use-after-free Read in fuse_test_super
        general protection fault in fuse_test_super
Session 22:
    Template:  2021-09-07 - 23e41b77c691a7e95d822c53f895f8d53326c342
    Syzkaller: 2021-09-07 - 23e41b77c691a7e95d822c53f895f8d53326c342
    Kernel:    2021-09-07 - 75b96f0ec5faf730128c32187e3e28441c27a094
    Compiler:  gcc-10.2.1-20210110
    The bug was found in 22 minutes
        general protection fault in fuse_test_super

Success
Revealing factor: Syzkaller Update
Syzkaller Version: 2021-09-07 - 23e41b77c691a7e95d822c53f895f8d53326c342
Commit name: dashboard/config/linux: add nowerror.yml config fragment


AUTHOR: SyzInspector didn't realize it had already gone back to the guilty merge. The
correct revealing factor is Guilty Merge. This bug is fixed in later versions.
