WARNING: bad unlock balance in mptcp_poll,https://syzkaller.appspot.com/bug?id=aa1e86bb4fac5238108aa80f3988e91fa0cc48db
Repository: linux
Arch: amd64
Finding: ae46d2aa6a7fbe8ca0946f24b061b6ccdc6c3f25
Guilty: 0b4f33def7bbde1ce2fea05f116639270e7acdc7
No Duplicates
Single Proc Allocation
VMs:8
CPUs:2
Procs:16
Max time:30
Inspecting the finding commit.
Session 1:
    Template:  2020-04-07 - db9bcd4b9fd510dc1b4b2b2021180c8432844b9b
    Syzkaller: 2020-04-07 - db9bcd4b9fd510dc1b4b2b2021180c8432844b9b
    Kernel:    2020-04-08 - ae46d2aa6a7fbe8ca0946f24b061b6ccdc6c3f25
    Compiler:  gcc-9.0.0-20181231
    The bug was found.
        WARNING: bad unlock balance in mptcp_poll
New Max Time: 25.
Merge Commit: 2020-04-02 - 2822d1a689f1c543b43fcc0870a38ec21eaa007a.
No template updates to inspect.
Inspecting 45 kernel versions in the range [2020-04-02, 2020-04-08].
Session 2:
    Template:  2020-04-06 - 99a9604483616177d7cd7d3e092ce42a3eaff74a
    Syzkaller: 2020-04-06 - 99a9604483616177d7cd7d3e092ce42a3eaff74a
    Kernel:    2020-04-06 - 7df0a6a3e53dafa0e36127cb09306a19b03bd182
    Compiler:  gcc-9.0.0-20181231
    The bug was found in 6 minutes
        WARNING: bad unlock balance in mptcp_poll
Session 3:
    Template:  2020-04-03 - d9ed075d1a287f63cfa1dc84cbf609e624b26bc7
    Syzkaller: 2020-04-03 - d9ed075d1a287f63cfa1dc84cbf609e624b26bc7
    Kernel:    2020-04-03 - 468c2a100208461c1821315f6fd81b32b9d12561
    Compiler:  gcc-9.0.0-20181231
    The bug was found in 6 minutes
        WARNING: bad unlock balance in mptcp_poll
Session 4:
    Template:  2020-03-31 - a34e2c332411388ed2b3f6f1a3acdc062feceb79
    Syzkaller: 2020-03-31 - a34e2c332411388ed2b3f6f1a3acdc062feceb79
    Kernel:    2020-04-02 - a7d40cbb24900c0a9b2bbcff25b44e2dd14eeee1
    Compiler:  gcc-9.0.0-20181231
    The bug was found in 4 minutes
        WARNING: bad unlock balance in mptcp_poll
Session 5:
    Template:  2020-03-31 - a34e2c332411388ed2b3f6f1a3acdc062feceb79
    Syzkaller: 2020-03-31 - a34e2c332411388ed2b3f6f1a3acdc062feceb79
    Kernel:    2020-04-02 - de06f57392b60e4d92135fbbedad4aea7d1107e2
    Compiler:  gcc-9.0.0-20181231
    The bug was found in 4 minutes
        WARNING: bad unlock balance in mptcp_poll
Session 6:
    Template:  2020-03-31 - a34e2c332411388ed2b3f6f1a3acdc062feceb79
    Syzkaller: 2020-03-31 - a34e2c332411388ed2b3f6f1a3acdc062feceb79
    Kernel:    2020-04-02 - 59832e246515ab6a4f5aa878073e6f415aa35166
    Compiler:  gcc-9.0.0-20181231
    The bug was found in 5 minutes
        WARNING: bad unlock balance in mptcp_poll
Session 7:
    Template:  2020-03-31 - a34e2c332411388ed2b3f6f1a3acdc062feceb79
    Syzkaller: 2020-03-31 - a34e2c332411388ed2b3f6f1a3acdc062feceb79
    Kernel:    2020-04-02 - 0b4f33def7bbde1ce2fea05f116639270e7acdc7
    Compiler:  gcc-9.0.0-20181231
    The bug was found in 22 minutes
        WARNING: bad unlock balance in mptcp_poll
Confirming the bisected kernel commit.
Session 8 after:
    Template:  2020-03-31 - a34e2c332411388ed2b3f6f1a3acdc062feceb79
    Syzkaller: 2020-03-31 - a34e2c332411388ed2b3f6f1a3acdc062feceb79
    Kernel:    2020-04-02 - 0b4f33def7bbde1ce2fea05f116639270e7acdc7
The bug was found in a previous identical fuzzing session.

Success
Revealing factor: Guilty Commit
Kernel Version: 2020-04-02 - 0b4f33def7bbde1ce2fea05f116639270e7acdc7
Commit name: mptcp: fix tcp fallback crash
Warning: Revealing factor may be faulty.

AUTHOR: This bug should have stopped at the guilty merge, went all the way back to guilty.
