memory leak in nfs_fs_context_parse_monolithic,https://syzkaller.appspot.com/bug?id=4458c0f2a1c09f02470e8a2d799882ef2e840ecd
Repository: linux
Arch: amd64
Finding: f2850dd5ee015bd7b77043f731632888887689c7
Guilty: f2aedb713c284429987dc66c7aaf38decfc8da2a
No Duplicates
Single Proc Allocation
VMs:8
CPUs:2
Procs:16
Max time:30
Inspecting the finding commit.
Session 1:
    Template:  2020-02-12 - 84f4fc8afc9aedba4b3afa4bb76c3df6c6352c07
    Syzkaller: 2020-02-12 - 84f4fc8afc9aedba4b3afa4bb76c3df6c6352c07
    Kernel:    2020-02-12 - f2850dd5ee015bd7b77043f731632888887689c7
    Compiler:  gcc-9.0.0-20181231
    The bug was found.
        memory leak in nfs_fs_context_parse_monolithic
New Max Time: 10.
Merge Commit: 2020-02-08 - f43574d0ac80d76537e265548a13b1bc46aa751b.
No template updates to inspect.
Inspecting 34 kernel versions in the range [2020-02-08, 2020-02-12].
Session 2:
    Template:  2020-02-09 - 35f5e45ed3cc032d9f969f3a8700e29607c1364f
    Syzkaller: 2020-02-09 - 35f5e45ed3cc032d9f969f3a8700e29607c1364f
    Kernel:    2020-02-09 - fdfa3a6778b194974df77b384cc71eb2e503639a
    Compiler:  gcc-9.0.0-20181231
    The bug was found in 2 minutes
        memory leak in nfs_fs_context_parse_monolithic
Session 3:
    Template:  2020-02-06 - 06150bf1b39b70e521560bc943ac19b281903ebc
    Syzkaller: 2020-02-06 - 06150bf1b39b70e521560bc943ac19b281903ebc
    Kernel:    2020-02-08 - b85080c106b1290eaebf100ee97babef833047d8
    Compiler:  gcc-9.0.0-20181231
    The bug was found in 2 minutes
        memory leak in nfs_fs_context_parse_monolithic
Session 4:
    Template:  2020-02-06 - 06150bf1b39b70e521560bc943ac19b281903ebc
    Syzkaller: 2020-02-06 - 06150bf1b39b70e521560bc943ac19b281903ebc
    Kernel:    2020-02-08 - f757165705e92db62f85a1ad287e9251d1f2cd82
    Compiler:  gcc-9.0.0-20181231
    The bug was found in 2 minutes
        memory leak in nfs_fs_context_parse_monolithic
Session 5:
    Template:  2020-02-06 - 06150bf1b39b70e521560bc943ac19b281903ebc
    Syzkaller: 2020-02-06 - 06150bf1b39b70e521560bc943ac19b281903ebc
    Kernel:    2020-02-08 - 60ea27e936f2b9b7f011644a499c292f9cc11de3
    Compiler:  gcc-9.0.0-20181231
    The bug was found in 2 minutes
        memory leak in nfs_fs_context_parse_monolithic
Session 6:
    Template:  2020-02-06 - 06150bf1b39b70e521560bc943ac19b281903ebc
    Syzkaller: 2020-02-06 - 06150bf1b39b70e521560bc943ac19b281903ebc
    Kernel:    2020-02-08 - 08dffcc7d94b7751663f1b0d66b45ff3a98375a2
    Compiler:  gcc-9.0.0-20181231
    The bug was found in 2 minutes
        memory leak in nfs_fs_context_parse_monolithic
Session 7:
    Template:  2020-02-06 - 06150bf1b39b70e521560bc943ac19b281903ebc
    Syzkaller: 2020-02-06 - 06150bf1b39b70e521560bc943ac19b281903ebc
    Kernel:    2020-02-08 - f43574d0ac80d76537e265548a13b1bc46aa751b
    Compiler:  gcc-9.0.0-20181231
    The bug was found in 2 minutes
        memory leak in nfs_fs_context_parse_monolithic
Confirming the bisected kernel commit.
Session 8 after:
    Template:  2020-02-06 - 06150bf1b39b70e521560bc943ac19b281903ebc
    Syzkaller: 2020-02-06 - 06150bf1b39b70e521560bc943ac19b281903ebc
    Kernel:    2020-02-08 - f43574d0ac80d76537e265548a13b1bc46aa751b
The bug was found in a previous identical fuzzing session.
Session 9 before:
    Template:  2020-02-06 - 06150bf1b39b70e521560bc943ac19b281903ebc
    Syzkaller: 2020-02-06 - 06150bf1b39b70e521560bc943ac19b281903ebc
    Kernel:    2020-02-04 - 7dc2993a9e51dd2eee955944efec65bef90265b7
    Compiler:  gcc-9.0.0-20181231
    The bug was found in 2 minutes
        memory leak in nfs_fs_context_parse_monolithic
Inspecting 0 syzkaller version(s) from 2020-02-08.

Success
Revealing factor: Syzkaller Update
Syzkaller Version: 2020-02-06 - 06150bf1b39b70e521560bc943ac19b281903ebc
Commit name: Update workflow to reflect new CIFuzz format

AUTHOR: SyzInspector didn't realize it had already gone back to the guilty merge. The
correct revealing factor is Guilty Merge. This bug is fixed in later versions.
