WARNING in af_alg_make_sg,https://syzkaller.appspot.com/bug?id=4d86d7ffb1fd63cc638602b45d9998323856981c
Repository: linux
Arch: i386
Finding: 763dede1b24886d327bfaed7cf59ee3c01c7913e
Guilty: 4426e945df588f2878affddf88a51259200f7e29
No Duplicates
Single Proc Allocation
VMs:8
CPUs:2
Procs:16
Max time:30
Inspecting the finding commit.
Session 1:
    Template:  2020-04-07 - db9bcd4b9fd510dc1b4b2b2021180c8432844b9b
    Syzkaller: 2020-04-07 - db9bcd4b9fd510dc1b4b2b2021180c8432844b9b
    Kernel:    2020-04-07 - 763dede1b24886d327bfaed7cf59ee3c01c7913e
    Compiler:  gcc-9.0.0-20181231
    The bug was found.
        WARNING in af_alg_make_sg
New Max Time: 19.
Merge Commit: 2020-04-02 - 6cad420cc695867b4ca710bac21fde21a4102e4b.
No template updates to inspect.
Inspecting 63 kernel versions in the range [2020-04-02, 2020-04-07].
Session 2:
    Template:  2020-04-03 - d9ed075d1a287f63cfa1dc84cbf609e624b26bc7
    Syzkaller: 2020-04-03 - d9ed075d1a287f63cfa1dc84cbf609e624b26bc7
    Kernel:    2020-04-04 - 6f43bae38269a55534e1f86a9917318167de6639
    Compiler:  gcc-9.0.0-20181231
    The bug was found in 2 minutes
        WARNING in af_alg_make_sg
Session 3:
    Template:  2020-04-03 - d9ed075d1a287f63cfa1dc84cbf609e624b26bc7
    Syzkaller: 2020-04-03 - d9ed075d1a287f63cfa1dc84cbf609e624b26bc7
    Kernel:    2020-04-03 - f2c3bec3c90df7a68bc24924426ff59183e028a3
    Compiler:  gcc-9.0.0-20181231
    The bug was found in 2 minutes
        WARNING in af_alg_make_sg
Session 4:
    Template:  2020-03-31 - a34e2c332411388ed2b3f6f1a3acdc062feceb79
    Syzkaller: 2020-03-31 - a34e2c332411388ed2b3f6f1a3acdc062feceb79
    Kernel:    2020-04-02 - 848960e576dafc8ed54c691b2f70b92e1fdea9ba
    Compiler:  gcc-9.0.0-20181231
    The bug was found in 9 minutes
        WARNING in af_alg_make_sg
Session 5:
    Template:  2020-03-31 - a34e2c332411388ed2b3f6f1a3acdc062feceb79
    Syzkaller: 2020-03-31 - a34e2c332411388ed2b3f6f1a3acdc062feceb79
    Kernel:    2020-04-02 - ac438771ccb4479528594c7e19f2c39cf1814a86
    Compiler:  gcc-9.0.0-20181231
    The bug was found in 2 minutes
        WARNING in af_alg_make_sg
Session 6:
    Template:  2020-03-31 - a34e2c332411388ed2b3f6f1a3acdc062feceb79
    Syzkaller: 2020-03-31 - a34e2c332411388ed2b3f6f1a3acdc062feceb79
    Kernel:    2020-04-02 - f14a9532ee30c68a56ff502c382860f674cc180c
    Compiler:  gcc-9.0.0-20181231
    The bug was found in 2 minutes
        WARNING in af_alg_make_sg
Session 7:
    Template:  2020-03-31 - a34e2c332411388ed2b3f6f1a3acdc062feceb79
    Syzkaller: 2020-03-31 - a34e2c332411388ed2b3f6f1a3acdc062feceb79
    Kernel:    2020-04-02 - 7f218319caaaf6f2a43b22d8c82b898f32b4ec70
    Compiler:  gcc-9.0.0-20181231
    The bug was found in 2 minutes
        WARNING in af_alg_make_sg
Session 8:
    Template:  2020-03-31 - a34e2c332411388ed2b3f6f1a3acdc062feceb79
    Syzkaller: 2020-03-31 - a34e2c332411388ed2b3f6f1a3acdc062feceb79
    Kernel:    2020-04-02 - 6cad420cc695867b4ca710bac21fde21a4102e4b
    Compiler:  gcc-9.0.0-20181231
    The bug was found in 2 minutes
        WARNING in af_alg_make_sg
Confirming the bisected kernel commit.
Session 9 after:
    Template:  2020-03-31 - a34e2c332411388ed2b3f6f1a3acdc062feceb79
    Syzkaller: 2020-03-31 - a34e2c332411388ed2b3f6f1a3acdc062feceb79
    Kernel:    2020-04-02 - 6cad420cc695867b4ca710bac21fde21a4102e4b
The bug was found in a previous identical fuzzing session.

====================================================================================================================================================
Success
Revealing Factor:   Guilty Merge
Version:            2020-04-02 - 6cad420cc695867b4ca710bac21fde21a4102e4b
Commit Name:        Merge branch 'akpm' (patches from Andrew)

Bug Name:           WARNING in af_alg_make_sg
Bug Link:           https://syzkaller.appspot.com/bug?id=4d86d7ffb1fd63cc638602b45d9998323856981c
Arch:               i386
Finding Commit:     2020-04-07 - 763dede1b24886d327bfaed7cf59ee3c01c7913e
Guilty Merge:       2020-04-02 - 6cad420cc695867b4ca710bac21fde21a4102e4b
Guilty Commit:      2020-04-02 - 4426e945df588f2878affddf88a51259200f7e29
