memory leak in dma_buf_ioctl,https://syzkaller.appspot.com/bug?id=ce692a3aa13e00e335e090be7846c6eb60ddff7a
Repository: linux
Arch: amd64
Finding: abdfd52a295fb5731ab07b5c9013e2e39f4d1cbe
Guilty: bb2bb903042517b8fb17b2bc21e00512f2dcac01
No Duplicates
Single Proc Allocation
VMs:8
CPUs:2
Procs:16
Max time:30
Inspecting the finding commit.
Session 1:
    Template:  2019-07-19 - 1656845f45f284c574eb4f8bfe85dd7916a47a3a
    Syzkaller: 2019-07-19 - 1656845f45f284c574eb4f8bfe85dd7916a47a3a
    Kernel:    2019-07-20 - abdfd52a295fb5731ab07b5c9013e2e39f4d1cbe
    Compiler:  gcc-9.0.0-20181231
    The bug was found.
        memory leak in dma_buf_ioctl
New Max Time: 10.
Merge Commit: 2019-06-21 - 39a207d0cfce9b9937864d82bb59745ceae0cf17.
No template updates to inspect.
Inspecting 81 kernel versions in the range [2019-06-21, 2019-07-20].
Session 2:
    Template:  2019-07-17 - f613a7c41d0b3ea16eeaad515e44dec003688ffb
    Syzkaller: 2019-07-17 - f613a7c41d0b3ea16eeaad515e44dec003688ffb
    Kernel:    2019-07-17 - 37d4607ebbbf5d8b74cbcb9434a5ce6897a51864
    Compiler:  gcc-9.0.0-20181231
    The bug was found in 2 minutes
        memory leak in dma_buf_ioctl
Session 3:
    Template:  2019-07-16 - 4ec4ea48904fe8b1ddfe85e84ea117b9dfdc90f2
    Syzkaller: 2019-07-16 - 4ec4ea48904fe8b1ddfe85e84ea117b9dfdc90f2
    Kernel:    2019-07-16 - 2a3c389a0fde49b241430df806a34276568cfb29
    Compiler:  gcc-9.0.0-20181231
    The bug was found in 2 minutes
        memory leak in dma_buf_ioctl
Session 4:
    Template:  2019-07-04 - 429efa16d6ca7fd282a93c614ef97612f9c9bf62
    Syzkaller: 2019-07-04 - 429efa16d6ca7fd282a93c614ef97612f9c9bf62
    Kernel:    2019-07-04 - f07b56e7d0b21b49d809b301837c6ba39c27309a
    Compiler:  gcc-9.0.0-20181231
    The bug was found in 2 minutes
        memory leak in dma_buf_ioctl
Session 5:
    Template:  2019-06-25 - 0a8d1a965a65f2d6cc93d1180443f5ad658919b1
    Syzkaller: 2019-06-25 - 0a8d1a965a65f2d6cc93d1180443f5ad658919b1
    Kernel:    2019-06-25 - 80d42db02b3a5beb8cffba08207adf5f4c525ee3
    Compiler:  gcc-9.0.0-20181231
    The bug was found in 2 minutes
        memory leak in dma_buf_ioctl
Session 6:
    Template:  2019-06-25 - 0a8d1a965a65f2d6cc93d1180443f5ad658919b1
    Syzkaller: 2019-06-25 - 0a8d1a965a65f2d6cc93d1180443f5ad658919b1
    Kernel:    2019-06-25 - 9b75276e4fb190b47ed62693cc4d9549a45c76a2
    Compiler:  gcc-9.0.0-20181231
    The bug was found in 2 minutes
        memory leak in dma_buf_ioctl
Session 7:
    Template:  2019-06-18 - 34bf9440bd06034f86b5d9ac8afbf078129cbdae
    Syzkaller: 2019-06-18 - 34bf9440bd06034f86b5d9ac8afbf078129cbdae
    Kernel:    2019-06-21 - 417f2544f48c19f5958790658c4aa30b0986647f
    Compiler:  gcc-9.0.0-20181231
    The bug was found in 2 minutes
        memory leak in dma_buf_ioctl
Session 8:
    Template:  2019-06-18 - 34bf9440bd06034f86b5d9ac8afbf078129cbdae
    Syzkaller: 2019-06-18 - 34bf9440bd06034f86b5d9ac8afbf078129cbdae
    Kernel:    2019-06-21 - 39a207d0cfce9b9937864d82bb59745ceae0cf17
    Compiler:  gcc-9.0.0-20181231
    The bug was found in 2 minutes
        memory leak in dma_buf_ioctl
Confirming the bisected kernel commit.
Session 9 after:
    Template:  2019-06-18 - 34bf9440bd06034f86b5d9ac8afbf078129cbdae
    Syzkaller: 2019-06-18 - 34bf9440bd06034f86b5d9ac8afbf078129cbdae
    Kernel:    2019-06-21 - 39a207d0cfce9b9937864d82bb59745ceae0cf17
The bug was found in a previous identical fuzzing session.
Session 10 before:
    Template:  2019-06-18 - 34bf9440bd06034f86b5d9ac8afbf078129cbdae
    Syzkaller: 2019-06-18 - 34bf9440bd06034f86b5d9ac8afbf078129cbdae
    Kernel:    2019-06-20 - 836334fd747595331dcdc7709b447ad8134db693
    Compiler:  gcc-9.0.0-20181231
    The bug was found in 2 minutes
        memory leak in dma_buf_ioctl
Inspecting 0 syzkaller version(s) from 2019-06-21.

Success
Revealing factor: Syzkaller Update
Syzkaller Version: 2019-06-18 - 34bf9440bd06034f86b5d9ac8afbf078129cbdae
Commit name: docs/openbsd: correct order of vmctl arguments

AUTHOR: SyzInspector didn't realize it had already gone back to the guilty merge. The
correct revealing factor is Guilty Merge. This bug is fixed in later versions.
