WARNING: bad unlock balance in __get_user_pages_remote,https://syzkaller.appspot.com/bug?id=c2252b699662d890c3a162818267cc88a07aa5ae
Repository: linux
Arch: amd64
Finding: 7e63420847ae5f1036e4f7c42f0b3282e73efbc2
Guilty: 71335f37c5e8ec9225285206f7f875057b9737ad
Duplicate Names:
    WARNING: bad unlock balance in get_user_pages_unlocked
    WARNING: bad unlock balance in __get_user_pages_remote
Default Allocation.
VMs:4
CPUs:4
Procs:24
Max time:30
Inspecting the finding commit.
Session 1:
    Template:  2020-04-06 - 99a9604483616177d7cd7d3e092ce42a3eaff74a
    Syzkaller: 2020-04-06 - 99a9604483616177d7cd7d3e092ce42a3eaff74a
    Kernel:    2020-04-06 - 7e63420847ae5f1036e4f7c42f0b3282e73efbc2
    Compiler:  gcc-9.0.0-20181231
    The bug was found.
        WARNING: bad unlock balance in __get_user_pages_remote
New Max Time: 10.
Merge Commit: 2020-04-02 - 6cad420cc695867b4ca710bac21fde21a4102e4b.
No template updates to inspect.
Inspecting 111 kernel versions in the range [2020-04-02, 2020-04-06].
Session 2:
    Template:  2020-03-31 - a34e2c332411388ed2b3f6f1a3acdc062feceb79
    Syzkaller: 2020-03-31 - a34e2c332411388ed2b3f6f1a3acdc062feceb79
    Kernel:    2020-04-02 - 6cad420cc695867b4ca710bac21fde21a4102e4b
    Compiler:  gcc-9.0.0-20181231
    The bug was found in 2 minutes
        WARNING: bad unlock balance in __get_user_pages_remote
Session 3:
    Template:  2020-03-31 - a34e2c332411388ed2b3f6f1a3acdc062feceb79
    Syzkaller: 2020-03-31 - a34e2c332411388ed2b3f6f1a3acdc062feceb79
    Kernel:    2020-04-02 - b06eda091e5d65bbfce183ad3403ab3d153bef9f
    Compiler:  gcc-9.0.0-20181231
    The bug was found in 9 minutes
        WARNING: can't dereference registers at ADDR for ip interrupt_entry
        WARNING: bad unlock balance in __get_user_pages_remote
Session 4:
    Template:  2020-03-31 - a34e2c332411388ed2b3f6f1a3acdc062feceb79
    Syzkaller: 2020-03-31 - a34e2c332411388ed2b3f6f1a3acdc062feceb79
    Kernel:    2020-04-02 - ee8eb9a5fe86332c6c6163a2322376f960026596
    Compiler:  gcc-9.0.0-20181231
    The bug was found in 2 minutes
        WARNING: bad unlock balance in __get_user_pages_remote
Session 5:
    Template:  2020-03-31 - a34e2c332411388ed2b3f6f1a3acdc062feceb79
    Syzkaller: 2020-03-31 - a34e2c332411388ed2b3f6f1a3acdc062feceb79
    Kernel:    2020-04-02 - 0c28759ee3c91fa8ae14d7672b781b979be274e1
    Compiler:  gcc-9.0.0-20181231
    The bug was found in 2 minutes
        WARNING: bad unlock balance in __get_user_pages_remote
Session 6:
    Template:  2020-03-31 - a34e2c332411388ed2b3f6f1a3acdc062feceb79
    Syzkaller: 2020-03-31 - a34e2c332411388ed2b3f6f1a3acdc062feceb79
    Kernel:    2020-04-02 - abd69b9e0010b730259244f9909cff7d8318880f
    Compiler:  gcc-9.0.0-20181231
    The bug was found in 2 minutes
        WARNING: bad unlock balance in __get_user_pages_remote
Session 7:
    Template:  2020-03-31 - a34e2c332411388ed2b3f6f1a3acdc062feceb79
    Syzkaller: 2020-03-31 - a34e2c332411388ed2b3f6f1a3acdc062feceb79
    Kernel:    2020-04-02 - 3e69ad081c18d138fc7fd0f1ceef3b055ab10549
    Compiler:  gcc-9.0.0-20181231
    The bug was found in 2 minutes
        WARNING: bad unlock balance in __get_user_pages_remote
Session 8:
    Template:  2020-03-31 - a34e2c332411388ed2b3f6f1a3acdc062feceb79
    Syzkaller: 2020-03-31 - a34e2c332411388ed2b3f6f1a3acdc062feceb79
    Kernel:    2020-04-02 - 71335f37c5e8ec9225285206f7f875057b9737ad
    Compiler:  gcc-9.0.0-20181231
    The bug was found in 2 minutes
        WARNING: bad unlock balance in __get_user_pages_remote
Confirming the bisected kernel commit.
Session 9 after:
    Template:  2020-03-31 - a34e2c332411388ed2b3f6f1a3acdc062feceb79
    Syzkaller: 2020-03-31 - a34e2c332411388ed2b3f6f1a3acdc062feceb79
    Kernel:    2020-04-02 - 71335f37c5e8ec9225285206f7f875057b9737ad
The bug was found in a previous identical fuzzing session.

Success
Revealing factor: Guilty Commit
Kernel Version: 2020-04-02 - 71335f37c5e8ec9225285206f7f875057b9737ad
Commit name: mm/gup: allow to react to fatal signals
Warning: Revealing factor may be faulty.

AUTHOR: This bug should have stopped at the guilty merge, went all the way back to guilty.
