BUG: MAX_STACK_TRACE_ENTRIES too low!,https://syzkaller.appspot.com/bug?id=dbd70f0407487a061d2d46fdc6bccc94b95ce3c0
Repository: linux
Arch: amd64
Finding: afe6fe7036c6efdcb46cabc64bec9b6e4a005210
Guilty: 669de8bda87b92ab9a2fc663b3f5743c2ad1ae9f
Duplicate Names:
    BUG: MAX_STACK_TRACE_ENTRIES too low!
    KASAN: use-after-free Read in alloc_workqueue
Single Proc Allocation
VMs:8
CPUs:2
Procs:16
Max time:30
Inspecting the finding commit.
Session 1:
    Template:  2019-03-06 - 18215b8d64c9bf653619b9eb9907445e225adf11
    Syzkaller: 2019-03-06 - 18215b8d64c9bf653619b9eb9907445e225adf11
    Kernel:    2019-03-06 - afe6fe7036c6efdcb46cabc64bec9b6e4a005210
    Compiler:  gcc-9.0.0-20181231
    The bug was found.
        BUG: MAX_STACK_TRACE_ENTRIES too low!
New Max Time: 10.
Merge Commit: 2019-03-06 - 3478588b5136966c80c571cf0006f08e9e5b8f04.
No template updates to inspect.
Inspecting 11 kernel versions in the range [2019-03-06, 2019-03-06].
Session 2:
    Template:  2019-03-06 - 18215b8d64c9bf653619b9eb9907445e225adf11
    Syzkaller: 2019-03-06 - 18215b8d64c9bf653619b9eb9907445e225adf11
    Kernel:    2019-03-06 - aebbfafc74b8d4eac573aab47aaa2e7965295096
    Compiler:  gcc-9.0.0-20181231
    The bug was found in 3 minutes
        BUG: MAX_STACK_TRACE_ENTRIES too low!
Session 3:
    Template:  2019-03-06 - 18215b8d64c9bf653619b9eb9907445e225adf11
    Syzkaller: 2019-03-06 - 18215b8d64c9bf653619b9eb9907445e225adf11
    Kernel:    2019-03-06 - 6ea98b4baa1c9089d7a035ebccb993e03d1ac57f
    Compiler:  gcc-9.0.0-20181231
    The bug was found in 3 minutes
        BUG: MAX_STACK_TRACE_ENTRIES too low!
        WARNING in lockdep_register_key
Session 4:
    Template:  2019-03-06 - 18215b8d64c9bf653619b9eb9907445e225adf11
    Syzkaller: 2019-03-06 - 18215b8d64c9bf653619b9eb9907445e225adf11
    Kernel:    2019-03-06 - 203b6609e0ede49eb0b97008b1150c69e9d2ffd3
    Compiler:  gcc-9.0.0-20181231
    The bug was found in 3 minutes
        BUG: MAX_STACK_TRACE_ENTRIES too low!
Session 5:
    Template:  2019-03-06 - 18215b8d64c9bf653619b9eb9907445e225adf11
    Syzkaller: 2019-03-06 - 18215b8d64c9bf653619b9eb9907445e225adf11
    Kernel:    2019-03-06 - 3478588b5136966c80c571cf0006f08e9e5b8f04
    Compiler:  gcc-9.0.0-20181231
    The bug was found in 3 minutes
        BUG: MAX_STACK_TRACE_ENTRIES too low!
Confirming the bisected kernel commit.
Session 6 after:
    Template:  2019-03-06 - 18215b8d64c9bf653619b9eb9907445e225adf11
    Syzkaller: 2019-03-06 - 18215b8d64c9bf653619b9eb9907445e225adf11
    Kernel:    2019-03-06 - 3478588b5136966c80c571cf0006f08e9e5b8f04
The bug was found in a previous identical fuzzing session.
Session 7 before:
    Template:  2019-03-06 - 18215b8d64c9bf653619b9eb9907445e225adf11
    Syzkaller: 2019-03-06 - 18215b8d64c9bf653619b9eb9907445e225adf11
    Kernel:    2019-02-28 - 28d49e282665e2a51cc91b716937fccfa24d80e1
    Compiler:  gcc-9.0.0-20181231
    The bug was found in 3 minutes
        BUG: MAX_STACK_TRACE_ENTRIES too low!
        WARNING in lockdep_register_key
Inspecting 3 syzkaller version(s) from 2019-03-06.
Session 8:
    Template:  2019-03-06 - 18215b8d64c9bf653619b9eb9907445e225adf11
    Syzkaller: 2019-03-06 - 18215b8d64c9bf653619b9eb9907445e225adf11
    Kernel:    2019-03-06 - 3478588b5136966c80c571cf0006f08e9e5b8f04
    Compiler:  gcc-9.0.0-20181231
The bug was found in a previous identical fuzzing session.
Session 9:
    Template:  2019-03-06 - 967dc02d70f8e3d027738295977762cd4fbed5c7
    Syzkaller: 2019-03-06 - 967dc02d70f8e3d027738295977762cd4fbed5c7
    Kernel:    2019-03-06 - 3478588b5136966c80c571cf0006f08e9e5b8f04
    Compiler:  gcc-9.0.0-20181231
    The bug was found in 3 minutes
        BUG: MAX_STACK_TRACE_ENTRIES too low!
Session 10:
    Template:  2019-03-06 - 05cf83bf18b91e4b86200c2d4ebc39383dad50ac
    Syzkaller: 2019-03-06 - 05cf83bf18b91e4b86200c2d4ebc39383dad50ac
    Kernel:    2019-03-06 - 3478588b5136966c80c571cf0006f08e9e5b8f04
    Compiler:  gcc-9.0.0-20181231
    The bug was found in 3 minutes
        BUG: MAX_STACK_TRACE_ENTRIES too low!

Success
Revealing factor: Syzkaller Update
Syzkaller Version: 2019-03-06 - 05cf83bf18b91e4b86200c2d4ebc39383dad50ac
Commit name: docs/openbsd: update found_bugs.md

AUTHOR: SyzInspector didn't realize it had already gone back to the guilty merge. The
correct revealing factor is Guilty Merge. This bug is fixed in later versions.
