server starts bisection 2025-03-29 20:55:37.511572204 -0700 PDT m=+35.563897937
bisecting cause commit starting from 9a48d604672220545d209e9996c2a1edbb5637f6
building syzkaller on HEAD
ensuring issue is reproducible on original commit 9a48d604672220545d209e9996c2a1edbb5637f6

testing commit 9a48d604672220545d209e9996c2a1edbb5637f6 gcc
compiler: gcc (Ubuntu 10.5.0-1ubuntu1~20.04) 10.5.0, GNU ld (GNU Binutils for Ubuntu) 2.34
kernel signature: 61f497ad78d2b4fd6d558c0bf493441a83865bc8c84402c7b0567381fa864100
all runs: crashed: WARNING in nilfs_segctor_do_construct
representative crash: WARNING in nilfs_segctor_do_construct, types: [WARNING]
picked [v6.3 v6.2 v6.1 v5.19 v5.17 v5.15 v5.13 v5.11 v5.8 v5.5 v5.2 v4.20 v4.19] out of 26 release tags
testing release v6.3
testing commit 457391b0380335d5e9a5babdec90ac53928b23b4 gcc
compiler: gcc (Ubuntu 10.5.0-1ubuntu1~20.04) 10.5.0, GNU ld (GNU Binutils for Ubuntu) 2.34
kernel signature: b52342acdbdecc3b3c422f191cabea254c8fe0209e1776115cff96158e712c7a
all runs: crashed: WARNING in nilfs_segctor_do_construct
representative crash: WARNING in nilfs_segctor_do_construct, types: [WARNING]
testing release v6.2
testing commit c9c3395d5e3dcc6daee66c6908354d47bf98cb0c gcc
compiler: gcc (Ubuntu 10.5.0-1ubuntu1~20.04) 10.5.0, GNU ld (GNU Binutils for Ubuntu) 2.34
kernel signature: c5e65875222f21a53b19da86a0519509adcb3aef469ea4cafddfc751113c928e
run #0: crashed: WARNING in nilfs_segctor_do_construct
run #1: crashed: WARNING in nilfs_segctor_do_construct
run #2: crashed: WARNING in nilfs_segctor_do_construct
run #3: crashed: WARNING in nilfs_segctor_do_construct
run #4: crashed: INFO: rcu detected stall in corrupted
run #5: crashed: INFO: rcu detected stall in corrupted
run #6: crashed: INFO: rcu detected stall in corrupted
run #7: crashed: INFO: rcu detected stall in corrupted
representative crash: WARNING in nilfs_segctor_do_construct, types: [WARNING HANG]
testing release v6.1
testing commit 830b3c68c1fb1e9176028d02ef86f3cf76aa2476 gcc
compiler: gcc (Ubuntu 10.5.0-1ubuntu1~20.04) 10.5.0, GNU ld (GNU Binutils for Ubuntu) 2.34
kernel signature: c7ad29933470aaff76e861833c6f6f85085560f17ee4bd5e507992a57e30a869
all runs: crashed: INFO: rcu detected stall in corrupted
representative crash: INFO: rcu detected stall in corrupted, types: [HANG]
testing release v5.19
testing commit 3d7cb6b04c3f3115719235cc6866b10326de34cd gcc
compiler: gcc (Ubuntu 10.5.0-1ubuntu1~20.04) 10.5.0, GNU ld (GNU Binutils for Ubuntu) 2.34
kernel signature: 1d317d07a9c1817c7f0a66127ff57407586b40d5b149a3fc9934f7c9298146b8
all runs: crashed: WARNING in nilfs_segctor_do_construct
representative crash: WARNING in nilfs_segctor_do_construct, types: [WARNING]
testing release v5.17
testing commit f443e374ae131c168a065ea1748feac6b2e76613 gcc
compiler: gcc (Ubuntu 10.5.0-1ubuntu1~20.04) 10.5.0, GNU ld (GNU Binutils for Ubuntu) 2.34
kernel signature: 38870ab3fbdb2cfac67c1ba1f9c163e8dabd00c3dafb28b9923d744aa2353062
all runs: crashed: WARNING in __folio_mark_dirty
representative crash: WARNING in __folio_mark_dirty, types: [WARNING]
testing release v5.15
testing commit 8bb7eca972ad531c9b149c0a51ab43a417385813 gcc
compiler: gcc (GCC) 10.1.0-syz 20200507, GNU ld (GNU Binutils for Ubuntu) 2.34
kernel signature: f4ad6e511ebd2d7ab6dc1911abac7bdc60d1f0081fa4c1268a4cef45dfa48944
all runs: crashed: WARNING in __set_page_dirty
representative crash: WARNING in __set_page_dirty, types: [WARNING]
testing release v5.13
testing commit 62fb9874f5da54fdb243003b386128037319b219 gcc
compiler: gcc (GCC) 10.1.0-syz 20200507, GNU ld (GNU Binutils for Ubuntu) 2.34
kernel signature: ae33e23a41538cca2850d2742e978e08e8fa548120b98c6ca0dc03ab0155a0ac
all runs: crashed: WARNING in account_page_dirtied
representative crash: WARNING in account_page_dirtied, types: [WARNING]
testing release v5.11
testing commit f40ddce88593482919761f74910f42f4b84c004b gcc
compiler: gcc (GCC) 10.1.0-syz 20200507, GNU ld (GNU Binutils for Ubuntu) 2.34
kernel signature: 04ff491ad553c858d5fa8ec3ffd9ca5959c6608799e689f1f898598da52fa65a
2025/03/30 00:10:22 failed to symbolize report: failed to run ["scripts/get_maintainer.pl" "--git-min-percent=15" "-f" "mnt/sdd/author/meerkat/wd-bisector-6/kernel/drivers/vdpa/vdpa_sim/vdpa_sim.c"]: exit status 2
scripts/get_maintainer.pl: file 'mnt/sdd/author/meerkat/wd-bisector-6/kernel/drivers/vdpa/vdpa_sim/vdpa_sim.c' not found
2025/03/30 00:10:22 failed to symbolize report: failed to run ["scripts/get_maintainer.pl" "--git-min-percent=15" "-f" "mnt/sdd/author/meerkat/wd-bisector-6/kernel/drivers/vdpa/vdpa_sim/vdpa_sim.c"]: exit status 2
scripts/get_maintainer.pl: file 'mnt/sdd/author/meerkat/wd-bisector-6/kernel/drivers/vdpa/vdpa_sim/vdpa_sim.c' not found
2025/03/30 00:10:22 failed to symbolize report: failed to run ["scripts/get_maintainer.pl" "--git-min-percent=15" "-f" "mnt/sdd/author/meerkat/wd-bisector-6/kernel/drivers/vdpa/vdpa_sim/vdpa_sim.c"]: exit status 2
scripts/get_maintainer.pl: file 'mnt/sdd/author/meerkat/wd-bisector-6/kernel/drivers/vdpa/vdpa_sim/vdpa_sim.c' not found
2025/03/30 00:10:22 failed to symbolize report: failed to run ["scripts/get_maintainer.pl" "--git-min-percent=15" "-f" "mnt/sdd/author/meerkat/wd-bisector-6/kernel/drivers/vdpa/vdpa_sim/vdpa_sim.c"]: exit status 2
scripts/get_maintainer.pl: file 'mnt/sdd/author/meerkat/wd-bisector-6/kernel/drivers/vdpa/vdpa_sim/vdpa_sim.c' not found
2025/03/30 00:10:22 failed to symbolize report: failed to run ["scripts/get_maintainer.pl" "--git-min-percent=15" "-f" "mnt/sdd/author/meerkat/wd-bisector-6/kernel/drivers/vdpa/vdpa_sim/vdpa_sim.c"]: exit status 2
scripts/get_maintainer.pl: file 'mnt/sdd/author/meerkat/wd-bisector-6/kernel/drivers/vdpa/vdpa_sim/vdpa_sim.c' not found
2025/03/30 00:10:22 failed to symbolize report: failed to run ["scripts/get_maintainer.pl" "--git-min-percent=15" "-f" "mnt/sdd/author/meerkat/wd-bisector-6/kernel/drivers/vdpa/vdpa_sim/vdpa_sim.c"]: exit status 2
scripts/get_maintainer.pl: file 'mnt/sdd/author/meerkat/wd-bisector-6/kernel/drivers/vdpa/vdpa_sim/vdpa_sim.c' not found
2025/03/30 00:10:22 failed to symbolize report: failed to run ["scripts/get_maintainer.pl" "--git-min-percent=15" "-f" "mnt/sdd/author/meerkat/wd-bisector-6/kernel/drivers/vdpa/vdpa_sim/vdpa_sim.c"]: exit status 2
scripts/get_maintainer.pl: file 'mnt/sdd/author/meerkat/wd-bisector-6/kernel/drivers/vdpa/vdpa_sim/vdpa_sim.c' not found
2025/03/30 00:10:22 failed to symbolize report: failed to run ["scripts/get_maintainer.pl" "--git-min-percent=15" "-f" "mnt/sdd/author/meerkat/wd-bisector-6/kernel/drivers/vdpa/vdpa_sim/vdpa_sim.c"]: exit status 2
scripts/get_maintainer.pl: file 'mnt/sdd/author/meerkat/wd-bisector-6/kernel/drivers/vdpa/vdpa_sim/vdpa_sim.c' not found
all runs: boot failed: inconsistent lock state in vdpasim_map_page
unable to determine the verdict: 0 good runs (wanted 4), for bad wanted 4 in total, got 0
testing release v5.8
testing commit bcf876870b95592b52519ed4aafcf9d95999bc9c gcc
compiler: gcc (GCC) 8.1.0, GNU ld (GNU Binutils for Ubuntu) 2.34
kernel signature: c0e0493781d106ac48d8f1da9a502d0e0a24fadc3898933fa4ee0b4cfcef102f
all runs: boot failed: can't ssh into the instance
unable to determine the verdict: 0 good runs (wanted 4), for bad wanted 4 in total, got 0
testing release v5.5
testing commit d5226fa6dbae0569ee43ecfc08bdcd6770fc4755 gcc
compiler: gcc version 8.1.0 (GCC)
kernel signature: 5f69e3fea1ade61a2a9d74f677388b7b6c880ff19d9b0bb51f72d33f8183ccf4
all runs: crashed: WARNING in account_page_dirtied
representative crash: WARNING in account_page_dirtied, types: [WARNING]
testing release v5.2
testing commit 0ecfebd2b52404ae0c54a878c872bb93363ada36 gcc
compiler: gcc version 8.1.0 (GCC)
kernel signature: 0f0385ae6642839b0330f1aa052559867a27b2b19fa25886aca985a0f00181ef
all runs: crashed: WARNING in account_page_dirtied
representative crash: WARNING in account_page_dirtied, types: [WARNING]
testing release v4.20
testing commit 8fe28cb58bcb235034b64cbbb7550a8a43fd88be gcc
compiler: gcc version 8.1.0 (GCC)
kernel signature: 44dd0b2e5257f2e66e10db1e09e5773665eba820beb18ed1964195a4ac3075f2
all runs: crashed: WARNING in account_page_dirtied
representative crash: WARNING in account_page_dirtied, types: [WARNING]
testing release v4.19
testing commit 84df9525b0c27f3ebc2ebb1864fa62a97fdedb7d gcc
compiler: gcc version 8.1.0 (GCC)
kernel signature: 03e204b20172b69eed0436e98e606aac9f4055b254c21c4b4d8ac62320c895d6
all runs: crashed: WARNING in account_page_dirtied
representative crash: WARNING in account_page_dirtied, types: [WARNING]
crash still not fixed/happens on the oldest tested release
revisions tested: 14, total time: 4h41m59.396061602s (build: 3h42m46.90826249s, test: 42m21.411306341s)
oldest tested release already had the bug or it had kernel test errors
commit msg: Linux 4.19
crash: WARNING in account_page_dirtied
IPv6: ADDRCONF(NETDEV_CHANGE): wlan1: link becomes ready
NILFS (loop1): segctord starting. Construction interval = 5 seconds, CP frequency < 30 seconds
NILFS (loop2): segctord starting. Construction interval = 5 seconds, CP frequency < 30 seconds
WARNING: CPU: 0 PID: 10106 at include/linux/backing-dev.h:342 inode_to_wb mnt/sdd/author/meerkat/wd-bisector-6/kernel/./include/linux/backing-dev.h:339 [inline]
WARNING: CPU: 0 PID: 10106 at include/linux/backing-dev.h:342 account_page_dirtied+0x795/0xa30 mnt/sdd/author/meerkat/wd-bisector-6/kernel/mm/page-writeback.c:2416
Kernel panic - not syncing: panic_on_warn set ...

CPU: 0 PID: 10106 Comm: syz-executor.1 Not tainted 4.19.0-syzkaller #0
Hardware name: QEMU Standard PC (i440FX + PIIX, 1996), BIOS 1.13.0-1ubuntu1.1 04/01/2014
Call Trace:
ieee80211 phy11: Selected rate control algorithm 'minstrel_ht'
 __dump_stack mnt/sdd/author/meerkat/wd-bisector-6/kernel/lib/dump_stack.c:77 [inline]
 dump_stack+0x15a/0x20a mnt/sdd/author/meerkat/wd-bisector-6/kernel/lib/dump_stack.c:113
 panic+0x1c6/0x36b mnt/sdd/author/meerkat/wd-bisector-6/kernel/kernel/panic.c:184
 __warn.cold.7+0x1b/0x38 mnt/sdd/author/meerkat/wd-bisector-6/kernel/kernel/panic.c:536
 report_bug+0x1a4/0x200 mnt/sdd/author/meerkat/wd-bisector-6/kernel/lib/bug.c:186
 fixup_bug mnt/sdd/author/meerkat/wd-bisector-6/kernel/arch/x86/kernel/traps.c:178 [inline]
 do_error_trap+0x200/0x350 mnt/sdd/author/meerkat/wd-bisector-6/kernel/arch/x86/kernel/traps.c:296
NILFS (loop5): segctord starting. Construction interval = 5 seconds, CP frequency < 30 seconds
 do_invalid_op+0x1b/0x20 mnt/sdd/author/meerkat/wd-bisector-6/kernel/arch/x86/kernel/traps.c:316
 invalid_op+0x14/0x20 mnt/sdd/author/meerkat/wd-bisector-6/kernel/arch/x86/entry/entry_64.S:993
RIP: 0010:inode_to_wb mnt/sdd/author/meerkat/wd-bisector-6/kernel/./include/linux/backing-dev.h:339 [inline]
RIP: 0010:account_page_dirtied+0x795/0xa30 mnt/sdd/author/meerkat/wd-bisector-6/kernel/mm/page-writeback.c:2416
Code: c1 ea 03 80 3c 02 00 0f 85 38 02 00 00 49 8b 87 88 01 00 00 be ff ff ff ff 48 8d 78 70 e8 93 c1 cf ff 85 c0 0f 85 18 fa ff ff <0f> 0b e9 11 fa ff ff 4c 89 ee 4c 89 ff e8 e9 a9 28 00 e9 c2 f9 ff
RSP: 0018:ffff88005578f3e8 EFLAGS: 00010046
RAX: 0000000000000000 RBX: ffff88012722ad10 RCX: ffffed00255daa61
RDX: 1ffffffff12a1811 RSI: 0000000000000000 RDI: 0000000000000082
RBP: ffff88005578f418 R08: 1ffff100255daa61 R09: ffffed000c8c454a
R10: ffffed000c8c454a R11: ffff880064622a53 R12: ffff88005ec57700
R13: ffffea00017e6740 R14: ffff88012722aa00 R15: ffff88012722ab88
 __set_page_dirty+0x6d/0x2f0 mnt/sdd/author/meerkat/wd-bisector-6/kernel/fs/buffer.c:581
 mark_buffer_dirty+0x2cc/0x430 mnt/sdd/author/meerkat/wd-bisector-6/kernel/fs/buffer.c:1110
 nilfs_btree_commit_convert_and_insert mnt/sdd/author/meerkat/wd-bisector-6/kernel/fs/nilfs2/btree.c:1812 [inline]
 nilfs_btree_convert_and_insert+0xcde/0x1290 mnt/sdd/author/meerkat/wd-bisector-6/kernel/fs/nilfs2/btree.c:1877
 nilfs_bmap_do_insert mnt/sdd/author/meerkat/wd-bisector-6/kernel/fs/nilfs2/bmap.c:111 [inline]
 nilfs_bmap_insert+0x190/0x3f0 mnt/sdd/author/meerkat/wd-bisector-6/kernel/fs/nilfs2/bmap.c:147
 nilfs_get_block+0x4a2/0x8c0 mnt/sdd/author/meerkat/wd-bisector-6/kernel/fs/nilfs2/inode.c:96
 __block_write_begin_int+0x393/0x1ad0 mnt/sdd/author/meerkat/wd-bisector-6/kernel/fs/buffer.c:1966
 __block_write_begin mnt/sdd/author/meerkat/wd-bisector-6/kernel/fs/buffer.c:2016 [inline]
 block_write_begin+0x48/0x260 mnt/sdd/author/meerkat/wd-bisector-6/kernel/fs/buffer.c:2075
 nilfs_write_begin+0x96/0x130 mnt/sdd/author/meerkat/wd-bisector-6/kernel/fs/nilfs2/inode.c:267
 generic_perform_write+0x22f/0x480 mnt/sdd/author/meerkat/wd-bisector-6/kernel/mm/filemap.c:3139
 __generic_file_write_iter+0x201/0x580 mnt/sdd/author/meerkat/wd-bisector-6/kernel/mm/filemap.c:3264
 generic_file_write_iter+0x302/0x660 mnt/sdd/author/meerkat/wd-bisector-6/kernel/mm/filemap.c:3292
 call_write_iter mnt/sdd/author/meerkat/wd-bisector-6/kernel/./include/linux/fs.h:1808 [inline]
 new_sync_write mnt/sdd/author/meerkat/wd-bisector-6/kernel/fs/read_write.c:474 [inline]
 __vfs_write+0x443/0x890 mnt/sdd/author/meerkat/wd-bisector-6/kernel/fs/read_write.c:487
 vfs_write+0x150/0x4d0 mnt/sdd/author/meerkat/wd-bisector-6/kernel/fs/read_write.c:549
 ksys_write+0xcd/0x1b0 mnt/sdd/author/meerkat/wd-bisector-6/kernel/fs/read_write.c:598
 __do_sys_write mnt/sdd/author/meerkat/wd-bisector-6/kernel/fs/read_write.c:610 [inline]
 __se_sys_write mnt/sdd/author/meerkat/wd-bisector-6/kernel/fs/read_write.c:607 [inline]
 __x64_sys_write+0x6e/0xb0 mnt/sdd/author/meerkat/wd-bisector-6/kernel/fs/read_write.c:607
 do_syscall_64+0xd0/0x540 mnt/sdd/author/meerkat/wd-bisector-6/kernel/arch/x86/entry/common.c:290
 entry_SYSCALL_64_after_hwframe+0x49/0xbe
RIP: 0033:0x7fa04ab8cced
Code: c3 e8 17 32 00 00 0f 1f 80 00 00 00 00 f3 0f 1e fa 48 89 f8 48 89 f7 48 89 d6 48 89 ca 4d 89 c2 4d 89 c8 4c 8b 4c 24 08 0f 05 <48> 3d 01 f0 ff ff 73 01 c3 48 c7 c1 b8 ff ff ff f7 d8 64 89 01 48
RSP: 002b:00007fa049ef8bd8 EFLAGS: 00000246 ORIG_RAX: 0000000000000001
RAX: ffffffffffffffda RBX: 00007fa04acc6f80 RCX: 00007fa04ab8cced
RDX: 00000000000ffe00 RSI: 0000000020004200 RDI: 0000000000000005
RBP: 00007fa04abea4ac R08: 0000000000000000 R09: 0000000000000000
R10: 0000000000000000 R11: 0000000000000246 R12: 0000000000000000
R13: 00007ffe9dbc63af R14: 00007ffe9dbc6540 R15: 00007fa049ef8d80
Kernel Offset: disabled
Rebooting in 86400 seconds..


WARNING in nilfs_segctor_do_construct
the crash already happened on the oldest tested release
