charm starts bisection 2025-04-13 14:47:04.350966953 -0700 PDT m=+12.659329964
bisecting cause commit starting from cffb2b72d3ed47f5093d128bd44d9ce136b6b5af
building syzkaller on HEAD
ensuring issue is reproducible on original commit cffb2b72d3ed47f5093d128bd44d9ce136b6b5af

testing commit cffb2b72d3ed47f5093d128bd44d9ce136b6b5af gcc
compiler: gcc (Ubuntu 10.5.0-1ubuntu1~20.04) 10.5.0, GNU ld (GNU Binutils for Ubuntu) 2.34
kernel signature: 40b33245ec9a05e1ebce226b16b0ad697b27f9c94a9e53ba34ca12f9d14063a6
run #0: crashed: general protection fault in llc_build_and_send_test_pkt
run #1: crashed: general protection fault in llc_ui_sendmsg
run #2: crashed: general protection fault in llc_build_and_send_test_pkt
run #3: crashed: general protection fault in llc_build_and_send_test_pkt
run #4: crashed: general protection fault in llc_build_and_send_test_pkt
run #5: crashed: general protection fault in llc_build_and_send_test_pkt
run #6: crashed: general protection fault in llc_build_and_send_test_pkt
run #7: crashed: general protection fault in llc_build_and_send_test_pkt
representative crash: general protection fault in llc_build_and_send_test_pkt, types: [UNKNOWN]
picked [v5.17 v5.16 v5.15 v5.13 v5.11 v5.9 v5.7 v5.5 v5.2 v4.20 v4.19] out of 20 release tags
testing release v5.17
testing commit f443e374ae131c168a065ea1748feac6b2e76613 gcc
compiler: gcc (Ubuntu 10.5.0-1ubuntu1~20.04) 10.5.0, GNU ld (GNU Binutils for Ubuntu) 2.34
kernel signature: fed3832e51f23515e46d1be7d66a1384c40eb24f723a2552f16ddd13dbfe152e
all runs: OK
false negative chance: 0.000
# git bisect start cffb2b72d3ed47f5093d128bd44d9ce136b6b5af f443e374ae131c168a065ea1748feac6b2e76613
Bisecting: 5265 revisions left to test after this (roughly 13 steps)
[169e77764adc041b1dacba84ea90516a895d43b2] Merge tag 'net-next-5.18' of git://git.kernel.org/pub/scm/linux/kernel/git/netdev/net-next

testing commit 169e77764adc041b1dacba84ea90516a895d43b2 gcc
compiler: gcc (Ubuntu 10.5.0-1ubuntu1~20.04) 10.5.0, GNU ld (GNU Binutils for Ubuntu) 2.34
kernel signature: f0e595cf4bd44c7d6428311c1f9e2945d56ca02f2cff774be2ee719e6a263c8b
run #0: crashed: general protection fault in llc_ui_sendmsg
run #1: crashed: general protection fault in llc_build_and_send_test_pkt
run #2: crashed: general protection fault in llc_build_and_send_test_pkt
run #3: crashed: general protection fault in llc_build_and_send_test_pkt
run #4: crashed: general protection fault in llc_ui_sendmsg
run #5: crashed: general protection fault in llc_build_and_send_test_pkt
run #6: crashed: general protection fault in llc_ui_sendmsg
run #7: crashed: general protection fault in llc_ui_sendmsg
representative crash: general protection fault in llc_ui_sendmsg, types: [UNKNOWN]
# git bisect bad 169e77764adc041b1dacba84ea90516a895d43b2
Bisecting: 3788 revisions left to test after this (roughly 12 steps)
[b4bc93bd76d4da32600795cd323c971f00a2e788] Merge tag 'arm-drivers-5.18' of git://git.kernel.org/pub/scm/linux/kernel/git/soc/soc

testing commit b4bc93bd76d4da32600795cd323c971f00a2e788 gcc
compiler: gcc (Ubuntu 10.5.0-1ubuntu1~20.04) 10.5.0, GNU ld (GNU Binutils for Ubuntu) 2.34
kernel signature: de4e1698b31952d54ff8ad9da85bae86d156aa14200a422b01b34914b53a25f8
all runs: OK
false negative chance: 0.000
# git bisect good b4bc93bd76d4da32600795cd323c971f00a2e788
Bisecting: 1893 revisions left to test after this (roughly 11 steps)
[4c7d2e179576e821b461bb4a58d0a834916601fa] Merge branch '100GbE' of git://git.kernel.org/pub/scm/linux/kernel/git/tnguy/next-queue

testing commit 4c7d2e179576e821b461bb4a58d0a834916601fa gcc
compiler: gcc (Ubuntu 10.5.0-1ubuntu1~20.04) 10.5.0, GNU ld (GNU Binutils for Ubuntu) 2.34
kernel signature: c4000d72e808fc783c392c78cde408c43b414920d61a5ad00f6f41bf85ab6433
all runs: OK
false negative chance: 0.000
# git bisect good 4c7d2e179576e821b461bb4a58d0a834916601fa
Bisecting: 932 revisions left to test after this (roughly 10 steps)
[1ebdbeb03efe89f01f15df038a589077df3d21f5] Merge tag 'for-linus' of git://git.kernel.org/pub/scm/virt/kvm/kvm

testing commit 1ebdbeb03efe89f01f15df038a589077df3d21f5 gcc
compiler: gcc (Ubuntu 10.5.0-1ubuntu1~20.04) 10.5.0, GNU ld (GNU Binutils for Ubuntu) 2.34
kernel signature: 4e2d09abffdce5682dc21e900fa5d3fc5768fa8c94f17d00d3d50b159df07719
all runs: OK
false negative chance: 0.000
# git bisect good 1ebdbeb03efe89f01f15df038a589077df3d21f5
Bisecting: 466 revisions left to test after this (roughly 9 steps)
[6284c723d9b9995cc27ab3c6368a9d95d67111ff] net: bridge: mst: Notify switchdev drivers of VLAN MSTI migrations

testing commit 6284c723d9b9995cc27ab3c6368a9d95d67111ff gcc
compiler: gcc (Ubuntu 10.5.0-1ubuntu1~20.04) 10.5.0, GNU ld (GNU Binutils for Ubuntu) 2.34
kernel signature: 5790f11cdc5a2843f5be2f154c662f940d1e2de9c8fa8f4b9883cb61d9a79ea5
all runs: basic kernel testing failed: WARNING in __napi_schedule
unable to determine the verdict: 0 good runs (wanted 4), for bad wanted 4 in total, got 0
# git bisect skip 6284c723d9b9995cc27ab3c6368a9d95d67111ff
Bisecting: 466 revisions left to test after this (roughly 9 steps)
[b042b27868c00142da1a7e31f4740a5fbd5628ed] Merge tag 'mlx5-vfio-v10' of https://git.kernel.org/pub/scm/linux/kernel/git/mellanox/linux into v5.18/vfio/next/mlx5-migration-v10

testing commit b042b27868c00142da1a7e31f4740a5fbd5628ed gcc
compiler: gcc (Ubuntu 10.5.0-1ubuntu1~20.04) 10.5.0, GNU ld (GNU Binutils for Ubuntu) 2.34
kernel signature: 996fabf49a214c171eb04e20ffca03d19b3ee3d6ae9d15f93fcce5e40adefebb
all runs: OK
false negative chance: 0.000
# git bisect good b042b27868c00142da1a7e31f4740a5fbd5628ed
Bisecting: 457 revisions left to test after this (roughly 9 steps)
[597534bd56335c9e7bdb6c52d9abcb66e9cb9275] net/mlx5: DR, Remove 4 members from mlx5dr_ste_htbl to reduce memory

testing commit 597534bd56335c9e7bdb6c52d9abcb66e9cb9275 gcc
compiler: gcc (Ubuntu 10.5.0-1ubuntu1~20.04) 10.5.0, GNU ld (GNU Binutils for Ubuntu) 2.34
kernel signature: 96adcf40502b6aab3b998cab36e6ca752b209887f59ac4b722aa24ca99e2c4ce
all runs: basic kernel testing failed: WARNING in __napi_schedule
unable to determine the verdict: 0 good runs (wanted 4), for bad wanted 4 in total, got 0
# git bisect skip 597534bd56335c9e7bdb6c52d9abcb66e9cb9275
Bisecting: 457 revisions left to test after this (roughly 9 steps)
[5e8930aa86a561998a37aa512d790ad2982122bc] eth: mlxsw: switch to explicit locking for port registration

testing commit 5e8930aa86a561998a37aa512d790ad2982122bc gcc
compiler: gcc (Ubuntu 10.5.0-1ubuntu1~20.04) 10.5.0, GNU ld (GNU Binutils for Ubuntu) 2.34
kernel signature: 7b020e65aa33ef2e7446c7c9d81e996bb5fb9eb3b6e46a27f1ac11614137a922
all runs: basic kernel testing failed: WARNING in __napi_schedule
unable to determine the verdict: 0 good runs (wanted 4), for bad wanted 4 in total, got 0
# git bisect skip 5e8930aa86a561998a37aa512d790ad2982122bc
Bisecting: 457 revisions left to test after this (roughly 9 steps)
[ac74f016f035eeb62b8b40db74040d32a03c4307] rtw89: phy: handle txpwr lmt/lmt_ru of 6G band

testing commit ac74f016f035eeb62b8b40db74040d32a03c4307 gcc
compiler: gcc (Ubuntu 10.5.0-1ubuntu1~20.04) 10.5.0, GNU ld (GNU Binutils for Ubuntu) 2.34
kernel signature: 04b9a611b2c94d77a90df6676d531ceec84e0d59516fb7170645e72c85d5bc60
all runs: basic kernel testing failed: WARNING: suspicious RCU usage in hsr_node_get_first
unable to determine the verdict: 0 good runs (wanted 4), for bad wanted 4 in total, got 0
# git bisect skip ac74f016f035eeb62b8b40db74040d32a03c4307
Bisecting: 457 revisions left to test after this (roughly 9 steps)
[ccb6ed426f10ac4f742efa7d897c266aa10ac64a] net: mscc: ocelot: add port mirroring support using tc-matchall

testing commit ccb6ed426f10ac4f742efa7d897c266aa10ac64a gcc
compiler: gcc (Ubuntu 10.5.0-1ubuntu1~20.04) 10.5.0, GNU ld (GNU Binutils for Ubuntu) 2.34
kernel signature: a96b9ec7d54ac371d3db8506d4c377fa7c5427c51867700804f45b8b285c72d9
all runs: basic kernel testing failed: WARNING in __napi_schedule
unable to determine the verdict: 0 good runs (wanted 4), for bad wanted 4 in total, got 0
# git bisect skip ccb6ed426f10ac4f742efa7d897c266aa10ac64a
Bisecting: 457 revisions left to test after this (roughly 9 steps)
[a07097735da521edd2db462a4e5a140f0c4a577d] mt76: mt7915: fix endianness warnings in mt7915_debugfs_rx_fw_monitor

testing commit a07097735da521edd2db462a4e5a140f0c4a577d gcc
compiler: gcc (Ubuntu 10.5.0-1ubuntu1~20.04) 10.5.0, GNU ld (GNU Binutils for Ubuntu) 2.34
kernel signature: f80020e7ce884bb7ef6c65b34d390440e607d8d0148338c378e0eb2ad8573c17
all runs: basic kernel testing failed: WARNING: suspicious RCU usage in hsr_node_get_first
unable to determine the verdict: 0 good runs (wanted 4), for bad wanted 4 in total, got 0
# git bisect skip a07097735da521edd2db462a4e5a140f0c4a577d
Bisecting: 457 revisions left to test after this (roughly 9 steps)
[49c98c1dc7d9ed2fe974a1f68aa887ec747e3f1a] net: dsa: mv88e6xxx: Disentangle STU from VTU

testing commit 49c98c1dc7d9ed2fe974a1f68aa887ec747e3f1a gcc
compiler: gcc (Ubuntu 10.5.0-1ubuntu1~20.04) 10.5.0, GNU ld (GNU Binutils for Ubuntu) 2.34
kernel signature: f0c77555cb9453c09ca6653afbec1aea24b69b193603df496949209873384ab4
all runs: basic kernel testing failed: WARNING in __napi_schedule
unable to determine the verdict: 0 good runs (wanted 4), for bad wanted 4 in total, got 0
# git bisect skip 49c98c1dc7d9ed2fe974a1f68aa887ec747e3f1a
Bisecting: 457 revisions left to test after this (roughly 9 steps)
[7bfd05ff4e805d017940e889b7a91014c7b6f9e6] rtw89: add tx_wake notify for low ps mode

testing commit 7bfd05ff4e805d017940e889b7a91014c7b6f9e6 gcc
compiler: gcc (Ubuntu 10.5.0-1ubuntu1~20.04) 10.5.0, GNU ld (GNU Binutils for Ubuntu) 2.34
kernel signature: a6a6e55085490978d0b6a753d99642587119730cbf2932d934b741f67d157a99
all runs: basic kernel testing failed: WARNING: suspicious RCU usage in hsr_node_get_first
unable to determine the verdict: 0 good runs (wanted 4), for bad wanted 4 in total, got 0
# git bisect skip 7bfd05ff4e805d017940e889b7a91014c7b6f9e6
Bisecting: 457 revisions left to test after this (roughly 9 steps)
[cceac97afa090284b3ceecd93ea6b7b527116767] net: bridge: mst: Add helper to map an MSTI to a VID set

testing commit cceac97afa090284b3ceecd93ea6b7b527116767 gcc
compiler: gcc (Ubuntu 10.5.0-1ubuntu1~20.04) 10.5.0, GNU ld (GNU Binutils for Ubuntu) 2.34
kernel signature: c184d57e77d76078154a18241304da355167c0a847588771b31496754da7432f
all runs: basic kernel testing failed: WARNING in __napi_schedule
unable to determine the verdict: 0 good runs (wanted 4), for bad wanted 4 in total, got 0
# git bisect skip cceac97afa090284b3ceecd93ea6b7b527116767
Bisecting: 457 revisions left to test after this (roughly 9 steps)
[23de0fa0d2a05ff71c7bc8df9d12c9f23be83f13] carl9170: devres-ing hwrng_register usage

testing commit 23de0fa0d2a05ff71c7bc8df9d12c9f23be83f13 gcc
compiler: gcc (Ubuntu 10.5.0-1ubuntu1~20.04) 10.5.0, GNU ld (GNU Binutils for Ubuntu) 2.34
kernel signature: e428840baba70b1d37f3af7787a1474f75d795968256d81c78e041fd20489714
all runs: basic kernel testing failed: WARNING: suspicious RCU usage in hsr_node_get_first
unable to determine the verdict: 0 good runs (wanted 4), for bad wanted 4 in total, got 0
# git bisect skip 23de0fa0d2a05ff71c7bc8df9d12c9f23be83f13
Bisecting: 457 revisions left to test after this (roughly 9 steps)
[87c167bb94ee3fd49569d4aa2038b9b8840d906f] net: bridge: mst: Notify switchdev drivers of MST mode changes

testing commit 87c167bb94ee3fd49569d4aa2038b9b8840d906f gcc
compiler: gcc (Ubuntu 10.5.0-1ubuntu1~20.04) 10.5.0, GNU ld (GNU Binutils for Ubuntu) 2.34
kernel signature: 037489e27c84ccafd8fad3de3c6dcc99f3d6dbc73c27ba9cb2f526ebe5b9fa84
all runs: basic kernel testing failed: WARNING in __napi_schedule
unable to determine the verdict: 0 good runs (wanted 4), for bad wanted 4 in total, got 0
# git bisect skip 87c167bb94ee3fd49569d4aa2038b9b8840d906f
Bisecting: 457 revisions left to test after this (roughly 9 steps)
[c050f5e91b47f8f5ae67b9158afd66f8be48f3dc] net: dsa: mv88e6xxx: Fill in STU support for all supported chips

testing commit c050f5e91b47f8f5ae67b9158afd66f8be48f3dc gcc
compiler: gcc (Ubuntu 10.5.0-1ubuntu1~20.04) 10.5.0, GNU ld (GNU Binutils for Ubuntu) 2.34
kernel signature: ddab7abb12a57621603c0bf791ca119379caf7524c8a20fc3333119f86a5d072
all runs: OK
false negative chance: 0.000
# git bisect good c050f5e91b47f8f5ae67b9158afd66f8be48f3dc
Bisecting: 113 revisions left to test after this (roughly 7 steps)
[3cccbaa0332169d4ff05587062a7ed528aeddb60] selftests/bpf: Test subskeleton functionality

testing commit 3cccbaa0332169d4ff05587062a7ed528aeddb60 gcc
compiler: gcc (Ubuntu 10.5.0-1ubuntu1~20.04) 10.5.0, GNU ld (GNU Binutils for Ubuntu) 2.34
kernel signature: 084beb45c5376a862e1b1262e5b266e5ae70de746255410873c9a4e82a56c3ca
all runs: OK
false negative chance: 0.000
# git bisect good 3cccbaa0332169d4ff05587062a7ed528aeddb60
Bisecting: 56 revisions left to test after this (roughly 6 steps)
[2844e2434385819f674d1fb4130c308c50ba681e] drivers: ethernet: cpsw: fix panic when interrupt coaleceing is set via ethtool

testing commit 2844e2434385819f674d1fb4130c308c50ba681e gcc
compiler: gcc (Ubuntu 10.5.0-1ubuntu1~20.04) 10.5.0, GNU ld (GNU Binutils for Ubuntu) 2.34
kernel signature: fef0ff4c8e5d262c056a64416aeeb936db2d73126f89ada269ed67bbf2fbdea1
all runs: OK
false negative chance: 0.000
# git bisect good 2844e2434385819f674d1fb4130c308c50ba681e
Bisecting: 28 revisions left to test after this (roughly 5 steps)
[f92fcb5c00dc924a4661d5bf68de7937040f26b8] Merge branch 'ice-avoid-sleeping-scheduling-in-atomic-contexts'

testing commit f92fcb5c00dc924a4661d5bf68de7937040f26b8 gcc
compiler: gcc (Ubuntu 10.5.0-1ubuntu1~20.04) 10.5.0, GNU ld (GNU Binutils for Ubuntu) 2.34
kernel signature: 39fc5a10a3ffd3c28c1416a85b9ca5325c00613e1fed1c424d22ee2ae5b6d906
all runs: OK
false negative chance: 0.000
# git bisect good f92fcb5c00dc924a4661d5bf68de7937040f26b8
Bisecting: 13 revisions left to test after this (roughly 4 steps)
[4406f46c9bcd9c40cd0e01fcb97b53b29d63651c] hisi_acc_vfio_pci: Use its own PCI reset_done error handler

testing commit 4406f46c9bcd9c40cd0e01fcb97b53b29d63651c gcc
compiler: gcc (Ubuntu 10.5.0-1ubuntu1~20.04) 10.5.0, GNU ld (GNU Binutils for Ubuntu) 2.34
kernel signature: aa622d72c6030e187fec255d43ee9f85e4cb299b8cca644513656caca0f8a13b
all runs: OK
false negative chance: 0.000
# git bisect good 4406f46c9bcd9c40cd0e01fcb97b53b29d63651c
Bisecting: 6 revisions left to test after this (roughly 3 steps)
[eeda29db98f429a3b6473117e6ce1c213ab614f2] x86/hyperv: Output host build info as normal Windows version number

testing commit eeda29db98f429a3b6473117e6ce1c213ab614f2 gcc
compiler: gcc (Ubuntu 10.5.0-1ubuntu1~20.04) 10.5.0, GNU ld (GNU Binutils for Ubuntu) 2.34
kernel signature: d2fcdcc9d6fce50e6fb57f4ddbe695f197002954c81fd9fdadecbfa555a38b72
all runs: OK
false negative chance: 0.000
# git bisect good eeda29db98f429a3b6473117e6ce1c213ab614f2
Bisecting: 2 revisions left to test after this (roughly 2 steps)
[7403e6d8263937dea206dd201fed1ceed190ca18] Merge tag 'vfio-v5.18-rc1' of https://github.com/awilliam/linux-vfio

testing commit 7403e6d8263937dea206dd201fed1ceed190ca18 gcc
compiler: gcc (Ubuntu 10.5.0-1ubuntu1~20.04) 10.5.0, GNU ld (GNU Binutils for Ubuntu) 2.34
kernel signature: ce727b08fef0cd365ecb0e18a7f4e51349140bd5d49baf94c04e516162d1b0f0
all runs: OK
false negative chance: 0.000
# git bisect good 7403e6d8263937dea206dd201fed1ceed190ca18
Bisecting: 1 revision left to test after this (roughly 1 step)
[764f4eb6846f5475f1244767d24d25dd86528a4a] llc: fix netdevice reference leaks in llc_ui_bind()

testing commit 764f4eb6846f5475f1244767d24d25dd86528a4a gcc
compiler: gcc (Ubuntu 10.5.0-1ubuntu1~20.04) 10.5.0, GNU ld (GNU Binutils for Ubuntu) 2.34
kernel signature: ab9b279459ac7ec9b20b7ec8633073ff01c0d5b600d3d4073a5706f01a12606c
run #0: crashed: general protection fault in llc_build_and_send_test_pkt
run #1: crashed: general protection fault in llc_build_and_send_test_pkt
run #2: crashed: general protection fault in llc_build_and_send_test_pkt
run #3: crashed: general protection fault in llc_build_and_send_test_pkt
run #4: crashed: general protection fault in llc_build_and_send_test_pkt
run #5: crashed: general protection fault in llc_build_and_send_test_pkt
run #6: crashed: general protection fault in llc_build_and_send_test_pkt
run #7: crashed: general protection fault in llc_ui_sendmsg
representative crash: general protection fault in llc_build_and_send_test_pkt, types: [UNKNOWN]
# git bisect bad 764f4eb6846f5475f1244767d24d25dd86528a4a
764f4eb6846f5475f1244767d24d25dd86528a4a is the first bad commit
commit 764f4eb6846f5475f1244767d24d25dd86528a4a
Author: Eric Dumazet <edumazet@google.com>
Date:   Tue Mar 22 17:41:47 2022 -0700

    llc: fix netdevice reference leaks in llc_ui_bind()
    
    Whenever llc_ui_bind() and/or llc_ui_autobind()
    took a reference on a netdevice but subsequently fail,
    they must properly release their reference
    or risk the infamous message from unregister_netdevice()
    at device dismantle.
    
    unregister_netdevice: waiting for eth0 to become free. Usage count = 3
    
    Fixes: 1da177e4c3f4 ("Linux-2.6.12-rc2")
    Signed-off-by: Eric Dumazet <edumazet@google.com>
    Reported-by: 赵子轩 <beraphin@gmail.com>
    Reported-by: Stoyan Manolov <smanolov@suse.de>
    Link: https://lore.kernel.org/r/20220323004147.1990845-1-eric.dumazet@gmail.com
    Signed-off-by: Jakub Kicinski <kuba@kernel.org>

 net/llc/af_llc.c | 8 ++++++++
 1 file changed, 8 insertions(+)

accumulated error probability: 0.00
culprit signature: ab9b279459ac7ec9b20b7ec8633073ff01c0d5b600d3d4073a5706f01a12606c
parent  signature: fef0ff4c8e5d262c056a64416aeeb936db2d73126f89ada269ed67bbf2fbdea1
revisions tested: 26, total time: 6h21m39.613046486s (build: 3h50m22.370712036s, test: 1h55m35.703552066s)
first bad commit: 764f4eb6846f5475f1244767d24d25dd86528a4a llc: fix netdevice reference leaks in llc_ui_bind()
recipients (to): ["davem@davemloft.net" "edumazet@google.com" "kuba@kernel.org" "kuba@kernel.org" "linux-kernel@vger.kernel.org" "pabeni@redhat.com"]
recipients (cc): ["netdev@vger.kernel.org"]
crash: general protection fault in llc_build_and_send_test_pkt
general protection fault, probably for non-canonical address 0xdffffc0000000070: 0000 [#1] PREEMPT SMP KASAN
KASAN: null-ptr-deref in range [0x0000000000000380-0x0000000000000387]
CPU: 0 PID: 9076 Comm: syz.0.34 Not tainted 5.17.0-rc8-syzkaller #0
Hardware name: QEMU Standard PC (i440FX + PIIX, 1996), BIOS 1.13.0-1ubuntu1.1 04/01/2014
RIP: 0010:llc_build_and_send_test_pkt+0xda/0x1f0 net/llc/llc_sap.c:238
Code: 48 c1 ea 03 80 3c 02 00 0f 85 20 01 00 00 48 b8 00 00 00 00 00 fc ff df 48 8b 5d 10 48 8d bb 80 03 00 00 48 89 fa 48 c1 ea 03 <80> 3c 02 00 0f 85 f0 00 00 00 48 8b b3 80 03 00 00 48 8d 7d 2e ba
RSP: 0018:ffffc9000392f898 EFLAGS: 00010202
RAX: dffffc0000000000 RBX: 0000000000000000 RCX: 0000000000000000
RDX: 0000000000000070 RSI: ffffffff874c6868 RDI: 0000000000000380
RBP: ffff88810c288c80 R08: 0000000000000000 R09: 0000000000000009
R10: ffffffff874cde17 R11: 0000000000000000 R12: ffff888019889000
R13: ffff88801988a510 R14: 0000000000000002 R15: 0000000000000000
FS:  00007f49f9cad700(0000) GS:ffff888063e00000(0000) knlGS:0000000000000000
CS:  0010 DS: 0000 ES: 0000 CR0: 0000000080050033
CR2: 000055b907093960 CR3: 0000000108c79000 CR4: 0000000000350ef0
DR0: 0000000000000000 DR1: 0000000000000000 DR2: 0000000000000000
DR3: 0000000000000000 DR6: 00000000fffe0ff0 DR7: 0000000000000400
Call Trace:
 <TASK>
 llc_ui_sendmsg+0x9f9/0x10d0 net/llc/af_llc.c:973
 sock_sendmsg_nosec net/socket.c:705 [inline]
 sock_sendmsg+0xcf/0x120 net/socket.c:725
 ____sys_sendmsg+0x331/0x810 net/socket.c:2413
 ___sys_sendmsg+0xf3/0x170 net/socket.c:2467
 __sys_sendmmsg+0x195/0x470 net/socket.c:2553
 __do_sys_sendmmsg net/socket.c:2582 [inline]
 __se_sys_sendmmsg net/socket.c:2579 [inline]
 __x64_sys_sendmmsg+0x99/0x100 net/socket.c:2579
 do_syscall_x64 arch/x86/entry/common.c:50 [inline]
 do_syscall_64+0x35/0x80 arch/x86/entry/common.c:80
 entry_SYSCALL_64_after_hwframe+0x44/0xae
RIP: 0033:0x7f49faa5d0bd
Code: 02 b8 ff ff ff ff c3 66 0f 1f 44 00 00 f3 0f 1e fa 48 89 f8 48 89 f7 48 89 d6 48 89 ca 4d 89 c2 4d 89 c8 4c 8b 4c 24 08 0f 05 <48> 3d 01 f0 ff ff 73 01 c3 48 c7 c1 b0 ff ff ff f7 d8 64 89 01 48
RSP: 002b:00007f49f9cacb88 EFLAGS: 00000246 ORIG_RAX: 0000000000000133
RAX: ffffffffffffffda RBX: 00007f49fac74fa0 RCX: 00007f49faa5d0bd
RDX: 03fffffffffffeed RSI: 0000200000001380 RDI: 0000000000000004
RBP: 00007f49faae0c7e R08: 0000000000000000 R09: 0000000000000000
R10: 000000001f000000 R11: 0000000000000246 R12: 0000000000000000
R13: 0000000000000000 R14: 00007ffc73c32d10 R15: 00007f49f9cacd40
 </TASK>
Modules linked in:
---[ end trace 0000000000000000 ]---
RIP: 0010:llc_build_and_send_test_pkt+0xda/0x1f0 net/llc/llc_sap.c:238
Code: 48 c1 ea 03 80 3c 02 00 0f 85 20 01 00 00 48 b8 00 00 00 00 00 fc ff df 48 8b 5d 10 48 8d bb 80 03 00 00 48 89 fa 48 c1 ea 03 <80> 3c 02 00 0f 85 f0 00 00 00 48 8b b3 80 03 00 00 48 8d 7d 2e ba
RSP: 0018:ffffc9000392f898 EFLAGS: 00010202
RAX: dffffc0000000000 RBX: 0000000000000000 RCX: 0000000000000000
RDX: 0000000000000070 RSI: ffffffff874c6868 RDI: 0000000000000380
RBP: ffff88810c288c80 R08: 0000000000000000 R09: 0000000000000009
R10: ffffffff874cde17 R11: 0000000000000000 R12: ffff888019889000
R13: ffff88801988a510 R14: 0000000000000002 R15: 0000000000000000
FS:  00007f49f9cad700(0000) GS:ffff888063e00000(0000) knlGS:0000000000000000
CS:  0010 DS: 0000 ES: 0000 CR0: 0000000080050033
CR2: 00007fe2ed41f310 CR3: 0000000108c79000 CR4: 0000000000350ef0
DR0: 0000000000000000 DR1: 0000000000000000 DR2: 0000000000000000
DR3: 0000000000000000 DR6: 00000000fffe0ff0 DR7: 0000000000000400
----------------
Code disassembly (best guess):
   0:	48 c1 ea 03          	shr    $0x3,%rdx
   4:	80 3c 02 00          	cmpb   $0x0,(%rdx,%rax,1)
   8:	0f 85 20 01 00 00    	jne    0x12e
   e:	48 b8 00 00 00 00 00 	movabs $0xdffffc0000000000,%rax
  15:	fc ff df
  18:	48 8b 5d 10          	mov    0x10(%rbp),%rbx
  1c:	48 8d bb 80 03 00 00 	lea    0x380(%rbx),%rdi
  23:	48 89 fa             	mov    %rdi,%rdx
  26:	48 c1 ea 03          	shr    $0x3,%rdx
* 2a:	80 3c 02 00          	cmpb   $0x0,(%rdx,%rax,1) <-- trapping instruction
  2e:	0f 85 f0 00 00 00    	jne    0x124
  34:	48 8b b3 80 03 00 00 	mov    0x380(%rbx),%rsi
  3b:	48 8d 7d 2e          	lea    0x2e(%rbp),%rdi
  3f:	ba                   	.byte 0xba


general protection fault in llc_build_and_send_test_pkt
764f4eb6846f5475f1244767d24d25dd86528a4a
