TrussLab starts bisection 2025-03-28 18:48:15.515232681 -0700 PDT m=+12.146030835
bisecting cause commit starting from 305230142ae0637213bf6e04f6d9f10bbcb74af8
building syzkaller on HEAD
ensuring issue is reproducible on original commit 305230142ae0637213bf6e04f6d9f10bbcb74af8

testing commit 305230142ae0637213bf6e04f6d9f10bbcb74af8 gcc
compiler: gcc (Ubuntu 10.5.0-1ubuntu1~20.04) 10.5.0, GNU ld (GNU Binutils for Ubuntu) 2.34
kernel signature: 0bd17f1c72bf1ce19700d29b994bf33da8d761366f3828be4db7496f8b64a9ce
all runs: crashed: WARNING in create_pending_snapshot
representative crash: WARNING in create_pending_snapshot, types: [WARNING]
picked [v6.6 v6.5 v6.4 v6.2 v6.0 v5.18 v5.16 v5.14 v5.11 v5.8 v5.5 v5.2 v4.20 v4.19] out of 29 release tags
testing release v6.6
testing commit ffc253263a1375a65fa6c9f62a893e9767fbebfa gcc
compiler: gcc (Ubuntu 10.5.0-1ubuntu1~20.04) 10.5.0, GNU ld (GNU Binutils for Ubuntu) 2.34
kernel signature: 6c825275fc01d8c78572f21a1aa7ec68ec164f8c8d43326a64af0b6b3d384cc3
all runs: OK
false negative chance: 0.000
# git bisect start 305230142ae0637213bf6e04f6d9f10bbcb74af8 ffc253263a1375a65fa6c9f62a893e9767fbebfa
Bisecting: 8540 revisions left to test after this (roughly 13 steps)
[8bc9e6515183935fa0cccaf67455c439afe4982b] Merge tag 'devicetree-for-6.7' of git://git.kernel.org/pub/scm/linux/kernel/git/robh/linux

testing commit 8bc9e6515183935fa0cccaf67455c439afe4982b gcc
compiler: gcc (Ubuntu 10.5.0-1ubuntu1~20.04) 10.5.0, GNU ld (GNU Binutils for Ubuntu) 2.34
kernel signature: 3d46e0a04e4b7c6870715fb3a3af53ba561c77d0643f962b289fd49895ac2643
all runs: crashed: WARNING in create_pending_snapshot
representative crash: WARNING in create_pending_snapshot, types: [WARNING]
# git bisect bad 8bc9e6515183935fa0cccaf67455c439afe4982b
Bisecting: 3443 revisions left to test after this (roughly 12 steps)
[3cf3fabccb9dc821ffaec3ad6bf0cd6b278bd012] Merge tag 'locking-core-2023-10-28' of git://git.kernel.org/pub/scm/linux/kernel/git/tip/tip

testing commit 3cf3fabccb9dc821ffaec3ad6bf0cd6b278bd012 gcc
compiler: gcc (Ubuntu 10.5.0-1ubuntu1~20.04) 10.5.0, GNU ld (GNU Binutils for Ubuntu) 2.34
kernel signature: 7867e2c42290cdbed2011be19c914d4c2c77f1383331af8c8fb1532b90ab6875
all runs: crashed: WARNING in create_pending_snapshot
representative crash: WARNING in create_pending_snapshot, types: [WARNING]
# git bisect bad 3cf3fabccb9dc821ffaec3ad6bf0cd6b278bd012
Bisecting: 1689 revisions left to test after this (roughly 11 steps)
[dfc0f7ea00a71e12772d174e5f070dd5b1bf8981] bcachefs: bch2_journal_halt() now takes journal lock

testing commit dfc0f7ea00a71e12772d174e5f070dd5b1bf8981 gcc
compiler: gcc (Ubuntu 10.5.0-1ubuntu1~20.04) 10.5.0, GNU ld (GNU Binutils for Ubuntu) 2.34
kernel signature: 5c10c9c10c4902351aa5bdef5b4f8057b95817b8512859689a818b3344d505bd
all runs: OK
false negative chance: 0.000
# git bisect good dfc0f7ea00a71e12772d174e5f070dd5b1bf8981
Bisecting: 844 revisions left to test after this (roughly 10 steps)
[298ac24e6346b517148a6645c7c5686565868753] bcachefs: Reduce stack frame size of bch2_check_alloc_info()

testing commit 298ac24e6346b517148a6645c7c5686565868753 gcc
compiler: gcc (Ubuntu 10.5.0-1ubuntu1~20.04) 10.5.0, GNU ld (GNU Binutils for Ubuntu) 2.34
kernel signature: 31d6372e294f0d72cc11e789d5758670abe1052705318497651a832804658f2f
all runs: OK
false negative chance: 0.000
# git bisect good 298ac24e6346b517148a6645c7c5686565868753
Bisecting: 344 revisions left to test after this (roughly 9 steps)
[d5acbc60fafbe0fc94c552ce916dd592cd4c6371] Merge tag 'for-6.7-tag' of git://git.kernel.org/pub/scm/linux/kernel/git/kdave/linux

testing commit d5acbc60fafbe0fc94c552ce916dd592cd4c6371 gcc
compiler: gcc (Ubuntu 10.5.0-1ubuntu1~20.04) 10.5.0, GNU ld (GNU Binutils for Ubuntu) 2.34
kernel signature: bd4c5af8fea14ec503dc7a83484245d0773b61b4ae6b09da5929822673134bbc
all runs: crashed: WARNING in create_pending_snapshot
representative crash: WARNING in create_pending_snapshot, types: [WARNING]
# git bisect bad d5acbc60fafbe0fc94c552ce916dd592cd4c6371
Bisecting: 292 revisions left to test after this (roughly 8 steps)
[14ab6d425e80674b6a0145f05719b11e82e64824] Merge tag 'vfs-6.7.ctime' of gitolite.kernel.org:pub/scm/linux/kernel/git/vfs/vfs

testing commit 14ab6d425e80674b6a0145f05719b11e82e64824 gcc
compiler: gcc (Ubuntu 10.5.0-1ubuntu1~20.04) 10.5.0, GNU ld (GNU Binutils for Ubuntu) 2.34
kernel signature: 070b9fdee15ae09463227a9d637def7b451aa9ccad70a120b8c0afd38bd63859
all runs: OK
false negative chance: 0.000
# git bisect good 14ab6d425e80674b6a0145f05719b11e82e64824
Bisecting: 146 revisions left to test after this (roughly 7 steps)
[0124855ff18b9bdfe6aec87f7b29d3fdc6f575db] btrfs: add and use helpers for reading and writing last_trans_committed

testing commit 0124855ff18b9bdfe6aec87f7b29d3fdc6f575db gcc
compiler: gcc (Ubuntu 10.5.0-1ubuntu1~20.04) 10.5.0, GNU ld (GNU Binutils for Ubuntu) 2.34
kernel signature: d17905efd471b39e00dbc636bd595ac919a895b1577770c3168f798273a49af3
all runs: crashed: WARNING in create_pending_snapshot
representative crash: WARNING in create_pending_snapshot, types: [WARNING]
# git bisect bad 0124855ff18b9bdfe6aec87f7b29d3fdc6f575db
Bisecting: 72 revisions left to test after this (roughly 6 steps)
[ca41504efda646d9c4b00c37be52f5ba07cebebf] btrfs: delete stripe extent on extent deletion

testing commit ca41504efda646d9c4b00c37be52f5ba07cebebf gcc
compiler: gcc (Ubuntu 10.5.0-1ubuntu1~20.04) 10.5.0, GNU ld (GNU Binutils for Ubuntu) 2.34
kernel signature: cb8be2df0edb72867a452c93e65c66caad1d89ff98f3299b17782ecec28106dc
all runs: OK
false negative chance: 0.000
# git bisect good ca41504efda646d9c4b00c37be52f5ba07cebebf
Bisecting: 36 revisions left to test after this (roughly 5 steps)
[1723270f0c29cc27dbe9e554a3f35abd2e4eb945] btrfs: move btrfs_defrag_root() to defrag.{c,h}

testing commit 1723270f0c29cc27dbe9e554a3f35abd2e4eb945 gcc
compiler: gcc (Ubuntu 10.5.0-1ubuntu1~20.04) 10.5.0, GNU ld (GNU Binutils for Ubuntu) 2.34
kernel signature: bc9cdef0f217aef7e1bec2a0b21af5a5a2e1c9c4273a59dc52274722d156ab39
all runs: crashed: WARNING in create_pending_snapshot
representative crash: WARNING in create_pending_snapshot, types: [WARNING]
# git bisect bad 1723270f0c29cc27dbe9e554a3f35abd2e4eb945
Bisecting: 17 revisions left to test after this (roughly 4 steps)
[457cb1ddf5e8d895e9c551cad6b84bafae41f32c] btrfs: track owning root in btrfs_ref

testing commit 457cb1ddf5e8d895e9c551cad6b84bafae41f32c gcc
compiler: gcc (Ubuntu 10.5.0-1ubuntu1~20.04) 10.5.0, GNU ld (GNU Binutils for Ubuntu) 2.34
kernel signature: e2684c084cfe38b7677ec3acb10880ab16c805770a8689e8e00025dbb445a37b
all runs: crashed: WARNING in create_pending_snapshot
representative crash: WARNING in create_pending_snapshot, types: [WARNING]
# git bisect bad 457cb1ddf5e8d895e9c551cad6b84bafae41f32c
Bisecting: 8 revisions left to test after this (roughly 3 steps)
[078b8b90b8ffec54f7dc1e8ef6c1078d1e7d3dae] btrfs: merge ordered work callbacks in btrfs_work into one

testing commit 078b8b90b8ffec54f7dc1e8ef6c1078d1e7d3dae gcc
compiler: gcc (Ubuntu 10.5.0-1ubuntu1~20.04) 10.5.0, GNU ld (GNU Binutils for Ubuntu) 2.34
kernel signature: 8915e913ddc53439a34d5b56f266d8be0571110a11cdc7dcde2856964018f967
all runs: OK
false negative chance: 0.000
# git bisect good 078b8b90b8ffec54f7dc1e8ef6c1078d1e7d3dae
Bisecting: 4 revisions left to test after this (roughly 2 steps)
[a744986ac4dbe42496410780800fbbc00afaa910] btrfs: sysfs: add simple_quota incompat feature entry

testing commit a744986ac4dbe42496410780800fbbc00afaa910 gcc
compiler: gcc (Ubuntu 10.5.0-1ubuntu1~20.04) 10.5.0, GNU ld (GNU Binutils for Ubuntu) 2.34
kernel signature: 5725f40766383156508f0beb514267dcac5b415e56cbfab16e8f502da0c76a58
all runs: OK
false negative chance: 0.000
# git bisect good a744986ac4dbe42496410780800fbbc00afaa910
Bisecting: 2 revisions left to test after this (roughly 1 step)
[6ed05643ddb166c0fddabac8ee092659006214a9] btrfs: create qgroup earlier in snapshot creation

testing commit 6ed05643ddb166c0fddabac8ee092659006214a9 gcc
compiler: gcc (Ubuntu 10.5.0-1ubuntu1~20.04) 10.5.0, GNU ld (GNU Binutils for Ubuntu) 2.34
kernel signature: 3a32c2d536a3e56e52a74368b46a9ef113bb87c3d366720201816429e3e241ee
all runs: crashed: WARNING in create_pending_snapshot
representative crash: WARNING in create_pending_snapshot, types: [WARNING]
# git bisect bad 6ed05643ddb166c0fddabac8ee092659006214a9
Bisecting: 0 revisions left to test after this (roughly 0 steps)
[af0e2aab3b70b7844232bbce2a619ec70e049df4] btrfs: qgroup: flush reservations during quota disable

testing commit af0e2aab3b70b7844232bbce2a619ec70e049df4 gcc
compiler: gcc (Ubuntu 10.5.0-1ubuntu1~20.04) 10.5.0, GNU ld (GNU Binutils for Ubuntu) 2.34
kernel signature: 1936bb2c7e57354d5347688060483a72fdb58a24e10bf90ec17f0b03104d1c8b
all runs: OK
false negative chance: 0.000
# git bisect good af0e2aab3b70b7844232bbce2a619ec70e049df4
6ed05643ddb166c0fddabac8ee092659006214a9 is the first bad commit
commit 6ed05643ddb166c0fddabac8ee092659006214a9
Author: Boris Burkov <boris@bur.io>
Date:   Wed Jun 28 11:00:05 2023 -0700

    btrfs: create qgroup earlier in snapshot creation
    
    Pull creating the qgroup earlier in the snapshot. This allows simple
    quotas qgroups to see all the metadata writes related to the snapshot
    being created and to be born with the root node accounted.
    
    Note this has an impact on transaction commit where the qgroup creation
    can do a lot of work, allocate memory and take locks. The change is done
    for correctness, potential performance issues will be fixed in the
    future.
    
    Signed-off-by: Boris Burkov <boris@bur.io>
    [ add note ]
    Signed-off-by: David Sterba <dsterba@suse.com>

 fs/btrfs/qgroup.c      | 3 +++
 fs/btrfs/transaction.c | 6 ++++++
 2 files changed, 9 insertions(+)

accumulated error probability: 0.00
culprit signature: 3a32c2d536a3e56e52a74368b46a9ef113bb87c3d366720201816429e3e241ee
parent  signature: 1936bb2c7e57354d5347688060483a72fdb58a24e10bf90ec17f0b03104d1c8b
revisions tested: 16, total time: 6h38m30.324564763s (build: 4h57m3.477081449s, test: 1h19m44.14748793s)
first bad commit: 6ed05643ddb166c0fddabac8ee092659006214a9 btrfs: create qgroup earlier in snapshot creation
recipients (to): ["boris@bur.io" "clm@fb.com" "dsterba@suse.com" "dsterba@suse.com" "josef@toxicpanda.com" "linux-btrfs@vger.kernel.org"]
recipients (cc): ["linux-kernel@vger.kernel.org"]
crash: WARNING in create_pending_snapshot
BTRFS info (device loop0): checking UUID tree
------------[ cut here ]------------
BTRFS: Transaction aborted (error -17)
WARNING: CPU: 0 PID: 8990 at fs/btrfs/transaction.c:1817 create_pending_snapshot+0x221c/0x3020 mnt/sdd/jtbursey/SyzInspector/wd-bisector-5/kernel/fs/btrfs/transaction.c:1817
Modules linked in:
CPU: 0 PID: 8990 Comm: syz-executor.0 Not tainted 6.6.0-rc5-syzkaller #0
Hardware name: QEMU Standard PC (i440FX + PIIX, 1996), BIOS 1.13.0-1ubuntu1.1 04/01/2014
RIP: 0010:create_pending_snapshot+0x221c/0x3020 mnt/sdd/jtbursey/SyzInspector/wd-bisector-5/kernel/fs/btrfs/transaction.c:1817
Code: 48 c7 c6 80 cc b5 8a e8 82 dc ff ff e9 bc e4 ff ff e8 c8 86 b5 06 e8 c3 b6 17 fe 44 89 e6 48 c7 c7 c0 c7 b5 8a e8 f4 91 de fd <0f> 0b c7 85 c0 fd ff ff 01 00 00 00 e9 7c f5 ff ff e8 9e b6 17 fe
RSP: 0018:ffffc900077ef5a0 EFLAGS: 00010282
RAX: 0000000000000000 RBX: ffff88801c7ae000 RCX: 0000000000000000
RDX: ffff888020e68000 RSI: ffffffff814d5e17 RDI: 0000000000000001
RBP: ffffc900077ef810 R08: 0000000000000001 R09: 0000000000000000
R10: 0000000000000001 R11: 0000000000000001 R12: 00000000ffffffef
R13: 00000000ffffff01 R14: ffff88810d68e000 R15: ffff888028764250
FS:  00007fdb1d797700(0000) GS:ffff888063a00000(0000) knlGS:0000000000000000
CS:  0010 DS: 0000 ES: 0000 CR0: 0000000080050033
CR2: 000056251fd79000 CR3: 000000001c3ce000 CR4: 0000000000350ef0
DR0: 0000000000000000 DR1: 0000000000000000 DR2: 0000000000000000
DR3: 0000000000000000 DR6: 00000000fffe0ff0 DR7: 0000000000000400
Call Trace:
 <TASK>
 create_pending_snapshots+0x174/0x2c0 mnt/sdd/jtbursey/SyzInspector/wd-bisector-5/kernel/fs/btrfs/transaction.c:2001
 btrfs_commit_transaction+0x1358/0x3da0 mnt/sdd/jtbursey/SyzInspector/wd-bisector-5/kernel/fs/btrfs/transaction.c:2474
 create_snapshot mnt/sdd/jtbursey/SyzInspector/wd-bisector-5/kernel/fs/btrfs/ioctl.c:845 [inline]
 btrfs_mksubvol+0xa75/0x12b0 mnt/sdd/jtbursey/SyzInspector/wd-bisector-5/kernel/fs/btrfs/ioctl.c:995
 btrfs_mksnapshot+0xaf/0xf0 mnt/sdd/jtbursey/SyzInspector/wd-bisector-5/kernel/fs/btrfs/ioctl.c:1041
 __btrfs_ioctl_snap_create+0x440/0x4e0 mnt/sdd/jtbursey/SyzInspector/wd-bisector-5/kernel/fs/btrfs/ioctl.c:1294
 btrfs_ioctl_snap_create+0x16b/0x200 mnt/sdd/jtbursey/SyzInspector/wd-bisector-5/kernel/fs/btrfs/ioctl.c:1321
 btrfs_ioctl+0x52f/0x9100 mnt/sdd/jtbursey/SyzInspector/wd-bisector-5/kernel/fs/btrfs/ioctl.c:4571
 vfs_ioctl mnt/sdd/jtbursey/SyzInspector/wd-bisector-5/kernel/fs/ioctl.c:51 [inline]
 __do_sys_ioctl mnt/sdd/jtbursey/SyzInspector/wd-bisector-5/kernel/fs/ioctl.c:871 [inline]
 __se_sys_ioctl mnt/sdd/jtbursey/SyzInspector/wd-bisector-5/kernel/fs/ioctl.c:857 [inline]
 __x64_sys_ioctl+0x19d/0x210 mnt/sdd/jtbursey/SyzInspector/wd-bisector-5/kernel/fs/ioctl.c:857
 do_syscall_x64 mnt/sdd/jtbursey/SyzInspector/wd-bisector-5/kernel/arch/x86/entry/common.c:50 [inline]
 do_syscall_64+0x39/0xb0 mnt/sdd/jtbursey/SyzInspector/wd-bisector-5/kernel/arch/x86/entry/common.c:80
 entry_SYSCALL_64_after_hwframe+0x63/0xcd
RIP: 0033:0x7fdb1ca91ced
Code: c3 e8 17 32 00 00 0f 1f 80 00 00 00 00 f3 0f 1e fa 48 89 f8 48 89 f7 48 89 d6 48 89 ca 4d 89 c2 4d 89 c8 4c 8b 4c 24 08 0f 05 <48> 3d 01 f0 ff ff 73 01 c3 48 c7 c1 b8 ff ff ff f7 d8 64 89 01 48
RSP: 002b:00007fdb1d796bd8 EFLAGS: 00000246 ORIG_RAX: 0000000000000010
RAX: ffffffffffffffda RBX: 00007fdb1cbcbf80 RCX: 00007fdb1ca91ced
RDX: 0000000020000a80 RSI: 0000000050009401 RDI: 0000000000000004
RBP: 00007fdb1caef4ac R08: 0000000000000000 R09: 0000000000000000
R10: 0000000000000000 R11: 0000000000000246 R12: 0000000000000000
R13: 00007ffdb306f19f R14: 00007ffdb306f330 R15: 00007fdb1d796d80
 </TASK>


WARNING in create_pending_snapshot
6ed05643ddb166c0fddabac8ee092659006214a9
