server starts bisection 2025-03-20 21:06:41.922699227 -0700 PDT m=+4.543959386
bisecting cause commit starting from f4bc5bbb5fef3cf421ba3485d6d383c27ec473ed
building syzkaller on HEAD
ensuring issue is reproducible on original commit f4bc5bbb5fef3cf421ba3485d6d383c27ec473ed

testing commit f4bc5bbb5fef3cf421ba3485d6d383c27ec473ed gcc
compiler: gcc (Ubuntu 10.5.0-1ubuntu1~20.04) 10.5.0, GNU ld (GNU Binutils for Ubuntu) 2.34
kernel signature: 13f76c9442160a68ba4cdc05e3993cd5ef0b28078d68b14afaad39390a13608b
all runs: crashed: WARNING: kmalloc bug in xdp_umem_create
representative crash: WARNING: kmalloc bug in xdp_umem_create, types: [WARNING]
picked [v5.16 v5.15 v5.14 v5.12 v5.10 v5.8 v5.6 v5.4 v5.1 v4.19] out of 19 release tags
testing release v5.16
testing commit df0cc57e057f18e44dac8e6c18aba47ab53202f9 gcc
compiler: gcc (Ubuntu 10.5.0-1ubuntu1~20.04) 10.5.0, GNU ld (GNU Binutils for Ubuntu) 2.34
kernel signature: 220726ab08043cbc1169bbbd5f8a95ff59885988c6e041e3c4c995d4c93a97dc
all runs: crashed: WARNING: kmalloc bug in xdp_umem_create
representative crash: WARNING: kmalloc bug in xdp_umem_create, types: [WARNING]
testing release v5.15
testing commit 8bb7eca972ad531c9b149c0a51ab43a417385813 gcc
compiler: gcc (GCC) 10.1.0-syz 20200507, GNU ld (GNU Binutils for Ubuntu) 2.34
kernel signature: e7622dc66a1475c0b91325bae0da9dc8d32b78165d6cca44bfe5df3113ec8899
all runs: crashed: WARNING: kmalloc bug in xdp_umem_create
representative crash: WARNING: kmalloc bug in xdp_umem_create, types: [WARNING]
testing release v5.14
testing commit 7d2a07b769330c34b4deabeed939325c77a7ec2f gcc
compiler: gcc (GCC) 10.1.0-syz 20200507, GNU ld (GNU Binutils for Ubuntu) 2.34
kernel signature: 10410e814958b79f696a8b3a73124882b4f6c6ee01eefed324b6d70eb69847cc
all runs: OK
false negative chance: 0.000
# git bisect start 8bb7eca972ad531c9b149c0a51ab43a417385813 7d2a07b769330c34b4deabeed939325c77a7ec2f
Bisecting: 6693 revisions left to test after this (roughly 13 steps)
[477f70cd2a67904e04c2c2b9bd0fa2e95222f2f6] Merge tag 'drm-next-2021-08-31-1' of git://anongit.freedesktop.org/drm/drm

testing commit 477f70cd2a67904e04c2c2b9bd0fa2e95222f2f6 gcc
compiler: gcc (GCC) 10.1.0-syz 20200507, GNU ld (GNU Binutils for Ubuntu) 2.34
kernel signature: 1bed137530c1bf6daa2eb5ec5c0744b721a8a571f1f3fd9c197c1092059b51b0
all runs: OK
false negative chance: 0.000
# git bisect good 477f70cd2a67904e04c2c2b9bd0fa2e95222f2f6
Bisecting: 3317 revisions left to test after this (roughly 12 steps)
[626bf91a292e2035af5b9d9cce35c5c138dfe06d] Merge tag 'net-5.15-rc1' of git://git.kernel.org/pub/scm/linux/kernel/git/netdev/net

testing commit 626bf91a292e2035af5b9d9cce35c5c138dfe06d gcc
compiler: gcc (GCC) 10.1.0-syz 20200507, GNU ld (GNU Binutils for Ubuntu) 2.34
kernel signature: aa426bace7336fb95e0017b8332f1d89f0deb5bc11de5c82e78c8b966bb015b0
all runs: crashed: WARNING: kmalloc bug in xdp_umem_create
representative crash: WARNING: kmalloc bug in xdp_umem_create, types: [WARNING]
# git bisect bad 626bf91a292e2035af5b9d9cce35c5c138dfe06d
Bisecting: 1702 revisions left to test after this (roughly 11 steps)
[23852bec534a1633dc08f4df88b8493ae99953a9] Merge tag 'for-linus' of git://git.kernel.org/pub/scm/linux/kernel/git/rdma/rdma

testing commit 23852bec534a1633dc08f4df88b8493ae99953a9 gcc
compiler: gcc (GCC) 10.1.0-syz 20200507, GNU ld (GNU Binutils for Ubuntu) 2.34
kernel signature: 27767016af58ef4dcc04158af44c4c0d91a0f1bded703d7c9872f2b0ffd8ad7d
all runs: crashed: WARNING: kmalloc bug in xdp_umem_create
representative crash: WARNING: kmalloc bug in xdp_umem_create, types: [WARNING]
# git bisect bad 23852bec534a1633dc08f4df88b8493ae99953a9
Bisecting: 839 revisions left to test after this (roughly 10 steps)
[9e5f3ffcf1cb34e7c7beb3f79a96f58536730924] Merge tag 'devicetree-for-5.15' of git://git.kernel.org/pub/scm/linux/kernel/git/robh/linux

testing commit 9e5f3ffcf1cb34e7c7beb3f79a96f58536730924 gcc
compiler: gcc (GCC) 10.1.0-syz 20200507, GNU ld (GNU Binutils for Ubuntu) 2.34
kernel signature: 77a86848f28300d1805cbd52bddda2bd33f133413d910809fac82d99f1f2e977
2025/03/20 22:55:12 failed to symbolize report: failed to run ["scripts/get_maintainer.pl" "--git-min-percent=15" "-f" "mnt/sdd/author/SyzInspector/wd-bisector-4/kernel/drivers/mtd/devices/mtdram.c"]: exit status 2
scripts/get_maintainer.pl: file 'mnt/sdd/author/SyzInspector/wd-bisector-4/kernel/drivers/mtd/devices/mtdram.c' not found
run #0: OK
run #1: OK
run #2: OK
run #3: OK
run #4: OK
run #5: OK
run #6: OK
run #7: boot failed: possible deadlock in blktrans_open
false negative chance: 0.000
# git bisect good 9e5f3ffcf1cb34e7c7beb3f79a96f58536730924
Bisecting: 417 revisions left to test after this (roughly 9 steps)
[89b6b8cd92c068cd1bdf877ec7fb1392568ef35d] Merge tag 'vfio-v5.15-rc1' of git://github.com/awilliam/linux-vfio

testing commit 89b6b8cd92c068cd1bdf877ec7fb1392568ef35d gcc
compiler: gcc (GCC) 10.1.0-syz 20200507, GNU ld (GNU Binutils for Ubuntu) 2.34
kernel signature: dcd74b9ac62bc3067d75313bc2bd261dd0514c08627790f2c2abf82d01ba30bb
2025/03/20 23:17:26 failed to symbolize report: failed to run ["scripts/get_maintainer.pl" "--git-min-percent=15" "-f" "mnt/sdd/author/SyzInspector/wd-bisector-4/kernel/fs/dcache.c"]: exit status 2
scripts/get_maintainer.pl: file 'mnt/sdd/author/SyzInspector/wd-bisector-4/kernel/fs/dcache.c' not found
run #0: crashed: WARNING: kmalloc bug in xdp_umem_create
run #1: crashed: WARNING: kmalloc bug in xdp_umem_create
run #2: crashed: WARNING: kmalloc bug in xdp_umem_create
run #3: crashed: WARNING: kmalloc bug in xdp_umem_create
run #4: crashed: WARNING: kmalloc bug in xdp_umem_create
run #5: crashed: WARNING: kmalloc bug in xdp_umem_create
run #6: crashed: WARNING: kmalloc bug in xdp_umem_create
run #7: boot failed: KFENCE: use-after-free in kvm_fastop_exception
representative crash: WARNING: kmalloc bug in xdp_umem_create, types: [WARNING]
# git bisect bad 89b6b8cd92c068cd1bdf877ec7fb1392568ef35d
Bisecting: 210 revisions left to test after this (roughly 8 steps)
[412106c203b759fa7fbcc4f855a90ab18e681ccb] Merge tag 'erofs-for-5.15-rc1' of git://git.kernel.org/pub/scm/linux/kernel/git/xiang/erofs

testing commit 412106c203b759fa7fbcc4f855a90ab18e681ccb gcc
compiler: gcc (GCC) 10.1.0-syz 20200507, GNU ld (GNU Binutils for Ubuntu) 2.34
kernel signature: 33807127c322e2b33620fd7cf6b08607856cc3d8006cf61d8eb06a7cdee2b09a
2025/03/20 23:30:56 failed to symbolize report: failed to run ["scripts/get_maintainer.pl" "--git-min-percent=15" "-f" "mnt/sdd/author/SyzInspector/wd-bisector-4/kernel/fs/dcache.c"]: exit status 2
scripts/get_maintainer.pl: file 'mnt/sdd/author/SyzInspector/wd-bisector-4/kernel/fs/dcache.c' not found
run #0: basic kernel testing failed: KFENCE: use-after-free in kvm_fastop_exception
run #1: OK
run #2: OK
run #3: OK
run #4: OK
run #5: OK
run #6: OK
run #7: OK
false negative chance: 0.000
# git bisect good 412106c203b759fa7fbcc4f855a90ab18e681ccb
Bisecting: 107 revisions left to test after this (roughly 7 steps)
[c815f04ba94940fbc303a6ea9669e7da87f8e77d] Merge tag 'linux-kselftest-kunit-5.15-rc1' of git://git.kernel.org/pub/scm/linux/kernel/git/shuah/linux-kselftest

testing commit c815f04ba94940fbc303a6ea9669e7da87f8e77d gcc
compiler: gcc (GCC) 10.1.0-syz 20200507, GNU ld (GNU Binutils for Ubuntu) 2.34
kernel signature: abf8a11ac9e6641d28988e3dfc591faad0040d19078a926f41d5004e8122c854
all runs: crashed: WARNING: kmalloc bug in xdp_umem_create
representative crash: WARNING: kmalloc bug in xdp_umem_create, types: [WARNING]
# git bisect bad c815f04ba94940fbc303a6ea9669e7da87f8e77d
Bisecting: 45 revisions left to test after this (roughly 6 steps)
[265113f70f3d63ae8b6eb1ce4303d14dbbd71b2d] Merge tag 'dlm-5.15' of git://git.kernel.org/pub/scm/linux/kernel/git/teigland/linux-dlm

testing commit 265113f70f3d63ae8b6eb1ce4303d14dbbd71b2d gcc
compiler: gcc (GCC) 10.1.0-syz 20200507, GNU ld (GNU Binutils for Ubuntu) 2.34
kernel signature: d36e19ac04846613361079856c8d712470d97d0c939cac0f4929c0de626054ef
all runs: crashed: WARNING: kmalloc bug in xdp_umem_create
representative crash: WARNING: kmalloc bug in xdp_umem_create, types: [WARNING]
# git bisect bad 265113f70f3d63ae8b6eb1ce4303d14dbbd71b2d
Bisecting: 33 revisions left to test after this (roughly 5 steps)
[baaae979b112642a41b71c71c599d875c067d257] ext4: make the updating inode data procedure atomic

testing commit baaae979b112642a41b71c71c599d875c067d257 gcc
compiler: gcc (GCC) 10.1.0-syz 20200507, GNU ld (GNU Binutils for Ubuntu) 2.34
kernel signature: 53b0bd5d59371ccb0544e37684b83fe0dfc2dfc130ef037326a18f671749d26f
all runs: OK
false negative chance: 0.000
# git bisect good baaae979b112642a41b71c71c599d875c067d257
Bisecting: 16 revisions left to test after this (roughly 4 steps)
[7661809d493b426e979f39ab512e3adf41fbcc69] mm: don't allow oversized kvmalloc() calls

testing commit 7661809d493b426e979f39ab512e3adf41fbcc69 gcc
compiler: gcc (GCC) 10.1.0-syz 20200507, GNU ld (GNU Binutils for Ubuntu) 2.34
kernel signature: 9960449fb6fff64fd908cb16c27bcd86f6e396ad0ab7b200a365b6e839fb2c58
all runs: crashed: WARNING: kmalloc bug in xdp_umem_create
representative crash: WARNING: kmalloc bug in xdp_umem_create, types: [WARNING]
# git bisect bad 7661809d493b426e979f39ab512e3adf41fbcc69
Bisecting: 8 revisions left to test after this (roughly 3 steps)
[ffb24e3c657869b256c3f90792d262fe09f49628] ovl: relax lookup error on mismatch origin ftype

testing commit ffb24e3c657869b256c3f90792d262fe09f49628 gcc
compiler: gcc (GCC) 10.1.0-syz 20200507, GNU ld (GNU Binutils for Ubuntu) 2.34
kernel signature: 87399a9b38a1f6d5e5346a248acb0f171fc9a53ca8c82727a7cdebb6a5db9ec9
all runs: OK
false negative chance: 0.000
# git bisect good ffb24e3c657869b256c3f90792d262fe09f49628
Bisecting: 4 revisions left to test after this (roughly 2 steps)
[52d5a0c6bd8a89f460243ed937856354f8f253a3] ovl: fix BUG_ON() in may_delete() when called from ovl_cleanup()

testing commit 52d5a0c6bd8a89f460243ed937856354f8f253a3 gcc
compiler: gcc (GCC) 10.1.0-syz 20200507, GNU ld (GNU Binutils for Ubuntu) 2.34
kernel signature: f3baf5ded0e71e9626e3e31481877029eefff9183c4954bdf833f843c303638d
all runs: OK
false negative chance: 0.000
# git bisect good 52d5a0c6bd8a89f460243ed937856354f8f253a3
Bisecting: 2 revisions left to test after this (roughly 1 step)
[332f606b32b6291a944c8cf23b91f53a6e676525] ovl: enable RCU'd ->get_acl()

testing commit 332f606b32b6291a944c8cf23b91f53a6e676525 gcc
compiler: gcc (GCC) 10.1.0-syz 20200507, GNU ld (GNU Binutils for Ubuntu) 2.34
kernel signature: 5313ddb2a40bcf890161846ff88845ce909d2d52b00048f4510ec074e13277d9
all runs: OK
false negative chance: 0.000
# git bisect good 332f606b32b6291a944c8cf23b91f53a6e676525
Bisecting: 0 revisions left to test after this (roughly 1 step)
[111c1aa8cad4a0069dfe98fc093507b5b2cdfda7] Merge tag 'ext4_for_linus' of git://git.kernel.org/pub/scm/linux/kernel/git/tytso/ext4

testing commit 111c1aa8cad4a0069dfe98fc093507b5b2cdfda7 gcc
compiler: gcc (GCC) 10.1.0-syz 20200507, GNU ld (GNU Binutils for Ubuntu) 2.34
kernel signature: 5d09a7e29dae93fa0e724e86fe4499885a63640e11302ba1ea09a9a73b804df9
run #0: OK
run #1: OK
run #2: OK
run #3: OK
run #4: OK
run #5: OK
run #6: OK
run #7: basic kernel testing failed: failed to copy test binary to VM: timedout after 10m0s ["scp" "-P" "5561" "-F" "/dev/null" "-o" "UserKnownHostsFile=/dev/null" "-o" "BatchMode=yes" "-o" "IdentitiesOnly=yes" "-o" "StrictHostKeyChecking=no" "-o" "ConnectTimeout=10" "-i" "/mnt/sdd/author/SyzInspector/wd-bisector-4/wd-kaller/image/key" "/mnt/sdd/author/SyzInspector/wd-bisector-4/src/syzkaller/bin/linux_amd64/syz-executor" "root@localhost:/syz-executor"]
Warning: Permanently added '[localhost]:5561' (ECDSA) to the list of known hosts.

false negative chance: 0.000
# git bisect good 111c1aa8cad4a0069dfe98fc093507b5b2cdfda7
7661809d493b426e979f39ab512e3adf41fbcc69 is the first bad commit
commit 7661809d493b426e979f39ab512e3adf41fbcc69
Author: Linus Torvalds <torvalds@linux-foundation.org>
Date:   Wed Jul 14 09:45:49 2021 -0700

    mm: don't allow oversized kvmalloc() calls
    
    'kvmalloc()' is a convenience function for people who want to do a
    kmalloc() but fall back on vmalloc() if there aren't enough physically
    contiguous pages, or if the allocation is larger than what kmalloc()
    supports.
    
    However, let's make sure it doesn't get _too_ easy to do crazy things
    with it.  In particular, don't allow big allocations that could be due
    to integer overflow or underflow.  So make sure the allocation size fits
    in an 'int', to protect against trivial integer conversion issues.
    
    Acked-by: Willy Tarreau <w@1wt.eu>
    Cc: Kees Cook <keescook@chromium.org>
    Signed-off-by: Linus Torvalds <torvalds@linux-foundation.org>

 mm/util.c | 4 ++++
 1 file changed, 4 insertions(+)

accumulated error probability: 0.00
culprit signature: 9960449fb6fff64fd908cb16c27bcd86f6e396ad0ab7b200a365b6e839fb2c58
parent  signature: 5d09a7e29dae93fa0e724e86fe4499885a63640e11302ba1ea09a9a73b804df9
revisions tested: 18, total time: 4h40m6.705514373s (build: 2h52m59.790548823s, test: 1h32m41.338325327s)
first bad commit: 7661809d493b426e979f39ab512e3adf41fbcc69 mm: don't allow oversized kvmalloc() calls
recipients (to): ["akpm@linux-foundation.org" "linux-mm@kvack.org" "torvalds@linux-foundation.org" "w@1wt.eu"]
recipients (cc): ["linux-kernel@vger.kernel.org"]
crash: WARNING: kmalloc bug in xdp_umem_create
------------[ cut here ]------------
WARNING: CPU: 0 PID: 9291 at mm/util.c:597 kvmalloc_node+0x111/0x120 mnt/sdd/author/SyzInspector/wd-bisector-4/kernel/mm/util.c:597
Modules linked in:
CPU: 0 PID: 9291 Comm: syz-executor.0 Not tainted 5.14.0-syzkaller #0
Hardware name: QEMU Standard PC (i440FX + PIIX, 1996), BIOS 1.13.0-1ubuntu1.1 04/01/2014
RIP: 0010:kvmalloc_node+0x111/0x120 mnt/sdd/author/SyzInspector/wd-bisector-4/kernel/mm/util.c:597
Code: 01 00 00 00 4c 89 e7 e8 4d 11 0d 00 49 89 c5 e9 69 ff ff ff e8 90 25 d1 ff 41 89 ed 41 81 cd 00 20 01 00 eb 95 e8 7f 25 d1 ff <0f> 0b e9 4c ff ff ff 0f 1f 84 00 00 00 00 00 55 48 89 fd 53 e8 66
RSP: 0018:ffffc90002a9fc48 EFLAGS: 00010293
RAX: 0000000000000000 RBX: 0000000000000001 RCX: 0000000000000000
RDX: ffff888022603900 RSI: ffffffff81a5bac1 RDI: 0000000000000003
RBP: 0000000000002dc0 R08: 000000007fffffff R09: 00000000ffffffff
R10: ffffffff81a5ba7e R11: 0000000000000000 R12: 00000007ff810000
R13: 0000000000000000 R14: 00000000ffffffff R15: 0000000000000700
FS:  00007f3f950cc700(0000) GS:ffff888063e00000(0000) knlGS:0000000000000000
CS:  0010 DS: 0000 ES: 0000 CR0: 0000000080050033
CR2: 00007fe081df0000 CR3: 00000000226b4000 CR4: 0000000000350ef0
DR0: 0000000000000000 DR1: 0000000000000000 DR2: 0000000000000000
DR3: 0000000000000000 DR6: 00000000fffe0ff0 DR7: 0000000000000400
Call Trace:
 kvmalloc mnt/sdd/author/SyzInspector/wd-bisector-4/kernel/./include/linux/mm.h:806 [inline]
 kvmalloc_array mnt/sdd/author/SyzInspector/wd-bisector-4/kernel/./include/linux/mm.h:824 [inline]
 kvcalloc mnt/sdd/author/SyzInspector/wd-bisector-4/kernel/./include/linux/mm.h:829 [inline]
 xdp_umem_pin_pages mnt/sdd/author/SyzInspector/wd-bisector-4/kernel/net/xdp/xdp_umem.c:102 [inline]
 xdp_umem_reg mnt/sdd/author/SyzInspector/wd-bisector-4/kernel/net/xdp/xdp_umem.c:219 [inline]
 xdp_umem_create+0x860/0x1110 mnt/sdd/author/SyzInspector/wd-bisector-4/kernel/net/xdp/xdp_umem.c:252
 xsk_setsockopt+0x73e/0x9e0 mnt/sdd/author/SyzInspector/wd-bisector-4/kernel/net/xdp/xsk.c:1068
 __sys_setsockopt+0x2db/0x610 mnt/sdd/author/SyzInspector/wd-bisector-4/kernel/net/socket.c:2176
 __do_sys_setsockopt mnt/sdd/author/SyzInspector/wd-bisector-4/kernel/net/socket.c:2187 [inline]
 __se_sys_setsockopt mnt/sdd/author/SyzInspector/wd-bisector-4/kernel/net/socket.c:2184 [inline]
 __x64_sys_setsockopt+0xba/0x150 mnt/sdd/author/SyzInspector/wd-bisector-4/kernel/net/socket.c:2184
 do_syscall_x64 mnt/sdd/author/SyzInspector/wd-bisector-4/kernel/arch/x86/entry/common.c:50 [inline]
 do_syscall_64+0x35/0xb0 mnt/sdd/author/SyzInspector/wd-bisector-4/kernel/arch/x86/entry/common.c:80
 entry_SYSCALL_64_after_hwframe+0x44/0xae
RIP: 0033:0x7f3f95d5fced
Code: c3 e8 17 32 00 00 0f 1f 80 00 00 00 00 f3 0f 1e fa 48 89 f8 48 89 f7 48 89 d6 48 89 ca 4d 89 c2 4d 89 c8 4c 8b 4c 24 08 0f 05 <48> 3d 01 f0 ff ff 73 01 c3 48 c7 c1 b8 ff ff ff f7 d8 64 89 01 48
RSP: 002b:00007f3f950cbbd8 EFLAGS: 00000246 ORIG_RAX: 0000000000000036
RAX: ffffffffffffffda RBX: 00007f3f95e99f80 RCX: 00007f3f95d5fced
RDX: 0000000000000004 RSI: 000000000000011b RDI: 0000000000000003
RBP: 00007f3f95dbd4ac R08: 0000000000000020 R09: 0000000000000000
R10: 0000000020000080 R11: 0000000000000246 R12: 0000000000000000
R13: 00007fffe4e01fef R14: 00007fffe4e02180 R15: 00007f3f950cbd80


WARNING: kmalloc bug in xdp_umem_create
7661809d493b426e979f39ab512e3adf41fbcc69
