server starts bisection 2025-03-27 16:18:12.598383497 -0700 PDT m=+16.541340232
bisecting cause commit starting from 888cf78c29e223fd808682f477c18cf8f61ad995
building syzkaller on HEAD
ensuring issue is reproducible on original commit 888cf78c29e223fd808682f477c18cf8f61ad995

testing commit 888cf78c29e223fd808682f477c18cf8f61ad995 gcc
compiler: gcc (Ubuntu 10.5.0-1ubuntu1~20.04) 10.5.0, GNU ld (GNU Binutils for Ubuntu) 2.34
kernel signature: 718590364832ac9400268c13cf16d8927ba9b631a4d738ec54150afb0b12f50f
all runs: crashed: general protection fault in hugetlb_vma_lock_write
representative crash: general protection fault in hugetlb_vma_lock_write, types: [UNKNOWN]
picked [v6.5 v6.4 v6.3 v6.1 v5.19 v5.17 v5.15 v5.13 v5.10 v5.7 v5.4 v5.1 v4.19] out of 28 release tags
testing release v6.5
testing commit 2dde18cd1d8fac735875f2e4987f11817cc0bc2c gcc
compiler: gcc (Ubuntu 10.5.0-1ubuntu1~20.04) 10.5.0, GNU ld (GNU Binutils for Ubuntu) 2.34
kernel signature: 82e6310d323a2f3b79ed109585e9b2d975a32c4e958ea3d863c37e656ac346a7
all runs: OK
false negative chance: 0.000
# git bisect start 888cf78c29e223fd808682f477c18cf8f61ad995 2dde18cd1d8fac735875f2e4987f11817cc0bc2c
Bisecting: 7828 revisions left to test after this (roughly 13 steps)
[a1c19328a160c80251868dbd80066dce23d07995] Merge tag 'soc-arm-6.6' of git://git.kernel.org/pub/scm/linux/kernel/git/soc/soc

testing commit a1c19328a160c80251868dbd80066dce23d07995 gcc
compiler: gcc (Ubuntu 10.5.0-1ubuntu1~20.04) 10.5.0, GNU ld (GNU Binutils for Ubuntu) 2.34
kernel signature: bc355ef1d551734cb560df4ac07b3ea003fb1cd13375688e5eb5aa1f6c9ff324
all runs: OK
false negative chance: 0.000
# git bisect good a1c19328a160c80251868dbd80066dce23d07995
Bisecting: 3905 revisions left to test after this (roughly 12 steps)
[708283abf896dd4853e673cc8cba70acaf9bf4ea] Merge tag 'dmaengine-6.6-rc1' of git://git.kernel.org/pub/scm/linux/kernel/git/vkoul/dmaengine

testing commit 708283abf896dd4853e673cc8cba70acaf9bf4ea gcc
compiler: gcc (Ubuntu 10.5.0-1ubuntu1~20.04) 10.5.0, GNU ld (GNU Binutils for Ubuntu) 2.34
kernel signature: 835da258db54ba94fd343b1d4d8cd092258f7ce0f8dd8e91025ad3f4bdc9c0e7
all runs: OK
false negative chance: 0.000
# git bisect good 708283abf896dd4853e673cc8cba70acaf9bf4ea
Bisecting: 1952 revisions left to test after this (roughly 11 steps)
[63a2de8d16b3ecd607c077c98f8d6cd0147ec099] Merge branch 'sparx5-leaks'

testing commit 63a2de8d16b3ecd607c077c98f8d6cd0147ec099 gcc
compiler: gcc (Ubuntu 10.5.0-1ubuntu1~20.04) 10.5.0, GNU ld (GNU Binutils for Ubuntu) 2.34
kernel signature: 6b1b73a73316fdf789cabcb7ff999a6bc6caf941c442e23a0922fa2bf3fa01e7
all runs: OK
false negative chance: 0.000
# git bisect good 63a2de8d16b3ecd607c077c98f8d6cd0147ec099
Bisecting: 976 revisions left to test after this (roughly 10 steps)
[f200bab3756fe81493a1b280180dafa1d9ccdcf7] phy: lynx-28g: cancel the CDR check work item on the remove path

testing commit f200bab3756fe81493a1b280180dafa1d9ccdcf7 gcc
compiler: gcc (Ubuntu 10.5.0-1ubuntu1~20.04) 10.5.0, GNU ld (GNU Binutils for Ubuntu) 2.34
kernel signature: 84a80e72a4444f8baafcbb85405f6d800697d2ad9c8e7c804488d4c611245d07
all runs: OK
false negative chance: 0.000
# git bisect good f200bab3756fe81493a1b280180dafa1d9ccdcf7
Bisecting: 487 revisions left to test after this (roughly 9 steps)
[e4078ebbddf69f5a82f164dc07d50321b7f641cf] Merge tag 'riscv-dt-for-v6.6-final' of https://git.kernel.org/pub/scm/linux/kernel/git/conor/linux into arm/fixes

testing commit e4078ebbddf69f5a82f164dc07d50321b7f641cf gcc
compiler: gcc (Ubuntu 10.5.0-1ubuntu1~20.04) 10.5.0, GNU ld (GNU Binutils for Ubuntu) 2.34
kernel signature: c0d327d8042f26cb41c5faba7df82143386114a2db32e0b97bf951712461c422
all runs: OK
false negative chance: 0.000
# git bisect good e4078ebbddf69f5a82f164dc07d50321b7f641cf
Bisecting: 243 revisions left to test after this (roughly 8 steps)
[c3200081020d63f6c6bfd8a6db2ae8a5b99b348a] Merge tag 'block-6.6-2023-10-20' of git://git.kernel.dk/linux

testing commit c3200081020d63f6c6bfd8a6db2ae8a5b99b348a gcc
compiler: gcc (Ubuntu 10.5.0-1ubuntu1~20.04) 10.5.0, GNU ld (GNU Binutils for Ubuntu) 2.34
kernel signature: 389c3e0ebb40496b51c8f8ced58500eec23b116b34123fb19a3835e5493a0853
all runs: OK
false negative chance: 0.000
# git bisect good c3200081020d63f6c6bfd8a6db2ae8a5b99b348a
Bisecting: 121 revisions left to test after this (roughly 7 steps)
[7c14564010fc1d0f16ca7d39b0ff948b43344209] Merge tag 'for_linus' of git://git.kernel.org/pub/scm/linux/kernel/git/mst/vhost

testing commit 7c14564010fc1d0f16ca7d39b0ff948b43344209 gcc
compiler: gcc (Ubuntu 10.5.0-1ubuntu1~20.04) 10.5.0, GNU ld (GNU Binutils for Ubuntu) 2.34
kernel signature: da2c33164b9da5dcec07e79ab68473de51c26d147f90a95a72b054c6689a3231
all runs: OK
false negative chance: 0.000
# git bisect good 7c14564010fc1d0f16ca7d39b0ff948b43344209
Bisecting: 74 revisions left to test after this (roughly 6 steps)
[53798666648af3aa0dd512c2380576627237a800] iavf: in iavf_down, disable queues when removing the driver

testing commit 53798666648af3aa0dd512c2380576627237a800 gcc
compiler: gcc (Ubuntu 10.5.0-1ubuntu1~20.04) 10.5.0, GNU ld (GNU Binutils for Ubuntu) 2.34
kernel signature: aa810d3efdbe59d5667136411875ecf6a100638c3901b061c680cb648abe5182
all runs: OK
false negative chance: 0.000
# git bisect good 53798666648af3aa0dd512c2380576627237a800
Bisecting: 42 revisions left to test after this (roughly 5 steps)
[c17cda15cc86e65e9725641daddcd7a63cc9ad01] Merge tag 'net-6.6-rc8' of git://git.kernel.org/pub/scm/linux/kernel/git/netdev/net

testing commit c17cda15cc86e65e9725641daddcd7a63cc9ad01 gcc
compiler: gcc (Ubuntu 10.5.0-1ubuntu1~20.04) 10.5.0, GNU ld (GNU Binutils for Ubuntu) 2.34
kernel signature: c765b9e60871e2e78edebfaf8095f9a3eb7c7d8886da0c19bfc5bf5ec62e3c56
all runs: crashed: general protection fault in hugetlb_vma_lock_write
representative crash: general protection fault in hugetlb_vma_lock_write, types: [UNKNOWN]
# git bisect bad c17cda15cc86e65e9725641daddcd7a63cc9ad01
Bisecting: 15 revisions left to test after this (roughly 4 steps)
[76b7069bcc89dec33f03eb08abee165d0306b754] mm/damon/sysfs: check DAMOS regions update progress from before_terminate()

testing commit 76b7069bcc89dec33f03eb08abee165d0306b754 gcc
compiler: gcc (Ubuntu 10.5.0-1ubuntu1~20.04) 10.5.0, GNU ld (GNU Binutils for Ubuntu) 2.34
kernel signature: 3245400f921459b2f7251492b47233a950ccdbaac5a38810f78e26956b663af0
all runs: crashed: general protection fault in hugetlb_vma_lock_write
representative crash: general protection fault in hugetlb_vma_lock_write, types: [UNKNOWN]
# git bisect bad 76b7069bcc89dec33f03eb08abee165d0306b754
Bisecting: 7 revisions left to test after this (roughly 3 steps)
[229e2253766c7cdfe024f1fe280020cc4711087c] mm/migrate: fix do_pages_move for compat pointers

testing commit 229e2253766c7cdfe024f1fe280020cc4711087c gcc
compiler: gcc (Ubuntu 10.5.0-1ubuntu1~20.04) 10.5.0, GNU ld (GNU Binutils for Ubuntu) 2.34
kernel signature: 8d4f443af8f97f6873be57c7817f5b9de2ae2c93f7264cdf1cd1e1211b315ea2
all runs: OK
false negative chance: 0.000
# git bisect good 229e2253766c7cdfe024f1fe280020cc4711087c
Bisecting: 3 revisions left to test after this (roughly 2 steps)
[2820b0f09be99f6406784b03a22dfc83e858449d] hugetlbfs: close race between MADV_DONTNEED and page fault

testing commit 2820b0f09be99f6406784b03a22dfc83e858449d gcc
compiler: gcc (Ubuntu 10.5.0-1ubuntu1~20.04) 10.5.0, GNU ld (GNU Binutils for Ubuntu) 2.34
kernel signature: 9a7208b381490337c41c0e2d898430f8c9ff4aae82da85f0304f921985964636
all runs: crashed: general protection fault in hugetlb_vma_lock_write
representative crash: general protection fault in hugetlb_vma_lock_write, types: [UNKNOWN]
# git bisect bad 2820b0f09be99f6406784b03a22dfc83e858449d
Bisecting: 1 revision left to test after this (roughly 1 step)
[92fe9dcbe4e109a7ce6bab3e452210a35b0ab493] hugetlbfs: clear resv_map pointer if mmap fails

testing commit 92fe9dcbe4e109a7ce6bab3e452210a35b0ab493 gcc
compiler: gcc (Ubuntu 10.5.0-1ubuntu1~20.04) 10.5.0, GNU ld (GNU Binutils for Ubuntu) 2.34
kernel signature: c2cf75549a9850055f397328a1f70b8ee8b37b3f07f1feff20ecdc7b3fb75cdb
all runs: OK
false negative chance: 0.000
# git bisect good 92fe9dcbe4e109a7ce6bab3e452210a35b0ab493
Bisecting: 0 revisions left to test after this (roughly 0 steps)
[bf4916922c60f43efaa329744b3eef539aa6a2b2] hugetlbfs: extend hugetlb_vma_lock to private VMAs

testing commit bf4916922c60f43efaa329744b3eef539aa6a2b2 gcc
compiler: gcc (Ubuntu 10.5.0-1ubuntu1~20.04) 10.5.0, GNU ld (GNU Binutils for Ubuntu) 2.34
kernel signature: ef412a7f43ab1021e9562327377779f5bd27cb3a085dd2413dcd0f7990fcb5b4
all runs: OK
false negative chance: 0.000
# git bisect good bf4916922c60f43efaa329744b3eef539aa6a2b2
2820b0f09be99f6406784b03a22dfc83e858449d is the first bad commit
commit 2820b0f09be99f6406784b03a22dfc83e858449d
Author: Rik van Riel <riel@surriel.com>
Date:   Thu Oct 5 23:59:08 2023 -0400

    hugetlbfs: close race between MADV_DONTNEED and page fault
    
    Malloc libraries, like jemalloc and tcalloc, take decisions on when to
    call madvise independently from the code in the main application.
    
    This sometimes results in the application page faulting on an address,
    right after the malloc library has shot down the backing memory with
    MADV_DONTNEED.
    
    Usually this is harmless, because we always have some 4kB pages sitting
    around to satisfy a page fault.  However, with hugetlbfs systems often
    allocate only the exact number of huge pages that the application wants.
    
    Due to TLB batching, hugetlbfs MADV_DONTNEED will free pages outside of
    any lock taken on the page fault path, which can open up the following
    race condition:
    
           CPU 1                            CPU 2
    
           MADV_DONTNEED
           unmap page
           shoot down TLB entry
                                           page fault
                                           fail to allocate a huge page
                                           killed with SIGBUS
           free page
    
    Fix that race by pulling the locking from __unmap_hugepage_final_range
    into helper functions called from zap_page_range_single.  This ensures
    page faults stay locked out of the MADV_DONTNEED VMA until the huge pages
    have actually been freed.
    
    Link: https://lkml.kernel.org/r/20231006040020.3677377-4-riel@surriel.com
    Fixes: 04ada095dcfc ("hugetlb: don't delete vma_lock in hugetlb MADV_DONTNEED processing")
    Signed-off-by: Rik van Riel <riel@surriel.com>
    Reviewed-by: Mike Kravetz <mike.kravetz@oracle.com>
    Cc: Matthew Wilcox (Oracle) <willy@infradead.org>
    Cc: Muchun Song <muchun.song@linux.dev>
    Cc: <stable@vger.kernel.org>
    Signed-off-by: Andrew Morton <akpm@linux-foundation.org>

 include/linux/hugetlb.h | 35 +++++++++++++++++++++++++++++++++--
 mm/hugetlb.c            | 34 ++++++++++++++++++++++------------
 mm/memory.c             | 13 ++++++++-----
 3 files changed, 63 insertions(+), 19 deletions(-)

accumulated error probability: 0.00
culprit signature: 9a7208b381490337c41c0e2d898430f8c9ff4aae82da85f0304f921985964636
parent  signature: ef412a7f43ab1021e9562327377779f5bd27cb3a085dd2413dcd0f7990fcb5b4
revisions tested: 16, total time: 7h15m33.899047575s (build: 4h49m9.420913078s, test: 1h54m1.428912103s)
first bad commit: 2820b0f09be99f6406784b03a22dfc83e858449d hugetlbfs: close race between MADV_DONTNEED and page fault
recipients (to): ["akpm@linux-foundation.org" "mike.kravetz@oracle.com" "riel@surriel.com"]
recipients (cc): []
crash: general protection fault in hugetlb_vma_lock_write
general protection fault, probably for non-canonical address 0xdffffc000000001d: 0000 [#1] PREEMPT SMP KASAN
KASAN: null-ptr-deref in range [0x00000000000000e8-0x00000000000000ef]
CPU: 0 PID: 15438 Comm: syz-executor.0 Not tainted 6.6.0-rc4-syzkaller #0
Hardware name: QEMU Standard PC (i440FX + PIIX, 1996), BIOS 1.13.0-1ubuntu1.1 04/01/2014
RIP: 0010:__lock_acquire+0xe2e/0x5de0 mnt/sdd/author/meerkat/wd-bisector-5/kernel/kernel/locking/lockdep.c:5004
Code: 00 00 3b 05 54 b1 81 0f 0f 87 d9 08 00 00 41 bf 01 00 00 00 e9 85 00 00 00 48 b8 00 00 00 00 00 fc ff df 4c 89 ea 48 c1 ea 03 <80> 3c 02 00 0f 85 dd 36 00 00 49 81 7d 00 a0 19 40 90 0f 84 a2 f2
RSP: 0018:ffffc900027ef780 EFLAGS: 00010006
RAX: dffffc0000000000 RBX: 1ffff920004fdf21 RCX: 0000000000000000
RDX: 000000000000001d RSI: 0000000000000000 RDI: 00000000000000e8
RBP: 0000000000000000 R08: 0000000000000001 R09: 0000000000000000
R10: 0000000000000001 R11: 0000000000000001 R12: ffff888019ae0000
R13: 00000000000000e8 R14: 0000000000000000 R15: 0000000000000000
FS:  0000000000000000(0000) GS:ffff888063a00000(0000) knlGS:0000000000000000
CS:  0010 DS: 0000 ES: 0000 CR0: 0000000080050033
CR2: 0000000020000000 CR3: 0000000107b9e000 CR4: 0000000000350ef0
DR0: 0000000000000000 DR1: 0000000000000000 DR2: 0000000000000000
DR3: 0000000000000000 DR6: 00000000fffe0ff0 DR7: 0000000000000400
Call Trace:
 <TASK>
 lock_acquire mnt/sdd/author/meerkat/wd-bisector-5/kernel/kernel/locking/lockdep.c:5753 [inline]
 lock_acquire+0x1b1/0x520 mnt/sdd/author/meerkat/wd-bisector-5/kernel/kernel/locking/lockdep.c:5718
 down_write+0x92/0x200 mnt/sdd/author/meerkat/wd-bisector-5/kernel/kernel/locking/rwsem.c:1573
 hugetlb_vma_lock_write mnt/sdd/author/meerkat/wd-bisector-5/kernel/mm/hugetlb.c:300 [inline]
 hugetlb_vma_lock_write+0xae/0x100 mnt/sdd/author/meerkat/wd-bisector-5/kernel/mm/hugetlb.c:291
 __hugetlb_zap_begin+0x1eb/0x2b0 mnt/sdd/author/meerkat/wd-bisector-5/kernel/mm/hugetlb.c:5447
 hugetlb_zap_begin mnt/sdd/author/meerkat/wd-bisector-5/kernel/./include/linux/hugetlb.h:258 [inline]
 unmap_vmas+0x2b3/0x430 mnt/sdd/author/meerkat/wd-bisector-5/kernel/mm/memory.c:1733
 exit_mmap+0x1a0/0xa60 mnt/sdd/author/meerkat/wd-bisector-5/kernel/mm/mmap.c:3230
 __mmput+0x128/0x4c0 mnt/sdd/author/meerkat/wd-bisector-5/kernel/kernel/fork.c:1349
 mmput+0x60/0x70 mnt/sdd/author/meerkat/wd-bisector-5/kernel/kernel/fork.c:1371
 exit_mm mnt/sdd/author/meerkat/wd-bisector-5/kernel/kernel/exit.c:567 [inline]
 do_exit+0x99d/0x2990 mnt/sdd/author/meerkat/wd-bisector-5/kernel/kernel/exit.c:861
 __do_sys_exit mnt/sdd/author/meerkat/wd-bisector-5/kernel/kernel/exit.c:991 [inline]
 __se_sys_exit mnt/sdd/author/meerkat/wd-bisector-5/kernel/kernel/exit.c:989 [inline]
 __x64_sys_exit+0x42/0x50 mnt/sdd/author/meerkat/wd-bisector-5/kernel/kernel/exit.c:989
 do_syscall_x64 mnt/sdd/author/meerkat/wd-bisector-5/kernel/arch/x86/entry/common.c:50 [inline]
 do_syscall_64+0x39/0xb0 mnt/sdd/author/meerkat/wd-bisector-5/kernel/arch/x86/entry/common.c:80
 entry_SYSCALL_64_after_hwframe+0x63/0xcd
RIP: 0033:0x7fd6f9691ced
Code: Unable to access opcode bytes at 0x7fd6f9691cc3.
RSP: 002b:00007fd6fa3dcb88 EFLAGS: 00000246 ORIG_RAX: 000000000000003c
RAX: ffffffffffffffda RBX: 00007fd6f97cbf80 RCX: 00007fd6f9691ced
RDX: 00007fd6f96bf03f RSI: 0000000000000000 RDI: 0000000000000000
RBP: 00007fd6f96ef4ac R08: 0000000000000000 R09: 0000000000000000
R10: 0000000000000000 R11: 0000000000000246 R12: 0000000000000000
R13: 00007fff6d71c6ef R14: 00007fff6d71c880 R15: 00007fd6fa3dcd80
 </TASK>
Modules linked in:
---[ end trace 0000000000000000 ]---
RIP: 0010:__lock_acquire+0xe2e/0x5de0 mnt/sdd/author/meerkat/wd-bisector-5/kernel/kernel/locking/lockdep.c:5004
Code: 00 00 3b 05 54 b1 81 0f 0f 87 d9 08 00 00 41 bf 01 00 00 00 e9 85 00 00 00 48 b8 00 00 00 00 00 fc ff df 4c 89 ea 48 c1 ea 03 <80> 3c 02 00 0f 85 dd 36 00 00 49 81 7d 00 a0 19 40 90 0f 84 a2 f2
RSP: 0018:ffffc900027ef780 EFLAGS: 00010006
RAX: dffffc0000000000 RBX: 1ffff920004fdf21 RCX: 0000000000000000
RDX: 000000000000001d RSI: 0000000000000000 RDI: 00000000000000e8
RBP: 0000000000000000 R08: 0000000000000001 R09: 0000000000000000
R10: 0000000000000001 R11: 0000000000000001 R12: ffff888019ae0000
R13: 00000000000000e8 R14: 0000000000000000 R15: 0000000000000000
FS:  0000000000000000(0000) GS:ffff888063a00000(0000) knlGS:0000000000000000
CS:  0010 DS: 0000 ES: 0000 CR0: 0000000080050033
CR2: 0000000020000000 CR3: 0000000107b9e000 CR4: 0000000000350ef0
DR0: 0000000000000000 DR1: 0000000000000000 DR2: 0000000000000000
DR3: 0000000000000000 DR6: 00000000fffe0ff0 DR7: 0000000000000400
----------------
Code disassembly (best guess):
   0:	00 00                	add    %al,(%rax)
   2:	3b 05 54 b1 81 0f    	cmp    0xf81b154(%rip),%eax        # 0xf81b15c
   8:	0f 87 d9 08 00 00    	ja     0x8e7
   e:	41 bf 01 00 00 00    	mov    $0x1,%r15d
  14:	e9 85 00 00 00       	jmpq   0x9e
  19:	48 b8 00 00 00 00 00 	movabs $0xdffffc0000000000,%rax
  20:	fc ff df
  23:	4c 89 ea             	mov    %r13,%rdx
  26:	48 c1 ea 03          	shr    $0x3,%rdx
* 2a:	80 3c 02 00          	cmpb   $0x0,(%rdx,%rax,1) <-- trapping instruction
  2e:	0f 85 dd 36 00 00    	jne    0x3711
  34:	49 81 7d 00 a0 19 40 	cmpq   $0xffffffff904019a0,0x0(%r13)
  3b:	90
  3c:	0f                   	.byte 0xf
  3d:	84                   	.byte 0x84
  3e:	a2                   	.byte 0xa2
  3f:	f2                   	repnz


general protection fault in hugetlb_vma_lock_write
2820b0f09be99f6406784b03a22dfc83e858449d
