server starts bisection 2025-04-04 13:16:15.924749845 -0700 PDT m=+3.892767980
bisecting cause commit starting from 9d004b2f4fea97cde123e7f1939b80e77bf2e695
building syzkaller on HEAD
ensuring issue is reproducible on original commit 9d004b2f4fea97cde123e7f1939b80e77bf2e695

testing commit 9d004b2f4fea97cde123e7f1939b80e77bf2e695 gcc
compiler: gcc (Ubuntu 10.5.0-1ubuntu1~20.04) 10.5.0, GNU ld (GNU Binutils for Ubuntu) 2.34
kernel signature: 783271d0aa81e9b15046c05d8a8a95b80dbc35198610efea7c4308201086374a
run #0: INFO: task hung in scan_update_work
run #1: OK
run #2: OK
run #3: OK
run #4: OK
run #5: OK
run #6: OK
run #7: OK
representative crash: INFO: task hung in scan_update_work, types: [HANG]
picked [v5.18 v5.17 v5.16 v5.14 v5.12 v5.10 v5.8 v5.6 v5.3 v5.0 v4.19] out of 21 release tags
testing release v5.18
testing commit 4b0986a3613c92f4ec1bdc7f60ec66fea135991f gcc
compiler: gcc (Ubuntu 10.5.0-1ubuntu1~20.04) 10.5.0, GNU ld (GNU Binutils for Ubuntu) 2.34
kernel signature: af721b1d83bdbf5b2886b83b80a0ddd86026c2889087f21c44d3cb7e31daa7c8
run #0: crashed: INFO: task hung in scan_update_work
run #1: OK
run #2: OK
run #3: OK
run #4: OK
run #5: OK
run #6: OK
run #7: OK
representative crash: INFO: task hung in scan_update_work, types: [HANG]
testing release v5.17
testing commit f443e374ae131c168a065ea1748feac6b2e76613 gcc
compiler: gcc (Ubuntu 10.5.0-1ubuntu1~20.04) 10.5.0, GNU ld (GNU Binutils for Ubuntu) 2.34
kernel signature: 23c6c46d5642c2ed8f0063cc7888f401e473ba1758d2d98f8a9cca6c000b4d67
run #0: crashed: INFO: task hung in rfkill_unregister
run #1: OK
run #2: OK
run #3: OK
run #4: OK
run #5: OK
run #6: OK
run #7: OK
representative crash: INFO: task hung in rfkill_unregister, types: [HANG]
testing release v5.16
testing commit df0cc57e057f18e44dac8e6c18aba47ab53202f9 gcc
compiler: gcc (Ubuntu 10.5.0-1ubuntu1~20.04) 10.5.0, GNU ld (GNU Binutils for Ubuntu) 2.34
kernel signature: 1a9dbf4fd7a0503f750ad4910625d24bd87c8391581b7066882911f83c9b9025
all runs: OK
false negative chance: 0.000
# git bisect start f443e374ae131c168a065ea1748feac6b2e76613 df0cc57e057f18e44dac8e6c18aba47ab53202f9
Bisecting: 6995 revisions left to test after this (roughly 13 steps)
[22ef12195e13c5ec58320dbf99ef85059a2c0820] Merge tag 'staging-5.17-rc1' of git://git.kernel.org/pub/scm/linux/kernel/git/gregkh/staging

testing commit 22ef12195e13c5ec58320dbf99ef85059a2c0820 gcc
compiler: gcc (Ubuntu 10.5.0-1ubuntu1~20.04) 10.5.0, GNU ld (GNU Binutils for Ubuntu) 2.34
kernel signature: 28a181e736a5ae8bd2ef778f528b932c1dfd35a21ed6d2ee8c16279b8be24e6c
all runs: OK
false negative chance: 0.000
# git bisect good 22ef12195e13c5ec58320dbf99ef85059a2c0820
Bisecting: 3520 revisions left to test after this (roughly 12 steps)
[51620150ca2df62f8ea472ab8962be590c957288] cifs: update internal module number

testing commit 51620150ca2df62f8ea472ab8962be590c957288 gcc
compiler: gcc (Ubuntu 10.5.0-1ubuntu1~20.04) 10.5.0, GNU ld (GNU Binutils for Ubuntu) 2.34
kernel signature: 525c77532737a257a11463c67f9472116b74e25551b9328c6f5c6ec04b442d47
all runs: OK
false negative chance: 0.000
# git bisect good 51620150ca2df62f8ea472ab8962be590c957288
Bisecting: 1760 revisions left to test after this (roughly 11 steps)
[d1ca60efc53d665cf89ed847a14a510a81770b81] netfilter: ctnetlink: disable helper autoassign

testing commit d1ca60efc53d665cf89ed847a14a510a81770b81 gcc
compiler: gcc (Ubuntu 10.5.0-1ubuntu1~20.04) 10.5.0, GNU ld (GNU Binutils for Ubuntu) 2.34
kernel signature: d6f80c333ea64f598512dbb3d8d9d0e26abdcd87d7cf9232e63432630ac9333d
all runs: OK
false negative chance: 0.000
# git bisect good d1ca60efc53d665cf89ed847a14a510a81770b81
Bisecting: 881 revisions left to test after this (roughly 10 steps)
[3a5f59b17f9dec448976626663a73841460d7ab4] Merge tag 'io_uring-5.17-2022-02-23' of git://git.kernel.dk/linux-block

testing commit 3a5f59b17f9dec448976626663a73841460d7ab4 gcc
compiler: gcc (Ubuntu 10.5.0-1ubuntu1~20.04) 10.5.0, GNU ld (GNU Binutils for Ubuntu) 2.34
kernel signature: 600a3ec96244afee690d57e765388300536d82c6c3714c67629374a9ef51af24
all runs: OK
false negative chance: 0.000
# git bisect good 3a5f59b17f9dec448976626663a73841460d7ab4
Bisecting: 416 revisions left to test after this (roughly 9 steps)
[b949c21fc23ecaccef89582f251e6281cad1f81e] Merge tag 'net-5.17-rc7' of git://git.kernel.org/pub/scm/linux/kernel/git/netdev/net

testing commit b949c21fc23ecaccef89582f251e6281cad1f81e gcc
compiler: gcc (Ubuntu 10.5.0-1ubuntu1~20.04) 10.5.0, GNU ld (GNU Binutils for Ubuntu) 2.34
kernel signature: 425b27c8b673c5d205e116125b312f141e1eb9a2344048b703832d9c0f54515e
all runs: OK
false negative chance: 0.000
# git bisect good b949c21fc23ecaccef89582f251e6281cad1f81e
Bisecting: 218 revisions left to test after this (roughly 8 steps)
[fe673d3f5bf1fc50cdc4b754831db91a2ec10126] mm: gup: make fault_in_safe_writeable() use fixup_user_fault()

testing commit fe673d3f5bf1fc50cdc4b754831db91a2ec10126 gcc
compiler: gcc (Ubuntu 10.5.0-1ubuntu1~20.04) 10.5.0, GNU ld (GNU Binutils for Ubuntu) 2.34
kernel signature: 87547c191f14ecaaa8ddb551b4765476bab4213c0f0d57fa8ac80812c93bc541
all runs: OK
false negative chance: 0.000
# git bisect good fe673d3f5bf1fc50cdc4b754831db91a2ec10126
Bisecting: 108 revisions left to test after this (roughly 7 steps)
[1bbdcbaeda445c76ca05f5d822c26fc7268c1ff5] Merge tag 'wireless-2022-03-16' of git://git.kernel.org/pub/scm/linux/kernel/git/wireless/wireless

testing commit 1bbdcbaeda445c76ca05f5d822c26fc7268c1ff5 gcc
compiler: gcc (Ubuntu 10.5.0-1ubuntu1~20.04) 10.5.0, GNU ld (GNU Binutils for Ubuntu) 2.34
kernel signature: cd395c3222ae8021d87ff05c93c74e79d4d560b60597d31186387c7b4bb0297a
run #0: crashed: WARNING: ODEBUG bug in netdev_run_todo
run #1: OK
run #2: OK
run #3: OK
run #4: OK
run #5: OK
run #6: OK
run #7: OK
representative crash: WARNING: ODEBUG bug in netdev_run_todo, types: [WARNING]
# git bisect bad 1bbdcbaeda445c76ca05f5d822c26fc7268c1ff5
Bisecting: 54 revisions left to test after this (roughly 6 steps)
[e0ae713023a9d09d6e1b454bdc8e8c1dd32c586e] xdp: xdp_mem_allocator can be NULL in trace_mem_connect().

testing commit e0ae713023a9d09d6e1b454bdc8e8c1dd32c586e gcc
compiler: gcc (Ubuntu 10.5.0-1ubuntu1~20.04) 10.5.0, GNU ld (GNU Binutils for Ubuntu) 2.34
kernel signature: b877a26785139781327c49eb5227b4c762e690470c22466c2abf33d230fb069b
all runs: OK
false negative chance: 0.004
# git bisect good e0ae713023a9d09d6e1b454bdc8e8c1dd32c586e
Bisecting: 27 revisions left to test after this (roughly 5 steps)
[7e606edaa0a2e443fba9ae324efc1ba7834a0e7d] Merge tag 'mvebu-fixes-5.17-2' of git://git.kernel.org/pub/scm/linux/kernel/git/gclement/mvebu into arm/fixes

testing commit 7e606edaa0a2e443fba9ae324efc1ba7834a0e7d gcc
compiler: gcc (Ubuntu 10.5.0-1ubuntu1~20.04) 10.5.0, GNU ld (GNU Binutils for Ubuntu) 2.34
kernel signature: 218985098fd9fa6fbfeb510922c21134b99cb6ee648fc9916409a68e64024750
all runs: OK
false negative chance: 0.004
# git bisect good 7e606edaa0a2e443fba9ae324efc1ba7834a0e7d
Bisecting: 14 revisions left to test after this (roughly 4 steps)
[837d9e49402eaf030db55a49f96fc51d73b4b441] net: phy: marvell: Fix invalid comparison in the resume and suspend functions

testing commit 837d9e49402eaf030db55a49f96fc51d73b4b441 gcc
compiler: gcc (Ubuntu 10.5.0-1ubuntu1~20.04) 10.5.0, GNU ld (GNU Binutils for Ubuntu) 2.34
kernel signature: 75d765fc061663b6f5b9bf7484fdba6ac3fa357dcaf7ef264d5bdc56aaff58f6
all runs: OK
false negative chance: 0.004
# git bisect good 837d9e49402eaf030db55a49f96fc51d73b4b441
Bisecting: 7 revisions left to test after this (roughly 3 steps)
[0f74b29a4f53627376cf5a5fb7b0b3fa748a0b2b] atm: eni: Add check for dma_map_single

testing commit 0f74b29a4f53627376cf5a5fb7b0b3fa748a0b2b gcc
compiler: gcc (Ubuntu 10.5.0-1ubuntu1~20.04) 10.5.0, GNU ld (GNU Binutils for Ubuntu) 2.34
kernel signature: 5ac2bb0bf0038bac48d9fd76efc52c8aa10bb60193e51e9c3063c392976b6614
all runs: OK
false negative chance: 0.004
# git bisect good 0f74b29a4f53627376cf5a5fb7b0b3fa748a0b2b
Bisecting: 3 revisions left to test after this (roughly 2 steps)
[16b2dd8cdf6f4e0597c34899de74b4d012b78188] iavf: Fix double free in iavf_reset_task

testing commit 16b2dd8cdf6f4e0597c34899de74b4d012b78188 gcc
compiler: gcc (Ubuntu 10.5.0-1ubuntu1~20.04) 10.5.0, GNU ld (GNU Binutils for Ubuntu) 2.34
kernel signature: d4ccd3b695050c5fc38c8f59eafd9ba62f6105e6f32b8239f138640d3c328605
all runs: OK
false negative chance: 0.004
# git bisect good 16b2dd8cdf6f4e0597c34899de74b4d012b78188
Bisecting: 1 revision left to test after this (roughly 1 step)
[dea2d93a8ba437460c5f21bdfa4ada57fa1d2179] Merge branch '100GbE' of git://git.kernel.org/pub/scm/linux/kernel/git/tnguy/net-queue

testing commit dea2d93a8ba437460c5f21bdfa4ada57fa1d2179 gcc
compiler: gcc (Ubuntu 10.5.0-1ubuntu1~20.04) 10.5.0, GNU ld (GNU Binutils for Ubuntu) 2.34
kernel signature: 2586d80591ce5998546efa7ef82304f9fd8c064aa24031a9c1d6b01022215fff
all runs: OK
false negative chance: 0.004
# git bisect good dea2d93a8ba437460c5f21bdfa4ada57fa1d2179
Bisecting: 0 revisions left to test after this (roughly 0 steps)
[45b4eb7ee6aa1a55a50831b328aa5f46ac3a7187] Revert "ath10k: drop beacon and probe response which leak from other channel"

testing commit 45b4eb7ee6aa1a55a50831b328aa5f46ac3a7187 gcc
compiler: gcc (Ubuntu 10.5.0-1ubuntu1~20.04) 10.5.0, GNU ld (GNU Binutils for Ubuntu) 2.34
kernel signature: 15b307e90442c2860bf0268841e5193b699651f1a27dbd71534e8385fd2f50c7
all runs: OK
false negative chance: 0.004
# git bisect good 45b4eb7ee6aa1a55a50831b328aa5f46ac3a7187
1bbdcbaeda445c76ca05f5d822c26fc7268c1ff5 is the first bad commit
commit 1bbdcbaeda445c76ca05f5d822c26fc7268c1ff5
Merge: dea2d93a8ba4 45b4eb7ee6aa
Author: Jakub Kicinski <kuba@kernel.org>
Date:   Wed Mar 16 11:08:09 2022 -0700

    Merge tag 'wireless-2022-03-16' of git://git.kernel.org/pub/scm/linux/kernel/git/wireless/wireless
    
    Kalle Valo says:
    
    ====================
    wireless fixes for v5.17
    
    Third set of fixes for v5.17. We have only one revert to fix an ath10k
    regression.
    
    * tag 'wireless-2022-03-16' of git://git.kernel.org/pub/scm/linux/kernel/git/wireless/wireless:
      Revert "ath10k: drop beacon and probe response which leak from other channel"
    ====================
    
    Link: https://lore.kernel.org/r/20220316130249.B5225C340EC@smtp.kernel.org
    Signed-off-by: Jakub Kicinski <kuba@kernel.org>

 drivers/net/wireless/ath/ath10k/wmi.c | 33 +--------------------------------
 1 file changed, 1 insertion(+), 32 deletions(-)

accumulated error probability: 0.03
reproducer is flaky (0.50 repro chance estimate)
revisions tested: 18, total time: 6h42m53.478786787s (build: 4h1m41.961545564s, test: 2h21m10.825852215s)
first bad commit: 1bbdcbaeda445c76ca05f5d822c26fc7268c1ff5 Merge tag 'wireless-2022-03-16' of git://git.kernel.org/pub/scm/linux/kernel/git/wireless/wireless
recipients (to): ["kuba@kernel.org"]
recipients (cc): []
crash: WARNING: ODEBUG bug in netdev_run_todo
------------[ cut here ]------------
ODEBUG: free active (active state 0) object type: timer_list hint: delayed_work_timer_fn+0x0/0x90 mnt/sdd/author/SyzInspector/wd-bisector-4/kernel/./include/linux/find.h:144
WARNING: CPU: 1 PID: 11 at lib/debugobjects.c:505 debug_print_object+0x16e/0x250 mnt/sdd/author/SyzInspector/wd-bisector-4/kernel/lib/debugobjects.c:505
Modules linked in:
CPU: 1 PID: 11 Comm: kworker/u4:1 Not tainted 5.17.0-rc7-syzkaller #0
Hardware name: QEMU Standard PC (i440FX + PIIX, 1996), BIOS 1.13.0-1ubuntu1.1 04/01/2014
Workqueue: netns cleanup_net
RIP: 0010:debug_print_object+0x16e/0x250 mnt/sdd/author/SyzInspector/wd-bisector-4/kernel/lib/debugobjects.c:505
Code: ff df 48 89 fa 48 c1 ea 03 80 3c 02 00 0f 85 af 00 00 00 48 8b 14 dd 40 b2 06 8a 4c 89 ee 48 c7 c7 40 a6 06 8a e8 eb 05 24 05 <0f> 0b 83 05 55 d1 aa 09 01 48 83 c4 18 5b 5d 41 5c 41 5d 41 5e c3
RSP: 0018:ffffc900006e7848 EFLAGS: 00010286
RAX: 0000000000000000 RBX: 0000000000000003 RCX: 0000000000000000
RDX: ffff88801162ba00 RSI: ffffffff815f9968 RDI: fffff520000dcefb
RBP: 0000000000000001 R08: 0000000000000000 R09: 0000000000000000
R10: ffffffff815f3ffe R11: 0000000000000000 R12: ffffffff89ae35e0
R13: ffffffff8a06ab20 R14: ffffffff8166b550 R15: dffffc0000000000
FS:  0000000000000000(0000) GS:ffff888135c00000(0000) knlGS:0000000000000000
CS:  0010 DS: 0000 ES: 0000 CR0: 0000000080050033
CR2: 00007f42c669c000 CR3: 000000010cc5b000 CR4: 0000000000350ee0
DR0: 0000000000000000 DR1: 0000000000000000 DR2: 0000000000000000
DR3: 0000000000000000 DR6: 00000000fffe0ff0 DR7: 0000000000000400
Call Trace:
 <TASK>
 __debug_check_no_obj_freed mnt/sdd/author/SyzInspector/wd-bisector-4/kernel/lib/debugobjects.c:992 [inline]
 debug_check_no_obj_freed+0x301/0x420 mnt/sdd/author/SyzInspector/wd-bisector-4/kernel/lib/debugobjects.c:1023
 slab_free_hook mnt/sdd/author/SyzInspector/wd-bisector-4/kernel/mm/slub.c:1703 [inline]
 slab_free_freelist_hook+0xeb/0x1c0 mnt/sdd/author/SyzInspector/wd-bisector-4/kernel/mm/slub.c:1754
 slab_free mnt/sdd/author/SyzInspector/wd-bisector-4/kernel/mm/slub.c:3509 [inline]
 kfree+0xd0/0x390 mnt/sdd/author/SyzInspector/wd-bisector-4/kernel/mm/slub.c:4562
 kvfree+0x42/0x50 mnt/sdd/author/SyzInspector/wd-bisector-4/kernel/mm/util.c:615
 device_release+0x9f/0x240 mnt/sdd/author/SyzInspector/wd-bisector-4/kernel/drivers/base/core.c:2229
 kobject_cleanup mnt/sdd/author/SyzInspector/wd-bisector-4/kernel/lib/kobject.c:705 [inline]
 kobject_release mnt/sdd/author/SyzInspector/wd-bisector-4/kernel/lib/kobject.c:736 [inline]
 kref_put mnt/sdd/author/SyzInspector/wd-bisector-4/kernel/./include/linux/kref.h:65 [inline]
 kobject_put+0x1c8/0x540 mnt/sdd/author/SyzInspector/wd-bisector-4/kernel/lib/kobject.c:753
 netdev_run_todo+0x776/0xa90 mnt/sdd/author/SyzInspector/wd-bisector-4/kernel/net/core/dev.c:9973
 default_device_exit_batch+0x2ff/0x3c0 mnt/sdd/author/SyzInspector/wd-bisector-4/kernel/net/core/dev.c:10946
 ops_exit_list+0x125/0x170 mnt/sdd/author/SyzInspector/wd-bisector-4/kernel/net/core/net_namespace.c:173
 cleanup_net+0x4ea/0xb00 mnt/sdd/author/SyzInspector/wd-bisector-4/kernel/net/core/net_namespace.c:597
 process_one_work+0x9ac/0x1650 mnt/sdd/author/SyzInspector/wd-bisector-4/kernel/kernel/workqueue.c:2307
 worker_thread+0x657/0x1110 mnt/sdd/author/SyzInspector/wd-bisector-4/kernel/kernel/workqueue.c:2454
 kthread+0x2e9/0x3a0 mnt/sdd/author/SyzInspector/wd-bisector-4/kernel/kernel/kthread.c:377
 ret_from_fork+0x1f/0x30 mnt/sdd/author/SyzInspector/wd-bisector-4/kernel/arch/x86/entry/entry_64.S:295
 </TASK>


INFO: task hung in hci_dev_close_sync
1bbdcbaeda445c76ca05f5d822c26fc7268c1ff5
