server starts bisection 2025-04-02 14:39:07.703308589 -0700 PDT m=+73.414143879
bisecting cause commit starting from e8bc52cb8df80c31c73c726ab58ea9746e9ff734
building syzkaller on HEAD
ensuring issue is reproducible on original commit e8bc52cb8df80c31c73c726ab58ea9746e9ff734

testing commit e8bc52cb8df80c31c73c726ab58ea9746e9ff734 gcc
compiler: gcc (Ubuntu 10.5.0-1ubuntu1~20.04) 10.5.0, GNU ld (GNU Binutils for Ubuntu) 2.34
kernel signature: 04eadbb2343b9f8df5944e962ec1309317ca103959bab28abc8a92438ee55955
all runs: crashed: WARNING in ovs_dp_cmd_new
representative crash: WARNING in ovs_dp_cmd_new, types: [WARNING]
picked [v6.0 v5.19 v5.18 v5.16 v5.14 v5.12 v5.10 v5.8 v5.5 v5.2 v4.20 v4.19] out of 23 release tags
testing release v6.0
testing commit 4fe89d07dcc2804c8b562f6c7896a45643d34b2f gcc
compiler: gcc (Ubuntu 10.5.0-1ubuntu1~20.04) 10.5.0, GNU ld (GNU Binutils for Ubuntu) 2.34
kernel signature: acecfd62c8cb6505b9ce2ba0061cf9e9e6c44232f5193bc536c5005b9716d2cb
all runs: crashed: WARNING in ovs_dp_cmd_new
representative crash: WARNING in ovs_dp_cmd_new, types: [WARNING]
testing release v5.19
testing commit 3d7cb6b04c3f3115719235cc6866b10326de34cd gcc
compiler: gcc (Ubuntu 10.5.0-1ubuntu1~20.04) 10.5.0, GNU ld (GNU Binutils for Ubuntu) 2.34
kernel signature: 9c7c869a8e1a7bee7fc0fefb5c16017baef7fb5ccc07d91dba5f1454b2a37975
all runs: OK
false negative chance: 0.000
# git bisect start 4fe89d07dcc2804c8b562f6c7896a45643d34b2f 3d7cb6b04c3f3115719235cc6866b10326de34cd
Bisecting: 8384 revisions left to test after this (roughly 13 steps)
[78acd4ca433425e6dd4032cfc2156c60e34931f2] usb: cdns3: Don't use priv_dev uninitialized in cdns3_gadget_ep_enable()

testing commit 78acd4ca433425e6dd4032cfc2156c60e34931f2 gcc
compiler: gcc (Ubuntu 10.5.0-1ubuntu1~20.04) 10.5.0, GNU ld (GNU Binutils for Ubuntu) 2.34
kernel signature: fee5a249536c5cddb5b214eafaab8c0e1d53bb1dde5ccfda8837759e59fbef0b
2025/04/02 15:59:40 failed to symbolize report: failed to run ["scripts/get_maintainer.pl" "--git-min-percent=15" "-f" "mnt/sdd/author/SyzInspector/wd-bisector-4/kernel/lib/debugobjects.c"]: exit status 2
scripts/get_maintainer.pl: file 'mnt/sdd/author/SyzInspector/wd-bisector-4/kernel/lib/debugobjects.c' not found
2025/04/02 15:59:42 failed to symbolize report: failed to run ["scripts/get_maintainer.pl" "--git-min-percent=15" "-f" "mnt/sdd/author/SyzInspector/wd-bisector-4/kernel/lib/debugobjects.c"]: exit status 2
scripts/get_maintainer.pl: file 'mnt/sdd/author/SyzInspector/wd-bisector-4/kernel/lib/debugobjects.c' not found
2025/04/02 15:59:42 failed to symbolize report: failed to run ["scripts/get_maintainer.pl" "--git-min-percent=15" "-f" "mnt/sdd/author/SyzInspector/wd-bisector-4/kernel/lib/debugobjects.c"]: exit status 2
scripts/get_maintainer.pl: file 'mnt/sdd/author/SyzInspector/wd-bisector-4/kernel/lib/debugobjects.c' not found
2025/04/02 15:59:43 failed to symbolize report: failed to run ["scripts/get_maintainer.pl" "--git-min-percent=15" "-f" "mnt/sdd/author/SyzInspector/wd-bisector-4/kernel/lib/debugobjects.c"]: exit status 2
scripts/get_maintainer.pl: file 'mnt/sdd/author/SyzInspector/wd-bisector-4/kernel/lib/debugobjects.c' not found
2025/04/02 15:59:43 failed to symbolize report: failed to run ["scripts/get_maintainer.pl" "--git-min-percent=15" "-f" "mnt/sdd/author/SyzInspector/wd-bisector-4/kernel/lib/debugobjects.c"]: exit status 2
scripts/get_maintainer.pl: file 'mnt/sdd/author/SyzInspector/wd-bisector-4/kernel/lib/debugobjects.c' not found
2025/04/02 15:59:44 failed to symbolize report: failed to run ["scripts/get_maintainer.pl" "--git-min-percent=15" "-f" "mnt/sdd/author/SyzInspector/wd-bisector-4/kernel/lib/debugobjects.c"]: exit status 2
scripts/get_maintainer.pl: file 'mnt/sdd/author/SyzInspector/wd-bisector-4/kernel/lib/debugobjects.c' not found
2025/04/02 15:59:44 failed to symbolize report: failed to run ["scripts/get_maintainer.pl" "--git-min-percent=15" "-f" "mnt/sdd/author/SyzInspector/wd-bisector-4/kernel/lib/debugobjects.c"]: exit status 2
scripts/get_maintainer.pl: file 'mnt/sdd/author/SyzInspector/wd-bisector-4/kernel/lib/debugobjects.c' not found
2025/04/02 15:59:44 failed to symbolize report: failed to run ["scripts/get_maintainer.pl" "--git-min-percent=15" "-f" "mnt/sdd/author/SyzInspector/wd-bisector-4/kernel/lib/debugobjects.c"]: exit status 2
scripts/get_maintainer.pl: file 'mnt/sdd/author/SyzInspector/wd-bisector-4/kernel/lib/debugobjects.c' not found
all runs: basic kernel testing failed: WARNING: ODEBUG bug in mgmt_index_removed
unable to determine the verdict: 0 good runs (wanted 4), for bad wanted 4 in total, got 0
# git bisect skip 78acd4ca433425e6dd4032cfc2156c60e34931f2
Bisecting: 8384 revisions left to test after this (roughly 13 steps)
[586fb2641371cf7f23a401ab1c79b17e3ec457f4] ASoC: soc-core.c: fixup snd_soc_of_get_dai_link_cpus()

testing commit 586fb2641371cf7f23a401ab1c79b17e3ec457f4 gcc
compiler: gcc (Ubuntu 10.5.0-1ubuntu1~20.04) 10.5.0, GNU ld (GNU Binutils for Ubuntu) 2.34
kernel signature: 8abc89a5bd28a700e58d8be60300260c2db8da1fc6b3e490c1238c64436236a3
2025/04/02 16:17:52 failed to symbolize report: failed to run ["scripts/get_maintainer.pl" "--git-min-percent=15" "-f" "mnt/sdd/author/SyzInspector/wd-bisector-4/kernel/kernel/sched/core.c"]: exit status 2
scripts/get_maintainer.pl: file 'mnt/sdd/author/SyzInspector/wd-bisector-4/kernel/kernel/sched/core.c' not found
run #0: OK
run #1: OK
run #2: OK
run #3: OK
run #4: OK
run #5: OK
run #6: OK
run #7: boot failed: INFO: task hung in add_early_randomness
false negative chance: 0.000
# git bisect good 586fb2641371cf7f23a401ab1c79b17e3ec457f4
Bisecting: 8057 revisions left to test after this (roughly 13 steps)
[cfeafd94668910334a77c9437a18212baf9f5610] Merge tag 'driver-core-6.0-rc1' of git://git.kernel.org/pub/scm/linux/kernel/git/gregkh/driver-core

testing commit cfeafd94668910334a77c9437a18212baf9f5610 gcc
compiler: gcc (Ubuntu 10.5.0-1ubuntu1~20.04) 10.5.0, GNU ld (GNU Binutils for Ubuntu) 2.34
kernel signature: 57cab047166df04969ee9a963ce42d70a34bac0a6bd8a02200fe6d5eea3ed56c
2025/04/02 16:35:30 failed to symbolize report: failed to run ["scripts/get_maintainer.pl" "--git-min-percent=15" "-f" "mnt/sdd/author/SyzInspector/wd-bisector-4/kernel/lib/debugobjects.c"]: exit status 2
scripts/get_maintainer.pl: file 'mnt/sdd/author/SyzInspector/wd-bisector-4/kernel/lib/debugobjects.c' not found
2025/04/02 16:35:31 failed to symbolize report: failed to run ["scripts/get_maintainer.pl" "--git-min-percent=15" "-f" "mnt/sdd/author/SyzInspector/wd-bisector-4/kernel/lib/debugobjects.c"]: exit status 2
scripts/get_maintainer.pl: file 'mnt/sdd/author/SyzInspector/wd-bisector-4/kernel/lib/debugobjects.c' not found
2025/04/02 16:35:32 failed to symbolize report: failed to run ["scripts/get_maintainer.pl" "--git-min-percent=15" "-f" "mnt/sdd/author/SyzInspector/wd-bisector-4/kernel/lib/debugobjects.c"]: exit status 2
scripts/get_maintainer.pl: file 'mnt/sdd/author/SyzInspector/wd-bisector-4/kernel/lib/debugobjects.c' not found
2025/04/02 16:35:32 failed to symbolize report: failed to run ["scripts/get_maintainer.pl" "--git-min-percent=15" "-f" "mnt/sdd/author/SyzInspector/wd-bisector-4/kernel/lib/debugobjects.c"]: exit status 2
scripts/get_maintainer.pl: file 'mnt/sdd/author/SyzInspector/wd-bisector-4/kernel/lib/debugobjects.c' not found
2025/04/02 16:35:32 failed to symbolize report: failed to run ["scripts/get_maintainer.pl" "--git-min-percent=15" "-f" "mnt/sdd/author/SyzInspector/wd-bisector-4/kernel/lib/debugobjects.c"]: exit status 2
scripts/get_maintainer.pl: file 'mnt/sdd/author/SyzInspector/wd-bisector-4/kernel/lib/debugobjects.c' not found
2025/04/02 16:35:33 failed to symbolize report: failed to run ["scripts/get_maintainer.pl" "--git-min-percent=15" "-f" "mnt/sdd/author/SyzInspector/wd-bisector-4/kernel/lib/debugobjects.c"]: exit status 2
scripts/get_maintainer.pl: file 'mnt/sdd/author/SyzInspector/wd-bisector-4/kernel/lib/debugobjects.c' not found
2025/04/02 16:35:33 failed to symbolize report: failed to run ["scripts/get_maintainer.pl" "--git-min-percent=15" "-f" "mnt/sdd/author/SyzInspector/wd-bisector-4/kernel/lib/debugobjects.c"]: exit status 2
scripts/get_maintainer.pl: file 'mnt/sdd/author/SyzInspector/wd-bisector-4/kernel/lib/debugobjects.c' not found
2025/04/02 16:35:33 failed to symbolize report: failed to run ["scripts/get_maintainer.pl" "--git-min-percent=15" "-f" "mnt/sdd/author/SyzInspector/wd-bisector-4/kernel/lib/debugobjects.c"]: exit status 2
scripts/get_maintainer.pl: file 'mnt/sdd/author/SyzInspector/wd-bisector-4/kernel/lib/debugobjects.c' not found
all runs: basic kernel testing failed: WARNING: ODEBUG bug in mgmt_index_removed
unable to determine the verdict: 0 good runs (wanted 4), for bad wanted 4 in total, got 0
# git bisect skip cfeafd94668910334a77c9437a18212baf9f5610
Bisecting: 8057 revisions left to test after this (roughly 13 steps)
[332f1795ca202489c665a75e62e18ff6284de077] Bluetooth: L2CAP: Fix l2cap_global_chan_by_psm regression

testing commit 332f1795ca202489c665a75e62e18ff6284de077 gcc
compiler: gcc (Ubuntu 10.5.0-1ubuntu1~20.04) 10.5.0, GNU ld (GNU Binutils for Ubuntu) 2.34
kernel signature: eb497de630f12b36521bd829d069e64ebf2b21f305c8c93e2bc3175f0f70d46c
2025/04/02 16:55:43 failed to symbolize report: failed to run ["scripts/get_maintainer.pl" "--git-min-percent=15" "-f" "mnt/sdd/author/SyzInspector/wd-bisector-4/kernel/lib/debugobjects.c"]: exit status 2
scripts/get_maintainer.pl: file 'mnt/sdd/author/SyzInspector/wd-bisector-4/kernel/lib/debugobjects.c' not found
2025/04/02 16:55:43 failed to symbolize report: failed to run ["scripts/get_maintainer.pl" "--git-min-percent=15" "-f" "mnt/sdd/author/SyzInspector/wd-bisector-4/kernel/lib/debugobjects.c"]: exit status 2
scripts/get_maintainer.pl: file 'mnt/sdd/author/SyzInspector/wd-bisector-4/kernel/lib/debugobjects.c' not found
2025/04/02 16:55:43 failed to symbolize report: failed to run ["scripts/get_maintainer.pl" "--git-min-percent=15" "-f" "mnt/sdd/author/SyzInspector/wd-bisector-4/kernel/lib/debugobjects.c"]: exit status 2
scripts/get_maintainer.pl: file 'mnt/sdd/author/SyzInspector/wd-bisector-4/kernel/lib/debugobjects.c' not found
2025/04/02 16:55:43 failed to symbolize report: failed to run ["scripts/get_maintainer.pl" "--git-min-percent=15" "-f" "mnt/sdd/author/SyzInspector/wd-bisector-4/kernel/lib/debugobjects.c"]: exit status 2
scripts/get_maintainer.pl: file 'mnt/sdd/author/SyzInspector/wd-bisector-4/kernel/lib/debugobjects.c' not found
2025/04/02 16:55:43 failed to symbolize report: failed to run ["scripts/get_maintainer.pl" "--git-min-percent=15" "-f" "mnt/sdd/author/SyzInspector/wd-bisector-4/kernel/lib/debugobjects.c"]: exit status 2
scripts/get_maintainer.pl: file 'mnt/sdd/author/SyzInspector/wd-bisector-4/kernel/lib/debugobjects.c' not found
2025/04/02 16:55:44 failed to symbolize report: failed to run ["scripts/get_maintainer.pl" "--git-min-percent=15" "-f" "mnt/sdd/author/SyzInspector/wd-bisector-4/kernel/lib/debugobjects.c"]: exit status 2
scripts/get_maintainer.pl: file 'mnt/sdd/author/SyzInspector/wd-bisector-4/kernel/lib/debugobjects.c' not found
2025/04/02 16:55:44 failed to symbolize report: failed to run ["scripts/get_maintainer.pl" "--git-min-percent=15" "-f" "mnt/sdd/author/SyzInspector/wd-bisector-4/kernel/lib/debugobjects.c"]: exit status 2
scripts/get_maintainer.pl: file 'mnt/sdd/author/SyzInspector/wd-bisector-4/kernel/lib/debugobjects.c' not found
2025/04/02 16:55:44 failed to symbolize report: failed to run ["scripts/get_maintainer.pl" "--git-min-percent=15" "-f" "mnt/sdd/author/SyzInspector/wd-bisector-4/kernel/lib/debugobjects.c"]: exit status 2
scripts/get_maintainer.pl: file 'mnt/sdd/author/SyzInspector/wd-bisector-4/kernel/lib/debugobjects.c' not found
all runs: basic kernel testing failed: WARNING: ODEBUG bug in mgmt_index_removed
unable to determine the verdict: 0 good runs (wanted 4), for bad wanted 4 in total, got 0
# git bisect skip 332f1795ca202489c665a75e62e18ff6284de077
Bisecting: 8057 revisions left to test after this (roughly 13 steps)
[4a445b7b6178d88956192c0202463063f52e8667] btrfs: don't merge pages into bio if their page offset is not contiguous

testing commit 4a445b7b6178d88956192c0202463063f52e8667 gcc
compiler: gcc (Ubuntu 10.5.0-1ubuntu1~20.04) 10.5.0, GNU ld (GNU Binutils for Ubuntu) 2.34
kernel signature: 838feb898501cbb8084fa53d3b2b2bf9e3fae68707a06bd5ce93723ae4e54932
2025/04/02 17:04:51 failed to symbolize report: failed to run ["scripts/get_maintainer.pl" "--git-min-percent=15" "-f" "mnt/sdd/author/SyzInspector/wd-bisector-4/kernel/lib/dump_stack.c"]: exit status 2
scripts/get_maintainer.pl: file 'mnt/sdd/author/SyzInspector/wd-bisector-4/kernel/lib/dump_stack.c' not found
2025/04/02 17:04:52 failed to symbolize report: failed to run ["scripts/get_maintainer.pl" "--git-min-percent=15" "-f" "mnt/sdd/author/SyzInspector/wd-bisector-4/kernel/lib/dump_stack.c"]: exit status 2
scripts/get_maintainer.pl: file 'mnt/sdd/author/SyzInspector/wd-bisector-4/kernel/lib/dump_stack.c' not found
2025/04/02 17:04:56 failed to symbolize report: failed to run ["scripts/get_maintainer.pl" "--git-min-percent=15" "-f" "mnt/sdd/author/SyzInspector/wd-bisector-4/kernel/lib/dump_stack.c"]: exit status 2
scripts/get_maintainer.pl: file 'mnt/sdd/author/SyzInspector/wd-bisector-4/kernel/lib/dump_stack.c' not found
2025/04/02 17:04:56 failed to symbolize report: failed to run ["scripts/get_maintainer.pl" "--git-min-percent=15" "-f" "mnt/sdd/author/SyzInspector/wd-bisector-4/kernel/lib/dump_stack.c"]: exit status 2
scripts/get_maintainer.pl: file 'mnt/sdd/author/SyzInspector/wd-bisector-4/kernel/lib/dump_stack.c' not found
2025/04/02 17:04:56 failed to symbolize report: failed to run ["scripts/get_maintainer.pl" "--git-min-percent=15" "-f" "mnt/sdd/author/SyzInspector/wd-bisector-4/kernel/lib/dump_stack.c"]: exit status 2
scripts/get_maintainer.pl: file 'mnt/sdd/author/SyzInspector/wd-bisector-4/kernel/lib/dump_stack.c' not found
2025/04/02 17:04:56 failed to symbolize report: failed to run ["scripts/get_maintainer.pl" "--git-min-percent=15" "-f" "mnt/sdd/author/SyzInspector/wd-bisector-4/kernel/lib/dump_stack.c"]: exit status 2
scripts/get_maintainer.pl: file 'mnt/sdd/author/SyzInspector/wd-bisector-4/kernel/lib/dump_stack.c' not found
2025/04/02 17:04:57 failed to symbolize report: failed to run ["scripts/get_maintainer.pl" "--git-min-percent=15" "-f" "mnt/sdd/author/SyzInspector/wd-bisector-4/kernel/lib/dump_stack.c"]: exit status 2
scripts/get_maintainer.pl: file 'mnt/sdd/author/SyzInspector/wd-bisector-4/kernel/lib/dump_stack.c' not found
2025/04/02 17:04:58 failed to symbolize report: failed to run ["scripts/get_maintainer.pl" "--git-min-percent=15" "-f" "mnt/sdd/author/SyzInspector/wd-bisector-4/kernel/lib/dump_stack.c"]: exit status 2
scripts/get_maintainer.pl: file 'mnt/sdd/author/SyzInspector/wd-bisector-4/kernel/lib/dump_stack.c' not found
all runs: basic kernel testing failed: INFO: trying to register non-static key in ieee80211_do_stop
unable to determine the verdict: 0 good runs (wanted 4), for bad wanted 4 in total, got 0
# git bisect skip 4a445b7b6178d88956192c0202463063f52e8667
Bisecting: 8057 revisions left to test after this (roughly 13 steps)
[4c66a326b5ab784cddd72de07ac5b6210e9e1b06] Revert "block: freeze the queue earlier in del_gendisk"

testing commit 4c66a326b5ab784cddd72de07ac5b6210e9e1b06 gcc
compiler: gcc (Ubuntu 10.5.0-1ubuntu1~20.04) 10.5.0, GNU ld (GNU Binutils for Ubuntu) 2.34
kernel signature: 58f4b2e114bf02a9646d7d04b8386ede0067166dbc08a069730528246d4fe016
2025/04/02 17:26:15 failed to symbolize report: failed to run ["scripts/get_maintainer.pl" "--git-min-percent=15" "-f" "mnt/sdd/author/SyzInspector/wd-bisector-4/kernel/lib/debugobjects.c"]: exit status 2
scripts/get_maintainer.pl: file 'mnt/sdd/author/SyzInspector/wd-bisector-4/kernel/lib/debugobjects.c' not found
2025/04/02 17:26:16 failed to symbolize report: failed to run ["scripts/get_maintainer.pl" "--git-min-percent=15" "-f" "mnt/sdd/author/SyzInspector/wd-bisector-4/kernel/lib/debugobjects.c"]: exit status 2
scripts/get_maintainer.pl: file 'mnt/sdd/author/SyzInspector/wd-bisector-4/kernel/lib/debugobjects.c' not found
2025/04/02 17:26:16 failed to symbolize report: failed to run ["scripts/get_maintainer.pl" "--git-min-percent=15" "-f" "mnt/sdd/author/SyzInspector/wd-bisector-4/kernel/lib/debugobjects.c"]: exit status 2
scripts/get_maintainer.pl: file 'mnt/sdd/author/SyzInspector/wd-bisector-4/kernel/lib/debugobjects.c' not found
2025/04/02 17:26:16 failed to symbolize report: failed to run ["scripts/get_maintainer.pl" "--git-min-percent=15" "-f" "mnt/sdd/author/SyzInspector/wd-bisector-4/kernel/lib/debugobjects.c"]: exit status 2
scripts/get_maintainer.pl: file 'mnt/sdd/author/SyzInspector/wd-bisector-4/kernel/lib/debugobjects.c' not found
2025/04/02 17:26:16 failed to symbolize report: failed to run ["scripts/get_maintainer.pl" "--git-min-percent=15" "-f" "mnt/sdd/author/SyzInspector/wd-bisector-4/kernel/lib/debugobjects.c"]: exit status 2
scripts/get_maintainer.pl: file 'mnt/sdd/author/SyzInspector/wd-bisector-4/kernel/lib/debugobjects.c' not found
2025/04/02 17:26:16 failed to symbolize report: failed to run ["scripts/get_maintainer.pl" "--git-min-percent=15" "-f" "mnt/sdd/author/SyzInspector/wd-bisector-4/kernel/lib/debugobjects.c"]: exit status 2
scripts/get_maintainer.pl: file 'mnt/sdd/author/SyzInspector/wd-bisector-4/kernel/lib/debugobjects.c' not found
2025/04/02 17:26:16 failed to symbolize report: failed to run ["scripts/get_maintainer.pl" "--git-min-percent=15" "-f" "mnt/sdd/author/SyzInspector/wd-bisector-4/kernel/lib/debugobjects.c"]: exit status 2
scripts/get_maintainer.pl: file 'mnt/sdd/author/SyzInspector/wd-bisector-4/kernel/lib/debugobjects.c' not found
2025/04/02 17:26:16 failed to symbolize report: failed to run ["scripts/get_maintainer.pl" "--git-min-percent=15" "-f" "mnt/sdd/author/SyzInspector/wd-bisector-4/kernel/lib/debugobjects.c"]: exit status 2
scripts/get_maintainer.pl: file 'mnt/sdd/author/SyzInspector/wd-bisector-4/kernel/lib/debugobjects.c' not found
all runs: basic kernel testing failed: WARNING: ODEBUG bug in mgmt_index_removed
unable to determine the verdict: 0 good runs (wanted 4), for bad wanted 4 in total, got 0
# git bisect skip 4c66a326b5ab784cddd72de07ac5b6210e9e1b06
Bisecting: 8057 revisions left to test after this (roughly 13 steps)
[95cc637c1afd83fb7dd3d7c8a53710488f4caf9c] ALSA: timer: Use deferred fasync helper

testing commit 95cc637c1afd83fb7dd3d7c8a53710488f4caf9c gcc
compiler: gcc (Ubuntu 10.5.0-1ubuntu1~20.04) 10.5.0, GNU ld (GNU Binutils for Ubuntu) 2.34
kernel signature: 311eae787fea8f0125b1b7f1331dc3d23debaef78a701aa9359ee3a611686c42
all runs: OK
false negative chance: 0.000
# git bisect good 95cc637c1afd83fb7dd3d7c8a53710488f4caf9c
Bisecting: 7915 revisions left to test after this (roughly 13 steps)
[228dfe98a313f6b6bff5da8b2c5e650e297ebf1a] Merge tag 'char-misc-6.0-rc1' of git://git.kernel.org/pub/scm/linux/kernel/git/gregkh/char-misc

testing commit 228dfe98a313f6b6bff5da8b2c5e650e297ebf1a gcc
compiler: gcc (Ubuntu 10.5.0-1ubuntu1~20.04) 10.5.0, GNU ld (GNU Binutils for Ubuntu) 2.34
kernel signature: 7c6dd89b1490bbb1d74b5f54ac3f6081fc3e6cd71edb1783710cfcee1cc5270d
2025/04/02 18:01:09 failed to symbolize report: failed to run ["scripts/get_maintainer.pl" "--git-min-percent=15" "-f" "mnt/sdd/author/SyzInspector/wd-bisector-4/kernel/lib/debugobjects.c"]: exit status 2
scripts/get_maintainer.pl: file 'mnt/sdd/author/SyzInspector/wd-bisector-4/kernel/lib/debugobjects.c' not found
2025/04/02 18:01:10 failed to symbolize report: failed to run ["scripts/get_maintainer.pl" "--git-min-percent=15" "-f" "mnt/sdd/author/SyzInspector/wd-bisector-4/kernel/lib/debugobjects.c"]: exit status 2
scripts/get_maintainer.pl: file 'mnt/sdd/author/SyzInspector/wd-bisector-4/kernel/lib/debugobjects.c' not found
2025/04/02 18:01:10 failed to symbolize report: failed to run ["scripts/get_maintainer.pl" "--git-min-percent=15" "-f" "mnt/sdd/author/SyzInspector/wd-bisector-4/kernel/lib/debugobjects.c"]: exit status 2
scripts/get_maintainer.pl: file 'mnt/sdd/author/SyzInspector/wd-bisector-4/kernel/lib/debugobjects.c' not found
2025/04/02 18:01:10 failed to symbolize report: failed to run ["scripts/get_maintainer.pl" "--git-min-percent=15" "-f" "mnt/sdd/author/SyzInspector/wd-bisector-4/kernel/lib/debugobjects.c"]: exit status 2
scripts/get_maintainer.pl: file 'mnt/sdd/author/SyzInspector/wd-bisector-4/kernel/lib/debugobjects.c' not found
2025/04/02 18:01:10 failed to symbolize report: failed to run ["scripts/get_maintainer.pl" "--git-min-percent=15" "-f" "mnt/sdd/author/SyzInspector/wd-bisector-4/kernel/lib/debugobjects.c"]: exit status 2
scripts/get_maintainer.pl: file 'mnt/sdd/author/SyzInspector/wd-bisector-4/kernel/lib/debugobjects.c' not found
2025/04/02 18:01:11 failed to symbolize report: failed to run ["scripts/get_maintainer.pl" "--git-min-percent=15" "-f" "mnt/sdd/author/SyzInspector/wd-bisector-4/kernel/lib/debugobjects.c"]: exit status 2
scripts/get_maintainer.pl: file 'mnt/sdd/author/SyzInspector/wd-bisector-4/kernel/lib/debugobjects.c' not found
2025/04/02 18:01:11 failed to symbolize report: failed to run ["scripts/get_maintainer.pl" "--git-min-percent=15" "-f" "mnt/sdd/author/SyzInspector/wd-bisector-4/kernel/lib/debugobjects.c"]: exit status 2
scripts/get_maintainer.pl: file 'mnt/sdd/author/SyzInspector/wd-bisector-4/kernel/lib/debugobjects.c' not found
2025/04/02 18:01:13 failed to symbolize report: failed to run ["scripts/get_maintainer.pl" "--git-min-percent=15" "-f" "mnt/sdd/author/SyzInspector/wd-bisector-4/kernel/lib/debugobjects.c"]: exit status 2
scripts/get_maintainer.pl: file 'mnt/sdd/author/SyzInspector/wd-bisector-4/kernel/lib/debugobjects.c' not found
all runs: basic kernel testing failed: WARNING: ODEBUG bug in mgmt_index_removed
unable to determine the verdict: 0 good runs (wanted 4), for bad wanted 4 in total, got 0
# git bisect skip 228dfe98a313f6b6bff5da8b2c5e650e297ebf1a
Bisecting: 7915 revisions left to test after this (roughly 13 steps)
[139f39be42fcd5f88366d6f3e6f05002027d3514] tty/vt: consolemap: use ARRAY_SIZE(), part II.

testing commit 139f39be42fcd5f88366d6f3e6f05002027d3514 gcc
compiler: gcc (Ubuntu 10.5.0-1ubuntu1~20.04) 10.5.0, GNU ld (GNU Binutils for Ubuntu) 2.34
kernel signature: 55f0c51d863cbb6bbbf01e5c576b86d8c116c7ef3665bc58f3f68fd3fb62833d
all runs: OK
false negative chance: 0.000
# git bisect good 139f39be42fcd5f88366d6f3e6f05002027d3514
Bisecting: 7819 revisions left to test after this (roughly 13 steps)
[f7907f6db81ca08f4f8bd9245b8fecd49bc82f6e] drm/amd/display: Drop FPU flags from dcn32 Makefile

testing commit f7907f6db81ca08f4f8bd9245b8fecd49bc82f6e gcc
compiler: gcc (Ubuntu 10.5.0-1ubuntu1~20.04) 10.5.0, GNU ld (GNU Binutils for Ubuntu) 2.34
kernel signature: f32db5fae2b1063d45158e2244463ce42265c3d929ee541b85f40ecaf2b59edb
all runs: OK
false negative chance: 0.000
# git bisect good f7907f6db81ca08f4f8bd9245b8fecd49bc82f6e
Bisecting: 7328 revisions left to test after this (roughly 13 steps)
[f0a892f599c46af673e47418c47c15e69a7b67f4] drm/amd/amdgpu: fix build failure due to implicit declaration

testing commit f0a892f599c46af673e47418c47c15e69a7b67f4 gcc
compiler: gcc (Ubuntu 10.5.0-1ubuntu1~20.04) 10.5.0, GNU ld (GNU Binutils for Ubuntu) 2.34
kernel signature: 9d23ccc9273d16ce3ead465525bdab0e4e9d362831662c3de5e0b1f6dafaf279
2025/04/02 19:11:34 failed to symbolize report: failed to run ["scripts/get_maintainer.pl" "--git-min-percent=15" "-f" "mnt/sdd/author/SyzInspector/wd-bisector-4/kernel/lib/debugobjects.c"]: exit status 2
scripts/get_maintainer.pl: file 'mnt/sdd/author/SyzInspector/wd-bisector-4/kernel/lib/debugobjects.c' not found
2025/04/02 19:11:35 failed to symbolize report: failed to run ["scripts/get_maintainer.pl" "--git-min-percent=15" "-f" "mnt/sdd/author/SyzInspector/wd-bisector-4/kernel/lib/debugobjects.c"]: exit status 2
scripts/get_maintainer.pl: file 'mnt/sdd/author/SyzInspector/wd-bisector-4/kernel/lib/debugobjects.c' not found
2025/04/02 19:11:36 failed to symbolize report: failed to run ["scripts/get_maintainer.pl" "--git-min-percent=15" "-f" "mnt/sdd/author/SyzInspector/wd-bisector-4/kernel/lib/debugobjects.c"]: exit status 2
scripts/get_maintainer.pl: file 'mnt/sdd/author/SyzInspector/wd-bisector-4/kernel/lib/debugobjects.c' not found
2025/04/02 19:11:36 failed to symbolize report: failed to run ["scripts/get_maintainer.pl" "--git-min-percent=15" "-f" "mnt/sdd/author/SyzInspector/wd-bisector-4/kernel/lib/debugobjects.c"]: exit status 2
scripts/get_maintainer.pl: file 'mnt/sdd/author/SyzInspector/wd-bisector-4/kernel/lib/debugobjects.c' not found
2025/04/02 19:11:37 failed to symbolize report: failed to run ["scripts/get_maintainer.pl" "--git-min-percent=15" "-f" "mnt/sdd/author/SyzInspector/wd-bisector-4/kernel/lib/debugobjects.c"]: exit status 2
scripts/get_maintainer.pl: file 'mnt/sdd/author/SyzInspector/wd-bisector-4/kernel/lib/debugobjects.c' not found
2025/04/02 19:11:37 failed to symbolize report: failed to run ["scripts/get_maintainer.pl" "--git-min-percent=15" "-f" "mnt/sdd/author/SyzInspector/wd-bisector-4/kernel/lib/debugobjects.c"]: exit status 2
scripts/get_maintainer.pl: file 'mnt/sdd/author/SyzInspector/wd-bisector-4/kernel/lib/debugobjects.c' not found
2025/04/02 19:11:38 failed to symbolize report: failed to run ["scripts/get_maintainer.pl" "--git-min-percent=15" "-f" "mnt/sdd/author/SyzInspector/wd-bisector-4/kernel/lib/debugobjects.c"]: exit status 2
scripts/get_maintainer.pl: file 'mnt/sdd/author/SyzInspector/wd-bisector-4/kernel/lib/debugobjects.c' not found
2025/04/02 19:11:41 failed to symbolize report: failed to run ["scripts/get_maintainer.pl" "--git-min-percent=15" "-f" "mnt/sdd/author/SyzInspector/wd-bisector-4/kernel/lib/debugobjects.c"]: exit status 2
scripts/get_maintainer.pl: file 'mnt/sdd/author/SyzInspector/wd-bisector-4/kernel/lib/debugobjects.c' not found
all runs: basic kernel testing failed: WARNING: ODEBUG bug in mgmt_index_removed
unable to determine the verdict: 0 good runs (wanted 4), for bad wanted 4 in total, got 0
# git bisect skip f0a892f599c46af673e47418c47c15e69a7b67f4
Bisecting: 7328 revisions left to test after this (roughly 13 steps)
[67d7d8ad99beccd9fe92d585b87f1760dc9018e3] ext4: fix use-after-free in ext4_xattr_set_entry

testing commit 67d7d8ad99beccd9fe92d585b87f1760dc9018e3 gcc
compiler: gcc (Ubuntu 10.5.0-1ubuntu1~20.04) 10.5.0, GNU ld (GNU Binutils for Ubuntu) 2.34
kernel signature: 7210f9bab114d7c06e8dd22a0c5370dd0f98353f4831fa813713afccdcc04099
all runs: OK
false negative chance: 0.000
# git bisect good 67d7d8ad99beccd9fe92d585b87f1760dc9018e3
Bisecting: 7316 revisions left to test after this (roughly 13 steps)
[362b8c16f8fc73fddfe4bded25055fa0c9e2bf1e] blk-cgroup: factor out blkcg_iostat_update()

testing commit 362b8c16f8fc73fddfe4bded25055fa0c9e2bf1e gcc
compiler: gcc (Ubuntu 10.5.0-1ubuntu1~20.04) 10.5.0, GNU ld (GNU Binutils for Ubuntu) 2.34
kernel signature: eddee5b5cfc6a2d6a22a290f8923175e291fda6028e6670082c1bfdf6708ec7e
all runs: OK
false negative chance: 0.000
# git bisect good 362b8c16f8fc73fddfe4bded25055fa0c9e2bf1e
Bisecting: 7316 revisions left to test after this (roughly 13 steps)
[1713dceb5753b1e71a86d0ce467993405cedb0e6] media: atomisp: fix -Wdangling-pointer warning

testing commit 1713dceb5753b1e71a86d0ce467993405cedb0e6 gcc
compiler: gcc (Ubuntu 10.5.0-1ubuntu1~20.04) 10.5.0, GNU ld (GNU Binutils for Ubuntu) 2.34
kernel signature: e61da2127f41f1f03abbb1239267446e933adfc3d42af3be5f7614cfcbec8b8b
all runs: OK
false negative chance: 0.000
# git bisect good 1713dceb5753b1e71a86d0ce467993405cedb0e6
Bisecting: 7316 revisions left to test after this (roughly 13 steps)
[3c6e24b65b53ce22c30492b9f239853b01d2d5b2] ASoC: mediatek: mt8186: add machine driver with mt6366, da7219 and max98357

testing commit 3c6e24b65b53ce22c30492b9f239853b01d2d5b2 gcc
compiler: gcc (Ubuntu 10.5.0-1ubuntu1~20.04) 10.5.0, GNU ld (GNU Binutils for Ubuntu) 2.34
kernel signature: 5c5021c32ae67aa799b31b8ac59be366cfc171c42c2dd25fd9567bfdba422a63
2025/04/02 20:40:34 failed to symbolize report: failed to run ["scripts/get_maintainer.pl" "--git-min-percent=15" "-f" "mnt/sdd/author/SyzInspector/wd-bisector-4/kernel/kernel/sched/core.c"]: exit status 2
scripts/get_maintainer.pl: file 'mnt/sdd/author/SyzInspector/wd-bisector-4/kernel/kernel/sched/core.c' not found
2025/04/02 20:40:35 failed to symbolize report: failed to run ["scripts/get_maintainer.pl" "--git-min-percent=15" "-f" "mnt/sdd/author/SyzInspector/wd-bisector-4/kernel/kernel/sched/core.c"]: exit status 2
scripts/get_maintainer.pl: file 'mnt/sdd/author/SyzInspector/wd-bisector-4/kernel/kernel/sched/core.c' not found
run #0: OK
run #1: OK
run #2: OK
run #3: OK
run #4: OK
run #5: OK
run #6: boot failed: INFO: task hung in add_early_randomness
run #7: boot failed: INFO: task hung in add_early_randomness
false negative chance: 0.000
# git bisect good 3c6e24b65b53ce22c30492b9f239853b01d2d5b2
Bisecting: 7280 revisions left to test after this (roughly 13 steps)
[a95115c407a26c55fdeb6750811a0252687b331e] sfc: plumb ef100 representor stats

testing commit a95115c407a26c55fdeb6750811a0252687b331e gcc
compiler: gcc (Ubuntu 10.5.0-1ubuntu1~20.04) 10.5.0, GNU ld (GNU Binutils for Ubuntu) 2.34
kernel signature: 8d0b5740082c0faa44bbd3a8dbd479ed90bc77a32341f0e6a443db0edbe3a45a
2025/04/02 20:54:33 failed to symbolize report: failed to run ["scripts/get_maintainer.pl" "--git-min-percent=15" "-f" "mnt/sdd/author/SyzInspector/wd-bisector-4/kernel/lib/debugobjects.c"]: exit status 2
scripts/get_maintainer.pl: file 'mnt/sdd/author/SyzInspector/wd-bisector-4/kernel/lib/debugobjects.c' not found
2025/04/02 20:54:33 failed to symbolize report: failed to run ["scripts/get_maintainer.pl" "--git-min-percent=15" "-f" "mnt/sdd/author/SyzInspector/wd-bisector-4/kernel/lib/debugobjects.c"]: exit status 2
scripts/get_maintainer.pl: file 'mnt/sdd/author/SyzInspector/wd-bisector-4/kernel/lib/debugobjects.c' not found
2025/04/02 20:54:34 failed to symbolize report: failed to run ["scripts/get_maintainer.pl" "--git-min-percent=15" "-f" "mnt/sdd/author/SyzInspector/wd-bisector-4/kernel/lib/debugobjects.c"]: exit status 2
scripts/get_maintainer.pl: file 'mnt/sdd/author/SyzInspector/wd-bisector-4/kernel/lib/debugobjects.c' not found
2025/04/02 20:54:35 failed to symbolize report: failed to run ["scripts/get_maintainer.pl" "--git-min-percent=15" "-f" "mnt/sdd/author/SyzInspector/wd-bisector-4/kernel/lib/debugobjects.c"]: exit status 2
scripts/get_maintainer.pl: file 'mnt/sdd/author/SyzInspector/wd-bisector-4/kernel/lib/debugobjects.c' not found
2025/04/02 20:54:35 failed to symbolize report: failed to run ["scripts/get_maintainer.pl" "--git-min-percent=15" "-f" "mnt/sdd/author/SyzInspector/wd-bisector-4/kernel/lib/debugobjects.c"]: exit status 2
scripts/get_maintainer.pl: file 'mnt/sdd/author/SyzInspector/wd-bisector-4/kernel/lib/debugobjects.c' not found
2025/04/02 20:54:37 failed to symbolize report: failed to run ["scripts/get_maintainer.pl" "--git-min-percent=15" "-f" "mnt/sdd/author/SyzInspector/wd-bisector-4/kernel/lib/debugobjects.c"]: exit status 2
scripts/get_maintainer.pl: file 'mnt/sdd/author/SyzInspector/wd-bisector-4/kernel/lib/debugobjects.c' not found
2025/04/02 20:54:37 failed to symbolize report: failed to run ["scripts/get_maintainer.pl" "--git-min-percent=15" "-f" "mnt/sdd/author/SyzInspector/wd-bisector-4/kernel/lib/debugobjects.c"]: exit status 2
scripts/get_maintainer.pl: file 'mnt/sdd/author/SyzInspector/wd-bisector-4/kernel/lib/debugobjects.c' not found
2025/04/02 20:54:38 failed to symbolize report: failed to run ["scripts/get_maintainer.pl" "--git-min-percent=15" "-f" "mnt/sdd/author/SyzInspector/wd-bisector-4/kernel/lib/debugobjects.c"]: exit status 2
scripts/get_maintainer.pl: file 'mnt/sdd/author/SyzInspector/wd-bisector-4/kernel/lib/debugobjects.c' not found
all runs: basic kernel testing failed: WARNING: ODEBUG bug in mgmt_index_removed
unable to determine the verdict: 0 good runs (wanted 4), for bad wanted 4 in total, got 0
# git bisect skip a95115c407a26c55fdeb6750811a0252687b331e
Bisecting: 7280 revisions left to test after this (roughly 13 steps)
[0bb8f125253843c445b70fc6ef4fb21aa7b25625] crypto: testmgr - fix version number of RSA tests

testing commit 0bb8f125253843c445b70fc6ef4fb21aa7b25625 gcc
compiler: gcc (Ubuntu 10.5.0-1ubuntu1~20.04) 10.5.0, GNU ld (GNU Binutils for Ubuntu) 2.34
kernel signature: a6333b808c487435a18cba3e7096542552cff43c33c99f180589096a515f0838
2025/04/02 21:17:55 failed to symbolize report: failed to run ["scripts/get_maintainer.pl" "--git-min-percent=15" "-f" "mnt/sdd/author/SyzInspector/wd-bisector-4/kernel/kernel/sched/core.c"]: exit status 2
scripts/get_maintainer.pl: file 'mnt/sdd/author/SyzInspector/wd-bisector-4/kernel/kernel/sched/core.c' not found
2025/04/02 21:17:55 failed to symbolize report: failed to run ["scripts/get_maintainer.pl" "--git-min-percent=15" "-f" "mnt/sdd/author/SyzInspector/wd-bisector-4/kernel/kernel/sched/core.c"]: exit status 2
scripts/get_maintainer.pl: file 'mnt/sdd/author/SyzInspector/wd-bisector-4/kernel/kernel/sched/core.c' not found
run #0: OK
run #1: OK
run #2: OK
run #3: OK
run #4: OK
run #5: boot failed: can't ssh into the instance
run #6: boot failed: INFO: task hung in add_early_randomness
run #7: boot failed: INFO: task hung in add_early_randomness
false negative chance: 0.000
# git bisect good 0bb8f125253843c445b70fc6ef4fb21aa7b25625
Bisecting: 7280 revisions left to test after this (roughly 13 steps)
[93a3c0d4e8bfbb15145e5dd7da68a3de4b904aba] thunderbolt: Check router generation before connecting xHCI

testing commit 93a3c0d4e8bfbb15145e5dd7da68a3de4b904aba gcc
compiler: gcc (Ubuntu 10.5.0-1ubuntu1~20.04) 10.5.0, GNU ld (GNU Binutils for Ubuntu) 2.34
kernel signature: ee18b5b775a0649439cfe837b5d54e2f89a715ff01e1a8718d8cbd4c7412d807
all runs: crashed: WARNING in ovs_dp_cmd_new
representative crash: WARNING in ovs_dp_cmd_new, types: [WARNING]
# git bisect bad 93a3c0d4e8bfbb15145e5dd7da68a3de4b904aba
Bisecting: 6219 revisions left to test after this (roughly 13 steps)
[798cd57cd5f871452461746032cf6ee50b0fd69a] drm/amd/display: restore code for plane with no modifiers

testing commit 798cd57cd5f871452461746032cf6ee50b0fd69a gcc
compiler: gcc (Ubuntu 10.5.0-1ubuntu1~20.04) 10.5.0, GNU ld (GNU Binutils for Ubuntu) 2.34
kernel signature: 641570a2228d5099b11d0a0221774c4673a25f695c03e62078070f0390abae2b
2025/04/02 21:50:43 failed to symbolize report: failed to run ["scripts/get_maintainer.pl" "--git-min-percent=15" "-f" "mnt/sdd/author/SyzInspector/wd-bisector-4/kernel/lib/debugobjects.c"]: exit status 2
scripts/get_maintainer.pl: file 'mnt/sdd/author/SyzInspector/wd-bisector-4/kernel/lib/debugobjects.c' not found
2025/04/02 21:50:44 failed to symbolize report: failed to run ["scripts/get_maintainer.pl" "--git-min-percent=15" "-f" "mnt/sdd/author/SyzInspector/wd-bisector-4/kernel/lib/debugobjects.c"]: exit status 2
scripts/get_maintainer.pl: file 'mnt/sdd/author/SyzInspector/wd-bisector-4/kernel/lib/debugobjects.c' not found
2025/04/02 21:50:44 failed to symbolize report: failed to run ["scripts/get_maintainer.pl" "--git-min-percent=15" "-f" "mnt/sdd/author/SyzInspector/wd-bisector-4/kernel/lib/debugobjects.c"]: exit status 2
scripts/get_maintainer.pl: file 'mnt/sdd/author/SyzInspector/wd-bisector-4/kernel/lib/debugobjects.c' not found
2025/04/02 21:50:45 failed to symbolize report: failed to run ["scripts/get_maintainer.pl" "--git-min-percent=15" "-f" "mnt/sdd/author/SyzInspector/wd-bisector-4/kernel/lib/debugobjects.c"]: exit status 2
scripts/get_maintainer.pl: file 'mnt/sdd/author/SyzInspector/wd-bisector-4/kernel/lib/debugobjects.c' not found
2025/04/02 21:50:46 failed to symbolize report: failed to run ["scripts/get_maintainer.pl" "--git-min-percent=15" "-f" "mnt/sdd/author/SyzInspector/wd-bisector-4/kernel/lib/debugobjects.c"]: exit status 2
scripts/get_maintainer.pl: file 'mnt/sdd/author/SyzInspector/wd-bisector-4/kernel/lib/debugobjects.c' not found
2025/04/02 21:50:46 failed to symbolize report: failed to run ["scripts/get_maintainer.pl" "--git-min-percent=15" "-f" "mnt/sdd/author/SyzInspector/wd-bisector-4/kernel/lib/debugobjects.c"]: exit status 2
scripts/get_maintainer.pl: file 'mnt/sdd/author/SyzInspector/wd-bisector-4/kernel/lib/debugobjects.c' not found
2025/04/02 21:50:46 failed to symbolize report: failed to run ["scripts/get_maintainer.pl" "--git-min-percent=15" "-f" "mnt/sdd/author/SyzInspector/wd-bisector-4/kernel/lib/debugobjects.c"]: exit status 2
scripts/get_maintainer.pl: file 'mnt/sdd/author/SyzInspector/wd-bisector-4/kernel/lib/debugobjects.c' not found
2025/04/02 21:50:47 failed to symbolize report: failed to run ["scripts/get_maintainer.pl" "--git-min-percent=15" "-f" "mnt/sdd/author/SyzInspector/wd-bisector-4/kernel/lib/debugobjects.c"]: exit status 2
scripts/get_maintainer.pl: file 'mnt/sdd/author/SyzInspector/wd-bisector-4/kernel/lib/debugobjects.c' not found
all runs: basic kernel testing failed: WARNING: ODEBUG bug in mgmt_index_removed
unable to determine the verdict: 0 good runs (wanted 4), for bad wanted 4 in total, got 0
# git bisect skip 798cd57cd5f871452461746032cf6ee50b0fd69a
Bisecting: 6219 revisions left to test after this (roughly 13 steps)
[69bb5fa73d2b2d7fa3ccbf16e8b1f055fe2d26b1] sfc: ef100 representor RX NAPI poll

testing commit 69bb5fa73d2b2d7fa3ccbf16e8b1f055fe2d26b1 gcc
compiler: gcc (Ubuntu 10.5.0-1ubuntu1~20.04) 10.5.0, GNU ld (GNU Binutils for Ubuntu) 2.34
kernel signature: c493360b5fd07f13d822400c7e2aae13902f8a2ecbadc9de06140ac0d420a700
2025/04/02 22:03:51 failed to symbolize report: failed to run ["scripts/get_maintainer.pl" "--git-min-percent=15" "-f" "mnt/sdd/author/SyzInspector/wd-bisector-4/kernel/lib/debugobjects.c"]: exit status 2
scripts/get_maintainer.pl: file 'mnt/sdd/author/SyzInspector/wd-bisector-4/kernel/lib/debugobjects.c' not found
2025/04/02 22:03:54 failed to symbolize report: failed to run ["scripts/get_maintainer.pl" "--git-min-percent=15" "-f" "mnt/sdd/author/SyzInspector/wd-bisector-4/kernel/lib/debugobjects.c"]: exit status 2
scripts/get_maintainer.pl: file 'mnt/sdd/author/SyzInspector/wd-bisector-4/kernel/lib/debugobjects.c' not found
2025/04/02 22:03:54 failed to symbolize report: failed to run ["scripts/get_maintainer.pl" "--git-min-percent=15" "-f" "mnt/sdd/author/SyzInspector/wd-bisector-4/kernel/lib/debugobjects.c"]: exit status 2
scripts/get_maintainer.pl: file 'mnt/sdd/author/SyzInspector/wd-bisector-4/kernel/lib/debugobjects.c' not found
2025/04/02 22:03:54 failed to symbolize report: failed to run ["scripts/get_maintainer.pl" "--git-min-percent=15" "-f" "mnt/sdd/author/SyzInspector/wd-bisector-4/kernel/lib/debugobjects.c"]: exit status 2
scripts/get_maintainer.pl: file 'mnt/sdd/author/SyzInspector/wd-bisector-4/kernel/lib/debugobjects.c' not found
2025/04/02 22:03:54 failed to symbolize report: failed to run ["scripts/get_maintainer.pl" "--git-min-percent=15" "-f" "mnt/sdd/author/SyzInspector/wd-bisector-4/kernel/lib/debugobjects.c"]: exit status 2
scripts/get_maintainer.pl: file 'mnt/sdd/author/SyzInspector/wd-bisector-4/kernel/lib/debugobjects.c' not found
2025/04/02 22:03:54 failed to symbolize report: failed to run ["scripts/get_maintainer.pl" "--git-min-percent=15" "-f" "mnt/sdd/author/SyzInspector/wd-bisector-4/kernel/lib/debugobjects.c"]: exit status 2
scripts/get_maintainer.pl: file 'mnt/sdd/author/SyzInspector/wd-bisector-4/kernel/lib/debugobjects.c' not found
2025/04/02 22:03:54 failed to symbolize report: failed to run ["scripts/get_maintainer.pl" "--git-min-percent=15" "-f" "mnt/sdd/author/SyzInspector/wd-bisector-4/kernel/lib/debugobjects.c"]: exit status 2
scripts/get_maintainer.pl: file 'mnt/sdd/author/SyzInspector/wd-bisector-4/kernel/lib/debugobjects.c' not found
2025/04/02 22:03:54 failed to symbolize report: failed to run ["scripts/get_maintainer.pl" "--git-min-percent=15" "-f" "mnt/sdd/author/SyzInspector/wd-bisector-4/kernel/lib/debugobjects.c"]: exit status 2
scripts/get_maintainer.pl: file 'mnt/sdd/author/SyzInspector/wd-bisector-4/kernel/lib/debugobjects.c' not found
all runs: basic kernel testing failed: WARNING: ODEBUG bug in mgmt_index_removed
unable to determine the verdict: 0 good runs (wanted 4), for bad wanted 4 in total, got 0
# git bisect skip 69bb5fa73d2b2d7fa3ccbf16e8b1f055fe2d26b1
Bisecting: 6219 revisions left to test after this (roughly 13 steps)
[fc9d988a5acdb68d39e9e76870627d48068bf830] media: staging: media: imx: imx7-media-csi: Drop V4L2 events support

testing commit fc9d988a5acdb68d39e9e76870627d48068bf830 gcc
compiler: gcc (Ubuntu 10.5.0-1ubuntu1~20.04) 10.5.0, GNU ld (GNU Binutils for Ubuntu) 2.34
kernel signature: a4bf710a50c3d297b7986718ea8926a60eeb0535264a5e729719615488a50853
all runs: OK
false negative chance: 0.000
# git bisect good fc9d988a5acdb68d39e9e76870627d48068bf830
Bisecting: 5567 revisions left to test after this (roughly 13 steps)
[4b2373c91f057f3e9102a25222a66ae01c5b772c] Merge branch 'dsa-microchip-ksz_chip_reg'

testing commit 4b2373c91f057f3e9102a25222a66ae01c5b772c gcc
compiler: gcc (Ubuntu 10.5.0-1ubuntu1~20.04) 10.5.0, GNU ld (GNU Binutils for Ubuntu) 2.34
kernel signature: cfb39ef6f2a4020f60647606ceb61beac0868673d02f83dab97648c54daf7557
all runs: OK
false negative chance: 0.000
# git bisect good 4b2373c91f057f3e9102a25222a66ae01c5b772c
Bisecting: 5567 revisions left to test after this (roughly 13 steps)
[278150b2151ee77ab66204ae2e53a3f94cb4b015] clocksource/drivers/timer-microchip-pit64b: Fix compilation warnings

testing commit 278150b2151ee77ab66204ae2e53a3f94cb4b015 gcc
compiler: gcc (Ubuntu 10.5.0-1ubuntu1~20.04) 10.5.0, GNU ld (GNU Binutils for Ubuntu) 2.34
kernel signature: 9c36f9ba97ac0ec5161e22daeaaf35151cdc9f129ea857c594e72a32bfd9bc15
all runs: OK
false negative chance: 0.000
# git bisect good 278150b2151ee77ab66204ae2e53a3f94cb4b015
Bisecting: 5567 revisions left to test after this (roughly 13 steps)
[b0afed239a5baf72cacc3023e852c7a5125c2a8f] media: vivid: Add support for the new YUVA and YUVX formats

testing commit b0afed239a5baf72cacc3023e852c7a5125c2a8f gcc
compiler: gcc (Ubuntu 10.5.0-1ubuntu1~20.04) 10.5.0, GNU ld (GNU Binutils for Ubuntu) 2.34
kernel signature: 698550e7d842c0a81b6af127d1dba9bb6ced6be88ef54f65cf67965625595ef8
all runs: OK
false negative chance: 0.000
# git bisect good b0afed239a5baf72cacc3023e852c7a5125c2a8f
Bisecting: 5567 revisions left to test after this (roughly 13 steps)
[d00365175e092a3144ecbee3181f46682b5b5e97] hugetlbfs: use helper macro SZ_1{K,M}

testing commit d00365175e092a3144ecbee3181f46682b5b5e97 gcc
compiler: gcc (Ubuntu 10.5.0-1ubuntu1~20.04) 10.5.0, GNU ld (GNU Binutils for Ubuntu) 2.34
kernel signature: ee714ede4ab07aec91b5bc32f6dd519c4dc1b7176e3f1e9295d8ba56c1e3b9b5
all runs: OK
false negative chance: 0.000
# git bisect good d00365175e092a3144ecbee3181f46682b5b5e97
Bisecting: 5292 revisions left to test after this (roughly 12 steps)
[4f5d33f4f798b1c6d92b613f0087f639d9836971] bonding: fix reference count leak in balance-alb mode

testing commit 4f5d33f4f798b1c6d92b613f0087f639d9836971 gcc
compiler: gcc (Ubuntu 10.5.0-1ubuntu1~20.04) 10.5.0, GNU ld (GNU Binutils for Ubuntu) 2.34
kernel signature: bbeb2f43c659886078fc77bb61b9830ec9b4aa68fd2c30e0141dbe26d83ab971
all runs: crashed: WARNING in ovs_dp_cmd_new
representative crash: WARNING in ovs_dp_cmd_new, types: [WARNING]
# git bisect bad 4f5d33f4f798b1c6d92b613f0087f639d9836971
Bisecting: 2353 revisions left to test after this (roughly 11 steps)
[8374cfe647a1f360be3228b949dd6d753c55c19c] Merge tag 'for-6.0/dm-changes' of git://git.kernel.org/pub/scm/linux/kernel/git/device-mapper/linux-dm

testing commit 8374cfe647a1f360be3228b949dd6d753c55c19c gcc
compiler: gcc (Ubuntu 10.5.0-1ubuntu1~20.04) 10.5.0, GNU ld (GNU Binutils for Ubuntu) 2.34
kernel signature: a722207f6a2d3eab06c167f62b322987dc603cef4c963e4661b713922aff87b4
all runs: crashed: WARNING in ovs_dp_cmd_new
representative crash: WARNING in ovs_dp_cmd_new, types: [WARNING]
# git bisect bad 8374cfe647a1f360be3228b949dd6d753c55c19c
Bisecting: 1488 revisions left to test after this (roughly 10 steps)
[47d8f8b78b9b42e9817feeb75bbf758f2a3cbff8] dt-bindings: soc: bcm: use absolute path to other schema

testing commit 47d8f8b78b9b42e9817feeb75bbf758f2a3cbff8 gcc
compiler: gcc (Ubuntu 10.5.0-1ubuntu1~20.04) 10.5.0, GNU ld (GNU Binutils for Ubuntu) 2.34
kernel signature: 95d2a5aa57f50b8d916200b5596c997e7798afaf16ebdc2c46f5b58b01c799e9
all runs: OK
false negative chance: 0.000
# git bisect good 47d8f8b78b9b42e9817feeb75bbf758f2a3cbff8
Bisecting: 749 revisions left to test after this (roughly 10 steps)
[416e05e5b7ce63402a2c342472799d340559f10e] Merge tag 'regulator-v5.20' of git://git.kernel.org/pub/scm/linux/kernel/git/broonie/regulator

testing commit 416e05e5b7ce63402a2c342472799d340559f10e gcc
compiler: gcc (Ubuntu 10.5.0-1ubuntu1~20.04) 10.5.0, GNU ld (GNU Binutils for Ubuntu) 2.34
kernel signature: 73d7ff5c397da6a3bf6095bce80d2f30994f1b8c1a70f73e75c60a7bac108583
all runs: crashed: WARNING in ovs_dp_cmd_new
representative crash: WARNING in ovs_dp_cmd_new, types: [WARNING]
# git bisect bad 416e05e5b7ce63402a2c342472799d340559f10e
Bisecting: 381 revisions left to test after this (roughly 9 steps)
[dfea84827f7eb49ca41d837d92ac1cbd5353a742] Merge tag 'timers-core-2022-08-01' of git://git.kernel.org/pub/scm/linux/kernel/git/tip/tip

testing commit dfea84827f7eb49ca41d837d92ac1cbd5353a742 gcc
compiler: gcc (Ubuntu 10.5.0-1ubuntu1~20.04) 10.5.0, GNU ld (GNU Binutils for Ubuntu) 2.34
kernel signature: d795e84fd5328b9733da97cd8c868e8e405cb526f7d7463de7808a0df40f199d
all runs: crashed: WARNING in ovs_dp_cmd_new
representative crash: WARNING in ovs_dp_cmd_new, types: [WARNING]
# git bisect bad dfea84827f7eb49ca41d837d92ac1cbd5353a742
Bisecting: 202 revisions left to test after this (roughly 8 steps)
[892f7237b3ffb090f1b1f1e55fe7c50664405aed] arm64: Delay initialisation of cpuinfo_arm64::reg_{zcr,smcr}

testing commit 892f7237b3ffb090f1b1f1e55fe7c50664405aed gcc
compiler: gcc (Ubuntu 10.5.0-1ubuntu1~20.04) 10.5.0, GNU ld (GNU Binutils for Ubuntu) 2.34
kernel signature: 8356e788f0d75bdbfa3ed2c59cd41832e3d8cbe514e5e12a8905cd6f8a0a197b
all runs: OK
false negative chance: 0.000
# git bisect good 892f7237b3ffb090f1b1f1e55fe7c50664405aed
Bisecting: 99 revisions left to test after this (roughly 7 steps)
[98b1783de202f3e82be7f32dcdc10a3d270b90e5] Merge tag 'x86_misc_for_v6.0_rc1' of git://git.kernel.org/pub/scm/linux/kernel/git/tip/tip

testing commit 98b1783de202f3e82be7f32dcdc10a3d270b90e5 gcc
compiler: gcc (Ubuntu 10.5.0-1ubuntu1~20.04) 10.5.0, GNU ld (GNU Binutils for Ubuntu) 2.34
kernel signature: 5998f280d40b75765b6ddabe3b6b41907e2a4415709fa22c639076c691861222
all runs: crashed: WARNING in ovs_dp_cmd_new
representative crash: WARNING in ovs_dp_cmd_new, types: [WARNING]
# git bisect bad 98b1783de202f3e82be7f32dcdc10a3d270b90e5
Bisecting: 48 revisions left to test after this (roughly 6 steps)
[e88745dcfd9de5c7de1c17f81e7cecec3d88871d] Merge tag 'erofs-for-5.20-rc1' of git://git.kernel.org/pub/scm/linux/kernel/git/xiang/erofs

testing commit e88745dcfd9de5c7de1c17f81e7cecec3d88871d gcc
compiler: gcc (Ubuntu 10.5.0-1ubuntu1~20.04) 10.5.0, GNU ld (GNU Binutils for Ubuntu) 2.34
kernel signature: 1ae0bf78428be74b330a0630f3f65d16a7d6f2e66e17b040c48b366535123936
all runs: crashed: WARNING in ovs_dp_cmd_new
representative crash: WARNING in ovs_dp_cmd_new, types: [WARNING]
# git bisect bad e88745dcfd9de5c7de1c17f81e7cecec3d88871d
Bisecting: 29 revisions left to test after this (roughly 5 steps)
[af07685b9ca18a5104c073847c83cf443f5c6114] Merge tag 'fs_for_v5.20-rc1' of git://git.kernel.org/pub/scm/linux/kernel/git/jack/linux-fs

testing commit af07685b9ca18a5104c073847c83cf443f5c6114 gcc
compiler: gcc (Ubuntu 10.5.0-1ubuntu1~20.04) 10.5.0, GNU ld (GNU Binutils for Ubuntu) 2.34
kernel signature: 1f7348a1511560ca65f48fd4350b90af42f0203ea3eeedacdf36eeb274b5de85
all runs: crashed: WARNING in ovs_dp_cmd_new
representative crash: WARNING in ovs_dp_cmd_new, types: [WARNING]
# git bisect bad af07685b9ca18a5104c073847c83cf443f5c6114
Bisecting: 11 revisions left to test after this (roughly 4 steps)
[3182599f5fff93a30bc094a4a20924eea47fcf42] fs: dlm: handle recovery result outside of ls_recover

testing commit 3182599f5fff93a30bc094a4a20924eea47fcf42 gcc
compiler: gcc (Ubuntu 10.5.0-1ubuntu1~20.04) 10.5.0, GNU ld (GNU Binutils for Ubuntu) 2.34
kernel signature: b4aa13ee4d23b9954911d049e5b891107518a6644e92d2a1355e26b95f9485a0
all runs: OK
false negative chance: 0.000
# git bisect good 3182599f5fff93a30bc094a4a20924eea47fcf42
Bisecting: 5 revisions left to test after this (roughly 3 steps)
[6b0afc0cc3e9a9a91f5a76d0965d449781441e18] fs: dlm: don't use deprecated timeout features by default

testing commit 6b0afc0cc3e9a9a91f5a76d0965d449781441e18 gcc
compiler: gcc (Ubuntu 10.5.0-1ubuntu1~20.04) 10.5.0, GNU ld (GNU Binutils for Ubuntu) 2.34
kernel signature: 2fbb3be7e884668e8814d6b9404b4233b1b2ac12a7ef39673ac4e7698b751aa9
all runs: crashed: WARNING in ovs_dp_cmd_new
representative crash: WARNING in ovs_dp_cmd_new, types: [WARNING]
# git bisect bad 6b0afc0cc3e9a9a91f5a76d0965d449781441e18
Bisecting: 2 revisions left to test after this (roughly 2 steps)
[2bb2a3d66c6f3971a278265011c9ce1d5f0fb3e2] fs: dlm: remove waiter warnings

testing commit 2bb2a3d66c6f3971a278265011c9ce1d5f0fb3e2 gcc
compiler: gcc (Ubuntu 10.5.0-1ubuntu1~20.04) 10.5.0, GNU ld (GNU Binutils for Ubuntu) 2.34
kernel signature: 4b2b330f47c3a7df06b0c09ec39e7ca711e495cd5ba51187d8e34a78b42713a4
all runs: OK
false negative chance: 0.000
# git bisect good 2bb2a3d66c6f3971a278265011c9ce1d5f0fb3e2
Bisecting: 0 revisions left to test after this (roughly 1 step)
[81eeb82fc215afec7a0511dd5eab6b9cac8dac39] fs: dlm: add deprecation Kconfig and warnings for timeouts

testing commit 81eeb82fc215afec7a0511dd5eab6b9cac8dac39 gcc
compiler: gcc (Ubuntu 10.5.0-1ubuntu1~20.04) 10.5.0, GNU ld (GNU Binutils for Ubuntu) 2.34
kernel signature: 2effc897929e4a69ea1bc943c279c9ce20245d1ba9eed1ea1eb7d7a6ed54f4f7
all runs: OK
false negative chance: 0.000
# git bisect good 81eeb82fc215afec7a0511dd5eab6b9cac8dac39
6b0afc0cc3e9a9a91f5a76d0965d449781441e18 is the first bad commit
commit 6b0afc0cc3e9a9a91f5a76d0965d449781441e18
Author: Alexander Aring <aahringo@redhat.com>
Date:   Wed Jun 22 14:45:23 2022 -0400

    fs: dlm: don't use deprecated timeout features by default
    
    This patch will disable use of deprecated timeout features if
    CONFIG_DLM_DEPRECATED_API is not set.  The deprecated features
    will be removed in upcoming kernel release v6.2.
    
    Signed-off-by: Alexander Aring <aahringo@redhat.com>
    Signed-off-by: David Teigland <teigland@redhat.com>

 fs/dlm/Makefile       |  2 +-
 fs/dlm/config.c       | 14 ++++++++++++++
 fs/dlm/config.h       |  2 ++
 fs/dlm/dlm_internal.h | 19 ++++++++++++++++++-
 fs/dlm/lock.c         | 46 ++++++++++++++++++++++++++++++++++++++++++++++
 fs/dlm/lock.h         | 14 ++++++++++++++
 fs/dlm/lockspace.c    | 14 +++++++++++---
 fs/dlm/user.c         | 12 ++++++++++++
 8 files changed, 118 insertions(+), 5 deletions(-)

accumulated error probability: 0.00
culprit signature: 2fbb3be7e884668e8814d6b9404b4233b1b2ac12a7ef39673ac4e7698b751aa9
parent  signature: 2effc897929e4a69ea1bc943c279c9ce20245d1ba9eed1ea1eb7d7a6ed54f4f7
revisions tested: 41, total time: 13h24m22.099517581s (build: 9h17m18.678146839s, test: 3h14m14.061799242s)
first bad commit: 6b0afc0cc3e9a9a91f5a76d0965d449781441e18 fs: dlm: don't use deprecated timeout features by default
recipients (to): ["aahringo@redhat.com" "linux-kernel@vger.kernel.org" "teigland@redhat.com"]
recipients (cc): ["ccaulfie@redhat.com" "cluster-devel@redhat.com" "teigland@redhat.com"]
crash: WARNING in ovs_dp_cmd_new
------------[ cut here ]------------
Dropping previously announced user features
WARNING: CPU: 1 PID: 7480 at net/openvswitch/datapath.c:1601 ovs_dp_reset_user_features mnt/sdd/author/SyzInspector/wd-bisector-4/kernel/net/openvswitch/datapath.c:1601 [inline]
WARNING: CPU: 1 PID: 7480 at net/openvswitch/datapath.c:1601 ovs_dp_cmd_new+0xc26/0x1120 mnt/sdd/author/SyzInspector/wd-bisector-4/kernel/net/openvswitch/datapath.c:1802
Modules linked in:
CPU: 1 PID: 7480 Comm: syz-executor.0 Not tainted 5.19.0-rc3-syzkaller #0
Hardware name: QEMU Standard PC (i440FX + PIIX, 1996), BIOS 1.13.0-1ubuntu1.1 04/01/2014
RIP: 0010:ovs_dp_reset_user_features mnt/sdd/author/SyzInspector/wd-bisector-4/kernel/net/openvswitch/datapath.c:1601 [inline]
RIP: 0010:ovs_dp_cmd_new+0xc26/0x1120 mnt/sdd/author/SyzInspector/wd-bisector-4/kernel/net/openvswitch/datapath.c:1802
Code: 2a 0f b6 04 02 84 c0 74 04 3c 03 7e 21 c7 43 68 00 00 00 00 e9 37 fe ff ff e8 86 a1 6c f8 48 c7 c7 60 ab f9 8a e8 65 8d 16 00 <0f> 0b eb be 4c 89 e7 e8 5e 46 b9 f8 eb d5 e8 f7 45 b9 f8 e9 3f ff
RSP: 0018:ffffc9000637f508 EFLAGS: 00010286
RAX: 0000000000000000 RBX: ffff888019bcd600 RCX: 0000000000000000
RDX: ffff88810a0c5880 RSI: ffffffff815ff018 RDI: fffff52000c6fe93
RBP: ffff88810a150900 R08: 0000000000000005 R09: 0000000000000000
R10: 0000000080000000 R11: 0000000000000001 R12: ffff888019bcd668
R13: 0000000000000008 R14: ffff888016df0500 R15: ffff888021bd5ff8
FS:  00007f8c3679d700(0000) GS:ffff888135c00000(0000) knlGS:0000000000000000
CS:  0010 DS: 0000 ES: 0000 CR0: 0000000080050033
CR2: 0000000020000100 CR3: 000000010a556000 CR4: 0000000000350ee0
DR0: 0000000000000000 DR1: 0000000000000000 DR2: 0000000000000000
DR3: 0000000000000000 DR6: 00000000fffe0ff0 DR7: 0000000000000400
Call Trace:
 <TASK>
 genl_family_rcv_msg_doit+0x228/0x320 mnt/sdd/author/SyzInspector/wd-bisector-4/kernel/net/netlink/genetlink.c:731
 genl_family_rcv_msg mnt/sdd/author/SyzInspector/wd-bisector-4/kernel/net/netlink/genetlink.c:775 [inline]
 genl_rcv_msg+0x328/0x580 mnt/sdd/author/SyzInspector/wd-bisector-4/kernel/net/netlink/genetlink.c:792
 netlink_rcv_skb+0x153/0x400 mnt/sdd/author/SyzInspector/wd-bisector-4/kernel/net/netlink/af_netlink.c:2501
 genl_rcv+0x24/0x40 mnt/sdd/author/SyzInspector/wd-bisector-4/kernel/net/netlink/genetlink.c:803
 netlink_unicast_kernel mnt/sdd/author/SyzInspector/wd-bisector-4/kernel/net/netlink/af_netlink.c:1319 [inline]
 netlink_unicast+0x543/0x7f0 mnt/sdd/author/SyzInspector/wd-bisector-4/kernel/net/netlink/af_netlink.c:1345
 netlink_sendmsg+0x918/0xe10 mnt/sdd/author/SyzInspector/wd-bisector-4/kernel/net/netlink/af_netlink.c:1921
 sock_sendmsg_nosec mnt/sdd/author/SyzInspector/wd-bisector-4/kernel/net/socket.c:714 [inline]
 sock_sendmsg+0xcf/0x120 mnt/sdd/author/SyzInspector/wd-bisector-4/kernel/net/socket.c:734
 ____sys_sendmsg+0x6eb/0x810 mnt/sdd/author/SyzInspector/wd-bisector-4/kernel/net/socket.c:2492
 ___sys_sendmsg+0xf3/0x170 mnt/sdd/author/SyzInspector/wd-bisector-4/kernel/net/socket.c:2546
 __sys_sendmsg mnt/sdd/author/SyzInspector/wd-bisector-4/kernel/net/socket.c:2575 [inline]
 __do_sys_sendmsg mnt/sdd/author/SyzInspector/wd-bisector-4/kernel/net/socket.c:2584 [inline]
 __se_sys_sendmsg mnt/sdd/author/SyzInspector/wd-bisector-4/kernel/net/socket.c:2582 [inline]
 __x64_sys_sendmsg+0x132/0x220 mnt/sdd/author/SyzInspector/wd-bisector-4/kernel/net/socket.c:2582
 do_syscall_x64 mnt/sdd/author/SyzInspector/wd-bisector-4/kernel/arch/x86/entry/common.c:50 [inline]
 do_syscall_64+0x35/0xb0 mnt/sdd/author/SyzInspector/wd-bisector-4/kernel/arch/x86/entry/common.c:80
 entry_SYSCALL_64_after_hwframe+0x46/0xb0
RIP: 0033:0x7f8c35a91ced
Code: c3 e8 17 32 00 00 0f 1f 80 00 00 00 00 f3 0f 1e fa 48 89 f8 48 89 f7 48 89 d6 48 89 ca 4d 89 c2 4d 89 c8 4c 8b 4c 24 08 0f 05 <48> 3d 01 f0 ff ff 73 01 c3 48 c7 c1 b8 ff ff ff f7 d8 64 89 01 48
RSP: 002b:00007f8c3679cbd8 EFLAGS: 00000246 ORIG_RAX: 000000000000002e
RAX: ffffffffffffffda RBX: 00007f8c35bcbf80 RCX: 00007f8c35a91ced
RDX: 0000000000000000 RSI: 0000000020000100 RDI: 0000000000000003
RBP: 00007f8c35aef4ac R08: 0000000000000000 R09: 0000000000000000
R10: 0000000000000000 R11: 0000000000000246 R12: 0000000000000000
R13: 00007fff8712e14f R14: 00007fff8712e2e0 R15: 00007f8c3679cd80
 </TASK>


WARNING in ovs_dp_reset_user_features
6b0afc0cc3e9a9a91f5a76d0965d449781441e18
