server starts bisection 2025-04-04 17:30:14.307265487 -0700 PDT m=+9.525253369
bisecting cause commit starting from 55be6084c8e0e0ada9278c2ab60b7a584378efda
building syzkaller on HEAD
ensuring issue is reproducible on original commit 55be6084c8e0e0ada9278c2ab60b7a584378efda

testing commit 55be6084c8e0e0ada9278c2ab60b7a584378efda gcc
compiler: gcc (Ubuntu 10.5.0-1ubuntu1~20.04) 10.5.0, GNU ld (GNU Binutils for Ubuntu) 2.34
kernel signature: 99ac9e5b9a214e50b2876225a12ffd18599404cb518ddc63a2886921d2bd976f
run #0: crashed: INFO: rcu detected stall in corrupted
run #1: crashed: INFO: rcu detected stall in corrupted
run #2: crashed: INFO: rcu detected stall in corrupted
run #3: crashed: INFO: rcu detected stall in corrupted
run #4: crashed: INFO: rcu detected stall in corrupted
run #5: crashed: INFO: rcu detected stall in corrupted
run #6: crashed: INFO: rcu detected stall in corrupted
run #7: crashed: INFO: rcu detected stall in sys_sendfile64
representative crash: INFO: rcu detected stall in corrupted, types: [HANG]
picked [v6.0 v5.19 v5.18 v5.16 v5.14 v5.12 v5.10 v5.8 v5.5 v5.2 v4.20 v4.19] out of 23 release tags
testing release v6.0
testing commit 4fe89d07dcc2804c8b562f6c7896a45643d34b2f gcc
compiler: gcc (Ubuntu 10.5.0-1ubuntu1~20.04) 10.5.0, GNU ld (GNU Binutils for Ubuntu) 2.34
kernel signature: 217211d42f7841a34d014a93da340b4c5d58352863f1c80306cc818a611640ec
run #0: crashed: INFO: rcu detected stall in corrupted
run #1: crashed: INFO: rcu detected stall in corrupted
run #2: crashed: INFO: rcu detected stall in corrupted
run #3: crashed: INFO: rcu detected stall in corrupted
run #4: crashed: INFO: rcu detected stall in corrupted
run #5: crashed: INFO: rcu detected stall in corrupted
run #6: crashed: INFO: rcu detected stall in corrupted
run #7: crashed: INFO: rcu detected stall in corrupted
representative crash: INFO: rcu detected stall in corrupted, types: [HANG]
testing release v5.19
testing commit 3d7cb6b04c3f3115719235cc6866b10326de34cd gcc
compiler: gcc (Ubuntu 10.5.0-1ubuntu1~20.04) 10.5.0, GNU ld (GNU Binutils for Ubuntu) 2.34
kernel signature: 70b967f9c1fc223426ce2cbc2822edfbda0b8f42292cf5a808b507380f23d658
run #0: crashed: INFO: rcu detected stall in corrupted
run #1: crashed: INFO: rcu detected stall in batadv_iv_send_outstanding_bat_ogm_packet
run #2: crashed: INFO: rcu detected stall in corrupted
run #3: crashed: INFO: rcu detected stall in sys_sendfile64
run #4: crashed: INFO: rcu detected stall in corrupted
run #5: crashed: INFO: rcu detected stall in sys_sendfile64
run #6: crashed: INFO: rcu detected stall in sys_sendfile64
run #7: crashed: INFO: rcu detected stall in sys_sendfile64
representative crash: INFO: rcu detected stall in corrupted, types: [HANG]
testing release v5.18
testing commit 4b0986a3613c92f4ec1bdc7f60ec66fea135991f gcc
compiler: gcc (Ubuntu 10.5.0-1ubuntu1~20.04) 10.5.0, GNU ld (GNU Binutils for Ubuntu) 2.34
kernel signature: f99fc29d2eabb2a77c1e9db6f6e900c7b904ac305948088e71d0d4a75957c7ff
run #0: crashed: INFO: rcu detected stall in corrupted
run #1: crashed: INFO: rcu detected stall in corrupted
run #2: crashed: INFO: rcu detected stall in corrupted
run #3: crashed: INFO: rcu detected stall in sys_sendfile64
run #4: crashed: INFO: rcu detected stall in newlstat
run #5: crashed: INFO: rcu detected stall in corrupted
run #6: crashed: INFO: rcu detected stall in corrupted
run #7: crashed: INFO: rcu detected stall in corrupted
representative crash: INFO: rcu detected stall in corrupted, types: [HANG]
testing release v5.16
testing commit df0cc57e057f18e44dac8e6c18aba47ab53202f9 gcc
compiler: gcc (Ubuntu 10.5.0-1ubuntu1~20.04) 10.5.0, GNU ld (GNU Binutils for Ubuntu) 2.34
kernel signature: ab7349de30007afe90429d721bfd343b3518ed4234026de5a38b0d000da281eb
run #0: crashed: INFO: rcu detected stall in corrupted
run #1: crashed: INFO: rcu detected stall in corrupted
run #2: crashed: INFO: rcu detected stall in corrupted
run #3: crashed: INFO: rcu detected stall in sys_sendfile64
run #4: crashed: INFO: rcu detected stall in corrupted
run #5: crashed: INFO: rcu detected stall in corrupted
run #6: crashed: INFO: rcu detected stall in corrupted
run #7: crashed: INFO: rcu detected stall in corrupted
representative crash: INFO: rcu detected stall in corrupted, types: [HANG]
testing release v5.14
testing commit 7d2a07b769330c34b4deabeed939325c77a7ec2f gcc
compiler: gcc (GCC) 10.1.0-syz 20200507, GNU ld (GNU Binutils for Ubuntu) 2.34
kernel signature: 7e88fc8e0893663fbb707b6e6ade679da33ca3b163d5798ca3dc9c6d9aaea4cf
run #0: crashed: INFO: rcu detected stall in corrupted
run #1: crashed: INFO: rcu detected stall in sys_sendfile64
run #2: crashed: INFO: rcu detected stall in corrupted
run #3: crashed: INFO: rcu detected stall in corrupted
run #4: crashed: INFO: rcu detected stall in corrupted
run #5: crashed: INFO: rcu detected stall in sys_sendfile64
run #6: crashed: INFO: rcu detected stall in corrupted
run #7: crashed: INFO: rcu detected stall in corrupted
representative crash: INFO: rcu detected stall in corrupted, types: [HANG]
testing release v5.12
testing commit 9f4ad9e425a1d3b6a34617b8ea226d56a119a717 gcc
compiler: gcc (GCC) 10.1.0-syz 20200507, GNU ld (GNU Binutils for Ubuntu) 2.34
kernel signature: b5a363ce2a39e2aad748e3092bf6938398b406e1424ff8cc5598dfdde1612bc1
run #0: crashed: INFO: rcu detected stall in corrupted
run #1: crashed: INFO: rcu detected stall in sys_sendfile64
run #2: crashed: INFO: rcu detected stall in __fsnotify_parent
run #3: crashed: INFO: rcu detected stall in corrupted
run #4: crashed: INFO: rcu detected stall in sys_sendfile64
run #5: crashed: INFO: rcu detected stall in corrupted
run #6: crashed: INFO: rcu detected stall in corrupted
run #7: crashed: WARNING in rcu_check_gp_start_stall
representative crash: INFO: rcu detected stall in corrupted, types: [HANG]
testing release v5.10
testing commit 2c85ebc57b3e1817b6ce1a6b703928e113a90442 gcc
compiler: gcc (GCC) 10.1.0-syz 20200507, GNU ld (GNU Binutils for Ubuntu) 2.34
kernel signature: ceb2b2c392ab0948744232f6434617487292603dc2ed78d45ec74f7f44caf83c
run #0: crashed: INFO: rcu detected stall in corrupted
run #1: crashed: INFO: rcu detected stall in sys_sendfile64
run #2: crashed: INFO: rcu detected stall in sys_sendfile64
run #3: crashed: INFO: rcu detected stall in corrupted
run #4: crashed: INFO: rcu detected stall in sys_sendfile64
run #5: crashed: INFO: rcu detected stall in sys_sendfile64
run #6: crashed: INFO: rcu detected stall in sys_sendfile64
run #7: crashed: INFO: rcu detected stall in corrupted
representative crash: INFO: rcu detected stall in corrupted, types: [HANG]
testing release v5.8
testing commit bcf876870b95592b52519ed4aafcf9d95999bc9c gcc
compiler: gcc (GCC) 8.1.0, GNU ld (GNU Binutils for Ubuntu) 2.34
kernel signature: 739a8fa8d371871c6af1f067ce7240a1ca5d45ce9ea8d5a989e25629bf5dbed2
run #0: crashed: INFO: rcu detected stall in corrupted
run #1: crashed: INFO: rcu detected stall in corrupted
run #2: crashed: INFO: rcu detected stall in corrupted
run #3: crashed: INFO: rcu detected stall in rw_verify_area
run #4: crashed: INFO: rcu detected stall in corrupted
run #5: crashed: INFO: rcu detected stall in corrupted
run #6: crashed: INFO: rcu detected stall in rw_verify_area
run #7: crashed: INFO: rcu detected stall in corrupted
representative crash: INFO: rcu detected stall in corrupted, types: [HANG]
testing release v5.5
testing commit d5226fa6dbae0569ee43ecfc08bdcd6770fc4755 gcc
compiler: gcc version 8.1.0 (GCC)
kernel signature: e3323dd2adb3a20960649616302ee814684776905f47ab298e30a2ace3842ec1
run #0: crashed: INFO: rcu detected stall in sys_sendfile64
run #1: crashed: INFO: rcu detected stall in sys_sendfile64
run #2: crashed: INFO: rcu detected stall in corrupted
run #3: crashed: INFO: rcu detected stall in corrupted
run #4: crashed: INFO: rcu detected stall in corrupted
run #5: crashed: INFO: rcu detected stall in corrupted
run #6: crashed: INFO: rcu detected stall in corrupted
run #7: crashed: INFO: rcu detected stall in corrupted
representative crash: INFO: rcu detected stall in sys_sendfile64, types: [HANG]
testing release v5.2
testing commit 0ecfebd2b52404ae0c54a878c872bb93363ada36 gcc
compiler: gcc version 8.1.0 (GCC)
kernel signature: c9ed89f3dd4ea16015e2486dd447ce4da0885bba4f8544596e7f81f892d3bb1a
run #0: crashed: INFO: rcu detected stall in corrupted
run #1: crashed: INFO: rcu detected stall in corrupted
run #2: crashed: INFO: rcu detected stall in corrupted
run #3: crashed: INFO: rcu detected stall in corrupted
run #4: crashed: INFO: rcu detected stall in corrupted
run #5: crashed: INFO: rcu detected stall in corrupted
run #6: crashed: INFO: rcu detected stall in sys_sendfile64
run #7: crashed: INFO: rcu detected stall in corrupted
representative crash: INFO: rcu detected stall in corrupted, types: [HANG]
testing release v4.20
testing commit 8fe28cb58bcb235034b64cbbb7550a8a43fd88be gcc
compiler: gcc version 8.1.0 (GCC)
kernel signature: 2bc159c7e05b8c4a0954652569a27ce1af7b77b0a117cc0dcf452d08b0986996
run #0: crashed: INFO: rcu detected stall in corrupted
run #1: crashed: INFO: rcu detected stall in corrupted
run #2: crashed: INFO: rcu detected stall in corrupted
run #3: crashed: INFO: rcu detected stall in sys_sendfile64
run #4: OK
run #5: OK
run #6: OK
run #7: OK
representative crash: INFO: rcu detected stall in corrupted, types: [HANG]
testing release v4.19
testing commit 84df9525b0c27f3ebc2ebb1864fa62a97fdedb7d gcc
compiler: gcc version 8.1.0 (GCC)
kernel signature: 50e0460fe3a1a912231888160c2084c00b2d1ab9317b4537231738b901b06fa1
2025/04/04 21:39:13 failed to symbolize report: failed to run ["scripts/get_maintainer.pl" "--git-min-percent=15" "-f" "mnt/sdd/author/meerkat/wd-bisector-6/kernel/net/batman-adv/tvlv.c"]: exit status 2
scripts/get_maintainer.pl: file 'mnt/sdd/author/meerkat/wd-bisector-6/kernel/net/batman-adv/tvlv.c' not found
run #0: basic kernel testing failed: KASAN: null-ptr-deref Read in batadv_tvlv_container_ogm_append
run #1: crashed: WARNING in __cfg80211_ibss_joined
run #2: crashed: WARNING in __cfg80211_ibss_joined
run #3: crashed: WARNING in __cfg80211_ibss_joined
run #4: crashed: INFO: rcu detected stall in sys_sendfile64
run #5: crashed: INFO: rcu detected stall in corrupted
run #6: crashed: INFO: rcu detected stall in addrconf_rs_timer
run #7: crashed: INFO: rcu detected stall in corrupted
representative crash: INFO: rcu detected stall in sys_sendfile64, types: [HANG WARNING]
crash still not fixed/happens on the oldest tested release
revisions tested: 13, total time: 4h14m59.292526736s (build: 2h46m52.421381906s, test: 1h9m32.668076878s)
oldest tested release already had the bug or it had kernel test errors
commit msg: Linux 4.19
crash: INFO: rcu detected stall in sys_sendfile64
wlan0: Creating new IBSS network, BSSID 50:50:50:50:50:50
IPv6: ADDRCONF(NETDEV_UP): wlan1: link is not ready
wlan1: Created IBSS using preconfigured BSSID 50:50:50:50:50:50
wlan1: Creating new IBSS network, BSSID 50:50:50:50:50:50
rcu: INFO: rcu_sched detected stalls on CPUs/tasks:
rcu: 	(detected by 1, t=10502 jiffies, g=2457, q=19)
rcu: All QSes seen, last rcu_sched kthread activity 10492 (4294966876-4294956384), jiffies_till_next_fqs=1, root ->qsmask 0x0
syz-executor.4  R  running task    25896 11795  10238 0x00080000
Call Trace:
 <IRQ>
 sched_show_task.cold.16+0x2c6/0x3c0 mnt/sdd/author/meerkat/wd-bisector-6/kernel/kernel/sched/core.c:5296
 print_other_cpu_stall mnt/sdd/author/meerkat/wd-bisector-6/kernel/kernel/rcu/tree.c:1430 [inline]
 check_cpu_stall mnt/sdd/author/meerkat/wd-bisector-6/kernel/kernel/rcu/tree.c:1557 [inline]
 __rcu_pending mnt/sdd/author/meerkat/wd-bisector-6/kernel/kernel/rcu/tree.c:3276 [inline]
 rcu_pending mnt/sdd/author/meerkat/wd-bisector-6/kernel/kernel/rcu/tree.c:3319 [inline]
 rcu_check_callbacks.cold.62+0xa71/0xd3d mnt/sdd/author/meerkat/wd-bisector-6/kernel/kernel/rcu/tree.c:2665
 update_process_times+0x2a/0x60 mnt/sdd/author/meerkat/wd-bisector-6/kernel/kernel/time/timer.c:1636
 tick_sched_handle.isra.5+0x6b/0x130 mnt/sdd/author/meerkat/wd-bisector-6/kernel/kernel/time/tick-sched.c:164
 tick_sched_timer+0x3c/0xf0 mnt/sdd/author/meerkat/wd-bisector-6/kernel/kernel/time/tick-sched.c:1274
 __run_hrtimer mnt/sdd/author/meerkat/wd-bisector-6/kernel/kernel/time/hrtimer.c:1398 [inline]
 __hrtimer_run_queues+0x2fa/0xaa0 mnt/sdd/author/meerkat/wd-bisector-6/kernel/kernel/time/hrtimer.c:1460
 hrtimer_interrupt+0x2df/0x760 mnt/sdd/author/meerkat/wd-bisector-6/kernel/kernel/time/hrtimer.c:1518
 local_apic_timer_interrupt mnt/sdd/author/meerkat/wd-bisector-6/kernel/arch/x86/kernel/apic/apic.c:1029 [inline]
 smp_apic_timer_interrupt+0x114/0x540 mnt/sdd/author/meerkat/wd-bisector-6/kernel/arch/x86/kernel/apic/apic.c:1054
 apic_timer_interrupt+0xf/0x20 mnt/sdd/author/meerkat/wd-bisector-6/kernel/arch/x86/entry/entry_64.S:864
 </IRQ>
RIP: 0010:preempt_count_add+0x8c/0x1b0 mnt/sdd/author/meerkat/wd-bisector-6/kernel/kernel/sched/core.c:3194
Code: 03 65 44 01 25 15 0f c6 7e 0f b6 04 02 38 c3 7c 08 84 c0 0f 85 01 01 00 00 8b 15 8f 16 06 0a 85 d2 75 15 65 8b 05 f4 0e c6 7e <0f> b6 c0 3d f4 00 00 00 0f 8f 80 00 00 00 65 8b 05 df 0e c6 7e 25
RSP: 0018:ffff8801199ef568 EFLAGS: 00000246 ORIG_RAX: ffffffffffffff13
RAX: 0000000080000001 RBX: 0000000000000003 RCX: 0000000000000000
RDX: 0000000000000000 RSI: 0000000000000004 RDI: 0000000000000001
RBP: ffff8801199ef578 R08: ffffed0026b47d4b R09: ffffed0026b47d4a
R10: ffffed0026b47d4a R11: ffff880135a3ea53 R12: 0000000000000001
R13: 0000000000000000 R14: ffff8801280a0000 R15: ffff88012c61187f
 is_module_text_address+0x12/0x41 mnt/sdd/author/meerkat/wd-bisector-6/kernel/kernel/module.c:4340
 kernel_text_address+0x6d/0xf0 mnt/sdd/author/meerkat/wd-bisector-6/kernel/kernel/extable.c:146
 __kernel_text_address+0xd/0x40 mnt/sdd/author/meerkat/wd-bisector-6/kernel/kernel/extable.c:107
 unwind_get_return_address+0x58/0xa0 mnt/sdd/author/meerkat/wd-bisector-6/kernel/arch/x86/kernel/unwind_frame.c:18
 __save_stack_trace+0x8d/0xf0 mnt/sdd/author/meerkat/wd-bisector-6/kernel/arch/x86/kernel/stacktrace.c:45
 save_stack_trace+0x1a/0x20 mnt/sdd/author/meerkat/wd-bisector-6/kernel/arch/x86/kernel/stacktrace.c:60
 save_stack mnt/sdd/author/meerkat/wd-bisector-6/kernel/mm/kasan/kasan.c:448 [inline]
 set_track mnt/sdd/author/meerkat/wd-bisector-6/kernel/mm/kasan/kasan.c:460 [inline]
 kasan_kmalloc.part.1+0x62/0xf0 mnt/sdd/author/meerkat/wd-bisector-6/kernel/mm/kasan/kasan.c:553
 kasan_kmalloc+0xaf/0xc0 mnt/sdd/author/meerkat/wd-bisector-6/kernel/mm/kasan/kasan.c:538
 kasan_slab_alloc+0x11/0x20 mnt/sdd/author/meerkat/wd-bisector-6/kernel/mm/kasan/kasan.c:490
 slab_post_alloc_hook mnt/sdd/author/meerkat/wd-bisector-6/kernel/mm/slab.h:444 [inline]
 slab_alloc_node mnt/sdd/author/meerkat/wd-bisector-6/kernel/mm/slub.c:2706 [inline]
 slab_alloc mnt/sdd/author/meerkat/wd-bisector-6/kernel/mm/slub.c:2714 [inline]
 __kmalloc+0x10c/0x340 mnt/sdd/author/meerkat/wd-bisector-6/kernel/mm/slub.c:3747
 kmalloc_array mnt/sdd/author/meerkat/wd-bisector-6/kernel/./include/linux/slab.h:635 [inline]
 kcalloc mnt/sdd/author/meerkat/wd-bisector-6/kernel/./include/linux/slab.h:646 [inline]
 iter_file_splice_write+0x12c/0xc40 mnt/sdd/author/meerkat/wd-bisector-6/kernel/fs/splice.c:693
 do_splice_from mnt/sdd/author/meerkat/wd-bisector-6/kernel/fs/splice.c:852 [inline]
 direct_splice_actor+0x104/0x1c0 mnt/sdd/author/meerkat/wd-bisector-6/kernel/fs/splice.c:1019
 splice_direct_to_actor+0x288/0x770 mnt/sdd/author/meerkat/wd-bisector-6/kernel/fs/splice.c:974
 do_splice_direct+0x14c/0x270 mnt/sdd/author/meerkat/wd-bisector-6/kernel/fs/splice.c:1062
 do_sendfile+0x481/0xcf0 mnt/sdd/author/meerkat/wd-bisector-6/kernel/fs/read_write.c:1440
 __do_sys_sendfile64 mnt/sdd/author/meerkat/wd-bisector-6/kernel/fs/read_write.c:1495 [inline]
 __se_sys_sendfile64+0x9f/0x120 mnt/sdd/author/meerkat/wd-bisector-6/kernel/fs/read_write.c:1487
 __x64_sys_sendfile64+0x92/0xf0 mnt/sdd/author/meerkat/wd-bisector-6/kernel/fs/read_write.c:1487
 do_syscall_64+0xd0/0x540 mnt/sdd/author/meerkat/wd-bisector-6/kernel/arch/x86/entry/common.c:290
 entry_SYSCALL_64_after_hwframe+0x49/0xbe
RIP: 0033:0x7fda9ead2ced
Code: c3 e8 17 32 00 00 0f 1f 80 00 00 00 00 f3 0f 1e fa 48 89 f8 48 89 f7 48 89 d6 48 89 ca 4d 89 c2 4d 89 c8 4c 8b 4c 24 08 0f 05 <48> 3d 01 f0 ff ff 73 01 c3 48 c7 c1 b8 ff ff ff f7 d8 64 89 01 48
RSP: 002b:00007fda9de3ebd8 EFLAGS: 00000246 ORIG_RAX: 0000000000000028
RAX: ffffffffffffffda RBX: 00007fda9ec0cf80 RCX: 00007fda9ead2ced
RDX: 00000000200001c0 RSI: 0000000000000003 RDI: 0000000000000003
RBP: 00007fda9eb304ac R08: 0000000000000000 R09: 0000000000000000
R10: 000000000200a198 R11: 0000000000000246 R12: 0000000000000000
R13: 00007ffd4555e1bf R14: 00007ffd4555e350 R15: 00007fda9de3ed80
rcu: rcu_sched kthread starved for 10492 jiffies! g2457 f0x2 RCU_GP_WAIT_FQS(5) ->state=0x0 ->cpu=1
rcu: RCU grace-period kthread stack dump:
rcu_sched       R  running task    29608    12      2 0x80080000
Call Trace:
 context_switch mnt/sdd/author/meerkat/wd-bisector-6/kernel/kernel/sched/core.c:2825 [inline]
 __schedule+0x80c/0x1f20 mnt/sdd/author/meerkat/wd-bisector-6/kernel/kernel/sched/core.c:3473
 schedule+0x7f/0x1b0 mnt/sdd/author/meerkat/wd-bisector-6/kernel/kernel/sched/core.c:3517
 schedule_timeout+0x398/0xcc0 mnt/sdd/author/meerkat/wd-bisector-6/kernel/kernel/time/timer.c:1804
 rcu_gp_kthread+0xd30/0x2130 mnt/sdd/author/meerkat/wd-bisector-6/kernel/kernel/rcu/tree.c:2194
 kthread+0x324/0x3e0 mnt/sdd/author/meerkat/wd-bisector-6/kernel/kernel/kthread.c:246
 ret_from_fork+0x24/0x30 mnt/sdd/author/meerkat/wd-bisector-6/kernel/arch/x86/entry/entry_64.S:413
rcu: INFO: rcu_preempt detected stalls on CPUs/tasks:
rcu: 	(detected by 1, t=10550 jiffies, g=6977, q=3074)
rcu: All QSes seen, last rcu_preempt kthread activity 10540 (4294966925-4294956385), jiffies_till_next_fqs=1, root ->qsmask 0x0
syz-executor.4  R  running task    25896 11795  10238 0x80080000
Call Trace:
 <IRQ>
 sched_show_task.cold.16+0x2c6/0x3c0 mnt/sdd/author/meerkat/wd-bisector-6/kernel/kernel/sched/core.c:5296
 print_other_cpu_stall mnt/sdd/author/meerkat/wd-bisector-6/kernel/kernel/rcu/tree.c:1430 [inline]
 check_cpu_stall mnt/sdd/author/meerkat/wd-bisector-6/kernel/kernel/rcu/tree.c:1557 [inline]
 __rcu_pending mnt/sdd/author/meerkat/wd-bisector-6/kernel/kernel/rcu/tree.c:3276 [inline]
 rcu_pending mnt/sdd/author/meerkat/wd-bisector-6/kernel/kernel/rcu/tree.c:3319 [inline]
 rcu_check_callbacks.cold.62+0xa71/0xd3d mnt/sdd/author/meerkat/wd-bisector-6/kernel/kernel/rcu/tree.c:2665
 update_process_times+0x2a/0x60 mnt/sdd/author/meerkat/wd-bisector-6/kernel/kernel/time/timer.c:1636
 tick_sched_handle.isra.5+0x6b/0x130 mnt/sdd/author/meerkat/wd-bisector-6/kernel/kernel/time/tick-sched.c:164
 tick_sched_timer+0x3c/0xf0 mnt/sdd/author/meerkat/wd-bisector-6/kernel/kernel/time/tick-sched.c:1274
 __run_hrtimer mnt/sdd/author/meerkat/wd-bisector-6/kernel/kernel/time/hrtimer.c:1398 [inline]
 __hrtimer_run_queues+0x2fa/0xaa0 mnt/sdd/author/meerkat/wd-bisector-6/kernel/kernel/time/hrtimer.c:1460
 hrtimer_interrupt+0x2df/0x760 mnt/sdd/author/meerkat/wd-bisector-6/kernel/kernel/time/hrtimer.c:1518
 local_apic_timer_interrupt mnt/sdd/author/meerkat/wd-bisector-6/kernel/arch/x86/kernel/apic/apic.c:1029 [inline]
 smp_apic_timer_interrupt+0x114/0x540 mnt/sdd/author/meerkat/wd-bisector-6/kernel/arch/x86/kernel/apic/apic.c:1054
 apic_timer_interrupt+0xf/0x20 mnt/sdd/author/meerkat/wd-bisector-6/kernel/arch/x86/entry/entry_64.S:864
 </IRQ>
RIP: 0010:in_irqentry_text mnt/sdd/author/meerkat/wd-bisector-6/kernel/mm/kasan/kasan.c:419 [inline]
RIP: 0010:filter_irq_stacks mnt/sdd/author/meerkat/wd-bisector-6/kernel/mm/kasan/kasan.c:431 [inline]
RIP: 0010:save_stack mnt/sdd/author/meerkat/wd-bisector-6/kernel/mm/kasan/kasan.c:449 [inline]
RIP: 0010:set_track mnt/sdd/author/meerkat/wd-bisector-6/kernel/mm/kasan/kasan.c:460 [inline]
RIP: 0010:__kasan_slab_free+0x200/0x240 mnt/sdd/author/meerkat/wd-bisector-6/kernel/mm/kasan/kasan.c:521
Code: e8 b5 23 00 00 44 89 e8 48 81 c4 18 02 00 00 5b 41 5c 41 5d 41 5e 5d c3 48 81 c4 18 02 00 00 31 c0 5b 41 5c 41 5d 41 5e 5d c3 <48> 81 fa 00 00 a0 87 72 09 48 81 fa 27 09 a0 87 72 84 83 c1 01 39
RSP: 0018:ffff8801199ef010 EFLAGS: 00000287 ORIG_RAX: ffffffffffffff13
RAX: 0000000000000016 RBX: ffff8800520d2880 RCX: 0000000000000004
RDX: ffffffff81c65a71 RSI: ffff8801199ef028 RDI: ffffffff87801360
RBP: ffff8801199ef248 R08: 0000000000000000 R09: ffffed0026b47d4a
R10: ffffed0026b47d4a R11: ffff880135a3ea53 R12: ffff88013289d800
R13: 0000000000000001 R14: ffff8800520d28b0 R15: 0000000000000282
 kasan_slab_free+0xe/0x10 mnt/sdd/author/meerkat/wd-bisector-6/kernel/mm/kasan/kasan.c:528
 slab_free_hook mnt/sdd/author/meerkat/wd-bisector-6/kernel/mm/slub.c:1371 [inline]
 slab_free_freelist_hook mnt/sdd/author/meerkat/wd-bisector-6/kernel/mm/slub.c:1398 [inline]
 slab_free mnt/sdd/author/meerkat/wd-bisector-6/kernel/mm/slub.c:2953 [inline]
 kmem_cache_free+0xdd/0x320 mnt/sdd/author/meerkat/wd-bisector-6/kernel/mm/slub.c:2969
 jbd2_free_handle mnt/sdd/author/meerkat/wd-bisector-6/kernel/./include/linux/jbd2.h:1426 [inline]
 jbd2_journal_stop+0x6cd/0x1260 mnt/sdd/author/meerkat/wd-bisector-6/kernel/fs/jbd2/transaction.c:1787
 __ext4_journal_stop+0xc1/0x1d0 mnt/sdd/author/meerkat/wd-bisector-6/kernel/fs/ext4/ext4_jbd2.c:103
 ext4_da_write_end+0x486/0x970 mnt/sdd/author/meerkat/wd-bisector-6/kernel/fs/ext4/inode.c:3179
 generic_perform_write+0x2e3/0x480 mnt/sdd/author/meerkat/wd-bisector-6/kernel/mm/filemap.c:3150
 __generic_file_write_iter+0x201/0x580 mnt/sdd/author/meerkat/wd-bisector-6/kernel/mm/filemap.c:3264
 ext4_file_write_iter+0x295/0xfe0 mnt/sdd/author/meerkat/wd-bisector-6/kernel/fs/ext4/file.c:266
 call_write_iter mnt/sdd/author/meerkat/wd-bisector-6/kernel/./include/linux/fs.h:1808 [inline]
 do_iter_readv_writev+0x4ae/0x960 mnt/sdd/author/meerkat/wd-bisector-6/kernel/fs/read_write.c:680
 do_iter_write+0x12a/0x510 mnt/sdd/author/meerkat/wd-bisector-6/kernel/fs/read_write.c:959
 vfs_iter_write+0x5b/0xb0 mnt/sdd/author/meerkat/wd-bisector-6/kernel/fs/read_write.c:972
 iter_file_splice_write+0x55d/0xc40 mnt/sdd/author/meerkat/wd-bisector-6/kernel/fs/splice.c:750
 do_splice_from mnt/sdd/author/meerkat/wd-bisector-6/kernel/fs/splice.c:852 [inline]
 direct_splice_actor+0x104/0x1c0 mnt/sdd/author/meerkat/wd-bisector-6/kernel/fs/splice.c:1019
 splice_direct_to_actor+0x288/0x770 mnt/sdd/author/meerkat/wd-bisector-6/kernel/fs/splice.c:974
 do_splice_direct+0x14c/0x270 mnt/sdd/author/meerkat/wd-bisector-6/kernel/fs/splice.c:1062
 do_sendfile+0x481/0xcf0 mnt/sdd/author/meerkat/wd-bisector-6/kernel/fs/read_write.c:1440
 __do_sys_sendfile64 mnt/sdd/author/meerkat/wd-bisector-6/kernel/fs/read_write.c:1495 [inline]
 __se_sys_sendfile64+0x9f/0x120 mnt/sdd/author/meerkat/wd-bisector-6/kernel/fs/read_write.c:1487
 __x64_sys_sendfile64+0x92/0xf0 mnt/sdd/author/meerkat/wd-bisector-6/kernel/fs/read_write.c:1487
 do_syscall_64+0xd0/0x540 mnt/sdd/author/meerkat/wd-bisector-6/kernel/arch/x86/entry/common.c:290
 entry_SYSCALL_64_after_hwframe+0x49/0xbe
RIP: 0033:0x7fda9ead2ced
Code: c3 e8 17 32 00 00 0f 1f 80 00 00 00 00 f3 0f 1e fa 48 89 f8 48 89 f7 48 89 d6 48 89 ca 4d 89 c2 4d 89 c8 4c 8b 4c 24 08 0f 05 <48> 3d 01 f0 ff ff 73 01 c3 48 c7 c1 b8 ff ff ff f7 d8 64 89 01 48
RSP: 002b:00007fda9de3ebd8 EFLAGS: 00000246 ORIG_RAX: 0000000000000028
RAX: ffffffffffffffda RBX: 00007fda9ec0cf80 RCX: 00007fda9ead2ced
RDX: 00000000200001c0 RSI: 0000000000000003 RDI: 0000000000000003
RBP: 00007fda9eb304ac R08: 0000000000000000 R09: 0000000000000000
R10: 000000000200a198 R11: 0000000000000246 R12: 0000000000000000
R13: 00007ffd4555e1bf R14: 00007ffd4555e350 R15: 00007fda9de3ed80
rcu: rcu_preempt kthread starved for 10540 jiffies! g6977 f0x2 RCU_GP_WAIT_FQS(5) ->state=0x0 ->cpu=1
rcu: RCU grace-period kthread stack dump:
rcu_preempt     R  running task    29608    11      2 0x80080000
Call Trace:
 context_switch mnt/sdd/author/meerkat/wd-bisector-6/kernel/kernel/sched/core.c:2825 [inline]
 __schedule+0x80c/0x1f20 mnt/sdd/author/meerkat/wd-bisector-6/kernel/kernel/sched/core.c:3473
 schedule+0x7f/0x1b0 mnt/sdd/author/meerkat/wd-bisector-6/kernel/kernel/sched/core.c:3517
 schedule_timeout+0x398/0xcc0 mnt/sdd/author/meerkat/wd-bisector-6/kernel/kernel/time/timer.c:1804
 rcu_gp_kthread+0xd30/0x2130 mnt/sdd/author/meerkat/wd-bisector-6/kernel/kernel/rcu/tree.c:2194
 kthread+0x324/0x3e0 mnt/sdd/author/meerkat/wd-bisector-6/kernel/kernel/kthread.c:246
 ret_from_fork+0x24/0x30 mnt/sdd/author/meerkat/wd-bisector-6/kernel/arch/x86/entry/entry_64.S:413
WARNING: CPU: 1 PID: 8485 at net/wireless/ibss.c:36 __cfg80211_ibss_joined+0x390/0x440 mnt/sdd/author/meerkat/wd-bisector-6/kernel/net/wireless/ibss.c:47


INFO: rcu detected stall in corrupted
the crash already happened on the oldest tested release
