TrussLab starts bisection 2025-03-24 17:50:42.988754601 -0700 PDT m=+7.366999192
bisecting cause commit starting from 0a924817d2ed9396401e0557c6134276d2e26382
building syzkaller on HEAD
ensuring issue is reproducible on original commit 0a924817d2ed9396401e0557c6134276d2e26382

testing commit 0a924817d2ed9396401e0557c6134276d2e26382 gcc
compiler: gcc (Ubuntu 10.5.0-1ubuntu1~20.04) 10.5.0, GNU ld (GNU Binutils for Ubuntu) 2.34
kernel signature: 92f956616388827266089ec9db7a005a1074c2d61f423ec209d56db8fd7d631e
all runs: crashed: general protection fault in gfs2_rgrp_dump
representative crash: general protection fault in gfs2_rgrp_dump, types: [UNKNOWN]
picked [v6.1 v6.0 v5.19 v5.17 v5.15 v5.13 v5.11 v5.9 v5.6 v5.3 v5.0 v4.19] out of 24 release tags
testing release v6.1
testing commit 830b3c68c1fb1e9176028d02ef86f3cf76aa2476 gcc
compiler: gcc (Ubuntu 10.5.0-1ubuntu1~20.04) 10.5.0, GNU ld (GNU Binutils for Ubuntu) 2.34
kernel signature: b249b64b194a16fc56ae07e4ebc37909b4f524f22a2c4c4575f1f42e005acc5c
all runs: crashed: general protection fault in gfs2_rgrp_dump
representative crash: general protection fault in gfs2_rgrp_dump, types: [UNKNOWN]
testing release v6.0
testing commit 4fe89d07dcc2804c8b562f6c7896a45643d34b2f gcc
compiler: gcc (Ubuntu 10.5.0-1ubuntu1~20.04) 10.5.0, GNU ld (GNU Binutils for Ubuntu) 2.34
kernel signature: 4b029689e08024de1fa91993913dd98c0f6f419583fc14b3f3860a82d7cdfa06
all runs: crashed: general protection fault in gfs2_rgrp_dump
representative crash: general protection fault in gfs2_rgrp_dump, types: [UNKNOWN]
testing release v5.19
testing commit 3d7cb6b04c3f3115719235cc6866b10326de34cd gcc
compiler: gcc (Ubuntu 10.5.0-1ubuntu1~20.04) 10.5.0, GNU ld (GNU Binutils for Ubuntu) 2.34
kernel signature: ed4c368a0b03a030da308e9bb219afe0e78559f0b6ca3e123909bce61b28f262
all runs: crashed: general protection fault in gfs2_rgrp_dump
representative crash: general protection fault in gfs2_rgrp_dump, types: [UNKNOWN]
testing release v5.17
testing commit f443e374ae131c168a065ea1748feac6b2e76613 gcc
compiler: gcc (Ubuntu 10.5.0-1ubuntu1~20.04) 10.5.0, GNU ld (GNU Binutils for Ubuntu) 2.34
kernel signature: 82209efdf1b295e07165f8d10e1f4bcf1ee6a1fae0471d150a0feba07bd045b9
all runs: crashed: general protection fault in gfs2_rgrp_dump
representative crash: general protection fault in gfs2_rgrp_dump, types: [UNKNOWN]
testing release v5.15
testing commit 8bb7eca972ad531c9b149c0a51ab43a417385813 gcc
compiler: gcc (GCC) 10.1.0-syz 20200507, GNU ld (GNU Binutils for Ubuntu) 2.34
kernel signature: e49bcafb594ba18ce028de3e39c008f9ddd892eb5e69edc14c2d42df537f5bd0
all runs: crashed: general protection fault in gfs2_rgrp_dump
representative crash: general protection fault in gfs2_rgrp_dump, types: [UNKNOWN]
testing release v5.13
testing commit 62fb9874f5da54fdb243003b386128037319b219 gcc
compiler: gcc (GCC) 10.1.0-syz 20200507, GNU ld (GNU Binutils for Ubuntu) 2.34
kernel signature: 256cfcc2a0be8b12cadc858f2bcb5cf4d14ca90920f95f0b2d002db1cf6f3285
all runs: crashed: general protection fault in gfs2_rgrp_dump
representative crash: general protection fault in gfs2_rgrp_dump, types: [UNKNOWN]
testing release v5.11
testing commit f40ddce88593482919761f74910f42f4b84c004b gcc
compiler: gcc (GCC) 10.1.0-syz 20200507, GNU ld (GNU Binutils for Ubuntu) 2.34
kernel signature: 335dd934e4874a74f0612147cebc0d5eaa5fd1857212263b3822c48d88eeb850
2025/03/24 20:17:33 failed to symbolize report: failed to run ["scripts/get_maintainer.pl" "--git-min-percent=15" "-f" "mnt/sdd/jtbursey/SyzInspector/wd-bisector-5/kernel/drivers/vdpa/vdpa_sim/vdpa_sim.c"]: exit status 2
scripts/get_maintainer.pl: file 'mnt/sdd/jtbursey/SyzInspector/wd-bisector-5/kernel/drivers/vdpa/vdpa_sim/vdpa_sim.c' not found
2025/03/24 20:17:33 failed to symbolize report: failed to run ["scripts/get_maintainer.pl" "--git-min-percent=15" "-f" "mnt/sdd/jtbursey/SyzInspector/wd-bisector-5/kernel/drivers/vdpa/vdpa_sim/vdpa_sim.c"]: exit status 2
scripts/get_maintainer.pl: file 'mnt/sdd/jtbursey/SyzInspector/wd-bisector-5/kernel/drivers/vdpa/vdpa_sim/vdpa_sim.c' not found
2025/03/24 20:17:33 failed to symbolize report: failed to run ["scripts/get_maintainer.pl" "--git-min-percent=15" "-f" "mnt/sdd/jtbursey/SyzInspector/wd-bisector-5/kernel/drivers/vdpa/vdpa_sim/vdpa_sim.c"]: exit status 2
scripts/get_maintainer.pl: file 'mnt/sdd/jtbursey/SyzInspector/wd-bisector-5/kernel/drivers/vdpa/vdpa_sim/vdpa_sim.c' not found
2025/03/24 20:17:33 failed to symbolize report: failed to run ["scripts/get_maintainer.pl" "--git-min-percent=15" "-f" "mnt/sdd/jtbursey/SyzInspector/wd-bisector-5/kernel/drivers/vdpa/vdpa_sim/vdpa_sim.c"]: exit status 2
scripts/get_maintainer.pl: file 'mnt/sdd/jtbursey/SyzInspector/wd-bisector-5/kernel/drivers/vdpa/vdpa_sim/vdpa_sim.c' not found
2025/03/24 20:17:33 failed to symbolize report: failed to run ["scripts/get_maintainer.pl" "--git-min-percent=15" "-f" "mnt/sdd/jtbursey/SyzInspector/wd-bisector-5/kernel/drivers/vdpa/vdpa_sim/vdpa_sim.c"]: exit status 2
scripts/get_maintainer.pl: file 'mnt/sdd/jtbursey/SyzInspector/wd-bisector-5/kernel/drivers/vdpa/vdpa_sim/vdpa_sim.c' not found
2025/03/24 20:17:33 failed to symbolize report: failed to run ["scripts/get_maintainer.pl" "--git-min-percent=15" "-f" "mnt/sdd/jtbursey/SyzInspector/wd-bisector-5/kernel/drivers/vdpa/vdpa_sim/vdpa_sim.c"]: exit status 2
scripts/get_maintainer.pl: file 'mnt/sdd/jtbursey/SyzInspector/wd-bisector-5/kernel/drivers/vdpa/vdpa_sim/vdpa_sim.c' not found
2025/03/24 20:17:33 failed to symbolize report: failed to run ["scripts/get_maintainer.pl" "--git-min-percent=15" "-f" "mnt/sdd/jtbursey/SyzInspector/wd-bisector-5/kernel/drivers/vdpa/vdpa_sim/vdpa_sim.c"]: exit status 2
scripts/get_maintainer.pl: file 'mnt/sdd/jtbursey/SyzInspector/wd-bisector-5/kernel/drivers/vdpa/vdpa_sim/vdpa_sim.c' not found
2025/03/24 20:17:33 failed to symbolize report: failed to run ["scripts/get_maintainer.pl" "--git-min-percent=15" "-f" "mnt/sdd/jtbursey/SyzInspector/wd-bisector-5/kernel/drivers/vdpa/vdpa_sim/vdpa_sim.c"]: exit status 2
scripts/get_maintainer.pl: file 'mnt/sdd/jtbursey/SyzInspector/wd-bisector-5/kernel/drivers/vdpa/vdpa_sim/vdpa_sim.c' not found
run #0: boot failed: inconsistent lock state in vdpasim_map_page
run #1: boot failed: inconsistent lock state in vdpasim_map_page
run #2: boot failed: inconsistent lock state in vdpasim_map_page
run #3: boot failed: inconsistent lock state in vdpasim_map_page
run #4: boot failed: inconsistent lock state in vdpasim_map_page
run #5: boot failed: inconsistent lock state in vdpasim_map_page
run #6: boot failed: inconsistent lock state in vdpasim_map_page
run #7: boot failed: possible deadlock in virtnet_poll_tx
unable to determine the verdict: 0 good runs (wanted 4), for bad wanted 4 in total, got 0
testing release v5.9
testing commit bbf5c979011a099af5dc76498918ed7df445635b gcc
compiler: gcc (GCC) 10.1.0-syz 20200507, GNU ld (GNU Binutils for Ubuntu) 2.34
kernel signature: bdc7a42ee75b1b69296baad396efa1cf6f7c54e65b8d9504c2ab61d7c98ed8b8
2025/03/24 20:44:44 failed to symbolize report: failed to run ["scripts/get_maintainer.pl" "--git-min-percent=15" "-f" "mnt/sdd/jtbursey/SyzInspector/wd-bisector-5/kernel/drivers/vdpa/vdpa_sim/vdpa_sim.c"]: exit status 2
scripts/get_maintainer.pl: file 'mnt/sdd/jtbursey/SyzInspector/wd-bisector-5/kernel/drivers/vdpa/vdpa_sim/vdpa_sim.c' not found
2025/03/24 20:44:44 failed to symbolize report: failed to run ["scripts/get_maintainer.pl" "--git-min-percent=15" "-f" "mnt/sdd/jtbursey/SyzInspector/wd-bisector-5/kernel/drivers/vdpa/vdpa_sim/vdpa_sim.c"]: exit status 2
scripts/get_maintainer.pl: file 'mnt/sdd/jtbursey/SyzInspector/wd-bisector-5/kernel/drivers/vdpa/vdpa_sim/vdpa_sim.c' not found
2025/03/24 20:44:44 failed to symbolize report: failed to run ["scripts/get_maintainer.pl" "--git-min-percent=15" "-f" "mnt/sdd/jtbursey/SyzInspector/wd-bisector-5/kernel/drivers/vdpa/vdpa_sim/vdpa_sim.c"]: exit status 2
scripts/get_maintainer.pl: file 'mnt/sdd/jtbursey/SyzInspector/wd-bisector-5/kernel/drivers/vdpa/vdpa_sim/vdpa_sim.c' not found
2025/03/24 20:44:44 failed to symbolize report: failed to run ["scripts/get_maintainer.pl" "--git-min-percent=15" "-f" "mnt/sdd/jtbursey/SyzInspector/wd-bisector-5/kernel/drivers/vdpa/vdpa_sim/vdpa_sim.c"]: exit status 2
scripts/get_maintainer.pl: file 'mnt/sdd/jtbursey/SyzInspector/wd-bisector-5/kernel/drivers/vdpa/vdpa_sim/vdpa_sim.c' not found
2025/03/24 20:44:44 failed to symbolize report: failed to run ["scripts/get_maintainer.pl" "--git-min-percent=15" "-f" "mnt/sdd/jtbursey/SyzInspector/wd-bisector-5/kernel/drivers/vdpa/vdpa_sim/vdpa_sim.c"]: exit status 2
scripts/get_maintainer.pl: file 'mnt/sdd/jtbursey/SyzInspector/wd-bisector-5/kernel/drivers/vdpa/vdpa_sim/vdpa_sim.c' not found
2025/03/24 20:44:44 failed to symbolize report: failed to run ["scripts/get_maintainer.pl" "--git-min-percent=15" "-f" "mnt/sdd/jtbursey/SyzInspector/wd-bisector-5/kernel/drivers/vdpa/vdpa_sim/vdpa_sim.c"]: exit status 2
scripts/get_maintainer.pl: file 'mnt/sdd/jtbursey/SyzInspector/wd-bisector-5/kernel/drivers/vdpa/vdpa_sim/vdpa_sim.c' not found
2025/03/24 20:44:44 failed to symbolize report: failed to run ["scripts/get_maintainer.pl" "--git-min-percent=15" "-f" "mnt/sdd/jtbursey/SyzInspector/wd-bisector-5/kernel/drivers/vdpa/vdpa_sim/vdpa_sim.c"]: exit status 2
scripts/get_maintainer.pl: file 'mnt/sdd/jtbursey/SyzInspector/wd-bisector-5/kernel/drivers/vdpa/vdpa_sim/vdpa_sim.c' not found
2025/03/24 20:44:45 failed to symbolize report: failed to run ["scripts/get_maintainer.pl" "--git-min-percent=15" "-f" "mnt/sdd/jtbursey/SyzInspector/wd-bisector-5/kernel/drivers/vdpa/vdpa_sim/vdpa_sim.c"]: exit status 2
scripts/get_maintainer.pl: file 'mnt/sdd/jtbursey/SyzInspector/wd-bisector-5/kernel/drivers/vdpa/vdpa_sim/vdpa_sim.c' not found
run #0: boot failed: inconsistent lock state in vdpasim_map_page
run #1: boot failed: inconsistent lock state in vdpasim_map_page
run #2: boot failed: inconsistent lock state in vdpasim_map_page
run #3: boot failed: inconsistent lock state in vdpasim_map_page
run #4: boot failed: inconsistent lock state in vdpasim_map_page
run #5: boot failed: possible deadlock in virtnet_poll_tx
run #6: boot failed: possible deadlock in virtnet_poll_tx
run #7: boot failed: inconsistent lock state in vdpasim_map_page
unable to determine the verdict: 0 good runs (wanted 4), for bad wanted 4 in total, got 0
testing release v5.6
testing commit 7111951b8d4973bda27ff663f2cf18b663d15b48 gcc
compiler: gcc version 8.1.0 (GCC)
kernel signature: ded2e3b7702163103e17af7e75edc68a02133274086e82f871280b83727ded17
all runs: crashed: general protection fault in gfs2_rgrp_dump
representative crash: general protection fault in gfs2_rgrp_dump, types: [UNKNOWN]
testing release v5.3
testing commit 4d856f72c10ecb060868ed10ff1b1453943fc6c8 gcc
compiler: gcc version 8.1.0 (GCC)
kernel signature: 3f142eaae49383fa4a4d35e3c58172d11515d32fc3e0e39ac5b33216c7d33151
all runs: crashed: general protection fault in gfs2_rgrp_dump
representative crash: general protection fault in gfs2_rgrp_dump, types: [UNKNOWN]
testing release v5.0
testing commit 1c163f4c7b3f621efff9b28a47abb36f7378d783 gcc
compiler: gcc version 8.1.0 (GCC)
kernel signature: ffb7845f42c64d38b5c27ad83b228f7c5090385406fc1967b772bc892bf7201c
all runs: crashed: general protection fault in gfs2_rgrp_dump
representative crash: general protection fault in gfs2_rgrp_dump, types: [UNKNOWN]
testing release v4.19
testing commit 84df9525b0c27f3ebc2ebb1864fa62a97fdedb7d gcc
compiler: gcc version 8.1.0 (GCC)
kernel signature: 1e9d15495491c4eb5d2028697f0d5a098ac1f2d513a55d901f8f3c0b0d3ee9bc
all runs: OK
false negative chance: 0.000
# git bisect start 1c163f4c7b3f621efff9b28a47abb36f7378d783 84df9525b0c27f3ebc2ebb1864fa62a97fdedb7d
Bisecting: 14457 revisions left to test after this (roughly 14 steps)
[149d3775f108c9b97f3309891f010b65e912c7b7] qede: Simplify the usage of qede-flags.

testing commit 149d3775f108c9b97f3309891f010b65e912c7b7 gcc
compiler: gcc version 8.1.0 (GCC)
kernel signature: df0dea0c2562187ddb9557a56b37f6f3af5b69610cbe28ff60f0472e43cad383
all runs: crashed: general protection fault in gfs2_rgrp_dump
representative crash: general protection fault in gfs2_rgrp_dump, types: [UNKNOWN]
# git bisect bad 149d3775f108c9b97f3309891f010b65e912c7b7
Bisecting: 7188 revisions left to test after this (roughly 13 steps)
[c7a2c49ea6c9eebbe44ff2c08b663b2905ee2c13] Merge tag 'nfs-for-4.20-1' of git://git.linux-nfs.org/projects/trondmy/linux-nfs

testing commit c7a2c49ea6c9eebbe44ff2c08b663b2905ee2c13 gcc
compiler: gcc version 8.1.0 (GCC)
kernel signature: 66557a2c51097bda0d5b803a5cd24bfa811ea5d3287f55efb26030f2ac2fa4ec
all runs: crashed: general protection fault in gfs2_rgrp_dump
representative crash: general protection fault in gfs2_rgrp_dump, types: [UNKNOWN]
# git bisect bad c7a2c49ea6c9eebbe44ff2c08b663b2905ee2c13
Bisecting: 3026 revisions left to test after this (roughly 12 steps)
[50b825d7e87f4cff7070df6eb26390152bb29537] Merge git://git.kernel.org/pub/scm/linux/kernel/git/davem/net-next

testing commit 50b825d7e87f4cff7070df6eb26390152bb29537 gcc
compiler: gcc version 8.1.0 (GCC)
kernel signature: 8448c346bcd28ee01f1a5eb79e65a3d80633dee593b37c89c527799f5766378c
all runs: OK
false negative chance: 0.000
# git bisect good 50b825d7e87f4cff7070df6eb26390152bb29537
Bisecting: 1518 revisions left to test after this (roughly 11 steps)
[24ed334f33666f2ae929ccc08f72e7e72e353c64] Merge branch 'next-loadpin' of git://git.kernel.org/pub/scm/linux/kernel/git/jmorris/linux-security

testing commit 24ed334f33666f2ae929ccc08f72e7e72e353c64 gcc
compiler: gcc version 8.1.0 (GCC)
kernel signature: 8391ef18d72a5c0c5cea0483e32e28c6cf1edb885f6a1aef4d128e60a5fc3eef
all runs: crashed: general protection fault in gfs2_rgrp_dump
representative crash: general protection fault in gfs2_rgrp_dump, types: [UNKNOWN]
# git bisect bad 24ed334f33666f2ae929ccc08f72e7e72e353c64
Bisecting: 812 revisions left to test after this (roughly 10 steps)
[a41efc2a0f68cea26665ab9e6d991c9bf33b3f59] Merge tag 'dmaengine-4.20-rc1' of git://git.infradead.org/users/vkoul/slave-dma

testing commit a41efc2a0f68cea26665ab9e6d991c9bf33b3f59 gcc
compiler: gcc version 8.1.0 (GCC)
kernel signature: 345beef25a8d03a2a5031cc2cb7d7c86e3c847453e21607f416bf653d251a7e7
all runs: crashed: general protection fault in gfs2_rgrp_dump
representative crash: general protection fault in gfs2_rgrp_dump, types: [UNKNOWN]
# git bisect bad a41efc2a0f68cea26665ab9e6d991c9bf33b3f59
Bisecting: 319 revisions left to test after this (roughly 9 steps)
[d6edff78fe9e34dbea1bec7dc26cfce92c6d96d5] Merge tag 'f2fs-for-4.20-rc1' of git://git.kernel.org/pub/scm/linux/kernel/git/jaegeuk/f2fs

testing commit d6edff78fe9e34dbea1bec7dc26cfce92c6d96d5 gcc
compiler: gcc version 8.1.0 (GCC)
kernel signature: 1b38768042096d68dad4a90f88934ecc2a21059a669cb5e9a2c5476375875f9f
all runs: crashed: general protection fault in gfs2_rgrp_dump
representative crash: general protection fault in gfs2_rgrp_dump, types: [UNKNOWN]
# git bisect bad d6edff78fe9e34dbea1bec7dc26cfce92c6d96d5
Bisecting: 212 revisions left to test after this (roughly 8 steps)
[44adbac8f7217040be97928cd19998259d9d4418] Merge branch 'work.tty-ioctl' of git://git.kernel.org/pub/scm/linux/kernel/git/viro/vfs

testing commit 44adbac8f7217040be97928cd19998259d9d4418 gcc
compiler: gcc version 8.1.0 (GCC)
kernel signature: dfd5266472b2536c6631adfd0a3d12a806f66cf148363581a856f7acbf6711ae
all runs: OK
false negative chance: 0.000
# git bisect good 44adbac8f7217040be97928cd19998259d9d4418
Bisecting: 103 revisions left to test after this (roughly 7 steps)
[e1cbbf4067820ea4df534dd96f51c8f67854dcad] Merge tag 'for-linus-4.20-ofs1' of git://git.kernel.org/pub/scm/linux/kernel/git/hubcap/linux

testing commit e1cbbf4067820ea4df534dd96f51c8f67854dcad gcc
compiler: gcc version 8.1.0 (GCC)
kernel signature: 24ae0a550bd21cccc7d162c0cfa451a15e0602406075b2c36a7f2d3e8e26f564
2025/03/24 23:36:55 failed to symbolize report: failed to run ["scripts/get_maintainer.pl" "--git-min-percent=15" "-f" "mnt/sdd/jtbursey/SyzInspector/wd-bisector-5/kernel/net/batman-adv/bat_iv_ogm.c"]: exit status 2
scripts/get_maintainer.pl: file 'mnt/sdd/jtbursey/SyzInspector/wd-bisector-5/kernel/net/batman-adv/bat_iv_ogm.c' not found
run #0: basic kernel testing failed: general protection fault in batadv_iv_ogm_queue_add
run #1: OK
run #2: OK
run #3: OK
run #4: OK
run #5: OK
run #6: OK
run #7: OK
false negative chance: 0.000
# git bisect good e1cbbf4067820ea4df534dd96f51c8f67854dcad
Bisecting: 51 revisions left to test after this (roughly 6 steps)
[4c58ed076875f36dae0f240da1e25e99e5d4afb8] f2fs: fix to account IO correctly

testing commit 4c58ed076875f36dae0f240da1e25e99e5d4afb8 gcc
compiler: gcc version 8.1.0 (GCC)
kernel signature: 2971ad32bf263329b079d2c7bbbb3834c63b3693e7618848a6c207f61fe98428
all runs: OK
false negative chance: 0.000
# git bisect good 4c58ed076875f36dae0f240da1e25e99e5d4afb8
Bisecting: 30 revisions left to test after this (roughly 5 steps)
[96987eea537d6ccd98704a71958f9ba02da80843] xfs: cancel COW blocks before swapext

testing commit 96987eea537d6ccd98704a71958f9ba02da80843 gcc
compiler: gcc version 8.1.0 (GCC)
kernel signature: 6d3e689f4d98361ecf65a1463c571bc841fa3783ee7ed1702dc8ce89988f88a4
all runs: OK
false negative chance: 0.000
# git bisect good 96987eea537d6ccd98704a71958f9ba02da80843
Bisecting: 15 revisions left to test after this (roughly 4 steps)
[c3abc29e54a14953ddb26feeb62dd02d57925e52] gfs2: Remove unnecessary gfs2_rlist_alloc parameter

testing commit c3abc29e54a14953ddb26feeb62dd02d57925e52 gcc
compiler: gcc version 8.1.0 (GCC)
kernel signature: 53497fe9b2219c8df9aac056250a44e3a2cfbc51838656189e8287bae70597e1
all runs: crashed: general protection fault in gfs2_rgrp_dump
representative crash: general protection fault in gfs2_rgrp_dump, types: [UNKNOWN]
# git bisect bad c3abc29e54a14953ddb26feeb62dd02d57925e52
Bisecting: 7 revisions left to test after this (roughly 3 steps)
[6ddc5c3ddf256a7a0906732681a337f0452ac67a] gfs2: getlabel support

testing commit 6ddc5c3ddf256a7a0906732681a337f0452ac67a gcc
compiler: gcc version 8.1.0 (GCC)
kernel signature: 6e30a54c9f055994c75a44dc5ee0f726c804a0f8ce4c26840793cca1f92c80d6
all runs: crashed: general protection fault in gfs2_rgrp_dump
representative crash: general protection fault in gfs2_rgrp_dump, types: [UNKNOWN]
# git bisect bad 6ddc5c3ddf256a7a0906732681a337f0452ac67a
Bisecting: 3 revisions left to test after this (roughly 2 steps)
[b524abcc01483b2ac093cc6a8a2a7375558d2b64] gfs2: slow the deluge of io error messages

testing commit b524abcc01483b2ac093cc6a8a2a7375558d2b64 gcc
compiler: gcc version 8.1.0 (GCC)
kernel signature: 1d35c5ba9c17f348ccac5efecd57549845c66def07072c95b07f7df37f282261
all runs: crashed: general protection fault in gfs2_rgrp_dump
representative crash: general protection fault in gfs2_rgrp_dump, types: [UNKNOWN]
# git bisect bad b524abcc01483b2ac093cc6a8a2a7375558d2b64
Bisecting: 0 revisions left to test after this (roughly 1 step)
[4f36cb36c9d14340bb200d2ad9117b03ce992cfe] gfs2: Don't set GFS2_RDF_UPTODATE when the lvb is updated

testing commit 4f36cb36c9d14340bb200d2ad9117b03ce992cfe gcc
compiler: gcc version 8.1.0 (GCC)
kernel signature: 352705a1614e34fe5ac6bd574566e3806cf35460e0603f7fe2cc282b6d454f0b
all runs: crashed: general protection fault in gfs2_rgrp_dump
representative crash: general protection fault in gfs2_rgrp_dump, types: [UNKNOWN]
# git bisect bad 4f36cb36c9d14340bb200d2ad9117b03ce992cfe
Bisecting: 0 revisions left to test after this (roughly 0 steps)
[72244b6bc752b5c496f09de9a13c18adc314a53c] gfs2: improve debug information when lvb mismatches are found

testing commit 72244b6bc752b5c496f09de9a13c18adc314a53c gcc
compiler: gcc version 8.1.0 (GCC)
kernel signature: def1527a3b1833cf01d19015f6d20466636d897b34f3f91a533387adf1b21a4f
all runs: crashed: general protection fault in gfs2_rgrp_dump
representative crash: general protection fault in gfs2_rgrp_dump, types: [UNKNOWN]
# git bisect bad 72244b6bc752b5c496f09de9a13c18adc314a53c
72244b6bc752b5c496f09de9a13c18adc314a53c is the first bad commit
commit 72244b6bc752b5c496f09de9a13c18adc314a53c
Author: Bob Peterson <rpeterso@redhat.com>
Date:   Wed Aug 15 12:09:49 2018 -0500

    gfs2: improve debug information when lvb mismatches are found
    
    Before this patch, gfs2_rgrp_bh_get would check for lvb mismatches,
    but it wouldn't tell you what was actually wrong. This patch adds
    more information to help us debug it. It also makes rgrp consistency
    checks dump any bad rgrps, and the rgrp dump code dump any lvbs
    as well as the rgrp itself.
    
    Signed-off-by: Bob Peterson <rpeterso@redhat.com>
    Acked-by: Steven Whitehouse <swhiteho@redhat.com>

 fs/gfs2/rgrp.c | 41 ++++++++++++++++++++++++++++++++++++-----
 fs/gfs2/util.c |  3 +++
 2 files changed, 39 insertions(+), 5 deletions(-)

accumulated error probability: 0.00
parent commit 050cdc6c9501abcd64720b8cc3e7941efee9547d wasn't tested
testing commit 050cdc6c9501abcd64720b8cc3e7941efee9547d gcc
compiler: gcc version 8.1.0 (GCC)
kernel signature: c510a7f9e777b8884210888044465c33f541cd1be86dbd6d9722f9dcead703d1
culprit signature: def1527a3b1833cf01d19015f6d20466636d897b34f3f91a533387adf1b21a4f
parent  signature: c510a7f9e777b8884210888044465c33f541cd1be86dbd6d9722f9dcead703d1
revisions tested: 28, total time: 7h40m57.987172262s (build: 5h50m30.479334012s, test: 1h27m16.788637065s)
first bad commit: 72244b6bc752b5c496f09de9a13c18adc314a53c gfs2: improve debug information when lvb mismatches are found
recipients (to): ["agruenba@redhat.com" "cluster-devel@redhat.com" "rpeterso@redhat.com" "rpeterso@redhat.com" "swhiteho@redhat.com"]
recipients (cc): ["linux-kernel@vger.kernel.org"]
crash: general protection fault in gfs2_rgrp_dump
gfs2: fsid=syz:syz: Now mounting FS...
gfs2: fsid=syz:syz.s: first mount done, others may mount
kasan: CONFIG_KASAN_INLINE enabled
kasan: GPF could be caused by NULL-ptr deref or user memory access
general protection fault: 0000 [#1] PREEMPT SMP KASAN
CPU: 0 PID: 8881 Comm: syz-executor.0 Not tainted 4.19.0-rc1-syzkaller #0
Hardware name: QEMU Standard PC (i440FX + PIIX, 1996), BIOS 1.13.0-1ubuntu1.1 04/01/2014
RIP: 0010:gfs2_rgrp_dump+0x2c/0x740 mnt/sdd/jtbursey/SyzInspector/wd-bisector-5/kernel/fs/gfs2/rgrp.c:2260
Code: 00 00 00 00 00 fc ff df 55 48 89 e5 41 57 41 56 41 55 49 89 fd 48 8d be f8 00 00 00 41 54 48 89 fa 53 48 c1 ea 03 48 83 ec 18 <80> 3c 02 00 0f 85 6a 06 00 00 48 8b 9e f8 00 00 00 48 85 db 0f 84
RSP: 0018:ffff880058c3f450 EFLAGS: 00010286
RAX: dffffc0000000000 RBX: ffff88005b028000 RCX: ffffffff88237960
RDX: 000000000000001f RSI: 0000000000000000 RDI: 00000000000000f8
RBP: ffff880058c3f490 R08: 0000000000000332 R09: ffff8800621bc200
R10: ffff88005e25843c R11: ffff88005e258440 R12: ffff8800621bc200
R13: 0000000000000000 R14: ffffffff88237960 R15: 0000000000000332
FS:  00007f5de5dee700(0000) GS:ffff880064600000(0000) knlGS:0000000000000000
CS:  0010 DS: 0000 ES: 0000 CR0: 0000000080050033
CR2: 00007f5dde9cd000 CR3: 000000005dc16000 CR4: 0000000000340ef0
DR0: 0000000000000000 DR1: 0000000000000000 DR2: 0000000000000000
DR3: 0000000000000000 DR6: 00000000fffe0ff0 DR7: 0000000000000400
Call Trace:
 gfs2_consist_rgrpd_i+0x5e/0xc0 mnt/sdd/jtbursey/SyzInspector/wd-bisector-5/kernel/fs/gfs2/util.c:186
 compute_bitstructs mnt/sdd/jtbursey/SyzInspector/wd-bisector-5/kernel/fs/gfs2/rgrp.c:818 [inline]
 read_rindex_entry+0xf6f/0x1a50 mnt/sdd/jtbursey/SyzInspector/wd-bisector-5/kernel/fs/gfs2/rgrp.c:919
 gfs2_ri_update+0x69/0x260 mnt/sdd/jtbursey/SyzInspector/wd-bisector-5/kernel/fs/gfs2/rgrp.c:996
 gfs2_rindex_update+0x382/0x4d0 mnt/sdd/jtbursey/SyzInspector/wd-bisector-5/kernel/fs/gfs2/rgrp.c:1042
 init_inodes+0x1270/0x1a20 mnt/sdd/jtbursey/SyzInspector/wd-bisector-5/kernel/fs/gfs2/ops_fstype.c:815
 fill_super+0x16b4/0x23d0 mnt/sdd/jtbursey/SyzInspector/wd-bisector-5/kernel/fs/gfs2/ops_fstype.c:1149
 gfs2_mount+0x406/0x4d1 mnt/sdd/jtbursey/SyzInspector/wd-bisector-5/kernel/fs/gfs2/ops_fstype.c:1302
 mount_fs+0x7f/0x2a9 mnt/sdd/jtbursey/SyzInspector/wd-bisector-5/kernel/fs/super.c:1261
 vfs_kern_mount.part.11+0x58/0x3d0 mnt/sdd/jtbursey/SyzInspector/wd-bisector-5/kernel/fs/namespace.c:961
 vfs_kern_mount mnt/sdd/jtbursey/SyzInspector/wd-bisector-5/kernel/fs/namespace.c:951 [inline]
 do_new_mount mnt/sdd/jtbursey/SyzInspector/wd-bisector-5/kernel/fs/namespace.c:2457 [inline]
 do_mount+0x376/0x2710 mnt/sdd/jtbursey/SyzInspector/wd-bisector-5/kernel/fs/namespace.c:2787
 ksys_mount+0xba/0xe0 mnt/sdd/jtbursey/SyzInspector/wd-bisector-5/kernel/fs/namespace.c:3003
 __do_sys_mount mnt/sdd/jtbursey/SyzInspector/wd-bisector-5/kernel/fs/namespace.c:3017 [inline]
 __se_sys_mount mnt/sdd/jtbursey/SyzInspector/wd-bisector-5/kernel/fs/namespace.c:3014 [inline]
 __x64_sys_mount+0xb9/0x150 mnt/sdd/jtbursey/SyzInspector/wd-bisector-5/kernel/fs/namespace.c:3014
 do_syscall_64+0xd0/0x540 mnt/sdd/jtbursey/SyzInspector/wd-bisector-5/kernel/arch/x86/entry/common.c:290
 entry_SYSCALL_64_after_hwframe+0x49/0xbe
RIP: 0033:0x7f5de6a8468e
Code: 48 c7 c1 b8 ff ff ff f7 d8 64 89 01 48 83 c8 ff c3 66 2e 0f 1f 84 00 00 00 00 00 90 f3 0f 1e fa 49 89 ca b8 a5 00 00 00 0f 05 <48> 3d 01 f0 ff ff 73 01 c3 48 c7 c1 b8 ff ff ff f7 d8 64 89 01 48
RSP: 002b:00007f5de5ded9e8 EFLAGS: 00000246 ORIG_RAX: 00000000000000a5
RAX: ffffffffffffffda RBX: 0000000000012517 RCX: 00007f5de6a8468e
RDX: 00000000200124c0 RSI: 0000000020000000 RDI: 00007f5de5deda40
RBP: 00007f5de5deda80 R08: 00007f5de5deda80 R09: 0000000000000002
R10: 0000000000000002 R11: 0000000000000246 R12: 00000000200124c0
R13: 0000000020000000 R14: 00007f5de5deda40 R15: 0000000020000100
Modules linked in:
---[ end trace 2e00bf83483ed28e ]---
RIP: 0010:gfs2_rgrp_dump+0x2c/0x740 mnt/sdd/jtbursey/SyzInspector/wd-bisector-5/kernel/fs/gfs2/rgrp.c:2260
Code: 00 00 00 00 00 fc ff df 55 48 89 e5 41 57 41 56 41 55 49 89 fd 48 8d be f8 00 00 00 41 54 48 89 fa 53 48 c1 ea 03 48 83 ec 18 <80> 3c 02 00 0f 85 6a 06 00 00 48 8b 9e f8 00 00 00 48 85 db 0f 84
RSP: 0018:ffff880058c3f450 EFLAGS: 00010286
RAX: dffffc0000000000 RBX: ffff88005b028000 RCX: ffffffff88237960
RDX: 000000000000001f RSI: 0000000000000000 RDI: 00000000000000f8
RBP: ffff880058c3f490 R08: 0000000000000332 R09: ffff8800621bc200
R10: ffff88005e25843c R11: ffff88005e258440 R12: ffff8800621bc200
R13: 0000000000000000 R14: ffffffff88237960 R15: 0000000000000332
FS:  00007f5de5dee700(0000) GS:ffff880064600000(0000) knlGS:0000000000000000
CS:  0010 DS: 0000 ES: 0000 CR0: 0000000080050033
CR2: 00007fec1ecf6000 CR3: 000000005dc16000 CR4: 0000000000340ef0
DR0: 0000000000000000 DR1: 0000000000000000 DR2: 0000000000000000
DR3: 0000000000000000 DR6: 00000000fffe0ff0 DR7: 0000000000000400
----------------
Code disassembly (best guess), 7 bytes skipped:
   0:	df 55 48             	fists  0x48(%rbp)
   3:	89 e5                	mov    %esp,%ebp
   5:	41 57                	push   %r15
   7:	41 56                	push   %r14
   9:	41 55                	push   %r13
   b:	49 89 fd             	mov    %rdi,%r13
   e:	48 8d be f8 00 00 00 	lea    0xf8(%rsi),%rdi
  15:	41 54                	push   %r12
  17:	48 89 fa             	mov    %rdi,%rdx
  1a:	53                   	push   %rbx
  1b:	48 c1 ea 03          	shr    $0x3,%rdx
  1f:	48 83 ec 18          	sub    $0x18,%rsp
* 23:	80 3c 02 00          	cmpb   $0x0,(%rdx,%rax,1) <-- trapping instruction
  27:	0f 85 6a 06 00 00    	jne    0x697
  2d:	48 8b 9e f8 00 00 00 	mov    0xf8(%rsi),%rbx
  34:	48 85 db             	test   %rbx,%rbx
  37:	0f                   	.byte 0xf
  38:	84                   	.byte 0x84


BUG: unable to handle kernel NULL pointer dereference in gfs2_rgrp_dump
72244b6bc752b5c496f09de9a13c18adc314a53c
