TrussLab starts bisection 2025-03-29 17:38:54.371239537 -0700 PDT m=+13.274040949
bisecting cause commit starting from 2af9b20dbb39f6ebf9b9b6c090271594627d818e
building syzkaller on HEAD
ensuring issue is reproducible on original commit 2af9b20dbb39f6ebf9b9b6c090271594627d818e

testing commit 2af9b20dbb39f6ebf9b9b6c090271594627d818e gcc
compiler: gcc (Ubuntu 10.5.0-1ubuntu1~20.04) 10.5.0, GNU ld (GNU Binutils for Ubuntu) 2.34
kernel signature: d12217503a854c93b6b2754e4b867e40e3e2d8075484b3634eb31313efeb266e
all runs: crashed: KASAN: slab-use-after-free Read in iommufd_vfio_ioas
representative crash: KASAN: slab-use-after-free Read in iommufd_vfio_ioas, types: [KASAN]
picked [v6.5 v6.4 v6.3 v6.1 v5.19 v5.17 v5.15 v5.13 v5.10 v5.7 v5.4 v5.1 v4.19] out of 28 release tags
testing release v6.5
testing commit 2dde18cd1d8fac735875f2e4987f11817cc0bc2c gcc
compiler: gcc (Ubuntu 10.5.0-1ubuntu1~20.04) 10.5.0, GNU ld (GNU Binutils for Ubuntu) 2.34
kernel signature: 7d744a7f17b01b4396f3fed28f217fc4cb3bb167f060e123226a3affa88b29ae
run #0: crashed: KASAN: slab-use-after-free Read in iommufd_vfio_ioas
run #1: crashed: KASAN: slab-use-after-free Read in iommufd_vfio_ioas
run #2: crashed: KASAN: slab-use-after-free Read in iommufd_vfio_ioas
run #3: crashed: KASAN: slab-use-after-free Write in iommufd_vfio_ioas
run #4: crashed: KASAN: slab-use-after-free Read in iommufd_vfio_ioas
run #5: crashed: KASAN: slab-use-after-free Read in iommufd_vfio_ioas
run #6: crashed: KASAN: slab-use-after-free Read in iommufd_vfio_ioas
run #7: crashed: KASAN: slab-use-after-free Read in iommufd_vfio_ioas
representative crash: KASAN: slab-use-after-free Read in iommufd_vfio_ioas, types: [KASAN]
testing release v6.4
testing commit 6995e2de6891c724bfeb2db33d7b87775f913ad1 gcc
compiler: gcc (Ubuntu 10.5.0-1ubuntu1~20.04) 10.5.0, GNU ld (GNU Binutils for Ubuntu) 2.34
kernel signature: 2a94721061410776f94937cdbf89ccf138aa5b30f55cc0efa359f95378bfef08
all runs: OK
false negative chance: 0.000
# git bisect start 2dde18cd1d8fac735875f2e4987f11817cc0bc2c 6995e2de6891c724bfeb2db33d7b87775f913ad1
Bisecting: 7364 revisions left to test after this (roughly 13 steps)
[b775d6c5859affe00527cbe74263de05cfe6b9f9] Merge tag 'mips_6.5' of git://git.kernel.org/pub/scm/linux/kernel/git/mips/linux

testing commit b775d6c5859affe00527cbe74263de05cfe6b9f9 gcc
compiler: gcc (Ubuntu 10.5.0-1ubuntu1~20.04) 10.5.0, GNU ld (GNU Binutils for Ubuntu) 2.34
kernel signature: 12892589aa382675e2af5ba10092c85c5f73641dc15a9740dd0d479cd9e5fd4f
all runs: basic kernel testing failed: UBSAN: array-index-out-of-bounds in alloc_pid
unable to determine the verdict: 0 good runs (wanted 4), for bad wanted 4 in total, got 0
# git bisect skip b775d6c5859affe00527cbe74263de05cfe6b9f9
Bisecting: 7364 revisions left to test after this (roughly 13 steps)
[a30e62bf6bf4d3230fa9164c7e174e32b9be7ba5] clk: qcom: gcc: ipq5332: Use floor ops for SDCC clocks

testing commit a30e62bf6bf4d3230fa9164c7e174e32b9be7ba5 gcc
compiler: gcc (Ubuntu 10.5.0-1ubuntu1~20.04) 10.5.0, GNU ld (GNU Binutils for Ubuntu) 2.34
kernel signature: ae1f6ff582b9ce24ddf5b717963311f854c0b8027d13571bc2eec9094f87d688
all runs: OK
false negative chance: 0.000
# git bisect good a30e62bf6bf4d3230fa9164c7e174e32b9be7ba5
Bisecting: 7359 revisions left to test after this (roughly 13 steps)
[30813656c6b827947be024484d6da8b18e50c186] Merge tag 'dmaengine-fix-6.5' of git://git.kernel.org/pub/scm/linux/kernel/git/vkoul/dmaengine

testing commit 30813656c6b827947be024484d6da8b18e50c186 gcc
compiler: gcc (Ubuntu 10.5.0-1ubuntu1~20.04) 10.5.0, GNU ld (GNU Binutils for Ubuntu) 2.34
kernel signature: 268a9c7690b2423023849143037f9e69e1efb2c2bb66077e1e8cd4982ea6f7ab
all runs: crashed: KASAN: slab-use-after-free Read in iommufd_vfio_ioas
representative crash: KASAN: slab-use-after-free Read in iommufd_vfio_ioas, types: [KASAN]
# git bisect bad 30813656c6b827947be024484d6da8b18e50c186
Bisecting: 6825 revisions left to test after this (roughly 13 steps)
[1b722407a13b7f8658d2e26917791f32805980a2] Merge tag 'drm-next-2023-06-29' of git://anongit.freedesktop.org/drm/drm

testing commit 1b722407a13b7f8658d2e26917791f32805980a2 gcc
compiler: gcc (Ubuntu 10.5.0-1ubuntu1~20.04) 10.5.0, GNU ld (GNU Binutils for Ubuntu) 2.34
kernel signature: 194189c3bbbed7fb3ded960228cdf5ca1140301d71017d33ed64f2fd8b790da8
all runs: basic kernel testing failed: UBSAN: array-index-out-of-bounds in alloc_pid
unable to determine the verdict: 0 good runs (wanted 4), for bad wanted 4 in total, got 0
# git bisect skip 1b722407a13b7f8658d2e26917791f32805980a2
Bisecting: 6825 revisions left to test after this (roughly 13 steps)
[973fb26e81a9f59dfe45b079a698c0e238f7bf69] btrfs: don't fail writeback when allocating the compression context fails

testing commit 973fb26e81a9f59dfe45b079a698c0e238f7bf69 gcc
compiler: gcc (Ubuntu 10.5.0-1ubuntu1~20.04) 10.5.0, GNU ld (GNU Binutils for Ubuntu) 2.34
kernel signature: 382b91f0ad0804dd22b130c52d6e014e08b5414e743939555d73d1e4ce3760a5
all runs: OK
false negative chance: 0.000
# git bisect good 973fb26e81a9f59dfe45b079a698c0e238f7bf69
Bisecting: 6825 revisions left to test after this (roughly 13 steps)
[daf73c70f69386fb15960526772ef584a4efcaf2] mips: ralink: rt305x: remove clock related code

testing commit daf73c70f69386fb15960526772ef584a4efcaf2 gcc
compiler: gcc (Ubuntu 10.5.0-1ubuntu1~20.04) 10.5.0, GNU ld (GNU Binutils for Ubuntu) 2.34
kernel signature: 288e1c7ddc59d5fe78c1654f5f4875970d0b4c1861f0d690a4da5c8a2f4bec3e
all runs: OK
false negative chance: 0.000
# git bisect good daf73c70f69386fb15960526772ef584a4efcaf2
Bisecting: 6787 revisions left to test after this (roughly 13 steps)
[d94303699921bda8141ad33554ae55b615ddd149] drm/nouveau/disp: fix HDMI on gt215+

testing commit d94303699921bda8141ad33554ae55b615ddd149 gcc
compiler: gcc (Ubuntu 10.5.0-1ubuntu1~20.04) 10.5.0, GNU ld (GNU Binutils for Ubuntu) 2.34
kernel signature: d749c2c931ccecf14dcc3049cb380de766f005b50954a92424ab21085123c0a8
all runs: OK
false negative chance: 0.000
# git bisect good d94303699921bda8141ad33554ae55b615ddd149
Bisecting: 693 revisions left to test after this (roughly 10 steps)
[9a767faa9477ef2a5fee6a0c9d69587b95a885df] Merge tag 'drm-msm-fixes-2023-07-27' of https://gitlab.freedesktop.org/drm/msm into drm-fixes

testing commit 9a767faa9477ef2a5fee6a0c9d69587b95a885df gcc
compiler: gcc (Ubuntu 10.5.0-1ubuntu1~20.04) 10.5.0, GNU ld (GNU Binutils for Ubuntu) 2.34
kernel signature: 9305e23f060425555399847dc55810e63d26c4ec5a4293ba07cdeb37ecd9a7e1
all runs: OK
false negative chance: 0.000
# git bisect good 9a767faa9477ef2a5fee6a0c9d69587b95a885df
Bisecting: 340 revisions left to test after this (roughly 9 steps)
[88f66f13ea51029280d3f91feafb6d66296c95d0] Merge tag 'usb-6.5-rc4' of git://git.kernel.org/pub/scm/linux/kernel/git/gregkh/usb

testing commit 88f66f13ea51029280d3f91feafb6d66296c95d0 gcc
compiler: gcc (Ubuntu 10.5.0-1ubuntu1~20.04) 10.5.0, GNU ld (GNU Binutils for Ubuntu) 2.34
kernel signature: 52628543043914c2f71e08cf329e943c6cc55dfd01721fc8af232f09d96eaf8e
all runs: crashed: KASAN: slab-use-after-free Read in iommufd_vfio_ioas
representative crash: KASAN: slab-use-after-free Read in iommufd_vfio_ioas, types: [KASAN]
# git bisect bad 88f66f13ea51029280d3f91feafb6d66296c95d0
Bisecting: 178 revisions left to test after this (roughly 8 steps)
[818680d154170b4e41dc0c1a10e20bc03ca14a00] Merge tag 'block-6.5-2023-07-28' of git://git.kernel.dk/linux

testing commit 818680d154170b4e41dc0c1a10e20bc03ca14a00 gcc
compiler: gcc (Ubuntu 10.5.0-1ubuntu1~20.04) 10.5.0, GNU ld (GNU Binutils for Ubuntu) 2.34
kernel signature: 12018e3b095932575eb1d9801ae16c75c84cad6007ff202d6cf33cc46f5b15fc
all runs: crashed: KASAN: slab-use-after-free Read in iommufd_vfio_ioas
representative crash: KASAN: slab-use-after-free Read in iommufd_vfio_ioas, types: [KASAN]
# git bisect bad 818680d154170b4e41dc0c1a10e20bc03ca14a00
Bisecting: 109 revisions left to test after this (roughly 7 steps)
[bc168790de87bd70371793cfecb0fab26f85b857] Merge tag 'soundwire-6.5-fixes' of git://git.kernel.org/pub/scm/linux/kernel/git/vkoul/soundwire

testing commit bc168790de87bd70371793cfecb0fab26f85b857 gcc
compiler: gcc (Ubuntu 10.5.0-1ubuntu1~20.04) 10.5.0, GNU ld (GNU Binutils for Ubuntu) 2.34
kernel signature: 4239ab1006cbff8df2612ee094453afd29414825b3543d38df25bbdc1bd41809
all runs: OK
false negative chance: 0.000
# git bisect good bc168790de87bd70371793cfecb0fab26f85b857
Bisecting: 54 revisions left to test after this (roughly 6 steps)
[5c85f7065718a949902b238a6abd8fc907c5d3e0] benet: fix return value check in be_lancer_xmit_workarounds()

testing commit 5c85f7065718a949902b238a6abd8fc907c5d3e0 gcc
compiler: gcc (Ubuntu 10.5.0-1ubuntu1~20.04) 10.5.0, GNU ld (GNU Binutils for Ubuntu) 2.34
kernel signature: d1f0dfdbfa2e20a5d3f14b900e0241964b0d5b2d0eb39ac5156a5c54e3d6fcc1
all runs: boot failed: can't ssh into the instance
unable to determine the verdict: 0 good runs (wanted 4), for bad wanted 4 in total, got 0
# git bisect skip 5c85f7065718a949902b238a6abd8fc907c5d3e0
Bisecting: 54 revisions left to test after this (roughly 6 steps)
[e46e06ffc6d667a89b979701288e2264f45e6a7b] tipc: check return value of pskb_trim()

testing commit e46e06ffc6d667a89b979701288e2264f45e6a7b gcc
compiler: gcc (Ubuntu 10.5.0-1ubuntu1~20.04) 10.5.0, GNU ld (GNU Binutils for Ubuntu) 2.34
kernel signature: b8995d1d27a50c1325d0de7caa7d038b40feb619d220489a322ba255132506c2
all runs: boot failed: can't ssh into the instance
unable to determine the verdict: 0 good runs (wanted 4), for bad wanted 4 in total, got 0
# git bisect skip e46e06ffc6d667a89b979701288e2264f45e6a7b
Bisecting: 54 revisions left to test after this (roughly 6 steps)
[ac2a7b13176157833baf5db0db20cfb370bd7779] Merge tag 'linux-can-fixes-for-6.5-20230724' of git://git.kernel.org/pub/scm/linux/kernel/git/mkl/linux-can

testing commit ac2a7b13176157833baf5db0db20cfb370bd7779 gcc
compiler: gcc (Ubuntu 10.5.0-1ubuntu1~20.04) 10.5.0, GNU ld (GNU Binutils for Ubuntu) 2.34
kernel signature: 33849713e6a54dbba4f487d48f94a161fa334fb6f39d7387559f2652bbeb7abe
all runs: OK
false negative chance: 0.000
# git bisect good ac2a7b13176157833baf5db0db20cfb370bd7779
Bisecting: 41 revisions left to test after this (roughly 6 steps)
[f24767ca4f004f6a34411229a84394e1b94deae7] Merge tag 'cxl-fixes-6.5-rc4' of git://git.kernel.org/pub/scm/linux/kernel/git/cxl/cxl

testing commit f24767ca4f004f6a34411229a84394e1b94deae7 gcc
compiler: gcc (Ubuntu 10.5.0-1ubuntu1~20.04) 10.5.0, GNU ld (GNU Binutils for Ubuntu) 2.34
kernel signature: 5a6eb3cce38229ed428db212ec9f717839ba5185f0eb19ccd67e44b1f070d024
all runs: OK
false negative chance: 0.000
# git bisect good f24767ca4f004f6a34411229a84394e1b94deae7
Bisecting: 21 revisions left to test after this (roughly 4 steps)
[3b9adfbba5af9e1e83897e832fbe6f5778bfc5d3] Merge tag 'asoc-fix-v6.5-rc3' of https://git.kernel.org/pub/scm/linux/kernel/git/broonie/sound into for-linus

testing commit 3b9adfbba5af9e1e83897e832fbe6f5778bfc5d3 gcc
compiler: gcc (Ubuntu 10.5.0-1ubuntu1~20.04) 10.5.0, GNU ld (GNU Binutils for Ubuntu) 2.34
kernel signature: 74c1ab08ae1be32c4f5617da4a317cc306a246621a229593dd6c1c6bcff4e51d
all runs: OK
false negative chance: 0.000
# git bisect good 3b9adfbba5af9e1e83897e832fbe6f5778bfc5d3
Bisecting: 10 revisions left to test after this (roughly 4 steps)
[0299a13af0be43f2679047c7236e3a58e587f3f8] Merge tag 'for-linus-iommufd' of git://git.kernel.org/pub/scm/linux/kernel/git/jgg/iommufd

testing commit 0299a13af0be43f2679047c7236e3a58e587f3f8 gcc
compiler: gcc (Ubuntu 10.5.0-1ubuntu1~20.04) 10.5.0, GNU ld (GNU Binutils for Ubuntu) 2.34
kernel signature: 8a8f51ace81a13b4499068d027adf04c3c1ddd0265bec0ceff19caa807e9d0e4
all runs: crashed: KASAN: slab-use-after-free Read in iommufd_vfio_ioas
representative crash: KASAN: slab-use-after-free Read in iommufd_vfio_ioas, types: [KASAN]
# git bisect bad 0299a13af0be43f2679047c7236e3a58e587f3f8
Bisecting: 5 revisions left to test after this (roughly 3 steps)
[1e4ab7b4c881cf26c1c72b3f56519e03475486fb] dm cache policy smq: ensure IO doesn't prevent cleaner policy progress

testing commit 1e4ab7b4c881cf26c1c72b3f56519e03475486fb gcc
compiler: gcc (Ubuntu 10.5.0-1ubuntu1~20.04) 10.5.0, GNU ld (GNU Binutils for Ubuntu) 2.34
kernel signature: 53458455cb3f31a6662b3c2ea00a3082e873d267b32f72e937e398df8059bff1
all runs: OK
false negative chance: 0.000
# git bisect good 1e4ab7b4c881cf26c1c72b3f56519e03475486fb
Bisecting: 2 revisions left to test after this (roughly 2 steps)
[c75981a1be350f14dbfca56e62bea077dafdad96] Merge tag 'for-6.5/dm-fixes' of git://git.kernel.org/pub/scm/linux/kernel/git/device-mapper/linux-dm

testing commit c75981a1be350f14dbfca56e62bea077dafdad96 gcc
compiler: gcc (Ubuntu 10.5.0-1ubuntu1~20.04) 10.5.0, GNU ld (GNU Binutils for Ubuntu) 2.34
kernel signature: 827816797c26eeddd4dcb9270356f3cde1b2bddc5d1e76f2efc19d7605526dae
all runs: OK
false negative chance: 0.000
# git bisect good c75981a1be350f14dbfca56e62bea077dafdad96
Bisecting: 1 revision left to test after this (roughly 1 step)
[99f98a7c0d6985d5507c8130a981972e4b7b3bdc] iommufd: IOMMUFD_DESTROY should not increase the refcount

testing commit 99f98a7c0d6985d5507c8130a981972e4b7b3bdc gcc
compiler: gcc (Ubuntu 10.5.0-1ubuntu1~20.04) 10.5.0, GNU ld (GNU Binutils for Ubuntu) 2.34
kernel signature: 44ba074235d028462bb90e0cf884523d05fb932cb2297e94fe80b61487453241
all runs: crashed: KASAN: slab-use-after-free Read in iommufd_vfio_ioas
representative crash: KASAN: slab-use-after-free Read in iommufd_vfio_ioas, types: [KASAN]
# git bisect bad 99f98a7c0d6985d5507c8130a981972e4b7b3bdc
99f98a7c0d6985d5507c8130a981972e4b7b3bdc is the first bad commit
commit 99f98a7c0d6985d5507c8130a981972e4b7b3bdc
Author: Jason Gunthorpe <jgg@nvidia.com>
Date:   Tue Jul 25 16:05:49 2023 -0300

    iommufd: IOMMUFD_DESTROY should not increase the refcount
    
    syzkaller found a race where IOMMUFD_DESTROY increments the refcount:
    
           obj = iommufd_get_object(ucmd->ictx, cmd->id, IOMMUFD_OBJ_ANY);
           if (IS_ERR(obj))
                   return PTR_ERR(obj);
           iommufd_ref_to_users(obj);
           /* See iommufd_ref_to_users() */
           if (!iommufd_object_destroy_user(ucmd->ictx, obj))
    
    As part of the sequence to join the two existing primitives together.
    
    Allowing the refcount the be elevated without holding the destroy_rwsem
    violates the assumption that all temporary refcount elevations are
    protected by destroy_rwsem. Racing IOMMUFD_DESTROY with
    iommufd_object_destroy_user() will cause spurious failures:
    
      WARNING: CPU: 0 PID: 3076 at drivers/iommu/iommufd/device.c:477 iommufd_access_destroy+0x18/0x20 drivers/iommu/iommufd/device.c:478
      Modules linked in:
      CPU: 0 PID: 3076 Comm: syz-executor.0 Not tainted 6.3.0-rc1-syzkaller #0
      Hardware name: Google Google Compute Engine/Google Compute Engine, BIOS Google 07/03/2023
      RIP: 0010:iommufd_access_destroy+0x18/0x20 drivers/iommu/iommufd/device.c:477
      Code: e8 3d 4e 00 00 84 c0 74 01 c3 0f 0b c3 0f 1f 44 00 00 f3 0f 1e fa 48 89 fe 48 8b bf a8 00 00 00 e8 1d 4e 00 00 84 c0 74 01 c3 <0f> 0b c3 0f 1f 44 00 00 41 57 41 56 41 55 4c 8d ae d0 00 00 00 41
      RSP: 0018:ffffc90003067e08 EFLAGS: 00010246
      RAX: 0000000000000000 RBX: ffff888109ea0300 RCX: 0000000000000000
      RDX: 0000000000000001 RSI: 0000000000000000 RDI: 00000000ffffffff
      RBP: 0000000000000004 R08: 0000000000000000 R09: ffff88810bbb3500
      R10: ffff88810bbb3e48 R11: 0000000000000000 R12: ffffc90003067e88
      R13: ffffc90003067ea8 R14: ffff888101249800 R15: 00000000fffffffe
      FS:  00007ff7254fe6c0(0000) GS:ffff888237c00000(0000) knlGS:0000000000000000
      CS:  0010 DS: 0000 ES: 0000 CR0: 0000000080050033
      CR2: 0000555557262da8 CR3: 000000010a6fd000 CR4: 0000000000350ef0
      Call Trace:
       <TASK>
       iommufd_test_create_access drivers/iommu/iommufd/selftest.c:596 [inline]
       iommufd_test+0x71c/0xcf0 drivers/iommu/iommufd/selftest.c:813
       iommufd_fops_ioctl+0x10f/0x1b0 drivers/iommu/iommufd/main.c:337
       vfs_ioctl fs/ioctl.c:51 [inline]
       __do_sys_ioctl fs/ioctl.c:870 [inline]
       __se_sys_ioctl fs/ioctl.c:856 [inline]
       __x64_sys_ioctl+0x84/0xc0 fs/ioctl.c:856
       do_syscall_x64 arch/x86/entry/common.c:50 [inline]
       do_syscall_64+0x38/0x80 arch/x86/entry/common.c:80
       entry_SYSCALL_64_after_hwframe+0x63/0xcd
    
    The solution is to not increment the refcount on the IOMMUFD_DESTROY path
    at all. Instead use the xa_lock to serialize everything. The refcount
    check == 1 and xa_erase can be done under a single critical region. This
    avoids the need for any refcount incrementing.
    
    It has the downside that if userspace races destroy with other operations
    it will get an EBUSY instead of waiting, but this is kind of racing is
    already dangerous.
    
    Fixes: 2ff4bed7fee7 ("iommufd: File descriptor, context, kconfig and makefiles")
    Link: https://lore.kernel.org/r/2-v1-85aacb2af554+bc-iommufd_syz3_jgg@nvidia.com
    Reviewed-by: Kevin Tian <kevin.tian@intel.com>
    Reported-by: syzbot+7574ebfe589049630608@syzkaller.appspotmail.com
    Signed-off-by: Jason Gunthorpe <jgg@nvidia.com>

 drivers/iommu/iommufd/device.c          | 12 ++---
 drivers/iommu/iommufd/iommufd_private.h | 15 ++++++-
 drivers/iommu/iommufd/main.c            | 78 +++++++++++++++++++++++++--------
 3 files changed, 75 insertions(+), 30 deletions(-)

accumulated error probability: 0.00
parent commit 6eaae198076080886b9e7d57f4ae06fa782f90ef wasn't tested
testing commit 6eaae198076080886b9e7d57f4ae06fa782f90ef gcc
compiler: gcc (Ubuntu 10.5.0-1ubuntu1~20.04) 10.5.0, GNU ld (GNU Binutils for Ubuntu) 2.34
kernel signature: 796a1c3074d058b490bc9b8e791db15b14c9a6966dbb4955f07b6374699768dc
culprit signature: 44ba074235d028462bb90e0cf884523d05fb932cb2297e94fe80b61487453241
parent  signature: 796a1c3074d058b490bc9b8e791db15b14c9a6966dbb4955f07b6374699768dc
revisions tested: 23, total time: 10h2m2.734845976s (build: 6h57m8.981976459s, test: 2h17m11.228646914s)
first bad commit: 99f98a7c0d6985d5507c8130a981972e4b7b3bdc iommufd: IOMMUFD_DESTROY should not increase the refcount
recipients (to): ["iommu@lists.linux.dev" "jgg@nvidia.com" "jgg@ziepe.ca" "joro@8bytes.org" "kevin.tian@intel.com" "kevin.tian@intel.com" "will@kernel.org"]
recipients (cc): ["linux-kernel@vger.kernel.org" "robin.murphy@arm.com"]
crash: KASAN: slab-use-after-free Read in iommufd_vfio_ioas
==================================================================
BUG: KASAN: slab-use-after-free in arch_atomic64_read mnt/sdd/jtbursey/SyzInspector/wd-bisector-5/kernel/./arch/x86/include/asm/atomic64_64.h:15 [inline]
BUG: KASAN: slab-use-after-free in raw_atomic64_read mnt/sdd/jtbursey/SyzInspector/wd-bisector-5/kernel/./include/linux/atomic/atomic-arch-fallback.h:2560 [inline]
BUG: KASAN: slab-use-after-free in raw_atomic_long_read mnt/sdd/jtbursey/SyzInspector/wd-bisector-5/kernel/./include/linux/atomic/atomic-long.h:38 [inline]
BUG: KASAN: slab-use-after-free in atomic_long_read mnt/sdd/jtbursey/SyzInspector/wd-bisector-5/kernel/./include/linux/atomic/atomic-instrumented.h:3161 [inline]
BUG: KASAN: slab-use-after-free in rwsem_test_oflags mnt/sdd/jtbursey/SyzInspector/wd-bisector-5/kernel/kernel/locking/rwsem.c:157 [inline]
BUG: KASAN: slab-use-after-free in is_rwsem_reader_owned mnt/sdd/jtbursey/SyzInspector/wd-bisector-5/kernel/kernel/locking/rwsem.c:198 [inline]
BUG: KASAN: slab-use-after-free in is_rwsem_reader_owned mnt/sdd/jtbursey/SyzInspector/wd-bisector-5/kernel/kernel/locking/rwsem.c:187 [inline]
BUG: KASAN: slab-use-after-free in __up_read+0x67f/0x750 mnt/sdd/jtbursey/SyzInspector/wd-bisector-5/kernel/kernel/locking/rwsem.c:1343
Read of size 8 at addr ffff88802a8a8808 by task syz-executor.1/11266

CPU: 0 PID: 11266 Comm: syz-executor.1 Not tainted 6.5.0-rc3-syzkaller #0
Hardware name: QEMU Standard PC (i440FX + PIIX, 1996), BIOS 1.13.0-1ubuntu1.1 04/01/2014
Call Trace:
 <TASK>
 __dump_stack mnt/sdd/jtbursey/SyzInspector/wd-bisector-5/kernel/lib/dump_stack.c:88 [inline]
 dump_stack_lvl+0xd9/0x150 mnt/sdd/jtbursey/SyzInspector/wd-bisector-5/kernel/lib/dump_stack.c:106
 print_address_description.constprop.0+0x2c/0x3c0 mnt/sdd/jtbursey/SyzInspector/wd-bisector-5/kernel/mm/kasan/report.c:364
 print_report mnt/sdd/jtbursey/SyzInspector/wd-bisector-5/kernel/mm/kasan/report.c:475 [inline]
 kasan_report+0x11d/0x130 mnt/sdd/jtbursey/SyzInspector/wd-bisector-5/kernel/mm/kasan/report.c:588
 arch_atomic64_read mnt/sdd/jtbursey/SyzInspector/wd-bisector-5/kernel/./arch/x86/include/asm/atomic64_64.h:15 [inline]
 raw_atomic64_read mnt/sdd/jtbursey/SyzInspector/wd-bisector-5/kernel/./include/linux/atomic/atomic-arch-fallback.h:2560 [inline]
 raw_atomic_long_read mnt/sdd/jtbursey/SyzInspector/wd-bisector-5/kernel/./include/linux/atomic/atomic-long.h:38 [inline]
 atomic_long_read mnt/sdd/jtbursey/SyzInspector/wd-bisector-5/kernel/./include/linux/atomic/atomic-instrumented.h:3161 [inline]
 rwsem_test_oflags mnt/sdd/jtbursey/SyzInspector/wd-bisector-5/kernel/kernel/locking/rwsem.c:157 [inline]
 is_rwsem_reader_owned mnt/sdd/jtbursey/SyzInspector/wd-bisector-5/kernel/kernel/locking/rwsem.c:198 [inline]
 is_rwsem_reader_owned mnt/sdd/jtbursey/SyzInspector/wd-bisector-5/kernel/kernel/locking/rwsem.c:187 [inline]
 __up_read+0x67f/0x750 mnt/sdd/jtbursey/SyzInspector/wd-bisector-5/kernel/kernel/locking/rwsem.c:1343
 iommufd_put_object mnt/sdd/jtbursey/SyzInspector/wd-bisector-5/kernel/drivers/iommu/iommufd/iommufd_private.h:148 [inline]
 iommufd_vfio_ioas+0x46a/0x580 mnt/sdd/jtbursey/SyzInspector/wd-bisector-5/kernel/drivers/iommu/iommufd/vfio_compat.c:146
 iommufd_fops_ioctl+0x317/0x4b0 mnt/sdd/jtbursey/SyzInspector/wd-bisector-5/kernel/drivers/iommu/iommufd/main.c:377
 vfs_ioctl mnt/sdd/jtbursey/SyzInspector/wd-bisector-5/kernel/fs/ioctl.c:51 [inline]
 __do_sys_ioctl mnt/sdd/jtbursey/SyzInspector/wd-bisector-5/kernel/fs/ioctl.c:870 [inline]
 __se_sys_ioctl mnt/sdd/jtbursey/SyzInspector/wd-bisector-5/kernel/fs/ioctl.c:856 [inline]
 __x64_sys_ioctl+0x19d/0x210 mnt/sdd/jtbursey/SyzInspector/wd-bisector-5/kernel/fs/ioctl.c:856
 do_syscall_x64 mnt/sdd/jtbursey/SyzInspector/wd-bisector-5/kernel/arch/x86/entry/common.c:50 [inline]
 do_syscall_64+0x39/0xb0 mnt/sdd/jtbursey/SyzInspector/wd-bisector-5/kernel/arch/x86/entry/common.c:80
 entry_SYSCALL_64_after_hwframe+0x63/0xcd
RIP: 0033:0x7efe7c091ced
Code: c3 e8 17 32 00 00 0f 1f 80 00 00 00 00 f3 0f 1e fa 48 89 f8 48 89 f7 48 89 d6 48 89 ca 4d 89 c2 4d 89 c8 4c 8b 4c 24 08 0f 05 <48> 3d 01 f0 ff ff 73 01 c3 48 c7 c1 b8 ff ff ff f7 d8 64 89 01 48
RSP: 002b:00007efe7b3fdbd8 EFLAGS: 00000246 ORIG_RAX: 0000000000000010
RAX: ffffffffffffffda RBX: 00007efe7c1cc050 RCX: 00007efe7c091ced
RDX: 0000000020000080 RSI: 0000000000003b88 RDI: 0000000000000003
RBP: 00007efe7c0ef4ac R08: 0000000000000000 R09: 0000000000000000
R10: 0000000000000000 R11: 0000000000000246 R12: 0000000000000000
R13: 00007ffdc7eb37bf R14: 00007ffdc7eb3950 R15: 00007efe7b3fdd80
 </TASK>

Allocated by task 11262:
 kasan_save_stack+0x22/0x40 mnt/sdd/jtbursey/SyzInspector/wd-bisector-5/kernel/mm/kasan/common.c:45
 kasan_set_track+0x25/0x30 mnt/sdd/jtbursey/SyzInspector/wd-bisector-5/kernel/mm/kasan/common.c:52
 ____kasan_kmalloc mnt/sdd/jtbursey/SyzInspector/wd-bisector-5/kernel/mm/kasan/common.c:374 [inline]
 ____kasan_kmalloc mnt/sdd/jtbursey/SyzInspector/wd-bisector-5/kernel/mm/kasan/common.c:333 [inline]
 __kasan_kmalloc+0xa3/0xb0 mnt/sdd/jtbursey/SyzInspector/wd-bisector-5/kernel/mm/kasan/common.c:383
 kasan_kmalloc mnt/sdd/jtbursey/SyzInspector/wd-bisector-5/kernel/./include/linux/kasan.h:196 [inline]
 __do_kmalloc_node mnt/sdd/jtbursey/SyzInspector/wd-bisector-5/kernel/mm/slab_common.c:985 [inline]
 __kmalloc+0x5e/0x190 mnt/sdd/jtbursey/SyzInspector/wd-bisector-5/kernel/mm/slab_common.c:998
 kmalloc mnt/sdd/jtbursey/SyzInspector/wd-bisector-5/kernel/./include/linux/slab.h:586 [inline]
 kzalloc mnt/sdd/jtbursey/SyzInspector/wd-bisector-5/kernel/./include/linux/slab.h:703 [inline]
 _iommufd_object_alloc+0x24/0x190 mnt/sdd/jtbursey/SyzInspector/wd-bisector-5/kernel/drivers/iommu/iommufd/main.c:38
 iommufd_ioas_alloc mnt/sdd/jtbursey/SyzInspector/wd-bisector-5/kernel/drivers/iommu/iommufd/ioas.c:27 [inline]
 iommufd_ioas_alloc_ioctl+0xb1/0x370 mnt/sdd/jtbursey/SyzInspector/wd-bisector-5/kernel/drivers/iommu/iommufd/ioas.c:46
 iommufd_fops_ioctl+0x317/0x4b0 mnt/sdd/jtbursey/SyzInspector/wd-bisector-5/kernel/drivers/iommu/iommufd/main.c:377
 vfs_ioctl mnt/sdd/jtbursey/SyzInspector/wd-bisector-5/kernel/fs/ioctl.c:51 [inline]
 __do_sys_ioctl mnt/sdd/jtbursey/SyzInspector/wd-bisector-5/kernel/fs/ioctl.c:870 [inline]
 __se_sys_ioctl mnt/sdd/jtbursey/SyzInspector/wd-bisector-5/kernel/fs/ioctl.c:856 [inline]
 __x64_sys_ioctl+0x19d/0x210 mnt/sdd/jtbursey/SyzInspector/wd-bisector-5/kernel/fs/ioctl.c:856
 do_syscall_x64 mnt/sdd/jtbursey/SyzInspector/wd-bisector-5/kernel/arch/x86/entry/common.c:50 [inline]
 do_syscall_64+0x39/0xb0 mnt/sdd/jtbursey/SyzInspector/wd-bisector-5/kernel/arch/x86/entry/common.c:80
 entry_SYSCALL_64_after_hwframe+0x63/0xcd

Freed by task 11268:
 kasan_save_stack+0x22/0x40 mnt/sdd/jtbursey/SyzInspector/wd-bisector-5/kernel/mm/kasan/common.c:45
 kasan_set_track+0x25/0x30 mnt/sdd/jtbursey/SyzInspector/wd-bisector-5/kernel/mm/kasan/common.c:52
 kasan_save_free_info+0x28/0x40 mnt/sdd/jtbursey/SyzInspector/wd-bisector-5/kernel/mm/kasan/generic.c:522
 ____kasan_slab_free mnt/sdd/jtbursey/SyzInspector/wd-bisector-5/kernel/mm/kasan/common.c:236 [inline]
 ____kasan_slab_free+0x13b/0x1a0 mnt/sdd/jtbursey/SyzInspector/wd-bisector-5/kernel/mm/kasan/common.c:200
 kasan_slab_free mnt/sdd/jtbursey/SyzInspector/wd-bisector-5/kernel/./include/linux/kasan.h:162 [inline]
 __cache_free mnt/sdd/jtbursey/SyzInspector/wd-bisector-5/kernel/mm/slab.c:3370 [inline]
 __do_kmem_cache_free mnt/sdd/jtbursey/SyzInspector/wd-bisector-5/kernel/mm/slab.c:3557 [inline]
 __kmem_cache_free+0xcd/0x2c0 mnt/sdd/jtbursey/SyzInspector/wd-bisector-5/kernel/mm/slab.c:3564
 iommufd_destroy+0x118/0x180 mnt/sdd/jtbursey/SyzInspector/wd-bisector-5/kernel/drivers/iommu/iommufd/main.c:203
 iommufd_fops_ioctl+0x317/0x4b0 mnt/sdd/jtbursey/SyzInspector/wd-bisector-5/kernel/drivers/iommu/iommufd/main.c:377
 vfs_ioctl mnt/sdd/jtbursey/SyzInspector/wd-bisector-5/kernel/fs/ioctl.c:51 [inline]
 __do_sys_ioctl mnt/sdd/jtbursey/SyzInspector/wd-bisector-5/kernel/fs/ioctl.c:870 [inline]
 __se_sys_ioctl mnt/sdd/jtbursey/SyzInspector/wd-bisector-5/kernel/fs/ioctl.c:856 [inline]
 __x64_sys_ioctl+0x19d/0x210 mnt/sdd/jtbursey/SyzInspector/wd-bisector-5/kernel/fs/ioctl.c:856
 do_syscall_x64 mnt/sdd/jtbursey/SyzInspector/wd-bisector-5/kernel/arch/x86/entry/common.c:50 [inline]
 do_syscall_64+0x39/0xb0 mnt/sdd/jtbursey/SyzInspector/wd-bisector-5/kernel/arch/x86/entry/common.c:80
 entry_SYSCALL_64_after_hwframe+0x63/0xcd

Last potentially related work creation:
 kasan_save_stack+0x22/0x40 mnt/sdd/jtbursey/SyzInspector/wd-bisector-5/kernel/mm/kasan/common.c:45
 __kasan_record_aux_stack+0x78/0x80 mnt/sdd/jtbursey/SyzInspector/wd-bisector-5/kernel/mm/kasan/generic.c:492
 kvfree_call_rcu+0x70/0xbc0 mnt/sdd/jtbursey/SyzInspector/wd-bisector-5/kernel/kernel/rcu/tree.c:3368
 drop_sysctl_table+0x3c2/0x4e0 mnt/sdd/jtbursey/SyzInspector/wd-bisector-5/kernel/fs/proc/proc_sysctl.c:1506
 unregister_sysctl_table mnt/sdd/jtbursey/SyzInspector/wd-bisector-5/kernel/fs/proc/proc_sysctl.c:1527 [inline]
 unregister_sysctl_table+0x41/0x60 mnt/sdd/jtbursey/SyzInspector/wd-bisector-5/kernel/fs/proc/proc_sysctl.c:1519
 neigh_sysctl_unregister+0x5f/0x80 mnt/sdd/jtbursey/SyzInspector/wd-bisector-5/kernel/net/core/neighbour.c:3864
 addrconf_notify+0x15a/0x19b0 mnt/sdd/jtbursey/SyzInspector/wd-bisector-5/kernel/net/ipv6/addrconf.c:3683
 notifier_call_chain+0xb6/0x3c0 mnt/sdd/jtbursey/SyzInspector/wd-bisector-5/kernel/kernel/notifier.c:93
 call_netdevice_notifiers_info+0xb9/0x130 mnt/sdd/jtbursey/SyzInspector/wd-bisector-5/kernel/net/core/dev.c:1962
 call_netdevice_notifiers_extack mnt/sdd/jtbursey/SyzInspector/wd-bisector-5/kernel/net/core/dev.c:2000 [inline]
 call_netdevice_notifiers mnt/sdd/jtbursey/SyzInspector/wd-bisector-5/kernel/net/core/dev.c:2014 [inline]
 dev_change_name+0x434/0x790 mnt/sdd/jtbursey/SyzInspector/wd-bisector-5/kernel/net/core/dev.c:1236
 do_setlink+0x2cb2/0x3ae0 mnt/sdd/jtbursey/SyzInspector/wd-bisector-5/kernel/net/core/rtnetlink.c:2840
 __rtnl_newlink+0xd82/0x1860 mnt/sdd/jtbursey/SyzInspector/wd-bisector-5/kernel/net/core/rtnetlink.c:3655
 rtnl_newlink+0x68/0xa0 mnt/sdd/jtbursey/SyzInspector/wd-bisector-5/kernel/net/core/rtnetlink.c:3702
 rtnetlink_rcv_msg+0x43d/0xd50 mnt/sdd/jtbursey/SyzInspector/wd-bisector-5/kernel/net/core/rtnetlink.c:6424
 netlink_rcv_skb+0x165/0x440 mnt/sdd/jtbursey/SyzInspector/wd-bisector-5/kernel/net/netlink/af_netlink.c:2549
 netlink_unicast_kernel mnt/sdd/jtbursey/SyzInspector/wd-bisector-5/kernel/net/netlink/af_netlink.c:1339 [inline]
 netlink_unicast+0x547/0x7f0 mnt/sdd/jtbursey/SyzInspector/wd-bisector-5/kernel/net/netlink/af_netlink.c:1365
 netlink_sendmsg+0x926/0xe30 mnt/sdd/jtbursey/SyzInspector/wd-bisector-5/kernel/net/netlink/af_netlink.c:1914
 sock_sendmsg_nosec mnt/sdd/jtbursey/SyzInspector/wd-bisector-5/kernel/net/socket.c:725 [inline]
 sock_sendmsg+0xde/0x190 mnt/sdd/jtbursey/SyzInspector/wd-bisector-5/kernel/net/socket.c:748
 __sys_sendto+0x254/0x350 mnt/sdd/jtbursey/SyzInspector/wd-bisector-5/kernel/net/socket.c:2134
 __do_sys_sendto mnt/sdd/jtbursey/SyzInspector/wd-bisector-5/kernel/net/socket.c:2146 [inline]
 __se_sys_sendto mnt/sdd/jtbursey/SyzInspector/wd-bisector-5/kernel/net/socket.c:2142 [inline]
 __x64_sys_sendto+0xe1/0x1b0 mnt/sdd/jtbursey/SyzInspector/wd-bisector-5/kernel/net/socket.c:2142
 do_syscall_x64 mnt/sdd/jtbursey/SyzInspector/wd-bisector-5/kernel/arch/x86/entry/common.c:50 [inline]
 do_syscall_64+0x39/0xb0 mnt/sdd/jtbursey/SyzInspector/wd-bisector-5/kernel/arch/x86/entry/common.c:80
 entry_SYSCALL_64_after_hwframe+0x63/0xcd

The buggy address belongs to the object at ffff88802a8a8800
 which belongs to the cache kmalloc-cg-1k of size 1024
The buggy address is located 8 bytes inside of
 freed 1024-byte region [ffff88802a8a8800, ffff88802a8a8c00)

The buggy address belongs to the physical page:
page:ffffea0000aa2a00 refcount:1 mapcount:0 mapping:0000000000000000 index:0x0 pfn:0x2a8a8
flags: 0xfff00000000200(slab|node=0|zone=1|lastcpupid=0x7ff)
page_type: 0x2()
raw: 00fff00000000200 ffff88801284d800 ffffea0000aa3e90 ffffea00007bf2d0
raw: 0000000000000000 ffff88802a8a8000 0000000100000002 0000000000000000
page dumped because: kasan: bad access detected
page_owner tracks the page as allocated
page last allocated via order 0, migratetype Unmovable, gfp_mask 0x2420c0(__GFP_IO|__GFP_FS|__GFP_NOWARN|__GFP_COMP|__GFP_THISNODE), pid 8622, tgid 8622 (syz-executor.2), ts 75575170974, free_ts 75567613856
 set_page_owner mnt/sdd/jtbursey/SyzInspector/wd-bisector-5/kernel/./include/linux/page_owner.h:31 [inline]
 post_alloc_hook+0x2db/0x350 mnt/sdd/jtbursey/SyzInspector/wd-bisector-5/kernel/mm/page_alloc.c:1570
 prep_new_page mnt/sdd/jtbursey/SyzInspector/wd-bisector-5/kernel/mm/page_alloc.c:1577 [inline]
 get_page_from_freelist+0xfed/0x2d40 mnt/sdd/jtbursey/SyzInspector/wd-bisector-5/kernel/mm/page_alloc.c:3221
 __alloc_pages+0x1cb/0x4a0 mnt/sdd/jtbursey/SyzInspector/wd-bisector-5/kernel/mm/page_alloc.c:4477
 __alloc_pages_node mnt/sdd/jtbursey/SyzInspector/wd-bisector-5/kernel/./include/linux/gfp.h:237 [inline]
 kmem_getpages mnt/sdd/jtbursey/SyzInspector/wd-bisector-5/kernel/mm/slab.c:1356 [inline]
 cache_grow_begin+0x9b/0x3b0 mnt/sdd/jtbursey/SyzInspector/wd-bisector-5/kernel/mm/slab.c:2550
 cache_alloc_refill+0x289/0x3a0 mnt/sdd/jtbursey/SyzInspector/wd-bisector-5/kernel/mm/slab.c:2923
 ____cache_alloc mnt/sdd/jtbursey/SyzInspector/wd-bisector-5/kernel/mm/slab.c:2999 [inline]
 ____cache_alloc mnt/sdd/jtbursey/SyzInspector/wd-bisector-5/kernel/mm/slab.c:2982 [inline]
 __do_cache_alloc mnt/sdd/jtbursey/SyzInspector/wd-bisector-5/kernel/mm/slab.c:3182 [inline]
 slab_alloc_node mnt/sdd/jtbursey/SyzInspector/wd-bisector-5/kernel/mm/slab.c:3230 [inline]
 __kmem_cache_alloc_node+0x392/0x410 mnt/sdd/jtbursey/SyzInspector/wd-bisector-5/kernel/mm/slab.c:3521
 __do_kmalloc_node mnt/sdd/jtbursey/SyzInspector/wd-bisector-5/kernel/mm/slab_common.c:984 [inline]
 __kmalloc+0x4e/0x190 mnt/sdd/jtbursey/SyzInspector/wd-bisector-5/kernel/mm/slab_common.c:998
 kmalloc mnt/sdd/jtbursey/SyzInspector/wd-bisector-5/kernel/./include/linux/slab.h:586 [inline]
 kzalloc mnt/sdd/jtbursey/SyzInspector/wd-bisector-5/kernel/./include/linux/slab.h:703 [inline]
 __register_sysctl_table+0x117/0x1530 mnt/sdd/jtbursey/SyzInspector/wd-bisector-5/kernel/fs/proc/proc_sysctl.c:1367
 neigh_sysctl_register+0x304/0x6c0 mnt/sdd/jtbursey/SyzInspector/wd-bisector-5/kernel/net/core/neighbour.c:3845
 addrconf_sysctl_register+0xb6/0x1d0 mnt/sdd/jtbursey/SyzInspector/wd-bisector-5/kernel/net/ipv6/addrconf.c:7131
 ipv6_add_dev+0xa07/0x13b0 mnt/sdd/jtbursey/SyzInspector/wd-bisector-5/kernel/net/ipv6/addrconf.c:449
 addrconf_notify+0x7ca/0x19b0 mnt/sdd/jtbursey/SyzInspector/wd-bisector-5/kernel/net/ipv6/addrconf.c:3551
 notifier_call_chain+0xb6/0x3c0 mnt/sdd/jtbursey/SyzInspector/wd-bisector-5/kernel/kernel/notifier.c:93
 call_netdevice_notifiers_info+0xb9/0x130 mnt/sdd/jtbursey/SyzInspector/wd-bisector-5/kernel/net/core/dev.c:1962
 call_netdevice_notifiers_extack mnt/sdd/jtbursey/SyzInspector/wd-bisector-5/kernel/net/core/dev.c:2000 [inline]
 call_netdevice_notifiers mnt/sdd/jtbursey/SyzInspector/wd-bisector-5/kernel/net/core/dev.c:2014 [inline]
 register_netdevice+0xfb4/0x1640 mnt/sdd/jtbursey/SyzInspector/wd-bisector-5/kernel/net/core/dev.c:10084
 nsim_init_netdevsim mnt/sdd/jtbursey/SyzInspector/wd-bisector-5/kernel/drivers/net/netdevsim/netdev.c:309 [inline]
 nsim_create+0x437/0x5c0 mnt/sdd/jtbursey/SyzInspector/wd-bisector-5/kernel/drivers/net/netdevsim/netdev.c:358
page last free stack trace:
 reset_page_owner mnt/sdd/jtbursey/SyzInspector/wd-bisector-5/kernel/./include/linux/page_owner.h:24 [inline]
 free_pages_prepare mnt/sdd/jtbursey/SyzInspector/wd-bisector-5/kernel/mm/page_alloc.c:1161 [inline]
 free_unref_page_prepare+0x62e/0xcb0 mnt/sdd/jtbursey/SyzInspector/wd-bisector-5/kernel/mm/page_alloc.c:2348
 free_unref_page+0x33/0x370 mnt/sdd/jtbursey/SyzInspector/wd-bisector-5/kernel/mm/page_alloc.c:2443
 __folio_put_small mnt/sdd/jtbursey/SyzInspector/wd-bisector-5/kernel/mm/swap.c:106 [inline]
 __folio_put+0xc5/0x140 mnt/sdd/jtbursey/SyzInspector/wd-bisector-5/kernel/mm/swap.c:129
 folio_put mnt/sdd/jtbursey/SyzInspector/wd-bisector-5/kernel/./include/linux/mm.h:1423 [inline]
 put_page mnt/sdd/jtbursey/SyzInspector/wd-bisector-5/kernel/./include/linux/mm.h:1492 [inline]
 free_page_and_swap_cache+0x257/0x2c0 mnt/sdd/jtbursey/SyzInspector/wd-bisector-5/kernel/mm/swap_state.c:304
 __tlb_remove_table mnt/sdd/jtbursey/SyzInspector/wd-bisector-5/kernel/./arch/x86/include/asm/tlb.h:34 [inline]
 __tlb_remove_table_free mnt/sdd/jtbursey/SyzInspector/wd-bisector-5/kernel/mm/mmu_gather.c:153 [inline]
 tlb_remove_table_rcu+0x89/0xe0 mnt/sdd/jtbursey/SyzInspector/wd-bisector-5/kernel/mm/mmu_gather.c:208
 rcu_do_batch mnt/sdd/jtbursey/SyzInspector/wd-bisector-5/kernel/kernel/rcu/tree.c:2135 [inline]
 rcu_core+0x802/0x1c10 mnt/sdd/jtbursey/SyzInspector/wd-bisector-5/kernel/kernel/rcu/tree.c:2399
 __do_softirq+0x1d4/0x905 mnt/sdd/jtbursey/SyzInspector/wd-bisector-5/kernel/kernel/softirq.c:553

Memory state around the buggy address:
 ffff88802a8a8700: fc fc fc fc fc fc fc fc fc fc fc fc fc fc fc fc
 ffff88802a8a8780: fc fc fc fc fc fc fc fc fc fc fc fc fc fc fc fc
>ffff88802a8a8800: fa fb fb fb fb fb fb fb fb fb fb fb fb fb fb fb
                      ^
 ffff88802a8a8880: fb fb fb fb fb fb fb fb fb fb fb fb fb fb fb fb
 ffff88802a8a8900: fb fb fb fb fb fb fb fb fb fb fb fb fb fb fb fb
==================================================================


KASAN: slab-use-after-free Read in iommufd_vfio_ioas
99f98a7c0d6985d5507c8130a981972e4b7b3bdc
