server starts bisection 2025-04-15 05:05:15.215413777 -0700 PDT m=+9.988925353
bisecting cause commit starting from 1fe4fd6f5cad346e598593af36caeadc4f5d4fa9
building syzkaller on HEAD
ensuring issue is reproducible on original commit 1fe4fd6f5cad346e598593af36caeadc4f5d4fa9

testing commit 1fe4fd6f5cad346e598593af36caeadc4f5d4fa9 gcc
compiler: gcc (Ubuntu 10.5.0-1ubuntu1~20.04) 10.5.0, GNU ld (GNU Binutils for Ubuntu) 2.34
kernel signature: 07c1aea8017b8117f8f58346941d1bba6a882caaff3173b9a39a614e7e6a819e
run #0: basic kernel testing failed: INFO: rcu detected stall in corrupted
run #1: basic kernel testing failed: INFO: rcu detected stall in corrupted
run #2: basic kernel testing failed: INFO: rcu detected stall in corrupted
run #3: basic kernel testing failed: INFO: rcu detected stall in corrupted
run #4: basic kernel testing failed: INFO: rcu detected stall in corrupted
run #5: OK
run #6: OK
run #7: OK
unable to determine the verdict: 3 good runs (wanted 4), for bad wanted 4 in total, got 3
revisions tested: 1, total time: 17m56.093127089s (build: 9m0.282177272s, test: 7m10.369110582s)
error: the crash wasn't reproduced on the original commit
bisection failed: the crash wasn't reproduced on the original commit

KASAN: use-after-free Read in io_wq_worker_wake
