TrussLab starts bisection 2025-03-29 01:27:07.445447955 -0700 PDT m=+5.954339163
bisecting cause commit starting from a6afa4199d3d038fbfdff5511f7523b0e30cb774
building syzkaller on HEAD
ensuring issue is reproducible on original commit a6afa4199d3d038fbfdff5511f7523b0e30cb774

testing commit a6afa4199d3d038fbfdff5511f7523b0e30cb774 gcc
compiler: gcc (Ubuntu 10.5.0-1ubuntu1~20.04) 10.5.0, GNU ld (GNU Binutils for Ubuntu) 2.34
kernel signature: f265198e62abc3b72535dedfe0b9b3c87c6520c94985b1ead1d0929226abdd5a
all runs: crashed: WARNING in __kernel_write_iter
representative crash: WARNING in __kernel_write_iter, types: [WARNING]
picked [v6.0 v5.19 v5.18 v5.16 v5.14 v5.12 v5.10 v5.8 v5.5 v5.2 v4.20 v4.19] out of 23 release tags
testing release v6.0
testing commit 4fe89d07dcc2804c8b562f6c7896a45643d34b2f gcc
compiler: gcc (Ubuntu 10.5.0-1ubuntu1~20.04) 10.5.0, GNU ld (GNU Binutils for Ubuntu) 2.34
kernel signature: aae871054f82446c977bd84adf6c790367bc7865173f21339decc5e078390677
all runs: crashed: WARNING in __kernel_write_iter
representative crash: WARNING in __kernel_write_iter, types: [WARNING]
testing release v5.19
testing commit 3d7cb6b04c3f3115719235cc6866b10326de34cd gcc
compiler: gcc (Ubuntu 10.5.0-1ubuntu1~20.04) 10.5.0, GNU ld (GNU Binutils for Ubuntu) 2.34
kernel signature: cb01be794ed129d945d2e13f8032a71c0f5e27a9511c06135b547c3225f692cc
all runs: crashed: WARNING in __kernel_write
representative crash: WARNING in __kernel_write, types: [WARNING]
testing release v5.18
testing commit 4b0986a3613c92f4ec1bdc7f60ec66fea135991f gcc
compiler: gcc (Ubuntu 10.5.0-1ubuntu1~20.04) 10.5.0, GNU ld (GNU Binutils for Ubuntu) 2.34
kernel signature: a295b97d817fbd324225d996c72cceddb0e3e646d53a8e2f5b4c7d6feb204ce9
all runs: crashed: WARNING in __kernel_write
representative crash: WARNING in __kernel_write, types: [WARNING]
testing release v5.16
testing commit df0cc57e057f18e44dac8e6c18aba47ab53202f9 gcc
compiler: gcc (Ubuntu 10.5.0-1ubuntu1~20.04) 10.5.0, GNU ld (GNU Binutils for Ubuntu) 2.34
kernel signature: a808fd117177cbd9cd7f41b8b42832a14d207f1a80e05de3619c4ffe71b5a1eb
all runs: crashed: WARNING in __kernel_write
representative crash: WARNING in __kernel_write, types: [WARNING]
testing release v5.14
testing commit 7d2a07b769330c34b4deabeed939325c77a7ec2f gcc
compiler: gcc (GCC) 10.1.0-syz 20200507, GNU ld (GNU Binutils for Ubuntu) 2.34
kernel signature: 7e07188d53611ae339846a8526a0019cde09e2ac5fc248893411656c34861621
all runs: crashed: WARNING in __kernel_write
representative crash: WARNING in __kernel_write, types: [WARNING]
testing release v5.12
testing commit 9f4ad9e425a1d3b6a34617b8ea226d56a119a717 gcc
compiler: gcc (GCC) 10.1.0-syz 20200507, GNU ld (GNU Binutils for Ubuntu) 2.34
kernel signature: d34e75fd2be124c56c7ce9af2c5737bb979471c19c8f89555f5fe5eaad05e297
all runs: crashed: WARNING in __kernel_write
representative crash: WARNING in __kernel_write, types: [WARNING]
testing release v5.10
testing commit 2c85ebc57b3e1817b6ce1a6b703928e113a90442 gcc
compiler: gcc (GCC) 10.1.0-syz 20200507, GNU ld (GNU Binutils for Ubuntu) 2.34
kernel signature: c78ae1d7a6fc863b8eec0fca6b1e4fc12424778040e67046e617ed3830a0da60
all runs: crashed: WARNING in __kernel_write
representative crash: WARNING in __kernel_write, types: [WARNING]
testing release v5.8
testing commit bcf876870b95592b52519ed4aafcf9d95999bc9c gcc
compiler: gcc (GCC) 8.1.0, GNU ld (GNU Binutils for Ubuntu) 2.34
kernel signature: 8c9f280e7f94f81b9ecddf3385a25fe813cd72d6a1a454787b9d77135c45312d
all runs: crashed: WARNING in __kernel_write
representative crash: WARNING in __kernel_write, types: [WARNING]
testing release v5.5
testing commit d5226fa6dbae0569ee43ecfc08bdcd6770fc4755 gcc
compiler: gcc version 8.1.0 (GCC)
kernel signature: d70151720db140463bba2144eca83b788d5e679b103c42d2ba882640970cf879
all runs: OK
false negative chance: 0.000
# git bisect start bcf876870b95592b52519ed4aafcf9d95999bc9c d5226fa6dbae0569ee43ecfc08bdcd6770fc4755
Bisecting: 23153 revisions left to test after this (roughly 15 steps)
[d8836005236425cf3cfcc8967abd1d5c21f607f8] Merge branch 'for-5.7' of git://git.kernel.org/pub/scm/linux/kernel/git/tj/cgroup

testing commit d8836005236425cf3cfcc8967abd1d5c21f607f8 gcc
compiler: gcc version 8.1.0 (GCC)
kernel signature: bc788698a9c0becbc3734778035b460deaa2f21256c9d4e1f5c6190d568536f6
2025/03/29 04:48:08 failed to symbolize report: failed to run ["scripts/get_maintainer.pl" "--git-min-percent=15" "-f" "mnt/sdd/jtbursey/SyzInspector/wd-bisector-5/kernel/lib/dump_stack.c"]: exit status 2
scripts/get_maintainer.pl: file 'mnt/sdd/jtbursey/SyzInspector/wd-bisector-5/kernel/lib/dump_stack.c' not found
2025/03/29 04:48:08 failed to symbolize report: failed to run ["scripts/get_maintainer.pl" "--git-min-percent=15" "-f" "mnt/sdd/jtbursey/SyzInspector/wd-bisector-5/kernel/lib/dump_stack.c"]: exit status 2
scripts/get_maintainer.pl: file 'mnt/sdd/jtbursey/SyzInspector/wd-bisector-5/kernel/lib/dump_stack.c' not found
2025/03/29 04:48:08 failed to symbolize report: failed to run ["scripts/get_maintainer.pl" "--git-min-percent=15" "-f" "mnt/sdd/jtbursey/SyzInspector/wd-bisector-5/kernel/lib/dump_stack.c"]: exit status 2
scripts/get_maintainer.pl: file 'mnt/sdd/jtbursey/SyzInspector/wd-bisector-5/kernel/lib/dump_stack.c' not found
2025/03/29 04:48:08 failed to symbolize report: failed to run ["scripts/get_maintainer.pl" "--git-min-percent=15" "-f" "mnt/sdd/jtbursey/SyzInspector/wd-bisector-5/kernel/lib/dump_stack.c"]: exit status 2
scripts/get_maintainer.pl: file 'mnt/sdd/jtbursey/SyzInspector/wd-bisector-5/kernel/lib/dump_stack.c' not found
2025/03/29 04:48:08 failed to symbolize report: failed to run ["scripts/get_maintainer.pl" "--git-min-percent=15" "-f" "mnt/sdd/jtbursey/SyzInspector/wd-bisector-5/kernel/lib/dump_stack.c"]: exit status 2
scripts/get_maintainer.pl: file 'mnt/sdd/jtbursey/SyzInspector/wd-bisector-5/kernel/lib/dump_stack.c' not found
2025/03/29 04:48:08 failed to symbolize report: failed to run ["scripts/get_maintainer.pl" "--git-min-percent=15" "-f" "mnt/sdd/jtbursey/SyzInspector/wd-bisector-5/kernel/lib/dump_stack.c"]: exit status 2
scripts/get_maintainer.pl: file 'mnt/sdd/jtbursey/SyzInspector/wd-bisector-5/kernel/lib/dump_stack.c' not found
2025/03/29 04:48:08 failed to symbolize report: failed to run ["scripts/get_maintainer.pl" "--git-min-percent=15" "-f" "mnt/sdd/jtbursey/SyzInspector/wd-bisector-5/kernel/lib/dump_stack.c"]: exit status 2
scripts/get_maintainer.pl: file 'mnt/sdd/jtbursey/SyzInspector/wd-bisector-5/kernel/lib/dump_stack.c' not found
2025/03/29 04:48:08 failed to symbolize report: failed to run ["scripts/get_maintainer.pl" "--git-min-percent=15" "-f" "mnt/sdd/jtbursey/SyzInspector/wd-bisector-5/kernel/lib/dump_stack.c"]: exit status 2
scripts/get_maintainer.pl: file 'mnt/sdd/jtbursey/SyzInspector/wd-bisector-5/kernel/lib/dump_stack.c' not found
all runs: boot failed: kernel panic: VFS: Unable to mount root fs on unknown-block(NUM,NUM)
unable to determine the verdict: 0 good runs (wanted 4), for bad wanted 4 in total, got 0
# git bisect skip d8836005236425cf3cfcc8967abd1d5c21f607f8
Bisecting: 23153 revisions left to test after this (roughly 15 steps)
[b991cee567bf045097d9426719d7f1477bd7dc59] mm, slab_common: fix a typo in comment "eariler"->"earlier"

testing commit b991cee567bf045097d9426719d7f1477bd7dc59 gcc
compiler: gcc version 8.1.0 (GCC)
kernel signature: c8371dcdbd74a98fb35be10296a70bda9a3b9a7727f78d2c1fc5daa74fd31db3
2025/03/29 05:14:11 failed to symbolize report: failed to run ["scripts/get_maintainer.pl" "--git-min-percent=15" "-f" "mnt/sdd/jtbursey/SyzInspector/wd-bisector-5/kernel/lib/dump_stack.c"]: exit status 2
scripts/get_maintainer.pl: file 'mnt/sdd/jtbursey/SyzInspector/wd-bisector-5/kernel/lib/dump_stack.c' not found
2025/03/29 05:14:11 failed to symbolize report: failed to run ["scripts/get_maintainer.pl" "--git-min-percent=15" "-f" "mnt/sdd/jtbursey/SyzInspector/wd-bisector-5/kernel/lib/dump_stack.c"]: exit status 2
scripts/get_maintainer.pl: file 'mnt/sdd/jtbursey/SyzInspector/wd-bisector-5/kernel/lib/dump_stack.c' not found
2025/03/29 05:14:12 failed to symbolize report: failed to run ["scripts/get_maintainer.pl" "--git-min-percent=15" "-f" "mnt/sdd/jtbursey/SyzInspector/wd-bisector-5/kernel/lib/dump_stack.c"]: exit status 2
scripts/get_maintainer.pl: file 'mnt/sdd/jtbursey/SyzInspector/wd-bisector-5/kernel/lib/dump_stack.c' not found
2025/03/29 05:14:12 failed to symbolize report: failed to run ["scripts/get_maintainer.pl" "--git-min-percent=15" "-f" "mnt/sdd/jtbursey/SyzInspector/wd-bisector-5/kernel/lib/dump_stack.c"]: exit status 2
scripts/get_maintainer.pl: file 'mnt/sdd/jtbursey/SyzInspector/wd-bisector-5/kernel/lib/dump_stack.c' not found
2025/03/29 05:14:12 failed to symbolize report: failed to run ["scripts/get_maintainer.pl" "--git-min-percent=15" "-f" "mnt/sdd/jtbursey/SyzInspector/wd-bisector-5/kernel/lib/dump_stack.c"]: exit status 2
scripts/get_maintainer.pl: file 'mnt/sdd/jtbursey/SyzInspector/wd-bisector-5/kernel/lib/dump_stack.c' not found
2025/03/29 05:14:12 failed to symbolize report: failed to run ["scripts/get_maintainer.pl" "--git-min-percent=15" "-f" "mnt/sdd/jtbursey/SyzInspector/wd-bisector-5/kernel/lib/dump_stack.c"]: exit status 2
scripts/get_maintainer.pl: file 'mnt/sdd/jtbursey/SyzInspector/wd-bisector-5/kernel/lib/dump_stack.c' not found
2025/03/29 05:14:12 failed to symbolize report: failed to run ["scripts/get_maintainer.pl" "--git-min-percent=15" "-f" "mnt/sdd/jtbursey/SyzInspector/wd-bisector-5/kernel/lib/dump_stack.c"]: exit status 2
scripts/get_maintainer.pl: file 'mnt/sdd/jtbursey/SyzInspector/wd-bisector-5/kernel/lib/dump_stack.c' not found
2025/03/29 05:14:13 failed to symbolize report: failed to run ["scripts/get_maintainer.pl" "--git-min-percent=15" "-f" "mnt/sdd/jtbursey/SyzInspector/wd-bisector-5/kernel/lib/dump_stack.c"]: exit status 2
scripts/get_maintainer.pl: file 'mnt/sdd/jtbursey/SyzInspector/wd-bisector-5/kernel/lib/dump_stack.c' not found
all runs: boot failed: kernel panic: VFS: Unable to mount root fs on unknown-block(NUM,NUM)
unable to determine the verdict: 0 good runs (wanted 4), for bad wanted 4 in total, got 0
# git bisect skip b991cee567bf045097d9426719d7f1477bd7dc59
Bisecting: 23153 revisions left to test after this (roughly 15 steps)
[05a5a7621ce66c142e081ffc24dd6ade6e912061] Btrfs: implement full reflink support for inline extents

testing commit 05a5a7621ce66c142e081ffc24dd6ade6e912061 gcc
compiler: gcc version 8.1.0 (GCC)
kernel signature: 55d7511537c1273238d359a4976e470e3d484be9236b1d25f6a6403cb5d3a718
all runs: OK
false negative chance: 0.000
# git bisect good 05a5a7621ce66c142e081ffc24dd6ade6e912061
Bisecting: 16395 revisions left to test after this (roughly 14 steps)
[316107119f473e764cf5e50437333c8b83bec0da] ethtool: propagate get_coalesce return value

testing commit 316107119f473e764cf5e50437333c8b83bec0da gcc
compiler: gcc version 8.1.0 (GCC), GNU ld (GNU Binutils for Ubuntu) 2.34
kernel signature: bee3f64ba0060d97097cb8d274d6c168e498bd563fc7f8fc8767a09b1eaf4c2e
all runs: OK
false negative chance: 0.000
# git bisect good 316107119f473e764cf5e50437333c8b83bec0da
Bisecting: 7921 revisions left to test after this (roughly 13 steps)
[9d71d3cd9ef040c284506648285915e9ba4d08c4] Merge tag 'arm-dt-5.8' of git://git.kernel.org/pub/scm/linux/kernel/git/soc/soc

testing commit 9d71d3cd9ef040c284506648285915e9ba4d08c4 gcc
compiler: gcc version 8.1.0 (GCC), GNU ld (GNU Binutils for Ubuntu) 2.34
kernel signature: b2f4ae13db8fb0aa5f3dccf730afff8a866b13aeae39684258bc1d41f171df85
all runs: OK
false negative chance: 0.000
# git bisect good 9d71d3cd9ef040c284506648285915e9ba4d08c4
Bisecting: 3942 revisions left to test after this (roughly 12 steps)
[6f630784cc0d92fb58ea326e2bc01aa056279ecb] Merge tag 'clk-for-linus' of git://git.kernel.org/pub/scm/linux/kernel/git/clk/linux

testing commit 6f630784cc0d92fb58ea326e2bc01aa056279ecb gcc
compiler: gcc (GCC) 8.1.0, GNU ld (GNU Binutils for Ubuntu) 2.34
kernel signature: 3d5940aeb33041f80515c5f67972961cf1e0094c16ff13db56502c48adf9fc88
2025/03/29 06:48:43 failed to symbolize report: failed to run ["scripts/get_maintainer.pl" "--git-min-percent=15" "-f" "mnt/sdd/jtbursey/SyzInspector/wd-bisector-5/kernel/fs/ext4/mballoc.c"]: exit status 2
scripts/get_maintainer.pl: file 'mnt/sdd/jtbursey/SyzInspector/wd-bisector-5/kernel/fs/ext4/mballoc.c' not found
2025/03/29 06:48:43 failed to symbolize report: failed to run ["scripts/get_maintainer.pl" "--git-min-percent=15" "-f" "mnt/sdd/jtbursey/SyzInspector/wd-bisector-5/kernel/fs/ext4/mballoc.c"]: exit status 2
scripts/get_maintainer.pl: file 'mnt/sdd/jtbursey/SyzInspector/wd-bisector-5/kernel/fs/ext4/mballoc.c' not found
2025/03/29 06:48:43 failed to symbolize report: failed to run ["scripts/get_maintainer.pl" "--git-min-percent=15" "-f" "mnt/sdd/jtbursey/SyzInspector/wd-bisector-5/kernel/fs/ext4/mballoc.c"]: exit status 2
scripts/get_maintainer.pl: file 'mnt/sdd/jtbursey/SyzInspector/wd-bisector-5/kernel/fs/ext4/mballoc.c' not found
2025/03/29 06:48:43 failed to symbolize report: failed to run ["scripts/get_maintainer.pl" "--git-min-percent=15" "-f" "mnt/sdd/jtbursey/SyzInspector/wd-bisector-5/kernel/fs/ext4/mballoc.c"]: exit status 2
scripts/get_maintainer.pl: file 'mnt/sdd/jtbursey/SyzInspector/wd-bisector-5/kernel/fs/ext4/mballoc.c' not found
2025/03/29 06:48:44 failed to symbolize report: failed to run ["scripts/get_maintainer.pl" "--git-min-percent=15" "-f" "mnt/sdd/jtbursey/SyzInspector/wd-bisector-5/kernel/fs/ext4/mballoc.c"]: exit status 2
scripts/get_maintainer.pl: file 'mnt/sdd/jtbursey/SyzInspector/wd-bisector-5/kernel/fs/ext4/mballoc.c' not found
2025/03/29 06:48:44 failed to symbolize report: failed to run ["scripts/get_maintainer.pl" "--git-min-percent=15" "-f" "mnt/sdd/jtbursey/SyzInspector/wd-bisector-5/kernel/fs/ext4/mballoc.c"]: exit status 2
scripts/get_maintainer.pl: file 'mnt/sdd/jtbursey/SyzInspector/wd-bisector-5/kernel/fs/ext4/mballoc.c' not found
2025/03/29 06:48:44 failed to symbolize report: failed to run ["scripts/get_maintainer.pl" "--git-min-percent=15" "-f" "mnt/sdd/jtbursey/SyzInspector/wd-bisector-5/kernel/fs/ext4/mballoc.c"]: exit status 2
scripts/get_maintainer.pl: file 'mnt/sdd/jtbursey/SyzInspector/wd-bisector-5/kernel/fs/ext4/mballoc.c' not found
2025/03/29 06:48:44 failed to symbolize report: failed to run ["scripts/get_maintainer.pl" "--git-min-percent=15" "-f" "mnt/sdd/jtbursey/SyzInspector/wd-bisector-5/kernel/fs/ext4/mballoc.c"]: exit status 2
scripts/get_maintainer.pl: file 'mnt/sdd/jtbursey/SyzInspector/wd-bisector-5/kernel/fs/ext4/mballoc.c' not found
all runs: basic kernel testing failed: BUG: using smp_processor_id() in preemptible code in ext4_mb_new_blocks
unable to determine the verdict: 0 good runs (wanted 4), for bad wanted 4 in total, got 0
# git bisect skip 6f630784cc0d92fb58ea326e2bc01aa056279ecb
Bisecting: 3942 revisions left to test after this (roughly 12 steps)
[01c66c48d4f0825a202d4163800b706a1d2ec7ad] bpf: Fix an incorrect branch elimination by verifier

testing commit 01c66c48d4f0825a202d4163800b706a1d2ec7ad gcc
compiler: gcc (GCC) 8.1.0, GNU ld (GNU Binutils for Ubuntu) 2.34
kernel signature: a6a9c22ab0d2afd8ee986ea6a6bb6ce0777abfa774599db3ba9f32f4dcf9bb5c
all runs: OK
false negative chance: 0.000
# git bisect good 01c66c48d4f0825a202d4163800b706a1d2ec7ad
Bisecting: 1133 revisions left to test after this (roughly 10 steps)
[42f82040ee66db13525dc6f14b8559890b2f4c1c] Merge tag 'drm-fixes-2020-07-10' of git://anongit.freedesktop.org/drm/drm

testing commit 42f82040ee66db13525dc6f14b8559890b2f4c1c gcc
compiler: gcc (GCC) 8.1.0, GNU ld (GNU Binutils for Ubuntu) 2.34
kernel signature: 5bdc20435285f2218422ba41f3dda984c0dc2c0116c4ef24d1719736f5f10673
all runs: OK
false negative chance: 0.000
# git bisect good 42f82040ee66db13525dc6f14b8559890b2f4c1c
Bisecting: 566 revisions left to test after this (roughly 9 steps)
[5fdbe136ae19ab751daaa4d08d9a42f3e30d17f9] serial: exar: Fix GPIO configuration for Sealevel cards based on XR17V35X

testing commit 5fdbe136ae19ab751daaa4d08d9a42f3e30d17f9 gcc
compiler: gcc (GCC) 8.1.0, GNU ld (GNU Binutils for Ubuntu) 2.34
kernel signature: 62fe4593704a3efa5f5b7f249ec0710ecbae67a70791f6739d8e92562db6ee75
all runs: crashed: WARNING in __kernel_write
representative crash: WARNING in __kernel_write, types: [WARNING]
# git bisect bad 5fdbe136ae19ab751daaa4d08d9a42f3e30d17f9
Bisecting: 275 revisions left to test after this (roughly 8 steps)
[0665a4e9a1d6a51b6a25d5a5de6c623d380d853b] Merge tag 'dmaengine-fix-5.8-rc6' of git://git.kernel.org/pub/scm/linux/kernel/git/vkoul/dmaengine into master

testing commit 0665a4e9a1d6a51b6a25d5a5de6c623d380d853b gcc
compiler: gcc (GCC) 8.1.0, GNU ld (GNU Binutils for Ubuntu) 2.34
kernel signature: e4febfcd51812ae089fb46976bfbedae8a32476969271a486b49e2d8099043d0
all runs: crashed: WARNING in __kernel_write
representative crash: WARNING in __kernel_write, types: [WARNING]
# git bisect bad 0665a4e9a1d6a51b6a25d5a5de6c623d380d853b
Bisecting: 156 revisions left to test after this (roughly 7 steps)
[1195c7cebb95081d809f81a27b21829573cbd4a8] Merge branch 'mlxsw-Various-fixes'

testing commit 1195c7cebb95081d809f81a27b21829573cbd4a8 gcc
compiler: gcc (GCC) 8.1.0, GNU ld (GNU Binutils for Ubuntu) 2.34
kernel signature: 1c06ee58beea4ea06bf7d1b1951bbe3d0832eddd583ad46f7f9d46d80cd83ea0
all runs: OK
false negative chance: 0.000
# git bisect good 1195c7cebb95081d809f81a27b21829573cbd4a8
Bisecting: 77 revisions left to test after this (roughly 6 steps)
[5a764898afec0bc097003e8c3e727792289f76d6] Merge git://git.kernel.org/pub/scm/linux/kernel/git/netdev/net

testing commit 5a764898afec0bc097003e8c3e727792289f76d6 gcc
compiler: gcc (GCC) 8.1.0, GNU ld (GNU Binutils for Ubuntu) 2.34
kernel signature: 0a0066ec85473cb55bc03c7c7979835bf7a7abd42ec85d637a4b802406f63f1c
all runs: crashed: WARNING in __kernel_write
representative crash: WARNING in __kernel_write, types: [WARNING]
# git bisect bad 5a764898afec0bc097003e8c3e727792289f76d6
Bisecting: 37 revisions left to test after this (roughly 5 steps)
[25aadbd2a8ad05ed0477cb94c7659075f540d158] Merge tag 'pinctrl-v5.8-3' of git://git.kernel.org/pub/scm/linux/kernel/git/linusw/linux-pinctrl

testing commit 25aadbd2a8ad05ed0477cb94c7659075f540d158 gcc
compiler: gcc (GCC) 8.1.0, GNU ld (GNU Binutils for Ubuntu) 2.34
kernel signature: 24057a060b3abdf915f09a7bfabfddb3f96fde904a4a077665fcf67c8ea9e850
all runs: OK
false negative chance: 0.000
# git bisect good 25aadbd2a8ad05ed0477cb94c7659075f540d158
Bisecting: 18 revisions left to test after this (roughly 4 steps)
[d33db702745b84fd553d9a5f5db85e122aa45020] Merge tag 'block-5.8-2020-07-10' of git://git.kernel.dk/linux-block

testing commit d33db702745b84fd553d9a5f5db85e122aa45020 gcc
compiler: gcc (GCC) 8.1.0, GNU ld (GNU Binutils for Ubuntu) 2.34
kernel signature: 7a0e7f1e5a27c09bacaedc6302b5d82df532a940eceeef864512c7385d726dab
all runs: crashed: WARNING in __kernel_write
representative crash: WARNING in __kernel_write, types: [WARNING]
# git bisect bad d33db702745b84fd553d9a5f5db85e122aa45020
Bisecting: 8 revisions left to test after this (roughly 3 steps)
[6209dd9132e8ea5545cffc84483841e88ea8cc5b] fs: implement kernel_read using __kernel_read

testing commit 6209dd9132e8ea5545cffc84483841e88ea8cc5b gcc
compiler: gcc (GCC) 8.1.0, GNU ld (GNU Binutils for Ubuntu) 2.34
kernel signature: 39722b2f41658964998deff0a1822de75cc44a94d57eb9ff819d4d2f5fe5b301
all runs: crashed: WARNING in __kernel_write
representative crash: WARNING in __kernel_write, types: [WARNING]
# git bisect bad 6209dd9132e8ea5545cffc84483841e88ea8cc5b
Bisecting: 4 revisions left to test after this (roughly 2 steps)
[a01ac27be4729f80176a45c54611b768dfbdc840] fs: check FMODE_WRITE in __kernel_write

testing commit a01ac27be4729f80176a45c54611b768dfbdc840 gcc
compiler: gcc (GCC) 8.1.0, GNU ld (GNU Binutils for Ubuntu) 2.34
kernel signature: 997f6969c289f5a41bae8c079889f5e7b73aa6f67cc1333112d3d67a8b93e861
all runs: OK
false negative chance: 0.000
# git bisect good a01ac27be4729f80176a45c54611b768dfbdc840
Bisecting: 2 revisions left to test after this (roughly 1 step)
[53ad86266bda973b526078227997ca3fcb92c9be] fs: remove __vfs_write

testing commit 53ad86266bda973b526078227997ca3fcb92c9be gcc
compiler: gcc (GCC) 8.1.0, GNU ld (GNU Binutils for Ubuntu) 2.34
kernel signature: ade7fcf7b0dfacf4b9f69cdc9a61b5fdd35358520ea04fd05615ee12ef9f9468
all runs: crashed: WARNING in __kernel_write
representative crash: WARNING in __kernel_write, types: [WARNING]
# git bisect bad 53ad86266bda973b526078227997ca3fcb92c9be
Bisecting: 0 revisions left to test after this (roughly 0 steps)
[81238b2cff1469ff5b94390d026cd075105d6dcd] fs: implement kernel_write using __kernel_write

testing commit 81238b2cff1469ff5b94390d026cd075105d6dcd gcc
compiler: gcc (GCC) 8.1.0, GNU ld (GNU Binutils for Ubuntu) 2.34
kernel signature: 51cb5c2862b51f9818427eaeb80eddcd736ad92d8c80a90f3f70e5b12f281ec9
all runs: crashed: WARNING in __kernel_write
representative crash: WARNING in __kernel_write, types: [WARNING]
# git bisect bad 81238b2cff1469ff5b94390d026cd075105d6dcd
81238b2cff1469ff5b94390d026cd075105d6dcd is the first bad commit
commit 81238b2cff1469ff5b94390d026cd075105d6dcd
Author: Christoph Hellwig <hch@lst.de>
Date:   Thu May 7 19:33:03 2020 +0200

    fs: implement kernel_write using __kernel_write
    
    Consolidate the two in-kernel write helpers to make upcoming changes
    easier.  The only difference are the missing call to rw_verify_area
    in kernel_write, and an access_ok check that doesn't make sense for
    kernel buffers to start with.
    
    Signed-off-by: Christoph Hellwig <hch@lst.de>

 fs/read_write.c | 17 +++++++++--------
 1 file changed, 9 insertions(+), 8 deletions(-)

accumulated error probability: 0.00
culprit signature: 51cb5c2862b51f9818427eaeb80eddcd736ad92d8c80a90f3f70e5b12f281ec9
parent  signature: 997f6969c289f5a41bae8c079889f5e7b73aa6f67cc1333112d3d67a8b93e861
revisions tested: 28, total time: 9h5m3.50184129s (build: 6h22m39.399566149s, test: 2h10m38.74405248s)
first bad commit: 81238b2cff1469ff5b94390d026cd075105d6dcd fs: implement kernel_write using __kernel_write
recipients (to): ["hch@lst.de" "linux-kernel@vger.kernel.org"]
recipients (cc): ["linux-fsdevel@vger.kernel.org" "viro@zeniv.linux.org.uk"]
crash: WARNING in __kernel_write
------------[ cut here ]------------
WARNING: CPU: 0 PID: 8917 at fs/read_write.c:509 __kernel_write+0x1a2/0x1c0 mnt/sdd/jtbursey/SyzInspector/wd-bisector-5/kernel/fs/read_write.c:509
Kernel panic - not syncing: panic_on_warn set ...
CPU: 0 PID: 8917 Comm: syz-executor.0 Not tainted 5.8.0-rc4-syzkaller #0
Hardware name: QEMU Standard PC (i440FX + PIIX, 1996), BIOS 1.13.0-1ubuntu1.1 04/01/2014
Call Trace:
 __dump_stack mnt/sdd/jtbursey/SyzInspector/wd-bisector-5/kernel/lib/dump_stack.c:77 [inline]
 dump_stack+0xd4/0x13e mnt/sdd/jtbursey/SyzInspector/wd-bisector-5/kernel/lib/dump_stack.c:118
 panic+0x262/0x5d4 mnt/sdd/jtbursey/SyzInspector/wd-bisector-5/kernel/kernel/panic.c:231
 __warn.cold.13+0x2a/0x39 mnt/sdd/jtbursey/SyzInspector/wd-bisector-5/kernel/kernel/panic.c:600
 report_bug+0x168/0x1d0 mnt/sdd/jtbursey/SyzInspector/wd-bisector-5/kernel/lib/bug.c:198
 handle_bug+0x3f/0x70 mnt/sdd/jtbursey/SyzInspector/wd-bisector-5/kernel/arch/x86/kernel/traps.c:235
 exc_invalid_op+0x13/0x60 mnt/sdd/jtbursey/SyzInspector/wd-bisector-5/kernel/arch/x86/kernel/traps.c:255
 asm_exc_invalid_op+0x12/0x20 mnt/sdd/jtbursey/SyzInspector/wd-bisector-5/kernel/./arch/x86/include/asm/idtentry.h:542
RIP: 0010:__kernel_write+0x1a2/0x1c0 mnt/sdd/jtbursey/SyzInspector/wd-bisector-5/kernel/fs/read_write.c:509
Code: 00 e9 3c ff ff ff e8 8d b9 d7 ff 45 31 c9 45 31 c0 b9 01 00 00 00 4c 89 f2 89 de 4c 89 ef e8 55 64 09 00 eb c7 e8 6e b9 d7 ff <0f> 0b 48 c7 c5 f7 ff ff ff e9 20 ff ff ff 48 c7 c5 ea ff ff ff e9
RSP: 0018:ffffc9000129fc08 EFLAGS: 00010293
RAX: ffff8881380f6500 RBX: 00000000000a801d RCX: ffffffff81680194
RDX: 0000000000000000 RSI: ffffffff81680302 RDI: 0000000000000005
RBP: 0000000000000011 R08: ffff8881380f6500 R09: 0000000000000001
R10: ffffffff824ae3b3 R11: 0000000000000000 R12: ffff888135fe6a00
R13: ffffc9000129fcff R14: ffff88807324f408 R15: 0000000000000000
 kernel_write+0x8e/0xf0 mnt/sdd/jtbursey/SyzInspector/wd-bisector-5/kernel/fs/read_write.c:539
 write_buf mnt/sdd/jtbursey/SyzInspector/wd-bisector-5/kernel/fs/btrfs/send.c:561 [inline]
 send_header mnt/sdd/jtbursey/SyzInspector/wd-bisector-5/kernel/fs/btrfs/send.c:680 [inline]
 send_subvol mnt/sdd/jtbursey/SyzInspector/wd-bisector-5/kernel/fs/btrfs/send.c:6953 [inline]
 btrfs_ioctl_send+0xe01/0x187f mnt/sdd/jtbursey/SyzInspector/wd-bisector-5/kernel/fs/btrfs/send.c:7297
 _btrfs_ioctl_send+0xc8/0x170 mnt/sdd/jtbursey/SyzInspector/wd-bisector-5/kernel/fs/btrfs/ioctl.c:4753
 btrfs_ioctl+0xd08/0x4ad0 mnt/sdd/jtbursey/SyzInspector/wd-bisector-5/kernel/fs/btrfs/ioctl.c:4867
 vfs_ioctl mnt/sdd/jtbursey/SyzInspector/wd-bisector-5/kernel/fs/ioctl.c:48 [inline]
 ksys_ioctl+0xd9/0x120 mnt/sdd/jtbursey/SyzInspector/wd-bisector-5/kernel/fs/ioctl.c:753
 __do_sys_ioctl mnt/sdd/jtbursey/SyzInspector/wd-bisector-5/kernel/fs/ioctl.c:762 [inline]
 __se_sys_ioctl mnt/sdd/jtbursey/SyzInspector/wd-bisector-5/kernel/fs/ioctl.c:760 [inline]
 __x64_sys_ioctl+0x1a/0x20 mnt/sdd/jtbursey/SyzInspector/wd-bisector-5/kernel/fs/ioctl.c:760
 do_syscall_64+0x46/0xa0 mnt/sdd/jtbursey/SyzInspector/wd-bisector-5/kernel/arch/x86/entry/common.c:384
 entry_SYSCALL_64_after_hwframe+0x44/0xa9
RIP: 0033:0x7fd9591a4ced
Code: Bad RIP value.
RSP: 002b:00007fd9584efbd8 EFLAGS: 00000246 ORIG_RAX: 0000000000000010
RAX: ffffffffffffffda RBX: 00007fd9592df050 RCX: 00007fd9591a4ced
RDX: 00000000200003c0 RSI: 0000000040489426 RDI: 0000000000000003
RBP: 00007fd9592024ac R08: 0000000000000000 R09: 0000000000000000
R10: 0000000000000000 R11: 0000000000000246 R12: 0000000000000000
R13: 00007fff64a1aebf R14: 00007fff64a1b050 R15: 00007fd9584efd80
Kernel Offset: disabled
Rebooting in 86400 seconds..


WARNING in __kernel_write_iter
81238b2cff1469ff5b94390d026cd075105d6dcd
