charm starts bisection 2025-04-11 18:45:13.539055803 -0700 PDT m=+21.255500947
bisecting cause commit starting from 7d2f353b2682dcfe5f9bc71e5b61d5b61770d98e
building syzkaller on HEAD
ensuring issue is reproducible on original commit 7d2f353b2682dcfe5f9bc71e5b61d5b61770d98e

testing commit 7d2f353b2682dcfe5f9bc71e5b61d5b61770d98e gcc
compiler: gcc (Ubuntu 10.5.0-1ubuntu1~20.04) 10.5.0, GNU ld (GNU Binutils for Ubuntu) 2.34
kernel signature: 30873bb7b32480b28f3272709816a9577c0cc4c4b4e34f354655894b8929a890
run #0: crashed: general protection fault in tls_merge_open_record
run #1: OK
run #2: OK
run #3: OK
run #4: OK
run #5: OK
run #6: OK
run #7: OK
representative crash: general protection fault in tls_merge_open_record, types: [UNKNOWN]
unable to determine the verdict: 7 good runs (wanted 4), for bad wanted 4 in total, got 8
revisions tested: 1, total time: 29m11.259744104s (build: 17m51.219077117s, test: 8m0.545275435s)
error: the crash wasn't reproduced on the original commit
bisection failed: the crash wasn't reproduced on the original commit

general protection fault in tls_merge_open_record
