server starts bisection 2025-04-12 23:31:02.671097067 -0700 PDT m=+9.884272103
bisecting cause commit starting from 34af78c4e616c359ed428d79fe4758a35d2c5473
building syzkaller on HEAD
ensuring issue is reproducible on original commit 34af78c4e616c359ed428d79fe4758a35d2c5473

testing commit 34af78c4e616c359ed428d79fe4758a35d2c5473 gcc
compiler: gcc (Ubuntu 10.5.0-1ubuntu1~20.04) 10.5.0, GNU ld (GNU Binutils for Ubuntu) 2.34
kernel signature: 0a181e35b7a3b6a6feca2e5d764e68026b628c83c9c5d2116da2c1976cfcd786
all runs: crashed: general protection fault in llc_ui_connect
representative crash: general protection fault in llc_ui_connect, types: [UNKNOWN]
picked [v5.17 v5.16 v5.15 v5.13 v5.11 v5.9 v5.7 v5.5 v5.2 v4.20 v4.19] out of 20 release tags
testing release v5.17
testing commit f443e374ae131c168a065ea1748feac6b2e76613 gcc
compiler: gcc (Ubuntu 10.5.0-1ubuntu1~20.04) 10.5.0, GNU ld (GNU Binutils for Ubuntu) 2.34
kernel signature: 53c60650dfaf8c36a0c64d29a9804d67dafbe3f523194a6f8f64231fb321a459
all runs: OK
false negative chance: 0.000
# git bisect start 34af78c4e616c359ed428d79fe4758a35d2c5473 f443e374ae131c168a065ea1748feac6b2e76613
Bisecting: 4961 revisions left to test after this (roughly 12 steps)
[7403e6d8263937dea206dd201fed1ceed190ca18] Merge tag 'vfio-v5.18-rc1' of https://github.com/awilliam/linux-vfio

testing commit 7403e6d8263937dea206dd201fed1ceed190ca18 gcc
compiler: gcc (Ubuntu 10.5.0-1ubuntu1~20.04) 10.5.0, GNU ld (GNU Binutils for Ubuntu) 2.34
kernel signature: 7f4b7b847ddcff65eabd3de30f1bb76f27dabd0a9123e22057a8eafe7c54dcb7
all runs: OK
false negative chance: 0.000
# git bisect good 7403e6d8263937dea206dd201fed1ceed190ca18
Bisecting: 2480 revisions left to test after this (roughly 11 steps)
[32cb08e958696908a9aad5e49a78d74f7e32fffb] Bluetooth: hci_uart: add missing NULL check in h5_enqueue

testing commit 32cb08e958696908a9aad5e49a78d74f7e32fffb gcc
compiler: gcc (Ubuntu 10.5.0-1ubuntu1~20.04) 10.5.0, GNU ld (GNU Binutils for Ubuntu) 2.34
kernel signature: 02a5f6b01a60ed89e3966c16a1a94e0cb1dbc7961b92c94a3585b099fce7f49e
all runs: basic kernel testing failed: WARNING in __napi_schedule
unable to determine the verdict: 0 good runs (wanted 4), for bad wanted 4 in total, got 0
# git bisect skip 32cb08e958696908a9aad5e49a78d74f7e32fffb
Bisecting: 2480 revisions left to test after this (roughly 11 steps)
[3914a9c07e8c3a30f178f1c92e2354b9cffdecb5] micrel: Use generic ptp_msg_is_sync() function

testing commit 3914a9c07e8c3a30f178f1c92e2354b9cffdecb5 gcc
compiler: gcc (Ubuntu 10.5.0-1ubuntu1~20.04) 10.5.0, GNU ld (GNU Binutils for Ubuntu) 2.34
kernel signature: 0ea77c768c6c0f3d1fb9e120addddb1d401e89ecd02571ca80fe1f95f09bce13
all runs: OK
false negative chance: 0.000
# git bisect good 3914a9c07e8c3a30f178f1c92e2354b9cffdecb5
Bisecting: 1652 revisions left to test after this (roughly 11 steps)
[c6e90a1c660874736bd09c1fec6312b4b4c2ff7b] Merge tag 'amd-drm-next-5.18-2022-03-18' of https://gitlab.freedesktop.org/agd5f/linux into drm-next

testing commit c6e90a1c660874736bd09c1fec6312b4b4c2ff7b gcc
compiler: gcc (Ubuntu 10.5.0-1ubuntu1~20.04) 10.5.0, GNU ld (GNU Binutils for Ubuntu) 2.34
kernel signature: a8f48c5964c7be7eef399c335025dcba20c83844cb83d38b6b7054ed9427cc53
all runs: OK
false negative chance: 0.000
# git bisect good c6e90a1c660874736bd09c1fec6312b4b4c2ff7b
Bisecting: 825 revisions left to test after this (roughly 10 steps)
[1ddcbfbf9dc9b59258dc5a4429f607a6828863d0] net/tls: remove unnecessary jump instructions in do_tls_setsockopt_conf()

testing commit 1ddcbfbf9dc9b59258dc5a4429f607a6828863d0 gcc
compiler: gcc (Ubuntu 10.5.0-1ubuntu1~20.04) 10.5.0, GNU ld (GNU Binutils for Ubuntu) 2.34
kernel signature: 81f5f07ea808ec34045978230fd3d23e229d55c5d894631b1599389b13a6ff63
all runs: OK
false negative chance: 0.000
# git bisect good 1ddcbfbf9dc9b59258dc5a4429f607a6828863d0
Bisecting: 380 revisions left to test after this (roughly 9 steps)
[2dacc1e57b95ebc42ddcbfc26cd74700b341f1df] Merge tag 'for-linus' of git://git.kernel.org/pub/scm/linux/kernel/git/rdma/rdma

testing commit 2dacc1e57b95ebc42ddcbfc26cd74700b341f1df gcc
compiler: gcc (Ubuntu 10.5.0-1ubuntu1~20.04) 10.5.0, GNU ld (GNU Binutils for Ubuntu) 2.34
kernel signature: 530a6c4c07442c67a31f5a5fc964049b62020bf1adaf1a4987875b5c6c318ead
all runs: crashed: general protection fault in llc_ui_connect
representative crash: general protection fault in llc_ui_connect, types: [UNKNOWN]
# git bisect bad 2dacc1e57b95ebc42ddcbfc26cd74700b341f1df
Bisecting: 234 revisions left to test after this (roughly 8 steps)
[169e77764adc041b1dacba84ea90516a895d43b2] Merge tag 'net-next-5.18' of git://git.kernel.org/pub/scm/linux/kernel/git/netdev/net-next

testing commit 169e77764adc041b1dacba84ea90516a895d43b2 gcc
compiler: gcc (Ubuntu 10.5.0-1ubuntu1~20.04) 10.5.0, GNU ld (GNU Binutils for Ubuntu) 2.34
kernel signature: 4f501169d863f81f1436b8378405069b56a9a1b19d178a2fc339593ffe5f7c10
all runs: crashed: general protection fault in llc_ui_connect
representative crash: general protection fault in llc_ui_connect, types: [UNKNOWN]
# git bisect bad 169e77764adc041b1dacba84ea90516a895d43b2
Bisecting: 104 revisions left to test after this (roughly 7 steps)
[f7a11eeccb11185437f4da1c80b66b857d1e906f] selftests/bpf: Add kprobe_multi attach test

testing commit f7a11eeccb11185437f4da1c80b66b857d1e906f gcc
compiler: gcc (Ubuntu 10.5.0-1ubuntu1~20.04) 10.5.0, GNU ld (GNU Binutils for Ubuntu) 2.34
kernel signature: 06a239fcd715bb15f729139de24621fbb75a15e2e4576884e512dd3f0b06b9f1
all runs: OK
false negative chance: 0.000
# git bisect good f7a11eeccb11185437f4da1c80b66b857d1e906f
Bisecting: 58 revisions left to test after this (roughly 6 steps)
[7f0059b58f0257d895fafd2f2e3afe3bbdf21e64] selftests/bpf: Fix kprobe_multi test.

testing commit 7f0059b58f0257d895fafd2f2e3afe3bbdf21e64 gcc
compiler: gcc (Ubuntu 10.5.0-1ubuntu1~20.04) 10.5.0, GNU ld (GNU Binutils for Ubuntu) 2.34
kernel signature: 856d1d0520822b2e42cc073f633e5dcb259b37b1f8d4de8602c8c4c1e9f3a78e
all runs: OK
false negative chance: 0.000
# git bisect good 7f0059b58f0257d895fafd2f2e3afe3bbdf21e64
Bisecting: 29 revisions left to test after this (roughly 5 steps)
[764f4eb6846f5475f1244767d24d25dd86528a4a] llc: fix netdevice reference leaks in llc_ui_bind()

testing commit 764f4eb6846f5475f1244767d24d25dd86528a4a gcc
compiler: gcc (Ubuntu 10.5.0-1ubuntu1~20.04) 10.5.0, GNU ld (GNU Binutils for Ubuntu) 2.34
kernel signature: 5160b066002412bf9c3412c1a708fb21dad06b1e5cddebedccac62832d2951ca
all runs: crashed: general protection fault in llc_ui_connect
representative crash: general protection fault in llc_ui_connect, types: [UNKNOWN]
# git bisect bad 764f4eb6846f5475f1244767d24d25dd86528a4a
Bisecting: 14 revisions left to test after this (roughly 4 steps)
[917b149ac3d5c8b3a582559b9779ee29d69fad78] selftests: forwarding: Disable learning before link up

testing commit 917b149ac3d5c8b3a582559b9779ee29d69fad78 gcc
compiler: gcc (Ubuntu 10.5.0-1ubuntu1~20.04) 10.5.0, GNU ld (GNU Binutils for Ubuntu) 2.34
kernel signature: 98efda3235543e39263e9372f1beaf76601d8e6e36a473193002e20ffa593945
all runs: OK
false negative chance: 0.000
# git bisect good 917b149ac3d5c8b3a582559b9779ee29d69fad78
Bisecting: 7 revisions left to test after this (roughly 3 steps)
[2af7e566a8616c278e1d7287ce86cd3900bed943] net/mlx5e: Fix build warning, detected write beyond size of field

testing commit 2af7e566a8616c278e1d7287ce86cd3900bed943 gcc
compiler: gcc (Ubuntu 10.5.0-1ubuntu1~20.04) 10.5.0, GNU ld (GNU Binutils for Ubuntu) 2.34
kernel signature: eeb4e918aa0d32bead2530832ff89c0548af0677ac1f27dae7e6ebac2fdf4f06
all runs: OK
false negative chance: 0.000
# git bisect good 2af7e566a8616c278e1d7287ce86cd3900bed943
Bisecting: 3 revisions left to test after this (roughly 2 steps)
[4a6806cfcbca2cd7bae94b2d4244dab3aaa1b333] net: marvell: prestera: add missing destroy_workqueue() in prestera_module_init()

testing commit 4a6806cfcbca2cd7bae94b2d4244dab3aaa1b333 gcc
compiler: gcc (Ubuntu 10.5.0-1ubuntu1~20.04) 10.5.0, GNU ld (GNU Binutils for Ubuntu) 2.34
kernel signature: d99cfcbdb61cde5e3958a9d9ba64eaa8b08715236ebb98f880fd4efe90c45e3c
all runs: OK
false negative chance: 0.000
# git bisect good 4a6806cfcbca2cd7bae94b2d4244dab3aaa1b333
Bisecting: 1 revision left to test after this (roughly 1 step)
[054d5575cd6ed2792611a7cbb8c88663cc873780] net/sched: fix incorrect vlan_push_eth dest field

testing commit 054d5575cd6ed2792611a7cbb8c88663cc873780 gcc
compiler: gcc (Ubuntu 10.5.0-1ubuntu1~20.04) 10.5.0, GNU ld (GNU Binutils for Ubuntu) 2.34
kernel signature: 3c14f0ab12281371b880e66252d4181ba8a38beab44e4a89123658f0c25b66fb
all runs: OK
false negative chance: 0.000
# git bisect good 054d5575cd6ed2792611a7cbb8c88663cc873780
Bisecting: 0 revisions left to test after this (roughly 0 steps)
[2844e2434385819f674d1fb4130c308c50ba681e] drivers: ethernet: cpsw: fix panic when interrupt coaleceing is set via ethtool

testing commit 2844e2434385819f674d1fb4130c308c50ba681e gcc
compiler: gcc (Ubuntu 10.5.0-1ubuntu1~20.04) 10.5.0, GNU ld (GNU Binutils for Ubuntu) 2.34
kernel signature: 5cdeeeee349d7d0d26e96d8147ec34f1d914e3d795bf61d78bbd126e00ac5aa8
all runs: OK
false negative chance: 0.000
# git bisect good 2844e2434385819f674d1fb4130c308c50ba681e
764f4eb6846f5475f1244767d24d25dd86528a4a is the first bad commit
commit 764f4eb6846f5475f1244767d24d25dd86528a4a
Author: Eric Dumazet <edumazet@google.com>
Date:   Tue Mar 22 17:41:47 2022 -0700

    llc: fix netdevice reference leaks in llc_ui_bind()
    
    Whenever llc_ui_bind() and/or llc_ui_autobind()
    took a reference on a netdevice but subsequently fail,
    they must properly release their reference
    or risk the infamous message from unregister_netdevice()
    at device dismantle.
    
    unregister_netdevice: waiting for eth0 to become free. Usage count = 3
    
    Fixes: 1da177e4c3f4 ("Linux-2.6.12-rc2")
    Signed-off-by: Eric Dumazet <edumazet@google.com>
    Reported-by: 赵子轩 <beraphin@gmail.com>
    Reported-by: Stoyan Manolov <smanolov@suse.de>
    Link: https://lore.kernel.org/r/20220323004147.1990845-1-eric.dumazet@gmail.com
    Signed-off-by: Jakub Kicinski <kuba@kernel.org>

 net/llc/af_llc.c | 8 ++++++++
 1 file changed, 8 insertions(+)

accumulated error probability: 0.00
culprit signature: 5160b066002412bf9c3412c1a708fb21dad06b1e5cddebedccac62832d2951ca
parent  signature: 5cdeeeee349d7d0d26e96d8147ec34f1d914e3d795bf61d78bbd126e00ac5aa8
revisions tested: 17, total time: 4h44m51.183964396s (build: 2h39m28.28686678s, test: 1h40m32.061144876s)
first bad commit: 764f4eb6846f5475f1244767d24d25dd86528a4a llc: fix netdevice reference leaks in llc_ui_bind()
recipients (to): ["davem@davemloft.net" "edumazet@google.com" "kuba@kernel.org" "kuba@kernel.org" "linux-kernel@vger.kernel.org" "pabeni@redhat.com"]
recipients (cc): ["netdev@vger.kernel.org"]
crash: general protection fault in llc_ui_connect
general protection fault, probably for non-canonical address 0xdffffc0000000070: 0000 [#1] PREEMPT SMP KASAN
KASAN: null-ptr-deref in range [0x0000000000000380-0x0000000000000387]
CPU: 1 PID: 8881 Comm: syz.0.16 Not tainted 5.17.0-rc8-syzkaller #0
Hardware name: QEMU Standard PC (i440FX + PIIX, 1996), BIOS 1.13.0-1ubuntu1.1 04/01/2014
RIP: 0010:llc_ui_connect+0x422/0xcd0 net/llc/af_llc.c:500
Code: 80 3c 02 00 0f 85 94 07 00 00 4c 8b a5 38 05 00 00 48 b8 00 00 00 00 00 fc ff df 49 8d bc 24 80 03 00 00 48 89 fa 48 c1 ea 03 <80> 3c 02 00 0f 85 9a 07 00 00 49 8b b4 24 80 03 00 00 4c 89 c2 48
RSP: 0018:ffffc9000302fcc0 EFLAGS: 00010202
RAX: dffffc0000000000 RBX: ffff888025cb6600 RCX: 0000000000000000
RDX: 0000000000000070 RSI: ffffc9000302fe3e RDI: 0000000000000380
RBP: ffff88801e081000 R08: ffffc9000302fe38 R09: ffff88801e081535
R10: ffffed1003c102a6 R11: 0000000000000000 R12: 0000000000000000
R13: 0000000000000001 R14: 1ffff92000605fa0 R15: ffff88801e081012
FS:  00007fd25d0f2700(0000) GS:ffff888135c00000(0000) knlGS:0000000000000000
CS:  0010 DS: 0000 ES: 0000 CR0: 0000000080050033
CR2: 00007fd25de5fef0 CR3: 000000010e4ae000 CR4: 0000000000350ee0
DR0: 0000000000000000 DR1: 0000000000000000 DR2: 0000000000000000
DR3: 0000000000000000 DR6: 00000000fffe0ff0 DR7: 0000000000000400
Call Trace:
 <TASK>
 __sys_connect_file+0x155/0x1a0 net/socket.c:1900
 __sys_connect+0x161/0x190 net/socket.c:1917
 __do_sys_connect net/socket.c:1927 [inline]
 __se_sys_connect net/socket.c:1924 [inline]
 __x64_sys_connect+0x6f/0xb0 net/socket.c:1924
 do_syscall_x64 arch/x86/entry/common.c:50 [inline]
 do_syscall_64+0x35/0xb0 arch/x86/entry/common.c:80
 entry_SYSCALL_64_after_hwframe+0x44/0xae
RIP: 0033:0x7fd25dea20bd
Code: 02 b8 ff ff ff ff c3 66 0f 1f 44 00 00 f3 0f 1e fa 48 89 f8 48 89 f7 48 89 d6 48 89 ca 4d 89 c2 4d 89 c8 4c 8b 4c 24 08 0f 05 <48> 3d 01 f0 ff ff 73 01 c3 48 c7 c1 b0 ff ff ff f7 d8 64 89 01 48
RSP: 002b:00007fd25d0f1b88 EFLAGS: 00000246 ORIG_RAX: 000000000000002a
RAX: ffffffffffffffda RBX: 00007fd25e0b9fa0 RCX: 00007fd25dea20bd
RDX: 0000000000000010 RSI: 0000200000000140 RDI: 0000000000000004
RBP: 00007fd25df25c7e R08: 0000000000000000 R09: 0000000000000000
R10: 0000000000000000 R11: 0000000000000246 R12: 0000000000000000
R13: 0000000000000000 R14: 00007ffeedb0cd30 R15: 00007fd25d0f1d40
 </TASK>
Modules linked in:
---[ end trace 0000000000000000 ]---
RIP: 0010:llc_ui_connect+0x422/0xcd0 net/llc/af_llc.c:500
Code: 80 3c 02 00 0f 85 94 07 00 00 4c 8b a5 38 05 00 00 48 b8 00 00 00 00 00 fc ff df 49 8d bc 24 80 03 00 00 48 89 fa 48 c1 ea 03 <80> 3c 02 00 0f 85 9a 07 00 00 49 8b b4 24 80 03 00 00 4c 89 c2 48
RSP: 0018:ffffc9000302fcc0 EFLAGS: 00010202
RAX: dffffc0000000000 RBX: ffff888025cb6600 RCX: 0000000000000000
RDX: 0000000000000070 RSI: ffffc9000302fe3e RDI: 0000000000000380
RBP: ffff88801e081000 R08: ffffc9000302fe38 R09: ffff88801e081535
R10: ffffed1003c102a6 R11: 0000000000000000 R12: 0000000000000000
R13: 0000000000000001 R14: 1ffff92000605fa0 R15: ffff88801e081012
FS:  00007fd25d0f2700(0000) GS:ffff888063e00000(0000) knlGS:0000000000000000
CS:  0010 DS: 0000 ES: 0000 CR0: 0000000080050033
CR2: 00007fbf40011000 CR3: 000000010e4ae000 CR4: 0000000000350ef0
DR0: 0000000000000000 DR1: 0000000000000000 DR2: 0000000000000000
DR3: 0000000000000000 DR6: 00000000fffe0ff0 DR7: 0000000000000400
----------------
Code disassembly (best guess):
   0:	80 3c 02 00          	cmpb   $0x0,(%rdx,%rax,1)
   4:	0f 85 94 07 00 00    	jne    0x79e
   a:	4c 8b a5 38 05 00 00 	mov    0x538(%rbp),%r12
  11:	48 b8 00 00 00 00 00 	movabs $0xdffffc0000000000,%rax
  18:	fc ff df
  1b:	49 8d bc 24 80 03 00 	lea    0x380(%r12),%rdi
  22:	00
  23:	48 89 fa             	mov    %rdi,%rdx
  26:	48 c1 ea 03          	shr    $0x3,%rdx
* 2a:	80 3c 02 00          	cmpb   $0x0,(%rdx,%rax,1) <-- trapping instruction
  2e:	0f 85 9a 07 00 00    	jne    0x7ce
  34:	49 8b b4 24 80 03 00 	mov    0x380(%r12),%rsi
  3b:	00
  3c:	4c 89 c2             	mov    %r8,%rdx
  3f:	48                   	rex.W


general protection fault in llc_ui_connect
764f4eb6846f5475f1244767d24d25dd86528a4a
