server starts bisection 2025-03-21 09:50:42.63369607 -0700 PDT m=+7.663910939
bisecting cause commit starting from d1dc87763f406d4e67caf16dbe438a5647692395
building syzkaller on HEAD
ensuring issue is reproducible on original commit d1dc87763f406d4e67caf16dbe438a5647692395

testing commit d1dc87763f406d4e67caf16dbe438a5647692395 gcc
compiler: gcc (Ubuntu 10.5.0-1ubuntu1~20.04) 10.5.0, GNU ld (GNU Binutils for Ubuntu) 2.34
kernel signature: 9d414370ea0ffc6a04c891ba30397f7c5eff4e0b15a736722e5ff2d29df2d2ab
all runs: crashed: WARNING in inet_csk_get_port
representative crash: WARNING in inet_csk_get_port, types: [WARNING]
picked [v5.18 v5.17 v5.16 v5.14 v5.12 v5.10 v5.8 v5.6 v5.3 v5.0 v4.19] out of 21 release tags
testing release v5.18
testing commit 4b0986a3613c92f4ec1bdc7f60ec66fea135991f gcc
compiler: gcc (Ubuntu 10.5.0-1ubuntu1~20.04) 10.5.0, GNU ld (GNU Binutils for Ubuntu) 2.34
kernel signature: 48d2be108ca002afe6a0c43d74f67ae6ba315da562c6451d2ea9bad90633b85f
all runs: OK
false negative chance: 0.000
# git bisect start d1dc87763f406d4e67caf16dbe438a5647692395 4b0986a3613c92f4ec1bdc7f60ec66fea135991f
Bisecting: 6802 revisions left to test after this (roughly 13 steps)
[86c87bea6b42100c67418af690919c44de6ede6e] Merge tag 'devicetree-for-5.19' of git://git.kernel.org/pub/scm/linux/kernel/git/robh/linux

testing commit 86c87bea6b42100c67418af690919c44de6ede6e gcc
compiler: gcc (Ubuntu 10.5.0-1ubuntu1~20.04) 10.5.0, GNU ld (GNU Binutils for Ubuntu) 2.34
kernel signature: 9e6bec833c13b66b928bb1e667339fce035df90d101cba9f6efc6dc0d3b40642
all runs: crashed: WARNING in inet_csk_get_port
representative crash: WARNING in inet_csk_get_port, types: [WARNING]
# git bisect bad 86c87bea6b42100c67418af690919c44de6ede6e
Bisecting: 2583 revisions left to test after this (roughly 11 steps)
[7208c9842c50f97327aac20be62edc8ad230f05c] Merge tag 'gfs2-v5.18-rc6-fixes' of git://git.kernel.org/pub/scm/linux/kernel/git/gfs2/linux-gfs2

testing commit 7208c9842c50f97327aac20be62edc8ad230f05c gcc
compiler: gcc (Ubuntu 10.5.0-1ubuntu1~20.04) 10.5.0, GNU ld (GNU Binutils for Ubuntu) 2.34
kernel signature: c063320dffd69b35f235d084764b40b65c3d92c09f900071f7e5fdadb9003656
all runs: OK
false negative chance: 0.000
# git bisect good 7208c9842c50f97327aac20be62edc8ad230f05c
Bisecting: 1292 revisions left to test after this (roughly 10 steps)
[01f4685797a5723b0046da03c30185ac9ff42b30] eth: amd: remove NI6510 support (ni65)

testing commit 01f4685797a5723b0046da03c30185ac9ff42b30 gcc
compiler: gcc (Ubuntu 10.5.0-1ubuntu1~20.04) 10.5.0, GNU ld (GNU Binutils for Ubuntu) 2.34
kernel signature: daff0720a04a3f02d1ed51779ae4dcc7f66753df5ee0de20b514f4603632b190
all runs: OK
false negative chance: 0.000
# git bisect good 01f4685797a5723b0046da03c30185ac9ff42b30
Bisecting: 624 revisions left to test after this (roughly 9 steps)
[1ef0736c0711e2633a59b540931406de626f2836] Merge https://git.kernel.org/pub/scm/linux/kernel/git/bpf/bpf-next

testing commit 1ef0736c0711e2633a59b540931406de626f2836 gcc
compiler: gcc (Ubuntu 10.5.0-1ubuntu1~20.04) 10.5.0, GNU ld (GNU Binutils for Ubuntu) 2.34
kernel signature: 0d11d772bc37825f4b096bd9ad5bde247d5df60f7066848b9d6359bbaf942c1a
all runs: crashed: WARNING in inet_csk_get_port
representative crash: WARNING in inet_csk_get_port, types: [WARNING]
# git bisect bad 1ef0736c0711e2633a59b540931406de626f2836
Bisecting: 295 revisions left to test after this (roughly 8 steps)
[d353e1a3bafd468941d42f6aa59bbd8ac42959b6] Merge tag 'wireless-next-2022-05-19' of git://git.kernel.org/pub/scm/linux/kernel/git/wireless/wireless-next

testing commit d353e1a3bafd468941d42f6aa59bbd8ac42959b6 gcc
compiler: gcc (Ubuntu 10.5.0-1ubuntu1~20.04) 10.5.0, GNU ld (GNU Binutils for Ubuntu) 2.34
kernel signature: 719f04959c2ceb8e975cdcfc1f968f9b9b42eabad516286d184a5f43417b7513
all runs: OK
false negative chance: 0.000
# git bisect good d353e1a3bafd468941d42f6aa59bbd8ac42959b6
Bisecting: 154 revisions left to test after this (roughly 7 steps)
[8f445a3ec3fd36feb90c5b2ef8d21e2492819cdc] can: ctucanfd: platform: add missing dependency to HAS_IOMEM

testing commit 8f445a3ec3fd36feb90c5b2ef8d21e2492819cdc gcc
compiler: gcc (Ubuntu 10.5.0-1ubuntu1~20.04) 10.5.0, GNU ld (GNU Binutils for Ubuntu) 2.34
kernel signature: 10c2e081a851b9e4bdfcb77500d0d71acd87bf58d94eeb507feff207d532ae38
all runs: crashed: WARNING in inet_csk_get_port
representative crash: WARNING in inet_csk_get_port, types: [WARNING]
# git bisect bad 8f445a3ec3fd36feb90c5b2ef8d21e2492819cdc
Bisecting: 70 revisions left to test after this (roughly 6 steps)
[60f243ad1426b796efed750937733b0e410f9257] qed: fix typos in comments

testing commit 60f243ad1426b796efed750937733b0e410f9257 gcc
compiler: gcc (Ubuntu 10.5.0-1ubuntu1~20.04) 10.5.0, GNU ld (GNU Binutils for Ubuntu) 2.34
kernel signature: 0c3be5123d62646dc165b8383291ac1e9f505623f8cd7e30ac42dac32a4c3f42
all runs: crashed: WARNING in inet_csk_get_port
representative crash: WARNING in inet_csk_get_port, types: [WARNING]
# git bisect bad 60f243ad1426b796efed750937733b0e410f9257
Bisecting: 34 revisions left to test after this (roughly 5 steps)
[16ea52c44e7a56c983a2a49e218af5a9dbbd8965] eth: mtk_ppe: fix up after merge

testing commit 16ea52c44e7a56c983a2a49e218af5a9dbbd8965 gcc
compiler: gcc (Ubuntu 10.5.0-1ubuntu1~20.04) 10.5.0, GNU ld (GNU Binutils for Ubuntu) 2.34
kernel signature: 3860ca962996a0f41e81a726b078a7dbbd9ce2528d9d0dc64ee5fc05b6c0bc1c
all runs: OK
false negative chance: 0.000
# git bisect good 16ea52c44e7a56c983a2a49e218af5a9dbbd8965
Bisecting: 17 revisions left to test after this (roughly 4 steps)
[dc2df00af951569689ec39ce0a41b1dff7e3595e] net: tulip: fix build with CONFIG_GSC

testing commit dc2df00af951569689ec39ce0a41b1dff7e3595e gcc
compiler: gcc (Ubuntu 10.5.0-1ubuntu1~20.04) 10.5.0, GNU ld (GNU Binutils for Ubuntu) 2.34
kernel signature: e53a4226cbb4a33bc089b0ed231b3b10529ccf1ecc580d4f678786cf58716838
all runs: OK
false negative chance: 0.000
# git bisect good dc2df00af951569689ec39ce0a41b1dff7e3595e
Bisecting: 8 revisions left to test after this (roughly 3 steps)
[538aaf9b2383701094a47797b4554c6a21c83eed] selftests: Add test for timing a bind request to a port with a populated bhash entry

testing commit 538aaf9b2383701094a47797b4554c6a21c83eed gcc
compiler: gcc (Ubuntu 10.5.0-1ubuntu1~20.04) 10.5.0, GNU ld (GNU Binutils for Ubuntu) 2.34
kernel signature: 36f4eb65f06b6eaccd24a78c0d2fc615c7383ccc54101e290d9c2b2a01ed54ca
all runs: crashed: WARNING in inet_csk_get_port
representative crash: WARNING in inet_csk_get_port, types: [WARNING]
# git bisect bad 538aaf9b2383701094a47797b4554c6a21c83eed
Bisecting: 4 revisions left to test after this (roughly 2 steps)
[c2e10f53455c898050738d6a5f8c237f27aec225] net: vxlan: Fix kernel coding style

testing commit c2e10f53455c898050738d6a5f8c237f27aec225 gcc
compiler: gcc (Ubuntu 10.5.0-1ubuntu1~20.04) 10.5.0, GNU ld (GNU Binutils for Ubuntu) 2.34
kernel signature: eb8ffc08f45f9b0b946483c771beca37db27225c5d3814aefad86dea6d57cb49
all runs: OK
false negative chance: 0.000
# git bisect good c2e10f53455c898050738d6a5f8c237f27aec225
Bisecting: 2 revisions left to test after this (roughly 1 step)
[29849a486a85f7ab1f3b389db5e3d4948119bef2] stcp: Use memset_after() to zero sctp_stream_out_ext

testing commit 29849a486a85f7ab1f3b389db5e3d4948119bef2 gcc
compiler: gcc (Ubuntu 10.5.0-1ubuntu1~20.04) 10.5.0, GNU ld (GNU Binutils for Ubuntu) 2.34
kernel signature: 20bae9c55120a8ffe7204e94751e818d467016a260b4c2844ff7705b70e2c0eb
all runs: OK
false negative chance: 0.000
# git bisect good 29849a486a85f7ab1f3b389db5e3d4948119bef2
Bisecting: 0 revisions left to test after this (roughly 1 step)
[d5a42de8bdbe25081f07b801d8b35f4d75a791f4] net: Add a second bind table hashed by port and address

testing commit d5a42de8bdbe25081f07b801d8b35f4d75a791f4 gcc
compiler: gcc (Ubuntu 10.5.0-1ubuntu1~20.04) 10.5.0, GNU ld (GNU Binutils for Ubuntu) 2.34
kernel signature: 81a6533e29cc39d105eef75d06954d2a06645bd36953f0f15d982ec7cbc1eadc
all runs: crashed: WARNING in inet_csk_get_port
representative crash: WARNING in inet_csk_get_port, types: [WARNING]
# git bisect bad d5a42de8bdbe25081f07b801d8b35f4d75a791f4
Bisecting: 0 revisions left to test after this (roughly 0 steps)
[eac67d83bf2553f98cfddd42cfbcfd6f9ccfc287] wwan: iosm: use a flexible array rather than allocate short objects

testing commit eac67d83bf2553f98cfddd42cfbcfd6f9ccfc287 gcc
compiler: gcc (Ubuntu 10.5.0-1ubuntu1~20.04) 10.5.0, GNU ld (GNU Binutils for Ubuntu) 2.34
kernel signature: 4518a1166a422c8bf2e1951707170aae478c08b5449e3890216771be3e6e813a
all runs: OK
false negative chance: 0.000
# git bisect good eac67d83bf2553f98cfddd42cfbcfd6f9ccfc287
d5a42de8bdbe25081f07b801d8b35f4d75a791f4 is the first bad commit
commit d5a42de8bdbe25081f07b801d8b35f4d75a791f4
Author: Joanne Koong <joannelkoong@gmail.com>
Date:   Thu May 19 17:18:33 2022 -0700

    net: Add a second bind table hashed by port and address
    
    We currently have one tcp bind table (bhash) which hashes by port
    number only. In the socket bind path, we check for bind conflicts by
    traversing the specified port's inet_bind2_bucket while holding the
    bucket's spinlock (see inet_csk_get_port() and inet_csk_bind_conflict()).
    
    In instances where there are tons of sockets hashed to the same port
    at different addresses, checking for a bind conflict is time-intensive
    and can cause softirq cpu lockups, as well as stops new tcp connections
    since __inet_inherit_port() also contests for the spinlock.
    
    This patch proposes adding a second bind table, bhash2, that hashes by
    port and ip address. Searching the bhash2 table leads to significantly
    faster conflict resolution and less time holding the spinlock.
    
    Signed-off-by: Joanne Koong <joannelkoong@gmail.com>
    Reviewed-by: Eric Dumazet <edumazet@google.com>
    Acked-by: Kuniyuki Iwashima <kuniyu@amazon.co.jp>
    Signed-off-by: Jakub Kicinski <kuba@kernel.org>

 include/net/inet_connection_sock.h |   3 +
 include/net/inet_hashtables.h      |  68 +++++++++-
 include/net/sock.h                 |  14 +++
 net/dccp/proto.c                   |  33 ++++-
 net/ipv4/inet_connection_sock.c    | 247 +++++++++++++++++++++++++++----------
 net/ipv4/inet_hashtables.c         | 193 +++++++++++++++++++++++++++--
 net/ipv4/tcp.c                     |  14 ++-
 7 files changed, 489 insertions(+), 83 deletions(-)

accumulated error probability: 0.00
culprit signature: 81a6533e29cc39d105eef75d06954d2a06645bd36953f0f15d982ec7cbc1eadc
parent  signature: 4518a1166a422c8bf2e1951707170aae478c08b5449e3890216771be3e6e813a
revisions tested: 16, total time: 3h39m23.083897472s (build: 2h8m33.356264409s, test: 1h16m43.093833377s)
first bad commit: d5a42de8bdbe25081f07b801d8b35f4d75a791f4 net: Add a second bind table hashed by port and address
recipients (to): ["edumazet@google.com" "joannelkoong@gmail.com" "kuba@kernel.org" "kuniyu@amazon.co.jp"]
recipients (cc): []
crash: WARNING in inet_csk_get_port
nf_conntrack: default automatic helper assignment has been turned off for security reasons and CT-based firewall rule not found. Use the iptables CT target to attach helpers instead.
------------[ cut here ]------------
WARNING: CPU: 1 PID: 7492 at net/ipv4/inet_connection_sock.c:525 inet_csk_get_port+0x1148/0x1ad0 mnt/sdd/author/SyzInspector/wd-bisector-4/kernel/net/ipv4/inet_connection_sock.c:525
Modules linked in:
CPU: 1 PID: 7492 Comm: syz-executor.0 Not tainted 5.18.0-rc7-syzkaller #0
Hardware name: QEMU Standard PC (i440FX + PIIX, 1996), BIOS 1.13.0-1ubuntu1.1 04/01/2014
RIP: 0010:inet_csk_get_port+0x1148/0x1ad0 mnt/sdd/author/SyzInspector/wd-bisector-4/kernel/net/ipv4/inet_connection_sock.c:525
Code: 07 00 00 48 8b 44 24 28 4c 89 ee 48 8b 78 18 e8 be d0 fe ff e9 0f ff ff ff e8 d4 42 a7 f9 0f 0b e9 ae fa ff ff e8 c8 42 a7 f9 <0f> 0b e9 de fa ff ff e8 bc 42 a7 f9 e8 f7 a6 9d 01 31 ff 89 c3 89
RSP: 0018:ffffc90003fafbf8 EFLAGS: 00010293
RAX: 0000000000000000 RBX: ffff8881066e4100 RCX: 0000000000000000
RDX: ffff88810bcd9d80 RSI: ffffffff87d1e528 RDI: ffff88801d0bace8
RBP: ffff88801d0bace0 R08: 0000000000000001 R09: 0000000000000000
R10: ffffffff87d1c9b5 R11: 0000000000000000 R12: 0000000000000000
R13: ffff8881066e4100 R14: 0000000000000000 R15: ffff88801d0ba640
FS:  00007f90c1fb4700(0000) GS:ffff888135c00000(0000) knlGS:0000000000000000
CS:  0010 DS: 0000 ES: 0000 CR0: 0000000080050033
CR2: 000055d0bc457f97 CR3: 0000000016dda000 CR4: 0000000000350ee0
DR0: 0000000000000000 DR1: 0000000000000000 DR2: 0000000000000000
DR3: 0000000000000000 DR6: 00000000fffe0ff0 DR7: 0000000000000400
Call Trace:
 <TASK>
 inet_csk_listen_start+0x13e/0x3c0 mnt/sdd/author/SyzInspector/wd-bisector-4/kernel/net/ipv4/inet_connection_sock.c:1178
 inet_listen+0x231/0x640 mnt/sdd/author/SyzInspector/wd-bisector-4/kernel/net/ipv4/af_inet.c:228
 __sys_listen+0x17d/0x250 mnt/sdd/author/SyzInspector/wd-bisector-4/kernel/net/socket.c:1778
 __do_sys_listen mnt/sdd/author/SyzInspector/wd-bisector-4/kernel/net/socket.c:1787 [inline]
 __se_sys_listen mnt/sdd/author/SyzInspector/wd-bisector-4/kernel/net/socket.c:1785 [inline]
 __x64_sys_listen+0x50/0x70 mnt/sdd/author/SyzInspector/wd-bisector-4/kernel/net/socket.c:1785
 do_syscall_x64 mnt/sdd/author/SyzInspector/wd-bisector-4/kernel/arch/x86/entry/common.c:50 [inline]
 do_syscall_64+0x35/0xb0 mnt/sdd/author/SyzInspector/wd-bisector-4/kernel/arch/x86/entry/common.c:80
 entry_SYSCALL_64_after_hwframe+0x44/0xae
RIP: 0033:0x7f90c1291ced
Code: c3 e8 17 32 00 00 0f 1f 80 00 00 00 00 f3 0f 1e fa 48 89 f8 48 89 f7 48 89 d6 48 89 ca 4d 89 c2 4d 89 c8 4c 8b 4c 24 08 0f 05 <48> 3d 01 f0 ff ff 73 01 c3 48 c7 c1 b8 ff ff ff f7 d8 64 89 01 48
RSP: 002b:00007f90c1fb3bd8 EFLAGS: 00000246 ORIG_RAX: 0000000000000032
RAX: ffffffffffffffda RBX: 00007f90c13cbf80 RCX: 00007f90c1291ced
RDX: 0000000000000000 RSI: 0000000000000000 RDI: 0000000000000004
RBP: 00007f90c12ef4ac R08: 0000000000000000 R09: 0000000000000000
R10: 0000000000000000 R11: 0000000000000246 R12: 0000000000000000
R13: 00007ffe22e1068f R14: 00007ffe22e10820 R15: 00007f90c1fb3d80
 </TASK>


WARNING in inet_csk_get_port
d5a42de8bdbe25081f07b801d8b35f4d75a791f4
