WARNING: kobject bug in erofs_unregister_sysfs,https://syzkaller.appspot.com/bug?id=152a4e49415d4097e44db0cb5107d1fbb821dc22
Repository: linux
Arch: i386
Finding: 2022-01-13 - 147cc5838c0f5c76e908b816e924ca378e0d4735
Guilty:  2021-12-08 - 168e9a76200c54c584a23aa88c62c53c4b0edd66
No Duplicates
Single Proc Allocation
VMs:8
CPUs:2
Procs:16
Max time:30
Max attempts:3
Testing the finding commit.

2023-05-17 20:25:37
Session:   1
Template:  2022-01-14 - 723cfaf0e55347c804a236591f9d0070fc7f46cb
Syzkaller: 2022-01-14 - 723cfaf0e55347c804a236591f9d0070fc7f46cb
Kernel:    2022-01-13 - 147cc5838c0f5c76e908b816e924ca378e0d4735
Compiler:  gcc-10.2.1-20210110
Attempt 1:
    No crashes found.
Attempt 2:
    No crashes found.
Attempt 3:
    No crashes found.
The bug was not found.

Failure: This bug cannot be found at the finding commit.
