general protection fault in sctp_v6_get_dst,https://syzkaller.appspot.com/bug?id=1e31ea4c5d35e2a4b4dd4fc85246cda877dde741
Repository: linux
Arch: i386
Finding: 2018-01-09 - cf1fb158230edce8a0482bfb2e59b9c390477fb6
Guilty:  2008-07-18 - 7dab83de50c7b2b7ceac695a0b56fa6c0f95b0bc
No Duplicates
VMs:4
CPUs:4
Procs:24
Max time:30
Max attempts:3
Testing the finding commit.

2023-06-19 17:19:39
Session:   1
Template:  2018-01-10 - 02a19b646c19a4a75c3efc00a32c564eeabb4bdf
Syzkaller: 2018-01-10 - 02a19b646c19a4a75c3efc00a32c564eeabb4bdf
Kernel:    2018-01-09 - cf1fb158230edce8a0482bfb2e59b9c390477fb6
Compiler:  gcc-7.1.1-20170620
Attempt 1:
    No crashes found.
Attempt 2:
    No crashes found.
Attempt 3:
    No crashes found.
The bug was not found.

Failure: This bug cannot be found at the finding commit.
