kernel BUG at lib/string.c:LINE!,https://syzkaller.appspot.com/bug?id=94db2e2f55a3e780c88d001422dce7afe647ff03
Repository: linux
Arch: i386
Finding: 2018-03-11 - 0c8efd610b58cb23cefdfa12015799079aef94ae
Guilty:  2013-06-20 - 5bc2b7b397b02026a0596a7807443a18422733fa
No Duplicates
VMs:4
CPUs:4
Procs:24
Max time:30
Max attempts:3
Testing the finding commit.

2023-06-17 12:38:44
Session:   1
Template:  2018-03-12 - f505ca4b5b3b9b595531a66f864a8c2843294c70
Syzkaller: 2018-03-12 - f505ca4b5b3b9b595531a66f864a8c2843294c70
Kernel:    2018-03-12 - 0c8efd610b58cb23cefdfa12015799079aef94ae
Compiler:  gcc-8.0.1-20180301
Attempt 1:
    Time  Bug Name
       2  general protection fault in rdma_init_qp_attr
       2  general protection fault in rdma_init_qp_attr
***    2  kernel BUG at lib/string.c:LINE!
Attempt 2:
    Time  Bug Name
       2  general protection fault in rdma_accept
       2  general protection fault in rdma_init_qp_attr
***    2  kernel BUG at lib/string.c:LINE!
Attempt 3:
    Time  Bug Name
***    2  kernel BUG at lib/string.c:LINE!
The bug was found.

New Max Time: 10.
Merge Commit: 2013-07-13 - c55244137306b626bc64023fd7160985443205a7.

==== Template Retrospection ====
4 template changes in [2017-07-22, 2018-03-12].

2023-06-17 12:59:41
Session:   2
Template:  2018-02-23 - e229ac7779c82d5cdf27243e7699a2175c785f80
Syzkaller: 2018-02-23 - e229ac7779c82d5cdf27243e7699a2175c785f80
Kernel:    2018-02-23 - 9cb9c07d6b0c5fd97d83b8ab14d7e308ba4b612f
Compiler:  gcc-8.0.1-20180301
Attempt 1:
    Time  Bug Name
       2  lost connection to test machine
       2  lost connection to test machine
       2  lost connection to test machine
       2  lost connection to test machine
       2  lost connection to test machine
       2  lost connection to test machine
       2  lost connection to test machine
       2  lost connection to test machine
       3  lost connection to test machine
       3  lost connection to test machine
       3  lost connection to test machine
       3  lost connection to test machine
       3  lost connection to test machine
       3  lost connection to test machine
       3  lost connection to test machine
       3  lost connection to test machine
       4  lost connection to test machine
       4  lost connection to test machine
       4  lost connection to test machine
       4  lost connection to test machine
       4  lost connection to test machine
       4  lost connection to test machine
       4  lost connection to test machine
       4  lost connection to test machine
       5  lost connection to test machine
       5  lost connection to test machine
       5  lost connection to test machine
       5  lost connection to test machine
       5  lost connection to test machine
       5  lost connection to test machine
       5  lost connection to test machine
       6  lost connection to test machine
       6  lost connection to test machine
       6  lost connection to test machine
       6  lost connection to test machine
       6  lost connection to test machine
       7  lost connection to test machine
       7  lost connection to test machine
       7  lost connection to test machine
       7  lost connection to test machine
       7  lost connection to test machine
       7  lost connection to test machine
       7  lost connection to test machine
       7  lost connection to test machine
       8  lost connection to test machine
       8  lost connection to test machine
       8  lost connection to test machine
       8  lost connection to test machine
       8  lost connection to test machine
       8  lost connection to test machine
       8  lost connection to test machine
       8  lost connection to test machine
       9  lost connection to test machine
       9  lost connection to test machine
       9  lost connection to test machine
       9  lost connection to test machine
       9  lost connection to test machine
       9  lost connection to test machine
       9  lost connection to test machine
      10  lost connection to test machine
      10  lost connection to test machine
      10  lost connection to test machine
      10  lost connection to test machine
      10  lost connection to test machine
      10  lost connection to test machine
Attempt 2:
    Time  Bug Name
       1  lost connection to test machine
       1  lost connection to test machine
       1  lost connection to test machine
       1  lost connection to test machine
       2  lost connection to test machine
       2  lost connection to test machine
       2  lost connection to test machine
       2  lost connection to test machine
       2  lost connection to test machine
       2  lost connection to test machine
       3  lost connection to test machine
       3  lost connection to test machine
       3  lost connection to test machine
       3  lost connection to test machine
       3  lost connection to test machine
       3  lost connection to test machine
       4  lost connection to test machine
       4  lost connection to test machine
       4  lost connection to test machine
       4  lost connection to test machine
       4  lost connection to test machine
       4  lost connection to test machine
       4  lost connection to test machine
       4  lost connection to test machine
       5  lost connection to test machine
       5  lost connection to test machine
       5  lost connection to test machine
       5  lost connection to test machine
       5  lost connection to test machine
       5  lost connection to test machine
       5  lost connection to test machine
       5  lost connection to test machine
       6  lost connection to test machine
       6  lost connection to test machine
       6  lost connection to test machine
       6  lost connection to test machine
       6  lost connection to test machine
       6  lost connection to test machine
       6  lost connection to test machine
       6  lost connection to test machine
       7  lost connection to test machine
       7  lost connection to test machine
       7  lost connection to test machine
       7  lost connection to test machine
       7  lost connection to test machine
       7  lost connection to test machine
       7  lost connection to test machine
       8  lost connection to test machine
       8  lost connection to test machine
       8  lost connection to test machine
       8  lost connection to test machine
       8  lost connection to test machine
       8  lost connection to test machine
       9  lost connection to test machine
       9  lost connection to test machine
       9  lost connection to test machine
       9  lost connection to test machine
       9  lost connection to test machine
       9  lost connection to test machine
       9  lost connection to test machine
       9  lost connection to test machine
      10  lost connection to test machine
      10  lost connection to test machine
      10  lost connection to test machine
      10  lost connection to test machine
      10  lost connection to test machine
      10  lost connection to test machine
      10  lost connection to test machine
Attempt 3:
    Time  Bug Name
       1  lost connection to test machine
       1  lost connection to test machine
       1  lost connection to test machine
       1  lost connection to test machine
       2  lost connection to test machine
       2  lost connection to test machine
       2  lost connection to test machine
       2  lost connection to test machine
       3  lost connection to test machine
       3  lost connection to test machine
       3  lost connection to test machine
       3  lost connection to test machine
       3  lost connection to test machine
       3  lost connection to test machine
       3  lost connection to test machine
       3  lost connection to test machine
       4  lost connection to test machine
       4  lost connection to test machine
       4  lost connection to test machine
       4  lost connection to test machine
       4  lost connection to test machine
       4  lost connection to test machine
       4  lost connection to test machine
       4  lost connection to test machine
       5  lost connection to test machine
       5  lost connection to test machine
       5  lost connection to test machine
       5  lost connection to test machine
       5  lost connection to test machine
       5  lost connection to test machine
       5  lost connection to test machine
       5  lost connection to test machine
       6  lost connection to test machine
       6  lost connection to test machine
       6  lost connection to test machine
       6  lost connection to test machine
       6  lost connection to test machine
       7  lost connection to test machine
       7  lost connection to test machine
       7  lost connection to test machine
       7  lost connection to test machine
       7  lost connection to test machine
       7  lost connection to test machine
       7  lost connection to test machine
       8  lost connection to test machine
       8  lost connection to test machine
       8  lost connection to test machine
       8  lost connection to test machine
       8  lost connection to test machine
       8  lost connection to test machine
       8  lost connection to test machine
       8  lost connection to test machine
       9  lost connection to test machine
       9  lost connection to test machine
       9  lost connection to test machine
       9  lost connection to test machine
       9  lost connection to test machine
       9  lost connection to test machine
       9  lost connection to test machine
       9  lost connection to test machine
      10  lost connection to test machine
      10  lost connection to test machine
      10  lost connection to test machine
      10  lost connection to test machine
      10  lost connection to test machine
      10  lost connection to test machine
      10  lost connection to test machine
The bug was not found.
Warning: This session is unstable.

2023-06-17 13:42:33
Session:   3
Template:  2018-03-06 - c8a1847658268fbadf20aa486107f2e553a8c768
Syzkaller: 2018-03-06 - c8a1847658268fbadf20aa486107f2e553a8c768
Kernel:    2018-03-06 - 86f84779d8e92a690b2f281175ea06b884cb6fa4
Compiler:  gcc-8.0.1-20180301
Attempt 1:
    Time  Bug Name
       1  general protection fault in rdma_init_qp_attr
       1  general protection fault in rdma_init_qp_attr
***    1  kernel BUG at lib/string.c:LINE!
The bug was found.

2023-06-17 13:54:43
Session:   4
Template:  2018-02-23 - e229ac7779c82d5cdf27243e7699a2175c785f80
Syzkaller: 2018-03-06 - c8a1847658268fbadf20aa486107f2e553a8c768
Kernel:    2018-03-06 - 86f84779d8e92a690b2f281175ea06b884cb6fa4
Attempt 1:
    Time  Bug Name
       1  lost connection to test machine
       1  lost connection to test machine
       1  lost connection to test machine
       1  lost connection to test machine
       2  lost connection to test machine
       2  lost connection to test machine
       2  lost connection to test machine
       2  lost connection to test machine
       3  lost connection to test machine
       3  lost connection to test machine
       3  lost connection to test machine
       3  lost connection to test machine
       3  lost connection to test machine
       3  lost connection to test machine
       3  lost connection to test machine
       3  lost connection to test machine
       4  lost connection to test machine
       4  lost connection to test machine
       4  lost connection to test machine
       4  lost connection to test machine
       4  lost connection to test machine
       4  lost connection to test machine
       4  lost connection to test machine
       4  lost connection to test machine
       5  lost connection to test machine
       5  lost connection to test machine
       5  lost connection to test machine
       5  lost connection to test machine
       6  lost connection to test machine
       6  lost connection to test machine
       6  lost connection to test machine
       6  lost connection to test machine
       6  lost connection to test machine
       6  lost connection to test machine
       6  lost connection to test machine
       6  lost connection to test machine
       7  lost connection to test machine
       7  lost connection to test machine
       7  lost connection to test machine
       7  lost connection to test machine
       7  lost connection to test machine
       7  lost connection to test machine
       7  lost connection to test machine
       7  lost connection to test machine
       8  lost connection to test machine
       8  lost connection to test machine
       8  lost connection to test machine
       8  lost connection to test machine
       8  lost connection to test machine
       8  lost connection to test machine
       8  lost connection to test machine
       8  lost connection to test machine
       9  lost connection to test machine
       9  lost connection to test machine
       9  lost connection to test machine
       9  lost connection to test machine
       9  lost connection to test machine
       9  lost connection to test machine
       9  lost connection to test machine
      10  lost connection to test machine
      10  lost connection to test machine
      10  lost connection to test machine
      10  lost connection to test machine
      10  lost connection to test machine
      10  lost connection to test machine
      10  lost connection to test machine
Attempt 2:
    Time  Bug Name
       1  lost connection to test machine
       1  lost connection to test machine
       1  lost connection to test machine
       1  lost connection to test machine
       2  lost connection to test machine
       2  lost connection to test machine
       2  lost connection to test machine
       2  lost connection to test machine
       2  lost connection to test machine
       2  lost connection to test machine
       2  lost connection to test machine
       2  lost connection to test machine
       3  lost connection to test machine
       3  lost connection to test machine
       3  lost connection to test machine
       3  lost connection to test machine
       3  lost connection to test machine
       4  lost connection to test machine
       4  lost connection to test machine
       4  lost connection to test machine
       4  lost connection to test machine
       4  lost connection to test machine
       4  lost connection to test machine
       4  lost connection to test machine
       5  lost connection to test machine
       5  lost connection to test machine
       5  lost connection to test machine
       5  lost connection to test machine
       5  lost connection to test machine
       5  lost connection to test machine
       5  lost connection to test machine
       5  lost connection to test machine
       6  lost connection to test machine
       6  lost connection to test machine
       6  lost connection to test machine
       6  lost connection to test machine
       6  lost connection to test machine
       6  lost connection to test machine
       6  lost connection to test machine
       6  lost connection to test machine
       7  lost connection to test machine
       7  lost connection to test machine
       7  lost connection to test machine
       7  lost connection to test machine
       8  lost connection to test machine
       8  lost connection to test machine
       8  lost connection to test machine
       8  lost connection to test machine
       8  lost connection to test machine
       8  lost connection to test machine
       8  lost connection to test machine
       8  lost connection to test machine
       9  lost connection to test machine
       9  lost connection to test machine
       9  lost connection to test machine
       9  lost connection to test machine
       9  lost connection to test machine
       9  lost connection to test machine
       9  lost connection to test machine
       9  lost connection to test machine
      10  lost connection to test machine
      10  lost connection to test machine
      10  lost connection to test machine
      10  lost connection to test machine
      10  lost connection to test machine
      10  lost connection to test machine
      10  lost connection to test machine
Attempt 3:
    Time  Bug Name
       1  lost connection to test machine
       1  lost connection to test machine
       1  lost connection to test machine
       1  lost connection to test machine
       2  lost connection to test machine
       2  lost connection to test machine
       2  lost connection to test machine
       2  lost connection to test machine
       2  lost connection to test machine
       2  lost connection to test machine
       2  lost connection to test machine
       2  lost connection to test machine
       3  lost connection to test machine
       3  lost connection to test machine
       3  lost connection to test machine
       3  lost connection to test machine
       3  lost connection to test machine
       3  lost connection to test machine
       3  lost connection to test machine
       3  lost connection to test machine
       4  lost connection to test machine
       4  lost connection to test machine
       4  lost connection to test machine
       4  lost connection to test machine
       4  lost connection to test machine
       5  lost connection to test machine
       5  lost connection to test machine
       5  lost connection to test machine
       5  lost connection to test machine
       5  lost connection to test machine
       5  lost connection to test machine
       5  lost connection to test machine
       6  lost connection to test machine
       6  lost connection to test machine
       6  lost connection to test machine
       6  lost connection to test machine
       6  lost connection to test machine
       6  lost connection to test machine
       6  lost connection to test machine
       6  lost connection to test machine
       7  lost connection to test machine
       7  lost connection to test machine
       7  lost connection to test machine
       7  lost connection to test machine
       7  lost connection to test machine
       7  lost connection to test machine
       7  lost connection to test machine
       7  lost connection to test machine
       8  lost connection to test machine
       8  lost connection to test machine
       8  lost connection to test machine
       8  lost connection to test machine
       8  lost connection to test machine
       8  lost connection to test machine
       8  lost connection to test machine
       8  lost connection to test machine
       9  lost connection to test machine
       9  lost connection to test machine
       9  lost connection to test machine
       9  lost connection to test machine
       9  lost connection to test machine
      10  lost connection to test machine
      10  lost connection to test machine
      10  lost connection to test machine
      10  lost connection to test machine
      10  lost connection to test machine
      10  lost connection to test machine
      10  lost connection to test machine
The bug was not found.
Warning: This session is unstable.

====================================================================================================================================================
Revealing Factor:   Template Update
Version:            2018-03-06 - c8a1847658268fbadf20aa486107f2e553a8c768
Commit Name:        sys/linux: add descriptions for /dev/infiniband/rdma_cm

Bug Name:           kernel BUG at lib/string.c:LINE!
Bug Link:           https://syzkaller.appspot.com/bug?id=94db2e2f55a3e780c88d001422dce7afe647ff03
Arch:               i386
Finding Date:       2018-03-12
Finding Commit:     2018-03-12 - 0c8efd610b58cb23cefdfa12015799079aef94ae
Guilty Merge:       2013-07-13 - c55244137306b626bc64023fd7160985443205a7
Guilty Commit:      2013-06-20 - 5bc2b7b397b02026a0596a7807443a18422733fa

Possible Blocking Bugs:
