WARNING in reuseport_add_sock,https://syzkaller.appspot.com/bug?id=250e1b7806d8a1b2d0357aa1da9847e5ada7cbbe
Repository: linux
Arch: i386
Finding: 2017-12-30 - 71ee203389f7cb1c1927eab22b95baa01405791c
Guilty:  2016-01-04 - ef456144da8ef507c8cf504284b6042e9201a05c
No Duplicates
VMs:4
CPUs:4
Procs:24
Max time:30
Max attempts:3
Testing the finding commit.

2023-06-18 15:33:39
Session:   1
Template:  2017-12-31 - 00193447522daf7bae569c70cfa263e45eafc8ca
Syzkaller: 2017-12-31 - 00193447522daf7bae569c70cfa263e45eafc8ca
Kernel:    2017-12-30 - 71ee203389f7cb1c1927eab22b95baa01405791c
Compiler:  gcc-7.1.1-20170620
Attempt 1:
    No crashes found.
Attempt 2:
    No crashes found.
Attempt 3:
    No crashes found.
The bug was not found.

Failure: This bug cannot be found at the finding commit.
