BUG: corrupted list in netif_napi_add,https://syzkaller.appspot.com/bug?id=07ca5c1502ad34d46b524e9577f757ab193fccb7
Repository: linux
Arch: i386
Finding: 2021-11-02 - 56d33754481fe0dc7436dc4ee4fbd44b3039361d
Guilty:  2021-09-27 - 719c571970109b0d0af24745d31b202affc9365f
No Duplicates
Default Allocation.
VMs:4
CPUs:4
Procs:24
Max time:30
Max attempts:3
Testing the finding commit.

2023-05-25 09:36:17
Session:   1
Template:  2021-11-03 - 4c1be0be7c848f25f44beb25e6987206211daa81
Syzkaller: 2021-11-03 - 4c1be0be7c848f25f44beb25e6987206211daa81
Kernel:    2021-11-02 - 56d33754481fe0dc7436dc4ee4fbd44b3039361d
Compiler:  gcc-10.2.1-20210110
Attempt 1:
    Time  Bug Name
       8  suppressed report
      10  suppressed report
      10  suppressed report
      12  suppressed report
      14  suppressed report
      20  suppressed report
      29  WARNING in bpf_warn_invalid_xdp_action
Attempt 2:
    Time  Bug Name
       9  suppressed report
***   10  BUG: corrupted list in netif_napi_add
Attempt 3:
    Time  Bug Name
       9  no output from test machine
      10  no output from test machine
      10  no output from test machine
      10  suppressed report
      18  no output from test machine
      18  no output from test machine
      20  suppressed report
The bug was found.

New Max Time: 32.
No Merge Commit.

==== Template Retrospection ====
6 template changes in [2021-09-27, 2021-11-03].

2023-05-25 12:23:56
Session:   2
Template:  2021-10-21 - 98695e08135c8492b848bb7c58e5c041d554728d
Syzkaller: 2021-10-21 - 98695e08135c8492b848bb7c58e5c041d554728d
Kernel:    2021-10-21 - ab98bbee072c7c30c391ae742b209efebb468273
Compiler:  gcc-10.2.1-20210110
Attempt 1:
    Time  Bug Name
      12  no output from test machine
      12  no output from test machine
      13  no output from test machine
      14  no output from test machine
      18  suppressed report
      20  suppressed report
      20  suppressed report
      24  no output from test machine
      27  suppressed report
Attempt 2:
    Time  Bug Name
       4  SYZFAIL: wrong response packet
       8  suppressed report
      11  suppressed report
      26  suppressed report
      31  WARNING in bpf_warn_invalid_xdp_action
Attempt 3:
    Time  Bug Name
       8  suppressed report
      11  suppressed report
      12  suppressed report
      13  suppressed report
      24  suppressed report
      27  suppressed report
The bug was not found.
Warning: This session is unstable.

2023-05-25 15:06:21
Session:   3
Template:  2021-10-29 - c40503e1fa86f3027e003118aaf91646a82f2b5d
Syzkaller: 2021-10-29 - c40503e1fa86f3027e003118aaf91646a82f2b5d
Kernel:    2021-10-29 - 28131d896d6d316bc1f6f305d1a9ed6d96c3f2a1
Compiler:  gcc-10.2.1-20210110
Attempt 1:
    Time  Bug Name
       8  suppressed report
       8  suppressed report
      11  suppressed report
      11  suppressed report
      13  suppressed report
      18  suppressed report
      19  WARNING in bpf_warn_invalid_xdp_action
      22  suppressed report
      24  suppressed report
      32  suppressed report
Attempt 2:
    Time  Bug Name
***    3  BUG: corrupted list in netif_napi_add
The bug was found.

2023-05-25 17:07:54
Session:   4
Template:  2021-10-21 - 4560aea643a6f605080bc24b3a125cada138ddc4
Syzkaller: 2021-10-21 - 4560aea643a6f605080bc24b3a125cada138ddc4
Kernel:    2021-10-21 - ab98bbee072c7c30c391ae742b209efebb468273
Compiler:  gcc-10.2.1-20210110
Attempt 1:
    Time  Bug Name
       8  suppressed report
       8  suppressed report
      12  suppressed report
      17  suppressed report
      27  suppressed report
      30  suppressed report
      31  suppressed report
Attempt 2:
    Time  Bug Name
      10  suppressed report
      12  suppressed report
      14  suppressed report
      16  suppressed report
      29  suppressed report
Attempt 3:
    Time  Bug Name
       6  suppressed report
       8  suppressed report
      10  suppressed report
      12  suppressed report
      17  suppressed report
      18  suppressed report
      31  suppressed report
The bug was not found.
Warning: This session is unstable.

2023-05-25 20:12:50
Session:   5
Template:  2021-10-21 - 4560aea643a6f605080bc24b3a125cada138ddc4
Syzkaller: 2021-10-29 - c40503e1fa86f3027e003118aaf91646a82f2b5d
Kernel:    2021-10-29 - 28131d896d6d316bc1f6f305d1a9ed6d96c3f2a1
Compiler:  gcc-10.2.1-20210110
Attempt 1:
    Time  Bug Name
       7  suppressed report
       9  suppressed report
      12  WARNING in bpf_warn_invalid_xdp_action
      16  suppressed report
      20  suppressed report
      22  suppressed report
      29  suppressed report
      30  suppressed report
Attempt 2:
    Time  Bug Name
       9  suppressed report
       9  suppressed report
      11  suppressed report
      14  suppressed report
      21  suppressed report
      21  suppressed report
      23  suppressed report
Attempt 3:
    Time  Bug Name
       5  suppressed report
       9  suppressed report
      10  suppressed report
      14  suppressed report
      16  suppressed report
      23  suppressed report
The bug was not found.
Warning: This session is unstable.

====================================================================================================================================================
Revealing Factor:   Template Update
Version:            2021-10-29 - c40503e1fa86f3027e003118aaf91646a82f2b5d
Commit Name:        all: add binderfs fuzzing support

Bug Name:           BUG: corrupted list in netif_napi_add
Bug Link:           https://syzkaller.appspot.com/bug?id=07ca5c1502ad34d46b524e9577f757ab193fccb7
Arch:               i386
Finding Date:       2021-11-03
Finding Commit:     2021-11-02 - 56d33754481fe0dc7436dc4ee4fbd44b3039361d
Guilty Merge:       None
Guilty Commit:      2021-09-27 - 719c571970109b0d0af24745d31b202affc9365f

Possible Blocking Bugs:
    no output from test machine
