KASAN: use-after-free Write in nft_ct_tmpl_put_pcpu,https://syzkaller.appspot.com/bug?id=34b3d29c783f19d70086206194da85e59c448167
Repository: linux
Arch: i386
Finding: 2021-05-15 - 63d1cb53e26a9a4168b84a8981b225c0a9cfa235
Guilty:  2018-07-18 - f102d66b335a417d4848da9441f585695a838934
Duplicate Names:
    WARNING in destroy_conntrack
    KASAN: use-after-free Write in nft_ct_tmpl_put_pcpu
Default Allocation.
VMs:4
CPUs:4
Procs:24
Max time:30
Max attempts:3
Testing the finding commit.

2023-05-27 09:23:13
Session:   1
Template:  2021-05-15 - f54a5c0916af7d798b204eb70c484f154d69e0a3
Syzkaller: 2021-05-15 - f54a5c0916af7d798b204eb70c484f154d69e0a3
Kernel:    2021-05-15 - 63d1cb53e26a9a4168b84a8981b225c0a9cfa235
Compiler:  gcc-10.2.1-20210110
Attempt 1:
    No crashes found.
Attempt 2:
    No crashes found.
Attempt 3:
    No crashes found.
The bug was not found.

Failure: This bug cannot be found at the finding commit.
