possible deadlock in io_submit_one,https://syzkaller.appspot.com/bug?id=eb6410be76290f0fbc2cde31f2d5cfae95d78bc7
Repository: linux
Arch: i386
Finding: 2020-04-02 - 7be97138e7276c71cc9ad1752dcb502d28f4400d
Guilty:  2020-02-24 - 7bc3e6e55acf065500a24621f3b313e7e5998acf
Duplicate Names:
    possible deadlock in io_submit_one
    possible deadlock in userfaultfd_release
    possible deadlock in userfaultfd_read
Default Allocation.
VMs:4
CPUs:4
Procs:24
Max time:30
Max attempts:3
Testing the finding commit.

2023-06-06 03:54:30
Session:   1
Template:  2020-03-31 - a34e2c332411388ed2b3f6f1a3acdc062feceb79
Syzkaller: 2020-03-31 - a34e2c332411388ed2b3f6f1a3acdc062feceb79
Kernel:    2020-04-02 - 7be97138e7276c71cc9ad1752dcb502d28f4400d
Compiler:  gcc-9.0.0-20181231
Attempt 1:
    Time  Bug Name
       9  INFO: trying to register non-static key in io_cqring_ev_posted
***   13  possible deadlock in io_submit_one
Attempt 2:
    Time  Bug Name
       5  INFO: trying to register non-static key in io_cqring_ev_posted
***   15  possible deadlock in io_submit_one
Attempt 3:
    Time  Bug Name
       7  INFO: trying to register non-static key in io_cqring_ev_posted
      15  no output from test machine
***   20  possible deadlock in io_submit_one
The bug was found.

New Max Time: 18.
Merge Commit: 2020-02-28 - a13ae6971599dd01a5fa8da9ee1bd5bb3efa01b3.

==== Template Retrospection ====
2 template changes in [2020-02-28, 2020-04-02].

2023-06-06 04:57:05
Session:   2
Template:  2020-03-17 - 2e9037c55f6a3308190ab4eb0ce110dddc7a6f2b
Syzkaller: 2020-03-17 - 2e9037c55f6a3308190ab4eb0ce110dddc7a6f2b
Kernel:    2020-03-02 - a0d4a141750df51135499f96c355c4d76add5505
Compiler:  gcc-9.0.0-20181231
Attempt 1:
    Time  Bug Name
       8  no output from test machine
***   11  possible deadlock in io_submit_one
The bug was found.

2023-06-06 05:21:11
Session:   3
Template:  2020-03-17 - 924f7606047a430a9b313c135b782e1e8f852bec
Syzkaller: 2020-03-17 - 924f7606047a430a9b313c135b782e1e8f852bec
Kernel:    2020-03-02 - a0d4a141750df51135499f96c355c4d76add5505
Compiler:  gcc-9.0.0-20181231
Attempt 1:
    No crashes found.
Attempt 2:
    Time  Bug Name
      10  no output from test machine
      14  no output from test machine
***   15  possible deadlock in io_submit_one
***   15  possible deadlock in io_submit_one
The bug was found.
Switching to Safe Mode: Fuzzing 5 times at 30 minutes

2023-06-06 06:05:53
Session:   4
Template:  2020-02-27 - c88c7b75a4e022b758f4b0f1bf3db8ebb2fb25e6
Syzkaller: 2020-03-17 - 924f7606047a430a9b313c135b782e1e8f852bec
Kernel:    2020-03-02 - a0d4a141750df51135499f96c355c4d76add5505
Attempt 1:
    Time  Bug Name
       7  no output from test machine
      12  no output from test machine
      18  WARNING: can't dereference registers at ADDR for ip interrupt_entry
      23  no output from test machine
      24  no output from test machine
Attempt 2:
    Time  Bug Name
      10  no output from test machine
      13  no output from test machine
      18  no output from test machine
Attempt 3:
    Time  Bug Name
      10  no output from test machine
      12  no output from test machine
      23  no output from test machine
      25  no output from test machine
      28  no output from test machine
Attempt 4:
    Time  Bug Name
       5  WARNING: can't dereference registers at ADDR for ip interrupt_entry
      10  no output from test machine
      12  no output from test machine
***   28  possible deadlock in io_submit_one
The bug was found.

==== Kernel Retrospection ====
1 Linux commit in [2020-02-28, 2020-03-02].

2023-06-06 08:05:43
Session:   5
Template:  2020-03-01 - 4a4e0509de520c7139ca2b5606712cbadc550db2
Syzkaller: 2020-03-01 - 4a4e0509de520c7139ca2b5606712cbadc550db2
Kernel:    2020-03-02 - a0d4a141750df51135499f96c355c4d76add5505
Compiler:  gcc-9.0.0-20181231
Attempt 1:
    Time  Bug Name
***   14  possible deadlock in io_submit_one
The bug was found.

2023-06-06 08:33:39
Session:   6
Template:  2020-02-27 - c88c7b75a4e022b758f4b0f1bf3db8ebb2fb25e6
Syzkaller: 2020-02-27 - c88c7b75a4e022b758f4b0f1bf3db8ebb2fb25e6
Kernel:    2020-02-28 - a13ae6971599dd01a5fa8da9ee1bd5bb3efa01b3
Compiler:  gcc-9.0.0-20181231
Attempt 1:
    Time  Bug Name
***   17  possible deadlock in io_submit_one
The bug was found.

== Confirming the bisected commit ==

2023-06-06 09:04:40
Session:   7
Template:  2020-02-27 - c88c7b75a4e022b758f4b0f1bf3db8ebb2fb25e6
Syzkaller: 2020-02-27 - c88c7b75a4e022b758f4b0f1bf3db8ebb2fb25e6
Kernel:    2020-02-28 - a13ae6971599dd01a5fa8da9ee1bd5bb3efa01b3
The bug was found in a previous identical fuzzing session.

====================================================================================================================================================
Revealing Factor:   Guilty Merge
Version:            2020-02-28 - a13ae6971599dd01a5fa8da9ee1bd5bb3efa01b3
Commit Name:        proc: Dentry flushing without proc_mnt

Bug Name:           possible deadlock in io_submit_one
Bug Link:           https://syzkaller.appspot.com/bug?id=eb6410be76290f0fbc2cde31f2d5cfae95d78bc7
Arch:               i386
Finding Date:       2020-04-02
Finding Commit:     2020-04-02 - 7be97138e7276c71cc9ad1752dcb502d28f4400d
Guilty Merge:       2020-02-28 - a13ae6971599dd01a5fa8da9ee1bd5bb3efa01b3
Guilty Commit:      2020-02-24 - 7bc3e6e55acf065500a24621f3b313e7e5998acf

Possible Blocking Bugs:
    no output from test machine
