WARNING in kfree,https://syzkaller.appspot.com/bug?id=50e4f18206a2a6a8c2702c66feca9b47290bb844
Repository: linux
Arch: i386
Finding: 2020-03-08 - 2c523b344dfa65a3738e7039832044aa133c75fb
Guilty:  2020-02-04 - 599be01ee567b61f4471ee8078870847d0a11e8e
No Duplicates
Single Proc Allocation
VMs:8
CPUs:2
Procs:16
Max time:30
Max attempts:3
Testing the finding commit.

2023-06-06 02:10:40
Session:   1
Template:  2020-03-09 - 35f53e457420e79fa28e3260cdbbf9f37b9f97e4
Syzkaller: 2020-03-09 - 35f53e457420e79fa28e3260cdbbf9f37b9f97e4
Kernel:    2020-03-09 - 2c523b344dfa65a3738e7039832044aa133c75fb
Compiler:  gcc-9.0.0-20181231
Attempt 1:
    Time  Bug Name
       2  KASAN: use-after-free Write in tcindex_set_parms
Attempt 2:
    Time  Bug Name
       2  KASAN: use-after-free Write in tcindex_set_parms
Attempt 3:
    Time  Bug Name
       2  general protection fault in tcf_action_destroy
The bug was not found.

Failure: This bug cannot be found at the finding commit.
