general protection fault in j1939_jsk_del,https://syzkaller.appspot.com/bug?id=4d4bbba78d561ead175d115d42a62625f7af7e47
Repository: linux
Arch: i386
Finding: 2019-11-28 - 81b6b96475ac7a4ebfceae9f16fb3758327adbfe
Guilty:  2019-09-04 - 9d71dd0c70099914fcd063135da3c580865e924c
Duplicate Names:
    general protection fault in j1939_jsk_del
    WARNING: refcount bug in j1939_netdev_start
Single Proc Allocation
VMs:8
CPUs:2
Procs:16
Max time:30
Max attempts:3
Testing the finding commit.

2023-06-09 05:10:50
Session:   1
Template:  2019-11-29 - 3a75be00f50996031dd301d44b009d56db3485f0
Syzkaller: 2019-11-29 - 3a75be00f50996031dd301d44b009d56db3485f0
Kernel:    2019-11-28 - 81b6b96475ac7a4ebfceae9f16fb3758327adbfe
Compiler:  gcc-9.0.0-20181231
Attempt 1:
    Time  Bug Name
***    2  general protection fault in j1939_jsk_del
Attempt 2:
    No crashes found.
Attempt 3:
    Time  Bug Name
***   14  general protection fault in j1939_jsk_del
The bug was found.

New Max Time: 26.
Merge Commit: 2019-09-05 - 44c40910b66f786d33ffd2682ef38750eebb567c.

==== Template Retrospection ====
14 template changes in [2019-09-05, 2019-11-29].

2023-06-09 06:17:15
Session:   2
Template:  2019-11-02 - 841212d4cc293fc5fcf57066eb506477ee3936ab
Syzkaller: 2019-11-02 - 841212d4cc293fc5fcf57066eb506477ee3936ab
Kernel:    2019-11-02 - 56cfd2507d3e720f4b1dbf9513e00680516a0826
Compiler:  gcc-9.0.0-20181231
Attempt 1:
    No crashes found.
Attempt 2:
    No crashes found.
Attempt 3:
    No crashes found.
The bug was not found.

2023-06-09 07:48:29
Session:   3
Template:  2019-11-25 - 6bfd3dd23bb76adbc71f245930d5969243843641
Syzkaller: 2019-11-25 - 6bfd3dd23bb76adbc71f245930d5969243843641
Kernel:    2019-11-25 - 4ba380f61624113395bebdc2f9f6da990a0738f9
Compiler:  gcc-9.0.0-20181231
Attempt 1:
    No crashes found.
Attempt 2:
    Time  Bug Name
***    3  general protection fault in j1939_jsk_del
The bug was found.

2023-06-09 08:32:08
Session:   4
Template:  2019-11-04 - e2d61622eb61b451cb2cc72684154fafa1977eef
Syzkaller: 2019-11-04 - e2d61622eb61b451cb2cc72684154fafa1977eef
Kernel:    2019-11-03 - a99d8080aaf358d5d23581244e5da23b35e340b9
Compiler:  gcc-9.0.0-20181231
Attempt 1:
    Time  Bug Name
***    2  general protection fault in j1939_jsk_del
The bug was found.

2023-06-09 08:50:23
Session:   5
Template:  2019-11-03 - 99d946ccff4e757395f5607f06645c79c2c951df
Syzkaller: 2019-11-03 - 99d946ccff4e757395f5607f06645c79c2c951df
Kernel:    2019-11-03 - a99d8080aaf358d5d23581244e5da23b35e340b9
Compiler:  gcc-9.0.0-20181231
Attempt 1:
    Time  Bug Name
***    2  general protection fault in j1939_jsk_del
The bug was found.

2023-06-09 09:07:23
Session:   6
Template:  2019-11-02 - 841212d4cc293fc5fcf57066eb506477ee3936ab
Syzkaller: 2019-11-03 - 99d946ccff4e757395f5607f06645c79c2c951df
Kernel:    2019-11-03 - a99d8080aaf358d5d23581244e5da23b35e340b9
Attempt 1:
    Time  Bug Name
***    2  general protection fault in j1939_jsk_del
The bug was found.

==== Kernel Retrospection ====
11 Linux commits in [2019-11-02, 2019-11-03].

2023-06-09 09:10:31
Session:   7
Template:  2019-11-02 - d603afc9e4ab932977582f4be7f9ce2375411236
Syzkaller: 2019-11-02 - d603afc9e4ab932977582f4be7f9ce2375411236
Kernel:    2019-11-02 - f83e148a410006397f01e96570e73038a3a261fa
Compiler:  gcc-9.0.0-20181231
Attempt 1:
    Time  Bug Name
***    2  general protection fault in j1939_jsk_del
The bug was found.

2023-06-09 09:29:20
Session:   8
Template:  2019-11-02 - d603afc9e4ab932977582f4be7f9ce2375411236
Syzkaller: 2019-11-02 - d603afc9e4ab932977582f4be7f9ce2375411236
Kernel:    2019-11-02 - 1204c70d9dcba31164f78ad5d8c88c42335d51f8
Compiler:  gcc-9.0.0-20181231
Attempt 1:
    No crashes found.
Attempt 2:
    Time  Bug Name
***    2  general protection fault in j1939_jsk_del
The bug was found.

2023-06-09 10:12:42
Session:   9
Template:  2019-11-02 - d603afc9e4ab932977582f4be7f9ce2375411236
Syzkaller: 2019-11-02 - d603afc9e4ab932977582f4be7f9ce2375411236
Kernel:    2019-11-02 - 0821de28961d58df44ed390d2460f05c9b5195a9
Compiler:  gcc-9.0.0-20181231
Attempt 1:
    Time  Bug Name
***    2  general protection fault in j1939_jsk_del
The bug was found.

2023-06-09 10:30:22
Session:   10
Template:  2019-11-02 - d603afc9e4ab932977582f4be7f9ce2375411236
Syzkaller: 2019-11-02 - d603afc9e4ab932977582f4be7f9ce2375411236
Kernel:    2019-11-02 - e5897c7d2e6507ac2423455bada21c8a6b005db6
Compiler:  gcc-9.0.0-20181231
Attempt 1:
    Time  Bug Name
***    2  general protection fault in j1939_jsk_del
The bug was found.

== Confirming the bisected commit ==

2023-06-09 10:46:53
Session:   11
Template:  2019-11-02 - d603afc9e4ab932977582f4be7f9ce2375411236
Syzkaller: 2019-11-02 - d603afc9e4ab932977582f4be7f9ce2375411236
Kernel:    2019-11-02 - e5897c7d2e6507ac2423455bada21c8a6b005db6
The bug was found in a previous identical fuzzing session.

2023-06-09 10:46:53
Session:   12
Template:  2019-11-02 - d603afc9e4ab932977582f4be7f9ce2375411236
Syzkaller: 2019-11-02 - d603afc9e4ab932977582f4be7f9ce2375411236
Kernel:    2019-11-01 - 31408fbe33d1d5e6209fa89fa5b45459197b8970
Compiler:  gcc-9.0.0-20181231
Attempt 1:
    Time  Bug Name
      13  unregister_netdevice: waiting for DEV to become free
Attempt 2:
    Time  Bug Name
***    2  general protection fault in j1939_jsk_del
The bug was found.

==== Syzkaller Retrospection ====
3 Syzkaller commits from [2019-11-02].

2023-06-09 11:36:33
Session:   13
Template:  2019-11-02 - d603afc9e4ab932977582f4be7f9ce2375411236
Syzkaller: 2019-11-02 - d603afc9e4ab932977582f4be7f9ce2375411236
Kernel:    2019-11-02 - e5897c7d2e6507ac2423455bada21c8a6b005db6
Compiler:  gcc-9.0.0-20181231
The bug was found in a previous identical fuzzing session.

2023-06-09 11:36:33
Session:   14
Template:  2019-11-02 - 841212d4cc293fc5fcf57066eb506477ee3936ab
Syzkaller: 2019-11-02 - 841212d4cc293fc5fcf57066eb506477ee3936ab
Kernel:    2019-11-02 - e5897c7d2e6507ac2423455bada21c8a6b005db6
Compiler:  gcc-9.0.0-20181231
Attempt 1:
    No crashes found.
Attempt 2:
    No crashes found.
Attempt 3:
    No crashes found.
The bug was not found.

====================================================================================================================================================
Revealing Factor:   Syzkaller Update
Version:            2019-11-02 - d603afc9e4ab932977582f4be7f9ce2375411236
Commit Name:        sys/linux: add missing arm/386 CAN consts

Bug Name:           general protection fault in j1939_jsk_del
Bug Link:           https://syzkaller.appspot.com/bug?id=4d4bbba78d561ead175d115d42a62625f7af7e47
Arch:               i386
Finding Date:       2019-11-29
Finding Commit:     2019-11-28 - 81b6b96475ac7a4ebfceae9f16fb3758327adbfe
Guilty Merge:       2019-09-05 - 44c40910b66f786d33ffd2682ef38750eebb567c
Guilty Commit:      2019-09-04 - 9d71dd0c70099914fcd063135da3c580865e924c

Possible Blocking Bugs:
