WARNING in tracepoint_probe_register_prio,https://syzkaller.appspot.com/bug?id=63e3738079e5b2a71cd19820e454b8ac315c7550
Repository: linux
Arch: i386
Finding: 2019-06-29 - 728254541ebcc7fee869c3c4c3f36f96be791edb
Guilty:  2017-06-27 - d914ba37d7145acb9fd3bb23075c2d56e5a44eb6
Duplicate Names:
    WARNING in tracepoint_probe_register_prio
    WARNING in tracepoint_probe_unregister
Default Allocation.
VMs:4
CPUs:4
Procs:24
Max time:30
Max attempts:3
Testing the finding commit.

2023-06-08 08:48:09
Session:   1
Template:  2019-06-30 - 699d6448c8e087ef95dbe7d3fa79ef20bcf833b5
Syzkaller: 2019-06-30 - 699d6448c8e087ef95dbe7d3fa79ef20bcf833b5
Kernel:    2019-06-29 - 728254541ebcc7fee869c3c4c3f36f96be791edb
Compiler:  gcc-9.0.0-20181231
Attempt 1:
    No crashes found.
Attempt 2:
    No crashes found.
Attempt 3:
    No crashes found.
The bug was not found.

Failure: This bug cannot be found at the finding commit.
